Tanggal: 10-07-2022 00:00:01 
Duration Download Forstok 12.705011844635 Detik
Duration Looping 500 Data 750.17574882507 Detik 
Total Duration 750.20163297653 Detik 
------------------------- 
Tanggal: 10-07-2022 00:15:01 
Duration Download Forstok 14.450325965881 Detik
Duration Looping 500 Data 148.45970010757 Detik 
Total Duration 148.48411011696 Detik 
------------------------- 
Tanggal: 10-07-2022 00:20:01 
Duration Download Forstok 13.156276941299 Detik
Duration Looping 500 Data 143.76751112938 Detik 
Total Duration 143.7906191349 Detik 
------------------------- 
Tanggal: 10-07-2022 00:25:01 
Duration Download Forstok 10.699002027512 Detik
Duration Looping 500 Data 152.08124685287 Detik 
Total Duration 152.1054918766 Detik 
------------------------- 
Tanggal: 10-07-2022 00:30:01 
Duration Download Forstok 12.925446033478 Detik
Duration Looping 500 Data 150.2203938961 Detik 
Total Duration 150.24393892288 Detik 
------------------------- 
Tanggal: 10-07-2022 00:35:01 
Duration Download Forstok 25.452620029449 Detik
Duration Looping 500 Data 156.29792499542 Detik 
Total Duration 156.32163000107 Detik 
------------------------- 
Tanggal: 10-07-2022 00:40:01 
Duration Download Forstok 13.575299978256 Detik
Duration Looping 500 Data 146.36366605759 Detik 
Total Duration 146.38765406609 Detik 
------------------------- 
Tanggal: 10-07-2022 00:45:01 
Duration Download Forstok 17.817492961884 Detik
Duration Looping 500 Data 162.96461796761 Detik 
Total Duration 162.98865818977 Detik 
------------------------- 
Tanggal: 10-07-2022 00:50:01 
Duration Download Forstok 13.891977071762 Detik
Duration Looping 500 Data 150.30275392532 Detik 
Total Duration 150.32561707497 Detik 
------------------------- 
Tanggal: 10-07-2022 00:55:01 
Duration Download Forstok 12.550710916519 Detik
Duration Looping 500 Data 168.88313293457 Detik 
Total Duration 168.90679693222 Detik 
------------------------- 
Tanggal: 10-07-2022 01:00:01 
Duration Download Forstok 14.443579912186 Detik
Duration Looping 500 Data 149.81756091118 Detik 
Total Duration 149.84178495407 Detik 
------------------------- 
Tanggal: 10-07-2022 01:05:01 
Duration Download Forstok 29.69440984726 Detik
Duration Looping 500 Data 163.89057302475 Detik 
Total Duration 163.91500902176 Detik 
------------------------- 
Tanggal: 10-07-2022 01:10:01 
Duration Download Forstok 13.037508010864 Detik
Duration Looping 500 Data 151.684871912 Detik 
Total Duration 151.71263980865 Detik 
------------------------- 
Tanggal: 10-07-2022 01:15:01 
Duration Download Forstok 19.131767034531 Detik
Duration Looping 500 Data 159.94445800781 Detik 
Total Duration 159.96823811531 Detik 
------------------------- 
Tanggal: 10-07-2022 01:20:01 
Duration Download Forstok 13.247809886932 Detik
Duration Looping 500 Data 145.71625804901 Detik 
Total Duration 145.73909497261 Detik 
------------------------- 
Tanggal: 10-07-2022 01:25:01 
Duration Download Forstok 11.796705007553 Detik
Duration Looping 500 Data 143.09612798691 Detik 
Total Duration 143.12000083923 Detik 
------------------------- 
Tanggal: 10-07-2022 01:30:01 
Duration Download Forstok 17.728615999222 Detik
Duration Looping 500 Data 152.32872700691 Detik 
Total Duration 152.35276508331 Detik 
------------------------- 
Tanggal: 10-07-2022 01:35:01 
Duration Download Forstok 20.186235904694 Detik
Duration Looping 500 Data 152.68483400345 Detik 
Total Duration 152.70840597153 Detik 
------------------------- 
Tanggal: 10-07-2022 01:40:01 
Duration Download Forstok 12.568885087967 Detik
Duration Looping 500 Data 149.8660390377 Detik 
Total Duration 149.88995814323 Detik 
------------------------- 
Tanggal: 10-07-2022 01:45:01 
Duration Download Forstok 21.974714994431 Detik
Duration Looping 500 Data 152.48094105721 Detik 
Total Duration 152.50471901894 Detik 
------------------------- 
Tanggal: 10-07-2022 01:50:01 
Duration Download Forstok 16.19393491745 Detik
Duration Looping 500 Data 152.24313306808 Detik 
Total Duration 152.26638698578 Detik 
------------------------- 
Tanggal: 10-07-2022 01:55:01 
Duration Download Forstok 12.000154972076 Detik
Duration Looping 500 Data 144.17027783394 Detik 
Total Duration 144.1949968338 Detik 
------------------------- 
Tanggal: 10-07-2022 02:00:01 
Duration Download Forstok 16.409778118134 Detik
Duration Looping 500 Data 155.07883405685 Detik 
Total Duration 155.10220599174 Detik 
------------------------- 
Tanggal: 10-07-2022 02:05:01 
Duration Download Forstok 31.035692930222 Detik
Duration Looping 500 Data 175.72026991844 Detik 
Total Duration 175.74378800392 Detik 
------------------------- 
Tanggal: 10-07-2022 02:10:01 
Duration Download Forstok 10.673185110092 Detik
Duration Looping 500 Data 165.62474417686 Detik 
Total Duration 165.65150308609 Detik 
------------------------- 
Tanggal: 10-07-2022 02:15:01 
Duration Download Forstok 17.394144058228 Detik
Duration Looping 500 Data 147.60393500328 Detik 
Total Duration 147.62723302841 Detik 
------------------------- 
Tanggal: 10-07-2022 02:20:01 
Duration Download Forstok 20.189469814301 Detik
Duration Looping 500 Data 151.42790985107 Detik 
Total Duration 151.4521279335 Detik 
------------------------- 
Tanggal: 10-07-2022 02:25:01 
Duration Download Forstok 10.604667901993 Detik
Duration Looping 500 Data 145.91025090218 Detik 
Total Duration 145.93375992775 Detik 
------------------------- 
Tanggal: 10-07-2022 02:30:01 
Duration Download Forstok 21.707382917404 Detik
Duration Looping 500 Data 163.04492712021 Detik 
Total Duration 163.06984400749 Detik 
------------------------- 
Tanggal: 10-07-2022 02:35:01 
Duration Download Forstok 23.144263029099 Detik
Duration Looping 500 Data 153.56305718422 Detik 
Total Duration 153.58635210991 Detik 
------------------------- 
Tanggal: 10-07-2022 02:40:01 
Duration Download Forstok 10.496819019318 Detik
Duration Looping 500 Data 143.87749314308 Detik 
Total Duration 143.90147805214 Detik 
------------------------- 
Tanggal: 10-07-2022 02:45:01 
Duration Download Forstok 24.332046985626 Detik
Duration Looping 500 Data 161.7069978714 Detik 
Total Duration 161.73160505295 Detik 
------------------------- 
Tanggal: 10-07-2022 02:50:01 
Duration Download Forstok 14.255688905716 Detik
Duration Looping 500 Data 146.93422198296 Detik 
Total Duration 146.95751285553 Detik 
------------------------- 
Tanggal: 10-07-2022 02:55:01 
Duration Download Forstok 12.495895147324 Detik
Duration Looping 500 Data 142.69603013992 Detik 
Total Duration 142.72074103355 Detik 
------------------------- 
Tanggal: 10-07-2022 03:00:01 
Duration Download Forstok 13.898317098618 Detik
Duration Looping 500 Data 146.24229192734 Detik 
Total Duration 146.26559591293 Detik 
------------------------- 
Tanggal: 10-07-2022 03:05:01 
Duration Download Forstok 25.506726980209 Detik
Duration Looping 500 Data 157.91078495979 Detik 
Total Duration 157.93404102325 Detik 
------------------------- 
Tanggal: 10-07-2022 03:10:01 
Duration Download Forstok 12.340646982193 Detik
Duration Looping 500 Data 144.24965906143 Detik 
Total Duration 144.27430415154 Detik 
------------------------- 
Tanggal: 10-07-2022 03:15:01 
Duration Download Forstok 12.097784042358 Detik
Duration Looping 500 Data 149.0942671299 Detik 
Total Duration 149.11853003502 Detik 
------------------------- 
Tanggal: 10-07-2022 03:20:01 
Duration Download Forstok 10.408551931381 Detik
Duration Looping 500 Data 143.44416809082 Detik 
Total Duration 143.46695709229 Detik 
------------------------- 
Tanggal: 10-07-2022 03:25:01 
Duration Download Forstok 11.900540113449 Detik
Duration Looping 500 Data 141.91320896149 Detik 
Total Duration 141.93744206429 Detik 
------------------------- 
Tanggal: 10-07-2022 03:30:01 
Duration Download Forstok 11.803170919418 Detik
Duration Looping 500 Data 149.56996703148 Detik 
Total Duration 149.59405207634 Detik 
------------------------- 
Tanggal: 10-07-2022 03:35:01 
Duration Download Forstok 18.353126049042 Detik
Duration Looping 500 Data 148.49013805389 Detik 
Total Duration 148.51398801804 Detik 
------------------------- 
Tanggal: 10-07-2022 03:40:01 
Duration Download Forstok 15.462538957596 Detik
Duration Looping 500 Data 145.79580903053 Detik 
Total Duration 145.81820702553 Detik 
------------------------- 
Tanggal: 10-07-2022 03:45:01 
Duration Download Forstok 14.217143058777 Detik
Duration Looping 500 Data 149.2160949707 Detik 
Total Duration 149.24075508118 Detik 
------------------------- 
Tanggal: 10-07-2022 03:50:01 
Duration Download Forstok 11.470216989517 Detik
Duration Looping 500 Data 143.39804816246 Detik 
Total Duration 143.42109203339 Detik 
------------------------- 
Tanggal: 10-07-2022 03:55:01 
Duration Download Forstok 14.14844584465 Detik
Duration Looping 500 Data 172.61793684959 Detik 
Total Duration 172.64100790024 Detik 
------------------------- 
Tanggal: 10-07-2022 04:00:01 
Duration Download Forstok 16.703032016754 Detik
Duration Looping 500 Data 154.90749621391 Detik 
Total Duration 154.93247914314 Detik 
------------------------- 
Tanggal: 10-07-2022 04:05:01 
Duration Download Forstok 20.073515176773 Detik
Duration Looping 500 Data 160.57029104233 Detik 
Total Duration 160.59376001358 Detik 
------------------------- 
Tanggal: 10-07-2022 04:10:01 
Duration Download Forstok 14.901248931885 Detik
Duration Looping 500 Data 153.80380582809 Detik 
Total Duration 153.82888484001 Detik 
------------------------- 
Tanggal: 10-07-2022 04:15:01 
Duration Download Forstok 16.239361047745 Detik
Duration Looping 500 Data 151.35782504082 Detik 
Total Duration 151.38202595711 Detik 
------------------------- 
Tanggal: 10-07-2022 04:20:01 
Duration Download Forstok 12.708690166473 Detik
Duration Looping 500 Data 146.11807703972 Detik 
Total Duration 146.14140200615 Detik 
------------------------- 
Tanggal: 10-07-2022 04:25:01 
Duration Download Forstok 12.359400033951 Detik
Duration Looping 500 Data 142.88652086258 Detik 
Total Duration 142.91127586365 Detik 
------------------------- 
Tanggal: 10-07-2022 04:30:01 
Duration Download Forstok 9.8867650032043 Detik
Duration Looping 500 Data 149.25490093231 Detik 
Total Duration 149.27902293205 Detik 
------------------------- 
Tanggal: 10-07-2022 04:35:01 
Duration Download Forstok 15.398390054703 Detik
Duration Looping 500 Data 150.73034310341 Detik 
Total Duration 150.75344610214 Detik 
------------------------- 
Tanggal: 10-07-2022 04:40:01 
Duration Download Forstok 13.350322961807 Detik
Duration Looping 500 Data 156.42591810226 Detik 
Total Duration 156.45085906982 Detik 
------------------------- 
Tanggal: 10-07-2022 04:45:01 
Duration Download Forstok 19.498085975647 Detik
Duration Looping 500 Data 161.86668086052 Detik 
Total Duration 161.89017391205 Detik 
------------------------- 
Tanggal: 10-07-2022 04:50:01 
Duration Download Forstok 11.316799163818 Detik
Duration Looping 500 Data 144.21113014221 Detik 
Total Duration 144.23408603668 Detik 
------------------------- 
Tanggal: 10-07-2022 04:55:01 
Duration Download Forstok 10.70831990242 Detik
Duration Looping 500 Data 143.10913395882 Detik 
Tanggal: 10-07-2022 05:00:01 
Duration Download Forstok 14.964577913284 Detik
Duration Looping 500 Data 149.05782604218 Detik 
Tanggal: 10-07-2022 05:05:01 
Duration Download Forstok 30.405498027802 Detik
Duration Looping 500 Data 161.11219501495 Detik 
Tanggal: 10-07-2022 05:10:01 
Duration Download Forstok 10.405385017395 Detik
Duration Looping 500 Data 146.26662302017 Detik 
Tanggal: 10-07-2022 05:15:01 
Duration Download Forstok 17.727885961533 Detik
Duration Looping 500 Data 167.88461112976 Detik 
Tanggal: 10-07-2022 05:20:01 
Duration Download Forstok 11.656576156616 Detik
Duration Looping 500 Data 144.52612519264 Detik 
Tanggal: 10-07-2022 05:25:02 
Duration Download Forstok 9.9366230964661 Detik
Duration Looping 500 Data 145.07756304741 Detik 
Tanggal: 10-07-2022 05:30:01 
Duration Download Forstok 10.108155965805 Detik
Duration Looping 500 Data 152.96895289421 Detik 
Tanggal: 10-07-2022 05:35:01 
Duration Download Forstok 22.251661062241 Detik
Duration Looping 500 Data 154.65121293068 Detik 
Tanggal: 10-07-2022 05:40:01 
Duration Download Forstok 13.789583921432 Detik
Duration Looping 500 Data 145.44821596146 Detik 
Tanggal: 10-07-2022 05:45:01 
Duration Download Forstok 12.986211061478 Detik
Duration Looping 500 Data 152.44444799423 Detik 
Tanggal: 10-07-2022 05:50:01 
Duration Download Forstok 11.944980859756 Detik
Duration Looping 500 Data 159.54473996162 Detik 
Tanggal: 10-07-2022 05:55:01 
Duration Download Forstok 11.6982858181 Detik
Duration Looping 500 Data 148.36285996437 Detik 
Tanggal: 10-07-2022 06:00:01 
Duration Download Forstok 12.746690034866 Detik
Duration Looping 500 Data 144.98509693146 Detik 
Tanggal: 10-07-2022 06:05:01 
Duration Download Forstok 25.66783285141 Detik
Duration Looping 500 Data 168.95809197426 Detik 
Tanggal: 10-07-2022 06:10:01 
Duration Download Forstok 10.252030134201 Detik
Duration Looping 500 Data 144.85773015022 Detik 
Tanggal: 10-07-2022 06:15:01 
Duration Download Forstok 16.514111995697 Detik
Duration Looping 500 Data 156.00173783302 Detik 
Tanggal: 10-07-2022 06:20:01 
Duration Download Forstok 11.390621900558 Detik
Duration Looping 500 Data 147.56801700592 Detik 
Tanggal: 10-07-2022 06:25:01 
Duration Download Forstok 11.311847925186 Detik
Duration Looping 500 Data 151.95846891403 Detik 
Tanggal: 10-07-2022 06:30:01 
Duration Download Forstok 11.673326015472 Detik
Duration Looping 500 Data 150.23117399216 Detik 
Tanggal: 10-07-2022 06:35:01 
Duration Download Forstok 11.260839939117 Detik
Duration Looping 500 Data 170.47712087631 Detik 
Tanggal: 10-07-2022 06:40:01 
Duration Download Forstok 10.864274024963 Detik
Duration Looping 500 Data 150.87487888336 Detik 
Tanggal: 10-07-2022 06:45:01 
Duration Download Forstok 15.871103048325 Detik
Duration Looping 500 Data 162.09730315208 Detik 
Tanggal: 10-07-2022 06:50:01 
Duration Download Forstok 10.028706073761 Detik
Duration Looping 500 Data 159.34180498123 Detik 
Tanggal: 10-07-2022 06:55:01 
Duration Download Forstok 10.81299495697 Detik
Duration Looping 500 Data 148.47231578827 Detik 
Tanggal: 10-07-2022 07:00:01 
Duration Download Forstok 21.455574989319 Detik
Duration Looping 500 Data 152.80074310303 Detik 
Tanggal: 10-07-2022 07:05:01 
Duration Download Forstok 23.112097024918 Detik
Duration Looping 500 Data 159.08855295181 Detik 
Tanggal: 10-07-2022 07:10:01 
Duration Download Forstok 13.125248908997 Detik
Duration Looping 500 Data 146.77592897415 Detik 
Tanggal: 10-07-2022 07:15:01 
Duration Download Forstok 17.083127975464 Detik
Duration Looping 500 Data 147.73280978203 Detik 
Tanggal: 10-07-2022 07:20:01 
Duration Download Forstok 12.955139875412 Detik
Duration Looping 500 Data 144.22069191933 Detik 
Tanggal: 10-07-2022 07:25:01 
Duration Download Forstok 10.711152076721 Detik
Duration Looping 500 Data 149.91934609413 Detik 
Tanggal: 10-07-2022 07:30:01 
Duration Download Forstok 23.739153862 Detik
Duration Looping 500 Data 158.49869084358 Detik 
Tanggal: 10-07-2022 07:35:01 
Duration Download Forstok 13.656664848328 Detik
Duration Looping 500 Data 153.58798289299 Detik 
Tanggal: 10-07-2022 07:40:01 
Duration Download Forstok 14.010224103928 Detik
Duration Looping 500 Data 145.11623311043 Detik 
Tanggal: 10-07-2022 07:45:01 
Duration Download Forstok 15.75608587265 Detik
Duration Looping 500 Data 150.8338329792 Detik 
Tanggal: 10-07-2022 07:50:01 
Duration Download Forstok 12.243000984192 Detik
Duration Looping 500 Data 169.56868219376 Detik 
Tanggal: 10-07-2022 07:55:01 
Duration Download Forstok 13.120446205139 Detik
Duration Looping 500 Data 152.79011511803 Detik 
Tanggal: 10-07-2022 08:00:02 
Duration Download Forstok 16.691941976547 Detik
Duration Looping 500 Data 156.02509117126 Detik 
Tanggal: 10-07-2022 08:05:02 
Duration Download Forstok 27.716886043549 Detik
Duration Looping 500 Data 172.58974123001 Detik 
Tanggal: 10-07-2022 08:10:01 
Duration Download Forstok 12.655107975006 Detik
Duration Looping 500 Data 147.47514390945 Detik 
Tanggal: 10-07-2022 08:15:01 
Duration Download Forstok 22.980350971222 Detik
Duration Looping 500 Data 157.77325797081 Detik 
Tanggal: 10-07-2022 08:20:01 
Duration Download Forstok 10.874132871628 Detik
Duration Looping 500 Data 141.85092687607 Detik 
Tanggal: 10-07-2022 08:25:01 
Duration Download Forstok 9.7435741424561 Detik
Duration Looping 500 Data 143.8906891346 Detik 
Tanggal: 10-07-2022 08:30:01 
Duration Download Forstok 11.448876857758 Detik
Duration Looping 500 Data 146.88164997101 Detik 
Tanggal: 10-07-2022 08:35:01 
Duration Download Forstok 14.82665014267 Detik
Duration Looping 500 Data 145.81353402138 Detik 
Tanggal: 10-07-2022 08:40:01 
Duration Download Forstok 10.717801809311 Detik
Duration Looping 500 Data 151.15912485123 Detik 
Tanggal: 10-07-2022 08:45:01 
Duration Download Forstok 13.930308103561 Detik
Duration Looping 500 Data 150.93123292923 Detik 
Tanggal: 10-07-2022 08:50:01 
Duration Download Forstok 11.785751104355 Detik
Duration Looping 500 Data 148.85687112808 Detik 
Tanggal: 10-07-2022 08:55:01 
Duration Download Forstok 10.541192054749 Detik
Duration Looping 500 Data 141.82917809486 Detik 
Tanggal: 10-07-2022 09:00:01 
Duration Download Forstok 14.481604099274 Detik
Duration Looping 500 Data 155.98244810104 Detik 
Tanggal: 10-07-2022 09:05:01 
Duration Download Forstok 28.527787208557 Detik
Duration Looping 500 Data 165.76543307304 Detik 
Tanggal: 10-07-2022 09:10:01 
Duration Download Forstok 12.619534015656 Detik
Duration Looping 500 Data 155.23056101799 Detik 
Tanggal: 10-07-2022 09:15:01 
Duration Download Forstok 19.876630067825 Detik
Duration Looping 500 Data 154.99593687057 Detik 
Tanggal: 10-07-2022 09:20:01 
Duration Download Forstok 10.604280233383 Detik
Duration Looping 500 Data 150.06482505798 Detik 
Tanggal: 10-07-2022 09:25:01 
Duration Download Forstok 12.560805797577 Detik
Duration Looping 500 Data 157.84395694733 Detik 
Tanggal: 10-07-2022 09:30:01 
Duration Download Forstok 10.546518087387 Detik
Duration Looping 500 Data 152.01854300499 Detik 
Tanggal: 10-07-2022 09:35:01 
Duration Download Forstok 16.852559089661 Detik
Duration Looping 500 Data 156.97860193253 Detik 
Tanggal: 10-07-2022 09:40:01 
Duration Download Forstok 13.084521770477 Detik
Duration Looping 500 Data 154.16879177094 Detik 
Tanggal: 10-07-2022 09:45:01 
Duration Download Forstok 12.82236289978 Detik
Duration Looping 500 Data 157.4176940918 Detik 
Tanggal: 10-07-2022 09:50:01 
Duration Download Forstok 12.030095815659 Detik
Duration Looping 500 Data 152.58495998383 Detik 
Tanggal: 10-07-2022 09:55:01 
Duration Download Forstok 12.074667930603 Detik
Duration Looping 500 Data 147.11871409416 Detik 
Tanggal: 10-07-2022 10:00:01 
Duration Download Forstok 12.956105947495 Detik
Duration Looping 500 Data 152.73475909233 Detik 
Tanggal: 10-07-2022 10:05:01 
Duration Download Forstok 32.415627002716 Detik
Duration Looping 500 Data 165.07012796402 Detik 
Tanggal: 10-07-2022 10:10:01 
Duration Download Forstok 12.593296051025 Detik
Duration Looping 500 Data 150.32203507423 Detik 
Tanggal: 10-07-2022 10:15:01 
Duration Download Forstok 13.68233704567 Detik
Duration Looping 500 Data 148.85238599777 Detik 
Tanggal: 10-07-2022 10:20:01 
Duration Download Forstok 11.664173126221 Detik
Duration Looping 500 Data 146.70524597168 Detik 
Tanggal: 10-07-2022 10:25:01 
Duration Download Forstok 12.699725151062 Detik
Duration Looping 500 Data 145.57973003387 Detik 
Tanggal: 10-07-2022 10:30:01 
Duration Download Forstok 11.084480047226 Detik
Duration Looping 500 Data 143.840020895 Detik 
Tanggal: 10-07-2022 10:35:01 
Duration Download Forstok 15.161720991135 Detik
Duration Looping 500 Data 147.07522797585 Detik 
Tanggal: 10-07-2022 10:40:01 
Duration Download Forstok 12.672827959061 Detik
Duration Looping 500 Data 152.65693902969 Detik 
Tanggal: 10-07-2022 10:45:02 
Duration Download Forstok 16.405945777893 Detik
Duration Looping 500 Data 153.14419388771 Detik 
Tanggal: 10-07-2022 10:50:01 
Duration Download Forstok 12.479110002518 Detik
Duration Looping 500 Data 165.74282693863 Detik 
Tanggal: 10-07-2022 10:55:01 
Duration Download Forstok 10.526726007462 Detik
Duration Looping 500 Data 166.98317217827 Detik 
Tanggal: 10-07-2022 11:00:01 
Duration Download Forstok 12.385563135147 Detik
Duration Looping 500 Data 149.16411113739 Detik 
Tanggal: 10-07-2022 11:05:01 
Duration Download Forstok 19.045927047729 Detik
Duration Looping 500 Data 151.31520318985 Detik 
Tanggal: 10-07-2022 11:10:01 
Duration Download Forstok 10.638721942902 Detik
Duration Looping 500 Data 152.99641990662 Detik 
Tanggal: 10-07-2022 11:15:01 
Duration Download Forstok 20.455705881119 Detik
Duration Looping 500 Data 155.43568992615 Detik 
Tanggal: 10-07-2022 11:20:01 
Duration Download Forstok 16.301342964172 Detik
Duration Looping 500 Data 150.60227489471 Detik 
Tanggal: 10-07-2022 11:25:01 
Duration Download Forstok 11.824313879013 Detik
Duration Looping 500 Data 157.12237381935 Detik 
Tanggal: 10-07-2022 11:30:01 
Duration Download Forstok 11.197723865509 Detik
Duration Looping 500 Data 145.13063097 Detik 
Tanggal: 10-07-2022 11:35:01 
Duration Download Forstok 16.045780897141 Detik
Duration Looping 500 Data 159.17082190514 Detik 
Tanggal: 10-07-2022 11:40:01 
Duration Download Forstok 12.164445161819 Detik
Duration Looping 500 Data 148.75474500656 Detik 
Tanggal: 10-07-2022 11:45:01 
Duration Download Forstok 18.190773963928 Detik
Duration Looping 500 Data 159.6876449585 Detik 
Tanggal: 10-07-2022 11:50:01 
Duration Download Forstok 19.51199388504 Detik
Duration Looping 500 Data 152.15876293182 Detik 
Tanggal: 10-07-2022 11:55:01 
Duration Download Forstok 10.784070014954 Detik
Duration Looping 500 Data 149.70664811134 Detik 
Tanggal: 10-07-2022 12:00:01 
Duration Download Forstok 19.16796708107 Detik
Duration Looping 500 Data 151.23957896233 Detik 
Tanggal: 10-07-2022 12:05:01 
Duration Download Forstok 18.728135108948 Detik
Duration Looping 500 Data 152.4641520977 Detik 
Tanggal: 10-07-2022 12:10:01 
Duration Download Forstok 11.257858991623 Detik
Duration Looping 500 Data 158.09514594078 Detik 
Tanggal: 10-07-2022 12:15:01 
Duration Download Forstok 19.732009887695 Detik
Duration Looping 500 Data 153.30102086067 Detik 
Tanggal: 10-07-2022 12:20:01 
Duration Download Forstok 18.623929977417 Detik
Duration Looping 500 Data 154.30862998962 Detik 
Tanggal: 10-07-2022 12:25:01 
Duration Download Forstok 13.991345882416 Detik
Duration Looping 500 Data 149.54645395279 Detik 
Tanggal: 10-07-2022 12:30:01 
Duration Download Forstok 11.988559961319 Detik
Duration Looping 500 Data 151.21219801903 Detik 
Tanggal: 10-07-2022 12:35:01 
Duration Download Forstok 18.549774885178 Detik
Duration Looping 500 Data 153.76425790787 Detik 
Tanggal: 10-07-2022 12:40:01 
Duration Download Forstok 16.080647945404 Detik
Duration Looping 500 Data 162.72865891457 Detik 
Tanggal: 10-07-2022 12:45:01 
Duration Download Forstok 16.28905916214 Detik
Duration Looping 500 Data 174.2353811264 Detik 
Tanggal: 10-07-2022 12:50:01 
Duration Download Forstok 16.196864843369 Detik
Duration Looping 500 Data 147.89773583412 Detik 
Tanggal: 10-07-2022 12:55:01 
Duration Download Forstok 12.441807985306 Detik
Duration Looping 500 Data 162.60300207138 Detik 
Tanggal: 10-07-2022 13:00:01 
Duration Download Forstok 13.336301088333 Detik
Duration Looping 500 Data 154.93208503723 Detik 
Tanggal: 10-07-2022 13:05:01 
Duration Download Forstok 32.201709032059 Detik
Duration Looping 500 Data 179.48283195496 Detik 
Tanggal: 10-07-2022 13:10:01 
Duration Download Forstok 21.673148155212 Detik
Duration Looping 500 Data 159.7192761898 Detik 
Tanggal: 10-07-2022 13:15:01 
Duration Download Forstok 16.675303936005 Detik
Duration Looping 500 Data 163.94110703468 Detik 
Tanggal: 10-07-2022 13:20:02 
Duration Download Forstok 10.448305845261 Detik
Duration Looping 500 Data 154.4900329113 Detik 
Tanggal: 10-07-2022 13:25:02 
Duration Download Forstok 12.081005811691 Detik
Duration Looping 500 Data 145.74229097366 Detik 
Tanggal: 10-07-2022 13:30:01 
Duration Download Forstok 13.716390132904 Detik
Duration Looping 500 Data 157.59271001816 Detik 
Tanggal: 10-07-2022 13:35:01 
Duration Download Forstok 19.930575847626 Detik
Duration Looping 500 Data 151.51394486427 Detik 
Tanggal: 10-07-2022 13:40:01 
Duration Download Forstok 14.180871963501 Detik
Duration Looping 500 Data 152.66474699974 Detik 
Tanggal: 10-07-2022 13:45:01 
Duration Download Forstok 17.940268039703 Detik
Duration Looping 500 Data 155.78769397736 Detik 
Tanggal: 10-07-2022 13:50:01 
Duration Download Forstok 13.58732008934 Detik
Duration Looping 500 Data 145.22507596016 Detik 
Tanggal: 10-07-2022 13:55:01 
Duration Download Forstok 9.6640050411224 Detik
Duration Looping 500 Data 143.51335883141 Detik 
Tanggal: 10-07-2022 14:00:01 
Duration Download Forstok 13.208746910095 Detik
Duration Looping 500 Data 146.4612839222 Detik 
Tanggal: 10-07-2022 14:05:01 
Duration Download Forstok 26.794002056122 Detik
Duration Looping 500 Data 162.83498811722 Detik 
Tanggal: 10-07-2022 14:10:01 
Duration Download Forstok 11.235291957855 Detik
Duration Looping 500 Data 151.80606389046 Detik 
Tanggal: 10-07-2022 14:15:01 
Duration Download Forstok 17.526592969894 Detik
Duration Looping 500 Data 155.69839096069 Detik 
Tanggal: 10-07-2022 14:20:01 
Duration Download Forstok 12.913839101791 Detik
Duration Looping 500 Data 157.93233513832 Detik 
Tanggal: 10-07-2022 14:25:01 
Duration Download Forstok 18.082367897034 Detik
Duration Looping 500 Data 154.9165019989 Detik 
Tanggal: 10-07-2022 14:30:01 
Duration Download Forstok 13.578766107559 Detik
Duration Looping 500 Data 156.24682211876 Detik 
Tanggal: 10-07-2022 14:35:01 
Duration Download Forstok 16.371169090271 Detik
Duration Looping 500 Data 156.77975392342 Detik 
Tanggal: 10-07-2022 14:40:01 
Duration Download Forstok 11.208537101746 Detik
Duration Looping 500 Data 149.89736509323 Detik 
Tanggal: 10-07-2022 14:45:01 
Duration Download Forstok 17.612915992737 Detik
Duration Looping 500 Data 155.50373601913 Detik 
Tanggal: 10-07-2022 14:50:01 
Duration Download Forstok 11.778151988983 Detik
Duration Looping 500 Data 150.46044397354 Detik 
Tanggal: 10-07-2022 14:55:01 
Duration Download Forstok 13.613346099854 Detik
Duration Looping 500 Data 150.48082208633 Detik 
Tanggal: 10-07-2022 15:00:01 
Duration Download Forstok 14.862782001495 Detik
Duration Looping 500 Data 167.81502699852 Detik 
Tanggal: 10-07-2022 15:05:01 
Duration Download Forstok 24.069505929947 Detik
Duration Looping 500 Data 163.56475496292 Detik 
Tanggal: 10-07-2022 15:10:01 
Duration Download Forstok 13.70084810257 Detik
Duration Looping 500 Data 148.57908201218 Detik 
Tanggal: 10-07-2022 15:15:01 
Duration Download Forstok 15.85386800766 Detik
Duration Looping 500 Data 151.15462589264 Detik 
Tanggal: 10-07-2022 15:20:01 
Duration Download Forstok 13.149652957916 Detik
Duration Looping 500 Data 166.27841711044 Detik 
Tanggal: 10-07-2022 15:25:01 
Duration Download Forstok 13.154550790787 Detik
Duration Looping 500 Data 149.18391799927 Detik 
Tanggal: 10-07-2022 15:30:01 
Duration Download Forstok 12.94412112236 Detik
Duration Looping 500 Data 158.43743109703 Detik 
Tanggal: 10-07-2022 15:35:01 
Duration Download Forstok 17.498265028 Detik
Duration Looping 500 Data 153.69910812378 Detik 
Tanggal: 10-07-2022 15:40:01 
Duration Download Forstok 14.941930055618 Detik
Duration Looping 500 Data 145.96001410484 Detik 
Tanggal: 10-07-2022 15:45:01 
Duration Download Forstok 21.801872014999 Detik
Duration Looping 500 Data 156.96669697762 Detik 
Tanggal: 10-07-2022 15:50:01 
Duration Download Forstok 17.996814012527 Detik
Duration Looping 500 Data 154.92096495628 Detik 
Tanggal: 10-07-2022 15:55:01 
Duration Download Forstok 15.307822227478 Detik
Duration Looping 500 Data 163.96379303932 Detik 
Tanggal: 10-07-2022 16:00:01 
Duration Download Forstok 15.493185043335 Detik
Duration Looping 500 Data 159.02754402161 Detik 
Tanggal: 10-07-2022 16:05:02 
Duration Download Forstok 34.629119157791 Detik
Duration Looping 500 Data 177.59760808945 Detik 
Tanggal: 10-07-2022 16:10:02 
Duration Download Forstok 11.737562179565 Detik
Duration Looping 500 Data 146.12414503098 Detik 
Tanggal: 10-07-2022 16:15:01 
Duration Download Forstok 16.282579898834 Detik
Duration Looping 500 Data 158.29686403275 Detik 
Tanggal: 10-07-2022 16:20:01 
Duration Download Forstok 11.551867961884 Detik
Duration Looping 500 Data 148.29956579208 Detik 
Tanggal: 10-07-2022 16:25:01 
Duration Download Forstok 12.045241117477 Detik
Duration Looping 500 Data 145.05182719231 Detik 
Tanggal: 10-07-2022 16:30:01 
Duration Download Forstok 14.694199800491 Detik
Duration Looping 500 Data 150.24527597427 Detik 
Tanggal: 10-07-2022 16:35:01 
Duration Download Forstok 17.002467155457 Detik
Duration Looping 500 Data 148.32887196541 Detik 
Tanggal: 10-07-2022 16:40:01 
Duration Download Forstok 18.405544042587 Detik
Duration Looping 500 Data 156.57727789879 Detik 
Tanggal: 10-07-2022 16:45:01 
Duration Download Forstok 19.962668895721 Detik
Duration Looping 500 Data 155.5803399086 Detik 
Tanggal: 10-07-2022 16:50:01 
Duration Download Forstok 14.926371097565 Detik
Duration Looping 500 Data 152.2795689106 Detik 
Tanggal: 10-07-2022 16:55:01 
Duration Download Forstok 11.82009601593 Detik
Duration Looping 500 Data 152.44624686241 Detik 
Tanggal: 10-07-2022 17:00:01 
Duration Download Forstok 15.14744591713 Detik
Duration Looping 500 Data 148.65163588524 Detik 
Tanggal: 10-07-2022 17:05:01 
Duration Download Forstok 33.784286022186 Detik
Duration Looping 500 Data 174.4402410984 Detik 
Tanggal: 10-07-2022 17:10:01 
Duration Download Forstok 12.696380853653 Detik
Duration Looping 500 Data 145.02844595909 Detik 
Tanggal: 10-07-2022 17:15:01 
Duration Download Forstok 18.69775891304 Detik
Duration Looping 500 Data 158.81241393089 Detik 
Tanggal: 10-07-2022 17:20:01 
Duration Download Forstok 10.719163894653 Detik
Duration Looping 500 Data 141.07062983513 Detik 
Tanggal: 10-07-2022 17:25:01 
Duration Download Forstok 13.506504058838 Detik
Duration Looping 500 Data 145.78493094444 Detik 
Tanggal: 10-07-2022 17:30:01 
Duration Download Forstok 10.530083179474 Detik
Duration Looping 500 Data 140.18200302124 Detik 
Tanggal: 10-07-2022 17:35:01 
Duration Download Forstok 19.404425859451 Detik
Duration Looping 500 Data 162.195707798 Detik 
Tanggal: 10-07-2022 17:40:01 
Duration Download Forstok 12.008349180222 Detik
Duration Looping 500 Data 146.65709996223 Detik 
Tanggal: 10-07-2022 17:45:01 
Duration Download Forstok 20.643568992615 Detik
Duration Looping 500 Data 153.01738715172 Detik 
Tanggal: 10-07-2022 17:50:01 
Duration Download Forstok 13.606405973434 Detik
Duration Looping 500 Data 151.18196892738 Detik 
Tanggal: 10-07-2022 17:55:01 
Duration Download Forstok 11.111443996429 Detik
Duration Looping 500 Data 144.3351020813 Detik 
Tanggal: 10-07-2022 18:00:01 
Duration Download Forstok 15.224812984467 Detik
Duration Looping 500 Data 149.31325292587 Detik 
Tanggal: 10-07-2022 18:05:01 
Duration Download Forstok 27.462121009827 Detik
Duration Looping 500 Data 155.48618793488 Detik 
Tanggal: 10-07-2022 18:10:01 
Duration Download Forstok 20.386857032776 Detik
Duration Looping 500 Data 152.49515295029 Detik 
Tanggal: 10-07-2022 18:15:01 
Duration Download Forstok 28.322298049927 Detik
Duration Looping 500 Data 164.01797699928 Detik 
Tanggal: 10-07-2022 18:20:01 
Duration Download Forstok 12.384183883667 Detik
Duration Looping 500 Data 143.31739902496 Detik 
Tanggal: 10-07-2022 18:25:01 
Duration Download Forstok 12.11550116539 Detik
Duration Looping 500 Data 147.99751210213 Detik 
Tanggal: 10-07-2022 18:30:01 
Duration Download Forstok 10.705714225769 Detik
Duration Looping 500 Data 144.36405801773 Detik 
Tanggal: 10-07-2022 18:35:01 
Duration Download Forstok 23.320500135422 Detik
Duration Looping 500 Data 162.25050401688 Detik 
Tanggal: 10-07-2022 18:40:02 
Duration Download Forstok 19.115858078003 Detik
Duration Looping 500 Data 146.51968312263 Detik 
Tanggal: 10-07-2022 18:45:02 
Duration Download Forstok 18.60559296608 Detik
Duration Looping 500 Data 145.70032286644 Detik 
Tanggal: 10-07-2022 18:50:01 
Duration Download Forstok 10.849103927612 Detik
Duration Looping 500 Data 150.65283894539 Detik 
Tanggal: 10-07-2022 18:55:01 
Duration Download Forstok 11.301214933395 Detik
Duration Looping 500 Data 144.84139585495 Detik 
Tanggal: 10-07-2022 19:00:01 
Duration Download Forstok 10.839681863785 Detik
Duration Looping 500 Data 144.00613999367 Detik 
Tanggal: 10-07-2022 19:05:01 
Duration Download Forstok 34.067693948746 Detik
Duration Looping 500 Data 165.76195597649 Detik 
Tanggal: 10-07-2022 19:10:01 
Duration Download Forstok 13.969546079636 Detik
Duration Looping 500 Data 146.827023983 Detik 
Tanggal: 10-07-2022 19:15:01 
Duration Download Forstok 19.559866905212 Detik
Duration Looping 500 Data 150.45293498039 Detik 
Tanggal: 10-07-2022 19:20:01 
Duration Download Forstok 13.33855509758 Detik
Duration Looping 500 Data 154.71064805984 Detik 
Tanggal: 10-07-2022 19:25:01 
Duration Download Forstok 12.033904790878 Detik
Duration Looping 500 Data 138.18189692497 Detik 
Tanggal: 10-07-2022 19:30:01 
Duration Download Forstok 14.885956048965 Detik
Duration Looping 500 Data 144.85991001129 Detik 
Tanggal: 10-07-2022 19:35:01 
Duration Download Forstok 15.361278057098 Detik
Duration Looping 500 Data 143.50611996651 Detik 
Tanggal: 10-07-2022 19:40:01 
Duration Download Forstok 15.777112007141 Detik
Duration Looping 500 Data 141.95207619667 Detik 
Tanggal: 10-07-2022 19:45:01 
Duration Download Forstok 19.914895057678 Detik
Duration Looping 500 Data 149.9740319252 Detik 
Tanggal: 10-07-2022 19:50:01 
Duration Download Forstok 14.117069005966 Detik
Duration Looping 500 Data 153.21123504639 Detik 
Tanggal: 10-07-2022 19:55:01 
Duration Download Forstok 16.19863319397 Detik
Duration Looping 500 Data 150.12176609039 Detik 
Tanggal: 10-07-2022 20:00:01 
Duration Download Forstok 13.123307943344 Detik
Duration Looping 500 Data 141.93399691582 Detik 
Tanggal: 10-07-2022 20:05:01 
Duration Download Forstok 19.902251958847 Detik
Duration Looping 500 Data 158.41771292686 Detik 
Tanggal: 10-07-2022 20:10:01 
Duration Download Forstok 10.374693870544 Detik
Duration Looping 500 Data 137.49105501175 Detik 
Tanggal: 10-07-2022 20:15:01 
Duration Download Forstok 24.644893169403 Detik
Duration Looping 500 Data 175.84233617783 Detik 
Tanggal: 10-07-2022 20:20:01 
Duration Download Forstok 12.996296882629 Detik
Duration Looping 500 Data 142.05082297325 Detik 
Tanggal: 10-07-2022 20:25:01 
Duration Download Forstok 12.360490083694 Detik
Duration Looping 500 Data 139.6714720726 Detik 
Tanggal: 10-07-2022 20:30:01 
Duration Download Forstok 13.545331954956 Detik
Duration Looping 500 Data 152.91722607613 Detik 
Tanggal: 10-07-2022 20:35:01 
Duration Download Forstok 21.567846059799 Detik
Duration Looping 500 Data 148.08747601509 Detik 
Tanggal: 10-07-2022 20:40:01 
Duration Download Forstok 14.439795970917 Detik
Duration Looping 500 Data 150.39575004578 Detik 
Tanggal: 10-07-2022 20:45:01 
Duration Download Forstok 22.048124074936 Detik
Duration Looping 500 Data 167.94685196877 Detik 
Tanggal: 10-07-2022 20:50:01 
Duration Download Forstok 12.509721040726 Detik
Duration Looping 500 Data 144.67786216736 Detik 
Tanggal: 10-07-2022 20:55:01 
Duration Download Forstok 10.223779916763 Detik
Duration Looping 500 Data 144.43178892136 Detik 
Tanggal: 10-07-2022 21:00:01 
Duration Download Forstok 16.635947942734 Detik
Duration Looping 500 Data 149.47950601578 Detik 
Tanggal: 10-07-2022 21:05:01 
Duration Download Forstok 33.329120159149 Detik
Duration Looping 500 Data 166.64919805527 Detik 
Tanggal: 10-07-2022 21:10:01 
Duration Download Forstok 12.103315114975 Detik
Duration Looping 500 Data 148.12264108658 Detik 
Tanggal: 10-07-2022 21:15:01 
Duration Download Forstok 18.99622797966 Detik
Duration Looping 500 Data 161.93213891983 Detik 
Tanggal: 10-07-2022 21:20:01 
Duration Download Forstok 11.737390995026 Detik
Duration Looping 500 Data 148.9719889164 Detik 
Tanggal: 10-07-2022 21:25:02 
Duration Download Forstok 11.102765798569 Detik
Duration Looping 500 Data 142.15365290642 Detik 
Tanggal: 10-07-2022 21:30:01 
Duration Download Forstok 10.609599113464 Detik
Duration Looping 500 Data 148.47967004776 Detik 
Tanggal: 10-07-2022 21:35:01 
Duration Download Forstok 25.147827148438 Detik
Duration Looping 500 Data 156.36827492714 Detik 
Tanggal: 10-07-2022 21:40:01 
Duration Download Forstok 10.439596891403 Detik
Duration Looping 500 Data 144.50035405159 Detik 
Tanggal: 10-07-2022 21:45:01 
Duration Download Forstok 14.469504117966 Detik
Duration Looping 500 Data 150.987637043 Detik 
Tanggal: 10-07-2022 21:50:01 
Duration Download Forstok 15.184098958969 Detik
Duration Looping 500 Data 148.19256186485 Detik 
Tanggal: 10-07-2022 21:55:01 
Duration Download Forstok 11.283049106598 Detik
Duration Looping 500 Data 153.45843815804 Detik 
Tanggal: 10-07-2022 22:00:01 
Duration Download Forstok 14.811774969101 Detik
Duration Looping 500 Data 145.85418796539 Detik 
Tanggal: 10-07-2022 22:05:01 
Duration Download Forstok 31.071542978287 Detik
Duration Looping 500 Data 165.20688390732 Detik 
Tanggal: 10-07-2022 22:10:01 
Duration Download Forstok 17.988675117493 Detik
Duration Looping 500 Data 151.19573998451 Detik 
Tanggal: 10-07-2022 22:15:01 
Duration Download Forstok 22.489884853363 Detik
Duration Looping 500 Data 156.0742559433 Detik 
Tanggal: 10-07-2022 22:20:01 
Duration Download Forstok 17.207467079163 Detik
Duration Looping 500 Data 149.41141700745 Detik 
Tanggal: 10-07-2022 22:25:01 
Duration Download Forstok 11.705703020096 Detik
Duration Looping 500 Data 160.79832410812 Detik 
Tanggal: 10-07-2022 22:30:01 
Duration Download Forstok 11.461593866348 Detik
Duration Looping 500 Data 148.89412784576 Detik 
Tanggal: 10-07-2022 22:35:01 
Duration Download Forstok 25.497358083725 Detik
Duration Looping 500 Data 155.8136370182 Detik 
Tanggal: 10-07-2022 22:40:01 
Duration Download Forstok 11.579437971115 Detik
Duration Looping 500 Data 142.31294417381 Detik 
Tanggal: 10-07-2022 22:45:01 
Duration Download Forstok 20.129132032394 Detik
Duration Looping 500 Data 160.27518796921 Detik 
Tanggal: 10-07-2022 22:50:01 
Duration Download Forstok 12.137969017029 Detik
Duration Looping 500 Data 154.25665593147 Detik 
Tanggal: 10-07-2022 22:55:01 
Duration Download Forstok 11.013283014297 Detik
Duration Looping 500 Data 148.39976501465 Detik 
Tanggal: 10-07-2022 23:00:01 
Duration Download Forstok 10.386815786362 Detik
Duration Looping 500 Data 162.76826000214 Detik 
Tanggal: 10-07-2022 23:05:01 
Duration Download Forstok 35.261476993561 Detik
Duration Looping 500 Data 170.80574893951 Detik 
Tanggal: 10-07-2022 23:10:01 
Duration Download Forstok 10.452853918076 Detik
Duration Looping 500 Data 140.4970729351 Detik 
Tanggal: 10-07-2022 23:15:01 
Duration Download Forstok 17.023727893829 Detik
Duration Looping 500 Data 161.86784601212 Detik 
Tanggal: 10-07-2022 23:20:01 
Duration Download Forstok 10.327201843262 Detik
Duration Looping 500 Data 141.04629802704 Detik 
Tanggal: 10-07-2022 23:25:01 
Duration Download Forstok 13.314937829971 Detik
Duration Looping 500 Data 145.4628739357 Detik 
Tanggal: 10-07-2022 23:30:01 
Duration Download Forstok 14.789700984955 Detik
Duration Looping 500 Data 148.2677230835 Detik 
Tanggal: 10-07-2022 23:35:01 
Duration Download Forstok 19.936882972717 Detik
Duration Looping 500 Data 149.90231990814 Detik 
Tanggal: 10-07-2022 23:40:01 
Duration Download Forstok 10.998970031738 Detik
Duration Looping 500 Data 144.29379796982 Detik 
Tanggal: 10-07-2022 23:45:01 
Duration Download Forstok 16.535114049911 Detik
Duration Looping 500 Data 162.5206990242 Detik 
Tanggal: 10-07-2022 23:50:01 
Duration Download Forstok 11.170316934586 Detik
Duration Looping 500 Data 143.35302782059 Detik 
Tanggal: 10-07-2022 23:55:01 
Duration Download Forstok 10.840912103653 Detik
Duration Looping 500 Data 151.10730600357 Detik 
