Tanggal: 29-12-2021 00:00:01 
Duration Download Forstok 15.112456083298 Detik
Tanggal: 29-12-2021 00:05:01 
Duration Download Forstok 20.572169065475 Detik
Tanggal: 29-12-2021 00:10:01 
Duration Download Forstok 15.575123071671 Detik
Duration Looping 700 Data 410.09657502174 Detik 
Total Duration 410.10152196884 Detik 
------------------------- 
Duration Looping 700 Data 711.16371393204 Detik 
Total Duration 711.16380500793 Detik 
------------------------- 
Duration Looping 700 Data 227.54812407494 Detik 
Total Duration 227.54824495316 Detik 
------------------------- 
Tanggal: 29-12-2021 00:15:01 
Duration Download Forstok 14.852353096008 Detik
Duration Looping 700 Data 162.00678300858 Detik 
Total Duration 162.00690603256 Detik 
------------------------- 
Tanggal: 29-12-2021 00:20:01 
Duration Download Forstok 14.873481035233 Detik
Duration Looping 700 Data 171.77721309662 Detik 
Total Duration 171.77732396126 Detik 
------------------------- 
Tanggal: 29-12-2021 00:25:01 
Duration Download Forstok 12.042845010757 Detik
Duration Looping 700 Data 171.6367058754 Detik 
Total Duration 171.63763403893 Detik 
------------------------- 
Tanggal: 29-12-2021 00:30:01 
Duration Download Forstok 15.405700922012 Detik
Duration Looping 700 Data 157.49701905251 Detik 
Total Duration 157.49713587761 Detik 
------------------------- 
Tanggal: 29-12-2021 00:35:01 
Duration Download Forstok 22.259685993195 Detik
Duration Looping 700 Data 195.07282710075 Detik 
Total Duration 195.07293605804 Detik 
------------------------- 
Tanggal: 29-12-2021 00:40:01 
Duration Download Forstok 15.444046020508 Detik
Duration Looping 700 Data 160.19557189941 Detik 
Total Duration 160.19568490982 Detik 
------------------------- 
Tanggal: 29-12-2021 00:45:01 
Duration Download Forstok 15.092712879181 Detik
Duration Looping 700 Data 164.19817900658 Detik 
Total Duration 164.19829487801 Detik 
------------------------- 
Tanggal: 29-12-2021 00:50:01 
Duration Download Forstok 13.100229978561 Detik
Duration Looping 700 Data 150.66485309601 Detik 
Total Duration 150.66496706009 Detik 
------------------------- 
Tanggal: 29-12-2021 00:55:01 
Duration Download Forstok 14.260872125626 Detik
Duration Looping 700 Data 159.45466303825 Detik 
Total Duration 159.45478200912 Detik 
------------------------- 
Tanggal: 29-12-2021 01:00:01 
Duration Download Forstok 17.300799131393 Detik
Duration Looping 700 Data 164.60331010818 Detik 
Total Duration 164.60343313217 Detik 
------------------------- 
Tanggal: 29-12-2021 01:05:01 
Duration Download Forstok 36.798822164536 Detik
Duration Looping 700 Data 193.09834718704 Detik 
Total Duration 193.09842419624 Detik 
------------------------- 
Tanggal: 29-12-2021 01:10:01 
Duration Download Forstok 13.236981868744 Detik
Duration Looping 700 Data 160.12593197823 Detik 
Total Duration 160.12604784966 Detik 
------------------------- 
Tanggal: 29-12-2021 01:15:02 
Duration Download Forstok 18.208209037781 Detik
Duration Looping 700 Data 156.86608695984 Detik 
Total Duration 156.86621999741 Detik 
------------------------- 
Tanggal: 29-12-2021 01:20:01 
Duration Download Forstok 14.545288085938 Detik
Duration Looping 700 Data 162.77760910988 Detik 
Total Duration 162.77772212029 Detik 
------------------------- 
Tanggal: 29-12-2021 01:25:01 
Duration Download Forstok 13.503974199295 Detik
Duration Looping 700 Data 156.98576307297 Detik 
Total Duration 156.98587608337 Detik 
------------------------- 
Tanggal: 29-12-2021 01:30:01 
Duration Download Forstok 18.299373865128 Detik
Duration Looping 700 Data 160.07692480087 Detik 
Total Duration 160.07704401016 Detik 
------------------------- 
Tanggal: 29-12-2021 01:35:01 
Duration Download Forstok 21.291064977646 Detik
Duration Looping 700 Data 159.34750914574 Detik 
Total Duration 159.34762597084 Detik 
------------------------- 
Tanggal: 29-12-2021 01:40:02 
Duration Download Forstok 18.058246850967 Detik
Duration Looping 700 Data 157.66295385361 Detik 
Total Duration 157.66305088997 Detik 
------------------------- 
Tanggal: 29-12-2021 01:45:01 
Duration Download Forstok 18.266176939011 Detik
Duration Looping 700 Data 163.63684201241 Detik 
Total Duration 163.63695693016 Detik 
------------------------- 
Tanggal: 29-12-2021 01:50:01 
Duration Download Forstok 14.399477958679 Detik
Duration Looping 700 Data 151.16007900238 Detik 
Total Duration 151.16017007828 Detik 
------------------------- 
Tanggal: 29-12-2021 01:55:01 
Duration Download Forstok 15.888486862183 Detik
Duration Looping 700 Data 160.12885499001 Detik 
Total Duration 160.12898182869 Detik 
------------------------- 
Tanggal: 29-12-2021 02:00:01 
Duration Download Forstok 14.777735948563 Detik
Duration Looping 700 Data 161.5648329258 Detik 
Total Duration 161.56495404243 Detik 
------------------------- 
Tanggal: 29-12-2021 02:05:01 
Duration Download Forstok 20.289805173874 Detik
Duration Looping 700 Data 169.44701218605 Detik 
Total Duration 169.44713115692 Detik 
------------------------- 
Tanggal: 29-12-2021 02:10:01 
Duration Download Forstok 19.7699239254 Detik
Duration Looping 700 Data 156.78139400482 Detik 
Total Duration 156.78150701523 Detik 
------------------------- 
Tanggal: 29-12-2021 02:15:01 
Duration Download Forstok 17.260037899017 Detik
Duration Looping 700 Data 158.69865584373 Detik 
Total Duration 158.69876289368 Detik 
------------------------- 
Tanggal: 29-12-2021 02:20:01 
Duration Download Forstok 12.738970041275 Detik
Duration Looping 700 Data 154.19607710838 Detik 
Total Duration 154.19625997543 Detik 
------------------------- 
Tanggal: 29-12-2021 02:25:01 
Duration Download Forstok 15.013263225555 Detik
Duration Looping 700 Data 170.81414318085 Detik 
Total Duration 170.81427001953 Detik 
------------------------- 
Tanggal: 29-12-2021 02:30:01 
Duration Download Forstok 14.29322385788 Detik
Duration Looping 700 Data 155.00193977356 Detik 
Total Duration 155.00205898285 Detik 
------------------------- 
Tanggal: 29-12-2021 02:35:01 
Duration Download Forstok 18.633009910583 Detik
Duration Looping 700 Data 162.85020089149 Detik 
Total Duration 162.85033178329 Detik 
------------------------- 
Tanggal: 29-12-2021 02:40:01 
Duration Download Forstok 12.872153997421 Detik
Duration Looping 700 Data 165.83377408981 Detik 
Total Duration 165.83388900757 Detik 
------------------------- 
Tanggal: 29-12-2021 02:45:01 
Duration Download Forstok 24.913950204849 Detik
Duration Looping 700 Data 160.99717116356 Detik 
Total Duration 160.99729204178 Detik 
------------------------- 
Tanggal: 29-12-2021 02:50:01 
Duration Download Forstok 16.265295982361 Detik
Duration Looping 700 Data 157.01347994804 Detik 
Total Duration 157.01359200478 Detik 
------------------------- 
Tanggal: 29-12-2021 02:55:01 
Duration Download Forstok 12.434803009033 Detik
Duration Looping 700 Data 151.00798892975 Detik 
Total Duration 151.00813102722 Detik 
------------------------- 
Tanggal: 29-12-2021 03:00:01 
Duration Download Forstok 15.439202070236 Detik
Duration Looping 700 Data 153.48676204681 Detik 
Total Duration 153.48688006401 Detik 
------------------------- 
Tanggal: 29-12-2021 03:05:01 
Duration Download Forstok 22.745864868164 Detik
Duration Looping 700 Data 162.46064996719 Detik 
Total Duration 162.46077394485 Detik 
------------------------- 
Tanggal: 29-12-2021 03:10:01 
Duration Download Forstok 14.886386156082 Detik
Duration Looping 700 Data 153.84731221199 Detik 
Total Duration 153.84742021561 Detik 
------------------------- 
Tanggal: 29-12-2021 03:15:01 
Duration Download Forstok 20.758661985397 Detik
Duration Looping 700 Data 165.22710800171 Detik 
Total Duration 165.22721099854 Detik 
------------------------- 
Tanggal: 29-12-2021 03:20:01 
Duration Download Forstok 12.488554000854 Detik
Duration Looping 700 Data 161.49320101738 Detik 
Total Duration 161.49330687523 Detik 
------------------------- 
Tanggal: 29-12-2021 03:25:01 
Duration Download Forstok 15.949304103851 Detik
Duration Looping 700 Data 152.14397907257 Detik 
Total Duration 152.14405894279 Detik 
------------------------- 
Tanggal: 29-12-2021 03:30:02 
Duration Download Forstok 15.767240047455 Detik
Duration Looping 700 Data 152.06356906891 Detik 
Total Duration 152.06368494034 Detik 
------------------------- 
Tanggal: 29-12-2021 03:35:01 
Duration Download Forstok 23.816598892212 Detik
Duration Looping 700 Data 171.99526596069 Detik 
Total Duration 171.99539089203 Detik 
------------------------- 
Tanggal: 29-12-2021 03:40:01 
Duration Download Forstok 15.228559970856 Detik
Duration Looping 700 Data 154.30737805367 Detik 
Total Duration 154.30749511719 Detik 
------------------------- 
Tanggal: 29-12-2021 03:45:01 
Duration Download Forstok 17.334537982941 Detik
Duration Looping 700 Data 163.67108988762 Detik 
Total Duration 163.67120599747 Detik 
------------------------- 
Tanggal: 29-12-2021 03:50:01 
Duration Download Forstok 17.406924009323 Detik
Duration Looping 700 Data 155.18796992302 Detik 
Total Duration 155.18809604645 Detik 
------------------------- 
Tanggal: 29-12-2021 03:55:01 
Duration Download Forstok 12.783446073532 Detik
Duration Looping 700 Data 157.13848900795 Detik 
Total Duration 157.13861203194 Detik 
------------------------- 
Tanggal: 29-12-2021 04:00:01 
Duration Download Forstok 13.848302125931 Detik
Duration Looping 700 Data 152.02150201797 Detik 
Total Duration 152.02161216736 Detik 
------------------------- 
Tanggal: 29-12-2021 04:05:01 
Duration Download Forstok 22.428456068039 Detik
Duration Looping 700 Data 181.67015790939 Detik 
Total Duration 181.67026591301 Detik 
------------------------- 
Tanggal: 29-12-2021 04:10:01 
Duration Download Forstok 16.954075098038 Detik
Duration Looping 700 Data 153.22518515587 Detik 
Total Duration 153.22530198097 Detik 
------------------------- 
Tanggal: 29-12-2021 04:15:01 
Duration Download Forstok 16.898465156555 Detik
Duration Looping 700 Data 162.92954015732 Detik 
Total Duration 162.9296681881 Detik 
------------------------- 
Tanggal: 29-12-2021 04:20:01 
Duration Download Forstok 14.494724988937 Detik
Duration Looping 700 Data 152.08283495903 Detik 
Total Duration 152.08295297623 Detik 
------------------------- 
Tanggal: 29-12-2021 04:25:01 
Duration Download Forstok 12.685690164566 Detik
Duration Looping 700 Data 149.18853712082 Detik 
Total Duration 149.18864893913 Detik 
------------------------- 
Tanggal: 29-12-2021 04:30:01 
Duration Download Forstok 15.943019866943 Detik
Duration Looping 700 Data 152.53107595444 Detik 
Total Duration 152.5311858654 Detik 
------------------------- 
Tanggal: 29-12-2021 04:35:01 
Duration Download Forstok 18.207415103912 Detik
Duration Looping 700 Data 154.88292002678 Detik 
Total Duration 154.88303899765 Detik 
------------------------- 
Tanggal: 29-12-2021 04:40:01 
Duration Download Forstok 13.190800189972 Detik
Duration Looping 700 Data 150.7266690731 Detik 
Total Duration 150.72676920891 Detik 
------------------------- 
Tanggal: 29-12-2021 04:45:01 
Duration Download Forstok 20.965718984604 Detik
Duration Looping 700 Data 159.52607893944 Detik 
Total Duration 159.52619385719 Detik 
------------------------- 
Tanggal: 29-12-2021 04:50:01 
Duration Download Forstok 15.041752099991 Detik
Duration Looping 700 Data 160.27072811127 Detik 
Total Duration 160.2708439827 Detik 
------------------------- 
Tanggal: 29-12-2021 04:55:01 
Duration Download Forstok 13.612682819366 Detik
Duration Looping 700 Data 161.72030496597 Detik 
Total Duration 161.72042584419 Detik 
------------------------- 
Tanggal: 29-12-2021 05:00:01 
Duration Download Forstok 13.735815048218 Detik
Duration Looping 700 Data 155.67475509644 Detik 
Total Duration 155.67486596107 Detik 
------------------------- 
Tanggal: 29-12-2021 05:05:01 
Duration Download Forstok 21.496184110641 Detik
Duration Looping 700 Data 157.44218015671 Detik 
Total Duration 157.44228601456 Detik 
------------------------- 
Tanggal: 29-12-2021 05:10:01 
Duration Download Forstok 13.978175163269 Detik
Duration Looping 700 Data 153.14162111282 Detik 
Total Duration 153.14174318314 Detik 
------------------------- 
Tanggal: 29-12-2021 05:15:01 
Duration Download Forstok 15.026463031769 Detik
Duration Looping 700 Data 152.83937001228 Detik 
Total Duration 152.83948516846 Detik 
------------------------- 
Tanggal: 29-12-2021 05:20:01 
Duration Download Forstok 17.537513971329 Detik
Duration Looping 700 Data 159.13777279854 Detik 
Total Duration 159.1378929615 Detik 
------------------------- 
Tanggal: 29-12-2021 05:25:01 
Duration Download Forstok 14.74649977684 Detik
Duration Looping 700 Data 151.13990283012 Detik 
Total Duration 151.1400167942 Detik 
------------------------- 
Tanggal: 29-12-2021 05:30:01 
Duration Download Forstok 15.895998954773 Detik
Duration Looping 700 Data 154.54007387161 Detik 
Total Duration 154.54018688202 Detik 
------------------------- 
Tanggal: 29-12-2021 05:35:01 
Duration Download Forstok 22.994333028793 Detik
Duration Looping 700 Data 169.71822094917 Detik 
Total Duration 169.71832704544 Detik 
------------------------- 
Tanggal: 29-12-2021 05:40:01 
Duration Download Forstok 16.653517007828 Detik
Duration Looping 700 Data 160.55693602562 Detik 
Total Duration 160.55706000328 Detik 
------------------------- 
Tanggal: 29-12-2021 05:45:02 
Duration Download Forstok 26.416125059128 Detik
Duration Looping 700 Data 180.16853904724 Detik 
Total Duration 180.16864895821 Detik 
------------------------- 
Tanggal: 29-12-2021 05:50:01 
Duration Download Forstok 15.553354978561 Detik
Duration Looping 700 Data 152.55917286873 Detik 
Total Duration 152.55929684639 Detik 
------------------------- 
Tanggal: 29-12-2021 05:55:01 
Duration Download Forstok 14.731261968613 Detik
Duration Looping 700 Data 151.36793398857 Detik 
Total Duration 151.36805701256 Detik 
------------------------- 
Tanggal: 29-12-2021 06:00:02 
Duration Download Forstok 17.112752914429 Detik
Duration Looping 700 Data 159.4281129837 Detik 
Total Duration 159.42822384834 Detik 
------------------------- 
Tanggal: 29-12-2021 06:05:01 
Duration Download Forstok 22.737593889236 Detik
Duration Looping 700 Data 170.66183686256 Detik 
Total Duration 170.6619489193 Detik 
------------------------- 
Tanggal: 29-12-2021 06:10:01 
Duration Download Forstok 13.831817865372 Detik
Duration Looping 700 Data 158.70408391953 Detik 
Total Duration 158.70418787003 Detik 
------------------------- 
Tanggal: 29-12-2021 06:15:01 
Duration Download Forstok 20.77706694603 Detik
Duration Looping 700 Data 163.02342796326 Detik 
Total Duration 163.02353692055 Detik 
------------------------- 
Tanggal: 29-12-2021 06:20:01 
Duration Download Forstok 16.09449005127 Detik
Duration Looping 700 Data 158.27992606163 Detik 
Total Duration 158.28004407883 Detik 
------------------------- 
Tanggal: 29-12-2021 06:25:01 
Duration Download Forstok 12.174826860428 Detik
Duration Looping 700 Data 148.80660605431 Detik 
Total Duration 148.80671882629 Detik 
------------------------- 
Tanggal: 29-12-2021 06:30:01 
Duration Download Forstok 16.128190994263 Detik
Duration Looping 700 Data 154.5726480484 Detik 
Total Duration 154.57274198532 Detik 
------------------------- 
Tanggal: 29-12-2021 06:35:01 
Duration Download Forstok 17.08684015274 Detik
Duration Looping 700 Data 153.42757797241 Detik 
Total Duration 153.42768311501 Detik 
------------------------- 
Tanggal: 29-12-2021 06:40:01 
Duration Download Forstok 17.14057302475 Detik
Duration Looping 700 Data 162.12353205681 Detik 
Total Duration 162.12364387512 Detik 
------------------------- 
Tanggal: 29-12-2021 06:45:01 
Duration Download Forstok 23.880297899246 Detik
Duration Looping 700 Data 162.67703509331 Detik 
Total Duration 162.67715406418 Detik 
------------------------- 
Tanggal: 29-12-2021 06:50:01 
Duration Download Forstok 16.239357948303 Detik
Duration Looping 700 Data 156.23945999146 Detik 
Total Duration 156.23958587646 Detik 
------------------------- 
Tanggal: 29-12-2021 06:55:01 
Duration Download Forstok 15.7839179039 Detik
Duration Looping 700 Data 153.88096690178 Detik 
Total Duration 153.881057024 Detik 
------------------------- 
Tanggal: 29-12-2021 07:00:01 
Duration Download Forstok 16.771201133728 Detik
Duration Looping 700 Data 155.69714307785 Detik 
Total Duration 155.69724822044 Detik 
------------------------- 
Tanggal: 29-12-2021 07:05:01 
Duration Download Forstok 24.195411920547 Detik
Duration Looping 700 Data 173.41018199921 Detik 
Total Duration 173.41030502319 Detik 
------------------------- 
Tanggal: 29-12-2021 07:10:01 
Duration Download Forstok 17.989691019058 Detik
Duration Looping 700 Data 157.24000597 Detik 
Total Duration 157.24012494087 Detik 
------------------------- 
Tanggal: 29-12-2021 07:15:01 
Duration Download Forstok 25.407560825348 Detik
Duration Looping 700 Data 162.94645285606 Detik 
Total Duration 162.9465649128 Detik 
------------------------- 
Tanggal: 29-12-2021 07:20:01 
Duration Download Forstok 16.759669065475 Detik
Duration Looping 700 Data 168.65856599808 Detik 
Total Duration 168.65867805481 Detik 
------------------------- 
Tanggal: 29-12-2021 07:25:01 
Duration Download Forstok 14.822879076004 Detik
Duration Looping 700 Data 151.84127020836 Detik 
Total Duration 151.841381073 Detik 
------------------------- 
Tanggal: 29-12-2021 07:30:01 
Duration Download Forstok 16.948917865753 Detik
Duration Looping 700 Data 170.55784797668 Detik 
Total Duration 170.55797386169 Detik 
------------------------- 
Tanggal: 29-12-2021 07:35:01 
Duration Download Forstok 19.601851940155 Detik
Duration Looping 700 Data 160.43382787704 Detik 
Total Duration 160.43394899368 Detik 
------------------------- 
Tanggal: 29-12-2021 07:40:01 
Duration Download Forstok 17.761132001877 Detik
Duration Looping 700 Data 154.06145596504 Detik 
Total Duration 154.0615670681 Detik 
------------------------- 
Tanggal: 29-12-2021 07:45:01 
Duration Download Forstok 20.753133058548 Detik
Duration Looping 700 Data 163.52137613297 Detik 
Total Duration 163.52148914337 Detik 
------------------------- 
Tanggal: 29-12-2021 07:50:01 
Duration Download Forstok 17.903635025024 Detik
Duration Looping 700 Data 159.62353396416 Detik 
Total Duration 159.62364602089 Detik 
------------------------- 
Tanggal: 29-12-2021 07:55:01 
Duration Download Forstok 15.602209806442 Detik
Duration Looping 700 Data 153.25788092613 Detik 
Total Duration 153.257999897 Detik 
------------------------- 
Tanggal: 29-12-2021 08:00:01 
Duration Download Forstok 13.567644119263 Detik
Duration Looping 700 Data 155.65438699722 Detik 
Total Duration 155.65449595451 Detik 
------------------------- 
Tanggal: 29-12-2021 08:05:01 
Duration Download Forstok 19.496057987213 Detik
Duration Looping 700 Data 164.16356492043 Detik 
Total Duration 164.16368508339 Detik 
------------------------- 
Tanggal: 29-12-2021 08:10:01 
Duration Download Forstok 17.166576862335 Detik
Duration Looping 700 Data 162.62613296509 Detik 
Total Duration 162.62624597549 Detik 
------------------------- 
Tanggal: 29-12-2021 08:15:01 
Duration Download Forstok 16.400104999542 Detik
Duration Looping 700 Data 156.84248304367 Detik 
Total Duration 156.84259796143 Detik 
------------------------- 
Tanggal: 29-12-2021 08:20:01 
Duration Download Forstok 16.185384988785 Detik
Duration Looping 700 Data 161.91159701347 Detik 
Total Duration 161.91171216965 Detik 
------------------------- 
Tanggal: 29-12-2021 08:25:01 
Duration Download Forstok 16.491164922714 Detik
Duration Looping 700 Data 160.02517104149 Detik 
Total Duration 160.02528214455 Detik 
------------------------- 
Tanggal: 29-12-2021 08:30:01 
Duration Download Forstok 14.046714067459 Detik
Duration Looping 700 Data 172.06150984764 Detik 
Total Duration 172.06162905693 Detik 
------------------------- 
Tanggal: 29-12-2021 08:35:01 
Duration Download Forstok 26.172912120819 Detik
Duration Looping 700 Data 176.48071098328 Detik 
Total Duration 176.48083400726 Detik 
------------------------- 
Tanggal: 29-12-2021 08:40:01 
Duration Download Forstok 14.689581155777 Detik
Duration Looping 700 Data 165.98977804184 Detik 
Total Duration 165.98986315727 Detik 
------------------------- 
Tanggal: 29-12-2021 08:45:01 
Duration Download Forstok 18.739434957504 Detik
Duration Looping 700 Data 170.38499498367 Detik 
Total Duration 170.38512778282 Detik 
------------------------- 
Tanggal: 29-12-2021 08:50:01 
Duration Download Forstok 16.207297086716 Detik
Duration Looping 700 Data 166.6820230484 Detik 
Total Duration 166.68215703964 Detik 
------------------------- 
Tanggal: 29-12-2021 08:55:01 
Duration Download Forstok 16.033384084702 Detik
Duration Looping 700 Data 166.00817394257 Detik 
Total Duration 166.00831103325 Detik 
------------------------- 
Tanggal: 29-12-2021 09:00:01 
Duration Download Forstok 13.278649091721 Detik
Duration Looping 700 Data 170.85237312317 Detik 
Total Duration 170.85246610641 Detik 
------------------------- 
Tanggal: 29-12-2021 09:05:01 
Duration Download Forstok 20.787070035934 Detik
Duration Looping 700 Data 165.33705401421 Detik 
Total Duration 165.33717608452 Detik 
------------------------- 
Tanggal: 29-12-2021 09:10:01 
Duration Download Forstok 11.817071914673 Detik
Duration Looping 700 Data 162.99394392967 Detik 
Total Duration 162.9940290451 Detik 
------------------------- 
Tanggal: 29-12-2021 09:15:01 
Duration Download Forstok 18.522229194641 Detik
Duration Looping 700 Data 166.79121899605 Detik 
Total Duration 166.79134607315 Detik 
------------------------- 
Tanggal: 29-12-2021 09:20:01 
Duration Download Forstok 13.261198043823 Detik
Duration Looping 700 Data 168.95238685608 Detik 
Total Duration 168.9525270462 Detik 
------------------------- 
Tanggal: 29-12-2021 09:25:01 
Duration Download Forstok 14.525629043579 Detik
Duration Looping 700 Data 164.55644917488 Detik 
Total Duration 164.55657720566 Detik 
------------------------- 
Tanggal: 29-12-2021 09:30:01 
Duration Download Forstok 16.743379116058 Detik
Duration Looping 700 Data 165.90630507469 Detik 
Total Duration 165.90639305115 Detik 
------------------------- 
Tanggal: 29-12-2021 09:35:01 
Duration Download Forstok 24.701735973358 Detik
Duration Looping 700 Data 175.09849381447 Detik 
Total Duration 175.09858989716 Detik 
------------------------- 
Tanggal: 29-12-2021 09:40:01 
Duration Download Forstok 14.854027986526 Detik
Duration Looping 700 Data 165.93811202049 Detik 
Total Duration 165.93823504448 Detik 
------------------------- 
Tanggal: 29-12-2021 09:45:01 
Duration Download Forstok 18.826920032501 Detik
Duration Looping 700 Data 174.65951704979 Detik 
Total Duration 174.65962290764 Detik 
------------------------- 
Tanggal: 29-12-2021 09:50:01 
Duration Download Forstok 14.897439956665 Detik
Duration Looping 700 Data 168.54120898247 Detik 
Total Duration 168.54130101204 Detik 
------------------------- 
Tanggal: 29-12-2021 09:55:02 
Duration Download Forstok 13.279236078262 Detik
Duration Looping 700 Data 163.68390107155 Detik 
Total Duration 163.68402504921 Detik 
------------------------- 
Tanggal: 29-12-2021 10:00:01 
Duration Download Forstok 14.715402126312 Detik
Duration Looping 700 Data 170.54552292824 Detik 
Total Duration 170.54561114311 Detik 
------------------------- 
Tanggal: 29-12-2021 10:05:01 
Duration Download Forstok 19.815763950348 Detik
Duration Looping 700 Data 168.59679293633 Detik 
Total Duration 168.59691500664 Detik 
------------------------- 
Tanggal: 29-12-2021 10:10:01 
Duration Download Forstok 14.803049087524 Detik
Duration Looping 700 Data 172.00641298294 Detik 
Total Duration 172.0065331459 Detik 
------------------------- 
Tanggal: 29-12-2021 10:15:01 
Duration Download Forstok 16.924658060074 Detik
Duration Looping 700 Data 163.45552802086 Detik 
Total Duration 163.45563197136 Detik 
------------------------- 
Tanggal: 29-12-2021 10:20:01 
Duration Download Forstok 14.615658044815 Detik
Duration Looping 700 Data 165.71254396439 Detik 
Total Duration 165.7126750946 Detik 
------------------------- 
Tanggal: 29-12-2021 10:25:01 
Duration Download Forstok 11.971807956696 Detik
Duration Looping 700 Data 167.66195201874 Detik 
Total Duration 167.66214394569 Detik 
------------------------- 
Tanggal: 29-12-2021 10:30:01 
Duration Download Forstok 16.52706193924 Detik
Duration Looping 700 Data 167.54221987724 Detik 
Total Duration 167.54233288765 Detik 
------------------------- 
Tanggal: 29-12-2021 10:35:01 
Duration Download Forstok 20.957243919373 Detik
Duration Looping 700 Data 173.3681769371 Detik 
Total Duration 173.36827492714 Detik 
------------------------- 
Tanggal: 29-12-2021 10:40:01 
Duration Download Forstok 15.183682918549 Detik
Duration Looping 700 Data 165.06859302521 Detik 
Total Duration 165.06872797012 Detik 
------------------------- 
Tanggal: 29-12-2021 10:45:01 
Duration Download Forstok 18.535115003586 Detik
Duration Looping 700 Data 179.5671980381 Detik 
Total Duration 179.56729388237 Detik 
------------------------- 
Tanggal: 29-12-2021 10:50:01 
Duration Download Forstok 15.55789899826 Detik
Duration Looping 700 Data 161.46994709969 Detik 
Total Duration 161.47006893158 Detik 
------------------------- 
Tanggal: 29-12-2021 10:55:01 
Duration Download Forstok 15.623173952103 Detik
Duration Looping 700 Data 168.63804197311 Detik 
Total Duration 168.63816094398 Detik 
------------------------- 
Tanggal: 29-12-2021 11:00:01 
Duration Download Forstok 15.057489871979 Detik
Duration Looping 700 Data 167.55297589302 Detik 
Total Duration 167.5530898571 Detik 
------------------------- 
Tanggal: 29-12-2021 11:05:01 
Duration Download Forstok 25.392934083939 Detik
Duration Looping 700 Data 174.42036890984 Detik 
Total Duration 174.42047405243 Detik 
------------------------- 
Tanggal: 29-12-2021 11:10:01 
Duration Download Forstok 14.557099103928 Detik
Duration Looping 700 Data 164.77496910095 Detik 
Total Duration 164.77505207062 Detik 
------------------------- 
Tanggal: 29-12-2021 11:15:01 
Duration Download Forstok 18.366595983505 Detik
Duration Looping 700 Data 168.03423905373 Detik 
Total Duration 168.03436803818 Detik 
------------------------- 
Tanggal: 29-12-2021 11:20:01 
Duration Download Forstok 24.85223698616 Detik
Duration Looping 700 Data 177.07457089424 Detik 
Total Duration 177.07464885712 Detik 
------------------------- 
Tanggal: 29-12-2021 11:25:01 
Duration Download Forstok 14.62334895134 Detik
Duration Looping 700 Data 166.5755879879 Detik 
Total Duration 166.57570409775 Detik 
------------------------- 
Tanggal: 29-12-2021 11:30:01 
Duration Download Forstok 13.445218086243 Detik
Duration Looping 700 Data 169.0609369278 Detik 
Total Duration 169.06104707718 Detik 
------------------------- 
Tanggal: 29-12-2021 11:35:01 
Duration Download Forstok 18.572111845016 Detik
Duration Looping 700 Data 168.8739259243 Detik 
Total Duration 168.87402200699 Detik 
------------------------- 
Tanggal: 29-12-2021 11:40:01 
Duration Download Forstok 16.250555038452 Detik
Duration Looping 700 Data 173.57856297493 Detik 
Total Duration 173.57866406441 Detik 
------------------------- 
Tanggal: 29-12-2021 11:45:01 
Duration Download Forstok 21.396720170975 Detik
Duration Looping 700 Data 172.08229207993 Detik 
Total Duration 172.08241009712 Detik 
------------------------- 
Tanggal: 29-12-2021 11:50:01 
Duration Download Forstok 17.755886077881 Detik
Duration Looping 700 Data 168.60949707031 Detik 
Total Duration 168.60961103439 Detik 
------------------------- 
Tanggal: 29-12-2021 11:55:01 
Duration Download Forstok 16.407289028168 Detik
Duration Looping 700 Data 167.04132604599 Detik 
Total Duration 167.04143095016 Detik 
------------------------- 
Tanggal: 29-12-2021 12:00:01 
Duration Download Forstok 18.667025089264 Detik
Duration Looping 700 Data 172.96471905708 Detik 
Total Duration 172.96484494209 Detik 
------------------------- 
Tanggal: 29-12-2021 12:05:01 
Duration Download Forstok 27.794787883759 Detik
Duration Looping 700 Data 175.63915085793 Detik 
Total Duration 175.63925099373 Detik 
------------------------- 
Tanggal: 29-12-2021 12:10:01 
Duration Download Forstok 17.390754938126 Detik
Duration Looping 700 Data 166.8870010376 Detik 
Total Duration 166.8871319294 Detik 
------------------------- 
Tanggal: 29-12-2021 12:15:01 
Duration Download Forstok 18.156455039978 Detik
Duration Looping 700 Data 164.89474201202 Detik 
Total Duration 164.89486098289 Detik 
------------------------- 
Tanggal: 29-12-2021 12:20:01 
Duration Download Forstok 13.811378002167 Detik
Duration Looping 700 Data 167.74630212784 Detik 
Total Duration 167.74640917778 Detik 
------------------------- 
Tanggal: 29-12-2021 12:25:01 
Duration Download Forstok 13.968204975128 Detik
Duration Looping 700 Data 161.67186307907 Detik 
Total Duration 161.67199802399 Detik 
------------------------- 
Tanggal: 29-12-2021 12:30:01 
Duration Download Forstok 14.990574121475 Detik
Duration Looping 700 Data 163.79097414017 Detik 
Total Duration 163.79109096527 Detik 
------------------------- 
Tanggal: 29-12-2021 12:35:01 
Duration Download Forstok 24.165000915527 Detik
Duration Looping 700 Data 168.40878605843 Detik 
Total Duration 168.40889000893 Detik 
------------------------- 
Tanggal: 29-12-2021 12:40:01 
Duration Download Forstok 13.898827791214 Detik
Duration Looping 700 Data 161.7520878315 Detik 
Total Duration 161.75219297409 Detik 
------------------------- 
Tanggal: 29-12-2021 12:45:01 
Duration Download Forstok 13.943446874619 Detik
Duration Looping 700 Data 158.45485687256 Detik 
Total Duration 158.45497393608 Detik 
------------------------- 
Tanggal: 29-12-2021 12:50:01 
Duration Download Forstok 15.548007011414 Detik
Duration Looping 700 Data 159.88308286667 Detik 
Total Duration 159.88319182396 Detik 
------------------------- 
Tanggal: 29-12-2021 12:55:01 
Duration Download Forstok 18.753849029541 Detik
Duration Looping 700 Data 164.67601895332 Detik 
Total Duration 164.67614197731 Detik 
------------------------- 
Tanggal: 29-12-2021 13:00:01 
Duration Download Forstok 13.263166904449 Detik
Duration Looping 700 Data 165.91247200966 Detik 
Total Duration 165.91257786751 Detik 
------------------------- 
Tanggal: 29-12-2021 13:05:01 
Duration Download Forstok 26.115479946136 Detik
Duration Looping 700 Data 172.86349105835 Detik 
Total Duration 172.86362409592 Detik 
------------------------- 
Tanggal: 29-12-2021 13:10:01 
Duration Download Forstok 12.77635884285 Detik
Duration Looping 700 Data 163.17534589767 Detik 
Total Duration 163.17546486855 Detik 
------------------------- 
Tanggal: 29-12-2021 13:15:01 
Duration Download Forstok 17.746897935867 Detik
Duration Looping 700 Data 168.12454199791 Detik 
Total Duration 168.12466287613 Detik 
------------------------- 
Tanggal: 29-12-2021 13:20:01 
Duration Download Forstok 13.228030204773 Detik
Duration Looping 700 Data 164.33548402786 Detik 
Total Duration 164.33560204506 Detik 
------------------------- 
Tanggal: 29-12-2021 13:25:01 
Duration Download Forstok 14.7638630867 Detik
Duration Looping 700 Data 168.32075500488 Detik 
Total Duration 168.32086896896 Detik 
------------------------- 
Tanggal: 29-12-2021 13:30:01 
Duration Download Forstok 16.942117929459 Detik
Duration Looping 700 Data 168.14090800285 Detik 
Total Duration 168.14100599289 Detik 
------------------------- 
Tanggal: 29-12-2021 13:35:01 
Duration Download Forstok 19.404973983765 Detik
Duration Looping 700 Data 168.15229988098 Detik 
Total Duration 168.15242099762 Detik 
------------------------- 
Tanggal: 29-12-2021 13:40:01 
Duration Download Forstok 15.252624988556 Detik
Duration Looping 700 Data 182.77562189102 Detik 
Total Duration 182.77573394775 Detik 
------------------------- 
Tanggal: 29-12-2021 13:45:02 
Duration Download Forstok 14.596831083298 Detik
Duration Looping 700 Data 163.01903605461 Detik 
Total Duration 163.0191411972 Detik 
------------------------- 
Tanggal: 29-12-2021 13:50:01 
Duration Download Forstok 13.540138959885 Detik
Duration Looping 700 Data 164.70449590683 Detik 
Total Duration 164.70463395119 Detik 
------------------------- 
Tanggal: 29-12-2021 13:55:01 
Duration Download Forstok 15.927227973938 Detik
Duration Looping 700 Data 168.35191988945 Detik 
Total Duration 168.35204195976 Detik 
------------------------- 
Tanggal: 29-12-2021 14:00:01 
Duration Download Forstok 23.248509883881 Detik
Duration Looping 700 Data 176.89323687553 Detik 
Total Duration 176.89331889153 Detik 
------------------------- 
Tanggal: 29-12-2021 14:05:01 
Duration Download Forstok 29.560845136642 Detik
Duration Looping 700 Data 179.72877311707 Detik 
Total Duration 179.72886800766 Detik 
------------------------- 
Tanggal: 29-12-2021 14:10:01 
Duration Download Forstok 14.110508203506 Detik
Duration Looping 700 Data 165.93427109718 Detik 
Total Duration 165.93439412117 Detik 
------------------------- 
Tanggal: 29-12-2021 14:15:01 
Duration Download Forstok 21.005963087082 Detik
Duration Looping 700 Data 176.19054603577 Detik 
Total Duration 176.19066405296 Detik 
------------------------- 
Tanggal: 29-12-2021 14:20:01 
Duration Download Forstok 17.921782016754 Detik
Duration Looping 700 Data 171.50126099586 Detik 
Total Duration 171.50135803223 Detik 
------------------------- 
Tanggal: 29-12-2021 14:25:01 
Duration Download Forstok 16.368901968002 Detik
Duration Looping 700 Data 170.99344182014 Detik 
Total Duration 170.99356389046 Detik 
------------------------- 
Tanggal: 29-12-2021 14:30:01 
Duration Download Forstok 14.348597049713 Detik
Duration Looping 700 Data 165.21578788757 Detik 
Total Duration 165.21588993073 Detik 
------------------------- 
Tanggal: 29-12-2021 14:35:01 
Duration Download Forstok 17.186252117157 Detik
Duration Looping 700 Data 170.2452750206 Detik 
Total Duration 170.24537301064 Detik 
------------------------- 
Tanggal: 29-12-2021 14:40:01 
Duration Download Forstok 14.172909021378 Detik
Duration Looping 700 Data 168.36685395241 Detik 
Total Duration 168.36696100235 Detik 
------------------------- 
Tanggal: 29-12-2021 14:45:01 
Duration Download Forstok 23.404711961746 Detik
Duration Looping 700 Data 183.28367114067 Detik 
Total Duration 183.28379201889 Detik 
------------------------- 
Tanggal: 29-12-2021 14:50:01 
Duration Download Forstok 17.404492139816 Detik
Duration Looping 700 Data 168.63139915466 Detik 
Total Duration 168.63150000572 Detik 
------------------------- 
Tanggal: 29-12-2021 14:55:01 
Duration Download Forstok 16.00780582428 Detik
Duration Looping 700 Data 173.89640402794 Detik 
Total Duration 173.89650082588 Detik 
------------------------- 
Tanggal: 29-12-2021 15:00:01 
Duration Download Forstok 15.852879047394 Detik
Duration Looping 700 Data 177.65798807144 Detik 
Total Duration 177.65810012817 Detik 
------------------------- 
Tanggal: 29-12-2021 15:05:01 
Duration Download Forstok 27.848628044128 Detik
Duration Looping 700 Data 177.22461605072 Detik 
Total Duration 177.22470712662 Detik 
------------------------- 
Tanggal: 29-12-2021 15:10:01 
Duration Download Forstok 14.429725885391 Detik
Duration Looping 700 Data 172.73889899254 Detik 
Total Duration 172.73902106285 Detik 
------------------------- 
Tanggal: 29-12-2021 15:15:00 
Duration Download Forstok 18.315863847733 Detik
Duration Looping 700 Data 175.97312498093 Detik 
Total Duration 175.97323298454 Detik 
------------------------- 
Tanggal: 29-12-2021 15:20:01 
Duration Download Forstok 18.21351981163 Detik
Duration Looping 700 Data 171.86318492889 Detik 
Total Duration 171.86330199242 Detik 
------------------------- 
Tanggal: 29-12-2021 15:25:01 
Duration Download Forstok 15.936635017395 Detik
Duration Looping 700 Data 174.69830203056 Detik 
Total Duration 174.69842386246 Detik 
------------------------- 
Tanggal: 29-12-2021 15:30:02 
Duration Download Forstok 14.614625930786 Detik
Duration Looping 700 Data 169.67061591148 Detik 
Total Duration 169.67071795464 Detik 
------------------------- 
Tanggal: 29-12-2021 15:35:01 
Duration Download Forstok 26.265694141388 Detik
Duration Looping 700 Data 180.68078899384 Detik 
Total Duration 180.68092012405 Detik 
------------------------- 
Tanggal: 29-12-2021 15:40:01 
Duration Download Forstok 13.858500003815 Detik
Duration Looping 700 Data 167.34385800362 Detik 
Total Duration 167.34395384789 Detik 
------------------------- 
Tanggal: 29-12-2021 15:45:01 
Duration Download Forstok 19.65046787262 Detik
Duration Looping 700 Data 177.90698885918 Detik 
Total Duration 177.907091856 Detik 
------------------------- 
Tanggal: 29-12-2021 15:50:01 
Duration Download Forstok 14.107449054718 Detik
Duration Looping 700 Data 164.57680106163 Detik 
Total Duration 164.57689404488 Detik 
------------------------- 
Tanggal: 29-12-2021 15:55:01 
Duration Download Forstok 11.500972986221 Detik
Duration Looping 700 Data 159.49496603012 Detik 
Total Duration 159.49507498741 Detik 
------------------------- 
Tanggal: 29-12-2021 16:00:01 
Duration Download Forstok 17.819628953934 Detik
Duration Looping 700 Data 169.05660700798 Detik 
Total Duration 169.05671811104 Detik 
------------------------- 
Tanggal: 29-12-2021 16:05:01 
Duration Download Forstok 23.598773956299 Detik
Duration Looping 700 Data 179.4122159481 Detik 
Total Duration 179.41235017776 Detik 
------------------------- 
Tanggal: 29-12-2021 16:10:01 
Duration Download Forstok 12.169486999512 Detik
Duration Looping 700 Data 167.6648170948 Detik 
Total Duration 167.66492819786 Detik 
------------------------- 
Tanggal: 29-12-2021 16:15:01 
Duration Download Forstok 13.688097953796 Detik
Duration Looping 700 Data 170.39185094833 Detik 
Total Duration 170.39193987846 Detik 
------------------------- 
Tanggal: 29-12-2021 16:20:01 
Duration Download Forstok 16.803930044174 Detik
Duration Looping 700 Data 169.90157604218 Detik 
Total Duration 169.90168714523 Detik 
------------------------- 
Tanggal: 29-12-2021 16:25:01 
Duration Download Forstok 17.622668981552 Detik
Duration Looping 700 Data 169.82567596436 Detik 
Total Duration 169.82578992844 Detik 
------------------------- 
Tanggal: 29-12-2021 16:30:01 
Duration Download Forstok 26.093640089035 Detik
Duration Looping 700 Data 178.7578690052 Detik 
Total Duration 178.75798892975 Detik 
------------------------- 
Tanggal: 29-12-2021 16:35:01 
Duration Download Forstok 59.91444683075 Detik
Tanggal: 29-12-2021 16:40:02 
Duration Download Forstok 45.286961078644 Detik
Duration Looping 700 Data 197.23801112175 Detik 
Total Duration 197.23809790611 Detik 
------------------------- 
Tanggal: 29-12-2021 16:45:01 
Duration Download Forstok 16.145285844803 Detik
Duration Looping 700 Data 169.28834986687 Detik 
Total Duration 169.28846693039 Detik 
------------------------- 
Tanggal: 29-12-2021 16:50:01 
Duration Download Forstok 18.148916006088 Detik
Duration Looping 700 Data 176.46305680275 Detik 
Total Duration 176.46317791939 Detik 
------------------------- 
Tanggal: 29-12-2021 16:55:01 
Duration Download Forstok 16.843050956726 Detik
Duration Looping 700 Data 168.1883919239 Detik 
Total Duration 168.18850493431 Detik 
------------------------- 
Tanggal: 29-12-2021 17:00:01 
Duration Download Forstok 20.208172082901 Detik
Duration Looping 700 Data 174.45109200478 Detik 
Total Duration 174.45119214058 Detik 
------------------------- 
Tanggal: 29-12-2021 17:05:01 
Duration Download Forstok 22.123450994492 Detik
Duration Looping 700 Data 170.58601713181 Detik 
Total Duration 170.58613109589 Detik 
------------------------- 
Tanggal: 29-12-2021 17:10:01 
Duration Download Forstok 12.848961114883 Detik
Duration Looping 700 Data 163.50269603729 Detik 
Total Duration 163.50288105011 Detik 
------------------------- 
Tanggal: 29-12-2021 17:15:01 
Duration Download Forstok 19.681890010834 Detik
Duration Looping 700 Data 166.91361880302 Detik 
Total Duration 166.9137699604 Detik 
------------------------- 
Tanggal: 29-12-2021 17:20:01 
Duration Download Forstok 13.993510007858 Detik
Duration Looping 700 Data 165.28638505936 Detik 
Total Duration 165.28646922112 Detik 
------------------------- 
Tanggal: 29-12-2021 17:25:01 
Duration Download Forstok 12.123471021652 Detik
Duration Looping 700 Data 158.79376196861 Detik 
Total Duration 158.79387688637 Detik 
------------------------- 
Tanggal: 29-12-2021 17:30:01 
Duration Download Forstok 13.268399000168 Detik
Duration Looping 700 Data 162.27899312973 Detik 
Total Duration 162.27910614014 Detik 
------------------------- 
Tanggal: 29-12-2021 17:35:01 
Duration Download Forstok 24.39146900177 Detik
Duration Looping 700 Data 169.35377216339 Detik 
Total Duration 169.35389399529 Detik 
------------------------- 
Tanggal: 29-12-2021 17:40:01 
Duration Download Forstok 12.988556861877 Detik
Duration Looping 700 Data 168.5278699398 Detik 
Total Duration 168.52798199654 Detik 
------------------------- 
Tanggal: 29-12-2021 17:45:01 
Duration Download Forstok 18.2754778862 Detik
Duration Looping 700 Data 159.50186181068 Detik 
Total Duration 159.50198984146 Detik 
------------------------- 
Tanggal: 29-12-2021 17:50:01 
Duration Download Forstok 15.361229896545 Detik
Duration Looping 700 Data 162.56526899338 Detik 
Total Duration 162.5653758049 Detik 
------------------------- 
Tanggal: 29-12-2021 17:55:01 
Duration Download Forstok 14.699681997299 Detik
Duration Looping 700 Data 159.46352505684 Detik 
Total Duration 159.46363997459 Detik 
------------------------- 
Tanggal: 29-12-2021 18:00:01 
Duration Download Forstok 15.617686986923 Detik
Duration Looping 700 Data 165.91349101067 Detik 
Total Duration 165.91361904144 Detik 
------------------------- 
Tanggal: 29-12-2021 18:05:01 
Duration Download Forstok 18.971007108688 Detik
Duration Looping 700 Data 167.93542504311 Detik 
Total Duration 167.93554210663 Detik 
------------------------- 
Tanggal: 29-12-2021 18:10:01 
Duration Download Forstok 15.127102136612 Detik
Duration Looping 700 Data 156.90243792534 Detik 
Total Duration 156.90252494812 Detik 
------------------------- 
Tanggal: 29-12-2021 18:15:01 
Duration Download Forstok 19.749751091003 Detik
Duration Looping 700 Data 164.58466601372 Detik 
Total Duration 164.58479094505 Detik 
------------------------- 
Tanggal: 29-12-2021 18:20:01 
Duration Download Forstok 13.092149972916 Detik
Duration Looping 700 Data 164.42934799194 Detik 
Total Duration 164.42945694923 Detik 
------------------------- 
Tanggal: 29-12-2021 18:25:02 
Duration Download Forstok 14.550583124161 Detik
Duration Looping 700 Data 168.1002779007 Detik 
Total Duration 168.10039401054 Detik 
------------------------- 
Tanggal: 29-12-2021 18:30:01 
Duration Download Forstok 15.603418827057 Detik
Duration Looping 700 Data 167.24258899689 Detik 
Total Duration 167.24270296097 Detik 
------------------------- 
Tanggal: 29-12-2021 18:35:01 
Duration Download Forstok 24.735254049301 Detik
Duration Looping 700 Data 174.82011699677 Detik 
Total Duration 174.82024693489 Detik 
------------------------- 
Tanggal: 29-12-2021 18:40:01 
Duration Download Forstok 14.896229028702 Detik
Duration Looping 700 Data 163.65678811073 Detik 
Total Duration 163.65689897537 Detik 
------------------------- 
Tanggal: 29-12-2021 18:45:01 
Duration Download Forstok 14.819605112076 Detik
Duration Looping 700 Data 157.64893293381 Detik 
Total Duration 157.64905500412 Detik 
------------------------- 
Tanggal: 29-12-2021 18:50:01 
Duration Download Forstok 19.478615999222 Detik
Duration Looping 700 Data 162.42262101173 Detik 
Total Duration 162.42274093628 Detik 
------------------------- 
Tanggal: 29-12-2021 18:55:01 
Duration Download Forstok 13.121197938919 Detik
Duration Looping 700 Data 154.47852182388 Detik 
Total Duration 154.47860503197 Detik 
------------------------- 
Tanggal: 29-12-2021 19:00:01 
Duration Download Forstok 20.458952903748 Detik
Duration Looping 700 Data 169.63685107231 Detik 
Total Duration 169.63700699806 Detik 
------------------------- 
Tanggal: 29-12-2021 19:05:01 
Duration Download Forstok 22.156881809235 Detik
Duration Looping 700 Data 166.99101686478 Detik 
Total Duration 166.99112701416 Detik 
------------------------- 
Tanggal: 29-12-2021 19:10:01 
Duration Download Forstok 13.614197015762 Detik
Duration Looping 700 Data 159.36814904213 Detik 
Total Duration 159.36825895309 Detik 
------------------------- 
Tanggal: 29-12-2021 19:15:01 
Duration Download Forstok 18.855802059174 Detik
Duration Looping 700 Data 168.42556405067 Detik 
Total Duration 168.42568802834 Detik 
------------------------- 
Tanggal: 29-12-2021 19:20:01 
Duration Download Forstok 17.604989051819 Detik
Duration Looping 700 Data 158.37559604645 Detik 
Total Duration 158.3757109642 Detik 
------------------------- 
Tanggal: 29-12-2021 19:25:01 
Duration Download Forstok 18.731986999512 Detik
Duration Looping 700 Data 157.97704911232 Detik 
Total Duration 157.97716617584 Detik 
------------------------- 
Tanggal: 29-12-2021 19:30:01 
Duration Download Forstok 16.632451057434 Detik
Duration Looping 700 Data 160.6094379425 Detik 
Total Duration 160.60954904556 Detik 
------------------------- 
Tanggal: 29-12-2021 19:35:01 
Duration Download Forstok 20.67095708847 Detik
Duration Looping 700 Data 162.9187169075 Detik 
Total Duration 162.91884803772 Detik 
------------------------- 
Tanggal: 29-12-2021 19:40:01 
Duration Download Forstok 18.631578922272 Detik
Duration Looping 700 Data 165.97271704674 Detik 
Total Duration 165.97282791138 Detik 
------------------------- 
Tanggal: 29-12-2021 19:45:01 
Duration Download Forstok 13.984570980072 Detik
Duration Looping 700 Data 160.52334117889 Detik 
Total Duration 160.52349114418 Detik 
------------------------- 
Tanggal: 29-12-2021 19:50:01 
Duration Download Forstok 15.71751499176 Detik
Duration Looping 700 Data 162.65053105354 Detik 
Total Duration 162.65067791939 Detik 
------------------------- 
Tanggal: 29-12-2021 19:55:01 
Duration Download Forstok 14.426841974258 Detik
Duration Looping 700 Data 169.73344612122 Detik 
Total Duration 169.7335691452 Detik 
------------------------- 
Tanggal: 29-12-2021 20:00:01 
Duration Download Forstok 11.590513944626 Detik
Duration Looping 700 Data 159.4027569294 Detik 
Total Duration 159.40286898613 Detik 
------------------------- 
Tanggal: 29-12-2021 20:05:01 
Duration Download Forstok 21.494059085846 Detik
Duration Looping 700 Data 162.86011505127 Detik 
Total Duration 162.86023402214 Detik 
------------------------- 
Tanggal: 29-12-2021 20:10:01 
Duration Download Forstok 13.086790084839 Detik
Duration Looping 700 Data 152.36008191109 Detik 
Total Duration 152.36020898819 Detik 
------------------------- 
Tanggal: 29-12-2021 20:15:01 
Duration Download Forstok 23.286854982376 Detik
Duration Looping 700 Data 167.74153399467 Detik 
Total Duration 167.74164509773 Detik 
------------------------- 
Tanggal: 29-12-2021 20:20:01 
Duration Download Forstok 16.848078966141 Detik
Duration Looping 700 Data 158.48357009888 Detik 
Total Duration 158.48368811607 Detik 
------------------------- 
Tanggal: 29-12-2021 20:25:01 
Duration Download Forstok 16.14706492424 Detik
Duration Looping 700 Data 158.77708888054 Detik 
Total Duration 158.77720189095 Detik 
------------------------- 
Tanggal: 29-12-2021 20:30:01 
Duration Download Forstok 15.550308942795 Detik
Duration Looping 700 Data 157.61603403091 Detik 
Total Duration 157.61615490913 Detik 
------------------------- 
Tanggal: 29-12-2021 20:35:01 
Duration Download Forstok 24.388535022736 Detik
Duration Looping 700 Data 173.03077411652 Detik 
Total Duration 173.03089690208 Detik 
------------------------- 
Tanggal: 29-12-2021 20:40:01 
Duration Download Forstok 14.550920009613 Detik
Duration Looping 700 Data 161.30678701401 Detik 
Total Duration 161.30689787865 Detik 
------------------------- 
Tanggal: 29-12-2021 20:45:01 
Duration Download Forstok 17.521875858307 Detik
Duration Looping 700 Data 159.26705694199 Detik 
Total Duration 159.26717805862 Detik 
------------------------- 
Tanggal: 29-12-2021 20:50:02 
Duration Download Forstok 14.206801891327 Detik
Duration Looping 700 Data 161.09820389748 Detik 
Total Duration 161.09832501411 Detik 
------------------------- 
Tanggal: 29-12-2021 20:55:01 
Duration Download Forstok 14.180269002914 Detik
Duration Looping 700 Data 163.84254193306 Detik 
Total Duration 163.84266400337 Detik 
------------------------- 
Tanggal: 29-12-2021 21:00:01 
Duration Download Forstok 13.825421094894 Detik
Duration Looping 700 Data 164.81095409393 Detik 
Total Duration 164.81106805801 Detik 
------------------------- 
Tanggal: 29-12-2021 21:05:01 
Duration Download Forstok 22.163475036621 Detik
Duration Looping 700 Data 168.8633389473 Detik 
Total Duration 168.86345982552 Detik 
------------------------- 
Tanggal: 29-12-2021 21:10:01 
Duration Download Forstok 14.214689016342 Detik
Duration Looping 700 Data 154.98812913895 Detik 
Total Duration 154.98824715614 Detik 
------------------------- 
Tanggal: 29-12-2021 21:15:01 
Duration Download Forstok 13.780225038528 Detik
Duration Looping 700 Data 157.1730568409 Detik 
Total Duration 157.17314004898 Detik 
------------------------- 
Tanggal: 29-12-2021 21:20:01 
Duration Download Forstok 16.876973867416 Detik
Duration Looping 700 Data 170.07439899445 Detik 
Total Duration 170.07454895973 Detik 
------------------------- 
Tanggal: 29-12-2021 21:25:01 
Duration Download Forstok 21.677973031998 Detik
Duration Looping 700 Data 169.63203501701 Detik 
Total Duration 169.63215088844 Detik 
------------------------- 
Tanggal: 29-12-2021 21:30:01 
Duration Download Forstok 13.308917999268 Detik
Duration Looping 700 Data 161.04945993423 Detik 
Total Duration 161.04957890511 Detik 
------------------------- 
Tanggal: 29-12-2021 21:35:01 
Duration Download Forstok 26.215631008148 Detik
Duration Looping 700 Data 170.24779295921 Detik 
Total Duration 170.24791693687 Detik 
------------------------- 
Tanggal: 29-12-2021 21:40:01 
Duration Download Forstok 13.192061901093 Detik
Duration Looping 700 Data 160.40613007545 Detik 
Total Duration 160.40624904633 Detik 
------------------------- 
Tanggal: 29-12-2021 21:45:01 
Duration Download Forstok 18.547778844833 Detik
Duration Looping 700 Data 158.91579389572 Detik 
Total Duration 158.91591191292 Detik 
------------------------- 
Tanggal: 29-12-2021 21:50:01 
Duration Download Forstok 14.205482006073 Detik
Duration Looping 700 Data 161.91718316078 Detik 
Total Duration 161.917304039 Detik 
------------------------- 
Tanggal: 29-12-2021 21:55:01 
Duration Download Forstok 16.3771879673 Detik
Duration Looping 700 Data 166.15750479698 Detik 
Total Duration 166.15762281418 Detik 
------------------------- 
Tanggal: 29-12-2021 22:00:01 
Duration Download Forstok 16.134082078934 Detik
Duration Looping 700 Data 164.7236020565 Detik 
Total Duration 164.72371697426 Detik 
------------------------- 
Tanggal: 29-12-2021 22:05:01 
Duration Download Forstok 17.663931131363 Detik
Duration Looping 700 Data 159.96669721603 Detik 
Total Duration 159.96680903435 Detik 
------------------------- 
Tanggal: 29-12-2021 22:10:01 
Duration Download Forstok 14.852049827576 Detik
Duration Looping 700 Data 155.12934589386 Detik 
Total Duration 155.12945699692 Detik 
------------------------- 
Tanggal: 29-12-2021 22:15:01 
Duration Download Forstok 18.225157976151 Detik
Duration Looping 700 Data 161.73543405533 Detik 
Total Duration 161.73555397987 Detik 
------------------------- 
Tanggal: 29-12-2021 22:20:01 
Duration Download Forstok 15.892059803009 Detik
Duration Looping 700 Data 163.84375 Detik 
Total Duration 163.84387278557 Detik 
------------------------- 
Tanggal: 29-12-2021 22:25:01 
Duration Download Forstok 13.880050897598 Detik
Duration Looping 700 Data 157.33013606071 Detik 
Total Duration 157.3302500248 Detik 
------------------------- 
Tanggal: 29-12-2021 22:30:02 
Duration Download Forstok 16.699926137924 Detik
Duration Looping 700 Data 158.78087711334 Detik 
Total Duration 158.7809920311 Detik 
------------------------- 
Tanggal: 29-12-2021 22:35:01 
Duration Download Forstok 18.549512863159 Detik
Duration Looping 700 Data 173.23624801636 Detik 
Total Duration 173.23636889458 Detik 
------------------------- 
Tanggal: 29-12-2021 22:40:01 
Duration Download Forstok 18.389359951019 Detik
Duration Looping 700 Data 168.40264582634 Detik 
Total Duration 168.40276288986 Detik 
------------------------- 
Tanggal: 29-12-2021 22:45:01 
Duration Download Forstok 15.605026960373 Detik
Duration Looping 700 Data 165.17933797836 Detik 
Total Duration 165.17945384979 Detik 
------------------------- 
Tanggal: 29-12-2021 22:50:01 
Duration Download Forstok 17.02103304863 Detik
Duration Looping 700 Data 159.00585198402 Detik 
Total Duration 159.00596213341 Detik 
------------------------- 
Tanggal: 29-12-2021 22:55:01 
Duration Download Forstok 11.744919061661 Detik
Duration Looping 700 Data 156.04983615875 Detik 
Total Duration 156.04994606972 Detik 
------------------------- 
Tanggal: 29-12-2021 23:00:01 
Duration Download Forstok 15.162058115005 Detik
Duration Looping 700 Data 163.56484913826 Detik 
Total Duration 163.56495213509 Detik 
------------------------- 
Tanggal: 29-12-2021 23:05:01 
Duration Download Forstok 17.246603965759 Detik
Duration Looping 700 Data 159.08222699165 Detik 
Total Duration 159.08233380318 Detik 
------------------------- 
Tanggal: 29-12-2021 23:10:01 
Duration Download Forstok 13.300320148468 Detik
Duration Looping 700 Data 161.63263607025 Detik 
Total Duration 161.63277411461 Detik 
------------------------- 
Tanggal: 29-12-2021 23:15:01 
Duration Download Forstok 15.212481021881 Detik
Duration Looping 700 Data 165.41647601128 Detik 
Total Duration 165.4165968895 Detik 
------------------------- 
Tanggal: 29-12-2021 23:20:02 
Duration Download Forstok 18.207963943481 Detik
Duration Looping 700 Data 161.13670301437 Detik 
Total Duration 161.13681697845 Detik 
------------------------- 
Tanggal: 29-12-2021 23:25:01 
Duration Download Forstok 17.021128892899 Detik
Duration Looping 700 Data 156.82343792915 Detik 
Total Duration 156.82356500626 Detik 
------------------------- 
Tanggal: 29-12-2021 23:30:01 
Duration Download Forstok 15.940660953522 Detik
Duration Looping 700 Data 160.03854894638 Detik 
Total Duration 160.03864312172 Detik 
------------------------- 
Tanggal: 29-12-2021 23:35:01 
Duration Download Forstok 24.260472774506 Detik
Duration Looping 700 Data 165.26902890205 Detik 
Total Duration 165.26913881302 Detik 
------------------------- 
Tanggal: 29-12-2021 23:40:01 
Duration Download Forstok 14.357264995575 Detik
Duration Looping 700 Data 160.81034708023 Detik 
Total Duration 160.81045794487 Detik 
------------------------- 
Tanggal: 29-12-2021 23:45:01 
Duration Download Forstok 17.112931013107 Detik
Duration Looping 700 Data 166.43693518639 Detik 
Total Duration 166.43705010414 Detik 
------------------------- 
Tanggal: 29-12-2021 23:50:01 
Duration Download Forstok 15.030644178391 Detik
Duration Looping 700 Data 157.01627206802 Detik 
Total Duration 157.01639413834 Detik 
------------------------- 
Tanggal: 29-12-2021 23:55:01 
Duration Download Forstok 15.094273805618 Detik
Duration Looping 700 Data 164.82511377335 Detik 
Total Duration 164.82523393631 Detik 
------------------------- 
