Tanggal: 15-02-2022 00:00:01 
Duration Download Forstok 15.830863952637 Detik
Duration Looping 700 Data 556.97903299332 Detik 
Total Duration 556.98237705231 Detik 
------------------------- 
Tanggal: 15-02-2022 00:10:01 
Duration Download Forstok 13.651044845581 Detik
Duration Looping 700 Data 163.94679498672 Detik 
Total Duration 163.94690799713 Detik 
------------------------- 
Tanggal: 15-02-2022 00:15:01 
Duration Download Forstok 17.474968910217 Detik
Duration Looping 700 Data 187.24201083183 Detik 
Total Duration 187.24212288857 Detik 
------------------------- 
Tanggal: 15-02-2022 00:20:01 
Duration Download Forstok 13.338675022125 Detik
Duration Looping 700 Data 162.01801395416 Detik 
Total Duration 162.01812505722 Detik 
------------------------- 
Tanggal: 15-02-2022 00:25:01 
Duration Download Forstok 12.897819042206 Detik
Duration Looping 700 Data 163.12591290474 Detik 
Total Duration 163.12601804733 Detik 
------------------------- 
Tanggal: 15-02-2022 00:30:01 
Duration Download Forstok 15.787548065186 Detik
Duration Looping 700 Data 165.33760094643 Detik 
Total Duration 165.33770799637 Detik 
------------------------- 
Tanggal: 15-02-2022 00:35:01 
Duration Download Forstok 13.157988786697 Detik
Duration Looping 700 Data 165.54334497452 Detik 
Total Duration 165.54345583916 Detik 
------------------------- 
Tanggal: 15-02-2022 00:40:01 
Duration Download Forstok 14.75701880455 Detik
Duration Looping 700 Data 166.87555289268 Detik 
Total Duration 166.8756737709 Detik 
------------------------- 
Tanggal: 15-02-2022 00:45:01 
Duration Download Forstok 15.74661898613 Detik
Duration Looping 700 Data 169.81102991104 Detik 
Total Duration 169.81114602089 Detik 
------------------------- 
Tanggal: 15-02-2022 00:50:02 
Duration Download Forstok 13.565081119537 Detik
Duration Looping 700 Data 160.53278803825 Detik 
Total Duration 160.53290295601 Detik 
------------------------- 
Tanggal: 15-02-2022 00:55:01 
Duration Download Forstok 13.993832826614 Detik
Duration Looping 700 Data 168.10808801651 Detik 
Total Duration 168.1081969738 Detik 
------------------------- 
Tanggal: 15-02-2022 01:00:01 
Duration Download Forstok 15.246684074402 Detik
Duration Looping 700 Data 162.09236598015 Detik 
Total Duration 162.09248399734 Detik 
------------------------- 
Tanggal: 15-02-2022 01:05:01 
Duration Download Forstok 20.929888010025 Detik
Duration Looping 700 Data 176.13083910942 Detik 
Total Duration 176.13096499443 Detik 
------------------------- 
Tanggal: 15-02-2022 01:10:01 
Duration Download Forstok 13.233412027359 Detik
Duration Looping 700 Data 158.10855007172 Detik 
Total Duration 158.10866308212 Detik 
------------------------- 
Tanggal: 15-02-2022 01:15:01 
Duration Download Forstok 14.393100976944 Detik
Duration Looping 700 Data 159.84175896645 Detik 
Total Duration 159.84186697006 Detik 
------------------------- 
Tanggal: 15-02-2022 01:20:01 
Duration Download Forstok 18.732086896896 Detik
Duration Looping 700 Data 168.92483186722 Detik 
Total Duration 168.92494606972 Detik 
------------------------- 
Tanggal: 15-02-2022 01:25:01 
Duration Download Forstok 12.252508878708 Detik
Duration Looping 700 Data 161.95164084435 Detik 
Total Duration 161.95174884796 Detik 
------------------------- 
Tanggal: 15-02-2022 01:30:02 
Duration Download Forstok 14.16960310936 Detik
Duration Looping 700 Data 163.27092695236 Detik 
Total Duration 163.2710340023 Detik 
------------------------- 
Tanggal: 15-02-2022 01:35:01 
Duration Download Forstok 13.207238912582 Detik
Duration Looping 700 Data 159.11601090431 Detik 
Total Duration 159.11611890793 Detik 
------------------------- 
Tanggal: 15-02-2022 01:40:01 
Duration Download Forstok 16.610523939133 Detik
Duration Looping 700 Data 162.96346998215 Detik 
Total Duration 162.9635720253 Detik 
------------------------- 
Tanggal: 15-02-2022 01:45:01 
Duration Download Forstok 20.716279983521 Detik
Duration Looping 700 Data 176.80169200897 Detik 
Total Duration 176.80180311203 Detik 
------------------------- 
Tanggal: 15-02-2022 01:50:01 
Duration Download Forstok 12.191856861115 Detik
Duration Looping 700 Data 161.51105499268 Detik 
Total Duration 161.51116085052 Detik 
------------------------- 
Tanggal: 15-02-2022 01:55:01 
Duration Download Forstok 16.780622959137 Detik
Duration Looping 700 Data 170.30488204956 Detik 
Total Duration 170.30499100685 Detik 
------------------------- 
Tanggal: 15-02-2022 02:00:01 
Duration Download Forstok 14.742368936539 Detik
Duration Looping 700 Data 167.73469495773 Detik 
Total Duration 167.7348048687 Detik 
------------------------- 
Tanggal: 15-02-2022 02:05:01 
Duration Download Forstok 19.970875024796 Detik
Duration Looping 700 Data 172.17091298103 Detik 
Total Duration 172.17102503777 Detik 
------------------------- 
Tanggal: 15-02-2022 02:10:01 
Duration Download Forstok 12.450808048248 Detik
Duration Looping 700 Data 157.23933291435 Detik 
Total Duration 157.23944497108 Detik 
------------------------- 
Tanggal: 15-02-2022 02:15:01 
Duration Download Forstok 14.258608102798 Detik
Duration Looping 700 Data 173.5595600605 Detik 
Total Duration 173.55967307091 Detik 
------------------------- 
Tanggal: 15-02-2022 02:20:01 
Duration Download Forstok 12.978830814362 Detik
Duration Looping 700 Data 161.16810584068 Detik 
Total Duration 161.16821098328 Detik 
------------------------- 
Tanggal: 15-02-2022 02:25:01 
Duration Download Forstok 13.901155948639 Detik
Duration Looping 700 Data 167.18463182449 Detik 
Total Duration 167.18473887444 Detik 
------------------------- 
Tanggal: 15-02-2022 02:30:01 
Duration Download Forstok 14.667253017426 Detik
Duration Looping 700 Data 164.19540381432 Detik 
Total Duration 164.19551682472 Detik 
------------------------- 
Tanggal: 15-02-2022 02:35:01 
Duration Download Forstok 13.883543014526 Detik
Duration Looping 700 Data 166.00415611267 Detik 
Total Duration 166.00427103043 Detik 
------------------------- 
Tanggal: 15-02-2022 02:40:01 
Duration Download Forstok 14.488327026367 Detik
Duration Looping 700 Data 164.82241487503 Detik 
Total Duration 164.82252907753 Detik 
------------------------- 
Tanggal: 15-02-2022 02:45:01 
Duration Download Forstok 20.063893079758 Detik
Duration Looping 700 Data 171.27084898949 Detik 
Total Duration 171.27096509933 Detik 
------------------------- 
Tanggal: 15-02-2022 02:50:01 
Duration Download Forstok 16.776802062988 Detik
Duration Looping 700 Data 163.85808300972 Detik 
Total Duration 163.85819602013 Detik 
------------------------- 
Tanggal: 15-02-2022 02:55:01 
Duration Download Forstok 12.381745100021 Detik
Duration Looping 700 Data 157.2073431015 Detik 
Total Duration 157.20745801926 Detik 
------------------------- 
Tanggal: 15-02-2022 03:00:02 
Duration Download Forstok 21.167469978333 Detik
Duration Looping 700 Data 173.09716081619 Detik 
Total Duration 173.09728002548 Detik 
------------------------- 
Tanggal: 15-02-2022 03:05:01 
Duration Download Forstok 19.597450971603 Detik
Duration Looping 700 Data 167.89059400558 Detik 
Total Duration 167.89071798325 Detik 
------------------------- 
Tanggal: 15-02-2022 03:10:01 
Duration Download Forstok 15.286846876144 Detik
Duration Looping 700 Data 164.10379695892 Detik 
Total Duration 164.10393404961 Detik 
------------------------- 
Tanggal: 15-02-2022 03:15:01 
Duration Download Forstok 17.036964893341 Detik
Duration Looping 700 Data 164.07372283936 Detik 
Total Duration 164.07383990288 Detik 
------------------------- 
Tanggal: 15-02-2022 03:20:01 
Duration Download Forstok 14.426893949509 Detik
Duration Looping 700 Data 158.68502688408 Detik 
Total Duration 158.6851439476 Detik 
------------------------- 
Tanggal: 15-02-2022 03:25:01 
Duration Download Forstok 13.487215995789 Detik
Duration Looping 700 Data 157.21643805504 Detik 
Total Duration 157.21655201912 Detik 
------------------------- 
Tanggal: 15-02-2022 03:30:02 
Duration Download Forstok 14.478952884674 Detik
Duration Looping 700 Data 168.05457687378 Detik 
Total Duration 168.05469298363 Detik 
------------------------- 
Tanggal: 15-02-2022 03:35:01 
Duration Download Forstok 17.046396970749 Detik
Duration Looping 700 Data 165.49581003189 Detik 
Total Duration 165.49591302872 Detik 
------------------------- 
Tanggal: 15-02-2022 03:40:01 
Duration Download Forstok 15.892251968384 Detik
Duration Looping 700 Data 161.01916098595 Detik 
Total Duration 161.01926612854 Detik 
------------------------- 
Tanggal: 15-02-2022 03:45:01 
Duration Download Forstok 19.157417058945 Detik
Duration Looping 700 Data 168.71742510796 Detik 
Total Duration 168.71753907204 Detik 
------------------------- 
Tanggal: 15-02-2022 03:50:01 
Duration Download Forstok 13.515839099884 Detik
Duration Looping 700 Data 159.15852093697 Detik 
Total Duration 159.15863108635 Detik 
------------------------- 
Tanggal: 15-02-2022 03:55:01 
Duration Download Forstok 12.621791124344 Detik
Duration Looping 700 Data 163.65550112724 Detik 
Total Duration 163.65562105179 Detik 
------------------------- 
Tanggal: 15-02-2022 04:00:01 
Duration Download Forstok 13.046127080917 Detik
Duration Looping 700 Data 163.24786305428 Detik 
Total Duration 163.24796700478 Detik 
------------------------- 
Tanggal: 15-02-2022 04:05:01 
Duration Download Forstok 18.9729180336 Detik
Duration Looping 700 Data 169.64821815491 Detik 
Total Duration 169.6483271122 Detik 
------------------------- 
Tanggal: 15-02-2022 04:10:01 
Duration Download Forstok 12.99462890625 Detik
Duration Looping 700 Data 159.0438709259 Detik 
Total Duration 159.04397583008 Detik 
------------------------- 
Tanggal: 15-02-2022 04:15:01 
Duration Download Forstok 19.508441209793 Detik
Duration Looping 700 Data 168.87582015991 Detik 
Total Duration 168.87593221664 Detik 
------------------------- 
Tanggal: 15-02-2022 04:20:01 
Duration Download Forstok 12.088599920273 Detik
Duration Looping 700 Data 164.36324691772 Detik 
Total Duration 164.36335492134 Detik 
------------------------- 
Tanggal: 15-02-2022 04:25:02 
Duration Download Forstok 13.308341026306 Detik
Duration Looping 700 Data 159.28619503975 Detik 
Total Duration 159.28631019592 Detik 
------------------------- 
Tanggal: 15-02-2022 04:30:02 
Duration Download Forstok 14.875565052032 Detik
Duration Looping 700 Data 179.68466091156 Detik 
Total Duration 179.68476605415 Detik 
------------------------- 
Tanggal: 15-02-2022 04:35:01 
Duration Download Forstok 15.529363155365 Detik
Duration Looping 700 Data 165.90070796013 Detik 
Total Duration 165.90081810951 Detik 
------------------------- 
Tanggal: 15-02-2022 04:40:02 
Duration Download Forstok 18.501368999481 Detik
Duration Looping 700 Data 166.62471604347 Detik 
Total Duration 166.62482905388 Detik 
------------------------- 
Tanggal: 15-02-2022 04:45:01 
Duration Download Forstok 15.970983028412 Detik
Duration Looping 700 Data 165.32357120514 Detik 
Total Duration 165.32368206978 Detik 
------------------------- 
Tanggal: 15-02-2022 04:50:01 
Duration Download Forstok 20.093202114105 Detik
Duration Looping 700 Data 164.47878694534 Detik 
Total Duration 164.47889709473 Detik 
------------------------- 
Tanggal: 15-02-2022 04:55:01 
Duration Download Forstok 17.293820858002 Detik
Duration Looping 700 Data 162.0013589859 Detik 
Total Duration 162.00146579742 Detik 
------------------------- 
Tanggal: 15-02-2022 05:00:02 
Duration Download Forstok 15.959491014481 Detik
Duration Looping 700 Data 160.40624499321 Detik 
Total Duration 160.40636706352 Detik 
------------------------- 
Tanggal: 15-02-2022 05:05:01 
Duration Download Forstok 31.971329927444 Detik
Duration Looping 700 Data 177.78760409355 Detik 
Total Duration 177.78771591187 Detik 
------------------------- 
Tanggal: 15-02-2022 05:10:01 
Duration Download Forstok 13.422952890396 Detik
Duration Looping 700 Data 162.03609704971 Detik 
Total Duration 162.03621411324 Detik 
------------------------- 
Tanggal: 15-02-2022 05:15:01 
Duration Download Forstok 19.692466974258 Detik
Duration Looping 700 Data 164.85590100288 Detik 
Total Duration 164.8560090065 Detik 
------------------------- 
Tanggal: 15-02-2022 05:20:01 
Duration Download Forstok 12.418888092041 Detik
Duration Looping 700 Data 160.73347902298 Detik 
Total Duration 160.73358011246 Detik 
------------------------- 
Tanggal: 15-02-2022 05:25:01 
Duration Download Forstok 14.845051050186 Detik
Duration Looping 700 Data 158.48325014114 Detik 
Total Duration 158.48335814476 Detik 
------------------------- 
Tanggal: 15-02-2022 05:30:01 
Duration Download Forstok 17.232331991196 Detik
Duration Looping 700 Data 164.01321291924 Detik 
Total Duration 164.01332187653 Detik 
------------------------- 
Tanggal: 15-02-2022 05:35:01 
Duration Download Forstok 12.408059835434 Detik
Duration Looping 700 Data 156.51436090469 Detik 
Total Duration 156.51446604729 Detik 
------------------------- 
Tanggal: 15-02-2022 05:40:01 
Duration Download Forstok 14.712728977203 Detik
Duration Looping 700 Data 158.78003501892 Detik 
Total Duration 158.78014302254 Detik 
------------------------- 
Tanggal: 15-02-2022 05:45:01 
Duration Download Forstok 16.205833911896 Detik
Duration Looping 700 Data 169.49223685265 Detik 
Total Duration 169.49234890938 Detik 
------------------------- 
Tanggal: 15-02-2022 05:50:01 
Duration Download Forstok 14.33237195015 Detik
Duration Looping 700 Data 158.16932702065 Detik 
Total Duration 158.1694149971 Detik 
------------------------- 
Tanggal: 15-02-2022 05:55:01 
Duration Download Forstok 14.59166097641 Detik
Duration Looping 700 Data 170.22791194916 Detik 
Total Duration 170.22802305222 Detik 
------------------------- 
Tanggal: 15-02-2022 06:00:01 
Duration Download Forstok 13.679030895233 Detik
Duration Looping 700 Data 161.59227085114 Detik 
Total Duration 161.59238004684 Detik 
------------------------- 
Tanggal: 15-02-2022 06:05:01 
Duration Download Forstok 20.410026073456 Detik
Duration Looping 700 Data 168.16021299362 Detik 
Total Duration 168.16032290459 Detik 
------------------------- 
Tanggal: 15-02-2022 06:10:01 
Duration Download Forstok 14.095869064331 Detik
Duration Looping 700 Data 162.87695193291 Detik 
Total Duration 162.87705993652 Detik 
------------------------- 
Tanggal: 15-02-2022 06:15:01 
Duration Download Forstok 15.800956964493 Detik
Duration Looping 700 Data 166.29690408707 Detik 
Total Duration 166.2970161438 Detik 
------------------------- 
Tanggal: 15-02-2022 06:20:01 
Duration Download Forstok 12.978901863098 Detik
Duration Looping 700 Data 159.55450201035 Detik 
Total Duration 159.55460882187 Detik 
------------------------- 
Tanggal: 15-02-2022 06:25:01 
Duration Download Forstok 14.81508898735 Detik
Duration Looping 700 Data 164.31123805046 Detik 
Total Duration 164.31134915352 Detik 
------------------------- 
Tanggal: 15-02-2022 06:30:01 
Duration Download Forstok 15.431280851364 Detik
Duration Looping 700 Data 169.47437095642 Detik 
Total Duration 169.47448086739 Detik 
------------------------- 
Tanggal: 15-02-2022 06:35:01 
Duration Download Forstok 12.925468921661 Detik
Duration Looping 700 Data 165.07674694061 Detik 
Total Duration 165.07686090469 Detik 
------------------------- 
Tanggal: 15-02-2022 06:40:01 
Duration Download Forstok 12.886549949646 Detik
Duration Looping 700 Data 157.2636449337 Detik 
Total Duration 157.26378893852 Detik 
------------------------- 
Tanggal: 15-02-2022 06:45:01 
Duration Download Forstok 16.487223148346 Detik
Duration Looping 700 Data 161.11553406715 Detik 
Total Duration 161.11564898491 Detik 
------------------------- 
Tanggal: 15-02-2022 06:50:01 
Duration Download Forstok 11.990481853485 Detik
Duration Looping 700 Data 158.03880596161 Detik 
Total Duration 158.03891301155 Detik 
------------------------- 
Tanggal: 15-02-2022 06:55:01 
Duration Download Forstok 17.157624006271 Detik
Duration Looping 700 Data 173.14807105064 Detik 
Total Duration 173.14822006226 Detik 
------------------------- 
Tanggal: 15-02-2022 07:00:01 
Duration Download Forstok 13.970398187637 Detik
Duration Looping 700 Data 164.47746419907 Detik 
Total Duration 164.47757315636 Detik 
------------------------- 
Tanggal: 15-02-2022 07:05:01 
Duration Download Forstok 16.694617033005 Detik
Duration Looping 700 Data 162.74333405495 Detik 
Total Duration 162.74345302582 Detik 
------------------------- 
Tanggal: 15-02-2022 07:10:01 
Duration Download Forstok 16.472477912903 Detik
Duration Looping 700 Data 165.63297700882 Detik 
Total Duration 165.63310694695 Detik 
------------------------- 
Tanggal: 15-02-2022 07:15:01 
Duration Download Forstok 18.66038608551 Detik
Duration Looping 700 Data 174.03404593468 Detik 
Total Duration 174.03416705132 Detik 
------------------------- 
Tanggal: 15-02-2022 07:20:01 
Duration Download Forstok 16.733672857285 Detik
Duration Looping 700 Data 167.42471981049 Detik 
Total Duration 167.42483091354 Detik 
------------------------- 
Tanggal: 15-02-2022 07:25:01 
Duration Download Forstok 14.084668874741 Detik
Duration Looping 700 Data 169.15366697311 Detik 
Total Duration 169.1537759304 Detik 
------------------------- 
Tanggal: 15-02-2022 07:30:01 
Duration Download Forstok 15.971807956696 Detik
Duration Looping 700 Data 167.60927891731 Detik 
Total Duration 167.60939407349 Detik 
------------------------- 
Tanggal: 15-02-2022 07:35:01 
Duration Download Forstok 13.432296037674 Detik
Duration Looping 700 Data 165.00061988831 Detik 
Total Duration 165.00073003769 Detik 
------------------------- 
Tanggal: 15-02-2022 07:40:01 
Duration Download Forstok 13.307676076889 Detik
Duration Looping 700 Data 170.09030008316 Detik 
Total Duration 170.09041404724 Detik 
------------------------- 
Tanggal: 15-02-2022 07:45:01 
Duration Download Forstok 17.723397016525 Detik
Duration Looping 700 Data 165.76022195816 Detik 
Total Duration 165.76036596298 Detik 
------------------------- 
Tanggal: 15-02-2022 07:50:01 
Duration Download Forstok 13.267150163651 Detik
Duration Looping 700 Data 167.0194311142 Detik 
Total Duration 167.01954102516 Detik 
------------------------- 
Tanggal: 15-02-2022 07:55:01 
Duration Download Forstok 11.599815130234 Detik
Duration Looping 700 Data 160.07283115387 Detik 
Total Duration 160.07294201851 Detik 
------------------------- 
Tanggal: 15-02-2022 08:00:01 
Duration Download Forstok 15.080749034882 Detik
Duration Looping 700 Data 171.45776987076 Detik 
Total Duration 171.45790886879 Detik 
------------------------- 
Tanggal: 15-02-2022 08:05:01 
Duration Download Forstok 19.690898180008 Detik
Duration Looping 700 Data 173.53476309776 Detik 
Total Duration 173.5348739624 Detik 
------------------------- 
Tanggal: 15-02-2022 08:10:01 
Duration Download Forstok 12.728069782257 Detik
Duration Looping 700 Data 162.88129997253 Detik 
Total Duration 162.88140797615 Detik 
------------------------- 
Tanggal: 15-02-2022 08:15:01 
Duration Download Forstok 14.592053890228 Detik
Duration Looping 700 Data 165.59944701195 Detik 
Total Duration 165.59956407547 Detik 
------------------------- 
Tanggal: 15-02-2022 08:20:01 
Duration Download Forstok 16.449131965637 Detik
Duration Looping 700 Data 170.20690107346 Detik 
Total Duration 170.20699000359 Detik 
------------------------- 
Tanggal: 15-02-2022 08:25:01 
Duration Download Forstok 15.336880922318 Detik
Duration Looping 700 Data 170.6683909893 Detik 
Total Duration 170.66850399971 Detik 
------------------------- 
Tanggal: 15-02-2022 08:30:01 
Duration Download Forstok 22.610710144043 Detik
Duration Looping 700 Data 180.3596200943 Detik 
Total Duration 180.35971903801 Detik 
------------------------- 
Tanggal: 15-02-2022 08:35:01 
Duration Download Forstok 19.425065994263 Detik
Duration Looping 700 Data 180.94769096375 Detik 
Total Duration 180.94780492783 Detik 
------------------------- 
Tanggal: 15-02-2022 08:40:01 
Duration Download Forstok 13.346727848053 Detik
Duration Looping 700 Data 174.76141786575 Detik 
Total Duration 174.76159596443 Detik 
------------------------- 
Tanggal: 15-02-2022 08:45:01 
Duration Download Forstok 15.015299081802 Detik
Duration Looping 700 Data 177.04062008858 Detik 
Total Duration 177.04071903229 Detik 
------------------------- 
Tanggal: 15-02-2022 08:50:01 
Duration Download Forstok 18.289443016052 Detik
Duration Looping 700 Data 181.17938399315 Detik 
Total Duration 181.17949199677 Detik 
------------------------- 
Tanggal: 15-02-2022 08:55:01 
Duration Download Forstok 14.800546169281 Detik
Duration Looping 700 Data 179.37341403961 Detik 
Total Duration 179.37353897095 Detik 
------------------------- 
Tanggal: 15-02-2022 09:00:01 
Duration Download Forstok 14.417309999466 Detik
Duration Looping 700 Data 175.20386815071 Detik 
Total Duration 175.20397019386 Detik 
------------------------- 
Tanggal: 15-02-2022 09:05:01 
Duration Download Forstok 24.622595071793 Detik
Duration Looping 700 Data 186.8997631073 Detik 
Total Duration 186.89987707138 Detik 
------------------------- 
Tanggal: 15-02-2022 09:10:01 
Duration Download Forstok 18.956903219223 Detik
Duration Looping 700 Data 176.87697410583 Detik 
Total Duration 176.87709212303 Detik 
------------------------- 
Tanggal: 15-02-2022 09:15:01 
Duration Download Forstok 18.437152862549 Detik
Duration Looping 700 Data 174.56860399246 Detik 
Total Duration 174.56870985031 Detik 
------------------------- 
Tanggal: 15-02-2022 09:20:01 
Duration Download Forstok 13.061905145645 Detik
Duration Looping 700 Data 174.13118815422 Detik 
Total Duration 174.13130021095 Detik 
------------------------- 
Tanggal: 15-02-2022 09:25:01 
Duration Download Forstok 14.232221126556 Detik
Duration Looping 700 Data 171.50323414803 Detik 
Total Duration 171.50335216522 Detik 
------------------------- 
Tanggal: 15-02-2022 09:30:01 
Duration Download Forstok 16.312016010284 Detik
Duration Looping 700 Data 172.72444391251 Detik 
Total Duration 172.72458386421 Detik 
------------------------- 
Tanggal: 15-02-2022 09:35:01 
Duration Download Forstok 16.108817815781 Detik
Duration Looping 700 Data 174.00853490829 Detik 
Total Duration 174.00862503052 Detik 
------------------------- 
Tanggal: 15-02-2022 09:40:01 
Duration Download Forstok 18.672374010086 Detik
Duration Looping 700 Data 177.14267706871 Detik 
Total Duration 177.14277100563 Detik 
------------------------- 
Tanggal: 15-02-2022 09:45:01 
Duration Download Forstok 16.758797883987 Detik
Duration Looping 700 Data 178.61973905563 Detik 
Total Duration 178.61984586716 Detik 
------------------------- 
Tanggal: 15-02-2022 09:50:01 
Duration Download Forstok 16.47047495842 Detik
Duration Looping 700 Data 172.48899078369 Detik 
Total Duration 172.48911499977 Detik 
------------------------- 
Tanggal: 15-02-2022 09:55:01 
Duration Download Forstok 18.587652921677 Detik
Duration Looping 700 Data 172.25145697594 Detik 
Total Duration 172.25156593323 Detik 
------------------------- 
Tanggal: 15-02-2022 10:00:01 
Duration Download Forstok 15.84396314621 Detik
Duration Looping 700 Data 177.7126121521 Detik 
Total Duration 177.71274900436 Detik 
------------------------- 
Tanggal: 15-02-2022 10:05:01 
Duration Download Forstok 23.48891711235 Detik
Duration Looping 700 Data 185.39596319199 Detik 
Total Duration 185.39607810974 Detik 
------------------------- 
Tanggal: 15-02-2022 10:10:01 
Duration Download Forstok 21.225255966187 Detik
Duration Looping 700 Data 178.1755490303 Detik 
Total Duration 178.17567300797 Detik 
------------------------- 
Tanggal: 15-02-2022 10:15:01 
Duration Download Forstok 19.999300003052 Detik
Duration Looping 700 Data 178.91510891914 Detik 
Total Duration 178.91520500183 Detik 
------------------------- 
Tanggal: 15-02-2022 10:20:01 
Duration Download Forstok 19.361934900284 Detik
Duration Looping 700 Data 176.62742400169 Detik 
Total Duration 176.62753200531 Detik 
------------------------- 
Tanggal: 15-02-2022 10:25:01 
Duration Download Forstok 18.324814081192 Detik
Duration Looping 700 Data 176.51116299629 Detik 
Total Duration 176.51129102707 Detik 
------------------------- 
Tanggal: 15-02-2022 10:30:01 
Duration Download Forstok 15.838799953461 Detik
Duration Looping 700 Data 178.21008181572 Detik 
Total Duration 178.21019792557 Detik 
------------------------- 
Tanggal: 15-02-2022 10:35:01 
Duration Download Forstok 14.480854988098 Detik
Duration Looping 700 Data 173.8655538559 Detik 
Total Duration 173.86568284035 Detik 
------------------------- 
Tanggal: 15-02-2022 10:40:01 
Duration Download Forstok 17.319688081741 Detik
Duration Looping 700 Data 175.64599204063 Detik 
Total Duration 175.64611101151 Detik 
------------------------- 
Tanggal: 15-02-2022 10:45:01 
Duration Download Forstok 20.343661785126 Detik
Duration Looping 700 Data 183.79715895653 Detik 
Total Duration 183.79727387428 Detik 
------------------------- 
Tanggal: 15-02-2022 10:50:01 
Duration Download Forstok 18.693966150284 Detik
Duration Looping 700 Data 175.23937511444 Detik 
Total Duration 175.23946595192 Detik 
------------------------- 
Tanggal: 15-02-2022 10:55:01 
Duration Download Forstok 13.013510942459 Detik
Duration Looping 700 Data 173.25384497643 Detik 
Total Duration 173.25395584106 Detik 
------------------------- 
Tanggal: 15-02-2022 11:00:01 
Duration Download Forstok 15.255851984024 Detik
Duration Looping 700 Data 174.2944688797 Detik 
Total Duration 174.29459190369 Detik 
------------------------- 
Tanggal: 15-02-2022 11:05:01 
Duration Download Forstok 23.056494951248 Detik
Duration Looping 700 Data 179.17674803734 Detik 
Total Duration 179.17687392235 Detik 
------------------------- 
Tanggal: 15-02-2022 11:10:01 
Duration Download Forstok 14.66247010231 Detik
Duration Looping 700 Data 171.44115710258 Detik 
Total Duration 171.4412689209 Detik 
------------------------- 
Tanggal: 15-02-2022 11:15:01 
Duration Download Forstok 19.904151916504 Detik
Duration Looping 700 Data 180.91473698616 Detik 
Total Duration 180.91486692429 Detik 
------------------------- 
Tanggal: 15-02-2022 11:20:01 
Duration Download Forstok 13.630564928055 Detik
Duration Looping 700 Data 179.47472691536 Detik 
Total Duration 179.47485208511 Detik 
------------------------- 
Tanggal: 15-02-2022 11:25:01 
Duration Download Forstok 16.421483039856 Detik
Duration Looping 700 Data 178.23902320862 Detik 
Total Duration 178.23915100098 Detik 
------------------------- 
Tanggal: 15-02-2022 11:30:01 
Duration Download Forstok 16.487697124481 Detik
Duration Looping 700 Data 170.55927014351 Detik 
Total Duration 170.55939912796 Detik 
------------------------- 
Tanggal: 15-02-2022 11:35:01 
Duration Download Forstok 14.587355136871 Detik
Duration Looping 700 Data 170.73745512962 Detik 
Total Duration 170.73757100105 Detik 
------------------------- 
Tanggal: 15-02-2022 11:40:01 
Duration Download Forstok 16.344233036041 Detik
Duration Looping 700 Data 178.32204294205 Detik 
Total Duration 178.32216191292 Detik 
------------------------- 
Tanggal: 15-02-2022 11:45:01 
Duration Download Forstok 22.734596967697 Detik
Duration Looping 700 Data 185.46080994606 Detik 
Total Duration 185.46091103554 Detik 
------------------------- 
Tanggal: 15-02-2022 11:50:01 
Duration Download Forstok 17.124591112137 Detik
Duration Looping 700 Data 177.84933114052 Detik 
Total Duration 177.84943914413 Detik 
------------------------- 
Tanggal: 15-02-2022 11:55:01 
Duration Download Forstok 15.572453022003 Detik
Duration Looping 700 Data 177.33291196823 Detik 
Total Duration 177.33303189278 Detik 
------------------------- 
Tanggal: 15-02-2022 12:00:01 
Duration Download Forstok 15.314596891403 Detik
Duration Looping 700 Data 188.14721798897 Detik 
Total Duration 188.14733195305 Detik 
------------------------- 
Tanggal: 15-02-2022 12:05:01 
Duration Download Forstok 11.286550998688 Detik
Duration Looping 700 Data 170.24996900558 Detik 
Total Duration 170.25007414818 Detik 
------------------------- 
Tanggal: 15-02-2022 12:10:02 
Duration Download Forstok 14.081202983856 Detik
Duration Looping 700 Data 167.72000002861 Detik 
Total Duration 167.72011613846 Detik 
------------------------- 
Tanggal: 15-02-2022 12:15:01 
Duration Download Forstok 14.451970815659 Detik
Duration Looping 700 Data 171.48793292046 Detik 
Total Duration 171.4880490303 Detik 
------------------------- 
Tanggal: 15-02-2022 12:20:01 
Duration Download Forstok 13.201174974442 Detik
Duration Looping 700 Data 178.11434006691 Detik 
Total Duration 178.11446714401 Detik 
------------------------- 
Tanggal: 15-02-2022 12:25:01 
Duration Download Forstok 12.964197158813 Detik
Duration Looping 700 Data 170.56701207161 Detik 
Total Duration 170.56712698936 Detik 
------------------------- 
Tanggal: 15-02-2022 12:30:01 
Duration Download Forstok 20.508460998535 Detik
Duration Looping 700 Data 174.45081996918 Detik 
Total Duration 174.45095396042 Detik 
------------------------- 
Tanggal: 15-02-2022 12:35:01 
Duration Download Forstok 14.459845066071 Detik
Duration Looping 700 Data 167.95415902138 Detik 
Total Duration 167.95428395271 Detik 
------------------------- 
Tanggal: 15-02-2022 12:40:01 
Duration Download Forstok 13.468724966049 Detik
Duration Looping 700 Data 166.79132795334 Detik 
Total Duration 166.79146504402 Detik 
------------------------- 
Tanggal: 15-02-2022 12:45:01 
Duration Download Forstok 15.749989032745 Detik
Duration Looping 700 Data 176.19536805153 Detik 
Total Duration 176.19547986984 Detik 
------------------------- 
Tanggal: 15-02-2022 12:50:01 
Duration Download Forstok 14.526230812073 Detik
Duration Looping 700 Data 169.33946681023 Detik 
Total Duration 169.33955287933 Detik 
------------------------- 
Tanggal: 15-02-2022 12:55:01 
Duration Download Forstok 12.959783792496 Detik
Duration Looping 700 Data 165.00633192062 Detik 
Total Duration 165.00641584396 Detik 
------------------------- 
Tanggal: 15-02-2022 13:00:01 
Duration Download Forstok 15.486133098602 Detik
Duration Looping 700 Data 168.45875692368 Detik 
Total Duration 168.45884513855 Detik 
------------------------- 
Tanggal: 15-02-2022 13:05:01 
Duration Download Forstok 19.193074941635 Detik
Duration Looping 700 Data 175.89670085907 Detik 
Total Duration 175.89681482315 Detik 
------------------------- 
Tanggal: 15-02-2022 13:10:01 
Duration Download Forstok 16.160101175308 Detik
Duration Looping 700 Data 176.79330706596 Detik 
Total Duration 176.793405056 Detik 
------------------------- 
Tanggal: 15-02-2022 13:15:01 
Duration Download Forstok 16.251586914062 Detik
Duration Looping 700 Data 181.0816628933 Detik 
Total Duration 181.08176279068 Detik 
------------------------- 
Tanggal: 15-02-2022 13:20:01 
Duration Download Forstok 13.846345901489 Detik
Duration Looping 700 Data 173.60889792442 Detik 
Total Duration 173.6090118885 Detik 
------------------------- 
Tanggal: 15-02-2022 13:25:02 
Duration Download Forstok 13.886014938354 Detik
Duration Looping 700 Data 176.99299097061 Detik 
Total Duration 176.99310493469 Detik 
------------------------- 
Tanggal: 15-02-2022 13:30:01 
Duration Download Forstok 22.795552968979 Detik
Duration Looping 700 Data 190.29798698425 Detik 
Total Duration 190.29809403419 Detik 
------------------------- 
Tanggal: 15-02-2022 13:35:01 
Duration Download Forstok 18.665233135223 Detik
Duration Looping 700 Data 182.21847009659 Detik 
Total Duration 182.21858310699 Detik 
------------------------- 
Tanggal: 15-02-2022 13:40:01 
Duration Download Forstok 18.402884960175 Detik
Duration Looping 700 Data 178.84859609604 Detik 
Total Duration 178.84871006012 Detik 
------------------------- 
Tanggal: 15-02-2022 13:45:01 
Duration Download Forstok 17.375806093216 Detik
Duration Looping 700 Data 179.27983808517 Detik 
Total Duration 179.27997016907 Detik 
------------------------- 
Tanggal: 15-02-2022 13:50:01 
Duration Download Forstok 14.63409614563 Detik
Duration Looping 700 Data 177.5969171524 Detik 
Total Duration 177.59703302383 Detik 
------------------------- 
Tanggal: 15-02-2022 13:55:01 
Duration Download Forstok 14.112432003021 Detik
Duration Looping 700 Data 178.83760404587 Detik 
Total Duration 178.83772301674 Detik 
------------------------- 
Tanggal: 15-02-2022 14:00:01 
Duration Download Forstok 15.154299974442 Detik
Duration Looping 700 Data 177.62740898132 Detik 
Total Duration 177.62752604485 Detik 
------------------------- 
Tanggal: 15-02-2022 14:05:01 
Duration Download Forstok 18.900344133377 Detik
Duration Looping 700 Data 184.97823500633 Detik 
Total Duration 184.97831392288 Detik 
------------------------- 
Tanggal: 15-02-2022 14:10:01 
Duration Download Forstok 18.79397892952 Detik
Duration Looping 700 Data 182.14387893677 Detik 
Total Duration 182.14398407936 Detik 
------------------------- 
Tanggal: 15-02-2022 14:15:01 
Duration Download Forstok 22.103817939758 Detik
Duration Looping 700 Data 181.77453804016 Detik 
Total Duration 181.77465486526 Detik 
------------------------- 
Tanggal: 15-02-2022 14:20:01 
Duration Download Forstok 23.927892923355 Detik
Duration Looping 700 Data 184.2562930584 Detik 
Total Duration 184.25640511513 Detik 
------------------------- 
Tanggal: 15-02-2022 14:25:01 
Duration Download Forstok 13.227083921432 Detik
Duration Looping 700 Data 173.58315205574 Detik 
Total Duration 173.58325505257 Detik 
------------------------- 
Tanggal: 15-02-2022 14:30:01 
Duration Download Forstok 14.19803404808 Detik
Duration Looping 700 Data 179.9118309021 Detik 
Total Duration 179.91196298599 Detik 
------------------------- 
Tanggal: 15-02-2022 14:35:01 
Duration Download Forstok 14.135761022568 Detik
Duration Looping 700 Data 177.47812199593 Detik 
Total Duration 177.47823596001 Detik 
------------------------- 
Tanggal: 15-02-2022 14:40:01 
Duration Download Forstok 15.599016904831 Detik
Duration Looping 700 Data 178.78184294701 Detik 
Total Duration 178.7819340229 Detik 
------------------------- 
Tanggal: 15-02-2022 14:45:01 
Duration Download Forstok 17.387902975082 Detik
Duration Looping 700 Data 183.60502791405 Detik 
Total Duration 183.60511994362 Detik 
------------------------- 
Tanggal: 15-02-2022 14:50:01 
Duration Download Forstok 14.513170957565 Detik
Duration Looping 700 Data 175.96382117271 Detik 
Total Duration 175.96391105652 Detik 
------------------------- 
Tanggal: 15-02-2022 14:55:01 
Duration Download Forstok 12.141330957413 Detik
Duration Looping 700 Data 168.95400500298 Detik 
Total Duration 168.95412182808 Detik 
------------------------- 
Tanggal: 15-02-2022 15:00:01 
Duration Download Forstok 15.377787828445 Detik
Duration Looping 700 Data 175.46847081184 Detik 
Total Duration 175.46858787537 Detik 
------------------------- 
Tanggal: 15-02-2022 15:05:01 
Duration Download Forstok 23.56720495224 Detik
Duration Looping 700 Data 188.83020305634 Detik 
Total Duration 188.83034706116 Detik 
------------------------- 
Tanggal: 15-02-2022 15:10:01 
Duration Download Forstok 13.80925989151 Detik
Duration Looping 700 Data 179.17720985413 Detik 
Total Duration 179.177339077 Detik 
------------------------- 
Tanggal: 15-02-2022 15:15:01 
Duration Download Forstok 17.634928941727 Detik
Duration Looping 700 Data 177.34614801407 Detik 
Total Duration 177.34625792503 Detik 
------------------------- 
Tanggal: 15-02-2022 15:20:01 
Duration Download Forstok 15.408789157867 Detik
Duration Looping 700 Data 175.64815497398 Detik 
Total Duration 175.64822697639 Detik 
------------------------- 
Tanggal: 15-02-2022 15:25:01 
Duration Download Forstok 13.665619850159 Detik
Duration Looping 700 Data 176.21816301346 Detik 
Total Duration 176.218282938 Detik 
------------------------- 
Tanggal: 15-02-2022 15:30:01 
Duration Download Forstok 14.716678142548 Detik
Duration Looping 700 Data 177.19320106506 Detik 
Total Duration 177.19331002235 Detik 
------------------------- 
Tanggal: 15-02-2022 15:35:01 
Duration Download Forstok 17.149173974991 Detik
Duration Looping 700 Data 179.96713089943 Detik 
Total Duration 179.96721792221 Detik 
------------------------- 
Tanggal: 15-02-2022 15:40:01 
Duration Download Forstok 14.339699029922 Detik
Duration Looping 700 Data 181.38880586624 Detik 
Total Duration 181.3889169693 Detik 
------------------------- 
Tanggal: 15-02-2022 15:45:01 
Duration Download Forstok 26.628458976746 Detik
Duration Looping 700 Data 186.47179889679 Detik 
Total Duration 186.47187900543 Detik 
------------------------- 
Tanggal: 15-02-2022 15:50:02 
Duration Download Forstok 14.974769115448 Detik
Duration Looping 700 Data 179.14779400826 Detik 
Total Duration 179.14791417122 Detik 
------------------------- 
Tanggal: 15-02-2022 15:55:01 
Duration Download Forstok 19.549570083618 Detik
Duration Looping 700 Data 181.7889919281 Detik 
Total Duration 181.7890920639 Detik 
------------------------- 
Tanggal: 15-02-2022 16:00:01 
Duration Download Forstok 14.712109088898 Detik
Duration Looping 700 Data 181.43176293373 Detik 
Total Duration 181.43187499046 Detik 
------------------------- 
Tanggal: 15-02-2022 16:05:01 
Duration Download Forstok 38.778554201126 Detik
Duration Looping 700 Data 216.06517601013 Detik 
Total Duration 216.06528711319 Detik 
------------------------- 
Tanggal: 15-02-2022 16:10:01 
Duration Download Forstok 14.218077898026 Detik
Duration Looping 700 Data 178.66138100624 Detik 
Total Duration 178.66150403023 Detik 
------------------------- 
Tanggal: 15-02-2022 16:15:01 
Duration Download Forstok 18.521637916565 Detik
Duration Looping 700 Data 181.32618904114 Detik 
Total Duration 181.32630300522 Detik 
------------------------- 
Tanggal: 15-02-2022 16:20:01 
Duration Download Forstok 14.381952047348 Detik
Duration Looping 700 Data 178.03221511841 Detik 
Total Duration 178.03233599663 Detik 
------------------------- 
Tanggal: 15-02-2022 16:25:01 
Duration Download Forstok 18.437928915024 Detik
Duration Looping 700 Data 188.9294719696 Detik 
Total Duration 188.92956089973 Detik 
------------------------- 
Tanggal: 15-02-2022 16:30:01 
Duration Download Forstok 14.567242860794 Detik
Duration Looping 700 Data 183.59159684181 Detik 
Total Duration 183.59172081947 Detik 
------------------------- 
Tanggal: 15-02-2022 16:35:01 
Duration Download Forstok 12.60308098793 Detik
Duration Looping 700 Data 173.85655093193 Detik 
Total Duration 173.85664987564 Detik 
------------------------- 
Tanggal: 15-02-2022 16:40:01 
Duration Download Forstok 23.826164007187 Detik
Duration Looping 700 Data 186.60776209831 Detik 
Total Duration 186.60786795616 Detik 
------------------------- 
Tanggal: 15-02-2022 16:45:01 
Duration Download Forstok 17.294010877609 Detik
Duration Looping 700 Data 180.66193604469 Detik 
Total Duration 180.66202688217 Detik 
------------------------- 
Tanggal: 15-02-2022 16:50:01 
Duration Download Forstok 15.233359098434 Detik
Duration Looping 700 Data 180.4073112011 Detik 
Total Duration 180.40741109848 Detik 
------------------------- 
Tanggal: 15-02-2022 16:55:01 
Duration Download Forstok 12.997058153152 Detik
Duration Looping 700 Data 181.60019803047 Detik 
Total Duration 181.60030603409 Detik 
------------------------- 
Tanggal: 15-02-2022 17:00:01 
Duration Download Forstok 17.565460205078 Detik
Duration Looping 700 Data 180.50469398499 Detik 
Total Duration 180.5048251152 Detik 
------------------------- 
Tanggal: 15-02-2022 17:05:01 
Duration Download Forstok 26.227295160294 Detik
Duration Looping 700 Data 191.80414795876 Detik 
Total Duration 191.80428099632 Detik 
------------------------- 
Tanggal: 15-02-2022 17:10:01 
Duration Download Forstok 14.290953159332 Detik
Duration Looping 700 Data 173.17671322823 Detik 
Total Duration 173.17683005333 Detik 
------------------------- 
Tanggal: 15-02-2022 17:15:01 
Duration Download Forstok 15.143826961517 Detik
Duration Looping 700 Data 176.07349085808 Detik 
Total Duration 176.07361197472 Detik 
------------------------- 
Tanggal: 15-02-2022 17:20:01 
Duration Download Forstok 14.539613008499 Detik
Duration Looping 700 Data 174.41610503197 Detik 
Total Duration 174.41621994972 Detik 
------------------------- 
Tanggal: 15-02-2022 17:25:01 
Duration Download Forstok 13.617628097534 Detik
Duration Looping 700 Data 173.02952098846 Detik 
Total Duration 173.02964091301 Detik 
------------------------- 
Tanggal: 15-02-2022 17:30:01 
Duration Download Forstok 14.417269945145 Detik
Duration Looping 700 Data 172.69128012657 Detik 
Total Duration 172.6913831234 Detik 
------------------------- 
Tanggal: 15-02-2022 17:35:01 
Duration Download Forstok 14.453284025192 Detik
Duration Looping 700 Data 169.15566897392 Detik 
Total Duration 169.15584111214 Detik 
------------------------- 
Tanggal: 15-02-2022 17:40:01 
Duration Download Forstok 15.752810001373 Detik
Duration Looping 700 Data 169.35404896736 Detik 
Total Duration 169.35414004326 Detik 
------------------------- 
Tanggal: 15-02-2022 17:45:01 
Duration Download Forstok 27.718710899353 Detik
Duration Looping 700 Data 179.81651687622 Detik 
Total Duration 179.81663393974 Detik 
------------------------- 
Tanggal: 15-02-2022 17:50:01 
Duration Download Forstok 14.645475149155 Detik
Duration Looping 700 Data 168.89260005951 Detik 
Total Duration 168.89272117615 Detik 
------------------------- 
Tanggal: 15-02-2022 17:55:01 
Duration Download Forstok 13.836245059967 Detik
Duration Looping 700 Data 175.53277206421 Detik 
Total Duration 175.53288912773 Detik 
------------------------- 
Tanggal: 15-02-2022 18:00:01 
Duration Download Forstok 16.113138914108 Detik
Duration Looping 700 Data 173.06497097015 Detik 
Total Duration 173.06507897377 Detik 
------------------------- 
Tanggal: 15-02-2022 18:05:01 
Duration Download Forstok 16.437999010086 Detik
Duration Looping 700 Data 175.38369894028 Detik 
Total Duration 175.38381409645 Detik 
------------------------- 
Tanggal: 15-02-2022 18:10:01 
Duration Download Forstok 14.39728307724 Detik
Duration Looping 700 Data 168.22157216072 Detik 
Total Duration 168.22168302536 Detik 
------------------------- 
Tanggal: 15-02-2022 18:15:01 
Duration Download Forstok 24.426664113998 Detik
Duration Looping 700 Data 181.39279007912 Detik 
Total Duration 181.39290094376 Detik 
------------------------- 
Tanggal: 15-02-2022 18:20:01 
Duration Download Forstok 14.99501991272 Detik
Duration Looping 700 Data 170.12198495865 Detik 
Total Duration 170.12209796906 Detik 
------------------------- 
Tanggal: 15-02-2022 18:25:01 
Duration Download Forstok 13.516396999359 Detik
Duration Looping 700 Data 166.14500117302 Detik 
Total Duration 166.14511704445 Detik 
------------------------- 
Tanggal: 15-02-2022 18:30:01 
Duration Download Forstok 16.728072166443 Detik
Duration Looping 700 Data 186.15388417244 Detik 
Total Duration 186.15399694443 Detik 
------------------------- 
Tanggal: 15-02-2022 18:35:01 
Duration Download Forstok 13.833798885345 Detik
Duration Looping 700 Data 172.72268199921 Detik 
Total Duration 172.72279477119 Detik 
------------------------- 
Tanggal: 15-02-2022 18:40:01 
Duration Download Forstok 13.330862045288 Detik
Duration Looping 700 Data 176.89703202248 Detik 
Total Duration 176.89715504646 Detik 
------------------------- 
Tanggal: 15-02-2022 18:45:01 
Duration Download Forstok 15.794949054718 Detik
Duration Looping 700 Data 169.70611405373 Detik 
Total Duration 169.70623087883 Detik 
------------------------- 
Tanggal: 15-02-2022 18:50:01 
Duration Download Forstok 14.364221096039 Detik
Duration Looping 700 Data 165.96257519722 Detik 
Total Duration 165.962692976 Detik 
------------------------- 
Tanggal: 15-02-2022 18:55:01 
Duration Download Forstok 17.936474084854 Detik
Duration Looping 700 Data 170.52024102211 Detik 
Total Duration 170.52038121223 Detik 
------------------------- 
Tanggal: 15-02-2022 19:00:01 
Duration Download Forstok 21.465512037277 Detik
Duration Looping 700 Data 172.12974095345 Detik 
Total Duration 172.12986111641 Detik 
------------------------- 
Tanggal: 15-02-2022 19:05:01 
Duration Download Forstok 17.479625940323 Detik
Duration Looping 700 Data 180.05103397369 Detik 
Total Duration 180.05115389824 Detik 
------------------------- 
Tanggal: 15-02-2022 19:10:01 
Duration Download Forstok 18.86875295639 Detik
Duration Looping 700 Data 176.72359395027 Detik 
Total Duration 176.72371006012 Detik 
------------------------- 
Tanggal: 15-02-2022 19:15:01 
Duration Download Forstok 16.903156995773 Detik
Duration Looping 700 Data 175.17724108696 Detik 
Total Duration 175.17735004425 Detik 
------------------------- 
Tanggal: 15-02-2022 19:20:01 
Duration Download Forstok 19.990300178528 Detik
Duration Looping 700 Data 171.70631504059 Detik 
Total Duration 171.70641303062 Detik 
------------------------- 
Tanggal: 15-02-2022 19:25:01 
Duration Download Forstok 13.506556034088 Detik
Duration Looping 700 Data 164.13770413399 Detik 
Total Duration 164.13782119751 Detik 
------------------------- 
Tanggal: 15-02-2022 19:30:01 
Duration Download Forstok 14.973757982254 Detik
Duration Looping 700 Data 173.83437299728 Detik 
Total Duration 173.83447790146 Detik 
------------------------- 
Tanggal: 15-02-2022 19:35:01 
Duration Download Forstok 13.777298927307 Detik
Duration Looping 700 Data 162.15973091125 Detik 
Total Duration 162.15984511375 Detik 
------------------------- 
Tanggal: 15-02-2022 19:40:01 
Duration Download Forstok 18.602568864822 Detik
Duration Looping 700 Data 167.11192679405 Detik 
Total Duration 167.11203598976 Detik 
------------------------- 
Tanggal: 15-02-2022 19:45:01 
Duration Download Forstok 18.599368095398 Detik
Duration Looping 700 Data 172.32308411598 Detik 
Total Duration 172.32319307327 Detik 
------------------------- 
Tanggal: 15-02-2022 19:50:01 
Duration Download Forstok 19.381376981735 Detik
Duration Looping 700 Data 170.16488289833 Detik 
Total Duration 170.16499185562 Detik 
------------------------- 
Tanggal: 15-02-2022 19:55:01 
Duration Download Forstok 14.242683172226 Detik
Duration Looping 700 Data 164.01229810715 Detik 
Total Duration 164.01241397858 Detik 
------------------------- 
Tanggal: 15-02-2022 20:00:01 
Duration Download Forstok 13.362217187881 Detik
Duration Looping 700 Data 163.03235507011 Detik 
Total Duration 163.03246116638 Detik 
------------------------- 
Tanggal: 15-02-2022 20:05:01 
Duration Download Forstok 16.970254898071 Detik
Duration Looping 700 Data 169.22420787811 Detik 
Total Duration 169.22432184219 Detik 
------------------------- 
Tanggal: 15-02-2022 20:10:01 
Duration Download Forstok 14.726393938065 Detik
Duration Looping 700 Data 166.70605993271 Detik 
Total Duration 166.70617604256 Detik 
------------------------- 
Tanggal: 15-02-2022 20:15:01 
Duration Download Forstok 23.337129116058 Detik
Duration Looping 700 Data 186.88756108284 Detik 
Total Duration 186.88767504692 Detik 
------------------------- 
Tanggal: 15-02-2022 20:20:01 
Duration Download Forstok 18.684213876724 Detik
Duration Looping 700 Data 171.13502502441 Detik 
Total Duration 171.13515090942 Detik 
------------------------- 
Tanggal: 15-02-2022 20:25:01 
Duration Download Forstok 18.09672498703 Detik
Duration Looping 700 Data 165.2200319767 Detik 
Total Duration 165.2201499939 Detik 
------------------------- 
Tanggal: 15-02-2022 20:30:01 
Duration Download Forstok 13.167309045792 Detik
Duration Looping 700 Data 164.75305891037 Detik 
Total Duration 164.7531619072 Detik 
------------------------- 
Tanggal: 15-02-2022 20:35:01 
Duration Download Forstok 14.059707164764 Detik
Duration Looping 700 Data 161.59954214096 Detik 
Total Duration 161.59965801239 Detik 
------------------------- 
Tanggal: 15-02-2022 20:40:01 
Duration Download Forstok 15.069211006165 Detik
Duration Looping 700 Data 164.50750899315 Detik 
Total Duration 164.50760412216 Detik 
------------------------- 
Tanggal: 15-02-2022 20:45:01 
Duration Download Forstok 14.885382890701 Detik
Duration Looping 700 Data 164.95794987679 Detik 
Total Duration 164.95806598663 Detik 
------------------------- 
Tanggal: 15-02-2022 20:50:01 
Duration Download Forstok 15.491147994995 Detik
Duration Looping 700 Data 161.47331404686 Detik 
Total Duration 161.47342586517 Detik 
------------------------- 
Tanggal: 15-02-2022 20:55:01 
Duration Download Forstok 15.054303884506 Detik
Duration Looping 700 Data 173.4885160923 Detik 
Total Duration 173.48862910271 Detik 
------------------------- 
Tanggal: 15-02-2022 21:00:01 
Duration Download Forstok 15.559901952744 Detik
Duration Looping 700 Data 170.24269294739 Detik 
Total Duration 170.24277997017 Detik 
------------------------- 
Tanggal: 15-02-2022 21:05:01 
Duration Download Forstok 17.072906017303 Detik
Duration Looping 700 Data 171.80247211456 Detik 
Total Duration 171.80258703232 Detik 
------------------------- 
Tanggal: 15-02-2022 21:10:01 
Duration Download Forstok 14.459837913513 Detik
Duration Looping 700 Data 163.20490384102 Detik 
Total Duration 163.2050139904 Detik 
------------------------- 
Tanggal: 15-02-2022 21:15:02 
Duration Download Forstok 16.856836795807 Detik
Duration Looping 700 Data 169.93816494942 Detik 
Total Duration 169.93827700615 Detik 
------------------------- 
Tanggal: 15-02-2022 21:20:01 
Duration Download Forstok 14.197167158127 Detik
Duration Looping 700 Data 164.10602211952 Detik 
Total Duration 164.10612416267 Detik 
------------------------- 
Tanggal: 15-02-2022 21:25:01 
Duration Download Forstok 12.490026950836 Detik
Duration Looping 700 Data 178.04100584984 Detik 
Total Duration 178.04112195969 Detik 
------------------------- 
Tanggal: 15-02-2022 21:30:01 
Duration Download Forstok 14.479396104813 Detik
Duration Looping 700 Data 170.03489899635 Detik 
Total Duration 170.03500795364 Detik 
------------------------- 
Tanggal: 15-02-2022 21:35:01 
Duration Download Forstok 14.200089931488 Detik
Duration Looping 700 Data 165.887403965 Detik 
Total Duration 165.88752794266 Detik 
------------------------- 
Tanggal: 15-02-2022 21:40:01 
Duration Download Forstok 14.190310001373 Detik
Duration Looping 700 Data 173.94445800781 Detik 
Total Duration 173.94456505775 Detik 
------------------------- 
Tanggal: 15-02-2022 21:45:01 
Duration Download Forstok 20.029096126556 Detik
Duration Looping 700 Data 183.72443819046 Detik 
Total Duration 183.72454619408 Detik 
------------------------- 
Tanggal: 15-02-2022 21:50:01 
Duration Download Forstok 14.348859071732 Detik
Duration Looping 700 Data 170.38722801208 Detik 
Total Duration 170.38731908798 Detik 
------------------------- 
Tanggal: 15-02-2022 21:55:02 
Duration Download Forstok 13.255578994751 Detik
Duration Looping 700 Data 175.31190705299 Detik 
Total Duration 175.31202602386 Detik 
------------------------- 
Tanggal: 15-02-2022 22:00:01 
Duration Download Forstok 16.044034004211 Detik
Duration Looping 700 Data 164.2457511425 Detik 
Total Duration 164.24587011337 Detik 
------------------------- 
Tanggal: 15-02-2022 22:05:01 
Duration Download Forstok 15.408004045486 Detik
Duration Looping 700 Data 169.69514298439 Detik 
Total Duration 169.69526696205 Detik 
------------------------- 
Tanggal: 15-02-2022 22:10:01 
Duration Download Forstok 12.843897104263 Detik
Duration Looping 700 Data 174.80312013626 Detik 
Total Duration 174.80323314667 Detik 
------------------------- 
Tanggal: 15-02-2022 22:15:01 
Duration Download Forstok 13.467571020126 Detik
Duration Looping 700 Data 166.06900906563 Detik 
Total Duration 166.06915402412 Detik 
------------------------- 
Tanggal: 15-02-2022 22:20:01 
Duration Download Forstok 12.86497092247 Detik
Duration Looping 700 Data 172.16770005226 Detik 
Total Duration 172.16780900955 Detik 
------------------------- 
Tanggal: 15-02-2022 22:25:01 
Duration Download Forstok 13.675233125687 Detik
Duration Looping 700 Data 170.01677107811 Detik 
Total Duration 170.01688504219 Detik 
------------------------- 
Tanggal: 15-02-2022 22:30:01 
Duration Download Forstok 15.464004039764 Detik
Duration Looping 700 Data 171.14612007141 Detik 
Total Duration 171.1462290287 Detik 
------------------------- 
Tanggal: 15-02-2022 22:35:01 
Duration Download Forstok 18.384660959244 Detik
Duration Looping 700 Data 173.09421801567 Detik 
Total Duration 173.0943338871 Detik 
------------------------- 
Tanggal: 15-02-2022 22:40:01 
Duration Download Forstok 15.159862995148 Detik
Duration Looping 700 Data 174.23714184761 Detik 
Total Duration 174.23725986481 Detik 
------------------------- 
Tanggal: 15-02-2022 22:45:01 
Duration Download Forstok 14.029787063599 Detik
Duration Looping 700 Data 172.97558093071 Detik 
Total Duration 172.97570300102 Detik 
------------------------- 
Tanggal: 15-02-2022 22:50:01 
Duration Download Forstok 14.789339065552 Detik
Duration Looping 700 Data 173.90614104271 Detik 
Total Duration 173.90625810623 Detik 
------------------------- 
Tanggal: 15-02-2022 22:55:01 
Duration Download Forstok 13.204108953476 Detik
Duration Looping 700 Data 165.49264883995 Detik 
Total Duration 165.49275994301 Detik 
------------------------- 
Tanggal: 15-02-2022 23:00:01 
Duration Download Forstok 15.145006895065 Detik
Duration Looping 700 Data 164.44779801369 Detik 
Total Duration 164.44791793823 Detik 
------------------------- 
Tanggal: 15-02-2022 23:05:01 
Duration Download Forstok 24.533739089966 Detik
Duration Looping 700 Data 172.2168340683 Detik 
Total Duration 172.21694588661 Detik 
------------------------- 
Tanggal: 15-02-2022 23:10:01 
Duration Download Forstok 14.79615187645 Detik
Duration Looping 700 Data 173.90372490883 Detik 
Total Duration 173.90383982658 Detik 
------------------------- 
Tanggal: 15-02-2022 23:15:01 
Duration Download Forstok 16.126726150513 Detik
Duration Looping 700 Data 174.25806903839 Detik 
Total Duration 174.25817799568 Detik 
------------------------- 
Tanggal: 15-02-2022 23:20:02 
Duration Download Forstok 14.480723142624 Detik
Duration Looping 700 Data 174.29429912567 Detik 
Total Duration 174.29440617561 Detik 
------------------------- 
Tanggal: 15-02-2022 23:25:01 
Duration Download Forstok 14.201281070709 Detik
Duration Looping 700 Data 164.75622200966 Detik 
Total Duration 164.75633215904 Detik 
------------------------- 
Tanggal: 15-02-2022 23:30:01 
Duration Download Forstok 12.857583045959 Detik
Duration Looping 700 Data 166.31295990944 Detik 
Total Duration 166.31306886673 Detik 
------------------------- 
Tanggal: 15-02-2022 23:35:01 
Duration Download Forstok 13.690528154373 Detik
Duration Looping 700 Data 168.22774004936 Detik 
Total Duration 168.22784900665 Detik 
------------------------- 
Tanggal: 15-02-2022 23:40:01 
Duration Download Forstok 14.411334037781 Detik
Duration Looping 700 Data 175.35782408714 Detik 
Total Duration 175.35792899132 Detik 
------------------------- 
Tanggal: 15-02-2022 23:45:01 
Duration Download Forstok 14.716058015823 Detik
Duration Looping 700 Data 167.14209103584 Detik 
Total Duration 167.14220905304 Detik 
------------------------- 
Tanggal: 15-02-2022 23:50:01 
Duration Download Forstok 15.633710861206 Detik
Duration Looping 700 Data 187.20501685143 Detik 
Total Duration 187.2051320076 Detik 
------------------------- 
Tanggal: 15-02-2022 23:55:01 
Duration Download Forstok 15.550781965256 Detik
Duration Looping 700 Data 165.43653988838 Detik 
Total Duration 165.43665003777 Detik 
------------------------- 
