Tanggal: 13-04-2022 00:00:01 
Duration Download Forstok 10.384422063828 Detik
Duration Looping 500 Data 581.55446195602 Detik 
Total Duration 581.55532598495 Detik 
------------------------- 
Tanggal: 13-04-2022 00:10:02 
Duration Download Forstok 9.8499841690063 Detik
Duration Looping 500 Data 136.57445716858 Detik 
Total Duration 136.57457518578 Detik 
------------------------- 
Tanggal: 13-04-2022 00:15:01 
Duration Download Forstok 15.830733060837 Detik
Duration Looping 500 Data 147.37633609772 Detik 
Total Duration 147.37643313408 Detik 
------------------------- 
Tanggal: 13-04-2022 00:20:02 
Duration Download Forstok 12.924740076065 Detik
Duration Looping 500 Data 139.71955800056 Detik 
Total Duration 139.71967697144 Detik 
------------------------- 
Tanggal: 13-04-2022 00:25:01 
Duration Download Forstok 9.0354270935059 Detik
Duration Looping 500 Data 125.60000801086 Detik 
Total Duration 125.6001329422 Detik 
------------------------- 
Tanggal: 13-04-2022 00:30:01 
Duration Download Forstok 10.986428976059 Detik
Duration Looping 500 Data 134.26841592789 Detik 
Total Duration 134.26853609085 Detik 
------------------------- 
Tanggal: 13-04-2022 00:35:01 
Duration Download Forstok 13.986222982407 Detik
Duration Looping 500 Data 137.04121017456 Detik 
Total Duration 137.04132509232 Detik 
------------------------- 
Tanggal: 13-04-2022 00:40:01 
Duration Download Forstok 10.489205121994 Detik
Duration Looping 500 Data 160.81475996971 Detik 
Total Duration 160.81488108635 Detik 
------------------------- 
Tanggal: 13-04-2022 00:45:01 
Duration Download Forstok 16.863929986954 Detik
Duration Looping 500 Data 146.36585307121 Detik 
Total Duration 146.36596703529 Detik 
------------------------- 
Tanggal: 13-04-2022 00:50:01 
Duration Download Forstok 10.553755044937 Detik
Duration Looping 500 Data 135.58302307129 Detik 
Total Duration 135.58313393593 Detik 
------------------------- 
Tanggal: 13-04-2022 00:55:01 
Duration Download Forstok 11.210792064667 Detik
Duration Looping 500 Data 129.15049791336 Detik 
Total Duration 129.15064191818 Detik 
------------------------- 
Tanggal: 13-04-2022 01:00:01 
Duration Download Forstok 12.420970916748 Detik
Duration Looping 500 Data 136.82894992828 Detik 
Total Duration 136.82906007767 Detik 
------------------------- 
Tanggal: 13-04-2022 01:05:01 
Duration Download Forstok 18.179508924484 Detik
Duration Looping 500 Data 143.74891114235 Detik 
Total Duration 143.74902701378 Detik 
------------------------- 
Tanggal: 13-04-2022 01:10:01 
Duration Download Forstok 9.2435398101807 Detik
Duration Looping 500 Data 127.62953186035 Detik 
Total Duration 127.62964200974 Detik 
------------------------- 
Tanggal: 13-04-2022 01:15:01 
Duration Download Forstok 12.275902032852 Detik
Duration Looping 500 Data 142.37483215332 Detik 
Total Duration 142.37494897842 Detik 
------------------------- 
Tanggal: 13-04-2022 01:20:01 
Duration Download Forstok 9.943470954895 Detik
Duration Looping 500 Data 133.60360693932 Detik 
Total Duration 133.60372281075 Detik 
------------------------- 
Tanggal: 13-04-2022 01:25:02 
Duration Download Forstok 10.353345155716 Detik
Duration Looping 500 Data 131.48916816711 Detik 
Total Duration 131.4892821312 Detik 
------------------------- 
Tanggal: 13-04-2022 01:30:01 
Duration Download Forstok 12.991556167603 Detik
Duration Looping 500 Data 139.6744120121 Detik 
Total Duration 139.67453217506 Detik 
------------------------- 
Tanggal: 13-04-2022 01:35:01 
Duration Download Forstok 11.925678014755 Detik
Duration Looping 500 Data 132.60004496574 Detik 
Total Duration 132.60016083717 Detik 
------------------------- 
Tanggal: 13-04-2022 01:40:01 
Duration Download Forstok 10.277034044266 Detik
Duration Looping 500 Data 133.27257609367 Detik 
Total Duration 133.27269005775 Detik 
------------------------- 
Tanggal: 13-04-2022 01:45:01 
Duration Download Forstok 14.025304794312 Detik
Duration Looping 500 Data 138.20007586479 Detik 
Total Duration 138.20023083687 Detik 
------------------------- 
Tanggal: 13-04-2022 01:50:01 
Duration Download Forstok 14.499156951904 Detik
Duration Looping 500 Data 137.76285409927 Detik 
Total Duration 137.76296401024 Detik 
------------------------- 
Tanggal: 13-04-2022 01:55:01 
Duration Download Forstok 11.64547586441 Detik
Duration Looping 500 Data 128.95081686974 Detik 
Total Duration 128.95093297958 Detik 
------------------------- 
Tanggal: 13-04-2022 02:00:01 
Duration Download Forstok 9.8489210605621 Detik
Duration Looping 500 Data 135.64365410805 Detik 
Total Duration 135.6437690258 Detik 
------------------------- 
Tanggal: 13-04-2022 02:05:01 
Duration Download Forstok 18.891135931015 Detik
Duration Looping 500 Data 142.82590293884 Detik 
Total Duration 142.82602405548 Detik 
------------------------- 
Tanggal: 13-04-2022 02:10:01 
Duration Download Forstok 9.9017782211304 Detik
Duration Looping 500 Data 141.38680315018 Detik 
Total Duration 141.3869240284 Detik 
------------------------- 
Tanggal: 13-04-2022 02:15:01 
Duration Download Forstok 14.25484085083 Detik
Duration Looping 500 Data 133.81532883644 Detik 
Total Duration 133.8154540062 Detik 
------------------------- 
Tanggal: 13-04-2022 02:20:01 
Duration Download Forstok 9.9836430549622 Detik
Duration Looping 500 Data 139.08079504967 Detik 
Total Duration 139.08090901375 Detik 
------------------------- 
Tanggal: 13-04-2022 02:25:01 
Duration Download Forstok 9.9803559780121 Detik
Duration Looping 500 Data 127.61395311356 Detik 
Total Duration 127.61406612396 Detik 
------------------------- 
Tanggal: 13-04-2022 02:30:01 
Duration Download Forstok 9.9460320472717 Detik
Duration Looping 500 Data 138.9798541069 Detik 
Total Duration 138.97997999191 Detik 
------------------------- 
Tanggal: 13-04-2022 02:35:01 
Duration Download Forstok 17.164025068283 Detik
Duration Looping 500 Data 134.88700795174 Detik 
Total Duration 134.88712596893 Detik 
------------------------- 
Tanggal: 13-04-2022 02:40:01 
Duration Download Forstok 9.6039299964905 Detik
Duration Looping 500 Data 133.96405005455 Detik 
Total Duration 133.96417212486 Detik 
------------------------- 
Tanggal: 13-04-2022 02:45:01 
Duration Download Forstok 14.097175121307 Detik
Duration Looping 500 Data 143.97052907944 Detik 
Total Duration 143.97065711021 Detik 
------------------------- 
Tanggal: 13-04-2022 02:50:02 
Duration Download Forstok 9.9526269435883 Detik
Duration Looping 500 Data 132.39067602158 Detik 
Total Duration 132.39080095291 Detik 
------------------------- 
Tanggal: 13-04-2022 02:55:01 
Duration Download Forstok 9.111869096756 Detik
Duration Looping 500 Data 141.63272094727 Detik 
Total Duration 141.63283395767 Detik 
------------------------- 
Tanggal: 13-04-2022 03:00:01 
Duration Download Forstok 11.514052867889 Detik
Duration Looping 500 Data 141.08598780632 Detik 
Total Duration 141.08613586426 Detik 
------------------------- 
Tanggal: 13-04-2022 03:05:01 
Duration Download Forstok 12.760473966599 Detik
Duration Looping 500 Data 136.59175300598 Detik 
Total Duration 136.59187293053 Detik 
------------------------- 
Tanggal: 13-04-2022 03:10:01 
Duration Download Forstok 10.532215118408 Detik
Duration Looping 500 Data 136.01907610893 Detik 
Total Duration 136.01920294762 Detik 
------------------------- 
Tanggal: 13-04-2022 03:15:01 
Duration Download Forstok 13.768920898438 Detik
Duration Looping 500 Data 134.35624599457 Detik 
Total Duration 134.35636591911 Detik 
------------------------- 
Tanggal: 13-04-2022 03:20:01 
Duration Download Forstok 9.7363860607147 Detik
Duration Looping 500 Data 132.22042989731 Detik 
Total Duration 132.22054791451 Detik 
------------------------- 
Tanggal: 13-04-2022 03:25:01 
Duration Download Forstok 8.9545509815216 Detik
Duration Looping 500 Data 125.91572999954 Detik 
Total Duration 125.91583991051 Detik 
------------------------- 
Tanggal: 13-04-2022 03:30:01 
Duration Download Forstok 8.3736901283264 Detik
Duration Looping 500 Data 128.41367316246 Detik 
Total Duration 128.41379117966 Detik 
------------------------- 
Tanggal: 13-04-2022 03:35:01 
Duration Download Forstok 13.37092089653 Detik
Duration Looping 500 Data 130.81747293472 Detik 
Total Duration 130.8175868988 Detik 
------------------------- 
Tanggal: 13-04-2022 03:40:01 
Duration Download Forstok 11.517288208008 Detik
Duration Looping 500 Data 132.56575107574 Detik 
Total Duration 132.56587600708 Detik 
------------------------- 
Tanggal: 13-04-2022 03:45:01 
Duration Download Forstok 10.42275094986 Detik
Duration Looping 500 Data 128.82937097549 Detik 
Total Duration 128.82948493958 Detik 
------------------------- 
Tanggal: 13-04-2022 03:50:01 
Duration Download Forstok 9.0100610256195 Detik
Duration Looping 500 Data 130.04447889328 Detik 
Total Duration 130.04460000992 Detik 
------------------------- 
Tanggal: 13-04-2022 03:55:01 
Duration Download Forstok 9.1939830780029 Detik
Duration Looping 500 Data 135.76327395439 Detik 
Total Duration 135.76338505745 Detik 
------------------------- 
Tanggal: 13-04-2022 04:00:01 
Duration Download Forstok 10.061733961105 Detik
Duration Looping 500 Data 131.4814260006 Detik 
Total Duration 131.4815518856 Detik 
------------------------- 
Tanggal: 13-04-2022 04:05:01 
Duration Download Forstok 16.862390041351 Detik
Duration Looping 500 Data 155.39164400101 Detik 
Total Duration 155.39175605774 Detik 
------------------------- 
Tanggal: 13-04-2022 04:10:01 
Duration Download Forstok 10.112573862076 Detik
Duration Looping 500 Data 136.61203598976 Detik 
Total Duration 136.61214995384 Detik 
------------------------- 
Tanggal: 13-04-2022 04:15:01 
Duration Download Forstok 11.28033208847 Detik
Duration Looping 500 Data 132.86060905457 Detik 
Total Duration 132.86073303223 Detik 
------------------------- 
Tanggal: 13-04-2022 04:20:01 
Duration Download Forstok 9.5728230476379 Detik
Duration Looping 500 Data 132.74203515053 Detik 
Total Duration 132.74214720726 Detik 
------------------------- 
Tanggal: 13-04-2022 04:25:01 
Duration Download Forstok 14.901235818863 Detik
Duration Looping 500 Data 132.79391098022 Detik 
Total Duration 132.79402399063 Detik 
------------------------- 
Tanggal: 13-04-2022 04:30:01 
Duration Download Forstok 11.660737991333 Detik
Duration Looping 500 Data 134.44431495667 Detik 
Total Duration 134.44443893433 Detik 
------------------------- 
Tanggal: 13-04-2022 04:35:01 
Duration Download Forstok 11.362112045288 Detik
Duration Looping 500 Data 129.59355092049 Detik 
Total Duration 129.59366083145 Detik 
------------------------- 
Tanggal: 13-04-2022 04:40:01 
Duration Download Forstok 10.5541639328 Detik
Duration Looping 500 Data 129.59956598282 Detik 
Total Duration 129.5996940136 Detik 
------------------------- 
Tanggal: 13-04-2022 04:45:01 
Duration Download Forstok 13.930388212204 Detik
Duration Looping 500 Data 140.6734380722 Detik 
Total Duration 140.67362618446 Detik 
------------------------- 
Tanggal: 13-04-2022 04:50:01 
Duration Download Forstok 11.185837984085 Detik
Duration Looping 500 Data 132.95628905296 Detik 
Total Duration 132.95639491081 Detik 
------------------------- 
Tanggal: 13-04-2022 04:55:01 
Duration Download Forstok 10.455486774445 Detik
Duration Looping 500 Data 138.95667099953 Detik 
Total Duration 138.95683598518 Detik 
------------------------- 
Tanggal: 13-04-2022 05:00:01 
Duration Download Forstok 10.465486049652 Detik
Duration Looping 500 Data 141.59760212898 Detik 
Total Duration 141.59772515297 Detik 
------------------------- 
Tanggal: 13-04-2022 05:05:01 
Duration Download Forstok 14.990905046463 Detik
Duration Looping 500 Data 132.07548308372 Detik 
Total Duration 132.07559013367 Detik 
------------------------- 
Tanggal: 13-04-2022 05:10:01 
Duration Download Forstok 10.926595926285 Detik
Duration Looping 500 Data 127.89066290855 Detik 
Total Duration 127.8907790184 Detik 
------------------------- 
Tanggal: 13-04-2022 05:15:01 
Duration Download Forstok 9.7555799484253 Detik
Duration Looping 500 Data 127.97898292542 Detik 
Total Duration 127.97910189629 Detik 
------------------------- 
Tanggal: 13-04-2022 05:20:01 
Duration Download Forstok 11.878148078918 Detik
Duration Looping 500 Data 137.41975712776 Detik 
Total Duration 137.41987514496 Detik 
------------------------- 
Tanggal: 13-04-2022 05:25:01 
Duration Download Forstok 10.504580020905 Detik
Duration Looping 500 Data 140.55834317207 Detik 
Total Duration 140.55848503113 Detik 
------------------------- 
Tanggal: 13-04-2022 05:30:01 
Duration Download Forstok 10.010936021805 Detik
Duration Looping 500 Data 131.92063999176 Detik 
Total Duration 131.92077493668 Detik 
------------------------- 
Tanggal: 13-04-2022 05:35:01 
Duration Download Forstok 11.625293016434 Detik
Duration Looping 500 Data 132.72021102905 Detik 
Total Duration 132.72035503387 Detik 
------------------------- 
Tanggal: 13-04-2022 05:40:01 
Duration Download Forstok 10.264395952225 Detik
Duration Looping 500 Data 129.16582298279 Detik 
Total Duration 129.16599082947 Detik 
------------------------- 
Tanggal: 13-04-2022 05:45:01 
Duration Download Forstok 15.742604017258 Detik
Duration Looping 500 Data 137.35129499435 Detik 
Total Duration 137.35141611099 Detik 
------------------------- 
Tanggal: 13-04-2022 05:50:01 
Duration Download Forstok 9.664088010788 Detik
Duration Looping 500 Data 127.8825109005 Detik 
Total Duration 127.88263106346 Detik 
------------------------- 
Tanggal: 13-04-2022 05:55:01 
Duration Download Forstok 10.265991210938 Detik
Duration Looping 500 Data 128.86919307709 Detik 
Total Duration 128.8692920208 Detik 
------------------------- 
Tanggal: 13-04-2022 06:00:01 
Duration Download Forstok 11.381450176239 Detik
Duration Looping 500 Data 131.05537509918 Detik 
Total Duration 131.05550217628 Detik 
------------------------- 
Tanggal: 13-04-2022 06:05:01 
Duration Download Forstok 17.974488973618 Detik
Duration Looping 500 Data 146.93574094772 Detik 
Total Duration 146.93586492538 Detik 
------------------------- 
Tanggal: 13-04-2022 06:10:02 
Duration Download Forstok 8.9429399967194 Detik
Duration Looping 500 Data 127.47702002525 Detik 
Total Duration 127.4771361351 Detik 
------------------------- 
Tanggal: 13-04-2022 06:15:01 
Duration Download Forstok 12.923575878143 Detik
Duration Looping 500 Data 154.28679490089 Detik 
Total Duration 154.28691506386 Detik 
------------------------- 
Tanggal: 13-04-2022 06:20:01 
Duration Download Forstok 11.748224973679 Detik
Duration Looping 500 Data 129.81046009064 Detik 
Total Duration 129.81057190895 Detik 
------------------------- 
Tanggal: 13-04-2022 06:25:01 
Duration Download Forstok 15.142839193344 Detik
Duration Looping 500 Data 133.03067517281 Detik 
Total Duration 133.03079414368 Detik 
------------------------- 
Tanggal: 13-04-2022 06:30:01 
Duration Download Forstok 11.453039884567 Detik
Duration Looping 500 Data 130.66558504105 Detik 
Total Duration 130.66570401192 Detik 
------------------------- 
Tanggal: 13-04-2022 06:35:01 
Duration Download Forstok 13.973796129227 Detik
Duration Looping 500 Data 132.62578320503 Detik 
Total Duration 132.62589502335 Detik 
------------------------- 
Tanggal: 13-04-2022 06:40:01 
Duration Download Forstok 10.921726942062 Detik
Duration Looping 500 Data 131.8224978447 Detik 
Total Duration 131.82260894775 Detik 
------------------------- 
Tanggal: 13-04-2022 06:45:01 
Duration Download Forstok 10.639685153961 Detik
Duration Looping 500 Data 139.87630820274 Detik 
Total Duration 139.87642621994 Detik 
------------------------- 
Tanggal: 13-04-2022 06:50:01 
Duration Download Forstok 10.911801815033 Detik
Duration Looping 500 Data 129.13996291161 Detik 
Total Duration 129.14008498192 Detik 
------------------------- 
Tanggal: 13-04-2022 06:55:01 
Duration Download Forstok 10.232847929001 Detik
Duration Looping 500 Data 129.96998095512 Detik 
Total Duration 129.97009706497 Detik 
------------------------- 
Tanggal: 13-04-2022 07:00:01 
Duration Download Forstok 10.417033910751 Detik
Duration Looping 500 Data 136.76327586174 Detik 
Total Duration 136.76339101791 Detik 
------------------------- 
Tanggal: 13-04-2022 07:05:01 
Duration Download Forstok 18.06878900528 Detik
Duration Looping 500 Data 135.08498096466 Detik 
Total Duration 135.08509492874 Detik 
------------------------- 
Tanggal: 13-04-2022 07:10:01 
Duration Download Forstok 13.200052022934 Detik
Duration Looping 500 Data 139.88557100296 Detik 
Total Duration 139.8856959343 Detik 
------------------------- 
Tanggal: 13-04-2022 07:15:01 
Duration Download Forstok 11.904603004456 Detik
Duration Looping 500 Data 135.03152799606 Detik 
Total Duration 135.03164982796 Detik 
------------------------- 
Tanggal: 13-04-2022 07:20:01 
Duration Download Forstok 10.914100885391 Detik
Duration Looping 500 Data 135.86639094353 Detik 
Total Duration 135.86650586128 Detik 
------------------------- 
Tanggal: 13-04-2022 07:25:01 
Duration Download Forstok 10.565393924713 Detik
Duration Looping 500 Data 129.5993449688 Detik 
Total Duration 129.59946799278 Detik 
------------------------- 
Tanggal: 13-04-2022 07:30:01 
Duration Download Forstok 10.2942070961 Detik
Duration Looping 500 Data 134.58801698685 Detik 
Total Duration 134.5881459713 Detik 
------------------------- 
Tanggal: 13-04-2022 07:35:01 
Duration Download Forstok 14.523698806763 Detik
Duration Looping 500 Data 136.70324683189 Detik 
Total Duration 136.70336794853 Detik 
------------------------- 
Tanggal: 13-04-2022 07:40:01 
Duration Download Forstok 9.2537169456482 Detik
Duration Looping 500 Data 131.71146583557 Detik 
Total Duration 131.71158504486 Detik 
------------------------- 
Tanggal: 13-04-2022 07:45:01 
Duration Download Forstok 11.328816890717 Detik
Duration Looping 500 Data 136.69370794296 Detik 
Total Duration 136.69382596016 Detik 
------------------------- 
Tanggal: 13-04-2022 07:50:01 
Duration Download Forstok 10.383361101151 Detik
Duration Looping 500 Data 137.772534132 Detik 
Total Duration 137.77265191078 Detik 
------------------------- 
Tanggal: 13-04-2022 07:55:01 
Duration Download Forstok 15.160586118698 Detik
Duration Looping 500 Data 146.58164811134 Detik 
Total Duration 146.58178091049 Detik 
------------------------- 
Tanggal: 13-04-2022 08:00:01 
Duration Download Forstok 13.465557813644 Detik
Duration Looping 500 Data 144.91367483139 Detik 
Total Duration 144.91379094124 Detik 
------------------------- 
Tanggal: 13-04-2022 08:05:01 
Duration Download Forstok 15.640220880508 Detik
Duration Looping 500 Data 144.75013899803 Detik 
Total Duration 144.75025391579 Detik 
------------------------- 
Tanggal: 13-04-2022 08:10:01 
Duration Download Forstok 8.3809330463409 Detik
Duration Looping 500 Data 141.03423404694 Detik 
Total Duration 141.03436112404 Detik 
------------------------- 
Tanggal: 13-04-2022 08:15:01 
Duration Download Forstok 12.610591888428 Detik
Duration Looping 500 Data 140.30133891106 Detik 
Total Duration 140.30145597458 Detik 
------------------------- 
Tanggal: 13-04-2022 08:20:01 
Duration Download Forstok 10.313999891281 Detik
Duration Looping 500 Data 144.80792188644 Detik 
Total Duration 144.80802798271 Detik 
------------------------- 
Tanggal: 13-04-2022 08:25:01 
Duration Download Forstok 9.9968609809875 Detik
Duration Looping 500 Data 137.38490605354 Detik 
Total Duration 137.38501906395 Detik 
------------------------- 
Tanggal: 13-04-2022 08:30:01 
Duration Download Forstok 13.365092992783 Detik
Duration Looping 500 Data 152.37084984779 Detik 
Total Duration 152.37103581429 Detik 
------------------------- 
Tanggal: 13-04-2022 08:35:01 
Duration Download Forstok 16.290724992752 Detik
Duration Looping 500 Data 151.11572980881 Detik 
Total Duration 151.115847826 Detik 
------------------------- 
Tanggal: 13-04-2022 08:40:02 
Duration Download Forstok 9.8617610931396 Detik
Duration Looping 500 Data 149.14458107948 Detik 
Total Duration 149.144728899 Detik 
------------------------- 
Tanggal: 13-04-2022 08:45:01 
Duration Download Forstok 16.23708486557 Detik
Duration Looping 500 Data 151.7522008419 Detik 
Total Duration 151.75229382515 Detik 
------------------------- 
Tanggal: 13-04-2022 08:50:01 
Duration Download Forstok 17.391129016876 Detik
Duration Looping 500 Data 156.81579518318 Detik 
Total Duration 156.81591916084 Detik 
------------------------- 
Tanggal: 13-04-2022 08:55:01 
Duration Download Forstok 11.529186010361 Detik
Duration Looping 500 Data 152.162804842 Detik 
Total Duration 152.16294693947 Detik 
------------------------- 
Tanggal: 13-04-2022 09:00:01 
Duration Download Forstok 16.483669042587 Detik
Duration Looping 500 Data 150.8534181118 Detik 
Total Duration 150.85351800919 Detik 
------------------------- 
Tanggal: 13-04-2022 09:05:01 
Duration Download Forstok 14.667538881302 Detik
Duration Looping 500 Data 148.70699191093 Detik 
Total Duration 148.70709300041 Detik 
------------------------- 
Tanggal: 13-04-2022 09:10:01 
Duration Download Forstok 10.955513954163 Detik
Duration Looping 500 Data 141.24699902534 Detik 
Total Duration 141.24712491035 Detik 
------------------------- 
Tanggal: 13-04-2022 09:15:01 
Duration Download Forstok 12.350363969803 Detik
Duration Looping 500 Data 148.59730887413 Detik 
Total Duration 148.59742498398 Detik 
------------------------- 
Tanggal: 13-04-2022 09:20:01 
Duration Download Forstok 14.979467153549 Detik
Duration Looping 500 Data 151.63199496269 Detik 
Total Duration 151.6321310997 Detik 
------------------------- 
Tanggal: 13-04-2022 09:25:01 
Duration Download Forstok 11.286170005798 Detik
Duration Looping 500 Data 146.6356780529 Detik 
Total Duration 146.63576006889 Detik 
------------------------- 
Tanggal: 13-04-2022 09:30:01 
Duration Download Forstok 10.654756784439 Detik
Duration Looping 500 Data 145.21133899689 Detik 
Total Duration 145.21144986153 Detik 
------------------------- 
Tanggal: 13-04-2022 09:35:01 
Duration Download Forstok 15.11196398735 Detik
Duration Looping 500 Data 144.83984708786 Detik 
Total Duration 144.83998703957 Detik 
------------------------- 
Tanggal: 13-04-2022 09:40:01 
Duration Download Forstok 12.828664064407 Detik
Duration Looping 500 Data 144.87928986549 Detik 
Total Duration 144.87940406799 Detik 
------------------------- 
Tanggal: 13-04-2022 09:45:01 
Duration Download Forstok 11.65070605278 Detik
Duration Looping 500 Data 143.40452885628 Detik 
Total Duration 143.40464687347 Detik 
------------------------- 
Tanggal: 13-04-2022 09:50:01 
Duration Download Forstok 11.108057975769 Detik
Duration Looping 500 Data 143.96534705162 Detik 
Total Duration 143.9654481411 Detik 
------------------------- 
Tanggal: 13-04-2022 09:55:01 
Duration Download Forstok 15.913285017014 Detik
Duration Looping 500 Data 143.91135406494 Detik 
Total Duration 143.91147708893 Detik 
------------------------- 
Tanggal: 13-04-2022 10:00:01 
Duration Download Forstok 15.495184898376 Detik
Duration Looping 500 Data 154.22703003883 Detik 
Total Duration 154.22713899612 Detik 
------------------------- 
Tanggal: 13-04-2022 10:05:01 
Duration Download Forstok 18.06565618515 Detik
Duration Looping 500 Data 151.97596216202 Detik 
Total Duration 151.97606301308 Detik 
------------------------- 
Tanggal: 13-04-2022 10:10:01 
Duration Download Forstok 16.815555095673 Detik
Duration Looping 500 Data 150.6256082058 Detik 
Total Duration 150.62573504448 Detik 
------------------------- 
Tanggal: 13-04-2022 10:15:01 
Duration Download Forstok 18.28773188591 Detik
Duration Looping 500 Data 156.39357995987 Detik 
Total Duration 156.39378499985 Detik 
------------------------- 
Tanggal: 13-04-2022 10:20:01 
Duration Download Forstok 12.65820813179 Detik
Duration Looping 500 Data 152.28920412064 Detik 
Total Duration 152.28932404518 Detik 
------------------------- 
Tanggal: 13-04-2022 10:25:01 
Duration Download Forstok 13.073141813278 Detik
Duration Looping 500 Data 143.35488986969 Detik 
Total Duration 143.35500597954 Detik 
------------------------- 
Tanggal: 13-04-2022 10:30:01 
Duration Download Forstok 13.498279094696 Detik
Duration Looping 500 Data 152.64879202843 Detik 
Total Duration 152.64891314507 Detik 
------------------------- 
Tanggal: 13-04-2022 10:35:01 
Duration Download Forstok 19.623265028 Detik
Duration Looping 500 Data 153.34098887444 Detik 
Total Duration 153.34109282494 Detik 
------------------------- 
Tanggal: 13-04-2022 10:40:01 
Duration Download Forstok 9.6438410282135 Detik
Duration Looping 500 Data 150.3337700367 Detik 
Total Duration 150.33386707306 Detik 
------------------------- 
Tanggal: 13-04-2022 10:45:01 
Duration Download Forstok 14.895714998245 Detik
Duration Looping 500 Data 156.7813179493 Detik 
Total Duration 156.78144598007 Detik 
------------------------- 
Tanggal: 13-04-2022 10:50:01 
Duration Download Forstok 15.785770893097 Detik
Duration Looping 500 Data 150.41482305527 Detik 
Total Duration 150.4149479866 Detik 
------------------------- 
Tanggal: 13-04-2022 10:55:01 
Duration Download Forstok 33.239150047302 Detik
Duration Looping 500 Data 165.47092294693 Detik 
Total Duration 165.47104310989 Detik 
------------------------- 
Tanggal: 13-04-2022 11:00:01 
Duration Download Forstok 11.656890153885 Detik
Duration Looping 500 Data 148.92890000343 Detik 
Total Duration 148.92901611328 Detik 
------------------------- 
Tanggal: 13-04-2022 11:05:02 
Duration Download Forstok 16.504589080811 Detik
Duration Looping 500 Data 156.78141307831 Detik 
Total Duration 156.78153300285 Detik 
------------------------- 
Tanggal: 13-04-2022 11:10:01 
Duration Download Forstok 16.298515081406 Detik
Duration Looping 500 Data 152.30113315582 Detik 
Total Duration 152.30125904083 Detik 
------------------------- 
Tanggal: 13-04-2022 11:15:01 
Duration Download Forstok 13.790730953217 Detik
Duration Looping 500 Data 153.156457901 Detik 
Total Duration 153.15657997131 Detik 
------------------------- 
Tanggal: 13-04-2022 11:20:01 
Duration Download Forstok 12.723127126694 Detik
Duration Looping 500 Data 152.66016411781 Detik 
Total Duration 152.66027903557 Detik 
------------------------- 
Tanggal: 13-04-2022 11:25:01 
Duration Download Forstok 14.64609003067 Detik
Duration Looping 500 Data 148.69488215446 Detik 
Total Duration 148.69499802589 Detik 
------------------------- 
Tanggal: 13-04-2022 11:30:01 
Duration Download Forstok 11.241941928864 Detik
Duration Looping 500 Data 151.53664588928 Detik 
Total Duration 151.53674292564 Detik 
------------------------- 
Tanggal: 13-04-2022 11:35:01 
Duration Download Forstok 14.191041946411 Detik
Duration Looping 500 Data 146.72639298439 Detik 
Total Duration 146.72653102875 Detik 
------------------------- 
Tanggal: 13-04-2022 11:40:01 
Duration Download Forstok 13.305331945419 Detik
Duration Looping 500 Data 150.07379508018 Detik 
Total Duration 150.07388997078 Detik 
------------------------- 
Tanggal: 13-04-2022 11:45:01 
Duration Download Forstok 16.852243900299 Detik
Duration Looping 500 Data 154.850689888 Detik 
Total Duration 154.85080289841 Detik 
------------------------- 
Tanggal: 13-04-2022 11:50:01 
Duration Download Forstok 11.126224994659 Detik
Duration Looping 500 Data 153.86235594749 Detik 
Total Duration 153.86245107651 Detik 
------------------------- 
Tanggal: 13-04-2022 11:55:01 
Duration Download Forstok 15.110546112061 Detik
Duration Looping 500 Data 155.33456611633 Detik 
Total Duration 155.33469510078 Detik 
------------------------- 
Tanggal: 13-04-2022 12:00:01 
Duration Download Forstok 14.039034843445 Detik
Duration Looping 500 Data 156.82950186729 Detik 
Total Duration 156.82963299751 Detik 
------------------------- 
Tanggal: 13-04-2022 12:05:01 
Duration Download Forstok 31.106100082397 Detik
Duration Looping 500 Data 168.37721204758 Detik 
Total Duration 168.377368927 Detik 
------------------------- 
Tanggal: 13-04-2022 12:10:01 
Duration Download Forstok 20.426376104355 Detik
Duration Looping 500 Data 147.87068295479 Detik 
Total Duration 147.87080097198 Detik 
------------------------- 
Tanggal: 13-04-2022 12:15:01 
Duration Download Forstok 13.737383842468 Detik
Duration Looping 500 Data 145.82544088364 Detik 
Total Duration 145.82556295395 Detik 
------------------------- 
Tanggal: 13-04-2022 12:20:01 
Duration Download Forstok 12.491921186447 Detik
Duration Looping 500 Data 143.27026605606 Detik 
Total Duration 143.27040505409 Detik 
------------------------- 
Tanggal: 13-04-2022 12:25:01 
Duration Download Forstok 11.534380912781 Detik
Duration Looping 500 Data 152.08742880821 Detik 
Total Duration 152.08754682541 Detik 
------------------------- 
Tanggal: 13-04-2022 12:30:01 
Duration Download Forstok 12.106269836426 Detik
Duration Looping 500 Data 142.91438388824 Detik 
Total Duration 142.91451382637 Detik 
------------------------- 
Tanggal: 13-04-2022 12:35:01 
Duration Download Forstok 15.020629167557 Detik
Duration Looping 500 Data 146.54841113091 Detik 
Total Duration 146.54853415489 Detik 
------------------------- 
Tanggal: 13-04-2022 12:40:01 
Duration Download Forstok 12.124435901642 Detik
Duration Looping 500 Data 143.14388489723 Detik 
Total Duration 143.14399385452 Detik 
------------------------- 
Tanggal: 13-04-2022 12:45:01 
Duration Download Forstok 17.348007202148 Detik
Duration Looping 500 Data 146.74857521057 Detik 
Total Duration 146.74870109558 Detik 
------------------------- 
Tanggal: 13-04-2022 12:50:01 
Duration Download Forstok 12.640125989914 Detik
Duration Looping 500 Data 143.85879707336 Detik 
Total Duration 143.85891389847 Detik 
------------------------- 
Tanggal: 13-04-2022 12:55:01 
Duration Download Forstok 12.546988010406 Detik
Duration Looping 500 Data 149.26486802101 Detik 
Total Duration 149.26500201225 Detik 
------------------------- 
Tanggal: 13-04-2022 13:00:01 
Duration Download Forstok 17.165328979492 Detik
Duration Looping 500 Data 150.74636101723 Detik 
Total Duration 150.74648499489 Detik 
------------------------- 
Tanggal: 13-04-2022 13:05:01 
Duration Download Forstok 25.694839954376 Detik
Duration Looping 500 Data 160.08236098289 Detik 
Total Duration 160.08249187469 Detik 
------------------------- 
Tanggal: 13-04-2022 13:10:01 
Duration Download Forstok 16.31090092659 Detik
Duration Looping 500 Data 152.12986087799 Detik 
Total Duration 152.12999391556 Detik 
------------------------- 
Tanggal: 13-04-2022 13:15:02 
Duration Download Forstok 14.914999008179 Detik
Duration Looping 500 Data 162.27216792107 Detik 
Total Duration 162.27232789993 Detik 
------------------------- 
Tanggal: 13-04-2022 13:20:01 
Duration Download Forstok 11.00017786026 Detik
Duration Looping 500 Data 154.91718006134 Detik 
Total Duration 154.91730594635 Detik 
------------------------- 
Tanggal: 13-04-2022 13:25:01 
Duration Download Forstok 13.229755163193 Detik
Duration Looping 500 Data 153.58349919319 Detik 
Total Duration 153.5836160183 Detik 
------------------------- 
Tanggal: 13-04-2022 13:30:01 
Duration Download Forstok 13.1871509552 Detik
Duration Looping 500 Data 159.28926301003 Detik 
Total Duration 159.28937292099 Detik 
------------------------- 
Tanggal: 13-04-2022 13:35:01 
Duration Download Forstok 14.571837902069 Detik
Duration Looping 500 Data 149.6930949688 Detik 
Total Duration 149.69320201874 Detik 
------------------------- 
Tanggal: 13-04-2022 13:40:00 
Duration Download Forstok 18.421190977097 Detik
Duration Looping 500 Data 158.02207493782 Detik 
Total Duration 158.02219796181 Detik 
------------------------- 
Tanggal: 13-04-2022 13:45:01 
Duration Download Forstok 20.523792028427 Detik
Duration Looping 500 Data 162.08454084396 Detik 
Total Duration 162.08464884758 Detik 
------------------------- 
Tanggal: 13-04-2022 13:50:01 
Duration Download Forstok 10.531250953674 Detik
Duration Looping 500 Data 145.7413790226 Detik 
Total Duration 145.74152708054 Detik 
------------------------- 
Tanggal: 13-04-2022 13:55:01 
Duration Download Forstok 10.284641981125 Detik
Duration Looping 500 Data 154.99571800232 Detik 
Total Duration 154.99581193924 Detik 
------------------------- 
Tanggal: 13-04-2022 14:00:01 
Duration Download Forstok 20.403976917267 Detik
Duration Looping 500 Data 157.50109696388 Detik 
Total Duration 157.50121688843 Detik 
------------------------- 
Tanggal: 13-04-2022 14:05:01 
Duration Download Forstok 16.57710981369 Detik
Duration Looping 500 Data 154.51156497002 Detik 
Total Duration 154.5116918087 Detik 
------------------------- 
Tanggal: 13-04-2022 14:10:01 
Duration Download Forstok 11.086549043655 Detik
Duration Looping 500 Data 149.28117203712 Detik 
Total Duration 149.28126502037 Detik 
------------------------- 
Tanggal: 13-04-2022 14:15:01 
Duration Download Forstok 18.687591075897 Detik
Duration Looping 500 Data 160.89985704422 Detik 
Total Duration 160.89995098114 Detik 
------------------------- 
Tanggal: 13-04-2022 14:20:01 
Duration Download Forstok 10.42066192627 Detik
Duration Looping 500 Data 150.22308897972 Detik 
Total Duration 150.22321796417 Detik 
------------------------- 
Tanggal: 13-04-2022 14:25:01 
Duration Download Forstok 15.643819093704 Detik
Duration Looping 500 Data 150.97573304176 Detik 
Total Duration 150.97586011887 Detik 
------------------------- 
Tanggal: 13-04-2022 14:30:01 
Duration Download Forstok 13.81703710556 Detik
Duration Looping 500 Data 152.09273815155 Detik 
Total Duration 152.09285593033 Detik 
------------------------- 
Tanggal: 13-04-2022 14:35:01 
Duration Download Forstok 17.374513864517 Detik
Duration Looping 500 Data 159.48331284523 Detik 
Total Duration 159.48344993591 Detik 
------------------------- 
Tanggal: 13-04-2022 14:40:00 
Duration Download Forstok 15.98663687706 Detik
Duration Looping 500 Data 148.15821790695 Detik 
Total Duration 148.15835189819 Detik 
------------------------- 
Tanggal: 13-04-2022 14:45:01 
Duration Download Forstok 15.854096889496 Detik
Duration Looping 500 Data 156.11909294128 Detik 
Total Duration 156.11921405792 Detik 
------------------------- 
Tanggal: 13-04-2022 14:50:01 
Duration Download Forstok 10.740520954132 Detik
Duration Looping 500 Data 154.86570501328 Detik 
Total Duration 154.86583781242 Detik 
------------------------- 
Tanggal: 13-04-2022 14:55:02 
Duration Download Forstok 12.375298023224 Detik
Duration Looping 500 Data 151.04951810837 Detik 
Total Duration 151.04963302612 Detik 
------------------------- 
Tanggal: 13-04-2022 15:00:01 
Duration Download Forstok 13.913955926895 Detik
Duration Looping 500 Data 155.34975481033 Detik 
Total Duration 155.34987783432 Detik 
------------------------- 
Tanggal: 13-04-2022 15:05:01 
Duration Download Forstok 21.797230005264 Detik
Duration Looping 500 Data 167.99536991119 Detik 
Total Duration 167.99550390244 Detik 
------------------------- 
Tanggal: 13-04-2022 15:10:01 
Duration Download Forstok 18.910315990448 Detik
Duration Looping 500 Data 153.33654093742 Detik 
Total Duration 153.3366458416 Detik 
------------------------- 
Tanggal: 13-04-2022 15:15:01 
Duration Download Forstok 15.716074228287 Detik
Duration Looping 500 Data 152.60231804848 Detik 
Total Duration 152.60241699219 Detik 
------------------------- 
Tanggal: 13-04-2022 15:20:01 
Duration Download Forstok 10.423851966858 Detik
Duration Looping 500 Data 147.69690108299 Detik 
Total Duration 147.69699406624 Detik 
------------------------- 
Tanggal: 13-04-2022 15:25:00 
Duration Download Forstok 10.858957052231 Detik
Duration Looping 500 Data 148.11495804787 Detik 
Total Duration 148.11504793167 Detik 
------------------------- 
Tanggal: 13-04-2022 15:30:01 
Duration Download Forstok 15.132839918137 Detik
Duration Looping 500 Data 159.93734002113 Detik 
Total Duration 159.93743991852 Detik 
------------------------- 
Tanggal: 13-04-2022 15:35:01 
Duration Download Forstok 14.341402053833 Detik
Duration Looping 500 Data 159.21368694305 Detik 
Total Duration 159.21383094788 Detik 
------------------------- 
Tanggal: 13-04-2022 15:40:01 
Duration Download Forstok 11.203390836716 Detik
Duration Looping 500 Data 152.05247282982 Detik 
Total Duration 152.05257797241 Detik 
------------------------- 
Tanggal: 13-04-2022 15:45:01 
Duration Download Forstok 11.400943040848 Detik
Duration Looping 500 Data 150.67461204529 Detik 
Total Duration 150.67473196983 Detik 
------------------------- 
Tanggal: 13-04-2022 15:50:01 
Duration Download Forstok 15.345577955246 Detik
Duration Looping 500 Data 153.5138630867 Detik 
Total Duration 153.51398897171 Detik 
------------------------- 
Tanggal: 13-04-2022 15:55:01 
Duration Download Forstok 11.391170978546 Detik
Duration Looping 500 Data 150.21700882912 Detik 
Total Duration 150.21714091301 Detik 
------------------------- 
Tanggal: 13-04-2022 16:00:01 
Duration Download Forstok 15.835477113724 Detik
Duration Looping 500 Data 155.65482401848 Detik 
Total Duration 155.65496301651 Detik 
------------------------- 
Tanggal: 13-04-2022 16:05:01 
Duration Download Forstok 12.589287042618 Detik
Duration Looping 500 Data 154.29627203941 Detik 
Total Duration 154.29641008377 Detik 
------------------------- 
Tanggal: 13-04-2022 16:10:01 
Duration Download Forstok 30.818758964539 Detik
Duration Looping 500 Data 163.54427695274 Detik 
Total Duration 163.54440402985 Detik 
------------------------- 
Tanggal: 13-04-2022 16:15:01 
Duration Download Forstok 17.277520179749 Detik
Duration Looping 500 Data 158.24715900421 Detik 
Total Duration 158.24724817276 Detik 
------------------------- 
Tanggal: 13-04-2022 16:20:01 
Duration Download Forstok 23.895575046539 Detik
Duration Looping 500 Data 162.16835784912 Detik 
Total Duration 162.16850996017 Detik 
------------------------- 
Tanggal: 13-04-2022 16:25:01 
Duration Download Forstok 13.057141065598 Detik
Duration Looping 500 Data 142.58140397072 Detik 
Total Duration 142.58154797554 Detik 
------------------------- 
Tanggal: 13-04-2022 16:30:01 
Duration Download Forstok 32.877349853516 Detik
Duration Looping 500 Data 171.44307184219 Detik 
Total Duration 171.44316387177 Detik 
------------------------- 
Tanggal: 13-04-2022 16:35:01 
Duration Download Forstok 9.1127140522003 Detik
Duration Looping 500 Data 136.92059588432 Detik 
Total Duration 136.92075300217 Detik 
------------------------- 
Tanggal: 13-04-2022 16:40:01 
Duration Download Forstok 13.983934879303 Detik
Duration Looping 500 Data 138.87694978714 Detik 
Total Duration 138.87706494331 Detik 
------------------------- 
Tanggal: 13-04-2022 16:45:01 
Duration Download Forstok 14.50322508812 Detik
Duration Looping 500 Data 140.85148596764 Detik 
Total Duration 140.85160398483 Detik 
------------------------- 
Tanggal: 13-04-2022 16:50:01 
Duration Download Forstok 11.122439861298 Detik
Duration Looping 500 Data 137.7977938652 Detik 
Total Duration 137.79791593552 Detik 
------------------------- 
Tanggal: 13-04-2022 16:55:01 
Duration Download Forstok 17.108680009842 Detik
Duration Looping 500 Data 140.23460793495 Detik 
Total Duration 140.23475694656 Detik 
------------------------- 
Tanggal: 13-04-2022 17:00:01 
Duration Download Forstok 18.334303855896 Detik
Duration Looping 500 Data 143.85322189331 Detik 
Total Duration 143.85334300995 Detik 
------------------------- 
Tanggal: 13-04-2022 17:05:01 
Duration Download Forstok 19.374226808548 Detik
Duration Looping 500 Data 139.19302392006 Detik 
Total Duration 139.19313597679 Detik 
------------------------- 
Tanggal: 13-04-2022 17:10:01 
Duration Download Forstok 16.354112863541 Detik
Duration Looping 500 Data 142.16713094711 Detik 
Total Duration 142.16726088524 Detik 
------------------------- 
Tanggal: 13-04-2022 17:15:01 
Duration Download Forstok 13.539662122726 Detik
Duration Looping 500 Data 135.17559313774 Detik 
Total Duration 135.1757171154 Detik 
------------------------- 
Tanggal: 13-04-2022 17:20:01 
Duration Download Forstok 9.4933300018311 Detik
Duration Looping 500 Data 133.33456301689 Detik 
Total Duration 133.33468604088 Detik 
------------------------- 
Tanggal: 13-04-2022 17:25:01 
Duration Download Forstok 12.5191218853 Detik
Duration Looping 500 Data 130.37996292114 Detik 
Total Duration 130.38008499146 Detik 
------------------------- 
Tanggal: 13-04-2022 17:30:01 
Duration Download Forstok 9.8132181167603 Detik
Duration Looping 500 Data 138.02509307861 Detik 
Total Duration 138.02518606186 Detik 
------------------------- 
Tanggal: 13-04-2022 17:35:01 
Duration Download Forstok 19.426676988602 Detik
Duration Looping 500 Data 139.86700487137 Detik 
Total Duration 139.86712694168 Detik 
------------------------- 
Tanggal: 13-04-2022 17:40:01 
Duration Download Forstok 12.425544977188 Detik
Duration Looping 500 Data 133.65170001984 Detik 
Total Duration 133.65181517601 Detik 
------------------------- 
Tanggal: 13-04-2022 17:45:02 
Duration Download Forstok 19.300223112106 Detik
Duration Looping 500 Data 139.11447000504 Detik 
Total Duration 139.11458992958 Detik 
------------------------- 
Tanggal: 13-04-2022 17:50:01 
Duration Download Forstok 13.244793176651 Detik
Duration Looping 500 Data 137.3815600872 Detik 
Total Duration 137.38173818588 Detik 
------------------------- 
Tanggal: 13-04-2022 17:55:01 
Duration Download Forstok 10.053926944733 Detik
Duration Looping 500 Data 131.42269396782 Detik 
Total Duration 131.42281389236 Detik 
------------------------- 
Tanggal: 13-04-2022 18:00:01 
Duration Download Forstok 10.839408874512 Detik
Duration Looping 500 Data 134.13523483276 Detik 
Total Duration 134.13534998894 Detik 
------------------------- 
Tanggal: 13-04-2022 18:05:01 
Duration Download Forstok 23.549252986908 Detik
Duration Looping 500 Data 142.18065190315 Detik 
Total Duration 142.18077087402 Detik 
------------------------- 
Tanggal: 13-04-2022 18:10:01 
Duration Download Forstok 11.497572898865 Detik
Duration Looping 500 Data 139.66786289215 Detik 
Total Duration 139.66797780991 Detik 
------------------------- 
Tanggal: 13-04-2022 18:15:01 
Duration Download Forstok 36.654097080231 Detik
Duration Looping 500 Data 159.52588319778 Detik 
Total Duration 159.52600312233 Detik 
------------------------- 
Tanggal: 13-04-2022 18:20:01 
Duration Download Forstok 11.699954032898 Detik
Duration Looping 500 Data 133.19727802277 Detik 
Total Duration 133.19739198685 Detik 
------------------------- 
Tanggal: 13-04-2022 18:25:01 
Duration Download Forstok 9.4308998584747 Detik
Duration Looping 500 Data 130.77815103531 Detik 
Total Duration 130.77827191353 Detik 
------------------------- 
Tanggal: 13-04-2022 18:30:01 
Duration Download Forstok 12.152677059174 Detik
Duration Looping 500 Data 131.31520199776 Detik 
Total Duration 131.31532096863 Detik 
------------------------- 
Tanggal: 13-04-2022 18:35:01 
Duration Download Forstok 13.798968076706 Detik
Duration Looping 500 Data 130.38319706917 Detik 
Total Duration 130.38331484795 Detik 
------------------------- 
Tanggal: 13-04-2022 18:40:01 
Duration Download Forstok 11.865236997604 Detik
Duration Looping 500 Data 140.4352619648 Detik 
Total Duration 140.43537712097 Detik 
------------------------- 
Tanggal: 13-04-2022 18:45:01 
Duration Download Forstok 15.037616014481 Detik
Duration Looping 500 Data 137.04517602921 Detik 
Total Duration 137.04529213905 Detik 
------------------------- 
Tanggal: 13-04-2022 18:50:01 
Duration Download Forstok 11.969531059265 Detik
Duration Looping 500 Data 144.2966709137 Detik 
Total Duration 144.29678702354 Detik 
------------------------- 
Tanggal: 13-04-2022 18:55:01 
Duration Download Forstok 10.643115997314 Detik
Duration Looping 500 Data 128.83998680115 Detik 
Total Duration 128.84010791779 Detik 
------------------------- 
Tanggal: 13-04-2022 19:00:02 
Duration Download Forstok 16.250448226929 Detik
Duration Looping 500 Data 138.92950201035 Detik 
Total Duration 138.92962121964 Detik 
------------------------- 
Tanggal: 13-04-2022 19:05:01 
Duration Download Forstok 25.13446187973 Detik
Duration Looping 500 Data 148.98287892342 Detik 
Total Duration 148.98299980164 Detik 
------------------------- 
Tanggal: 13-04-2022 19:10:01 
Duration Download Forstok 13.461950063705 Detik
Duration Looping 500 Data 136.30436110497 Detik 
Total Duration 136.30448698997 Detik 
------------------------- 
Tanggal: 13-04-2022 19:15:01 
Duration Download Forstok 13.416381120682 Detik
Duration Looping 500 Data 134.23984909058 Detik 
Total Duration 134.2399661541 Detik 
------------------------- 
Tanggal: 13-04-2022 19:20:01 
Duration Download Forstok 12.701812982559 Detik
Duration Looping 500 Data 131.54484796524 Detik 
Total Duration 131.54496884346 Detik 
------------------------- 
Tanggal: 13-04-2022 19:25:01 
Duration Download Forstok 12.127676963806 Detik
Duration Looping 500 Data 131.91577601433 Detik 
Total Duration 131.9159090519 Detik 
------------------------- 
Tanggal: 13-04-2022 19:30:01 
Duration Download Forstok 13.453748941422 Detik
Duration Looping 500 Data 133.0365447998 Detik 
Total Duration 133.03665995598 Detik 
------------------------- 
Tanggal: 13-04-2022 19:35:01 
Duration Download Forstok 16.641191005707 Detik
Duration Looping 500 Data 139.99647712708 Detik 
Total Duration 139.99660301208 Detik 
------------------------- 
Tanggal: 13-04-2022 19:40:01 
Duration Download Forstok 11.603825092316 Detik
Duration Looping 500 Data 135.75638914108 Detik 
Total Duration 135.75650310516 Detik 
------------------------- 
Tanggal: 13-04-2022 19:45:01 
Duration Download Forstok 11.532116174698 Detik
Duration Looping 500 Data 131.6983499527 Detik 
Total Duration 131.69846010208 Detik 
------------------------- 
Tanggal: 13-04-2022 19:50:01 
Duration Download Forstok 10.523041009903 Detik
Duration Looping 500 Data 135.04579806328 Detik 
Total Duration 135.04591202736 Detik 
------------------------- 
Tanggal: 13-04-2022 19:55:01 
Duration Download Forstok 11.209434986115 Detik
Duration Looping 500 Data 130.74375486374 Detik 
Total Duration 130.74386191368 Detik 
------------------------- 
Tanggal: 13-04-2022 20:00:01 
Duration Download Forstok 14.329856872559 Detik
Duration Looping 500 Data 134.9957549572 Detik 
Total Duration 134.99587082863 Detik 
------------------------- 
Tanggal: 13-04-2022 20:05:01 
Duration Download Forstok 12.300271034241 Detik
Duration Looping 500 Data 127.54355192184 Detik 
Total Duration 127.54366993904 Detik 
------------------------- 
Tanggal: 13-04-2022 20:10:01 
Duration Download Forstok 10.842503070831 Detik
Duration Looping 500 Data 131.28436112404 Detik 
Total Duration 131.28451108932 Detik 
------------------------- 
Tanggal: 13-04-2022 20:15:01 
Duration Download Forstok 15.684587001801 Detik
Duration Looping 500 Data 137.70920085907 Detik 
Total Duration 137.70931100845 Detik 
------------------------- 
Tanggal: 13-04-2022 20:20:01 
Duration Download Forstok 12.050153970718 Detik
Duration Looping 500 Data 135.30477499962 Detik 
Total Duration 135.30489087105 Detik 
------------------------- 
Tanggal: 13-04-2022 20:25:01 
Duration Download Forstok 12.906635046005 Detik
Duration Looping 500 Data 132.18815994263 Detik 
Total Duration 132.18828892708 Detik 
------------------------- 
Tanggal: 13-04-2022 20:30:01 
Duration Download Forstok 10.468074083328 Detik
Duration Looping 500 Data 134.83977007866 Detik 
Total Duration 134.83989500999 Detik 
------------------------- 
Tanggal: 13-04-2022 20:35:01 
Duration Download Forstok 17.870797157288 Detik
Duration Looping 500 Data 139.02454304695 Detik 
Total Duration 139.02467107773 Detik 
------------------------- 
Tanggal: 13-04-2022 20:40:01 
Duration Download Forstok 12.306085824966 Detik
Duration Looping 500 Data 135.8803358078 Detik 
Total Duration 135.88044190407 Detik 
------------------------- 
Tanggal: 13-04-2022 20:45:01 
Duration Download Forstok 16.801711082458 Detik
Duration Looping 500 Data 134.01981902122 Detik 
Total Duration 134.01996207237 Detik 
------------------------- 
Tanggal: 13-04-2022 20:50:01 
Duration Download Forstok 11.214606046677 Detik
Duration Looping 500 Data 131.81075906754 Detik 
Total Duration 131.81087398529 Detik 
------------------------- 
Tanggal: 13-04-2022 20:55:01 
Duration Download Forstok 10.567343950272 Detik
Duration Looping 500 Data 133.2134449482 Detik 
Total Duration 133.21356797218 Detik 
------------------------- 
Tanggal: 13-04-2022 21:00:01 
Duration Download Forstok 11.38304901123 Detik
Duration Looping 500 Data 135.90850496292 Detik 
Total Duration 135.90862202644 Detik 
------------------------- 
Tanggal: 13-04-2022 21:05:01 
Duration Download Forstok 19.879575967789 Detik
Duration Looping 500 Data 143.24112606049 Detik 
Total Duration 143.24125289917 Detik 
------------------------- 
Tanggal: 13-04-2022 21:10:01 
Duration Download Forstok 14.908586025238 Detik
Duration Looping 500 Data 135.20431303978 Detik 
Total Duration 135.20448994637 Detik 
------------------------- 
Tanggal: 13-04-2022 21:15:01 
Duration Download Forstok 13.189160823822 Detik
Duration Looping 500 Data 136.46554493904 Detik 
Total Duration 136.46566104889 Detik 
------------------------- 
Tanggal: 13-04-2022 21:20:01 
Duration Download Forstok 12.873960018158 Detik
Duration Looping 500 Data 134.09728908539 Detik 
Total Duration 134.09741187096 Detik 
------------------------- 
Tanggal: 13-04-2022 21:25:01 
Duration Download Forstok 10.622720003128 Detik
Duration Looping 500 Data 131.79182600975 Detik 
Total Duration 131.79195690155 Detik 
------------------------- 
Tanggal: 13-04-2022 21:30:01 
Duration Download Forstok 16.333395004272 Detik
Duration Looping 500 Data 137.34953093529 Detik 
Total Duration 137.34963488579 Detik 
------------------------- 
Tanggal: 13-04-2022 21:35:01 
Duration Download Forstok 16.053042173386 Detik
Duration Looping 500 Data 138.91767811775 Detik 
Total Duration 138.91778898239 Detik 
------------------------- 
Tanggal: 13-04-2022 21:40:01 
Duration Download Forstok 13.287761926651 Detik
Duration Looping 500 Data 133.7063908577 Detik 
Total Duration 133.70652294159 Detik 
------------------------- 
Tanggal: 13-04-2022 21:45:01 
Duration Download Forstok 13.886617183685 Detik
Duration Looping 500 Data 136.75181818008 Detik 
Total Duration 136.75194096565 Detik 
------------------------- 
Tanggal: 13-04-2022 21:50:01 
Duration Download Forstok 9.4725229740143 Detik
Duration Looping 500 Data 129.84369301796 Detik 
Total Duration 129.84381389618 Detik 
------------------------- 
Tanggal: 13-04-2022 21:55:01 
Duration Download Forstok 12.480170965195 Detik
Duration Looping 500 Data 131.99308514595 Detik 
Total Duration 131.99320411682 Detik 
------------------------- 
Tanggal: 13-04-2022 22:00:01 
Duration Download Forstok 10.058412075043 Detik
Duration Looping 500 Data 134.11507105827 Detik 
Total Duration 134.11519598961 Detik 
------------------------- 
Tanggal: 13-04-2022 22:05:01 
Duration Download Forstok 16.876283884048 Detik
Duration Looping 500 Data 135.50230503082 Detik 
Total Duration 135.50242400169 Detik 
------------------------- 
Tanggal: 13-04-2022 22:10:01 
Duration Download Forstok 16.892791032791 Detik
Duration Looping 500 Data 140.63340997696 Detik 
Total Duration 140.63353800774 Detik 
------------------------- 
Tanggal: 13-04-2022 22:15:01 
Duration Download Forstok 14.575916051865 Detik
Duration Looping 500 Data 134.80898809433 Detik 
Total Duration 134.80911397934 Detik 
------------------------- 
Tanggal: 13-04-2022 22:20:01 
Duration Download Forstok 11.334504127502 Detik
Duration Looping 500 Data 131.44994711876 Detik 
Total Duration 131.45006299019 Detik 
------------------------- 
Tanggal: 13-04-2022 22:25:01 
Duration Download Forstok 12.012274980545 Detik
Duration Looping 500 Data 131.78517794609 Detik 
Total Duration 131.78530311584 Detik 
------------------------- 
Tanggal: 13-04-2022 22:30:01 
Duration Download Forstok 10.059600114822 Detik
Duration Looping 500 Data 127.78301405907 Detik 
Total Duration 127.78312301636 Detik 
------------------------- 
Tanggal: 13-04-2022 22:35:01 
Duration Download Forstok 17.877691030502 Detik
Duration Looping 500 Data 142.49840116501 Detik 
Total Duration 142.49851703644 Detik 
------------------------- 
Tanggal: 13-04-2022 22:40:01 
Duration Download Forstok 9.7392210960388 Detik
Duration Looping 500 Data 130.29266810417 Detik 
Total Duration 130.29278111458 Detik 
------------------------- 
Tanggal: 13-04-2022 22:45:01 
Duration Download Forstok 12.75511598587 Detik
Duration Looping 500 Data 137.9754588604 Detik 
Total Duration 137.97556591034 Detik 
------------------------- 
Tanggal: 13-04-2022 22:50:01 
Duration Download Forstok 10.449131011963 Detik
Duration Looping 500 Data 129.2803440094 Detik 
Total Duration 129.28046488762 Detik 
------------------------- 
Tanggal: 13-04-2022 22:55:01 
Duration Download Forstok 13.283710002899 Detik
Duration Looping 500 Data 126.70194196701 Detik 
Total Duration 126.70206189156 Detik 
------------------------- 
Tanggal: 13-04-2022 23:00:01 
Duration Download Forstok 10.676712989807 Detik
Duration Looping 500 Data 126.24469614029 Detik 
Total Duration 126.24481701851 Detik 
------------------------- 
Tanggal: 13-04-2022 23:05:01 
Duration Download Forstok 21.389841079712 Detik
Duration Looping 500 Data 141.43946194649 Detik 
Total Duration 141.43957495689 Detik 
------------------------- 
Tanggal: 13-04-2022 23:10:01 
Duration Download Forstok 11.62876701355 Detik
Duration Looping 500 Data 126.13124012947 Detik 
Total Duration 126.13136601448 Detik 
------------------------- 
Tanggal: 13-04-2022 23:15:01 
Duration Download Forstok 14.820080041885 Detik
Duration Looping 500 Data 133.84268903732 Detik 
Total Duration 133.84281086922 Detik 
------------------------- 
Tanggal: 13-04-2022 23:20:01 
Duration Download Forstok 9.3344650268555 Detik
Duration Looping 500 Data 125.78103208542 Detik 
Total Duration 125.78117918968 Detik 
------------------------- 
Tanggal: 13-04-2022 23:25:01 
Duration Download Forstok 10.506592035294 Detik
Duration Looping 500 Data 123.39039897919 Detik 
Total Duration 123.39051818848 Detik 
------------------------- 
Tanggal: 13-04-2022 23:30:02 
Duration Download Forstok 10.610766172409 Detik
Duration Looping 500 Data 136.22017908096 Detik 
Total Duration 136.22030115128 Detik 
------------------------- 
Tanggal: 13-04-2022 23:35:01 
Duration Download Forstok 10.61198592186 Detik
Duration Looping 500 Data 127.65810894966 Detik 
Total Duration 127.65821194649 Detik 
------------------------- 
Tanggal: 13-04-2022 23:40:01 
Duration Download Forstok 12.413601160049 Detik
Duration Looping 500 Data 130.71419906616 Detik 
Total Duration 130.71431708336 Detik 
------------------------- 
Tanggal: 13-04-2022 23:45:02 
Duration Download Forstok 15.227986812592 Detik
Duration Looping 500 Data 131.96524596214 Detik 
Total Duration 131.96535778046 Detik 
------------------------- 
Tanggal: 13-04-2022 23:50:01 
Duration Download Forstok 12.085288047791 Detik
Duration Looping 500 Data 129.5718588829 Detik 
Total Duration 129.57198596001 Detik 
------------------------- 
Tanggal: 13-04-2022 23:55:01 
Duration Download Forstok 10.618756055832 Detik
Duration Looping 500 Data 127.39889407158 Detik 
Total Duration 127.39902710915 Detik 
------------------------- 
