Tanggal: 04-02-2022 00:00:01 
Duration Download Forstok 14.551893949509 Detik
Duration Looping 700 Data 550.92669010162 Detik 
Total Duration 550.93246197701 Detik 
------------------------- 
Tanggal: 04-02-2022 00:10:01 
Duration Download Forstok 14.51175904274 Detik
Duration Looping 700 Data 170.12021899223 Detik 
Total Duration 170.12030100822 Detik 
------------------------- 
Tanggal: 04-02-2022 00:15:01 
Duration Download Forstok 14.710768938065 Detik
Duration Looping 700 Data 199.21528100967 Detik 
Total Duration 199.21636986732 Detik 
------------------------- 
Tanggal: 04-02-2022 00:20:01 
Duration Download Forstok 14.808737039566 Detik
Duration Looping 700 Data 170.85999917984 Detik 
Total Duration 170.8600962162 Detik 
------------------------- 
Tanggal: 04-02-2022 00:25:01 
Duration Download Forstok 13.19090795517 Detik
Duration Looping 700 Data 171.81609082222 Detik 
Total Duration 171.81621193886 Detik 
------------------------- 
Tanggal: 04-02-2022 00:30:02 
Duration Download Forstok 13.5700340271 Detik
Duration Looping 700 Data 170.51687288284 Detik 
Total Duration 170.51696705818 Detik 
------------------------- 
Tanggal: 04-02-2022 00:35:01 
Duration Download Forstok 11.954777002335 Detik
Duration Looping 700 Data 167.60788583755 Detik 
Total Duration 167.60798788071 Detik 
------------------------- 
Tanggal: 04-02-2022 00:40:01 
Duration Download Forstok 15.434998035431 Detik
Duration Looping 700 Data 178.79253411293 Detik 
Total Duration 178.79263901711 Detik 
------------------------- 
Tanggal: 04-02-2022 00:45:01 
Duration Download Forstok 13.588201999664 Detik
Duration Looping 700 Data 164.82606291771 Detik 
Total Duration 164.82615208626 Detik 
------------------------- 
Tanggal: 04-02-2022 00:50:01 
Duration Download Forstok 15.465366125107 Detik
Duration Looping 700 Data 166.23135209084 Detik 
Total Duration 166.23147797585 Detik 
------------------------- 
Tanggal: 04-02-2022 00:55:01 
Duration Download Forstok 11.37199306488 Detik
Duration Looping 700 Data 162.48872208595 Detik 
Total Duration 162.48882508278 Detik 
------------------------- 
Tanggal: 04-02-2022 01:00:01 
Duration Download Forstok 19.338470935822 Detik
Duration Looping 700 Data 170.09708595276 Detik 
Total Duration 170.09719085693 Detik 
------------------------- 
Tanggal: 04-02-2022 01:05:01 
Duration Download Forstok 16.185749053955 Detik
Duration Looping 700 Data 172.38155817986 Detik 
Total Duration 172.38167214394 Detik 
------------------------- 
Tanggal: 04-02-2022 01:10:01 
Duration Download Forstok 12.014093160629 Detik
Duration Looping 700 Data 170.43553900719 Detik 
Total Duration 170.43565511703 Detik 
------------------------- 
Tanggal: 04-02-2022 01:15:01 
Duration Download Forstok 15.678068876266 Detik
Duration Looping 700 Data 186.41867685318 Detik 
Total Duration 186.41878986359 Detik 
------------------------- 
Tanggal: 04-02-2022 01:20:01 
Duration Download Forstok 15.152036905289 Detik
Duration Looping 700 Data 171.40923690796 Detik 
Total Duration 171.4093439579 Detik 
------------------------- 
Tanggal: 04-02-2022 01:25:01 
Duration Download Forstok 15.941091775894 Detik
Duration Looping 700 Data 170.38341593742 Detik 
Total Duration 170.3835299015 Detik 
------------------------- 
Tanggal: 04-02-2022 01:30:01 
Duration Download Forstok 15.484379053116 Detik
Duration Looping 700 Data 164.43742394447 Detik 
Total Duration 164.43750500679 Detik 
------------------------- 
Tanggal: 04-02-2022 01:35:02 
Duration Download Forstok 15.062538862228 Detik
Duration Looping 700 Data 170.16891789436 Detik 
Total Duration 170.169039011 Detik 
------------------------- 
Tanggal: 04-02-2022 01:40:01 
Duration Download Forstok 14.030726194382 Detik
Duration Looping 700 Data 168.40757322311 Detik 
Total Duration 168.4076821804 Detik 
------------------------- 
Tanggal: 04-02-2022 01:45:01 
Duration Download Forstok 19.591192960739 Detik
Duration Looping 700 Data 172.84811306 Detik 
Total Duration 172.84823203087 Detik 
------------------------- 
Tanggal: 04-02-2022 01:50:01 
Duration Download Forstok 17.175336837769 Detik
Duration Looping 700 Data 173.57071495056 Detik 
Total Duration 173.57083392143 Detik 
------------------------- 
Tanggal: 04-02-2022 01:55:01 
Duration Download Forstok 16.125668048859 Detik
Duration Looping 700 Data 164.42624402046 Detik 
Total Duration 164.42636203766 Detik 
------------------------- 
Tanggal: 04-02-2022 02:00:01 
Duration Download Forstok 14.402933835983 Detik
Duration Looping 700 Data 168.84179997444 Detik 
Total Duration 168.84190893173 Detik 
------------------------- 
Tanggal: 04-02-2022 02:05:01 
Duration Download Forstok 22.308497905731 Detik
Duration Looping 700 Data 172.01790690422 Detik 
Total Duration 172.01803398132 Detik 
------------------------- 
Tanggal: 04-02-2022 02:10:01 
Duration Download Forstok 18.947952032089 Detik
Duration Looping 700 Data 171.18826985359 Detik 
Total Duration 171.1883790493 Detik 
------------------------- 
Tanggal: 04-02-2022 02:15:01 
Duration Download Forstok 20.761813879013 Detik
Duration Looping 700 Data 171.24876093864 Detik 
Total Duration 171.24887299538 Detik 
------------------------- 
Tanggal: 04-02-2022 02:20:01 
Duration Download Forstok 18.14631485939 Detik
Duration Looping 700 Data 167.14369392395 Detik 
Total Duration 167.14384198189 Detik 
------------------------- 
Tanggal: 04-02-2022 02:25:01 
Duration Download Forstok 18.237298965454 Detik
Duration Looping 700 Data 170.70893001556 Detik 
Total Duration 170.70904803276 Detik 
------------------------- 
Tanggal: 04-02-2022 02:30:02 
Duration Download Forstok 18.109528064728 Detik
Duration Looping 700 Data 178.95395421982 Detik 
Total Duration 178.95407009125 Detik 
------------------------- 
Tanggal: 04-02-2022 02:35:01 
Duration Download Forstok 16.696246862411 Detik
Duration Looping 700 Data 170.67354488373 Detik 
Total Duration 170.67366099358 Detik 
------------------------- 
Tanggal: 04-02-2022 02:40:01 
Duration Download Forstok 15.140915870667 Detik
Duration Looping 700 Data 169.86328101158 Detik 
Total Duration 169.86340093613 Detik 
------------------------- 
Tanggal: 04-02-2022 02:45:01 
Duration Download Forstok 15.93349313736 Detik
Duration Looping 700 Data 168.56863093376 Detik 
Total Duration 168.56875610352 Detik 
------------------------- 
Tanggal: 04-02-2022 02:50:01 
Duration Download Forstok 19.978847026825 Detik
Duration Looping 700 Data 174.51052093506 Detik 
Total Duration 174.51062607765 Detik 
------------------------- 
Tanggal: 04-02-2022 02:55:01 
Duration Download Forstok 16.155941963196 Detik
Duration Looping 700 Data 167.57673788071 Detik 
Total Duration 167.57687091827 Detik 
------------------------- 
Tanggal: 04-02-2022 03:00:01 
Duration Download Forstok 17.393149852753 Detik
Duration Looping 700 Data 170.33955097198 Detik 
Total Duration 170.33967494965 Detik 
------------------------- 
Tanggal: 04-02-2022 03:05:01 
Duration Download Forstok 20.854890108109 Detik
Duration Looping 700 Data 173.59569597244 Detik 
Total Duration 173.59581613541 Detik 
------------------------- 
Tanggal: 04-02-2022 03:10:01 
Duration Download Forstok 14.179138183594 Detik
Duration Looping 700 Data 168.40852999687 Detik 
Total Duration 168.40863919258 Detik 
------------------------- 
Tanggal: 04-02-2022 03:15:01 
Duration Download Forstok 15.500524997711 Detik
Duration Looping 700 Data 163.73296809196 Detik 
Total Duration 163.73307204247 Detik 
------------------------- 
Tanggal: 04-02-2022 03:20:01 
Duration Download Forstok 14.705524921417 Detik
Duration Looping 700 Data 161.93239998817 Detik 
Total Duration 161.93250799179 Detik 
------------------------- 
Tanggal: 04-02-2022 03:25:01 
Duration Download Forstok 17.151893854141 Detik
Duration Looping 700 Data 169.20938897133 Detik 
Total Duration 169.20950293541 Detik 
------------------------- 
Tanggal: 04-02-2022 03:30:01 
Duration Download Forstok 23.742355108261 Detik
Duration Looping 700 Data 179.86005091667 Detik 
Total Duration 179.86016702652 Detik 
------------------------- 
Tanggal: 04-02-2022 03:35:01 
Duration Download Forstok 13.478182077408 Detik
Duration Looping 700 Data 171.27770996094 Detik 
Total Duration 171.27782201767 Detik 
------------------------- 
Tanggal: 04-02-2022 03:40:01 
Duration Download Forstok 15.56231713295 Detik
Duration Looping 700 Data 170.69000315666 Detik 
Total Duration 170.69012212753 Detik 
------------------------- 
Tanggal: 04-02-2022 03:45:01 
Duration Download Forstok 19.19758105278 Detik
Duration Looping 700 Data 173.01895689964 Detik 
Total Duration 173.01908302307 Detik 
------------------------- 
Tanggal: 04-02-2022 03:50:01 
Duration Download Forstok 18.156448841095 Detik
Duration Looping 700 Data 170.56944203377 Detik 
Total Duration 170.56959700584 Detik 
------------------------- 
Tanggal: 04-02-2022 03:55:01 
Duration Download Forstok 15.450850009918 Detik
Duration Looping 700 Data 165.85263204575 Detik 
Total Duration 165.85274600983 Detik 
------------------------- 
Tanggal: 04-02-2022 04:00:01 
Duration Download Forstok 16.973303794861 Detik
Duration Looping 700 Data 173.29907393456 Detik 
Total Duration 173.29916477203 Detik 
------------------------- 
Tanggal: 04-02-2022 04:05:01 
Duration Download Forstok 23.33442902565 Detik
Duration Looping 700 Data 176.21633815765 Detik 
Total Duration 176.21645307541 Detik 
------------------------- 
Tanggal: 04-02-2022 04:10:01 
Duration Download Forstok 13.994240999222 Detik
Duration Looping 700 Data 166.80513310432 Detik 
Total Duration 166.80524301529 Detik 
------------------------- 
Tanggal: 04-02-2022 04:15:01 
Duration Download Forstok 17.716067075729 Detik
Duration Looping 700 Data 172.98635697365 Detik 
Total Duration 172.98647618294 Detik 
------------------------- 
Tanggal: 04-02-2022 04:20:01 
Duration Download Forstok 16.618710041046 Detik
Duration Looping 700 Data 171.04811906815 Detik 
Total Duration 171.0482301712 Detik 
------------------------- 
Tanggal: 04-02-2022 04:25:01 
Duration Download Forstok 14.770780086517 Detik
Duration Looping 700 Data 163.24828195572 Detik 
Total Duration 163.24840807915 Detik 
------------------------- 
Tanggal: 04-02-2022 04:30:01 
Duration Download Forstok 18.37831401825 Detik
Duration Looping 700 Data 173.65889596939 Detik 
Total Duration 173.65900802612 Detik 
------------------------- 
Tanggal: 04-02-2022 04:35:01 
Duration Download Forstok 15.893968105316 Detik
Duration Looping 700 Data 173.98992300034 Detik 
Total Duration 173.99001812935 Detik 
------------------------- 
Tanggal: 04-02-2022 04:40:01 
Duration Download Forstok 16.193911075592 Detik
Duration Looping 700 Data 172.95431399345 Detik 
Total Duration 172.95443201065 Detik 
------------------------- 
Tanggal: 04-02-2022 04:45:01 
Duration Download Forstok 23.234624862671 Detik
Duration Looping 700 Data 178.39512181282 Detik 
Total Duration 178.39523792267 Detik 
------------------------- 
Tanggal: 04-02-2022 04:50:01 
Duration Download Forstok 18.432471036911 Detik
Duration Looping 700 Data 175.44001698494 Detik 
Total Duration 175.44012999535 Detik 
------------------------- 
Tanggal: 04-02-2022 04:55:01 
Duration Download Forstok 16.255350828171 Detik
Duration Looping 700 Data 179.85775279999 Detik 
Total Duration 179.85787892342 Detik 
------------------------- 
Tanggal: 04-02-2022 05:00:01 
Duration Download Forstok 15.879186868668 Detik
Duration Looping 700 Data 164.17387485504 Detik 
Total Duration 164.17399287224 Detik 
------------------------- 
Tanggal: 04-02-2022 05:05:01 
Duration Download Forstok 19.902709960938 Detik
Duration Looping 700 Data 174.10716795921 Detik 
Total Duration 174.10728406906 Detik 
------------------------- 
Tanggal: 04-02-2022 05:10:01 
Duration Download Forstok 15.342482089996 Detik
Duration Looping 700 Data 174.76273798943 Detik 
Total Duration 174.76285195351 Detik 
------------------------- 
Tanggal: 04-02-2022 05:15:01 
Duration Download Forstok 15.148226976395 Detik
Duration Looping 700 Data 179.79206490517 Detik 
Total Duration 179.79217886925 Detik 
------------------------- 
Tanggal: 04-02-2022 05:20:01 
Duration Download Forstok 16.102106809616 Detik
Duration Looping 700 Data 169.10135197639 Detik 
Total Duration 169.10146594048 Detik 
------------------------- 
Tanggal: 04-02-2022 05:25:01 
Duration Download Forstok 14.570161819458 Detik
Duration Looping 700 Data 161.97870087624 Detik 
Total Duration 161.97880887985 Detik 
------------------------- 
Tanggal: 04-02-2022 05:30:01 
Duration Download Forstok 13.406180143356 Detik
Duration Looping 700 Data 168.40529203415 Detik 
Total Duration 168.405408144 Detik 
------------------------- 
Tanggal: 04-02-2022 05:35:01 
Duration Download Forstok 14.396363973618 Detik
Duration Looping 700 Data 165.12509489059 Detik 
Total Duration 165.125207901 Detik 
------------------------- 
Tanggal: 04-02-2022 05:40:01 
Duration Download Forstok 13.556890964508 Detik
Duration Looping 700 Data 167.90657186508 Detik 
Total Duration 167.90668988228 Detik 
------------------------- 
Tanggal: 04-02-2022 05:45:01 
Duration Download Forstok 18.455525875092 Detik
Duration Looping 700 Data 169.82972598076 Detik 
Total Duration 169.82983899117 Detik 
------------------------- 
Tanggal: 04-02-2022 05:50:01 
Duration Download Forstok 21.097296953201 Detik
Duration Looping 700 Data 176.37888813019 Detik 
Total Duration 176.37900805473 Detik 
------------------------- 
Tanggal: 04-02-2022 05:55:01 
Duration Download Forstok 13.986869812012 Detik
Duration Looping 700 Data 174.22237992287 Detik 
Total Duration 174.22248983383 Detik 
------------------------- 
Tanggal: 04-02-2022 06:00:01 
Duration Download Forstok 16.218169927597 Detik
Duration Looping 700 Data 176.30419397354 Detik 
Total Duration 176.30431485176 Detik 
------------------------- 
Tanggal: 04-02-2022 06:05:01 
Duration Download Forstok 18.178097963333 Detik
Duration Looping 700 Data 173.58681201935 Detik 
Total Duration 173.58692598343 Detik 
------------------------- 
Tanggal: 04-02-2022 06:10:01 
Duration Download Forstok 13.727506160736 Detik
Duration Looping 700 Data 161.63836598396 Detik 
Total Duration 161.63848400116 Detik 
------------------------- 
Tanggal: 04-02-2022 06:15:01 
Duration Download Forstok 19.310002088547 Detik
Duration Looping 700 Data 172.2311000824 Detik 
Total Duration 172.23121714592 Detik 
------------------------- 
Tanggal: 04-02-2022 06:20:01 
Duration Download Forstok 12.731715917587 Detik
Duration Looping 700 Data 162.96816587448 Detik 
Total Duration 162.96828007698 Detik 
------------------------- 
Tanggal: 04-02-2022 06:25:01 
Duration Download Forstok 12.465091943741 Detik
Duration Looping 700 Data 163.18595099449 Detik 
Total Duration 163.18607378006 Detik 
------------------------- 
Tanggal: 04-02-2022 06:30:01 
Duration Download Forstok 14.519170999527 Detik
Duration Looping 700 Data 171.69366908073 Detik 
Total Duration 171.69377589226 Detik 
------------------------- 
Tanggal: 04-02-2022 06:35:01 
Duration Download Forstok 11.451819896698 Detik
Duration Looping 700 Data 161.90432500839 Detik 
Total Duration 161.90444397926 Detik 
------------------------- 
Tanggal: 04-02-2022 06:40:01 
Duration Download Forstok 14.855950832367 Detik
Duration Looping 700 Data 165.94516587257 Detik 
Total Duration 165.94527482986 Detik 
------------------------- 
Tanggal: 04-02-2022 06:45:01 
Duration Download Forstok 13.662528038025 Detik
Duration Looping 700 Data 159.73659300804 Detik 
Total Duration 159.73670291901 Detik 
------------------------- 
Tanggal: 04-02-2022 06:50:01 
Duration Download Forstok 12.679790973663 Detik
Duration Looping 700 Data 161.87278389931 Detik 
Total Duration 161.87289309502 Detik 
------------------------- 
Tanggal: 04-02-2022 06:55:01 
Duration Download Forstok 12.067265987396 Detik
Duration Looping 700 Data 172.95592403412 Detik 
Total Duration 172.95603299141 Detik 
------------------------- 
Tanggal: 04-02-2022 07:00:01 
Duration Download Forstok 12.700263977051 Detik
Duration Looping 700 Data 173.20697689056 Detik 
Total Duration 173.2070889473 Detik 
------------------------- 
Tanggal: 04-02-2022 07:05:01 
Duration Download Forstok 15.340960979462 Detik
Duration Looping 700 Data 168.03155994415 Detik 
Total Duration 168.03167390823 Detik 
------------------------- 
Tanggal: 04-02-2022 07:10:01 
Duration Download Forstok 12.7980260849 Detik
Duration Looping 700 Data 163.7498049736 Detik 
Total Duration 163.7499320507 Detik 
------------------------- 
Tanggal: 04-02-2022 07:15:01 
Duration Download Forstok 15.811521053314 Detik
Duration Looping 700 Data 178.947026968 Detik 
Total Duration 178.94713902473 Detik 
------------------------- 
Tanggal: 04-02-2022 07:20:01 
Duration Download Forstok 12.214768886566 Detik
Duration Looping 700 Data 158.96224784851 Detik 
Total Duration 158.96236777306 Detik 
------------------------- 
Tanggal: 04-02-2022 07:25:01 
Duration Download Forstok 10.962877035141 Detik
Duration Looping 700 Data 166.12807106972 Detik 
Total Duration 166.12819719315 Detik 
------------------------- 
Tanggal: 04-02-2022 07:30:01 
Duration Download Forstok 13.469511985779 Detik
Duration Looping 700 Data 161.62868094444 Detik 
Total Duration 161.62878680229 Detik 
------------------------- 
Tanggal: 04-02-2022 07:35:01 
Duration Download Forstok 14.78563785553 Detik
Duration Looping 700 Data 161.86508584023 Detik 
Total Duration 161.86520195007 Detik 
------------------------- 
Tanggal: 04-02-2022 07:40:01 
Duration Download Forstok 12.753489971161 Detik
Duration Looping 700 Data 163.17015695572 Detik 
Total Duration 163.17026615143 Detik 
------------------------- 
Tanggal: 04-02-2022 07:45:01 
Duration Download Forstok 18.90389418602 Detik
Duration Looping 700 Data 174.791462183 Detik 
Total Duration 174.79156899452 Detik 
------------------------- 
Tanggal: 04-02-2022 07:50:01 
Duration Download Forstok 11.609738826752 Detik
Duration Looping 700 Data 166.2475810051 Detik 
Total Duration 166.2476978302 Detik 
------------------------- 
Tanggal: 04-02-2022 07:55:01 
Duration Download Forstok 13.808387994766 Detik
Duration Looping 700 Data 161.23902082443 Detik 
Total Duration 161.23914003372 Detik 
------------------------- 
Tanggal: 04-02-2022 08:00:01 
Duration Download Forstok 12.018929958344 Detik
Duration Looping 700 Data 171.93290805817 Detik 
Total Duration 171.93303108215 Detik 
------------------------- 
Tanggal: 04-02-2022 08:05:01 
Duration Download Forstok 22.616456985474 Detik
Duration Looping 700 Data 178.41794013977 Detik 
Total Duration 178.41803312302 Detik 
------------------------- 
Tanggal: 04-02-2022 08:10:01 
Duration Download Forstok 14.82431101799 Detik
Duration Looping 700 Data 169.40543103218 Detik 
Total Duration 169.40555405617 Detik 
------------------------- 
Tanggal: 04-02-2022 08:15:01 
Duration Download Forstok 14.936027050018 Detik
Duration Looping 700 Data 174.8842189312 Detik 
Total Duration 174.88430690765 Detik 
------------------------- 
Tanggal: 04-02-2022 08:20:01 
Duration Download Forstok 13.791481971741 Detik
Duration Looping 700 Data 173.72799611092 Detik 
Total Duration 173.72812891006 Detik 
------------------------- 
Tanggal: 04-02-2022 08:25:01 
Duration Download Forstok 11.357855081558 Detik
Duration Looping 700 Data 168.69337797165 Detik 
Total Duration 168.6934709549 Detik 
------------------------- 
Tanggal: 04-02-2022 08:30:01 
Duration Download Forstok 14.820420980453 Detik
Duration Looping 700 Data 172.49054789543 Detik 
Total Duration 172.49065995216 Detik 
------------------------- 
Tanggal: 04-02-2022 08:35:01 
Duration Download Forstok 17.104469060898 Detik
Duration Looping 700 Data 179.14608597755 Detik 
Total Duration 179.14620304108 Detik 
------------------------- 
Tanggal: 04-02-2022 08:40:01 
Duration Download Forstok 16.758798837662 Detik
Duration Looping 700 Data 181.02092003822 Detik 
Total Duration 181.02103090286 Detik 
------------------------- 
Tanggal: 04-02-2022 08:45:01 
Duration Download Forstok 18.314712047577 Detik
Duration Looping 700 Data 176.95627307892 Detik 
Total Duration 176.9563908577 Detik 
------------------------- 
Tanggal: 04-02-2022 08:50:01 
Duration Download Forstok 11.932890176773 Detik
Duration Looping 700 Data 177.26071810722 Detik 
Total Duration 177.26085805893 Detik 
------------------------- 
Tanggal: 04-02-2022 08:55:01 
Duration Download Forstok 17.884376049042 Detik
Duration Looping 700 Data 173.98855900764 Detik 
Total Duration 173.98866415024 Detik 
------------------------- 
Tanggal: 04-02-2022 09:00:01 
Duration Download Forstok 15.627676963806 Detik
Duration Looping 700 Data 169.58116102219 Detik 
Total Duration 169.58128094673 Detik 
------------------------- 
Tanggal: 04-02-2022 09:05:01 
Duration Download Forstok 25.71985411644 Detik
Duration Looping 700 Data 183.75548315048 Detik 
Total Duration 183.75559616089 Detik 
------------------------- 
Tanggal: 04-02-2022 09:10:01 
Duration Download Forstok 12.534379005432 Detik
Duration Looping 700 Data 171.8386900425 Detik 
Total Duration 171.83877205849 Detik 
------------------------- 
Tanggal: 04-02-2022 09:15:01 
Duration Download Forstok 12.159311056137 Detik
Duration Looping 700 Data 174.91862106323 Detik 
Total Duration 174.91874289513 Detik 
------------------------- 
Tanggal: 04-02-2022 09:20:01 
Duration Download Forstok 16.10667514801 Detik
Duration Looping 700 Data 170.16730213165 Detik 
Total Duration 170.16740894318 Detik 
------------------------- 
Tanggal: 04-02-2022 09:25:01 
Duration Download Forstok 13.332235097885 Detik
Duration Looping 700 Data 177.82060694695 Detik 
Total Duration 177.82072305679 Detik 
------------------------- 
Tanggal: 04-02-2022 09:30:01 
Duration Download Forstok 13.287155866623 Detik
Duration Looping 700 Data 168.9926970005 Detik 
Total Duration 168.99282288551 Detik 
------------------------- 
Tanggal: 04-02-2022 09:35:01 
Duration Download Forstok 12.751488924026 Detik
Duration Looping 700 Data 166.4699549675 Detik 
Total Duration 166.47008705139 Detik 
------------------------- 
Tanggal: 04-02-2022 09:40:02 
Duration Download Forstok 20.485648155212 Detik
Duration Looping 700 Data 178.37478208542 Detik 
Total Duration 178.37487721443 Detik 
------------------------- 
Tanggal: 04-02-2022 09:45:01 
Duration Download Forstok 15.784373998642 Detik
Duration Looping 700 Data 179.66834998131 Detik 
Total Duration 179.66846680641 Detik 
------------------------- 
Tanggal: 04-02-2022 09:50:02 
Duration Download Forstok 11.96125292778 Detik
Duration Looping 700 Data 168.05458211899 Detik 
Total Duration 168.05470204353 Detik 
------------------------- 
Tanggal: 04-02-2022 09:55:01 
Duration Download Forstok 13.0271089077 Detik
Duration Looping 700 Data 171.61923098564 Detik 
Total Duration 171.61935591698 Detik 
------------------------- 
Tanggal: 04-02-2022 10:00:01 
Duration Download Forstok 15.886902809143 Detik
Duration Looping 700 Data 172.88129496574 Detik 
Total Duration 172.88140583038 Detik 
------------------------- 
Tanggal: 04-02-2022 10:05:01 
Duration Download Forstok 19.532393932343 Detik
Duration Looping 700 Data 176.65110707283 Detik 
Total Duration 176.65124702454 Detik 
------------------------- 
Tanggal: 04-02-2022 10:10:01 
Duration Download Forstok 12.946523189545 Detik
Duration Looping 700 Data 172.63889098167 Detik 
Total Duration 172.63901519775 Detik 
------------------------- 
Tanggal: 04-02-2022 10:15:01 
Duration Download Forstok 12.60604095459 Detik
Duration Looping 700 Data 168.98241186142 Detik 
Total Duration 168.98254203796 Detik 
------------------------- 
Tanggal: 04-02-2022 10:20:01 
Duration Download Forstok 13.05829501152 Detik
Duration Looping 700 Data 171.37644600868 Detik 
Total Duration 171.37654995918 Detik 
------------------------- 
Tanggal: 04-02-2022 10:25:01 
Duration Download Forstok 12.411562919617 Detik
Duration Looping 700 Data 170.48575687408 Detik 
Total Duration 170.48589396477 Detik 
------------------------- 
Tanggal: 04-02-2022 10:30:01 
Duration Download Forstok 14.261775970459 Detik
Duration Looping 700 Data 172.36638092995 Detik 
Total Duration 172.36649608612 Detik 
------------------------- 
Tanggal: 04-02-2022 10:35:01 
Duration Download Forstok 13.23767209053 Detik
Duration Looping 700 Data 169.6546421051 Detik 
Total Duration 169.65475201607 Detik 
------------------------- 
Tanggal: 04-02-2022 10:40:01 
Duration Download Forstok 12.963886022568 Detik
Duration Looping 700 Data 171.14426922798 Detik 
Total Duration 171.14435315132 Detik 
------------------------- 
Tanggal: 04-02-2022 10:45:02 
Duration Download Forstok 16.750287055969 Detik
Duration Looping 700 Data 172.50296497345 Detik 
Total Duration 172.50305294991 Detik 
------------------------- 
Tanggal: 04-02-2022 10:50:01 
Duration Download Forstok 12.424851179123 Detik
Duration Looping 700 Data 173.81462907791 Detik 
Total Duration 173.81474518776 Detik 
------------------------- 
Tanggal: 04-02-2022 10:55:01 
Duration Download Forstok 11.964270114899 Detik
Duration Looping 700 Data 177.45927000046 Detik 
Total Duration 177.45940804482 Detik 
------------------------- 
Tanggal: 04-02-2022 11:00:01 
Duration Download Forstok 13.954982995987 Detik
Duration Looping 700 Data 176.21470499039 Detik 
Total Duration 176.21480178833 Detik 
------------------------- 
Tanggal: 04-02-2022 11:05:01 
Duration Download Forstok 20.964494943619 Detik
Duration Looping 700 Data 173.73335003853 Detik 
Total Duration 173.73348903656 Detik 
------------------------- 
Tanggal: 04-02-2022 11:10:01 
Duration Download Forstok 12.85729598999 Detik
Duration Looping 700 Data 169.3571460247 Detik 
Total Duration 169.3572640419 Detik 
------------------------- 
Tanggal: 04-02-2022 11:15:01 
Duration Download Forstok 14.254531145096 Detik
Duration Looping 700 Data 172.85318207741 Detik 
Total Duration 172.85330200195 Detik 
------------------------- 
Tanggal: 04-02-2022 11:20:01 
Duration Download Forstok 12.811058998108 Detik
Duration Looping 700 Data 172.26188993454 Detik 
Total Duration 172.26200795174 Detik 
------------------------- 
Tanggal: 04-02-2022 11:25:01 
Duration Download Forstok 10.618994951248 Detik
Duration Looping 700 Data 172.43841099739 Detik 
Total Duration 172.43852806091 Detik 
------------------------- 
Tanggal: 04-02-2022 11:30:02 
Duration Download Forstok 11.845160007477 Detik
Duration Looping 700 Data 163.33561992645 Detik 
Total Duration 163.33574700356 Detik 
------------------------- 
Tanggal: 04-02-2022 11:35:01 
Duration Download Forstok 15.556001901627 Detik
Duration Looping 700 Data 175.22783589363 Detik 
Total Duration 175.22796201706 Detik 
------------------------- 
Tanggal: 04-02-2022 11:40:01 
Duration Download Forstok 12.441246032715 Detik
Duration Looping 700 Data 167.57140207291 Detik 
Total Duration 167.57151198387 Detik 
------------------------- 
Tanggal: 04-02-2022 11:45:01 
Duration Download Forstok 22.803030967712 Detik
Duration Looping 700 Data 174.40794801712 Detik 
Total Duration 174.40805602074 Detik 
------------------------- 
Tanggal: 04-02-2022 11:50:01 
Duration Download Forstok 21.234572887421 Detik
Duration Looping 700 Data 174.7480969429 Detik 
Total Duration 174.74820709229 Detik 
------------------------- 
Tanggal: 04-02-2022 11:55:01 
Duration Download Forstok 13.97255396843 Detik
Duration Looping 700 Data 171.38742804527 Detik 
Total Duration 171.38754606247 Detik 
------------------------- 
Tanggal: 04-02-2022 12:00:01 
Duration Download Forstok 14.152194023132 Detik
Duration Looping 700 Data 168.62443304062 Detik 
Total Duration 168.62454605103 Detik 
------------------------- 
Tanggal: 04-02-2022 12:05:01 
Duration Download Forstok 17.672489881516 Detik
Duration Looping 700 Data 170.83528494835 Detik 
Total Duration 170.83539795876 Detik 
------------------------- 
Tanggal: 04-02-2022 12:10:01 
Duration Download Forstok 10.954560995102 Detik
Duration Looping 700 Data 163.76756381989 Detik 
Total Duration 163.76769590378 Detik 
------------------------- 
Tanggal: 04-02-2022 12:15:01 
Duration Download Forstok 15.224972963333 Detik
Duration Looping 700 Data 171.5636909008 Detik 
Total Duration 171.5638051033 Detik 
------------------------- 
Tanggal: 04-02-2022 12:20:02 
Duration Download Forstok 14.754889965057 Detik
Duration Looping 700 Data 161.65652799606 Detik 
Total Duration 161.65663790703 Detik 
------------------------- 
Tanggal: 04-02-2022 12:25:01 
Duration Download Forstok 13.143966913223 Detik
Duration Looping 700 Data 163.9616689682 Detik 
Total Duration 163.9617869854 Detik 
------------------------- 
Tanggal: 04-02-2022 12:30:01 
Duration Download Forstok 15.2911901474 Detik
Duration Looping 700 Data 169.8240981102 Detik 
Total Duration 169.82420897484 Detik 
------------------------- 
Tanggal: 04-02-2022 12:35:01 
Duration Download Forstok 12.849719047546 Detik
Duration Looping 700 Data 160.76674604416 Detik 
Total Duration 160.76688504219 Detik 
------------------------- 
Tanggal: 04-02-2022 12:40:01 
Duration Download Forstok 12.688222169876 Detik
Duration Looping 700 Data 167.26580405235 Detik 
Total Duration 167.26592516899 Detik 
------------------------- 
Tanggal: 04-02-2022 12:45:01 
Duration Download Forstok 16.455783128738 Detik
Duration Looping 700 Data 167.65314602852 Detik 
Total Duration 167.65327715874 Detik 
------------------------- 
Tanggal: 04-02-2022 12:50:01 
Duration Download Forstok 13.759047031403 Detik
Duration Looping 700 Data 164.7963540554 Detik 
Total Duration 164.79647493362 Detik 
------------------------- 
Tanggal: 04-02-2022 12:55:01 
Duration Download Forstok 11.845937013626 Detik
Duration Looping 700 Data 159.56249594688 Detik 
Total Duration 159.56261110306 Detik 
------------------------- 
Tanggal: 04-02-2022 13:00:02 
Duration Download Forstok 15.438539981842 Detik
Duration Looping 700 Data 166.80563807487 Detik 
Total Duration 166.80575418472 Detik 
------------------------- 
Tanggal: 04-02-2022 13:05:01 
Duration Download Forstok 15.750348091125 Detik
Duration Looping 700 Data 182.80930399895 Detik 
Total Duration 182.80940103531 Detik 
------------------------- 
Tanggal: 04-02-2022 13:10:01 
Duration Download Forstok 13.466385126114 Detik
Duration Looping 700 Data 173.32773709297 Detik 
Total Duration 173.32784104347 Detik 
------------------------- 
Tanggal: 04-02-2022 13:15:01 
Duration Download Forstok 13.895972013474 Detik
Duration Looping 700 Data 169.10309314728 Detik 
Total Duration 169.10321116447 Detik 
------------------------- 
Tanggal: 04-02-2022 13:20:01 
Duration Download Forstok 19.394109964371 Detik
Duration Looping 700 Data 180.85021185875 Detik 
Total Duration 180.85034584999 Detik 
------------------------- 
Tanggal: 04-02-2022 13:25:01 
Duration Download Forstok 11.580225944519 Detik
Duration Looping 700 Data 164.25179600716 Detik 
Total Duration 164.25190997124 Detik 
------------------------- 
Tanggal: 04-02-2022 13:30:01 
Duration Download Forstok 16.397171974182 Detik
Duration Looping 700 Data 173.73141288757 Detik 
Total Duration 173.73153090477 Detik 
------------------------- 
Tanggal: 04-02-2022 13:35:02 
Duration Download Forstok 12.213773012161 Detik
Duration Looping 700 Data 173.08011507988 Detik 
Total Duration 173.08022618294 Detik 
------------------------- 
Tanggal: 04-02-2022 13:40:01 
Duration Download Forstok 13.844379901886 Detik
Duration Looping 700 Data 174.30118584633 Detik 
Total Duration 174.30130195618 Detik 
------------------------- 
Tanggal: 04-02-2022 13:45:01 
Duration Download Forstok 15.572169065475 Detik
Duration Looping 700 Data 173.21045017242 Detik 
Total Duration 173.21057510376 Detik 
------------------------- 
Tanggal: 04-02-2022 13:50:01 
Duration Download Forstok 11.396317958832 Detik
Duration Looping 700 Data 169.855271101 Detik 
Total Duration 169.85538101196 Detik 
------------------------- 
Tanggal: 04-02-2022 13:55:01 
Duration Download Forstok 16.106846094131 Detik
Duration Looping 700 Data 170.18441700935 Detik 
Total Duration 170.1845331192 Detik 
------------------------- 
Tanggal: 04-02-2022 14:00:01 
Duration Download Forstok 12.868062019348 Detik
Duration Looping 700 Data 173.03234601021 Detik 
Total Duration 173.03246498108 Detik 
------------------------- 
Tanggal: 04-02-2022 14:05:01 
Duration Download Forstok 23.707562923431 Detik
Duration Looping 700 Data 182.63316488266 Detik 
Total Duration 182.63328003883 Detik 
------------------------- 
Tanggal: 04-02-2022 14:10:01 
Duration Download Forstok 14.515347957611 Detik
Duration Looping 700 Data 176.52829098701 Detik 
Total Duration 176.52839684486 Detik 
------------------------- 
Tanggal: 04-02-2022 14:15:01 
Duration Download Forstok 18.421123027802 Detik
Duration Looping 700 Data 174.61432480812 Detik 
Total Duration 174.61443591118 Detik 
------------------------- 
Tanggal: 04-02-2022 14:20:02 
Duration Download Forstok 14.116027832031 Detik
Duration Looping 700 Data 172.25201702118 Detik 
Total Duration 172.25213098526 Detik 
------------------------- 
Tanggal: 04-02-2022 14:25:01 
Duration Download Forstok 11.652637958527 Detik
Duration Looping 700 Data 169.73549795151 Detik 
Total Duration 169.73561787605 Detik 
------------------------- 
Tanggal: 04-02-2022 14:30:01 
Duration Download Forstok 12.193645000458 Detik
Duration Looping 700 Data 171.50496006012 Detik 
Total Duration 171.50509691238 Detik 
------------------------- 
Tanggal: 04-02-2022 14:35:01 
Duration Download Forstok 14.471346855164 Detik
Duration Looping 700 Data 167.60943198204 Detik 
Total Duration 167.60954189301 Detik 
------------------------- 
Tanggal: 04-02-2022 14:40:01 
Duration Download Forstok 15.528949975967 Detik
Duration Looping 700 Data 170.74459600449 Detik 
Total Duration 170.74469399452 Detik 
------------------------- 
Tanggal: 04-02-2022 14:45:01 
Duration Download Forstok 15.566154003143 Detik
Duration Looping 700 Data 172.24772191048 Detik 
Total Duration 172.24784684181 Detik 
------------------------- 
Tanggal: 04-02-2022 14:50:01 
Duration Download Forstok 14.265357017517 Detik
Duration Looping 700 Data 166.93921804428 Detik 
Total Duration 166.93933701515 Detik 
------------------------- 
Tanggal: 04-02-2022 14:55:01 
Duration Download Forstok 13.972708940506 Detik
Duration Looping 700 Data 168.66182994843 Detik 
Total Duration 168.6619079113 Detik 
------------------------- 
Tanggal: 04-02-2022 15:00:01 
Duration Download Forstok 15.98092007637 Detik
Duration Looping 700 Data 175.12878894806 Detik 
Total Duration 175.12892007828 Detik 
------------------------- 
Tanggal: 04-02-2022 15:05:01 
Duration Download Forstok 16.370487928391 Detik
Duration Looping 700 Data 171.80847978592 Detik 
Total Duration 171.80861783028 Detik 
------------------------- 
Tanggal: 04-02-2022 15:10:01 
Duration Download Forstok 13.895753860474 Detik
Duration Looping 700 Data 169.26816082001 Detik 
Total Duration 169.26827001572 Detik 
------------------------- 
Tanggal: 04-02-2022 15:15:01 
Duration Download Forstok 16.945177078247 Detik
Duration Looping 700 Data 174.20738387108 Detik 
Total Duration 174.20749807358 Detik 
------------------------- 
Tanggal: 04-02-2022 15:20:01 
Duration Download Forstok 12.947627067566 Detik
Duration Looping 700 Data 167.41580605507 Detik 
Total Duration 167.4159090519 Detik 
------------------------- 
Tanggal: 04-02-2022 15:25:01 
Duration Download Forstok 11.238883972168 Detik
Duration Looping 700 Data 171.65128493309 Detik 
Total Duration 171.65141797066 Detik 
------------------------- 
Tanggal: 04-02-2022 15:30:01 
Duration Download Forstok 16.304743051529 Detik
Duration Looping 700 Data 173.72720003128 Detik 
Total Duration 173.72731804848 Detik 
------------------------- 
Tanggal: 04-02-2022 15:35:01 
Duration Download Forstok 14.943439006805 Detik
Duration Looping 700 Data 174.2626979351 Detik 
Total Duration 174.26279783249 Detik 
------------------------- 
Tanggal: 04-02-2022 15:40:01 
Duration Download Forstok 12.790446996689 Detik
Duration Looping 700 Data 167.56243109703 Detik 
Total Duration 167.56254005432 Detik 
------------------------- 
Tanggal: 04-02-2022 15:45:01 
Duration Download Forstok 14.47033905983 Detik
Duration Looping 700 Data 172.83273601532 Detik 
Total Duration 172.83285188675 Detik 
------------------------- 
Tanggal: 04-02-2022 15:50:01 
Duration Download Forstok 14.236930847168 Detik
Duration Looping 700 Data 177.93031787872 Detik 
Total Duration 177.93043088913 Detik 
------------------------- 
Tanggal: 04-02-2022 15:55:01 
Duration Download Forstok 14.785917043686 Detik
Duration Looping 700 Data 173.15996098518 Detik 
Total Duration 173.16007685661 Detik 
------------------------- 
Tanggal: 04-02-2022 16:00:01 
Duration Download Forstok 15.20233297348 Detik
Duration Looping 700 Data 175.19861197472 Detik 
Total Duration 175.19872903824 Detik 
------------------------- 
Tanggal: 04-02-2022 16:05:01 
Duration Download Forstok 15.432164907455 Detik
Duration Looping 700 Data 179.55261492729 Detik 
Total Duration 179.5527818203 Detik 
------------------------- 
Tanggal: 04-02-2022 16:10:01 
Duration Download Forstok 11.751650094986 Detik
Duration Looping 700 Data 170.27400112152 Detik 
Total Duration 170.27411794662 Detik 
------------------------- 
Tanggal: 04-02-2022 16:15:01 
Duration Download Forstok 14.785497903824 Detik
Duration Looping 700 Data 171.44029283524 Detik 
Total Duration 171.44040489197 Detik 
------------------------- 
Tanggal: 04-02-2022 16:20:02 
Duration Download Forstok 12.27313709259 Detik
Duration Looping 700 Data 174.05941605568 Detik 
Total Duration 174.05951189995 Detik 
------------------------- 
Tanggal: 04-02-2022 16:25:01 
Duration Download Forstok 13.484544038773 Detik
Duration Looping 700 Data 168.25470089912 Detik 
Total Duration 168.25480604172 Detik 
------------------------- 
Tanggal: 04-02-2022 16:30:01 
Duration Download Forstok 14.348798036575 Detik
Duration Looping 700 Data 174.94200801849 Detik 
Total Duration 174.94210600853 Detik 
------------------------- 
Tanggal: 04-02-2022 16:35:01 
Duration Download Forstok 14.210556983948 Detik
Duration Looping 700 Data 169.570966959 Detik 
Total Duration 169.57107806206 Detik 
------------------------- 
Tanggal: 04-02-2022 16:40:01 
Duration Download Forstok 15.575574159622 Detik
Duration Looping 700 Data 168.47353816032 Detik 
Total Duration 168.47366213799 Detik 
------------------------- 
Tanggal: 04-02-2022 16:45:01 
Duration Download Forstok 15.381640911102 Detik
Duration Looping 700 Data 175.38775587082 Detik 
Total Duration 175.38785386086 Detik 
------------------------- 
Tanggal: 04-02-2022 16:50:01 
Duration Download Forstok 14.161336898804 Detik
Duration Looping 700 Data 170.06139206886 Detik 
Total Duration 170.06150197983 Detik 
------------------------- 
Tanggal: 04-02-2022 16:55:01 
Duration Download Forstok 13.967877864838 Detik
Duration Looping 700 Data 175.35356497765 Detik 
Total Duration 175.35368990898 Detik 
------------------------- 
Tanggal: 04-02-2022 17:00:01 
Duration Download Forstok 15.002895832062 Detik
Duration Looping 700 Data 172.28328180313 Detik 
Total Duration 172.28339576721 Detik 
------------------------- 
Tanggal: 04-02-2022 17:05:01 
Duration Download Forstok 19.528029918671 Detik
Duration Looping 700 Data 173.18064594269 Detik 
Total Duration 173.18076586723 Detik 
------------------------- 
Tanggal: 04-02-2022 17:10:01 
Duration Download Forstok 15.064704179764 Detik
Duration Looping 700 Data 168.66580414772 Detik 
Total Duration 168.66591405869 Detik 
------------------------- 
Tanggal: 04-02-2022 17:15:01 
Duration Download Forstok 18.334326028824 Detik
Duration Looping 700 Data 166.59760785103 Detik 
Total Duration 166.59773588181 Detik 
------------------------- 
Tanggal: 04-02-2022 17:20:01 
Duration Download Forstok 11.823292016983 Detik
Duration Looping 700 Data 166.80397701263 Detik 
Total Duration 166.80408215523 Detik 
------------------------- 
Tanggal: 04-02-2022 17:25:01 
Duration Download Forstok 13.992274045944 Detik
Duration Looping 700 Data 172.21350288391 Detik 
Total Duration 172.21361398697 Detik 
------------------------- 
Tanggal: 04-02-2022 17:30:01 
Duration Download Forstok 15.048749923706 Detik
Duration Looping 700 Data 173.14371395111 Detik 
Total Duration 173.143835783 Detik 
------------------------- 
Tanggal: 04-02-2022 17:35:01 
Duration Download Forstok 13.213358879089 Detik
Duration Looping 700 Data 172.65852093697 Detik 
Total Duration 172.65863180161 Detik 
------------------------- 
Tanggal: 04-02-2022 17:40:01 
Duration Download Forstok 13.375858068466 Detik
Duration Looping 700 Data 167.78067111969 Detik 
Total Duration 167.78075408936 Detik 
------------------------- 
Tanggal: 04-02-2022 17:45:01 
Duration Download Forstok 18.241361856461 Detik
Duration Looping 700 Data 182.20407485962 Detik 
Total Duration 182.20419192314 Detik 
------------------------- 
Tanggal: 04-02-2022 17:50:01 
Duration Download Forstok 11.911026000977 Detik
Duration Looping 700 Data 160.88962197304 Detik 
Total Duration 160.88973784447 Detik 
------------------------- 
Tanggal: 04-02-2022 17:55:01 
Duration Download Forstok 12.388776063919 Detik
Duration Looping 700 Data 161.67462611198 Detik 
Total Duration 161.67473602295 Detik 
------------------------- 
Tanggal: 04-02-2022 18:00:02 
Duration Download Forstok 13.225157022476 Detik
Duration Looping 700 Data 168.32548689842 Detik 
Total Duration 168.3256008625 Detik 
------------------------- 
Tanggal: 04-02-2022 18:05:01 
Duration Download Forstok 22.022054195404 Detik
Duration Looping 700 Data 182.54699707031 Detik 
Total Duration 182.54710316658 Detik 
------------------------- 
Tanggal: 04-02-2022 18:10:01 
Duration Download Forstok 15.388062953949 Detik
Duration Looping 700 Data 171.52012681961 Detik 
Total Duration 171.52024102211 Detik 
------------------------- 
Tanggal: 04-02-2022 18:15:01 
Duration Download Forstok 18.105751991272 Detik
Duration Looping 700 Data 167.57456183434 Detik 
Total Duration 167.57467794418 Detik 
------------------------- 
Tanggal: 04-02-2022 18:20:01 
Duration Download Forstok 14.432855844498 Detik
Duration Looping 700 Data 191.04057502747 Detik 
Total Duration 191.04068684578 Detik 
------------------------- 
Tanggal: 04-02-2022 18:25:02 
Duration Download Forstok 17.676331996918 Detik
Duration Looping 700 Data 167.5222890377 Detik 
Total Duration 167.52241802216 Detik 
------------------------- 
Tanggal: 04-02-2022 18:30:01 
Duration Download Forstok 12.948189973831 Detik
Duration Looping 700 Data 166.7393488884 Detik 
Total Duration 166.73945903778 Detik 
------------------------- 
Tanggal: 04-02-2022 18:35:01 
Duration Download Forstok 11.910566091537 Detik
Duration Looping 700 Data 166.4049038887 Detik 
Total Duration 166.40502095222 Detik 
------------------------- 
Tanggal: 04-02-2022 18:40:01 
Duration Download Forstok 16.607547998428 Detik
Duration Looping 700 Data 171.41706800461 Detik 
Total Duration 171.41717910767 Detik 
------------------------- 
Tanggal: 04-02-2022 18:45:01 
Duration Download Forstok 15.418992996216 Detik
Duration Looping 700 Data 168.19214510918 Detik 
Total Duration 168.19227004051 Detik 
------------------------- 
Tanggal: 04-02-2022 18:50:01 
Duration Download Forstok 13.028668880463 Detik
Duration Looping 700 Data 167.94307494164 Detik 
Total Duration 167.94318985939 Detik 
------------------------- 
Tanggal: 04-02-2022 18:55:01 
Duration Download Forstok 12.834990978241 Detik
Duration Looping 700 Data 162.22078180313 Detik 
Total Duration 162.22089290619 Detik 
------------------------- 
Tanggal: 04-02-2022 19:00:01 
Duration Download Forstok 16.538522005081 Detik
Duration Looping 700 Data 176.33472418785 Detik 
Total Duration 176.33483314514 Detik 
------------------------- 
Tanggal: 04-02-2022 19:05:01 
Duration Download Forstok 20.743448972702 Detik
Duration Looping 700 Data 173.26608300209 Detik 
Total Duration 173.26621294022 Detik 
------------------------- 
Tanggal: 04-02-2022 19:10:01 
Duration Download Forstok 12.640123844147 Detik
Duration Looping 700 Data 164.54301190376 Detik 
Total Duration 164.54312682152 Detik 
------------------------- 
Tanggal: 04-02-2022 19:15:01 
Duration Download Forstok 15.401938915253 Detik
Duration Looping 700 Data 170.34187197685 Detik 
Total Duration 170.34196305275 Detik 
------------------------- 
Tanggal: 04-02-2022 19:20:01 
Duration Download Forstok 17.452043056488 Detik
Duration Looping 700 Data 170.9880900383 Detik 
Total Duration 170.98819994926 Detik 
------------------------- 
Tanggal: 04-02-2022 19:25:01 
Duration Download Forstok 10.7414457798 Detik
Duration Looping 700 Data 169.1614689827 Detik 
Total Duration 169.16158986092 Detik 
------------------------- 
Tanggal: 04-02-2022 19:30:01 
Duration Download Forstok 16.44094991684 Detik
Duration Looping 700 Data 169.49010491371 Detik 
Total Duration 169.49021482468 Detik 
------------------------- 
Tanggal: 04-02-2022 19:35:01 
Duration Download Forstok 11.652041912079 Detik
Duration Looping 700 Data 162.67732596397 Detik 
Total Duration 162.67742180824 Detik 
------------------------- 
Tanggal: 04-02-2022 19:40:01 
Duration Download Forstok 11.88247013092 Detik
Duration Looping 700 Data 163.85277414322 Detik 
Total Duration 163.85289001465 Detik 
------------------------- 
Tanggal: 04-02-2022 19:45:01 
Duration Download Forstok 12.852200031281 Detik
Duration Looping 700 Data 164.93101596832 Detik 
Total Duration 164.93112897873 Detik 
------------------------- 
Tanggal: 04-02-2022 19:50:01 
Duration Download Forstok 14.838753938675 Detik
Duration Looping 700 Data 166.65702199936 Detik 
Total Duration 166.65713191032 Detik 
------------------------- 
Tanggal: 04-02-2022 19:55:01 
Duration Download Forstok 10.612200975418 Detik
Duration Looping 700 Data 161.17411494255 Detik 
Total Duration 161.17424106598 Detik 
------------------------- 
Tanggal: 04-02-2022 20:00:01 
Duration Download Forstok 15.342658996582 Detik
Duration Looping 700 Data 168.74436187744 Detik 
Total Duration 168.74447798729 Detik 
------------------------- 
Tanggal: 04-02-2022 20:05:01 
Duration Download Forstok 19.463647842407 Detik
Duration Looping 700 Data 177.61557197571 Detik 
Total Duration 177.61569190025 Detik 
------------------------- 
Tanggal: 04-02-2022 20:10:01 
Duration Download Forstok 12.211126089096 Detik
Duration Looping 700 Data 174.7759180069 Detik 
Total Duration 174.77603602409 Detik 
------------------------- 
Tanggal: 04-02-2022 20:15:01 
Duration Download Forstok 19.566493988037 Detik
Duration Looping 700 Data 176.36687612534 Detik 
Total Duration 176.36699390411 Detik 
------------------------- 
Tanggal: 04-02-2022 20:20:01 
Duration Download Forstok 12.320512056351 Detik
Duration Looping 700 Data 168.29398703575 Detik 
Total Duration 168.29409503937 Detik 
------------------------- 
Tanggal: 04-02-2022 20:25:01 
Duration Download Forstok 11.685065984726 Detik
Duration Looping 700 Data 160.07906484604 Detik 
Total Duration 160.07916784286 Detik 
------------------------- 
Tanggal: 04-02-2022 20:30:02 
Duration Download Forstok 14.878077983856 Detik
Duration Looping 700 Data 173.17913198471 Detik 
Total Duration 173.17924904823 Detik 
------------------------- 
Tanggal: 04-02-2022 20:35:01 
Duration Download Forstok 11.887263059616 Detik
Duration Looping 700 Data 161.17438912392 Detik 
Total Duration 161.17451000214 Detik 
------------------------- 
Tanggal: 04-02-2022 20:40:01 
Duration Download Forstok 13.493957996368 Detik
Duration Looping 700 Data 160.74211096764 Detik 
Total Duration 160.74223208427 Detik 
------------------------- 
Tanggal: 04-02-2022 20:45:01 
Duration Download Forstok 21.689991950989 Detik
Duration Looping 700 Data 167.21977591515 Detik 
Total Duration 167.21989011765 Detik 
------------------------- 
Tanggal: 04-02-2022 20:50:01 
Duration Download Forstok 13.293991088867 Detik
Duration Looping 700 Data 164.85569310188 Detik 
Total Duration 164.85580396652 Detik 
------------------------- 
Tanggal: 04-02-2022 20:55:01 
Duration Download Forstok 15.603139877319 Detik
Duration Looping 700 Data 165.94283080101 Detik 
Total Duration 165.94294285774 Detik 
------------------------- 
Tanggal: 04-02-2022 21:00:01 
Duration Download Forstok 12.604620933533 Detik
Duration Looping 700 Data 163.60662388802 Detik 
Total Duration 163.60673999786 Detik 
------------------------- 
Tanggal: 04-02-2022 21:05:01 
Duration Download Forstok 14.865085124969 Detik
Duration Looping 700 Data 162.87624907494 Detik 
Total Duration 162.87635612488 Detik 
------------------------- 
Tanggal: 04-02-2022 21:10:01 
Duration Download Forstok 14.389125108719 Detik
Duration Looping 700 Data 169.09548306465 Detik 
Total Duration 169.09559893608 Detik 
------------------------- 
Tanggal: 04-02-2022 21:15:01 
Duration Download Forstok 17.785591125488 Detik
Duration Looping 700 Data 183.58100509644 Detik 
Total Duration 183.58111095428 Detik 
------------------------- 
Tanggal: 04-02-2022 21:20:01 
Duration Download Forstok 12.322583198547 Detik
Duration Looping 700 Data 164.12684416771 Detik 
Total Duration 164.1269659996 Detik 
------------------------- 
Tanggal: 04-02-2022 21:25:01 
Duration Download Forstok 11.56577205658 Detik
Duration Looping 700 Data 158.20438909531 Detik 
Total Duration 158.20451498032 Detik 
------------------------- 
Tanggal: 04-02-2022 21:30:01 
Duration Download Forstok 22.427556991577 Detik
Duration Looping 700 Data 170.582228899 Detik 
Total Duration 170.58234190941 Detik 
------------------------- 
Tanggal: 04-02-2022 21:35:02 
Duration Download Forstok 15.608777999878 Detik
Duration Looping 700 Data 169.05944705009 Detik 
Total Duration 169.05954504013 Detik 
------------------------- 
Tanggal: 04-02-2022 21:40:01 
Duration Download Forstok 14.794586181641 Detik
Duration Looping 700 Data 158.25782012939 Detik 
Total Duration 158.25793910027 Detik 
------------------------- 
Tanggal: 04-02-2022 21:45:01 
Duration Download Forstok 15.670701026917 Detik
Duration Looping 700 Data 167.40354585648 Detik 
Total Duration 167.40366888046 Detik 
------------------------- 
Tanggal: 04-02-2022 21:50:01 
Duration Download Forstok 14.074318170547 Detik
Duration Looping 700 Data 179.4949991703 Detik 
Total Duration 179.49512004852 Detik 
------------------------- 
Tanggal: 04-02-2022 21:55:01 
Duration Download Forstok 14.105369091034 Detik
Duration Looping 700 Data 163.71558189392 Detik 
Total Duration 163.71569609642 Detik 
------------------------- 
Tanggal: 04-02-2022 22:00:01 
Duration Download Forstok 14.975754976273 Detik
Duration Looping 700 Data 170.38572001457 Detik 
Total Duration 170.38582897186 Detik 
------------------------- 
Tanggal: 04-02-2022 22:05:02 
Duration Download Forstok 24.359769105911 Detik
Duration Looping 700 Data 171.51610708237 Detik 
Total Duration 171.51622700691 Detik 
------------------------- 
Tanggal: 04-02-2022 22:10:01 
Duration Download Forstok 14.66738986969 Detik
Duration Looping 700 Data 167.09536385536 Detik 
Total Duration 167.09548091888 Detik 
------------------------- 
Tanggal: 04-02-2022 22:15:01 
Duration Download Forstok 16.987020015717 Detik
Duration Looping 700 Data 163.26154899597 Detik 
Total Duration 163.26166200638 Detik 
------------------------- 
Tanggal: 04-02-2022 22:20:01 
Duration Download Forstok 12.978661060333 Detik
Duration Looping 700 Data 167.78549194336 Detik 
Total Duration 167.78560400009 Detik 
------------------------- 
Tanggal: 04-02-2022 22:25:01 
Duration Download Forstok 12.382766962051 Detik
Duration Looping 700 Data 155.48478078842 Detik 
Total Duration 155.48490786552 Detik 
------------------------- 
Tanggal: 04-02-2022 22:30:01 
Duration Download Forstok 14.403080940247 Detik
Duration Looping 700 Data 160.47225904465 Detik 
Total Duration 160.47236800194 Detik 
------------------------- 
Tanggal: 04-02-2022 22:35:01 
Duration Download Forstok 12.469421863556 Detik
Duration Looping 700 Data 157.94024085999 Detik 
Total Duration 157.94039201736 Detik 
------------------------- 
Tanggal: 04-02-2022 22:40:01 
Duration Download Forstok 14.963860988617 Detik
Duration Looping 700 Data 156.49224495888 Detik 
Total Duration 156.49235606194 Detik 
------------------------- 
Tanggal: 04-02-2022 22:45:01 
Duration Download Forstok 16.573020935059 Detik
Duration Looping 700 Data 161.36928892136 Detik 
Total Duration 161.36941289902 Detik 
------------------------- 
Tanggal: 04-02-2022 22:50:01 
Duration Download Forstok 13.796509981155 Detik
Duration Looping 700 Data 161.24779701233 Detik 
Total Duration 161.24790906906 Detik 
------------------------- 
Tanggal: 04-02-2022 22:55:01 
Duration Download Forstok 12.903424024582 Detik
Duration Looping 700 Data 153.4618909359 Detik 
Total Duration 153.46200489998 Detik 
------------------------- 
Tanggal: 04-02-2022 23:00:01 
Duration Download Forstok 14.156715869904 Detik
Duration Looping 700 Data 176.40637993813 Detik 
Total Duration 176.40648794174 Detik 
------------------------- 
Tanggal: 04-02-2022 23:05:01 
Duration Download Forstok 18.464904069901 Detik
Duration Looping 700 Data 172.5635061264 Detik 
Total Duration 172.56362605095 Detik 
------------------------- 
Tanggal: 04-02-2022 23:10:01 
Duration Download Forstok 12.061362028122 Detik
Duration Looping 700 Data 154.62775802612 Detik 
Total Duration 154.62786698341 Detik 
------------------------- 
Tanggal: 04-02-2022 23:15:01 
Duration Download Forstok 16.394818067551 Detik
Duration Looping 700 Data 167.64708709717 Detik 
Total Duration 167.64720106125 Detik 
------------------------- 
Tanggal: 04-02-2022 23:20:01 
Duration Download Forstok 11.809276819229 Detik
Duration Looping 700 Data 159.18094682693 Detik 
Total Duration 159.18106293678 Detik 
------------------------- 
Tanggal: 04-02-2022 23:25:02 
Duration Download Forstok 15.836395978928 Detik
Duration Looping 700 Data 160.19616913795 Detik 
Total Duration 160.19628000259 Detik 
------------------------- 
Tanggal: 04-02-2022 23:30:01 
Duration Download Forstok 15.185387849808 Detik
Duration Looping 700 Data 155.38373184204 Detik 
Total Duration 155.38384795189 Detik 
------------------------- 
Tanggal: 04-02-2022 23:35:01 
Duration Download Forstok 12.85743188858 Detik
Duration Looping 700 Data 159.42059397697 Detik 
Total Duration 159.4207098484 Detik 
------------------------- 
Tanggal: 04-02-2022 23:40:01 
Duration Download Forstok 17.831170082092 Detik
Duration Looping 700 Data 157.73969912529 Detik 
Total Duration 157.73981904984 Detik 
------------------------- 
Tanggal: 04-02-2022 23:45:01 
Duration Download Forstok 17.157420158386 Detik
Duration Looping 700 Data 157.74620699883 Detik 
Total Duration 157.74631810188 Detik 
------------------------- 
Tanggal: 04-02-2022 23:50:01 
Duration Download Forstok 12.22877907753 Detik
Duration Looping 700 Data 174.24154996872 Detik 
Total Duration 174.24166798592 Detik 
------------------------- 
Tanggal: 04-02-2022 23:55:01 
Duration Download Forstok 13.875007867813 Detik
Duration Looping 700 Data 153.2833609581 Detik 
Total Duration 153.2834649086 Detik 
------------------------- 
