Tanggal: 03-02-2022 00:00:01 
Duration Download Forstok 16.327741146088 Detik
Duration Looping 700 Data 555.63897013664 Detik 
Total Duration 555.64012908936 Detik 
------------------------- 
Tanggal: 03-02-2022 00:10:01 
Duration Download Forstok 13.427307128906 Detik
Duration Looping 700 Data 161.72173213959 Detik 
Total Duration 161.72189307213 Detik 
------------------------- 
Tanggal: 03-02-2022 00:15:01 
Duration Download Forstok 17.519909143448 Detik
Duration Looping 700 Data 195.86936998367 Detik 
Total Duration 195.86947703362 Detik 
------------------------- 
Tanggal: 03-02-2022 00:20:01 
Duration Download Forstok 14.437584161758 Detik
Duration Looping 700 Data 158.85763812065 Detik 
Total Duration 158.85774302483 Detik 
------------------------- 
Tanggal: 03-02-2022 00:25:01 
Duration Download Forstok 16.181174993515 Detik
Duration Looping 700 Data 185.98360300064 Detik 
Total Duration 185.98372220993 Detik 
------------------------- 
Tanggal: 03-02-2022 00:30:01 
Duration Download Forstok 15.625248908997 Detik
Duration Looping 700 Data 162.43635392189 Detik 
Total Duration 162.43646192551 Detik 
------------------------- 
Tanggal: 03-02-2022 00:35:01 
Duration Download Forstok 26.244332075119 Detik
Duration Looping 700 Data 173.17493605614 Detik 
Total Duration 173.17504692078 Detik 
------------------------- 
Tanggal: 03-02-2022 00:40:01 
Duration Download Forstok 13.524662971497 Detik
Duration Looping 700 Data 176.68821692467 Detik 
Total Duration 176.68832492828 Detik 
------------------------- 
Tanggal: 03-02-2022 00:45:01 
Duration Download Forstok 18.732943058014 Detik
Duration Looping 700 Data 174.3287229538 Detik 
Total Duration 174.32883191109 Detik 
------------------------- 
Tanggal: 03-02-2022 00:50:01 
Duration Download Forstok 14.838552951813 Detik
Duration Looping 700 Data 188.36602902412 Detik 
Total Duration 188.36613512039 Detik 
------------------------- 
Tanggal: 03-02-2022 00:55:01 
Duration Download Forstok 14.940140962601 Detik
Duration Looping 700 Data 162.84253311157 Detik 
Total Duration 162.84264016151 Detik 
------------------------- 
Tanggal: 03-02-2022 01:00:01 
Duration Download Forstok 15.872694015503 Detik
Duration Looping 700 Data 163.04092311859 Detik 
Total Duration 163.04103207588 Detik 
------------------------- 
Tanggal: 03-02-2022 01:05:01 
Duration Download Forstok 20.833857059479 Detik
Duration Looping 700 Data 167.77712798119 Detik 
Total Duration 167.77722907066 Detik 
------------------------- 
Tanggal: 03-02-2022 01:10:01 
Duration Download Forstok 15.564635038376 Detik
Duration Looping 700 Data 162.95130395889 Detik 
Total Duration 162.95141601562 Detik 
------------------------- 
Tanggal: 03-02-2022 01:15:01 
Duration Download Forstok 21.494930028915 Detik
Duration Looping 700 Data 178.96376395226 Detik 
Total Duration 178.9638710022 Detik 
------------------------- 
Tanggal: 03-02-2022 01:20:01 
Duration Download Forstok 14.998100996017 Detik
Duration Looping 700 Data 164.03288006783 Detik 
Total Duration 164.03298997879 Detik 
------------------------- 
Tanggal: 03-02-2022 01:25:01 
Duration Download Forstok 14.982365846634 Detik
Duration Looping 700 Data 162.07381701469 Detik 
Total Duration 162.07393097878 Detik 
------------------------- 
Tanggal: 03-02-2022 01:30:01 
Duration Download Forstok 12.45738697052 Detik
Duration Looping 700 Data 158.69936585426 Detik 
Total Duration 158.69947600365 Detik 
------------------------- 
Tanggal: 03-02-2022 01:35:01 
Duration Download Forstok 22.979115009308 Detik
Duration Looping 700 Data 194.15501999855 Detik 
Total Duration 194.15513300896 Detik 
------------------------- 
Tanggal: 03-02-2022 01:40:01 
Duration Download Forstok 14.637959003448 Detik
Duration Looping 700 Data 156.76689100266 Detik 
Total Duration 156.7670109272 Detik 
------------------------- 
Tanggal: 03-02-2022 01:45:01 
Duration Download Forstok 18.036025047302 Detik
Duration Looping 700 Data 177.65032219887 Detik 
Total Duration 177.65042805672 Detik 
------------------------- 
Tanggal: 03-02-2022 01:50:01 
Duration Download Forstok 15.531714200974 Detik
Duration Looping 700 Data 160.13253903389 Detik 
Total Duration 160.13264417648 Detik 
------------------------- 
Tanggal: 03-02-2022 01:55:01 
Duration Download Forstok 11.740775108337 Detik
Duration Looping 700 Data 160.78974103928 Detik 
Total Duration 160.78984594345 Detik 
------------------------- 
Tanggal: 03-02-2022 02:00:01 
Duration Download Forstok 16.472659111023 Detik
Duration Looping 700 Data 174.91118001938 Detik 
Total Duration 174.91129302979 Detik 
------------------------- 
Tanggal: 03-02-2022 02:05:01 
Duration Download Forstok 19.410593986511 Detik
Duration Looping 700 Data 161.49834394455 Detik 
Total Duration 161.49845004082 Detik 
------------------------- 
Tanggal: 03-02-2022 02:10:01 
Duration Download Forstok 12.419636011124 Detik
Duration Looping 700 Data 157.11386299133 Detik 
Total Duration 157.11397385597 Detik 
------------------------- 
Tanggal: 03-02-2022 02:15:01 
Duration Download Forstok 14.57989692688 Detik
Duration Looping 700 Data 167.77164292336 Detik 
Total Duration 167.77175807953 Detik 
------------------------- 
Tanggal: 03-02-2022 02:20:01 
Duration Download Forstok 11.738078117371 Detik
Duration Looping 700 Data 156.83843421936 Detik 
Total Duration 156.838545084 Detik 
------------------------- 
Tanggal: 03-02-2022 02:25:01 
Duration Download Forstok 12.368891000748 Detik
Duration Looping 700 Data 167.11439585686 Detik 
Total Duration 167.11451482773 Detik 
------------------------- 
Tanggal: 03-02-2022 02:30:01 
Duration Download Forstok 14.882884025574 Detik
Duration Looping 700 Data 165.99802112579 Detik 
Total Duration 165.99812507629 Detik 
------------------------- 
Tanggal: 03-02-2022 02:35:01 
Duration Download Forstok 19.125517129898 Detik
Duration Looping 700 Data 164.94896507263 Detik 
Total Duration 164.94907712936 Detik 
------------------------- 
Tanggal: 03-02-2022 02:40:01 
Duration Download Forstok 12.512612104416 Detik
Duration Looping 700 Data 154.12324309349 Detik 
Total Duration 154.12335205078 Detik 
------------------------- 
Tanggal: 03-02-2022 02:45:01 
Duration Download Forstok 19.715239048004 Detik
Duration Looping 700 Data 166.12088990211 Detik 
Total Duration 166.12100291252 Detik 
------------------------- 
Tanggal: 03-02-2022 02:50:01 
Duration Download Forstok 15.628453016281 Detik
Duration Looping 700 Data 166.50642895699 Detik 
Total Duration 166.50654506683 Detik 
------------------------- 
Tanggal: 03-02-2022 02:55:01 
Duration Download Forstok 11.676847934723 Detik
Duration Looping 700 Data 154.49618887901 Detik 
Total Duration 154.49629688263 Detik 
------------------------- 
Tanggal: 03-02-2022 03:00:01 
Duration Download Forstok 13.247210979462 Detik
Duration Looping 700 Data 162.57588911057 Detik 
Total Duration 162.57600212097 Detik 
------------------------- 
Tanggal: 03-02-2022 03:05:01 
Duration Download Forstok 23.891563892365 Detik
Duration Looping 700 Data 170.61129283905 Detik 
Total Duration 170.61151504517 Detik 
------------------------- 
Tanggal: 03-02-2022 03:10:01 
Duration Download Forstok 12.726021051407 Detik
Duration Looping 700 Data 154.93389892578 Detik 
Total Duration 154.93401694298 Detik 
------------------------- 
Tanggal: 03-02-2022 03:15:01 
Duration Download Forstok 16.860733032227 Detik
Duration Looping 700 Data 162.19664001465 Detik 
Total Duration 162.19675397873 Detik 
------------------------- 
Tanggal: 03-02-2022 03:20:01 
Duration Download Forstok 21.32638502121 Detik
Duration Looping 700 Data 168.30193185806 Detik 
Total Duration 168.30203795433 Detik 
------------------------- 
Tanggal: 03-02-2022 03:25:01 
Duration Download Forstok 15.867530107498 Detik
Duration Looping 700 Data 165.74704098701 Detik 
Total Duration 165.74715209007 Detik 
------------------------- 
Tanggal: 03-02-2022 03:30:01 
Duration Download Forstok 14.777101993561 Detik
Duration Looping 700 Data 161.20388221741 Detik 
Total Duration 161.20399713516 Detik 
------------------------- 
Tanggal: 03-02-2022 03:35:01 
Duration Download Forstok 17.745831012726 Detik
Duration Looping 700 Data 176.40610003471 Detik 
Total Duration 176.40621399879 Detik 
------------------------- 
Tanggal: 03-02-2022 03:40:01 
Duration Download Forstok 11.672461032867 Detik
Duration Looping 700 Data 153.86943387985 Detik 
Total Duration 153.86954498291 Detik 
------------------------- 
Tanggal: 03-02-2022 03:45:01 
Duration Download Forstok 19.530798912048 Detik
Duration Looping 700 Data 161.22311091423 Detik 
Total Duration 161.22321891785 Detik 
------------------------- 
Tanggal: 03-02-2022 03:50:01 
Duration Download Forstok 17.009935855865 Detik
Duration Looping 700 Data 163.21720981598 Detik 
Total Duration 163.21732401848 Detik 
------------------------- 
Tanggal: 03-02-2022 03:55:01 
Duration Download Forstok 12.683099985123 Detik
Duration Looping 700 Data 155.81360006332 Detik 
Total Duration 155.81370782852 Detik 
------------------------- 
Tanggal: 03-02-2022 04:00:01 
Duration Download Forstok 12.679128170013 Detik
Duration Looping 700 Data 168.13846707344 Detik 
Total Duration 168.13857221603 Detik 
------------------------- 
Tanggal: 03-02-2022 04:05:01 
Duration Download Forstok 22.698297023773 Detik
Duration Looping 700 Data 164.23195815086 Detik 
Total Duration 164.23207306862 Detik 
------------------------- 
Tanggal: 03-02-2022 04:10:02 
Duration Download Forstok 19.074950933456 Detik
Duration Looping 700 Data 162.04877901077 Detik 
Total Duration 162.0489358902 Detik 
------------------------- 
Tanggal: 03-02-2022 04:15:01 
Duration Download Forstok 18.319176912308 Detik
Duration Looping 700 Data 165.51305508614 Detik 
Total Duration 165.51315999031 Detik 
------------------------- 
Tanggal: 03-02-2022 04:20:01 
Duration Download Forstok 15.242290973663 Detik
Duration Looping 700 Data 162.51151108742 Detik 
Total Duration 162.51162314415 Detik 
------------------------- 
Tanggal: 03-02-2022 04:25:01 
Duration Download Forstok 12.737861871719 Detik
Duration Looping 700 Data 159.58527398109 Detik 
Total Duration 159.58538198471 Detik 
------------------------- 
Tanggal: 03-02-2022 04:30:01 
Duration Download Forstok 14.538033008575 Detik
Duration Looping 700 Data 164.45157289505 Detik 
Total Duration 164.45182681084 Detik 
------------------------- 
Tanggal: 03-02-2022 04:35:01 
Duration Download Forstok 19.66227889061 Detik
Duration Looping 700 Data 167.06537699699 Detik 
Total Duration 167.06548094749 Detik 
------------------------- 
Tanggal: 03-02-2022 04:40:01 
Duration Download Forstok 13.657092094421 Detik
Duration Looping 700 Data 159.6465959549 Detik 
Total Duration 159.64670109749 Detik 
------------------------- 
Tanggal: 03-02-2022 04:45:01 
Duration Download Forstok 17.047970056534 Detik
Duration Looping 700 Data 161.36640000343 Detik 
Total Duration 161.36653995514 Detik 
------------------------- 
Tanggal: 03-02-2022 04:50:01 
Duration Download Forstok 11.671726942062 Detik
Duration Looping 700 Data 159.41740298271 Detik 
Total Duration 159.41751194 Detik 
------------------------- 
Tanggal: 03-02-2022 04:55:01 
Duration Download Forstok 11.85803604126 Detik
Duration Looping 700 Data 162.78071689606 Detik 
Total Duration 162.7808380127 Detik 
------------------------- 
Tanggal: 03-02-2022 05:00:01 
Duration Download Forstok 14.331771850586 Detik
Duration Looping 700 Data 163.36928701401 Detik 
Total Duration 163.36939883232 Detik 
------------------------- 
Tanggal: 03-02-2022 05:05:01 
Duration Download Forstok 18.882047891617 Detik
Duration Looping 700 Data 164.99342298508 Detik 
Total Duration 164.99353194237 Detik 
------------------------- 
Tanggal: 03-02-2022 05:10:01 
Duration Download Forstok 17.179250001907 Detik
Duration Looping 700 Data 162.1836438179 Detik 
Total Duration 162.18374705315 Detik 
------------------------- 
Tanggal: 03-02-2022 05:15:01 
Duration Download Forstok 18.596231937408 Detik
Duration Looping 700 Data 163.02689981461 Detik 
Total Duration 163.02700781822 Detik 
------------------------- 
Tanggal: 03-02-2022 05:20:01 
Duration Download Forstok 13.126288890839 Detik
Duration Looping 700 Data 158.69137001038 Detik 
Total Duration 158.69147801399 Detik 
------------------------- 
Tanggal: 03-02-2022 05:25:01 
Duration Download Forstok 13.881770133972 Detik
Duration Looping 700 Data 159.04880619049 Detik 
Total Duration 159.04890918732 Detik 
------------------------- 
Tanggal: 03-02-2022 05:30:01 
Duration Download Forstok 14.221122026443 Detik
Duration Looping 700 Data 160.09648299217 Detik 
Total Duration 160.09660506248 Detik 
------------------------- 
Tanggal: 03-02-2022 05:35:01 
Duration Download Forstok 16.219249010086 Detik
Duration Looping 700 Data 164.30286216736 Detik 
Total Duration 164.30302119255 Detik 
------------------------- 
Tanggal: 03-02-2022 05:40:02 
Duration Download Forstok 11.494488954544 Detik
Duration Looping 700 Data 154.54024410248 Detik 
Total Duration 154.54035806656 Detik 
------------------------- 
Tanggal: 03-02-2022 05:45:01 
Duration Download Forstok 18.910434961319 Detik
Duration Looping 700 Data 162.31427788734 Detik 
Total Duration 162.3143889904 Detik 
------------------------- 
Tanggal: 03-02-2022 05:50:01 
Duration Download Forstok 13.684864997864 Detik
Duration Looping 700 Data 163.85896897316 Detik 
Total Duration 163.8590760231 Detik 
------------------------- 
Tanggal: 03-02-2022 05:55:01 
Duration Download Forstok 11.660378217697 Detik
Duration Looping 700 Data 157.55139803886 Detik 
Total Duration 157.55150914192 Detik 
------------------------- 
Tanggal: 03-02-2022 06:00:02 
Duration Download Forstok 11.979104995728 Detik
Duration Looping 700 Data 162.59394097328 Detik 
Total Duration 162.59409093857 Detik 
------------------------- 
Tanggal: 03-02-2022 06:05:01 
Duration Download Forstok 14.200888156891 Detik
Duration Looping 700 Data 168.88539409637 Detik 
Total Duration 168.88550615311 Detik 
------------------------- 
Tanggal: 03-02-2022 06:10:02 
Duration Download Forstok 11.368643045425 Detik
Duration Looping 700 Data 158.07740116119 Detik 
Total Duration 158.07752108574 Detik 
------------------------- 
Tanggal: 03-02-2022 06:15:01 
Duration Download Forstok 16.935163021088 Detik
Duration Looping 700 Data 168.04141616821 Detik 
Total Duration 168.04153704643 Detik 
------------------------- 
Tanggal: 03-02-2022 06:20:01 
Duration Download Forstok 10.694940090179 Detik
Duration Looping 700 Data 160.75662708282 Detik 
Total Duration 160.75674009323 Detik 
------------------------- 
Tanggal: 03-02-2022 06:25:01 
Duration Download Forstok 13.657476186752 Detik
Duration Looping 700 Data 160.20304512978 Detik 
Total Duration 160.20315814018 Detik 
------------------------- 
Tanggal: 03-02-2022 06:30:01 
Duration Download Forstok 13.323703050613 Detik
Duration Looping 700 Data 156.71409511566 Detik 
Total Duration 156.71421909332 Detik 
------------------------- 
Tanggal: 03-02-2022 06:35:01 
Duration Download Forstok 20.454674959183 Detik
Duration Looping 700 Data 182.31118106842 Detik 
Total Duration 182.31129288673 Detik 
------------------------- 
Tanggal: 03-02-2022 06:40:01 
Duration Download Forstok 14.088558197021 Detik
Duration Looping 700 Data 166.71401309967 Detik 
Total Duration 166.71412611008 Detik 
------------------------- 
Tanggal: 03-02-2022 06:45:01 
Duration Download Forstok 17.984459877014 Detik
Duration Looping 700 Data 178.70691800117 Detik 
Total Duration 178.70702791214 Detik 
------------------------- 
Tanggal: 03-02-2022 06:50:01 
Duration Download Forstok 11.870822191238 Detik
Duration Looping 700 Data 163.69518208504 Detik 
Total Duration 163.69527721405 Detik 
------------------------- 
Tanggal: 03-02-2022 06:55:01 
Duration Download Forstok 14.871076822281 Detik
Duration Looping 700 Data 160.57614183426 Detik 
Total Duration 160.57630395889 Detik 
------------------------- 
Tanggal: 03-02-2022 07:00:01 
Duration Download Forstok 13.686439037323 Detik
Duration Looping 700 Data 159.7081451416 Detik 
Total Duration 159.70826411247 Detik 
------------------------- 
Tanggal: 03-02-2022 07:05:01 
Duration Download Forstok 16.596847057343 Detik
Duration Looping 700 Data 163.46026396751 Detik 
Total Duration 163.46037387848 Detik 
------------------------- 
Tanggal: 03-02-2022 07:10:01 
Duration Download Forstok 13.670161962509 Detik
Duration Looping 700 Data 158.24052000046 Detik 
Total Duration 158.24064207077 Detik 
------------------------- 
Tanggal: 03-02-2022 07:15:01 
Duration Download Forstok 21.595366001129 Detik
Duration Looping 700 Data 168.69780611992 Detik 
Total Duration 168.69791603088 Detik 
------------------------- 
Tanggal: 03-02-2022 07:20:01 
Duration Download Forstok 14.216536045074 Detik
Duration Looping 700 Data 157.23598098755 Detik 
Total Duration 157.23609304428 Detik 
------------------------- 
Tanggal: 03-02-2022 07:25:01 
Duration Download Forstok 11.389197826385 Detik
Duration Looping 700 Data 162.76255178452 Detik 
Total Duration 162.76267290115 Detik 
------------------------- 
Tanggal: 03-02-2022 07:30:01 
Duration Download Forstok 16.589472055435 Detik
Duration Looping 700 Data 164.80607485771 Detik 
Total Duration 164.80618095398 Detik 
------------------------- 
Tanggal: 03-02-2022 07:35:01 
Duration Download Forstok 26.082672834396 Detik
Duration Looping 700 Data 174.09576582909 Detik 
Total Duration 174.09587693214 Detik 
------------------------- 
Tanggal: 03-02-2022 07:40:01 
Duration Download Forstok 11.701581954956 Detik
Duration Looping 700 Data 163.20715594292 Detik 
Total Duration 163.20725798607 Detik 
------------------------- 
Tanggal: 03-02-2022 07:45:01 
Duration Download Forstok 17.538426876068 Detik
Duration Looping 700 Data 166.43531799316 Detik 
Total Duration 166.43542408943 Detik 
------------------------- 
Tanggal: 03-02-2022 07:50:01 
Duration Download Forstok 15.580281972885 Detik
Duration Looping 700 Data 170.7856938839 Detik 
Total Duration 170.78582406044 Detik 
------------------------- 
Tanggal: 03-02-2022 07:55:01 
Duration Download Forstok 13.239744186401 Detik
Duration Looping 700 Data 166.96501612663 Detik 
Total Duration 166.96512722969 Detik 
------------------------- 
Tanggal: 03-02-2022 08:00:01 
Duration Download Forstok 14.768159151077 Detik
Duration Looping 700 Data 164.20458197594 Detik 
Total Duration 164.20469403267 Detik 
------------------------- 
Tanggal: 03-02-2022 08:05:01 
Duration Download Forstok 23.037988901138 Detik
Duration Looping 700 Data 184.91532683372 Detik 
Total Duration 184.91543984413 Detik 
------------------------- 
Tanggal: 03-02-2022 08:10:01 
Duration Download Forstok 15.504113912582 Detik
Duration Looping 700 Data 175.97967410088 Detik 
Total Duration 175.97979903221 Detik 
------------------------- 
Tanggal: 03-02-2022 08:15:01 
Duration Download Forstok 13.554147005081 Detik
Duration Looping 700 Data 164.99171090126 Detik 
Total Duration 164.99182391167 Detik 
------------------------- 
Tanggal: 03-02-2022 08:20:01 
Duration Download Forstok 12.308785915375 Detik
Duration Looping 700 Data 166.07637095451 Detik 
Total Duration 166.07648301125 Detik 
------------------------- 
Tanggal: 03-02-2022 08:25:01 
Duration Download Forstok 14.536588907242 Detik
Duration Looping 700 Data 168.72473406792 Detik 
Total Duration 168.72483301163 Detik 
------------------------- 
Tanggal: 03-02-2022 08:30:01 
Duration Download Forstok 14.656638860703 Detik
Duration Looping 700 Data 168.39690899849 Detik 
Total Duration 168.39702486992 Detik 
------------------------- 
Tanggal: 03-02-2022 08:35:01 
Duration Download Forstok 20.96681189537 Detik
Duration Looping 700 Data 174.99910998344 Detik 
Total Duration 174.99922800064 Detik 
------------------------- 
Tanggal: 03-02-2022 08:40:01 
Duration Download Forstok 13.40768289566 Detik
Duration Looping 700 Data 169.55870890617 Detik 
Total Duration 169.55883002281 Detik 
------------------------- 
Tanggal: 03-02-2022 08:45:01 
Duration Download Forstok 13.723618984222 Detik
Duration Looping 700 Data 174.76447296143 Detik 
Total Duration 174.76458191872 Detik 
------------------------- 
Tanggal: 03-02-2022 08:50:01 
Duration Download Forstok 13.611202001572 Detik
Duration Looping 700 Data 167.63268685341 Detik 
Total Duration 167.63278484344 Detik 
------------------------- 
Tanggal: 03-02-2022 08:55:01 
Duration Download Forstok 12.88938498497 Detik
Duration Looping 700 Data 164.37861299515 Detik 
Total Duration 164.37873697281 Detik 
------------------------- 
Tanggal: 03-02-2022 09:00:01 
Duration Download Forstok 15.343251943588 Detik
Duration Looping 700 Data 169.51418304443 Detik 
Total Duration 169.5142660141 Detik 
------------------------- 
Tanggal: 03-02-2022 09:05:01 
Duration Download Forstok 23.486228942871 Detik
Duration Looping 700 Data 178.28829503059 Detik 
Total Duration 178.28838086128 Detik 
------------------------- 
Tanggal: 03-02-2022 09:10:01 
Duration Download Forstok 21.081992149353 Detik
Duration Looping 700 Data 168.87983107567 Detik 
Total Duration 168.87993812561 Detik 
------------------------- 
Tanggal: 03-02-2022 09:15:01 
Duration Download Forstok 19.666603803635 Detik
Duration Looping 700 Data 169.92528390884 Detik 
Total Duration 169.92540979385 Detik 
------------------------- 
Tanggal: 03-02-2022 09:20:01 
Duration Download Forstok 16.456032991409 Detik
Duration Looping 700 Data 170.33529019356 Detik 
Total Duration 170.3354010582 Detik 
------------------------- 
Tanggal: 03-02-2022 09:25:01 
Duration Download Forstok 12.549385070801 Detik
Duration Looping 700 Data 164.2357840538 Detik 
Total Duration 164.23588705063 Detik 
------------------------- 
Tanggal: 03-02-2022 09:30:01 
Duration Download Forstok 19.268859863281 Detik
Duration Looping 700 Data 169.44324088097 Detik 
Total Duration 169.44335794449 Detik 
------------------------- 
Tanggal: 03-02-2022 09:35:01 
Duration Download Forstok 18.89000415802 Detik
Duration Looping 700 Data 176.40444612503 Detik 
Total Duration 176.4045779705 Detik 
------------------------- 
Tanggal: 03-02-2022 09:40:01 
Duration Download Forstok 13.115527868271 Detik
Duration Looping 700 Data 171.77030086517 Detik 
Total Duration 171.77041292191 Detik 
------------------------- 
Tanggal: 03-02-2022 09:45:01 
Duration Download Forstok 16.635082006454 Detik
Duration Looping 700 Data 175.06173992157 Detik 
Total Duration 175.06186699867 Detik 
------------------------- 
Tanggal: 03-02-2022 09:50:01 
Duration Download Forstok 12.275254964828 Detik
Duration Looping 700 Data 172.65487003326 Detik 
Total Duration 172.65497994423 Detik 
------------------------- 
Tanggal: 03-02-2022 09:55:01 
Duration Download Forstok 13.325765132904 Detik
Duration Looping 700 Data 162.83454012871 Detik 
Total Duration 162.83466100693 Detik 
------------------------- 
Tanggal: 03-02-2022 10:00:01 
Duration Download Forstok 14.396997928619 Detik
Duration Looping 700 Data 166.02702593803 Detik 
Total Duration 166.02712082863 Detik 
------------------------- 
Tanggal: 03-02-2022 10:05:01 
Duration Download Forstok 15.024199962616 Detik
Duration Looping 700 Data 164.13236093521 Detik 
Total Duration 164.13245606422 Detik 
------------------------- 
Tanggal: 03-02-2022 10:10:01 
Duration Download Forstok 20.594066858292 Detik
Duration Looping 700 Data 173.17416501045 Detik 
Total Duration 173.17425680161 Detik 
------------------------- 
Tanggal: 03-02-2022 10:15:01 
Duration Download Forstok 15.149760007858 Detik
Duration Looping 700 Data 166.61262917519 Detik 
Total Duration 166.61274909973 Detik 
------------------------- 
Tanggal: 03-02-2022 10:20:01 
Duration Download Forstok 12.475294113159 Detik
Duration Looping 700 Data 163.30757498741 Detik 
Total Duration 163.30768609047 Detik 
------------------------- 
Tanggal: 03-02-2022 10:25:01 
Duration Download Forstok 11.290720939636 Detik
Duration Looping 700 Data 168.11881279945 Detik 
Total Duration 168.11893081665 Detik 
------------------------- 
Tanggal: 03-02-2022 10:30:01 
Duration Download Forstok 15.316694021225 Detik
Duration Looping 700 Data 174.11598682404 Detik 
Total Duration 174.11610794067 Detik 
------------------------- 
Tanggal: 03-02-2022 10:35:01 
Duration Download Forstok 20.510444164276 Detik
Duration Looping 700 Data 177.18045496941 Detik 
Total Duration 177.18056511879 Detik 
------------------------- 
Tanggal: 03-02-2022 10:40:01 
Duration Download Forstok 11.430148839951 Detik
Duration Looping 700 Data 170.04827904701 Detik 
Total Duration 170.0483880043 Detik 
------------------------- 
Tanggal: 03-02-2022 10:45:01 
Duration Download Forstok 16.326220989227 Detik
Duration Looping 700 Data 173.73960590363 Detik 
Total Duration 173.73985981941 Detik 
------------------------- 
Tanggal: 03-02-2022 10:50:01 
Duration Download Forstok 19.249146938324 Detik
Duration Looping 700 Data 178.05887198448 Detik 
Total Duration 178.05895495415 Detik 
------------------------- 
Tanggal: 03-02-2022 10:55:01 
Duration Download Forstok 13.793728113174 Detik
Duration Looping 700 Data 198.55690312386 Detik 
Total Duration 198.55701494217 Detik 
------------------------- 
Tanggal: 03-02-2022 11:00:01 
Duration Download Forstok 13.894705057144 Detik
Duration Looping 700 Data 171.61752200127 Detik 
Total Duration 171.61761593819 Detik 
------------------------- 
Tanggal: 03-02-2022 11:05:01 
Duration Download Forstok 14.495665073395 Detik
Duration Looping 700 Data 174.33963608742 Detik 
Total Duration 174.33974909782 Detik 
------------------------- 
Tanggal: 03-02-2022 11:10:01 
Duration Download Forstok 37.199126958847 Detik
Duration Looping 700 Data 186.63735699654 Detik 
Total Duration 186.63744688034 Detik 
------------------------- 
Tanggal: 03-02-2022 11:15:01 
Duration Download Forstok 15.416485071182 Detik
Duration Looping 700 Data 163.05885791779 Detik 
Total Duration 163.05895495415 Detik 
------------------------- 
Tanggal: 03-02-2022 11:20:01 
Duration Download Forstok 20.153479814529 Detik
Duration Looping 700 Data 170.63594388962 Detik 
Total Duration 170.63605189323 Detik 
------------------------- 
Tanggal: 03-02-2022 11:25:01 
Duration Download Forstok 12.53824877739 Detik
Duration Looping 700 Data 169.74958491325 Detik 
Total Duration 169.74968385696 Detik 
------------------------- 
Tanggal: 03-02-2022 11:30:01 
Duration Download Forstok 11.929804086685 Detik
Duration Looping 700 Data 166.8313100338 Detik 
Total Duration 166.83142495155 Detik 
------------------------- 
Tanggal: 03-02-2022 11:35:01 
Duration Download Forstok 32.891143083572 Detik
Duration Looping 700 Data 187.29934811592 Detik 
Total Duration 187.29944515228 Detik 
------------------------- 
Tanggal: 03-02-2022 11:40:01 
Duration Download Forstok 17.661834001541 Detik
Duration Looping 700 Data 177.81257510185 Detik 
Total Duration 177.81267404556 Detik 
------------------------- 
Tanggal: 03-02-2022 11:45:01 
Duration Download Forstok 19.269954919815 Detik
Duration Looping 700 Data 172.27290296555 Detik 
Total Duration 172.27301692963 Detik 
------------------------- 
Tanggal: 03-02-2022 11:50:01 
Duration Download Forstok 16.283596992493 Detik
Duration Looping 700 Data 165.18357205391 Detik 
Total Duration 165.18367791176 Detik 
------------------------- 
Tanggal: 03-02-2022 11:55:01 
Duration Download Forstok 14.451690912247 Detik
Duration Looping 700 Data 165.73793196678 Detik 
Total Duration 165.73802185059 Detik 
------------------------- 
Tanggal: 03-02-2022 12:00:01 
Duration Download Forstok 13.854882955551 Detik
Duration Looping 700 Data 167.11961102486 Detik 
Total Duration 167.11971902847 Detik 
------------------------- 
Tanggal: 03-02-2022 12:05:01 
Duration Download Forstok 43.733010053635 Detik
Duration Looping 700 Data 194.94952297211 Detik 
Total Duration 194.94959998131 Detik 
------------------------- 
Tanggal: 03-02-2022 12:10:01 
Duration Download Forstok 21.248635053635 Detik
Duration Looping 700 Data 170.92773103714 Detik 
Total Duration 170.9278280735 Detik 
------------------------- 
Tanggal: 03-02-2022 12:15:01 
Duration Download Forstok 15.764755964279 Detik
Duration Looping 700 Data 172.31284093857 Detik 
Total Duration 172.31295514107 Detik 
------------------------- 
Tanggal: 03-02-2022 12:20:01 
Duration Download Forstok 15.679957151413 Detik
Duration Looping 700 Data 163.69377303123 Detik 
Total Duration 163.6938700676 Detik 
------------------------- 
Tanggal: 03-02-2022 12:25:01 
Duration Download Forstok 12.908892869949 Detik
Duration Looping 700 Data 163.43602395058 Detik 
Total Duration 163.43614077568 Detik 
------------------------- 
Tanggal: 03-02-2022 12:30:01 
Duration Download Forstok 15.317302942276 Detik
Duration Looping 700 Data 162.94140696526 Detik 
Total Duration 162.9415140152 Detik 
------------------------- 
Tanggal: 03-02-2022 12:35:01 
Duration Download Forstok 21.813387155533 Detik
Duration Looping 700 Data 172.32901716232 Detik 
Total Duration 172.32913613319 Detik 
------------------------- 
Tanggal: 03-02-2022 12:40:01 
Duration Download Forstok 13.936304092407 Detik
Duration Looping 700 Data 169.62067699432 Detik 
Total Duration 169.6207549572 Detik 
------------------------- 
Tanggal: 03-02-2022 12:45:01 
Duration Download Forstok 17.826243162155 Detik
Duration Looping 700 Data 165.50475311279 Detik 
Total Duration 165.50484418869 Detik 
------------------------- 
Tanggal: 03-02-2022 12:50:01 
Duration Download Forstok 18.055171012878 Detik
Duration Looping 700 Data 165.51421189308 Detik 
Total Duration 165.5143198967 Detik 
------------------------- 
Tanggal: 03-02-2022 12:55:01 
Duration Download Forstok 13.755921125412 Detik
Duration Looping 700 Data 163.69195604324 Detik 
Total Duration 163.69207692146 Detik 
------------------------- 
Tanggal: 03-02-2022 13:00:01 
Duration Download Forstok 15.775084018707 Detik
Duration Looping 700 Data 171.27297902107 Detik 
Total Duration 171.27306604385 Detik 
------------------------- 
Tanggal: 03-02-2022 13:05:01 
Duration Download Forstok 21.105237007141 Detik
Duration Looping 700 Data 174.12620520592 Detik 
Total Duration 174.12631821632 Detik 
------------------------- 
Tanggal: 03-02-2022 13:10:01 
Duration Download Forstok 22.789609909058 Detik
Duration Looping 700 Data 181.88787102699 Detik 
Total Duration 181.88797688484 Detik 
------------------------- 
Tanggal: 03-02-2022 13:15:01 
Duration Download Forstok 19.298032999039 Detik
Duration Looping 700 Data 177.54454803467 Detik 
Total Duration 177.54466414452 Detik 
------------------------- 
Tanggal: 03-02-2022 13:20:02 
Duration Download Forstok 16.220773935318 Detik
Duration Looping 700 Data 172.44777393341 Detik 
Total Duration 172.44788599014 Detik 
------------------------- 
Tanggal: 03-02-2022 13:25:01 
Duration Download Forstok 15.230015993118 Detik
Duration Looping 700 Data 168.66251897812 Detik 
Total Duration 168.66263699532 Detik 
------------------------- 
Tanggal: 03-02-2022 13:30:01 
Duration Download Forstok 12.955217123032 Detik
Duration Looping 700 Data 171.16732406616 Detik 
Total Duration 171.1674079895 Detik 
------------------------- 
Tanggal: 03-02-2022 13:35:01 
Duration Download Forstok 19.685243844986 Detik
Duration Looping 700 Data 173.56949591637 Detik 
Total Duration 173.56961393356 Detik 
------------------------- 
Tanggal: 03-02-2022 13:40:01 
Duration Download Forstok 12.923779964447 Detik
Duration Looping 700 Data 170.23264193535 Detik 
Total Duration 170.23273992538 Detik 
------------------------- 
Tanggal: 03-02-2022 13:45:01 
Duration Download Forstok 22.595664024353 Detik
Duration Looping 700 Data 175.4023308754 Detik 
Total Duration 175.40241193771 Detik 
------------------------- 
Tanggal: 03-02-2022 13:50:01 
Duration Download Forstok 20.312566041946 Detik
Duration Looping 700 Data 174.64589214325 Detik 
Total Duration 174.64598894119 Detik 
------------------------- 
Tanggal: 03-02-2022 13:55:01 
Duration Download Forstok 12.576039075851 Detik
Duration Looping 700 Data 173.66104507446 Detik 
Total Duration 173.66115903854 Detik 
------------------------- 
Tanggal: 03-02-2022 14:00:01 
Duration Download Forstok 14.253593206406 Detik
Duration Looping 700 Data 168.76911020279 Detik 
Total Duration 168.76920104027 Detik 
------------------------- 
Tanggal: 03-02-2022 14:05:01 
Duration Download Forstok 20.915467023849 Detik
Duration Looping 700 Data 178.51845407486 Detik 
Total Duration 178.51852822304 Detik 
------------------------- 
Tanggal: 03-02-2022 14:10:01 
Duration Download Forstok 19.451216936111 Detik
Duration Looping 700 Data 174.38053703308 Detik 
Total Duration 174.38060998917 Detik 
------------------------- 
Tanggal: 03-02-2022 14:15:01 
Duration Download Forstok 13.554455041885 Detik
Duration Looping 700 Data 166.03656601906 Detik 
Total Duration 166.03668308258 Detik 
------------------------- 
Tanggal: 03-02-2022 14:20:01 
Duration Download Forstok 15.5313808918 Detik
Duration Looping 700 Data 174.52296686172 Detik 
Total Duration 174.52305793762 Detik 
------------------------- 
Tanggal: 03-02-2022 14:25:01 
Duration Download Forstok 15.896527051926 Detik
Duration Looping 700 Data 175.79278993607 Detik 
Total Duration 175.79287791252 Detik 
------------------------- 
Tanggal: 03-02-2022 14:30:01 
Duration Download Forstok 13.913904905319 Detik
Duration Looping 700 Data 169.77435803413 Detik 
Total Duration 169.77446699142 Detik 
------------------------- 
Tanggal: 03-02-2022 14:35:02 
Duration Download Forstok 20.865003108978 Detik
Duration Looping 700 Data 181.148250103 Detik 
Total Duration 181.14833307266 Detik 
------------------------- 
Tanggal: 03-02-2022 14:40:01 
Duration Download Forstok 17.610681056976 Detik
Duration Looping 700 Data 179.71696305275 Detik 
Total Duration 179.71708893776 Detik 
------------------------- 
Tanggal: 03-02-2022 14:45:01 
Duration Download Forstok 17.95105099678 Detik
Duration Looping 700 Data 186.42685008049 Detik 
Total Duration 186.42695808411 Detik 
------------------------- 
Tanggal: 03-02-2022 14:50:01 
Duration Download Forstok 14.8707280159 Detik
Duration Looping 700 Data 177.97238516808 Detik 
Total Duration 177.97246098518 Detik 
------------------------- 
Tanggal: 03-02-2022 14:55:01 
Duration Download Forstok 11.943578958511 Detik
Duration Looping 700 Data 169.60196805 Detik 
Total Duration 169.60206103325 Detik 
------------------------- 
Tanggal: 03-02-2022 15:00:01 
Duration Download Forstok 15.259852170944 Detik
Duration Looping 700 Data 169.3046681881 Detik 
Total Duration 169.30480504036 Detik 
------------------------- 
Tanggal: 03-02-2022 15:05:01 
Duration Download Forstok 19.158195018768 Detik
Duration Looping 700 Data 177.29317998886 Detik 
Total Duration 177.29326105118 Detik 
------------------------- 
Tanggal: 03-02-2022 15:10:01 
Duration Download Forstok 21.957113981247 Detik
Duration Looping 700 Data 176.87953686714 Detik 
Total Duration 176.87962889671 Detik 
------------------------- 
Tanggal: 03-02-2022 15:15:01 
Duration Download Forstok 15.386668920517 Detik
Duration Looping 700 Data 179.85714006424 Detik 
Total Duration 179.85725593567 Detik 
------------------------- 
Tanggal: 03-02-2022 15:20:01 
Duration Download Forstok 13.714369058609 Detik
Duration Looping 700 Data 173.58315110207 Detik 
Total Duration 173.58325791359 Detik 
------------------------- 
Tanggal: 03-02-2022 15:25:01 
Duration Download Forstok 14.277479887009 Detik
Duration Looping 700 Data 172.30584096909 Detik 
Total Duration 172.30595302582 Detik 
------------------------- 
Tanggal: 03-02-2022 15:30:01 
Duration Download Forstok 24.922102928162 Detik
Duration Looping 700 Data 185.00469899178 Detik 
Total Duration 185.00481581688 Detik 
------------------------- 
Tanggal: 03-02-2022 15:35:01 
Duration Download Forstok 32.122898101807 Detik
Duration Looping 700 Data 193.07612609863 Detik 
Total Duration 193.07619810104 Detik 
------------------------- 
Tanggal: 03-02-2022 15:40:01 
Duration Download Forstok 17.176135063171 Detik
Duration Looping 700 Data 170.99840092659 Detik 
Total Duration 170.99851703644 Detik 
------------------------- 
Tanggal: 03-02-2022 15:45:01 
Duration Download Forstok 19.631219148636 Detik
Duration Looping 700 Data 179.65664410591 Detik 
Total Duration 179.65677404404 Detik 
------------------------- 
Tanggal: 03-02-2022 15:50:01 
Duration Download Forstok 14.826042890549 Detik
Duration Looping 700 Data 174.7242128849 Detik 
Total Duration 174.72432494164 Detik 
------------------------- 
Tanggal: 03-02-2022 15:55:01 
Duration Download Forstok 14.694226980209 Detik
Duration Looping 700 Data 171.08666992188 Detik 
Total Duration 171.08679294586 Detik 
------------------------- 
Tanggal: 03-02-2022 16:00:01 
Duration Download Forstok 12.392431974411 Detik
Duration Looping 700 Data 173.66640806198 Detik 
Total Duration 173.66650795937 Detik 
------------------------- 
Tanggal: 03-02-2022 16:05:01 
Duration Download Forstok 23.826433897018 Detik
Duration Looping 700 Data 181.50781297684 Detik 
Total Duration 181.50788903236 Detik 
------------------------- 
Tanggal: 03-02-2022 16:10:01 
Duration Download Forstok 22.431954860687 Detik
Duration Looping 700 Data 190.24260091782 Detik 
Total Duration 190.24270200729 Detik 
------------------------- 
Tanggal: 03-02-2022 16:15:01 
Duration Download Forstok 12.260797977448 Detik
Duration Looping 700 Data 174.7201230526 Detik 
Total Duration 174.72024703026 Detik 
------------------------- 
Tanggal: 03-02-2022 16:20:01 
Duration Download Forstok 17.015420198441 Detik
Duration Looping 700 Data 179.44513201714 Detik 
Total Duration 179.44523000717 Detik 
------------------------- 
Tanggal: 03-02-2022 16:25:01 
Duration Download Forstok 12.972980976105 Detik
Duration Looping 700 Data 174.21649289131 Detik 
Total Duration 174.21660399437 Detik 
------------------------- 
Tanggal: 03-02-2022 16:30:01 
Duration Download Forstok 14.666898012161 Detik
Duration Looping 700 Data 176.6323530674 Detik 
Total Duration 176.63246893883 Detik 
------------------------- 
Tanggal: 03-02-2022 16:35:01 
Duration Download Forstok 19.641896009445 Detik
Duration Looping 700 Data 179.1975069046 Detik 
Total Duration 179.19762301445 Detik 
------------------------- 
Tanggal: 03-02-2022 16:40:01 
Duration Download Forstok 12.569337129593 Detik
Duration Looping 700 Data 171.32109308243 Detik 
Total Duration 171.32123494148 Detik 
------------------------- 
Tanggal: 03-02-2022 16:45:01 
Duration Download Forstok 13.892539024353 Detik
Duration Looping 700 Data 172.50063204765 Detik 
Total Duration 172.50074720383 Detik 
------------------------- 
Tanggal: 03-02-2022 16:50:01 
Duration Download Forstok 14.420442819595 Detik
Duration Looping 700 Data 172.37156391144 Detik 
Total Duration 172.37164497375 Detik 
------------------------- 
Tanggal: 03-02-2022 16:55:01 
Duration Download Forstok 13.881735086441 Detik
Duration Looping 700 Data 172.23000907898 Detik 
Total Duration 172.23009896278 Detik 
------------------------- 
Tanggal: 03-02-2022 17:00:01 
Duration Download Forstok 14.321381092072 Detik
Duration Looping 700 Data 170.67366409302 Detik 
Total Duration 170.67380714417 Detik 
------------------------- 
Tanggal: 03-02-2022 17:05:01 
Duration Download Forstok 20.344797849655 Detik
Duration Looping 700 Data 179.86984586716 Detik 
Total Duration 179.86996078491 Detik 
------------------------- 
Tanggal: 03-02-2022 17:10:01 
Duration Download Forstok 14.748064994812 Detik
Duration Looping 700 Data 180.8031539917 Detik 
Total Duration 180.80326294899 Detik 
------------------------- 
Tanggal: 03-02-2022 17:15:01 
Duration Download Forstok 18.230417013168 Detik
Duration Looping 700 Data 174.36260604858 Detik 
Total Duration 174.36272406578 Detik 
------------------------- 
Tanggal: 03-02-2022 17:20:02 
Duration Download Forstok 13.760046005249 Detik
Duration Looping 700 Data 170.34679794312 Detik 
Total Duration 170.34691309929 Detik 
------------------------- 
Tanggal: 03-02-2022 17:25:01 
Duration Download Forstok 10.656569004059 Detik
Duration Looping 700 Data 161.3159930706 Detik 
Total Duration 161.31610989571 Detik 
------------------------- 
Tanggal: 03-02-2022 17:30:01 
Duration Download Forstok 17.212503910065 Detik
Duration Looping 700 Data 173.90410709381 Detik 
Total Duration 173.90421295166 Detik 
------------------------- 
Tanggal: 03-02-2022 17:35:01 
Duration Download Forstok 17.126543998718 Detik
Duration Looping 700 Data 175.37762284279 Detik 
Total Duration 175.37776994705 Detik 
------------------------- 
Tanggal: 03-02-2022 17:40:01 
Duration Download Forstok 15.235212087631 Detik
Duration Looping 700 Data 169.33865594864 Detik 
Total Duration 169.33877205849 Detik 
------------------------- 
Tanggal: 03-02-2022 17:45:01 
Duration Download Forstok 18.06542301178 Detik
Duration Looping 700 Data 170.54110217094 Detik 
Total Duration 170.54121112823 Detik 
------------------------- 
Tanggal: 03-02-2022 17:50:01 
Duration Download Forstok 15.745107889175 Detik
Duration Looping 700 Data 178.77042388916 Detik 
Total Duration 178.77055001259 Detik 
------------------------- 
Tanggal: 03-02-2022 17:55:01 
Duration Download Forstok 15.549782037735 Detik
Duration Looping 700 Data 172.65724205971 Detik 
Total Duration 172.6573600769 Detik 
------------------------- 
Tanggal: 03-02-2022 18:00:01 
Duration Download Forstok 16.886068105698 Detik
Duration Looping 700 Data 172.40467905998 Detik 
Total Duration 172.40478515625 Detik 
------------------------- 
Tanggal: 03-02-2022 18:05:01 
Duration Download Forstok 20.003747940063 Detik
Duration Looping 700 Data 167.61616802216 Detik 
Total Duration 167.61626791954 Detik 
------------------------- 
Tanggal: 03-02-2022 18:10:01 
Duration Download Forstok 15.717894077301 Detik
Duration Looping 700 Data 172.36656904221 Detik 
Total Duration 172.3666870594 Detik 
------------------------- 
Tanggal: 03-02-2022 18:15:01 
Duration Download Forstok 20.150006055832 Detik
Duration Looping 700 Data 178.49855804443 Detik 
Total Duration 178.49864315987 Detik 
------------------------- 
Tanggal: 03-02-2022 18:20:01 
Duration Download Forstok 18.510334968567 Detik
Duration Looping 700 Data 165.82541394234 Detik 
Total Duration 165.82552289963 Detik 
------------------------- 
Tanggal: 03-02-2022 18:25:01 
Duration Download Forstok 18.17113494873 Detik
Duration Looping 700 Data 179.35162186623 Detik 
Total Duration 179.35173892975 Detik 
------------------------- 
Tanggal: 03-02-2022 18:30:01 
Duration Download Forstok 15.624445915222 Detik
Duration Looping 700 Data 167.84433579445 Detik 
Total Duration 167.84444594383 Detik 
------------------------- 
Tanggal: 03-02-2022 18:35:01 
Duration Download Forstok 16.073323965073 Detik
Duration Looping 700 Data 161.01885414124 Detik 
Total Duration 161.01898217201 Detik 
------------------------- 
Tanggal: 03-02-2022 18:40:01 
Duration Download Forstok 15.564972162247 Detik
Duration Looping 700 Data 163.53499913216 Detik 
Total Duration 163.53510808945 Detik 
------------------------- 
Tanggal: 03-02-2022 18:45:01 
Duration Download Forstok 17.912047147751 Detik
Duration Looping 700 Data 167.61237502098 Detik 
Total Duration 167.61249399185 Detik 
------------------------- 
Tanggal: 03-02-2022 18:50:01 
Duration Download Forstok 13.397172927856 Detik
Duration Looping 700 Data 169.51675009727 Detik 
Total Duration 169.51685810089 Detik 
------------------------- 
Tanggal: 03-02-2022 18:55:01 
Duration Download Forstok 15.70067691803 Detik
Duration Looping 700 Data 171.62731909752 Detik 
Total Duration 171.62742900848 Detik 
------------------------- 
Tanggal: 03-02-2022 19:00:01 
Duration Download Forstok 14.679868936539 Detik
Duration Looping 700 Data 169.23382401466 Detik 
Total Duration 169.23393106461 Detik 
------------------------- 
Tanggal: 03-02-2022 19:05:01 
Duration Download Forstok 20.43659901619 Detik
Duration Looping 700 Data 175.5405728817 Detik 
Total Duration 175.54069304466 Detik 
------------------------- 
Tanggal: 03-02-2022 19:10:01 
Duration Download Forstok 17.709175825119 Detik
Duration Looping 700 Data 171.30202794075 Detik 
Total Duration 171.30213594437 Detik 
------------------------- 
Tanggal: 03-02-2022 19:15:01 
Duration Download Forstok 17.670081138611 Detik
Duration Looping 700 Data 167.10820102692 Detik 
Total Duration 167.10831809044 Detik 
------------------------- 
Tanggal: 03-02-2022 19:20:02 
Duration Download Forstok 15.425201177597 Detik
Duration Looping 700 Data 171.44923710823 Detik 
Total Duration 171.44931316376 Detik 
------------------------- 
Tanggal: 03-02-2022 19:25:01 
Duration Download Forstok 13.117412090302 Detik
Duration Looping 700 Data 163.5365190506 Detik 
Total Duration 163.53663015366 Detik 
------------------------- 
Tanggal: 03-02-2022 19:30:01 
Duration Download Forstok 18.214974164963 Detik
Duration Looping 700 Data 175.88505506516 Detik 
Total Duration 175.88518095016 Detik 
------------------------- 
Tanggal: 03-02-2022 19:35:01 
Duration Download Forstok 15.368757963181 Detik
Duration Looping 700 Data 166.53187298775 Detik 
Total Duration 166.53198599815 Detik 
------------------------- 
Tanggal: 03-02-2022 19:40:01 
Duration Download Forstok 13.428628206253 Detik
Duration Looping 700 Data 174.30331516266 Detik 
Total Duration 174.30342102051 Detik 
------------------------- 
Tanggal: 03-02-2022 19:45:01 
Duration Download Forstok 19.020202875137 Detik
Duration Looping 700 Data 168.74544095993 Detik 
Total Duration 168.74555802345 Detik 
------------------------- 
Tanggal: 03-02-2022 19:50:01 
Duration Download Forstok 14.498712778091 Detik
Duration Looping 700 Data 164.24606394768 Detik 
Total Duration 164.24616980553 Detik 
------------------------- 
Tanggal: 03-02-2022 19:55:01 
Duration Download Forstok 12.906204938889 Detik
Duration Looping 700 Data 165.150359869 Detik 
Total Duration 165.15044498444 Detik 
------------------------- 
Tanggal: 03-02-2022 20:00:01 
Duration Download Forstok 12.059908151627 Detik
Duration Looping 700 Data 174.52228808403 Detik 
Total Duration 174.52243804932 Detik 
------------------------- 
Tanggal: 03-02-2022 20:05:02 
Duration Download Forstok 16.582803010941 Detik
Duration Looping 700 Data 168.32179188728 Detik 
Total Duration 168.32190895081 Detik 
------------------------- 
Tanggal: 03-02-2022 20:10:01 
Duration Download Forstok 13.28323507309 Detik
Duration Looping 700 Data 169.76752185822 Detik 
Total Duration 169.76763391495 Detik 
------------------------- 
Tanggal: 03-02-2022 20:15:01 
Duration Download Forstok 15.540055036545 Detik
Duration Looping 700 Data 179.57120704651 Detik 
Total Duration 179.57132601738 Detik 
------------------------- 
Tanggal: 03-02-2022 20:20:01 
Duration Download Forstok 14.713176012039 Detik
Duration Looping 700 Data 165.36923003197 Detik 
Total Duration 165.3693010807 Detik 
------------------------- 
Tanggal: 03-02-2022 20:25:01 
Duration Download Forstok 16.340369939804 Detik
Duration Looping 700 Data 170.44794607162 Detik 
Total Duration 170.4480638504 Detik 
------------------------- 
Tanggal: 03-02-2022 20:30:01 
Duration Download Forstok 12.474317073822 Detik
Duration Looping 700 Data 170.55956196785 Detik 
Total Duration 170.55968117714 Detik 
------------------------- 
Tanggal: 03-02-2022 20:35:01 
Duration Download Forstok 13.719930887222 Detik
Duration Looping 700 Data 162.96253800392 Detik 
Total Duration 162.96265792847 Detik 
------------------------- 
Tanggal: 03-02-2022 20:40:01 
Duration Download Forstok 15.182422876358 Detik
Duration Looping 700 Data 174.64673399925 Detik 
Total Duration 174.64681792259 Detik 
------------------------- 
Tanggal: 03-02-2022 20:45:01 
Duration Download Forstok 14.478821992874 Detik
Duration Looping 700 Data 170.08761310577 Detik 
Total Duration 170.08773112297 Detik 
------------------------- 
Tanggal: 03-02-2022 20:50:01 
Duration Download Forstok 12.890963077545 Detik
Duration Looping 700 Data 169.19525194168 Detik 
Total Duration 169.19537210464 Detik 
------------------------- 
Tanggal: 03-02-2022 20:55:01 
Duration Download Forstok 15.142321109772 Detik
Duration Looping 700 Data 166.6836130619 Detik 
Total Duration 166.68374300003 Detik 
------------------------- 
Tanggal: 03-02-2022 21:00:01 
Duration Download Forstok 15.961884021759 Detik
Duration Looping 700 Data 169.59297204018 Detik 
Total Duration 169.59308004379 Detik 
------------------------- 
Tanggal: 03-02-2022 21:05:01 
Duration Download Forstok 22.406371831894 Detik
Duration Looping 700 Data 175.63702487946 Detik 
Total Duration 175.63714790344 Detik 
------------------------- 
Tanggal: 03-02-2022 21:10:01 
Duration Download Forstok 12.463444948196 Detik
Duration Looping 700 Data 168.04973912239 Detik 
Total Duration 168.04985499382 Detik 
------------------------- 
Tanggal: 03-02-2022 21:15:01 
Duration Download Forstok 14.950020074844 Detik
Duration Looping 700 Data 165.91004991531 Detik 
Total Duration 165.91016888618 Detik 
------------------------- 
Tanggal: 03-02-2022 21:20:01 
Duration Download Forstok 13.09739112854 Detik
Duration Looping 700 Data 163.25603699684 Detik 
Total Duration 163.25615406036 Detik 
------------------------- 
Tanggal: 03-02-2022 21:25:01 
Duration Download Forstok 11.365247964859 Detik
Duration Looping 700 Data 161.67026591301 Detik 
Total Duration 161.67038607597 Detik 
------------------------- 
Tanggal: 03-02-2022 21:30:01 
Duration Download Forstok 15.771461963654 Detik
Duration Looping 700 Data 167.06119394302 Detik 
Total Duration 167.06130099297 Detik 
------------------------- 
Tanggal: 03-02-2022 21:35:01 
Duration Download Forstok 12.020291805267 Detik
Duration Looping 700 Data 162.24717998505 Detik 
Total Duration 162.24728393555 Detik 
------------------------- 
Tanggal: 03-02-2022 21:40:01 
Duration Download Forstok 15.822317123413 Detik
Duration Looping 700 Data 171.11829209328 Detik 
Total Duration 171.11838412285 Detik 
------------------------- 
Tanggal: 03-02-2022 21:45:01 
Duration Download Forstok 15.469727993011 Detik
Duration Looping 700 Data 167.29004883766 Detik 
Total Duration 167.29015493393 Detik 
------------------------- 
Tanggal: 03-02-2022 21:50:01 
Duration Download Forstok 13.439651966095 Detik
Duration Looping 700 Data 162.62077903748 Detik 
Total Duration 162.62090086937 Detik 
------------------------- 
Tanggal: 03-02-2022 21:55:01 
Duration Download Forstok 14.845565080643 Detik
Duration Looping 700 Data 167.88643097878 Detik 
Total Duration 167.88655209541 Detik 
------------------------- 
Tanggal: 03-02-2022 22:00:01 
Duration Download Forstok 12.816033124924 Detik
Duration Looping 700 Data 177.82536005974 Detik 
Total Duration 177.8254699707 Detik 
------------------------- 
Tanggal: 03-02-2022 22:05:01 
Duration Download Forstok 18.628906965256 Detik
Duration Looping 700 Data 169.51054906845 Detik 
Total Duration 169.51066303253 Detik 
------------------------- 
Tanggal: 03-02-2022 22:10:01 
Duration Download Forstok 15.890389919281 Detik
Duration Looping 700 Data 173.23659682274 Detik 
Total Duration 173.23671078682 Detik 
------------------------- 
Tanggal: 03-02-2022 22:15:01 
Duration Download Forstok 18.628528118134 Detik
Duration Looping 700 Data 168.73541903496 Detik 
Total Duration 168.73553514481 Detik 
------------------------- 
Tanggal: 03-02-2022 22:20:01 
Duration Download Forstok 14.299481153488 Detik
Duration Looping 700 Data 165.31566619873 Detik 
Total Duration 165.31577801704 Detik 
------------------------- 
Tanggal: 03-02-2022 22:25:02 
Duration Download Forstok 13.060997009277 Detik
Duration Looping 700 Data 165.79648303986 Detik 
Total Duration 165.79660201073 Detik 
------------------------- 
Tanggal: 03-02-2022 22:30:01 
Duration Download Forstok 14.247087001801 Detik
Duration Looping 700 Data 171.45105218887 Detik 
Total Duration 171.45116114616 Detik 
------------------------- 
Tanggal: 03-02-2022 22:35:01 
Duration Download Forstok 11.542740821838 Detik
Duration Looping 700 Data 171.21354389191 Detik 
Total Duration 171.21364498138 Detik 
------------------------- 
Tanggal: 03-02-2022 22:40:01 
Duration Download Forstok 15.200848817825 Detik
Duration Looping 700 Data 170.18765592575 Detik 
Total Duration 170.1878080368 Detik 
------------------------- 
Tanggal: 03-02-2022 22:45:01 
Duration Download Forstok 15.734980106354 Detik
Duration Looping 700 Data 171.02686905861 Detik 
Total Duration 171.02702307701 Detik 
------------------------- 
Tanggal: 03-02-2022 22:50:01 
Duration Download Forstok 16.427084922791 Detik
Duration Looping 700 Data 168.80714988708 Detik 
Total Duration 168.80726695061 Detik 
------------------------- 
Tanggal: 03-02-2022 22:55:02 
Duration Download Forstok 12.04775094986 Detik
Duration Looping 700 Data 167.24406099319 Detik 
Total Duration 167.24416804314 Detik 
------------------------- 
Tanggal: 03-02-2022 23:00:01 
Duration Download Forstok 11.844929933548 Detik
Duration Looping 700 Data 166.49433898926 Detik 
Total Duration 166.49445199966 Detik 
------------------------- 
Tanggal: 03-02-2022 23:05:01 
Duration Download Forstok 24.824645996094 Detik
Duration Looping 700 Data 177.99813294411 Detik 
Total Duration 177.99824500084 Detik 
------------------------- 
Tanggal: 03-02-2022 23:10:01 
Duration Download Forstok 14.244419813156 Detik
Duration Looping 700 Data 175.00821900368 Detik 
Total Duration 175.00832891464 Detik 
------------------------- 
Tanggal: 03-02-2022 23:15:01 
Duration Download Forstok 15.854465961456 Detik
Duration Looping 700 Data 166.29528808594 Detik 
Total Duration 166.29540205002 Detik 
------------------------- 
Tanggal: 03-02-2022 23:20:01 
Duration Download Forstok 13.244163990021 Detik
Duration Looping 700 Data 168.23032689095 Detik 
Total Duration 168.23043107986 Detik 
------------------------- 
Tanggal: 03-02-2022 23:25:01 
Duration Download Forstok 11.037869930267 Detik
Duration Looping 700 Data 167.88376498222 Detik 
Total Duration 167.88385796547 Detik 
------------------------- 
Tanggal: 03-02-2022 23:30:01 
Duration Download Forstok 13.483443975449 Detik
Duration Looping 700 Data 171.4967110157 Detik 
Total Duration 171.49678897858 Detik 
------------------------- 
Tanggal: 03-02-2022 23:35:01 
Duration Download Forstok 21.462201118469 Detik
Duration Looping 700 Data 179.65943408012 Detik 
Total Duration 179.6595261097 Detik 
------------------------- 
Tanggal: 03-02-2022 23:40:01 
Duration Download Forstok 14.988651990891 Detik
Duration Looping 700 Data 168.81824088097 Detik 
Total Duration 168.81832790375 Detik 
------------------------- 
Tanggal: 03-02-2022 23:45:01 
Duration Download Forstok 16.445418834686 Detik
Duration Looping 700 Data 173.53567790985 Detik 
Total Duration 173.53579688072 Detik 
------------------------- 
Tanggal: 03-02-2022 23:50:01 
Duration Download Forstok 14.43842792511 Detik
Duration Looping 700 Data 171.90834403038 Detik 
Total Duration 171.90845298767 Detik 
------------------------- 
Tanggal: 03-02-2022 23:55:01 
Duration Download Forstok 25.717779874802 Detik
Duration Looping 700 Data 178.44444394112 Detik 
Total Duration 178.44456791878 Detik 
------------------------- 
