Tanggal: 21-11-2021 00:00:01 
Duration Download Forstok 9.7405648231506 Detik
Tanggal: 21-11-2021 00:05:01 
Duration Download Forstok 15.194437026978 Detik
Tanggal: 21-11-2021 00:10:01 
Duration Download Forstok 10.809020996094 Detik
Duration Looping 700 Data 329.02688980103 Detik 
Total Duration 329.02698898315 Detik 
------------------------- 
Duration Looping 700 Data 629.23980498314 Detik 
Total Duration 629.2399058342 Detik 
------------------------- 
Duration Looping 700 Data 146.29631900787 Detik 
Total Duration 146.29954695702 Detik 
------------------------- 
Tanggal: 21-11-2021 00:15:01 
Duration Download Forstok 11.489806890488 Detik
Duration Looping 700 Data 143.60534405708 Detik 
Total Duration 143.60545492172 Detik 
------------------------- 
Tanggal: 21-11-2021 00:20:01 
Duration Download Forstok 10.1524310112 Detik
Duration Looping 700 Data 137.94005608559 Detik 
Total Duration 137.94016599655 Detik 
------------------------- 
Tanggal: 21-11-2021 00:25:01 
Duration Download Forstok 9.9907369613647 Detik
Duration Looping 700 Data 160.81714391708 Detik 
Total Duration 160.82190299034 Detik 
------------------------- 
Tanggal: 21-11-2021 00:30:01 
Duration Download Forstok 10.464772939682 Detik
Duration Looping 700 Data 136.88648200035 Detik 
Total Duration 136.88660478592 Detik 
------------------------- 
Tanggal: 21-11-2021 00:35:01 
Duration Download Forstok 10.880080223083 Detik
Duration Looping 700 Data 139.83563804626 Detik 
Total Duration 139.83575415611 Detik 
------------------------- 
Tanggal: 21-11-2021 00:40:01 
Duration Download Forstok 11.37368106842 Detik
Duration Looping 700 Data 160.83586192131 Detik 
Total Duration 160.83597707748 Detik 
------------------------- 
Tanggal: 21-11-2021 00:45:01 
Duration Download Forstok 12.548007011414 Detik
Duration Looping 700 Data 143.87567901611 Detik 
Total Duration 143.87579393387 Detik 
------------------------- 
Tanggal: 21-11-2021 00:50:01 
Duration Download Forstok 11.982614994049 Detik
Duration Looping 700 Data 133.62580013275 Detik 
Total Duration 133.62589502335 Detik 
------------------------- 
Tanggal: 21-11-2021 00:55:01 
Duration Download Forstok 8.8949439525604 Detik
Duration Looping 700 Data 137.79208493233 Detik 
Total Duration 137.79219508171 Detik 
------------------------- 
Tanggal: 21-11-2021 01:00:01 
Duration Download Forstok 10.859582901001 Detik
Duration Looping 700 Data 139.41314888 Detik 
Total Duration 139.41326594353 Detik 
------------------------- 
Tanggal: 21-11-2021 01:05:01 
Duration Download Forstok 15.57098698616 Detik
Duration Looping 700 Data 147.83412194252 Detik 
Total Duration 147.83423900604 Detik 
------------------------- 
Tanggal: 21-11-2021 01:10:01 
Duration Download Forstok 8.8675229549408 Detik
Duration Looping 700 Data 151.32087278366 Detik 
Total Duration 151.32098698616 Detik 
------------------------- 
Tanggal: 21-11-2021 01:15:01 
Duration Download Forstok 12.070995092392 Detik
Duration Looping 700 Data 136.95571899414 Detik 
Total Duration 136.95583796501 Detik 
------------------------- 
Tanggal: 21-11-2021 01:20:01 
Duration Download Forstok 10.42383313179 Detik
Duration Looping 700 Data 138.10084605217 Detik 
Total Duration 138.10095620155 Detik 
------------------------- 
Tanggal: 21-11-2021 01:25:01 
Duration Download Forstok 8.9748888015747 Detik
Duration Looping 700 Data 136.19056081772 Detik 
Total Duration 136.19067692757 Detik 
------------------------- 
Tanggal: 21-11-2021 01:30:01 
Duration Download Forstok 9.6212520599365 Detik
Duration Looping 700 Data 130.74501991272 Detik 
Total Duration 130.74513888359 Detik 
------------------------- 
Tanggal: 21-11-2021 01:35:01 
Duration Download Forstok 9.7756679058075 Detik
Duration Looping 700 Data 133.09085679054 Detik 
Total Duration 133.09097790718 Detik 
------------------------- 
Tanggal: 21-11-2021 01:40:01 
Duration Download Forstok 8.9668810367584 Detik
Duration Looping 700 Data 137.41360998154 Detik 
Total Duration 137.41372203827 Detik 
------------------------- 
Tanggal: 21-11-2021 01:45:01 
Duration Download Forstok 11.512857913971 Detik
Duration Looping 700 Data 136.2171831131 Detik 
Total Duration 136.21729898453 Detik 
------------------------- 
Tanggal: 21-11-2021 01:50:01 
Duration Download Forstok 10.493556976318 Detik
Duration Looping 700 Data 135.23669791222 Detik 
Total Duration 135.23681402206 Detik 
------------------------- 
Tanggal: 21-11-2021 01:55:01 
Duration Download Forstok 9.9322068691254 Detik
Duration Looping 700 Data 134.80818796158 Detik 
Total Duration 134.80830693245 Detik 
------------------------- 
Tanggal: 21-11-2021 02:00:01 
Duration Download Forstok 10.379633903503 Detik
Duration Looping 700 Data 154.37919402122 Detik 
Total Duration 154.37930393219 Detik 
------------------------- 
Tanggal: 21-11-2021 02:05:01 
Duration Download Forstok 14.646270036697 Detik
Duration Looping 700 Data 135.62240886688 Detik 
Total Duration 135.62252187729 Detik 
------------------------- 
Tanggal: 21-11-2021 02:10:01 
Duration Download Forstok 10.353198051453 Detik
Duration Looping 700 Data 133.60001111031 Detik 
Total Duration 133.6000931263 Detik 
------------------------- 
Tanggal: 21-11-2021 02:15:01 
Duration Download Forstok 11.558955907822 Detik
Duration Looping 700 Data 138.16497588158 Detik 
Total Duration 138.16507482529 Detik 
------------------------- 
Tanggal: 21-11-2021 02:20:01 
Duration Download Forstok 9.116269826889 Detik
Duration Looping 700 Data 136.41763687134 Detik 
Total Duration 136.41775083542 Detik 
------------------------- 
Tanggal: 21-11-2021 02:25:01 
Duration Download Forstok 9.2343518733978 Detik
Duration Looping 700 Data 138.42007493973 Detik 
Total Duration 138.4201900959 Detik 
------------------------- 
Tanggal: 21-11-2021 02:30:01 
Duration Download Forstok 9.3003871440887 Detik
Duration Looping 700 Data 134.06151103973 Detik 
Total Duration 134.06162500381 Detik 
------------------------- 
Tanggal: 21-11-2021 02:35:01 
Duration Download Forstok 9.1814789772034 Detik
Duration Looping 700 Data 130.41016507149 Detik 
Total Duration 130.41028118134 Detik 
------------------------- 
Tanggal: 21-11-2021 02:40:01 
Duration Download Forstok 9.3037271499634 Detik
Duration Looping 700 Data 139.79551506042 Detik 
Total Duration 139.79562616348 Detik 
------------------------- 
Tanggal: 21-11-2021 02:45:01 
Duration Download Forstok 13.24770283699 Detik
Duration Looping 700 Data 138.95212388039 Detik 
Total Duration 138.95224404335 Detik 
------------------------- 
Tanggal: 21-11-2021 02:50:01 
Duration Download Forstok 10.78379201889 Detik
Duration Looping 700 Data 130.84377813339 Detik 
Total Duration 130.84388613701 Detik 
------------------------- 
Tanggal: 21-11-2021 02:55:01 
Duration Download Forstok 9.1809210777283 Detik
Duration Looping 700 Data 134.00602006912 Detik 
Total Duration 134.00614500046 Detik 
------------------------- 
Tanggal: 21-11-2021 03:00:01 
Duration Download Forstok 10.547089099884 Detik
Duration Looping 700 Data 136.09731006622 Detik 
Total Duration 136.09742808342 Detik 
------------------------- 
Tanggal: 21-11-2021 03:05:01 
Duration Download Forstok 17.438980817795 Detik
Duration Looping 700 Data 142.75464487076 Detik 
Total Duration 142.75475692749 Detik 
------------------------- 
Tanggal: 21-11-2021 03:10:01 
Duration Download Forstok 10.928786039352 Detik
Duration Looping 700 Data 144.9919860363 Detik 
Total Duration 144.99209809303 Detik 
------------------------- 
Tanggal: 21-11-2021 03:15:01 
Duration Download Forstok 14.091349124908 Detik
Duration Looping 700 Data 136.65814900398 Detik 
Total Duration 136.65827393532 Detik 
------------------------- 
Tanggal: 21-11-2021 03:20:01 
Duration Download Forstok 9.4507360458374 Detik
Duration Looping 700 Data 132.56306695938 Detik 
Total Duration 132.56316900253 Detik 
------------------------- 
Tanggal: 21-11-2021 03:25:01 
Duration Download Forstok 9.7204718589783 Detik
Duration Looping 700 Data 130.3566839695 Detik 
Total Duration 130.35679984093 Detik 
------------------------- 
Tanggal: 21-11-2021 03:30:01 
Duration Download Forstok 10.761744976044 Detik
Duration Looping 700 Data 133.63246583939 Detik 
Total Duration 133.63257598877 Detik 
------------------------- 
Tanggal: 21-11-2021 03:35:01 
Duration Download Forstok 9.8675220012665 Detik
Duration Looping 700 Data 135.7304880619 Detik 
Total Duration 135.73060917854 Detik 
------------------------- 
Tanggal: 21-11-2021 03:40:01 
Duration Download Forstok 9.2242169380188 Detik
Duration Looping 700 Data 144.52699804306 Detik 
Total Duration 144.52710604668 Detik 
------------------------- 
Tanggal: 21-11-2021 03:45:01 
Duration Download Forstok 12.759631872177 Detik
Duration Looping 700 Data 136.91213202477 Detik 
Total Duration 136.9122428894 Detik 
------------------------- 
Tanggal: 21-11-2021 03:50:01 
Duration Download Forstok 9.5377070903778 Detik
Duration Looping 700 Data 133.92832922935 Detik 
Total Duration 133.92844009399 Detik 
------------------------- 
Tanggal: 21-11-2021 03:55:02 
Duration Download Forstok 11.144158124924 Detik
Duration Looping 700 Data 135.95687413216 Detik 
Total Duration 135.95700001717 Detik 
------------------------- 
Tanggal: 21-11-2021 04:00:02 
Duration Download Forstok 9.1787729263306 Detik
Duration Looping 700 Data 148.25210404396 Detik 
Total Duration 148.25223588943 Detik 
------------------------- 
Tanggal: 21-11-2021 04:05:01 
Duration Download Forstok 13.571320056915 Detik
Duration Looping 700 Data 141.06493902206 Detik 
Total Duration 141.06506109238 Detik 
------------------------- 
Tanggal: 21-11-2021 04:10:01 
Duration Download Forstok 10.669190168381 Detik
Duration Looping 700 Data 131.41808700562 Detik 
Total Duration 131.4182100296 Detik 
------------------------- 
Tanggal: 21-11-2021 04:15:01 
Duration Download Forstok 11.867051124573 Detik
Duration Looping 700 Data 138.45350718498 Detik 
Total Duration 138.45362710953 Detik 
------------------------- 
Tanggal: 21-11-2021 04:20:01 
Duration Download Forstok 12.367968082428 Detik
Duration Looping 700 Data 145.44063615799 Detik 
Total Duration 145.44075417519 Detik 
------------------------- 
Tanggal: 21-11-2021 04:25:01 
Duration Download Forstok 9.21670794487 Detik
Duration Looping 700 Data 137.3377327919 Detik 
Total Duration 137.3378508091 Detik 
------------------------- 
Tanggal: 21-11-2021 04:30:02 
Duration Download Forstok 11.635031938553 Detik
Duration Looping 700 Data 137.01832509041 Detik 
Total Duration 137.01844906807 Detik 
------------------------- 
Tanggal: 21-11-2021 04:35:01 
Duration Download Forstok 10.357748031616 Detik
Duration Looping 700 Data 135.32100892067 Detik 
Total Duration 135.3211350441 Detik 
------------------------- 
Tanggal: 21-11-2021 04:40:01 
Duration Download Forstok 9.3720760345459 Detik
Duration Looping 700 Data 139.61065220833 Detik 
Total Duration 139.61076712608 Detik 
------------------------- 
Tanggal: 21-11-2021 04:45:01 
Duration Download Forstok 10.319692850113 Detik
Duration Looping 700 Data 143.42247605324 Detik 
Total Duration 143.42259097099 Detik 
------------------------- 
Tanggal: 21-11-2021 04:50:01 
Duration Download Forstok 10.422226905823 Detik
Duration Looping 700 Data 133.33546495438 Detik 
Total Duration 133.33560991287 Detik 
------------------------- 
Tanggal: 21-11-2021 04:55:01 
Duration Download Forstok 8.8786060810089 Detik
Duration Looping 700 Data 137.75188302994 Detik 
Total Duration 137.75196790695 Detik 
------------------------- 
Tanggal: 21-11-2021 05:00:01 
Duration Download Forstok 11.047923088074 Detik
Duration Looping 700 Data 143.79577708244 Detik 
Total Duration 143.79588699341 Detik 
------------------------- 
Tanggal: 21-11-2021 05:05:01 
Duration Download Forstok 14.255130052567 Detik
Duration Looping 700 Data 153.20995998383 Detik 
Total Duration 153.21006798744 Detik 
------------------------- 
Tanggal: 21-11-2021 05:10:01 
Duration Download Forstok 10.23776102066 Detik
Duration Looping 700 Data 130.56926298141 Detik 
Total Duration 130.56939005852 Detik 
------------------------- 
Tanggal: 21-11-2021 05:15:01 
Duration Download Forstok 12.949578046799 Detik
Duration Looping 700 Data 149.1051530838 Detik 
Total Duration 149.10528302193 Detik 
------------------------- 
Tanggal: 21-11-2021 05:20:01 
Duration Download Forstok 9.7235958576202 Detik
Duration Looping 700 Data 135.6828520298 Detik 
Total Duration 135.68296694756 Detik 
------------------------- 
Tanggal: 21-11-2021 05:25:01 
Duration Download Forstok 9.126846075058 Detik
Duration Looping 700 Data 162.34883403778 Detik 
Total Duration 162.34895515442 Detik 
------------------------- 
Tanggal: 21-11-2021 05:30:01 
Duration Download Forstok 9.6466488838196 Detik
Duration Looping 700 Data 138.20336604118 Detik 
Total Duration 138.2034778595 Detik 
------------------------- 
Tanggal: 21-11-2021 05:35:01 
Duration Download Forstok 9.7794008255005 Detik
Duration Looping 700 Data 136.08135390282 Detik 
Total Duration 136.08146595955 Detik 
------------------------- 
Tanggal: 21-11-2021 05:40:01 
Duration Download Forstok 11.436098098755 Detik
Duration Looping 700 Data 141.90176510811 Detik 
Total Duration 141.90187907219 Detik 
------------------------- 
Tanggal: 21-11-2021 05:45:01 
Duration Download Forstok 10.247636079788 Detik
Duration Looping 700 Data 136.64446592331 Detik 
Total Duration 136.64458608627 Detik 
------------------------- 
Tanggal: 21-11-2021 05:50:01 
Duration Download Forstok 10.178123950958 Detik
Duration Looping 700 Data 142.54839992523 Detik 
Total Duration 142.54851102829 Detik 
------------------------- 
Tanggal: 21-11-2021 05:55:01 
Duration Download Forstok 9.6374750137329 Detik
Duration Looping 700 Data 131.72804999352 Detik 
Total Duration 131.72816300392 Detik 
------------------------- 
Tanggal: 21-11-2021 06:00:01 
Duration Download Forstok 10.547418832779 Detik
Duration Looping 700 Data 132.08366584778 Detik 
Total Duration 132.08377385139 Detik 
------------------------- 
Tanggal: 21-11-2021 06:05:01 
Duration Download Forstok 15.482185840607 Detik
Duration Looping 700 Data 135.4724779129 Detik 
Total Duration 135.47259688377 Detik 
------------------------- 
Tanggal: 21-11-2021 06:10:01 
Duration Download Forstok 11.900410890579 Detik
Duration Looping 700 Data 133.2068169117 Detik 
Total Duration 133.20694899559 Detik 
------------------------- 
Tanggal: 21-11-2021 06:15:01 
Duration Download Forstok 10.95276093483 Detik
Duration Looping 700 Data 131.35876607895 Detik 
Total Duration 131.35887908936 Detik 
------------------------- 
Tanggal: 21-11-2021 06:20:01 
Duration Download Forstok 10.541851997375 Detik
Duration Looping 700 Data 138.43180179596 Detik 
Total Duration 138.43193292618 Detik 
------------------------- 
Tanggal: 21-11-2021 06:25:01 
Duration Download Forstok 9.4101150035858 Detik
Duration Looping 700 Data 141.45307707787 Detik 
Total Duration 141.45319318771 Detik 
------------------------- 
Tanggal: 21-11-2021 06:30:01 
Duration Download Forstok 10.581077098846 Detik
Duration Looping 700 Data 137.35020709038 Detik 
Total Duration 137.35031700134 Detik 
------------------------- 
Tanggal: 21-11-2021 06:35:01 
Duration Download Forstok 11.273453950882 Detik
Duration Looping 700 Data 134.62373614311 Detik 
Total Duration 134.62385296822 Detik 
------------------------- 
Tanggal: 21-11-2021 06:40:01 
Duration Download Forstok 11.185784101486 Detik
Duration Looping 700 Data 133.25836896896 Detik 
Total Duration 133.25848197937 Detik 
------------------------- 
Tanggal: 21-11-2021 06:45:01 
Duration Download Forstok 10.884773015976 Detik
Duration Looping 700 Data 134.9299030304 Detik 
Total Duration 134.93000102043 Detik 
------------------------- 
Tanggal: 21-11-2021 06:50:01 
Duration Download Forstok 11.159122943878 Detik
Duration Looping 700 Data 136.62425684929 Detik 
Total Duration 136.624366045 Detik 
------------------------- 
Tanggal: 21-11-2021 06:55:01 
Duration Download Forstok 8.9848439693451 Detik
Duration Looping 700 Data 130.3764359951 Detik 
Total Duration 130.37657094002 Detik 
------------------------- 
Tanggal: 21-11-2021 07:00:01 
Duration Download Forstok 10.770901918411 Detik
Duration Looping 700 Data 137.98327708244 Detik 
Total Duration 137.98339390755 Detik 
------------------------- 
Tanggal: 21-11-2021 07:05:01 
Duration Download Forstok 15.815442085266 Detik
Duration Looping 700 Data 138.12099003792 Detik 
Total Duration 138.12112402916 Detik 
------------------------- 
Tanggal: 21-11-2021 07:10:01 
Duration Download Forstok 9.5530099868774 Detik
Duration Looping 700 Data 128.89495301247 Detik 
Total Duration 128.89506697655 Detik 
------------------------- 
Tanggal: 21-11-2021 07:15:01 
Duration Download Forstok 13.36274600029 Detik
Duration Looping 700 Data 133.79504704475 Detik 
Total Duration 133.79512786865 Detik 
------------------------- 
Tanggal: 21-11-2021 07:20:01 
Duration Download Forstok 9.0512390136719 Detik
Duration Looping 700 Data 131.83312606812 Detik 
Total Duration 131.83323788643 Detik 
------------------------- 
Tanggal: 21-11-2021 07:25:01 
Duration Download Forstok 10.972489833832 Detik
Duration Looping 700 Data 150.31261301041 Detik 
Total Duration 150.31272602081 Detik 
------------------------- 
Tanggal: 21-11-2021 07:30:01 
Duration Download Forstok 10.300676107407 Detik
Duration Looping 700 Data 147.13264203072 Detik 
Total Duration 147.13275313377 Detik 
------------------------- 
Tanggal: 21-11-2021 07:35:01 
Duration Download Forstok 10.534981012344 Detik
Duration Looping 700 Data 139.68466901779 Detik 
Total Duration 139.68478012085 Detik 
------------------------- 
Tanggal: 21-11-2021 07:40:01 
Duration Download Forstok 10.542501926422 Detik
Duration Looping 700 Data 142.70986008644 Detik 
Total Duration 142.70997095108 Detik 
------------------------- 
Tanggal: 21-11-2021 07:45:01 
Duration Download Forstok 14.114008188248 Detik
Duration Looping 700 Data 133.05301308632 Detik 
Total Duration 133.05313014984 Detik 
------------------------- 
Tanggal: 21-11-2021 07:50:01 
Duration Download Forstok 10.886270046234 Detik
Duration Looping 700 Data 141.49718809128 Detik 
Total Duration 141.49728703499 Detik 
------------------------- 
Tanggal: 21-11-2021 07:55:01 
Duration Download Forstok 10.580669879913 Detik
Duration Looping 700 Data 132.39256882668 Detik 
Total Duration 132.39268684387 Detik 
------------------------- 
Tanggal: 21-11-2021 08:00:01 
Duration Download Forstok 10.0936191082 Detik
Duration Looping 700 Data 133.83357715607 Detik 
Total Duration 133.83368897438 Detik 
------------------------- 
Tanggal: 21-11-2021 08:05:01 
Duration Download Forstok 15.283718109131 Detik
Duration Looping 700 Data 149.51728010178 Detik 
Total Duration 149.51739311218 Detik 
------------------------- 
Tanggal: 21-11-2021 08:10:01 
Duration Download Forstok 10.964162111282 Detik
Duration Looping 700 Data 137.13783502579 Detik 
Total Duration 137.13795208931 Detik 
------------------------- 
Tanggal: 21-11-2021 08:15:01 
Duration Download Forstok 12.261314868927 Detik
Duration Looping 700 Data 132.76664304733 Detik 
Total Duration 132.7667620182 Detik 
------------------------- 
Tanggal: 21-11-2021 08:20:01 
Duration Download Forstok 11.657258987427 Detik
Duration Looping 700 Data 136.17985796928 Detik 
Total Duration 136.17996096611 Detik 
------------------------- 
Tanggal: 21-11-2021 08:25:01 
Duration Download Forstok 9.8416759967804 Detik
Duration Looping 700 Data 128.2985830307 Detik 
Total Duration 128.29869008064 Detik 
------------------------- 
Tanggal: 21-11-2021 08:30:01 
Duration Download Forstok 10.808539152145 Detik
Duration Looping 700 Data 138.64781212807 Detik 
Total Duration 138.64790916443 Detik 
------------------------- 
Tanggal: 21-11-2021 08:35:01 
Duration Download Forstok 10.680316925049 Detik
Duration Looping 700 Data 138.48815512657 Detik 
Total Duration 138.48827314377 Detik 
------------------------- 
Tanggal: 21-11-2021 08:40:01 
Duration Download Forstok 9.4617199897766 Detik
Duration Looping 700 Data 133.32384800911 Detik 
Total Duration 133.32395815849 Detik 
------------------------- 
Tanggal: 21-11-2021 08:45:01 
Duration Download Forstok 11.125400066376 Detik
Duration Looping 700 Data 135.5886080265 Detik 
Total Duration 135.588722229 Detik 
------------------------- 
Tanggal: 21-11-2021 08:50:01 
Duration Download Forstok 9.8468539714813 Detik
Duration Looping 700 Data 134.34355401993 Detik 
Total Duration 134.34366798401 Detik 
------------------------- 
Tanggal: 21-11-2021 08:55:01 
Duration Download Forstok 9.6424648761749 Detik
Duration Looping 700 Data 138.25881505013 Detik 
Total Duration 138.25892901421 Detik 
------------------------- 
Tanggal: 21-11-2021 09:00:01 
Duration Download Forstok 9.8629260063171 Detik
Duration Looping 700 Data 134.33603286743 Detik 
Total Duration 134.33614087105 Detik 
------------------------- 
Tanggal: 21-11-2021 09:05:01 
Duration Download Forstok 18.245667934418 Detik
Duration Looping 700 Data 139.16394209862 Detik 
Total Duration 139.16405510902 Detik 
------------------------- 
Tanggal: 21-11-2021 09:10:01 
Duration Download Forstok 9.8661229610443 Detik
Duration Looping 700 Data 144.02902293205 Detik 
Total Duration 144.02913784981 Detik 
------------------------- 
Tanggal: 21-11-2021 09:15:01 
Duration Download Forstok 9.5041770935059 Detik
Duration Looping 700 Data 134.74556517601 Detik 
Total Duration 134.74567508698 Detik 
------------------------- 
Tanggal: 21-11-2021 09:20:01 
Duration Download Forstok 10.766966104507 Detik
Duration Looping 700 Data 132.4053170681 Detik 
Total Duration 132.40545010567 Detik 
------------------------- 
Tanggal: 21-11-2021 09:25:01 
Duration Download Forstok 10.462010860443 Detik
Duration Looping 700 Data 131.14395284653 Detik 
Total Duration 131.14406991005 Detik 
------------------------- 
Tanggal: 21-11-2021 09:30:02 
Duration Download Forstok 12.295390844345 Detik
Duration Looping 700 Data 133.12944197655 Detik 
Total Duration 133.12956190109 Detik 
------------------------- 
Tanggal: 21-11-2021 09:35:01 
Duration Download Forstok 10.528784036636 Detik
Duration Looping 700 Data 132.23353600502 Detik 
Total Duration 132.23362612724 Detik 
------------------------- 
Tanggal: 21-11-2021 09:40:01 
Duration Download Forstok 9.4474840164185 Detik
Duration Looping 700 Data 134.47045612335 Detik 
Total Duration 134.47057008743 Detik 
------------------------- 
Tanggal: 21-11-2021 09:45:01 
Duration Download Forstok 11.183741807938 Detik
Duration Looping 700 Data 143.04144096375 Detik 
Total Duration 143.04156184196 Detik 
------------------------- 
Tanggal: 21-11-2021 09:50:01 
Duration Download Forstok 11.546344041824 Detik
Duration Looping 700 Data 136.11489200592 Detik 
Total Duration 136.11502599716 Detik 
------------------------- 
Tanggal: 21-11-2021 09:55:01 
Duration Download Forstok 10.451309204102 Detik
Duration Looping 700 Data 142.49301409721 Detik 
Total Duration 142.49310612679 Detik 
------------------------- 
Tanggal: 21-11-2021 10:00:01 
Duration Download Forstok 9.6090409755707 Detik
Duration Looping 700 Data 137.86460494995 Detik 
Total Duration 137.86476302147 Detik 
------------------------- 
Tanggal: 21-11-2021 10:05:01 
Duration Download Forstok 13.625101804733 Detik
Duration Looping 700 Data 155.82997083664 Detik 
Total Duration 155.83008384705 Detik 
------------------------- 
Tanggal: 21-11-2021 10:10:01 
Duration Download Forstok 11.257481098175 Detik
Duration Looping 700 Data 138.69632506371 Detik 
Total Duration 138.69643998146 Detik 
------------------------- 
Tanggal: 21-11-2021 10:15:01 
Duration Download Forstok 12.906096935272 Detik
Duration Looping 700 Data 133.38068199158 Detik 
Total Duration 133.38079690933 Detik 
------------------------- 
Tanggal: 21-11-2021 10:20:01 
Duration Download Forstok 9.4741249084473 Detik
Duration Looping 700 Data 139.46703791618 Detik 
Total Duration 139.4671599865 Detik 
------------------------- 
Tanggal: 21-11-2021 10:25:01 
Duration Download Forstok 9.6814439296722 Detik
Duration Looping 700 Data 129.62798380852 Detik 
Total Duration 129.62810492516 Detik 
------------------------- 
Tanggal: 21-11-2021 10:30:01 
Duration Download Forstok 10.724100828171 Detik
Duration Looping 700 Data 133.6448328495 Detik 
Total Duration 133.64494585991 Detik 
------------------------- 
Tanggal: 21-11-2021 10:35:01 
Duration Download Forstok 11.176388978958 Detik
Duration Looping 700 Data 137.38299202919 Detik 
Total Duration 137.38311004639 Detik 
------------------------- 
Tanggal: 21-11-2021 10:40:01 
Duration Download Forstok 10.618616104126 Detik
Duration Looping 700 Data 135.79703092575 Detik 
Total Duration 135.79713487625 Detik 
------------------------- 
Tanggal: 21-11-2021 10:45:01 
Duration Download Forstok 11.564754009247 Detik
Duration Looping 700 Data 156.25915813446 Detik 
Total Duration 156.25927710533 Detik 
------------------------- 
Tanggal: 21-11-2021 10:50:01 
Duration Download Forstok 9.5716588497162 Detik
Duration Looping 700 Data 141.8805398941 Detik 
Total Duration 141.88065195084 Detik 
------------------------- 
Tanggal: 21-11-2021 10:55:01 
Duration Download Forstok 10.826234102249 Detik
Duration Looping 700 Data 134.89842987061 Detik 
Total Duration 134.89854288101 Detik 
------------------------- 
Tanggal: 21-11-2021 11:00:01 
Duration Download Forstok 10.930354118347 Detik
Duration Looping 700 Data 145.41568517685 Detik 
Total Duration 145.41581010818 Detik 
------------------------- 
Tanggal: 21-11-2021 11:05:01 
Duration Download Forstok 14.826396942139 Detik
Duration Looping 700 Data 140.17713284492 Detik 
Total Duration 140.17725682259 Detik 
------------------------- 
Tanggal: 21-11-2021 11:10:01 
Duration Download Forstok 10.357903957367 Detik
Duration Looping 700 Data 137.07975506783 Detik 
Total Duration 137.07986497879 Detik 
------------------------- 
Tanggal: 21-11-2021 11:15:01 
Duration Download Forstok 12.980752944946 Detik
Duration Looping 700 Data 145.80130004883 Detik 
Total Duration 145.80139493942 Detik 
------------------------- 
Tanggal: 21-11-2021 11:20:01 
Duration Download Forstok 10.431456804276 Detik
Duration Looping 700 Data 138.67599081993 Detik 
Total Duration 138.67610096931 Detik 
------------------------- 
Tanggal: 21-11-2021 11:25:01 
Duration Download Forstok 9.2762100696564 Detik
Duration Looping 700 Data 145.08655118942 Detik 
Total Duration 145.08667016029 Detik 
------------------------- 
Tanggal: 21-11-2021 11:30:01 
Duration Download Forstok 10.67063498497 Detik
Duration Looping 700 Data 135.03638601303 Detik 
Total Duration 135.03650188446 Detik 
------------------------- 
Tanggal: 21-11-2021 11:35:01 
Duration Download Forstok 10.282534122467 Detik
Duration Looping 700 Data 130.9505841732 Detik 
Total Duration 130.95070505142 Detik 
------------------------- 
Tanggal: 21-11-2021 11:40:01 
Duration Download Forstok 11.121340036392 Detik
Duration Looping 700 Data 134.78106713295 Detik 
Total Duration 134.78118300438 Detik 
------------------------- 
Tanggal: 21-11-2021 11:45:01 
Duration Download Forstok 11.058177947998 Detik
Duration Looping 700 Data 137.39628100395 Detik 
Total Duration 137.39639496803 Detik 
------------------------- 
Tanggal: 21-11-2021 11:50:01 
Duration Download Forstok 12.407608985901 Detik
Duration Looping 700 Data 148.64128899574 Detik 
Total Duration 148.64147400856 Detik 
------------------------- 
Tanggal: 21-11-2021 11:55:01 
Duration Download Forstok 9.0719559192657 Detik
Duration Looping 700 Data 133.54155898094 Detik 
Total Duration 133.54167795181 Detik 
------------------------- 
Tanggal: 21-11-2021 12:00:01 
Duration Download Forstok 10.497385025024 Detik
Duration Looping 700 Data 145.24014401436 Detik 
Total Duration 145.24025511742 Detik 
------------------------- 
Tanggal: 21-11-2021 12:05:01 
Duration Download Forstok 15.888949871063 Detik
Duration Looping 700 Data 137.82338690758 Detik 
Total Duration 137.82349896431 Detik 
------------------------- 
Tanggal: 21-11-2021 12:10:01 
Duration Download Forstok 12.414633989334 Detik
Duration Looping 700 Data 132.1557700634 Detik 
Total Duration 132.15588903427 Detik 
------------------------- 
Tanggal: 21-11-2021 12:15:01 
Duration Download Forstok 13.290845155716 Detik
Duration Looping 700 Data 139.08502411842 Detik 
Total Duration 139.08514094353 Detik 
------------------------- 
Tanggal: 21-11-2021 12:20:01 
Duration Download Forstok 12.165491104126 Detik
Duration Looping 700 Data 136.56507110596 Detik 
Total Duration 136.56517219543 Detik 
------------------------- 
Tanggal: 21-11-2021 12:25:01 
Duration Download Forstok 9.5654189586639 Detik
Duration Looping 700 Data 129.13707494736 Detik 
Total Duration 129.13720417023 Detik 
------------------------- 
Tanggal: 21-11-2021 12:30:01 
Duration Download Forstok 11.377243041992 Detik
Duration Looping 700 Data 132.77803707123 Detik 
Total Duration 132.77815699577 Detik 
------------------------- 
Tanggal: 21-11-2021 12:35:01 
Duration Download Forstok 11.310990095139 Detik
Duration Looping 700 Data 145.04754900932 Detik 
Total Duration 145.04766917229 Detik 
------------------------- 
Tanggal: 21-11-2021 12:40:01 
Duration Download Forstok 11.558480024338 Detik
Duration Looping 700 Data 147.14226317406 Detik 
Total Duration 147.14238715172 Detik 
------------------------- 
Tanggal: 21-11-2021 12:45:01 
Duration Download Forstok 12.492203950882 Detik
Duration Looping 700 Data 136.45005083084 Detik 
Total Duration 136.45020294189 Detik 
------------------------- 
Tanggal: 21-11-2021 12:50:01 
Duration Download Forstok 11.430306911469 Detik
Duration Looping 700 Data 135.25417113304 Detik 
Total Duration 135.25428891182 Detik 
------------------------- 
Tanggal: 21-11-2021 12:55:01 
Duration Download Forstok 9.6849479675293 Detik
Duration Looping 700 Data 135.96589112282 Detik 
Total Duration 135.96598911285 Detik 
------------------------- 
Tanggal: 21-11-2021 13:00:01 
Duration Download Forstok 10.998011112213 Detik
Duration Looping 700 Data 137.27352809906 Detik 
Total Duration 137.27363801003 Detik 
------------------------- 
Tanggal: 21-11-2021 13:05:01 
Duration Download Forstok 16.19793009758 Detik
Duration Looping 700 Data 140.70091199875 Detik 
Total Duration 140.7010281086 Detik 
------------------------- 
Tanggal: 21-11-2021 13:10:01 
Duration Download Forstok 10.89928984642 Detik
Duration Looping 700 Data 134.9316868782 Detik 
Total Duration 134.93179798126 Detik 
------------------------- 
Tanggal: 21-11-2021 13:15:01 
Duration Download Forstok 12.544198036194 Detik
Duration Looping 700 Data 135.66300797462 Detik 
Total Duration 135.66311097145 Detik 
------------------------- 
Tanggal: 21-11-2021 13:20:01 
Duration Download Forstok 11.709742069244 Detik
Duration Looping 700 Data 145.91847491264 Detik 
Total Duration 145.91858696938 Detik 
------------------------- 
Tanggal: 21-11-2021 13:25:01 
Duration Download Forstok 10.764549970627 Detik
Duration Looping 700 Data 132.06175589561 Detik 
Total Duration 132.061866045 Detik 
------------------------- 
Tanggal: 21-11-2021 13:30:01 
Duration Download Forstok 11.53940820694 Detik
Duration Looping 700 Data 135.33321118355 Detik 
Total Duration 135.33333802223 Detik 
------------------------- 
Tanggal: 21-11-2021 13:35:01 
Duration Download Forstok 13.190495967865 Detik
Duration Looping 700 Data 135.35251402855 Detik 
Total Duration 135.35262203217 Detik 
------------------------- 
Tanggal: 21-11-2021 13:40:01 
Duration Download Forstok 12.226150989532 Detik
Duration Looping 700 Data 139.55067396164 Detik 
Total Duration 139.55078697205 Detik 
------------------------- 
Tanggal: 21-11-2021 13:45:01 
Duration Download Forstok 13.330975055695 Detik
Duration Looping 700 Data 142.60722398758 Detik 
Total Duration 142.60733890533 Detik 
------------------------- 
Tanggal: 21-11-2021 13:50:01 
Duration Download Forstok 12.410681009293 Detik
Duration Looping 700 Data 139.83117890358 Detik 
Total Duration 139.83129692078 Detik 
------------------------- 
Tanggal: 21-11-2021 13:55:01 
Duration Download Forstok 10.865065097809 Detik
Duration Looping 700 Data 133.69647192955 Detik 
Total Duration 133.6965880394 Detik 
------------------------- 
Tanggal: 21-11-2021 14:00:01 
Duration Download Forstok 11.381460905075 Detik
Duration Looping 700 Data 138.0706911087 Detik 
Total Duration 138.07079696655 Detik 
------------------------- 
Tanggal: 21-11-2021 14:05:01 
Duration Download Forstok 14.922455072403 Detik
Duration Looping 700 Data 139.10038399696 Detik 
Total Duration 139.10050201416 Detik 
------------------------- 
Tanggal: 21-11-2021 14:10:01 
Duration Download Forstok 11.024293899536 Detik
Duration Looping 700 Data 139.1661939621 Detik 
Total Duration 139.16630601883 Detik 
------------------------- 
Tanggal: 21-11-2021 14:15:01 
Duration Download Forstok 11.45011305809 Detik
Duration Looping 700 Data 137.49426102638 Detik 
Total Duration 137.49438405037 Detik 
------------------------- 
Tanggal: 21-11-2021 14:20:01 
Duration Download Forstok 10.617923021317 Detik
Duration Looping 700 Data 140.02351808548 Detik 
Total Duration 140.02361798286 Detik 
------------------------- 
Tanggal: 21-11-2021 14:25:01 
Duration Download Forstok 10.351651191711 Detik
Duration Looping 700 Data 134.19551920891 Detik 
Total Duration 134.19564414024 Detik 
------------------------- 
Tanggal: 21-11-2021 14:30:01 
Duration Download Forstok 11.106975078583 Detik
Duration Looping 700 Data 142.34032797813 Detik 
Total Duration 142.34044599533 Detik 
------------------------- 
Tanggal: 21-11-2021 14:35:01 
Duration Download Forstok 10.488926887512 Detik
Duration Looping 700 Data 135.94060993195 Detik 
Total Duration 135.94072580338 Detik 
------------------------- 
Tanggal: 21-11-2021 14:40:01 
Duration Download Forstok 9.8675429821014 Detik
Duration Looping 700 Data 133.8329808712 Detik 
Total Duration 133.83312487602 Detik 
------------------------- 
Tanggal: 21-11-2021 14:45:01 
Duration Download Forstok 12.671021223068 Detik
Duration Looping 700 Data 131.68492603302 Detik 
Total Duration 131.68503808975 Detik 
------------------------- 
Tanggal: 21-11-2021 14:50:01 
Duration Download Forstok 11.268816947937 Detik
Duration Looping 700 Data 134.08950591087 Detik 
Total Duration 134.08962011337 Detik 
------------------------- 
Tanggal: 21-11-2021 14:55:01 
Duration Download Forstok 11.011868953705 Detik
Duration Looping 700 Data 136.61531400681 Detik 
Total Duration 136.61543011665 Detik 
------------------------- 
Tanggal: 21-11-2021 15:00:01 
Duration Download Forstok 13.250773906708 Detik
Duration Looping 700 Data 143.40391802788 Detik 
Total Duration 143.40402293205 Detik 
------------------------- 
Tanggal: 21-11-2021 15:05:01 
Duration Download Forstok 20.040331125259 Detik
Duration Looping 700 Data 144.37888503075 Detik 
Total Duration 144.3789961338 Detik 
------------------------- 
Tanggal: 21-11-2021 15:10:01 
Duration Download Forstok 14.058332920074 Detik
Duration Looping 700 Data 132.31672000885 Detik 
Total Duration 132.31686592102 Detik 
------------------------- 
Tanggal: 21-11-2021 15:15:01 
Duration Download Forstok 12.371947050095 Detik
Duration Looping 700 Data 148.33814001083 Detik 
Total Duration 148.33825492859 Detik 
------------------------- 
Tanggal: 21-11-2021 15:20:01 
Duration Download Forstok 12.138043165207 Detik
Duration Looping 700 Data 131.08259320259 Detik 
Total Duration 131.08270406723 Detik 
------------------------- 
Tanggal: 21-11-2021 15:25:01 
Duration Download Forstok 9.9391820430756 Detik
Duration Looping 700 Data 134.01490902901 Detik 
Total Duration 134.01502418518 Detik 
------------------------- 
Tanggal: 21-11-2021 15:30:01 
Duration Download Forstok 9.5266668796539 Detik
Duration Looping 700 Data 133.77533483505 Detik 
Total Duration 133.77543902397 Detik 
------------------------- 
Tanggal: 21-11-2021 15:35:01 
Duration Download Forstok 11.972234010696 Detik
Duration Looping 700 Data 145.20032691956 Detik 
Total Duration 145.2004468441 Detik 
------------------------- 
Tanggal: 21-11-2021 15:40:01 
Duration Download Forstok 13.003728151321 Detik
Duration Looping 700 Data 136.93550419807 Detik 
Total Duration 136.93561315536 Detik 
------------------------- 
Tanggal: 21-11-2021 15:45:01 
Duration Download Forstok 13.114148139954 Detik
Duration Looping 700 Data 132.85352015495 Detik 
Total Duration 132.85363912582 Detik 
------------------------- 
Tanggal: 21-11-2021 15:50:01 
Duration Download Forstok 11.748286008835 Detik
Duration Looping 700 Data 128.48226594925 Detik 
Total Duration 128.48238492012 Detik 
------------------------- 
Tanggal: 21-11-2021 15:55:01 
Duration Download Forstok 9.2575900554657 Detik
Duration Looping 700 Data 127.42961907387 Detik 
Total Duration 127.42973303795 Detik 
------------------------- 
Tanggal: 21-11-2021 16:00:01 
Duration Download Forstok 12.729138851166 Detik
Duration Looping 700 Data 138.79996705055 Detik 
Total Duration 138.80008006096 Detik 
------------------------- 
Tanggal: 21-11-2021 16:05:01 
Duration Download Forstok 19.279098033905 Detik
Duration Looping 700 Data 136.68466210365 Detik 
Total Duration 136.68476915359 Detik 
------------------------- 
Tanggal: 21-11-2021 16:10:01 
Duration Download Forstok 11.496814012527 Detik
Duration Looping 700 Data 131.82577300072 Detik 
Total Duration 131.82589507103 Detik 
------------------------- 
Tanggal: 21-11-2021 16:15:01 
Duration Download Forstok 12.360008001328 Detik
Duration Looping 700 Data 129.94618201256 Detik 
Total Duration 129.94627785683 Detik 
------------------------- 
Tanggal: 21-11-2021 16:20:01 
Duration Download Forstok 9.5275390148163 Detik
Duration Looping 700 Data 139.83306407928 Detik 
Total Duration 139.83317399025 Detik 
------------------------- 
Tanggal: 21-11-2021 16:25:02 
Duration Download Forstok 11.971101999283 Detik
Duration Looping 700 Data 137.82467508316 Detik 
Total Duration 137.82479405403 Detik 
------------------------- 
Tanggal: 21-11-2021 16:30:01 
Duration Download Forstok 9.6005971431732 Detik
Duration Looping 700 Data 137.59922814369 Detik 
Total Duration 137.59934020042 Detik 
------------------------- 
Tanggal: 21-11-2021 16:35:01 
Duration Download Forstok 18.605408906937 Detik
Duration Looping 700 Data 138.80692791939 Detik 
Total Duration 138.8070640564 Detik 
------------------------- 
Tanggal: 21-11-2021 16:40:01 
Duration Download Forstok 10.692714929581 Detik
Duration Looping 700 Data 142.24618983269 Detik 
Total Duration 142.24629878998 Detik 
------------------------- 
Tanggal: 21-11-2021 16:45:01 
Duration Download Forstok 13.3667781353 Detik
Duration Looping 700 Data 137.13949203491 Detik 
Total Duration 137.13960909843 Detik 
------------------------- 
Tanggal: 21-11-2021 16:50:02 
Duration Download Forstok 9.601310968399 Detik
Duration Looping 700 Data 128.78945112228 Detik 
Total Duration 128.78953695297 Detik 
------------------------- 
Tanggal: 21-11-2021 16:55:01 
Duration Download Forstok 10.928057909012 Detik
Duration Looping 700 Data 131.87160491943 Detik 
Total Duration 131.8717148304 Detik 
------------------------- 
Tanggal: 21-11-2021 17:00:01 
Duration Download Forstok 11.587468862534 Detik
Duration Looping 700 Data 129.95867085457 Detik 
Total Duration 129.95877504349 Detik 
------------------------- 
Tanggal: 21-11-2021 17:05:01 
Duration Download Forstok 14.928044080734 Detik
Duration Looping 700 Data 133.55130910873 Detik 
Total Duration 133.55142402649 Detik 
------------------------- 
Tanggal: 21-11-2021 17:10:01 
Duration Download Forstok 10.141810894012 Detik
Duration Looping 700 Data 146.6848218441 Detik 
Total Duration 146.68493390083 Detik 
------------------------- 
Tanggal: 21-11-2021 17:15:01 
Duration Download Forstok 17.079509973526 Detik
Duration Looping 700 Data 145.41636514664 Detik 
Total Duration 145.41650009155 Detik 
------------------------- 
Tanggal: 21-11-2021 17:20:01 
Duration Download Forstok 11.498469114304 Detik
Duration Looping 700 Data 132.92689299583 Detik 
Total Duration 132.9269990921 Detik 
------------------------- 
Tanggal: 21-11-2021 17:25:01 
Duration Download Forstok 10.792454004288 Detik
Duration Looping 700 Data 126.82930588722 Detik 
Total Duration 126.82941794395 Detik 
------------------------- 
Tanggal: 21-11-2021 17:30:01 
Duration Download Forstok 9.8968720436096 Detik
Duration Looping 700 Data 130.76565790176 Detik 
Total Duration 130.7657699585 Detik 
------------------------- 
Tanggal: 21-11-2021 17:35:01 
Duration Download Forstok 9.2874898910522 Detik
Duration Looping 700 Data 133.16554093361 Detik 
Total Duration 133.1656498909 Detik 
------------------------- 
Tanggal: 21-11-2021 17:40:01 
Duration Download Forstok 11.008709192276 Detik
Duration Looping 700 Data 131.61713719368 Detik 
Total Duration 131.61724710464 Detik 
------------------------- 
Tanggal: 21-11-2021 17:45:01 
Duration Download Forstok 16.795433998108 Detik
Duration Looping 700 Data 137.2289249897 Detik 
Total Duration 137.2290391922 Detik 
------------------------- 
Tanggal: 21-11-2021 17:50:01 
Duration Download Forstok 12.052422046661 Detik
Duration Looping 700 Data 146.14425396919 Detik 
Total Duration 146.14436888695 Detik 
------------------------- 
Tanggal: 21-11-2021 17:55:01 
Duration Download Forstok 11.06289601326 Detik
Duration Looping 700 Data 128.46883106232 Detik 
Total Duration 128.46896100044 Detik 
------------------------- 
Tanggal: 21-11-2021 18:00:01 
Duration Download Forstok 11.989892959595 Detik
Duration Looping 700 Data 134.60346794128 Detik 
Total Duration 134.60357809067 Detik 
------------------------- 
Tanggal: 21-11-2021 18:05:01 
Duration Download Forstok 17.478744983673 Detik
Duration Looping 700 Data 134.4598069191 Detik 
Total Duration 134.45992302895 Detik 
------------------------- 
Tanggal: 21-11-2021 18:10:01 
Duration Download Forstok 12.692933797836 Detik
Duration Looping 700 Data 129.02920889854 Detik 
Total Duration 129.0293238163 Detik 
------------------------- 
Tanggal: 21-11-2021 18:15:01 
Duration Download Forstok 16.426976919174 Detik
Duration Looping 700 Data 134.04246091843 Detik 
Total Duration 134.0425658226 Detik 
------------------------- 
Tanggal: 21-11-2021 18:20:01 
Duration Download Forstok 10.699865818024 Detik
Duration Looping 700 Data 131.55122995377 Detik 
Total Duration 131.55134296417 Detik 
------------------------- 
Tanggal: 21-11-2021 18:25:01 
Duration Download Forstok 12.881368160248 Detik
Duration Looping 700 Data 142.88070297241 Detik 
Total Duration 142.88081908226 Detik 
------------------------- 
Tanggal: 21-11-2021 18:30:01 
Duration Download Forstok 11.423677206039 Detik
Duration Looping 700 Data 127.59524202347 Detik 
Total Duration 127.59535121918 Detik 
------------------------- 
Tanggal: 21-11-2021 18:35:01 
Duration Download Forstok 9.8427519798279 Detik
Duration Looping 700 Data 136.65072202682 Detik 
Total Duration 136.65083599091 Detik 
------------------------- 
Tanggal: 21-11-2021 18:40:01 
Duration Download Forstok 10.898644924164 Detik
Duration Looping 700 Data 146.45712089539 Detik 
Total Duration 146.45723390579 Detik 
------------------------- 
Tanggal: 21-11-2021 18:45:01 
Duration Download Forstok 13.945384979248 Detik
Duration Looping 700 Data 132.17313504219 Detik 
Total Duration 132.17325592041 Detik 
------------------------- 
Tanggal: 21-11-2021 18:50:01 
Duration Download Forstok 10.965423107147 Detik
Duration Looping 700 Data 135.53776311874 Detik 
Total Duration 135.53788089752 Detik 
------------------------- 
Tanggal: 21-11-2021 18:55:01 
Duration Download Forstok 10.103044986725 Detik
Duration Looping 700 Data 133.01471996307 Detik 
Total Duration 133.01484298706 Detik 
------------------------- 
Tanggal: 21-11-2021 19:00:01 
Duration Download Forstok 11.176676988602 Detik
Duration Looping 700 Data 138.0120549202 Detik 
Total Duration 138.01216483116 Detik 
------------------------- 
Tanggal: 21-11-2021 19:05:01 
Duration Download Forstok 16.137120008469 Detik
Duration Looping 700 Data 136.52500200272 Detik 
Total Duration 136.52512097359 Detik 
------------------------- 
Tanggal: 21-11-2021 19:10:01 
Duration Download Forstok 10.862519979477 Detik
Duration Looping 700 Data 131.30534315109 Detik 
Total Duration 131.30545711517 Detik 
------------------------- 
Tanggal: 21-11-2021 19:15:01 
Duration Download Forstok 13.926820993423 Detik
Duration Looping 700 Data 135.73970079422 Detik 
Total Duration 135.73981690407 Detik 
------------------------- 
Tanggal: 21-11-2021 19:20:01 
Duration Download Forstok 12.221392869949 Detik
Duration Looping 700 Data 135.12277889252 Detik 
Total Duration 135.12288498878 Detik 
------------------------- 
Tanggal: 21-11-2021 19:25:01 
Duration Download Forstok 9.6920900344849 Detik
Duration Looping 700 Data 131.16568398476 Detik 
Total Duration 131.16579198837 Detik 
------------------------- 
Tanggal: 21-11-2021 19:30:01 
Duration Download Forstok 13.052817106247 Detik
Duration Looping 700 Data 142.11214590073 Detik 
Total Duration 142.11224007607 Detik 
------------------------- 
Tanggal: 21-11-2021 19:35:01 
Duration Download Forstok 10.9737200737 Detik
Duration Looping 700 Data 135.40621399879 Detik 
Total Duration 135.40632605553 Detik 
------------------------- 
Tanggal: 21-11-2021 19:40:01 
Duration Download Forstok 13.393965005875 Detik
Duration Looping 700 Data 140.04445409775 Detik 
Total Duration 140.04455900192 Detik 
------------------------- 
Tanggal: 21-11-2021 19:45:01 
Duration Download Forstok 14.925106048584 Detik
Duration Looping 700 Data 135.72539496422 Detik 
Total Duration 135.72551393509 Detik 
------------------------- 
Tanggal: 21-11-2021 19:50:01 
Duration Download Forstok 11.856945037842 Detik
Duration Looping 700 Data 134.01211810112 Detik 
Total Duration 134.01222109795 Detik 
------------------------- 
Tanggal: 21-11-2021 19:55:01 
Duration Download Forstok 10.149991989136 Detik
Duration Looping 700 Data 137.95315885544 Detik 
Total Duration 137.95327997208 Detik 
------------------------- 
Tanggal: 21-11-2021 20:00:01 
Duration Download Forstok 11.220973968506 Detik
Duration Looping 700 Data 133.40099000931 Detik 
Total Duration 133.40109491348 Detik 
------------------------- 
Tanggal: 21-11-2021 20:05:01 
Duration Download Forstok 18.88143992424 Detik
Duration Looping 700 Data 136.8850839138 Detik 
Total Duration 136.88519287109 Detik 
------------------------- 
Tanggal: 21-11-2021 20:10:01 
Duration Download Forstok 12.910768032074 Detik
Duration Looping 700 Data 131.11880397797 Detik 
Total Duration 131.11891913414 Detik 
------------------------- 
Tanggal: 21-11-2021 20:15:01 
Duration Download Forstok 14.118123054504 Detik
Duration Looping 700 Data 136.87638020515 Detik 
Total Duration 136.87649416924 Detik 
------------------------- 
Tanggal: 21-11-2021 20:20:01 
Duration Download Forstok 9.5407309532166 Detik
Duration Looping 700 Data 139.14084196091 Detik 
Total Duration 139.14095401764 Detik 
------------------------- 
Tanggal: 21-11-2021 20:25:01 
Duration Download Forstok 11.051738023758 Detik
Duration Looping 700 Data 139.09640002251 Detik 
Total Duration 139.0965180397 Detik 
------------------------- 
Tanggal: 21-11-2021 20:30:01 
Duration Download Forstok 11.856642007828 Detik
Duration Looping 700 Data 134.61901211739 Detik 
Total Duration 134.61909508705 Detik 
------------------------- 
Tanggal: 21-11-2021 20:35:01 
Duration Download Forstok 11.025120019913 Detik
Duration Looping 700 Data 135.31707715988 Detik 
Total Duration 135.31718802452 Detik 
------------------------- 
Tanggal: 21-11-2021 20:40:01 
Duration Download Forstok 10.28991484642 Detik
Duration Looping 700 Data 141.73796582222 Detik 
Total Duration 141.73807787895 Detik 
------------------------- 
Tanggal: 21-11-2021 20:45:01 
Duration Download Forstok 12.623411893845 Detik
Duration Looping 700 Data 131.29637408257 Detik 
Total Duration 131.29648804665 Detik 
------------------------- 
Tanggal: 21-11-2021 20:50:01 
Duration Download Forstok 11.29620885849 Detik
Duration Looping 700 Data 133.68187189102 Detik 
Total Duration 133.6819870472 Detik 
------------------------- 
Tanggal: 21-11-2021 20:55:01 
Duration Download Forstok 12.386231184006 Detik
Duration Looping 700 Data 146.97644615173 Detik 
Total Duration 146.97657108307 Detik 
------------------------- 
Tanggal: 21-11-2021 21:00:01 
Duration Download Forstok 10.562366008759 Detik
Duration Looping 700 Data 143.30606102943 Detik 
Total Duration 143.30618000031 Detik 
------------------------- 
Tanggal: 21-11-2021 21:05:01 
Duration Download Forstok 17.13992190361 Detik
Duration Looping 700 Data 137.60597896576 Detik 
Total Duration 137.60608887672 Detik 
------------------------- 
Tanggal: 21-11-2021 21:10:01 
Duration Download Forstok 10.566366910934 Detik
Duration Looping 700 Data 130.16324496269 Detik 
Total Duration 130.16335988045 Detik 
------------------------- 
Tanggal: 21-11-2021 21:15:01 
Duration Download Forstok 17.955058813095 Detik
Duration Looping 700 Data 140.49832487106 Detik 
Total Duration 140.49846196175 Detik 
------------------------- 
Tanggal: 21-11-2021 21:20:01 
Duration Download Forstok 9.9017651081085 Detik
Duration Looping 700 Data 146.92332196236 Detik 
Total Duration 146.92347598076 Detik 
------------------------- 
Tanggal: 21-11-2021 21:25:01 
Duration Download Forstok 11.970119953156 Detik
Duration Looping 700 Data 132.24569296837 Detik 
Total Duration 132.24581003189 Detik 
------------------------- 
Tanggal: 21-11-2021 21:30:01 
Duration Download Forstok 10.119240999222 Detik
Duration Looping 700 Data 131.5840139389 Detik 
Total Duration 131.58413100243 Detik 
------------------------- 
Tanggal: 21-11-2021 21:35:01 
Duration Download Forstok 11.710216999054 Detik
Duration Looping 700 Data 129.52616405487 Detik 
Total Duration 129.52628111839 Detik 
------------------------- 
Tanggal: 21-11-2021 21:40:01 
Duration Download Forstok 11.989792823792 Detik
Duration Looping 700 Data 142.44411897659 Detik 
Total Duration 142.44422292709 Detik 
------------------------- 
Tanggal: 21-11-2021 21:45:02 
Duration Download Forstok 13.230309009552 Detik
Duration Looping 700 Data 142.06152701378 Detik 
Total Duration 142.06165504456 Detik 
------------------------- 
Tanggal: 21-11-2021 21:50:01 
Duration Download Forstok 11.44771194458 Detik
Duration Looping 700 Data 129.69600510597 Detik 
Total Duration 129.69611811638 Detik 
------------------------- 
Tanggal: 21-11-2021 21:55:01 
Duration Download Forstok 10.683626890182 Detik
Duration Looping 700 Data 130.70238280296 Detik 
Total Duration 130.70250487328 Detik 
------------------------- 
Tanggal: 21-11-2021 22:00:01 
Duration Download Forstok 10.478605985641 Detik
Duration Looping 700 Data 128.99508690834 Detik 
Total Duration 128.99520087242 Detik 
------------------------- 
Tanggal: 21-11-2021 22:05:01 
Duration Download Forstok 18.104629993439 Detik
Duration Looping 700 Data 137.28572821617 Detik 
Total Duration 137.28583908081 Detik 
------------------------- 
Tanggal: 21-11-2021 22:10:01 
Duration Download Forstok 9.7012739181519 Detik
Duration Looping 700 Data 127.64071989059 Detik 
Total Duration 127.640832901 Detik 
------------------------- 
Tanggal: 21-11-2021 22:15:01 
Duration Download Forstok 12.58739900589 Detik
Duration Looping 700 Data 134.89466810226 Detik 
Total Duration 134.89478302002 Detik 
------------------------- 
Tanggal: 21-11-2021 22:20:01 
Duration Download Forstok 11.272686958313 Detik
Duration Looping 700 Data 131.80191516876 Detik 
Total Duration 131.80203914642 Detik 
------------------------- 
Tanggal: 21-11-2021 22:25:01 
Duration Download Forstok 11.30494594574 Detik
Duration Looping 700 Data 141.05565786362 Detik 
Total Duration 141.05577087402 Detik 
------------------------- 
Tanggal: 21-11-2021 22:30:01 
Duration Download Forstok 12.438158988953 Detik
Duration Looping 700 Data 134.03254795074 Detik 
Total Duration 134.03266000748 Detik 
------------------------- 
Tanggal: 21-11-2021 22:35:01 
Duration Download Forstok 12.19474196434 Detik
Duration Looping 700 Data 137.72029900551 Detik 
Total Duration 137.72042703629 Detik 
------------------------- 
Tanggal: 21-11-2021 22:40:01 
Duration Download Forstok 14.440798997879 Detik
Duration Looping 700 Data 139.12540078163 Detik 
Total Duration 139.12551188469 Detik 
------------------------- 
Tanggal: 21-11-2021 22:45:01 
Duration Download Forstok 13.714247941971 Detik
Duration Looping 700 Data 134.89811897278 Detik 
Total Duration 134.89826202393 Detik 
------------------------- 
Tanggal: 21-11-2021 22:50:01 
Duration Download Forstok 13.026041030884 Detik
Duration Looping 700 Data 129.97851490974 Detik 
Total Duration 129.97862696648 Detik 
------------------------- 
Tanggal: 21-11-2021 22:55:01 
Duration Download Forstok 10.518220186234 Detik
Duration Looping 700 Data 137.64607000351 Detik 
Total Duration 137.64618110657 Detik 
------------------------- 
Tanggal: 21-11-2021 23:00:01 
Duration Download Forstok 11.10838508606 Detik
Duration Looping 700 Data 134.88123512268 Detik 
Total Duration 134.88134098053 Detik 
------------------------- 
Tanggal: 21-11-2021 23:05:01 
Duration Download Forstok 16.930933952332 Detik
Duration Looping 700 Data 150.2664399147 Detik 
Total Duration 150.26655197144 Detik 
------------------------- 
Tanggal: 21-11-2021 23:10:01 
Duration Download Forstok 14.11008310318 Detik
Duration Looping 700 Data 148.65840601921 Detik 
Total Duration 148.65852808952 Detik 
------------------------- 
Tanggal: 21-11-2021 23:15:01 
Duration Download Forstok 13.519904851913 Detik
Duration Looping 700 Data 153.2429599762 Detik 
Total Duration 153.24305987358 Detik 
------------------------- 
Tanggal: 21-11-2021 23:20:01 
Duration Download Forstok 12.183399915695 Detik
Duration Looping 700 Data 131.19681406021 Detik 
Total Duration 131.19689702988 Detik 
------------------------- 
Tanggal: 21-11-2021 23:25:01 
Duration Download Forstok 11.811472177505 Detik
Duration Looping 700 Data 129.29612016678 Detik 
Total Duration 129.29621601105 Detik 
------------------------- 
Tanggal: 21-11-2021 23:30:01 
Duration Download Forstok 12.121001005173 Detik
Duration Looping 700 Data 140.69038510323 Detik 
Total Duration 140.69050097466 Detik 
------------------------- 
Tanggal: 21-11-2021 23:35:01 
Duration Download Forstok 11.476022005081 Detik
Duration Looping 700 Data 129.16594982147 Detik 
Total Duration 129.16606688499 Detik 
------------------------- 
Tanggal: 21-11-2021 23:40:01 
Duration Download Forstok 10.649557828903 Detik
Duration Looping 700 Data 139.42835593224 Detik 
Total Duration 139.42846989632 Detik 
------------------------- 
Tanggal: 21-11-2021 23:45:01 
Duration Download Forstok 18.353859901428 Detik
Duration Looping 700 Data 135.92736101151 Detik 
Total Duration 135.9274790287 Detik 
------------------------- 
Tanggal: 21-11-2021 23:50:01 
Duration Download Forstok 11.276403903961 Detik
Duration Looping 700 Data 128.08674383163 Detik 
Total Duration 128.08685898781 Detik 
------------------------- 
Tanggal: 21-11-2021 23:55:02 
Duration Download Forstok 12.710105895996 Detik
Duration Looping 700 Data 134.52351784706 Detik 
Total Duration 134.52363491058 Detik 
------------------------- 
