Tanggal: 17-02-2022 00:00:01 
Duration Download Forstok 12.136650085449 Detik
Duration Looping 700 Data 558.12348294258 Detik 
Total Duration 558.12438201904 Detik 
------------------------- 
Tanggal: 17-02-2022 00:10:01 
Duration Download Forstok 13.044448137283 Detik
Duration Looping 700 Data 162.45760893822 Detik 
Total Duration 162.45771503448 Detik 
------------------------- 
Tanggal: 17-02-2022 00:15:01 
Duration Download Forstok 16.397934913635 Detik
Duration Looping 700 Data 213.91256809235 Detik 
Total Duration 213.91270303726 Detik 
------------------------- 
Tanggal: 17-02-2022 00:20:01 
Duration Download Forstok 12.876729011536 Detik
Duration Looping 700 Data 157.96845221519 Detik 
Total Duration 157.96856117249 Detik 
------------------------- 
Tanggal: 17-02-2022 00:25:01 
Duration Download Forstok 11.943957090378 Detik
Duration Looping 700 Data 161.16493701935 Detik 
Total Duration 161.16820406914 Detik 
------------------------- 
Tanggal: 17-02-2022 00:30:01 
Duration Download Forstok 13.868580818176 Detik
Duration Looping 700 Data 175.90596485138 Detik 
Total Duration 175.90607690811 Detik 
------------------------- 
Tanggal: 17-02-2022 00:35:01 
Duration Download Forstok 14.989916086197 Detik
Duration Looping 700 Data 162.95643997192 Detik 
Total Duration 162.95654797554 Detik 
------------------------- 
Tanggal: 17-02-2022 00:40:01 
Duration Download Forstok 12.664560079575 Detik
Duration Looping 700 Data 160.21047997475 Detik 
Total Duration 160.21060395241 Detik 
------------------------- 
Tanggal: 17-02-2022 00:45:01 
Duration Download Forstok 17.858691930771 Detik
Duration Looping 700 Data 167.1780128479 Detik 
Total Duration 167.17813205719 Detik 
------------------------- 
Tanggal: 17-02-2022 00:50:01 
Duration Download Forstok 15.210188150406 Detik
Duration Looping 700 Data 173.99580597878 Detik 
Total Duration 173.99592399597 Detik 
------------------------- 
Tanggal: 17-02-2022 00:55:01 
Duration Download Forstok 14.307865142822 Detik
Duration Looping 700 Data 163.00339508057 Detik 
Total Duration 163.00350522995 Detik 
------------------------- 
Tanggal: 17-02-2022 01:00:01 
Duration Download Forstok 13.614582061768 Detik
Duration Looping 700 Data 172.75280809402 Detik 
Total Duration 172.75292015076 Detik 
------------------------- 
Tanggal: 17-02-2022 01:05:01 
Duration Download Forstok 16.908545970917 Detik
Duration Looping 700 Data 161.25581288338 Detik 
Total Duration 161.25591397285 Detik 
------------------------- 
Tanggal: 17-02-2022 01:10:01 
Duration Download Forstok 12.248712062836 Detik
Duration Looping 700 Data 159.05745697021 Detik 
Total Duration 159.05758905411 Detik 
------------------------- 
Tanggal: 17-02-2022 01:15:01 
Duration Download Forstok 16.952355861664 Detik
Duration Looping 700 Data 169.28643584251 Detik 
Total Duration 169.28654193878 Detik 
------------------------- 
Tanggal: 17-02-2022 01:20:01 
Duration Download Forstok 11.688189029694 Detik
Duration Looping 700 Data 159.73516893387 Detik 
Total Duration 159.73534202576 Detik 
------------------------- 
Tanggal: 17-02-2022 01:25:01 
Duration Download Forstok 14.810944080353 Detik
Duration Looping 700 Data 163.73621797562 Detik 
Total Duration 163.73633599281 Detik 
------------------------- 
Tanggal: 17-02-2022 01:30:01 
Duration Download Forstok 17.223529815674 Detik
Duration Looping 700 Data 165.37531685829 Detik 
Total Duration 165.3754298687 Detik 
------------------------- 
Tanggal: 17-02-2022 01:35:01 
Duration Download Forstok 13.639990091324 Detik
Duration Looping 700 Data 183.07866501808 Detik 
Total Duration 183.0787730217 Detik 
------------------------- 
Tanggal: 17-02-2022 01:40:01 
Duration Download Forstok 12.372387170792 Detik
Duration Looping 700 Data 164.11674809456 Detik 
Total Duration 164.11687302589 Detik 
------------------------- 
Tanggal: 17-02-2022 01:45:01 
Duration Download Forstok 13.938269853592 Detik
Duration Looping 700 Data 161.43145394325 Detik 
Total Duration 161.43156194687 Detik 
------------------------- 
Tanggal: 17-02-2022 01:50:01 
Duration Download Forstok 20.188401937485 Detik
Duration Looping 700 Data 167.37069296837 Detik 
Total Duration 167.37080788612 Detik 
------------------------- 
Tanggal: 17-02-2022 01:55:01 
Duration Download Forstok 14.144948005676 Detik
Duration Looping 700 Data 159.25416302681 Detik 
Total Duration 159.2542719841 Detik 
------------------------- 
Tanggal: 17-02-2022 02:00:01 
Duration Download Forstok 11.799212932587 Detik
Duration Looping 700 Data 160.89570689201 Detik 
Total Duration 160.89581203461 Detik 
------------------------- 
Tanggal: 17-02-2022 02:05:01 
Duration Download Forstok 22.462316036224 Detik
Duration Looping 700 Data 169.46056699753 Detik 
Total Duration 169.46068406105 Detik 
------------------------- 
Tanggal: 17-02-2022 02:10:01 
Duration Download Forstok 14.776599884033 Detik
Duration Looping 700 Data 162.58132505417 Detik 
Total Duration 162.5814409256 Detik 
------------------------- 
Tanggal: 17-02-2022 02:15:01 
Duration Download Forstok 13.442358970642 Detik
Duration Looping 700 Data 162.6727449894 Detik 
Total Duration 162.67290401459 Detik 
------------------------- 
Tanggal: 17-02-2022 02:20:01 
Duration Download Forstok 13.611632108688 Detik
Duration Looping 700 Data 158.63251399994 Detik 
Total Duration 158.63263106346 Detik 
------------------------- 
Tanggal: 17-02-2022 02:25:01 
Duration Download Forstok 14.555656909943 Detik
Duration Looping 700 Data 158.49368691444 Detik 
Total Duration 158.49382591248 Detik 
------------------------- 
Tanggal: 17-02-2022 02:30:01 
Duration Download Forstok 12.809231996536 Detik
Duration Looping 700 Data 165.88722205162 Detik 
Total Duration 165.88733911514 Detik 
------------------------- 
Tanggal: 17-02-2022 02:35:01 
Duration Download Forstok 15.45314002037 Detik
Duration Looping 700 Data 160.01090598106 Detik 
Total Duration 160.01101613045 Detik 
------------------------- 
Tanggal: 17-02-2022 02:40:01 
Duration Download Forstok 12.596426010132 Detik
Duration Looping 700 Data 159.00826001167 Detik 
Total Duration 159.00837397575 Detik 
------------------------- 
Tanggal: 17-02-2022 02:45:01 
Duration Download Forstok 17.234472990036 Detik
Duration Looping 700 Data 161.48804616928 Detik 
Total Duration 161.48815202713 Detik 
------------------------- 
Tanggal: 17-02-2022 02:50:01 
Duration Download Forstok 11.766664981842 Detik
Duration Looping 700 Data 158.4450609684 Detik 
Total Duration 158.44519495964 Detik 
------------------------- 
Tanggal: 17-02-2022 02:55:01 
Duration Download Forstok 10.683729887009 Detik
Duration Looping 700 Data 159.06858706474 Detik 
Total Duration 159.06870293617 Detik 
------------------------- 
Tanggal: 17-02-2022 03:00:01 
Duration Download Forstok 11.274796009064 Detik
Duration Looping 700 Data 165.43499398232 Detik 
Total Duration 165.43511104584 Detik 
------------------------- 
Tanggal: 17-02-2022 03:05:01 
Duration Download Forstok 15.82181596756 Detik
Duration Looping 700 Data 163.03330802917 Detik 
Total Duration 163.03341794014 Detik 
------------------------- 
Tanggal: 17-02-2022 03:10:01 
Duration Download Forstok 12.118875026703 Detik
Duration Looping 700 Data 172.14534091949 Detik 
Total Duration 172.1454539299 Detik 
------------------------- 
Tanggal: 17-02-2022 03:15:01 
Duration Download Forstok 14.473402023315 Detik
Duration Looping 700 Data 158.13386392593 Detik 
Total Duration 158.13397884369 Detik 
------------------------- 
Tanggal: 17-02-2022 03:20:01 
Duration Download Forstok 12.998271942139 Detik
Duration Looping 700 Data 162.71878504753 Detik 
Total Duration 162.7189040184 Detik 
------------------------- 
Tanggal: 17-02-2022 03:25:01 
Duration Download Forstok 10.564409017563 Detik
Duration Looping 700 Data 164.39704799652 Detik 
Total Duration 164.39716696739 Detik 
------------------------- 
Tanggal: 17-02-2022 03:30:01 
Duration Download Forstok 13.017904043198 Detik
Duration Looping 700 Data 163.33281993866 Detik 
Total Duration 163.33293700218 Detik 
------------------------- 
Tanggal: 17-02-2022 03:35:01 
Duration Download Forstok 12.971997976303 Detik
Duration Looping 700 Data 156.75810599327 Detik 
Total Duration 156.75823092461 Detik 
------------------------- 
Tanggal: 17-02-2022 03:40:01 
Duration Download Forstok 11.005079984665 Detik
Duration Looping 700 Data 155.1928358078 Detik 
Total Duration 155.19299483299 Detik 
------------------------- 
Tanggal: 17-02-2022 03:45:01 
Duration Download Forstok 14.575811862946 Detik
Duration Looping 700 Data 173.11102485657 Detik 
Total Duration 173.11116194725 Detik 
------------------------- 
Tanggal: 17-02-2022 03:50:01 
Duration Download Forstok 11.373517990112 Detik
Duration Looping 700 Data 157.39293003082 Detik 
Total Duration 157.39304900169 Detik 
------------------------- 
Tanggal: 17-02-2022 03:55:01 
Duration Download Forstok 12.880522012711 Detik
Duration Looping 700 Data 156.50793218613 Detik 
Total Duration 156.50804209709 Detik 
------------------------- 
Tanggal: 17-02-2022 04:00:01 
Duration Download Forstok 12.648251056671 Detik
Duration Looping 700 Data 161.4037129879 Detik 
Total Duration 161.40382409096 Detik 
------------------------- 
Tanggal: 17-02-2022 04:05:01 
Duration Download Forstok 17.368865966797 Detik
Duration Looping 700 Data 164.95504999161 Detik 
Total Duration 164.9551680088 Detik 
------------------------- 
Tanggal: 17-02-2022 04:10:01 
Duration Download Forstok 14.092539072037 Detik
Duration Looping 700 Data 161.95195794106 Detik 
Total Duration 161.95207500458 Detik 
------------------------- 
Tanggal: 17-02-2022 04:15:01 
Duration Download Forstok 15.231086969376 Detik
Duration Looping 700 Data 168.7702729702 Detik 
Total Duration 168.7703909874 Detik 
------------------------- 
Tanggal: 17-02-2022 04:20:01 
Duration Download Forstok 13.21227312088 Detik
Duration Looping 700 Data 170.32193899155 Detik 
Total Duration 170.32205200195 Detik 
------------------------- 
Tanggal: 17-02-2022 04:25:01 
Duration Download Forstok 12.839867115021 Detik
Duration Looping 700 Data 159.3958170414 Detik 
Total Duration 159.39592409134 Detik 
------------------------- 
Tanggal: 17-02-2022 04:30:01 
Duration Download Forstok 11.300505876541 Detik
Duration Looping 700 Data 159.00700283051 Detik 
Total Duration 159.00711202621 Detik 
------------------------- 
Tanggal: 17-02-2022 04:35:01 
Duration Download Forstok 12.017351865768 Detik
Duration Looping 700 Data 164.10659384727 Detik 
Total Duration 164.10670185089 Detik 
------------------------- 
Tanggal: 17-02-2022 04:40:01 
Duration Download Forstok 12.332802057266 Detik
Duration Looping 700 Data 164.66990303993 Detik 
Total Duration 164.6700091362 Detik 
------------------------- 
Tanggal: 17-02-2022 04:45:01 
Duration Download Forstok 18.048357009888 Detik
Duration Looping 700 Data 161.83731722832 Detik 
Total Duration 161.83742308617 Detik 
------------------------- 
Tanggal: 17-02-2022 04:50:01 
Duration Download Forstok 12.989305019379 Detik
Duration Looping 700 Data 173.44943189621 Detik 
Total Duration 173.44953894615 Detik 
------------------------- 
Tanggal: 17-02-2022 04:55:01 
Duration Download Forstok 13.338454008102 Detik
Duration Looping 700 Data 161.68498587608 Detik 
Total Duration 161.68509602547 Detik 
------------------------- 
Tanggal: 17-02-2022 05:00:01 
Duration Download Forstok 13.621550798416 Detik
Duration Looping 700 Data 167.15310883522 Detik 
Total Duration 167.15321993828 Detik 
------------------------- 
Tanggal: 17-02-2022 05:05:01 
Duration Download Forstok 21.055541038513 Detik
Duration Looping 700 Data 165.38196802139 Detik 
Total Duration 165.38208794594 Detik 
------------------------- 
Tanggal: 17-02-2022 05:10:01 
Duration Download Forstok 13.974760055542 Detik
Duration Looping 700 Data 162.87717199326 Detik 
Total Duration 162.87728500366 Detik 
------------------------- 
Tanggal: 17-02-2022 05:15:01 
Duration Download Forstok 15.786752939224 Detik
Duration Looping 700 Data 163.73872900009 Detik 
Total Duration 163.73884487152 Detik 
------------------------- 
Tanggal: 17-02-2022 05:20:01 
Duration Download Forstok 12.487774848938 Detik
Duration Looping 700 Data 156.57571005821 Detik 
Total Duration 156.57582902908 Detik 
------------------------- 
Tanggal: 17-02-2022 05:25:01 
Duration Download Forstok 13.057575941086 Detik
Duration Looping 700 Data 156.5993680954 Detik 
Total Duration 156.59948396683 Detik 
------------------------- 
Tanggal: 17-02-2022 05:30:01 
Duration Download Forstok 13.517230987549 Detik
Duration Looping 700 Data 175.15035104752 Detik 
Total Duration 175.15046310425 Detik 
------------------------- 
Tanggal: 17-02-2022 05:35:01 
Duration Download Forstok 12.364264011383 Detik
Duration Looping 700 Data 156.63948297501 Detik 
Total Duration 156.6395919323 Detik 
------------------------- 
Tanggal: 17-02-2022 05:40:01 
Duration Download Forstok 16.996526002884 Detik
Duration Looping 700 Data 161.18373990059 Detik 
Total Duration 161.18387103081 Detik 
------------------------- 
Tanggal: 17-02-2022 05:45:01 
Duration Download Forstok 16.064275979996 Detik
Duration Looping 700 Data 174.97939705849 Detik 
Total Duration 174.97951507568 Detik 
------------------------- 
Tanggal: 17-02-2022 05:50:01 
Duration Download Forstok 13.781974077225 Detik
Duration Looping 700 Data 183.2967569828 Detik 
Total Duration 183.29688501358 Detik 
------------------------- 
Tanggal: 17-02-2022 05:55:01 
Duration Download Forstok 12.648156881332 Detik
Duration Looping 700 Data 160.63074278831 Detik 
Total Duration 160.63085699081 Detik 
------------------------- 
Tanggal: 17-02-2022 06:00:01 
Duration Download Forstok 11.355468988419 Detik
Duration Looping 700 Data 165.40997290611 Detik 
Total Duration 165.4100818634 Detik 
------------------------- 
Tanggal: 17-02-2022 06:05:02 
Duration Download Forstok 17.66677904129 Detik
Duration Looping 700 Data 165.50262117386 Detik 
Total Duration 165.50273513794 Detik 
------------------------- 
Tanggal: 17-02-2022 06:10:02 
Duration Download Forstok 12.365559101105 Detik
Duration Looping 700 Data 160.5918431282 Detik 
Total Duration 160.59195113182 Detik 
------------------------- 
Tanggal: 17-02-2022 06:15:01 
Duration Download Forstok 16.023412942886 Detik
Duration Looping 700 Data 173.36703109741 Detik 
Total Duration 173.36713314056 Detik 
------------------------- 
Tanggal: 17-02-2022 06:20:01 
Duration Download Forstok 15.368874073029 Detik
Duration Looping 700 Data 166.37304210663 Detik 
Total Duration 166.3731470108 Detik 
------------------------- 
Tanggal: 17-02-2022 06:25:01 
Duration Download Forstok 11.871431112289 Detik
Duration Looping 700 Data 156.17780017853 Detik 
Total Duration 156.1779191494 Detik 
------------------------- 
Tanggal: 17-02-2022 06:30:01 
Duration Download Forstok 13.194633960724 Detik
Duration Looping 700 Data 159.13512802124 Detik 
Total Duration 159.1352391243 Detik 
------------------------- 
Tanggal: 17-02-2022 06:35:01 
Duration Download Forstok 17.020118951797 Detik
Duration Looping 700 Data 166.81560087204 Detik 
Total Duration 166.81571483612 Detik 
------------------------- 
Tanggal: 17-02-2022 06:40:01 
Duration Download Forstok 13.259763002396 Detik
Duration Looping 700 Data 155.82824993134 Detik 
Total Duration 155.82834196091 Detik 
------------------------- 
Tanggal: 17-02-2022 06:45:01 
Duration Download Forstok 14.182672977448 Detik
Duration Looping 700 Data 158.45235800743 Detik 
Total Duration 158.45247101784 Detik 
------------------------- 
Tanggal: 17-02-2022 06:50:01 
Duration Download Forstok 13.718279123306 Detik
Duration Looping 700 Data 156.46365404129 Detik 
Total Duration 156.46376895905 Detik 
------------------------- 
Tanggal: 17-02-2022 06:55:01 
Duration Download Forstok 12.505841970444 Detik
Duration Looping 700 Data 156.30413794518 Detik 
Total Duration 156.30425095558 Detik 
------------------------- 
Tanggal: 17-02-2022 07:00:01 
Duration Download Forstok 12.629104852676 Detik
Duration Looping 700 Data 172.63912391663 Detik 
Total Duration 172.63925480843 Detik 
------------------------- 
Tanggal: 17-02-2022 07:05:01 
Duration Download Forstok 16.15008187294 Detik
Duration Looping 700 Data 164.43723082542 Detik 
Total Duration 164.43733787537 Detik 
------------------------- 
Tanggal: 17-02-2022 07:10:01 
Duration Download Forstok 13.100003004074 Detik
Duration Looping 700 Data 158.87777900696 Detik 
Total Duration 158.87787008286 Detik 
------------------------- 
Tanggal: 17-02-2022 07:15:01 
Duration Download Forstok 19.696263074875 Detik
Duration Looping 700 Data 166.63978791237 Detik 
Total Duration 166.63990592957 Detik 
------------------------- 
Tanggal: 17-02-2022 07:20:01 
Duration Download Forstok 12.536145925522 Detik
Duration Looping 700 Data 156.80879807472 Detik 
Total Duration 156.80890703201 Detik 
------------------------- 
Tanggal: 17-02-2022 07:25:01 
Duration Download Forstok 12.773477077484 Detik
Duration Looping 700 Data 162.79040908813 Detik 
Total Duration 162.79052019119 Detik 
------------------------- 
Tanggal: 17-02-2022 07:30:01 
Duration Download Forstok 13.451277971268 Detik
Duration Looping 700 Data 157.33795189857 Detik 
Total Duration 157.33807086945 Detik 
------------------------- 
Tanggal: 17-02-2022 07:35:01 
Duration Download Forstok 11.643404006958 Detik
Duration Looping 700 Data 154.30564308167 Detik 
Total Duration 154.30576300621 Detik 
------------------------- 
Tanggal: 17-02-2022 07:40:01 
Duration Download Forstok 13.446926116943 Detik
Duration Looping 700 Data 161.24208593369 Detik 
Total Duration 161.24220299721 Detik 
------------------------- 
Tanggal: 17-02-2022 07:45:01 
Duration Download Forstok 15.060672998428 Detik
Duration Looping 700 Data 162.90733408928 Detik 
Total Duration 162.90744590759 Detik 
------------------------- 
Tanggal: 17-02-2022 07:50:01 
Duration Download Forstok 17.636986017227 Detik
Duration Looping 700 Data 164.13395905495 Detik 
Total Duration 164.13408017159 Detik 
------------------------- 
Tanggal: 17-02-2022 07:55:01 
Duration Download Forstok 13.641728878021 Detik
Duration Looping 700 Data 161.94855189323 Detik 
Total Duration 161.94866895676 Detik 
------------------------- 
Tanggal: 17-02-2022 08:00:01 
Duration Download Forstok 13.719696044922 Detik
Duration Looping 700 Data 165.15026903152 Detik 
Total Duration 165.15045404434 Detik 
------------------------- 
Tanggal: 17-02-2022 08:05:01 
Duration Download Forstok 15.376639127731 Detik
Duration Looping 700 Data 163.18823003769 Detik 
Total Duration 163.1883430481 Detik 
------------------------- 
Tanggal: 17-02-2022 08:10:01 
Duration Download Forstok 11.575428962708 Detik
Duration Looping 700 Data 168.13448095322 Detik 
Total Duration 168.13459897041 Detik 
------------------------- 
Tanggal: 17-02-2022 08:15:01 
Duration Download Forstok 15.758167028427 Detik
Duration Looping 700 Data 168.73463511467 Detik 
Total Duration 168.73475599289 Detik 
------------------------- 
Tanggal: 17-02-2022 08:20:01 
Duration Download Forstok 11.895489931107 Detik
Duration Looping 700 Data 164.65874505043 Detik 
Total Duration 164.6588640213 Detik 
------------------------- 
Tanggal: 17-02-2022 08:25:01 
Duration Download Forstok 14.86233496666 Detik
Duration Looping 700 Data 164.76071405411 Detik 
Total Duration 164.76082491875 Detik 
------------------------- 
Tanggal: 17-02-2022 08:30:01 
Duration Download Forstok 12.355633020401 Detik
Duration Looping 700 Data 171.7895219326 Detik 
Total Duration 171.78962993622 Detik 
------------------------- 
Tanggal: 17-02-2022 08:35:01 
Duration Download Forstok 12.146206855774 Detik
Duration Looping 700 Data 172.55291795731 Detik 
Total Duration 172.55303001404 Detik 
------------------------- 
Tanggal: 17-02-2022 08:40:01 
Duration Download Forstok 16.127686977386 Detik
Duration Looping 700 Data 174.70950484276 Detik 
Total Duration 174.70961689949 Detik 
------------------------- 
Tanggal: 17-02-2022 08:45:01 
Duration Download Forstok 59.956047058105 Detik
Tanggal: 17-02-2022 08:50:01 
Duration Download Forstok 18.449756145477 Detik
Duration Looping 700 Data 174.45921611786 Detik 
Total Duration 174.45932507515 Detik 
------------------------- 
Tanggal: 17-02-2022 08:55:01 
Duration Download Forstok 10.852963924408 Detik
Duration Looping 700 Data 171.69655990601 Detik 
Total Duration 171.69667291641 Detik 
------------------------- 
Tanggal: 17-02-2022 09:00:01 
Duration Download Forstok 13.839745044708 Detik
Duration Looping 700 Data 178.44709396362 Detik 
Total Duration 178.44722914696 Detik 
------------------------- 
Tanggal: 17-02-2022 09:05:01 
Duration Download Forstok 17.977203130722 Detik
Duration Looping 700 Data 176.16685199738 Detik 
Total Duration 176.16697001457 Detik 
------------------------- 
Tanggal: 17-02-2022 09:10:01 
Duration Download Forstok 12.927389860153 Detik
Duration Looping 700 Data 177.36806893349 Detik 
Total Duration 177.36816191673 Detik 
------------------------- 
Tanggal: 17-02-2022 09:15:01 
Duration Download Forstok 22.679986953735 Detik
Duration Looping 700 Data 184.13266801834 Detik 
Total Duration 184.13280391693 Detik 
------------------------- 
Tanggal: 17-02-2022 09:20:01 
Duration Download Forstok 17.541192054749 Detik
Duration Looping 700 Data 184.91756916046 Detik 
Total Duration 184.91767096519 Detik 
------------------------- 
Tanggal: 17-02-2022 09:25:01 
Duration Download Forstok 13.029740095139 Detik
Duration Looping 700 Data 168.01824617386 Detik 
Total Duration 168.01836419106 Detik 
------------------------- 
Tanggal: 17-02-2022 09:30:01 
Duration Download Forstok 14.487458944321 Detik
Duration Looping 700 Data 173.98899388313 Detik 
Total Duration 173.98910593987 Detik 
------------------------- 
Tanggal: 17-02-2022 09:35:01 
Duration Download Forstok 13.752581119537 Detik
Duration Looping 700 Data 174.67787408829 Detik 
Total Duration 174.67798995972 Detik 
------------------------- 
Tanggal: 17-02-2022 09:40:01 
Duration Download Forstok 16.298015117645 Detik
Duration Looping 700 Data 174.463586092 Detik 
Total Duration 174.46370005608 Detik 
------------------------- 
Tanggal: 17-02-2022 09:45:01 
Duration Download Forstok 15.008342981339 Detik
Duration Looping 700 Data 175.71984505653 Detik 
Total Duration 175.71993207932 Detik 
------------------------- 
Tanggal: 17-02-2022 09:50:01 
Duration Download Forstok 14.009912014008 Detik
Duration Looping 700 Data 175.54555106163 Detik 
Total Duration 175.54566192627 Detik 
------------------------- 
Tanggal: 17-02-2022 09:55:01 
Duration Download Forstok 13.477338075638 Detik
Duration Looping 700 Data 172.69826197624 Detik 
Total Duration 172.69841814041 Detik 
------------------------- 
Tanggal: 17-02-2022 10:00:01 
Duration Download Forstok 13.875771999359 Detik
Duration Looping 700 Data 172.91300797462 Detik 
Total Duration 172.91310691833 Detik 
------------------------- 
Tanggal: 17-02-2022 10:05:01 
Duration Download Forstok 25.711745977402 Detik
Duration Looping 700 Data 185.63758897781 Detik 
Total Duration 185.63769412041 Detik 
------------------------- 
Tanggal: 17-02-2022 10:10:01 
Duration Download Forstok 12.039440155029 Detik
Duration Looping 700 Data 169.82025814056 Detik 
Total Duration 169.82036614418 Detik 
------------------------- 
Tanggal: 17-02-2022 10:15:01 
Duration Download Forstok 15.093098163605 Detik
Duration Looping 700 Data 169.4115281105 Detik 
Total Duration 169.4116101265 Detik 
------------------------- 
Tanggal: 17-02-2022 10:20:02 
Duration Download Forstok 11.88218998909 Detik
Duration Looping 700 Data 165.93764400482 Detik 
Total Duration 165.93776011467 Detik 
------------------------- 
Tanggal: 17-02-2022 10:25:01 
Duration Download Forstok 12.875612974167 Detik
Duration Looping 700 Data 167.09469199181 Detik 
Total Duration 167.09481191635 Detik 
------------------------- 
Tanggal: 17-02-2022 10:30:01 
Duration Download Forstok 15.349421024323 Detik
Duration Looping 700 Data 173.0730099678 Detik 
Total Duration 173.07309699059 Detik 
------------------------- 
Tanggal: 17-02-2022 10:35:01 
Duration Download Forstok 12.51917886734 Detik
Duration Looping 700 Data 169.36327791214 Detik 
Total Duration 169.36339497566 Detik 
------------------------- 
Tanggal: 17-02-2022 10:40:01 
Duration Download Forstok 13.080780029297 Detik
Duration Looping 700 Data 169.58246803284 Detik 
Total Duration 169.58257508278 Detik 
------------------------- 
Tanggal: 17-02-2022 10:45:01 
Duration Download Forstok 15.758684873581 Detik
Duration Looping 700 Data 174.63036799431 Detik 
Total Duration 174.63048386574 Detik 
------------------------- 
Tanggal: 17-02-2022 10:50:01 
Duration Download Forstok 12.545109987259 Detik
Duration Looping 700 Data 165.85553598404 Detik 
Total Duration 165.85565900803 Detik 
------------------------- 
Tanggal: 17-02-2022 10:55:02 
Duration Download Forstok 12.725182056427 Detik
Duration Looping 700 Data 180.11609196663 Detik 
Total Duration 180.11620807648 Detik 
------------------------- 
Tanggal: 17-02-2022 11:00:01 
Duration Download Forstok 12.50381398201 Detik
Duration Looping 700 Data 168.10834884644 Detik 
Total Duration 168.10846686363 Detik 
------------------------- 
Tanggal: 17-02-2022 11:05:01 
Duration Download Forstok 22.456640005112 Detik
Duration Looping 700 Data 175.58471798897 Detik 
Total Duration 175.584815979 Detik 
------------------------- 
Tanggal: 17-02-2022 11:10:01 
Duration Download Forstok 13.507668018341 Detik
Duration Looping 700 Data 166.24143791199 Detik 
Total Duration 166.24151611328 Detik 
------------------------- 
Tanggal: 17-02-2022 11:15:01 
Duration Download Forstok 15.163311958313 Detik
Duration Looping 700 Data 179.40187501907 Detik 
Total Duration 179.40198779106 Detik 
------------------------- 
Tanggal: 17-02-2022 11:20:02 
Duration Download Forstok 13.493268966675 Detik
Duration Looping 700 Data 166.55545496941 Detik 
Total Duration 166.55555582047 Detik 
------------------------- 
Tanggal: 17-02-2022 11:25:01 
Duration Download Forstok 14.062777996063 Detik
Duration Looping 700 Data 165.31483101845 Detik 
Total Duration 165.3149740696 Detik 
------------------------- 
Tanggal: 17-02-2022 11:30:02 
Duration Download Forstok 14.326781988144 Detik
Duration Looping 700 Data 174.29887890816 Detik 
Total Duration 174.29897093773 Detik 
------------------------- 
Tanggal: 17-02-2022 11:35:01 
Duration Download Forstok 27.261615991592 Detik
Duration Looping 700 Data 182.6309659481 Detik 
Total Duration 182.63105392456 Detik 
------------------------- 
Tanggal: 17-02-2022 11:40:01 
Duration Download Forstok 13.432793855667 Detik
Duration Looping 700 Data 174.30209994316 Detik 
Total Duration 174.30218195915 Detik 
------------------------- 
Tanggal: 17-02-2022 11:45:01 
Duration Download Forstok 19.414823055267 Detik
Duration Looping 700 Data 177.84463691711 Detik 
Total Duration 177.8447561264 Detik 
------------------------- 
Tanggal: 17-02-2022 11:50:01 
Duration Download Forstok 15.450936079025 Detik
Duration Looping 700 Data 171.20496320724 Detik 
Total Duration 171.205078125 Detik 
------------------------- 
Tanggal: 17-02-2022 11:55:01 
Duration Download Forstok 14.540036916733 Detik
Duration Looping 700 Data 170.30315494537 Detik 
Total Duration 170.30326914787 Detik 
------------------------- 
Tanggal: 17-02-2022 12:00:01 
Duration Download Forstok 19.165589094162 Detik
Duration Looping 700 Data 181.19342708588 Detik 
Total Duration 181.19356107712 Detik 
------------------------- 
Tanggal: 17-02-2022 12:05:02 
Duration Download Forstok 21.098493099213 Detik
Duration Looping 700 Data 169.22714400291 Detik 
Total Duration 169.22725510597 Detik 
------------------------- 
Tanggal: 17-02-2022 12:10:01 
Duration Download Forstok 11.823875904083 Detik
Duration Looping 700 Data 173.52625799179 Detik 
Total Duration 173.5263710022 Detik 
------------------------- 
Tanggal: 17-02-2022 12:15:01 
Duration Download Forstok 14.618126869202 Detik
Duration Looping 700 Data 163.93854784966 Detik 
Total Duration 163.93868899345 Detik 
------------------------- 
Tanggal: 17-02-2022 12:20:01 
Duration Download Forstok 13.033977031708 Detik
Duration Looping 700 Data 164.92659306526 Detik 
Total Duration 164.92667794228 Detik 
------------------------- 
Tanggal: 17-02-2022 12:25:02 
Duration Download Forstok 13.546656131744 Detik
Duration Looping 700 Data 165.02709817886 Detik 
Total Duration 165.02722215652 Detik 
------------------------- 
Tanggal: 17-02-2022 12:30:01 
Duration Download Forstok 21.181042909622 Detik
Duration Looping 700 Data 174.21334600449 Detik 
Total Duration 174.21345901489 Detik 
------------------------- 
Tanggal: 17-02-2022 12:35:01 
Duration Download Forstok 12.386460065842 Detik
Duration Looping 700 Data 160.55906200409 Detik 
Total Duration 160.55914402008 Detik 
------------------------- 
Tanggal: 17-02-2022 12:40:01 
Duration Download Forstok 12.252002954483 Detik
Duration Looping 700 Data 162.03861880302 Detik 
Total Duration 162.03872895241 Detik 
------------------------- 
Tanggal: 17-02-2022 12:45:01 
Duration Download Forstok 15.886932134628 Detik
Duration Looping 700 Data 162.89921402931 Detik 
Total Duration 162.89938211441 Detik 
------------------------- 
Tanggal: 17-02-2022 12:50:01 
Duration Download Forstok 16.197079896927 Detik
Duration Looping 700 Data 175.39381599426 Detik 
Total Duration 175.39393806458 Detik 
------------------------- 
Tanggal: 17-02-2022 12:55:01 
Duration Download Forstok 13.552942991257 Detik
Duration Looping 700 Data 163.42739200592 Detik 
Total Duration 163.42748093605 Detik 
------------------------- 
Tanggal: 17-02-2022 13:00:01 
Duration Download Forstok 14.559477806091 Detik
Duration Looping 700 Data 166.57977390289 Detik 
Total Duration 166.57988286018 Detik 
------------------------- 
Tanggal: 17-02-2022 13:05:01 
Duration Download Forstok 16.569934129715 Detik
Duration Looping 700 Data 172.21723794937 Detik 
Total Duration 172.21735596657 Detik 
------------------------- 
Tanggal: 17-02-2022 13:10:01 
Duration Download Forstok 14.72252702713 Detik
Duration Looping 700 Data 174.58586001396 Detik 
Total Duration 174.58595299721 Detik 
------------------------- 
Tanggal: 17-02-2022 13:15:01 
Duration Download Forstok 17.116381883621 Detik
Duration Looping 700 Data 177.31572294235 Detik 
Total Duration 177.31583094597 Detik 
------------------------- 
Tanggal: 17-02-2022 13:20:01 
Duration Download Forstok 14.348803043365 Detik
Duration Looping 700 Data 166.68204498291 Detik 
Total Duration 166.68213796616 Detik 
------------------------- 
Tanggal: 17-02-2022 13:25:01 
Duration Download Forstok 16.369145154953 Detik
Duration Looping 700 Data 172.45216107368 Detik 
Total Duration 172.45228815079 Detik 
------------------------- 
Tanggal: 17-02-2022 13:30:01 
Duration Download Forstok 17.45019197464 Detik
Duration Looping 700 Data 181.73205304146 Detik 
Total Duration 181.73216891289 Detik 
------------------------- 
Tanggal: 17-02-2022 13:35:01 
Duration Download Forstok 14.445560932159 Detik
Duration Looping 700 Data 168.14868092537 Detik 
Total Duration 168.14881300926 Detik 
------------------------- 
Tanggal: 17-02-2022 13:40:01 
Duration Download Forstok 14.483707904816 Detik
Duration Looping 700 Data 166.76633906364 Detik 
Total Duration 166.76645898819 Detik 
------------------------- 
Tanggal: 17-02-2022 13:45:02 
Duration Download Forstok 18.363968849182 Detik
Duration Looping 700 Data 170.57779884338 Detik 
Total Duration 170.57791996002 Detik 
------------------------- 
Tanggal: 17-02-2022 13:50:01 
Duration Download Forstok 14.096438884735 Detik
Duration Looping 700 Data 167.61136603355 Detik 
Total Duration 167.61147403717 Detik 
------------------------- 
Tanggal: 17-02-2022 13:55:01 
Duration Download Forstok 13.987730026245 Detik
Duration Looping 700 Data 172.69635105133 Detik 
Total Duration 172.69646501541 Detik 
------------------------- 
Tanggal: 17-02-2022 14:00:01 
Duration Download Forstok 17.754547119141 Detik
Duration Looping 700 Data 181.44297409058 Detik 
Total Duration 181.4430770874 Detik 
------------------------- 
Tanggal: 17-02-2022 14:05:01 
Duration Download Forstok 21.676935911179 Detik
Duration Looping 700 Data 176.07897496223 Detik 
Total Duration 176.07908582687 Detik 
------------------------- 
Tanggal: 17-02-2022 14:10:02 
Duration Download Forstok 15.296459197998 Detik
Duration Looping 700 Data 176.28800702095 Detik 
Total Duration 176.28811502457 Detik 
------------------------- 
Tanggal: 17-02-2022 14:15:01 
Duration Download Forstok 17.262012004852 Detik
Duration Looping 700 Data 180.34185099602 Detik 
Total Duration 180.34198498726 Detik 
------------------------- 
Tanggal: 17-02-2022 14:20:01 
Duration Download Forstok 11.523900985718 Detik
Duration Looping 700 Data 170.69932794571 Detik 
Total Duration 170.69945693016 Detik 
------------------------- 
Tanggal: 17-02-2022 14:25:01 
Duration Download Forstok 13.35352396965 Detik
Duration Looping 700 Data 172.37120604515 Detik 
Total Duration 172.37130117416 Detik 
------------------------- 
Tanggal: 17-02-2022 14:30:02 
Duration Download Forstok 15.273736000061 Detik
Duration Looping 700 Data 175.00109791756 Detik 
Total Duration 175.00121498108 Detik 
------------------------- 
Tanggal: 17-02-2022 14:35:01 
Duration Download Forstok 14.754697799683 Detik
Duration Looping 700 Data 171.13168787956 Detik 
Total Duration 171.13181996346 Detik 
------------------------- 
Tanggal: 17-02-2022 14:40:01 
Duration Download Forstok 15.024116039276 Detik
Duration Looping 700 Data 174.93958997726 Detik 
Total Duration 174.93969702721 Detik 
------------------------- 
Tanggal: 17-02-2022 14:45:01 
Duration Download Forstok 16.41833615303 Detik
Duration Looping 700 Data 174.71378898621 Detik 
Total Duration 174.71386909485 Detik 
------------------------- 
Tanggal: 17-02-2022 14:50:01 
Duration Download Forstok 23.855399847031 Detik
Duration Looping 700 Data 181.4471218586 Detik 
Total Duration 181.44723391533 Detik 
------------------------- 
Tanggal: 17-02-2022 14:55:01 
Duration Download Forstok 12.512621879578 Detik
Duration Looping 700 Data 164.96918201447 Detik 
Total Duration 164.96929192543 Detik 
------------------------- 
Tanggal: 17-02-2022 15:00:01 
Duration Download Forstok 14.191514968872 Detik
Duration Looping 700 Data 178.65530109406 Detik 
Total Duration 178.655408144 Detik 
------------------------- 
Tanggal: 17-02-2022 15:05:01 
Duration Download Forstok 26.550569057465 Detik
Duration Looping 700 Data 192.62962603569 Detik 
Total Duration 192.629748106 Detik 
------------------------- 
Tanggal: 17-02-2022 15:10:02 
Duration Download Forstok 18.219364881516 Detik
Duration Looping 700 Data 177.44929099083 Detik 
Total Duration 177.44939899445 Detik 
------------------------- 
Tanggal: 17-02-2022 15:15:01 
Duration Download Forstok 15.039617061615 Detik
Duration Looping 700 Data 172.93290305138 Detik 
Total Duration 172.93300199509 Detik 
------------------------- 
Tanggal: 17-02-2022 15:20:01 
Duration Download Forstok 16.15918302536 Detik
Duration Looping 700 Data 172.22157812119 Detik 
Total Duration 172.2216989994 Detik 
------------------------- 
Tanggal: 17-02-2022 15:25:01 
Duration Download Forstok 12.869349956512 Detik
Duration Looping 700 Data 170.47237586975 Detik 
Total Duration 170.47247886658 Detik 
------------------------- 
Tanggal: 17-02-2022 15:30:01 
Duration Download Forstok 17.443729877472 Detik
Duration Looping 700 Data 172.74952697754 Detik 
Total Duration 172.74963903427 Detik 
------------------------- 
Tanggal: 17-02-2022 15:35:01 
Duration Download Forstok 15.699726819992 Detik
Duration Looping 700 Data 172.69380688667 Detik 
Total Duration 172.69392895699 Detik 
------------------------- 
Tanggal: 17-02-2022 15:40:01 
Duration Download Forstok 13.474989175797 Detik
Duration Looping 700 Data 173.52592420578 Detik 
Total Duration 173.52604007721 Detik 
------------------------- 
Tanggal: 17-02-2022 15:45:01 
Duration Download Forstok 17.372370958328 Detik
Duration Looping 700 Data 182.51487803459 Detik 
Total Duration 182.51496100426 Detik 
------------------------- 
Tanggal: 17-02-2022 15:50:01 
Duration Download Forstok 16.476249933243 Detik
Duration Looping 700 Data 172.00786089897 Detik 
Total Duration 172.00796890259 Detik 
------------------------- 
Tanggal: 17-02-2022 15:55:01 
Duration Download Forstok 14.029495954514 Detik
Duration Looping 700 Data 171.53069806099 Detik 
Total Duration 171.5308098793 Detik 
------------------------- 
Tanggal: 17-02-2022 16:00:01 
Duration Download Forstok 14.698078870773 Detik
Duration Looping 700 Data 171.75973582268 Detik 
Total Duration 171.75984096527 Detik 
------------------------- 
Tanggal: 17-02-2022 16:05:02 
Duration Download Forstok 35.581536054611 Detik
Duration Looping 700 Data 198.27851986885 Detik 
Total Duration 198.27865386009 Detik 
------------------------- 
Tanggal: 17-02-2022 16:10:01 
Duration Download Forstok 17.662889957428 Detik
Duration Looping 700 Data 173.53682494164 Detik 
Total Duration 173.53694200516 Detik 
------------------------- 
Tanggal: 17-02-2022 16:15:01 
Duration Download Forstok 15.875051021576 Detik
Duration Looping 700 Data 176.20698094368 Detik 
Total Duration 176.20709180832 Detik 
------------------------- 
Tanggal: 17-02-2022 16:20:01 
Duration Download Forstok 16.355927944183 Detik
Duration Looping 700 Data 175.09770703316 Detik 
Total Duration 175.09780311584 Detik 
------------------------- 
Tanggal: 17-02-2022 16:25:02 
Duration Download Forstok 18.257271051407 Detik
Duration Looping 700 Data 174.51219511032 Detik 
Total Duration 174.51234006882 Detik 
------------------------- 
Tanggal: 17-02-2022 16:30:01 
Duration Download Forstok 19.122097015381 Detik
Duration Looping 700 Data 176.63078212738 Detik 
Total Duration 176.63089203835 Detik 
------------------------- 
Tanggal: 17-02-2022 16:35:01 
Duration Download Forstok 13.971598148346 Detik
Duration Looping 700 Data 171.5055270195 Detik 
Total Duration 171.50564908981 Detik 
------------------------- 
Tanggal: 17-02-2022 16:40:01 
Duration Download Forstok 14.392452001572 Detik
Duration Looping 700 Data 168.96611189842 Detik 
Total Duration 168.96623492241 Detik 
------------------------- 
Tanggal: 17-02-2022 16:45:01 
Duration Download Forstok 14.854548215866 Detik
Duration Looping 700 Data 173.70413017273 Detik 
Total Duration 173.70424008369 Detik 
------------------------- 
Tanggal: 17-02-2022 16:50:01 
Duration Download Forstok 17.546416044235 Detik
Duration Looping 700 Data 175.45976018906 Detik 
Total Duration 175.45983600616 Detik 
------------------------- 
Tanggal: 17-02-2022 16:55:01 
Duration Download Forstok 14.718724012375 Detik
Duration Looping 700 Data 172.27506899834 Detik 
Total Duration 172.27518010139 Detik 
------------------------- 
Tanggal: 17-02-2022 17:00:01 
Duration Download Forstok 17.248867034912 Detik
Duration Looping 700 Data 171.63570594788 Detik 
Total Duration 171.63581895828 Detik 
------------------------- 
Tanggal: 17-02-2022 17:05:01 
Duration Download Forstok 22.935757160187 Detik
Duration Looping 700 Data 185.89371418953 Detik 
Total Duration 185.89383006096 Detik 
------------------------- 
Tanggal: 17-02-2022 17:10:01 
Duration Download Forstok 14.130747079849 Detik
Duration Looping 700 Data 173.4325799942 Detik 
Total Duration 173.43268704414 Detik 
------------------------- 
Tanggal: 17-02-2022 17:15:01 
Duration Download Forstok 20.220609903336 Detik
Duration Looping 700 Data 178.92664408684 Detik 
Total Duration 178.92673301697 Detik 
------------------------- 
Tanggal: 17-02-2022 17:20:01 
Duration Download Forstok 13.024463891983 Detik
Duration Looping 700 Data 163.84348607063 Detik 
Total Duration 163.8435690403 Detik 
------------------------- 
Tanggal: 17-02-2022 17:25:01 
Duration Download Forstok 11.83042383194 Detik
Duration Looping 700 Data 162.62571287155 Detik 
Total Duration 162.62581896782 Detik 
------------------------- 
Tanggal: 17-02-2022 17:30:01 
Duration Download Forstok 13.459917068481 Detik
Duration Looping 700 Data 172.5206451416 Detik 
Total Duration 172.52075815201 Detik 
------------------------- 
Tanggal: 17-02-2022 17:35:01 
Duration Download Forstok 15.483844041824 Detik
Duration Looping 700 Data 181.58579206467 Detik 
Total Duration 181.58589816093 Detik 
------------------------- 
Tanggal: 17-02-2022 17:40:01 
Duration Download Forstok 13.867455005646 Detik
Duration Looping 700 Data 171.34557509422 Detik 
Total Duration 171.3457159996 Detik 
------------------------- 
Tanggal: 17-02-2022 17:45:01 
Duration Download Forstok 23.901088953018 Detik
Duration Looping 700 Data 177.35782194138 Detik 
Total Duration 177.35793304443 Detik 
------------------------- 
Tanggal: 17-02-2022 17:50:02 
Duration Download Forstok 13.672706842422 Detik
Duration Looping 700 Data 164.22908496857 Detik 
Total Duration 164.22919392586 Detik 
------------------------- 
Tanggal: 17-02-2022 17:55:01 
Duration Download Forstok 22.373513936996 Detik
Duration Looping 700 Data 184.98127794266 Detik 
Total Duration 184.98139095306 Detik 
------------------------- 
Tanggal: 17-02-2022 18:00:01 
Duration Download Forstok 14.119952917099 Detik
Duration Looping 700 Data 166.38597393036 Detik 
Total Duration 166.38608503342 Detik 
------------------------- 
Tanggal: 17-02-2022 18:05:01 
Duration Download Forstok 26.82154417038 Detik
Duration Looping 700 Data 181.54776597023 Detik 
Total Duration 181.5478811264 Detik 
------------------------- 
Tanggal: 17-02-2022 18:10:01 
Duration Download Forstok 19.616806983948 Detik
Duration Looping 700 Data 172.48549795151 Detik 
Total Duration 172.48560905457 Detik 
------------------------- 
Tanggal: 17-02-2022 18:15:01 
Duration Download Forstok 27.73743891716 Detik
Duration Looping 700 Data 185.28616786003 Detik 
Total Duration 185.28627705574 Detik 
------------------------- 
Tanggal: 17-02-2022 18:20:01 
Duration Download Forstok 15.366833925247 Detik
Duration Looping 700 Data 162.99774503708 Detik 
Total Duration 162.99785900116 Detik 
------------------------- 
Tanggal: 17-02-2022 18:25:01 
Duration Download Forstok 16.996874809265 Detik
Duration Looping 700 Data 166.77655100822 Detik 
Total Duration 166.77666902542 Detik 
------------------------- 
Tanggal: 17-02-2022 18:30:01 
Duration Download Forstok 15.763673067093 Detik
Duration Looping 700 Data 168.0684401989 Detik 
Total Duration 168.06855010986 Detik 
------------------------- 
Tanggal: 17-02-2022 18:35:01 
Duration Download Forstok 15.569510936737 Detik
Duration Looping 700 Data 164.57568597794 Detik 
Total Duration 164.57579183578 Detik 
------------------------- 
Tanggal: 17-02-2022 18:40:01 
Duration Download Forstok 19.254583120346 Detik
Duration Looping 700 Data 167.8644990921 Detik 
Total Duration 167.86458516121 Detik 
------------------------- 
Tanggal: 17-02-2022 18:45:01 
Duration Download Forstok 18.611552000046 Detik
Duration Looping 700 Data 174.77057504654 Detik 
Total Duration 174.77068805695 Detik 
------------------------- 
Tanggal: 17-02-2022 18:50:01 
Duration Download Forstok 15.577860832214 Detik
Duration Looping 700 Data 170.04810285568 Detik 
Total Duration 170.04824781418 Detik 
------------------------- 
Tanggal: 17-02-2022 18:55:01 
Duration Download Forstok 14.883439064026 Detik
Duration Looping 700 Data 164.25457692146 Detik 
Total Duration 164.25467395782 Detik 
------------------------- 
Tanggal: 17-02-2022 19:00:01 
Duration Download Forstok 14.06475687027 Detik
Duration Looping 700 Data 164.52913880348 Detik 
Total Duration 164.52925300598 Detik 
------------------------- 
Tanggal: 17-02-2022 19:05:01 
Duration Download Forstok 25.132035970688 Detik
Duration Looping 700 Data 173.90116691589 Detik 
Total Duration 173.90128898621 Detik 
------------------------- 
Tanggal: 17-02-2022 19:10:01 
Duration Download Forstok 22.08004117012 Detik
Duration Looping 700 Data 171.21157097816 Detik 
Total Duration 171.21168518066 Detik 
------------------------- 
Tanggal: 17-02-2022 19:15:01 
Duration Download Forstok 16.991039037704 Detik
Duration Looping 700 Data 163.1163020134 Detik 
Total Duration 163.1164150238 Detik 
------------------------- 
Tanggal: 17-02-2022 19:20:01 
Duration Download Forstok 12.657884836197 Detik
Duration Looping 700 Data 162.70438885689 Detik 
Total Duration 162.70450186729 Detik 
------------------------- 
Tanggal: 17-02-2022 19:25:01 
Duration Download Forstok 13.309734106064 Detik
Duration Looping 700 Data 167.56668496132 Detik 
Total Duration 167.56679701805 Detik 
------------------------- 
Tanggal: 17-02-2022 19:30:01 
Duration Download Forstok 14.73970413208 Detik
Duration Looping 700 Data 163.3867161274 Detik 
Total Duration 163.38682198524 Detik 
------------------------- 
Tanggal: 17-02-2022 19:35:01 
Duration Download Forstok 15.235463857651 Detik
Duration Looping 700 Data 161.92848205566 Detik 
Total Duration 161.92860794067 Detik 
------------------------- 
Tanggal: 17-02-2022 19:40:01 
Duration Download Forstok 13.833255052567 Detik
Duration Looping 700 Data 164.99697804451 Detik 
Total Duration 164.99708890915 Detik 
------------------------- 
Tanggal: 17-02-2022 19:45:01 
Duration Download Forstok 18.38547706604 Detik
Duration Looping 700 Data 168.99648404121 Detik 
Total Duration 168.99659204483 Detik 
------------------------- 
Tanggal: 17-02-2022 19:50:01 
Duration Download Forstok 13.064410924911 Detik
Duration Looping 700 Data 161.62184500694 Detik 
Total Duration 161.62194800377 Detik 
------------------------- 
Tanggal: 17-02-2022 19:55:01 
Duration Download Forstok 13.376559019089 Detik
Duration Looping 700 Data 173.45707893372 Detik 
Total Duration 173.45719408989 Detik 
------------------------- 
Tanggal: 17-02-2022 20:00:01 
Duration Download Forstok 15.174932003021 Detik
Duration Looping 700 Data 167.421407938 Detik 
Total Duration 167.42151999474 Detik 
------------------------- 
Tanggal: 17-02-2022 20:05:01 
Duration Download Forstok 26.793115139008 Detik
Duration Looping 700 Data 175.9995071888 Detik 
Total Duration 175.99961709976 Detik 
------------------------- 
Tanggal: 17-02-2022 20:10:02 
Duration Download Forstok 12.840466022491 Detik
Duration Looping 700 Data 166.71788597107 Detik 
Total Duration 166.71803998947 Detik 
------------------------- 
Tanggal: 17-02-2022 20:15:01 
Duration Download Forstok 14.237572908401 Detik
Duration Looping 700 Data 163.08505392075 Detik 
Total Duration 163.08516597748 Detik 
------------------------- 
Tanggal: 17-02-2022 20:20:01 
Duration Download Forstok 19.871964931488 Detik
Duration Looping 700 Data 174.88736605644 Detik 
Total Duration 174.88748002052 Detik 
------------------------- 
Tanggal: 17-02-2022 20:25:01 
Duration Download Forstok 18.786247968674 Detik
Duration Looping 700 Data 166.87967205048 Detik 
Total Duration 166.87980103493 Detik 
------------------------- 
Tanggal: 17-02-2022 20:30:01 
Duration Download Forstok 12.510944843292 Detik
Duration Looping 700 Data 167.52667689323 Detik 
Total Duration 167.5268008709 Detik 
------------------------- 
Tanggal: 17-02-2022 20:35:01 
Duration Download Forstok 13.463673830032 Detik
Duration Looping 700 Data 167.7379219532 Detik 
Total Duration 167.73803496361 Detik 
------------------------- 
Tanggal: 17-02-2022 20:40:01 
Duration Download Forstok 12.596613883972 Detik
Duration Looping 700 Data 168.69072508812 Detik 
Total Duration 168.69083499908 Detik 
------------------------- 
Tanggal: 17-02-2022 20:45:01 
Duration Download Forstok 14.516697883606 Detik
Duration Looping 700 Data 195.53853201866 Detik 
Total Duration 195.53865098953 Detik 
------------------------- 
Tanggal: 17-02-2022 20:50:01 
Duration Download Forstok 13.819972991943 Detik
Duration Looping 700 Data 163.87495303154 Detik 
Total Duration 163.87507200241 Detik 
------------------------- 
Tanggal: 17-02-2022 20:55:01 
Duration Download Forstok 13.233558893204 Detik
Duration Looping 700 Data 169.15936899185 Detik 
Total Duration 169.15948200226 Detik 
------------------------- 
Tanggal: 17-02-2022 21:00:01 
Duration Download Forstok 13.861256837845 Detik
Duration Looping 700 Data 162.06364798546 Detik 
Total Duration 162.06376194954 Detik 
------------------------- 
Tanggal: 17-02-2022 21:05:01 
Duration Download Forstok 27.108952999115 Detik
Duration Looping 700 Data 183.70926499367 Detik 
Total Duration 183.7093770504 Detik 
------------------------- 
Tanggal: 17-02-2022 21:10:01 
Duration Download Forstok 13.601670026779 Detik
Duration Looping 700 Data 170.28676700592 Detik 
Total Duration 170.28687810898 Detik 
------------------------- 
Tanggal: 17-02-2022 21:15:01 
Duration Download Forstok 18.36142706871 Detik
Duration Looping 700 Data 177.83617210388 Detik 
Total Duration 177.83628702164 Detik 
------------------------- 
Tanggal: 17-02-2022 21:20:01 
Duration Download Forstok 14.988857984543 Detik
Duration Looping 700 Data 166.27519488335 Detik 
Total Duration 166.27529001236 Detik 
------------------------- 
Tanggal: 17-02-2022 21:25:01 
Duration Download Forstok 14.447616100311 Detik
Duration Looping 700 Data 167.83295607567 Detik 
Total Duration 167.83307695389 Detik 
------------------------- 
Tanggal: 17-02-2022 21:30:01 
Duration Download Forstok 15.262905836105 Detik
Duration Looping 700 Data 174.85960888863 Detik 
Total Duration 174.8597278595 Detik 
------------------------- 
Tanggal: 17-02-2022 21:35:01 
Duration Download Forstok 15.195703983307 Detik
Duration Looping 700 Data 166.56279397011 Detik 
Total Duration 166.56293082237 Detik 
------------------------- 
Tanggal: 17-02-2022 21:40:01 
Duration Download Forstok 13.35698890686 Detik
Duration Looping 700 Data 165.4587430954 Detik 
Total Duration 165.45885109901 Detik 
------------------------- 
Tanggal: 17-02-2022 21:45:01 
Duration Download Forstok 22.690441846848 Detik
Duration Looping 700 Data 179.18092393875 Detik 
Total Duration 179.18100690842 Detik 
------------------------- 
Tanggal: 17-02-2022 21:50:02 
Duration Download Forstok 21.690231084824 Detik
Duration Looping 700 Data 179.52462601662 Detik 
Total Duration 179.52474308014 Detik 
------------------------- 
Tanggal: 17-02-2022 21:55:01 
Duration Download Forstok 12.542959213257 Detik
Duration Looping 700 Data 165.77675318718 Detik 
Total Duration 165.77686715126 Detik 
------------------------- 
Tanggal: 17-02-2022 22:00:01 
Duration Download Forstok 13.275552988052 Detik
Duration Looping 700 Data 170.34062719345 Detik 
Total Duration 170.340747118 Detik 
------------------------- 
Tanggal: 17-02-2022 22:05:01 
Duration Download Forstok 24.068732976913 Detik
Duration Looping 700 Data 172.10116195679 Detik 
Total Duration 172.10127878189 Detik 
------------------------- 
Tanggal: 17-02-2022 22:10:01 
Duration Download Forstok 12.151023864746 Detik
Duration Looping 700 Data 173.66866779327 Detik 
Total Duration 173.66877794266 Detik 
------------------------- 
Tanggal: 17-02-2022 22:15:01 
Duration Download Forstok 18.525630950928 Detik
Duration Looping 700 Data 171.85493898392 Detik 
Total Duration 171.85510110855 Detik 
------------------------- 
Tanggal: 17-02-2022 22:20:01 
Duration Download Forstok 22.916424036026 Detik
Duration Looping 700 Data 170.0324909687 Detik 
Total Duration 170.03260803223 Detik 
------------------------- 
Tanggal: 17-02-2022 22:25:01 
Duration Download Forstok 14.948812007904 Detik
Duration Looping 700 Data 166.30816698074 Detik 
Total Duration 166.30831003189 Detik 
------------------------- 
Tanggal: 17-02-2022 22:30:02 
Duration Download Forstok 17.246958971024 Detik
Duration Looping 700 Data 167.59174203873 Detik 
Total Duration 167.59185600281 Detik 
------------------------- 
Tanggal: 17-02-2022 22:35:01 
Duration Download Forstok 17.626080036163 Detik
Duration Looping 700 Data 173.10299706459 Detik 
Total Duration 173.10311102867 Detik 
------------------------- 
Tanggal: 17-02-2022 22:40:01 
Duration Download Forstok 18.536535978317 Detik
Duration Looping 700 Data 166.31193304062 Detik 
Total Duration 166.31204390526 Detik 
------------------------- 
Tanggal: 17-02-2022 22:45:01 
Duration Download Forstok 15.313550949097 Detik
Duration Looping 700 Data 165.22823500633 Detik 
Total Duration 165.22835588455 Detik 
------------------------- 
Tanggal: 17-02-2022 22:50:01 
Duration Download Forstok 15.280062913895 Detik
Duration Looping 700 Data 164.89619588852 Detik 
Total Duration 164.89630484581 Detik 
------------------------- 
Tanggal: 17-02-2022 22:55:01 
Duration Download Forstok 17.956153869629 Detik
Duration Looping 700 Data 165.05373597145 Detik 
Total Duration 165.05385303497 Detik 
------------------------- 
Tanggal: 17-02-2022 23:00:01 
Duration Download Forstok 17.720027208328 Detik
Duration Looping 700 Data 171.4544570446 Detik 
Total Duration 171.45460700989 Detik 
------------------------- 
Tanggal: 17-02-2022 23:05:01 
Duration Download Forstok 15.982190847397 Detik
Duration Looping 700 Data 168.31672501564 Detik 
Total Duration 168.31684303284 Detik 
------------------------- 
Tanggal: 17-02-2022 23:10:01 
Duration Download Forstok 17.076689958572 Detik
Duration Looping 700 Data 173.17569088936 Detik 
Total Duration 173.17580294609 Detik 
------------------------- 
Tanggal: 17-02-2022 23:15:01 
Duration Download Forstok 19.892002105713 Detik
Duration Looping 700 Data 174.51632213593 Detik 
Total Duration 174.51645898819 Detik 
------------------------- 
Tanggal: 17-02-2022 23:20:01 
Duration Download Forstok 12.336380958557 Detik
Duration Looping 700 Data 172.21630597115 Detik 
Total Duration 172.21641802788 Detik 
------------------------- 
Tanggal: 17-02-2022 23:25:01 
Duration Download Forstok 18.916639089584 Detik
Duration Looping 700 Data 165.72663998604 Detik 
Total Duration 165.72677516937 Detik 
------------------------- 
Tanggal: 17-02-2022 23:30:01 
Duration Download Forstok 15.954090118408 Detik
Duration Looping 700 Data 173.92620897293 Detik 
Total Duration 173.92632293701 Detik 
------------------------- 
Tanggal: 17-02-2022 23:35:01 
Duration Download Forstok 16.924506902695 Detik
Duration Looping 700 Data 166.58541083336 Detik 
Total Duration 166.58552980423 Detik 
------------------------- 
Tanggal: 17-02-2022 23:40:01 
Duration Download Forstok 13.354784965515 Detik
Duration Looping 700 Data 163.05161094666 Detik 
Total Duration 163.05172395706 Detik 
------------------------- 
Tanggal: 17-02-2022 23:45:01 
Duration Download Forstok 20.950698137283 Detik
Duration Looping 700 Data 169.8184030056 Detik 
Total Duration 169.81851816177 Detik 
------------------------- 
Tanggal: 17-02-2022 23:50:01 
Duration Download Forstok 12.974707126617 Detik
Duration Looping 700 Data 169.51003909111 Detik 
Total Duration 169.51015305519 Detik 
------------------------- 
Tanggal: 17-02-2022 23:55:01 
Duration Download Forstok 13.41802406311 Detik
Duration Looping 700 Data 157.98397397995 Detik 
Total Duration 157.98408818245 Detik 
------------------------- 
