Tanggal: 26-10-2021 00:00:01 
Duration Download Forstok 16.08718585968 Detik
Tanggal: 26-10-2021 00:05:01 
Duration Download Forstok 20.645104885101 Detik
Duration Looping 700 Data 560.84078097343 Detik 
Total Duration 560.84089303017 Detik 
------------------------- 
Duration Looping 700 Data 260.99510598183 Detik 
Total Duration 260.99522089958 Detik 
------------------------- 
Tanggal: 26-10-2021 00:10:01 
Duration Download Forstok 19.551319122314 Detik
Duration Looping 700 Data 136.65324211121 Detik 
Total Duration 136.65334796906 Detik 
------------------------- 
Tanggal: 26-10-2021 00:15:01 
Duration Download Forstok 17.042213916779 Detik
Duration Looping 700 Data 132.08411884308 Detik 
Total Duration 132.08423900604 Detik 
------------------------- 
Tanggal: 26-10-2021 00:20:01 
Duration Download Forstok 15.343023061752 Detik
Duration Looping 700 Data 137.28295612335 Detik 
Total Duration 137.28307294846 Detik 
------------------------- 
Tanggal: 26-10-2021 00:25:02 
Duration Download Forstok 23.045683860779 Detik
Duration Looping 700 Data 174.23016381264 Detik 
Total Duration 174.23484587669 Detik 
------------------------- 
Tanggal: 26-10-2021 00:30:01 
Duration Download Forstok 13.861798048019 Detik
Duration Looping 700 Data 127.63671302795 Detik 
Total Duration 127.63682413101 Detik 
------------------------- 
Tanggal: 26-10-2021 00:35:01 
Duration Download Forstok 22.682754039764 Detik
Duration Looping 700 Data 141.03673696518 Detik 
Total Duration 141.03685498238 Detik 
------------------------- 
Tanggal: 26-10-2021 00:40:01 
Duration Download Forstok 15.517120838165 Detik
Duration Looping 700 Data 128.51006484032 Detik 
Total Duration 128.5101788044 Detik 
------------------------- 
Tanggal: 26-10-2021 00:45:01 
Duration Download Forstok 25.657428979874 Detik
Duration Looping 700 Data 137.31332015991 Detik 
Total Duration 137.31344008446 Detik 
------------------------- 
Tanggal: 26-10-2021 00:50:01 
Duration Download Forstok 15.074100017548 Detik
Duration Looping 700 Data 127.12681698799 Detik 
Total Duration 127.12693095207 Detik 
------------------------- 
Tanggal: 26-10-2021 00:55:01 
Duration Download Forstok 19.394433021545 Detik
Duration Looping 700 Data 135.98698711395 Detik 
Total Duration 135.98707413673 Detik 
------------------------- 
Tanggal: 26-10-2021 01:00:01 
Duration Download Forstok 10.783420085907 Detik
Duration Looping 700 Data 126.20783996582 Detik 
Total Duration 126.20794987679 Detik 
------------------------- 
Tanggal: 26-10-2021 01:05:01 
Duration Download Forstok 18.209712028503 Detik
Duration Looping 700 Data 132.36556386948 Detik 
Total Duration 132.36567997932 Detik 
------------------------- 
Tanggal: 26-10-2021 01:10:01 
Duration Download Forstok 22.074018001556 Detik
Duration Looping 700 Data 132.29749584198 Detik 
Total Duration 132.29760193825 Detik 
------------------------- 
Tanggal: 26-10-2021 01:15:01 
Duration Download Forstok 17.740458965302 Detik
Duration Looping 700 Data 129.13383698463 Detik 
Total Duration 129.13396191597 Detik 
------------------------- 
Tanggal: 26-10-2021 01:20:02 
Duration Download Forstok 11.686314105988 Detik
Duration Looping 700 Data 124.15932202339 Detik 
Total Duration 124.15943002701 Detik 
------------------------- 
Tanggal: 26-10-2021 01:25:01 
Duration Download Forstok 21.000245094299 Detik
Duration Looping 700 Data 140.89213609695 Detik 
Total Duration 140.89225816727 Detik 
------------------------- 
Tanggal: 26-10-2021 01:30:01 
Duration Download Forstok 14.208305835724 Detik
Duration Looping 700 Data 125.5148999691 Detik 
Total Duration 125.51502490044 Detik 
------------------------- 
Tanggal: 26-10-2021 01:35:01 
Duration Download Forstok 26.402205944061 Detik
Duration Looping 700 Data 140.5736849308 Detik 
Total Duration 140.57379889488 Detik 
------------------------- 
Tanggal: 26-10-2021 01:40:01 
Duration Download Forstok 10.156391859055 Detik
Duration Looping 700 Data 127.19489598274 Detik 
Total Duration 127.19501185417 Detik 
------------------------- 
Tanggal: 26-10-2021 01:45:01 
Duration Download Forstok 15.9033639431 Detik
Duration Looping 700 Data 126.66250300407 Detik 
Total Duration 126.66262292862 Detik 
------------------------- 
Tanggal: 26-10-2021 01:50:01 
Duration Download Forstok 10.181015014648 Detik
Duration Looping 700 Data 124.47085189819 Detik 
Total Duration 124.47096300125 Detik 
------------------------- 
Tanggal: 26-10-2021 01:55:01 
Duration Download Forstok 14.938331127167 Detik
Duration Looping 700 Data 130.4260160923 Detik 
Total Duration 130.42613601685 Detik 
------------------------- 
Tanggal: 26-10-2021 02:00:01 
Duration Download Forstok 14.745846986771 Detik
Duration Looping 700 Data 129.58810591698 Detik 
Total Duration 129.58821797371 Detik 
------------------------- 
Tanggal: 26-10-2021 02:05:01 
Duration Download Forstok 17.869879007339 Detik
Duration Looping 700 Data 128.81335115433 Detik 
Total Duration 128.81347107887 Detik 
------------------------- 
Tanggal: 26-10-2021 02:10:01 
Duration Download Forstok 15.247222900391 Detik
Duration Looping 700 Data 130.69193696976 Detik 
Total Duration 130.69205093384 Detik 
------------------------- 
Tanggal: 26-10-2021 02:15:01 
Duration Download Forstok 16.514941930771 Detik
Duration Looping 700 Data 127.32759714127 Detik 
Total Duration 127.32771611214 Detik 
------------------------- 
Tanggal: 26-10-2021 02:20:01 
Duration Download Forstok 14.181293964386 Detik
Duration Looping 700 Data 129.40293192863 Detik 
Total Duration 129.40303897858 Detik 
------------------------- 
Tanggal: 26-10-2021 02:25:01 
Duration Download Forstok 16.683823108673 Detik
Duration Looping 700 Data 136.9407761097 Detik 
Total Duration 136.94087219238 Detik 
------------------------- 
Tanggal: 26-10-2021 02:30:01 
Duration Download Forstok 12.580322027206 Detik
Duration Looping 700 Data 123.96419405937 Detik 
Total Duration 123.96430397034 Detik 
------------------------- 
Tanggal: 26-10-2021 02:35:01 
Duration Download Forstok 23.858196020126 Detik
Duration Looping 700 Data 136.8116569519 Detik 
Total Duration 136.81177401543 Detik 
------------------------- 
Tanggal: 26-10-2021 02:40:01 
Duration Download Forstok 13.549802064896 Detik
Duration Looping 700 Data 125.57516694069 Detik 
Total Duration 125.57527303696 Detik 
------------------------- 
Tanggal: 26-10-2021 02:45:01 
Duration Download Forstok 19.285905838013 Detik
Duration Looping 700 Data 128.8447458744 Detik 
Total Duration 128.84485983849 Detik 
------------------------- 
Tanggal: 26-10-2021 02:50:01 
Duration Download Forstok 11.016184091568 Detik
Duration Looping 700 Data 119.69634318352 Detik 
Total Duration 119.69642114639 Detik 
------------------------- 
Tanggal: 26-10-2021 02:55:01 
Duration Download Forstok 14.82407617569 Detik
Duration Looping 700 Data 143.44322896004 Detik 
Total Duration 143.44334697723 Detik 
------------------------- 
Tanggal: 26-10-2021 03:00:01 
Duration Download Forstok 12.078186988831 Detik
Duration Looping 700 Data 122.9763469696 Detik 
Total Duration 122.97645187378 Detik 
------------------------- 
Tanggal: 26-10-2021 03:05:01 
Duration Download Forstok 20.598639011383 Detik
Duration Looping 700 Data 132.66089200974 Detik 
Total Duration 132.660998106 Detik 
------------------------- 
Tanggal: 26-10-2021 03:10:01 
Duration Download Forstok 11.642076015472 Detik
Duration Looping 700 Data 127.96008086205 Detik 
Total Duration 127.96018791199 Detik 
------------------------- 
Tanggal: 26-10-2021 03:15:01 
Duration Download Forstok 13.976988077164 Detik
Duration Looping 700 Data 128.3603720665 Detik 
Total Duration 128.36045408249 Detik 
------------------------- 
Tanggal: 26-10-2021 03:20:01 
Duration Download Forstok 10.863795042038 Detik
Duration Looping 700 Data 125.63937497139 Detik 
Total Duration 125.63948011398 Detik 
------------------------- 
Tanggal: 26-10-2021 03:25:01 
Duration Download Forstok 15.248955011368 Detik
Duration Looping 700 Data 124.67773985863 Detik 
Total Duration 124.67785000801 Detik 
------------------------- 
Tanggal: 26-10-2021 03:30:01 
Duration Download Forstok 10.380070924759 Detik
Duration Looping 700 Data 123.51568198204 Detik 
Total Duration 123.51579093933 Detik 
------------------------- 
Tanggal: 26-10-2021 03:35:01 
Duration Download Forstok 23.615390062332 Detik
Duration Looping 700 Data 142.18626594543 Detik 
Total Duration 142.18638896942 Detik 
------------------------- 
Tanggal: 26-10-2021 03:40:01 
Duration Download Forstok 10.465220928192 Detik
Duration Looping 700 Data 121.41203188896 Detik 
Total Duration 121.41214179993 Detik 
------------------------- 
Tanggal: 26-10-2021 03:45:01 
Duration Download Forstok 20.707149028778 Detik
Duration Looping 700 Data 131.36536192894 Detik 
Total Duration 131.3654718399 Detik 
------------------------- 
Tanggal: 26-10-2021 03:50:01 
Duration Download Forstok 10.616739034653 Detik
Duration Looping 700 Data 121.16231203079 Detik 
Total Duration 121.16241908073 Detik 
------------------------- 
Tanggal: 26-10-2021 03:55:01 
Duration Download Forstok 16.14826798439 Detik
Duration Looping 700 Data 133.00484395027 Detik 
Total Duration 133.00492596626 Detik 
------------------------- 
Tanggal: 26-10-2021 04:00:01 
Duration Download Forstok 11.422798871994 Detik
Duration Looping 700 Data 139.55229091644 Detik 
Total Duration 139.55239582062 Detik 
------------------------- 
Tanggal: 26-10-2021 04:05:01 
Duration Download Forstok 19.197651863098 Detik
Duration Looping 700 Data 130.34255599976 Detik 
Total Duration 130.3426668644 Detik 
------------------------- 
Tanggal: 26-10-2021 04:10:01 
Duration Download Forstok 23.346968889236 Detik
Duration Looping 700 Data 134.92040705681 Detik 
Total Duration 134.92052698135 Detik 
------------------------- 
Tanggal: 26-10-2021 04:15:01 
Duration Download Forstok 16.604187965393 Detik
Duration Looping 700 Data 131.76098704338 Detik 
Total Duration 131.76110005379 Detik 
------------------------- 
Tanggal: 26-10-2021 04:20:01 
Duration Download Forstok 10.877295017242 Detik
Duration Looping 700 Data 129.41682100296 Detik 
Total Duration 129.41692590714 Detik 
------------------------- 
Tanggal: 26-10-2021 04:25:01 
Duration Download Forstok 15.525964021683 Detik
Duration Looping 700 Data 130.03691101074 Detik 
Total Duration 130.03702306747 Detik 
------------------------- 
Tanggal: 26-10-2021 04:30:02 
Duration Download Forstok 13.778023004532 Detik
Duration Looping 700 Data 129.21385908127 Detik 
Total Duration 129.21396899223 Detik 
------------------------- 
Tanggal: 26-10-2021 04:35:01 
Duration Download Forstok 19.949983119965 Detik
Duration Looping 700 Data 135.26103520393 Detik 
Total Duration 135.26115012169 Detik 
------------------------- 
Tanggal: 26-10-2021 04:40:01 
Duration Download Forstok 11.040729999542 Detik
Duration Looping 700 Data 130.05453395844 Detik 
Total Duration 130.05465102196 Detik 
------------------------- 
Tanggal: 26-10-2021 04:45:01 
Duration Download Forstok 16.311681032181 Detik
Duration Looping 700 Data 126.45353507996 Detik 
Total Duration 126.45365405083 Detik 
------------------------- 
Tanggal: 26-10-2021 04:50:01 
Duration Download Forstok 12.765633106232 Detik
Duration Looping 700 Data 126.43122696877 Detik 
Total Duration 126.43133497238 Detik 
------------------------- 
Tanggal: 26-10-2021 04:55:01 
Duration Download Forstok 21.379536867142 Detik
Duration Looping 700 Data 134.55305886269 Detik 
Total Duration 134.55317687988 Detik 
------------------------- 
Tanggal: 26-10-2021 05:00:01 
Duration Download Forstok 11.828174114227 Detik
Duration Looping 700 Data 127.30111217499 Detik 
Total Duration 127.30122303963 Detik 
------------------------- 
Tanggal: 26-10-2021 05:05:01 
Duration Download Forstok 27.353941917419 Detik
Duration Looping 700 Data 142.23390698433 Detik 
Total Duration 142.23404097557 Detik 
------------------------- 
Tanggal: 26-10-2021 05:10:01 
Duration Download Forstok 10.416907072067 Detik
Duration Looping 700 Data 120.30933403969 Detik 
Total Duration 120.30943417549 Detik 
------------------------- 
Tanggal: 26-10-2021 05:15:01 
Duration Download Forstok 13.773553133011 Detik
Duration Looping 700 Data 126.15683817863 Detik 
Total Duration 126.15695714951 Detik 
------------------------- 
Tanggal: 26-10-2021 05:20:02 
Duration Download Forstok 13.203301906586 Detik
Duration Looping 700 Data 132.3534090519 Detik 
Total Duration 132.35352492332 Detik 
------------------------- 
Tanggal: 26-10-2021 05:25:01 
Duration Download Forstok 16.679597139359 Detik
Duration Looping 700 Data 142.43127608299 Detik 
Total Duration 142.43139719963 Detik 
------------------------- 
Tanggal: 26-10-2021 05:30:01 
Duration Download Forstok 13.288689136505 Detik
Duration Looping 700 Data 127.11815309525 Detik 
Total Duration 127.11826515198 Detik 
------------------------- 
Tanggal: 26-10-2021 05:35:01 
Duration Download Forstok 19.862878084183 Detik
Duration Looping 700 Data 135.61662697792 Detik 
Total Duration 135.61674404144 Detik 
------------------------- 
Tanggal: 26-10-2021 05:40:01 
Duration Download Forstok 12.401110887527 Detik
Duration Looping 700 Data 126.70942497253 Detik 
Total Duration 126.70953392982 Detik 
------------------------- 
Tanggal: 26-10-2021 05:45:02 
Duration Download Forstok 19.191680908203 Detik
Duration Looping 700 Data 130.3573179245 Detik 
Total Duration 130.35744404793 Detik 
------------------------- 
Tanggal: 26-10-2021 05:50:01 
Duration Download Forstok 12.03561091423 Detik
Duration Looping 700 Data 126.6932489872 Detik 
Total Duration 126.69335889816 Detik 
------------------------- 
Tanggal: 26-10-2021 05:55:01 
Duration Download Forstok 15.853413105011 Detik
Duration Looping 700 Data 126.77193117142 Detik 
Total Duration 126.77204918861 Detik 
------------------------- 
Tanggal: 26-10-2021 06:00:01 
Duration Download Forstok 12.446178913116 Detik
Duration Looping 700 Data 128.67874884605 Detik 
Total Duration 128.67886304855 Detik 
------------------------- 
Tanggal: 26-10-2021 06:05:01 
Duration Download Forstok 19.753846883774 Detik
Duration Looping 700 Data 132.7212870121 Detik 
Total Duration 132.72141003609 Detik 
------------------------- 
Tanggal: 26-10-2021 06:10:01 
Duration Download Forstok 14.621486186981 Detik
Duration Looping 700 Data 128.30987811089 Detik 
Total Duration 128.30999302864 Detik 
------------------------- 
Tanggal: 26-10-2021 06:15:01 
Duration Download Forstok 22.449107170105 Detik
Duration Looping 700 Data 138.48457598686 Detik 
Total Duration 138.4846971035 Detik 
------------------------- 
Tanggal: 26-10-2021 06:20:01 
Duration Download Forstok 12.83732008934 Detik
Duration Looping 700 Data 128.09142708778 Detik 
Total Duration 128.09153199196 Detik 
------------------------- 
Tanggal: 26-10-2021 06:25:01 
Duration Download Forstok 20.364696025848 Detik
Duration Looping 700 Data 130.2735490799 Detik 
Total Duration 130.27366614342 Detik 
------------------------- 
Tanggal: 26-10-2021 06:30:01 
Duration Download Forstok 10.326030015945 Detik
Duration Looping 700 Data 120.22909808159 Detik 
Total Duration 120.22921395302 Detik 
------------------------- 
Tanggal: 26-10-2021 06:35:01 
Duration Download Forstok 17.73050904274 Detik
Duration Looping 700 Data 129.78958392143 Detik 
Total Duration 129.78969693184 Detik 
------------------------- 
Tanggal: 26-10-2021 06:40:01 
Duration Download Forstok 11.848965883255 Detik
Duration Looping 700 Data 127.50644683838 Detik 
Total Duration 127.50656986237 Detik 
------------------------- 
Tanggal: 26-10-2021 06:45:01 
Duration Download Forstok 14.370031118393 Detik
Duration Looping 700 Data 128.61846399307 Detik 
Total Duration 128.61862111092 Detik 
------------------------- 
Tanggal: 26-10-2021 06:50:01 
Duration Download Forstok 11.800675868988 Detik
Duration Looping 700 Data 125.87412405014 Detik 
Total Duration 125.87423396111 Detik 
------------------------- 
Tanggal: 26-10-2021 06:55:01 
Duration Download Forstok 17.722249031067 Detik
Duration Looping 700 Data 128.44952201843 Detik 
Total Duration 128.44963717461 Detik 
------------------------- 
Tanggal: 26-10-2021 07:00:01 
Duration Download Forstok 11.849714994431 Detik
Duration Looping 700 Data 129.1659040451 Detik 
Total Duration 129.16601610184 Detik 
------------------------- 
Tanggal: 26-10-2021 07:05:01 
Duration Download Forstok 20.545696973801 Detik
Duration Looping 700 Data 136.61642289162 Detik 
Total Duration 136.61656308174 Detik 
------------------------- 
Tanggal: 26-10-2021 07:10:01 
Duration Download Forstok 17.030822992325 Detik
Duration Looping 700 Data 127.28119182587 Detik 
Total Duration 127.2813179493 Detik 
------------------------- 
Tanggal: 26-10-2021 07:15:01 
Duration Download Forstok 16.290330171585 Detik
Duration Looping 700 Data 139.16966605186 Detik 
Total Duration 139.16978216171 Detik 
------------------------- 
Tanggal: 26-10-2021 07:20:01 
Duration Download Forstok 12.086451053619 Detik
Duration Looping 700 Data 123.88302707672 Detik 
Total Duration 123.88317704201 Detik 
------------------------- 
Tanggal: 26-10-2021 07:25:01 
Duration Download Forstok 20.749019145966 Detik
Duration Looping 700 Data 134.52556014061 Detik 
Total Duration 134.52568101883 Detik 
------------------------- 
Tanggal: 26-10-2021 07:30:01 
Duration Download Forstok 10.846348047256 Detik
Duration Looping 700 Data 120.77649784088 Detik 
Total Duration 120.77660083771 Detik 
------------------------- 
Tanggal: 26-10-2021 07:35:01 
Duration Download Forstok 19.353453874588 Detik
Duration Looping 700 Data 133.50049901009 Detik 
Total Duration 133.50062584877 Detik 
------------------------- 
Tanggal: 26-10-2021 07:40:01 
Duration Download Forstok 9.7783482074738 Detik
Duration Looping 700 Data 129.66741204262 Detik 
Total Duration 129.66753411293 Detik 
------------------------- 
Tanggal: 26-10-2021 07:45:01 
Duration Download Forstok 15.402193069458 Detik
Duration Looping 700 Data 137.47773385048 Detik 
Total Duration 137.47788286209 Detik 
------------------------- 
Tanggal: 26-10-2021 07:50:01 
Duration Download Forstok 12.67013502121 Detik
Duration Looping 700 Data 124.45187187195 Detik 
Total Duration 124.45203590393 Detik 
------------------------- 
Tanggal: 26-10-2021 07:55:01 
Duration Download Forstok 13.909740924835 Detik
Duration Looping 700 Data 137.72798395157 Detik 
Total Duration 137.72806692123 Detik 
------------------------- 
Tanggal: 26-10-2021 08:00:01 
Duration Download Forstok 12.279582023621 Detik
Duration Looping 700 Data 132.14712309837 Detik 
Total Duration 132.14723205566 Detik 
------------------------- 
Tanggal: 26-10-2021 08:05:01 
Duration Download Forstok 23.968131065369 Detik
Duration Looping 700 Data 138.49625205994 Detik 
Total Duration 138.49637508392 Detik 
------------------------- 
Tanggal: 26-10-2021 08:10:01 
Duration Download Forstok 10.302214860916 Detik
Duration Looping 700 Data 120.48190999031 Detik 
Total Duration 120.48202490807 Detik 
------------------------- 
Tanggal: 26-10-2021 08:15:01 
Duration Download Forstok 17.010805845261 Detik
Duration Looping 700 Data 135.15787100792 Detik 
Total Duration 135.15799498558 Detik 
------------------------- 
Tanggal: 26-10-2021 08:20:01 
Duration Download Forstok 13.468319892883 Detik
Duration Looping 700 Data 133.5822930336 Detik 
Total Duration 133.58241295815 Detik 
------------------------- 
Tanggal: 26-10-2021 08:25:01 
Duration Download Forstok 17.667690038681 Detik
Duration Looping 700 Data 132.23096203804 Detik 
Total Duration 132.23108100891 Detik 
------------------------- 
Tanggal: 26-10-2021 08:30:01 
Duration Download Forstok 12.80825304985 Detik
Duration Looping 700 Data 132.02369093895 Detik 
Total Duration 132.02379989624 Detik 
------------------------- 
Tanggal: 26-10-2021 08:35:01 
Duration Download Forstok 19.392951965332 Detik
Duration Looping 700 Data 136.00001192093 Detik 
Total Duration 136.00012588501 Detik 
------------------------- 
Tanggal: 26-10-2021 08:40:01 
Duration Download Forstok 11.500860929489 Detik
Duration Looping 700 Data 132.16368198395 Detik 
Total Duration 132.16378879547 Detik 
------------------------- 
Tanggal: 26-10-2021 08:45:01 
Duration Download Forstok 19.363265991211 Detik
Duration Looping 700 Data 140.08102989197 Detik 
Total Duration 140.08115291595 Detik 
------------------------- 
Tanggal: 26-10-2021 08:50:01 
Duration Download Forstok 12.048647880554 Detik
Duration Looping 700 Data 132.01245284081 Detik 
Total Duration 132.0125439167 Detik 
------------------------- 
Tanggal: 26-10-2021 08:55:01 
Duration Download Forstok 23.550979137421 Detik
Duration Looping 700 Data 137.92603421211 Detik 
Total Duration 137.92616510391 Detik 
------------------------- 
Tanggal: 26-10-2021 09:00:01 
Duration Download Forstok 11.614536046982 Detik
Duration Looping 700 Data 130.40323710442 Detik 
Total Duration 130.40333008766 Detik 
------------------------- 
Tanggal: 26-10-2021 09:05:01 
Duration Download Forstok 23.394423961639 Detik
Duration Looping 700 Data 138.56046295166 Detik 
Total Duration 138.56059288979 Detik 
------------------------- 
Tanggal: 26-10-2021 09:10:01 
Duration Download Forstok 31.962021112442 Detik
Duration Looping 700 Data 151.17356801033 Detik 
Total Duration 151.1736741066 Detik 
------------------------- 
Tanggal: 26-10-2021 09:15:01 
Duration Download Forstok 18.100602865219 Detik
Duration Looping 700 Data 143.05245494843 Detik 
Total Duration 143.05254101753 Detik 
------------------------- 
Tanggal: 26-10-2021 09:20:01 
Duration Download Forstok 13.298535823822 Detik
Duration Looping 700 Data 135.27242398262 Detik 
Total Duration 135.27253103256 Detik 
------------------------- 
Tanggal: 26-10-2021 09:25:01 
Duration Download Forstok 16.579275131226 Detik
Duration Looping 700 Data 133.26109099388 Detik 
Total Duration 133.26117992401 Detik 
------------------------- 
Tanggal: 26-10-2021 09:30:01 
Duration Download Forstok 10.704622030258 Detik
Duration Looping 700 Data 124.99612593651 Detik 
Total Duration 124.99625301361 Detik 
------------------------- 
Tanggal: 26-10-2021 09:35:01 
Duration Download Forstok 22.706738948822 Detik
Duration Looping 700 Data 139.24930000305 Detik 
Total Duration 139.24942207336 Detik 
------------------------- 
Tanggal: 26-10-2021 09:40:01 
Duration Download Forstok 12.866530179977 Detik
Duration Looping 700 Data 136.25297904015 Detik 
Total Duration 136.25307202339 Detik 
------------------------- 
Tanggal: 26-10-2021 09:45:01 
Duration Download Forstok 17.238566875458 Detik
Duration Looping 700 Data 140.01494693756 Detik 
Total Duration 140.01507091522 Detik 
------------------------- 
Tanggal: 26-10-2021 09:50:01 
Duration Download Forstok 14.22123003006 Detik
Duration Looping 700 Data 130.65886306763 Detik 
Total Duration 130.65897798538 Detik 
------------------------- 
Tanggal: 26-10-2021 09:55:01 
Duration Download Forstok 13.745954036713 Detik
Duration Looping 700 Data 131.93677210808 Detik 
Total Duration 131.9368751049 Detik 
------------------------- 
Tanggal: 26-10-2021 10:00:01 
Duration Download Forstok 10.52240896225 Detik
Duration Looping 700 Data 130.93702197075 Detik 
Total Duration 130.93713903427 Detik 
------------------------- 
Tanggal: 26-10-2021 10:05:01 
Duration Download Forstok 17.449639081955 Detik
Duration Looping 700 Data 136.9342880249 Detik 
Total Duration 136.93441319466 Detik 
------------------------- 
Tanggal: 26-10-2021 10:10:01 
Duration Download Forstok 21.391028881073 Detik
Duration Looping 700 Data 135.06564593315 Detik 
Total Duration 135.06575298309 Detik 
------------------------- 
Tanggal: 26-10-2021 10:15:01 
Duration Download Forstok 19.215245962143 Detik
Duration Looping 700 Data 142.39200186729 Detik 
Total Duration 142.39211702347 Detik 
------------------------- 
Tanggal: 26-10-2021 10:20:01 
Duration Download Forstok 12.491665124893 Detik
Duration Looping 700 Data 138.25775098801 Detik 
Total Duration 138.25786519051 Detik 
------------------------- 
Tanggal: 26-10-2021 10:25:01 
Duration Download Forstok 17.900452136993 Detik
Duration Looping 700 Data 137.35210204124 Detik 
Total Duration 137.35221409798 Detik 
------------------------- 
Tanggal: 26-10-2021 10:30:01 
Duration Download Forstok 13.726460933685 Detik
Duration Looping 700 Data 135.99618291855 Detik 
Total Duration 135.99629187584 Detik 
------------------------- 
Tanggal: 26-10-2021 10:35:01 
Duration Download Forstok 25.307919979095 Detik
Duration Looping 700 Data 146.62543582916 Detik 
Total Duration 146.62555193901 Detik 
------------------------- 
Tanggal: 26-10-2021 10:40:01 
Duration Download Forstok 10.715936899185 Detik
Duration Looping 700 Data 133.63464283943 Detik 
Total Duration 133.63475990295 Detik 
------------------------- 
Tanggal: 26-10-2021 10:45:01 
Duration Download Forstok 20.098562955856 Detik
Duration Looping 700 Data 138.4644780159 Detik 
Total Duration 138.46460604668 Detik 
------------------------- 
Tanggal: 26-10-2021 10:50:01 
Duration Download Forstok 12.456372976303 Detik
Duration Looping 700 Data 131.60421204567 Detik 
Total Duration 131.60432600975 Detik 
------------------------- 
Tanggal: 26-10-2021 10:55:01 
Duration Download Forstok 17.351861000061 Detik
Duration Looping 700 Data 136.64897918701 Detik 
Total Duration 136.64908504486 Detik 
------------------------- 
Tanggal: 26-10-2021 11:00:01 
Duration Download Forstok 14.21205496788 Detik
Duration Looping 700 Data 132.58009600639 Detik 
Total Duration 132.58019590378 Detik 
------------------------- 
Tanggal: 26-10-2021 11:05:01 
Duration Download Forstok 22.850507974625 Detik
Duration Looping 700 Data 142.80241799355 Detik 
Total Duration 142.80254197121 Detik 
------------------------- 
Tanggal: 26-10-2021 11:10:01 
Duration Download Forstok 23.971200227737 Detik
Duration Looping 700 Data 146.42267012596 Detik 
Total Duration 146.42278313637 Detik 
------------------------- 
Tanggal: 26-10-2021 11:15:01 
Duration Download Forstok 13.538608074188 Detik
Duration Looping 700 Data 134.06201100349 Detik 
Total Duration 134.06212592125 Detik 
------------------------- 
Tanggal: 26-10-2021 11:20:01 
Duration Download Forstok 11.677507162094 Detik
Duration Looping 700 Data 131.85563611984 Detik 
Total Duration 131.85574007034 Detik 
------------------------- 
Tanggal: 26-10-2021 11:25:01 
Duration Download Forstok 24.2271900177 Detik
Duration Looping 700 Data 144.06221389771 Detik 
Total Duration 144.06233310699 Detik 
------------------------- 
Tanggal: 26-10-2021 11:30:01 
Duration Download Forstok 15.115668058395 Detik
Duration Looping 700 Data 133.41229510307 Detik 
Total Duration 133.41241502762 Detik 
------------------------- 
Tanggal: 26-10-2021 11:35:01 
Duration Download Forstok 22.632035970688 Detik
Duration Looping 700 Data 140.22849297523 Detik 
Total Duration 140.22862291336 Detik 
------------------------- 
Tanggal: 26-10-2021 11:40:01 
Duration Download Forstok 15.130743026733 Detik
Duration Looping 700 Data 133.35230898857 Detik 
Total Duration 133.35241603851 Detik 
------------------------- 
Tanggal: 26-10-2021 11:45:01 
Duration Download Forstok 21.469190120697 Detik
Duration Looping 700 Data 146.37194418907 Detik 
Total Duration 146.37203407288 Detik 
------------------------- 
Tanggal: 26-10-2021 11:50:01 
Duration Download Forstok 14.449960947037 Detik
Duration Looping 700 Data 132.26053500175 Detik 
Total Duration 132.26064705849 Detik 
------------------------- 
Tanggal: 26-10-2021 11:55:01 
Duration Download Forstok 16.538296937943 Detik
Duration Looping 700 Data 132.58870601654 Detik 
Total Duration 132.58882689476 Detik 
------------------------- 
Tanggal: 26-10-2021 12:00:01 
Duration Download Forstok 11.762834072113 Detik
Duration Looping 700 Data 132.93716406822 Detik 
Total Duration 132.93727493286 Detik 
------------------------- 
Tanggal: 26-10-2021 12:05:01 
Duration Download Forstok 20.600414991379 Detik
Duration Looping 700 Data 134.97509384155 Detik 
Total Duration 134.97520589828 Detik 
------------------------- 
Tanggal: 26-10-2021 12:10:01 
Duration Download Forstok 29.148396968842 Detik
Duration Looping 700 Data 146.38040590286 Detik 
Total Duration 146.3805270195 Detik 
------------------------- 
Tanggal: 26-10-2021 12:15:01 
Duration Download Forstok 16.058251142502 Detik
Duration Looping 700 Data 140.01757407188 Detik 
Total Duration 140.01769399643 Detik 
------------------------- 
Tanggal: 26-10-2021 12:20:01 
Duration Download Forstok 10.967759132385 Detik
Duration Looping 700 Data 128.29949402809 Detik 
Total Duration 128.29962611198 Detik 
------------------------- 
Tanggal: 26-10-2021 12:25:01 
Duration Download Forstok 20.253489971161 Detik
Duration Looping 700 Data 135.11499881744 Detik 
Total Duration 135.11513400078 Detik 
------------------------- 
Tanggal: 26-10-2021 12:30:01 
Duration Download Forstok 10.854176998138 Detik
Duration Looping 700 Data 131.02379488945 Detik 
Total Duration 131.02391290665 Detik 
------------------------- 
Tanggal: 26-10-2021 12:35:01 
Duration Download Forstok 26.283716917038 Detik
Duration Looping 700 Data 143.57758688927 Detik 
Total Duration 143.57770800591 Detik 
------------------------- 
Tanggal: 26-10-2021 12:40:01 
Duration Download Forstok 11.92912197113 Detik
Duration Looping 700 Data 135.2443728447 Detik 
Total Duration 135.24448895454 Detik 
------------------------- 
Tanggal: 26-10-2021 12:45:01 
Duration Download Forstok 24.380461931229 Detik
Duration Looping 700 Data 142.40277004242 Detik 
Total Duration 142.40289306641 Detik 
------------------------- 
Tanggal: 26-10-2021 12:50:00 
Duration Download Forstok 10.759080886841 Detik
Duration Looping 700 Data 126.87200498581 Detik 
Total Duration 126.87212395668 Detik 
------------------------- 
Tanggal: 26-10-2021 12:55:01 
Duration Download Forstok 18.120893001556 Detik
Duration Looping 700 Data 136.60122299194 Detik 
Total Duration 136.60131788254 Detik 
------------------------- 
Tanggal: 26-10-2021 13:00:01 
Duration Download Forstok 10.81219792366 Detik
Duration Looping 700 Data 144.82955288887 Detik 
Total Duration 144.8296558857 Detik 
------------------------- 
Tanggal: 26-10-2021 13:05:01 
Duration Download Forstok 21.204687833786 Detik
Duration Looping 700 Data 138.68865299225 Detik 
Total Duration 138.68877100945 Detik 
------------------------- 
Tanggal: 26-10-2021 13:10:01 
Duration Download Forstok 33.187021017075 Detik
Duration Looping 700 Data 152.62563800812 Detik 
Total Duration 152.6257519722 Detik 
------------------------- 
Tanggal: 26-10-2021 13:15:01 
Duration Download Forstok 15.012840986252 Detik
Duration Looping 700 Data 133.95182108879 Detik 
Total Duration 133.95194005966 Detik 
------------------------- 
Tanggal: 26-10-2021 13:20:01 
Duration Download Forstok 10.495162963867 Detik
Duration Looping 700 Data 132.17141604424 Detik 
Total Duration 132.17154693604 Detik 
------------------------- 
Tanggal: 26-10-2021 13:25:01 
Duration Download Forstok 21.946751117706 Detik
Duration Looping 700 Data 138.70810389519 Detik 
Total Duration 138.70822501183 Detik 
------------------------- 
Tanggal: 26-10-2021 13:30:01 
Duration Download Forstok 11.874305009842 Detik
Duration Looping 700 Data 135.45318007469 Detik 
Total Duration 135.45331501961 Detik 
------------------------- 
Tanggal: 26-10-2021 13:35:01 
Duration Download Forstok 29.356922864914 Detik
Duration Looping 700 Data 151.76873898506 Detik 
Total Duration 151.76884388924 Detik 
------------------------- 
Tanggal: 26-10-2021 13:40:01 
Duration Download Forstok 14.135139942169 Detik
Duration Looping 700 Data 136.63366103172 Detik 
Total Duration 136.63374495506 Detik 
------------------------- 
Tanggal: 26-10-2021 13:45:01 
Duration Download Forstok 13.72271490097 Detik
Duration Looping 700 Data 131.51551795006 Detik 
Total Duration 131.51561999321 Detik 
------------------------- 
Tanggal: 26-10-2021 13:50:01 
Duration Download Forstok 11.759181976318 Detik
Duration Looping 700 Data 129.15872001648 Detik 
Total Duration 129.1588408947 Detik 
------------------------- 
Tanggal: 26-10-2021 13:55:01 
Duration Download Forstok 15.15505695343 Detik
Duration Looping 700 Data 135.7094540596 Detik 
Total Duration 135.70956897736 Detik 
------------------------- 
Tanggal: 26-10-2021 14:00:01 
Duration Download Forstok 23.063085079193 Detik
Duration Looping 700 Data 146.27370285988 Detik 
Total Duration 146.27382302284 Detik 
------------------------- 
Tanggal: 26-10-2021 14:05:01 
Duration Download Forstok 19.417129993439 Detik
Duration Looping 700 Data 140.06240105629 Detik 
Total Duration 140.06252384186 Detik 
------------------------- 
Tanggal: 26-10-2021 14:10:00 
Duration Download Forstok 22.947667837143 Detik
Duration Looping 700 Data 139.16096186638 Detik 
Total Duration 139.16104698181 Detik 
------------------------- 
Tanggal: 26-10-2021 14:15:01 
Duration Download Forstok 24.628110170364 Detik
Duration Looping 700 Data 142.78907704353 Detik 
Total Duration 142.78916621208 Detik 
------------------------- 
Tanggal: 26-10-2021 14:20:01 
Duration Download Forstok 13.697252988815 Detik
Duration Looping 700 Data 133.13552904129 Detik 
Total Duration 133.13567185402 Detik 
------------------------- 
Tanggal: 26-10-2021 14:25:01 
Duration Download Forstok 19.956059932709 Detik
Duration Looping 700 Data 136.52921485901 Detik 
Total Duration 136.52930402756 Detik 
------------------------- 
Tanggal: 26-10-2021 14:30:01 
Duration Download Forstok 14.118288993835 Detik
Duration Looping 700 Data 130.44497084618 Detik 
Total Duration 130.44504904747 Detik 
------------------------- 
Tanggal: 26-10-2021 14:35:01 
Duration Download Forstok 19.553879976273 Detik
Duration Looping 700 Data 140.07890295982 Detik 
Total Duration 140.07901787758 Detik 
------------------------- 
Tanggal: 26-10-2021 14:40:01 
Duration Download Forstok 13.142194032669 Detik
Duration Looping 700 Data 140.06867599487 Detik 
Total Duration 140.06878399849 Detik 
------------------------- 
Tanggal: 26-10-2021 14:45:01 
Duration Download Forstok 22.690608978271 Detik
Duration Looping 700 Data 143.95577502251 Detik 
Total Duration 143.9559211731 Detik 
------------------------- 
Tanggal: 26-10-2021 14:50:01 
Duration Download Forstok 10.757605075836 Detik
Duration Looping 700 Data 133.57236289978 Detik 
Total Duration 133.57248497009 Detik 
------------------------- 
Tanggal: 26-10-2021 14:55:01 
Duration Download Forstok 20.858772039413 Detik
Duration Looping 700 Data 142.06137704849 Detik 
Total Duration 142.06149792671 Detik 
------------------------- 
Tanggal: 26-10-2021 15:00:01 
Duration Download Forstok 14.276192188263 Detik
Duration Looping 700 Data 134.66474819183 Detik 
Total Duration 134.66486120224 Detik 
------------------------- 
Tanggal: 26-10-2021 15:05:01 
Duration Download Forstok 20.871428012848 Detik
Duration Looping 700 Data 145.38920307159 Detik 
Total Duration 145.38928890228 Detik 
------------------------- 
Tanggal: 26-10-2021 15:10:01 
Duration Download Forstok 21.238934993744 Detik
Duration Looping 700 Data 143.43796396255 Detik 
Total Duration 143.43805098534 Detik 
------------------------- 
Tanggal: 26-10-2021 15:15:01 
Duration Download Forstok 18.112033128738 Detik
Duration Looping 700 Data 138.74727320671 Detik 
Total Duration 138.74737715721 Detik 
------------------------- 
Tanggal: 26-10-2021 15:20:01 
Duration Download Forstok 15.901514053345 Detik
Duration Looping 700 Data 142.40862011909 Detik 
Total Duration 142.40882706642 Detik 
------------------------- 
Tanggal: 26-10-2021 15:25:01 
Duration Download Forstok 19.091258049011 Detik
Duration Looping 700 Data 137.47209095955 Detik 
Total Duration 137.47221589088 Detik 
------------------------- 
Tanggal: 26-10-2021 15:30:01 
Duration Download Forstok 10.39190196991 Detik
Duration Looping 700 Data 127.48640584946 Detik 
Total Duration 127.48651599884 Detik 
------------------------- 
Tanggal: 26-10-2021 15:35:01 
Duration Download Forstok 31.000062942505 Detik
Duration Looping 700 Data 149.86107587814 Detik 
Total Duration 149.86119580269 Detik 
------------------------- 
Tanggal: 26-10-2021 15:40:01 
Duration Download Forstok 14.828393936157 Detik
Duration Looping 700 Data 137.53954601288 Detik 
Total Duration 137.53963208199 Detik 
------------------------- 
Tanggal: 26-10-2021 15:45:01 
Duration Download Forstok 21.87468290329 Detik
Duration Looping 700 Data 144.20082998276 Detik 
Total Duration 144.20092487335 Detik 
------------------------- 
Tanggal: 26-10-2021 15:50:01 
Duration Download Forstok 15.800019025803 Detik
Duration Looping 700 Data 136.45659708977 Detik 
Total Duration 136.45671510696 Detik 
------------------------- 
Tanggal: 26-10-2021 15:55:01 
Duration Download Forstok 19.928313970566 Detik
Duration Looping 700 Data 143.28503894806 Detik 
Total Duration 143.28516197205 Detik 
------------------------- 
Tanggal: 26-10-2021 16:00:01 
Duration Download Forstok 13.541119098663 Detik
Duration Looping 700 Data 141.04823303223 Detik 
Total Duration 141.04833817482 Detik 
------------------------- 
Tanggal: 26-10-2021 16:05:01 
Duration Download Forstok 21.778913021088 Detik
Duration Looping 700 Data 140.97705507278 Detik 
Total Duration 140.97717308998 Detik 
------------------------- 
Tanggal: 26-10-2021 16:10:02 
Duration Download Forstok 16.45120882988 Detik
Duration Looping 700 Data 135.13957190514 Detik 
Total Duration 135.13966989517 Detik 
------------------------- 
Tanggal: 26-10-2021 16:15:01 
Duration Download Forstok 15.792420864105 Detik
Duration Looping 700 Data 135.53803086281 Detik 
Total Duration 135.53815984726 Detik 
------------------------- 
Tanggal: 26-10-2021 16:20:01 
Duration Download Forstok 11.155600070953 Detik
Duration Looping 700 Data 135.54340314865 Detik 
Total Duration 135.54351711273 Detik 
------------------------- 
Tanggal: 26-10-2021 16:25:00 
Duration Download Forstok 17.637173175812 Detik
Duration Looping 700 Data 137.95461916924 Detik 
Total Duration 137.95473909378 Detik 
------------------------- 
Tanggal: 26-10-2021 16:30:00 
Duration Download Forstok 14.116701841354 Detik
Duration Looping 700 Data 130.78242588043 Detik 
Total Duration 130.78251791 Detik 
------------------------- 
Tanggal: 26-10-2021 16:35:01 
Duration Download Forstok 21.725521802902 Detik
Duration Looping 700 Data 139.55438780785 Detik 
Total Duration 139.55450201035 Detik 
------------------------- 
Tanggal: 26-10-2021 16:40:01 
Duration Download Forstok 11.247599124908 Detik
Duration Looping 700 Data 130.93406701088 Detik 
Total Duration 130.93418502808 Detik 
------------------------- 
Tanggal: 26-10-2021 16:45:01 
Duration Download Forstok 15.835713863373 Detik
Duration Looping 700 Data 134.54455804825 Detik 
Total Duration 134.54467391968 Detik 
------------------------- 
Tanggal: 26-10-2021 16:50:01 
Duration Download Forstok 13.113734006882 Detik
Duration Looping 700 Data 129.9163210392 Detik 
Total Duration 129.91640591621 Detik 
------------------------- 
Tanggal: 26-10-2021 16:55:01 
Duration Download Forstok 20.358392000198 Detik
Duration Looping 700 Data 145.7700419426 Detik 
Total Duration 145.77015590668 Detik 
------------------------- 
Tanggal: 26-10-2021 17:00:02 
Duration Download Forstok 15.828655958176 Detik
Duration Looping 700 Data 138.48386693001 Detik 
Total Duration 138.48397898674 Detik 
------------------------- 
Tanggal: 26-10-2021 17:05:01 
Duration Download Forstok 24.049200057983 Detik
Duration Looping 700 Data 140.97001194954 Detik 
Total Duration 140.97013115883 Detik 
------------------------- 
Tanggal: 26-10-2021 17:10:01 
Duration Download Forstok 17.405530929565 Detik
Duration Looping 700 Data 130.76986503601 Detik 
Total Duration 130.76997709274 Detik 
------------------------- 
Tanggal: 26-10-2021 17:15:01 
Duration Download Forstok 12.699826955795 Detik
Duration Looping 700 Data 126.40734505653 Detik 
Total Duration 126.40746808052 Detik 
------------------------- 
Tanggal: 26-10-2021 17:20:01 
Duration Download Forstok 13.182204961777 Detik
Duration Looping 700 Data 129.13546895981 Detik 
Total Duration 129.13558602333 Detik 
------------------------- 
Tanggal: 26-10-2021 17:25:01 
Duration Download Forstok 19.117027997971 Detik
Duration Looping 700 Data 133.97897720337 Detik 
Total Duration 133.9790930748 Detik 
------------------------- 
Tanggal: 26-10-2021 17:30:01 
Duration Download Forstok 14.64196896553 Detik
Duration Looping 700 Data 136.45095515251 Detik 
Total Duration 136.45106816292 Detik 
------------------------- 
Tanggal: 26-10-2021 17:35:01 
Duration Download Forstok 18.771864891052 Detik
Duration Looping 700 Data 138.15136194229 Detik 
Total Duration 138.15148305893 Detik 
------------------------- 
Tanggal: 26-10-2021 17:40:01 
Duration Download Forstok 10.106716871262 Detik
Duration Looping 700 Data 133.30409884453 Detik 
Total Duration 133.30421686172 Detik 
------------------------- 
Tanggal: 26-10-2021 17:45:01 
Duration Download Forstok 15.924512863159 Detik
Duration Looping 700 Data 129.94726896286 Detik 
Total Duration 129.94737291336 Detik 
------------------------- 
Tanggal: 26-10-2021 17:50:01 
Duration Download Forstok 13.118718862534 Detik
Duration Looping 700 Data 126.98025894165 Detik 
Total Duration 126.98038578033 Detik 
------------------------- 
Tanggal: 26-10-2021 17:55:01 
Duration Download Forstok 19.748531103134 Detik
Duration Looping 700 Data 138.52928709984 Detik 
Total Duration 138.52937722206 Detik 
------------------------- 
Tanggal: 26-10-2021 18:00:01 
Duration Download Forstok 11.087000131607 Detik
Duration Looping 700 Data 131.61142110825 Detik 
Total Duration 131.61155700684 Detik 
------------------------- 
Tanggal: 26-10-2021 18:05:01 
Duration Download Forstok 15.36327791214 Detik
Duration Looping 700 Data 129.08971905708 Detik 
Total Duration 129.08983302116 Detik 
------------------------- 
Tanggal: 26-10-2021 18:10:01 
Duration Download Forstok 23.923194169998 Detik
Duration Looping 700 Data 135.33088302612 Detik 
Total Duration 135.33098912239 Detik 
------------------------- 
Tanggal: 26-10-2021 18:15:01 
Duration Download Forstok 14.155421972275 Detik
Duration Looping 700 Data 135.31597304344 Detik 
Total Duration 135.31611084938 Detik 
------------------------- 
Tanggal: 26-10-2021 18:20:01 
Duration Download Forstok 13.723587036133 Detik
Duration Looping 700 Data 128.98423910141 Detik 
Total Duration 128.98434901237 Detik 
------------------------- 
Tanggal: 26-10-2021 18:25:01 
Duration Download Forstok 59.234492063522 Detik
Tanggal: 26-10-2021 18:30:01 
Duration Download Forstok 13.112750053406 Detik
Duration Looping 700 Data 130.41427707672 Detik 
Total Duration 130.41439604759 Detik 
------------------------- 
Tanggal: 26-10-2021 18:35:01 
Duration Download Forstok 14.734687805176 Detik
Duration Looping 700 Data 130.12159180641 Detik 
Total Duration 130.12167191505 Detik 
------------------------- 
Tanggal: 26-10-2021 18:40:01 
Duration Download Forstok 12.211198091507 Detik
Duration Looping 700 Data 128.41389989853 Detik 
Total Duration 128.4140150547 Detik 
------------------------- 
Tanggal: 26-10-2021 18:45:01 
Duration Download Forstok 18.822343111038 Detik
Duration Looping 700 Data 133.66776418686 Detik 
Total Duration 133.66789007187 Detik 
------------------------- 
Tanggal: 26-10-2021 18:50:01 
Duration Download Forstok 12.688570976257 Detik
Duration Looping 700 Data 124.23157000542 Detik 
Total Duration 124.23167705536 Detik 
------------------------- 
Tanggal: 26-10-2021 18:55:01 
Duration Download Forstok 19.467833995819 Detik
Duration Looping 700 Data 131.56890797615 Detik 
Total Duration 131.56902909279 Detik 
------------------------- 
Tanggal: 26-10-2021 19:00:01 
Duration Download Forstok 14.618532896042 Detik
Duration Looping 700 Data 128.80332803726 Detik 
Total Duration 128.80343794823 Detik 
------------------------- 
Tanggal: 26-10-2021 19:05:01 
Duration Download Forstok 17.600376844406 Detik
Duration Looping 700 Data 129.75222182274 Detik 
Total Duration 129.75233387947 Detik 
------------------------- 
Tanggal: 26-10-2021 19:10:01 
Duration Download Forstok 18.792109012604 Detik
Duration Looping 700 Data 137.77293181419 Detik 
Total Duration 137.77307200432 Detik 
------------------------- 
Tanggal: 26-10-2021 19:15:01 
Duration Download Forstok 12.412948846817 Detik
Duration Looping 700 Data 127.56070494652 Detik 
Total Duration 127.56078696251 Detik 
------------------------- 
Tanggal: 26-10-2021 19:20:01 
Duration Download Forstok 16.365951061249 Detik
Duration Looping 700 Data 132.157736063 Detik 
Total Duration 132.15784287453 Detik 
------------------------- 
Tanggal: 26-10-2021 19:25:01 
Duration Download Forstok 15.261906147003 Detik
Duration Looping 700 Data 136.760171175 Detik 
Total Duration 136.7602891922 Detik 
------------------------- 
Tanggal: 26-10-2021 19:30:01 
Duration Download Forstok 16.276830196381 Detik
Duration Looping 700 Data 128.98871397972 Detik 
Total Duration 128.98882699013 Detik 
------------------------- 
Tanggal: 26-10-2021 19:35:01 
Duration Download Forstok 28.372496128082 Detik
Duration Looping 700 Data 148.28368902206 Detik 
Total Duration 148.28383994102 Detik 
------------------------- 
Tanggal: 26-10-2021 19:40:01 
Duration Download Forstok 17.044558048248 Detik
Duration Looping 700 Data 133.20986700058 Detik 
Total Duration 133.20997810364 Detik 
------------------------- 
Tanggal: 26-10-2021 19:45:01 
Duration Download Forstok 11.40668797493 Detik
Duration Looping 700 Data 145.88959383965 Detik 
Total Duration 145.88968396187 Detik 
------------------------- 
Tanggal: 26-10-2021 19:50:01 
Duration Download Forstok 13.578118085861 Detik
Duration Looping 700 Data 131.66791391373 Detik 
Total Duration 131.66801905632 Detik 
------------------------- 
Tanggal: 26-10-2021 19:55:01 
Duration Download Forstok 13.034919023514 Detik
Duration Looping 700 Data 133.08934903145 Detik 
Total Duration 133.08947205544 Detik 
------------------------- 
Tanggal: 26-10-2021 20:00:01 
Duration Download Forstok 17.194939136505 Detik
Duration Looping 700 Data 134.2133409977 Detik 
Total Duration 134.21344614029 Detik 
------------------------- 
Tanggal: 26-10-2021 20:05:01 
Duration Download Forstok 20.403476953506 Detik
Duration Looping 700 Data 131.81020212173 Detik 
Total Duration 131.81031107903 Detik 
------------------------- 
Tanggal: 26-10-2021 20:10:01 
Duration Download Forstok 15.967626810074 Detik
Duration Looping 700 Data 132.56583380699 Detik 
Total Duration 132.56594491005 Detik 
------------------------- 
Tanggal: 26-10-2021 20:15:01 
Duration Download Forstok 13.696539878845 Detik
Duration Looping 700 Data 128.44822192192 Detik 
Total Duration 128.44832897186 Detik 
------------------------- 
Tanggal: 26-10-2021 20:20:01 
Duration Download Forstok 11.081313848495 Detik
Duration Looping 700 Data 124.1341240406 Detik 
Total Duration 124.13423895836 Detik 
------------------------- 
Tanggal: 26-10-2021 20:25:01 
Duration Download Forstok 24.063397884369 Detik
Duration Looping 700 Data 138.3297290802 Detik 
Total Duration 138.32984304428 Detik 
------------------------- 
Tanggal: 26-10-2021 20:30:01 
Duration Download Forstok 16.564025878906 Detik
Duration Looping 700 Data 134.26895284653 Detik 
Total Duration 134.26905298233 Detik 
------------------------- 
Tanggal: 26-10-2021 20:35:01 
Duration Download Forstok 21.143866062164 Detik
Duration Looping 700 Data 135.22867202759 Detik 
Total Duration 135.22879314423 Detik 
------------------------- 
Tanggal: 26-10-2021 20:40:01 
Duration Download Forstok 10.722957134247 Detik
Duration Looping 700 Data 131.65917801857 Detik 
Total Duration 131.65929508209 Detik 
------------------------- 
Tanggal: 26-10-2021 20:45:01 
Duration Download Forstok 22.562631845474 Detik
Duration Looping 700 Data 139.83323001862 Detik 
Total Duration 139.83334589005 Detik 
------------------------- 
Tanggal: 26-10-2021 20:50:01 
Duration Download Forstok 15.854254961014 Detik
Duration Looping 700 Data 127.50362300873 Detik 
Total Duration 127.50372004509 Detik 
------------------------- 
Tanggal: 26-10-2021 20:55:01 
Duration Download Forstok 16.778000116348 Detik
Duration Looping 700 Data 131.34066510201 Detik 
Total Duration 131.3407831192 Detik 
------------------------- 
Tanggal: 26-10-2021 21:00:01 
Duration Download Forstok 12.403367042542 Detik
Duration Looping 700 Data 132.86813807487 Detik 
Total Duration 132.8682539463 Detik 
------------------------- 
Tanggal: 26-10-2021 21:05:01 
Duration Download Forstok 18.38222694397 Detik
Duration Looping 700 Data 136.8800470829 Detik 
Total Duration 136.88015913963 Detik 
------------------------- 
Tanggal: 26-10-2021 21:10:01 
Duration Download Forstok 18.339791059494 Detik
Duration Looping 700 Data 132.35530018806 Detik 
Total Duration 132.35541915894 Detik 
------------------------- 
Tanggal: 26-10-2021 21:15:01 
Duration Download Forstok 15.929105997086 Detik
Duration Looping 700 Data 135.70620417595 Detik 
Total Duration 135.70632505417 Detik 
------------------------- 
Tanggal: 26-10-2021 21:20:02 
Duration Download Forstok 16.489147901535 Detik
Duration Looping 700 Data 134.8404750824 Detik 
Total Duration 134.84058690071 Detik 
------------------------- 
Tanggal: 26-10-2021 21:25:01 
Duration Download Forstok 17.035774946213 Detik
Duration Looping 700 Data 129.21138310432 Detik 
Total Duration 129.21150803566 Detik 
------------------------- 
Tanggal: 26-10-2021 21:30:01 
Duration Download Forstok 13.09993314743 Detik
Duration Looping 700 Data 136.70186805725 Detik 
Total Duration 136.7019879818 Detik 
------------------------- 
Tanggal: 26-10-2021 21:35:01 
Duration Download Forstok 24.375176906586 Detik
Duration Looping 700 Data 137.45369195938 Detik 
Total Duration 137.45380496979 Detik 
------------------------- 
Tanggal: 26-10-2021 21:40:01 
Duration Download Forstok 12.109358072281 Detik
Duration Looping 700 Data 128.64740800858 Detik 
Total Duration 128.64751505852 Detik 
------------------------- 
Tanggal: 26-10-2021 21:45:02 
Duration Download Forstok 15.743275165558 Detik
Duration Looping 700 Data 126.82728099823 Detik 
Total Duration 126.82744503021 Detik 
------------------------- 
Tanggal: 26-10-2021 21:50:01 
Duration Download Forstok 12.118403911591 Detik
Duration Looping 700 Data 124.32250881195 Detik 
Total Duration 124.32260680199 Detik 
------------------------- 
Tanggal: 26-10-2021 21:55:01 
Duration Download Forstok 19.913865804672 Detik
Duration Looping 700 Data 138.08961486816 Detik 
Total Duration 138.0896999836 Detik 
------------------------- 
Tanggal: 26-10-2021 22:00:01 
Duration Download Forstok 11.050612926483 Detik
Duration Looping 700 Data 128.72344899178 Detik 
Total Duration 128.72352910042 Detik 
------------------------- 
Tanggal: 26-10-2021 22:05:01 
Duration Download Forstok 13.154073953629 Detik
Duration Looping 700 Data 124.6789958477 Detik 
Total Duration 124.67907786369 Detik 
------------------------- 
Tanggal: 26-10-2021 22:10:01 
Duration Download Forstok 22.148205041885 Detik
Duration Looping 700 Data 138.20220184326 Detik 
Total Duration 138.20231103897 Detik 
------------------------- 
Tanggal: 26-10-2021 22:15:01 
Duration Download Forstok 14.88222193718 Detik
Duration Looping 700 Data 129.03796195984 Detik 
Total Duration 129.03804302216 Detik 
------------------------- 
Tanggal: 26-10-2021 22:20:01 
Duration Download Forstok 10.632961988449 Detik
Duration Looping 700 Data 127.99435186386 Detik 
Total Duration 127.99446296692 Detik 
------------------------- 
Tanggal: 26-10-2021 22:25:01 
Duration Download Forstok 13.834615945816 Detik
Duration Looping 700 Data 129.00239396095 Detik 
Total Duration 129.00249505043 Detik 
------------------------- 
Tanggal: 26-10-2021 22:30:01 
Duration Download Forstok 16.329029083252 Detik
Duration Looping 700 Data 130.82915711403 Detik 
Total Duration 130.82927298546 Detik 
------------------------- 
Tanggal: 26-10-2021 22:35:01 
Duration Download Forstok 23.433408975601 Detik
Duration Looping 700 Data 137.77711391449 Detik 
Total Duration 137.77722096443 Detik 
------------------------- 
Tanggal: 26-10-2021 22:40:01 
Duration Download Forstok 10.28202009201 Detik
Duration Looping 700 Data 129.72715401649 Detik 
Total Duration 129.72725701332 Detik 
------------------------- 
Tanggal: 26-10-2021 22:45:01 
Duration Download Forstok 12.247139930725 Detik
Duration Looping 700 Data 125.41455101967 Detik 
Total Duration 125.4146668911 Detik 
------------------------- 
Tanggal: 26-10-2021 22:50:01 
Duration Download Forstok 14.784840106964 Detik
Duration Looping 700 Data 125.52799391747 Detik 
Total Duration 125.52807211876 Detik 
------------------------- 
Tanggal: 26-10-2021 22:55:01 
Duration Download Forstok 22.048438072205 Detik
Duration Looping 700 Data 133.49286985397 Detik 
Total Duration 133.49300384521 Detik 
------------------------- 
Tanggal: 26-10-2021 23:00:01 
Duration Download Forstok 13.523929834366 Detik
Duration Looping 700 Data 130.5542948246 Detik 
Total Duration 130.55440592766 Detik 
------------------------- 
Tanggal: 26-10-2021 23:05:01 
Duration Download Forstok 18.680576086044 Detik
Duration Looping 700 Data 142.10696697235 Detik 
Total Duration 142.10708117485 Detik 
------------------------- 
Tanggal: 26-10-2021 23:10:01 
Duration Download Forstok 17.711838960648 Detik
Duration Looping 700 Data 128.65620493889 Detik 
Total Duration 128.6563141346 Detik 
------------------------- 
Tanggal: 26-10-2021 23:15:01 
Duration Download Forstok 20.479483127594 Detik
Duration Looping 700 Data 133.49375414848 Detik 
Total Duration 133.49386811256 Detik 
------------------------- 
Tanggal: 26-10-2021 23:20:01 
Duration Download Forstok 16.305703878403 Detik
Duration Looping 700 Data 130.42627191544 Detik 
Total Duration 130.42638087273 Detik 
------------------------- 
Tanggal: 26-10-2021 23:25:01 
Duration Download Forstok 12.979976892471 Detik
Duration Looping 700 Data 123.36869311333 Detik 
Total Duration 123.36880493164 Detik 
------------------------- 
Tanggal: 26-10-2021 23:30:01 
Duration Download Forstok 12.851182222366 Detik
Duration Looping 700 Data 122.72667312622 Detik 
Total Duration 122.72678399086 Detik 
------------------------- 
Tanggal: 26-10-2021 23:35:01 
Duration Download Forstok 20.958328008652 Detik
Duration Looping 700 Data 137.76952505112 Detik 
Total Duration 137.76964616776 Detik 
------------------------- 
Tanggal: 26-10-2021 23:40:01 
Duration Download Forstok 14.006499052048 Detik
Duration Looping 700 Data 125.8544011116 Detik 
Total Duration 125.85450792313 Detik 
------------------------- 
Tanggal: 26-10-2021 23:45:01 
Duration Download Forstok 17.790647029877 Detik
Duration Looping 700 Data 133.55998706818 Detik 
Total Duration 133.56010389328 Detik 
------------------------- 
Tanggal: 26-10-2021 23:50:01 
Duration Download Forstok 16.711868047714 Detik
Duration Looping 700 Data 143.9504981041 Detik 
Total Duration 143.9506111145 Detik 
------------------------- 
Tanggal: 26-10-2021 23:55:01 
Duration Download Forstok 22.414407968521 Detik
Duration Looping 700 Data 136.7861161232 Detik 
Total Duration 136.7862329483 Detik 
------------------------- 
