Tanggal: 09-04-2022 00:00:01 
Duration Download Forstok 15.093050956726 Detik
Duration Looping 700 Data 623.47760891914 Detik 
Total Duration 623.47858500481 Detik 
------------------------- 
Tanggal: 09-04-2022 00:15:01 
Duration Download Forstok 20.495748996735 Detik
Duration Looping 700 Data 192.26262998581 Detik 
Total Duration 192.26274394989 Detik 
------------------------- 
Tanggal: 09-04-2022 00:20:01 
Duration Download Forstok 14.69152712822 Detik
Duration Looping 700 Data 177.43449902534 Detik 
Total Duration 177.43461513519 Detik 
------------------------- 
Tanggal: 09-04-2022 00:25:01 
Duration Download Forstok 13.641266107559 Detik
Duration Looping 700 Data 181.25537014008 Detik 
Total Duration 181.25549316406 Detik 
------------------------- 
Tanggal: 09-04-2022 00:30:01 
Duration Download Forstok 16.984249830246 Detik
Duration Looping 700 Data 182.12355899811 Detik 
Total Duration 182.12366199493 Detik 
------------------------- 
Tanggal: 09-04-2022 00:35:02 
Duration Download Forstok 17.690045833588 Detik
Duration Looping 700 Data 180.81327295303 Detik 
Total Duration 180.81338787079 Detik 
------------------------- 
Tanggal: 09-04-2022 00:40:01 
Duration Download Forstok 13.171121120453 Detik
Duration Looping 700 Data 208.50865793228 Detik 
Total Duration 208.50877308846 Detik 
------------------------- 
Tanggal: 09-04-2022 00:45:01 
Duration Download Forstok 25.200166940689 Detik
Duration Looping 700 Data 188.35592985153 Detik 
Total Duration 188.3560359478 Detik 
------------------------- 
Tanggal: 09-04-2022 00:50:01 
Duration Download Forstok 14.639662027359 Detik
Duration Looping 700 Data 177.94580292702 Detik 
Total Duration 177.94595909119 Detik 
------------------------- 
Tanggal: 09-04-2022 00:55:01 
Duration Download Forstok 12.805932044983 Detik
Duration Looping 700 Data 177.19114494324 Detik 
Total Duration 177.19125199318 Detik 
------------------------- 
Tanggal: 09-04-2022 01:00:01 
Duration Download Forstok 17.258630990982 Detik
Duration Looping 700 Data 181.15979790688 Detik 
Total Duration 181.15990805626 Detik 
------------------------- 
Tanggal: 09-04-2022 01:05:01 
Duration Download Forstok 16.190756082535 Detik
Duration Looping 700 Data 184.02863502502 Detik 
Total Duration 184.02875304222 Detik 
------------------------- 
Tanggal: 09-04-2022 01:10:01 
Duration Download Forstok 22.260648012161 Detik
Duration Looping 700 Data 185.23614811897 Detik 
Total Duration 185.23626303673 Detik 
------------------------- 
Tanggal: 09-04-2022 01:15:01 
Duration Download Forstok 15.81986784935 Detik
Duration Looping 700 Data 180.9019138813 Detik 
Total Duration 180.90203404427 Detik 
------------------------- 
Tanggal: 09-04-2022 01:20:01 
Duration Download Forstok 15.910048961639 Detik
Duration Looping 700 Data 178.36962294579 Detik 
Total Duration 178.36974287033 Detik 
------------------------- 
Tanggal: 09-04-2022 01:25:01 
Duration Download Forstok 12.080414056778 Detik
Duration Looping 700 Data 170.28026199341 Detik 
Total Duration 170.28037500381 Detik 
------------------------- 
Tanggal: 09-04-2022 01:30:01 
Duration Download Forstok 13.457124948502 Detik
Duration Looping 700 Data 178.64691901207 Detik 
Total Duration 178.64703011513 Detik 
------------------------- 
Tanggal: 09-04-2022 01:35:01 
Duration Download Forstok 14.357287883759 Detik
Duration Looping 700 Data 173.15916800499 Detik 
Total Duration 173.15928292274 Detik 
------------------------- 
Tanggal: 09-04-2022 01:40:01 
Duration Download Forstok 13.860299825668 Detik
Duration Looping 700 Data 192.78717803955 Detik 
Total Duration 192.78729701042 Detik 
------------------------- 
Tanggal: 09-04-2022 01:45:01 
Duration Download Forstok 17.713326931 Detik
Duration Looping 700 Data 191.64393687248 Detik 
Total Duration 191.64405083656 Detik 
------------------------- 
Tanggal: 09-04-2022 01:50:01 
Duration Download Forstok 15.524094104767 Detik
Duration Looping 700 Data 180.70408010483 Detik 
Total Duration 180.70419502258 Detik 
------------------------- 
Tanggal: 09-04-2022 01:55:01 
Duration Download Forstok 16.742336988449 Detik
Duration Looping 700 Data 179.05668902397 Detik 
Total Duration 179.05680418015 Detik 
------------------------- 
Tanggal: 09-04-2022 02:00:01 
Duration Download Forstok 14.205940008163 Detik
Duration Looping 700 Data 186.54537296295 Detik 
Total Duration 186.54548811913 Detik 
------------------------- 
Tanggal: 09-04-2022 02:05:01 
Duration Download Forstok 18.148449897766 Detik
Duration Looping 700 Data 183.15961694717 Detik 
Total Duration 183.1597340107 Detik 
------------------------- 
Tanggal: 09-04-2022 02:10:01 
Duration Download Forstok 14.062242031097 Detik
Duration Looping 700 Data 182.15606808662 Detik 
Total Duration 182.15619301796 Detik 
------------------------- 
Tanggal: 09-04-2022 02:15:01 
Duration Download Forstok 17.095369100571 Detik
Duration Looping 700 Data 185.24793720245 Detik 
Total Duration 185.24805521965 Detik 
------------------------- 
Tanggal: 09-04-2022 02:20:01 
Duration Download Forstok 13.408541917801 Detik
Duration Looping 700 Data 180.48856711388 Detik 
Total Duration 180.48868703842 Detik 
------------------------- 
Tanggal: 09-04-2022 02:25:01 
Duration Download Forstok 12.600421905518 Detik
Duration Looping 700 Data 182.83019804955 Detik 
Total Duration 182.83031201363 Detik 
------------------------- 
Tanggal: 09-04-2022 02:30:01 
Duration Download Forstok 16.154799938202 Detik
Duration Looping 700 Data 176.26433897018 Detik 
Total Duration 176.26445293427 Detik 
------------------------- 
Tanggal: 09-04-2022 02:35:01 
Duration Download Forstok 18.819895982742 Detik
Duration Looping 700 Data 177.40647602081 Detik 
Total Duration 177.40659499168 Detik 
------------------------- 
Tanggal: 09-04-2022 02:40:02 
Duration Download Forstok 12.7512819767 Detik
Duration Looping 700 Data 184.37359499931 Detik 
Total Duration 184.3737180233 Detik 
------------------------- 
Tanggal: 09-04-2022 02:45:01 
Duration Download Forstok 18.462146997452 Detik
Duration Looping 700 Data 181.20927119255 Detik 
Total Duration 181.2093911171 Detik 
------------------------- 
Tanggal: 09-04-2022 02:50:01 
Duration Download Forstok 14.506258010864 Detik
Duration Looping 700 Data 178.00166106224 Detik 
Total Duration 178.00178313255 Detik 
------------------------- 
Tanggal: 09-04-2022 02:55:01 
Duration Download Forstok 14.470313072205 Detik
Duration Looping 700 Data 173.73093295097 Detik 
Total Duration 173.73105406761 Detik 
------------------------- 
Tanggal: 09-04-2022 03:00:01 
Duration Download Forstok 17.188475847244 Detik
Duration Looping 700 Data 186.83892798424 Detik 
Total Duration 186.83904385567 Detik 
------------------------- 
Tanggal: 09-04-2022 03:05:01 
Duration Download Forstok 16.055356025696 Detik
Duration Looping 700 Data 186.46152710915 Detik 
Total Duration 186.46164488792 Detik 
------------------------- 
Tanggal: 09-04-2022 03:10:01 
Duration Download Forstok 18.995625019073 Detik
Duration Looping 700 Data 183.82500505447 Detik 
Total Duration 183.82512307167 Detik 
------------------------- 
Tanggal: 09-04-2022 03:15:01 
Duration Download Forstok 15.813704967499 Detik
Duration Looping 700 Data 177.45257997513 Detik 
Total Duration 177.45269703865 Detik 
------------------------- 
Tanggal: 09-04-2022 03:20:01 
Duration Download Forstok 17.608911991119 Detik
Duration Looping 700 Data 192.89376091957 Detik 
Total Duration 192.89387893677 Detik 
------------------------- 
Tanggal: 09-04-2022 03:25:01 
Duration Download Forstok 12.781398057938 Detik
Duration Looping 700 Data 170.36462807655 Detik 
Total Duration 170.36474490166 Detik 
------------------------- 
Tanggal: 09-04-2022 03:30:01 
Duration Download Forstok 15.378884077072 Detik
Duration Looping 700 Data 178.49587011337 Detik 
Total Duration 178.4959871769 Detik 
------------------------- 
Tanggal: 09-04-2022 03:35:01 
Duration Download Forstok 14.461202859879 Detik
Duration Looping 700 Data 182.07216286659 Detik 
Total Duration 182.07227396965 Detik 
------------------------- 
Tanggal: 09-04-2022 03:40:01 
Duration Download Forstok 13.593076229095 Detik
Duration Looping 700 Data 174.75323009491 Detik 
Total Duration 174.75334811211 Detik 
------------------------- 
Tanggal: 09-04-2022 03:45:01 
Duration Download Forstok 15.059951066971 Detik
Duration Looping 700 Data 187.3022480011 Detik 
Total Duration 187.3023788929 Detik 
------------------------- 
Tanggal: 09-04-2022 03:50:01 
Duration Download Forstok 14.290813922882 Detik
Duration Looping 700 Data 178.20869112015 Detik 
Total Duration 178.20885109901 Detik 
------------------------- 
Tanggal: 09-04-2022 03:55:01 
Duration Download Forstok 12.098581075668 Detik
Duration Looping 700 Data 176.91719913483 Detik 
Total Duration 176.91731715202 Detik 
------------------------- 
Tanggal: 09-04-2022 04:00:01 
Duration Download Forstok 14.28345489502 Detik
Duration Looping 700 Data 174.86791586876 Detik 
Total Duration 174.8680357933 Detik 
------------------------- 
Tanggal: 09-04-2022 04:05:01 
Duration Download Forstok 16.863961935043 Detik
Duration Looping 700 Data 177.5879099369 Detik 
Total Duration 177.58803606033 Detik 
------------------------- 
Tanggal: 09-04-2022 04:10:01 
Duration Download Forstok 17.315973043442 Detik
Duration Looping 700 Data 179.26675105095 Detik 
Total Duration 179.26686501503 Detik 
------------------------- 
Tanggal: 09-04-2022 04:15:01 
Duration Download Forstok 15.170948982239 Detik
Duration Looping 700 Data 175.60720705986 Detik 
Total Duration 175.60732507706 Detik 
------------------------- 
Tanggal: 09-04-2022 04:20:01 
Duration Download Forstok 13.346325874329 Detik
Duration Looping 700 Data 175.36490178108 Detik 
Total Duration 175.36501193047 Detik 
------------------------- 
Tanggal: 09-04-2022 04:25:01 
Duration Download Forstok 12.130383014679 Detik
Duration Looping 700 Data 174.65702700615 Detik 
Total Duration 174.65715098381 Detik 
------------------------- 
Tanggal: 09-04-2022 04:30:01 
Duration Download Forstok 13.835026979446 Detik
Duration Looping 700 Data 179.92331981659 Detik 
Total Duration 179.92344093323 Detik 
------------------------- 
Tanggal: 09-04-2022 04:35:01 
Duration Download Forstok 18.437129974365 Detik
Duration Looping 700 Data 175.89918494225 Detik 
Total Duration 175.89929699898 Detik 
------------------------- 
Tanggal: 09-04-2022 04:40:01 
Duration Download Forstok 14.041177988052 Detik
Duration Looping 700 Data 172.51950788498 Detik 
Total Duration 172.5196158886 Detik 
------------------------- 
Tanggal: 09-04-2022 04:45:01 
Duration Download Forstok 21.108959913254 Detik
Duration Looping 700 Data 186.70109581947 Detik 
Total Duration 186.70120787621 Detik 
------------------------- 
Tanggal: 09-04-2022 04:50:01 
Duration Download Forstok 13.074439048767 Detik
Duration Looping 700 Data 172.96533799171 Detik 
Total Duration 172.96544718742 Detik 
------------------------- 
Tanggal: 09-04-2022 04:55:01 
Duration Download Forstok 12.27538394928 Detik
Duration Looping 700 Data 169.98286294937 Detik 
Total Duration 169.98298287392 Detik 
------------------------- 
Tanggal: 09-04-2022 05:00:01 
Duration Download Forstok 15.881991147995 Detik
Duration Looping 700 Data 175.58743619919 Detik 
Total Duration 175.58755803108 Detik 
------------------------- 
Tanggal: 09-04-2022 05:05:01 
Duration Download Forstok 13.987749099731 Detik
Duration Looping 700 Data 177.0538880825 Detik 
Total Duration 177.0540060997 Detik 
------------------------- 
Tanggal: 09-04-2022 05:10:01 
Duration Download Forstok 17.932518959045 Detik
Duration Looping 700 Data 184.41734790802 Detik 
Total Duration 184.41745996475 Detik 
------------------------- 
Tanggal: 09-04-2022 05:15:01 
Duration Download Forstok 14.613354921341 Detik
Duration Looping 700 Data 179.46976900101 Detik 
Total Duration 179.46991586685 Detik 
------------------------- 
Tanggal: 09-04-2022 05:20:01 
Duration Download Forstok 13.527302026749 Detik
Duration Looping 700 Data 181.97494697571 Detik 
Total Duration 181.97506093979 Detik 
------------------------- 
Tanggal: 09-04-2022 05:25:01 
Duration Download Forstok 14.058190107346 Detik
Duration Looping 700 Data 175.00756716728 Detik 
Total Duration 175.00769805908 Detik 
------------------------- 
Tanggal: 09-04-2022 05:30:01 
Duration Download Forstok 13.988707065582 Detik
Duration Looping 700 Data 176.2599170208 Detik 
Total Duration 176.26003694534 Detik 
------------------------- 
Tanggal: 09-04-2022 05:35:01 
Duration Download Forstok 16.163038015366 Detik
Duration Looping 700 Data 181.99830412865 Detik 
Total Duration 181.99841403961 Detik 
------------------------- 
Tanggal: 09-04-2022 05:40:01 
Duration Download Forstok 12.245934963226 Detik
Duration Looping 700 Data 180.53040790558 Detik 
Total Duration 180.53052902222 Detik 
------------------------- 
Tanggal: 09-04-2022 05:45:01 
Duration Download Forstok 13.825395107269 Detik
Duration Looping 700 Data 181.61299204826 Detik 
Total Duration 181.61310505867 Detik 
------------------------- 
Tanggal: 09-04-2022 05:50:01 
Duration Download Forstok 14.968993902206 Detik
Duration Looping 700 Data 182.11627602577 Detik 
Total Duration 182.11639094353 Detik 
------------------------- 
Tanggal: 09-04-2022 05:55:01 
Duration Download Forstok 12.813839912415 Detik
Duration Looping 700 Data 175.68483304977 Detik 
Total Duration 175.6849489212 Detik 
------------------------- 
Tanggal: 09-04-2022 06:00:01 
Duration Download Forstok 14.851806879044 Detik
Duration Looping 700 Data 191.2650949955 Detik 
Total Duration 191.26526594162 Detik 
------------------------- 
Tanggal: 09-04-2022 06:05:01 
Duration Download Forstok 14.109794855118 Detik
Duration Looping 700 Data 182.16714286804 Detik 
Total Duration 182.16725587845 Detik 
------------------------- 
Tanggal: 09-04-2022 06:10:01 
Duration Download Forstok 17.368870973587 Detik
Duration Looping 700 Data 183.67902112007 Detik 
Total Duration 183.67914009094 Detik 
------------------------- 
Tanggal: 09-04-2022 06:15:01 
Duration Download Forstok 14.116836071014 Detik
Duration Looping 700 Data 176.70294308662 Detik 
Total Duration 176.70306396484 Detik 
------------------------- 
Tanggal: 09-04-2022 06:20:01 
Duration Download Forstok 12.177343130112 Detik
Duration Looping 700 Data 174.73611998558 Detik 
Total Duration 174.73625016212 Detik 
------------------------- 
Tanggal: 09-04-2022 06:25:01 
Duration Download Forstok 12.660900115967 Detik
Duration Looping 700 Data 191.25248813629 Detik 
Total Duration 191.25259709358 Detik 
------------------------- 
Tanggal: 09-04-2022 06:30:01 
Duration Download Forstok 13.970202922821 Detik
Duration Looping 700 Data 189.73716402054 Detik 
Total Duration 189.73728108406 Detik 
------------------------- 
Tanggal: 09-04-2022 06:35:01 
Duration Download Forstok 18.233643054962 Detik
Duration Looping 700 Data 180.95089006424 Detik 
Total Duration 180.95100402832 Detik 
------------------------- 
Tanggal: 09-04-2022 06:40:01 
Duration Download Forstok 13.102519989014 Detik
Duration Looping 700 Data 177.57727599144 Detik 
Total Duration 177.57744193077 Detik 
------------------------- 
Tanggal: 09-04-2022 06:45:01 
Duration Download Forstok 21.292568922043 Detik
Duration Looping 700 Data 182.05219602585 Detik 
Total Duration 182.05230903625 Detik 
------------------------- 
Tanggal: 09-04-2022 06:50:01 
Duration Download Forstok 13.244803190231 Detik
Duration Looping 700 Data 185.87841320038 Detik 
Total Duration 185.87852907181 Detik 
------------------------- 
Tanggal: 09-04-2022 06:55:01 
Duration Download Forstok 15.750982046127 Detik
Duration Looping 700 Data 176.02375006676 Detik 
Total Duration 176.02393293381 Detik 
------------------------- 
Tanggal: 09-04-2022 07:00:01 
Duration Download Forstok 14.04092001915 Detik
Duration Looping 700 Data 180.60672593117 Detik 
Total Duration 180.60683703423 Detik 
------------------------- 
Tanggal: 09-04-2022 07:05:01 
Duration Download Forstok 14.938817977905 Detik
Duration Looping 700 Data 175.81643104553 Detik 
Total Duration 175.81654906273 Detik 
------------------------- 
Tanggal: 09-04-2022 07:10:01 
Duration Download Forstok 17.225523948669 Detik
Duration Looping 700 Data 181.35415291786 Detik 
Total Duration 181.35427689552 Detik 
------------------------- 
Tanggal: 09-04-2022 07:15:01 
Duration Download Forstok 15.988968133926 Detik
Duration Looping 700 Data 186.69350910187 Detik 
Total Duration 186.69364094734 Detik 
------------------------- 
Tanggal: 09-04-2022 07:20:01 
Duration Download Forstok 16.851732969284 Detik
Duration Looping 700 Data 182.33908009529 Detik 
Total Duration 182.33919095993 Detik 
------------------------- 
Tanggal: 09-04-2022 07:25:01 
Duration Download Forstok 12.42779302597 Detik
Duration Looping 700 Data 172.75065302849 Detik 
Total Duration 172.75076985359 Detik 
------------------------- 
Tanggal: 09-04-2022 07:30:01 
Duration Download Forstok 17.587078094482 Detik
Duration Looping 700 Data 184.97019600868 Detik 
Total Duration 184.9703130722 Detik 
------------------------- 
Tanggal: 09-04-2022 07:35:01 
Duration Download Forstok 12.480167150497 Detik
Duration Looping 700 Data 173.6097471714 Detik 
Total Duration 173.60986113548 Detik 
------------------------- 
Tanggal: 09-04-2022 07:40:01 
Duration Download Forstok 33.918965816498 Detik
Duration Looping 700 Data 205.59232497215 Detik 
Total Duration 205.59243679047 Detik 
------------------------- 
Tanggal: 09-04-2022 07:45:01 
Duration Download Forstok 22.662316083908 Detik
Duration Looping 700 Data 186.97107815742 Detik 
Total Duration 186.9712331295 Detik 
------------------------- 
Tanggal: 09-04-2022 07:50:01 
Duration Download Forstok 17.496062994003 Detik
Duration Looping 700 Data 194.9551320076 Detik 
Total Duration 194.9552488327 Detik 
------------------------- 
Tanggal: 09-04-2022 07:55:01 
Duration Download Forstok 12.775299072266 Detik
Duration Looping 700 Data 181.17796206474 Detik 
Total Duration 181.17807793617 Detik 
------------------------- 
Tanggal: 09-04-2022 08:00:01 
Duration Download Forstok 15.053344011307 Detik
Duration Looping 700 Data 190.0833530426 Detik 
Total Duration 190.08347296715 Detik 
------------------------- 
Tanggal: 09-04-2022 08:05:01 
Duration Download Forstok 17.087718963623 Detik
Duration Looping 700 Data 187.03215694427 Detik 
Total Duration 187.03227591515 Detik 
------------------------- 
Tanggal: 09-04-2022 08:10:01 
Duration Download Forstok 20.425354957581 Detik
Duration Looping 700 Data 193.12001681328 Detik 
Total Duration 193.12013697624 Detik 
------------------------- 
Tanggal: 09-04-2022 08:15:01 
Duration Download Forstok 14.579670906067 Detik
Duration Looping 700 Data 187.30083394051 Detik 
Total Duration 187.30092096329 Detik 
------------------------- 
Tanggal: 09-04-2022 08:20:01 
Duration Download Forstok 15.760303974152 Detik
Duration Looping 700 Data 193.18053388596 Detik 
Total Duration 193.18063998222 Detik 
------------------------- 
Tanggal: 09-04-2022 08:25:01 
Duration Download Forstok 11.906033992767 Detik
Duration Looping 700 Data 184.52084112167 Detik 
Total Duration 184.52095913887 Detik 
------------------------- 
Tanggal: 09-04-2022 08:30:01 
Duration Download Forstok 18.797344923019 Detik
Duration Looping 700 Data 196.18164896965 Detik 
Total Duration 196.18178391457 Detik 
------------------------- 
Tanggal: 09-04-2022 08:35:01 
Duration Download Forstok 15.628443002701 Detik
Duration Looping 700 Data 195.07689404488 Detik 
Total Duration 195.07701396942 Detik 
------------------------- 
Tanggal: 09-04-2022 08:40:01 
Duration Download Forstok 21.070428848267 Detik
Duration Looping 700 Data 201.35665988922 Detik 
Total Duration 201.35678696632 Detik 
------------------------- 
Tanggal: 09-04-2022 08:45:01 
Duration Download Forstok 23.041997909546 Detik
Duration Looping 700 Data 196.09730291367 Detik 
Total Duration 196.09742212296 Detik 
------------------------- 
Tanggal: 09-04-2022 08:50:01 
Duration Download Forstok 15.223091125488 Detik
Duration Looping 700 Data 192.8882651329 Detik 
Total Duration 192.88838601112 Detik 
------------------------- 
Tanggal: 09-04-2022 08:55:01 
Duration Download Forstok 16.5694668293 Detik
Duration Looping 700 Data 195.54110479355 Detik 
Total Duration 195.54120278358 Detik 
------------------------- 
Tanggal: 09-04-2022 09:00:01 
Duration Download Forstok 16.777368068695 Detik
Duration Looping 700 Data 195.15047693253 Detik 
Total Duration 195.15056300163 Detik 
------------------------- 
Tanggal: 09-04-2022 09:05:01 
Duration Download Forstok 13.834542036057 Detik
Duration Looping 700 Data 185.94067692757 Detik 
Total Duration 185.94080305099 Detik 
------------------------- 
Tanggal: 09-04-2022 09:10:01 
Duration Download Forstok 14.849496841431 Detik
Duration Looping 700 Data 193.07197284698 Detik 
Total Duration 193.07210183144 Detik 
------------------------- 
Tanggal: 09-04-2022 09:15:01 
Duration Download Forstok 18.546190023422 Detik
Duration Looping 700 Data 196.00422596931 Detik 
Total Duration 196.00437188148 Detik 
------------------------- 
Tanggal: 09-04-2022 09:20:01 
Duration Download Forstok 12.33918094635 Detik
Duration Looping 700 Data 182.10652589798 Detik 
Total Duration 182.10661792755 Detik 
------------------------- 
Tanggal: 09-04-2022 09:25:01 
Duration Download Forstok 28.781570911407 Detik
Duration Looping 700 Data 200.11469006538 Detik 
Total Duration 200.11480593681 Detik 
------------------------- 
Tanggal: 09-04-2022 09:30:01 
Duration Download Forstok 15.970255851746 Detik
Duration Looping 700 Data 192.16923189163 Detik 
Total Duration 192.16937398911 Detik 
------------------------- 
Tanggal: 09-04-2022 09:35:01 
Duration Download Forstok 17.287405014038 Detik
Duration Looping 700 Data 188.82221007347 Detik 
Total Duration 188.82232117653 Detik 
------------------------- 
Tanggal: 09-04-2022 09:40:01 
Duration Download Forstok 21.112121105194 Detik
Duration Looping 700 Data 196.50607991219 Detik 
Total Duration 196.5062019825 Detik 
------------------------- 
Tanggal: 09-04-2022 09:45:01 
Duration Download Forstok 19.005964040756 Detik
Duration Looping 700 Data 194.96609902382 Detik 
Total Duration 194.96620106697 Detik 
------------------------- 
Tanggal: 09-04-2022 09:50:01 
Duration Download Forstok 14.892561197281 Detik
Duration Looping 700 Data 192.70752501488 Detik 
Total Duration 192.70761203766 Detik 
------------------------- 
Tanggal: 09-04-2022 09:55:01 
Duration Download Forstok 11.382833003998 Detik
Duration Looping 700 Data 185.90190410614 Detik 
Total Duration 185.9020152092 Detik 
------------------------- 
Tanggal: 09-04-2022 10:00:01 
Duration Download Forstok 22.109143018723 Detik
Duration Looping 700 Data 200.6770939827 Detik 
Total Duration 200.67720794678 Detik 
------------------------- 
Tanggal: 09-04-2022 10:05:01 
Duration Download Forstok 14.98260307312 Detik
Duration Looping 700 Data 193.00742197037 Detik 
Total Duration 193.00753998756 Detik 
------------------------- 
Tanggal: 09-04-2022 10:10:01 
Duration Download Forstok 15.30140209198 Detik
Duration Looping 700 Data 199.97686600685 Detik 
Total Duration 199.97700500488 Detik 
------------------------- 
Tanggal: 09-04-2022 10:15:01 
Duration Download Forstok 14.249831914902 Detik
Duration Looping 700 Data 193.80543804169 Detik 
Total Duration 193.80553007126 Detik 
------------------------- 
Tanggal: 09-04-2022 10:20:01 
Duration Download Forstok 16.976141929626 Detik
Duration Looping 700 Data 196.42573404312 Detik 
Total Duration 196.4258480072 Detik 
------------------------- 
Tanggal: 09-04-2022 10:25:01 
Duration Download Forstok 37.773337841034 Detik
Duration Looping 700 Data 215.69351887703 Detik 
Total Duration 215.69367003441 Detik 
------------------------- 
Tanggal: 09-04-2022 10:30:01 
Duration Download Forstok 15.43347120285 Detik
Duration Looping 700 Data 193.67275214195 Detik 
Total Duration 193.67287302017 Detik 
------------------------- 
Tanggal: 09-04-2022 10:35:01 
Duration Download Forstok 15.493327856064 Detik
Duration Looping 700 Data 184.84066700935 Detik 
Total Duration 184.84079289436 Detik 
------------------------- 
Tanggal: 09-04-2022 10:40:02 
Duration Download Forstok 13.990489006042 Detik
Duration Looping 700 Data 190.02939486504 Detik 
Total Duration 190.0295009613 Detik 
------------------------- 
Tanggal: 09-04-2022 10:45:01 
Duration Download Forstok 16.439758062363 Detik
Duration Looping 700 Data 220.65295290947 Detik 
Total Duration 220.65304994583 Detik 
------------------------- 
Tanggal: 09-04-2022 10:50:01 
Duration Download Forstok 20.859097003937 Detik
Duration Looping 700 Data 198.86481380463 Detik 
Total Duration 198.86492681503 Detik 
------------------------- 
Tanggal: 09-04-2022 10:55:01 
Duration Download Forstok 15.09250497818 Detik
Duration Looping 700 Data 187.94277596474 Detik 
Total Duration 187.94286608696 Detik 
------------------------- 
Tanggal: 09-04-2022 11:00:01 
Duration Download Forstok 14.907624959946 Detik
Duration Looping 700 Data 193.14192891121 Detik 
Total Duration 193.14204907417 Detik 
------------------------- 
Tanggal: 09-04-2022 11:05:01 
Duration Download Forstok 33.143098831177 Detik
Duration Looping 700 Data 213.73474383354 Detik 
Total Duration 213.73486185074 Detik 
------------------------- 
Tanggal: 09-04-2022 11:10:01 
Duration Download Forstok 20.991044044495 Detik
Duration Looping 700 Data 192.71175289154 Detik 
Total Duration 192.71187090874 Detik 
------------------------- 
Tanggal: 09-04-2022 11:15:01 
Duration Download Forstok 23.110314846039 Detik
Duration Looping 700 Data 198.74603295326 Detik 
Total Duration 198.74614977837 Detik 
------------------------- 
Tanggal: 09-04-2022 11:20:01 
Duration Download Forstok 22.22535610199 Detik
Duration Looping 700 Data 195.45739006996 Detik 
Total Duration 195.45750498772 Detik 
------------------------- 
Tanggal: 09-04-2022 11:25:01 
Duration Download Forstok 12.702847957611 Detik
Duration Looping 700 Data 192.58025503159 Detik 
Total Duration 192.58036804199 Detik 
------------------------- 
Tanggal: 09-04-2022 11:30:01 
Duration Download Forstok 14.508620023727 Detik
Duration Looping 700 Data 190.06237602234 Detik 
Total Duration 190.06248307228 Detik 
------------------------- 
Tanggal: 09-04-2022 11:35:01 
Duration Download Forstok 16.276280164719 Detik
Duration Looping 700 Data 187.8303232193 Detik 
Total Duration 187.83043622971 Detik 
------------------------- 
Tanggal: 09-04-2022 11:40:01 
Duration Download Forstok 13.593729019165 Detik
Duration Looping 700 Data 187.51093196869 Detik 
Total Duration 187.51106595993 Detik 
------------------------- 
Tanggal: 09-04-2022 11:45:01 
Duration Download Forstok 18.237550973892 Detik
Duration Looping 700 Data 194.93313980103 Detik 
Total Duration 194.93325901031 Detik 
------------------------- 
Tanggal: 09-04-2022 11:50:01 
Duration Download Forstok 12.528498888016 Detik
Duration Looping 700 Data 189.91026997566 Detik 
Total Duration 189.91040682793 Detik 
------------------------- 
Tanggal: 09-04-2022 11:55:01 
Duration Download Forstok 13.328070878983 Detik
Duration Looping 700 Data 186.20060992241 Detik 
Total Duration 186.2007329464 Detik 
------------------------- 
Tanggal: 09-04-2022 12:00:01 
Duration Download Forstok 18.410006046295 Detik
Duration Looping 700 Data 212.11334300041 Detik 
Total Duration 212.11344599724 Detik 
------------------------- 
Tanggal: 09-04-2022 12:05:01 
Duration Download Forstok 16.903119087219 Detik
Duration Looping 700 Data 189.11022114754 Detik 
Total Duration 189.11034417152 Detik 
------------------------- 
Tanggal: 09-04-2022 12:10:01 
Duration Download Forstok 17.369804859161 Detik
Duration Looping 700 Data 195.90214681625 Detik 
Total Duration 195.90226483345 Detik 
------------------------- 
Tanggal: 09-04-2022 12:15:01 
Duration Download Forstok 20.797039985657 Detik
Duration Looping 700 Data 199.40316104889 Detik 
Total Duration 199.40330004692 Detik 
------------------------- 
Tanggal: 09-04-2022 12:20:01 
Duration Download Forstok 38.667968988419 Detik
Duration Looping 700 Data 218.26802206039 Detik 
Total Duration 218.26814317703 Detik 
------------------------- 
Tanggal: 09-04-2022 12:25:01 
Duration Download Forstok 22.377420186996 Detik
Duration Looping 700 Data 198.99990105629 Detik 
Total Duration 199.00002813339 Detik 
------------------------- 
Tanggal: 09-04-2022 12:30:01 
Duration Download Forstok 17.484215974808 Detik
Duration Looping 700 Data 198.14430594444 Detik 
Total Duration 198.14442586899 Detik 
------------------------- 
Tanggal: 09-04-2022 12:35:01 
Duration Download Forstok 11.251241922379 Detik
Duration Looping 700 Data 184.90270996094 Detik 
Total Duration 184.90284395218 Detik 
------------------------- 
Tanggal: 09-04-2022 12:40:01 
Duration Download Forstok 17.884953022003 Detik
Duration Looping 700 Data 190.04882097244 Detik 
Total Duration 190.04894900322 Detik 
------------------------- 
Tanggal: 09-04-2022 12:45:01 
Duration Download Forstok 24.337769031525 Detik
Duration Looping 700 Data 199.42550706863 Detik 
Total Duration 199.42562508583 Detik 
------------------------- 
Tanggal: 09-04-2022 12:50:01 
Duration Download Forstok 11.989462852478 Detik
Duration Looping 700 Data 186.51925587654 Detik 
Total Duration 186.5193810463 Detik 
------------------------- 
Tanggal: 09-04-2022 12:55:01 
Duration Download Forstok 16.776432991028 Detik
Duration Looping 700 Data 193.11285805702 Detik 
Total Duration 193.11297702789 Detik 
------------------------- 
Tanggal: 09-04-2022 13:00:01 
Duration Download Forstok 39.428171873093 Detik
Duration Looping 700 Data 209.24033904076 Detik 
Total Duration 209.24045801163 Detik 
------------------------- 
Tanggal: 09-04-2022 13:05:01 
Duration Download Forstok 38.731315135956 Detik
Duration Looping 700 Data 217.7971739769 Detik 
Total Duration 217.79733610153 Detik 
------------------------- 
Tanggal: 09-04-2022 13:10:01 
Duration Download Forstok 24.177505016327 Detik
Duration Looping 700 Data 188.78352713585 Detik 
Total Duration 188.78365302086 Detik 
------------------------- 
Tanggal: 09-04-2022 13:15:01 
Duration Download Forstok 20.515630960464 Detik
Duration Looping 700 Data 196.22421717644 Detik 
Total Duration 196.22432899475 Detik 
------------------------- 
Tanggal: 09-04-2022 13:20:01 
Duration Download Forstok 19.535879135132 Detik
Duration Looping 700 Data 194.11825299263 Detik 
Total Duration 194.11837005615 Detik 
------------------------- 
Tanggal: 09-04-2022 13:25:01 
Duration Download Forstok 13.872184038162 Detik
Duration Looping 700 Data 184.13453412056 Detik 
Total Duration 184.13466405869 Detik 
------------------------- 
Tanggal: 09-04-2022 13:30:01 
Duration Download Forstok 14.405958890915 Detik
Duration Looping 700 Data 182.30051589012 Detik 
Total Duration 182.30063891411 Detik 
------------------------- 
Tanggal: 09-04-2022 13:35:01 
Duration Download Forstok 20.594294071198 Detik
Duration Looping 700 Data 186.38095784187 Detik 
Total Duration 186.38107395172 Detik 
------------------------- 
Tanggal: 09-04-2022 13:40:01 
Duration Download Forstok 18.782980203629 Detik
Duration Looping 700 Data 184.5023150444 Detik 
Total Duration 184.5024330616 Detik 
------------------------- 
Tanggal: 09-04-2022 13:45:01 
Duration Download Forstok 38.71145606041 Detik
Duration Looping 700 Data 205.6698410511 Detik 
Total Duration 205.6699590683 Detik 
------------------------- 
Tanggal: 09-04-2022 13:50:01 
Duration Download Forstok 36.415319919586 Detik
Duration Looping 700 Data 204.7947010994 Detik 
Total Duration 204.79482698441 Detik 
------------------------- 
Tanggal: 09-04-2022 13:55:01 
Duration Download Forstok 31.326459169388 Detik
Duration Looping 700 Data 209.12058901787 Detik 
Total Duration 209.12070608139 Detik 
------------------------- 
Tanggal: 09-04-2022 14:00:01 
Duration Download Forstok 20.228153944016 Detik
Duration Looping 700 Data 192.53270602226 Detik 
Total Duration 192.53282904625 Detik 
------------------------- 
Tanggal: 09-04-2022 14:05:01 
Duration Download Forstok 27.34970498085 Detik
Duration Looping 700 Data 197.71911787987 Detik 
Total Duration 197.71923899651 Detik 
------------------------- 
Tanggal: 09-04-2022 14:10:01 
Duration Download Forstok 23.297325134277 Detik
Duration Looping 700 Data 191.44870400429 Detik 
Total Duration 191.44882202148 Detik 
------------------------- 
Tanggal: 09-04-2022 14:15:01 
Duration Download Forstok 27.018648862839 Detik
Duration Looping 700 Data 192.42291808128 Detik 
Total Duration 192.4230389595 Detik 
------------------------- 
Tanggal: 09-04-2022 14:20:01 
Duration Download Forstok 13.378688097 Detik
Duration Looping 700 Data 187.66123604774 Detik 
Total Duration 187.66135406494 Detik 
------------------------- 
Tanggal: 09-04-2022 14:25:01 
Duration Download Forstok 13.059096097946 Detik
Duration Looping 700 Data 179.74466991425 Detik 
Total Duration 179.74478793144 Detik 
------------------------- 
Tanggal: 09-04-2022 14:30:01 
Duration Download Forstok 16.598083972931 Detik
Duration Looping 700 Data 184.24373698235 Detik 
Total Duration 184.24385094643 Detik 
------------------------- 
Tanggal: 09-04-2022 14:35:01 
Duration Download Forstok 28.306514024734 Detik
Duration Looping 700 Data 191.55032896996 Detik 
Total Duration 191.5504629612 Detik 
------------------------- 
Tanggal: 09-04-2022 14:40:01 
Duration Download Forstok 40.689142942429 Detik
Duration Looping 700 Data 209.85951590538 Detik 
Total Duration 209.85963988304 Detik 
------------------------- 
Tanggal: 09-04-2022 14:45:01 
Duration Download Forstok 42.433479070663 Detik
Duration Looping 700 Data 203.85626006126 Detik 
Total Duration 203.85639500618 Detik 
------------------------- 
Tanggal: 09-04-2022 14:50:01 
Duration Download Forstok 38.510468959808 Detik
Duration Looping 700 Data 206.20958995819 Detik 
Total Duration 206.20971107483 Detik 
------------------------- 
Tanggal: 09-04-2022 14:55:01 
Duration Download Forstok 43.251343011856 Detik
Duration Looping 700 Data 221.44090509415 Detik 
Total Duration 221.44103193283 Detik 
------------------------- 
Tanggal: 09-04-2022 15:00:01 
Duration Download Forstok 36.418009996414 Detik
Duration Looping 700 Data 206.04154396057 Detik 
Total Duration 206.0416738987 Detik 
------------------------- 
Tanggal: 09-04-2022 15:05:01 
Duration Download Forstok 53.327763080597 Detik
Duration Looping 700 Data 216.17501401901 Detik 
Total Duration 216.17513203621 Detik 
------------------------- 
Tanggal: 09-04-2022 15:10:01 
Duration Download Forstok 44.419783115387 Detik
Duration Looping 700 Data 218.17433595657 Detik 
Total Duration 218.17445397377 Detik 
------------------------- 
Tanggal: 09-04-2022 15:15:01 
Duration Download Forstok 32.587309122086 Detik
Duration Looping 700 Data 201.7295191288 Detik 
Total Duration 201.72963809967 Detik 
------------------------- 
Tanggal: 09-04-2022 15:20:01 
Duration Download Forstok 37.582006931305 Detik
Duration Looping 700 Data 210.26515507698 Detik 
Total Duration 210.26528286934 Detik 
------------------------- 
Tanggal: 09-04-2022 15:25:01 
Duration Download Forstok 50.782763957977 Detik
Duration Looping 700 Data 211.43942689896 Detik 
Total Duration 211.43954801559 Detik 
------------------------- 
Tanggal: 09-04-2022 15:30:01 
Duration Download Forstok 31.820734977722 Detik
Duration Looping 700 Data 206.62323999405 Detik 
Total Duration 206.62336087227 Detik 
------------------------- 
Tanggal: 09-04-2022 15:35:01 
Duration Download Forstok 44.615382909775 Detik
Duration Looping 700 Data 209.37528800964 Detik 
Total Duration 209.37540698051 Detik 
------------------------- 
Tanggal: 09-04-2022 15:40:01 
Duration Download Forstok 35.276426076889 Detik
Duration Looping 700 Data 210.74347805977 Detik 
Total Duration 210.74359798431 Detik 
------------------------- 
Tanggal: 09-04-2022 15:45:01 
Duration Download Forstok 38.974349021912 Detik
Duration Looping 700 Data 207.07026696205 Detik 
Total Duration 207.07040095329 Detik 
------------------------- 
Tanggal: 09-04-2022 15:50:01 
Duration Download Forstok 39.174556016922 Detik
Duration Looping 700 Data 218.74364089966 Detik 
Total Duration 218.74375700951 Detik 
------------------------- 
Tanggal: 09-04-2022 15:55:01 
Duration Download Forstok 32.078355789185 Detik
Duration Looping 700 Data 207.29739189148 Detik 
Total Duration 207.29752087593 Detik 
------------------------- 
Tanggal: 09-04-2022 16:00:01 
Duration Download Forstok 36.972429990768 Detik
Duration Looping 700 Data 200.36941599846 Detik 
Total Duration 200.36955118179 Detik 
------------------------- 
Tanggal: 09-04-2022 16:05:01 
Duration Download Forstok 32.604939937592 Detik
Duration Looping 700 Data 202.34972691536 Detik 
Total Duration 202.34986305237 Detik 
------------------------- 
Tanggal: 09-04-2022 16:10:01 
Duration Download Forstok 27.897905826569 Detik
Duration Looping 700 Data 204.10628986359 Detik 
Total Duration 204.10640883446 Detik 
------------------------- 
Tanggal: 09-04-2022 16:15:01 
Duration Download Forstok 35.944365024567 Detik
Duration Looping 700 Data 203.92052793503 Detik 
Total Duration 203.92064785957 Detik 
------------------------- 
Tanggal: 09-04-2022 16:20:01 
Duration Download Forstok 31.513125181198 Detik
Duration Looping 700 Data 205.22391700745 Detik 
Total Duration 205.22404718399 Detik 
------------------------- 
Tanggal: 09-04-2022 16:25:01 
Duration Download Forstok 28.556372880936 Detik
Duration Looping 700 Data 197.59969186783 Detik 
Total Duration 197.59980893135 Detik 
------------------------- 
Tanggal: 09-04-2022 16:30:01 
Duration Download Forstok 27.545315980911 Detik
Duration Looping 700 Data 201.94036006927 Detik 
Total Duration 201.94048404694 Detik 
------------------------- 
Tanggal: 09-04-2022 16:35:01 
Duration Download Forstok 21.482758045197 Detik
Duration Looping 700 Data 192.08499002457 Detik 
Total Duration 192.0851111412 Detik 
------------------------- 
Tanggal: 09-04-2022 16:40:01 
Duration Download Forstok 24.894617795944 Detik
Duration Looping 700 Data 198.65932178497 Detik 
Total Duration 198.65944290161 Detik 
------------------------- 
Tanggal: 09-04-2022 16:45:01 
Duration Download Forstok 15.619166851044 Detik
Duration Looping 700 Data 197.4285428524 Detik 
Total Duration 197.42868685722 Detik 
------------------------- 
Tanggal: 09-04-2022 16:50:01 
Duration Download Forstok 34.567999124527 Detik
Duration Looping 700 Data 197.73684000969 Detik 
Total Duration 197.73694396019 Detik 
------------------------- 
Tanggal: 09-04-2022 16:55:01 
Duration Download Forstok 28.591268062592 Detik
Duration Looping 700 Data 209.7525229454 Detik 
Total Duration 209.75264906883 Detik 
------------------------- 
Tanggal: 09-04-2022 17:00:01 
Duration Download Forstok 33.590441942215 Detik
Duration Looping 700 Data 211.93791508675 Detik 
Total Duration 211.93803191185 Detik 
------------------------- 
Tanggal: 09-04-2022 17:05:01 
Duration Download Forstok 19.568659067154 Detik
Duration Looping 700 Data 180.79344105721 Detik 
Total Duration 180.79356622696 Detik 
------------------------- 
Tanggal: 09-04-2022 17:10:01 
Duration Download Forstok 17.722343206406 Detik
Duration Looping 700 Data 185.80681109428 Detik 
Total Duration 185.80692315102 Detik 
------------------------- 
Tanggal: 09-04-2022 17:15:01 
Duration Download Forstok 16.534292936325 Detik
Duration Looping 700 Data 186.10702180862 Detik 
Total Duration 186.10713481903 Detik 
------------------------- 
Tanggal: 09-04-2022 17:20:01 
Duration Download Forstok 15.866423130035 Detik
Duration Looping 700 Data 196.94084215164 Detik 
Total Duration 196.94098711014 Detik 
------------------------- 
Tanggal: 09-04-2022 17:25:01 
Duration Download Forstok 14.061924934387 Detik
Duration Looping 700 Data 178.88488698006 Detik 
Total Duration 178.88501596451 Detik 
------------------------- 
Tanggal: 09-04-2022 17:30:01 
Duration Download Forstok 23.109882116318 Detik
Duration Looping 700 Data 187.55872011185 Detik 
Total Duration 187.55883908272 Detik 
------------------------- 
Tanggal: 09-04-2022 17:35:01 
Duration Download Forstok 16.960911989212 Detik
Duration Looping 700 Data 179.59229302406 Detik 
Total Duration 179.59241485596 Detik 
------------------------- 
Tanggal: 09-04-2022 17:40:01 
Duration Download Forstok 20.038594961166 Detik
Duration Looping 700 Data 187.43952703476 Detik 
Total Duration 187.43964910507 Detik 
------------------------- 
Tanggal: 09-04-2022 17:45:01 
Duration Download Forstok 31.790250062943 Detik
Duration Looping 700 Data 199.45039606094 Detik 
Total Duration 199.45051717758 Detik 
------------------------- 
Tanggal: 09-04-2022 17:50:01 
Duration Download Forstok 16.962795972824 Detik
Duration Looping 700 Data 182.79649090767 Detik 
Total Duration 182.79660797119 Detik 
------------------------- 
Tanggal: 09-04-2022 17:55:01 
Duration Download Forstok 14.176399946213 Detik
Duration Looping 700 Data 179.08241915703 Detik 
Total Duration 179.08254408836 Detik 
------------------------- 
Tanggal: 09-04-2022 18:00:01 
Duration Download Forstok 15.285616874695 Detik
Duration Looping 700 Data 179.21448683739 Detik 
Total Duration 179.21460795403 Detik 
------------------------- 
Tanggal: 09-04-2022 18:05:01 
Duration Download Forstok 15.709568977356 Detik
Duration Looping 700 Data 176.64966917038 Detik 
Total Duration 176.64979195595 Detik 
------------------------- 
Tanggal: 09-04-2022 18:10:01 
Duration Download Forstok 26.538524866104 Detik
Duration Looping 700 Data 189.7897708416 Detik 
Total Duration 189.78988385201 Detik 
------------------------- 
Tanggal: 09-04-2022 18:15:01 
Duration Download Forstok 17.571499109268 Detik
Duration Looping 700 Data 193.91981816292 Detik 
Total Duration 193.91993904114 Detik 
------------------------- 
Tanggal: 09-04-2022 18:20:01 
Duration Download Forstok 15.033869028091 Detik
Duration Looping 700 Data 179.99441313744 Detik 
Total Duration 179.99454212189 Detik 
------------------------- 
Tanggal: 09-04-2022 18:25:01 
Duration Download Forstok 13.211741924286 Detik
Duration Looping 700 Data 188.02871394157 Detik 
Total Duration 188.02883601189 Detik 
------------------------- 
Tanggal: 09-04-2022 18:30:01 
Duration Download Forstok 20.09742808342 Detik
Duration Looping 700 Data 191.83570504189 Detik 
Total Duration 191.83581709862 Detik 
------------------------- 
Tanggal: 09-04-2022 18:35:01 
Duration Download Forstok 15.798209905624 Detik
Duration Looping 700 Data 178.54244089127 Detik 
Total Duration 178.54256796837 Detik 
------------------------- 
Tanggal: 09-04-2022 18:40:01 
Duration Download Forstok 14.631695985794 Detik
Duration Looping 700 Data 180.85526108742 Detik 
Total Duration 180.85537004471 Detik 
------------------------- 
Tanggal: 09-04-2022 18:45:01 
Duration Download Forstok 19.896693944931 Detik
Duration Looping 700 Data 197.50037288666 Detik 
Total Duration 197.50050806999 Detik 
------------------------- 
Tanggal: 09-04-2022 18:50:01 
Duration Download Forstok 13.365878105164 Detik
Duration Looping 700 Data 184.96482896805 Detik 
Total Duration 184.96495103836 Detik 
------------------------- 
Tanggal: 09-04-2022 18:55:01 
Duration Download Forstok 14.876738071442 Detik
Duration Looping 700 Data 190.78932499886 Detik 
Total Duration 190.78945207596 Detik 
------------------------- 
Tanggal: 09-04-2022 19:00:01 
Duration Download Forstok 16.376414060593 Detik
Duration Looping 700 Data 181.50749516487 Detik 
Total Duration 181.50761699677 Detik 
------------------------- 
Tanggal: 09-04-2022 19:05:01 
Duration Download Forstok 14.160624027252 Detik
Duration Looping 700 Data 185.76081514359 Detik 
Total Duration 185.76093697548 Detik 
------------------------- 
Tanggal: 09-04-2022 19:10:01 
Duration Download Forstok 19.193239927292 Detik
Duration Looping 700 Data 184.11757802963 Detik 
Total Duration 184.11769604683 Detik 
------------------------- 
Tanggal: 09-04-2022 19:15:01 
Duration Download Forstok 17.556746006012 Detik
Duration Looping 700 Data 180.52335596085 Detik 
Total Duration 180.52347993851 Detik 
------------------------- 
Tanggal: 09-04-2022 19:20:01 
Duration Download Forstok 13.6364839077 Detik
Duration Looping 700 Data 176.94046783447 Detik 
Total Duration 176.94058799744 Detik 
------------------------- 
Tanggal: 09-04-2022 19:25:01 
Duration Download Forstok 19.68045592308 Detik
Duration Looping 700 Data 182.54716587067 Detik 
Total Duration 182.54728579521 Detik 
------------------------- 
Tanggal: 09-04-2022 19:30:01 
Duration Download Forstok 22.080440044403 Detik
Duration Looping 700 Data 183.80061197281 Detik 
Total Duration 183.80073404312 Detik 
------------------------- 
Tanggal: 09-04-2022 19:35:01 
Duration Download Forstok 16.257084131241 Detik
Duration Looping 700 Data 185.93378210068 Detik 
Total Duration 185.93390011787 Detik 
------------------------- 
Tanggal: 09-04-2022 19:40:01 
Duration Download Forstok 15.869440078735 Detik
Duration Looping 700 Data 192.79135107994 Detik 
Total Duration 192.79146695137 Detik 
------------------------- 
Tanggal: 09-04-2022 19:45:01 
Duration Download Forstok 19.472079992294 Detik
Duration Looping 700 Data 188.52900314331 Detik 
Total Duration 188.52911901474 Detik 
------------------------- 
Tanggal: 09-04-2022 19:50:01 
Duration Download Forstok 15.438148975372 Detik
Duration Looping 700 Data 195.38246798515 Detik 
Total Duration 195.38259005547 Detik 
------------------------- 
Tanggal: 09-04-2022 19:55:01 
Duration Download Forstok 13.792543888092 Detik
Duration Looping 700 Data 176.75915694237 Detik 
Total Duration 176.75928092003 Detik 
------------------------- 
Tanggal: 09-04-2022 20:00:01 
Duration Download Forstok 14.605528116226 Detik
Duration Looping 700 Data 183.27984714508 Detik 
Total Duration 183.28003120422 Detik 
------------------------- 
Tanggal: 09-04-2022 20:05:01 
Duration Download Forstok 14.755722999573 Detik
Duration Looping 700 Data 182.12485694885 Detik 
Total Duration 182.12497401237 Detik 
------------------------- 
Tanggal: 09-04-2022 20:10:01 
Duration Download Forstok 18.414070129395 Detik
Duration Looping 700 Data 192.0304620266 Detik 
Total Duration 192.03059005737 Detik 
------------------------- 
Tanggal: 09-04-2022 20:15:01 
Duration Download Forstok 17.127027988434 Detik
Duration Looping 700 Data 188.43074202538 Detik 
Total Duration 188.43087005615 Detik 
------------------------- 
Tanggal: 09-04-2022 20:20:01 
Duration Download Forstok 15.322402000427 Detik
Duration Looping 700 Data 183.24881315231 Detik 
Total Duration 183.2489361763 Detik 
------------------------- 
Tanggal: 09-04-2022 20:25:01 
Duration Download Forstok 14.196001052856 Detik
Duration Looping 700 Data 187.18076300621 Detik 
Total Duration 187.1808860302 Detik 
------------------------- 
Tanggal: 09-04-2022 20:30:01 
Duration Download Forstok 21.008946180344 Detik
Duration Looping 700 Data 187.96727204323 Detik 
Total Duration 187.96738815308 Detik 
------------------------- 
Tanggal: 09-04-2022 20:35:01 
Duration Download Forstok 16.218194007874 Detik
Duration Looping 700 Data 188.36681985855 Detik 
Total Duration 188.36694097519 Detik 
------------------------- 
Tanggal: 09-04-2022 20:40:01 
Duration Download Forstok 13.953011989594 Detik
Duration Looping 700 Data 186.58485484123 Detik 
Total Duration 186.5849750042 Detik 
------------------------- 
Tanggal: 09-04-2022 20:45:01 
Duration Download Forstok 21.130023002625 Detik
Duration Looping 700 Data 185.76443696022 Detik 
Total Duration 185.76456308365 Detik 
------------------------- 
Tanggal: 09-04-2022 20:50:01 
Duration Download Forstok 26.802477836609 Detik
Duration Looping 700 Data 193.61036205292 Detik 
Total Duration 193.61048603058 Detik 
------------------------- 
Tanggal: 09-04-2022 20:55:01 
Duration Download Forstok 12.155193090439 Detik
Duration Looping 700 Data 181.0364780426 Detik 
Total Duration 181.0366859436 Detik 
------------------------- 
Tanggal: 09-04-2022 21:00:01 
Duration Download Forstok 34.168270111084 Detik
Duration Looping 700 Data 202.32004213333 Detik 
Total Duration 202.32016897202 Detik 
------------------------- 
Tanggal: 09-04-2022 21:05:01 
Duration Download Forstok 28.070272922516 Detik
Duration Looping 700 Data 210.5403008461 Detik 
Total Duration 210.54043006897 Detik 
------------------------- 
Tanggal: 09-04-2022 21:10:01 
Duration Download Forstok 26.852396965027 Detik
Duration Looping 700 Data 195.91474294662 Detik 
Total Duration 195.91487693787 Detik 
------------------------- 
Tanggal: 09-04-2022 21:15:01 
Duration Download Forstok 25.342262029648 Detik
Duration Looping 700 Data 190.58911705017 Detik 
Total Duration 190.58924508095 Detik 
------------------------- 
Tanggal: 09-04-2022 21:20:01 
Duration Download Forstok 40.960191011429 Detik
Duration Looping 700 Data 210.62373685837 Detik 
Total Duration 210.62386202812 Detik 
------------------------- 
Tanggal: 09-04-2022 21:25:01 
Duration Download Forstok 20.641680002213 Detik
Duration Looping 700 Data 194.64460301399 Detik 
Total Duration 194.64472603798 Detik 
------------------------- 
Tanggal: 09-04-2022 21:30:01 
Duration Download Forstok 23.624320030212 Detik
Duration Looping 700 Data 193.34058094025 Detik 
Total Duration 193.34071993828 Detik 
------------------------- 
Tanggal: 09-04-2022 21:35:01 
Duration Download Forstok 14.833297967911 Detik
Duration Looping 700 Data 182.76103305817 Detik 
Total Duration 182.76115608215 Detik 
------------------------- 
Tanggal: 09-04-2022 21:40:01 
Duration Download Forstok 23.960359096527 Detik
Duration Looping 700 Data 186.87420701981 Detik 
Total Duration 186.87433791161 Detik 
------------------------- 
Tanggal: 09-04-2022 21:45:01 
Duration Download Forstok 21.986696004868 Detik
Duration Looping 700 Data 187.61611890793 Detik 
Total Duration 187.61626601219 Detik 
------------------------- 
Tanggal: 09-04-2022 21:50:02 
Duration Download Forstok 17.179610013962 Detik
Duration Looping 700 Data 183.86991500854 Detik 
Total Duration 183.87003207207 Detik 
------------------------- 
Tanggal: 09-04-2022 21:55:01 
Duration Download Forstok 23.984190940857 Detik
Duration Looping 700 Data 195.92751502991 Detik 
Total Duration 195.92764806747 Detik 
------------------------- 
Tanggal: 09-04-2022 22:00:01 
Duration Download Forstok 23.789911031723 Detik
Duration Looping 700 Data 199.79924082756 Detik 
Total Duration 199.79939985275 Detik 
------------------------- 
Tanggal: 09-04-2022 22:05:02 
Duration Download Forstok 16.1463367939 Detik
Duration Looping 700 Data 186.68432283401 Detik 
Total Duration 186.68446493149 Detik 
------------------------- 
Tanggal: 09-04-2022 22:10:01 
Duration Download Forstok 21.985414981842 Detik
Duration Looping 700 Data 188.94095897675 Detik 
Total Duration 188.9411008358 Detik 
------------------------- 
Tanggal: 09-04-2022 22:15:01 
Duration Download Forstok 22.231606960297 Detik
Duration Looping 700 Data 183.58108711243 Detik 
Total Duration 183.58124613762 Detik 
------------------------- 
Tanggal: 09-04-2022 22:20:01 
Duration Download Forstok 15.10772895813 Detik
Duration Looping 700 Data 194.87202596664 Detik 
Total Duration 194.87215185165 Detik 
------------------------- 
Tanggal: 09-04-2022 22:25:01 
Duration Download Forstok 16.730662822723 Detik
Duration Looping 700 Data 195.43424797058 Detik 
Total Duration 195.43437385559 Detik 
------------------------- 
Tanggal: 09-04-2022 22:30:02 
Duration Download Forstok 15.786494970322 Detik
Duration Looping 700 Data 184.99809098244 Detik 
Total Duration 184.99822688103 Detik 
------------------------- 
Tanggal: 09-04-2022 22:35:01 
Duration Download Forstok 16.99004483223 Detik
Duration Looping 700 Data 195.89665293694 Detik 
Total Duration 195.89677476883 Detik 
------------------------- 
Tanggal: 09-04-2022 22:40:01 
Duration Download Forstok 19.279753923416 Detik
Duration Looping 700 Data 196.73396992683 Detik 
Total Duration 196.73412299156 Detik 
------------------------- 
Tanggal: 09-04-2022 22:45:01 
Duration Download Forstok 20.543483972549 Detik
Duration Looping 700 Data 184.94502902031 Detik 
Total Duration 184.94514799118 Detik 
------------------------- 
Tanggal: 09-04-2022 22:50:01 
Duration Download Forstok 13.743170976639 Detik
Duration Looping 700 Data 191.19546604156 Detik 
Total Duration 191.19559907913 Detik 
------------------------- 
Tanggal: 09-04-2022 22:55:01 
Duration Download Forstok 13.381364822388 Detik
Duration Looping 700 Data 177.08254790306 Detik 
Total Duration 177.08266687393 Detik 
------------------------- 
Tanggal: 09-04-2022 23:00:01 
Duration Download Forstok 15.47057390213 Detik
Duration Looping 700 Data 179.65837192535 Detik 
Total Duration 179.65849995613 Detik 
------------------------- 
Tanggal: 09-04-2022 23:05:01 
Duration Download Forstok 13.920527935028 Detik
Duration Looping 700 Data 187.42282986641 Detik 
Total Duration 187.42295479774 Detik 
------------------------- 
Tanggal: 09-04-2022 23:10:01 
Duration Download Forstok 18.434540987015 Detik
Duration Looping 700 Data 187.38982796669 Detik 
Total Duration 187.38995599747 Detik 
------------------------- 
Tanggal: 09-04-2022 23:15:01 
Duration Download Forstok 15.828536987305 Detik
Duration Looping 700 Data 180.89575600624 Detik 
Total Duration 180.89588499069 Detik 
------------------------- 
Tanggal: 09-04-2022 23:20:01 
Duration Download Forstok 14.88854598999 Detik
Duration Looping 700 Data 176.35237598419 Detik 
Total Duration 176.35250592232 Detik 
------------------------- 
Tanggal: 09-04-2022 23:25:01 
Duration Download Forstok 14.357643842697 Detik
Duration Looping 700 Data 177.01932501793 Detik 
Total Duration 177.0194478035 Detik 
------------------------- 
Tanggal: 09-04-2022 23:30:01 
Duration Download Forstok 17.215404987335 Detik
Duration Looping 700 Data 191.64333605766 Detik 
Total Duration 191.64346408844 Detik 
------------------------- 
Tanggal: 09-04-2022 23:35:01 
Duration Download Forstok 14.038743972778 Detik
Duration Looping 700 Data 178.93099093437 Detik 
Total Duration 178.93111205101 Detik 
------------------------- 
Tanggal: 09-04-2022 23:40:01 
Duration Download Forstok 14.876127004623 Detik
Duration Looping 700 Data 181.0464630127 Detik 
Total Duration 181.04658985138 Detik 
------------------------- 
Tanggal: 09-04-2022 23:45:01 
Duration Download Forstok 18.458744049072 Detik
Duration Looping 700 Data 186.25929999352 Detik 
Total Duration 186.25942802429 Detik 
------------------------- 
Tanggal: 09-04-2022 23:50:01 
Duration Download Forstok 14.122264862061 Detik
Duration Looping 700 Data 179.24292492867 Detik 
Total Duration 179.24305391312 Detik 
------------------------- 
Tanggal: 09-04-2022 23:55:01 
Duration Download Forstok 19.05445599556 Detik
Duration Looping 700 Data 191.39437603951 Detik 
Total Duration 191.39451408386 Detik 
------------------------- 
