Tanggal: 23-11-2021 00:00:01 
Duration Download Forstok 11.537060022354 Detik
Tanggal: 23-11-2021 00:05:01 
Duration Download Forstok 16.939196109772 Detik
Tanggal: 23-11-2021 00:10:01 
Duration Looping 700 Data 608.36875605583 Detik 
Total Duration 608.36885905266 Detik 
------------------------- 
Duration Looping 700 Data 308.56614398956 Detik 
Total Duration 308.56624913216 Detik 
------------------------- 
Duration Download Forstok 11.431967973709 Detik
Duration Looping 700 Data 130.48495388031 Detik 
Total Duration 130.48582100868 Detik 
------------------------- 
Tanggal: 23-11-2021 00:15:01 
Duration Download Forstok 11.934061050415 Detik
Duration Looping 700 Data 142.11614918709 Detik 
Total Duration 142.11627411842 Detik 
------------------------- 
Tanggal: 23-11-2021 00:20:01 
Duration Download Forstok 10.763818979263 Detik
Duration Looping 700 Data 130.19730591774 Detik 
Total Duration 130.19741892815 Detik 
------------------------- 
Tanggal: 23-11-2021 00:25:02 
Duration Download Forstok 11.314844846725 Detik
Duration Looping 700 Data 149.82261490822 Detik 
Total Duration 149.82329797745 Detik 
------------------------- 
Tanggal: 23-11-2021 00:30:02 
Duration Download Forstok 9.3177690505981 Detik
Duration Looping 700 Data 130.45602202415 Detik 
Total Duration 130.45613312721 Detik 
------------------------- 
Tanggal: 23-11-2021 00:35:01 
Duration Download Forstok 11.316936969757 Detik
Duration Looping 700 Data 128.69106793404 Detik 
Total Duration 128.69118499756 Detik 
------------------------- 
Tanggal: 23-11-2021 00:40:01 
Duration Download Forstok 10.554463863373 Detik
Duration Looping 700 Data 132.43469882011 Detik 
Total Duration 132.4348089695 Detik 
------------------------- 
Tanggal: 23-11-2021 00:45:01 
Duration Download Forstok 13.258598089218 Detik
Duration Looping 700 Data 133.64994502068 Detik 
Total Duration 133.65006399155 Detik 
------------------------- 
Tanggal: 23-11-2021 00:50:01 
Duration Download Forstok 11.319882154465 Detik
Duration Looping 700 Data 128.83343315125 Detik 
Total Duration 128.83354306221 Detik 
------------------------- 
Tanggal: 23-11-2021 00:55:01 
Duration Download Forstok 9.490611076355 Detik
Duration Looping 700 Data 126.78392410278 Detik 
Total Duration 126.78403496742 Detik 
------------------------- 
Tanggal: 23-11-2021 01:00:01 
Duration Download Forstok 12.389693975449 Detik
Duration Looping 700 Data 140.16805815697 Detik 
Total Duration 140.16816806793 Detik 
------------------------- 
Tanggal: 23-11-2021 01:05:01 
Duration Download Forstok 17.000746011734 Detik
Duration Looping 700 Data 139.49028897285 Detik 
Total Duration 139.49039697647 Detik 
------------------------- 
Tanggal: 23-11-2021 01:10:01 
Duration Download Forstok 11.243468046188 Detik
Duration Looping 700 Data 133.50488495827 Detik 
Total Duration 133.50499796867 Detik 
------------------------- 
Tanggal: 23-11-2021 01:15:01 
Duration Download Forstok 13.846165895462 Detik
Duration Looping 700 Data 137.08031988144 Detik 
Total Duration 137.08044886589 Detik 
------------------------- 
Tanggal: 23-11-2021 01:20:01 
Duration Download Forstok 10.060020923615 Detik
Duration Looping 700 Data 131.66077399254 Detik 
Total Duration 131.66088891029 Detik 
------------------------- 
Tanggal: 23-11-2021 01:25:01 
Duration Download Forstok 11.03627705574 Detik
Duration Looping 700 Data 127.60311222076 Detik 
Total Duration 127.60322618484 Detik 
------------------------- 
Tanggal: 23-11-2021 01:30:01 
Duration Download Forstok 12.467319011688 Detik
Duration Looping 700 Data 135.03989481926 Detik 
Total Duration 135.0400159359 Detik 
------------------------- 
Tanggal: 23-11-2021 01:35:01 
Duration Download Forstok 10.175170898438 Detik
Duration Looping 700 Data 134.75643396378 Detik 
Total Duration 134.75655603409 Detik 
------------------------- 
Tanggal: 23-11-2021 01:40:01 
Duration Download Forstok 11.387820005417 Detik
Duration Looping 700 Data 133.32087492943 Detik 
Total Duration 133.32099294662 Detik 
------------------------- 
Tanggal: 23-11-2021 01:45:01 
Duration Download Forstok 11.51086306572 Detik
Duration Looping 700 Data 141.84361696243 Detik 
Total Duration 141.84373402596 Detik 
------------------------- 
Tanggal: 23-11-2021 01:50:02 
Duration Download Forstok 10.380527973175 Detik
Duration Looping 700 Data 130.0185880661 Detik 
Total Duration 130.0187060833 Detik 
------------------------- 
Tanggal: 23-11-2021 01:55:01 
Duration Download Forstok 11.435154914856 Detik
Duration Looping 700 Data 131.79374885559 Detik 
Total Duration 131.79386496544 Detik 
------------------------- 
Tanggal: 23-11-2021 02:00:01 
Duration Download Forstok 10.507169961929 Detik
Duration Looping 700 Data 128.84050297737 Detik 
Total Duration 128.84064483643 Detik 
------------------------- 
Tanggal: 23-11-2021 02:05:01 
Duration Download Forstok 15.911682844162 Detik
Duration Looping 700 Data 139.81323099136 Detik 
Total Duration 139.81334376335 Detik 
------------------------- 
Tanggal: 23-11-2021 02:10:01 
Duration Download Forstok 11.231498003006 Detik
Duration Looping 700 Data 134.59615802765 Detik 
Total Duration 134.59626889229 Detik 
------------------------- 
Tanggal: 23-11-2021 02:15:01 
Duration Download Forstok 12.213245868683 Detik
Duration Looping 700 Data 134.35301494598 Detik 
Total Duration 134.35313391685 Detik 
------------------------- 
Tanggal: 23-11-2021 02:20:01 
Duration Download Forstok 10.72768497467 Detik
Duration Looping 700 Data 131.41303610802 Detik 
Total Duration 131.41314411163 Detik 
------------------------- 
Tanggal: 23-11-2021 02:25:01 
Duration Download Forstok 11.103713989258 Detik
Duration Looping 700 Data 131.12878108025 Detik 
Total Duration 131.12889814377 Detik 
------------------------- 
Tanggal: 23-11-2021 02:30:01 
Duration Download Forstok 10.400593996048 Detik
Duration Looping 700 Data 132.09109783173 Detik 
Total Duration 132.09121179581 Detik 
------------------------- 
Tanggal: 23-11-2021 02:35:02 
Duration Download Forstok 10.281913995743 Detik
Duration Looping 700 Data 135.65577411652 Detik 
Total Duration 135.65589213371 Detik 
------------------------- 
Tanggal: 23-11-2021 02:40:01 
Duration Download Forstok 12.0057721138 Detik
Duration Looping 700 Data 133.77125906944 Detik 
Total Duration 133.77136707306 Detik 
------------------------- 
Tanggal: 23-11-2021 02:45:01 
Duration Download Forstok 15.264606952667 Detik
Duration Looping 700 Data 131.37352609634 Detik 
Total Duration 131.37364506721 Detik 
------------------------- 
Tanggal: 23-11-2021 02:50:01 
Duration Download Forstok 10.359949111938 Detik
Duration Looping 700 Data 128.36630606651 Detik 
Total Duration 128.36642313004 Detik 
------------------------- 
Tanggal: 23-11-2021 02:55:01 
Duration Download Forstok 11.338375091553 Detik
Duration Looping 700 Data 139.92154216766 Detik 
Total Duration 139.92167305946 Detik 
------------------------- 
Tanggal: 23-11-2021 03:00:01 
Duration Download Forstok 10.452292919159 Detik
Duration Looping 700 Data 133.72140598297 Detik 
Total Duration 133.72152090073 Detik 
------------------------- 
Tanggal: 23-11-2021 03:05:01 
Duration Download Forstok 17.789993047714 Detik
Duration Looping 700 Data 133.92061209679 Detik 
Total Duration 133.92076301575 Detik 
------------------------- 
Tanggal: 23-11-2021 03:10:01 
Duration Download Forstok 12.246674776077 Detik
Duration Looping 700 Data 132.85040783882 Detik 
Total Duration 132.8505218029 Detik 
------------------------- 
Tanggal: 23-11-2021 03:15:01 
Duration Download Forstok 12.749482154846 Detik
Duration Looping 700 Data 133.32730507851 Detik 
Total Duration 133.32742118835 Detik 
------------------------- 
Tanggal: 23-11-2021 03:20:01 
Duration Download Forstok 10.077713012695 Detik
Duration Looping 700 Data 127.46847891808 Detik 
Total Duration 127.46859383583 Detik 
------------------------- 
Tanggal: 23-11-2021 03:25:01 
Duration Download Forstok 10.156940937042 Detik
Duration Looping 700 Data 126.36490297318 Detik 
Total Duration 126.36501789093 Detik 
------------------------- 
Tanggal: 23-11-2021 03:30:01 
Duration Download Forstok 10.390721082687 Detik
Duration Looping 700 Data 130.47828102112 Detik 
Total Duration 130.47839593887 Detik 
------------------------- 
Tanggal: 23-11-2021 03:35:01 
Duration Download Forstok 11.013497114182 Detik
Duration Looping 700 Data 136.93825912476 Detik 
Total Duration 136.93838214874 Detik 
------------------------- 
Tanggal: 23-11-2021 03:40:01 
Duration Download Forstok 12.03883600235 Detik
Duration Looping 700 Data 133.12106609344 Detik 
Total Duration 133.12117695808 Detik 
------------------------- 
Tanggal: 23-11-2021 03:45:01 
Duration Download Forstok 14.244462966919 Detik
Duration Looping 700 Data 132.00177192688 Detik 
Total Duration 132.00188088417 Detik 
------------------------- 
Tanggal: 23-11-2021 03:50:01 
Duration Download Forstok 12.331598043442 Detik
Duration Looping 700 Data 131.74294304848 Detik 
Total Duration 131.74305295944 Detik 
------------------------- 
Tanggal: 23-11-2021 03:55:01 
Duration Download Forstok 11.717537879944 Detik
Duration Looping 700 Data 136.20242905617 Detik 
Total Duration 136.20260095596 Detik 
------------------------- 
Tanggal: 23-11-2021 04:00:01 
Duration Download Forstok 12.343215942383 Detik
Duration Looping 700 Data 135.40218400955 Detik 
Total Duration 135.40229392052 Detik 
------------------------- 
Tanggal: 23-11-2021 04:05:01 
Duration Download Forstok 17.147019863129 Detik
Duration Looping 700 Data 135.71926188469 Detik 
Total Duration 135.71937298775 Detik 
------------------------- 
Tanggal: 23-11-2021 04:10:01 
Duration Download Forstok 10.710046052933 Detik
Duration Looping 700 Data 128.39575099945 Detik 
Total Duration 128.39584207535 Detik 
------------------------- 
Tanggal: 23-11-2021 04:15:01 
Duration Download Forstok 11.614495992661 Detik
Duration Looping 700 Data 133.96916389465 Detik 
Total Duration 133.96928501129 Detik 
------------------------- 
Tanggal: 23-11-2021 04:20:01 
Duration Download Forstok 11.605843067169 Detik
Duration Looping 700 Data 136.71481394768 Detik 
Total Duration 136.71491909027 Detik 
------------------------- 
Tanggal: 23-11-2021 04:25:01 
Duration Download Forstok 10.308687925339 Detik
Duration Looping 700 Data 130.9323849678 Detik 
Total Duration 130.93249106407 Detik 
------------------------- 
Tanggal: 23-11-2021 04:30:01 
Duration Download Forstok 11.650630950928 Detik
Duration Looping 700 Data 129.99788498878 Detik 
Total Duration 129.99800109863 Detik 
------------------------- 
Tanggal: 23-11-2021 04:35:01 
Duration Download Forstok 10.185333967209 Detik
Duration Looping 700 Data 125.81377291679 Detik 
Total Duration 125.81388902664 Detik 
------------------------- 
Tanggal: 23-11-2021 04:40:01 
Duration Download Forstok 10.426315069199 Detik
Duration Looping 700 Data 126.44330406189 Detik 
Total Duration 126.44341397285 Detik 
------------------------- 
Tanggal: 23-11-2021 04:45:01 
Duration Download Forstok 13.211779117584 Detik
Duration Looping 700 Data 156.2514500618 Detik 
Total Duration 156.25156211853 Detik 
------------------------- 
Tanggal: 23-11-2021 04:50:01 
Duration Download Forstok 11.234962940216 Detik
Duration Looping 700 Data 127.22316002846 Detik 
Total Duration 127.22328281403 Detik 
------------------------- 
Tanggal: 23-11-2021 04:55:01 
Duration Download Forstok 11.773832798004 Detik
Duration Looping 700 Data 130.94984698296 Detik 
Total Duration 130.9499669075 Detik 
------------------------- 
Tanggal: 23-11-2021 05:00:01 
Duration Download Forstok 10.925935029984 Detik
Duration Looping 700 Data 131.03683304787 Detik 
Total Duration 131.0369451046 Detik 
------------------------- 
Tanggal: 23-11-2021 05:05:01 
Duration Download Forstok 15.205571889877 Detik
Duration Looping 700 Data 138.73089003563 Detik 
Total Duration 138.73101186752 Detik 
------------------------- 
Tanggal: 23-11-2021 05:10:01 
Duration Download Forstok 11.79821395874 Detik
Duration Looping 700 Data 130.43499207497 Detik 
Total Duration 130.43510913849 Detik 
------------------------- 
Tanggal: 23-11-2021 05:15:01 
Duration Download Forstok 15.170735120773 Detik
Duration Looping 700 Data 138.13692903519 Detik 
Total Duration 138.13705205917 Detik 
------------------------- 
Tanggal: 23-11-2021 05:20:01 
Duration Download Forstok 11.718737125397 Detik
Duration Looping 700 Data 130.67625617981 Detik 
Total Duration 130.67636704445 Detik 
------------------------- 
Tanggal: 23-11-2021 05:25:01 
Duration Download Forstok 11.29226398468 Detik
Duration Looping 700 Data 137.46714115143 Detik 
Total Duration 137.46725606918 Detik 
------------------------- 
Tanggal: 23-11-2021 05:30:01 
Duration Download Forstok 11.286038160324 Detik
Duration Looping 700 Data 130.85996699333 Detik 
Total Duration 130.86008214951 Detik 
------------------------- 
Tanggal: 23-11-2021 05:35:01 
Duration Download Forstok 11.585156917572 Detik
Duration Looping 700 Data 128.35592889786 Detik 
Total Duration 128.35604190826 Detik 
------------------------- 
Tanggal: 23-11-2021 05:40:01 
Duration Download Forstok 10.925529956818 Detik
Duration Looping 700 Data 133.81397199631 Detik 
Total Duration 133.81409096718 Detik 
------------------------- 
Tanggal: 23-11-2021 05:45:02 
Duration Download Forstok 13.738117933273 Detik
Duration Looping 700 Data 132.52377295494 Detik 
Total Duration 132.52388691902 Detik 
------------------------- 
Tanggal: 23-11-2021 05:50:01 
Duration Download Forstok 13.166568040848 Detik
Duration Looping 700 Data 128.1539580822 Detik 
Total Duration 128.15406608582 Detik 
------------------------- 
Tanggal: 23-11-2021 05:55:01 
Duration Download Forstok 10.15523982048 Detik
Duration Looping 700 Data 129.13673591614 Detik 
Total Duration 129.13685703278 Detik 
------------------------- 
Tanggal: 23-11-2021 06:00:01 
Duration Download Forstok 10.615751981735 Detik
Duration Looping 700 Data 127.37964320183 Detik 
Total Duration 127.37974905968 Detik 
------------------------- 
Tanggal: 23-11-2021 06:05:01 
Duration Download Forstok 16.615325212479 Detik
Duration Looping 700 Data 131.42708015442 Detik 
Total Duration 131.42719316483 Detik 
------------------------- 
Tanggal: 23-11-2021 06:10:01 
Duration Download Forstok 10.666813850403 Detik
Duration Looping 700 Data 130.70305204391 Detik 
Total Duration 130.70316696167 Detik 
------------------------- 
Tanggal: 23-11-2021 06:15:01 
Duration Download Forstok 14.585489034653 Detik
Duration Looping 700 Data 140.17039585114 Detik 
Total Duration 140.17054390907 Detik 
------------------------- 
Tanggal: 23-11-2021 06:20:01 
Duration Download Forstok 9.6697721481323 Detik
Duration Looping 700 Data 130.84060907364 Detik 
Total Duration 130.84072113037 Detik 
------------------------- 
Tanggal: 23-11-2021 06:25:01 
Duration Download Forstok 12.326128959656 Detik
Duration Looping 700 Data 134.85952711105 Detik 
Total Duration 134.85963606834 Detik 
------------------------- 
Tanggal: 23-11-2021 06:30:01 
Duration Download Forstok 10.417226076126 Detik
Duration Looping 700 Data 125.25292396545 Detik 
Total Duration 125.25303888321 Detik 
------------------------- 
Tanggal: 23-11-2021 06:35:01 
Duration Download Forstok 11.146855115891 Detik
Duration Looping 700 Data 146.56380701065 Detik 
Total Duration 146.56392717361 Detik 
------------------------- 
Tanggal: 23-11-2021 06:40:01 
Duration Download Forstok 11.776406049728 Detik
Duration Looping 700 Data 131.75952315331 Detik 
Total Duration 131.75963711739 Detik 
------------------------- 
Tanggal: 23-11-2021 06:45:01 
Duration Download Forstok 13.989253044128 Detik
Duration Looping 700 Data 133.38166594505 Detik 
Total Duration 133.38178086281 Detik 
------------------------- 
Tanggal: 23-11-2021 06:50:02 
Duration Download Forstok 10.645270824432 Detik
Duration Looping 700 Data 133.78049087524 Detik 
Total Duration 133.7806198597 Detik 
------------------------- 
Tanggal: 23-11-2021 06:55:01 
Duration Download Forstok 11.586828947067 Detik
Duration Looping 700 Data 136.37501692772 Detik 
Total Duration 136.37513995171 Detik 
------------------------- 
Tanggal: 23-11-2021 07:00:01 
Duration Download Forstok 10.658991098404 Detik
Duration Looping 700 Data 135.28905296326 Detik 
Total Duration 135.28916287422 Detik 
------------------------- 
Tanggal: 23-11-2021 07:05:01 
Duration Download Forstok 14.008496999741 Detik
Duration Looping 700 Data 134.64038205147 Detik 
Total Duration 134.64051318169 Detik 
------------------------- 
Tanggal: 23-11-2021 07:10:01 
Duration Download Forstok 11.256690979004 Detik
Duration Looping 700 Data 131.16437411308 Detik 
Total Duration 131.16447710991 Detik 
------------------------- 
Tanggal: 23-11-2021 07:15:01 
Duration Download Forstok 13.055645227432 Detik
Duration Looping 700 Data 134.33082604408 Detik 
Total Duration 134.33094406128 Detik 
------------------------- 
Tanggal: 23-11-2021 07:20:01 
Duration Download Forstok 10.616467952728 Detik
Duration Looping 700 Data 135.49723982811 Detik 
Total Duration 135.49734282494 Detik 
------------------------- 
Tanggal: 23-11-2021 07:25:01 
Duration Download Forstok 12.250388145447 Detik
Duration Looping 700 Data 129.83603405952 Detik 
Total Duration 129.83614897728 Detik 
------------------------- 
Tanggal: 23-11-2021 07:30:01 
Duration Download Forstok 12.0202729702 Detik
Duration Looping 700 Data 153.80458903313 Detik 
Total Duration 153.80470895767 Detik 
------------------------- 
Tanggal: 23-11-2021 07:35:01 
Duration Download Forstok 13.12805223465 Detik
Duration Looping 700 Data 141.36817216873 Detik 
Total Duration 141.36828923225 Detik 
------------------------- 
Tanggal: 23-11-2021 07:40:01 
Duration Download Forstok 11.207177877426 Detik
Duration Looping 700 Data 137.4434709549 Detik 
Total Duration 137.44358992577 Detik 
------------------------- 
Tanggal: 23-11-2021 07:45:01 
Duration Download Forstok 12.688570022583 Detik
Duration Looping 700 Data 135.76661086082 Detik 
Total Duration 135.76672387123 Detik 
------------------------- 
Tanggal: 23-11-2021 07:50:01 
Duration Download Forstok 10.597414016724 Detik
Duration Looping 700 Data 125.82895588875 Detik 
Total Duration 125.82906889915 Detik 
------------------------- 
Tanggal: 23-11-2021 07:55:01 
Duration Download Forstok 10.986874818802 Detik
Duration Looping 700 Data 128.84965991974 Detik 
Total Duration 128.84977483749 Detik 
------------------------- 
Tanggal: 23-11-2021 08:00:01 
Duration Download Forstok 9.9276611804962 Detik
Duration Looping 700 Data 127.58760809898 Detik 
Total Duration 127.58774709702 Detik 
------------------------- 
Tanggal: 23-11-2021 08:05:01 
Duration Download Forstok 13.919776916504 Detik
Duration Looping 700 Data 137.43713498116 Detik 
Total Duration 137.43723797798 Detik 
------------------------- 
Tanggal: 23-11-2021 08:10:01 
Duration Download Forstok 11.881160020828 Detik
Duration Looping 700 Data 132.87333703041 Detik 
Total Duration 132.87345194817 Detik 
------------------------- 
Tanggal: 23-11-2021 08:15:01 
Duration Download Forstok 10.815379142761 Detik
Duration Looping 700 Data 133.89841103554 Detik 
Total Duration 133.89852809906 Detik 
------------------------- 
Tanggal: 23-11-2021 08:20:01 
Duration Download Forstok 12.148965120316 Detik
Duration Looping 700 Data 138.63152909279 Detik 
Total Duration 138.63164901733 Detik 
------------------------- 
Tanggal: 23-11-2021 08:25:01 
Duration Download Forstok 10.483474969864 Detik
Duration Looping 700 Data 131.32067990303 Detik 
Total Duration 131.32079100609 Detik 
------------------------- 
Tanggal: 23-11-2021 08:30:01 
Duration Download Forstok 20.005575895309 Detik
Duration Looping 700 Data 145.74539995193 Detik 
Total Duration 145.74548888206 Detik 
------------------------- 
Tanggal: 23-11-2021 08:35:01 
Duration Download Forstok 16.168434858322 Detik
Duration Looping 700 Data 145.83726906776 Detik 
Total Duration 145.83754301071 Detik 
------------------------- 
Tanggal: 23-11-2021 08:40:01 
Duration Download Forstok 11.257245063782 Detik
Duration Looping 700 Data 142.33184504509 Detik 
Total Duration 142.33192610741 Detik 
------------------------- 
Tanggal: 23-11-2021 08:45:01 
Duration Download Forstok 11.084135055542 Detik
Duration Looping 700 Data 136.34414505959 Detik 
Total Duration 136.34426808357 Detik 
------------------------- 
Tanggal: 23-11-2021 08:50:02 
Duration Download Forstok 11.791884183884 Detik
Duration Looping 700 Data 135.09583806992 Detik 
Total Duration 135.09595608711 Detik 
------------------------- 
Tanggal: 23-11-2021 08:55:01 
Duration Download Forstok 11.362210988998 Detik
Duration Looping 700 Data 141.44660997391 Detik 
Total Duration 141.44673395157 Detik 
------------------------- 
Tanggal: 23-11-2021 09:00:01 
Duration Download Forstok 13.151888847351 Detik
Duration Looping 700 Data 139.88452386856 Detik 
Total Duration 139.88461995125 Detik 
------------------------- 
Tanggal: 23-11-2021 09:05:01 
Duration Download Forstok 18.10121512413 Detik
Duration Looping 700 Data 141.89744091034 Detik 
Total Duration 141.89752602577 Detik 
------------------------- 
Tanggal: 23-11-2021 09:10:01 
Duration Download Forstok 13.014813899994 Detik
Duration Looping 700 Data 135.60660600662 Detik 
Total Duration 135.60672092438 Detik 
------------------------- 
Tanggal: 23-11-2021 09:15:01 
Duration Download Forstok 14.838899850845 Detik
Duration Looping 700 Data 145.3365008831 Detik 
Total Duration 145.33659696579 Detik 
------------------------- 
Tanggal: 23-11-2021 09:20:01 
Duration Download Forstok 10.150382995605 Detik
Duration Looping 700 Data 137.51402211189 Detik 
Total Duration 137.51410603523 Detik 
------------------------- 
Tanggal: 23-11-2021 09:25:01 
Duration Download Forstok 11.008908033371 Detik
Duration Looping 700 Data 140.78131985664 Detik 
Total Duration 140.78145194054 Detik 
------------------------- 
Tanggal: 23-11-2021 09:30:01 
Duration Download Forstok 12.98188495636 Detik
Duration Looping 700 Data 141.23500204086 Detik 
Total Duration 141.2350859642 Detik 
------------------------- 
Tanggal: 23-11-2021 09:35:02 
Duration Download Forstok 14.454955101013 Detik
Duration Looping 700 Data 145.01386904716 Detik 
Total Duration 145.01398515701 Detik 
------------------------- 
Tanggal: 23-11-2021 09:40:02 
Duration Download Forstok 12.746893167496 Detik
Duration Looping 700 Data 142.96684122086 Detik 
Total Duration 142.96695113182 Detik 
------------------------- 
Tanggal: 23-11-2021 09:45:01 
Duration Download Forstok 13.872080087662 Detik
Duration Looping 700 Data 141.34206008911 Detik 
Total Duration 141.34218192101 Detik 
------------------------- 
Tanggal: 23-11-2021 09:50:01 
Duration Download Forstok 13.207118034363 Detik
Duration Looping 700 Data 147.3401081562 Detik 
Total Duration 147.34024119377 Detik 
------------------------- 
Tanggal: 23-11-2021 09:55:01 
Duration Download Forstok 10.001167058945 Detik
Duration Looping 700 Data 142.41353201866 Detik 
Total Duration 142.41362810135 Detik 
------------------------- 
Tanggal: 23-11-2021 10:00:01 
Duration Download Forstok 13.515021800995 Detik
Duration Looping 700 Data 146.04118680954 Detik 
Total Duration 146.0412979126 Detik 
------------------------- 
Tanggal: 23-11-2021 10:05:01 
Duration Download Forstok 15.89638209343 Detik
Duration Looping 700 Data 140.82175707817 Detik 
Total Duration 140.82187104225 Detik 
------------------------- 
Tanggal: 23-11-2021 10:10:01 
Duration Download Forstok 12.678470849991 Detik
Duration Looping 700 Data 136.75613594055 Detik 
Total Duration 136.75627088547 Detik 
------------------------- 
Tanggal: 23-11-2021 10:15:01 
Duration Download Forstok 11.571366071701 Detik
Duration Looping 700 Data 137.98250603676 Detik 
Total Duration 137.98258113861 Detik 
------------------------- 
Tanggal: 23-11-2021 10:20:01 
Duration Download Forstok 10.395412921906 Detik
Duration Looping 700 Data 142.66747498512 Detik 
Total Duration 142.66756296158 Detik 
------------------------- 
Tanggal: 23-11-2021 10:25:01 
Duration Download Forstok 10.033219099045 Detik
Duration Looping 700 Data 142.44212913513 Detik 
Total Duration 142.44227910042 Detik 
------------------------- 
Tanggal: 23-11-2021 10:30:01 
Duration Download Forstok 11.012204885483 Detik
Duration Looping 700 Data 138.48374605179 Detik 
Total Duration 138.48387098312 Detik 
------------------------- 
Tanggal: 23-11-2021 10:35:01 
Duration Download Forstok 14.918214082718 Detik
Duration Looping 700 Data 144.1311340332 Detik 
Total Duration 144.13129210472 Detik 
------------------------- 
Tanggal: 23-11-2021 10:40:01 
Duration Download Forstok 11.7364590168 Detik
Duration Looping 700 Data 144.71762800217 Detik 
Total Duration 144.71774792671 Detik 
------------------------- 
Tanggal: 23-11-2021 10:45:01 
Duration Download Forstok 14.022385835648 Detik
Duration Looping 700 Data 146.94617891312 Detik 
Total Duration 146.94627690315 Detik 
------------------------- 
Tanggal: 23-11-2021 10:50:01 
Duration Download Forstok 12.658152103424 Detik
Duration Looping 700 Data 145.98420715332 Detik 
Total Duration 145.98432397842 Detik 
------------------------- 
Tanggal: 23-11-2021 10:55:01 
Duration Download Forstok 11.825861930847 Detik
Duration Looping 700 Data 142.22878479958 Detik 
Total Duration 142.22890400887 Detik 
------------------------- 
Tanggal: 23-11-2021 11:00:01 
Duration Download Forstok 14.089597940445 Detik
Duration Looping 700 Data 144.23978686333 Detik 
Total Duration 144.23991203308 Detik 
------------------------- 
Tanggal: 23-11-2021 11:05:01 
Duration Download Forstok 18.698812961578 Detik
Duration Looping 700 Data 145.54197192192 Detik 
Total Duration 145.54206895828 Detik 
------------------------- 
Tanggal: 23-11-2021 11:10:01 
Duration Download Forstok 13.531342029572 Detik
Duration Looping 700 Data 141.23279190063 Detik 
Total Duration 141.23292303085 Detik 
------------------------- 
Tanggal: 23-11-2021 11:15:01 
Duration Download Forstok 14.722584009171 Detik
Duration Looping 700 Data 145.75980091095 Detik 
Total Duration 145.75988483429 Detik 
------------------------- 
Tanggal: 23-11-2021 11:20:01 
Duration Download Forstok 12.319108009338 Detik
Duration Looping 700 Data 145.81800198555 Detik 
Total Duration 145.81812691689 Detik 
------------------------- 
Tanggal: 23-11-2021 11:25:01 
Duration Download Forstok 12.199681043625 Detik
Duration Looping 700 Data 141.15684700012 Detik 
Total Duration 141.15696907043 Detik 
------------------------- 
Tanggal: 23-11-2021 11:30:01 
Duration Download Forstok 11.92763710022 Detik
Duration Looping 700 Data 141.90958619118 Detik 
Total Duration 141.90970301628 Detik 
------------------------- 
Tanggal: 23-11-2021 11:35:01 
Duration Download Forstok 13.492452859879 Detik
Duration Looping 700 Data 146.58130097389 Detik 
Total Duration 146.58140492439 Detik 
------------------------- 
Tanggal: 23-11-2021 11:40:01 
Duration Download Forstok 10.562628984451 Detik
Duration Looping 700 Data 142.25649595261 Detik 
Total Duration 142.25660204887 Detik 
------------------------- 
Tanggal: 23-11-2021 11:45:01 
Duration Download Forstok 14.919317960739 Detik
Duration Looping 700 Data 148.43611288071 Detik 
Total Duration 148.4362039566 Detik 
------------------------- 
Tanggal: 23-11-2021 11:50:01 
Duration Download Forstok 12.993635177612 Detik
Duration Looping 700 Data 141.00453209877 Detik 
Total Duration 141.00462412834 Detik 
------------------------- 
Tanggal: 23-11-2021 11:55:01 
Duration Download Forstok 12.412114858627 Detik
Duration Looping 700 Data 144.367166996 Detik 
Total Duration 144.36725282669 Detik 
------------------------- 
Tanggal: 23-11-2021 12:00:01 
Duration Download Forstok 17.48343706131 Detik
Duration Looping 700 Data 148.74143886566 Detik 
Total Duration 148.74155902863 Detik 
------------------------- 
Tanggal: 23-11-2021 12:05:01 
Duration Download Forstok 21.096925020218 Detik
Duration Looping 700 Data 152.61172008514 Detik 
Total Duration 152.61183619499 Detik 
------------------------- 
Tanggal: 23-11-2021 12:10:00 
Duration Download Forstok 12.866797924042 Detik
Duration Looping 700 Data 150.76192307472 Detik 
Total Duration 150.76204109192 Detik 
------------------------- 
Tanggal: 23-11-2021 12:15:01 
Duration Download Forstok 16.11311507225 Detik
Duration Looping 700 Data 151.54866600037 Detik 
Total Duration 151.54879307747 Detik 
------------------------- 
Tanggal: 23-11-2021 12:20:01 
Duration Download Forstok 12.62525510788 Detik
Duration Looping 700 Data 145.29137802124 Detik 
Total Duration 145.29147195816 Detik 
------------------------- 
Tanggal: 23-11-2021 12:25:01 
Duration Download Forstok 13.480405092239 Detik
Duration Looping 700 Data 146.10449099541 Detik 
Total Duration 146.10462808609 Detik 
------------------------- 
Tanggal: 23-11-2021 12:30:01 
Duration Download Forstok 10.947050094604 Detik
Duration Looping 700 Data 138.73351407051 Detik 
Total Duration 138.73362612724 Detik 
------------------------- 
Tanggal: 23-11-2021 12:35:01 
Duration Download Forstok 10.577364206314 Detik
Duration Looping 700 Data 134.73150920868 Detik 
Total Duration 134.73162221909 Detik 
------------------------- 
Tanggal: 23-11-2021 12:40:01 
Duration Download Forstok 11.046989202499 Detik
Duration Looping 700 Data 144.05399417877 Detik 
Total Duration 144.05410313606 Detik 
------------------------- 
Tanggal: 23-11-2021 12:45:01 
Duration Download Forstok 15.59600687027 Detik
Duration Looping 700 Data 145.94332480431 Detik 
Total Duration 145.94344186783 Detik 
------------------------- 
Tanggal: 23-11-2021 12:50:01 
Duration Download Forstok 11.174320936203 Detik
Duration Looping 700 Data 140.33020091057 Detik 
Total Duration 140.33035588264 Detik 
------------------------- 
Tanggal: 23-11-2021 12:55:01 
Duration Download Forstok 10.161067008972 Detik
Duration Looping 700 Data 137.44960594177 Detik 
Total Duration 137.44972610474 Detik 
------------------------- 
Tanggal: 23-11-2021 13:00:01 
Duration Download Forstok 14.421319007874 Detik
Duration Looping 700 Data 147.82541894913 Detik 
Total Duration 147.82553195953 Detik 
------------------------- 
Tanggal: 23-11-2021 13:05:01 
Duration Download Forstok 17.958982944489 Detik
Duration Looping 700 Data 148.80517697334 Detik 
Total Duration 148.80532979965 Detik 
------------------------- 
Tanggal: 23-11-2021 13:10:01 
Duration Download Forstok 13.388216972351 Detik
Duration Looping 700 Data 140.69015216827 Detik 
Total Duration 140.69024705887 Detik 
------------------------- 
Tanggal: 23-11-2021 13:15:01 
Duration Download Forstok 12.045413017273 Detik
Duration Looping 700 Data 143.77107691765 Detik 
Total Duration 143.77119112015 Detik 
------------------------- 
Tanggal: 23-11-2021 13:20:01 
Duration Download Forstok 10.680511951447 Detik
Duration Looping 700 Data 146.81940197945 Detik 
Total Duration 146.81947612762 Detik 
------------------------- 
Tanggal: 23-11-2021 13:25:01 
Duration Download Forstok 10.550966024399 Detik
Duration Looping 700 Data 144.54858589172 Detik 
Total Duration 144.54869794846 Detik 
------------------------- 
Tanggal: 23-11-2021 13:30:01 
Duration Download Forstok 12.555979013443 Detik
Duration Looping 700 Data 148.89435005188 Detik 
Total Duration 148.89446687698 Detik 
------------------------- 
Tanggal: 23-11-2021 13:35:01 
Duration Download Forstok 17.334640979767 Detik
Duration Looping 700 Data 151.67557883263 Detik 
Total Duration 151.67569899559 Detik 
------------------------- 
Tanggal: 23-11-2021 13:40:01 
Duration Download Forstok 11.246333837509 Detik
Duration Looping 700 Data 146.88114380836 Detik 
Total Duration 146.88125777245 Detik 
------------------------- 
Tanggal: 23-11-2021 13:45:01 
Duration Download Forstok 13.548854112625 Detik
Duration Looping 700 Data 144.41232609749 Detik 
Total Duration 144.41245412827 Detik 
------------------------- 
Tanggal: 23-11-2021 13:50:01 
Duration Download Forstok 11.397713899612 Detik
Duration Looping 700 Data 139.83379602432 Detik 
Total Duration 139.83391404152 Detik 
------------------------- 
Tanggal: 23-11-2021 13:55:01 
Duration Download Forstok 11.378409147263 Detik
Duration Looping 700 Data 148.26422309875 Detik 
Total Duration 148.2643430233 Detik 
------------------------- 
Tanggal: 23-11-2021 14:00:01 
Duration Download Forstok 11.021401166916 Detik
Duration Looping 700 Data 151.9874150753 Detik 
Total Duration 151.98753118515 Detik 
------------------------- 
Tanggal: 23-11-2021 14:05:01 
Duration Download Forstok 19.596958875656 Detik
Duration Looping 700 Data 155.13326382637 Detik 
Total Duration 155.1333668232 Detik 
------------------------- 
Tanggal: 23-11-2021 14:10:01 
Duration Download Forstok 13.110261917114 Detik
Duration Looping 700 Data 144.08056998253 Detik 
Total Duration 144.08067297935 Detik 
------------------------- 
Tanggal: 23-11-2021 14:15:01 
Duration Download Forstok 15.284737825394 Detik
Duration Looping 700 Data 148.41118502617 Detik 
Total Duration 148.41129899025 Detik 
------------------------- 
Tanggal: 23-11-2021 14:20:01 
Duration Download Forstok 9.8259420394897 Detik
Duration Looping 700 Data 143.12670302391 Detik 
Total Duration 143.12681007385 Detik 
------------------------- 
Tanggal: 23-11-2021 14:25:01 
Duration Download Forstok 10.678449869156 Detik
Duration Looping 700 Data 145.51303887367 Detik 
Total Duration 145.51315283775 Detik 
------------------------- 
Tanggal: 23-11-2021 14:30:01 
Duration Download Forstok 10.519081115723 Detik
Duration Looping 700 Data 142.16888904572 Detik 
Total Duration 142.16899514198 Detik 
------------------------- 
Tanggal: 23-11-2021 14:35:01 
Duration Download Forstok 18.707983016968 Detik
Duration Looping 700 Data 156.33340287209 Detik 
Total Duration 156.33351182938 Detik 
------------------------- 
Tanggal: 23-11-2021 14:40:01 
Duration Download Forstok 13.049067020416 Detik
Duration Looping 700 Data 152.34251093864 Detik 
Total Duration 152.34264302254 Detik 
------------------------- 
Tanggal: 23-11-2021 14:45:01 
Duration Download Forstok 15.131724834442 Detik
Duration Looping 700 Data 153.13998794556 Detik 
Total Duration 153.14011001587 Detik 
------------------------- 
Tanggal: 23-11-2021 14:50:02 
Duration Download Forstok 12.533930063248 Detik
Duration Looping 700 Data 146.45584797859 Detik 
Total Duration 146.455960989 Detik 
------------------------- 
Tanggal: 23-11-2021 14:55:01 
Duration Download Forstok 11.146743059158 Detik
Duration Looping 700 Data 144.39389920235 Detik 
Total Duration 144.39400720596 Detik 
------------------------- 
Tanggal: 23-11-2021 15:00:01 
Duration Download Forstok 13.676183223724 Detik
Duration Looping 700 Data 151.87197303772 Detik 
Total Duration 151.87207317352 Detik 
------------------------- 
Tanggal: 23-11-2021 15:05:01 
Duration Download Forstok 23.565517902374 Detik
Duration Looping 700 Data 159.9650387764 Detik 
Total Duration 159.96514987946 Detik 
------------------------- 
Tanggal: 23-11-2021 15:10:01 
Duration Download Forstok 10.739403963089 Detik
Duration Looping 700 Data 143.78994297981 Detik 
Total Duration 143.79003286362 Detik 
------------------------- 
Tanggal: 23-11-2021 15:15:01 
Duration Download Forstok 16.763710975647 Detik
Duration Looping 700 Data 149.91484093666 Detik 
Total Duration 149.914965868 Detik 
------------------------- 
Tanggal: 23-11-2021 15:20:01 
Duration Download Forstok 13.165317058563 Detik
Duration Looping 700 Data 152.32242012024 Detik 
Total Duration 152.3225440979 Detik 
------------------------- 
Tanggal: 23-11-2021 15:25:02 
Duration Download Forstok 9.3858640193939 Detik
Duration Looping 700 Data 148.06806588173 Detik 
Total Duration 148.06818294525 Detik 
------------------------- 
Tanggal: 23-11-2021 15:30:01 
Duration Download Forstok 15.420220136642 Detik
Duration Looping 700 Data 151.88401412964 Detik 
Total Duration 151.88409209251 Detik 
------------------------- 
Tanggal: 23-11-2021 15:35:01 
Duration Download Forstok 18.753978013992 Detik
Duration Looping 700 Data 155.21310305595 Detik 
Total Duration 155.21322607994 Detik 
------------------------- 
Tanggal: 23-11-2021 15:40:01 
Duration Download Forstok 10.954181909561 Detik
Duration Looping 700 Data 146.74785900116 Detik 
Total Duration 146.74796295166 Detik 
------------------------- 
Tanggal: 23-11-2021 15:45:01 
Duration Download Forstok 15.514360904694 Detik
Duration Looping 700 Data 147.47732996941 Detik 
Total Duration 147.47745490074 Detik 
------------------------- 
Tanggal: 23-11-2021 15:50:01 
Duration Download Forstok 14.516673088074 Detik
Duration Looping 700 Data 148.17303395271 Detik 
Total Duration 148.17315602303 Detik 
------------------------- 
Tanggal: 23-11-2021 15:55:01 
Duration Download Forstok 12.054035902023 Detik
Duration Looping 700 Data 146.66674995422 Detik 
Total Duration 146.66685295105 Detik 
------------------------- 
Tanggal: 23-11-2021 16:00:01 
Duration Download Forstok 11.858777046204 Detik
Duration Looping 700 Data 151.91427516937 Detik 
Total Duration 151.91439318657 Detik 
------------------------- 
Tanggal: 23-11-2021 16:05:02 
Duration Download Forstok 19.518163919449 Detik
Duration Looping 700 Data 158.506057024 Detik 
Total Duration 158.50617313385 Detik 
------------------------- 
Tanggal: 23-11-2021 16:10:01 
Duration Download Forstok 14.571913003922 Detik
Duration Looping 700 Data 154.63315796852 Detik 
Total Duration 154.63327097893 Detik 
------------------------- 
Tanggal: 23-11-2021 16:15:01 
Duration Download Forstok 15.109816074371 Detik
Duration Looping 700 Data 154.99662995338 Detik 
Total Duration 154.99672794342 Detik 
------------------------- 
Tanggal: 23-11-2021 16:20:01 
Duration Download Forstok 10.743106126785 Detik
Duration Looping 700 Data 149.04714918137 Detik 
Total Duration 149.04722809792 Detik 
------------------------- 
Tanggal: 23-11-2021 16:25:01 
Duration Download Forstok 12.69603395462 Detik
Duration Looping 700 Data 147.98836517334 Detik 
Total Duration 147.98848509789 Detik 
------------------------- 
Tanggal: 23-11-2021 16:30:01 
Duration Download Forstok 12.674430847168 Detik
Duration Looping 700 Data 151.91082382202 Detik 
Total Duration 151.91093492508 Detik 
------------------------- 
Tanggal: 23-11-2021 16:35:01 
Duration Download Forstok 19.72422504425 Detik
Duration Looping 700 Data 163.8695499897 Detik 
Total Duration 163.86968016624 Detik 
------------------------- 
Tanggal: 23-11-2021 16:40:01 
Duration Download Forstok 10.484102964401 Detik
Duration Looping 700 Data 146.80217504501 Detik 
Total Duration 146.80227708817 Detik 
------------------------- 
Tanggal: 23-11-2021 16:45:01 
Duration Download Forstok 15.070840120316 Detik
Duration Looping 700 Data 148.80761313438 Detik 
Total Duration 148.80773615837 Detik 
------------------------- 
Tanggal: 23-11-2021 16:50:01 
Duration Download Forstok 9.6214940547943 Detik
Duration Looping 700 Data 150.10885691643 Detik 
Total Duration 150.10895204544 Detik 
------------------------- 
Tanggal: 23-11-2021 16:55:01 
Duration Download Forstok 11.637703895569 Detik
Duration Looping 700 Data 145.26013684273 Detik 
Total Duration 145.26022481918 Detik 
------------------------- 
Tanggal: 23-11-2021 17:00:01 
Duration Download Forstok 10.672561168671 Detik
Duration Looping 700 Data 148.89043998718 Detik 
Total Duration 148.89055895805 Detik 
------------------------- 
Tanggal: 23-11-2021 17:05:01 
Duration Download Forstok 15.415175914764 Detik
Duration Looping 700 Data 146.01260709763 Detik 
Total Duration 146.0127248764 Detik 
------------------------- 
Tanggal: 23-11-2021 17:10:01 
Duration Download Forstok 13.32243013382 Detik
Duration Looping 700 Data 142.77741193771 Detik 
Total Duration 142.77753305435 Detik 
------------------------- 
Tanggal: 23-11-2021 17:15:01 
Duration Download Forstok 16.986442089081 Detik
Duration Looping 700 Data 154.13283705711 Detik 
Total Duration 154.13292789459 Detik 
------------------------- 
Tanggal: 23-11-2021 17:20:01 
Duration Download Forstok 12.972885847092 Detik
Duration Looping 700 Data 145.14612102509 Detik 
Total Duration 145.14624404907 Detik 
------------------------- 
Tanggal: 23-11-2021 17:25:01 
Duration Download Forstok 10.153697013855 Detik
Duration Looping 700 Data 140.07532286644 Detik 
Total Duration 140.07544088364 Detik 
------------------------- 
Tanggal: 23-11-2021 17:30:01 
Duration Download Forstok 11.41888999939 Detik
Duration Looping 700 Data 154.47900605202 Detik 
Total Duration 154.47912693024 Detik 
------------------------- 
Tanggal: 23-11-2021 17:35:01 
Duration Download Forstok 17.058301210403 Detik
Duration Looping 700 Data 149.58138799667 Detik 
Total Duration 149.58148407936 Detik 
------------------------- 
Tanggal: 23-11-2021 17:40:01 
Duration Download Forstok 13.845543146133 Detik
Duration Looping 700 Data 145.49348020554 Detik 
Total Duration 145.49359512329 Detik 
------------------------- 
Tanggal: 23-11-2021 17:45:01 
Duration Download Forstok 16.333889007568 Detik
Duration Looping 700 Data 151.81877493858 Detik 
Total Duration 151.81891393661 Detik 
------------------------- 
Tanggal: 23-11-2021 17:50:01 
Duration Download Forstok 12.894426107407 Detik
Duration Looping 700 Data 142.33654999733 Detik 
Total Duration 142.33666205406 Detik 
------------------------- 
Tanggal: 23-11-2021 17:55:01 
Duration Download Forstok 11.814735889435 Detik
Duration Looping 700 Data 141.11964392662 Detik 
Total Duration 141.11976194382 Detik 
------------------------- 
Tanggal: 23-11-2021 18:00:01 
Duration Download Forstok 12.061185836792 Detik
Duration Looping 700 Data 145.94913291931 Detik 
Total Duration 145.94923996925 Detik 
------------------------- 
Tanggal: 23-11-2021 18:05:01 
Duration Download Forstok 17.078416109085 Detik
Duration Looping 700 Data 150.83494114876 Detik 
Total Duration 150.83506202698 Detik 
------------------------- 
Tanggal: 23-11-2021 18:10:01 
Duration Download Forstok 10.949251174927 Detik
Duration Looping 700 Data 139.332706213 Detik 
Total Duration 139.3328230381 Detik 
------------------------- 
Tanggal: 23-11-2021 18:15:01 
Duration Download Forstok 14.102696180344 Detik
Duration Looping 700 Data 143.36735701561 Detik 
Total Duration 143.3674800396 Detik 
------------------------- 
Tanggal: 23-11-2021 18:20:01 
Duration Download Forstok 12.139994859695 Detik
Duration Looping 700 Data 150.60418200493 Detik 
Total Duration 150.60429906845 Detik 
------------------------- 
Tanggal: 23-11-2021 18:25:01 
Duration Download Forstok 11.127211093903 Detik
Duration Looping 700 Data 146.4649450779 Detik 
Total Duration 146.46506714821 Detik 
------------------------- 
Tanggal: 23-11-2021 18:30:01 
Duration Download Forstok 15.976140975952 Detik
Duration Looping 700 Data 145.90568304062 Detik 
Total Duration 145.90580797195 Detik 
------------------------- 
Tanggal: 23-11-2021 18:35:01 
Duration Download Forstok 14.001668930054 Detik
Duration Looping 700 Data 148.7569668293 Detik 
Total Duration 148.75707197189 Detik 
------------------------- 
Tanggal: 23-11-2021 18:40:01 
Duration Download Forstok 11.801449775696 Detik
Duration Looping 700 Data 142.3877389431 Detik 
Total Duration 142.38784098625 Detik 
------------------------- 
Tanggal: 23-11-2021 18:45:01 
Duration Download Forstok 11.023651123047 Detik
Duration Looping 700 Data 139.38422608376 Detik 
Total Duration 139.38433408737 Detik 
------------------------- 
Tanggal: 23-11-2021 18:50:01 
Duration Download Forstok 12.561949968338 Detik
Duration Looping 700 Data 139.72195386887 Detik 
Total Duration 139.72206997871 Detik 
------------------------- 
Tanggal: 23-11-2021 18:55:01 
Duration Download Forstok 13.030976057053 Detik
Duration Looping 700 Data 145.0488960743 Detik 
Total Duration 145.04902005196 Detik 
------------------------- 
Tanggal: 23-11-2021 19:00:01 
Duration Download Forstok 12.829804897308 Detik
Duration Looping 700 Data 145.58517193794 Detik 
Total Duration 145.58528900146 Detik 
------------------------- 
Tanggal: 23-11-2021 19:05:01 
Duration Download Forstok 18.048156023026 Detik
Duration Looping 700 Data 146.443338871 Detik 
Total Duration 146.44347500801 Detik 
------------------------- 
Tanggal: 23-11-2021 19:10:01 
Duration Download Forstok 11.33312702179 Detik
Duration Looping 700 Data 139.18708300591 Detik 
Total Duration 139.18717598915 Detik 
------------------------- 
Tanggal: 23-11-2021 19:15:01 
Duration Download Forstok 19.000122070312 Detik
Duration Looping 700 Data 149.27326107025 Detik 
Total Duration 149.27337217331 Detik 
------------------------- 
Tanggal: 23-11-2021 19:20:01 
Duration Download Forstok 10.859373092651 Detik
Duration Looping 700 Data 147.26729917526 Detik 
Total Duration 147.26740407944 Detik 
------------------------- 
Tanggal: 23-11-2021 19:25:01 
Duration Download Forstok 13.127471923828 Detik
Duration Looping 700 Data 153.9103269577 Detik 
Total Duration 153.91044282913 Detik 
------------------------- 
Tanggal: 23-11-2021 19:30:01 
Duration Download Forstok 12.894801855087 Detik
Duration Looping 700 Data 152.39922690392 Detik 
Total Duration 152.3993370533 Detik 
------------------------- 
Tanggal: 23-11-2021 19:35:01 
Duration Download Forstok 23.458294868469 Detik
Duration Looping 700 Data 170.53256797791 Detik 
Total Duration 170.53268289566 Detik 
------------------------- 
Tanggal: 23-11-2021 19:40:01 
Duration Download Forstok 13.11114692688 Detik
Duration Looping 700 Data 148.29493689537 Detik 
Total Duration 148.29511880875 Detik 
------------------------- 
Tanggal: 23-11-2021 19:45:01 
Duration Download Forstok 13.579589128494 Detik
Duration Looping 700 Data 146.07265615463 Detik 
Total Duration 146.07276797295 Detik 
------------------------- 
Tanggal: 23-11-2021 19:50:01 
Duration Download Forstok 13.106800079346 Detik
Duration Looping 700 Data 141.01709318161 Detik 
Total Duration 141.0172021389 Detik 
------------------------- 
Tanggal: 23-11-2021 19:55:01 
Duration Download Forstok 12.725214958191 Detik
Duration Looping 700 Data 150.23776602745 Detik 
Total Duration 150.23789000511 Detik 
------------------------- 
Tanggal: 23-11-2021 20:00:02 
Duration Download Forstok 13.00895190239 Detik
Duration Looping 700 Data 141.91809296608 Detik 
Total Duration 141.91820693016 Detik 
------------------------- 
Tanggal: 23-11-2021 20:05:01 
Duration Download Forstok 15.712016820908 Detik
Duration Looping 700 Data 142.89029288292 Detik 
Total Duration 142.89041090012 Detik 
------------------------- 
Tanggal: 23-11-2021 20:10:01 
Duration Download Forstok 14.583722114563 Detik
Duration Looping 700 Data 149.97338199615 Detik 
Total Duration 149.9734711647 Detik 
------------------------- 
Tanggal: 23-11-2021 20:15:01 
Duration Download Forstok 14.147464036942 Detik
Duration Looping 700 Data 146.53579616547 Detik 
Total Duration 146.53591299057 Detik 
------------------------- 
Tanggal: 23-11-2021 20:20:01 
Duration Download Forstok 13.923689126968 Detik
Duration Looping 700 Data 144.23386096954 Detik 
Total Duration 144.23397302628 Detik 
------------------------- 
Tanggal: 23-11-2021 20:25:01 
Duration Download Forstok 9.9001779556274 Detik
Duration Looping 700 Data 141.32406902313 Detik 
Total Duration 141.32416892052 Detik 
------------------------- 
Tanggal: 23-11-2021 20:30:01 
Duration Download Forstok 13.462826013565 Detik
Duration Looping 700 Data 141.3319811821 Detik 
Total Duration 141.33209514618 Detik 
------------------------- 
Tanggal: 23-11-2021 20:35:01 
Duration Download Forstok 12.766205072403 Detik
Duration Looping 700 Data 143.84719610214 Detik 
Total Duration 143.84732103348 Detik 
------------------------- 
Tanggal: 23-11-2021 20:40:01 
Duration Download Forstok 13.267373085022 Detik
Duration Looping 700 Data 145.82590007782 Detik 
Total Duration 145.82601308823 Detik 
------------------------- 
Tanggal: 23-11-2021 20:45:01 
Duration Download Forstok 14.528496026993 Detik
Duration Looping 700 Data 140.45223093033 Detik 
Total Duration 140.45234084129 Detik 
------------------------- 
Tanggal: 23-11-2021 20:50:01 
Duration Download Forstok 9.4766759872437 Detik
Duration Looping 700 Data 135.63471889496 Detik 
Total Duration 135.63483309746 Detik 
------------------------- 
Tanggal: 23-11-2021 20:55:01 
Duration Download Forstok 10.783791065216 Detik
Duration Looping 700 Data 145.59805989265 Detik 
Total Duration 145.59818601608 Detik 
------------------------- 
Tanggal: 23-11-2021 21:00:01 
Duration Download Forstok 11.135694980621 Detik
Duration Looping 700 Data 148.45830917358 Detik 
Total Duration 148.4584209919 Detik 
------------------------- 
Tanggal: 23-11-2021 21:05:01 
Duration Download Forstok 15.399214982986 Detik
Duration Looping 700 Data 145.29192614555 Detik 
Total Duration 145.29204201698 Detik 
------------------------- 
Tanggal: 23-11-2021 21:10:01 
Duration Download Forstok 10.529549837112 Detik
Duration Looping 700 Data 140.0587990284 Detik 
Total Duration 140.0589120388 Detik 
------------------------- 
Tanggal: 23-11-2021 21:15:01 
Duration Download Forstok 19.013900995255 Detik
Duration Looping 700 Data 150.35167884827 Detik 
Total Duration 150.3518140316 Detik 
------------------------- 
Tanggal: 23-11-2021 21:20:01 
Duration Download Forstok 11.899868965149 Detik
Duration Looping 700 Data 140.83728981018 Detik 
Total Duration 140.83740878105 Detik 
------------------------- 
Tanggal: 23-11-2021 21:25:01 
Duration Download Forstok 14.00482416153 Detik
Duration Looping 700 Data 162.74157595634 Detik 
Total Duration 162.74169111252 Detik 
------------------------- 
Tanggal: 23-11-2021 21:30:01 
Duration Download Forstok 11.561287164688 Detik
Duration Looping 700 Data 144.91977214813 Detik 
Total Duration 144.91988015175 Detik 
------------------------- 
Tanggal: 23-11-2021 21:35:01 
Duration Download Forstok 10.497230052948 Detik
Duration Looping 700 Data 141.2223739624 Detik 
Total Duration 141.22252011299 Detik 
------------------------- 
Tanggal: 23-11-2021 21:40:01 
Duration Download Forstok 12.955881118774 Detik
Duration Looping 700 Data 144.28813004494 Detik 
Total Duration 144.2882399559 Detik 
------------------------- 
Tanggal: 23-11-2021 21:45:02 
Duration Download Forstok 16.117895126343 Detik
Duration Looping 700 Data 145.67206096649 Detik 
Total Duration 145.67217803001 Detik 
------------------------- 
Tanggal: 23-11-2021 21:50:01 
Duration Download Forstok 12.862771987915 Detik
Duration Looping 700 Data 138.60236597061 Detik 
Total Duration 138.60246300697 Detik 
------------------------- 
Tanggal: 23-11-2021 21:55:01 
Duration Download Forstok 11.108682155609 Detik
Duration Looping 700 Data 137.26647615433 Detik 
Total Duration 137.26659607887 Detik 
------------------------- 
Tanggal: 23-11-2021 22:00:02 
Duration Download Forstok 12.365783929825 Detik
Duration Looping 700 Data 144.88737010956 Detik 
Total Duration 144.88747906685 Detik 
------------------------- 
Tanggal: 23-11-2021 22:05:01 
Duration Download Forstok 17.344840049744 Detik
Duration Looping 700 Data 143.42831611633 Detik 
Total Duration 143.4284260273 Detik 
------------------------- 
Tanggal: 23-11-2021 22:10:01 
Duration Download Forstok 11.430798053741 Detik
Duration Looping 700 Data 141.46153020859 Detik 
Total Duration 141.4616291523 Detik 
------------------------- 
Tanggal: 23-11-2021 22:15:01 
Duration Download Forstok 19.186939954758 Detik
Duration Looping 700 Data 148.44082093239 Detik 
Total Duration 148.44093894958 Detik 
------------------------- 
Tanggal: 23-11-2021 22:20:02 
Duration Download Forstok 11.616383075714 Detik
Duration Looping 700 Data 144.66684508324 Detik 
Total Duration 144.66696310043 Detik 
------------------------- 
Tanggal: 23-11-2021 22:25:01 
Duration Download Forstok 11.009099960327 Detik
Duration Looping 700 Data 137.46043682098 Detik 
Total Duration 137.46055603027 Detik 
------------------------- 
Tanggal: 23-11-2021 22:30:01 
Duration Download Forstok 13.726670980453 Detik
Duration Looping 700 Data 138.64994096756 Detik 
Total Duration 138.65005493164 Detik 
------------------------- 
Tanggal: 23-11-2021 22:35:01 
Duration Download Forstok 21.764356851578 Detik
Duration Looping 700 Data 151.51109981537 Detik 
Total Duration 151.51120996475 Detik 
------------------------- 
Tanggal: 23-11-2021 22:40:01 
Duration Download Forstok 11.989520072937 Detik
Duration Looping 700 Data 142.20285320282 Detik 
Total Duration 142.20296216011 Detik 
------------------------- 
Tanggal: 23-11-2021 22:45:01 
Duration Download Forstok 11.920632839203 Detik
Duration Looping 700 Data 137.34187483788 Detik 
Total Duration 137.34199285507 Detik 
------------------------- 
Tanggal: 23-11-2021 22:50:01 
Duration Download Forstok 12.571649074554 Detik
Duration Looping 700 Data 144.62807416916 Detik 
Total Duration 144.62819004059 Detik 
------------------------- 
Tanggal: 23-11-2021 22:55:01 
Duration Download Forstok 12.172930002213 Detik
Duration Looping 700 Data 138.5537481308 Detik 
Total Duration 138.55386400223 Detik 
------------------------- 
Tanggal: 23-11-2021 23:00:01 
Duration Download Forstok 10.417043924332 Detik
Duration Looping 700 Data 137.86663603783 Detik 
Total Duration 137.86674904823 Detik 
------------------------- 
Tanggal: 23-11-2021 23:05:01 
Duration Download Forstok 18.016492843628 Detik
Duration Looping 700 Data 143.11229300499 Detik 
Total Duration 143.11240887642 Detik 
------------------------- 
Tanggal: 23-11-2021 23:10:01 
Duration Download Forstok 12.536353826523 Detik
Duration Looping 700 Data 139.46303486824 Detik 
Total Duration 139.46314883232 Detik 
------------------------- 
Tanggal: 23-11-2021 23:15:01 
Duration Download Forstok 15.26830291748 Detik
Duration Looping 700 Data 144.51947307587 Detik 
Total Duration 144.5195980072 Detik 
------------------------- 
Tanggal: 23-11-2021 23:20:01 
Duration Download Forstok 13.448548078537 Detik
Duration Looping 700 Data 149.65285015106 Detik 
Total Duration 149.65296721458 Detik 
------------------------- 
Tanggal: 23-11-2021 23:25:01 
Duration Download Forstok 11.844281196594 Detik
Duration Looping 700 Data 143.11019206047 Detik 
Total Duration 143.11030602455 Detik 
------------------------- 
Tanggal: 23-11-2021 23:30:01 
Duration Download Forstok 12.700407981873 Detik
Duration Looping 700 Data 147.84873104095 Detik 
Total Duration 147.84884285927 Detik 
------------------------- 
Tanggal: 23-11-2021 23:35:01 
Duration Download Forstok 11.666187047958 Detik
Duration Looping 700 Data 138.81672215462 Detik 
Total Duration 138.81685113907 Detik 
------------------------- 
Tanggal: 23-11-2021 23:40:01 
Duration Download Forstok 11.537001132965 Detik
Duration Looping 700 Data 143.8774561882 Detik 
Total Duration 143.87757015228 Detik 
------------------------- 
Tanggal: 23-11-2021 23:45:01 
Duration Download Forstok 13.544066905975 Detik
Duration Looping 700 Data 146.24468398094 Detik 
Total Duration 146.24481105804 Detik 
------------------------- 
Tanggal: 23-11-2021 23:50:01 
Duration Download Forstok 13.385077953339 Detik
Duration Looping 700 Data 141.88700890541 Detik 
Total Duration 141.88708281517 Detik 
------------------------- 
Tanggal: 23-11-2021 23:55:01 
Duration Download Forstok 10.268460988998 Detik
Duration Looping 700 Data 137.40766501427 Detik 
Total Duration 137.40778708458 Detik 
------------------------- 
