Tanggal: 15-05-2022 00:00:01 
Duration Download Forstok 16.3394510746 Detik
Duration Looping 500 Data 598.78873205185 Detik 
Total Duration 598.7898850441 Detik 
------------------------- 
Tanggal: 15-05-2022 00:10:00 
Duration Download Forstok 10.611559152603 Detik
Duration Looping 500 Data 143.26398015022 Detik 
Total Duration 143.26408410072 Detik 
------------------------- 
Tanggal: 15-05-2022 00:15:01 
Duration Download Forstok 14.424855947495 Detik
Duration Looping 500 Data 144.29936885834 Detik 
Total Duration 144.29948592186 Detik 
------------------------- 
Tanggal: 15-05-2022 00:20:01 
Duration Download Forstok 12.053419113159 Detik
Duration Looping 500 Data 145.18389296532 Detik 
Total Duration 145.18401193619 Detik 
------------------------- 
Tanggal: 15-05-2022 00:25:01 
Duration Download Forstok 9.1668190956116 Detik
Duration Looping 500 Data 136.28649997711 Detik 
Total Duration 136.2865960598 Detik 
------------------------- 
Tanggal: 15-05-2022 00:30:01 
Duration Download Forstok 10.280137062073 Detik
Duration Looping 500 Data 148.96493697166 Detik 
Total Duration 148.96507310867 Detik 
------------------------- 
Tanggal: 15-05-2022 00:35:01 
Duration Download Forstok 25.320955991745 Detik
Duration Looping 500 Data 155.97941112518 Detik 
Total Duration 155.97953295708 Detik 
------------------------- 
Tanggal: 15-05-2022 00:40:01 
Duration Download Forstok 10.431177139282 Detik
Duration Looping 500 Data 142.48916316032 Detik 
Total Duration 142.48927617073 Detik 
------------------------- 
Tanggal: 15-05-2022 00:45:01 
Duration Download Forstok 11.900980949402 Detik
Duration Looping 500 Data 140.57176709175 Detik 
Total Duration 140.5718870163 Detik 
------------------------- 
Tanggal: 15-05-2022 00:50:01 
Duration Download Forstok 13.577497005463 Detik
Duration Looping 500 Data 145.41397094727 Detik 
Total Duration 145.41410207748 Detik 
------------------------- 
Tanggal: 15-05-2022 00:55:01 
Duration Download Forstok 9.86612200737 Detik
Duration Looping 500 Data 133.79000687599 Detik 
Total Duration 133.79012489319 Detik 
------------------------- 
Tanggal: 15-05-2022 01:00:01 
Duration Download Forstok 14.221168994904 Detik
Duration Looping 500 Data 141.38454389572 Detik 
Total Duration 141.38466000557 Detik 
------------------------- 
Tanggal: 15-05-2022 01:05:01 
Duration Download Forstok 22.809228897095 Detik
Duration Looping 500 Data 145.21749186516 Detik 
Total Duration 145.21761798859 Detik 
------------------------- 
Tanggal: 15-05-2022 01:10:02 
Duration Download Forstok 9.9715721607208 Detik
Duration Looping 500 Data 134.25015211105 Detik 
Total Duration 134.25027298927 Detik 
------------------------- 
Tanggal: 15-05-2022 01:15:01 
Duration Download Forstok 15.63883805275 Detik
Duration Looping 500 Data 143.89486408234 Detik 
Total Duration 143.89497900009 Detik 
------------------------- 
Tanggal: 15-05-2022 01:20:01 
Duration Download Forstok 8.6261069774628 Detik
Duration Looping 500 Data 139.77059412003 Detik 
Total Duration 139.77071404457 Detik 
------------------------- 
Tanggal: 15-05-2022 01:25:01 
Duration Download Forstok 10.820665836334 Detik
Duration Looping 500 Data 133.97142386436 Detik 
Total Duration 133.97153997421 Detik 
------------------------- 
Tanggal: 15-05-2022 01:30:01 
Duration Download Forstok 12.134837150574 Detik
Duration Looping 500 Data 136.3424050808 Detik 
Total Duration 136.3425321579 Detik 
------------------------- 
Tanggal: 15-05-2022 01:35:02 
Duration Download Forstok 18.191979885101 Detik
Duration Looping 500 Data 146.97884893417 Detik 
Total Duration 146.97896194458 Detik 
------------------------- 
Tanggal: 15-05-2022 01:40:02 
Duration Download Forstok 9.1290428638458 Detik
Duration Looping 500 Data 143.46861100197 Detik 
Total Duration 143.46872282028 Detik 
------------------------- 
Tanggal: 15-05-2022 01:45:01 
Duration Download Forstok 14.36181306839 Detik
Duration Looping 500 Data 138.84661602974 Detik 
Total Duration 138.84672999382 Detik 
------------------------- 
Tanggal: 15-05-2022 01:50:01 
Duration Download Forstok 8.9867680072784 Detik
Duration Looping 500 Data 132.87516093254 Detik 
Total Duration 132.87527394295 Detik 
------------------------- 
Tanggal: 15-05-2022 01:55:01 
Duration Download Forstok 10.423376083374 Detik
Duration Looping 500 Data 136.9159591198 Detik 
Total Duration 136.91604709625 Detik 
------------------------- 
Tanggal: 15-05-2022 02:00:01 
Duration Download Forstok 10.921486139297 Detik
Duration Looping 500 Data 138.09118700027 Detik 
Total Duration 138.09130811691 Detik 
------------------------- 
Tanggal: 15-05-2022 02:05:01 
Duration Download Forstok 20.069985151291 Detik
Duration Looping 500 Data 153.70186519623 Detik 
Total Duration 153.70197701454 Detik 
------------------------- 
Tanggal: 15-05-2022 02:10:01 
Duration Download Forstok 10.906009912491 Detik
Duration Looping 500 Data 134.02266693115 Detik 
Total Duration 134.02278709412 Detik 
------------------------- 
Tanggal: 15-05-2022 02:15:01 
Duration Download Forstok 16.651527881622 Detik
Duration Looping 500 Data 155.44367790222 Detik 
Total Duration 155.44380092621 Detik 
------------------------- 
Tanggal: 15-05-2022 02:20:01 
Duration Download Forstok 9.9137818813324 Detik
Duration Looping 500 Data 138.2690718174 Detik 
Total Duration 138.26918983459 Detik 
------------------------- 
Tanggal: 15-05-2022 02:25:01 
Duration Download Forstok 9.1598889827728 Detik
Duration Looping 500 Data 138.0729598999 Detik 
Total Duration 138.07307910919 Detik 
------------------------- 
Tanggal: 15-05-2022 02:30:01 
Duration Download Forstok 9.743546962738 Detik
Duration Looping 500 Data 134.5936961174 Detik 
Total Duration 134.59381890297 Detik 
------------------------- 
Tanggal: 15-05-2022 02:35:01 
Duration Download Forstok 15.297013998032 Detik
Duration Looping 500 Data 139.24292898178 Detik 
Total Duration 139.24304986 Detik 
------------------------- 
Tanggal: 15-05-2022 02:40:01 
Duration Download Forstok 10.081939220428 Detik
Duration Looping 500 Data 137.12070322037 Detik 
Total Duration 137.12082099915 Detik 
------------------------- 
Tanggal: 15-05-2022 02:45:02 
Duration Download Forstok 15.017405033112 Detik
Duration Looping 500 Data 151.42715501785 Detik 
Total Duration 151.42727804184 Detik 
------------------------- 
Tanggal: 15-05-2022 02:50:01 
Duration Download Forstok 9.7650759220123 Detik
Duration Looping 500 Data 136.57474303246 Detik 
Total Duration 136.57487010956 Detik 
------------------------- 
Tanggal: 15-05-2022 02:55:01 
Duration Download Forstok 7.9323768615723 Detik
Duration Looping 500 Data 136.57370591164 Detik 
Total Duration 136.57383298874 Detik 
------------------------- 
Tanggal: 15-05-2022 03:00:01 
Duration Download Forstok 9.4146230220795 Detik
Duration Looping 500 Data 133.62079501152 Detik 
Total Duration 133.62095713615 Detik 
------------------------- 
Tanggal: 15-05-2022 03:05:01 
Duration Download Forstok 20.171224832535 Detik
Duration Looping 500 Data 148.21244692802 Detik 
Total Duration 148.21256685257 Detik 
------------------------- 
Tanggal: 15-05-2022 03:10:01 
Duration Download Forstok 10.027914047241 Detik
Duration Looping 500 Data 137.85777807236 Detik 
Total Duration 137.85789608955 Detik 
------------------------- 
Tanggal: 15-05-2022 03:15:01 
Duration Download Forstok 21.681030035019 Detik
Duration Looping 500 Data 146.66415596008 Detik 
Total Duration 146.66427707672 Detik 
------------------------- 
Tanggal: 15-05-2022 03:20:01 
Duration Download Forstok 11.073809146881 Detik
Duration Looping 500 Data 143.93910312653 Detik 
Total Duration 143.93922495842 Detik 
------------------------- 
Tanggal: 15-05-2022 03:25:01 
Duration Download Forstok 8.9997470378876 Detik
Duration Looping 500 Data 135.62263703346 Detik 
Total Duration 135.62275505066 Detik 
------------------------- 
Tanggal: 15-05-2022 03:30:01 
Duration Download Forstok 9.5901792049408 Detik
Duration Looping 500 Data 138.59708499908 Detik 
Total Duration 138.59719800949 Detik 
------------------------- 
Tanggal: 15-05-2022 03:35:01 
Duration Download Forstok 14.812626838684 Detik
Duration Looping 500 Data 142.86851286888 Detik 
Total Duration 142.86863589287 Detik 
------------------------- 
Tanggal: 15-05-2022 03:40:01 
Duration Download Forstok 9.6548018455505 Detik
Duration Looping 500 Data 139.20002102852 Detik 
Total Duration 139.20014691353 Detik 
------------------------- 
Tanggal: 15-05-2022 03:45:01 
Duration Download Forstok 19.535890102386 Detik
Duration Looping 500 Data 146.91862010956 Detik 
Total Duration 146.91874194145 Detik 
------------------------- 
Tanggal: 15-05-2022 03:50:01 
Duration Download Forstok 10.73980307579 Detik
Duration Looping 500 Data 137.51838994026 Detik 
Total Duration 137.51850700378 Detik 
------------------------- 
Tanggal: 15-05-2022 03:55:01 
Duration Download Forstok 12.332011938095 Detik
Duration Looping 500 Data 137.65980601311 Detik 
Total Duration 137.65992379189 Detik 
------------------------- 
Tanggal: 15-05-2022 04:00:01 
Duration Download Forstok 12.212853908539 Detik
Duration Looping 500 Data 135.51693892479 Detik 
Total Duration 135.51706004143 Detik 
------------------------- 
Tanggal: 15-05-2022 04:05:01 
Duration Download Forstok 30.728874921799 Detik
Duration Looping 500 Data 155.50733685493 Detik 
Total Duration 155.50745606422 Detik 
------------------------- 
Tanggal: 15-05-2022 04:10:01 
Duration Download Forstok 11.206337928772 Detik
Duration Looping 500 Data 135.1209628582 Detik 
Total Duration 135.12108182907 Detik 
------------------------- 
Tanggal: 15-05-2022 04:15:01 
Duration Download Forstok 18.123138904572 Detik
Duration Looping 500 Data 146.347438097 Detik 
Total Duration 146.34755706787 Detik 
------------------------- 
Tanggal: 15-05-2022 04:20:01 
Duration Download Forstok 9.0485670566559 Detik
Duration Looping 500 Data 135.852850914 Detik 
Total Duration 135.85296702385 Detik 
------------------------- 
Tanggal: 15-05-2022 04:25:01 
Duration Download Forstok 9.3867251873016 Detik
Duration Looping 500 Data 132.7939851284 Detik 
Total Duration 132.79410409927 Detik 
------------------------- 
Tanggal: 15-05-2022 04:30:01 
Duration Download Forstok 9.8568069934845 Detik
Duration Looping 500 Data 136.76156020164 Detik 
Total Duration 136.76167821884 Detik 
------------------------- 
Tanggal: 15-05-2022 04:35:01 
Duration Download Forstok 17.345505952835 Detik
Duration Looping 500 Data 144.2451710701 Detik 
Total Duration 144.24528193474 Detik 
------------------------- 
Tanggal: 15-05-2022 04:40:01 
Duration Download Forstok 11.657778978348 Detik
Duration Looping 500 Data 140.67679595947 Detik 
Total Duration 140.6769080162 Detik 
------------------------- 
Tanggal: 15-05-2022 04:45:01 
Duration Download Forstok 16.139992952347 Detik
Duration Looping 500 Data 155.09381890297 Detik 
Total Duration 155.09393501282 Detik 
------------------------- 
Tanggal: 15-05-2022 04:50:01 
Duration Download Forstok 10.080439090729 Detik
Duration Looping 500 Data 135.39983010292 Detik 
Total Duration 135.39996194839 Detik 
------------------------- 
Tanggal: 15-05-2022 04:55:01 
Duration Download Forstok 11.384840965271 Detik
Duration Looping 500 Data 136.94627809525 Detik 
Total Duration 136.94640302658 Detik 
------------------------- 
Tanggal: 15-05-2022 05:00:01 
Duration Download Forstok 9.57386302948 Detik
Duration Looping 500 Data 139.99030518532 Detik 
Total Duration 139.99039721489 Detik 
------------------------- 
Tanggal: 15-05-2022 05:05:01 
Duration Download Forstok 29.85501909256 Detik
Duration Looping 500 Data 165.25560903549 Detik 
Total Duration 165.25572800636 Detik 
------------------------- 
Tanggal: 15-05-2022 05:10:01 
Duration Download Forstok 10.631280899048 Detik
Duration Looping 500 Data 134.05822300911 Detik 
Total Duration 134.05837488174 Detik 
------------------------- 
Tanggal: 15-05-2022 05:15:01 
Duration Download Forstok 13.013243913651 Detik
Duration Looping 500 Data 144.30137300491 Detik 
Total Duration 144.30149793625 Detik 
------------------------- 
Tanggal: 15-05-2022 05:20:01 
Duration Download Forstok 11.03999209404 Detik
Duration Looping 500 Data 149.16729903221 Detik 
Total Duration 149.16739106178 Detik 
------------------------- 
Tanggal: 15-05-2022 05:25:01 
Duration Download Forstok 9.3175539970398 Detik
Duration Looping 500 Data 136.09182882309 Detik 
Total Duration 136.09194803238 Detik 
------------------------- 
Tanggal: 15-05-2022 05:30:01 
Duration Download Forstok 9.8942601680756 Detik
Duration Looping 500 Data 139.24211597443 Detik 
Total Duration 139.24222707748 Detik 
------------------------- 
Tanggal: 15-05-2022 05:35:01 
Duration Download Forstok 17.501507997513 Detik
Duration Looping 500 Data 140.36876606941 Detik 
Total Duration 140.36888098717 Detik 
------------------------- 
Tanggal: 15-05-2022 05:40:01 
Duration Download Forstok 9.5446419715881 Detik
Duration Looping 500 Data 137.27997684479 Detik 
Total Duration 137.28006482124 Detik 
------------------------- 
Tanggal: 15-05-2022 05:45:01 
Duration Download Forstok 13.053913831711 Detik
Duration Looping 500 Data 135.95278787613 Detik 
Total Duration 135.95291876793 Detik 
------------------------- 
Tanggal: 15-05-2022 05:50:01 
Duration Download Forstok 12.648144960403 Detik
Duration Looping 500 Data 141.89161396027 Detik 
Total Duration 141.89173197746 Detik 
------------------------- 
Tanggal: 15-05-2022 05:55:01 
Duration Download Forstok 9.5329020023346 Detik
Duration Looping 500 Data 134.10239505768 Detik 
Total Duration 134.10250091553 Detik 
------------------------- 
Tanggal: 15-05-2022 06:00:01 
Duration Download Forstok 9.1766970157623 Detik
Duration Looping 500 Data 141.10030913353 Detik 
Total Duration 141.10041594505 Detik 
------------------------- 
Tanggal: 15-05-2022 06:05:01 
Duration Download Forstok 27.61336684227 Detik
Duration Looping 500 Data 154.23106098175 Detik 
Total Duration 154.23117995262 Detik 
------------------------- 
Tanggal: 15-05-2022 06:10:01 
Duration Download Forstok 8.8569281101227 Detik
Duration Looping 500 Data 132.54321599007 Detik 
Total Duration 132.54332613945 Detik 
------------------------- 
Tanggal: 15-05-2022 06:15:01 
Duration Download Forstok 17.920720815659 Detik
Duration Looping 500 Data 151.17159891129 Detik 
Total Duration 151.17171192169 Detik 
------------------------- 
Tanggal: 15-05-2022 06:20:01 
Duration Download Forstok 10.218585968018 Detik
Duration Looping 500 Data 136.90890598297 Detik 
Total Duration 136.90902400017 Detik 
------------------------- 
Tanggal: 15-05-2022 06:25:01 
Duration Download Forstok 10.58428311348 Detik
Duration Looping 500 Data 139.60370802879 Detik 
Total Duration 139.60382008553 Detik 
------------------------- 
Tanggal: 15-05-2022 06:30:01 
Duration Download Forstok 11.84273481369 Detik
Duration Looping 500 Data 140.85385489464 Detik 
Total Duration 140.85396790504 Detik 
------------------------- 
Tanggal: 15-05-2022 06:35:01 
Duration Download Forstok 13.353888988495 Detik
Duration Looping 500 Data 136.68242883682 Detik 
Total Duration 136.68255496025 Detik 
------------------------- 
Tanggal: 15-05-2022 06:40:01 
Duration Download Forstok 7.8648898601532 Detik
Duration Looping 500 Data 146.22703886032 Detik 
Total Duration 146.22716593742 Detik 
------------------------- 
Tanggal: 15-05-2022 06:45:01 
Duration Download Forstok 16.768116950989 Detik
Duration Looping 500 Data 141.53217387199 Detik 
Total Duration 141.53229999542 Detik 
------------------------- 
Tanggal: 15-05-2022 06:50:01 
Duration Download Forstok 10.848339796066 Detik
Duration Looping 500 Data 143.12926697731 Detik 
Total Duration 143.1294260025 Detik 
------------------------- 
Tanggal: 15-05-2022 06:55:01 
Duration Download Forstok 8.9379360675812 Detik
Duration Looping 500 Data 134.33706498146 Detik 
Total Duration 134.33718895912 Detik 
------------------------- 
Tanggal: 15-05-2022 07:00:01 
Duration Download Forstok 9.7337040901184 Detik
Duration Looping 500 Data 134.35443806648 Detik 
Total Duration 134.35455608368 Detik 
------------------------- 
Tanggal: 15-05-2022 07:05:01 
Duration Download Forstok 25.772972106934 Detik
Duration Looping 500 Data 151.45374298096 Detik 
Total Duration 151.4538640976 Detik 
------------------------- 
Tanggal: 15-05-2022 07:10:01 
Duration Download Forstok 10.034502983093 Detik
Duration Looping 500 Data 139.40338420868 Detik 
Total Duration 139.40352416039 Detik 
------------------------- 
Tanggal: 15-05-2022 07:15:01 
Duration Download Forstok 11.084274053574 Detik
Duration Looping 500 Data 137.49689102173 Detik 
Total Duration 137.49701595306 Detik 
------------------------- 
Tanggal: 15-05-2022 07:20:01 
Duration Download Forstok 8.6071588993073 Detik
Duration Looping 500 Data 141.36769795418 Detik 
Total Duration 141.36784791946 Detik 
------------------------- 
Tanggal: 15-05-2022 07:25:01 
Duration Download Forstok 7.9535849094391 Detik
Duration Looping 500 Data 131.02331614494 Detik 
Total Duration 131.02343392372 Detik 
------------------------- 
Tanggal: 15-05-2022 07:30:01 
Duration Download Forstok 9.9969849586487 Detik
Duration Looping 500 Data 137.19956302643 Detik 
Total Duration 137.19968390465 Detik 
------------------------- 
Tanggal: 15-05-2022 07:35:01 
Duration Download Forstok 31.707304954529 Detik
Duration Looping 500 Data 159.31238603592 Detik 
Total Duration 159.31252384186 Detik 
------------------------- 
Tanggal: 15-05-2022 07:40:01 
Duration Download Forstok 13.907959222794 Detik
Duration Looping 500 Data 139.83436918259 Detik 
Total Duration 139.83449912071 Detik 
------------------------- 
Tanggal: 15-05-2022 07:45:01 
Duration Download Forstok 16.511756181717 Detik
Duration Looping 500 Data 141.95329403877 Detik 
Total Duration 141.95341205597 Detik 
------------------------- 
Tanggal: 15-05-2022 07:50:01 
Duration Download Forstok 7.8976199626923 Detik
Duration Looping 500 Data 134.34003400803 Detik 
Total Duration 134.34016799927 Detik 
------------------------- 
Tanggal: 15-05-2022 07:55:01 
Duration Download Forstok 7.7826640605927 Detik
Duration Looping 500 Data 135.2210791111 Detik 
Total Duration 135.22120904922 Detik 
------------------------- 
Tanggal: 15-05-2022 08:00:01 
Duration Download Forstok 9.9503920078278 Detik
Duration Looping 500 Data 149.87946486473 Detik 
Total Duration 149.87959504128 Detik 
------------------------- 
Tanggal: 15-05-2022 08:05:01 
Duration Download Forstok 35.738257884979 Detik
Duration Looping 500 Data 161.00949478149 Detik 
Total Duration 161.00961685181 Detik 
------------------------- 
Tanggal: 15-05-2022 08:10:01 
Duration Download Forstok 8.2308402061462 Detik
Duration Looping 500 Data 144.68824911118 Detik 
Total Duration 144.68836402893 Detik 
------------------------- 
Tanggal: 15-05-2022 08:15:01 
Duration Download Forstok 11.425471067429 Detik
Duration Looping 500 Data 141.04473400116 Detik 
Total Duration 141.04484510422 Detik 
------------------------- 
Tanggal: 15-05-2022 08:20:01 
Duration Download Forstok 8.48521900177 Detik
Duration Looping 500 Data 134.17890191078 Detik 
Total Duration 134.17903208733 Detik 
------------------------- 
Tanggal: 15-05-2022 08:25:01 
Duration Download Forstok 10.57769203186 Detik
Duration Looping 500 Data 148.08842802048 Detik 
Total Duration 148.08854317665 Detik 
------------------------- 
Tanggal: 15-05-2022 08:30:01 
Duration Download Forstok 11.431889057159 Detik
Duration Looping 500 Data 142.77831912041 Detik 
Total Duration 142.77843904495 Detik 
------------------------- 
Tanggal: 15-05-2022 08:35:01 
Duration Download Forstok 26.318531990051 Detik
Duration Looping 500 Data 151.99620509148 Detik 
Total Duration 151.99632310867 Detik 
------------------------- 
Tanggal: 15-05-2022 08:40:01 
Duration Download Forstok 37.882210016251 Detik
Duration Looping 500 Data 164.32653784752 Detik 
Total Duration 164.32666182518 Detik 
------------------------- 
Tanggal: 15-05-2022 08:45:01 
Duration Download Forstok 38.423181056976 Detik
Duration Looping 500 Data 181.97736287117 Detik 
Total Duration 181.97749495506 Detik 
------------------------- 
Tanggal: 15-05-2022 08:50:01 
Duration Download Forstok 13.578731060028 Detik
Duration Looping 500 Data 140.87525987625 Detik 
Total Duration 140.87538695335 Detik 
------------------------- 
Tanggal: 15-05-2022 08:55:01 
Duration Download Forstok 14.188326120377 Detik
Duration Looping 500 Data 146.33729290962 Detik 
Total Duration 146.33741903305 Detik 
------------------------- 
Tanggal: 15-05-2022 09:00:01 
Duration Download Forstok 9.5380258560181 Detik
Duration Looping 500 Data 140.85360479355 Detik 
Total Duration 140.85372781754 Detik 
------------------------- 
Tanggal: 15-05-2022 09:05:01 
Duration Download Forstok 23.745934963226 Detik
Duration Looping 500 Data 158.70187783241 Detik 
Total Duration 158.7020008564 Detik 
------------------------- 
Tanggal: 15-05-2022 09:10:01 
Duration Download Forstok 22.171142101288 Detik
Duration Looping 500 Data 156.00162005424 Detik 
Total Duration 156.00174999237 Detik 
------------------------- 
Tanggal: 15-05-2022 09:15:01 
Duration Download Forstok 34.429650068283 Detik
Duration Looping 500 Data 160.86547517776 Detik 
Total Duration 160.86560297012 Detik 
------------------------- 
Tanggal: 15-05-2022 09:20:01 
Duration Download Forstok 29.765300035477 Detik
Duration Looping 500 Data 169.93451595306 Detik 
Total Duration 169.93464398384 Detik 
------------------------- 
Tanggal: 15-05-2022 09:25:01 
Duration Download Forstok 37.575680017471 Detik
Duration Looping 500 Data 177.37297296524 Detik 
Total Duration 177.37308907509 Detik 
------------------------- 
Tanggal: 15-05-2022 09:30:01 
Duration Download Forstok 59.578055858612 Detik
Tanggal: 15-05-2022 09:35:01 
Duration Download Forstok 60.001753091812 Detik
Tanggal: 15-05-2022 09:40:01 
Duration Download Forstok 35.613243818283 Detik
Duration Looping 500 Data 164.54851794243 Detik 
Total Duration 164.54863476753 Detik 
------------------------- 
Tanggal: 15-05-2022 09:45:01 
Duration Download Forstok 22.344645023346 Detik
Duration Looping 500 Data 153.92554402351 Detik 
Total Duration 153.92567515373 Detik 
------------------------- 
Tanggal: 15-05-2022 09:50:01 
Duration Download Forstok 56.294183969498 Detik
Duration Looping 500 Data 186.13482809067 Detik 
Total Duration 186.13495111465 Detik 
------------------------- 
Tanggal: 15-05-2022 09:55:01 
Duration Download Forstok 9.7563738822937 Detik
Duration Looping 500 Data 140.22191691399 Detik 
Total Duration 140.22205090523 Detik 
------------------------- 
Tanggal: 15-05-2022 10:00:01 
Duration Download Forstok 10.286017894745 Detik
Duration Looping 500 Data 139.81227684021 Detik 
Total Duration 139.81240582466 Detik 
------------------------- 
Tanggal: 15-05-2022 10:05:01 
Duration Download Forstok 26.545315027237 Detik
Duration Looping 500 Data 163.23704004288 Detik 
Total Duration 163.23716306686 Detik 
------------------------- 
Tanggal: 15-05-2022 10:10:01 
Duration Download Forstok 30.740357160568 Detik
Duration Looping 500 Data 166.125426054 Detik 
Total Duration 166.1255531311 Detik 
------------------------- 
Tanggal: 15-05-2022 10:15:01 
Duration Download Forstok 15.450407028198 Detik
Duration Looping 500 Data 143.32284617424 Detik 
Total Duration 143.32296395302 Detik 
------------------------- 
Tanggal: 15-05-2022 10:20:01 
Duration Download Forstok 20.991843938828 Detik
Duration Looping 500 Data 152.67562389374 Detik 
Total Duration 152.67573690414 Detik 
------------------------- 
Tanggal: 15-05-2022 10:25:01 
Duration Download Forstok 8.0684728622437 Detik
Duration Looping 500 Data 144.59312605858 Detik 
Total Duration 144.59324908257 Detik 
------------------------- 
Tanggal: 15-05-2022 10:30:01 
Duration Download Forstok 17.366996049881 Detik
Duration Looping 500 Data 146.1372590065 Detik 
Total Duration 146.1374001503 Detik 
------------------------- 
Tanggal: 15-05-2022 10:35:01 
Duration Download Forstok 34.278071880341 Detik
Duration Looping 500 Data 169.4685549736 Detik 
Total Duration 169.46868300438 Detik 
------------------------- 
Tanggal: 15-05-2022 10:40:01 
Duration Download Forstok 9.3232619762421 Detik
Duration Looping 500 Data 141.3236489296 Detik 
Total Duration 141.32377386093 Detik 
------------------------- 
Tanggal: 15-05-2022 10:45:01 
Duration Download Forstok 11.390426158905 Detik
Duration Looping 500 Data 148.26859617233 Detik 
Total Duration 148.26872110367 Detik 
------------------------- 
Tanggal: 15-05-2022 10:50:02 
Duration Download Forstok 10.267051935196 Detik
Duration Looping 500 Data 143.08863687515 Detik 
Total Duration 143.08877897263 Detik 
------------------------- 
Tanggal: 15-05-2022 10:55:01 
Duration Download Forstok 11.287533044815 Detik
Duration Looping 500 Data 149.45004487038 Detik 
Total Duration 149.45016407967 Detik 
------------------------- 
Tanggal: 15-05-2022 11:00:01 
Duration Download Forstok 10.151364803314 Detik
Duration Looping 500 Data 143.52600193024 Detik 
Total Duration 143.52613186836 Detik 
------------------------- 
Tanggal: 15-05-2022 11:05:01 
Duration Download Forstok 47.874751091003 Detik
Duration Looping 500 Data 178.90763711929 Detik 
Total Duration 178.90775609016 Detik 
------------------------- 
Tanggal: 15-05-2022 11:10:01 
Duration Download Forstok 26.057022094727 Detik
Duration Looping 500 Data 161.58633112907 Detik 
Total Duration 161.58645915985 Detik 
------------------------- 
Tanggal: 15-05-2022 11:15:01 
Duration Download Forstok 14.049432039261 Detik
Duration Looping 500 Data 150.43191099167 Detik 
Total Duration 150.43204116821 Detik 
------------------------- 
Tanggal: 15-05-2022 11:20:01 
Duration Download Forstok 40.722227811813 Detik
Duration Looping 500 Data 178.24627995491 Detik 
Total Duration 178.2464158535 Detik 
------------------------- 
Tanggal: 15-05-2022 11:25:01 
Duration Download Forstok 15.801967144012 Detik
Duration Looping 500 Data 147.08332419395 Detik 
Total Duration 147.08345103264 Detik 
------------------------- 
Tanggal: 15-05-2022 11:30:01 
Duration Download Forstok 10.541827917099 Detik
Duration Looping 500 Data 142.95191979408 Detik 
Total Duration 142.95204687119 Detik 
------------------------- 
Tanggal: 15-05-2022 11:35:01 
Duration Download Forstok 17.993496894836 Detik
Duration Looping 500 Data 145.82657694817 Detik 
Total Duration 145.82670092583 Detik 
------------------------- 
Tanggal: 15-05-2022 11:40:01 
Duration Download Forstok 10.419154882431 Detik
Duration Looping 500 Data 140.57093000412 Detik 
Total Duration 140.57105898857 Detik 
------------------------- 
Tanggal: 15-05-2022 11:45:01 
Duration Download Forstok 20.082587003708 Detik
Duration Looping 500 Data 151.75517201424 Detik 
Total Duration 151.75528907776 Detik 
------------------------- 
Tanggal: 15-05-2022 11:50:01 
Duration Download Forstok 9.7422389984131 Detik
Duration Looping 500 Data 148.04679989815 Detik 
Total Duration 148.0469250679 Detik 
------------------------- 
Tanggal: 15-05-2022 11:55:01 
Duration Download Forstok 13.736784934998 Detik
Duration Looping 500 Data 148.10758399963 Detik 
Total Duration 148.1077041626 Detik 
------------------------- 
Tanggal: 15-05-2022 12:00:01 
Duration Download Forstok 16.123314857483 Detik
Duration Looping 500 Data 145.79446101189 Detik 
Total Duration 145.79458904266 Detik 
------------------------- 
Tanggal: 15-05-2022 12:05:01 
Duration Download Forstok 33.682906866074 Detik
Duration Looping 500 Data 159.98877692223 Detik 
Total Duration 159.9889190197 Detik 
------------------------- 
Tanggal: 15-05-2022 12:10:02 
Duration Download Forstok 9.266086101532 Detik
Duration Looping 500 Data 149.61606812477 Detik 
Total Duration 149.61619496346 Detik 
------------------------- 
Tanggal: 15-05-2022 12:15:01 
Duration Download Forstok 15.53208398819 Detik
Duration Looping 500 Data 144.17035102844 Detik 
Total Duration 144.17047309875 Detik 
------------------------- 
Tanggal: 15-05-2022 12:20:01 
Duration Download Forstok 10.680521011353 Detik
Duration Looping 500 Data 140.85406804085 Detik 
Total Duration 140.85419297218 Detik 
------------------------- 
Tanggal: 15-05-2022 12:25:01 
Duration Download Forstok 10.342307090759 Detik
Duration Looping 500 Data 140.72869801521 Detik 
Total Duration 140.72882509232 Detik 
------------------------- 
Tanggal: 15-05-2022 12:30:01 
Duration Download Forstok 9.0868368148804 Detik
Duration Looping 500 Data 137.12107181549 Detik 
Total Duration 137.12120485306 Detik 
------------------------- 
Tanggal: 15-05-2022 12:35:01 
Duration Download Forstok 25.91159081459 Detik
Duration Looping 500 Data 155.77073192596 Detik 
Total Duration 155.7708568573 Detik 
------------------------- 
Tanggal: 15-05-2022 12:40:01 
Duration Download Forstok 11.043432950974 Detik
Duration Looping 500 Data 151.78947687149 Detik 
Total Duration 151.78959083557 Detik 
------------------------- 
Tanggal: 15-05-2022 12:45:01 
Duration Download Forstok 12.964213132858 Detik
Duration Looping 500 Data 143.96326398849 Detik 
Total Duration 143.96338605881 Detik 
------------------------- 
Tanggal: 15-05-2022 12:50:01 
Duration Download Forstok 11.870496988297 Detik
Duration Looping 500 Data 152.11711716652 Detik 
Total Duration 152.11723804474 Detik 
------------------------- 
Tanggal: 15-05-2022 12:55:01 
Duration Download Forstok 14.304219007492 Detik
Duration Looping 500 Data 151.79157209396 Detik 
Total Duration 151.79171204567 Detik 
------------------------- 
Tanggal: 15-05-2022 13:00:01 
Duration Download Forstok 8.4961018562317 Detik
Duration Looping 500 Data 137.73885703087 Detik 
Total Duration 137.73898983002 Detik 
------------------------- 
Tanggal: 15-05-2022 13:05:01 
Duration Download Forstok 29.378714084625 Detik
Duration Looping 500 Data 159.20469093323 Detik 
Total Duration 159.20481395721 Detik 
------------------------- 
Tanggal: 15-05-2022 13:10:01 
Duration Download Forstok 10.823998212814 Detik
Duration Looping 500 Data 137.52493810654 Detik 
Total Duration 137.52506709099 Detik 
------------------------- 
Tanggal: 15-05-2022 13:15:01 
Duration Download Forstok 11.240715026855 Detik
Duration Looping 500 Data 135.63501501083 Detik 
Total Duration 135.63512802124 Detik 
------------------------- 
Tanggal: 15-05-2022 13:20:01 
Duration Download Forstok 10.635173082352 Detik
Duration Looping 500 Data 137.46796798706 Detik 
Total Duration 137.46810913086 Detik 
------------------------- 
Tanggal: 15-05-2022 13:25:01 
Duration Download Forstok 9.6404750347137 Detik
Duration Looping 500 Data 135.87365412712 Detik 
Total Duration 135.87378406525 Detik 
------------------------- 
Tanggal: 15-05-2022 13:30:01 
Duration Download Forstok 11.972975969315 Detik
Duration Looping 500 Data 142.75553202629 Detik 
Total Duration 142.75566005707 Detik 
------------------------- 
Tanggal: 15-05-2022 13:35:01 
Duration Download Forstok 21.743249893188 Detik
Duration Looping 500 Data 152.12744688988 Detik 
Total Duration 152.12756490707 Detik 
------------------------- 
Tanggal: 15-05-2022 13:40:01 
Duration Download Forstok 18.623813867569 Detik
Duration Looping 500 Data 157.50145077705 Detik 
Total Duration 157.50157284737 Detik 
------------------------- 
Tanggal: 15-05-2022 13:45:01 
Duration Download Forstok 47.242784023285 Detik
Duration Looping 500 Data 175.43029594421 Detik 
Total Duration 175.43042492867 Detik 
------------------------- 
Tanggal: 15-05-2022 13:50:01 
Duration Download Forstok 47.436807155609 Detik
Duration Looping 500 Data 183.46915698051 Detik 
Total Duration 183.46927905083 Detik 
------------------------- 
Tanggal: 15-05-2022 13:55:01 
Duration Download Forstok 48.413728952408 Detik
Duration Looping 500 Data 175.78858709335 Detik 
Total Duration 175.78871798515 Detik 
------------------------- 
Tanggal: 15-05-2022 14:00:01 
Duration Download Forstok 13.1762611866 Detik
Duration Looping 500 Data 144.73326015472 Detik 
Total Duration 144.73339509964 Detik 
------------------------- 
Tanggal: 15-05-2022 14:05:01 
Duration Download Forstok 55.336925983429 Detik
Duration Looping 500 Data 185.64400887489 Detik 
Total Duration 185.64414000511 Detik 
------------------------- 
Tanggal: 15-05-2022 14:10:01 
Duration Download Forstok 22.090919017792 Detik
Duration Looping 500 Data 154.66375398636 Detik 
Total Duration 154.66387701035 Detik 
------------------------- 
Tanggal: 15-05-2022 14:15:01 
Duration Download Forstok 32.379962921143 Detik
Duration Looping 500 Data 162.54706907272 Detik 
Total Duration 162.54719090462 Detik 
------------------------- 
Tanggal: 15-05-2022 14:20:01 
Duration Download Forstok 57.277035951614 Detik
Duration Looping 500 Data 187.06038594246 Detik 
Total Duration 187.06051588058 Detik 
------------------------- 
Tanggal: 15-05-2022 14:25:01 
Duration Download Forstok 49.516371011734 Detik
Duration Looping 500 Data 176.37556505203 Detik 
Total Duration 176.37568688393 Detik 
------------------------- 
Tanggal: 15-05-2022 14:30:01 
Duration Download Forstok 37.569006919861 Detik
Tanggal: 15-05-2022 14:35:01 
Duration Download Forstok 39.99996304512 Detik
Tanggal: 15-05-2022 14:40:01 
Duration Download Forstok 12.297342061996 Detik
Duration Looping 500 Data 140.98895812035 Detik 
Total Duration 140.98905706406 Detik 
------------------------- 
Tanggal: 15-05-2022 14:45:01 
Duration Download Forstok 16.661628007889 Detik
Duration Looping 500 Data 151.48543810844 Detik 
Total Duration 151.48556399345 Detik 
------------------------- 
Tanggal: 15-05-2022 14:50:01 
Duration Download Forstok 12.363612890244 Detik
Duration Looping 500 Data 143.85135006905 Detik 
Total Duration 143.85146808624 Detik 
------------------------- 
Tanggal: 15-05-2022 14:55:01 
Duration Download Forstok 11.394558191299 Detik
Duration Looping 500 Data 139.05711603165 Detik 
Total Duration 139.0572450161 Detik 
------------------------- 
Tanggal: 15-05-2022 15:00:01 
Duration Download Forstok 14.297323942184 Detik
Duration Looping 500 Data 142.1043920517 Detik 
Total Duration 142.1045191288 Detik 
------------------------- 
Tanggal: 15-05-2022 15:05:01 
Duration Download Forstok 29.523303985596 Detik
Duration Looping 500 Data 159.5692551136 Detik 
Total Duration 159.56938004494 Detik 
------------------------- 
Tanggal: 15-05-2022 15:10:01 
Duration Download Forstok 19.460084915161 Detik
Duration Looping 500 Data 152.62790489197 Detik 
Total Duration 152.62804198265 Detik 
------------------------- 
Tanggal: 15-05-2022 15:15:01 
Duration Download Forstok 12.96420788765 Detik
Duration Looping 500 Data 142.96218395233 Detik 
Total Duration 142.96230387688 Detik 
------------------------- 
Tanggal: 15-05-2022 15:20:01 
Duration Download Forstok 12.160098075867 Detik
Duration Looping 500 Data 143.26018309593 Detik 
Total Duration 143.26030898094 Detik 
------------------------- 
Tanggal: 15-05-2022 15:25:01 
Duration Download Forstok 8.2727200984955 Detik
Duration Looping 500 Data 135.18811297417 Detik 
Total Duration 135.1882390976 Detik 
------------------------- 
Tanggal: 15-05-2022 15:30:01 
Duration Download Forstok 10.676890134811 Detik
Duration Looping 500 Data 142.80518198013 Detik 
Total Duration 142.80527305603 Detik 
------------------------- 
Tanggal: 15-05-2022 15:35:01 
Duration Download Forstok 17.258840799332 Detik
Duration Looping 500 Data 153.17707586288 Detik 
Total Duration 153.17720794678 Detik 
------------------------- 
Tanggal: 15-05-2022 15:40:01 
Duration Download Forstok 14.031158924103 Detik
Duration Looping 500 Data 149.01448392868 Detik 
Total Duration 149.0146279335 Detik 
------------------------- 
Tanggal: 15-05-2022 15:45:01 
Duration Download Forstok 11.723175048828 Detik
Duration Looping 500 Data 140.78263497353 Detik 
Total Duration 140.78275895119 Detik 
------------------------- 
Tanggal: 15-05-2022 15:50:01 
Duration Download Forstok 14.112745046616 Detik
Duration Looping 500 Data 142.61014699936 Detik 
Total Duration 142.61026787758 Detik 
------------------------- 
Tanggal: 15-05-2022 15:55:01 
Duration Download Forstok 8.5994260311127 Detik
Duration Looping 500 Data 138.05845713615 Detik 
Total Duration 138.05857610703 Detik 
------------------------- 
Tanggal: 15-05-2022 16:00:01 
Duration Download Forstok 14.776837110519 Detik
Duration Looping 500 Data 148.78089094162 Detik 
Total Duration 148.78101205826 Detik 
------------------------- 
Tanggal: 15-05-2022 16:05:02 
Duration Download Forstok 21.142118930817 Detik
Duration Looping 500 Data 153.22459292412 Detik 
Total Duration 153.22472214699 Detik 
------------------------- 
Tanggal: 15-05-2022 16:10:01 
Duration Download Forstok 59.529925107956 Detik
Tanggal: 15-05-2022 16:15:01 
Duration Download Forstok 59.836495161057 Detik
Tanggal: 15-05-2022 16:20:01 
Duration Download Forstok 59.313302993774 Detik
Tanggal: 15-05-2022 16:25:01 
Duration Download Forstok 14.5143699646 Detik
Duration Looping 500 Data 153.89644289017 Detik 
Total Duration 153.8965818882 Detik 
------------------------- 
Tanggal: 15-05-2022 16:30:01 
Duration Download Forstok 53.583261013031 Detik
Duration Looping 500 Data 178.64704108238 Detik 
Total Duration 178.64716005325 Detik 
------------------------- 
Tanggal: 15-05-2022 16:35:01 
Duration Download Forstok 22.402190923691 Detik
Duration Looping 500 Data 155.99930596352 Detik 
Total Duration 155.99943208694 Detik 
------------------------- 
Tanggal: 15-05-2022 16:40:01 
Duration Download Forstok 22.662987947464 Detik
Duration Looping 500 Data 149.35341095924 Detik 
Total Duration 149.35353684425 Detik 
------------------------- 
Tanggal: 15-05-2022 16:45:01 
Duration Download Forstok 21.398091077805 Detik
Duration Looping 500 Data 157.36798095703 Detik 
Total Duration 157.36810898781 Detik 
------------------------- 
Tanggal: 15-05-2022 16:50:01 
Duration Download Forstok 8.8167378902435 Detik
Duration Looping 500 Data 138.1439499855 Detik 
Total Duration 138.14404296875 Detik 
------------------------- 
Tanggal: 15-05-2022 16:55:01 
Duration Download Forstok 11.06166100502 Detik
Duration Looping 500 Data 140.07971286774 Detik 
Total Duration 140.07984280586 Detik 
------------------------- 
Tanggal: 15-05-2022 17:00:01 
Duration Download Forstok 12.41413807869 Detik
Duration Looping 500 Data 146.55316495895 Detik 
Total Duration 146.55329108238 Detik 
------------------------- 
Tanggal: 15-05-2022 17:05:01 
Duration Download Forstok 29.240377187729 Detik
Duration Looping 500 Data 159.42764019966 Detik 
Total Duration 159.42776799202 Detik 
------------------------- 
Tanggal: 15-05-2022 17:10:01 
Duration Download Forstok 13.27283000946 Detik
Duration Looping 500 Data 141.46753692627 Detik 
Total Duration 141.4676618576 Detik 
------------------------- 
Tanggal: 15-05-2022 17:15:01 
Duration Download Forstok 15.912901163101 Detik
Duration Looping 500 Data 145.52008414268 Detik 
Total Duration 145.52021694183 Detik 
------------------------- 
Tanggal: 15-05-2022 17:20:01 
Duration Download Forstok 10.960498094559 Detik
Duration Looping 500 Data 145.00956702232 Detik 
Total Duration 145.00968813896 Detik 
------------------------- 
Tanggal: 15-05-2022 17:25:01 
Duration Download Forstok 39.938394069672 Detik
Duration Looping 500 Data 176.54265999794 Detik 
Total Duration 176.54278707504 Detik 
------------------------- 
Tanggal: 15-05-2022 17:30:01 
Duration Download Forstok 31.109571933746 Detik
Duration Looping 500 Data 159.44960904121 Detik 
Total Duration 159.44972991943 Detik 
------------------------- 
Tanggal: 15-05-2022 17:35:01 
Duration Download Forstok 13.351686954498 Detik
Duration Looping 500 Data 143.35494613647 Detik 
Total Duration 143.35507893562 Detik 
------------------------- 
Tanggal: 15-05-2022 17:40:01 
Duration Download Forstok 38.985597133636 Detik
Duration Looping 500 Data 167.69418811798 Detik 
Total Duration 167.69430613518 Detik 
------------------------- 
Tanggal: 15-05-2022 17:45:01 
Duration Download Forstok 36.322695970535 Detik
Duration Looping 500 Data 173.32984399796 Detik 
Total Duration 173.32996606827 Detik 
------------------------- 
Tanggal: 15-05-2022 17:50:01 
Duration Download Forstok 59.927613973618 Detik
Tanggal: 15-05-2022 17:55:01 
Duration Download Forstok 9.5856289863586 Detik
Duration Looping 500 Data 142.76829791069 Detik 
Total Duration 142.768419981 Detik 
------------------------- 
Tanggal: 15-05-2022 18:00:01 
Duration Download Forstok 8.9675340652466 Detik
Duration Looping 500 Data 144.67506599426 Detik 
Total Duration 144.67518115044 Detik 
------------------------- 
Tanggal: 15-05-2022 18:05:01 
Duration Download Forstok 21.365859985352 Detik
Duration Looping 500 Data 152.908618927 Detik 
Total Duration 152.90873908997 Detik 
------------------------- 
Tanggal: 15-05-2022 18:10:01 
Duration Download Forstok 12.001476049423 Detik
Duration Looping 500 Data 142.96238207817 Detik 
Total Duration 142.96249699593 Detik 
------------------------- 
Tanggal: 15-05-2022 18:15:01 
Duration Download Forstok 12.765647172928 Detik
Duration Looping 500 Data 150.16816306114 Detik 
Total Duration 150.16830396652 Detik 
------------------------- 
Tanggal: 15-05-2022 18:20:01 
Duration Download Forstok 8.8417508602142 Detik
Duration Looping 500 Data 140.80161094666 Detik 
Total Duration 140.80172991753 Detik 
------------------------- 
Tanggal: 15-05-2022 18:25:01 
Duration Download Forstok 8.8797619342804 Detik
Duration Looping 500 Data 140.84253501892 Detik 
Total Duration 140.84265804291 Detik 
------------------------- 
Tanggal: 15-05-2022 18:30:01 
Duration Download Forstok 15.107017040253 Detik
Duration Looping 500 Data 146.63160300255 Detik 
Total Duration 146.63173508644 Detik 
------------------------- 
Tanggal: 15-05-2022 18:35:01 
Duration Download Forstok 27.95319890976 Detik
Duration Looping 500 Data 170.16396594048 Detik 
Total Duration 170.16409087181 Detik 
------------------------- 
Tanggal: 15-05-2022 18:40:01 
Duration Download Forstok 21.534069061279 Detik
Duration Looping 500 Data 155.0727159977 Detik 
Total Duration 155.07284712791 Detik 
------------------------- 
Tanggal: 15-05-2022 18:45:01 
Duration Download Forstok 14.874466896057 Detik
Duration Looping 500 Data 147.55750489235 Detik 
Total Duration 147.55763697624 Detik 
------------------------- 
Tanggal: 15-05-2022 18:50:01 
Duration Download Forstok 15.179744005203 Detik
Duration Looping 500 Data 157.07862186432 Detik 
Total Duration 157.07875299454 Detik 
------------------------- 
Tanggal: 15-05-2022 18:55:01 
Duration Download Forstok 10.017401218414 Detik
Duration Looping 500 Data 144.89451599121 Detik 
Total Duration 144.89465403557 Detik 
------------------------- 
Tanggal: 15-05-2022 19:00:01 
Duration Download Forstok 10.490612030029 Detik
Duration Looping 500 Data 142.40569496155 Detik 
Total Duration 142.40581893921 Detik 
------------------------- 
Tanggal: 15-05-2022 19:05:01 
Duration Download Forstok 35.298159837723 Detik
Duration Looping 500 Data 168.71172499657 Detik 
Total Duration 168.71184396744 Detik 
------------------------- 
Tanggal: 15-05-2022 19:10:01 
Duration Download Forstok 15.292166948318 Detik
Duration Looping 500 Data 143.5190448761 Detik 
Total Duration 143.51917481422 Detik 
------------------------- 
Tanggal: 15-05-2022 19:15:01 
Duration Download Forstok 15.106644153595 Detik
Duration Looping 500 Data 143.21807217598 Detik 
Total Duration 143.21821403503 Detik 
------------------------- 
Tanggal: 15-05-2022 19:20:01 
Duration Download Forstok 10.524006128311 Detik
Duration Looping 500 Data 144.60105919838 Detik 
Total Duration 144.60121417046 Detik 
------------------------- 
Tanggal: 15-05-2022 19:25:01 
Duration Download Forstok 10.513860940933 Detik
Duration Looping 500 Data 140.02392888069 Detik 
Total Duration 140.02409601212 Detik 
------------------------- 
Tanggal: 15-05-2022 19:30:01 
Duration Download Forstok 10.641871929169 Detik
Duration Looping 500 Data 139.46996593475 Detik 
Total Duration 139.47009706497 Detik 
------------------------- 
Tanggal: 15-05-2022 19:35:01 
Duration Download Forstok 26.090537071228 Detik
Duration Looping 500 Data 153.36691212654 Detik 
Total Duration 153.36703014374 Detik 
------------------------- 
Tanggal: 15-05-2022 19:40:01 
Duration Download Forstok 16.466745853424 Detik
Duration Looping 500 Data 150.86931490898 Detik 
Total Duration 150.86943483353 Detik 
------------------------- 
Tanggal: 15-05-2022 19:45:02 
Duration Download Forstok 22.966901063919 Detik
Duration Looping 500 Data 150.68929696083 Detik 
Total Duration 150.68942499161 Detik 
------------------------- 
Tanggal: 15-05-2022 19:50:01 
Duration Download Forstok 21.392471075058 Detik
Duration Looping 500 Data 150.31062293053 Detik 
Total Duration 150.31075787544 Detik 
------------------------- 
Tanggal: 15-05-2022 19:55:01 
Duration Download Forstok 13.17698097229 Detik
Duration Looping 500 Data 148.50984096527 Detik 
Total Duration 148.50997209549 Detik 
------------------------- 
Tanggal: 15-05-2022 20:00:01 
Duration Download Forstok 11.520395040512 Detik
Duration Looping 500 Data 140.18586492538 Detik 
Total Duration 140.18599200249 Detik 
------------------------- 
Tanggal: 15-05-2022 20:05:01 
Duration Download Forstok 37.385560035706 Detik
Duration Looping 500 Data 173.88634419441 Detik 
Total Duration 173.88646221161 Detik 
------------------------- 
Tanggal: 15-05-2022 20:10:01 
Duration Download Forstok 9.8498868942261 Detik
Duration Looping 500 Data 136.55568504333 Detik 
Total Duration 136.55583906174 Detik 
------------------------- 
Tanggal: 15-05-2022 20:15:01 
Duration Download Forstok 10.704921007156 Detik
Duration Looping 500 Data 138.97762298584 Detik 
Total Duration 138.97774600983 Detik 
------------------------- 
Tanggal: 15-05-2022 20:20:01 
Duration Download Forstok 10.676641941071 Detik
Duration Looping 500 Data 142.68349099159 Detik 
Total Duration 142.6836180687 Detik 
------------------------- 
Tanggal: 15-05-2022 20:25:01 
Duration Download Forstok 20.782649040222 Detik
Duration Looping 500 Data 147.15137195587 Detik 
Total Duration 147.15148997307 Detik 
------------------------- 
Tanggal: 15-05-2022 20:30:01 
Duration Download Forstok 9.2627980709076 Detik
Duration Looping 500 Data 139.23683404922 Detik 
Total Duration 139.23696303368 Detik 
------------------------- 
Tanggal: 15-05-2022 20:35:01 
Duration Download Forstok 17.071399927139 Detik
Duration Looping 500 Data 154.60550999641 Detik 
Total Duration 154.60562896729 Detik 
------------------------- 
Tanggal: 15-05-2022 20:40:01 
Duration Download Forstok 9.2163710594177 Detik
Duration Looping 500 Data 139.52574706078 Detik 
Total Duration 139.52592515945 Detik 
------------------------- 
Tanggal: 15-05-2022 20:45:01 
Duration Download Forstok 20.038323879242 Detik
Duration Looping 500 Data 151.37192487717 Detik 
Total Duration 151.37204098701 Detik 
------------------------- 
Tanggal: 15-05-2022 20:50:01 
Duration Download Forstok 9.8190841674805 Detik
Duration Looping 500 Data 148.43357014656 Detik 
Total Duration 148.43370819092 Detik 
------------------------- 
Tanggal: 15-05-2022 20:55:01 
Duration Download Forstok 10.407019138336 Detik
Duration Looping 500 Data 139.9243581295 Detik 
Total Duration 139.92448616028 Detik 
------------------------- 
Tanggal: 15-05-2022 21:00:01 
Duration Download Forstok 9.3010420799255 Detik
Duration Looping 500 Data 139.52819299698 Detik 
Total Duration 139.52831411362 Detik 
------------------------- 
Tanggal: 15-05-2022 21:05:01 
Duration Download Forstok 28.164976119995 Detik
Duration Looping 500 Data 156.86616420746 Detik 
Total Duration 156.8663110733 Detik 
------------------------- 
Tanggal: 15-05-2022 21:10:02 
Duration Download Forstok 15.443295001984 Detik
Duration Looping 500 Data 149.11401891708 Detik 
Total Duration 149.11417102814 Detik 
------------------------- 
Tanggal: 15-05-2022 21:15:01 
Duration Download Forstok 16.088768005371 Detik
Duration Looping 500 Data 151.70958018303 Detik 
Total Duration 151.70972204208 Detik 
------------------------- 
Tanggal: 15-05-2022 21:20:01 
Duration Download Forstok 9.21928191185 Detik
Duration Looping 500 Data 140.99707698822 Detik 
Total Duration 140.99719500542 Detik 
------------------------- 
Tanggal: 15-05-2022 21:25:01 
Duration Download Forstok 13.262789964676 Detik
Duration Looping 500 Data 141.7731730938 Detik 
Total Duration 141.77329206467 Detik 
------------------------- 
Tanggal: 15-05-2022 21:30:01 
Duration Download Forstok 15.273167848587 Detik
Duration Looping 500 Data 147.42118000984 Detik 
Total Duration 147.42130088806 Detik 
------------------------- 
Tanggal: 15-05-2022 21:35:01 
Duration Download Forstok 13.133670091629 Detik
Duration Looping 500 Data 151.40907812119 Detik 
Total Duration 151.40920805931 Detik 
------------------------- 
Tanggal: 15-05-2022 21:40:01 
Duration Download Forstok 13.402319192886 Detik
Duration Looping 500 Data 151.39699816704 Detik 
Total Duration 151.39711999893 Detik 
------------------------- 
Tanggal: 15-05-2022 21:45:01 
Duration Download Forstok 16.621881008148 Detik
Duration Looping 500 Data 151.63909697533 Detik 
Total Duration 151.63924407959 Detik 
------------------------- 
Tanggal: 15-05-2022 21:50:01 
Duration Download Forstok 10.038082122803 Detik
Duration Looping 500 Data 146.26804900169 Detik 
Total Duration 146.26817417145 Detik 
------------------------- 
Tanggal: 15-05-2022 21:55:01 
Duration Download Forstok 11.934753894806 Detik
Duration Looping 500 Data 144.21678590775 Detik 
Total Duration 144.21689891815 Detik 
------------------------- 
Tanggal: 15-05-2022 22:00:01 
Duration Download Forstok 14.542679071426 Detik
Duration Looping 500 Data 148.46066188812 Detik 
Total Duration 148.46078705788 Detik 
------------------------- 
Tanggal: 15-05-2022 22:05:01 
Duration Download Forstok 30.421689033508 Detik
Duration Looping 500 Data 160.35512804985 Detik 
Total Duration 160.35525417328 Detik 
------------------------- 
Tanggal: 15-05-2022 22:10:01 
Duration Download Forstok 12.403972148895 Detik
Duration Looping 500 Data 141.76113820076 Detik 
Total Duration 141.76126503944 Detik 
------------------------- 
Tanggal: 15-05-2022 22:15:01 
Duration Download Forstok 19.565352916718 Detik
Duration Looping 500 Data 152.20773792267 Detik 
Total Duration 152.20785498619 Detik 
------------------------- 
Tanggal: 15-05-2022 22:20:01 
Duration Download Forstok 10.731093883514 Detik
Duration Looping 500 Data 140.49409890175 Detik 
Total Duration 140.49422001839 Detik 
------------------------- 
Tanggal: 15-05-2022 22:25:02 
Duration Download Forstok 16.343480110168 Detik
Duration Looping 500 Data 142.83056998253 Detik 
Total Duration 142.83070898056 Detik 
------------------------- 
Tanggal: 15-05-2022 22:30:01 
Duration Download Forstok 10.027851104736 Detik
Duration Looping 500 Data 141.29335904121 Detik 
Total Duration 141.29347896576 Detik 
------------------------- 
Tanggal: 15-05-2022 22:35:01 
Duration Download Forstok 18.223389148712 Detik
Duration Looping 500 Data 148.59156107903 Detik 
Total Duration 148.59167599678 Detik 
------------------------- 
Tanggal: 15-05-2022 22:40:01 
Duration Download Forstok 11.907874107361 Detik
Duration Looping 500 Data 142.23972010612 Detik 
Total Duration 142.23984217644 Detik 
------------------------- 
Tanggal: 15-05-2022 22:45:01 
Duration Download Forstok 22.226631879807 Detik
Duration Looping 500 Data 156.5688560009 Detik 
Total Duration 156.56897687912 Detik 
------------------------- 
Tanggal: 15-05-2022 22:50:01 
Duration Download Forstok 14.684299945831 Detik
Duration Looping 500 Data 147.47047686577 Detik 
Total Duration 147.47059488297 Detik 
------------------------- 
Tanggal: 15-05-2022 22:55:01 
Duration Download Forstok 11.149636030197 Detik
Duration Looping 500 Data 149.42379713058 Detik 
Total Duration 149.42392015457 Detik 
------------------------- 
Tanggal: 15-05-2022 23:00:01 
Duration Download Forstok 10.212401866913 Detik
Duration Looping 500 Data 151.38641190529 Detik 
Total Duration 151.38652682304 Detik 
------------------------- 
Tanggal: 15-05-2022 23:05:01 
Duration Download Forstok 27.273958206177 Detik
Duration Looping 500 Data 159.54296398163 Detik 
Total Duration 159.54309105873 Detik 
------------------------- 
Tanggal: 15-05-2022 23:10:01 
Duration Download Forstok 16.042057991028 Detik
Duration Looping 500 Data 143.78603482246 Detik 
Total Duration 143.78615784645 Detik 
------------------------- 
Tanggal: 15-05-2022 23:15:01 
Duration Download Forstok 31.679831981659 Detik
Duration Looping 500 Data 167.99115395546 Detik 
Total Duration 167.99129414558 Detik 
------------------------- 
Tanggal: 15-05-2022 23:20:01 
Duration Download Forstok 10.88884305954 Detik
Duration Looping 500 Data 141.79025483131 Detik 
Total Duration 141.79037904739 Detik 
------------------------- 
Tanggal: 15-05-2022 23:25:01 
Duration Download Forstok 10.020725011826 Detik
Duration Looping 500 Data 153.26995396614 Detik 
Total Duration 153.27007603645 Detik 
------------------------- 
Tanggal: 15-05-2022 23:30:01 
Duration Download Forstok 12.174396038055 Detik
Duration Looping 500 Data 143.86304402351 Detik 
Total Duration 143.86315703392 Detik 
------------------------- 
Tanggal: 15-05-2022 23:35:01 
Duration Download Forstok 14.607186079025 Detik
Duration Looping 500 Data 152.82839298248 Detik 
Total Duration 152.82852888107 Detik 
------------------------- 
Tanggal: 15-05-2022 23:40:01 
Duration Download Forstok 10.678984165192 Detik
Duration Looping 500 Data 143.92500209808 Detik 
Total Duration 143.92512011528 Detik 
------------------------- 
Tanggal: 15-05-2022 23:45:01 
Duration Download Forstok 12.826891899109 Detik
Duration Looping 500 Data 148.75741291046 Detik 
Total Duration 148.75753998756 Detik 
------------------------- 
Tanggal: 15-05-2022 23:50:01 
Duration Download Forstok 17.441442012787 Detik
Duration Looping 500 Data 156.69969511032 Detik 
Total Duration 156.69981408119 Detik 
------------------------- 
Tanggal: 15-05-2022 23:55:01 
Duration Download Forstok 10.807713031769 Detik
Duration Looping 500 Data 139.4944961071 Detik 
Total Duration 139.49462199211 Detik 
------------------------- 
