Tanggal: 27-10-2021 00:00:01 
Duration Download Forstok 10.708527088165 Detik
Tanggal: 27-10-2021 00:05:01 
Duration Download Forstok 20.918256998062 Detik
Tanggal: 27-10-2021 00:10:01 
Duration Download Forstok 23.859879970551 Detik
Duration Looping 700 Data 324.05314207077 Detik 
Total Duration 324.05325913429 Detik 
------------------------- 
Duration Looping 700 Data 624.52243709564 Detik 
Total Duration 624.52254319191 Detik 
------------------------- 
Duration Looping 700 Data 133.95636701584 Detik 
Total Duration 133.95956993103 Detik 
------------------------- 
Tanggal: 27-10-2021 00:15:01 
Duration Download Forstok 17.49452495575 Detik
Duration Looping 700 Data 136.96016097069 Detik 
Total Duration 136.96027684212 Detik 
------------------------- 
Tanggal: 27-10-2021 00:20:01 
Duration Download Forstok 12.751826047897 Detik
Duration Looping 700 Data 133.61765503883 Detik 
Total Duration 133.61775493622 Detik 
------------------------- 
Tanggal: 27-10-2021 00:25:01 
Duration Download Forstok 14.942797899246 Detik
Duration Looping 700 Data 130.9236600399 Detik 
Total Duration 130.92374587059 Detik 
------------------------- 
Tanggal: 27-10-2021 00:30:01 
Duration Download Forstok 13.269232034683 Detik
Duration Looping 700 Data 127.41568112373 Detik 
Total Duration 127.4157910347 Detik 
------------------------- 
Tanggal: 27-10-2021 00:35:01 
Duration Download Forstok 17.597311019897 Detik
Duration Looping 700 Data 147.59270405769 Detik 
Total Duration 147.5991601944 Detik 
------------------------- 
Tanggal: 27-10-2021 00:40:01 
Duration Download Forstok 10.552150964737 Detik
Duration Looping 700 Data 131.7660369873 Detik 
Total Duration 131.76614403725 Detik 
------------------------- 
Tanggal: 27-10-2021 00:45:01 
Duration Download Forstok 10.552482843399 Detik
Duration Looping 700 Data 120.82897591591 Detik 
Total Duration 120.82907700539 Detik 
------------------------- 
Tanggal: 27-10-2021 00:50:01 
Duration Download Forstok 12.964695930481 Detik
Duration Looping 700 Data 122.59752893448 Detik 
Total Duration 122.59763598442 Detik 
------------------------- 
Tanggal: 27-10-2021 00:55:01 
Duration Download Forstok 13.625602006912 Detik
Duration Looping 700 Data 127.89280891418 Detik 
Total Duration 127.89292407036 Detik 
------------------------- 
Tanggal: 27-10-2021 01:00:01 
Duration Download Forstok 12.649843931198 Detik
Duration Looping 700 Data 124.81405997276 Detik 
Total Duration 124.8141849041 Detik 
------------------------- 
Tanggal: 27-10-2021 01:05:01 
Duration Download Forstok 18.66702914238 Detik
Duration Looping 700 Data 131.4878051281 Detik 
Total Duration 131.48791003227 Detik 
------------------------- 
Tanggal: 27-10-2021 01:10:01 
Duration Download Forstok 21.267009973526 Detik
Duration Looping 700 Data 131.79854297638 Detik 
Total Duration 131.79865503311 Detik 
------------------------- 
Tanggal: 27-10-2021 01:15:01 
Duration Download Forstok 16.153212070465 Detik
Duration Looping 700 Data 127.05265402794 Detik 
Total Duration 127.05277299881 Detik 
------------------------- 
Tanggal: 27-10-2021 01:20:01 
Duration Download Forstok 12.846952915192 Detik
Duration Looping 700 Data 124.41753792763 Detik 
Total Duration 124.41768908501 Detik 
------------------------- 
Tanggal: 27-10-2021 01:25:01 
Duration Download Forstok 15.851186037064 Detik
Duration Looping 700 Data 131.23582386971 Detik 
Total Duration 131.23593997955 Detik 
------------------------- 
Tanggal: 27-10-2021 01:30:01 
Duration Download Forstok 14.022318840027 Detik
Duration Looping 700 Data 123.32760000229 Detik 
Total Duration 123.32769298553 Detik 
------------------------- 
Tanggal: 27-10-2021 01:35:01 
Duration Download Forstok 21.706512928009 Detik
Duration Looping 700 Data 137.44265604019 Detik 
Total Duration 137.44277095795 Detik 
------------------------- 
Tanggal: 27-10-2021 01:40:01 
Duration Download Forstok 14.553287982941 Detik
Duration Looping 700 Data 125.61043810844 Detik 
Total Duration 125.61055111885 Detik 
------------------------- 
Tanggal: 27-10-2021 01:45:01 
Duration Download Forstok 15.574585914612 Detik
Duration Looping 700 Data 125.08576107025 Detik 
Total Duration 125.08587193489 Detik 
------------------------- 
Tanggal: 27-10-2021 01:50:01 
Duration Download Forstok 12.903760910034 Detik
Duration Looping 700 Data 127.03954601288 Detik 
Total Duration 127.03965902328 Detik 
------------------------- 
Tanggal: 27-10-2021 01:55:01 
Duration Download Forstok 22.443455934525 Detik
Duration Looping 700 Data 133.49421310425 Detik 
Total Duration 133.49432301521 Detik 
------------------------- 
Tanggal: 27-10-2021 02:00:01 
Duration Download Forstok 12.375784158707 Detik
Duration Looping 700 Data 130.50749707222 Detik 
Total Duration 130.50758504868 Detik 
------------------------- 
Tanggal: 27-10-2021 02:05:01 
Duration Download Forstok 17.872024059296 Detik
Duration Looping 700 Data 127.21352910995 Detik 
Total Duration 127.21364092827 Detik 
------------------------- 
Tanggal: 27-10-2021 02:10:01 
Duration Download Forstok 17.201591014862 Detik
Duration Looping 700 Data 126.21267294884 Detik 
Total Duration 126.21278691292 Detik 
------------------------- 
Tanggal: 27-10-2021 02:15:01 
Duration Download Forstok 20.083332061768 Detik
Duration Looping 700 Data 136.62573313713 Detik 
Total Duration 136.62584996223 Detik 
------------------------- 
Tanggal: 27-10-2021 02:20:02 
Duration Download Forstok 11.580522060394 Detik
Duration Looping 700 Data 122.66112804413 Detik 
Total Duration 122.66123890877 Detik 
------------------------- 
Tanggal: 27-10-2021 02:25:01 
Duration Download Forstok 17.494122982025 Detik
Duration Looping 700 Data 131.12527990341 Detik 
Total Duration 131.12539291382 Detik 
------------------------- 
Tanggal: 27-10-2021 02:30:01 
Duration Download Forstok 13.024569034576 Detik
Duration Looping 700 Data 127.19784593582 Detik 
Total Duration 127.1979598999 Detik 
------------------------- 
Tanggal: 27-10-2021 02:35:01 
Duration Download Forstok 20.613853931427 Detik
Duration Looping 700 Data 135.18441390991 Detik 
Total Duration 135.18454003334 Detik 
------------------------- 
Tanggal: 27-10-2021 02:40:01 
Duration Download Forstok 10.549883842468 Detik
Duration Looping 700 Data 121.8492770195 Detik 
Total Duration 121.84939479828 Detik 
------------------------- 
Tanggal: 27-10-2021 02:45:01 
Duration Download Forstok 12.581645965576 Detik
Duration Looping 700 Data 122.2257809639 Detik 
Total Duration 122.22589111328 Detik 
------------------------- 
Tanggal: 27-10-2021 02:50:01 
Duration Download Forstok 10.631433963776 Detik
Duration Looping 700 Data 123.67219400406 Detik 
Total Duration 123.67231082916 Detik 
------------------------- 
Tanggal: 27-10-2021 02:55:01 
Duration Download Forstok 17.745385885239 Detik
Duration Looping 700 Data 130.53057098389 Detik 
Total Duration 130.53068494797 Detik 
------------------------- 
Tanggal: 27-10-2021 03:00:01 
Duration Download Forstok 10.736294984818 Detik
Duration Looping 700 Data 123.18239498138 Detik 
Total Duration 123.18250012398 Detik 
------------------------- 
Tanggal: 27-10-2021 03:05:02 
Duration Download Forstok 13.588738918304 Detik
Duration Looping 700 Data 122.75668382645 Detik 
Total Duration 122.75680804253 Detik 
------------------------- 
Tanggal: 27-10-2021 03:10:01 
Duration Download Forstok 17.543523073196 Detik
Duration Looping 700 Data 127.21709895134 Detik 
Total Duration 127.21721196175 Detik 
------------------------- 
Tanggal: 27-10-2021 03:15:01 
Duration Download Forstok 18.168362140656 Detik
Duration Looping 700 Data 128.87772107124 Detik 
Total Duration 128.87783408165 Detik 
------------------------- 
Tanggal: 27-10-2021 03:20:01 
Duration Download Forstok 17.088145971298 Detik
Duration Looping 700 Data 131.58184099197 Detik 
Total Duration 131.58195114136 Detik 
------------------------- 
Tanggal: 27-10-2021 03:25:01 
Duration Download Forstok 14.440741062164 Detik
Duration Looping 700 Data 128.06036019325 Detik 
Total Duration 128.0604891777 Detik 
------------------------- 
Tanggal: 27-10-2021 03:30:01 
Duration Download Forstok 11.832661151886 Detik
Duration Looping 700 Data 122.93278217316 Detik 
Total Duration 122.93289017677 Detik 
------------------------- 
Tanggal: 27-10-2021 03:35:01 
Duration Download Forstok 18.851298093796 Detik
Duration Looping 700 Data 138.72213220596 Detik 
Total Duration 138.72225117683 Detik 
------------------------- 
Tanggal: 27-10-2021 03:40:01 
Duration Download Forstok 11.268895149231 Detik
Duration Looping 700 Data 122.37034797668 Detik 
Total Duration 122.37043619156 Detik 
------------------------- 
Tanggal: 27-10-2021 03:45:01 
Duration Download Forstok 16.056032896042 Detik
Duration Looping 700 Data 125.54828691483 Detik 
Total Duration 125.54840898514 Detik 
------------------------- 
Tanggal: 27-10-2021 03:50:01 
Duration Download Forstok 15.633408069611 Detik
Duration Looping 700 Data 126.18441605568 Detik 
Total Duration 126.18452215195 Detik 
------------------------- 
Tanggal: 27-10-2021 03:55:01 
Duration Download Forstok 14.746287822723 Detik
Duration Looping 700 Data 124.70983600616 Detik 
Total Duration 124.70995187759 Detik 
------------------------- 
Tanggal: 27-10-2021 04:00:01 
Duration Download Forstok 12.889539003372 Detik
Duration Looping 700 Data 126.10517692566 Detik 
Total Duration 126.10528302193 Detik 
------------------------- 
Tanggal: 27-10-2021 04:05:01 
Duration Download Forstok 17.99729013443 Detik
Duration Looping 700 Data 133.05702590942 Detik 
Total Duration 133.05713510513 Detik 
------------------------- 
Tanggal: 27-10-2021 04:10:01 
Duration Download Forstok 19.339462995529 Detik
Duration Looping 700 Data 128.75421309471 Detik 
Total Duration 128.75432705879 Detik 
------------------------- 
Tanggal: 27-10-2021 04:15:01 
Duration Download Forstok 14.951012134552 Detik
Duration Looping 700 Data 126.42506694794 Detik 
Total Duration 126.42518210411 Detik 
------------------------- 
Tanggal: 27-10-2021 04:20:01 
Duration Download Forstok 13.329545021057 Detik
Duration Looping 700 Data 129.63658595085 Detik 
Total Duration 129.63669204712 Detik 
------------------------- 
Tanggal: 27-10-2021 04:25:01 
Duration Download Forstok 12.532775878906 Detik
Duration Looping 700 Data 122.49364686012 Detik 
Total Duration 122.49372982979 Detik 
------------------------- 
Tanggal: 27-10-2021 04:30:01 
Duration Download Forstok 11.414818048477 Detik
Duration Looping 700 Data 127.36987304688 Detik 
Total Duration 127.3699901104 Detik 
------------------------- 
Tanggal: 27-10-2021 04:35:01 
Duration Download Forstok 24.192419052124 Detik
Duration Looping 700 Data 135.06830501556 Detik 
Total Duration 135.06842708588 Detik 
------------------------- 
Tanggal: 27-10-2021 04:40:01 
Duration Download Forstok 10.343858957291 Detik
Duration Looping 700 Data 124.547342062 Detik 
Total Duration 124.54745292664 Detik 
------------------------- 
Tanggal: 27-10-2021 04:45:01 
Duration Download Forstok 16.983632087708 Detik
Duration Looping 700 Data 127.14746308327 Detik 
Total Duration 127.14757800102 Detik 
------------------------- 
Tanggal: 27-10-2021 04:50:01 
Duration Download Forstok 12.812535047531 Detik
Duration Looping 700 Data 122.29598498344 Detik 
Total Duration 122.2960960865 Detik 
------------------------- 
Tanggal: 27-10-2021 04:55:01 
Duration Download Forstok 14.599948883057 Detik
Duration Looping 700 Data 126.15088891983 Detik 
Total Duration 126.15100193024 Detik 
------------------------- 
Tanggal: 27-10-2021 05:00:01 
Duration Download Forstok 12.011170864105 Detik
Duration Looping 700 Data 127.91492795944 Detik 
Total Duration 127.91503500938 Detik 
------------------------- 
Tanggal: 27-10-2021 05:05:01 
Duration Download Forstok 17.509210109711 Detik
Duration Looping 700 Data 127.30071806908 Detik 
Total Duration 127.30082988739 Detik 
------------------------- 
Tanggal: 27-10-2021 05:10:01 
Duration Download Forstok 25.027340888977 Detik
Duration Looping 700 Data 136.22122001648 Detik 
Total Duration 136.22132897377 Detik 
------------------------- 
Tanggal: 27-10-2021 05:15:01 
Duration Download Forstok 14.317823886871 Detik
Duration Looping 700 Data 125.6762650013 Detik 
Total Duration 125.67635393143 Detik 
------------------------- 
Tanggal: 27-10-2021 05:20:01 
Duration Download Forstok 10.566737890244 Detik
Duration Looping 700 Data 122.0709400177 Detik 
Total Duration 122.07104992867 Detik 
------------------------- 
Tanggal: 27-10-2021 05:25:01 
Duration Download Forstok 16.428457975388 Detik
Duration Looping 700 Data 135.73998689651 Detik 
Total Duration 135.74010896683 Detik 
------------------------- 
Tanggal: 27-10-2021 05:30:01 
Duration Download Forstok 11.178731918335 Detik
Duration Looping 700 Data 121.86197805405 Detik 
Total Duration 121.86212205887 Detik 
------------------------- 
Tanggal: 27-10-2021 05:35:01 
Duration Download Forstok 18.811873197556 Detik
Duration Looping 700 Data 129.23271107674 Detik 
Total Duration 129.23282718658 Detik 
------------------------- 
Tanggal: 27-10-2021 05:40:01 
Duration Download Forstok 12.110554933548 Detik
Duration Looping 700 Data 127.99042391777 Detik 
Total Duration 127.9905359745 Detik 
------------------------- 
Tanggal: 27-10-2021 05:45:01 
Duration Download Forstok 13.232299804688 Detik
Duration Looping 700 Data 123.70662379265 Detik 
Total Duration 123.70676898956 Detik 
------------------------- 
Tanggal: 27-10-2021 05:50:01 
Duration Download Forstok 12.095268011093 Detik
Duration Looping 700 Data 126.20987010002 Detik 
Total Duration 126.20998096466 Detik 
------------------------- 
Tanggal: 27-10-2021 05:55:01 
Duration Download Forstok 19.610394001007 Detik
Duration Looping 700 Data 135.08826684952 Detik 
Total Duration 135.08838391304 Detik 
------------------------- 
Tanggal: 27-10-2021 06:00:01 
Duration Download Forstok 12.360897064209 Detik
Duration Looping 700 Data 124.35624694824 Detik 
Total Duration 124.35635900497 Detik 
------------------------- 
Tanggal: 27-10-2021 06:05:01 
Duration Download Forstok 12.886385917664 Detik
Duration Looping 700 Data 128.08683800697 Detik 
Total Duration 128.08695888519 Detik 
------------------------- 
Tanggal: 27-10-2021 06:10:01 
Duration Download Forstok 14.151391983032 Detik
Duration Looping 700 Data 136.88738584518 Detik 
Total Duration 136.88745999336 Detik 
------------------------- 
Tanggal: 27-10-2021 06:15:01 
Duration Download Forstok 14.837263822556 Detik
Duration Looping 700 Data 129.28241682053 Detik 
Total Duration 129.28253293037 Detik 
------------------------- 
Tanggal: 27-10-2021 06:20:01 
Duration Download Forstok 14.192312002182 Detik
Duration Looping 700 Data 128.02504706383 Detik 
Total Duration 128.02515602112 Detik 
------------------------- 
Tanggal: 27-10-2021 06:25:01 
Duration Download Forstok 15.691974163055 Detik
Duration Looping 700 Data 128.73720908165 Detik 
Total Duration 128.73732209206 Detik 
------------------------- 
Tanggal: 27-10-2021 06:30:01 
Duration Download Forstok 11.647518157959 Detik
Duration Looping 700 Data 124.87924313545 Detik 
Total Duration 124.87935400009 Detik 
------------------------- 
Tanggal: 27-10-2021 06:35:01 
Duration Download Forstok 18.561944961548 Detik
Duration Looping 700 Data 128.96691584587 Detik 
Total Duration 128.96702885628 Detik 
------------------------- 
Tanggal: 27-10-2021 06:40:01 
Duration Download Forstok 14.491255998611 Detik
Duration Looping 700 Data 135.35476183891 Detik 
Total Duration 135.35486888885 Detik 
------------------------- 
Tanggal: 27-10-2021 06:45:01 
Duration Download Forstok 17.634490013123 Detik
Duration Looping 700 Data 135.21014285088 Detik 
Total Duration 135.21025800705 Detik 
------------------------- 
Tanggal: 27-10-2021 06:50:01 
Duration Download Forstok 11.796018123627 Detik
Duration Looping 700 Data 120.10258603096 Detik 
Total Duration 120.10268807411 Detik 
------------------------- 
Tanggal: 27-10-2021 06:55:01 
Duration Download Forstok 14.612732887268 Detik
Duration Looping 700 Data 126.27587103844 Detik 
Total Duration 126.27598905563 Detik 
------------------------- 
Tanggal: 27-10-2021 07:00:01 
Duration Download Forstok 12.745599031448 Detik
Duration Looping 700 Data 125.33164191246 Detik 
Total Duration 125.3317489624 Detik 
------------------------- 
Tanggal: 27-10-2021 07:05:01 
Duration Download Forstok 22.810441017151 Detik
Duration Looping 700 Data 136.49795889854 Detik 
Total Duration 136.498087883 Detik 
------------------------- 
Tanggal: 27-10-2021 07:10:01 
Duration Download Forstok 14.999228954315 Detik
Duration Looping 700 Data 123.97253298759 Detik 
Total Duration 123.97264289856 Detik 
------------------------- 
Tanggal: 27-10-2021 07:15:01 
Duration Download Forstok 13.982722997665 Detik
Duration Looping 700 Data 129.43747091293 Detik 
Total Duration 129.43755793571 Detik 
------------------------- 
Tanggal: 27-10-2021 07:20:01 
Duration Download Forstok 13.928105115891 Detik
Duration Looping 700 Data 128.84438109398 Detik 
Total Duration 128.84449315071 Detik 
------------------------- 
Tanggal: 27-10-2021 07:25:01 
Duration Download Forstok 14.182297945023 Detik
Duration Looping 700 Data 125.88479590416 Detik 
Total Duration 125.88493895531 Detik 
------------------------- 
Tanggal: 27-10-2021 07:30:01 
Duration Download Forstok 13.016448020935 Detik
Duration Looping 700 Data 127.96515798569 Detik 
Total Duration 127.96527194977 Detik 
------------------------- 
Tanggal: 27-10-2021 07:35:01 
Duration Download Forstok 23.878837823868 Detik
Duration Looping 700 Data 136.52709794044 Detik 
Total Duration 136.52721500397 Detik 
------------------------- 
Tanggal: 27-10-2021 07:40:01 
Duration Download Forstok 12.809226036072 Detik
Duration Looping 700 Data 124.60054302216 Detik 
Total Duration 124.60065603256 Detik 
------------------------- 
Tanggal: 27-10-2021 07:45:01 
Duration Download Forstok 17.54944396019 Detik
Duration Looping 700 Data 128.13787508011 Detik 
Total Duration 128.13798308372 Detik 
------------------------- 
Tanggal: 27-10-2021 07:50:01 
Duration Download Forstok 10.656303882599 Detik
Duration Looping 700 Data 128.30261301994 Detik 
Total Duration 128.30274891853 Detik 
------------------------- 
Tanggal: 27-10-2021 07:55:01 
Duration Download Forstok 17.991105079651 Detik
Duration Looping 700 Data 128.76826405525 Detik 
Total Duration 128.76838517189 Detik 
------------------------- 
Tanggal: 27-10-2021 08:00:01 
Duration Download Forstok 12.548079967499 Detik
Duration Looping 700 Data 127.77329993248 Detik 
Total Duration 127.77340912819 Detik 
------------------------- 
Tanggal: 27-10-2021 08:05:01 
Duration Download Forstok 17.964112997055 Detik
Duration Looping 700 Data 130.56489896774 Detik 
Total Duration 130.56501793861 Detik 
------------------------- 
Tanggal: 27-10-2021 08:10:01 
Duration Download Forstok 11.471418857574 Detik
Duration Looping 700 Data 125.94296002388 Detik 
Total Duration 125.94305300713 Detik 
------------------------- 
Tanggal: 27-10-2021 08:15:01 
Duration Download Forstok 16.069190979004 Detik
Duration Looping 700 Data 129.52040696144 Detik 
Total Duration 129.52052402496 Detik 
------------------------- 
Tanggal: 27-10-2021 08:20:01 
Duration Download Forstok 11.052592039108 Detik
Duration Looping 700 Data 131.00372409821 Detik 
Total Duration 131.00384712219 Detik 
------------------------- 
Tanggal: 27-10-2021 08:25:01 
Duration Download Forstok 15.34192109108 Detik
Duration Looping 700 Data 131.87672805786 Detik 
Total Duration 131.87689614296 Detik 
------------------------- 
Tanggal: 27-10-2021 08:30:02 
Duration Download Forstok 11.652808189392 Detik
Duration Looping 700 Data 132.31384301186 Detik 
Total Duration 132.3139321804 Detik 
------------------------- 
Tanggal: 27-10-2021 08:35:01 
Duration Download Forstok 18.605434894562 Detik
Duration Looping 700 Data 142.60614800453 Detik 
Total Duration 142.60627508163 Detik 
------------------------- 
Tanggal: 27-10-2021 08:40:01 
Duration Download Forstok 11.157318115234 Detik
Duration Looping 700 Data 134.07004618645 Detik 
Total Duration 134.07015705109 Detik 
------------------------- 
Tanggal: 27-10-2021 08:45:01 
Duration Download Forstok 20.065211057663 Detik
Duration Looping 700 Data 136.11910700798 Detik 
Total Duration 136.1192419529 Detik 
------------------------- 
Tanggal: 27-10-2021 08:50:01 
Duration Download Forstok 13.848278999329 Detik
Duration Looping 700 Data 134.40788602829 Detik 
Total Duration 134.40799498558 Detik 
------------------------- 
Tanggal: 27-10-2021 08:55:01 
Duration Download Forstok 18.931875944138 Detik
Duration Looping 700 Data 138.30601406097 Detik 
Total Duration 138.30612516403 Detik 
------------------------- 
Tanggal: 27-10-2021 09:00:01 
Duration Download Forstok 12.74223780632 Detik
Duration Looping 700 Data 132.70616078377 Detik 
Total Duration 132.70628190041 Detik 
------------------------- 
Tanggal: 27-10-2021 09:05:01 
Duration Download Forstok 20.29344201088 Detik
Duration Looping 700 Data 138.92475390434 Detik 
Total Duration 138.92487192154 Detik 
------------------------- 
Tanggal: 27-10-2021 09:10:01 
Duration Download Forstok 21.285250902176 Detik
Duration Looping 700 Data 139.67133593559 Detik 
Total Duration 139.67143988609 Detik 
------------------------- 
Tanggal: 27-10-2021 09:15:01 
Duration Download Forstok 18.061760902405 Detik
Duration Looping 700 Data 137.93722081184 Detik 
Total Duration 137.937322855 Detik 
------------------------- 
Tanggal: 27-10-2021 09:20:01 
Duration Download Forstok 15.134317159653 Detik
Duration Looping 700 Data 131.55876708031 Detik 
Total Duration 131.55885100365 Detik 
------------------------- 
Tanggal: 27-10-2021 09:25:01 
Duration Download Forstok 11.948830842972 Detik
Duration Looping 700 Data 127.16536188126 Detik 
Total Duration 127.16547584534 Detik 
------------------------- 
Tanggal: 27-10-2021 09:30:01 
Duration Download Forstok 15.632395982742 Detik
Duration Looping 700 Data 133.14477109909 Detik 
Total Duration 133.14488601685 Detik 
------------------------- 
Tanggal: 27-10-2021 09:35:01 
Duration Download Forstok 20.072130918503 Detik
Duration Looping 700 Data 142.83841204643 Detik 
Total Duration 142.83853387833 Detik 
------------------------- 
Tanggal: 27-10-2021 09:40:01 
Duration Download Forstok 17.067276000977 Detik
Duration Looping 700 Data 137.57920503616 Detik 
Total Duration 137.57931804657 Detik 
------------------------- 
Tanggal: 27-10-2021 09:45:01 
Duration Download Forstok 16.675885915756 Detik
Duration Looping 700 Data 132.95971798897 Detik 
Total Duration 132.95983290672 Detik 
------------------------- 
Tanggal: 27-10-2021 09:50:01 
Duration Download Forstok 12.990784883499 Detik
Duration Looping 700 Data 132.08371186256 Detik 
Total Duration 132.08379793167 Detik 
------------------------- 
Tanggal: 27-10-2021 09:55:01 
Duration Download Forstok 20.614356994629 Detik
Duration Looping 700 Data 136.37350702286 Detik 
Total Duration 136.37362790108 Detik 
------------------------- 
Tanggal: 27-10-2021 10:00:01 
Duration Download Forstok 10.630705118179 Detik
Duration Looping 700 Data 131.03451013565 Detik 
Total Duration 131.03462004662 Detik 
------------------------- 
Tanggal: 27-10-2021 10:05:01 
Duration Download Forstok 14.98481798172 Detik
Duration Looping 700 Data 131.06666707993 Detik 
Total Duration 131.06677293777 Detik 
------------------------- 
Tanggal: 27-10-2021 10:10:01 
Duration Download Forstok 18.902136087418 Detik
Duration Looping 700 Data 135.97166013718 Detik 
Total Duration 135.97177195549 Detik 
------------------------- 
Tanggal: 27-10-2021 10:15:01 
Duration Download Forstok 20.214209079742 Detik
Duration Looping 700 Data 138.23242998123 Detik 
Total Duration 138.23253512383 Detik 
------------------------- 
Tanggal: 27-10-2021 10:20:01 
Duration Download Forstok 14.243630886078 Detik
Duration Looping 700 Data 134.1578309536 Detik 
Total Duration 134.15794301033 Detik 
------------------------- 
Tanggal: 27-10-2021 10:25:01 
Duration Download Forstok 14.039304971695 Detik
Duration Looping 700 Data 131.48113298416 Detik 
Total Duration 131.48124909401 Detik 
------------------------- 
Tanggal: 27-10-2021 10:30:01 
Duration Download Forstok 13.851300954819 Detik
Duration Looping 700 Data 129.85935497284 Detik 
Total Duration 129.8594379425 Detik 
------------------------- 
Tanggal: 27-10-2021 10:35:01 
Duration Download Forstok 21.965230941772 Detik
Duration Looping 700 Data 141.98072981834 Detik 
Total Duration 141.98081684113 Detik 
------------------------- 
Tanggal: 27-10-2021 10:40:01 
Duration Download Forstok 11.950685977936 Detik
Duration Looping 700 Data 137.87598395348 Detik 
Total Duration 137.87609696388 Detik 
------------------------- 
Tanggal: 27-10-2021 10:45:01 
Duration Download Forstok 13.740373849869 Detik
Duration Looping 700 Data 131.37759494781 Detik 
Total Duration 131.37771201134 Detik 
------------------------- 
Tanggal: 27-10-2021 10:50:01 
Duration Download Forstok 13.69094991684 Detik
Duration Looping 700 Data 139.05978703499 Detik 
Total Duration 139.05988407135 Detik 
------------------------- 
Tanggal: 27-10-2021 10:55:01 
Duration Download Forstok 23.741307020187 Detik
Duration Looping 700 Data 146.00672006607 Detik 
Total Duration 146.00684404373 Detik 
------------------------- 
Tanggal: 27-10-2021 11:00:01 
Duration Download Forstok 13.479901075363 Detik
Duration Looping 700 Data 131.98414111137 Detik 
Total Duration 131.98424696922 Detik 
------------------------- 
Tanggal: 27-10-2021 11:05:01 
Duration Download Forstok 20.847582101822 Detik
Duration Looping 700 Data 137.66727805138 Detik 
Total Duration 137.66736102104 Detik 
------------------------- 
Tanggal: 27-10-2021 11:10:01 
Duration Download Forstok 17.148964881897 Detik
Duration Looping 700 Data 131.57413601875 Detik 
Total Duration 131.57424092293 Detik 
------------------------- 
Tanggal: 27-10-2021 11:15:01 
Duration Download Forstok 18.429670810699 Detik
Duration Looping 700 Data 142.60280489922 Detik 
Total Duration 142.60292100906 Detik 
------------------------- 
Tanggal: 27-10-2021 11:20:01 
Duration Download Forstok 14.37858915329 Detik
Duration Looping 700 Data 138.71602296829 Detik 
Total Duration 138.71612715721 Detik 
------------------------- 
Tanggal: 27-10-2021 11:25:01 
Duration Download Forstok 19.062732934952 Detik
Duration Looping 700 Data 139.77980303764 Detik 
Total Duration 139.77993607521 Detik 
------------------------- 
Tanggal: 27-10-2021 11:30:01 
Duration Download Forstok 10.930124044418 Detik
Duration Looping 700 Data 126.36770296097 Detik 
Total Duration 126.36782288551 Detik 
------------------------- 
Tanggal: 27-10-2021 11:35:01 
Duration Download Forstok 25.673679828644 Detik
Duration Looping 700 Data 145.45699095726 Detik 
Total Duration 145.45709085464 Detik 
------------------------- 
Tanggal: 27-10-2021 11:40:02 
Duration Download Forstok 13.279266119003 Detik
Duration Looping 700 Data 130.36357808113 Detik 
Total Duration 130.36368489265 Detik 
------------------------- 
Tanggal: 27-10-2021 11:45:01 
Duration Download Forstok 19.46986579895 Detik
Duration Looping 700 Data 143.78062987328 Detik 
Total Duration 143.78074979782 Detik 
------------------------- 
Tanggal: 27-10-2021 11:50:01 
Duration Download Forstok 13.147626876831 Detik
Duration Looping 700 Data 136.99755096436 Detik 
Total Duration 136.99762296677 Detik 
------------------------- 
Tanggal: 27-10-2021 11:55:01 
Duration Download Forstok 19.164269208908 Detik
Duration Looping 700 Data 141.26798820496 Detik 
Total Duration 141.26808810234 Detik 
------------------------- 
Tanggal: 27-10-2021 12:00:01 
Duration Download Forstok 15.884737014771 Detik
Duration Looping 700 Data 140.87417697906 Detik 
Total Duration 140.87428808212 Detik 
------------------------- 
Tanggal: 27-10-2021 12:05:01 
Duration Download Forstok 15.700062036514 Detik
Duration Looping 700 Data 132.87421107292 Detik 
Total Duration 132.87433505058 Detik 
------------------------- 
Tanggal: 27-10-2021 12:10:01 
Duration Download Forstok 24.406203985214 Detik
Duration Looping 700 Data 139.7895898819 Detik 
Total Duration 139.78970003128 Detik 
------------------------- 
Tanggal: 27-10-2021 12:15:01 
Duration Download Forstok 16.444272041321 Detik
Duration Looping 700 Data 140.26185798645 Detik 
Total Duration 140.26197504997 Detik 
------------------------- 
Tanggal: 27-10-2021 12:20:01 
Duration Download Forstok 15.79488492012 Detik
Duration Looping 700 Data 136.10393404961 Detik 
Total Duration 136.10404610634 Detik 
------------------------- 
Tanggal: 27-10-2021 12:25:01 
Duration Download Forstok 18.553384065628 Detik
Duration Looping 700 Data 132.61279702187 Detik 
Total Duration 132.61291790009 Detik 
------------------------- 
Tanggal: 27-10-2021 12:30:01 
Duration Download Forstok 16.938364028931 Detik
Duration Looping 700 Data 130.53555798531 Detik 
Total Duration 130.53567695618 Detik 
------------------------- 
Tanggal: 27-10-2021 12:35:01 
Duration Download Forstok 19.720628023148 Detik
Duration Looping 700 Data 135.15611505508 Detik 
Total Duration 135.15625095367 Detik 
------------------------- 
Tanggal: 27-10-2021 12:40:01 
Duration Download Forstok 12.863790035248 Detik
Duration Looping 700 Data 130.09820103645 Detik 
Total Duration 130.09831309319 Detik 
------------------------- 
Tanggal: 27-10-2021 12:45:01 
Duration Download Forstok 17.005009174347 Detik
Duration Looping 700 Data 139.94150209427 Detik 
Total Duration 139.94159197807 Detik 
------------------------- 
Tanggal: 27-10-2021 12:50:01 
Duration Download Forstok 13.697466850281 Detik
Duration Looping 700 Data 128.85723781586 Detik 
Total Duration 128.85734796524 Detik 
------------------------- 
Tanggal: 27-10-2021 12:55:01 
Duration Download Forstok 16.832165002823 Detik
Duration Looping 700 Data 136.78757596016 Detik 
Total Duration 136.78769397736 Detik 
------------------------- 
Tanggal: 27-10-2021 13:00:01 
Duration Download Forstok 14.774316072464 Detik
Duration Looping 700 Data 132.09893012047 Detik 
Total Duration 132.09904122353 Detik 
------------------------- 
Tanggal: 27-10-2021 13:05:01 
Duration Download Forstok 15.940681934357 Detik
Duration Looping 700 Data 134.99837088585 Detik 
Total Duration 134.99854898453 Detik 
------------------------- 
Tanggal: 27-10-2021 13:10:01 
Duration Download Forstok 19.588053941727 Detik
Duration Looping 700 Data 138.833796978 Detik 
Total Duration 138.83390808105 Detik 
------------------------- 
Tanggal: 27-10-2021 13:15:01 
Duration Download Forstok 17.413732051849 Detik
Duration Looping 700 Data 137.82915711403 Detik 
Total Duration 137.82927799225 Detik 
------------------------- 
Tanggal: 27-10-2021 13:20:01 
Duration Download Forstok 10.990120887756 Detik
Duration Looping 700 Data 133.73427295685 Detik 
Total Duration 133.7343609333 Detik 
------------------------- 
Tanggal: 27-10-2021 13:25:01 
Duration Download Forstok 15.055813074112 Detik
Duration Looping 700 Data 134.01034402847 Detik 
Total Duration 134.01047205925 Detik 
------------------------- 
Tanggal: 27-10-2021 13:30:01 
Duration Download Forstok 12.104369163513 Detik
Duration Looping 700 Data 134.29975819588 Detik 
Total Duration 134.29983115196 Detik 
------------------------- 
Tanggal: 27-10-2021 13:35:01 
Duration Download Forstok 20.995374917984 Detik
Duration Looping 700 Data 142.71889901161 Detik 
Total Duration 142.71898198128 Detik 
------------------------- 
Tanggal: 27-10-2021 13:40:01 
Duration Download Forstok 16.992924928665 Detik
Duration Looping 700 Data 147.90001606941 Detik 
Total Duration 147.90012598038 Detik 
------------------------- 
Tanggal: 27-10-2021 13:45:02 
Duration Download Forstok 26.708801031113 Detik
Duration Looping 700 Data 146.95042991638 Detik 
Total Duration 146.95055103302 Detik 
------------------------- 
Tanggal: 27-10-2021 13:50:01 
Duration Download Forstok 14.689703941345 Detik
Duration Looping 700 Data 137.44145798683 Detik 
Total Duration 137.44159197807 Detik 
------------------------- 
Tanggal: 27-10-2021 13:55:01 
Duration Download Forstok 16.848773002625 Detik
Duration Looping 700 Data 134.61452293396 Detik 
Total Duration 134.61464715004 Detik 
------------------------- 
Tanggal: 27-10-2021 14:00:01 
Duration Download Forstok 13.807826042175 Detik
Duration Looping 700 Data 135.3055100441 Detik 
Total Duration 135.30562806129 Detik 
------------------------- 
Tanggal: 27-10-2021 14:05:01 
Duration Download Forstok 18.179041147232 Detik
Duration Looping 700 Data 137.72358608246 Detik 
Total Duration 137.72370219231 Detik 
------------------------- 
Tanggal: 27-10-2021 14:10:01 
Duration Download Forstok 14.452511072159 Detik
Duration Looping 700 Data 134.86839604378 Detik 
Total Duration 134.86851215363 Detik 
------------------------- 
Tanggal: 27-10-2021 14:15:01 
Duration Download Forstok 15.687371015549 Detik
Duration Looping 700 Data 139.13935685158 Detik 
Total Duration 139.13946390152 Detik 
------------------------- 
Tanggal: 27-10-2021 14:20:01 
Duration Download Forstok 12.991677999496 Detik
Duration Looping 700 Data 133.95530605316 Detik 
Total Duration 133.95545101166 Detik 
------------------------- 
Tanggal: 27-10-2021 14:25:01 
Duration Download Forstok 17.202311992645 Detik
Duration Looping 700 Data 137.69633197784 Detik 
Total Duration 137.69646191597 Detik 
------------------------- 
Tanggal: 27-10-2021 14:30:01 
Duration Download Forstok 16.080542802811 Detik
Duration Looping 700 Data 132.00631093979 Detik 
Total Duration 132.00639486313 Detik 
------------------------- 
Tanggal: 27-10-2021 14:35:01 
Duration Download Forstok 17.198445081711 Detik
Duration Looping 700 Data 140.82578706741 Detik 
Total Duration 140.82591295242 Detik 
------------------------- 
Tanggal: 27-10-2021 14:40:01 
Duration Download Forstok 34.690906047821 Detik
Duration Looping 700 Data 151.47468709946 Detik 
Total Duration 151.4747979641 Detik 
------------------------- 
Tanggal: 27-10-2021 14:45:01 
Duration Download Forstok 14.458775997162 Detik
Duration Looping 700 Data 135.90474295616 Detik 
Total Duration 135.90483212471 Detik 
------------------------- 
Tanggal: 27-10-2021 14:50:01 
Duration Download Forstok 14.702927112579 Detik
Duration Looping 700 Data 132.41635012627 Detik 
Total Duration 132.41646194458 Detik 
------------------------- 
Tanggal: 27-10-2021 14:55:01 
Duration Download Forstok 16.762439966202 Detik
Duration Looping 700 Data 145.31265997887 Detik 
Total Duration 145.3127720356 Detik 
------------------------- 
Tanggal: 27-10-2021 15:00:01 
Duration Download Forstok 14.210316896439 Detik
Duration Looping 700 Data 137.67141509056 Detik 
Total Duration 137.67152500153 Detik 
------------------------- 
Tanggal: 27-10-2021 15:05:01 
Duration Download Forstok 20.0090508461 Detik
Duration Looping 700 Data 142.43514990807 Detik 
Total Duration 142.43524885178 Detik 
------------------------- 
Tanggal: 27-10-2021 15:10:01 
Duration Download Forstok 21.388463973999 Detik
Duration Looping 700 Data 137.0745639801 Detik 
Total Duration 137.07464599609 Detik 
------------------------- 
Tanggal: 27-10-2021 15:15:01 
Duration Download Forstok 20.209128141403 Detik
Duration Looping 700 Data 140.63611006737 Detik 
Total Duration 140.63622307777 Detik 
------------------------- 
Tanggal: 27-10-2021 15:20:01 
Duration Download Forstok 13.324779987335 Detik
Duration Looping 700 Data 134.7919819355 Detik 
Total Duration 134.7920999527 Detik 
------------------------- 
Tanggal: 27-10-2021 15:25:01 
Duration Download Forstok 15.07416009903 Detik
Duration Looping 700 Data 135.75377988815 Detik 
Total Duration 135.75390791893 Detik 
------------------------- 
Tanggal: 27-10-2021 15:30:01 
Duration Download Forstok 12.761152029037 Detik
Duration Looping 700 Data 138.09137296677 Detik 
Total Duration 138.09144997597 Detik 
------------------------- 
Tanggal: 27-10-2021 15:35:02 
Duration Download Forstok 19.828233003616 Detik
Duration Looping 700 Data 157.09564614296 Detik 
Total Duration 157.09574508667 Detik 
------------------------- 
Tanggal: 27-10-2021 15:40:01 
Duration Download Forstok 12.921667098999 Detik
Duration Looping 700 Data 137.56343507767 Detik 
Total Duration 137.56354808807 Detik 
------------------------- 
Tanggal: 27-10-2021 15:45:01 
Duration Download Forstok 15.12810087204 Detik
Duration Looping 700 Data 135.82387089729 Detik 
Total Duration 135.82398891449 Detik 
------------------------- 
Tanggal: 27-10-2021 15:50:01 
Duration Download Forstok 17.318114042282 Detik
Duration Looping 700 Data 137.9819278717 Detik 
Total Duration 137.98201584816 Detik 
------------------------- 
Tanggal: 27-10-2021 15:55:01 
Duration Download Forstok 20.246412038803 Detik
Duration Looping 700 Data 143.81816196442 Detik 
Total Duration 143.81832003593 Detik 
------------------------- 
Tanggal: 27-10-2021 16:00:01 
Duration Download Forstok 13.001163005829 Detik
Duration Looping 700 Data 138.76079297066 Detik 
Total Duration 138.7609000206 Detik 
------------------------- 
Tanggal: 27-10-2021 16:05:01 
Duration Download Forstok 14.449631929398 Detik
Duration Looping 700 Data 138.75079393387 Detik 
Total Duration 138.75089097023 Detik 
------------------------- 
Tanggal: 27-10-2021 16:10:01 
Duration Download Forstok 13.564907073975 Detik
Duration Looping 700 Data 132.03546500206 Detik 
Total Duration 132.03555607796 Detik 
------------------------- 
Tanggal: 27-10-2021 16:15:01 
Duration Download Forstok 16.679207086563 Detik
Duration Looping 700 Data 138.66455101967 Detik 
Total Duration 138.66465306282 Detik 
------------------------- 
Tanggal: 27-10-2021 16:20:01 
Duration Download Forstok 10.058148860931 Detik
Duration Looping 700 Data 136.0492348671 Detik 
Total Duration 136.04934597015 Detik 
------------------------- 
Tanggal: 27-10-2021 16:25:01 
Duration Download Forstok 14.493002176285 Detik
Duration Looping 700 Data 138.94610619545 Detik 
Total Duration 138.94622516632 Detik 
------------------------- 
Tanggal: 27-10-2021 16:30:01 
Duration Download Forstok 13.4435338974 Detik
Duration Looping 700 Data 135.00789093971 Detik 
Total Duration 135.007999897 Detik 
------------------------- 
Tanggal: 27-10-2021 16:35:01 
Duration Download Forstok 17.271899938583 Detik
Duration Looping 700 Data 144.42497587204 Detik 
Total Duration 144.42509078979 Detik 
------------------------- 
Tanggal: 27-10-2021 16:40:01 
Duration Download Forstok 12.882075071335 Detik
Duration Looping 700 Data 135.6757209301 Detik 
Total Duration 135.67583703995 Detik 
------------------------- 
Tanggal: 27-10-2021 16:45:01 
Duration Download Forstok 14.934075117111 Detik
Duration Looping 700 Data 149.33797812462 Detik 
Total Duration 149.33810901642 Detik 
------------------------- 
Tanggal: 27-10-2021 16:50:01 
Duration Download Forstok 13.232487201691 Detik
Duration Looping 700 Data 133.63933205605 Detik 
Total Duration 133.63941216469 Detik 
------------------------- 
Tanggal: 27-10-2021 16:55:01 
Duration Download Forstok 18.382974147797 Detik
Duration Looping 700 Data 140.96475601196 Detik 
Total Duration 140.96487522125 Detik 
------------------------- 
Tanggal: 27-10-2021 17:00:01 
Duration Download Forstok 13.97672700882 Detik
Duration Looping 700 Data 141.68248796463 Detik 
Total Duration 141.68256998062 Detik 
------------------------- 
Tanggal: 27-10-2021 17:05:01 
Duration Download Forstok 15.801072835922 Detik
Duration Looping 700 Data 131.7741048336 Detik 
Total Duration 131.7742228508 Detik 
------------------------- 
Tanggal: 27-10-2021 17:10:01 
Duration Download Forstok 21.600208044052 Detik
Duration Looping 700 Data 138.33205389977 Detik 
Total Duration 138.33217191696 Detik 
------------------------- 
Tanggal: 27-10-2021 17:15:01 
Duration Download Forstok 28.454386949539 Detik
Duration Looping 700 Data 145.72147488594 Detik 
Total Duration 145.72164702415 Detik 
------------------------- 
Tanggal: 27-10-2021 17:20:01 
Duration Download Forstok 12.999013900757 Detik
Duration Looping 700 Data 130.26106500626 Detik 
Total Duration 130.26118588448 Detik 
------------------------- 
Tanggal: 27-10-2021 17:25:01 
Duration Download Forstok 20.225450992584 Detik
Duration Looping 700 Data 134.77270793915 Detik 
Total Duration 134.77283191681 Detik 
------------------------- 
Tanggal: 27-10-2021 17:30:01 
Duration Download Forstok 13.203454017639 Detik
Duration Looping 700 Data 136.98512816429 Detik 
Total Duration 136.9852399826 Detik 
------------------------- 
Tanggal: 27-10-2021 17:35:01 
Duration Download Forstok 23.993156909943 Detik
Duration Looping 700 Data 141.76090979576 Detik 
Total Duration 141.76103186607 Detik 
------------------------- 
Tanggal: 27-10-2021 17:40:01 
Duration Download Forstok 12.510906934738 Detik
Duration Looping 700 Data 136.30719780922 Detik 
Total Duration 136.30731487274 Detik 
------------------------- 
Tanggal: 27-10-2021 17:45:01 
Duration Download Forstok 22.612456083298 Detik
Duration Looping 700 Data 136.55450797081 Detik 
Total Duration 136.55463194847 Detik 
------------------------- 
Tanggal: 27-10-2021 17:50:01 
Duration Download Forstok 15.366325139999 Detik
Duration Looping 700 Data 129.56215000153 Detik 
Total Duration 129.5622780323 Detik 
------------------------- 
Tanggal: 27-10-2021 17:55:01 
Duration Download Forstok 17.235274076462 Detik
Duration Looping 700 Data 136.60550904274 Detik 
Total Duration 136.60562396049 Detik 
------------------------- 
Tanggal: 27-10-2021 18:00:01 
Duration Download Forstok 13.632253885269 Detik
Duration Looping 700 Data 129.84807395935 Detik 
Total Duration 129.8481938839 Detik 
------------------------- 
Tanggal: 27-10-2021 18:05:01 
Duration Download Forstok 16.231675863266 Detik
Duration Looping 700 Data 129.98690104485 Detik 
Total Duration 129.98701500893 Detik 
------------------------- 
Tanggal: 27-10-2021 18:10:01 
Duration Download Forstok 13.61994099617 Detik
Duration Looping 700 Data 128.08973097801 Detik 
Total Duration 128.08984494209 Detik 
------------------------- 
Tanggal: 27-10-2021 18:15:01 
Duration Download Forstok 0.43518900871277 Detik
Tanggal: 27-10-2021 18:20:01 
Duration Download Forstok 11.768492937088 Detik
Duration Looping 700 Data 128.08140397072 Detik 
Total Duration 128.08150410652 Detik 
------------------------- 
Tanggal: 27-10-2021 18:25:01 
Duration Download Forstok 19.209943056107 Detik
Duration Looping 700 Data 132.50716900826 Detik 
Total Duration 132.50728201866 Detik 
------------------------- 
Tanggal: 27-10-2021 18:30:01 
Duration Download Forstok 14.935453891754 Detik
Duration Looping 700 Data 135.37506008148 Detik 
Total Duration 135.37516999245 Detik 
------------------------- 
Tanggal: 27-10-2021 18:35:01 
Duration Download Forstok 16.396713972092 Detik
Duration Looping 700 Data 132.29969501495 Detik 
Total Duration 132.29980516434 Detik 
------------------------- 
Tanggal: 27-10-2021 18:40:01 
Duration Download Forstok 10.537009954453 Detik
Duration Looping 700 Data 126.06767392159 Detik 
Total Duration 126.06782889366 Detik 
------------------------- 
Tanggal: 27-10-2021 18:45:01 
Duration Download Forstok 21.401772975922 Detik
Duration Looping 700 Data 133.9272608757 Detik 
Total Duration 133.92737698555 Detik 
------------------------- 
Tanggal: 27-10-2021 18:50:01 
Duration Download Forstok 17.679813861847 Detik
Duration Looping 700 Data 130.88259983063 Detik 
Total Duration 130.88271093369 Detik 
------------------------- 
Tanggal: 27-10-2021 18:55:01 
Duration Download Forstok 18.869382858276 Detik
Duration Looping 700 Data 133.08363199234 Detik 
Total Duration 133.0837469101 Detik 
------------------------- 
Tanggal: 27-10-2021 19:00:01 
Duration Download Forstok 15.097687959671 Detik
Duration Looping 700 Data 128.98477101326 Detik 
Total Duration 128.98488211632 Detik 
------------------------- 
Tanggal: 27-10-2021 19:05:01 
Duration Download Forstok 16.57957482338 Detik
Duration Looping 700 Data 134.12414193153 Detik 
Total Duration 134.12425398827 Detik 
------------------------- 
Tanggal: 27-10-2021 19:10:01 
Duration Download Forstok 13.57288312912 Detik
Duration Looping 700 Data 130.62004613876 Detik 
Total Duration 130.62012600899 Detik 
------------------------- 
Tanggal: 27-10-2021 19:15:01 
Duration Download Forstok 16.932853937149 Detik
Duration Looping 700 Data 131.39113593102 Detik 
Total Duration 131.3912498951 Detik 
------------------------- 
Tanggal: 27-10-2021 19:20:01 
Duration Download Forstok 15.306541204453 Detik
Duration Looping 700 Data 138.33748412132 Detik 
Total Duration 138.33759403229 Detik 
------------------------- 
Tanggal: 27-10-2021 19:25:01 
Duration Download Forstok 15.990614175797 Detik
Duration Looping 700 Data 132.64259815216 Detik 
Total Duration 132.64271712303 Detik 
------------------------- 
Tanggal: 27-10-2021 19:30:01 
Duration Download Forstok 14.473699092865 Detik
Duration Looping 700 Data 126.3768260479 Detik 
Total Duration 126.37693810463 Detik 
------------------------- 
Tanggal: 27-10-2021 19:35:01 
Duration Download Forstok 17.853398799896 Detik
Duration Looping 700 Data 130.83832502365 Detik 
Total Duration 130.83842492104 Detik 
------------------------- 
Tanggal: 27-10-2021 19:40:01 
Duration Download Forstok 13.689352989197 Detik
Duration Looping 700 Data 129.68267297745 Detik 
Total Duration 129.68278598785 Detik 
------------------------- 
Tanggal: 27-10-2021 19:45:01 
Duration Download Forstok 16.956322908401 Detik
Duration Looping 700 Data 132.36715292931 Detik 
Total Duration 132.36726498604 Detik 
------------------------- 
Tanggal: 27-10-2021 19:50:01 
Duration Download Forstok 14.772578001022 Detik
Duration Looping 700 Data 129.35946106911 Detik 
Total Duration 129.35954499245 Detik 
------------------------- 
Tanggal: 27-10-2021 19:55:02 
Duration Download Forstok 16.756032943726 Detik
Duration Looping 700 Data 131.9945628643 Detik 
Total Duration 131.9946808815 Detik 
------------------------- 
Tanggal: 27-10-2021 20:00:01 
Duration Download Forstok 13.727186203003 Detik
Duration Looping 700 Data 136.88164710999 Detik 
Total Duration 136.88175201416 Detik 
------------------------- 
Tanggal: 27-10-2021 20:05:01 
Duration Download Forstok 17.377159833908 Detik
Duration Looping 700 Data 131.03843998909 Detik 
Total Duration 131.0385529995 Detik 
------------------------- 
Tanggal: 27-10-2021 20:10:02 
Duration Download Forstok 21.211223840714 Detik
Duration Looping 700 Data 135.91040682793 Detik 
Total Duration 135.91051888466 Detik 
------------------------- 
Tanggal: 27-10-2021 20:15:01 
Duration Download Forstok 16.771667957306 Detik
Duration Looping 700 Data 132.20594191551 Detik 
Total Duration 132.20605707169 Detik 
------------------------- 
Tanggal: 27-10-2021 20:20:01 
Duration Download Forstok 11.32722902298 Detik
Duration Looping 700 Data 127.90797495842 Detik 
Total Duration 127.90808606148 Detik 
------------------------- 
Tanggal: 27-10-2021 20:25:01 
Duration Download Forstok 16.716962099075 Detik
Duration Looping 700 Data 130.35804009438 Detik 
Total Duration 130.35813498497 Detik 
------------------------- 
Tanggal: 27-10-2021 20:30:01 
Duration Download Forstok 14.825869083405 Detik
Duration Looping 700 Data 128.91553711891 Detik 
Total Duration 128.91565513611 Detik 
------------------------- 
Tanggal: 27-10-2021 20:35:01 
Duration Download Forstok 21.024740934372 Detik
Duration Looping 700 Data 137.77680897713 Detik 
Total Duration 137.77692914009 Detik 
------------------------- 
Tanggal: 27-10-2021 20:40:01 
Duration Download Forstok 10.389987945557 Detik
Duration Looping 700 Data 126.1836578846 Detik 
Total Duration 126.18374896049 Detik 
------------------------- 
Tanggal: 27-10-2021 20:45:01 
Duration Download Forstok 18.482398033142 Detik
Duration Looping 700 Data 132.06619501114 Detik 
Total Duration 132.06630706787 Detik 
------------------------- 
Tanggal: 27-10-2021 20:50:01 
Duration Download Forstok 13.140678167343 Detik
Duration Looping 700 Data 131.07882022858 Detik 
Total Duration 131.07892823219 Detik 
------------------------- 
Tanggal: 27-10-2021 20:55:01 
Duration Download Forstok 27.064527988434 Detik
Duration Looping 700 Data 141.76091694832 Detik 
Total Duration 141.76103305817 Detik 
------------------------- 
Tanggal: 27-10-2021 21:00:01 
Duration Download Forstok 13.301105976105 Detik
Duration Looping 700 Data 133.2837870121 Detik 
Total Duration 133.28390216827 Detik 
------------------------- 
Tanggal: 27-10-2021 21:05:01 
Duration Download Forstok 16.209134101868 Detik
Duration Looping 700 Data 129.49212694168 Detik 
Total Duration 129.49224495888 Detik 
------------------------- 
Tanggal: 27-10-2021 21:10:01 
Duration Download Forstok 14.623684883118 Detik
Duration Looping 700 Data 127.7905600071 Detik 
Total Duration 127.79064202309 Detik 
------------------------- 
Tanggal: 27-10-2021 21:15:01 
Duration Download Forstok 15.282263994217 Detik
Duration Looping 700 Data 133.06081581116 Detik 
Total Duration 133.06092596054 Detik 
------------------------- 
Tanggal: 27-10-2021 21:20:01 
Duration Download Forstok 14.667821884155 Detik
Duration Looping 700 Data 129.41451406479 Detik 
Total Duration 129.41462993622 Detik 
------------------------- 
Tanggal: 27-10-2021 21:25:01 
Duration Download Forstok 21.32645201683 Detik
Duration Looping 700 Data 135.74278688431 Detik 
Total Duration 135.74290800095 Detik 
------------------------- 
Tanggal: 27-10-2021 21:30:01 
Duration Download Forstok 11.029269933701 Detik
Duration Looping 700 Data 122.59629702568 Detik 
Total Duration 122.5964050293 Detik 
------------------------- 
Tanggal: 27-10-2021 21:35:01 
Duration Download Forstok 16.238023996353 Detik
Duration Looping 700 Data 130.59016895294 Detik 
Total Duration 130.59028506279 Detik 
------------------------- 
Tanggal: 27-10-2021 21:40:01 
Duration Download Forstok 19.242038965225 Detik
Duration Looping 700 Data 134.95620799065 Detik 
Total Duration 134.95631480217 Detik 
------------------------- 
Tanggal: 27-10-2021 21:45:01 
Duration Download Forstok 18.01942896843 Detik
Duration Looping 700 Data 133.50721502304 Detik 
Total Duration 133.50733208656 Detik 
------------------------- 
Tanggal: 27-10-2021 21:50:01 
Duration Download Forstok 13.129635810852 Detik
Duration Looping 700 Data 128.252368927 Detik 
Total Duration 128.25248193741 Detik 
------------------------- 
Tanggal: 27-10-2021 21:55:01 
Duration Download Forstok 13.315653085709 Detik
Duration Looping 700 Data 133.12100505829 Detik 
Total Duration 133.1211180687 Detik 
------------------------- 
Tanggal: 27-10-2021 22:00:01 
Duration Download Forstok 15.379896879196 Detik
Duration Looping 700 Data 132.84591794014 Detik 
Total Duration 132.84602689743 Detik 
------------------------- 
Tanggal: 27-10-2021 22:05:01 
Duration Download Forstok 20.787547111511 Detik
Duration Looping 700 Data 133.39334511757 Detik 
Total Duration 133.39346003532 Detik 
------------------------- 
Tanggal: 27-10-2021 22:10:01 
Duration Download Forstok 17.470253944397 Detik
Duration Looping 700 Data 136.85269594193 Detik 
Total Duration 136.85281586647 Detik 
------------------------- 
Tanggal: 27-10-2021 22:15:01 
Duration Download Forstok 14.961018800735 Detik
Duration Looping 700 Data 135.48425483704 Detik 
Total Duration 135.48437190056 Detik 
------------------------- 
Tanggal: 27-10-2021 22:20:01 
Duration Download Forstok 12.48696398735 Detik
Duration Looping 700 Data 128.83302807808 Detik 
Total Duration 128.8331360817 Detik 
------------------------- 
Tanggal: 27-10-2021 22:25:01 
Duration Download Forstok 18.768998146057 Detik
Duration Looping 700 Data 130.86619210243 Detik 
Total Duration 130.86631393433 Detik 
------------------------- 
Tanggal: 27-10-2021 22:30:01 
Duration Download Forstok 16.038041114807 Detik
Duration Looping 700 Data 129.69376301765 Detik 
Total Duration 129.69388198853 Detik 
------------------------- 
Tanggal: 27-10-2021 22:35:01 
Duration Download Forstok 19.653230190277 Detik
Duration Looping 700 Data 143.5800640583 Detik 
Total Duration 143.58018398285 Detik 
------------------------- 
Tanggal: 27-10-2021 22:40:01 
Duration Download Forstok 16.145966053009 Detik
Duration Looping 700 Data 137.35519814491 Detik 
Total Duration 137.35531210899 Detik 
------------------------- 
Tanggal: 27-10-2021 22:45:01 
Duration Download Forstok 14.108580112457 Detik
Duration Looping 700 Data 128.00731897354 Detik 
Total Duration 128.00742411613 Detik 
------------------------- 
Tanggal: 27-10-2021 22:50:01 
Duration Download Forstok 12.653300046921 Detik
Duration Looping 700 Data 123.72673106194 Detik 
Total Duration 123.72682285309 Detik 
------------------------- 
Tanggal: 27-10-2021 22:55:01 
Duration Download Forstok 16.378787994385 Detik
Duration Looping 700 Data 132.29889988899 Detik 
Total Duration 132.2989859581 Detik 
------------------------- 
Tanggal: 27-10-2021 23:00:01 
Duration Download Forstok 14.654519081116 Detik
Duration Looping 700 Data 129.26146292686 Detik 
Total Duration 129.26157212257 Detik 
------------------------- 
Tanggal: 27-10-2021 23:05:01 
Duration Download Forstok 16.868386030197 Detik
Duration Looping 700 Data 128.6631000042 Detik 
Total Duration 128.66321897507 Detik 
------------------------- 
Tanggal: 27-10-2021 23:10:01 
Duration Download Forstok 14.635437011719 Detik
Duration Looping 700 Data 131.76180005074 Detik 
Total Duration 131.76191020012 Detik 
------------------------- 
Tanggal: 27-10-2021 23:15:01 
Duration Download Forstok 19.005265951157 Detik
Duration Looping 700 Data 133.02352499962 Detik 
Total Duration 133.0236928463 Detik 
------------------------- 
Tanggal: 27-10-2021 23:20:01 
Duration Download Forstok 12.61671090126 Detik
Duration Looping 700 Data 133.40293693542 Detik 
Total Duration 133.40304780006 Detik 
------------------------- 
Tanggal: 27-10-2021 23:25:01 
Duration Download Forstok 17.986200094223 Detik
Duration Looping 700 Data 134.16748690605 Detik 
Total Duration 134.16759610176 Detik 
------------------------- 
Tanggal: 27-10-2021 23:30:01 
Duration Download Forstok 10.918069124222 Detik
Duration Looping 700 Data 127.40534496307 Detik 
Total Duration 127.4054710865 Detik 
------------------------- 
Tanggal: 27-10-2021 23:35:01 
Duration Download Forstok 22.787260055542 Detik
Duration Looping 700 Data 136.85415792465 Detik 
Total Duration 136.85427808762 Detik 
------------------------- 
Tanggal: 27-10-2021 23:40:01 
Duration Download Forstok 16.340603113174 Detik
Duration Looping 700 Data 128.98685503006 Detik 
Total Duration 128.98694300652 Detik 
------------------------- 
Tanggal: 27-10-2021 23:45:01 
Duration Download Forstok 12.506251096725 Detik
Duration Looping 700 Data 132.49299812317 Detik 
Total Duration 132.49310803413 Detik 
------------------------- 
Tanggal: 27-10-2021 23:50:01 
Duration Download Forstok 13.467233896255 Detik
Duration Looping 700 Data 129.32053995132 Detik 
Total Duration 129.32065296173 Detik 
------------------------- 
Tanggal: 27-10-2021 23:55:01 
Duration Download Forstok 23.401520013809 Detik
Duration Looping 700 Data 134.74380493164 Detik 
Total Duration 134.7439160347 Detik 
------------------------- 
