Tanggal: 26-05-2022 00:00:01 
Duration Download Forstok 16.522020101547 Detik
Duration Looping 500 Data 639.30311203003 Detik 
Total Duration 639.30509209633 Detik 
------------------------- 
Tanggal: 26-05-2022 00:15:01 
Duration Download Forstok 16.667396068573 Detik
Duration Looping 500 Data 143.24587512016 Detik 
Total Duration 143.24600195885 Detik 
------------------------- 
Tanggal: 26-05-2022 00:20:01 
Duration Download Forstok 14.084495067596 Detik
Duration Looping 500 Data 165.55731415749 Detik 
Total Duration 165.55743312836 Detik 
------------------------- 
Tanggal: 26-05-2022 00:25:01 
Duration Download Forstok 9.4406089782715 Detik
Duration Looping 500 Data 145.56953215599 Detik 
Total Duration 145.57073616982 Detik 
------------------------- 
Tanggal: 26-05-2022 00:30:01 
Duration Download Forstok 12.150097131729 Detik
Duration Looping 500 Data 140.01519203186 Detik 
Total Duration 140.01530909538 Detik 
------------------------- 
Tanggal: 26-05-2022 00:35:01 
Duration Download Forstok 18.537827968597 Detik
Duration Looping 500 Data 143.31211495399 Detik 
Total Duration 143.31481099129 Detik 
------------------------- 
Tanggal: 26-05-2022 00:40:01 
Duration Download Forstok 11.507854938507 Detik
Duration Looping 500 Data 132.73865699768 Detik 
Total Duration 132.7387919426 Detik 
------------------------- 
Tanggal: 26-05-2022 00:45:01 
Duration Download Forstok 18.60512804985 Detik
Duration Looping 500 Data 141.5758869648 Detik 
Total Duration 141.57600998878 Detik 
------------------------- 
Tanggal: 26-05-2022 00:50:01 
Duration Download Forstok 10.167868852615 Detik
Duration Looping 500 Data 138.1222448349 Detik 
Total Duration 138.12236881256 Detik 
------------------------- 
Tanggal: 26-05-2022 00:55:01 
Duration Download Forstok 9.6369659900665 Detik
Duration Looping 500 Data 131.76919388771 Detik 
Total Duration 131.76933598518 Detik 
------------------------- 
Tanggal: 26-05-2022 01:00:01 
Duration Download Forstok 12.529188871384 Detik
Duration Looping 500 Data 134.50668692589 Detik 
Total Duration 134.50680685043 Detik 
------------------------- 
Tanggal: 26-05-2022 01:05:01 
Duration Download Forstok 32.481861114502 Detik
Duration Looping 500 Data 158.9985640049 Detik 
Total Duration 158.99868297577 Detik 
------------------------- 
Tanggal: 26-05-2022 01:10:01 
Duration Download Forstok 11.233719825745 Detik
Duration Looping 500 Data 150.22029399872 Detik 
Total Duration 150.22041893005 Detik 
------------------------- 
Tanggal: 26-05-2022 01:15:01 
Duration Download Forstok 16.53839302063 Detik
Duration Looping 500 Data 147.80935001373 Detik 
Total Duration 147.80952095985 Detik 
------------------------- 
Tanggal: 26-05-2022 01:20:01 
Duration Download Forstok 14.999512195587 Detik
Duration Looping 500 Data 139.0869820118 Detik 
Total Duration 139.08710813522 Detik 
------------------------- 
Tanggal: 26-05-2022 01:25:01 
Duration Download Forstok 10.669008970261 Detik
Duration Looping 500 Data 132.93973112106 Detik 
Total Duration 132.93985295296 Detik 
------------------------- 
Tanggal: 26-05-2022 01:30:01 
Duration Download Forstok 10.636803150177 Detik
Duration Looping 500 Data 133.86570715904 Detik 
Total Duration 133.8658311367 Detik 
------------------------- 
Tanggal: 26-05-2022 01:35:01 
Duration Download Forstok 21.332889080048 Detik
Duration Looping 500 Data 140.47658610344 Detik 
Total Duration 140.47671103477 Detik 
------------------------- 
Tanggal: 26-05-2022 01:40:01 
Duration Download Forstok 12.04704284668 Detik
Duration Looping 500 Data 137.81184887886 Detik 
Total Duration 137.81199598312 Detik 
------------------------- 
Tanggal: 26-05-2022 01:45:01 
Duration Download Forstok 14.779506921768 Detik
Duration Looping 500 Data 158.25985503197 Detik 
Total Duration 158.25997900963 Detik 
------------------------- 
Tanggal: 26-05-2022 01:50:01 
Duration Download Forstok 12.090325117111 Detik
Duration Looping 500 Data 135.84865903854 Detik 
Total Duration 135.84877991676 Detik 
------------------------- 
Tanggal: 26-05-2022 01:55:01 
Duration Download Forstok 14.302062034607 Detik
Duration Looping 500 Data 137.0743970871 Detik 
Total Duration 137.07451295853 Detik 
------------------------- 
Tanggal: 26-05-2022 02:00:01 
Duration Download Forstok 11.557764053345 Detik
Duration Looping 500 Data 138.34410905838 Detik 
Total Duration 138.34423208237 Detik 
------------------------- 
Tanggal: 26-05-2022 02:05:01 
Duration Download Forstok 46.280449867249 Detik
Duration Looping 500 Data 168.15763306618 Detik 
Total Duration 168.1577539444 Detik 
------------------------- 
Tanggal: 26-05-2022 02:10:01 
Duration Download Forstok 9.9232339859009 Detik
Duration Looping 500 Data 134.4835960865 Detik 
Total Duration 134.4837141037 Detik 
------------------------- 
Tanggal: 26-05-2022 02:15:01 
Duration Download Forstok 16.741714000702 Detik
Duration Looping 500 Data 139.71218013763 Detik 
Total Duration 139.71229600906 Detik 
------------------------- 
Tanggal: 26-05-2022 02:20:01 
Duration Download Forstok 9.6243891716003 Detik
Duration Looping 500 Data 132.67768311501 Detik 
Total Duration 132.67780303955 Detik 
------------------------- 
Tanggal: 26-05-2022 02:25:01 
Duration Download Forstok 9.7288029193878 Detik
Duration Looping 500 Data 141.52386689186 Detik 
Total Duration 141.52398395538 Detik 
------------------------- 
Tanggal: 26-05-2022 02:30:01 
Duration Download Forstok 13.10179901123 Detik
Duration Looping 500 Data 140.71592783928 Detik 
Total Duration 140.71604895592 Detik 
------------------------- 
Tanggal: 26-05-2022 02:35:01 
Duration Download Forstok 18.050395011902 Detik
Duration Looping 500 Data 137.22753500938 Detik 
Total Duration 137.22765207291 Detik 
------------------------- 
Tanggal: 26-05-2022 02:40:01 
Duration Download Forstok 9.7653880119324 Detik
Duration Looping 500 Data 132.22771716118 Detik 
Total Duration 132.22785019875 Detik 
------------------------- 
Tanggal: 26-05-2022 02:45:01 
Duration Download Forstok 20.579745769501 Detik
Duration Looping 500 Data 154.06045293808 Detik 
Total Duration 154.06057286263 Detik 
------------------------- 
Tanggal: 26-05-2022 02:50:01 
Duration Download Forstok 9.0940818786621 Detik
Duration Looping 500 Data 129.84832501411 Detik 
Total Duration 129.84844589233 Detik 
------------------------- 
Tanggal: 26-05-2022 02:55:01 
Duration Download Forstok 10.607521057129 Detik
Duration Looping 500 Data 144.49421596527 Detik 
Total Duration 144.49433588982 Detik 
------------------------- 
Tanggal: 26-05-2022 03:00:01 
Duration Download Forstok 9.67014503479 Detik
Duration Looping 500 Data 139.83448815346 Detik 
Total Duration 139.83461213112 Detik 
------------------------- 
Tanggal: 26-05-2022 03:05:01 
Duration Download Forstok 34.315574169159 Detik
Duration Looping 500 Data 170.79127407074 Detik 
Total Duration 170.79139304161 Detik 
------------------------- 
Tanggal: 26-05-2022 03:10:01 
Duration Download Forstok 10.395690917969 Detik
Duration Looping 500 Data 140.77911496162 Detik 
Total Duration 140.77923202515 Detik 
------------------------- 
Tanggal: 26-05-2022 03:15:01 
Duration Download Forstok 12.53537106514 Detik
Duration Looping 500 Data 131.96308207512 Detik 
Total Duration 131.96320796013 Detik 
------------------------- 
Tanggal: 26-05-2022 03:20:01 
Duration Download Forstok 8.9301409721375 Detik
Duration Looping 500 Data 129.20257401466 Detik 
Total Duration 129.20269083977 Detik 
------------------------- 
Tanggal: 26-05-2022 03:25:01 
Duration Download Forstok 10.576558828354 Detik
Duration Looping 500 Data 138.27578091621 Detik 
Total Duration 138.27590799332 Detik 
------------------------- 
Tanggal: 26-05-2022 03:30:01 
Duration Download Forstok 7.7171950340271 Detik
Duration Looping 500 Data 129.84230709076 Detik 
Total Duration 129.84242296219 Detik 
------------------------- 
Tanggal: 26-05-2022 03:35:01 
Duration Download Forstok 15.213217020035 Detik
Duration Looping 500 Data 139.27487492561 Detik 
Total Duration 139.27498698235 Detik 
------------------------- 
Tanggal: 26-05-2022 03:40:01 
Duration Download Forstok 12.990816116333 Detik
Duration Looping 500 Data 134.55182790756 Detik 
Total Duration 134.55195307732 Detik 
------------------------- 
Tanggal: 26-05-2022 03:45:01 
Duration Download Forstok 12.991474151611 Detik
Duration Looping 500 Data 138.6629691124 Detik 
Total Duration 138.66309905052 Detik 
------------------------- 
Tanggal: 26-05-2022 03:50:01 
Duration Download Forstok 9.4330341815948 Detik
Duration Looping 500 Data 140.38594007492 Detik 
Total Duration 140.3860681057 Detik 
------------------------- 
Tanggal: 26-05-2022 03:55:01 
Duration Download Forstok 9.7213969230652 Detik
Duration Looping 500 Data 137.17199993134 Detik 
Total Duration 137.17211794853 Detik 
------------------------- 
Tanggal: 26-05-2022 04:00:01 
Duration Download Forstok 10.852088928223 Detik
Duration Looping 500 Data 137.60649108887 Detik 
Total Duration 137.60661101341 Detik 
------------------------- 
Tanggal: 26-05-2022 04:05:01 
Duration Download Forstok 26.963220834732 Detik
Duration Looping 500 Data 149.7042889595 Detik 
Total Duration 149.70440983772 Detik 
------------------------- 
Tanggal: 26-05-2022 04:10:01 
Duration Download Forstok 10.519416809082 Detik
Duration Looping 500 Data 135.13871693611 Detik 
Total Duration 135.13883185387 Detik 
------------------------- 
Tanggal: 26-05-2022 04:15:01 
Duration Download Forstok 16.623082876205 Detik
Duration Looping 500 Data 149.32745194435 Detik 
Total Duration 149.32756686211 Detik 
------------------------- 
Tanggal: 26-05-2022 04:20:01 
Duration Download Forstok 10.114461183548 Detik
Duration Looping 500 Data 132.67084407806 Detik 
Total Duration 132.6709651947 Detik 
------------------------- 
Tanggal: 26-05-2022 04:25:02 
Duration Download Forstok 10.057197093964 Detik
Duration Looping 500 Data 131.76414108276 Detik 
Total Duration 131.76425600052 Detik 
------------------------- 
Tanggal: 26-05-2022 04:30:01 
Duration Download Forstok 11.745645046234 Detik
Duration Looping 500 Data 136.91238999367 Detik 
Total Duration 136.91250801086 Detik 
------------------------- 
Tanggal: 26-05-2022 04:35:01 
Duration Download Forstok 18.64156293869 Detik
Duration Looping 500 Data 139.58000707626 Detik 
Total Duration 139.58011698723 Detik 
------------------------- 
Tanggal: 26-05-2022 04:40:01 
Duration Download Forstok 9.7361650466919 Detik
Duration Looping 500 Data 134.2339951992 Detik 
Total Duration 134.23410511017 Detik 
------------------------- 
Tanggal: 26-05-2022 04:45:01 
Duration Download Forstok 14.015958786011 Detik
Duration Looping 500 Data 132.55129694939 Detik 
Total Duration 132.55141997337 Detik 
------------------------- 
Tanggal: 26-05-2022 04:50:01 
Duration Download Forstok 11.260596990585 Detik
Duration Looping 500 Data 148.46494913101 Detik 
Total Duration 148.46506810188 Detik 
------------------------- 
Tanggal: 26-05-2022 04:55:01 
Duration Download Forstok 11.454647779465 Detik
Duration Looping 500 Data 139.47937583923 Detik 
Total Duration 139.47950196266 Detik 
------------------------- 
Tanggal: 26-05-2022 05:00:01 
Duration Download Forstok 10.986919164658 Detik
Duration Looping 500 Data 137.73034620285 Detik 
Total Duration 137.73046207428 Detik 
------------------------- 
Tanggal: 26-05-2022 05:05:01 
Duration Download Forstok 18.691792964935 Detik
Duration Looping 500 Data 137.7552511692 Detik 
Total Duration 137.75536298752 Detik 
------------------------- 
Tanggal: 26-05-2022 05:10:01 
Duration Download Forstok 10.110685825348 Detik
Duration Looping 500 Data 130.12438988686 Detik 
Total Duration 130.12452077866 Detik 
------------------------- 
Tanggal: 26-05-2022 05:15:01 
Duration Download Forstok 13.31159901619 Detik
Duration Looping 500 Data 137.83542394638 Detik 
Total Duration 137.83554291725 Detik 
------------------------- 
Tanggal: 26-05-2022 05:20:01 
Duration Download Forstok 10.267716169357 Detik
Duration Looping 500 Data 141.15959310532 Detik 
Total Duration 141.1597161293 Detik 
------------------------- 
Tanggal: 26-05-2022 05:25:01 
Duration Download Forstok 11.803534984589 Detik
Duration Looping 500 Data 130.01947712898 Detik 
Total Duration 130.01959300041 Detik 
------------------------- 
Tanggal: 26-05-2022 05:30:01 
Duration Download Forstok 10.576443195343 Detik
Duration Looping 500 Data 138.55716609955 Detik 
Total Duration 138.55728816986 Detik 
------------------------- 
Tanggal: 26-05-2022 05:35:01 
Duration Download Forstok 18.412289142609 Detik
Duration Looping 500 Data 137.16580200195 Detik 
Total Duration 137.16591620445 Detik 
------------------------- 
Tanggal: 26-05-2022 05:40:01 
Duration Download Forstok 12.169027805328 Detik
Duration Looping 500 Data 134.422549963 Detik 
Total Duration 134.4226667881 Detik 
------------------------- 
Tanggal: 26-05-2022 05:45:01 
Duration Download Forstok 12.570749998093 Detik
Duration Looping 500 Data 133.23772096634 Detik 
Total Duration 133.23783898354 Detik 
------------------------- 
Tanggal: 26-05-2022 05:50:01 
Duration Download Forstok 10.633693933487 Detik
Duration Looping 500 Data 129.94121098518 Detik 
Total Duration 129.94132900238 Detik 
------------------------- 
Tanggal: 26-05-2022 05:55:01 
Duration Download Forstok 7.5654349327087 Detik
Duration Looping 500 Data 127.22980690002 Detik 
Total Duration 127.22992086411 Detik 
------------------------- 
Tanggal: 26-05-2022 06:00:01 
Duration Download Forstok 9.3172070980072 Detik
Duration Looping 500 Data 129.9710290432 Detik 
Total Duration 129.97115397453 Detik 
------------------------- 
Tanggal: 26-05-2022 06:05:01 
Duration Download Forstok 29.138495922089 Detik
Duration Looping 500 Data 150.44701886177 Detik 
Total Duration 150.44715189934 Detik 
------------------------- 
Tanggal: 26-05-2022 06:10:01 
Duration Download Forstok 9.5244748592377 Detik
Duration Looping 500 Data 129.96437191963 Detik 
Total Duration 129.96450185776 Detik 
------------------------- 
Tanggal: 26-05-2022 06:15:01 
Duration Download Forstok 15.526984214783 Detik
Duration Looping 500 Data 141.40551519394 Detik 
Total Duration 141.40563607216 Detik 
------------------------- 
Tanggal: 26-05-2022 06:20:01 
Duration Download Forstok 9.7011668682098 Detik
Duration Looping 500 Data 129.54902005196 Detik 
Total Duration 129.54913187027 Detik 
------------------------- 
Tanggal: 26-05-2022 06:25:01 
Duration Download Forstok 9.1622879505157 Detik
Duration Looping 500 Data 129.46700000763 Detik 
Total Duration 129.46711111069 Detik 
------------------------- 
Tanggal: 26-05-2022 06:30:01 
Duration Download Forstok 7.9233429431915 Detik
Duration Looping 500 Data 129.00874400139 Detik 
Total Duration 129.00885295868 Detik 
------------------------- 
Tanggal: 26-05-2022 06:35:01 
Duration Download Forstok 12.51518201828 Detik
Duration Looping 500 Data 145.83413910866 Detik 
Total Duration 145.83427000046 Detik 
------------------------- 
Tanggal: 26-05-2022 06:40:01 
Duration Download Forstok 11.148400068283 Detik
Duration Looping 500 Data 130.61158299446 Detik 
Total Duration 130.61170291901 Detik 
------------------------- 
Tanggal: 26-05-2022 06:45:01 
Duration Download Forstok 13.305731058121 Detik
Duration Looping 500 Data 134.31894612312 Detik 
Total Duration 134.31906509399 Detik 
------------------------- 
Tanggal: 26-05-2022 06:50:01 
Duration Download Forstok 10.443880796432 Detik
Duration Looping 500 Data 131.31552386284 Detik 
Total Duration 131.31564688683 Detik 
------------------------- 
Tanggal: 26-05-2022 06:55:01 
Duration Download Forstok 10.710008144379 Detik
Duration Looping 500 Data 128.75616717339 Detik 
Total Duration 128.75628614426 Detik 
------------------------- 
Tanggal: 26-05-2022 07:00:01 
Duration Download Forstok 10.983649015427 Detik
Duration Looping 500 Data 137.11806988716 Detik 
Total Duration 137.11818885803 Detik 
------------------------- 
Tanggal: 26-05-2022 07:05:01 
Duration Download Forstok 29.253102064133 Detik
Duration Looping 500 Data 154.25070905685 Detik 
Total Duration 154.25082802773 Detik 
------------------------- 
Tanggal: 26-05-2022 07:10:01 
Duration Download Forstok 11.07551908493 Detik
Duration Looping 500 Data 129.19437098503 Detik 
Total Duration 129.19448208809 Detik 
------------------------- 
Tanggal: 26-05-2022 07:15:02 
Duration Download Forstok 16.062283039093 Detik
Duration Looping 500 Data 138.39874696732 Detik 
Total Duration 138.39890408516 Detik 
------------------------- 
Tanggal: 26-05-2022 07:20:01 
Duration Download Forstok 10.718972206116 Detik
Duration Looping 500 Data 140.4384059906 Detik 
Total Duration 140.43852305412 Detik 
------------------------- 
Tanggal: 26-05-2022 07:25:01 
Duration Download Forstok 10.484895944595 Detik
Duration Looping 500 Data 129.98029303551 Detik 
Total Duration 129.98041701317 Detik 
------------------------- 
Tanggal: 26-05-2022 07:30:01 
Duration Download Forstok 11.875360965729 Detik
Duration Looping 500 Data 145.20531797409 Detik 
Total Duration 145.20543694496 Detik 
------------------------- 
Tanggal: 26-05-2022 07:35:01 
Duration Download Forstok 17.232012987137 Detik
Duration Looping 500 Data 135.62923693657 Detik 
Total Duration 135.62936306 Detik 
------------------------- 
Tanggal: 26-05-2022 07:40:01 
Duration Download Forstok 11.674762964249 Detik
Duration Looping 500 Data 133.29608011246 Detik 
Total Duration 133.2962231636 Detik 
------------------------- 
Tanggal: 26-05-2022 07:45:01 
Duration Download Forstok 13.586930036545 Detik
Duration Looping 500 Data 133.3653678894 Detik 
Total Duration 133.36548089981 Detik 
------------------------- 
Tanggal: 26-05-2022 07:50:01 
Duration Download Forstok 9.7212288379669 Detik
Duration Looping 500 Data 137.73533987999 Detik 
Total Duration 137.73546099663 Detik 
------------------------- 
Tanggal: 26-05-2022 07:55:01 
Duration Download Forstok 12.078917980194 Detik
Duration Looping 500 Data 130.27486395836 Detik 
Total Duration 130.27500700951 Detik 
------------------------- 
Tanggal: 26-05-2022 08:00:01 
Duration Download Forstok 10.551222085953 Detik
Duration Looping 500 Data 140.02142906189 Detik 
Total Duration 140.02153205872 Detik 
------------------------- 
Tanggal: 26-05-2022 08:05:01 
Duration Download Forstok 19.349322795868 Detik
Duration Looping 500 Data 141.22775697708 Detik 
Total Duration 141.22787189484 Detik 
------------------------- 
Tanggal: 26-05-2022 08:10:01 
Duration Download Forstok 12.237879037857 Detik
Duration Looping 500 Data 132.6158452034 Detik 
Total Duration 132.61598920822 Detik 
------------------------- 
Tanggal: 26-05-2022 08:15:01 
Duration Download Forstok 12.344254970551 Detik
Duration Looping 500 Data 144.47399806976 Detik 
Total Duration 144.47414803505 Detik 
------------------------- 
Tanggal: 26-05-2022 08:20:01 
Duration Download Forstok 9.9256899356842 Detik
Duration Looping 500 Data 132.83413696289 Detik 
Total Duration 132.83426189423 Detik 
------------------------- 
Tanggal: 26-05-2022 08:25:01 
Duration Download Forstok 8.7565639019012 Detik
Duration Looping 500 Data 147.05768704414 Detik 
Total Duration 147.0578019619 Detik 
------------------------- 
Tanggal: 26-05-2022 08:30:01 
Duration Download Forstok 11.445843935013 Detik
Duration Looping 500 Data 143.06316494942 Detik 
Total Duration 143.0633058548 Detik 
------------------------- 
Tanggal: 26-05-2022 08:35:01 
Duration Download Forstok 17.091570854187 Detik
Duration Looping 500 Data 138.99583697319 Detik 
Total Duration 138.99596595764 Detik 
------------------------- 
Tanggal: 26-05-2022 08:40:01 
Duration Download Forstok 9.383898973465 Detik
Duration Looping 500 Data 134.19902396202 Detik 
Total Duration 134.19913887978 Detik 
------------------------- 
Tanggal: 26-05-2022 08:45:01 
Duration Download Forstok 13.460504055023 Detik
Duration Looping 500 Data 139.01167297363 Detik 
Total Duration 139.01179504395 Detik 
------------------------- 
Tanggal: 26-05-2022 08:50:01 
Duration Download Forstok 12.177458047867 Detik
Duration Looping 500 Data 133.30127000809 Detik 
Total Duration 133.30139112473 Detik 
------------------------- 
Tanggal: 26-05-2022 08:55:01 
Duration Download Forstok 12.690794944763 Detik
Duration Looping 500 Data 136.75843095779 Detik 
Total Duration 136.75856494904 Detik 
------------------------- 
Tanggal: 26-05-2022 09:00:01 
Duration Download Forstok 13.234171867371 Detik
Duration Looping 500 Data 137.48223781586 Detik 
Total Duration 137.4823679924 Detik 
------------------------- 
Tanggal: 26-05-2022 09:05:01 
Duration Download Forstok 26.38431096077 Detik
Duration Looping 500 Data 147.19506692886 Detik 
Total Duration 147.19518589973 Detik 
------------------------- 
Tanggal: 26-05-2022 09:10:01 
Duration Download Forstok 15.811872959137 Detik
Duration Looping 500 Data 138.25015902519 Detik 
Total Duration 138.25029706955 Detik 
------------------------- 
Tanggal: 26-05-2022 09:15:01 
Duration Download Forstok 15.77781701088 Detik
Duration Looping 500 Data 151.93656086922 Detik 
Total Duration 151.93667984009 Detik 
------------------------- 
Tanggal: 26-05-2022 09:20:01 
Duration Download Forstok 8.656238079071 Detik
Duration Looping 500 Data 139.28807401657 Detik 
Total Duration 139.28819608688 Detik 
------------------------- 
Tanggal: 26-05-2022 09:25:01 
Duration Download Forstok 9.7554688453674 Detik
Duration Looping 500 Data 130.93498897552 Detik 
Total Duration 130.93510103226 Detik 
------------------------- 
Tanggal: 26-05-2022 09:30:01 
Duration Download Forstok 9.9195139408112 Detik
Duration Looping 500 Data 137.79160094261 Detik 
Total Duration 137.79176783562 Detik 
------------------------- 
Tanggal: 26-05-2022 09:35:01 
Duration Download Forstok 13.239453792572 Detik
Duration Looping 500 Data 142.97629094124 Detik 
Total Duration 142.97641396523 Detik 
------------------------- 
Tanggal: 26-05-2022 09:40:01 
Duration Download Forstok 10.310914993286 Detik
Duration Looping 500 Data 132.75597500801 Detik 
Total Duration 132.75609302521 Detik 
------------------------- 
Tanggal: 26-05-2022 09:45:01 
Duration Download Forstok 13.163196802139 Detik
Duration Looping 500 Data 140.53287386894 Detik 
Total Duration 140.53298783302 Detik 
------------------------- 
Tanggal: 26-05-2022 09:50:01 
Duration Download Forstok 9.1678309440613 Detik
Duration Looping 500 Data 132.84170198441 Detik 
Total Duration 132.84182286263 Detik 
------------------------- 
Tanggal: 26-05-2022 09:55:01 
Duration Download Forstok 11.673555135727 Detik
Duration Looping 500 Data 135.09424304962 Detik 
Total Duration 135.09435796738 Detik 
------------------------- 
Tanggal: 26-05-2022 10:00:01 
Duration Download Forstok 17.000138998032 Detik
Duration Looping 500 Data 146.27647781372 Detik 
Total Duration 146.27658987045 Detik 
------------------------- 
Tanggal: 26-05-2022 10:05:01 
Duration Download Forstok 10.621761083603 Detik
Duration Looping 500 Data 139.71816492081 Detik 
Total Duration 139.71826291084 Detik 
------------------------- 
Tanggal: 26-05-2022 10:10:01 
Duration Download Forstok 17.80781006813 Detik
Duration Looping 500 Data 145.75586915016 Detik 
Total Duration 145.75598907471 Detik 
------------------------- 
Tanggal: 26-05-2022 10:15:01 
Duration Download Forstok 12.082195043564 Detik
Duration Looping 500 Data 135.78623795509 Detik 
Total Duration 135.78635406494 Detik 
------------------------- 
Tanggal: 26-05-2022 10:20:01 
Duration Download Forstok 10.940022945404 Detik
Duration Looping 500 Data 135.90734887123 Detik 
Total Duration 135.90746092796 Detik 
------------------------- 
Tanggal: 26-05-2022 10:25:01 
Duration Download Forstok 12.149267911911 Detik
Duration Looping 500 Data 133.81124997139 Detik 
Total Duration 133.8113758564 Detik 
------------------------- 
Tanggal: 26-05-2022 10:30:01 
Duration Download Forstok 9.659276008606 Detik
Duration Looping 500 Data 139.55081605911 Detik 
Total Duration 139.55094408989 Detik 
------------------------- 
Tanggal: 26-05-2022 10:35:01 
Duration Download Forstok 19.92964887619 Detik
Duration Looping 500 Data 142.54500889778 Detik 
Total Duration 142.54513192177 Detik 
------------------------- 
Tanggal: 26-05-2022 10:40:01 
Duration Download Forstok 8.3214550018311 Detik
Duration Looping 500 Data 134.86275887489 Detik 
Total Duration 134.86286783218 Detik 
------------------------- 
Tanggal: 26-05-2022 10:45:01 
Duration Download Forstok 21.000551939011 Detik
Duration Looping 500 Data 152.19052195549 Detik 
Total Duration 152.1906349659 Detik 
------------------------- 
Tanggal: 26-05-2022 10:50:01 
Duration Download Forstok 14.64656996727 Detik
Duration Looping 500 Data 138.29870295525 Detik 
Total Duration 138.29881906509 Detik 
------------------------- 
Tanggal: 26-05-2022 10:55:01 
Duration Download Forstok 10.351679801941 Detik
Duration Looping 500 Data 136.42051696777 Detik 
Total Duration 136.42065382004 Detik 
------------------------- 
Tanggal: 26-05-2022 11:00:01 
Duration Download Forstok 13.673597097397 Detik
Duration Looping 500 Data 147.28561115265 Detik 
Total Duration 147.28577113152 Detik 
------------------------- 
Tanggal: 26-05-2022 11:05:01 
Duration Download Forstok 9.3661999702454 Detik
Duration Looping 500 Data 138.37042093277 Detik 
Total Duration 138.37050580978 Detik 
------------------------- 
Tanggal: 26-05-2022 11:10:01 
Duration Download Forstok 11.996203899384 Detik
Duration Looping 500 Data 141.92294096947 Detik 
Total Duration 141.92304587364 Detik 
------------------------- 
Tanggal: 26-05-2022 11:15:01 
Duration Download Forstok 12.446241140366 Detik
Duration Looping 500 Data 139.34955096245 Detik 
Total Duration 139.34968209267 Detik 
------------------------- 
Tanggal: 26-05-2022 11:20:01 
Duration Download Forstok 10.128916978836 Detik
Duration Looping 500 Data 140.43208408356 Detik 
Total Duration 140.4322040081 Detik 
------------------------- 
Tanggal: 26-05-2022 11:25:01 
Duration Download Forstok 10.201145172119 Detik
Duration Looping 500 Data 138.88047194481 Detik 
Total Duration 138.88059210777 Detik 
------------------------- 
Tanggal: 26-05-2022 11:30:01 
Duration Download Forstok 11.392879962921 Detik
Duration Looping 500 Data 146.20085716248 Detik 
Total Duration 146.20096516609 Detik 
------------------------- 
Tanggal: 26-05-2022 11:35:01 
Duration Download Forstok 13.763957023621 Detik
Duration Looping 500 Data 141.73005700111 Detik 
Total Duration 141.73018908501 Detik 
------------------------- 
Tanggal: 26-05-2022 11:40:01 
Duration Download Forstok 11.633738040924 Detik
Duration Looping 500 Data 143.61997890472 Detik 
Total Duration 143.62008881569 Detik 
------------------------- 
Tanggal: 26-05-2022 11:45:01 
Duration Download Forstok 15.698461055756 Detik
Duration Looping 500 Data 143.18545508385 Detik 
Total Duration 143.18557310104 Detik 
------------------------- 
Tanggal: 26-05-2022 11:50:01 
Duration Download Forstok 10.227757930756 Detik
Duration Looping 500 Data 137.69282984734 Detik 
Total Duration 137.69294881821 Detik 
------------------------- 
Tanggal: 26-05-2022 11:55:01 
Duration Download Forstok 16.750992774963 Detik
Duration Looping 500 Data 139.93529200554 Detik 
Total Duration 139.93540477753 Detik 
------------------------- 
Tanggal: 26-05-2022 12:00:01 
Duration Download Forstok 15.717824935913 Detik
Duration Looping 500 Data 141.67885184288 Detik 
Total Duration 141.67898201942 Detik 
------------------------- 
Tanggal: 26-05-2022 12:05:01 
Duration Download Forstok 20.227833986282 Detik
Duration Looping 500 Data 150.16121101379 Detik 
Total Duration 150.16131591797 Detik 
------------------------- 
Tanggal: 26-05-2022 12:10:01 
Duration Download Forstok 10.715238809586 Detik
Duration Looping 500 Data 134.40234184265 Detik 
Total Duration 134.40246486664 Detik 
------------------------- 
Tanggal: 26-05-2022 12:15:01 
Duration Download Forstok 15.422466993332 Detik
Duration Looping 500 Data 140.35782814026 Detik 
Total Duration 140.35794615746 Detik 
------------------------- 
Tanggal: 26-05-2022 12:20:01 
Duration Download Forstok 10.761817932129 Detik
Duration Looping 500 Data 139.59862303734 Detik 
Total Duration 139.59875583649 Detik 
------------------------- 
Tanggal: 26-05-2022 12:25:01 
Duration Download Forstok 9.8505260944366 Detik
Duration Looping 500 Data 133.80223298073 Detik 
Total Duration 133.80235600471 Detik 
------------------------- 
Tanggal: 26-05-2022 12:30:01 
Duration Download Forstok 9.7914669513702 Detik
Duration Looping 500 Data 134.35722613335 Detik 
Total Duration 134.35732197762 Detik 
------------------------- 
Tanggal: 26-05-2022 12:35:01 
Duration Download Forstok 11.859704017639 Detik
Duration Looping 500 Data 136.08496499062 Detik 
Total Duration 136.08509898186 Detik 
------------------------- 
Tanggal: 26-05-2022 12:40:02 
Duration Download Forstok 11.682076931 Detik
Duration Looping 500 Data 139.92844295502 Detik 
Total Duration 139.92857098579 Detik 
------------------------- 
Tanggal: 26-05-2022 12:45:01 
Duration Download Forstok 21.576102018356 Detik
Duration Looping 500 Data 146.71668195724 Detik 
Total Duration 146.71679806709 Detik 
------------------------- 
Tanggal: 26-05-2022 12:50:01 
Duration Download Forstok 13.53035902977 Detik
Duration Looping 500 Data 141.8052649498 Detik 
Total Duration 141.80538606644 Detik 
------------------------- 
Tanggal: 26-05-2022 12:55:01 
Duration Download Forstok 9.5463740825653 Detik
Duration Looping 500 Data 128.3745970726 Detik 
Total Duration 128.37471795082 Detik 
------------------------- 
Tanggal: 26-05-2022 13:00:01 
Duration Download Forstok 12.509788990021 Detik
Duration Looping 500 Data 134.79902815819 Detik 
Total Duration 134.79913806915 Detik 
------------------------- 
Tanggal: 26-05-2022 13:05:01 
Duration Download Forstok 26.604526996613 Detik
Duration Looping 500 Data 151.83771586418 Detik 
Total Duration 151.83786702156 Detik 
------------------------- 
Tanggal: 26-05-2022 13:10:01 
Duration Download Forstok 9.706375837326 Detik
Duration Looping 500 Data 131.18451499939 Detik 
Total Duration 131.1846268177 Detik 
------------------------- 
Tanggal: 26-05-2022 13:15:01 
Duration Download Forstok 15.11324095726 Detik
Duration Looping 500 Data 136.16313695908 Detik 
Total Duration 136.1632578373 Detik 
------------------------- 
Tanggal: 26-05-2022 13:20:01 
Duration Download Forstok 11.55482006073 Detik
Duration Looping 500 Data 139.17703104019 Detik 
Total Duration 139.17713093758 Detik 
------------------------- 
Tanggal: 26-05-2022 13:25:01 
Duration Download Forstok 10.613718986511 Detik
Duration Looping 500 Data 135.81250190735 Detik 
Total Duration 135.81262087822 Detik 
------------------------- 
Tanggal: 26-05-2022 13:30:01 
Duration Download Forstok 15.291491031647 Detik
Duration Looping 500 Data 147.09242606163 Detik 
Total Duration 147.09257602692 Detik 
------------------------- 
Tanggal: 26-05-2022 13:35:01 
Duration Download Forstok 10.422841072083 Detik
Duration Looping 500 Data 146.04931402206 Detik 
Total Duration 146.04943704605 Detik 
------------------------- 
Tanggal: 26-05-2022 13:40:01 
Duration Download Forstok 11.999336004257 Detik
Duration Looping 500 Data 137.69034695625 Detik 
Total Duration 137.69047212601 Detik 
------------------------- 
Tanggal: 26-05-2022 13:45:01 
Duration Download Forstok 18.3788189888 Detik
Duration Looping 500 Data 153.05443882942 Detik 
Total Duration 153.05456781387 Detik 
------------------------- 
Tanggal: 26-05-2022 13:50:01 
Duration Download Forstok 11.884189844131 Detik
Duration Looping 500 Data 138.44115781784 Detik 
Total Duration 138.44127702713 Detik 
------------------------- 
Tanggal: 26-05-2022 13:55:01 
Duration Download Forstok 11.924025058746 Detik
Duration Looping 500 Data 137.0735168457 Detik 
Total Duration 137.07365393639 Detik 
------------------------- 
Tanggal: 26-05-2022 14:00:01 
Duration Download Forstok 12.007452964783 Detik
Duration Looping 500 Data 137.71206283569 Detik 
Total Duration 137.71217989922 Detik 
------------------------- 
Tanggal: 26-05-2022 14:05:01 
Duration Download Forstok 29.683899879456 Detik
Duration Looping 500 Data 158.82099199295 Detik 
Total Duration 158.82111692429 Detik 
------------------------- 
Tanggal: 26-05-2022 14:10:01 
Duration Download Forstok 11.544638156891 Detik
Duration Looping 500 Data 143.51348209381 Detik 
Total Duration 143.51362705231 Detik 
------------------------- 
Tanggal: 26-05-2022 14:15:01 
Duration Download Forstok 18.209622859955 Detik
Duration Looping 500 Data 148.92293190956 Detik 
Total Duration 148.9230530262 Detik 
------------------------- 
Tanggal: 26-05-2022 14:20:01 
Duration Download Forstok 10.720221042633 Detik
Duration Looping 500 Data 138.12869501114 Detik 
Total Duration 138.12881302834 Detik 
------------------------- 
Tanggal: 26-05-2022 14:25:01 
Duration Download Forstok 10.912943124771 Detik
Duration Looping 500 Data 136.46230602264 Detik 
Total Duration 136.4624171257 Detik 
------------------------- 
Tanggal: 26-05-2022 14:30:01 
Duration Download Forstok 14.478075027466 Detik
Duration Looping 500 Data 151.0111219883 Detik 
Total Duration 151.01124215126 Detik 
------------------------- 
Tanggal: 26-05-2022 14:35:01 
Duration Download Forstok 13.55006313324 Detik
Duration Looping 500 Data 135.40461397171 Detik 
Total Duration 135.40472698212 Detik 
------------------------- 
Tanggal: 26-05-2022 14:40:01 
Duration Download Forstok 10.767150163651 Detik
Duration Looping 500 Data 141.1827750206 Detik 
Total Duration 141.18289613724 Detik 
------------------------- 
Tanggal: 26-05-2022 14:45:01 
Duration Download Forstok 15.143360137939 Detik
Duration Looping 500 Data 140.58777999878 Detik 
Total Duration 140.58790206909 Detik 
------------------------- 
Tanggal: 26-05-2022 14:50:01 
Duration Download Forstok 9.8978610038757 Detik
Duration Looping 500 Data 139.19460105896 Detik 
Total Duration 139.19469499588 Detik 
------------------------- 
Tanggal: 26-05-2022 14:55:01 
Duration Download Forstok 12.317059993744 Detik
Duration Looping 500 Data 141.19237399101 Detik 
Total Duration 141.19248914719 Detik 
------------------------- 
Tanggal: 26-05-2022 15:00:01 
Duration Download Forstok 14.289469003677 Detik
Duration Looping 500 Data 145.40951490402 Detik 
Total Duration 145.40963292122 Detik 
------------------------- 
Tanggal: 26-05-2022 15:05:01 
Duration Download Forstok 33.013982057571 Detik
Duration Looping 500 Data 162.13893318176 Detik 
Total Duration 162.1390440464 Detik 
------------------------- 
Tanggal: 26-05-2022 15:10:01 
Duration Download Forstok 10.434971094131 Detik
Duration Looping 500 Data 133.95227098465 Detik 
Total Duration 133.9523870945 Detik 
------------------------- 
Tanggal: 26-05-2022 15:15:01 
Duration Download Forstok 15.480463981628 Detik
Duration Looping 500 Data 145.72871088982 Detik 
Total Duration 145.72882699966 Detik 
------------------------- 
Tanggal: 26-05-2022 15:20:01 
Duration Download Forstok 17.593458890915 Detik
Duration Looping 500 Data 146.57161092758 Detik 
Total Duration 146.57172584534 Detik 
------------------------- 
Tanggal: 26-05-2022 15:25:01 
Duration Download Forstok 12.352045059204 Detik
Duration Looping 500 Data 137.64905500412 Detik 
Total Duration 137.64917016029 Detik 
------------------------- 
Tanggal: 26-05-2022 15:30:01 
Duration Download Forstok 16.22015786171 Detik
Duration Looping 500 Data 140.93032193184 Detik 
Total Duration 140.93044090271 Detik 
------------------------- 
Tanggal: 26-05-2022 15:35:02 
Duration Download Forstok 21.157981872559 Detik
Duration Looping 500 Data 145.5683259964 Detik 
Total Duration 145.56844878197 Detik 
------------------------- 
Tanggal: 26-05-2022 15:40:01 
Duration Download Forstok 14.621868848801 Detik
Duration Looping 500 Data 142.97749686241 Detik 
Total Duration 142.97760796547 Detik 
------------------------- 
Tanggal: 26-05-2022 15:45:01 
Duration Download Forstok 17.577399015427 Detik
Duration Looping 500 Data 146.38571405411 Detik 
Total Duration 146.38581585884 Detik 
------------------------- 
Tanggal: 26-05-2022 15:50:01 
Duration Download Forstok 18.056214094162 Detik
Duration Looping 500 Data 141.28645610809 Detik 
Total Duration 141.28657793999 Detik 
------------------------- 
Tanggal: 26-05-2022 15:55:01 
Duration Download Forstok 12.04682803154 Detik
Duration Looping 500 Data 135.4463789463 Detik 
Total Duration 135.44650697708 Detik 
------------------------- 
Tanggal: 26-05-2022 16:00:01 
Duration Download Forstok 12.548040866852 Detik
Duration Looping 500 Data 145.53513097763 Detik 
Total Duration 145.53526186943 Detik 
------------------------- 
Tanggal: 26-05-2022 16:05:01 
Duration Download Forstok 30.294929981232 Detik
Duration Looping 500 Data 154.44961810112 Detik 
Total Duration 154.44972991943 Detik 
------------------------- 
Tanggal: 26-05-2022 16:10:01 
Duration Download Forstok 11.93388915062 Detik
Duration Looping 500 Data 142.26294898987 Detik 
Total Duration 142.26307201385 Detik 
------------------------- 
Tanggal: 26-05-2022 16:15:01 
Duration Download Forstok 19.901204109192 Detik
Duration Looping 500 Data 155.82496500015 Detik 
Total Duration 155.82508111 Detik 
------------------------- 
Tanggal: 26-05-2022 16:20:01 
Duration Download Forstok 11.867769002914 Detik
Duration Looping 500 Data 139.41997504234 Detik 
Total Duration 139.42013096809 Detik 
------------------------- 
Tanggal: 26-05-2022 16:25:01 
Duration Download Forstok 14.107679128647 Detik
Duration Looping 500 Data 147.33115005493 Detik 
Total Duration 147.33127307892 Detik 
------------------------- 
Tanggal: 26-05-2022 16:30:01 
Duration Download Forstok 17.547297000885 Detik
Duration Looping 500 Data 147.45040988922 Detik 
Total Duration 147.4505200386 Detik 
------------------------- 
Tanggal: 26-05-2022 16:35:01 
Duration Download Forstok 17.854036808014 Detik
Duration Looping 500 Data 145.9681968689 Detik 
Total Duration 145.96832203865 Detik 
------------------------- 
Tanggal: 26-05-2022 16:40:01 
Duration Download Forstok 15.200100183487 Detik
Duration Looping 500 Data 154.01632118225 Detik 
Total Duration 154.01645112038 Detik 
------------------------- 
Tanggal: 26-05-2022 16:45:01 
Duration Download Forstok 21.245518922806 Detik
Duration Looping 500 Data 151.35045695305 Detik 
Total Duration 151.35057711601 Detik 
------------------------- 
Tanggal: 26-05-2022 16:50:01 
Duration Download Forstok 14.875549077988 Detik
Duration Looping 500 Data 146.93464994431 Detik 
Total Duration 146.9347641468 Detik 
------------------------- 
Tanggal: 26-05-2022 16:55:01 
Duration Download Forstok 9.6187980175018 Detik
Duration Looping 500 Data 136.29646420479 Detik 
Total Duration 136.2965760231 Detik 
------------------------- 
Tanggal: 26-05-2022 17:00:01 
Duration Download Forstok 13.708328008652 Detik
Duration Looping 500 Data 142.79637908936 Detik 
Total Duration 142.79649305344 Detik 
------------------------- 
Tanggal: 26-05-2022 17:05:01 
Duration Download Forstok 28.061414003372 Detik
Duration Looping 500 Data 155.79476308823 Detik 
Total Duration 155.79487800598 Detik 
------------------------- 
Tanggal: 26-05-2022 17:10:01 
Duration Download Forstok 16.146526098251 Detik
Duration Looping 500 Data 143.39519095421 Detik 
Total Duration 143.39531707764 Detik 
------------------------- 
Tanggal: 26-05-2022 17:15:01 
Duration Download Forstok 20.555266141891 Detik
Duration Looping 500 Data 166.41402697563 Detik 
Total Duration 166.41414618492 Detik 
------------------------- 
Tanggal: 26-05-2022 17:20:01 
Duration Download Forstok 16.088111162186 Detik
Duration Looping 500 Data 151.9326479435 Detik 
Total Duration 151.93276906013 Detik 
------------------------- 
Tanggal: 26-05-2022 17:25:01 
Duration Download Forstok 10.204469919205 Detik
Duration Looping 500 Data 138.58324098587 Detik 
Total Duration 138.58336782455 Detik 
------------------------- 
Tanggal: 26-05-2022 17:30:01 
Duration Download Forstok 18.003129959106 Detik
Duration Looping 500 Data 144.52021503448 Detik 
Total Duration 144.52036690712 Detik 
------------------------- 
Tanggal: 26-05-2022 17:35:01 
Duration Download Forstok 19.17523598671 Detik
Duration Looping 500 Data 149.64882707596 Detik 
Total Duration 149.64894604683 Detik 
------------------------- 
Tanggal: 26-05-2022 17:40:01 
Duration Download Forstok 11.41192483902 Detik
Duration Looping 500 Data 139.97093987465 Detik 
Total Duration 139.97106194496 Detik 
------------------------- 
Tanggal: 26-05-2022 17:45:01 
Duration Download Forstok 18.779962062836 Detik
Duration Looping 500 Data 147.23284006119 Detik 
Total Duration 147.23296308517 Detik 
------------------------- 
Tanggal: 26-05-2022 17:50:01 
Duration Download Forstok 23.133853912354 Detik
Duration Looping 500 Data 160.392816782 Detik 
Total Duration 160.3929297924 Detik 
------------------------- 
Tanggal: 26-05-2022 17:55:01 
Duration Download Forstok 10.351308822632 Detik
Duration Looping 500 Data 132.92268490791 Detik 
Total Duration 132.92285299301 Detik 
------------------------- 
Tanggal: 26-05-2022 18:00:01 
Duration Download Forstok 10.588108062744 Detik
Duration Looping 500 Data 143.80112910271 Detik 
Total Duration 143.80124402046 Detik 
------------------------- 
Tanggal: 26-05-2022 18:05:01 
Duration Download Forstok 23.204603910446 Detik
Duration Looping 500 Data 144.41467189789 Detik 
Total Duration 144.41476583481 Detik 
------------------------- 
Tanggal: 26-05-2022 18:10:01 
Duration Download Forstok 9.6724259853363 Detik
Duration Looping 500 Data 132.82189297676 Detik 
Total Duration 132.82201504707 Detik 
------------------------- 
Tanggal: 26-05-2022 18:15:01 
Duration Download Forstok 12.910427093506 Detik
Duration Looping 500 Data 140.50800704956 Detik 
Total Duration 140.50812005997 Detik 
------------------------- 
Tanggal: 26-05-2022 18:20:01 
Duration Download Forstok 10.498664140701 Detik
Duration Looping 500 Data 140.45151805878 Detik 
Total Duration 140.45165014267 Detik 
------------------------- 
Tanggal: 26-05-2022 18:25:01 
Duration Download Forstok 16.125952005386 Detik
Duration Looping 500 Data 145.837018013 Detik 
Total Duration 145.83713412285 Detik 
------------------------- 
Tanggal: 26-05-2022 18:30:01 
Duration Download Forstok 13.768873929977 Detik
Duration Looping 500 Data 141.19644403458 Detik 
Total Duration 141.19655990601 Detik 
------------------------- 
Tanggal: 26-05-2022 18:35:01 
Duration Download Forstok 19.073052883148 Detik
Duration Looping 500 Data 146.32345199585 Detik 
Total Duration 146.32357192039 Detik 
------------------------- 
Tanggal: 26-05-2022 18:40:01 
Duration Download Forstok 10.152240991592 Detik
Duration Looping 500 Data 134.68901896477 Detik 
Total Duration 134.68914198875 Detik 
------------------------- 
Tanggal: 26-05-2022 18:45:01 
Duration Download Forstok 13.340501070023 Detik
Duration Looping 500 Data 142.89623999596 Detik 
Total Duration 142.89635896683 Detik 
------------------------- 
Tanggal: 26-05-2022 18:50:01 
Duration Download Forstok 14.058903932571 Detik
Duration Looping 500 Data 142.51105690002 Detik 
Total Duration 142.51117897034 Detik 
------------------------- 
Tanggal: 26-05-2022 18:55:01 
Duration Download Forstok 9.3227608203888 Detik
Duration Looping 500 Data 133.58686900139 Detik 
Total Duration 133.58700585365 Detik 
------------------------- 
Tanggal: 26-05-2022 19:00:01 
Duration Download Forstok 17.255129814148 Detik
Duration Looping 500 Data 153.92517590523 Detik 
Total Duration 153.9252948761 Detik 
------------------------- 
Tanggal: 26-05-2022 19:05:01 
Duration Download Forstok 32.07694196701 Detik
Duration Looping 500 Data 162.24723911285 Detik 
Total Duration 162.24735999107 Detik 
------------------------- 
Tanggal: 26-05-2022 19:10:01 
Duration Download Forstok 18.524480104446 Detik
Duration Looping 500 Data 150.28805494308 Detik 
Total Duration 150.28816890717 Detik 
------------------------- 
Tanggal: 26-05-2022 19:15:01 
Duration Download Forstok 22.91677904129 Detik
Duration Looping 500 Data 158.51333093643 Detik 
Total Duration 158.5134510994 Detik 
------------------------- 
Tanggal: 26-05-2022 19:20:01 
Duration Download Forstok 11.239500045776 Detik
Duration Looping 500 Data 137.0618929863 Detik 
Total Duration 137.06202292442 Detik 
------------------------- 
Tanggal: 26-05-2022 19:25:02 
Duration Download Forstok 8.358216047287 Detik
Duration Looping 500 Data 133.865224123 Detik 
Total Duration 133.86535310745 Detik 
------------------------- 
Tanggal: 26-05-2022 19:30:01 
Duration Download Forstok 9.7146649360657 Detik
Duration Looping 500 Data 138.89687895775 Detik 
Total Duration 138.89698791504 Detik 
------------------------- 
Tanggal: 26-05-2022 19:35:01 
Duration Download Forstok 14.975915908813 Detik
Duration Looping 500 Data 137.86109495163 Detik 
Total Duration 137.8612101078 Detik 
------------------------- 
Tanggal: 26-05-2022 19:40:01 
Duration Download Forstok 11.404547929764 Detik
Duration Looping 500 Data 138.1986219883 Detik 
Total Duration 138.19874310493 Detik 
------------------------- 
Tanggal: 26-05-2022 19:45:01 
Duration Download Forstok 9.6799731254578 Detik
Duration Looping 500 Data 140.08355593681 Detik 
Total Duration 140.08368492126 Detik 
------------------------- 
Tanggal: 26-05-2022 19:50:02 
Duration Download Forstok 14.143495798111 Detik
Duration Looping 500 Data 140.11950492859 Detik 
Total Duration 140.11962389946 Detik 
------------------------- 
Tanggal: 26-05-2022 19:55:01 
Duration Download Forstok 16.520426034927 Detik
Duration Looping 500 Data 141.93752384186 Detik 
Total Duration 141.93763494492 Detik 
------------------------- 
Tanggal: 26-05-2022 20:00:01 
Duration Download Forstok 12.078064918518 Detik
Duration Looping 500 Data 139.86608910561 Detik 
Total Duration 139.86620807648 Detik 
------------------------- 
Tanggal: 26-05-2022 20:05:01 
Duration Download Forstok 30.755734205246 Detik
Duration Looping 500 Data 163.10229110718 Detik 
Total Duration 163.10240602493 Detik 
------------------------- 
Tanggal: 26-05-2022 20:10:01 
Duration Download Forstok 10.072099924088 Detik
Duration Looping 500 Data 142.01032590866 Detik 
Total Duration 142.01043796539 Detik 
------------------------- 
Tanggal: 26-05-2022 20:15:01 
Duration Download Forstok 16.897004842758 Detik
Duration Looping 500 Data 147.63927984238 Detik 
Total Duration 147.63940000534 Detik 
------------------------- 
Tanggal: 26-05-2022 20:20:01 
Duration Download Forstok 16.536600112915 Detik
Duration Looping 500 Data 152.02226996422 Detik 
Total Duration 152.02238297462 Detik 
------------------------- 
Tanggal: 26-05-2022 20:25:01 
Duration Download Forstok 13.543972015381 Detik
Duration Looping 500 Data 148.68848705292 Detik 
Total Duration 148.68863606453 Detik 
------------------------- 
Tanggal: 26-05-2022 20:30:01 
Duration Download Forstok 13.388411998749 Detik
Duration Looping 500 Data 139.4563498497 Detik 
Total Duration 139.45646691322 Detik 
------------------------- 
Tanggal: 26-05-2022 20:35:01 
Duration Download Forstok 23.258730173111 Detik
Duration Looping 500 Data 149.2816619873 Detik 
Total Duration 149.28177714348 Detik 
------------------------- 
Tanggal: 26-05-2022 20:40:02 
Duration Download Forstok 12.560570001602 Detik
Duration Looping 500 Data 140.71419906616 Detik 
Total Duration 140.71431899071 Detik 
------------------------- 
Tanggal: 26-05-2022 20:45:01 
Duration Download Forstok 16.697187185287 Detik
Duration Looping 500 Data 146.68710112572 Detik 
Total Duration 146.68723320961 Detik 
------------------------- 
Tanggal: 26-05-2022 20:50:01 
Duration Download Forstok 15.056201934814 Detik
Duration Looping 500 Data 142.55866909027 Detik 
Total Duration 142.55878806114 Detik 
------------------------- 
Tanggal: 26-05-2022 20:55:01 
Duration Download Forstok 10.351084947586 Detik
Duration Looping 500 Data 139.31613993645 Detik 
Total Duration 139.31627202034 Detik 
------------------------- 
Tanggal: 26-05-2022 21:00:01 
Duration Download Forstok 14.790389060974 Detik
Duration Looping 500 Data 142.07753920555 Detik 
Total Duration 142.07762718201 Detik 
------------------------- 
Tanggal: 26-05-2022 21:05:01 
Duration Download Forstok 15.936295032501 Detik
Duration Looping 500 Data 146.1105670929 Detik 
Total Duration 146.11067795753 Detik 
------------------------- 
Tanggal: 26-05-2022 21:10:01 
Duration Download Forstok 9.5468280315399 Detik
Duration Looping 500 Data 139.06501984596 Detik 
Total Duration 139.06513285637 Detik 
------------------------- 
Tanggal: 26-05-2022 21:15:01 
Duration Download Forstok 19.819704055786 Detik
Duration Looping 500 Data 147.43271207809 Detik 
Total Duration 147.43285417557 Detik 
------------------------- 
Tanggal: 26-05-2022 21:20:01 
Duration Download Forstok 11.020735025406 Detik
Duration Looping 500 Data 138.47207689285 Detik 
Total Duration 138.47220683098 Detik 
------------------------- 
Tanggal: 26-05-2022 21:25:00 
Duration Download Forstok 12.004084825516 Detik
Duration Looping 500 Data 140.11243081093 Detik 
Total Duration 140.1125459671 Detik 
------------------------- 
Tanggal: 26-05-2022 21:30:01 
Duration Download Forstok 16.906028032303 Detik
Duration Looping 500 Data 148.80653595924 Detik 
Total Duration 148.80667185783 Detik 
------------------------- 
Tanggal: 26-05-2022 21:35:01 
Duration Download Forstok 19.358714103699 Detik
Duration Looping 500 Data 153.47005295753 Detik 
Total Duration 153.47017812729 Detik 
------------------------- 
Tanggal: 26-05-2022 21:40:01 
Duration Download Forstok 10.367006063461 Detik
Duration Looping 500 Data 145.72325897217 Detik 
Total Duration 145.72338604927 Detik 
------------------------- 
Tanggal: 26-05-2022 21:45:01 
Duration Download Forstok 19.765882968903 Detik
Duration Looping 500 Data 145.74024510384 Detik 
Total Duration 145.74037003517 Detik 
------------------------- 
Tanggal: 26-05-2022 21:50:01 
Duration Download Forstok 17.342211008072 Detik
Duration Looping 500 Data 149.475055933 Detik 
Total Duration 149.47518992424 Detik 
------------------------- 
Tanggal: 26-05-2022 21:55:01 
Duration Download Forstok 11.357982158661 Detik
Duration Looping 500 Data 139.70510315895 Detik 
Total Duration 139.70521712303 Detik 
------------------------- 
Tanggal: 26-05-2022 22:00:01 
Duration Download Forstok 16.121924161911 Detik
Duration Looping 500 Data 142.52497315407 Detik 
Total Duration 142.52509999275 Detik 
------------------------- 
Tanggal: 26-05-2022 22:05:01 
Duration Download Forstok 27.721107959747 Detik
Duration Looping 500 Data 156.09461903572 Detik 
Total Duration 156.09474086761 Detik 
------------------------- 
Tanggal: 26-05-2022 22:10:01 
Duration Download Forstok 11.169740915298 Detik
Duration Looping 500 Data 146.69431900978 Detik 
Total Duration 146.69446206093 Detik 
------------------------- 
Tanggal: 26-05-2022 22:15:01 
Duration Download Forstok 21.330662965775 Detik
Duration Looping 500 Data 153.63329315186 Detik 
Total Duration 153.6334271431 Detik 
------------------------- 
Tanggal: 26-05-2022 22:20:01 
Duration Download Forstok 11.267575025558 Detik
Duration Looping 500 Data 138.49837613106 Detik 
Total Duration 138.4984869957 Detik 
------------------------- 
Tanggal: 26-05-2022 22:25:01 
Duration Download Forstok 18.240867853165 Detik
Duration Looping 500 Data 147.27385807037 Detik 
Total Duration 147.27397894859 Detik 
------------------------- 
Tanggal: 26-05-2022 22:30:01 
Duration Download Forstok 15.98811507225 Detik
Duration Looping 500 Data 142.63697099686 Detik 
Total Duration 142.63708496094 Detik 
------------------------- 
Tanggal: 26-05-2022 22:35:01 
Duration Download Forstok 16.633553028107 Detik
Duration Looping 500 Data 145.97554802895 Detik 
Total Duration 145.97567009926 Detik 
------------------------- 
Tanggal: 26-05-2022 22:40:01 
Duration Download Forstok 11.070682048798 Detik
Duration Looping 500 Data 138.15652704239 Detik 
Total Duration 138.15664386749 Detik 
------------------------- 
Tanggal: 26-05-2022 22:45:01 
Duration Download Forstok 15.518318891525 Detik
Duration Looping 500 Data 144.02649283409 Detik 
Total Duration 144.02661395073 Detik 
------------------------- 
Tanggal: 26-05-2022 22:50:01 
Duration Download Forstok 11.881141901016 Detik
Duration Looping 500 Data 140.47343587875 Detik 
Total Duration 140.47355604172 Detik 
------------------------- 
Tanggal: 26-05-2022 22:55:01 
Duration Download Forstok 17.332811117172 Detik
Duration Looping 500 Data 140.47245907784 Detik 
Total Duration 140.47258400917 Detik 
------------------------- 
Tanggal: 26-05-2022 23:00:01 
Duration Download Forstok 21.193730831146 Detik
Duration Looping 500 Data 155.7364218235 Detik 
Total Duration 155.73654389381 Detik 
------------------------- 
Tanggal: 26-05-2022 23:05:01 
Duration Download Forstok 15.213162183762 Detik
Duration Looping 500 Data 155.44822311401 Detik 
Total Duration 155.44833707809 Detik 
------------------------- 
Tanggal: 26-05-2022 23:10:01 
Duration Download Forstok 22.425789117813 Detik
Duration Looping 500 Data 153.62137508392 Detik 
Total Duration 153.62149810791 Detik 
------------------------- 
Tanggal: 26-05-2022 23:15:01 
Duration Download Forstok 14.142961978912 Detik
Duration Looping 500 Data 151.43257713318 Detik 
Total Duration 151.43278217316 Detik 
------------------------- 
Tanggal: 26-05-2022 23:20:01 
Duration Download Forstok 14.554409980774 Detik
Duration Looping 500 Data 143.65305089951 Detik 
Total Duration 143.6531920433 Detik 
------------------------- 
Tanggal: 26-05-2022 23:25:01 
Duration Download Forstok 13.499129056931 Detik
Duration Looping 500 Data 140.50567293167 Detik 
Total Duration 140.50581598282 Detik 
------------------------- 
Tanggal: 26-05-2022 23:30:01 
Duration Download Forstok 11.354160070419 Detik
Duration Looping 500 Data 139.31095004082 Detik 
Total Duration 139.31107211113 Detik 
------------------------- 
Tanggal: 26-05-2022 23:35:02 
Duration Download Forstok 10.260851144791 Detik
Duration Looping 500 Data 137.27717900276 Detik 
Total Duration 137.27729296684 Detik 
------------------------- 
Tanggal: 26-05-2022 23:40:01 
Duration Download Forstok 11.988343000412 Detik
Duration Looping 500 Data 139.77500319481 Detik 
Total Duration 139.77512907982 Detik 
------------------------- 
Tanggal: 26-05-2022 23:45:01 
Duration Download Forstok 19.618273019791 Detik
Duration Looping 500 Data 149.21354603767 Detik 
Total Duration 149.21368908882 Detik 
------------------------- 
Tanggal: 26-05-2022 23:50:01 
Duration Download Forstok 16.273844003677 Detik
Duration Looping 500 Data 159.70338010788 Detik 
Total Duration 159.70351195335 Detik 
------------------------- 
Tanggal: 26-05-2022 23:55:01 
Duration Download Forstok 10.316815137863 Detik
Duration Looping 500 Data 143.85317206383 Detik 
Total Duration 143.8533411026 Detik 
------------------------- 
