Tanggal: 15-11-2021 00:00:01 
Duration Download Forstok 12.084410905838 Detik
Tanggal: 15-11-2021 00:05:02 
Duration Download Forstok 10.717457056046 Detik
Duration Looping 700 Data 292.71216011047 Detik 
Total Duration 292.71225309372 Detik 
------------------------- 
Duration Looping 700 Data 593.59831285477 Detik 
Total Duration 593.59841680527 Detik 
------------------------- 
Tanggal: 15-11-2021 00:10:01 
Duration Download Forstok 10.777050018311 Detik
Duration Looping 700 Data 129.72067594528 Detik 
Total Duration 129.72078204155 Detik 
------------------------- 
Tanggal: 15-11-2021 00:15:01 
Duration Download Forstok 10.402334928513 Detik
Duration Looping 700 Data 149.35149908066 Detik 
Total Duration 149.35162115097 Detik 
------------------------- 
Tanggal: 15-11-2021 00:20:01 
Duration Download Forstok 14.342913150787 Detik
Duration Looping 700 Data 140.46738195419 Detik 
Total Duration 140.46749806404 Detik 
------------------------- 
Tanggal: 15-11-2021 00:25:02 
Duration Download Forstok 10.76473903656 Detik
Duration Looping 700 Data 173.53055310249 Detik 
Total Duration 173.5333480835 Detik 
------------------------- 
Tanggal: 15-11-2021 00:30:01 
Duration Download Forstok 12.477813005447 Detik
Duration Looping 700 Data 154.34201598167 Detik 
Total Duration 154.34212899208 Detik 
------------------------- 
Tanggal: 15-11-2021 00:35:01 
Duration Download Forstok 11.658322095871 Detik
Duration Looping 700 Data 134.97164511681 Detik 
Total Duration 134.97176194191 Detik 
------------------------- 
Tanggal: 15-11-2021 00:40:01 
Duration Download Forstok 11.526527881622 Detik
Duration Looping 700 Data 141.50491690636 Detik 
Total Duration 141.50501894951 Detik 
------------------------- 
Tanggal: 15-11-2021 00:45:01 
Duration Download Forstok 10.729809999466 Detik
Duration Looping 700 Data 133.30950713158 Detik 
Total Duration 133.30962109566 Detik 
------------------------- 
Tanggal: 15-11-2021 00:50:01 
Duration Download Forstok 11.85935997963 Detik
Duration Looping 700 Data 133.06441116333 Detik 
Total Duration 133.06452202797 Detik 
------------------------- 
Tanggal: 15-11-2021 00:55:01 
Duration Download Forstok 11.438810825348 Detik
Duration Looping 700 Data 141.82141184807 Detik 
Total Duration 141.82153081894 Detik 
------------------------- 
Tanggal: 15-11-2021 01:00:01 
Duration Download Forstok 12.08017706871 Detik
Duration Looping 700 Data 136.16623902321 Detik 
Total Duration 136.1663479805 Detik 
------------------------- 
Tanggal: 15-11-2021 01:05:01 
Duration Download Forstok 11.247705936432 Detik
Duration Looping 700 Data 160.04916501045 Detik 
Total Duration 160.0492939949 Detik 
------------------------- 
Tanggal: 15-11-2021 01:10:01 
Duration Download Forstok 10.549947977066 Detik
Duration Looping 700 Data 134.71570920944 Detik 
Total Duration 134.7158241272 Detik 
------------------------- 
Tanggal: 15-11-2021 01:15:01 
Duration Download Forstok 11.04949593544 Detik
Duration Looping 700 Data 141.15393900871 Detik 
Total Duration 141.15404295921 Detik 
------------------------- 
Tanggal: 15-11-2021 01:20:01 
Duration Download Forstok 10.635716915131 Detik
Duration Looping 700 Data 133.83133292198 Detik 
Total Duration 133.83144497871 Detik 
------------------------- 
Tanggal: 15-11-2021 01:25:01 
Duration Download Forstok 10.91765499115 Detik
Duration Looping 700 Data 133.46425414085 Detik 
Total Duration 133.46436500549 Detik 
------------------------- 
Tanggal: 15-11-2021 01:30:01 
Duration Download Forstok 10.3257791996 Detik
Duration Looping 700 Data 135.00365114212 Detik 
Total Duration 135.00373101234 Detik 
------------------------- 
Tanggal: 15-11-2021 01:35:01 
Duration Download Forstok 10.800742149353 Detik
Duration Looping 700 Data 136.28140616417 Detik 
Total Duration 136.28154110909 Detik 
------------------------- 
Tanggal: 15-11-2021 01:40:01 
Duration Download Forstok 10.433222055435 Detik
Duration Looping 700 Data 144.48565292358 Detik 
Total Duration 144.48575997353 Detik 
------------------------- 
Tanggal: 15-11-2021 01:45:01 
Duration Download Forstok 11.285432100296 Detik
Duration Looping 700 Data 134.06868696213 Detik 
Total Duration 134.06879901886 Detik 
------------------------- 
Tanggal: 15-11-2021 01:50:01 
Duration Download Forstok 12.428576946259 Detik
Duration Looping 700 Data 146.31417298317 Detik 
Total Duration 146.31428599358 Detik 
------------------------- 
Tanggal: 15-11-2021 01:55:01 
Duration Download Forstok 11.807574033737 Detik
Duration Looping 700 Data 133.04829502106 Detik 
Total Duration 133.04840803146 Detik 
------------------------- 
Tanggal: 15-11-2021 02:00:01 
Duration Download Forstok 11.985361099243 Detik
Duration Looping 700 Data 131.58107614517 Detik 
Total Duration 131.5811920166 Detik 
------------------------- 
Tanggal: 15-11-2021 02:05:01 
Duration Download Forstok 17.002261161804 Detik
Duration Looping 700 Data 139.53382110596 Detik 
Total Duration 139.53392910957 Detik 
------------------------- 
Tanggal: 15-11-2021 02:10:01 
Duration Download Forstok 12.267383813858 Detik
Duration Looping 700 Data 132.86945295334 Detik 
Total Duration 132.86955785751 Detik 
------------------------- 
Tanggal: 15-11-2021 02:15:01 
Duration Download Forstok 10.02156996727 Detik
Duration Looping 700 Data 131.45253586769 Detik 
Total Duration 131.45263504982 Detik 
------------------------- 
Tanggal: 15-11-2021 02:20:01 
Duration Download Forstok 11.868660926819 Detik
Duration Looping 700 Data 139.09834098816 Detik 
Total Duration 139.09845685959 Detik 
------------------------- 
Tanggal: 15-11-2021 02:25:01 
Duration Download Forstok 11.449029922485 Detik
Duration Looping 700 Data 134.00816607475 Detik 
Total Duration 134.00829291344 Detik 
------------------------- 
Tanggal: 15-11-2021 02:30:01 
Duration Download Forstok 10.277920007706 Detik
Duration Looping 700 Data 139.10635209084 Detik 
Total Duration 139.10647416115 Detik 
------------------------- 
Tanggal: 15-11-2021 02:35:01 
Duration Download Forstok 10.736292123795 Detik
Duration Looping 700 Data 133.71480298042 Detik 
Total Duration 133.71492505074 Detik 
------------------------- 
Tanggal: 15-11-2021 02:40:01 
Duration Download Forstok 10.105587005615 Detik
Duration Looping 700 Data 136.13630890846 Detik 
Total Duration 136.13643479347 Detik 
------------------------- 
Tanggal: 15-11-2021 02:45:01 
Duration Download Forstok 12.078134059906 Detik
Duration Looping 700 Data 148.34042310715 Detik 
Total Duration 148.34053611755 Detik 
------------------------- 
Tanggal: 15-11-2021 02:50:01 
Duration Download Forstok 11.33746099472 Detik
Duration Looping 700 Data 135.85795712471 Detik 
Total Duration 135.8580801487 Detik 
------------------------- 
Tanggal: 15-11-2021 02:55:01 
Duration Download Forstok 11.113658905029 Detik
Duration Looping 700 Data 133.26653289795 Detik 
Total Duration 133.26666283607 Detik 
------------------------- 
Tanggal: 15-11-2021 03:00:01 
Duration Download Forstok 10.521034002304 Detik
Duration Looping 700 Data 130.29076194763 Detik 
Total Duration 130.29087090492 Detik 
------------------------- 
Tanggal: 15-11-2021 03:05:01 
Duration Download Forstok 11.278877973557 Detik
Duration Looping 700 Data 130.41880702972 Detik 
Total Duration 130.41891813278 Detik 
------------------------- 
Tanggal: 15-11-2021 03:10:01 
Duration Download Forstok 11.238135099411 Detik
Duration Looping 700 Data 135.94113206863 Detik 
Total Duration 135.94124913216 Detik 
------------------------- 
Tanggal: 15-11-2021 03:15:01 
Duration Download Forstok 11.017291069031 Detik
Duration Looping 700 Data 133.68563008308 Detik 
Total Duration 133.685765028 Detik 
------------------------- 
Tanggal: 15-11-2021 03:20:01 
Duration Download Forstok 12.602277994156 Detik
Duration Looping 700 Data 135.09446692467 Detik 
Total Duration 135.09457707405 Detik 
------------------------- 
Tanggal: 15-11-2021 03:25:01 
Duration Download Forstok 11.713171958923 Detik
Duration Looping 700 Data 131.8052880764 Detik 
Total Duration 131.80540394783 Detik 
------------------------- 
Tanggal: 15-11-2021 03:30:01 
Duration Download Forstok 10.67546582222 Detik
Duration Looping 700 Data 132.53123688698 Detik 
Total Duration 132.53134489059 Detik 
------------------------- 
Tanggal: 15-11-2021 03:35:01 
Duration Download Forstok 12.217033863068 Detik
Duration Looping 700 Data 131.25349187851 Detik 
Total Duration 131.25360798836 Detik 
------------------------- 
Tanggal: 15-11-2021 03:40:01 
Duration Download Forstok 12.875197887421 Detik
Duration Looping 700 Data 140.59346389771 Detik 
Total Duration 140.59357786179 Detik 
------------------------- 
Tanggal: 15-11-2021 03:45:01 
Duration Download Forstok 11.390971899033 Detik
Duration Looping 700 Data 132.33785200119 Detik 
Total Duration 132.33796286583 Detik 
------------------------- 
Tanggal: 15-11-2021 03:50:01 
Duration Download Forstok 11.909049034119 Detik
Duration Looping 700 Data 132.28567004204 Detik 
Total Duration 132.28578519821 Detik 
------------------------- 
Tanggal: 15-11-2021 03:55:01 
Duration Download Forstok 10.091656923294 Detik
Duration Looping 700 Data 130.06806778908 Detik 
Total Duration 130.06818699837 Detik 
------------------------- 
Tanggal: 15-11-2021 04:00:01 
Duration Download Forstok 11.320666074753 Detik
Duration Looping 700 Data 145.08150696754 Detik 
Total Duration 145.08161401749 Detik 
------------------------- 
Tanggal: 15-11-2021 04:05:01 
Duration Download Forstok 12.104076147079 Detik
Duration Looping 700 Data 153.75246119499 Detik 
Total Duration 153.75258708 Detik 
------------------------- 
Tanggal: 15-11-2021 04:10:01 
Duration Download Forstok 12.396644830704 Detik
Duration Looping 700 Data 130.31961584091 Detik 
Total Duration 130.31971788406 Detik 
------------------------- 
Tanggal: 15-11-2021 04:15:01 
Duration Download Forstok 11.586281061172 Detik
Duration Looping 700 Data 135.67821598053 Detik 
Total Duration 135.67832994461 Detik 
------------------------- 
Tanggal: 15-11-2021 04:20:01 
Duration Download Forstok 10.960727930069 Detik
Duration Looping 700 Data 135.14540696144 Detik 
Total Duration 135.14551305771 Detik 
------------------------- 
Tanggal: 15-11-2021 04:25:01 
Duration Download Forstok 11.238862991333 Detik
Duration Looping 700 Data 133.63694596291 Detik 
Total Duration 133.63705897331 Detik 
------------------------- 
Tanggal: 15-11-2021 04:30:01 
Duration Download Forstok 11.428110837936 Detik
Duration Looping 700 Data 133.33734798431 Detik 
Total Duration 133.33746480942 Detik 
------------------------- 
Tanggal: 15-11-2021 04:35:01 
Duration Download Forstok 11.49912405014 Detik
Duration Looping 700 Data 133.94498896599 Detik 
Total Duration 133.94511008263 Detik 
------------------------- 
Tanggal: 15-11-2021 04:40:01 
Duration Download Forstok 12.912796020508 Detik
Duration Looping 700 Data 143.2689139843 Detik 
Total Duration 143.26902508736 Detik 
------------------------- 
Tanggal: 15-11-2021 04:45:01 
Duration Download Forstok 10.812582969666 Detik
Duration Looping 700 Data 129.11944007874 Detik 
Total Duration 129.11955213547 Detik 
------------------------- 
Tanggal: 15-11-2021 04:50:01 
Duration Download Forstok 10.442680120468 Detik
Duration Looping 700 Data 131.94484710693 Detik 
Total Duration 131.94495797157 Detik 
------------------------- 
Tanggal: 15-11-2021 04:55:01 
Duration Download Forstok 11.091986179352 Detik
Duration Looping 700 Data 136.89298605919 Detik 
Total Duration 136.89311408997 Detik 
------------------------- 
Tanggal: 15-11-2021 05:00:01 
Duration Download Forstok 11.646609067917 Detik
Duration Looping 700 Data 132.78864216805 Detik 
Total Duration 132.78875303268 Detik 
------------------------- 
Tanggal: 15-11-2021 05:05:01 
Duration Download Forstok 13.019856929779 Detik
Duration Looping 700 Data 142.20177698135 Detik 
Total Duration 142.20188689232 Detik 
------------------------- 
Tanggal: 15-11-2021 05:10:01 
Duration Download Forstok 11.620970010757 Detik
Duration Looping 700 Data 143.14991497993 Detik 
Total Duration 143.15002512932 Detik 
------------------------- 
Tanggal: 15-11-2021 05:15:01 
Duration Download Forstok 10.182119131088 Detik
Duration Looping 700 Data 135.16370201111 Detik 
Total Duration 135.1638212204 Detik 
------------------------- 
Tanggal: 15-11-2021 05:20:01 
Duration Download Forstok 11.203805923462 Detik
Duration Looping 700 Data 143.59743380547 Detik 
Total Duration 143.5975549221 Detik 
------------------------- 
Tanggal: 15-11-2021 05:25:01 
Duration Download Forstok 13.411051034927 Detik
Duration Looping 700 Data 131.40610218048 Detik 
Total Duration 131.40621900558 Detik 
------------------------- 
Tanggal: 15-11-2021 05:30:01 
Duration Download Forstok 12.007998943329 Detik
Duration Looping 700 Data 134.17770195007 Detik 
Total Duration 134.17781209946 Detik 
------------------------- 
Tanggal: 15-11-2021 05:35:01 
Duration Download Forstok 12.477996110916 Detik
Duration Looping 700 Data 138.21665096283 Detik 
Total Duration 138.2167699337 Detik 
------------------------- 
Tanggal: 15-11-2021 05:40:01 
Duration Download Forstok 13.261347055435 Detik
Duration Looping 700 Data 137.94248986244 Detik 
Total Duration 137.94260191917 Detik 
------------------------- 
Tanggal: 15-11-2021 05:45:02 
Duration Download Forstok 12.37581205368 Detik
Duration Looping 700 Data 130.96717000008 Detik 
Total Duration 130.96728301048 Detik 
------------------------- 
Tanggal: 15-11-2021 05:50:01 
Duration Download Forstok 12.554036140442 Detik
Duration Looping 700 Data 130.43078994751 Detik 
Total Duration 130.43093895912 Detik 
------------------------- 
Tanggal: 15-11-2021 05:55:01 
Duration Download Forstok 13.228955984116 Detik
Duration Looping 700 Data 131.87829399109 Detik 
Total Duration 131.8784070015 Detik 
------------------------- 
Tanggal: 15-11-2021 06:00:01 
Duration Download Forstok 14.472222805023 Detik
Duration Looping 700 Data 140.43874287605 Detik 
Total Duration 140.43886590004 Detik 
------------------------- 
Tanggal: 15-11-2021 06:05:01 
Duration Download Forstok 12.650347948074 Detik
Duration Looping 700 Data 137.73043489456 Detik 
Total Duration 137.73055195808 Detik 
------------------------- 
Tanggal: 15-11-2021 06:10:01 
Duration Download Forstok 14.456394910812 Detik
Duration Looping 700 Data 139.13571095467 Detik 
Total Duration 139.13583302498 Detik 
------------------------- 
Tanggal: 15-11-2021 06:15:01 
Duration Download Forstok 11.393926143646 Detik
Duration Looping 700 Data 151.3668680191 Detik 
Total Duration 151.36699914932 Detik 
------------------------- 
Tanggal: 15-11-2021 06:20:01 
Duration Download Forstok 16.578408002853 Detik
Duration Looping 700 Data 149.69386982918 Detik 
Total Duration 149.69398784637 Detik 
------------------------- 
Tanggal: 15-11-2021 06:25:01 
Duration Download Forstok 12.333339929581 Detik
Duration Looping 700 Data 133.95273995399 Detik 
Total Duration 133.95285701752 Detik 
------------------------- 
Tanggal: 15-11-2021 06:30:01 
Duration Download Forstok 11.34595990181 Detik
Duration Looping 700 Data 133.86912488937 Detik 
Total Duration 133.86923480034 Detik 
------------------------- 
Tanggal: 15-11-2021 06:35:01 
Duration Download Forstok 12.137542963028 Detik
Duration Looping 700 Data 130.54616212845 Detik 
Total Duration 130.54628396034 Detik 
------------------------- 
Tanggal: 15-11-2021 06:40:01 
Duration Download Forstok 12.682601928711 Detik
Duration Looping 700 Data 137.68910980225 Detik 
Total Duration 137.68924689293 Detik 
------------------------- 
Tanggal: 15-11-2021 06:45:01 
Duration Download Forstok 12.018100976944 Detik
Duration Looping 700 Data 134.99968290329 Detik 
Total Duration 134.99979710579 Detik 
------------------------- 
Tanggal: 15-11-2021 06:50:01 
Duration Download Forstok 15.094265937805 Detik
Duration Looping 700 Data 133.08158016205 Detik 
Total Duration 133.08168911934 Detik 
------------------------- 
Tanggal: 15-11-2021 06:55:01 
Duration Download Forstok 11.870503902435 Detik
Duration Looping 700 Data 134.06213498116 Detik 
Total Duration 134.06225609779 Detik 
------------------------- 
Tanggal: 15-11-2021 07:00:01 
Duration Download Forstok 12.559323072433 Detik
Duration Looping 700 Data 136.40655899048 Detik 
Total Duration 136.40667009354 Detik 
------------------------- 
Tanggal: 15-11-2021 07:05:01 
Duration Download Forstok 17.163017988205 Detik
Duration Looping 700 Data 140.97479891777 Detik 
Total Duration 140.97493982315 Detik 
------------------------- 
Tanggal: 15-11-2021 07:10:01 
Duration Download Forstok 13.059863090515 Detik
Duration Looping 700 Data 134.49768686295 Detik 
Total Duration 134.49780297279 Detik 
------------------------- 
Tanggal: 15-11-2021 07:15:01 
Duration Download Forstok 11.557971000671 Detik
Duration Looping 700 Data 135.59434890747 Detik 
Total Duration 135.59446287155 Detik 
------------------------- 
Tanggal: 15-11-2021 07:20:01 
Duration Download Forstok 14.529106140137 Detik
Duration Looping 700 Data 145.98704910278 Detik 
Total Duration 145.98715996742 Detik 
------------------------- 
Tanggal: 15-11-2021 07:25:01 
Duration Download Forstok 13.656020879745 Detik
Duration Looping 700 Data 134.30028796196 Detik 
Total Duration 134.3003950119 Detik 
------------------------- 
Tanggal: 15-11-2021 07:30:01 
Duration Download Forstok 11.61171579361 Detik
Duration Looping 700 Data 141.0984609127 Detik 
Total Duration 141.09857177734 Detik 
------------------------- 
Tanggal: 15-11-2021 07:35:01 
Duration Download Forstok 11.510219097137 Detik
Duration Looping 700 Data 133.49996900558 Detik 
Total Duration 133.50007891655 Detik 
------------------------- 
Tanggal: 15-11-2021 07:40:01 
Duration Download Forstok 12.976766109467 Detik
Duration Looping 700 Data 137.12801790237 Detik 
Total Duration 137.12815904617 Detik 
------------------------- 
Tanggal: 15-11-2021 07:45:01 
Duration Download Forstok 13.278627872467 Detik
Duration Looping 700 Data 135.05710887909 Detik 
Total Duration 135.05722498894 Detik 
------------------------- 
Tanggal: 15-11-2021 07:50:01 
Duration Download Forstok 14.392009973526 Detik
Duration Looping 700 Data 138.18839597702 Detik 
Total Duration 138.18851590157 Detik 
------------------------- 
Tanggal: 15-11-2021 07:55:01 
Duration Download Forstok 11.461971998215 Detik
Duration Looping 700 Data 134.07842111588 Detik 
Total Duration 134.07854294777 Detik 
------------------------- 
Tanggal: 15-11-2021 08:00:02 
Duration Download Forstok 14.93143081665 Detik
Duration Looping 700 Data 135.18057394028 Detik 
Total Duration 135.1806910038 Detik 
------------------------- 
Tanggal: 15-11-2021 08:05:01 
Duration Download Forstok 13.003138065338 Detik
Duration Looping 700 Data 135.36286687851 Detik 
Total Duration 135.36298394203 Detik 
------------------------- 
Tanggal: 15-11-2021 08:10:01 
Duration Download Forstok 10.882031917572 Detik
Duration Looping 700 Data 136.79940390587 Detik 
Total Duration 136.79952001572 Detik 
------------------------- 
Tanggal: 15-11-2021 08:15:01 
Duration Download Forstok 11.241275072098 Detik
Duration Looping 700 Data 138.46371006966 Detik 
Total Duration 138.46383094788 Detik 
------------------------- 
Tanggal: 15-11-2021 08:20:01 
Duration Download Forstok 12.838447809219 Detik
Duration Looping 700 Data 141.46839594841 Detik 
Total Duration 141.46851086617 Detik 
------------------------- 
Tanggal: 15-11-2021 08:25:01 
Duration Download Forstok 11.380352973938 Detik
Duration Looping 700 Data 137.81804990768 Detik 
Total Duration 137.81816506386 Detik 
------------------------- 
Tanggal: 15-11-2021 08:30:00 
Duration Download Forstok 14.708872079849 Detik
Duration Looping 700 Data 147.62915706635 Detik 
Total Duration 147.62924194336 Detik 
------------------------- 
Tanggal: 15-11-2021 08:35:01 
Duration Download Forstok 13.594471931458 Detik
Duration Looping 700 Data 143.05415391922 Detik 
Total Duration 143.05427289009 Detik 
------------------------- 
Tanggal: 15-11-2021 08:40:01 
Duration Download Forstok 10.262321949005 Detik
Duration Looping 700 Data 140.26785492897 Detik 
Total Duration 140.26797103882 Detik 
------------------------- 
Tanggal: 15-11-2021 08:45:01 
Duration Download Forstok 12.220887899399 Detik
Duration Looping 700 Data 141.44646906853 Detik 
Total Duration 141.44658398628 Detik 
------------------------- 
Tanggal: 15-11-2021 08:50:01 
Duration Download Forstok 11.302060127258 Detik
Duration Looping 700 Data 154.57499408722 Detik 
Total Duration 154.57507801056 Detik 
------------------------- 
Tanggal: 15-11-2021 08:55:01 
Duration Download Forstok 11.502875089645 Detik
Duration Looping 700 Data 138.70142507553 Detik 
Total Duration 138.70154809952 Detik 
------------------------- 
Tanggal: 15-11-2021 09:00:01 
Duration Download Forstok 10.980692863464 Detik
Duration Looping 700 Data 139.06012296677 Detik 
Total Duration 139.06022500992 Detik 
------------------------- 
Tanggal: 15-11-2021 09:05:01 
Duration Download Forstok 12.663712024689 Detik
Duration Looping 700 Data 138.26126599312 Detik 
Total Duration 138.26135587692 Detik 
------------------------- 
Tanggal: 15-11-2021 09:10:01 
Duration Download Forstok 16.860727071762 Detik
Duration Looping 700 Data 142.23050189018 Detik 
Total Duration 142.23060297966 Detik 
------------------------- 
Tanggal: 15-11-2021 09:15:01 
Duration Download Forstok 12.142314910889 Detik
Duration Looping 700 Data 138.82087802887 Detik 
Total Duration 138.82096409798 Detik 
------------------------- 
Tanggal: 15-11-2021 09:20:01 
Duration Download Forstok 15.128273010254 Detik
Duration Looping 700 Data 142.40340614319 Detik 
Total Duration 142.40352296829 Detik 
------------------------- 
Tanggal: 15-11-2021 09:25:01 
Duration Download Forstok 13.716818094254 Detik
Duration Looping 700 Data 144.067882061 Detik 
Total Duration 144.06799316406 Detik 
------------------------- 
Tanggal: 15-11-2021 09:30:01 
Duration Download Forstok 14.981897115707 Detik
Duration Looping 700 Data 140.31087589264 Detik 
Total Duration 140.31095600128 Detik 
------------------------- 
Tanggal: 15-11-2021 09:35:01 
Duration Download Forstok 12.012712955475 Detik
Duration Looping 700 Data 142.29381299019 Detik 
Total Duration 142.29391407967 Detik 
------------------------- 
Tanggal: 15-11-2021 09:40:01 
Duration Download Forstok 11.852615118027 Detik
Duration Looping 700 Data 143.3198530674 Detik 
Total Duration 143.31997394562 Detik 
------------------------- 
Tanggal: 15-11-2021 09:45:01 
Duration Download Forstok 14.26570391655 Detik
Duration Looping 700 Data 147.37131905556 Detik 
Total Duration 147.37142300606 Detik 
------------------------- 
Tanggal: 15-11-2021 09:50:01 
Duration Download Forstok 12.832902908325 Detik
Duration Looping 700 Data 140.2952709198 Detik 
Total Duration 140.29538607597 Detik 
------------------------- 
Tanggal: 15-11-2021 09:55:01 
Duration Download Forstok 11.780399084091 Detik
Duration Looping 700 Data 139.8276951313 Detik 
Total Duration 139.82779598236 Detik 
------------------------- 
Tanggal: 15-11-2021 10:00:01 
Duration Download Forstok 11.030529022217 Detik
Duration Looping 700 Data 139.18167996407 Detik 
Total Duration 139.18179392815 Detik 
------------------------- 
Tanggal: 15-11-2021 10:05:01 
Duration Download Forstok 15.523678064346 Detik
Duration Looping 700 Data 145.07842206955 Detik 
Total Duration 145.07855916023 Detik 
------------------------- 
Tanggal: 15-11-2021 10:10:01 
Duration Download Forstok 19.405334949493 Detik
Duration Looping 700 Data 145.08150482178 Detik 
Total Duration 145.08161997795 Detik 
------------------------- 
Tanggal: 15-11-2021 10:15:01 
Duration Download Forstok 14.28001999855 Detik
Duration Looping 700 Data 141.28407001495 Detik 
Total Duration 141.28415489197 Detik 
------------------------- 
Tanggal: 15-11-2021 10:20:01 
Duration Download Forstok 9.5982060432434 Detik
Duration Looping 700 Data 143.15807414055 Detik 
Total Duration 143.15817713737 Detik 
------------------------- 
Tanggal: 15-11-2021 10:25:01 
Duration Download Forstok 14.067529201508 Detik
Duration Looping 700 Data 142.89656400681 Detik 
Total Duration 142.89668607712 Detik 
------------------------- 
Tanggal: 15-11-2021 10:30:01 
Duration Download Forstok 12.116496086121 Detik
Duration Looping 700 Data 137.56281805038 Detik 
Total Duration 137.5629389286 Detik 
------------------------- 
Tanggal: 15-11-2021 10:35:01 
Duration Download Forstok 13.913712978363 Detik
Duration Looping 700 Data 141.31507611275 Detik 
Total Duration 141.31517910957 Detik 
------------------------- 
Tanggal: 15-11-2021 10:40:01 
Duration Download Forstok 12.30017209053 Detik
Duration Looping 700 Data 147.97492718697 Detik 
Total Duration 147.97503519058 Detik 
------------------------- 
Tanggal: 15-11-2021 10:45:01 
Duration Download Forstok 13.262543916702 Detik
Duration Looping 700 Data 143.89408898354 Detik 
Total Duration 143.89420795441 Detik 
------------------------- 
Tanggal: 15-11-2021 10:50:01 
Duration Download Forstok 12.993880987167 Detik
Duration Looping 700 Data 142.04651594162 Detik 
Total Duration 142.04664587975 Detik 
------------------------- 
Tanggal: 15-11-2021 10:55:01 
Duration Download Forstok 12.53825712204 Detik
Duration Looping 700 Data 138.9868850708 Detik 
Total Duration 138.98698806763 Detik 
------------------------- 
Tanggal: 15-11-2021 11:00:01 
Duration Download Forstok 10.954777002335 Detik
Duration Looping 700 Data 143.26036000252 Detik 
Total Duration 143.26046800613 Detik 
------------------------- 
Tanggal: 15-11-2021 11:05:01 
Duration Download Forstok 10.380913972855 Detik
Duration Looping 700 Data 145.05372595787 Detik 
Total Duration 145.05380988121 Detik 
------------------------- 
Tanggal: 15-11-2021 11:10:01 
Duration Download Forstok 11.597470998764 Detik
Duration Looping 700 Data 136.75466394424 Detik 
Total Duration 136.75478196144 Detik 
------------------------- 
Tanggal: 15-11-2021 11:15:01 
Duration Download Forstok 11.064283132553 Detik
Duration Looping 700 Data 140.03842902184 Detik 
Total Duration 140.03852415085 Detik 
------------------------- 
Tanggal: 15-11-2021 11:20:01 
Duration Download Forstok 11.074477910995 Detik
Duration Looping 700 Data 143.71401500702 Detik 
Total Duration 143.71413397789 Detik 
------------------------- 
Tanggal: 15-11-2021 11:25:01 
Duration Download Forstok 11.701869010925 Detik
Duration Looping 700 Data 142.24217295647 Detik 
Total Duration 142.24228906631 Detik 
------------------------- 
Tanggal: 15-11-2021 11:30:01 
Duration Download Forstok 12.756603002548 Detik
Duration Looping 700 Data 140.64733910561 Detik 
Total Duration 140.64745616913 Detik 
------------------------- 
Tanggal: 15-11-2021 11:35:01 
Duration Download Forstok 13.332327842712 Detik
Duration Looping 700 Data 142.56710791588 Detik 
Total Duration 142.56723594666 Detik 
------------------------- 
Tanggal: 15-11-2021 11:40:01 
Duration Download Forstok 10.487799167633 Detik
Duration Looping 700 Data 147.7094180584 Detik 
Total Duration 147.70952320099 Detik 
------------------------- 
Tanggal: 15-11-2021 11:45:01 
Duration Download Forstok 11.708952903748 Detik
Duration Looping 700 Data 140.41401791573 Detik 
Total Duration 140.41414809227 Detik 
------------------------- 
Tanggal: 15-11-2021 11:50:01 
Duration Download Forstok 14.143589019775 Detik
Duration Looping 700 Data 144.30404686928 Detik 
Total Duration 144.30416107178 Detik 
------------------------- 
Tanggal: 15-11-2021 11:55:01 
Duration Download Forstok 12.840631008148 Detik
Duration Looping 700 Data 141.67252206802 Detik 
Total Duration 141.67260193825 Detik 
------------------------- 
Tanggal: 15-11-2021 12:00:01 
Duration Download Forstok 14.31937789917 Detik
Duration Looping 700 Data 141.01440405846 Detik 
Total Duration 141.01451086998 Detik 
------------------------- 
Tanggal: 15-11-2021 12:05:01 
Duration Download Forstok 11.816400051117 Detik
Duration Looping 700 Data 140.48546290398 Detik 
Total Duration 140.48555183411 Detik 
------------------------- 
Tanggal: 15-11-2021 12:10:01 
Duration Download Forstok 12.937539100647 Detik
Duration Looping 700 Data 140.32884001732 Detik 
Total Duration 140.32893109322 Detik 
------------------------- 
Tanggal: 15-11-2021 12:15:01 
Duration Download Forstok 9.5954389572144 Detik
Duration Looping 700 Data 136.90242695808 Detik 
Total Duration 136.90255188942 Detik 
------------------------- 
Tanggal: 15-11-2021 12:20:01 
Duration Download Forstok 12.411773920059 Detik
Duration Looping 700 Data 144.24395489693 Detik 
Total Duration 144.24404501915 Detik 
------------------------- 
Tanggal: 15-11-2021 12:25:01 
Duration Download Forstok 12.662533998489 Detik
Duration Looping 700 Data 134.66747808456 Detik 
Total Duration 134.66761898994 Detik 
------------------------- 
Tanggal: 15-11-2021 12:30:01 
Duration Download Forstok 14.092981100082 Detik
Duration Looping 700 Data 133.50051212311 Detik 
Total Duration 133.50063419342 Detik 
------------------------- 
Tanggal: 15-11-2021 12:35:01 
Duration Download Forstok 12.509238958359 Detik
Duration Looping 700 Data 141.37187600136 Detik 
Total Duration 141.37199687958 Detik 
------------------------- 
Tanggal: 15-11-2021 12:40:01 
Duration Download Forstok 12.474596977234 Detik
Duration Looping 700 Data 135.67008900642 Detik 
Total Duration 135.6702029705 Detik 
------------------------- 
Tanggal: 15-11-2021 12:45:01 
Duration Download Forstok 10.753340959549 Detik
Duration Looping 700 Data 134.190792799 Detik 
Total Duration 134.1909070015 Detik 
------------------------- 
Tanggal: 15-11-2021 12:50:01 
Duration Download Forstok 12.001025915146 Detik
Duration Looping 700 Data 135.3313369751 Detik 
Total Duration 135.33144187927 Detik 
------------------------- 
Tanggal: 15-11-2021 12:55:01 
Duration Download Forstok 12.404858112335 Detik
Duration Looping 700 Data 138.56875395775 Detik 
Total Duration 138.56887197495 Detik 
------------------------- 
Tanggal: 15-11-2021 13:00:01 
Duration Download Forstok 11.136682033539 Detik
Duration Looping 700 Data 141.88463115692 Detik 
Total Duration 141.88474917412 Detik 
------------------------- 
Tanggal: 15-11-2021 13:05:01 
Duration Download Forstok 13.051473855972 Detik
Duration Looping 700 Data 142.51416683197 Detik 
Total Duration 142.51427984238 Detik 
------------------------- 
Tanggal: 15-11-2021 13:10:01 
Duration Download Forstok 10.56302690506 Detik
Duration Looping 700 Data 145.46346902847 Detik 
Total Duration 145.46357893944 Detik 
------------------------- 
Tanggal: 15-11-2021 13:15:01 
Duration Download Forstok 12.184987068176 Detik
Duration Looping 700 Data 146.03398323059 Detik 
Total Duration 146.03409910202 Detik 
------------------------- 
Tanggal: 15-11-2021 13:20:01 
Duration Download Forstok 13.105726003647 Detik
Duration Looping 700 Data 149.01640987396 Detik 
Total Duration 149.01652288437 Detik 
------------------------- 
Tanggal: 15-11-2021 13:25:01 
Duration Download Forstok 12.704001903534 Detik
Duration Looping 700 Data 150.75333881378 Detik 
Total Duration 150.75345993042 Detik 
------------------------- 
Tanggal: 15-11-2021 13:30:01 
Duration Download Forstok 12.780474901199 Detik
Duration Looping 700 Data 146.85047078133 Detik 
Total Duration 146.85057592392 Detik 
------------------------- 
Tanggal: 15-11-2021 13:35:01 
Duration Download Forstok 13.345340013504 Detik
Duration Looping 700 Data 144.43783187866 Detik 
Total Duration 144.43794989586 Detik 
------------------------- 
Tanggal: 15-11-2021 13:40:01 
Duration Download Forstok 13.364732027054 Detik
Duration Looping 700 Data 142.09169197083 Detik 
Total Duration 142.09179401398 Detik 
------------------------- 
Tanggal: 15-11-2021 13:45:01 
Duration Download Forstok 16.118495941162 Detik
Duration Looping 700 Data 149.08580708504 Detik 
Total Duration 149.08592200279 Detik 
------------------------- 
Tanggal: 15-11-2021 13:50:01 
Duration Download Forstok 12.874660015106 Detik
Duration Looping 700 Data 148.86139988899 Detik 
Total Duration 148.86151003838 Detik 
------------------------- 
Tanggal: 15-11-2021 13:55:01 
Duration Download Forstok 10.143425941467 Detik
Duration Looping 700 Data 141.24584794044 Detik 
Total Duration 141.24594807625 Detik 
------------------------- 
Tanggal: 15-11-2021 14:00:01 
Duration Download Forstok 12.296662092209 Detik
Duration Looping 700 Data 140.751060009 Detik 
Total Duration 140.75116801262 Detik 
------------------------- 
Tanggal: 15-11-2021 14:05:01 
Duration Download Forstok 12.900215864182 Detik
Duration Looping 700 Data 140.00202488899 Detik 
Total Duration 140.00213098526 Detik 
------------------------- 
Tanggal: 15-11-2021 14:10:01 
Duration Download Forstok 14.059802055359 Detik
Duration Looping 700 Data 137.25450921059 Detik 
Total Duration 137.25461220741 Detik 
------------------------- 
Tanggal: 15-11-2021 14:15:01 
Duration Download Forstok 11.717413902283 Detik
Duration Looping 700 Data 139.82157897949 Detik 
Total Duration 139.8216779232 Detik 
------------------------- 
Tanggal: 15-11-2021 14:20:01 
Duration Download Forstok 10.573182106018 Detik
Duration Looping 700 Data 144.50258398056 Detik 
Total Duration 144.5027050972 Detik 
------------------------- 
Tanggal: 15-11-2021 14:25:02 
Duration Download Forstok 11.833271026611 Detik
Duration Looping 700 Data 140.48835301399 Detik 
Total Duration 140.48847317696 Detik 
------------------------- 
Tanggal: 15-11-2021 14:30:01 
Duration Download Forstok 10.745409965515 Detik
Duration Looping 700 Data 139.45817112923 Detik 
Total Duration 139.45825004578 Detik 
------------------------- 
Tanggal: 15-11-2021 14:35:01 
Duration Download Forstok 11.561054229736 Detik
Duration Looping 700 Data 142.14979505539 Detik 
Total Duration 142.14989113808 Detik 
------------------------- 
Tanggal: 15-11-2021 14:40:01 
Duration Download Forstok 11.549571990967 Detik
Duration Looping 700 Data 141.00687599182 Detik 
Total Duration 141.00699782372 Detik 
------------------------- 
Tanggal: 15-11-2021 14:45:02 
Duration Download Forstok 12.131237983704 Detik
Duration Looping 700 Data 149.57474207878 Detik 
Total Duration 149.57485699654 Detik 
------------------------- 
Tanggal: 15-11-2021 14:50:01 
Duration Download Forstok 10.699935913086 Detik
Duration Looping 700 Data 133.39213085175 Detik 
Total Duration 133.39224791527 Detik 
------------------------- 
Tanggal: 15-11-2021 14:55:01 
Duration Download Forstok 11.058841943741 Detik
Duration Looping 700 Data 137.9878411293 Detik 
Total Duration 137.98792409897 Detik 
------------------------- 
Tanggal: 15-11-2021 15:00:01 
Duration Download Forstok 9.9615938663483 Detik
Duration Looping 700 Data 141.22490000725 Detik 
Total Duration 141.22501301765 Detik 
------------------------- 
Tanggal: 15-11-2021 15:05:01 
Duration Download Forstok 14.72922205925 Detik
Duration Looping 700 Data 142.13354110718 Detik 
Total Duration 142.13365697861 Detik 
------------------------- 
Tanggal: 15-11-2021 15:10:01 
Duration Download Forstok 14.50511097908 Detik
Duration Looping 700 Data 145.36199808121 Detik 
Total Duration 145.36207795143 Detik 
------------------------- 
Tanggal: 15-11-2021 15:15:01 
Duration Download Forstok 12.987977981567 Detik
Duration Looping 700 Data 141.18594312668 Detik 
Total Duration 141.1860730648 Detik 
------------------------- 
Tanggal: 15-11-2021 15:20:01 
Duration Download Forstok 12.112230062485 Detik
Duration Looping 700 Data 142.5207130909 Detik 
Total Duration 142.5208029747 Detik 
------------------------- 
Tanggal: 15-11-2021 15:25:01 
Duration Download Forstok 12.07835316658 Detik
Duration Looping 700 Data 139.06521916389 Detik 
Total Duration 139.06530809402 Detik 
------------------------- 
Tanggal: 15-11-2021 15:30:01 
Duration Download Forstok 11.167687892914 Detik
Duration Looping 700 Data 138.45734786987 Detik 
Total Duration 138.45746397972 Detik 
------------------------- 
Tanggal: 15-11-2021 15:35:01 
Duration Download Forstok 11.811762094498 Detik
Duration Looping 700 Data 144.32136201859 Detik 
Total Duration 144.32148599625 Detik 
------------------------- 
Tanggal: 15-11-2021 15:40:01 
Duration Download Forstok 12.045279026031 Detik
Duration Looping 700 Data 149.37996888161 Detik 
Total Duration 149.38008403778 Detik 
------------------------- 
Tanggal: 15-11-2021 15:45:01 
Duration Download Forstok 10.472457170486 Detik
Duration Looping 700 Data 136.10693216324 Detik 
Total Duration 136.10704302788 Detik 
------------------------- 
Tanggal: 15-11-2021 15:50:01 
Duration Download Forstok 12.490087985992 Detik
Duration Looping 700 Data 146.91264414787 Detik 
Total Duration 146.91280698776 Detik 
------------------------- 
Tanggal: 15-11-2021 15:55:01 
Duration Download Forstok 13.075736045837 Detik
Duration Looping 700 Data 143.89942598343 Detik 
Total Duration 143.89949893951 Detik 
------------------------- 
Tanggal: 15-11-2021 16:00:01 
Duration Download Forstok 14.271917104721 Detik
Duration Looping 700 Data 146.3814971447 Detik 
Total Duration 146.38161993027 Detik 
------------------------- 
Tanggal: 15-11-2021 16:05:01 
Duration Download Forstok 17.80112695694 Detik
Duration Looping 700 Data 143.39206194878 Detik 
Total Duration 143.39216995239 Detik 
------------------------- 
Tanggal: 15-11-2021 16:10:01 
Duration Download Forstok 18.980072975159 Detik
Duration Looping 700 Data 147.52190899849 Detik 
Total Duration 147.52201700211 Detik 
------------------------- 
Tanggal: 15-11-2021 16:15:01 
Duration Download Forstok 17.078894138336 Detik
Duration Looping 700 Data 145.86104917526 Detik 
Total Duration 145.86112618446 Detik 
------------------------- 
Tanggal: 15-11-2021 16:20:01 
Duration Download Forstok 12.079916000366 Detik
Duration Looping 700 Data 144.27108287811 Detik 
Total Duration 144.27119708061 Detik 
------------------------- 
Tanggal: 15-11-2021 16:25:01 
Duration Download Forstok 15.209053039551 Detik
Duration Looping 700 Data 145.74521613121 Detik 
Total Duration 145.74534511566 Detik 
------------------------- 
Tanggal: 15-11-2021 16:30:01 
Duration Download Forstok 11.935734987259 Detik
Duration Looping 700 Data 143.60029506683 Detik 
Total Duration 143.60043597221 Detik 
------------------------- 
Tanggal: 15-11-2021 16:35:01 
Duration Download Forstok 13.786629915237 Detik
Duration Looping 700 Data 159.53993296623 Detik 
Total Duration 159.54005289078 Detik 
------------------------- 
Tanggal: 15-11-2021 16:40:01 
Duration Download Forstok 12.412281036377 Detik
Duration Looping 700 Data 145.35364699364 Detik 
Total Duration 145.35378503799 Detik 
------------------------- 
Tanggal: 15-11-2021 16:45:01 
Duration Download Forstok 13.119914054871 Detik
Duration Looping 700 Data 146.94097399712 Detik 
Total Duration 146.94108891487 Detik 
------------------------- 
Tanggal: 15-11-2021 16:50:01 
Duration Download Forstok 10.239120960236 Detik
Duration Looping 700 Data 145.4601380825 Detik 
Total Duration 145.46024298668 Detik 
------------------------- 
Tanggal: 15-11-2021 16:55:01 
Duration Download Forstok 9.9962160587311 Detik
Duration Looping 700 Data 144.62064695358 Detik 
Total Duration 144.62073111534 Detik 
------------------------- 
Tanggal: 15-11-2021 17:00:01 
Duration Download Forstok 14.963520050049 Detik
Duration Looping 700 Data 152.00048494339 Detik 
Total Duration 152.00060009956 Detik 
------------------------- 
Tanggal: 15-11-2021 17:05:01 
Duration Download Forstok 15.385422945023 Detik
Duration Looping 700 Data 143.71527385712 Detik 
Total Duration 143.7153840065 Detik 
------------------------- 
Tanggal: 15-11-2021 17:10:01 
Duration Download Forstok 19.219277143478 Detik
Duration Looping 700 Data 144.30233407021 Detik 
Total Duration 144.30244922638 Detik 
------------------------- 
Tanggal: 15-11-2021 17:15:01 
Duration Download Forstok 15.538794994354 Detik
Duration Looping 700 Data 142.51051187515 Detik 
Total Duration 142.51063299179 Detik 
------------------------- 
Tanggal: 15-11-2021 17:20:01 
Duration Download Forstok 11.366886854172 Detik
Duration Looping 700 Data 145.01250100136 Detik 
Total Duration 145.01260995865 Detik 
------------------------- 
Tanggal: 15-11-2021 17:25:01 
Duration Download Forstok 10.585109949112 Detik
Duration Looping 700 Data 134.85998106003 Detik 
Total Duration 134.86008906364 Detik 
------------------------- 
Tanggal: 15-11-2021 17:30:01 
Duration Download Forstok 10.938720941544 Detik
Duration Looping 700 Data 140.96339201927 Detik 
Total Duration 140.96350288391 Detik 
------------------------- 
Tanggal: 15-11-2021 17:35:01 
Duration Download Forstok 15.440541028976 Detik
Duration Looping 700 Data 145.80942511559 Detik 
Total Duration 145.80954122543 Detik 
------------------------- 
Tanggal: 15-11-2021 17:40:01 
Duration Download Forstok 12.846879005432 Detik
Duration Looping 700 Data 145.843116045 Detik 
Total Duration 145.84322118759 Detik 
------------------------- 
Tanggal: 15-11-2021 17:45:01 
Duration Download Forstok 17.229650020599 Detik
Duration Looping 700 Data 143.41662597656 Detik 
Total Duration 143.41674494743 Detik 
------------------------- 
Tanggal: 15-11-2021 17:50:01 
Duration Download Forstok 18.344166040421 Detik
Duration Looping 700 Data 142.70600819588 Detik 
Total Duration 142.70611906052 Detik 
------------------------- 
Tanggal: 15-11-2021 17:55:01 
Duration Download Forstok 15.437915086746 Detik
Duration Looping 700 Data 146.14110302925 Detik 
Total Duration 146.14122414589 Detik 
------------------------- 
Tanggal: 15-11-2021 18:00:02 
Duration Download Forstok 13.983009815216 Detik
Duration Looping 700 Data 155.32439494133 Detik 
Total Duration 155.32450699806 Detik 
------------------------- 
Tanggal: 15-11-2021 18:05:01 
Duration Download Forstok 15.124202013016 Detik
Duration Looping 700 Data 147.68735098839 Detik 
Total Duration 147.68746685982 Detik 
------------------------- 
Tanggal: 15-11-2021 18:10:01 
Duration Download Forstok 23.796047925949 Detik
Duration Looping 700 Data 151.21130609512 Detik 
Total Duration 151.21141505241 Detik 
------------------------- 
Tanggal: 15-11-2021 18:15:01 
Duration Download Forstok 22.030217170715 Detik
Duration Looping 700 Data 148.75838899612 Detik 
Total Duration 148.75850105286 Detik 
------------------------- 
Tanggal: 15-11-2021 18:20:01 
Duration Download Forstok 14.770596027374 Detik
Duration Looping 700 Data 141.63004398346 Detik 
Total Duration 141.63015007973 Detik 
------------------------- 
Tanggal: 15-11-2021 18:25:01 
Duration Download Forstok 11.207630157471 Detik
Duration Looping 700 Data 140.03460717201 Detik 
Total Duration 140.03472518921 Detik 
------------------------- 
Tanggal: 15-11-2021 18:30:01 
Duration Download Forstok 11.472269058228 Detik
Duration Looping 700 Data 134.7784678936 Detik 
Total Duration 134.77856206894 Detik 
------------------------- 
Tanggal: 15-11-2021 18:35:01 
Duration Download Forstok 12.482816934586 Detik
Duration Looping 700 Data 138.28335499763 Detik 
Total Duration 138.28347086906 Detik 
------------------------- 
Tanggal: 15-11-2021 18:40:01 
Duration Download Forstok 15.63988494873 Detik
Duration Looping 700 Data 148.45351600647 Detik 
Total Duration 148.45363903046 Detik 
------------------------- 
Tanggal: 15-11-2021 18:45:01 
Duration Download Forstok 14.942790985107 Detik
Duration Looping 700 Data 140.74057793617 Detik 
Total Duration 140.74068903923 Detik 
------------------------- 
Tanggal: 15-11-2021 18:50:01 
Duration Download Forstok 12.400599002838 Detik
Duration Looping 700 Data 137.02152109146 Detik 
Total Duration 137.02160692215 Detik 
------------------------- 
Tanggal: 15-11-2021 18:55:01 
Duration Download Forstok 12.218796014786 Detik
Duration Looping 700 Data 138.71712589264 Detik 
Total Duration 138.71726298332 Detik 
------------------------- 
Tanggal: 15-11-2021 19:00:01 
Duration Download Forstok 10.736078023911 Detik
Duration Looping 700 Data 137.76314091682 Detik 
Total Duration 137.763256073 Detik 
------------------------- 
Tanggal: 15-11-2021 19:05:01 
Duration Download Forstok 11.064872980118 Detik
Duration Looping 700 Data 145.72438406944 Detik 
Total Duration 145.72449612617 Detik 
------------------------- 
Tanggal: 15-11-2021 19:10:01 
Duration Download Forstok 22.45911693573 Detik
Duration Looping 700 Data 150.61599588394 Detik 
Total Duration 150.61608910561 Detik 
------------------------- 
Tanggal: 15-11-2021 19:15:01 
Duration Download Forstok 18.139601945877 Detik
Duration Looping 700 Data 148.41596889496 Detik 
Total Duration 148.41608285904 Detik 
------------------------- 
Tanggal: 15-11-2021 19:20:01 
Duration Download Forstok 10.463617086411 Detik
Duration Looping 700 Data 141.67088007927 Detik 
Total Duration 141.67099809647 Detik 
------------------------- 
Tanggal: 15-11-2021 19:25:01 
Duration Download Forstok 12.956897974014 Detik
Duration Looping 700 Data 139.89065599442 Detik 
Total Duration 139.8907661438 Detik 
------------------------- 
Tanggal: 15-11-2021 19:30:01 
Duration Download Forstok 12.745679855347 Detik
Duration Looping 700 Data 140.28572392464 Detik 
Total Duration 140.28580093384 Detik 
------------------------- 
Tanggal: 15-11-2021 19:35:01 
Duration Download Forstok 12.15617609024 Detik
Duration Looping 700 Data 137.42331600189 Detik 
Total Duration 137.42343211174 Detik 
------------------------- 
Tanggal: 15-11-2021 19:40:01 
Duration Download Forstok 10.414059877396 Detik
Duration Looping 700 Data 141.19388699532 Detik 
Total Duration 141.19400191307 Detik 
------------------------- 
Tanggal: 15-11-2021 19:45:01 
Duration Download Forstok 13.430992841721 Detik
Duration Looping 700 Data 141.12141489983 Detik 
Total Duration 141.12153482437 Detik 
------------------------- 
Tanggal: 15-11-2021 19:50:01 
Duration Download Forstok 12.477919101715 Detik
Duration Looping 700 Data 134.95305299759 Detik 
Total Duration 134.95317006111 Detik 
------------------------- 
Tanggal: 15-11-2021 19:55:01 
Duration Download Forstok 10.485371112823 Detik
Duration Looping 700 Data 136.86029720306 Detik 
Total Duration 136.86041808128 Detik 
------------------------- 
Tanggal: 15-11-2021 20:00:01 
Duration Download Forstok 14.366751909256 Detik
Duration Looping 700 Data 140.32633709908 Detik 
Total Duration 140.32645010948 Detik 
------------------------- 
Tanggal: 15-11-2021 20:05:01 
Duration Download Forstok 13.488884925842 Detik
Duration Looping 700 Data 137.0930519104 Detik 
Total Duration 137.09316396713 Detik 
------------------------- 
Tanggal: 15-11-2021 20:10:01 
Duration Download Forstok 23.034053087234 Detik
Duration Looping 700 Data 151.8307621479 Detik 
Total Duration 151.83087491989 Detik 
------------------------- 
Tanggal: 15-11-2021 20:15:01 
Duration Download Forstok 11.409375905991 Detik
Duration Looping 700 Data 140.38765096664 Detik 
Total Duration 140.38776302338 Detik 
------------------------- 
Tanggal: 15-11-2021 20:20:01 
Duration Download Forstok 11.51170706749 Detik
Duration Looping 700 Data 144.62692093849 Detik 
Total Duration 144.62702703476 Detik 
------------------------- 
Tanggal: 15-11-2021 20:25:01 
Duration Download Forstok 12.468941926956 Detik
Duration Looping 700 Data 139.8760509491 Detik 
Total Duration 139.87617611885 Detik 
------------------------- 
Tanggal: 15-11-2021 20:30:01 
Duration Download Forstok 12.784411907196 Detik
Duration Looping 700 Data 135.16015601158 Detik 
Total Duration 135.16023302078 Detik 
------------------------- 
Tanggal: 15-11-2021 20:35:01 
Duration Download Forstok 13.127557992935 Detik
Duration Looping 700 Data 141.35596108437 Detik 
Total Duration 141.35607409477 Detik 
------------------------- 
Tanggal: 15-11-2021 20:40:01 
Duration Download Forstok 10.721204996109 Detik
Duration Looping 700 Data 143.52075099945 Detik 
Total Duration 143.52086114883 Detik 
------------------------- 
Tanggal: 15-11-2021 20:45:01 
Duration Download Forstok 13.481658935547 Detik
Duration Looping 700 Data 135.37315201759 Detik 
Total Duration 135.37326693535 Detik 
------------------------- 
Tanggal: 15-11-2021 20:50:01 
Duration Download Forstok 10.00389790535 Detik
Duration Looping 700 Data 136.08758807182 Detik 
Total Duration 136.08775496483 Detik 
------------------------- 
Tanggal: 15-11-2021 20:55:01 
Duration Download Forstok 11.375920057297 Detik
Duration Looping 700 Data 147.15813016891 Detik 
Total Duration 147.15825009346 Detik 
------------------------- 
Tanggal: 15-11-2021 21:00:01 
Duration Download Forstok 11.29914188385 Detik
Duration Looping 700 Data 141.01093482971 Detik 
Total Duration 141.01104402542 Detik 
------------------------- 
Tanggal: 15-11-2021 21:05:01 
Duration Download Forstok 11.750478029251 Detik
Duration Looping 700 Data 136.18427705765 Detik 
Total Duration 136.18438911438 Detik 
------------------------- 
Tanggal: 15-11-2021 21:10:01 
Duration Download Forstok 14.693660974503 Detik
Duration Looping 700 Data 139.28241610527 Detik 
Total Duration 139.28254199028 Detik 
------------------------- 
Tanggal: 15-11-2021 21:15:01 
Duration Download Forstok 15.13294506073 Detik
Duration Looping 700 Data 140.68232989311 Detik 
Total Duration 140.68247294426 Detik 
------------------------- 
Tanggal: 15-11-2021 21:20:01 
Duration Download Forstok 13.313446998596 Detik
Duration Looping 700 Data 141.86253094673 Detik 
Total Duration 141.8626639843 Detik 
------------------------- 
Tanggal: 15-11-2021 21:25:01 
Duration Download Forstok 12.40402007103 Detik
Duration Looping 700 Data 134.7853679657 Detik 
Total Duration 134.7854449749 Detik 
------------------------- 
Tanggal: 15-11-2021 21:30:01 
Duration Download Forstok 12.300055980682 Detik
Duration Looping 700 Data 137.56210684776 Detik 
Total Duration 137.56222581863 Detik 
------------------------- 
Tanggal: 15-11-2021 21:35:01 
Duration Download Forstok 12.064182043076 Detik
Duration Looping 700 Data 140.2045841217 Detik 
Total Duration 140.20469689369 Detik 
------------------------- 
Tanggal: 15-11-2021 21:40:01 
Duration Download Forstok 10.812642097473 Detik
Duration Looping 700 Data 138.52418208122 Detik 
Total Duration 138.52429103851 Detik 
------------------------- 
Tanggal: 15-11-2021 21:45:02 
Duration Download Forstok 14.254419088364 Detik
Duration Looping 700 Data 135.57448410988 Detik 
Total Duration 135.57460093498 Detik 
------------------------- 
Tanggal: 15-11-2021 21:50:01 
Duration Download Forstok 14.730319976807 Detik
Duration Looping 700 Data 140.83289718628 Detik 
Total Duration 140.83301115036 Detik 
------------------------- 
Tanggal: 15-11-2021 21:55:01 
Duration Download Forstok 11.499617099762 Detik
Duration Looping 700 Data 137.83808493614 Detik 
Total Duration 137.8381819725 Detik 
------------------------- 
Tanggal: 15-11-2021 22:00:01 
Duration Download Forstok 12.508399009705 Detik
Duration Looping 700 Data 140.29089784622 Detik 
Total Duration 140.29101586342 Detik 
------------------------- 
Tanggal: 15-11-2021 22:05:01 
Duration Download Forstok 10.821984052658 Detik
Duration Looping 700 Data 130.87143492699 Detik 
Total Duration 130.87154698372 Detik 
------------------------- 
Tanggal: 15-11-2021 22:10:01 
Duration Download Forstok 22.544839143753 Detik
Duration Looping 700 Data 147.68143296242 Detik 
Total Duration 147.68154406548 Detik 
------------------------- 
Tanggal: 15-11-2021 22:15:01 
Duration Download Forstok 14.016670942307 Detik
Duration Looping 700 Data 148.45316886902 Detik 
Total Duration 148.45328593254 Detik 
------------------------- 
Tanggal: 15-11-2021 22:20:01 
Duration Download Forstok 19.295530796051 Detik
Duration Looping 700 Data 142.71574282646 Detik 
Total Duration 142.71585988998 Detik 
------------------------- 
Tanggal: 15-11-2021 22:25:01 
Duration Download Forstok 11.950278997421 Detik
Duration Looping 700 Data 134.74771213531 Detik 
Total Duration 134.74784708023 Detik 
------------------------- 
Tanggal: 15-11-2021 22:30:01 
Duration Download Forstok 19.499891042709 Detik
Duration Looping 700 Data 148.45301198959 Detik 
Total Duration 148.453125 Detik 
------------------------- 
Tanggal: 15-11-2021 22:35:01 
Duration Download Forstok 16.712603807449 Detik
Duration Looping 700 Data 139.26080393791 Detik 
Total Duration 139.26092195511 Detik 
------------------------- 
Tanggal: 15-11-2021 22:40:01 
Duration Download Forstok 20.286908864975 Detik
Duration Looping 700 Data 153.47325897217 Detik 
Total Duration 153.47337198257 Detik 
------------------------- 
Tanggal: 15-11-2021 22:45:01 
Duration Download Forstok 14.36988401413 Detik
Duration Looping 700 Data 140.90670919418 Detik 
Total Duration 140.90682506561 Detik 
------------------------- 
Tanggal: 15-11-2021 22:50:01 
Duration Download Forstok 12.113811969757 Detik
Duration Looping 700 Data 141.20297312737 Detik 
Total Duration 141.20309305191 Detik 
------------------------- 
Tanggal: 15-11-2021 22:55:01 
Duration Download Forstok 11.453752994537 Detik
Duration Looping 700 Data 136.0212290287 Detik 
Total Duration 136.02134990692 Detik 
------------------------- 
Tanggal: 15-11-2021 23:00:01 
Duration Download Forstok 13.023008823395 Detik
Duration Looping 700 Data 138.10574793816 Detik 
Total Duration 138.10585999489 Detik 
------------------------- 
Tanggal: 15-11-2021 23:05:01 
Duration Download Forstok 13.708673000336 Detik
Duration Looping 700 Data 138.92830514908 Detik 
Total Duration 138.92842316628 Detik 
------------------------- 
Tanggal: 15-11-2021 23:10:01 
Duration Download Forstok 16.978502988815 Detik
Duration Looping 700 Data 140.78715085983 Detik 
Total Duration 140.78726696968 Detik 
------------------------- 
Tanggal: 15-11-2021 23:15:01 
Duration Download Forstok 12.139222145081 Detik
Duration Looping 700 Data 147.36099004745 Detik 
Total Duration 147.36110305786 Detik 
------------------------- 
Tanggal: 15-11-2021 23:20:01 
Duration Download Forstok 10.412983894348 Detik
Duration Looping 700 Data 141.04390096664 Detik 
Total Duration 141.04405403137 Detik 
------------------------- 
Tanggal: 15-11-2021 23:25:01 
Duration Download Forstok 13.268707990646 Detik
Duration Looping 700 Data 138.18654489517 Detik 
Total Duration 138.18666481972 Detik 
------------------------- 
Tanggal: 15-11-2021 23:30:01 
Duration Download Forstok 12.695916891098 Detik
Duration Looping 700 Data 132.89713096619 Detik 
Total Duration 132.89724397659 Detik 
------------------------- 
Tanggal: 15-11-2021 23:35:01 
Duration Download Forstok 24.81662106514 Detik
Duration Looping 700 Data 147.07388210297 Detik 
Total Duration 147.07400417328 Detik 
------------------------- 
Tanggal: 15-11-2021 23:40:01 
Duration Download Forstok 11.233229875565 Detik
Duration Looping 700 Data 137.68122887611 Detik 
Total Duration 137.68134188652 Detik 
------------------------- 
Tanggal: 15-11-2021 23:45:01 
Duration Download Forstok 15.784164905548 Detik
Duration Looping 700 Data 142.54900312424 Detik 
Total Duration 142.54912304878 Detik 
------------------------- 
Tanggal: 15-11-2021 23:50:01 
Duration Download Forstok 11.434504985809 Detik
Duration Looping 700 Data 141.31727814674 Detik 
Total Duration 141.31739211082 Detik 
------------------------- 
Tanggal: 15-11-2021 23:55:01 
Duration Download Forstok 11.288794994354 Detik
Duration Looping 700 Data 132.88304781914 Detik 
Total Duration 132.88316082954 Detik 
------------------------- 
