Tanggal: 13-08-2022 00:00:01 
Duration Download Forstok 15.234444856644 Detik
Duration Looping 500 Data 805.36748695374 Detik 
Total Duration 805.39724802971 Detik 
------------------------- 
Tanggal: 13-08-2022 00:15:01 
Duration Download Forstok 13.507270097733 Detik
Duration Looping 500 Data 158.22361207008 Detik 
Total Duration 158.24826598167 Detik 
------------------------- 
Tanggal: 13-08-2022 00:20:01 
Duration Download Forstok 11.638402938843 Detik
Duration Looping 500 Data 152.8013188839 Detik 
Total Duration 152.82746195793 Detik 
------------------------- 
Tanggal: 13-08-2022 00:25:01 
Duration Download Forstok 9.6950509548187 Detik
Duration Looping 500 Data 163.2396709919 Detik 
Total Duration 163.26629900932 Detik 
------------------------- 
Tanggal: 13-08-2022 00:30:01 
Duration Download Forstok 14.157539844513 Detik
Duration Looping 500 Data 156.80713486671 Detik 
Total Duration 156.83534693718 Detik 
------------------------- 
Tanggal: 13-08-2022 00:35:01 
Duration Download Forstok 11.341922044754 Detik
Duration Looping 500 Data 159.39966487885 Detik 
Total Duration 159.42409896851 Detik 
------------------------- 
Tanggal: 13-08-2022 00:40:01 
Duration Download Forstok 11.261095046997 Detik
Duration Looping 500 Data 152.07541799545 Detik 
Total Duration 152.0993039608 Detik 
------------------------- 
Tanggal: 13-08-2022 00:45:01 
Duration Download Forstok 12.853888988495 Detik
Duration Looping 500 Data 170.26440906525 Detik 
Total Duration 170.29408192635 Detik 
------------------------- 
Tanggal: 13-08-2022 00:50:01 
Duration Download Forstok 12.346163988113 Detik
Duration Looping 500 Data 154.64238095284 Detik 
Total Duration 154.66732287407 Detik 
------------------------- 
Tanggal: 13-08-2022 00:55:01 
Duration Download Forstok 13.884713172913 Detik
Duration Looping 500 Data 158.06109905243 Detik 
Total Duration 158.08912014961 Detik 
------------------------- 
Tanggal: 13-08-2022 01:00:01 
Duration Download Forstok 12.335511922836 Detik
Duration Looping 500 Data 174.40943789482 Detik 
Total Duration 174.43626189232 Detik 
------------------------- 
Tanggal: 13-08-2022 01:05:01 
Duration Download Forstok 12.084855794907 Detik
Duration Looping 500 Data 151.00946378708 Detik 
Total Duration 151.03414201736 Detik 
------------------------- 
Tanggal: 13-08-2022 01:10:01 
Duration Download Forstok 11.776137113571 Detik
Duration Looping 500 Data 154.2403011322 Detik 
Total Duration 154.26368522644 Detik 
------------------------- 
Tanggal: 13-08-2022 01:15:01 
Duration Download Forstok 13.398271799088 Detik
Duration Looping 500 Data 150.99958491325 Detik 
Total Duration 151.02456498146 Detik 
------------------------- 
Tanggal: 13-08-2022 01:20:01 
Duration Download Forstok 16.187700033188 Detik
Duration Looping 500 Data 160.78376293182 Detik 
Total Duration 160.80795001984 Detik 
------------------------- 
Tanggal: 13-08-2022 01:25:01 
Duration Download Forstok 12.734317064285 Detik
Duration Looping 500 Data 153.71720504761 Detik 
Total Duration 153.73986697197 Detik 
------------------------- 
Tanggal: 13-08-2022 01:30:01 
Duration Download Forstok 21.385118961334 Detik
Duration Looping 500 Data 158.10944199562 Detik 
Total Duration 158.13319802284 Detik 
------------------------- 
Tanggal: 13-08-2022 01:35:01 
Duration Download Forstok 10.426482915878 Detik
Duration Looping 500 Data 150.22382497787 Detik 
Total Duration 150.24803900719 Detik 
------------------------- 
Tanggal: 13-08-2022 01:40:01 
Duration Download Forstok 11.232606172562 Detik
Duration Looping 500 Data 160.7708261013 Detik 
Total Duration 160.79476213455 Detik 
------------------------- 
Tanggal: 13-08-2022 01:45:01 
Duration Download Forstok 13.592579126358 Detik
Duration Looping 500 Data 160.05553412437 Detik 
Total Duration 160.07954001427 Detik 
------------------------- 
Tanggal: 13-08-2022 01:50:01 
Duration Download Forstok 13.168715000153 Detik
Duration Looping 500 Data 152.46830916405 Detik 
Total Duration 152.49219799042 Detik 
------------------------- 
Tanggal: 13-08-2022 01:55:01 
Duration Download Forstok 9.7561419010162 Detik
Duration Looping 500 Data 151.52931499481 Detik 
Total Duration 151.55314588547 Detik 
------------------------- 
Tanggal: 13-08-2022 02:00:01 
Duration Download Forstok 23.80700802803 Detik
Duration Looping 500 Data 170.45177602768 Detik 
Total Duration 170.47670888901 Detik 
------------------------- 
Tanggal: 13-08-2022 02:05:00 
Duration Download Forstok 12.751028060913 Detik
Duration Looping 500 Data 158.55934500694 Detik 
Total Duration 158.58350896835 Detik 
------------------------- 
Tanggal: 13-08-2022 02:10:01 
Duration Download Forstok 10.910084962845 Detik
Duration Looping 500 Data 153.06919193268 Detik 
Total Duration 153.0934779644 Detik 
------------------------- 
Tanggal: 13-08-2022 02:15:02 
Duration Download Forstok 15.385415077209 Detik
Duration Looping 500 Data 173.10843300819 Detik 
Total Duration 173.1371679306 Detik 
------------------------- 
Tanggal: 13-08-2022 02:20:01 
Duration Download Forstok 14.316618919373 Detik
Duration Looping 500 Data 166.53528094292 Detik 
Total Duration 166.56220507622 Detik 
------------------------- 
Tanggal: 13-08-2022 02:25:01 
Duration Download Forstok 11.576727151871 Detik
Duration Looping 500 Data 161.15955305099 Detik 
Total Duration 161.18336701393 Detik 
------------------------- 
Tanggal: 13-08-2022 02:30:01 
Duration Download Forstok 13.174751996994 Detik
Duration Looping 500 Data 158.05965185165 Detik 
Total Duration 158.08675599098 Detik 
------------------------- 
Tanggal: 13-08-2022 02:35:01 
Duration Download Forstok 11.203665018082 Detik
Duration Looping 500 Data 150.972178936 Detik 
Total Duration 150.99733686447 Detik 
------------------------- 
Tanggal: 13-08-2022 02:40:01 
Duration Download Forstok 12.72579407692 Detik
Duration Looping 500 Data 160.74792408943 Detik 
Total Duration 160.77025604248 Detik 
------------------------- 
Tanggal: 13-08-2022 02:45:01 
Duration Download Forstok 12.705075025558 Detik
Duration Looping 500 Data 154.77607798576 Detik 
Total Duration 154.80083298683 Detik 
------------------------- 
Tanggal: 13-08-2022 02:50:01 
Duration Download Forstok 12.24068903923 Detik
Duration Looping 500 Data 152.22303295135 Detik 
Total Duration 152.24701285362 Detik 
------------------------- 
Tanggal: 13-08-2022 02:55:01 
Duration Download Forstok 12.146274089813 Detik
Duration Looping 500 Data 153.23172903061 Detik 
Total Duration 153.25392508507 Detik 
------------------------- 
Tanggal: 13-08-2022 03:00:01 
Duration Download Forstok 10.270627975464 Detik
Duration Looping 500 Data 151.06080579758 Detik 
Total Duration 151.0884578228 Detik 
------------------------- 
Tanggal: 13-08-2022 03:05:01 
Duration Download Forstok 12.695171117783 Detik
Duration Looping 500 Data 155.09448218346 Detik 
Total Duration 155.11868810654 Detik 
------------------------- 
Tanggal: 13-08-2022 03:10:01 
Duration Download Forstok 11.875190973282 Detik
Duration Looping 500 Data 166.09630990028 Detik 
Total Duration 166.12053799629 Detik 
------------------------- 
Tanggal: 13-08-2022 03:15:01 
Duration Download Forstok 11.432353019714 Detik
Duration Looping 500 Data 158.05309295654 Detik 
Total Duration 158.07683515549 Detik 
------------------------- 
Tanggal: 13-08-2022 03:20:01 
Duration Download Forstok 13.007552146912 Detik
Duration Looping 500 Data 152.62700796127 Detik 
Total Duration 152.6517291069 Detik 
------------------------- 
Tanggal: 13-08-2022 03:25:01 
Duration Download Forstok 10.960608959198 Detik
Duration Looping 500 Data 147.39956498146 Detik 
Total Duration 147.42311692238 Detik 
------------------------- 
Tanggal: 13-08-2022 03:30:01 
Duration Download Forstok 12.564373016357 Detik
Duration Looping 500 Data 155.6210911274 Detik 
Total Duration 155.64535999298 Detik 
------------------------- 
Tanggal: 13-08-2022 03:35:01 
Duration Download Forstok 10.379241943359 Detik
Duration Looping 500 Data 148.15694904327 Detik 
Total Duration 148.18149995804 Detik 
------------------------- 
Tanggal: 13-08-2022 03:40:01 
Duration Download Forstok 12.972054958344 Detik
Duration Looping 500 Data 159.39088392258 Detik 
Total Duration 159.41314601898 Detik 
------------------------- 
Tanggal: 13-08-2022 03:45:01 
Duration Download Forstok 11.609339952469 Detik
Duration Looping 500 Data 152.22213482857 Detik 
Total Duration 152.24576187134 Detik 
------------------------- 
Tanggal: 13-08-2022 03:50:01 
Duration Download Forstok 12.061105966568 Detik
Duration Looping 500 Data 148.80853199959 Detik 
Total Duration 148.83204007149 Detik 
------------------------- 
Tanggal: 13-08-2022 03:55:01 
Duration Download Forstok 13.867141962051 Detik
Duration Looping 500 Data 160.70755505562 Detik 
Total Duration 160.73295497894 Detik 
------------------------- 
Tanggal: 13-08-2022 04:00:01 
Duration Download Forstok 16.883483886719 Detik
Duration Looping 500 Data 159.14421081543 Detik 
Total Duration 159.16772484779 Detik 
------------------------- 
Tanggal: 13-08-2022 04:05:01 
Duration Download Forstok 13.188960075378 Detik
Duration Looping 500 Data 152.53660297394 Detik 
Total Duration 152.56591701508 Detik 
------------------------- 
Tanggal: 13-08-2022 04:10:01 
Duration Download Forstok 13.380609035492 Detik
Duration Looping 500 Data 154.85188293457 Detik 
Total Duration 154.87805891037 Detik 
------------------------- 
Tanggal: 13-08-2022 04:15:01 
Duration Download Forstok 14.166495084763 Detik
Duration Looping 500 Data 164.89031600952 Detik 
Total Duration 164.91452407837 Detik 
------------------------- 
Tanggal: 13-08-2022 04:20:01 
Duration Download Forstok 12.532780885696 Detik
Duration Looping 500 Data 157.25340199471 Detik 
Total Duration 157.27685785294 Detik 
------------------------- 
Tanggal: 13-08-2022 04:25:01 
Duration Download Forstok 11.65482211113 Detik
Duration Looping 500 Data 157.44359612465 Detik 
Total Duration 157.46731209755 Detik 
------------------------- 
Tanggal: 13-08-2022 04:30:01 
Duration Download Forstok 14.079880952835 Detik
Duration Looping 500 Data 152.06484603882 Detik 
Total Duration 152.08899402618 Detik 
------------------------- 
Tanggal: 13-08-2022 04:35:01 
Duration Download Forstok 13.547314167023 Detik
Duration Looping 500 Data 158.64577817917 Detik 
Total Duration 158.66926503181 Detik 
------------------------- 
Tanggal: 13-08-2022 04:40:01 
Duration Download Forstok 12.110527038574 Detik
Duration Looping 500 Data 153.26515102386 Detik 
Total Duration 153.29095315933 Detik 
------------------------- 
Tanggal: 13-08-2022 04:45:01 
Duration Download Forstok 16.207392930984 Detik
Duration Looping 500 Data 160.0035469532 Detik 
Total Duration 160.03211784363 Detik 
------------------------- 
Tanggal: 13-08-2022 04:50:01 
Duration Download Forstok 13.83588385582 Detik
Duration Looping 500 Data 164.74423789978 Detik 
Total Duration 164.76973295212 Detik 
------------------------- 
Tanggal: 13-08-2022 04:55:01 
Duration Download Forstok 10.878734111786 Detik
Duration Looping 500 Data 151.44340896606 Detik 
Total Duration 151.46748805046 Detik 
------------------------- 
Tanggal: 13-08-2022 05:00:01 
Duration Download Forstok 26.300590991974 Detik
Duration Looping 500 Data 163.66543292999 Detik 
Total Duration 163.68845295906 Detik 
------------------------- 
Tanggal: 13-08-2022 05:05:01 
Duration Download Forstok 14.225388050079 Detik
Duration Looping 500 Data 163.54948115349 Detik 
Total Duration 163.57306218147 Detik 
------------------------- 
Tanggal: 13-08-2022 05:10:01 
Duration Download Forstok 12.345445871353 Detik
Duration Looping 500 Data 150.60552692413 Detik 
Total Duration 150.62985396385 Detik 
------------------------- 
Tanggal: 13-08-2022 05:15:01 
Duration Download Forstok 16.094136953354 Detik
Duration Looping 500 Data 152.85083603859 Detik 
Total Duration 152.87449288368 Detik 
------------------------- 
Tanggal: 13-08-2022 05:20:01 
Duration Download Forstok 13.479532957077 Detik
Duration Looping 500 Data 152.27550196648 Detik 
Total Duration 152.2993710041 Detik 
------------------------- 
Tanggal: 13-08-2022 05:25:01 
Duration Download Forstok 12.764345884323 Detik
Duration Looping 500 Data 153.19973993301 Detik 
Total Duration 153.22436499596 Detik 
------------------------- 
Tanggal: 13-08-2022 05:30:01 
Duration Download Forstok 12.853000879288 Detik
Duration Looping 500 Data 159.54510092735 Detik 
Total Duration 159.57309603691 Detik 
------------------------- 
Tanggal: 13-08-2022 05:35:01 
Duration Download Forstok 12.846916913986 Detik
Duration Looping 500 Data 155.55754995346 Detik 
Total Duration 155.58193993568 Detik 
------------------------- 
Tanggal: 13-08-2022 05:40:01 
Duration Download Forstok 14.229969978333 Detik
Duration Looping 500 Data 159.98385691643 Detik 
Total Duration 160.00934481621 Detik 
------------------------- 
Tanggal: 13-08-2022 05:45:01 
Duration Download Forstok 12.16130399704 Detik
Duration Looping 500 Data 149.87628984451 Detik 
Total Duration 149.90026378632 Detik 
------------------------- 
Tanggal: 13-08-2022 05:50:01 
Duration Download Forstok 16.643738031387 Detik
Duration Looping 500 Data 155.87532496452 Detik 
Total Duration 155.90287804604 Detik 
------------------------- 
Tanggal: 13-08-2022 05:55:01 
Duration Download Forstok 10.753942966461 Detik
Duration Looping 500 Data 149.09995698929 Detik 
Total Duration 149.12438702583 Detik 
------------------------- 
Tanggal: 13-08-2022 06:00:01 
Duration Download Forstok 20.460886955261 Detik
Duration Looping 500 Data 158.1171309948 Detik 
Total Duration 158.14104199409 Detik 
------------------------- 
Tanggal: 13-08-2022 06:05:01 
Duration Download Forstok 10.915288925171 Detik
Duration Looping 500 Data 154.20917105675 Detik 
Total Duration 154.23324203491 Detik 
------------------------- 
Tanggal: 13-08-2022 06:10:01 
Duration Download Forstok 13.018303871155 Detik
Duration Looping 500 Data 151.24154281616 Detik 
Total Duration 151.26489496231 Detik 
------------------------- 
Tanggal: 13-08-2022 06:15:01 
Duration Download Forstok 10.931938171387 Detik
Duration Looping 500 Data 148.12440919876 Detik 
Total Duration 148.14853715897 Detik 
------------------------- 
Tanggal: 13-08-2022 06:20:01 
Duration Download Forstok 14.844975948334 Detik
Duration Looping 500 Data 165.40623807907 Detik 
Total Duration 165.43399310112 Detik 
------------------------- 
Tanggal: 13-08-2022 06:25:01 
Duration Download Forstok 9.6325759887695 Detik
Duration Looping 500 Data 153.20498108864 Detik 
Total Duration 153.22832417488 Detik 
------------------------- 
Tanggal: 13-08-2022 06:30:01 
Duration Download Forstok 9.887039899826 Detik
Duration Looping 500 Data 153.51706790924 Detik 
Total Duration 153.54075193405 Detik 
------------------------- 
Tanggal: 13-08-2022 06:35:01 
Duration Download Forstok 10.327836990356 Detik
Duration Looping 500 Data 163.37516498566 Detik 
Total Duration 163.40408182144 Detik 
------------------------- 
Tanggal: 13-08-2022 06:40:01 
Duration Download Forstok 11.508691072464 Detik
Duration Looping 500 Data 163.37532711029 Detik 
Total Duration 163.39985108376 Detik 
------------------------- 
Tanggal: 13-08-2022 06:45:01 
Duration Download Forstok 11.589128017426 Detik
Duration Looping 500 Data 159.72612285614 Detik 
Total Duration 159.75397181511 Detik 
------------------------- 
Tanggal: 13-08-2022 06:50:01 
Duration Download Forstok 11.034348964691 Detik
Duration Looping 500 Data 160.97609114647 Detik 
Total Duration 161.00008106232 Detik 
------------------------- 
Tanggal: 13-08-2022 06:55:01 
Duration Download Forstok 11.045042037964 Detik
Duration Looping 500 Data 160.19603490829 Detik 
Total Duration 160.21989393234 Detik 
------------------------- 
Tanggal: 13-08-2022 07:00:01 
Duration Download Forstok 15.586405992508 Detik
Duration Looping 500 Data 159.49850893021 Detik 
Total Duration 159.52352404594 Detik 
------------------------- 
Tanggal: 13-08-2022 07:05:01 
Duration Download Forstok 13.952830076218 Detik
Duration Looping 500 Data 164.64172792435 Detik 
Total Duration 164.67161393166 Detik 
------------------------- 
Tanggal: 13-08-2022 07:10:01 
Duration Download Forstok 11.460180997849 Detik
Duration Looping 500 Data 159.38257980347 Detik 
Total Duration 159.40648889542 Detik 
------------------------- 
Tanggal: 13-08-2022 07:15:01 
Duration Download Forstok 12.718103885651 Detik
Duration Looping 500 Data 160.75706601143 Detik 
Total Duration 160.78350687027 Detik 
------------------------- 
Tanggal: 13-08-2022 07:20:01 
Duration Download Forstok 11.847179174423 Detik
Duration Looping 500 Data 159.97551417351 Detik 
Total Duration 160.00006914139 Detik 
------------------------- 
Tanggal: 13-08-2022 07:25:02 
Duration Download Forstok 11.085505962372 Detik
Duration Looping 500 Data 166.75192213058 Detik 
Total Duration 166.77626895905 Detik 
------------------------- 
Tanggal: 13-08-2022 07:30:01 
Duration Download Forstok 14.44421005249 Detik
Duration Looping 500 Data 155.13390898705 Detik 
Total Duration 155.16045117378 Detik 
------------------------- 
Tanggal: 13-08-2022 07:35:01 
Duration Download Forstok 10.70530796051 Detik
Duration Looping 500 Data 161.81859302521 Detik 
Total Duration 161.84429502487 Detik 
------------------------- 
Tanggal: 13-08-2022 07:40:01 
Duration Download Forstok 11.644185066223 Detik
Duration Looping 500 Data 158.77163004875 Detik 
Total Duration 158.79847097397 Detik 
------------------------- 
Tanggal: 13-08-2022 07:45:01 
Duration Download Forstok 13.380635023117 Detik
Duration Looping 500 Data 160.79366612434 Detik 
Total Duration 160.81816792488 Detik 
------------------------- 
Tanggal: 13-08-2022 07:50:01 
Duration Download Forstok 14.92112493515 Detik
Duration Looping 500 Data 162.00217103958 Detik 
Total Duration 162.0261349678 Detik 
------------------------- 
Tanggal: 13-08-2022 07:55:01 
Duration Download Forstok 10.321955919266 Detik
Duration Looping 500 Data 150.30874085426 Detik 
Total Duration 150.33580899239 Detik 
------------------------- 
Tanggal: 13-08-2022 08:00:01 
Duration Download Forstok 11.521943807602 Detik
Duration Looping 500 Data 166.68938803673 Detik 
Total Duration 166.71616697311 Detik 
------------------------- 
Tanggal: 13-08-2022 08:05:01 
Duration Download Forstok 10.7209379673 Detik
Duration Looping 500 Data 161.92289304733 Detik 
Total Duration 161.9493970871 Detik 
------------------------- 
Tanggal: 13-08-2022 08:10:01 
Duration Download Forstok 12.239644050598 Detik
Duration Looping 500 Data 160.59067821503 Detik 
Total Duration 160.61579203606 Detik 
------------------------- 
Tanggal: 13-08-2022 08:15:01 
Duration Download Forstok 10.445773839951 Detik
Duration Looping 500 Data 159.03433299065 Detik 
Total Duration 159.06939291954 Detik 
------------------------- 
Tanggal: 13-08-2022 08:20:01 
Duration Download Forstok 11.215996026993 Detik
Duration Looping 500 Data 162.36241006851 Detik 
Total Duration 162.38733792305 Detik 
------------------------- 
Tanggal: 13-08-2022 08:25:01 
Duration Download Forstok 9.297828912735 Detik
Duration Looping 500 Data 163.57795500755 Detik 
Total Duration 163.60672283173 Detik 
------------------------- 
Tanggal: 13-08-2022 08:30:02 
Duration Download Forstok 10.96227478981 Detik
Duration Looping 500 Data 172.68406891823 Detik 
Total Duration 172.71627092361 Detik 
------------------------- 
Tanggal: 13-08-2022 08:35:01 
Duration Download Forstok 8.7728931903839 Detik
Duration Looping 500 Data 173.13193511963 Detik 
Total Duration 173.1721701622 Detik 
------------------------- 
Tanggal: 13-08-2022 08:40:01 
Duration Download Forstok 11.412173986435 Detik
Duration Looping 500 Data 176.38017892838 Detik 
Total Duration 176.41057014465 Detik 
------------------------- 
Tanggal: 13-08-2022 08:45:01 
Duration Download Forstok 11.040543079376 Detik
Duration Looping 500 Data 171.1593580246 Detik 
Total Duration 171.18725705147 Detik 
------------------------- 
Tanggal: 13-08-2022 08:50:01 
Duration Download Forstok 10.855523109436 Detik
Duration Looping 500 Data 179.91145396233 Detik 
Total Duration 179.94561600685 Detik 
------------------------- 
Tanggal: 13-08-2022 08:55:01 
Duration Download Forstok 9.1295220851898 Detik
Duration Looping 500 Data 182.2109041214 Detik 
Total Duration 182.24757814407 Detik 
------------------------- 
Tanggal: 13-08-2022 09:00:01 
Duration Download Forstok 10.192990064621 Detik
Duration Looping 500 Data 182.80793499947 Detik 
Total Duration 182.84110498428 Detik 
------------------------- 
Tanggal: 13-08-2022 09:05:01 
Duration Download Forstok 11.204730987549 Detik
Duration Looping 500 Data 184.49524712563 Detik 
Total Duration 184.52411913872 Detik 
------------------------- 
Tanggal: 13-08-2022 09:10:01 
Duration Download Forstok 11.225506067276 Detik
Duration Looping 500 Data 175.83675599098 Detik 
Total Duration 175.86855602264 Detik 
------------------------- 
Tanggal: 13-08-2022 09:15:01 
Duration Download Forstok 11.620101928711 Detik
Duration Looping 500 Data 176.4272480011 Detik 
Total Duration 176.45380806923 Detik 
------------------------- 
Tanggal: 13-08-2022 09:20:01 
Duration Download Forstok 10.720278978348 Detik
Duration Looping 500 Data 176.93994808197 Detik 
Total Duration 176.96946310997 Detik 
------------------------- 
Tanggal: 13-08-2022 09:25:01 
Duration Download Forstok 12.641464948654 Detik
Duration Looping 500 Data 175.61442112923 Detik 
Total Duration 175.64836406708 Detik 
------------------------- 
Tanggal: 13-08-2022 09:30:01 
Duration Download Forstok 10.349228143692 Detik
Duration Looping 500 Data 183.28369498253 Detik 
Total Duration 183.31378698349 Detik 
------------------------- 
Tanggal: 13-08-2022 09:35:01 
Duration Download Forstok 9.3203501701355 Detik
Duration Looping 500 Data 178.27714014053 Detik 
Total Duration 178.3054060936 Detik 
------------------------- 
Tanggal: 13-08-2022 09:40:01 
Duration Download Forstok 11.024281024933 Detik
Duration Looping 500 Data 176.65471887589 Detik 
Total Duration 176.68333387375 Detik 
------------------------- 
Tanggal: 13-08-2022 09:45:01 
Duration Download Forstok 10.28756403923 Detik
Duration Looping 500 Data 171.68680405617 Detik 
Total Duration 171.71314692497 Detik 
------------------------- 
Tanggal: 13-08-2022 09:50:01 
Duration Download Forstok 10.084477186203 Detik
Duration Looping 500 Data 164.03441214561 Detik 
Total Duration 164.06926608086 Detik 
------------------------- 
Tanggal: 13-08-2022 09:55:01 
Duration Download Forstok 8.8406980037689 Detik
Duration Looping 500 Data 168.84527206421 Detik 
Tanggal: 13-08-2022 10:00:01 
Duration Download Forstok 11.000941038132 Detik
Duration Looping 500 Data 172.16151499748 Detik 
Tanggal: 13-08-2022 10:05:01 
Duration Download Forstok 10.343483924866 Detik
Duration Looping 500 Data 162.64237594604 Detik 
Tanggal: 13-08-2022 10:10:01 
Duration Download Forstok 13.268923997879 Detik
Duration Looping 500 Data 166.00040602684 Detik 
Tanggal: 13-08-2022 10:15:02 
Duration Download Forstok 11.479179859161 Detik
Duration Looping 500 Data 173.62645506859 Detik 
Tanggal: 13-08-2022 10:20:01 
Duration Download Forstok 11.004738092422 Detik
Duration Looping 500 Data 166.69459104538 Detik 
Tanggal: 13-08-2022 10:25:01 
Duration Download Forstok 8.9346749782562 Detik
Duration Looping 500 Data 171.01793384552 Detik 
Tanggal: 13-08-2022 10:30:01 
Duration Download Forstok 12.477654933929 Detik
Duration Looping 500 Data 169.8803460598 Detik 
Tanggal: 13-08-2022 10:35:01 
Duration Download Forstok 16.532855987549 Detik
Duration Looping 500 Data 174.08730506897 Detik 
Tanggal: 13-08-2022 10:40:01 
Duration Download Forstok 10.474329948425 Detik
Duration Looping 500 Data 166.13465809822 Detik 
Tanggal: 13-08-2022 10:45:01 
Duration Download Forstok 12.322923898697 Detik
Duration Looping 500 Data 168.82319498062 Detik 
Tanggal: 13-08-2022 10:50:01 
Duration Download Forstok 10.336184978485 Detik
Duration Looping 500 Data 175.44333004951 Detik 
Tanggal: 13-08-2022 10:55:01 
Duration Download Forstok 11.77242398262 Detik
Duration Looping 500 Data 170.38901090622 Detik 
Tanggal: 13-08-2022 11:00:01 
Duration Download Forstok 10.052990913391 Detik
Duration Looping 500 Data 186.91361403465 Detik 
Tanggal: 13-08-2022 11:05:01 
Duration Download Forstok 12.556766986847 Detik
Duration Looping 500 Data 181.72189998627 Detik 
Tanggal: 13-08-2022 11:10:01 
Duration Download Forstok 10.23962688446 Detik
Duration Looping 500 Data 178.49317002296 Detik 
Tanggal: 13-08-2022 11:15:01 
Duration Download Forstok 11.071949958801 Detik
Duration Looping 500 Data 185.71421313286 Detik 
Tanggal: 13-08-2022 11:20:01 
Duration Download Forstok 11.059406042099 Detik
Duration Looping 500 Data 187.79264783859 Detik 
Tanggal: 13-08-2022 11:25:01 
Duration Download Forstok 11.434465885162 Detik
Duration Looping 500 Data 193.82130599022 Detik 
Total Duration 193.87383389473 Detik 
------------------------- 
Tanggal: 13-08-2022 11:30:01 
Duration Download Forstok 9.8200988769531 Detik
Duration Looping 500 Data 177.34471106529 Detik 
Total Duration 177.37275791168 Detik 
------------------------- 
Tanggal: 13-08-2022 11:35:01 
Duration Download Forstok 10.083231925964 Detik
Duration Looping 500 Data 179.96328401566 Detik 
Total Duration 179.99492311478 Detik 
------------------------- 
Tanggal: 13-08-2022 11:40:01 
Duration Download Forstok 13.211138963699 Detik
Duration Looping 500 Data 190.86082410812 Detik 
Total Duration 190.89137816429 Detik 
------------------------- 
Tanggal: 13-08-2022 11:45:01 
Duration Download Forstok 13.384908914566 Detik
Duration Looping 500 Data 182.28026199341 Detik 
Tanggal: 13-08-2022 11:50:01 
Duration Download Forstok 10.388679981232 Detik
Duration Looping 500 Data 180.97892189026 Detik 
Tanggal: 13-08-2022 11:55:01 
Duration Download Forstok 10.447419881821 Detik
Duration Looping 500 Data 183.9768409729 Detik 
Tanggal: 13-08-2022 12:00:01 
Duration Download Forstok 11.833148002625 Detik
Duration Looping 500 Data 188.63104200363 Detik 
Tanggal: 13-08-2022 12:05:01 
Duration Download Forstok 9.8021268844604 Detik
Duration Looping 500 Data 181.57052397728 Detik 
Tanggal: 13-08-2022 12:10:01 
Duration Download Forstok 11.459492921829 Detik
Duration Looping 500 Data 177.11153793335 Detik 
Tanggal: 13-08-2022 12:15:01 
Duration Download Forstok 11.712826967239 Detik
Duration Looping 500 Data 181.18092107773 Detik 
Tanggal: 13-08-2022 12:20:01 
Duration Download Forstok 11.015828847885 Detik
Duration Looping 500 Data 177.46077394485 Detik 
Tanggal: 13-08-2022 12:25:00 
Duration Download Forstok 14.067617893219 Detik
Duration Looping 500 Data 169.58384895325 Detik 
Tanggal: 13-08-2022 12:30:01 
Duration Download Forstok 11.478272914886 Detik
Duration Looping 500 Data 171.09834504128 Detik 
Tanggal: 13-08-2022 12:35:01 
Duration Download Forstok 10.542400836945 Detik
Duration Looping 500 Data 171.20005583763 Detik 
Tanggal: 13-08-2022 12:40:01 
Duration Download Forstok 11.128668069839 Detik
Duration Looping 500 Data 170.67013716698 Detik 
Tanggal: 13-08-2022 12:45:01 
Duration Download Forstok 12.93380188942 Detik
Duration Looping 500 Data 178.3161380291 Detik 
Tanggal: 13-08-2022 12:50:01 
Duration Download Forstok 12.325367927551 Detik
Duration Looping 500 Data 176.4936029911 Detik 
Tanggal: 13-08-2022 12:55:01 
Duration Download Forstok 15.439471006393 Detik
Duration Looping 500 Data 174.59589910507 Detik 
Tanggal: 13-08-2022 13:00:01 
Duration Download Forstok 13.21658205986 Detik
Duration Looping 500 Data 192.91327404976 Detik 
Tanggal: 13-08-2022 13:05:01 
Duration Download Forstok 10.240226984024 Detik
Duration Looping 500 Data 170.01238894463 Detik 
Tanggal: 13-08-2022 13:10:01 
Duration Download Forstok 10.553162097931 Detik
Duration Looping 500 Data 165.73488807678 Detik 
Tanggal: 13-08-2022 13:15:01 
Duration Download Forstok 10.585188150406 Detik
Duration Looping 500 Data 166.59793901443 Detik 
Tanggal: 13-08-2022 13:20:01 
Duration Download Forstok 10.610028982162 Detik
Duration Looping 500 Data 164.88352012634 Detik 
Tanggal: 13-08-2022 13:25:01 
Duration Download Forstok 10.737607955933 Detik
Duration Looping 500 Data 160.57874202728 Detik 
Tanggal: 13-08-2022 13:30:01 
Duration Download Forstok 12.58873295784 Detik
Duration Looping 500 Data 171.37677502632 Detik 
Tanggal: 13-08-2022 13:35:01 
Duration Download Forstok 10.974606990814 Detik
Duration Looping 500 Data 161.67491698265 Detik 
Tanggal: 13-08-2022 13:40:01 
Duration Download Forstok 10.775127887726 Detik
Duration Looping 500 Data 159.6682100296 Detik 
Tanggal: 13-08-2022 13:45:02 
Duration Download Forstok 11.968179941177 Detik
Duration Looping 500 Data 172.65950012207 Detik 
Tanggal: 13-08-2022 13:50:01 
Duration Download Forstok 10.665061950684 Detik
Duration Looping 500 Data 163.51277399063 Detik 
Tanggal: 13-08-2022 13:55:01 
Duration Download Forstok 11.660818815231 Detik
Duration Looping 500 Data 168.34467387199 Detik 
Tanggal: 13-08-2022 14:00:02 
Duration Download Forstok 14.359749794006 Detik
Duration Looping 500 Data 176.32443284988 Detik 
Tanggal: 13-08-2022 14:05:01 
Duration Download Forstok 11.178900003433 Detik
Duration Looping 500 Data 164.69778704643 Detik 
Tanggal: 13-08-2022 14:10:01 
Duration Download Forstok 12.518548965454 Detik
Duration Looping 500 Data 166.38873910904 Detik 
Tanggal: 13-08-2022 14:15:01 
Duration Download Forstok 11.766571044922 Detik
Duration Looping 500 Data 167.04985785484 Detik 
Tanggal: 13-08-2022 14:20:01 
Duration Download Forstok 9.3263759613037 Detik
Duration Looping 500 Data 161.8166410923 Detik 
Tanggal: 13-08-2022 14:25:01 
Duration Download Forstok 10.025452136993 Detik
Duration Looping 500 Data 156.3728659153 Detik 
Tanggal: 13-08-2022 14:30:01 
Duration Download Forstok 9.7872989177704 Detik
Duration Looping 500 Data 165.01559495926 Detik 
Tanggal: 13-08-2022 14:35:02 
Duration Download Forstok 11.200898170471 Detik
Duration Looping 500 Data 162.63212704659 Detik 
Tanggal: 13-08-2022 14:40:01 
Duration Download Forstok 10.364614963531 Detik
Duration Looping 500 Data 159.3602449894 Detik 
Tanggal: 13-08-2022 14:45:01 
Duration Download Forstok 12.236577987671 Detik
Duration Looping 500 Data 160.47635293007 Detik 
Tanggal: 13-08-2022 14:50:01 
Duration Download Forstok 13.843320131302 Detik
Duration Looping 500 Data 164.61585307121 Detik 
Tanggal: 13-08-2022 14:55:01 
Duration Download Forstok 10.341237068176 Detik
Duration Looping 500 Data 164.58328008652 Detik 
Tanggal: 13-08-2022 15:00:01 
Duration Download Forstok 12.212429046631 Detik
Duration Looping 500 Data 166.77974104881 Detik 
Tanggal: 13-08-2022 15:05:01 
Duration Download Forstok 11.420377016068 Detik
Duration Looping 500 Data 157.47268915176 Detik 
Tanggal: 13-08-2022 15:10:01 
Duration Download Forstok 12.049556016922 Detik
Duration Looping 500 Data 156.58506083488 Detik 
Tanggal: 13-08-2022 15:15:01 
Duration Download Forstok 13.784997940063 Detik
Duration Looping 500 Data 157.24303293228 Detik 
Tanggal: 13-08-2022 15:20:01 
Duration Download Forstok 16.803395032883 Detik
Duration Looping 500 Data 169.36330389977 Detik 
Tanggal: 13-08-2022 15:25:01 
Duration Download Forstok 12.726108074188 Detik
Duration Looping 500 Data 156.75336098671 Detik 
Tanggal: 13-08-2022 15:30:01 
Duration Download Forstok 11.714265823364 Detik
Duration Looping 500 Data 174.75498890877 Detik 
Tanggal: 13-08-2022 15:35:01 
Duration Download Forstok 10.224877119064 Detik
Duration Looping 500 Data 167.95865797997 Detik 
Tanggal: 13-08-2022 15:40:01 
Duration Download Forstok 10.555889844894 Detik
Duration Looping 500 Data 165.37771201134 Detik 
Tanggal: 13-08-2022 15:45:01 
Duration Download Forstok 13.646139860153 Detik
Duration Looping 500 Data 171.63501906395 Detik 
Tanggal: 13-08-2022 15:50:01 
Duration Download Forstok 13.309285879135 Detik
Duration Looping 500 Data 164.49681305885 Detik 
Tanggal: 13-08-2022 15:55:01 
Duration Download Forstok 9.2966129779816 Detik
Duration Looping 500 Data 155.71660494804 Detik 
Tanggal: 13-08-2022 16:00:01 
Duration Download Forstok 12.76554107666 Detik
Duration Looping 500 Data 170.00785398483 Detik 
Tanggal: 13-08-2022 16:05:01 
Duration Download Forstok 11.028864860535 Detik
Duration Looping 500 Data 162.57678103447 Detik 
Tanggal: 13-08-2022 16:10:01 
Duration Download Forstok 17.492650985718 Detik
Duration Looping 500 Data 170.04194498062 Detik 
Tanggal: 13-08-2022 16:15:01 
Duration Download Forstok 10.344787836075 Detik
Duration Looping 500 Data 166.14990997314 Detik 
Tanggal: 13-08-2022 16:20:01 
Duration Download Forstok 13.243309020996 Detik
Duration Looping 500 Data 169.60933804512 Detik 
Tanggal: 13-08-2022 16:25:01 
Duration Download Forstok 10.618503093719 Detik
Duration Looping 500 Data 158.26333904266 Detik 
Tanggal: 13-08-2022 16:30:01 
Duration Download Forstok 11.533288002014 Detik
Duration Looping 500 Data 159.52303504944 Detik 
Tanggal: 13-08-2022 16:35:01 
Duration Download Forstok 10.389041900635 Detik
Duration Looping 500 Data 155.76144504547 Detik 
Tanggal: 13-08-2022 16:40:01 
Duration Download Forstok 11.043439865112 Detik
Duration Looping 500 Data 162.40248394012 Detik 
Tanggal: 13-08-2022 16:45:01 
Duration Download Forstok 14.068212985992 Detik
Duration Looping 500 Data 161.28799104691 Detik 
Tanggal: 13-08-2022 16:50:01 
Duration Download Forstok 10.917230844498 Detik
Duration Looping 500 Data 160.84440493584 Detik 
Tanggal: 13-08-2022 16:55:01 
Duration Download Forstok 9.3614869117737 Detik
Duration Looping 500 Data 159.08584809303 Detik 
Tanggal: 13-08-2022 17:00:01 
Duration Download Forstok 16.13637304306 Detik
Duration Looping 500 Data 169.94084906578 Detik 
Tanggal: 13-08-2022 17:05:01 
Duration Download Forstok 9.4694039821625 Detik
Duration Looping 500 Data 155.24773287773 Detik 
Tanggal: 13-08-2022 17:10:01 
Duration Download Forstok 15.568037986755 Detik
Duration Looping 500 Data 172.85872793198 Detik 
Tanggal: 13-08-2022 17:15:01 
Duration Download Forstok 12.800683021545 Detik
Duration Looping 500 Data 157.76361513138 Detik 
Tanggal: 13-08-2022 17:20:01 
Duration Download Forstok 12.137220144272 Detik
Duration Looping 500 Data 162.90110421181 Detik 
Tanggal: 13-08-2022 17:25:01 
Duration Download Forstok 12.607667922974 Detik
Duration Looping 500 Data 160.57943201065 Detik 
Tanggal: 13-08-2022 17:30:01 
Duration Download Forstok 12.864331960678 Detik
Duration Looping 500 Data 161.11066389084 Detik 
Tanggal: 13-08-2022 17:35:01 
Duration Download Forstok 12.306875944138 Detik
Duration Looping 500 Data 173.94906806946 Detik 
Tanggal: 13-08-2022 17:40:01 
Duration Download Forstok 10.908411979675 Detik
Duration Looping 500 Data 161.92185997963 Detik 
Tanggal: 13-08-2022 17:45:01 
Duration Download Forstok 11.609934091568 Detik
Duration Looping 500 Data 159.59560918808 Detik 
Tanggal: 13-08-2022 17:50:01 
Duration Download Forstok 20.332947015762 Detik
Duration Looping 500 Data 166.02681803703 Detik 
Tanggal: 13-08-2022 17:55:01 
Duration Download Forstok 11.506834030151 Detik
Duration Looping 500 Data 168.8267250061 Detik 
Tanggal: 13-08-2022 18:00:01 
Duration Download Forstok 14.572860002518 Detik
Duration Looping 500 Data 164.78015422821 Detik 
Tanggal: 13-08-2022 18:05:01 
Duration Download Forstok 10.416936159134 Detik
Duration Looping 500 Data 161.71422696114 Detik 
Tanggal: 13-08-2022 18:10:01 
Duration Download Forstok 12.195185184479 Detik
Duration Looping 500 Data 165.5870051384 Detik 
Tanggal: 13-08-2022 18:15:01 
Duration Download Forstok 17.333852052689 Detik
Duration Looping 500 Data 168.85678911209 Detik 
Tanggal: 13-08-2022 18:20:02 
Duration Download Forstok 13.271112203598 Detik
Duration Looping 500 Data 165.22914004326 Detik 
Tanggal: 13-08-2022 18:25:01 
Duration Download Forstok 9.4854991436005 Detik
Duration Looping 500 Data 156.48435711861 Detik 
Tanggal: 13-08-2022 18:30:01 
Duration Download Forstok 11.420502901077 Detik
Duration Looping 500 Data 168.25946593285 Detik 
Tanggal: 13-08-2022 18:35:01 
Duration Download Forstok 12.355310916901 Detik
Duration Looping 500 Data 158.85899686813 Detik 
Tanggal: 13-08-2022 18:40:02 
Duration Download Forstok 10.125045061111 Detik
Duration Looping 500 Data 166.76522493362 Detik 
Tanggal: 13-08-2022 18:45:01 
Duration Download Forstok 12.147270917892 Detik
Duration Looping 500 Data 163.47924780846 Detik 
Tanggal: 13-08-2022 18:50:01 
Duration Download Forstok 12.485599040985 Detik
Duration Looping 500 Data 161.83437204361 Detik 
Tanggal: 13-08-2022 18:55:01 
Duration Download Forstok 9.104887008667 Detik
Duration Looping 500 Data 157.12959694862 Detik 
Tanggal: 13-08-2022 19:00:01 
Duration Download Forstok 12.126059055328 Detik
Duration Looping 500 Data 165.98722219467 Detik 
Tanggal: 13-08-2022 19:05:01 
Duration Download Forstok 10.5446870327 Detik
Duration Looping 500 Data 159.95746803284 Detik 
Tanggal: 13-08-2022 19:10:01 
Duration Download Forstok 13.655179023743 Detik
Duration Looping 500 Data 164.11442708969 Detik 
Tanggal: 13-08-2022 19:15:01 
Duration Download Forstok 13.148025989532 Detik
Duration Looping 500 Data 160.0317299366 Detik 
Tanggal: 13-08-2022 19:20:01 
Duration Download Forstok 9.3758738040924 Detik
Duration Looping 500 Data 169.68680500984 Detik 
Tanggal: 13-08-2022 19:25:01 
Duration Download Forstok 11.613265991211 Detik
Duration Looping 500 Data 169.10970711708 Detik 
Tanggal: 13-08-2022 19:30:02 
Duration Download Forstok 10.677232980728 Detik
Duration Looping 500 Data 166.16778898239 Detik 
Tanggal: 13-08-2022 19:35:01 
Duration Download Forstok 13.982105016708 Detik
Duration Looping 500 Data 166.84891605377 Detik 
Tanggal: 13-08-2022 19:40:01 
Duration Download Forstok 10.252489089966 Detik
Duration Looping 500 Data 170.21947097778 Detik 
Tanggal: 13-08-2022 19:45:01 
Duration Download Forstok 11.911946058273 Detik
Duration Looping 500 Data 158.19975709915 Detik 
Tanggal: 13-08-2022 19:50:01 
Duration Download Forstok 10.905457019806 Detik
Duration Looping 500 Data 164.03442287445 Detik 
Tanggal: 13-08-2022 19:55:01 
Duration Download Forstok 17.486240148544 Detik
Duration Looping 500 Data 170.22481608391 Detik 
Tanggal: 13-08-2022 20:00:01 
Duration Download Forstok 12.183526039124 Detik
Duration Looping 500 Data 172.81398391724 Detik 
Tanggal: 13-08-2022 20:05:01 
Duration Download Forstok 9.3193800449371 Detik
Duration Looping 500 Data 162.60642910004 Detik 
Tanggal: 13-08-2022 20:10:01 
Duration Download Forstok 12.355711936951 Detik
Duration Looping 500 Data 158.34851384163 Detik 
Tanggal: 13-08-2022 20:15:01 
Duration Download Forstok 12.713376045227 Detik
Duration Looping 500 Data 163.64851403236 Detik 
Tanggal: 13-08-2022 20:20:02 
Duration Download Forstok 11.244535923004 Detik
Duration Looping 500 Data 174.9783809185 Detik 
Tanggal: 13-08-2022 20:25:01 
Duration Download Forstok 10.284071207047 Detik
Duration Looping 500 Data 163.38602018356 Detik 
Tanggal: 13-08-2022 20:30:01 
Duration Download Forstok 11.572211027145 Detik
Duration Looping 500 Data 159.08284902573 Detik 
Tanggal: 13-08-2022 20:35:01 
Duration Download Forstok 11.624278068542 Detik
Duration Looping 500 Data 166.5924270153 Detik 
Tanggal: 13-08-2022 20:40:01 
Duration Download Forstok 11.343070983887 Detik
Duration Looping 500 Data 161.46264481544 Detik 
Tanggal: 13-08-2022 20:45:01 
Duration Download Forstok 10.647557973862 Detik
Duration Looping 500 Data 163.62363791466 Detik 
Tanggal: 13-08-2022 20:50:01 
Duration Download Forstok 16.68727684021 Detik
Duration Looping 500 Data 171.8875079155 Detik 
Tanggal: 13-08-2022 20:55:01 
Duration Download Forstok 9.2453420162201 Detik
Duration Looping 500 Data 169.32947301865 Detik 
Tanggal: 13-08-2022 21:00:01 
Duration Download Forstok 16.577766180038 Detik
Duration Looping 500 Data 163.6959130764 Detik 
Tanggal: 13-08-2022 21:05:01 
Duration Download Forstok 10.988629102707 Detik
Duration Looping 500 Data 163.60707902908 Detik 
Tanggal: 13-08-2022 21:10:01 
Duration Download Forstok 11.48153090477 Detik
Duration Looping 500 Data 170.60459399223 Detik 
Tanggal: 13-08-2022 21:15:01 
Duration Download Forstok 10.738920927048 Detik
Duration Looping 500 Data 160.02143883705 Detik 
Tanggal: 13-08-2022 21:20:01 
Duration Download Forstok 10.438957929611 Detik
Duration Looping 500 Data 165.09756588936 Detik 
Tanggal: 13-08-2022 21:25:01 
Duration Download Forstok 12.704334974289 Detik
Duration Looping 500 Data 160.71061706543 Detik 
Tanggal: 13-08-2022 21:30:01 
Duration Download Forstok 10.602191925049 Detik
Duration Looping 500 Data 157.14648294449 Detik 
Tanggal: 13-08-2022 21:35:01 
Duration Download Forstok 12.636113882065 Detik
Duration Looping 500 Data 169.55419182777 Detik 
Tanggal: 13-08-2022 21:40:01 
Duration Download Forstok 10.75967001915 Detik
Duration Looping 500 Data 170.50578212738 Detik 
Tanggal: 13-08-2022 21:45:01 
Duration Download Forstok 11.827584981918 Detik
Duration Looping 500 Data 171.54165291786 Detik 
Tanggal: 13-08-2022 21:50:01 
Duration Download Forstok 15.638376951218 Detik
Duration Looping 500 Data 172.11513495445 Detik 
Tanggal: 13-08-2022 21:55:01 
Duration Download Forstok 10.534231901169 Detik
Duration Looping 500 Data 153.92317199707 Detik 
Tanggal: 13-08-2022 22:00:01 
Duration Download Forstok 12.439152956009 Detik
Duration Looping 500 Data 169.57521104813 Detik 
Tanggal: 13-08-2022 22:05:01 
Duration Download Forstok 13.439256906509 Detik
Duration Looping 500 Data 160.95449090004 Detik 
Tanggal: 13-08-2022 22:10:01 
Duration Download Forstok 11.420902013779 Detik
Duration Looping 500 Data 160.75516796112 Detik 
Tanggal: 13-08-2022 22:15:01 
Duration Download Forstok 15.343154191971 Detik
Duration Looping 500 Data 170.62236714363 Detik 
Tanggal: 13-08-2022 22:20:01 
Duration Download Forstok 10.739578008652 Detik
Duration Looping 500 Data 158.24367499352 Detik 
Tanggal: 13-08-2022 22:25:01 
Duration Download Forstok 10.752051830292 Detik
Duration Looping 500 Data 163.57245397568 Detik 
Tanggal: 13-08-2022 22:30:02 
Duration Download Forstok 10.252207040787 Detik
Duration Looping 500 Data 158.32799386978 Detik 
Tanggal: 13-08-2022 22:35:01 
Duration Download Forstok 16.910023927689 Detik
Duration Looping 500 Data 166.21464514732 Detik 
Tanggal: 13-08-2022 22:40:01 
Duration Download Forstok 12.580673933029 Detik
Duration Looping 500 Data 163.18561887741 Detik 
Tanggal: 13-08-2022 22:45:01 
Duration Download Forstok 16.444435834885 Detik
Duration Looping 500 Data 170.75051498413 Detik 
Tanggal: 13-08-2022 22:50:01 
Duration Download Forstok 9.9549238681793 Detik
Duration Looping 500 Data 164.04831290245 Detik 
Tanggal: 13-08-2022 22:55:01 
Duration Download Forstok 11.969791889191 Detik
Duration Looping 500 Data 167.84638190269 Detik 
Tanggal: 13-08-2022 23:00:02 
Duration Download Forstok 12.440826892853 Detik
Duration Looping 500 Data 162.96220898628 Detik 
Tanggal: 13-08-2022 23:05:01 
Duration Download Forstok 11.51167011261 Detik
Duration Looping 500 Data 159.30096507072 Detik 
Tanggal: 13-08-2022 23:10:01 
Duration Download Forstok 13.412048101425 Detik
Duration Looping 500 Data 162.24920296669 Detik 
Tanggal: 13-08-2022 23:15:01 
Duration Download Forstok 10.374433040619 Detik
Duration Looping 500 Data 163.29560518265 Detik 
Tanggal: 13-08-2022 23:20:01 
Duration Download Forstok 13.62156701088 Detik
Duration Looping 500 Data 170.65535998344 Detik 
Tanggal: 13-08-2022 23:25:01 
Duration Download Forstok 10.593576908112 Detik
Duration Looping 500 Data 160.05326604843 Detik 
Tanggal: 13-08-2022 23:30:01 
Duration Download Forstok 14.149250984192 Detik
Duration Looping 500 Data 163.67410182953 Detik 
Tanggal: 13-08-2022 23:35:01 
Duration Download Forstok 9.98446393013 Detik
Duration Looping 500 Data 155.15462803841 Detik 
Tanggal: 13-08-2022 23:40:01 
Duration Download Forstok 13.159155845642 Detik
Duration Looping 500 Data 159.28027796745 Detik 
Tanggal: 13-08-2022 23:45:01 
Duration Download Forstok 14.158007144928 Detik
Duration Looping 500 Data 165.66016101837 Detik 
Tanggal: 13-08-2022 23:50:02 
Duration Download Forstok 9.9753918647766 Detik
Duration Looping 500 Data 161.54378604889 Detik 
Tanggal: 13-08-2022 23:55:01 
Duration Download Forstok 10.566540956497 Detik
Duration Looping 500 Data 160.69209504128 Detik 
