Tanggal: 14-02-2022 00:00:01 
Duration Download Forstok 15.24946308136 Detik
Duration Looping 700 Data 557.15473818779 Detik 
Total Duration 557.1556930542 Detik 
------------------------- 
Tanggal: 14-02-2022 00:10:01 
Duration Download Forstok 15.363303899765 Detik
Duration Looping 700 Data 164.08036589622 Detik 
Total Duration 164.08047890663 Detik 
------------------------- 
Tanggal: 14-02-2022 00:15:01 
Duration Download Forstok 14.661278009415 Detik
Duration Looping 700 Data 194.96995806694 Detik 
Total Duration 194.97009706497 Detik 
------------------------- 
Tanggal: 14-02-2022 00:20:02 
Duration Download Forstok 15.360758066177 Detik
Duration Looping 700 Data 162.47759103775 Detik 
Total Duration 162.47771406174 Detik 
------------------------- 
Tanggal: 14-02-2022 00:25:01 
Duration Download Forstok 12.186923980713 Detik
Duration Looping 700 Data 165.95587897301 Detik 
Total Duration 165.95599293709 Detik 
------------------------- 
Tanggal: 14-02-2022 00:30:01 
Duration Download Forstok 13.191675901413 Detik
Duration Looping 700 Data 168.72738194466 Detik 
Total Duration 168.72751283646 Detik 
------------------------- 
Tanggal: 14-02-2022 00:35:01 
Duration Download Forstok 14.507579088211 Detik
Duration Looping 700 Data 157.8191640377 Detik 
Total Duration 157.819272995 Detik 
------------------------- 
Tanggal: 14-02-2022 00:40:01 
Duration Download Forstok 18.448503017426 Detik
Duration Looping 700 Data 161.23698186874 Detik 
Total Duration 161.23709392548 Detik 
------------------------- 
Tanggal: 14-02-2022 00:45:01 
Duration Download Forstok 14.393804073334 Detik
Duration Looping 700 Data 159.60118603706 Detik 
Total Duration 159.60130095482 Detik 
------------------------- 
Tanggal: 14-02-2022 00:50:01 
Duration Download Forstok 13.232408046722 Detik
Duration Looping 700 Data 159.34926199913 Detik 
Total Duration 159.3493719101 Detik 
------------------------- 
Tanggal: 14-02-2022 00:55:01 
Duration Download Forstok 12.110887050629 Detik
Duration Looping 700 Data 161.3167488575 Detik 
Total Duration 161.3168618679 Detik 
------------------------- 
Tanggal: 14-02-2022 01:00:01 
Duration Download Forstok 17.937314033508 Detik
Duration Looping 700 Data 160.3126180172 Detik 
Total Duration 160.31277990341 Detik 
------------------------- 
Tanggal: 14-02-2022 01:05:02 
Duration Download Forstok 18.279930114746 Detik
Duration Looping 700 Data 160.56406211853 Detik 
Total Duration 160.56418013573 Detik 
------------------------- 
Tanggal: 14-02-2022 01:10:01 
Duration Download Forstok 18.786195993423 Detik
Duration Looping 700 Data 163.77820515633 Detik 
Total Duration 163.77831912041 Detik 
------------------------- 
Tanggal: 14-02-2022 01:15:01 
Duration Download Forstok 16.905214071274 Detik
Duration Looping 700 Data 178.7836561203 Detik 
Total Duration 178.78377199173 Detik 
------------------------- 
Tanggal: 14-02-2022 01:20:01 
Duration Download Forstok 15.004323005676 Detik
Duration Looping 700 Data 161.2130150795 Detik 
Total Duration 161.21313214302 Detik 
------------------------- 
Tanggal: 14-02-2022 01:25:01 
Duration Download Forstok 14.358741998672 Detik
Duration Looping 700 Data 156.903881073 Detik 
Total Duration 156.90400004387 Detik 
------------------------- 
Tanggal: 14-02-2022 01:30:01 
Duration Download Forstok 14.239004135132 Detik
Duration Looping 700 Data 159.74170613289 Detik 
Total Duration 159.74182319641 Detik 
------------------------- 
Tanggal: 14-02-2022 01:35:01 
Duration Download Forstok 15.260735034943 Detik
Duration Looping 700 Data 159.29299616814 Detik 
Total Duration 159.29310822487 Detik 
------------------------- 
Tanggal: 14-02-2022 01:40:01 
Duration Download Forstok 16.058095932007 Detik
Duration Looping 700 Data 163.00281500816 Detik 
Total Duration 163.00292491913 Detik 
------------------------- 
Tanggal: 14-02-2022 01:45:01 
Duration Download Forstok 17.522869825363 Detik
Duration Looping 700 Data 167.95605182648 Detik 
Total Duration 167.95616483688 Detik 
------------------------- 
Tanggal: 14-02-2022 01:50:01 
Duration Download Forstok 12.410813808441 Detik
Duration Looping 700 Data 155.66185688972 Detik 
Total Duration 155.66196799278 Detik 
------------------------- 
Tanggal: 14-02-2022 01:55:01 
Duration Download Forstok 17.295224905014 Detik
Duration Looping 700 Data 158.54908084869 Detik 
Total Duration 158.54920697212 Detik 
------------------------- 
Tanggal: 14-02-2022 02:00:01 
Duration Download Forstok 13.183861017227 Detik
Duration Looping 700 Data 158.00007295609 Detik 
Total Duration 158.00019693375 Detik 
------------------------- 
Tanggal: 14-02-2022 02:05:01 
Duration Download Forstok 16.222493171692 Detik
Duration Looping 700 Data 157.3095331192 Detik 
Total Duration 157.30964803696 Detik 
------------------------- 
Tanggal: 14-02-2022 02:10:01 
Duration Download Forstok 15.841439962387 Detik
Duration Looping 700 Data 160.74333715439 Detik 
Total Duration 160.74344396591 Detik 
------------------------- 
Tanggal: 14-02-2022 02:15:01 
Duration Download Forstok 16.41096496582 Detik
Duration Looping 700 Data 158.34534788132 Detik 
Total Duration 158.34545588493 Detik 
------------------------- 
Tanggal: 14-02-2022 02:20:01 
Duration Download Forstok 16.771824121475 Detik
Duration Looping 700 Data 158.86180901527 Detik 
Total Duration 158.86192107201 Detik 
------------------------- 
Tanggal: 14-02-2022 02:25:01 
Duration Download Forstok 16.452909231186 Detik
Duration Looping 700 Data 161.26603913307 Detik 
Total Duration 161.26614522934 Detik 
------------------------- 
Tanggal: 14-02-2022 02:30:02 
Duration Download Forstok 16.445561170578 Detik
Duration Looping 700 Data 164.47842097282 Detik 
Total Duration 164.47854709625 Detik 
------------------------- 
Tanggal: 14-02-2022 02:35:01 
Duration Download Forstok 17.126856088638 Detik
Duration Looping 700 Data 158.81934809685 Detik 
Total Duration 158.81951189041 Detik 
------------------------- 
Tanggal: 14-02-2022 02:40:01 
Duration Download Forstok 16.058031797409 Detik
Duration Looping 700 Data 157.08999896049 Detik 
Total Duration 157.09011387825 Detik 
------------------------- 
Tanggal: 14-02-2022 02:45:01 
Duration Download Forstok 15.352869033813 Detik
Duration Looping 700 Data 157.12452697754 Detik 
Total Duration 157.1246368885 Detik 
------------------------- 
Tanggal: 14-02-2022 02:50:01 
Duration Download Forstok 15.748502016068 Detik
Duration Looping 700 Data 160.00641798973 Detik 
Total Duration 160.00652813911 Detik 
------------------------- 
Tanggal: 14-02-2022 02:55:01 
Duration Download Forstok 13.493880987167 Detik
Duration Looping 700 Data 165.15213894844 Detik 
Total Duration 165.15224790573 Detik 
------------------------- 
Tanggal: 14-02-2022 03:00:01 
Duration Download Forstok 14.524523973465 Detik
Duration Looping 700 Data 162.20357298851 Detik 
Total Duration 162.2036781311 Detik 
------------------------- 
Tanggal: 14-02-2022 03:05:01 
Duration Download Forstok 24.391983032227 Detik
Duration Looping 700 Data 200.27234005928 Detik 
Total Duration 200.27245092392 Detik 
------------------------- 
Tanggal: 14-02-2022 03:10:02 
Duration Download Forstok 16.131232023239 Detik
Duration Looping 700 Data 157.59877204895 Detik 
Total Duration 157.59888601303 Detik 
------------------------- 
Tanggal: 14-02-2022 03:15:01 
Duration Download Forstok 14.44339299202 Detik
Duration Looping 700 Data 155.8207859993 Detik 
Total Duration 155.82089400291 Detik 
------------------------- 
Tanggal: 14-02-2022 03:20:01 
Duration Download Forstok 13.417867898941 Detik
Duration Looping 700 Data 161.45099282265 Detik 
Total Duration 161.45111179352 Detik 
------------------------- 
Tanggal: 14-02-2022 03:25:01 
Duration Download Forstok 15.807876110077 Detik
Duration Looping 700 Data 158.00488996506 Detik 
Total Duration 158.004997015 Detik 
------------------------- 
Tanggal: 14-02-2022 03:30:01 
Duration Download Forstok 15.477151155472 Detik
Duration Looping 700 Data 161.46001219749 Detik 
Total Duration 161.4601252079 Detik 
------------------------- 
Tanggal: 14-02-2022 03:35:01 
Duration Download Forstok 13.518051862717 Detik
Duration Looping 700 Data 171.35758185387 Detik 
Total Duration 171.35769295692 Detik 
------------------------- 
Tanggal: 14-02-2022 03:40:01 
Duration Download Forstok 15.746081829071 Detik
Duration Looping 700 Data 157.26931500435 Detik 
Total Duration 157.26943087578 Detik 
------------------------- 
Tanggal: 14-02-2022 03:45:01 
Duration Download Forstok 18.339483976364 Detik
Duration Looping 700 Data 167.58244514465 Detik 
Total Duration 167.58256411552 Detik 
------------------------- 
Tanggal: 14-02-2022 03:50:01 
Duration Download Forstok 18.917672872543 Detik
Duration Looping 700 Data 161.31428599358 Detik 
Total Duration 161.31440091133 Detik 
------------------------- 
Tanggal: 14-02-2022 03:55:01 
Duration Download Forstok 12.700915813446 Detik
Duration Looping 700 Data 154.26850390434 Detik 
Total Duration 154.26858687401 Detik 
------------------------- 
Tanggal: 14-02-2022 04:00:01 
Duration Download Forstok 17.293640851974 Detik
Duration Looping 700 Data 158.83731794357 Detik 
Total Duration 158.83746981621 Detik 
------------------------- 
Tanggal: 14-02-2022 04:05:01 
Duration Download Forstok 17.312499046326 Detik
Duration Looping 700 Data 176.11814594269 Detik 
Total Duration 176.118268013 Detik 
------------------------- 
Tanggal: 14-02-2022 04:10:01 
Duration Download Forstok 13.34339594841 Detik
Duration Looping 700 Data 159.26297187805 Detik 
Total Duration 159.26308584213 Detik 
------------------------- 
Tanggal: 14-02-2022 04:15:01 
Duration Download Forstok 18.014586210251 Detik
Duration Looping 700 Data 163.11114406586 Detik 
Total Duration 163.11126613617 Detik 
------------------------- 
Tanggal: 14-02-2022 04:20:01 
Duration Download Forstok 13.781634807587 Detik
Duration Looping 700 Data 159.04898381233 Detik 
Total Duration 159.04913592339 Detik 
------------------------- 
Tanggal: 14-02-2022 04:25:01 
Duration Download Forstok 13.113351106644 Detik
Duration Looping 700 Data 161.78840708733 Detik 
Total Duration 161.78852415085 Detik 
------------------------- 
Tanggal: 14-02-2022 04:30:01 
Duration Download Forstok 17.286571025848 Detik
Duration Looping 700 Data 166.82402801514 Detik 
Total Duration 166.82414197922 Detik 
------------------------- 
Tanggal: 14-02-2022 04:35:01 
Duration Download Forstok 13.07336807251 Detik
Duration Looping 700 Data 158.9560251236 Detik 
Total Duration 158.95613312721 Detik 
------------------------- 
Tanggal: 14-02-2022 04:40:02 
Duration Download Forstok 18.463744878769 Detik
Duration Looping 700 Data 167.87727093697 Detik 
Total Duration 167.87738084793 Detik 
------------------------- 
Tanggal: 14-02-2022 04:45:01 
Duration Download Forstok 17.848805904388 Detik
Duration Looping 700 Data 163.51777696609 Detik 
Total Duration 163.51789784431 Detik 
------------------------- 
Tanggal: 14-02-2022 04:50:01 
Duration Download Forstok 17.05143904686 Detik
Duration Looping 700 Data 161.89969110489 Detik 
Total Duration 161.89980196953 Detik 
------------------------- 
Tanggal: 14-02-2022 04:55:01 
Duration Download Forstok 13.505923986435 Detik
Duration Looping 700 Data 159.24848890305 Detik 
Total Duration 159.24859881401 Detik 
------------------------- 
Tanggal: 14-02-2022 05:00:01 
Duration Download Forstok 14.83865904808 Detik
Duration Looping 700 Data 159.77908492088 Detik 
Total Duration 159.77921390533 Detik 
------------------------- 
Tanggal: 14-02-2022 05:05:01 
Duration Download Forstok 18.479442119598 Detik
Duration Looping 700 Data 158.42468309402 Detik 
Total Duration 158.42480707169 Detik 
------------------------- 
Tanggal: 14-02-2022 05:10:01 
Duration Download Forstok 16.386536121368 Detik
Duration Looping 700 Data 170.45250320435 Detik 
Total Duration 170.45262217522 Detik 
------------------------- 
Tanggal: 14-02-2022 05:15:01 
Duration Download Forstok 15.360641002655 Detik
Duration Looping 700 Data 170.66315817833 Detik 
Total Duration 170.66327619553 Detik 
------------------------- 
Tanggal: 14-02-2022 05:20:01 
Duration Download Forstok 13.053551912308 Detik
Duration Looping 700 Data 159.73217391968 Detik 
Total Duration 159.73228502274 Detik 
------------------------- 
Tanggal: 14-02-2022 05:25:01 
Duration Download Forstok 12.499720096588 Detik
Duration Looping 700 Data 166.76937818527 Detik 
Total Duration 166.76948904991 Detik 
------------------------- 
Tanggal: 14-02-2022 05:30:01 
Duration Download Forstok 15.358254909515 Detik
Duration Looping 700 Data 160.50283694267 Detik 
Total Duration 160.50294280052 Detik 
------------------------- 
Tanggal: 14-02-2022 05:35:01 
Duration Download Forstok 18.179791927338 Detik
Duration Looping 700 Data 160.47681188583 Detik 
Total Duration 160.47692489624 Detik 
------------------------- 
Tanggal: 14-02-2022 05:40:01 
Duration Download Forstok 14.217823982239 Detik
Duration Looping 700 Data 158.91739797592 Detik 
Total Duration 158.91751480103 Detik 
------------------------- 
Tanggal: 14-02-2022 05:45:01 
Duration Download Forstok 16.553598880768 Detik
Duration Looping 700 Data 161.0500638485 Detik 
Total Duration 161.05017590523 Detik 
------------------------- 
Tanggal: 14-02-2022 05:50:01 
Duration Download Forstok 13.972259044647 Detik
Duration Looping 700 Data 159.3582868576 Detik 
Total Duration 159.35841298103 Detik 
------------------------- 
Tanggal: 14-02-2022 05:55:01 
Duration Download Forstok 13.330296039581 Detik
Duration Looping 700 Data 159.49438714981 Detik 
Total Duration 159.49448919296 Detik 
------------------------- 
Tanggal: 14-02-2022 06:00:01 
Duration Download Forstok 16.419279098511 Detik
Duration Looping 700 Data 161.57326292992 Detik 
Total Duration 161.57336711884 Detik 
------------------------- 
Tanggal: 14-02-2022 06:05:01 
Duration Download Forstok 25.995583057404 Detik
Duration Looping 700 Data 168.06753897667 Detik 
Total Duration 168.06765317917 Detik 
------------------------- 
Tanggal: 14-02-2022 06:10:01 
Duration Download Forstok 14.085165023804 Detik
Duration Looping 700 Data 157.90962505341 Detik 
Total Duration 157.90973305702 Detik 
------------------------- 
Tanggal: 14-02-2022 06:15:01 
Duration Download Forstok 16.893280982971 Detik
Duration Looping 700 Data 165.55219888687 Detik 
Total Duration 165.55230498314 Detik 
------------------------- 
Tanggal: 14-02-2022 06:20:01 
Duration Download Forstok 12.54437994957 Detik
Duration Looping 700 Data 170.19812583923 Detik 
Total Duration 170.19824099541 Detik 
------------------------- 
Tanggal: 14-02-2022 06:25:01 
Duration Download Forstok 15.151895046234 Detik
Duration Looping 700 Data 160.45864987373 Detik 
Total Duration 160.45876502991 Detik 
------------------------- 
Tanggal: 14-02-2022 06:30:01 
Duration Download Forstok 16.525063037872 Detik
Duration Looping 700 Data 166.54456281662 Detik 
Total Duration 166.54468584061 Detik 
------------------------- 
Tanggal: 14-02-2022 06:35:01 
Duration Download Forstok 17.400985002518 Detik
Duration Looping 700 Data 162.72379589081 Detik 
Total Duration 162.72391200066 Detik 
------------------------- 
Tanggal: 14-02-2022 06:40:01 
Duration Download Forstok 15.662504196167 Detik
Duration Looping 700 Data 155.57257604599 Detik 
Total Duration 155.57269001007 Detik 
------------------------- 
Tanggal: 14-02-2022 06:45:01 
Duration Download Forstok 21.916710138321 Detik
Duration Looping 700 Data 166.29980421066 Detik 
Total Duration 166.29991817474 Detik 
------------------------- 
Tanggal: 14-02-2022 06:50:01 
Duration Download Forstok 13.140264034271 Detik
Duration Looping 700 Data 166.81159305573 Detik 
Total Duration 166.81171393394 Detik 
------------------------- 
Tanggal: 14-02-2022 06:55:01 
Duration Download Forstok 19.105934858322 Detik
Duration Looping 700 Data 163.6701028347 Detik 
Total Duration 163.67021584511 Detik 
------------------------- 
Tanggal: 14-02-2022 07:00:01 
Duration Download Forstok 19.579931974411 Detik
Duration Looping 700 Data 164.18679618835 Detik 
Total Duration 164.18690705299 Detik 
------------------------- 
Tanggal: 14-02-2022 07:05:01 
Duration Download Forstok 21.344414949417 Detik
Duration Looping 700 Data 170.9348590374 Detik 
Total Duration 170.93498396873 Detik 
------------------------- 
Tanggal: 14-02-2022 07:10:01 
Duration Download Forstok 15.441268920898 Detik
Duration Looping 700 Data 158.35468196869 Detik 
Total Duration 158.35481095314 Detik 
------------------------- 
Tanggal: 14-02-2022 07:15:01 
Duration Download Forstok 16.66348695755 Detik
Duration Looping 700 Data 167.1612329483 Detik 
Total Duration 167.16134810448 Detik 
------------------------- 
Tanggal: 14-02-2022 07:20:01 
Duration Download Forstok 15.183723926544 Detik
Duration Looping 700 Data 154.72421312332 Detik 
Total Duration 154.72433710098 Detik 
------------------------- 
Tanggal: 14-02-2022 07:25:01 
Duration Download Forstok 12.919313907623 Detik
Duration Looping 700 Data 162.97964787483 Detik 
Total Duration 162.97976088524 Detik 
------------------------- 
Tanggal: 14-02-2022 07:30:01 
Duration Download Forstok 18.552768945694 Detik
Duration Looping 700 Data 157.57372808456 Detik 
Total Duration 157.57384204865 Detik 
------------------------- 
Tanggal: 14-02-2022 07:35:02 
Duration Download Forstok 15.164164066315 Detik
Duration Looping 700 Data 167.09330701828 Detik 
Total Duration 167.09341216087 Detik 
------------------------- 
Tanggal: 14-02-2022 07:40:01 
Duration Download Forstok 14.389292955399 Detik
Duration Looping 700 Data 154.48689699173 Detik 
Total Duration 154.48700213432 Detik 
------------------------- 
Tanggal: 14-02-2022 07:45:01 
Duration Download Forstok 20.939890861511 Detik
Duration Looping 700 Data 173.78948378563 Detik 
Total Duration 173.78960490227 Detik 
------------------------- 
Tanggal: 14-02-2022 07:50:02 
Duration Download Forstok 14.087383985519 Detik
Duration Looping 700 Data 164.71968197823 Detik 
Total Duration 164.71979284286 Detik 
------------------------- 
Tanggal: 14-02-2022 07:55:01 
Duration Download Forstok 14.342410087585 Detik
Duration Looping 700 Data 154.75034999847 Detik 
Total Duration 154.7504940033 Detik 
------------------------- 
Tanggal: 14-02-2022 08:00:02 
Duration Download Forstok 14.292627096176 Detik
Duration Looping 700 Data 160.15480303764 Detik 
Total Duration 160.15492105484 Detik 
------------------------- 
Tanggal: 14-02-2022 08:05:01 
Duration Download Forstok 16.513368844986 Detik
Duration Looping 700 Data 156.38966393471 Detik 
Total Duration 156.38977098465 Detik 
------------------------- 
Tanggal: 14-02-2022 08:10:01 
Duration Download Forstok 13.410993814468 Detik
Duration Looping 700 Data 163.96418690681 Detik 
Total Duration 163.96429800987 Detik 
------------------------- 
Tanggal: 14-02-2022 08:15:01 
Duration Download Forstok 14.326155900955 Detik
Duration Looping 700 Data 161.8019618988 Detik 
Total Duration 161.80205702782 Detik 
------------------------- 
Tanggal: 14-02-2022 08:20:01 
Duration Download Forstok 12.168116092682 Detik
Duration Looping 700 Data 159.81966614723 Detik 
Total Duration 159.81977510452 Detik 
------------------------- 
Tanggal: 14-02-2022 08:25:01 
Duration Download Forstok 17.061021089554 Detik
Duration Looping 700 Data 166.11575007439 Detik 
Total Duration 166.11586713791 Detik 
------------------------- 
Tanggal: 14-02-2022 08:30:01 
Duration Download Forstok 13.293449163437 Detik
Duration Looping 700 Data 171.03120112419 Detik 
Total Duration 171.03131008148 Detik 
------------------------- 
Tanggal: 14-02-2022 08:35:01 
Duration Download Forstok 12.72211098671 Detik
Duration Looping 700 Data 173.23018884659 Detik 
Total Duration 173.23030495644 Detik 
------------------------- 
Tanggal: 14-02-2022 08:40:01 
Duration Download Forstok 13.493134021759 Detik
Duration Looping 700 Data 168.87130618095 Detik 
Total Duration 168.87142515182 Detik 
------------------------- 
Tanggal: 14-02-2022 08:45:01 
Duration Download Forstok 16.702368974686 Detik
Duration Looping 700 Data 175.98022890091 Detik 
Total Duration 175.98037385941 Detik 
------------------------- 
Tanggal: 14-02-2022 08:50:01 
Duration Download Forstok 13.472401857376 Detik
Duration Looping 700 Data 168.68292880058 Detik 
Total Duration 168.68305301666 Detik 
------------------------- 
Tanggal: 14-02-2022 08:55:01 
Duration Download Forstok 12.815177202225 Detik
Duration Looping 700 Data 166.17713713646 Detik 
Total Duration 166.17726516724 Detik 
------------------------- 
Tanggal: 14-02-2022 09:00:01 
Duration Download Forstok 13.737741947174 Detik
Duration Looping 700 Data 166.89130282402 Detik 
Total Duration 166.89142179489 Detik 
------------------------- 
Tanggal: 14-02-2022 09:05:01 
Duration Download Forstok 18.118432998657 Detik
Duration Looping 700 Data 173.7495059967 Detik 
Total Duration 173.74962115288 Detik 
------------------------- 
Tanggal: 14-02-2022 09:10:02 
Duration Download Forstok 16.011826992035 Detik
Duration Looping 700 Data 166.6680700779 Detik 
Total Duration 166.66821312904 Detik 
------------------------- 
Tanggal: 14-02-2022 09:15:01 
Duration Download Forstok 15.57525396347 Detik
Duration Looping 700 Data 168.80251812935 Detik 
Total Duration 168.80265498161 Detik 
------------------------- 
Tanggal: 14-02-2022 09:20:01 
Duration Download Forstok 17.135852098465 Detik
Duration Looping 700 Data 171.80262708664 Detik 
Total Duration 171.8027369976 Detik 
------------------------- 
Tanggal: 14-02-2022 09:25:01 
Duration Download Forstok 13.735121011734 Detik
Duration Looping 700 Data 165.42002797127 Detik 
Total Duration 165.4201669693 Detik 
------------------------- 
Tanggal: 14-02-2022 09:30:01 
Duration Download Forstok 14.298906087875 Detik
Duration Looping 700 Data 169.0254099369 Detik 
Total Duration 169.02552199364 Detik 
------------------------- 
Tanggal: 14-02-2022 09:35:01 
Duration Download Forstok 15.354789018631 Detik
Duration Looping 700 Data 171.59443187714 Detik 
Total Duration 171.59455490112 Detik 
------------------------- 
Tanggal: 14-02-2022 09:40:01 
Duration Download Forstok 14.026844024658 Detik
Duration Looping 700 Data 175.73636603355 Detik 
Total Duration 175.73647212982 Detik 
------------------------- 
Tanggal: 14-02-2022 09:45:01 
Duration Download Forstok 13.815285921097 Detik
Duration Looping 700 Data 172.85831689835 Detik 
Total Duration 172.85843801498 Detik 
------------------------- 
Tanggal: 14-02-2022 09:50:01 
Duration Download Forstok 19.206120014191 Detik
Duration Looping 700 Data 174.08910083771 Detik 
Total Duration 174.08922195435 Detik 
------------------------- 
Tanggal: 14-02-2022 09:55:01 
Duration Download Forstok 11.499156951904 Detik
Duration Looping 700 Data 167.09887385368 Detik 
Total Duration 167.09898686409 Detik 
------------------------- 
Tanggal: 14-02-2022 10:00:01 
Duration Download Forstok 12.989855051041 Detik
Duration Looping 700 Data 176.45063996315 Detik 
Total Duration 176.450756073 Detik 
------------------------- 
Tanggal: 14-02-2022 10:05:01 
Duration Download Forstok 22.54495215416 Detik
Duration Looping 700 Data 179.6092851162 Detik 
Total Duration 179.60939908028 Detik 
------------------------- 
Tanggal: 14-02-2022 10:10:01 
Duration Download Forstok 12.750117063522 Detik
Duration Looping 700 Data 170.25298213959 Detik 
Total Duration 170.25310301781 Detik 
------------------------- 
Tanggal: 14-02-2022 10:15:01 
Duration Download Forstok 16.51086306572 Detik
Duration Looping 700 Data 172.24989891052 Detik 
Total Duration 172.2500140667 Detik 
------------------------- 
Tanggal: 14-02-2022 10:20:01 
Duration Download Forstok 17.463981866837 Detik
Duration Looping 700 Data 171.06982088089 Detik 
Total Duration 171.06994891167 Detik 
------------------------- 
Tanggal: 14-02-2022 10:25:01 
Duration Download Forstok 12.68950009346 Detik
Duration Looping 700 Data 164.7199909687 Detik 
Total Duration 164.7201089859 Detik 
------------------------- 
Tanggal: 14-02-2022 10:30:01 
Duration Download Forstok 21.729760169983 Detik
Duration Looping 700 Data 177.35061311722 Detik 
Total Duration 177.35072422028 Detik 
------------------------- 
Tanggal: 14-02-2022 10:35:01 
Duration Download Forstok 38.17605304718 Detik
Duration Looping 700 Data 196.772149086 Detik 
Total Duration 196.77226996422 Detik 
------------------------- 
Tanggal: 14-02-2022 10:40:01 
Duration Download Forstok 17.877412080765 Detik
Duration Looping 700 Data 171.32256388664 Detik 
Total Duration 171.32265210152 Detik 
------------------------- 
Tanggal: 14-02-2022 10:45:01 
Duration Download Forstok 22.679199934006 Detik
Duration Looping 700 Data 173.95510601997 Detik 
Total Duration 173.9552090168 Detik 
------------------------- 
Tanggal: 14-02-2022 10:50:01 
Duration Download Forstok 14.869674921036 Detik
Duration Looping 700 Data 169.88816285133 Detik 
Total Duration 169.88825702667 Detik 
------------------------- 
Tanggal: 14-02-2022 10:55:01 
Duration Download Forstok 12.892337083817 Detik
Duration Looping 700 Data 166.94066214561 Detik 
Total Duration 166.94076108932 Detik 
------------------------- 
Tanggal: 14-02-2022 11:00:01 
Duration Download Forstok 14.248438835144 Detik
Duration Looping 700 Data 175.4643099308 Detik 
Total Duration 175.46441483498 Detik 
------------------------- 
Tanggal: 14-02-2022 11:05:02 
Duration Download Forstok 20.238024950027 Detik
Duration Looping 700 Data 171.46047282219 Detik 
Total Duration 171.46055698395 Detik 
------------------------- 
Tanggal: 14-02-2022 11:10:01 
Duration Download Forstok 27.732850790024 Detik
Duration Looping 700 Data 184.88957381248 Detik 
Total Duration 184.88969278336 Detik 
------------------------- 
Tanggal: 14-02-2022 11:15:01 
Duration Download Forstok 16.140689849854 Detik
Duration Looping 700 Data 170.40290403366 Detik 
Total Duration 170.40298891068 Detik 
------------------------- 
Tanggal: 14-02-2022 11:20:01 
Duration Download Forstok 12.722719907761 Detik
Duration Looping 700 Data 171.65547800064 Detik 
Total Duration 171.65555977821 Detik 
------------------------- 
Tanggal: 14-02-2022 11:25:01 
Duration Download Forstok 12.173902988434 Detik
Duration Looping 700 Data 166.13395118713 Detik 
Total Duration 166.13407802582 Detik 
------------------------- 
Tanggal: 14-02-2022 11:30:01 
Duration Download Forstok 13.336344003677 Detik
Duration Looping 700 Data 169.11756706238 Detik 
Total Duration 169.11769795418 Detik 
------------------------- 
Tanggal: 14-02-2022 11:35:01 
Duration Download Forstok 13.773838996887 Detik
Duration Looping 700 Data 173.74594497681 Detik 
Total Duration 173.74605512619 Detik 
------------------------- 
Tanggal: 14-02-2022 11:40:01 
Duration Download Forstok 11.885915994644 Detik
Duration Looping 700 Data 168.62646317482 Detik 
Total Duration 168.62657499313 Detik 
------------------------- 
Tanggal: 14-02-2022 11:45:01 
Duration Download Forstok 12.712847948074 Detik
Duration Looping 700 Data 174.70078587532 Detik 
Total Duration 174.70089387894 Detik 
------------------------- 
Tanggal: 14-02-2022 11:50:01 
Duration Download Forstok 13.928749084473 Detik
Duration Looping 700 Data 164.46746897697 Detik 
Total Duration 164.46759104729 Detik 
------------------------- 
Tanggal: 14-02-2022 11:55:02 
Duration Download Forstok 13.685581207275 Detik
Duration Looping 700 Data 169.2565472126 Detik 
Total Duration 169.25665998459 Detik 
------------------------- 
Tanggal: 14-02-2022 12:00:01 
Duration Download Forstok 13.165996789932 Detik
Duration Looping 700 Data 166.47610998154 Detik 
Total Duration 166.47622799873 Detik 
------------------------- 
Tanggal: 14-02-2022 12:05:01 
Duration Download Forstok 19.773370981216 Detik
Duration Looping 700 Data 172.78525114059 Detik 
Total Duration 172.78537416458 Detik 
------------------------- 
Tanggal: 14-02-2022 12:10:01 
Duration Download Forstok 13.419391870499 Detik
Duration Looping 700 Data 171.55437493324 Detik 
Total Duration 171.5544719696 Detik 
------------------------- 
Tanggal: 14-02-2022 12:15:01 
Duration Download Forstok 15.527505874634 Detik
Duration Looping 700 Data 168.92336988449 Detik 
Total Duration 168.92348384857 Detik 
------------------------- 
Tanggal: 14-02-2022 12:20:01 
Duration Download Forstok 13.683283090591 Detik
Duration Looping 700 Data 167.72641015053 Detik 
Total Duration 167.72652411461 Detik 
------------------------- 
Tanggal: 14-02-2022 12:25:01 
Duration Download Forstok 12.871384143829 Detik
Duration Looping 700 Data 162.54584813118 Detik 
Total Duration 162.54597401619 Detik 
------------------------- 
Tanggal: 14-02-2022 12:30:01 
Duration Download Forstok 15.386880159378 Detik
Duration Looping 700 Data 169.98980498314 Detik 
Total Duration 169.9899430275 Detik 
------------------------- 
Tanggal: 14-02-2022 12:35:01 
Duration Download Forstok 11.686113119125 Detik
Duration Looping 700 Data 167.856372118 Detik 
Total Duration 167.85649394989 Detik 
------------------------- 
Tanggal: 14-02-2022 12:40:01 
Duration Download Forstok 14.186789989471 Detik
Duration Looping 700 Data 179.95732307434 Detik 
Total Duration 179.95745301247 Detik 
------------------------- 
Tanggal: 14-02-2022 12:45:01 
Duration Download Forstok 16.508596897125 Detik
Duration Looping 700 Data 164.49699401855 Detik 
Total Duration 164.49711489677 Detik 
------------------------- 
Tanggal: 14-02-2022 12:50:01 
Duration Download Forstok 13.712319850922 Detik
Duration Looping 700 Data 169.00587701797 Detik 
Total Duration 169.00598788261 Detik 
------------------------- 
Tanggal: 14-02-2022 12:55:01 
Duration Download Forstok 12.652222156525 Detik
Duration Looping 700 Data 163.88868999481 Detik 
Total Duration 163.88881611824 Detik 
------------------------- 
Tanggal: 14-02-2022 13:00:01 
Duration Download Forstok 14.213528871536 Detik
Duration Looping 700 Data 173.68554282188 Detik 
Total Duration 173.68564581871 Detik 
------------------------- 
Tanggal: 14-02-2022 13:05:01 
Duration Download Forstok 28.784806966782 Detik
Duration Looping 700 Data 185.4086959362 Detik 
Total Duration 185.40883302689 Detik 
------------------------- 
Tanggal: 14-02-2022 13:10:01 
Duration Download Forstok 13.414313077927 Detik
Duration Looping 700 Data 173.13393807411 Detik 
Total Duration 173.13402819633 Detik 
------------------------- 
Tanggal: 14-02-2022 13:15:01 
Duration Download Forstok 12.777153968811 Detik
Duration Looping 700 Data 169.94658398628 Detik 
Total Duration 169.9466919899 Detik 
------------------------- 
Tanggal: 14-02-2022 13:20:02 
Duration Download Forstok 12.969012975693 Detik
Duration Looping 700 Data 173.13054800034 Detik 
Total Duration 173.13066005707 Detik 
------------------------- 
Tanggal: 14-02-2022 13:25:01 
Duration Download Forstok 12.07027387619 Detik
Duration Looping 700 Data 164.33341789246 Detik 
Total Duration 164.33353304863 Detik 
------------------------- 
Tanggal: 14-02-2022 13:30:01 
Duration Download Forstok 13.668814897537 Detik
Duration Looping 700 Data 166.72807598114 Detik 
Total Duration 166.72818899155 Detik 
------------------------- 
Tanggal: 14-02-2022 13:35:01 
Duration Download Forstok 13.353510856628 Detik
Duration Looping 700 Data 167.09923887253 Detik 
Total Duration 167.09935379028 Detik 
------------------------- 
Tanggal: 14-02-2022 13:40:01 
Duration Download Forstok 13.329321861267 Detik
Duration Looping 700 Data 166.24606490135 Detik 
Total Duration 166.24618196487 Detik 
------------------------- 
Tanggal: 14-02-2022 13:45:01 
Duration Download Forstok 19.783495903015 Detik
Duration Looping 700 Data 174.24051594734 Detik 
Total Duration 174.24063396454 Detik 
------------------------- 
Tanggal: 14-02-2022 13:50:01 
Duration Download Forstok 14.205725193024 Detik
Duration Looping 700 Data 174.76190209389 Detik 
Total Duration 174.76200008392 Detik 
------------------------- 
Tanggal: 14-02-2022 13:55:01 
Duration Download Forstok 13.365700960159 Detik
Duration Looping 700 Data 168.72924590111 Detik 
Total Duration 168.72933888435 Detik 
------------------------- 
Tanggal: 14-02-2022 14:00:01 
Duration Download Forstok 16.498183012009 Detik
Duration Looping 700 Data 173.24219107628 Detik 
Total Duration 173.24230694771 Detik 
------------------------- 
Tanggal: 14-02-2022 14:05:01 
Duration Download Forstok 18.83847284317 Detik
Duration Looping 700 Data 180.94253396988 Detik 
Total Duration 180.94265794754 Detik 
------------------------- 
Tanggal: 14-02-2022 14:10:01 
Duration Download Forstok 14.528208017349 Detik
Duration Looping 700 Data 173.16833496094 Detik 
Total Duration 173.16844391823 Detik 
------------------------- 
Tanggal: 14-02-2022 14:15:01 
Duration Download Forstok 15.20667386055 Detik
Duration Looping 700 Data 175.83482098579 Detik 
Total Duration 175.8349480629 Detik 
------------------------- 
Tanggal: 14-02-2022 14:20:01 
Duration Download Forstok 12.971059083939 Detik
Duration Looping 700 Data 174.19416594505 Detik 
Total Duration 174.19425702095 Detik 
------------------------- 
Tanggal: 14-02-2022 14:25:01 
Duration Download Forstok 12.563834905624 Detik
Duration Looping 700 Data 164.93056893349 Detik 
Total Duration 164.93066096306 Detik 
------------------------- 
Tanggal: 14-02-2022 14:30:01 
Duration Download Forstok 15.519107818604 Detik
Duration Looping 700 Data 177.08550596237 Detik 
Total Duration 177.08559083939 Detik 
------------------------- 
Tanggal: 14-02-2022 14:35:01 
Duration Download Forstok 15.475905895233 Detik
Duration Looping 700 Data 169.41077685356 Detik 
Total Duration 169.41089892387 Detik 
------------------------- 
Tanggal: 14-02-2022 14:40:01 
Duration Download Forstok 16.679008960724 Detik
Duration Looping 700 Data 177.49274086952 Detik 
Total Duration 177.49285888672 Detik 
------------------------- 
Tanggal: 14-02-2022 14:45:01 
Duration Download Forstok 19.962675094604 Detik
Duration Looping 700 Data 174.3259780407 Detik 
Total Duration 174.32609200478 Detik 
------------------------- 
Tanggal: 14-02-2022 14:50:01 
Duration Download Forstok 14.373145103455 Detik
Duration Looping 700 Data 168.75676512718 Detik 
Total Duration 168.7568731308 Detik 
------------------------- 
Tanggal: 14-02-2022 14:55:01 
Duration Download Forstok 12.444662094116 Detik
Duration Looping 700 Data 172.42029118538 Detik 
Total Duration 172.42041516304 Detik 
------------------------- 
Tanggal: 14-02-2022 15:00:01 
Duration Download Forstok 14.673081159592 Detik
Duration Looping 700 Data 167.99121499062 Detik 
Total Duration 167.99133110046 Detik 
------------------------- 
Tanggal: 14-02-2022 15:05:01 
Duration Download Forstok 17.269136190414 Detik
Duration Looping 700 Data 176.06417012215 Detik 
Total Duration 176.06426906586 Detik 
------------------------- 
Tanggal: 14-02-2022 15:10:01 
Duration Download Forstok 13.066236972809 Detik
Duration Looping 700 Data 172.49278712273 Detik 
Total Duration 172.49290704727 Detik 
------------------------- 
Tanggal: 14-02-2022 15:15:01 
Duration Download Forstok 13.755509853363 Detik
Duration Looping 700 Data 168.75724387169 Detik 
Total Duration 168.75736188889 Detik 
------------------------- 
Tanggal: 14-02-2022 15:20:01 
Duration Download Forstok 11.865148067474 Detik
Duration Looping 700 Data 173.77125906944 Detik 
Total Duration 173.77138090134 Detik 
------------------------- 
Tanggal: 14-02-2022 15:25:01 
Duration Download Forstok 12.003821134567 Detik
Duration Looping 700 Data 171.66024494171 Detik 
Total Duration 171.66036200523 Detik 
------------------------- 
Tanggal: 14-02-2022 15:30:01 
Duration Download Forstok 12.751677036285 Detik
Duration Looping 700 Data 168.58218693733 Detik 
Total Duration 168.5822789669 Detik 
------------------------- 
Tanggal: 14-02-2022 15:35:01 
Duration Download Forstok 12.569551944733 Detik
Duration Looping 700 Data 178.33102488518 Detik 
Total Duration 178.33113193512 Detik 
------------------------- 
Tanggal: 14-02-2022 15:40:01 
Duration Download Forstok 12.598857164383 Detik
Duration Looping 700 Data 170.80186104774 Detik 
Total Duration 170.8019630909 Detik 
------------------------- 
Tanggal: 14-02-2022 15:45:01 
Duration Download Forstok 15.230197906494 Detik
Duration Looping 700 Data 171.93478798866 Detik 
Total Duration 171.93489480019 Detik 
------------------------- 
Tanggal: 14-02-2022 15:50:01 
Duration Download Forstok 13.864995956421 Detik
Duration Looping 700 Data 170.65097093582 Detik 
Total Duration 170.6510848999 Detik 
------------------------- 
Tanggal: 14-02-2022 15:55:01 
Duration Download Forstok 13.947988986969 Detik
Duration Looping 700 Data 177.58676791191 Detik 
Total Duration 177.58688807487 Detik 
------------------------- 
Tanggal: 14-02-2022 16:00:02 
Duration Download Forstok 14.615195989609 Detik
Duration Looping 700 Data 169.34368610382 Detik 
Total Duration 169.3437871933 Detik 
------------------------- 
Tanggal: 14-02-2022 16:05:01 
Duration Download Forstok 23.957297086716 Detik
Duration Looping 700 Data 177.89250397682 Detik 
Total Duration 177.89260387421 Detik 
------------------------- 
Tanggal: 14-02-2022 16:10:01 
Duration Download Forstok 13.348201990128 Detik
Duration Looping 700 Data 172.77524590492 Detik 
Total Duration 172.77536201477 Detik 
------------------------- 
Tanggal: 14-02-2022 16:15:01 
Duration Download Forstok 13.177888154984 Detik
Duration Looping 700 Data 177.55024814606 Detik 
Total Duration 177.55037903786 Detik 
------------------------- 
Tanggal: 14-02-2022 16:20:01 
Duration Download Forstok 12.819859027863 Detik
Duration Looping 700 Data 165.93282389641 Detik 
Total Duration 165.93293499947 Detik 
------------------------- 
Tanggal: 14-02-2022 16:25:01 
Duration Download Forstok 15.95154094696 Detik
Duration Looping 700 Data 171.5574400425 Detik 
Total Duration 171.55755400658 Detik 
------------------------- 
Tanggal: 14-02-2022 16:30:01 
Duration Download Forstok 14.288490056992 Detik
Duration Looping 700 Data 177.13151311874 Detik 
Total Duration 177.13161206245 Detik 
------------------------- 
Tanggal: 14-02-2022 16:35:01 
Duration Download Forstok 18.082120895386 Detik
Duration Looping 700 Data 173.97791194916 Detik 
Total Duration 173.97802686691 Detik 
------------------------- 
Tanggal: 14-02-2022 16:40:01 
Duration Download Forstok 14.906172990799 Detik
Duration Looping 700 Data 176.06567788124 Detik 
Total Duration 176.06576991081 Detik 
------------------------- 
Tanggal: 14-02-2022 16:45:01 
Duration Download Forstok 21.0320520401 Detik
Duration Looping 700 Data 178.79894208908 Detik 
Total Duration 178.79905796051 Detik 
------------------------- 
Tanggal: 14-02-2022 16:50:01 
Duration Download Forstok 15.273120164871 Detik
Duration Looping 700 Data 176.71313309669 Detik 
Total Duration 176.7132229805 Detik 
------------------------- 
Tanggal: 14-02-2022 16:55:02 
Duration Download Forstok 13.303045034409 Detik
Duration Looping 700 Data 171.59436297417 Detik 
Total Duration 171.59446406364 Detik 
------------------------- 
Tanggal: 14-02-2022 17:00:01 
Duration Download Forstok 15.634445905685 Detik
Duration Looping 700 Data 174.34316778183 Detik 
Total Duration 174.34328794479 Detik 
------------------------- 
Tanggal: 14-02-2022 17:05:01 
Duration Download Forstok 23.857890844345 Detik
Duration Looping 700 Data 185.11225795746 Detik 
Total Duration 185.11237692833 Detik 
------------------------- 
Tanggal: 14-02-2022 17:10:01 
Duration Download Forstok 16.311460971832 Detik
Duration Looping 700 Data 176.80017805099 Detik 
Total Duration 176.80030107498 Detik 
------------------------- 
Tanggal: 14-02-2022 17:15:01 
Duration Download Forstok 18.402822971344 Detik
Duration Looping 700 Data 175.46530890465 Detik 
Total Duration 175.46542000771 Detik 
------------------------- 
Tanggal: 14-02-2022 17:20:01 
Duration Download Forstok 15.30660200119 Detik
Duration Looping 700 Data 170.53575277328 Detik 
Total Duration 170.53583788872 Detik 
------------------------- 
Tanggal: 14-02-2022 17:25:01 
Duration Download Forstok 14.486165046692 Detik
Duration Looping 700 Data 168.67992711067 Detik 
Total Duration 168.68004417419 Detik 
------------------------- 
Tanggal: 14-02-2022 17:30:01 
Duration Download Forstok 20.180865049362 Detik
Duration Looping 700 Data 182.0765478611 Detik 
Total Duration 182.07666397095 Detik 
------------------------- 
Tanggal: 14-02-2022 17:35:01 
Duration Download Forstok 15.043519973755 Detik
Duration Looping 700 Data 167.25327587128 Detik 
Total Duration 167.25339102745 Detik 
------------------------- 
Tanggal: 14-02-2022 17:40:01 
Duration Download Forstok 15.65771985054 Detik
Duration Looping 700 Data 168.58390402794 Detik 
Total Duration 168.58402585983 Detik 
------------------------- 
Tanggal: 14-02-2022 17:45:01 
Duration Download Forstok 18.529491901398 Detik
Duration Looping 700 Data 169.89280080795 Detik 
Total Duration 169.89290785789 Detik 
------------------------- 
Tanggal: 14-02-2022 17:50:01 
Duration Download Forstok 15.145379066467 Detik
Duration Looping 700 Data 165.22890615463 Detik 
Total Duration 165.22901916504 Detik 
------------------------- 
Tanggal: 14-02-2022 17:55:01 
Duration Download Forstok 22.060292959213 Detik
Duration Looping 700 Data 181.37744879723 Detik 
Total Duration 181.37755489349 Detik 
------------------------- 
Tanggal: 14-02-2022 18:00:01 
Duration Download Forstok 17.248934030533 Detik
Duration Looping 700 Data 172.19310188293 Detik 
Total Duration 172.19321107864 Detik 
------------------------- 
Tanggal: 14-02-2022 18:05:01 
Duration Download Forstok 20.386262893677 Detik
Duration Looping 700 Data 175.65037608147 Detik 
Total Duration 175.65048289299 Detik 
------------------------- 
Tanggal: 14-02-2022 18:10:01 
Duration Download Forstok 16.791066884995 Detik
Duration Looping 700 Data 170.50057482719 Detik 
Total Duration 170.50071787834 Detik 
------------------------- 
Tanggal: 14-02-2022 18:15:01 
Duration Download Forstok 15.566236972809 Detik
Duration Looping 700 Data 179.25960707664 Detik 
Total Duration 179.25972604752 Detik 
------------------------- 
Tanggal: 14-02-2022 18:20:01 
Duration Download Forstok 13.524747848511 Detik
Duration Looping 700 Data 165.554448843 Detik 
Total Duration 165.55455684662 Detik 
------------------------- 
Tanggal: 14-02-2022 18:25:01 
Duration Download Forstok 14.253211021423 Detik
Duration Looping 700 Data 168.60667109489 Detik 
Total Duration 168.60679507256 Detik 
------------------------- 
Tanggal: 14-02-2022 18:30:01 
Duration Download Forstok 14.942919015884 Detik
Duration Looping 700 Data 173.84872913361 Detik 
Total Duration 173.84885001183 Detik 
------------------------- 
Tanggal: 14-02-2022 18:35:02 
Duration Download Forstok 21.445394992828 Detik
Duration Looping 700 Data 173.30476593971 Detik 
Total Duration 173.30488395691 Detik 
------------------------- 
Tanggal: 14-02-2022 18:40:01 
Duration Download Forstok 18.051383018494 Detik
Duration Looping 700 Data 169.35970187187 Detik 
Total Duration 169.35980391502 Detik 
------------------------- 
Tanggal: 14-02-2022 18:45:01 
Duration Download Forstok 16.903531074524 Detik
Duration Looping 700 Data 175.04650902748 Detik 
Total Duration 175.04661417007 Detik 
------------------------- 
Tanggal: 14-02-2022 18:50:01 
Duration Download Forstok 15.940908908844 Detik
Duration Looping 700 Data 172.965239048 Detik 
Total Duration 172.96535396576 Detik 
------------------------- 
Tanggal: 14-02-2022 18:55:01 
Duration Download Forstok 14.39594912529 Detik
Duration Looping 700 Data 170.47138309479 Detik 
Total Duration 170.47149920464 Detik 
------------------------- 
Tanggal: 14-02-2022 19:00:01 
Duration Download Forstok 16.434611082077 Detik
Duration Looping 700 Data 171.77245688438 Detik 
Total Duration 171.77257108688 Detik 
------------------------- 
Tanggal: 14-02-2022 19:05:01 
Duration Download Forstok 24.41358089447 Detik
Duration Looping 700 Data 174.65819478035 Detik 
Total Duration 174.65830278397 Detik 
------------------------- 
Tanggal: 14-02-2022 19:10:01 
Duration Download Forstok 15.163559913635 Detik
Duration Looping 700 Data 166.70373296738 Detik 
Total Duration 166.70384597778 Detik 
------------------------- 
Tanggal: 14-02-2022 19:15:01 
Duration Download Forstok 17.937861919403 Detik
Duration Looping 700 Data 165.6899459362 Detik 
Total Duration 165.69006681442 Detik 
------------------------- 
Tanggal: 14-02-2022 19:20:01 
Duration Download Forstok 13.958197832108 Detik
Duration Looping 700 Data 174.00146102905 Detik 
Total Duration 174.00157690048 Detik 
------------------------- 
Tanggal: 14-02-2022 19:25:01 
Duration Download Forstok 14.006705999374 Detik
Duration Looping 700 Data 168.03445911407 Detik 
Total Duration 168.03456711769 Detik 
------------------------- 
Tanggal: 14-02-2022 19:30:01 
Duration Download Forstok 14.470856904984 Detik
Duration Looping 700 Data 166.38343191147 Detik 
Total Duration 166.38355183601 Detik 
------------------------- 
Tanggal: 14-02-2022 19:35:01 
Duration Download Forstok 15.930065155029 Detik
Duration Looping 700 Data 171.69948220253 Detik 
Total Duration 171.69959521294 Detik 
------------------------- 
Tanggal: 14-02-2022 19:40:01 
Duration Download Forstok 18.847388029099 Detik
Duration Looping 700 Data 169.7861969471 Detik 
Total Duration 169.7863099575 Detik 
------------------------- 
Tanggal: 14-02-2022 19:45:01 
Duration Download Forstok 19.308591842651 Detik
Duration Looping 700 Data 172.69077396393 Detik 
Total Duration 172.69089984894 Detik 
------------------------- 
Tanggal: 14-02-2022 19:50:01 
Duration Download Forstok 15.022248029709 Detik
Duration Looping 700 Data 169.47740387917 Detik 
Total Duration 169.47749400139 Detik 
------------------------- 
Tanggal: 14-02-2022 19:55:01 
Duration Download Forstok 13.621341943741 Detik
Duration Looping 700 Data 170.80048489571 Detik 
Total Duration 170.80059194565 Detik 
------------------------- 
Tanggal: 14-02-2022 20:00:01 
Duration Download Forstok 17.838439941406 Detik
Duration Looping 700 Data 171.84691786766 Detik 
Total Duration 171.84702301025 Detik 
------------------------- 
Tanggal: 14-02-2022 20:05:01 
Duration Download Forstok 18.258422851562 Detik
Duration Looping 700 Data 167.21555304527 Detik 
Total Duration 167.21566700935 Detik 
------------------------- 
Tanggal: 14-02-2022 20:10:01 
Duration Download Forstok 14.717833042145 Detik
Duration Looping 700 Data 172.28927111626 Detik 
Total Duration 172.28938603401 Detik 
------------------------- 
Tanggal: 14-02-2022 20:15:01 
Duration Download Forstok 15.584603071213 Detik
Duration Looping 700 Data 179.07443213463 Detik 
Total Duration 179.07454919815 Detik 
------------------------- 
Tanggal: 14-02-2022 20:20:01 
Duration Download Forstok 14.416843891144 Detik
Duration Looping 700 Data 170.95717000961 Detik 
Total Duration 170.95725297928 Detik 
------------------------- 
Tanggal: 14-02-2022 20:25:01 
Duration Download Forstok 17.238881111145 Detik
Duration Looping 700 Data 166.59260511398 Detik 
Total Duration 166.59271812439 Detik 
------------------------- 
Tanggal: 14-02-2022 20:30:01 
Duration Download Forstok 16.303469896317 Detik
Duration Looping 700 Data 168.41770386696 Detik 
Total Duration 168.41781806946 Detik 
------------------------- 
Tanggal: 14-02-2022 20:35:01 
Duration Download Forstok 14.996974945068 Detik
Duration Looping 700 Data 166.50102996826 Detik 
Total Duration 166.50113892555 Detik 
------------------------- 
Tanggal: 14-02-2022 20:40:01 
Duration Download Forstok 15.29762005806 Detik
Duration Looping 700 Data 166.86295819283 Detik 
Total Duration 166.86307311058 Detik 
------------------------- 
Tanggal: 14-02-2022 20:45:02 
Duration Download Forstok 16.72218298912 Detik
Duration Looping 700 Data 170.21784210205 Detik 
Total Duration 170.21799206734 Detik 
------------------------- 
Tanggal: 14-02-2022 20:50:01 
Duration Download Forstok 15.172837018967 Detik
Duration Looping 700 Data 165.12755298615 Detik 
Total Duration 165.12766599655 Detik 
------------------------- 
Tanggal: 14-02-2022 20:55:01 
Duration Download Forstok 15.10640501976 Detik
Duration Looping 700 Data 164.08290505409 Detik 
Total Duration 164.08301401138 Detik 
------------------------- 
Tanggal: 14-02-2022 21:00:01 
Duration Download Forstok 14.761510133743 Detik
Duration Looping 700 Data 165.81904220581 Detik 
Total Duration 165.81916904449 Detik 
------------------------- 
Tanggal: 14-02-2022 21:05:01 
Duration Download Forstok 19.896778106689 Detik
Duration Looping 700 Data 169.77326202393 Detik 
Total Duration 169.77337908745 Detik 
------------------------- 
Tanggal: 14-02-2022 21:10:01 
Duration Download Forstok 13.388266086578 Detik
Duration Looping 700 Data 170.12409210205 Detik 
Total Duration 170.12420296669 Detik 
------------------------- 
Tanggal: 14-02-2022 21:15:01 
Duration Download Forstok 18.560840845108 Detik
Duration Looping 700 Data 172.25338482857 Detik 
Total Duration 172.25349903107 Detik 
------------------------- 
Tanggal: 14-02-2022 21:20:01 
Duration Download Forstok 18.422945022583 Detik
Duration Looping 700 Data 174.40554714203 Detik 
Total Duration 174.40566706657 Detik 
------------------------- 
Tanggal: 14-02-2022 21:25:01 
Duration Download Forstok 12.252316951752 Detik
Duration Looping 700 Data 164.17201209068 Detik 
Total Duration 164.17214202881 Detik 
------------------------- 
Tanggal: 14-02-2022 21:30:01 
Duration Download Forstok 17.765341997147 Detik
Duration Looping 700 Data 167.99396491051 Detik 
Total Duration 167.99405503273 Detik 
------------------------- 
Tanggal: 14-02-2022 21:35:01 
Duration Download Forstok 18.322067975998 Detik
Duration Looping 700 Data 171.04825592041 Detik 
Total Duration 171.0483648777 Detik 
------------------------- 
Tanggal: 14-02-2022 21:40:01 
Duration Download Forstok 15.21918296814 Detik
Duration Looping 700 Data 169.50747990608 Detik 
Total Duration 169.50759196281 Detik 
------------------------- 
Tanggal: 14-02-2022 21:45:01 
Duration Download Forstok 19.539700031281 Detik
Duration Looping 700 Data 177.76582503319 Detik 
Total Duration 177.76594901085 Detik 
------------------------- 
Tanggal: 14-02-2022 21:50:01 
Duration Download Forstok 17.389127969742 Detik
Duration Looping 700 Data 174.52118301392 Detik 
Total Duration 174.52129983902 Detik 
------------------------- 
Tanggal: 14-02-2022 21:55:01 
Duration Download Forstok 13.300494909286 Detik
Duration Looping 700 Data 163.89801502228 Detik 
Total Duration 163.89814591408 Detik 
------------------------- 
Tanggal: 14-02-2022 22:00:01 
Duration Download Forstok 14.815815925598 Detik
Duration Looping 700 Data 169.11470103264 Detik 
Total Duration 169.11481404305 Detik 
------------------------- 
Tanggal: 14-02-2022 22:05:01 
Duration Download Forstok 24.30898308754 Detik
Duration Looping 700 Data 190.9850358963 Detik 
Total Duration 190.98514604568 Detik 
------------------------- 
Tanggal: 14-02-2022 22:10:01 
Duration Download Forstok 16.614150047302 Detik
Duration Looping 700 Data 176.76717686653 Detik 
Total Duration 176.76729106903 Detik 
------------------------- 
Tanggal: 14-02-2022 22:15:01 
Duration Download Forstok 17.533974885941 Detik
Duration Looping 700 Data 176.81356787682 Detik 
Total Duration 176.8136818409 Detik 
------------------------- 
Tanggal: 14-02-2022 22:20:01 
Duration Download Forstok 15.824357032776 Detik
Duration Looping 700 Data 173.22894597054 Detik 
Total Duration 173.22906899452 Detik 
------------------------- 
Tanggal: 14-02-2022 22:25:01 
Duration Download Forstok 22.430399894714 Detik
Duration Looping 700 Data 174.6594388485 Detik 
Total Duration 174.6595480442 Detik 
------------------------- 
Tanggal: 14-02-2022 22:30:01 
Duration Download Forstok 20.668697834015 Detik
Duration Looping 700 Data 183.07197189331 Detik 
Total Duration 183.07208204269 Detik 
------------------------- 
Tanggal: 14-02-2022 22:35:01 
Duration Download Forstok 20.489024162292 Detik
Duration Looping 700 Data 176.22811508179 Detik 
Total Duration 176.22822499275 Detik 
------------------------- 
Tanggal: 14-02-2022 22:40:01 
Duration Download Forstok 19.500697135925 Detik
Duration Looping 700 Data 178.37372708321 Detik 
Total Duration 178.37384009361 Detik 
------------------------- 
Tanggal: 14-02-2022 22:45:01 
Duration Download Forstok 20.220853090286 Detik
Duration Looping 700 Data 175.87645101547 Detik 
Total Duration 175.87656211853 Detik 
------------------------- 
Tanggal: 14-02-2022 22:50:01 
Duration Download Forstok 13.585272073746 Detik
Duration Looping 700 Data 174.18893003464 Detik 
Total Duration 174.18904995918 Detik 
------------------------- 
Tanggal: 14-02-2022 22:55:01 
Duration Download Forstok 13.019294023514 Detik
Duration Looping 700 Data 181.74142599106 Detik 
Total Duration 181.74153900146 Detik 
------------------------- 
Tanggal: 14-02-2022 23:00:01 
Duration Download Forstok 16.052285909653 Detik
Duration Looping 700 Data 166.4220468998 Detik 
Total Duration 166.42215800285 Detik 
------------------------- 
Tanggal: 14-02-2022 23:05:01 
Duration Download Forstok 18.687853097916 Detik
Duration Looping 700 Data 183.40651702881 Detik 
Total Duration 183.40663003922 Detik 
------------------------- 
Tanggal: 14-02-2022 23:10:01 
Duration Download Forstok 14.827463150024 Detik
Duration Looping 700 Data 166.32021713257 Detik 
Total Duration 166.32032799721 Detik 
------------------------- 
Tanggal: 14-02-2022 23:15:01 
Duration Download Forstok 18.13772892952 Detik
Duration Looping 700 Data 171.56020188332 Detik 
Total Duration 171.56031990051 Detik 
------------------------- 
Tanggal: 14-02-2022 23:20:01 
Duration Download Forstok 15.471873998642 Detik
Duration Looping 700 Data 165.62216305733 Detik 
Total Duration 165.62227606773 Detik 
------------------------- 
Tanggal: 14-02-2022 23:25:01 
Duration Download Forstok 16.883827924728 Detik
Duration Looping 700 Data 165.50307488441 Detik 
Total Duration 165.50318098068 Detik 
------------------------- 
Tanggal: 14-02-2022 23:30:01 
Duration Download Forstok 18.945307016373 Detik
Duration Looping 700 Data 174.13483786583 Detik 
Total Duration 174.13494491577 Detik 
------------------------- 
Tanggal: 14-02-2022 23:35:01 
Duration Download Forstok 14.188188076019 Detik
Duration Looping 700 Data 167.44559788704 Detik 
Total Duration 167.44570803642 Detik 
------------------------- 
Tanggal: 14-02-2022 23:40:01 
Duration Download Forstok 15.4223279953 Detik
Duration Looping 700 Data 170.63228702545 Detik 
Total Duration 170.63240909576 Detik 
------------------------- 
Tanggal: 14-02-2022 23:45:01 
Duration Download Forstok 18.401249885559 Detik
Duration Looping 700 Data 173.10726284981 Detik 
Total Duration 173.10737395287 Detik 
------------------------- 
Tanggal: 14-02-2022 23:50:01 
Duration Download Forstok 14.578243017197 Detik
Duration Looping 700 Data 169.29383587837 Detik 
Total Duration 169.29395389557 Detik 
------------------------- 
Tanggal: 14-02-2022 23:55:01 
Duration Download Forstok 14.738698959351 Detik
Duration Looping 700 Data 167.6853787899 Detik 
Total Duration 167.68549990654 Detik 
------------------------- 
