Tanggal: 23-10-2021 00:00:01 
Duration Download Forstok 14.366945028305 Detik
Tanggal: 23-10-2021 00:05:01 
Duration Download Forstok 16.933884859085 Detik
Duration Looping 700 Data 584.41274690628 Detik 
Total Duration 584.41286206245 Detik 
------------------------- 
Duration Looping 700 Data 284.01755285263 Detik 
Total Duration 284.01763701439 Detik 
------------------------- 
Tanggal: 23-10-2021 00:10:02 
Duration Download Forstok 13.160070896149 Detik
Duration Looping 700 Data 129.86574196815 Detik 
Total Duration 129.86585593224 Detik 
------------------------- 
Tanggal: 23-10-2021 00:15:01 
Duration Download Forstok 22.645809173584 Detik
Duration Looping 700 Data 138.64221906662 Detik 
Total Duration 138.64233517647 Detik 
------------------------- 
Tanggal: 23-10-2021 00:20:01 
Duration Download Forstok 13.70677280426 Detik
Duration Looping 700 Data 135.16126680374 Detik 
Total Duration 135.16137099266 Detik 
------------------------- 
Tanggal: 23-10-2021 00:25:01 
Duration Download Forstok 15.446085929871 Detik
Duration Looping 700 Data 164.78076386452 Detik 
Total Duration 164.78192996979 Detik 
------------------------- 
Tanggal: 23-10-2021 00:30:01 
Duration Download Forstok 10.584814071655 Detik
Duration Looping 700 Data 126.85662007332 Detik 
Total Duration 126.85671901703 Detik 
------------------------- 
Tanggal: 23-10-2021 00:35:01 
Duration Download Forstok 25.012776851654 Detik
Duration Looping 700 Data 157.33921384811 Detik 
Total Duration 157.33934402466 Detik 
------------------------- 
Tanggal: 23-10-2021 00:40:01 
Duration Download Forstok 12.918833017349 Detik
Duration Looping 700 Data 135.85357189178 Detik 
Total Duration 135.85367703438 Detik 
------------------------- 
Tanggal: 23-10-2021 00:45:01 
Duration Download Forstok 18.175946950912 Detik
Duration Looping 700 Data 134.93323898315 Detik 
Total Duration 134.93332600594 Detik 
------------------------- 
Tanggal: 23-10-2021 00:50:01 
Duration Download Forstok 10.920156002045 Detik
Duration Looping 700 Data 141.40024995804 Detik 
Total Duration 141.40035796165 Detik 
------------------------- 
Tanggal: 23-10-2021 00:55:01 
Duration Download Forstok 16.680615186691 Detik
Duration Looping 700 Data 133.15840220451 Detik 
Total Duration 133.15851712227 Detik 
------------------------- 
Tanggal: 23-10-2021 01:00:01 
Duration Download Forstok 13.820932865143 Detik
Duration Looping 700 Data 139.14429688454 Detik 
Total Duration 139.14441585541 Detik 
------------------------- 
Tanggal: 23-10-2021 01:05:01 
Duration Download Forstok 19.420742034912 Detik
Duration Looping 700 Data 132.04804396629 Detik 
Total Duration 132.04815196991 Detik 
------------------------- 
Tanggal: 23-10-2021 01:10:01 
Duration Download Forstok 13.892660856247 Detik
Duration Looping 700 Data 127.31744289398 Detik 
Total Duration 127.31754183769 Detik 
------------------------- 
Tanggal: 23-10-2021 01:15:01 
Duration Download Forstok 15.241411209106 Detik
Duration Looping 700 Data 136.04710316658 Detik 
Total Duration 136.04722309113 Detik 
------------------------- 
Tanggal: 23-10-2021 01:20:02 
Duration Download Forstok 11.346853971481 Detik
Duration Looping 700 Data 132.50202894211 Detik 
Total Duration 132.50214385986 Detik 
------------------------- 
Tanggal: 23-10-2021 01:25:01 
Duration Download Forstok 19.209888935089 Detik
Duration Looping 700 Data 144.02629613876 Detik 
Total Duration 144.02641701698 Detik 
------------------------- 
Tanggal: 23-10-2021 01:30:01 
Duration Download Forstok 15.780970096588 Detik
Duration Looping 700 Data 128.89993190765 Detik 
Total Duration 128.90005111694 Detik 
------------------------- 
Tanggal: 23-10-2021 01:35:01 
Duration Download Forstok 22.619582176208 Detik
Duration Looping 700 Data 136.07161808014 Detik 
Total Duration 136.07174301147 Detik 
------------------------- 
Tanggal: 23-10-2021 01:40:01 
Duration Download Forstok 14.396908998489 Detik
Duration Looping 700 Data 135.89241695404 Detik 
Total Duration 135.89252901077 Detik 
------------------------- 
Tanggal: 23-10-2021 01:45:01 
Duration Download Forstok 22.41326379776 Detik
Duration Looping 700 Data 139.6678788662 Detik 
Total Duration 139.66800498962 Detik 
------------------------- 
Tanggal: 23-10-2021 01:50:01 
Duration Download Forstok 13.09210896492 Detik
Duration Looping 700 Data 132.41270089149 Detik 
Total Duration 132.4128139019 Detik 
------------------------- 
Tanggal: 23-10-2021 01:55:01 
Duration Download Forstok 17.284528970718 Detik
Duration Looping 700 Data 131.2684340477 Detik 
Total Duration 131.26853704453 Detik 
------------------------- 
Tanggal: 23-10-2021 02:00:01 
Duration Download Forstok 13.707915067673 Detik
Duration Looping 700 Data 129.46813821793 Detik 
Total Duration 129.46824717522 Detik 
------------------------- 
Tanggal: 23-10-2021 02:05:01 
Duration Download Forstok 20.711683034897 Detik
Duration Looping 700 Data 137.15298914909 Detik 
Total Duration 137.15309810638 Detik 
------------------------- 
Tanggal: 23-10-2021 02:10:01 
Duration Download Forstok 11.554706811905 Detik
Duration Looping 700 Data 128.04378581047 Detik 
Total Duration 128.04385995865 Detik 
------------------------- 
Tanggal: 23-10-2021 02:15:01 
Duration Download Forstok 20.209365129471 Detik
Duration Looping 700 Data 138.79438400269 Detik 
Total Duration 138.7945151329 Detik 
------------------------- 
Tanggal: 23-10-2021 02:20:01 
Duration Download Forstok 13.299326896667 Detik
Duration Looping 700 Data 131.77088904381 Detik 
Total Duration 131.77100992203 Detik 
------------------------- 
Tanggal: 23-10-2021 02:25:01 
Duration Download Forstok 18.477005958557 Detik
Duration Looping 700 Data 131.59045791626 Detik 
Total Duration 131.59057497978 Detik 
------------------------- 
Tanggal: 23-10-2021 02:30:01 
Duration Download Forstok 10.947656869888 Detik
Duration Looping 700 Data 123.60205101967 Detik 
Total Duration 123.60215687752 Detik 
------------------------- 
Tanggal: 23-10-2021 02:35:01 
Duration Download Forstok 23.63495016098 Detik
Duration Looping 700 Data 140.49204611778 Detik 
Total Duration 140.49217009544 Detik 
------------------------- 
Tanggal: 23-10-2021 02:40:01 
Duration Download Forstok 12.683716058731 Detik
Duration Looping 700 Data 131.46662807465 Detik 
Total Duration 131.46673798561 Detik 
------------------------- 
Tanggal: 23-10-2021 02:45:01 
Duration Download Forstok 17.697340011597 Detik
Duration Looping 700 Data 135.65994882584 Detik 
Total Duration 135.66005897522 Detik 
------------------------- 
Tanggal: 23-10-2021 02:50:01 
Duration Download Forstok 13.360569000244 Detik
Duration Looping 700 Data 129.87684702873 Detik 
Total Duration 129.87696003914 Detik 
------------------------- 
Tanggal: 23-10-2021 02:55:01 
Duration Download Forstok 20.137335062027 Detik
Duration Looping 700 Data 138.18443489075 Detik 
Total Duration 138.18451499939 Detik 
------------------------- 
Tanggal: 23-10-2021 03:00:01 
Duration Download Forstok 12.952179908752 Detik
Duration Looping 700 Data 130.52043795586 Detik 
Total Duration 130.52054786682 Detik 
------------------------- 
Tanggal: 23-10-2021 03:05:01 
Duration Download Forstok 23.787188053131 Detik
Duration Looping 700 Data 135.9260661602 Detik 
Total Duration 135.92617201805 Detik 
------------------------- 
Tanggal: 23-10-2021 03:10:01 
Duration Download Forstok 11.192594051361 Detik
Duration Looping 700 Data 123.23485589027 Detik 
Total Duration 123.23493599892 Detik 
------------------------- 
Tanggal: 23-10-2021 03:15:01 
Duration Download Forstok 16.857080936432 Detik
Duration Looping 700 Data 133.69755601883 Detik 
Total Duration 133.69767808914 Detik 
------------------------- 
Tanggal: 23-10-2021 03:20:01 
Duration Download Forstok 13.692715883255 Detik
Duration Looping 700 Data 132.19193792343 Detik 
Total Duration 132.19204306602 Detik 
------------------------- 
Tanggal: 23-10-2021 03:25:01 
Duration Download Forstok 20.094666004181 Detik
Duration Looping 700 Data 132.60906505585 Detik 
Total Duration 132.60917496681 Detik 
------------------------- 
Tanggal: 23-10-2021 03:30:01 
Duration Download Forstok 12.369117975235 Detik
Duration Looping 700 Data 129.14030885696 Detik 
Total Duration 129.14041805267 Detik 
------------------------- 
Tanggal: 23-10-2021 03:35:01 
Duration Download Forstok 19.046844959259 Detik
Duration Looping 700 Data 132.31015706062 Detik 
Total Duration 132.31026601791 Detik 
------------------------- 
Tanggal: 23-10-2021 03:40:01 
Duration Download Forstok 13.659410953522 Detik
Duration Looping 700 Data 127.97767806053 Detik 
Total Duration 127.97779107094 Detik 
------------------------- 
Tanggal: 23-10-2021 03:45:01 
Duration Download Forstok 19.50677895546 Detik
Duration Looping 700 Data 139.41672706604 Detik 
Total Duration 139.41685199738 Detik 
------------------------- 
Tanggal: 23-10-2021 03:50:01 
Duration Download Forstok 11.764594078064 Detik
Duration Looping 700 Data 128.41920113564 Detik 
Total Duration 128.41931295395 Detik 
------------------------- 
Tanggal: 23-10-2021 03:55:02 
Duration Download Forstok 13.725320100784 Detik
Duration Looping 700 Data 126.78969502449 Detik 
Total Duration 126.78981304169 Detik 
------------------------- 
Tanggal: 23-10-2021 04:00:01 
Duration Download Forstok 12.371112823486 Detik
Duration Looping 700 Data 131.81212091446 Detik 
Total Duration 131.81223082542 Detik 
------------------------- 
Tanggal: 23-10-2021 04:05:01 
Duration Download Forstok 16.612347126007 Detik
Duration Looping 700 Data 130.65747094154 Detik 
Total Duration 130.65757989883 Detik 
------------------------- 
Tanggal: 23-10-2021 04:10:01 
Duration Download Forstok 13.14709186554 Detik
Duration Looping 700 Data 131.69298386574 Detik 
Total Duration 131.69311094284 Detik 
------------------------- 
Tanggal: 23-10-2021 04:15:01 
Duration Download Forstok 18.413667917252 Detik
Duration Looping 700 Data 132.0653719902 Detik 
Total Duration 132.06549191475 Detik 
------------------------- 
Tanggal: 23-10-2021 04:20:01 
Duration Download Forstok 13.480036020279 Detik
Duration Looping 700 Data 131.81608319283 Detik 
Total Duration 131.81618714333 Detik 
------------------------- 
Tanggal: 23-10-2021 04:25:01 
Duration Download Forstok 15.579785823822 Detik
Duration Looping 700 Data 127.3866288662 Detik 
Total Duration 127.38674688339 Detik 
------------------------- 
Tanggal: 23-10-2021 04:30:01 
Duration Download Forstok 11.253759860992 Detik
Duration Looping 700 Data 123.71182799339 Detik 
Total Duration 123.7119448185 Detik 
------------------------- 
Tanggal: 23-10-2021 04:35:01 
Duration Download Forstok 14.250183105469 Detik
Duration Looping 700 Data 128.06900691986 Detik 
Total Duration 128.06912589073 Detik 
------------------------- 
Tanggal: 23-10-2021 04:40:01 
Duration Download Forstok 11.740995883942 Detik
Duration Looping 700 Data 130.4267539978 Detik 
Total Duration 130.42701888084 Detik 
------------------------- 
Tanggal: 23-10-2021 04:45:01 
Duration Download Forstok 14.902323007584 Detik
Duration Looping 700 Data 128.4852399826 Detik 
Total Duration 128.48535704613 Detik 
------------------------- 
Tanggal: 23-10-2021 04:50:01 
Duration Download Forstok 14.147989034653 Detik
Duration Looping 700 Data 130.99908304214 Detik 
Total Duration 130.99919199944 Detik 
------------------------- 
Tanggal: 23-10-2021 04:55:01 
Duration Download Forstok 14.45995092392 Detik
Duration Looping 700 Data 135.35005903244 Detik 
Total Duration 135.35018086433 Detik 
------------------------- 
Tanggal: 23-10-2021 05:00:01 
Duration Download Forstok 13.399046897888 Detik
Duration Looping 700 Data 127.93990588188 Detik 
Total Duration 127.94001603127 Detik 
------------------------- 
Tanggal: 23-10-2021 05:05:01 
Duration Download Forstok 25.930473089218 Detik
Duration Looping 700 Data 141.9899930954 Detik 
Total Duration 141.99011707306 Detik 
------------------------- 
Tanggal: 23-10-2021 05:10:01 
Duration Download Forstok 11.555378913879 Detik
Duration Looping 700 Data 129.70665192604 Detik 
Total Duration 129.70677495003 Detik 
------------------------- 
Tanggal: 23-10-2021 05:15:01 
Duration Download Forstok 13.825176000595 Detik
Duration Looping 700 Data 133.9449300766 Detik 
Total Duration 133.94504594803 Detik 
------------------------- 
Tanggal: 23-10-2021 05:20:01 
Duration Download Forstok 11.227016925812 Detik
Duration Looping 700 Data 135.98474097252 Detik 
Total Duration 135.98486089706 Detik 
------------------------- 
Tanggal: 23-10-2021 05:25:01 
Duration Download Forstok 15.237987995148 Detik
Duration Looping 700 Data 128.40493607521 Detik 
Total Duration 128.40507912636 Detik 
------------------------- 
Tanggal: 23-10-2021 05:30:01 
Duration Download Forstok 10.292582035065 Detik
Duration Looping 700 Data 135.29126906395 Detik 
Total Duration 135.2913749218 Detik 
------------------------- 
Tanggal: 23-10-2021 05:35:01 
Duration Download Forstok 17.517663955688 Detik
Duration Looping 700 Data 134.59986495972 Detik 
Total Duration 134.5999789238 Detik 
------------------------- 
Tanggal: 23-10-2021 05:40:01 
Duration Download Forstok 12.720346927643 Detik
Duration Looping 700 Data 127.61683797836 Detik 
Total Duration 127.61695599556 Detik 
------------------------- 
Tanggal: 23-10-2021 05:45:01 
Duration Download Forstok 16.652326822281 Detik
Duration Looping 700 Data 137.00130081177 Detik 
Total Duration 137.00142097473 Detik 
------------------------- 
Tanggal: 23-10-2021 05:50:01 
Duration Download Forstok 10.166158914566 Detik
Duration Looping 700 Data 126.63944911957 Detik 
Total Duration 126.63956308365 Detik 
------------------------- 
Tanggal: 23-10-2021 05:55:01 
Duration Download Forstok 15.197350025177 Detik
Duration Looping 700 Data 139.36098504066 Detik 
Total Duration 139.36110711098 Detik 
------------------------- 
Tanggal: 23-10-2021 06:00:01 
Duration Download Forstok 14.2697660923 Detik
Duration Looping 700 Data 141.25071120262 Detik 
Total Duration 141.25083208084 Detik 
------------------------- 
Tanggal: 23-10-2021 06:05:01 
Duration Download Forstok 20.48225903511 Detik
Duration Looping 700 Data 133.46589207649 Detik 
Total Duration 133.46599411964 Detik 
------------------------- 
Tanggal: 23-10-2021 06:10:01 
Duration Download Forstok 14.051891088486 Detik
Duration Looping 700 Data 138.69320011139 Detik 
Total Duration 138.69331097603 Detik 
------------------------- 
Tanggal: 23-10-2021 06:15:01 
Duration Download Forstok 12.194710969925 Detik
Duration Looping 700 Data 130.58265399933 Detik 
Total Duration 130.58435797691 Detik 
------------------------- 
Tanggal: 23-10-2021 06:20:01 
Duration Download Forstok 12.921531915665 Detik
Duration Looping 700 Data 131.80960798264 Detik 
Total Duration 131.80975413322 Detik 
------------------------- 
Tanggal: 23-10-2021 06:25:01 
Duration Download Forstok 14.89452290535 Detik
Duration Looping 700 Data 128.87898206711 Detik 
Total Duration 128.87910103798 Detik 
------------------------- 
Tanggal: 23-10-2021 06:30:01 
Duration Download Forstok 13.430848836899 Detik
Duration Looping 700 Data 133.36698484421 Detik 
Total Duration 133.36707782745 Detik 
------------------------- 
Tanggal: 23-10-2021 06:35:01 
Duration Download Forstok 19.311185836792 Detik
Duration Looping 700 Data 133.34930896759 Detik 
Total Duration 133.34942483902 Detik 
------------------------- 
Tanggal: 23-10-2021 06:40:01 
Duration Download Forstok 11.769758939743 Detik
Duration Looping 700 Data 129.30973291397 Detik 
Total Duration 129.30983996391 Detik 
------------------------- 
Tanggal: 23-10-2021 06:45:01 
Duration Download Forstok 18.038967132568 Detik
Duration Looping 700 Data 135.09668302536 Detik 
Total Duration 135.09679818153 Detik 
------------------------- 
Tanggal: 23-10-2021 06:50:01 
Duration Download Forstok 11.994736909866 Detik
Duration Looping 700 Data 124.71910500526 Detik 
Total Duration 124.71922898293 Detik 
------------------------- 
Tanggal: 23-10-2021 06:55:01 
Duration Download Forstok 16.726293802261 Detik
Duration Looping 700 Data 134.29273581505 Detik 
Total Duration 134.29285383224 Detik 
------------------------- 
Tanggal: 23-10-2021 07:00:01 
Duration Download Forstok 11.664222002029 Detik
Duration Looping 700 Data 131.2366540432 Detik 
Total Duration 131.23675608635 Detik 
------------------------- 
Tanggal: 23-10-2021 07:05:01 
Duration Download Forstok 19.260484933853 Detik
Duration Looping 700 Data 132.5794069767 Detik 
Total Duration 132.57953095436 Detik 
------------------------- 
Tanggal: 23-10-2021 07:10:01 
Duration Download Forstok 13.397722959518 Detik
Duration Looping 700 Data 133.38955903053 Detik 
Total Duration 133.38966703415 Detik 
------------------------- 
Tanggal: 23-10-2021 07:15:01 
Duration Download Forstok 22.121590852737 Detik
Duration Looping 700 Data 140.03127384186 Detik 
Total Duration 140.0313949585 Detik 
------------------------- 
Tanggal: 23-10-2021 07:20:01 
Duration Download Forstok 10.979823112488 Detik
Duration Looping 700 Data 138.52868199348 Detik 
Total Duration 138.52879405022 Detik 
------------------------- 
Tanggal: 23-10-2021 07:25:01 
Duration Download Forstok 14.419564962387 Detik
Duration Looping 700 Data 126.78548693657 Detik 
Total Duration 126.78559589386 Detik 
------------------------- 
Tanggal: 23-10-2021 07:30:01 
Duration Download Forstok 14.253992080688 Detik
Duration Looping 700 Data 132.61967396736 Detik 
Total Duration 132.61978507042 Detik 
------------------------- 
Tanggal: 23-10-2021 07:35:01 
Duration Download Forstok 18.454045057297 Detik
Duration Looping 700 Data 140.75804710388 Detik 
Total Duration 140.75816297531 Detik 
------------------------- 
Tanggal: 23-10-2021 07:40:01 
Duration Download Forstok 9.8847949504852 Detik
Duration Looping 700 Data 130.92924594879 Detik 
Total Duration 130.92935991287 Detik 
------------------------- 
Tanggal: 23-10-2021 07:45:01 
Duration Download Forstok 17.910759925842 Detik
Duration Looping 700 Data 134.04377603531 Detik 
Total Duration 134.04389405251 Detik 
------------------------- 
Tanggal: 23-10-2021 07:50:01 
Duration Download Forstok 12.578092813492 Detik
Duration Looping 700 Data 128.07227301598 Detik 
Total Duration 128.07238888741 Detik 
------------------------- 
Tanggal: 23-10-2021 07:55:01 
Duration Download Forstok 17.318641901016 Detik
Duration Looping 700 Data 139.45271086693 Detik 
Total Duration 139.45283484459 Detik 
------------------------- 
Tanggal: 23-10-2021 08:00:01 
Duration Download Forstok 14.551120996475 Detik
Duration Looping 700 Data 129.48906302452 Detik 
Total Duration 129.4891769886 Detik 
------------------------- 
Tanggal: 23-10-2021 08:05:01 
Duration Download Forstok 19.058827877045 Detik
Duration Looping 700 Data 137.65197896957 Detik 
Total Duration 137.65211677551 Detik 
------------------------- 
Tanggal: 23-10-2021 08:10:01 
Duration Download Forstok 11.98045706749 Detik
Duration Looping 700 Data 129.55904006958 Detik 
Total Duration 129.55915617943 Detik 
------------------------- 
Tanggal: 23-10-2021 08:15:02 
Duration Download Forstok 13.550832033157 Detik
Duration Looping 700 Data 132.69934296608 Detik 
Total Duration 132.69945502281 Detik 
------------------------- 
Tanggal: 23-10-2021 08:20:01 
Duration Download Forstok 13.206800937653 Detik
Duration Looping 700 Data 131.1645898819 Detik 
Total Duration 131.16467905045 Detik 
------------------------- 
Tanggal: 23-10-2021 08:25:02 
Duration Download Forstok 14.805282115936 Detik
Duration Looping 700 Data 136.00527405739 Detik 
Total Duration 136.00537014008 Detik 
------------------------- 
Tanggal: 23-10-2021 08:30:01 
Duration Download Forstok 10.31942987442 Detik
Duration Looping 700 Data 134.22257089615 Detik 
Total Duration 134.22270488739 Detik 
------------------------- 
Tanggal: 23-10-2021 08:35:01 
Duration Download Forstok 19.389108896255 Detik
Duration Looping 700 Data 142.21421098709 Detik 
Total Duration 142.2143239975 Detik 
------------------------- 
Tanggal: 23-10-2021 08:40:02 
Duration Download Forstok 10.872157096863 Detik
Duration Looping 700 Data 133.47625899315 Detik 
Total Duration 133.47637701035 Detik 
------------------------- 
Tanggal: 23-10-2021 08:45:01 
Duration Download Forstok 19.659693002701 Detik
Duration Looping 700 Data 143.19205498695 Detik 
Total Duration 143.19216609001 Detik 
------------------------- 
Tanggal: 23-10-2021 08:50:01 
Duration Download Forstok 13.279412984848 Detik
Duration Looping 700 Data 132.18530011177 Detik 
Total Duration 132.18541717529 Detik 
------------------------- 
Tanggal: 23-10-2021 08:55:02 
Duration Download Forstok 16.492358922958 Detik
Duration Looping 700 Data 138.95840907097 Detik 
Total Duration 138.95853495598 Detik 
------------------------- 
Tanggal: 23-10-2021 09:00:01 
Duration Download Forstok 14.010541915894 Detik
Duration Looping 700 Data 137.30804300308 Detik 
Total Duration 137.30815005302 Detik 
------------------------- 
Tanggal: 23-10-2021 09:05:01 
Duration Download Forstok 13.838466882706 Detik
Duration Looping 700 Data 134.70359802246 Detik 
Total Duration 134.70371794701 Detik 
------------------------- 
Tanggal: 23-10-2021 09:10:01 
Duration Download Forstok 13.734253168106 Detik
Duration Looping 700 Data 131.53010606766 Detik 
Total Duration 131.53023004532 Detik 
------------------------- 
Tanggal: 23-10-2021 09:15:01 
Duration Download Forstok 21.62325501442 Detik
Duration Looping 700 Data 138.49964404106 Detik 
Total Duration 138.49976086617 Detik 
------------------------- 
Tanggal: 23-10-2021 09:20:01 
Duration Download Forstok 10.069932937622 Detik
Duration Looping 700 Data 133.38649201393 Detik 
Total Duration 133.38659691811 Detik 
------------------------- 
Tanggal: 23-10-2021 09:25:01 
Duration Download Forstok 13.938766956329 Detik
Duration Looping 700 Data 138.48125600815 Detik 
Total Duration 138.48138189316 Detik 
------------------------- 
Tanggal: 23-10-2021 09:30:01 
Duration Download Forstok 13.139122009277 Detik
Duration Looping 700 Data 134.21731090546 Detik 
Total Duration 134.21741890907 Detik 
------------------------- 
Tanggal: 23-10-2021 09:35:01 
Duration Download Forstok 19.255420923233 Detik
Duration Looping 700 Data 142.97240281105 Detik 
Total Duration 142.97252893448 Detik 
------------------------- 
Tanggal: 23-10-2021 09:40:01 
Duration Download Forstok 13.43203997612 Detik
Duration Looping 700 Data 140.87709999084 Detik 
Total Duration 140.8772149086 Detik 
------------------------- 
Tanggal: 23-10-2021 09:45:01 
Duration Download Forstok 13.519166946411 Detik
Duration Looping 700 Data 133.07289290428 Detik 
Total Duration 133.07301092148 Detik 
------------------------- 
Tanggal: 23-10-2021 09:50:01 
Duration Download Forstok 10.704226016998 Detik
Duration Looping 700 Data 133.32831192017 Detik 
Total Duration 133.32842206955 Detik 
------------------------- 
Tanggal: 23-10-2021 09:55:01 
Duration Download Forstok 14.128615140915 Detik
Duration Looping 700 Data 134.20730805397 Detik 
Total Duration 134.20740199089 Detik 
------------------------- 
Tanggal: 23-10-2021 10:00:01 
Duration Download Forstok 11.42546415329 Detik
Duration Looping 700 Data 134.67005205154 Detik 
Total Duration 134.67016911507 Detik 
------------------------- 
Tanggal: 23-10-2021 10:05:01 
Duration Download Forstok 16.5835750103 Detik
Duration Looping 700 Data 133.62285614014 Detik 
Total Duration 133.62293410301 Detik 
------------------------- 
Tanggal: 23-10-2021 10:10:01 
Duration Download Forstok 13.115225791931 Detik
Duration Looping 700 Data 132.21584296227 Detik 
Total Duration 132.21595096588 Detik 
------------------------- 
Tanggal: 23-10-2021 10:15:01 
Duration Download Forstok 23.226699113846 Detik
Duration Looping 700 Data 140.96800112724 Detik 
Total Duration 140.96813201904 Detik 
------------------------- 
Tanggal: 23-10-2021 10:20:01 
Duration Download Forstok 14.517400979996 Detik
Duration Looping 700 Data 137.83363890648 Detik 
Total Duration 137.83375287056 Detik 
------------------------- 
Tanggal: 23-10-2021 10:25:01 
Duration Download Forstok 23.548378944397 Detik
Duration Looping 700 Data 147.29762291908 Detik 
Total Duration 147.2977449894 Detik 
------------------------- 
Tanggal: 23-10-2021 10:30:01 
Duration Download Forstok 10.901468038559 Detik
Duration Looping 700 Data 135.02588200569 Detik 
Total Duration 135.02599000931 Detik 
------------------------- 
Tanggal: 23-10-2021 10:35:01 
Duration Download Forstok 17.893368959427 Detik
Duration Looping 700 Data 141.50271987915 Detik 
Total Duration 141.50283789635 Detik 
------------------------- 
Tanggal: 23-10-2021 10:40:01 
Duration Download Forstok 11.460375070572 Detik
Duration Looping 700 Data 135.93360114098 Detik 
Total Duration 135.93371200562 Detik 
------------------------- 
Tanggal: 23-10-2021 10:45:01 
Duration Download Forstok 21.041644096375 Detik
Duration Looping 700 Data 145.16949701309 Detik 
Total Duration 145.16958117485 Detik 
------------------------- 
Tanggal: 23-10-2021 10:50:01 
Duration Download Forstok 17.670635938644 Detik
Duration Looping 700 Data 138.45241999626 Detik 
Total Duration 138.45250201225 Detik 
------------------------- 
Tanggal: 23-10-2021 10:55:01 
Duration Download Forstok 17.555742025375 Detik
Duration Looping 700 Data 139.35887718201 Detik 
Total Duration 139.35899209976 Detik 
------------------------- 
Tanggal: 23-10-2021 11:00:01 
Duration Download Forstok 14.577455997467 Detik
Duration Looping 700 Data 137.65937209129 Detik 
Total Duration 137.65945911407 Detik 
------------------------- 
Tanggal: 23-10-2021 11:05:01 
Duration Download Forstok 19.493110179901 Detik
Duration Looping 700 Data 135.11854505539 Detik 
Total Duration 135.11866307259 Detik 
------------------------- 
Tanggal: 23-10-2021 11:10:01 
Duration Download Forstok 13.899570941925 Detik
Duration Looping 700 Data 132.88156795502 Detik 
Total Duration 132.88168001175 Detik 
------------------------- 
Tanggal: 23-10-2021 11:15:01 
Duration Download Forstok 17.393398046494 Detik
Duration Looping 700 Data 134.06433105469 Detik 
Total Duration 134.06441903114 Detik 
------------------------- 
Tanggal: 23-10-2021 11:20:01 
Duration Download Forstok 10.006348133087 Detik
Duration Looping 700 Data 131.74977517128 Detik 
Total Duration 131.74989008904 Detik 
------------------------- 
Tanggal: 23-10-2021 11:25:01 
Duration Download Forstok 24.389922142029 Detik
Duration Looping 700 Data 143.80648899078 Detik 
Total Duration 143.80658698082 Detik 
------------------------- 
Tanggal: 23-10-2021 11:30:01 
Duration Download Forstok 11.442520856857 Detik
Duration Looping 700 Data 129.21547007561 Detik 
Total Duration 129.21555399895 Detik 
------------------------- 
Tanggal: 23-10-2021 11:35:01 
Duration Download Forstok 21.903120040894 Detik
Duration Looping 700 Data 143.97106909752 Detik 
Total Duration 143.97118997574 Detik 
------------------------- 
Tanggal: 23-10-2021 11:40:01 
Duration Download Forstok 13.776118040085 Detik
Duration Looping 700 Data 138.69537305832 Detik 
Total Duration 138.69548296928 Detik 
------------------------- 
Tanggal: 23-10-2021 11:45:01 
Duration Download Forstok 18.698028087616 Detik
Duration Looping 700 Data 141.92875289917 Detik 
Total Duration 141.92887711525 Detik 
------------------------- 
Tanggal: 23-10-2021 11:50:01 
Duration Download Forstok 9.7324030399323 Detik
Duration Looping 700 Data 133.19153404236 Detik 
Total Duration 133.19166398048 Detik 
------------------------- 
Tanggal: 23-10-2021 11:55:02 
Duration Download Forstok 22.707016944885 Detik
Duration Looping 700 Data 144.25934386253 Detik 
Total Duration 144.25946784019 Detik 
------------------------- 
Tanggal: 23-10-2021 12:00:01 
Duration Download Forstok 15.041124105453 Detik
Duration Looping 700 Data 135.48110890388 Detik 
Total Duration 135.48122501373 Detik 
------------------------- 
Tanggal: 23-10-2021 12:05:01 
Duration Download Forstok 22.521735906601 Detik
Duration Looping 700 Data 140.71592283249 Detik 
Total Duration 140.71600794792 Detik 
------------------------- 
Tanggal: 23-10-2021 12:10:01 
Duration Download Forstok 13.622663974762 Detik
Duration Looping 700 Data 133.87258887291 Detik 
Total Duration 133.87267780304 Detik 
------------------------- 
Tanggal: 23-10-2021 12:15:01 
Duration Download Forstok 14.953037977219 Detik
Duration Looping 700 Data 132.41353392601 Detik 
Total Duration 132.413615942 Detik 
------------------------- 
Tanggal: 23-10-2021 12:20:01 
Duration Download Forstok 15.135615110397 Detik
Duration Looping 700 Data 138.11786103249 Detik 
Total Duration 138.11797308922 Detik 
------------------------- 
Tanggal: 23-10-2021 12:25:01 
Duration Download Forstok 14.222254991531 Detik
Duration Looping 700 Data 134.96187710762 Detik 
Total Duration 134.9620051384 Detik 
------------------------- 
Tanggal: 23-10-2021 12:30:01 
Duration Download Forstok 14.283379793167 Detik
Duration Looping 700 Data 133.96241092682 Detik 
Total Duration 133.96252179146 Detik 
------------------------- 
Tanggal: 23-10-2021 12:35:01 
Duration Download Forstok 20.939364910126 Detik
Duration Looping 700 Data 142.69151496887 Detik 
Total Duration 142.69162893295 Detik 
------------------------- 
Tanggal: 23-10-2021 12:40:01 
Duration Download Forstok 11.454279184341 Detik
Duration Looping 700 Data 132.12664103508 Detik 
Total Duration 132.12675595284 Detik 
------------------------- 
Tanggal: 23-10-2021 12:45:01 
Duration Download Forstok 23.474477052689 Detik
Duration Looping 700 Data 138.34567308426 Detik 
Total Duration 138.34578204155 Detik 
------------------------- 
Tanggal: 23-10-2021 12:50:01 
Duration Download Forstok 12.272783041 Detik
Duration Looping 700 Data 133.20506906509 Detik 
Total Duration 133.20518302917 Detik 
------------------------- 
Tanggal: 23-10-2021 12:55:01 
Duration Download Forstok 15.9740691185 Detik
Duration Looping 700 Data 132.51313710213 Detik 
Total Duration 132.51325297356 Detik 
------------------------- 
Tanggal: 23-10-2021 13:00:01 
Duration Download Forstok 15.065310001373 Detik
Duration Looping 700 Data 139.72809791565 Detik 
Total Duration 139.72820401192 Detik 
------------------------- 
Tanggal: 23-10-2021 13:05:01 
Duration Download Forstok 23.033574819565 Detik
Duration Looping 700 Data 136.85880184174 Detik 
Total Duration 136.85890889168 Detik 
------------------------- 
Tanggal: 23-10-2021 13:10:01 
Duration Download Forstok 9.2951130867004 Detik
Duration Looping 700 Data 126.42956995964 Detik 
Total Duration 126.42969107628 Detik 
------------------------- 
Tanggal: 23-10-2021 13:15:01 
Duration Download Forstok 17.057365179062 Detik
Duration Looping 700 Data 137.32374405861 Detik 
Total Duration 137.32386612892 Detik 
------------------------- 
Tanggal: 23-10-2021 13:20:01 
Duration Download Forstok 11.565831899643 Detik
Duration Looping 700 Data 131.54920983315 Detik 
Total Duration 131.54936695099 Detik 
------------------------- 
Tanggal: 23-10-2021 13:25:01 
Duration Download Forstok 17.789415121078 Detik
Duration Looping 700 Data 135.34827589989 Detik 
Total Duration 135.34839010239 Detik 
------------------------- 
Tanggal: 23-10-2021 13:30:01 
Duration Download Forstok 11.931834936142 Detik
Duration Looping 700 Data 126.71016788483 Detik 
Total Duration 126.71027588844 Detik 
------------------------- 
Tanggal: 23-10-2021 13:35:01 
Duration Download Forstok 16.612043857574 Detik
Duration Looping 700 Data 132.93195486069 Detik 
Total Duration 132.93207001686 Detik 
------------------------- 
Tanggal: 23-10-2021 13:40:01 
Duration Download Forstok 13.57017993927 Detik
Duration Looping 700 Data 137.79633498192 Detik 
Total Duration 137.79643392563 Detik 
------------------------- 
Tanggal: 23-10-2021 13:45:02 
Duration Download Forstok 23.525448799133 Detik
Duration Looping 700 Data 137.19937801361 Detik 
Total Duration 137.19950079918 Detik 
------------------------- 
Tanggal: 23-10-2021 13:50:01 
Duration Download Forstok 10.228893041611 Detik
Duration Looping 700 Data 132.70208120346 Detik 
Total Duration 132.70219111443 Detik 
------------------------- 
Tanggal: 23-10-2021 13:55:01 
Duration Download Forstok 14.303736925125 Detik
Duration Looping 700 Data 135.53570890427 Detik 
Total Duration 135.53581190109 Detik 
------------------------- 
Tanggal: 23-10-2021 14:00:01 
Duration Download Forstok 14.433893918991 Detik
Duration Looping 700 Data 130.7236828804 Detik 
Total Duration 130.72379493713 Detik 
------------------------- 
Tanggal: 23-10-2021 14:05:01 
Duration Download Forstok 23.107928037643 Detik
Duration Looping 700 Data 137.06332802773 Detik 
Total Duration 137.06343483925 Detik 
------------------------- 
Tanggal: 23-10-2021 14:10:01 
Duration Download Forstok 14.006731033325 Detik
Duration Looping 700 Data 127.15262413025 Detik 
Total Duration 127.15273213387 Detik 
------------------------- 
Tanggal: 23-10-2021 14:15:01 
Duration Download Forstok 18.446365833282 Detik
Duration Looping 700 Data 136.65707397461 Detik 
Total Duration 136.65718698502 Detik 
------------------------- 
Tanggal: 23-10-2021 14:20:01 
Duration Download Forstok 13.041239023209 Detik
Duration Looping 700 Data 128.31239795685 Detik 
Total Duration 128.31250190735 Detik 
------------------------- 
Tanggal: 23-10-2021 14:25:01 
Duration Download Forstok 14.350294113159 Detik
Duration Looping 700 Data 127.7578420639 Detik 
Total Duration 127.7580139637 Detik 
------------------------- 
Tanggal: 23-10-2021 14:30:01 
Duration Download Forstok 10.886086940765 Detik
Duration Looping 700 Data 125.30458307266 Detik 
Total Duration 125.30473303795 Detik 
------------------------- 
Tanggal: 23-10-2021 14:35:01 
Duration Download Forstok 19.611038923264 Detik
Duration Looping 700 Data 137.46004295349 Detik 
Total Duration 137.46015810966 Detik 
------------------------- 
Tanggal: 23-10-2021 14:40:01 
Duration Download Forstok 14.664114952087 Detik
Duration Looping 700 Data 130.07087802887 Detik 
Total Duration 130.07097911835 Detik 
------------------------- 
Tanggal: 23-10-2021 14:45:01 
Duration Download Forstok 22.007867097855 Detik
Duration Looping 700 Data 136.42859005928 Detik 
Total Duration 136.42871308327 Detik 
------------------------- 
Tanggal: 23-10-2021 14:50:01 
Duration Download Forstok 13.928323984146 Detik
Duration Looping 700 Data 132.68729305267 Detik 
Total Duration 132.68740415573 Detik 
------------------------- 
Tanggal: 23-10-2021 14:55:01 
Duration Download Forstok 16.036153078079 Detik
Duration Looping 700 Data 134.31145501137 Detik 
Total Duration 134.3115670681 Detik 
------------------------- 
Tanggal: 23-10-2021 15:00:01 
Duration Download Forstok 10.698907852173 Detik
Duration Looping 700 Data 133.00380992889 Detik 
Total Duration 133.00392889977 Detik 
------------------------- 
Tanggal: 23-10-2021 15:05:01 
Duration Download Forstok 13.465713977814 Detik
Duration Looping 700 Data 132.67820096016 Detik 
Total Duration 132.67831206322 Detik 
------------------------- 
Tanggal: 23-10-2021 15:10:01 
Duration Download Forstok 13.245284080505 Detik
Duration Looping 700 Data 132.82788515091 Detik 
Total Duration 132.82800197601 Detik 
------------------------- 
Tanggal: 23-10-2021 15:15:01 
Duration Download Forstok 16.991518974304 Detik
Duration Looping 700 Data 134.27846693993 Detik 
Total Duration 134.27858901024 Detik 
------------------------- 
Tanggal: 23-10-2021 15:20:01 
Duration Download Forstok 11.720346927643 Detik
Duration Looping 700 Data 145.56708502769 Detik 
Total Duration 145.56719088554 Detik 
------------------------- 
Tanggal: 23-10-2021 15:25:01 
Duration Download Forstok 18.964859008789 Detik
Duration Looping 700 Data 133.67820215225 Detik 
Total Duration 133.67831420898 Detik 
------------------------- 
Tanggal: 23-10-2021 15:30:01 
Duration Download Forstok 14.325978040695 Detik
Duration Looping 700 Data 130.08160400391 Detik 
Total Duration 130.08171391487 Detik 
------------------------- 
Tanggal: 23-10-2021 15:35:01 
Duration Download Forstok 16.446001052856 Detik
Duration Looping 700 Data 137.94437599182 Detik 
Total Duration 137.94449496269 Detik 
------------------------- 
Tanggal: 23-10-2021 15:40:01 
Duration Download Forstok 11.272457122803 Detik
Duration Looping 700 Data 132.51967597008 Detik 
Total Duration 132.51978492737 Detik 
------------------------- 
Tanggal: 23-10-2021 15:45:01 
Duration Download Forstok 16.410163879395 Detik
Duration Looping 700 Data 134.71286892891 Detik 
Total Duration 134.71299695969 Detik 
------------------------- 
Tanggal: 23-10-2021 15:50:01 
Duration Download Forstok 14.351903915405 Detik
Duration Looping 700 Data 137.75946998596 Detik 
Total Duration 137.75958991051 Detik 
------------------------- 
Tanggal: 23-10-2021 15:55:01 
Duration Download Forstok 24.272238969803 Detik
Duration Looping 700 Data 153.14508104324 Detik 
Total Duration 153.14519190788 Detik 
------------------------- 
Tanggal: 23-10-2021 16:00:01 
Duration Download Forstok 11.697714805603 Detik
Duration Looping 700 Data 130.50868797302 Detik 
Total Duration 130.50879096985 Detik 
------------------------- 
Tanggal: 23-10-2021 16:05:01 
Duration Download Forstok 17.844396829605 Detik
Duration Looping 700 Data 136.23704195023 Detik 
Total Duration 136.2371468544 Detik 
------------------------- 
Tanggal: 23-10-2021 16:10:01 
Duration Download Forstok 12.650697946548 Detik
Duration Looping 700 Data 130.10479402542 Detik 
Total Duration 130.10490202904 Detik 
------------------------- 
Tanggal: 23-10-2021 16:15:01 
Duration Download Forstok 17.105460882187 Detik
Duration Looping 700 Data 139.19500589371 Detik 
Total Duration 139.1951239109 Detik 
------------------------- 
Tanggal: 23-10-2021 16:20:01 
Duration Download Forstok 13.494864940643 Detik
Duration Looping 700 Data 129.77315711975 Detik 
Total Duration 129.77326607704 Detik 
------------------------- 
Tanggal: 23-10-2021 16:25:01 
Duration Download Forstok 19.893175840378 Detik
Duration Looping 700 Data 138.29587888718 Detik 
Total Duration 138.29599094391 Detik 
------------------------- 
Tanggal: 23-10-2021 16:30:01 
Duration Download Forstok 11.648010015488 Detik
Duration Looping 700 Data 129.0254740715 Detik 
Total Duration 129.02558398247 Detik 
------------------------- 
Tanggal: 23-10-2021 16:35:01 
Duration Download Forstok 17.62265586853 Detik
Duration Looping 700 Data 133.46413087845 Detik 
Total Duration 133.46428704262 Detik 
------------------------- 
Tanggal: 23-10-2021 16:40:01 
Duration Download Forstok 12.155735969543 Detik
Duration Looping 700 Data 127.44502806664 Detik 
Total Duration 127.44513607025 Detik 
------------------------- 
Tanggal: 23-10-2021 16:45:01 
Duration Download Forstok 18.135215044022 Detik
Duration Looping 700 Data 133.40370893478 Detik 
Total Duration 133.40382814407 Detik 
------------------------- 
Tanggal: 23-10-2021 16:50:01 
Duration Download Forstok 10.999545812607 Detik
Duration Looping 700 Data 130.97905278206 Detik 
Total Duration 130.97917699814 Detik 
------------------------- 
Tanggal: 23-10-2021 16:55:01 
Duration Download Forstok 18.710036039352 Detik
Duration Looping 700 Data 149.32676911354 Detik 
Total Duration 149.32688498497 Detik 
------------------------- 
Tanggal: 23-10-2021 17:00:01 
Duration Download Forstok 15.264441013336 Detik
Duration Looping 700 Data 133.51418495178 Detik 
Total Duration 133.51430511475 Detik 
------------------------- 
Tanggal: 23-10-2021 17:05:01 
Duration Download Forstok 27.669800043106 Detik
Duration Looping 700 Data 140.30580711365 Detik 
Total Duration 140.30592918396 Detik 
------------------------- 
Tanggal: 23-10-2021 17:10:01 
Duration Download Forstok 10.861487150192 Detik
Duration Looping 700 Data 124.34792017937 Detik 
Total Duration 124.34802913666 Detik 
------------------------- 
Tanggal: 23-10-2021 17:15:01 
Duration Download Forstok 19.783821821213 Detik
Duration Looping 700 Data 141.06733703613 Detik 
Total Duration 141.06741690636 Detik 
------------------------- 
Tanggal: 23-10-2021 17:20:02 
Duration Download Forstok 10.886437892914 Detik
Duration Looping 700 Data 129.85238409042 Detik 
Total Duration 129.85249400139 Detik 
------------------------- 
Tanggal: 23-10-2021 17:25:01 
Duration Download Forstok 22.788264989853 Detik
Duration Looping 700 Data 136.94474005699 Detik 
Total Duration 136.94485592842 Detik 
------------------------- 
Tanggal: 23-10-2021 17:30:01 
Duration Download Forstok 15.022019863129 Detik
Duration Looping 700 Data 128.96944189072 Detik 
Total Duration 128.96955299377 Detik 
------------------------- 
Tanggal: 23-10-2021 17:35:01 
Duration Download Forstok 19.964922904968 Detik
Duration Looping 700 Data 137.99897408485 Detik 
Total Duration 137.99909305573 Detik 
------------------------- 
Tanggal: 23-10-2021 17:40:01 
Duration Download Forstok 11.633056879044 Detik
Duration Looping 700 Data 126.79068183899 Detik 
Total Duration 126.79079294205 Detik 
------------------------- 
Tanggal: 23-10-2021 17:45:01 
Duration Download Forstok 17.140105009079 Detik
Duration Looping 700 Data 134.66297101974 Detik 
Total Duration 134.66310119629 Detik 
------------------------- 
Tanggal: 23-10-2021 17:50:01 
Duration Download Forstok 12.204073190689 Detik
Duration Looping 700 Data 129.62706112862 Detik 
Total Duration 129.62717199326 Detik 
------------------------- 
Tanggal: 23-10-2021 17:55:01 
Duration Download Forstok 16.24765920639 Detik
Duration Looping 700 Data 138.17501807213 Detik 
Total Duration 138.17512702942 Detik 
------------------------- 
Tanggal: 23-10-2021 18:00:01 
Duration Download Forstok 17.057615995407 Detik
Duration Looping 700 Data 134.97307300568 Detik 
Total Duration 134.97318100929 Detik 
------------------------- 
Tanggal: 23-10-2021 18:05:01 
Duration Download Forstok 19.219401836395 Detik
Duration Looping 700 Data 135.91641688347 Detik 
Total Duration 135.91653680801 Detik 
------------------------- 
Tanggal: 23-10-2021 18:10:01 
Duration Download Forstok 15.056874036789 Detik
Duration Looping 700 Data 132.74648118019 Detik 
Total Duration 132.74658799171 Detik 
------------------------- 
Tanggal: 23-10-2021 18:15:01 
Duration Download Forstok 12.527250051498 Detik
Duration Looping 700 Data 135.73275399208 Detik 
Total Duration 135.73286795616 Detik 
------------------------- 
Tanggal: 23-10-2021 18:20:01 
Duration Download Forstok 14.314591884613 Detik
Duration Looping 700 Data 133.69272398949 Detik 
Total Duration 133.69282484055 Detik 
------------------------- 
Tanggal: 23-10-2021 18:25:01 
Duration Download Forstok 17.024552106857 Detik
Duration Looping 700 Data 130.18104815483 Detik 
Total Duration 130.18115496635 Detik 
------------------------- 
Tanggal: 23-10-2021 18:30:01 
Duration Download Forstok 10.152900934219 Detik
Duration Looping 700 Data 124.09385490417 Detik 
Total Duration 124.09395289421 Detik 
------------------------- 
Tanggal: 23-10-2021 18:35:01 
Duration Download Forstok 14.991295099258 Detik
Duration Looping 700 Data 128.65734314919 Detik 
Total Duration 128.65743517876 Detik 
------------------------- 
Tanggal: 23-10-2021 18:40:01 
Duration Download Forstok 11.550343990326 Detik
Duration Looping 700 Data 132.65571904182 Detik 
Total Duration 132.65582704544 Detik 
------------------------- 
Tanggal: 23-10-2021 18:45:01 
Duration Download Forstok 15.462179899216 Detik
Duration Looping 700 Data 129.65831804276 Detik 
Total Duration 129.65843605995 Detik 
------------------------- 
Tanggal: 23-10-2021 18:50:01 
Duration Download Forstok 13.009635925293 Detik
Duration Looping 700 Data 130.48178291321 Detik 
Total Duration 130.48188900948 Detik 
------------------------- 
Tanggal: 23-10-2021 18:55:01 
Duration Download Forstok 14.599400997162 Detik
Duration Looping 700 Data 127.55515003204 Detik 
Total Duration 127.55526900291 Detik 
------------------------- 
Tanggal: 23-10-2021 19:00:01 
Duration Download Forstok 13.93061709404 Detik
Duration Looping 700 Data 129.28351902962 Detik 
Total Duration 129.28362202644 Detik 
------------------------- 
Tanggal: 23-10-2021 19:05:02 
Duration Download Forstok 17.477705001831 Detik
Duration Looping 700 Data 131.96482586861 Detik 
Total Duration 131.96493387222 Detik 
------------------------- 
Tanggal: 23-10-2021 19:10:01 
Duration Download Forstok 13.897212982178 Detik
Duration Looping 700 Data 126.48132205009 Detik 
Total Duration 126.48142695427 Detik 
------------------------- 
Tanggal: 23-10-2021 19:15:01 
Duration Download Forstok 16.153454065323 Detik
Duration Looping 700 Data 129.94579386711 Detik 
Total Duration 129.94591188431 Detik 
------------------------- 
Tanggal: 23-10-2021 19:20:01 
Duration Download Forstok 9.8682870864868 Detik
Duration Looping 700 Data 125.89372992516 Detik 
Total Duration 125.89383912086 Detik 
------------------------- 
Tanggal: 23-10-2021 19:25:01 
Duration Download Forstok 14.857446908951 Detik
Duration Looping 700 Data 127.70168399811 Detik 
Total Duration 127.70179700851 Detik 
------------------------- 
Tanggal: 23-10-2021 19:30:01 
Duration Download Forstok 13.339004993439 Detik
Duration Looping 700 Data 125.61425614357 Detik 
Total Duration 125.61436510086 Detik 
------------------------- 
Tanggal: 23-10-2021 19:35:01 
Duration Download Forstok 19.55074596405 Detik
Duration Looping 700 Data 137.26905012131 Detik 
Total Duration 137.26915693283 Detik 
------------------------- 
Tanggal: 23-10-2021 19:40:02 
Duration Download Forstok 11.728452920914 Detik
Duration Looping 700 Data 133.43803787231 Detik 
Total Duration 133.43815088272 Detik 
------------------------- 
Tanggal: 23-10-2021 19:45:01 
Duration Download Forstok 17.636521100998 Detik
Duration Looping 700 Data 130.93775701523 Detik 
Total Duration 130.93787002563 Detik 
------------------------- 
Tanggal: 23-10-2021 19:50:01 
Duration Download Forstok 14.224881887436 Detik
Duration Looping 700 Data 127.09624290466 Detik 
Total Duration 127.09635186195 Detik 
------------------------- 
Tanggal: 23-10-2021 19:55:01 
Duration Download Forstok 17.405882120132 Detik
Duration Looping 700 Data 135.01970601082 Detik 
Total Duration 135.01983904839 Detik 
------------------------- 
Tanggal: 23-10-2021 20:00:01 
Duration Download Forstok 15.787734985352 Detik
Duration Looping 700 Data 130.34159588814 Detik 
Total Duration 130.3417057991 Detik 
------------------------- 
Tanggal: 23-10-2021 20:05:01 
Duration Download Forstok 18.848317861557 Detik
Duration Looping 700 Data 134.90306305885 Detik 
Total Duration 134.90316700935 Detik 
------------------------- 
Tanggal: 23-10-2021 20:10:01 
Duration Download Forstok 14.197225093842 Detik
Duration Looping 700 Data 127.27767014503 Detik 
Total Duration 127.27778601646 Detik 
------------------------- 
Tanggal: 23-10-2021 20:15:01 
Duration Download Forstok 23.559153795242 Detik
Duration Looping 700 Data 141.96318793297 Detik 
Total Duration 141.96330690384 Detik 
------------------------- 
Tanggal: 23-10-2021 20:20:01 
Duration Download Forstok 14.405325174332 Detik
Duration Looping 700 Data 137.77101397514 Detik 
Total Duration 137.77112007141 Detik 
------------------------- 
Tanggal: 23-10-2021 20:25:01 
Duration Download Forstok 21.698220968246 Detik
Duration Looping 700 Data 136.54574894905 Detik 
Total Duration 136.54586100578 Detik 
------------------------- 
Tanggal: 23-10-2021 20:30:01 
Duration Download Forstok 13.015807151794 Detik
Duration Looping 700 Data 125.78020620346 Detik 
Total Duration 125.78031110764 Detik 
------------------------- 
Tanggal: 23-10-2021 20:35:01 
Duration Download Forstok 18.092347145081 Detik
Duration Looping 700 Data 132.65177798271 Detik 
Total Duration 132.65189909935 Detik 
------------------------- 
Tanggal: 23-10-2021 20:40:01 
Duration Download Forstok 10.849725961685 Detik
Duration Looping 700 Data 131.60955882072 Detik 
Total Duration 131.60966396332 Detik 
------------------------- 
Tanggal: 23-10-2021 20:45:01 
Duration Download Forstok 16.163193941116 Detik
Duration Looping 700 Data 133.03437399864 Detik 
Total Duration 133.03449106216 Detik 
------------------------- 
Tanggal: 23-10-2021 20:50:01 
Duration Download Forstok 15.158726930618 Detik
Duration Looping 700 Data 133.38501310349 Detik 
Total Duration 133.38512587547 Detik 
------------------------- 
Tanggal: 23-10-2021 20:55:01 
Duration Download Forstok 16.024702072144 Detik
Duration Looping 700 Data 132.6095662117 Detik 
Total Duration 132.60966610909 Detik 
------------------------- 
Tanggal: 23-10-2021 21:00:01 
Duration Download Forstok 13.871959924698 Detik
Duration Looping 700 Data 132.83293199539 Detik 
Total Duration 132.83304095268 Detik 
------------------------- 
Tanggal: 23-10-2021 21:05:01 
Duration Download Forstok 21.173851013184 Detik
Duration Looping 700 Data 137.28707718849 Detik 
Total Duration 137.28718614578 Detik 
------------------------- 
Tanggal: 23-10-2021 21:10:01 
Duration Download Forstok 11.172698974609 Detik
Duration Looping 700 Data 127.21537899971 Detik 
Total Duration 127.215487957 Detik 
------------------------- 
Tanggal: 23-10-2021 21:15:01 
Duration Download Forstok 24.230398893356 Detik
Duration Looping 700 Data 138.52608394623 Detik 
Total Duration 138.52620100975 Detik 
------------------------- 
Tanggal: 23-10-2021 21:20:01 
Duration Download Forstok 11.384454965591 Detik
Duration Looping 700 Data 130.39189100266 Detik 
Total Duration 130.39200210571 Detik 
------------------------- 
Tanggal: 23-10-2021 21:25:01 
Duration Download Forstok 17.029206037521 Detik
Duration Looping 700 Data 130.80953788757 Detik 
Total Duration 130.80965399742 Detik 
------------------------- 
Tanggal: 23-10-2021 21:30:01 
Duration Download Forstok 13.844439029694 Detik
Duration Looping 700 Data 126.84344792366 Detik 
Total Duration 126.84356999397 Detik 
------------------------- 
Tanggal: 23-10-2021 21:35:01 
Duration Download Forstok 23.479707956314 Detik
Duration Looping 700 Data 140.79622983932 Detik 
Total Duration 140.79634690285 Detik 
------------------------- 
Tanggal: 23-10-2021 21:40:01 
Duration Download Forstok 13.132889032364 Detik
Duration Looping 700 Data 126.91860198975 Detik 
Total Duration 126.91870689392 Detik 
------------------------- 
Tanggal: 23-10-2021 21:45:01 
Duration Download Forstok 17.614429950714 Detik
Duration Looping 700 Data 138.46146392822 Detik 
Total Duration 138.46158099174 Detik 
------------------------- 
Tanggal: 23-10-2021 21:50:02 
Duration Download Forstok 11.090759038925 Detik
Duration Looping 700 Data 124.69805598259 Detik 
Total Duration 124.69816589355 Detik 
------------------------- 
Tanggal: 23-10-2021 21:55:01 
Duration Download Forstok 16.393569946289 Detik
Duration Looping 700 Data 131.17311310768 Detik 
Total Duration 131.17323589325 Detik 
------------------------- 
Tanggal: 23-10-2021 22:00:01 
Duration Download Forstok 15.13339304924 Detik
Duration Looping 700 Data 137.18470287323 Detik 
Total Duration 137.18480801582 Detik 
------------------------- 
Tanggal: 23-10-2021 22:05:01 
Duration Download Forstok 17.056829929352 Detik
Duration Looping 700 Data 131.39757299423 Detik 
Total Duration 131.39768600464 Detik 
------------------------- 
Tanggal: 23-10-2021 22:10:01 
Duration Download Forstok 18.109092950821 Detik
Duration Looping 700 Data 131.19923305511 Detik 
Total Duration 131.19933891296 Detik 
------------------------- 
Tanggal: 23-10-2021 22:15:01 
Duration Download Forstok 14.750154018402 Detik
Duration Looping 700 Data 133.29590296745 Detik 
Total Duration 133.29602003098 Detik 
------------------------- 
Tanggal: 23-10-2021 22:20:01 
Duration Download Forstok 12.29902100563 Detik
Duration Looping 700 Data 133.40490794182 Detik 
Total Duration 133.4050219059 Detik 
------------------------- 
Tanggal: 23-10-2021 22:25:01 
Duration Download Forstok 17.570519208908 Detik
Duration Looping 700 Data 130.09026813507 Detik 
Total Duration 130.09038710594 Detik 
------------------------- 
Tanggal: 23-10-2021 22:30:01 
Duration Download Forstok 12.643401861191 Detik
Duration Looping 700 Data 131.22097396851 Detik 
Total Duration 131.22108101845 Detik 
------------------------- 
Tanggal: 23-10-2021 22:35:01 
Duration Download Forstok 29.68141913414 Detik
Duration Looping 700 Data 144.89223504066 Detik 
Total Duration 144.892359972 Detik 
------------------------- 
Tanggal: 23-10-2021 22:40:02 
Duration Download Forstok 12.964367866516 Detik
Duration Looping 700 Data 131.4001789093 Detik 
Total Duration 131.40030407906 Detik 
------------------------- 
Tanggal: 23-10-2021 22:45:01 
Duration Download Forstok 19.536716938019 Detik
Duration Looping 700 Data 137.64741492271 Detik 
Total Duration 137.64752602577 Detik 
------------------------- 
Tanggal: 23-10-2021 22:50:01 
Duration Download Forstok 11.130614995956 Detik
Duration Looping 700 Data 127.71958303452 Detik 
Total Duration 127.71969389915 Detik 
------------------------- 
Tanggal: 23-10-2021 22:55:01 
Duration Download Forstok 19.174619197845 Detik
Duration Looping 700 Data 133.42394804955 Detik 
Total Duration 133.42406606674 Detik 
------------------------- 
Tanggal: 23-10-2021 23:00:01 
Duration Download Forstok 15.232163906097 Detik
Duration Looping 700 Data 138.15572786331 Detik 
Total Duration 138.1558368206 Detik 
------------------------- 
Tanggal: 23-10-2021 23:05:01 
Duration Download Forstok 14.078263044357 Detik
Duration Looping 700 Data 148.14028406143 Detik 
Total Duration 148.1404299736 Detik 
------------------------- 
Tanggal: 23-10-2021 23:10:01 
Duration Download Forstok 14.848026037216 Detik
Duration Looping 700 Data 130.65713095665 Detik 
Total Duration 130.65724992752 Detik 
------------------------- 
Tanggal: 23-10-2021 23:15:01 
Duration Download Forstok 16.927416086197 Detik
Duration Looping 700 Data 137.13334298134 Detik 
Total Duration 137.13346004486 Detik 
------------------------- 
Tanggal: 23-10-2021 23:20:01 
Duration Download Forstok 10.476190090179 Detik
Duration Looping 700 Data 126.53343701363 Detik 
Total Duration 126.53354787827 Detik 
------------------------- 
Tanggal: 23-10-2021 23:25:01 
Duration Download Forstok 23.660201072693 Detik
Duration Looping 700 Data 141.58275508881 Detik 
Total Duration 141.58286809921 Detik 
------------------------- 
Tanggal: 23-10-2021 23:30:01 
Duration Download Forstok 13.373290061951 Detik
Duration Looping 700 Data 130.06248188019 Detik 
Total Duration 130.06259298325 Detik 
------------------------- 
Tanggal: 23-10-2021 23:35:02 
Duration Download Forstok 19.846930027008 Detik
Duration Looping 700 Data 152.06663489342 Detik 
Total Duration 152.06675004959 Detik 
------------------------- 
Tanggal: 23-10-2021 23:40:01 
Duration Download Forstok 15.009549856186 Detik
Duration Looping 700 Data 129.19012784958 Detik 
Total Duration 129.19023489952 Detik 
------------------------- 
Tanggal: 23-10-2021 23:45:01 
Duration Download Forstok 18.116348028183 Detik
Duration Looping 700 Data 141.17366409302 Detik 
Total Duration 141.17378020287 Detik 
------------------------- 
Tanggal: 23-10-2021 23:50:01 
Duration Download Forstok 12.936536073685 Detik
Duration Looping 700 Data 126.27029919624 Detik 
Total Duration 126.27041816711 Detik 
------------------------- 
Tanggal: 23-10-2021 23:55:01 
Duration Download Forstok 20.285797119141 Detik
Duration Looping 700 Data 143.04827904701 Detik 
Total Duration 143.04839301109 Detik 
------------------------- 
