Tanggal: 22-11-2021 00:00:01 
Duration Download Forstok 12.923305988312 Detik
Tanggal: 22-11-2021 00:05:01 
Duration Download Forstok 18.031993865967 Detik
Tanggal: 22-11-2021 00:10:01 
Duration Download Forstok 10.451591968536 Detik
Duration Looping 700 Data 650.88044881821 Detik 
Total Duration 650.8805668354 Detik 
------------------------- 
Duration Looping 700 Data 350.78656387329 Detik 
Total Duration 350.7866768837 Detik 
------------------------- 
Duration Looping 700 Data 157.37054204941 Detik 
Total Duration 157.3713619709 Detik 
------------------------- 
Tanggal: 22-11-2021 00:15:01 
Duration Download Forstok 15.245558023453 Detik
Duration Looping 700 Data 135.30623698235 Detik 
Total Duration 135.30633187294 Detik 
------------------------- 
Tanggal: 22-11-2021 00:20:01 
Duration Download Forstok 11.344701766968 Detik
Duration Looping 700 Data 139.35806298256 Detik 
Total Duration 139.35815382004 Detik 
------------------------- 
Tanggal: 22-11-2021 00:25:01 
Duration Download Forstok 10.456951141357 Detik
Duration Looping 700 Data 157.75799107552 Detik 
Total Duration 157.7589161396 Detik 
------------------------- 
Tanggal: 22-11-2021 00:30:01 
Duration Download Forstok 11.109208106995 Detik
Duration Looping 700 Data 139.2068939209 Detik 
Total Duration 139.2070081234 Detik 
------------------------- 
Tanggal: 22-11-2021 00:35:01 
Duration Download Forstok 11.2262840271 Detik
Duration Looping 700 Data 129.38260006905 Detik 
Total Duration 129.38271307945 Detik 
------------------------- 
Tanggal: 22-11-2021 00:40:01 
Duration Download Forstok 13.436679124832 Detik
Duration Looping 700 Data 133.10846304893 Detik 
Total Duration 133.10857820511 Detik 
------------------------- 
Tanggal: 22-11-2021 00:45:01 
Duration Download Forstok 15.850920915604 Detik
Duration Looping 700 Data 151.22520685196 Detik 
Total Duration 151.22533392906 Detik 
------------------------- 
Tanggal: 22-11-2021 00:50:01 
Duration Download Forstok 12.69911813736 Detik
Duration Looping 700 Data 130.22244000435 Detik 
Total Duration 130.22256207466 Detik 
------------------------- 
Tanggal: 22-11-2021 00:55:01 
Duration Download Forstok 13.069499015808 Detik
Duration Looping 700 Data 127.98912286758 Detik 
Total Duration 127.98924589157 Detik 
------------------------- 
Tanggal: 22-11-2021 01:00:01 
Duration Download Forstok 13.025151014328 Detik
Duration Looping 700 Data 139.57764697075 Detik 
Total Duration 139.57776212692 Detik 
------------------------- 
Tanggal: 22-11-2021 01:05:01 
Duration Download Forstok 13.887955904007 Detik
Duration Looping 700 Data 129.44688796997 Detik 
Total Duration 129.44700288773 Detik 
------------------------- 
Tanggal: 22-11-2021 01:10:01 
Duration Download Forstok 10.437828063965 Detik
Duration Looping 700 Data 125.17188405991 Detik 
Total Duration 125.17199707031 Detik 
------------------------- 
Tanggal: 22-11-2021 01:15:01 
Duration Download Forstok 13.109313964844 Detik
Duration Looping 700 Data 131.02702283859 Detik 
Total Duration 131.0271089077 Detik 
------------------------- 
Tanggal: 22-11-2021 01:20:01 
Duration Download Forstok 10.738712072372 Detik
Duration Looping 700 Data 143.0561170578 Detik 
Total Duration 143.05623292923 Detik 
------------------------- 
Tanggal: 22-11-2021 01:25:01 
Duration Download Forstok 10.055244922638 Detik
Duration Looping 700 Data 123.98157691956 Detik 
Total Duration 123.9816930294 Detik 
------------------------- 
Tanggal: 22-11-2021 01:30:01 
Duration Download Forstok 11.707000017166 Detik
Duration Looping 700 Data 137.40875411034 Detik 
Total Duration 137.40886902809 Detik 
------------------------- 
Tanggal: 22-11-2021 01:35:01 
Duration Download Forstok 12.270088911057 Detik
Duration Looping 700 Data 134.85768198967 Detik 
Total Duration 134.85779595375 Detik 
------------------------- 
Tanggal: 22-11-2021 01:40:01 
Duration Download Forstok 10.536502122879 Detik
Duration Looping 700 Data 128.85574197769 Detik 
Total Duration 128.85585713387 Detik 
------------------------- 
Tanggal: 22-11-2021 01:45:01 
Duration Download Forstok 13.693385839462 Detik
Duration Looping 700 Data 150.5577878952 Detik 
Total Duration 150.55791783333 Detik 
------------------------- 
Tanggal: 22-11-2021 01:50:01 
Duration Download Forstok 11.291018009186 Detik
Duration Looping 700 Data 128.18697404861 Detik 
Total Duration 128.18705582619 Detik 
------------------------- 
Tanggal: 22-11-2021 01:55:01 
Duration Download Forstok 10.224730968475 Detik
Duration Looping 700 Data 128.70104193687 Detik 
Total Duration 128.70116090775 Detik 
------------------------- 
Tanggal: 22-11-2021 02:00:01 
Duration Download Forstok 10.914443016052 Detik
Duration Looping 700 Data 131.89665412903 Detik 
Total Duration 131.89676904678 Detik 
------------------------- 
Tanggal: 22-11-2021 02:05:01 
Duration Download Forstok 17.639316082001 Detik
Duration Looping 700 Data 131.06990599632 Detik 
Total Duration 131.07001805305 Detik 
------------------------- 
Tanggal: 22-11-2021 02:10:01 
Duration Download Forstok 11.668880939484 Detik
Duration Looping 700 Data 135.47979187965 Detik 
Total Duration 135.4799079895 Detik 
------------------------- 
Tanggal: 22-11-2021 02:15:01 
Duration Download Forstok 10.377124786377 Detik
Duration Looping 700 Data 127.15106081963 Detik 
Total Duration 127.15117788315 Detik 
------------------------- 
Tanggal: 22-11-2021 02:20:01 
Duration Download Forstok 9.3608629703522 Detik
Duration Looping 700 Data 126.08773398399 Detik 
Total Duration 126.08785390854 Detik 
------------------------- 
Tanggal: 22-11-2021 02:25:01 
Duration Download Forstok 11.18940114975 Detik
Duration Looping 700 Data 123.43741607666 Detik 
Total Duration 123.43753099442 Detik 
------------------------- 
Tanggal: 22-11-2021 02:30:01 
Duration Download Forstok 9.5575299263 Detik
Duration Looping 700 Data 134.80087590218 Detik 
Total Duration 134.8009750843 Detik 
------------------------- 
Tanggal: 22-11-2021 02:35:01 
Duration Download Forstok 11.745854139328 Detik
Duration Looping 700 Data 138.2166800499 Detik 
Total Duration 138.21684193611 Detik 
------------------------- 
Tanggal: 22-11-2021 02:40:01 
Duration Download Forstok 13.317831993103 Detik
Duration Looping 700 Data 138.72969484329 Detik 
Total Duration 138.72981786728 Detik 
------------------------- 
Tanggal: 22-11-2021 02:45:01 
Duration Download Forstok 12.880817890167 Detik
Duration Looping 700 Data 125.5627849102 Detik 
Total Duration 125.56289696693 Detik 
------------------------- 
Tanggal: 22-11-2021 02:50:01 
Duration Download Forstok 13.004796981812 Detik
Duration Looping 700 Data 133.00778698921 Detik 
Total Duration 133.00790095329 Detik 
------------------------- 
Tanggal: 22-11-2021 02:55:01 
Duration Download Forstok 10.388632059097 Detik
Duration Looping 700 Data 127.27033996582 Detik 
Total Duration 127.27045798302 Detik 
------------------------- 
Tanggal: 22-11-2021 03:00:01 
Duration Download Forstok 10.033632993698 Detik
Duration Looping 700 Data 127.06581091881 Detik 
Total Duration 127.06591701508 Detik 
------------------------- 
Tanggal: 22-11-2021 03:05:02 
Duration Download Forstok 18.513092041016 Detik
Duration Looping 700 Data 136.85651493073 Detik 
Total Duration 136.8566300869 Detik 
------------------------- 
Tanggal: 22-11-2021 03:10:02 
Duration Download Forstok 10.62319278717 Detik
Duration Looping 700 Data 131.76241278648 Detik 
Total Duration 131.76252293587 Detik 
------------------------- 
Tanggal: 22-11-2021 03:15:01 
Duration Download Forstok 13.06955909729 Detik
Duration Looping 700 Data 131.19194793701 Detik 
Total Duration 131.19206404686 Detik 
------------------------- 
Tanggal: 22-11-2021 03:20:01 
Duration Download Forstok 11.285742044449 Detik
Duration Looping 700 Data 127.92761516571 Detik 
Total Duration 127.927724123 Detik 
------------------------- 
Tanggal: 22-11-2021 03:25:01 
Duration Download Forstok 9.4249520301819 Detik
Duration Looping 700 Data 123.23080301285 Detik 
Total Duration 123.23091697693 Detik 
------------------------- 
Tanggal: 22-11-2021 03:30:01 
Duration Download Forstok 12.078974962234 Detik
Duration Looping 700 Data 127.57064795494 Detik 
Total Duration 127.5707719326 Detik 
------------------------- 
Tanggal: 22-11-2021 03:35:01 
Duration Download Forstok 11.360341072083 Detik
Duration Looping 700 Data 131.4012761116 Detik 
Total Duration 131.40137910843 Detik 
------------------------- 
Tanggal: 22-11-2021 03:40:01 
Duration Download Forstok 12.070735931396 Detik
Duration Looping 700 Data 135.17016506195 Detik 
Total Duration 135.17027187347 Detik 
------------------------- 
Tanggal: 22-11-2021 03:45:01 
Duration Download Forstok 13.75164103508 Detik
Duration Looping 700 Data 140.98389196396 Detik 
Total Duration 140.98400187492 Detik 
------------------------- 
Tanggal: 22-11-2021 03:50:01 
Duration Download Forstok 11.141537189484 Detik
Duration Looping 700 Data 128.17709612846 Detik 
Total Duration 128.17718911171 Detik 
------------------------- 
Tanggal: 22-11-2021 03:55:01 
Duration Download Forstok 10.836496114731 Detik
Duration Looping 700 Data 128.22955703735 Detik 
Total Duration 128.22967100143 Detik 
------------------------- 
Tanggal: 22-11-2021 04:00:01 
Duration Download Forstok 12.060771942139 Detik
Duration Looping 700 Data 135.51605892181 Detik 
Total Duration 135.51617407799 Detik 
------------------------- 
Tanggal: 22-11-2021 04:05:01 
Duration Download Forstok 17.100389003754 Detik
Duration Looping 700 Data 129.61930680275 Detik 
Total Duration 129.61941981316 Detik 
------------------------- 
Tanggal: 22-11-2021 04:10:01 
Duration Download Forstok 10.516674995422 Detik
Duration Looping 700 Data 122.95475292206 Detik 
Total Duration 122.95483183861 Detik 
------------------------- 
Tanggal: 22-11-2021 04:15:01 
Duration Download Forstok 14.555284023285 Detik
Duration Looping 700 Data 133.87208795547 Detik 
Total Duration 133.87220191956 Detik 
------------------------- 
Tanggal: 22-11-2021 04:20:01 
Duration Download Forstok 13.532507896423 Detik
Duration Looping 700 Data 131.56823587418 Detik 
Total Duration 131.56834983826 Detik 
------------------------- 
Tanggal: 22-11-2021 04:25:01 
Duration Download Forstok 11.326732873917 Detik
Duration Looping 700 Data 131.77005290985 Detik 
Total Duration 131.7701690197 Detik 
------------------------- 
Tanggal: 22-11-2021 04:30:01 
Duration Download Forstok 9.7987310886383 Detik
Duration Looping 700 Data 122.08961296082 Detik 
Total Duration 122.08972501755 Detik 
------------------------- 
Tanggal: 22-11-2021 04:35:01 
Duration Download Forstok 12.790375947952 Detik
Duration Looping 700 Data 135.19590497017 Detik 
Total Duration 135.19600605965 Detik 
------------------------- 
Tanggal: 22-11-2021 04:40:01 
Duration Download Forstok 13.551717042923 Detik
Duration Looping 700 Data 128.61318898201 Detik 
Total Duration 128.61329913139 Detik 
------------------------- 
Tanggal: 22-11-2021 04:45:01 
Duration Download Forstok 10.815623044968 Detik
Duration Looping 700 Data 123.52557897568 Detik 
Total Duration 123.52569317818 Detik 
------------------------- 
Tanggal: 22-11-2021 04:50:01 
Duration Download Forstok 12.353105068207 Detik
Duration Looping 700 Data 128.0301129818 Detik 
Total Duration 128.03022909164 Detik 
------------------------- 
Tanggal: 22-11-2021 04:55:01 
Duration Download Forstok 11.417117834091 Detik
Duration Looping 700 Data 142.16699290276 Detik 
Total Duration 142.16709685326 Detik 
------------------------- 
Tanggal: 22-11-2021 05:00:01 
Duration Download Forstok 13.064269065857 Detik
Duration Looping 700 Data 133.84786105156 Detik 
Total Duration 133.84797811508 Detik 
------------------------- 
Tanggal: 22-11-2021 05:05:01 
Duration Download Forstok 13.796523094177 Detik
Duration Looping 700 Data 132.78536605835 Detik 
Total Duration 132.78548693657 Detik 
------------------------- 
Tanggal: 22-11-2021 05:10:01 
Duration Download Forstok 12.873901844025 Detik
Duration Looping 700 Data 129.30389785767 Detik 
Total Duration 129.3040099144 Detik 
------------------------- 
Tanggal: 22-11-2021 05:15:01 
Duration Download Forstok 14.382527112961 Detik
Duration Looping 700 Data 143.57163715363 Detik 
Total Duration 143.57175302505 Detik 
------------------------- 
Tanggal: 22-11-2021 05:20:01 
Duration Download Forstok 12.856863021851 Detik
Duration Looping 700 Data 140.46281194687 Detik 
Total Duration 140.46292209625 Detik 
------------------------- 
Tanggal: 22-11-2021 05:25:01 
Duration Download Forstok 11.251409053802 Detik
Duration Looping 700 Data 124.51139307022 Detik 
Total Duration 124.51151108742 Detik 
------------------------- 
Tanggal: 22-11-2021 05:30:01 
Duration Download Forstok 13.417683124542 Detik
Duration Looping 700 Data 131.5749771595 Detik 
Total Duration 131.57518005371 Detik 
------------------------- 
Tanggal: 22-11-2021 05:35:01 
Duration Download Forstok 11.426826000214 Detik
Duration Looping 700 Data 129.90223097801 Detik 
Total Duration 129.90235090256 Detik 
------------------------- 
Tanggal: 22-11-2021 05:40:01 
Duration Download Forstok 14.374905109406 Detik
Duration Looping 700 Data 131.88371801376 Detik 
Total Duration 131.88382601738 Detik 
------------------------- 
Tanggal: 22-11-2021 05:45:01 
Duration Download Forstok 13.219342947006 Detik
Duration Looping 700 Data 127.09696102142 Detik 
Total Duration 127.09707212448 Detik 
------------------------- 
Tanggal: 22-11-2021 05:50:01 
Duration Download Forstok 13.975126981735 Detik
Duration Looping 700 Data 133.160779953 Detik 
Total Duration 133.16088294983 Detik 
------------------------- 
Tanggal: 22-11-2021 05:55:01 
Duration Download Forstok 11.86154794693 Detik
Duration Looping 700 Data 128.39190411568 Detik 
Total Duration 128.3919980526 Detik 
------------------------- 
Tanggal: 22-11-2021 06:00:01 
Duration Download Forstok 10.7370429039 Detik
Duration Looping 700 Data 130.67366600037 Detik 
Total Duration 130.67378401756 Detik 
------------------------- 
Tanggal: 22-11-2021 06:05:01 
Duration Download Forstok 18.604732036591 Detik
Duration Looping 700 Data 131.22722506523 Detik 
Total Duration 131.22734093666 Detik 
------------------------- 
Tanggal: 22-11-2021 06:10:01 
Duration Download Forstok 11.027287006378 Detik
Duration Looping 700 Data 126.82433915138 Detik 
Total Duration 126.82445406914 Detik 
------------------------- 
Tanggal: 22-11-2021 06:15:01 
Duration Download Forstok 14.800650119781 Detik
Duration Looping 700 Data 127.83564710617 Detik 
Total Duration 127.83576512337 Detik 
------------------------- 
Tanggal: 22-11-2021 06:20:01 
Duration Download Forstok 10.553263187408 Detik
Duration Looping 700 Data 124.85324501991 Detik 
Total Duration 124.85335016251 Detik 
------------------------- 
Tanggal: 22-11-2021 06:25:01 
Duration Download Forstok 11.163735866547 Detik
Duration Looping 700 Data 126.31337594986 Detik 
Total Duration 126.31349086761 Detik 
------------------------- 
Tanggal: 22-11-2021 06:30:02 
Duration Download Forstok 11.67115187645 Detik
Duration Looping 700 Data 125.0974919796 Detik 
Total Duration 125.09760403633 Detik 
------------------------- 
Tanggal: 22-11-2021 06:35:01 
Duration Download Forstok 11.892790079117 Detik
Duration Looping 700 Data 126.53526210785 Detik 
Total Duration 126.53537607193 Detik 
------------------------- 
Tanggal: 22-11-2021 06:40:01 
Duration Download Forstok 11.67472410202 Detik
Duration Looping 700 Data 129.13494896889 Detik 
Total Duration 129.13507509232 Detik 
------------------------- 
Tanggal: 22-11-2021 06:45:01 
Duration Download Forstok 13.355797052383 Detik
Duration Looping 700 Data 129.38482499123 Detik 
Total Duration 129.38491797447 Detik 
------------------------- 
Tanggal: 22-11-2021 06:50:02 
Duration Download Forstok 13.511376857758 Detik
Duration Looping 700 Data 129.41069293022 Detik 
Total Duration 129.41080784798 Detik 
------------------------- 
Tanggal: 22-11-2021 06:55:01 
Duration Download Forstok 12.722335100174 Detik
Duration Looping 700 Data 127.35229611397 Detik 
Total Duration 127.35242199898 Detik 
------------------------- 
Tanggal: 22-11-2021 07:00:01 
Duration Download Forstok 10.920732975006 Detik
Duration Looping 700 Data 130.93707513809 Detik 
Total Duration 130.93718600273 Detik 
------------------------- 
Tanggal: 22-11-2021 07:05:01 
Duration Download Forstok 18.42258310318 Detik
Duration Looping 700 Data 135.50752401352 Detik 
Total Duration 135.50765514374 Detik 
------------------------- 
Tanggal: 22-11-2021 07:10:01 
Duration Download Forstok 12.469157934189 Detik
Duration Looping 700 Data 126.47544789314 Detik 
Total Duration 126.47556495667 Detik 
------------------------- 
Tanggal: 22-11-2021 07:15:01 
Duration Download Forstok 14.277521848679 Detik
Duration Looping 700 Data 133.09250593185 Detik 
Total Duration 133.09261989594 Detik 
------------------------- 
Tanggal: 22-11-2021 07:20:01 
Duration Download Forstok 10.872152090073 Detik
Duration Looping 700 Data 124.33523511887 Detik 
Total Duration 124.33534812927 Detik 
------------------------- 
Tanggal: 22-11-2021 07:25:01 
Duration Download Forstok 11.883389949799 Detik
Duration Looping 700 Data 131.64706516266 Detik 
Total Duration 131.64718103409 Detik 
------------------------- 
Tanggal: 22-11-2021 07:30:02 
Duration Download Forstok 10.991955041885 Detik
Duration Looping 700 Data 122.93710303307 Detik 
Total Duration 122.93720984459 Detik 
------------------------- 
Tanggal: 22-11-2021 07:35:01 
Duration Download Forstok 11.575018882751 Detik
Duration Looping 700 Data 132.85736179352 Detik 
Total Duration 132.8574860096 Detik 
------------------------- 
Tanggal: 22-11-2021 07:40:01 
Duration Download Forstok 13.089051961899 Detik
Duration Looping 700 Data 138.26047801971 Detik 
Total Duration 138.26059293747 Detik 
------------------------- 
Tanggal: 22-11-2021 07:45:01 
Duration Download Forstok 12.648175954819 Detik
Duration Looping 700 Data 130.02781414986 Detik 
Total Duration 130.0279250145 Detik 
------------------------- 
Tanggal: 22-11-2021 07:50:01 
Duration Download Forstok 12.789056062698 Detik
Duration Looping 700 Data 126.68150115013 Detik 
Total Duration 126.68160820007 Detik 
------------------------- 
Tanggal: 22-11-2021 07:55:01 
Duration Download Forstok 12.849957942963 Detik
Duration Looping 700 Data 133.36251091957 Detik 
Total Duration 133.36262798309 Detik 
------------------------- 
Tanggal: 22-11-2021 08:00:01 
Duration Download Forstok 13.552309036255 Detik
Duration Looping 700 Data 131.31867313385 Detik 
Total Duration 131.31879520416 Detik 
------------------------- 
Tanggal: 22-11-2021 08:05:01 
Duration Download Forstok 21.755310058594 Detik
Duration Looping 700 Data 137.40015697479 Detik 
Total Duration 137.40027093887 Detik 
------------------------- 
Tanggal: 22-11-2021 08:10:01 
Duration Download Forstok 13.529284954071 Detik
Duration Looping 700 Data 134.81717514992 Detik 
Total Duration 134.81729006767 Detik 
------------------------- 
Tanggal: 22-11-2021 08:15:01 
Duration Download Forstok 13.067864179611 Detik
Duration Looping 700 Data 129.08635997772 Detik 
Total Duration 129.08648395538 Detik 
------------------------- 
Tanggal: 22-11-2021 08:20:01 
Duration Download Forstok 12.602439880371 Detik
Duration Looping 700 Data 133.05845594406 Detik 
Total Duration 133.05857586861 Detik 
------------------------- 
Tanggal: 22-11-2021 08:25:02 
Duration Download Forstok 10.963335037231 Detik
Duration Looping 700 Data 126.64578700066 Detik 
Total Duration 126.64590001106 Detik 
------------------------- 
Tanggal: 22-11-2021 08:30:01 
Duration Download Forstok 11.935660123825 Detik
Duration Looping 700 Data 134.43467211723 Detik 
Total Duration 134.43478012085 Detik 
------------------------- 
Tanggal: 22-11-2021 08:35:01 
Duration Download Forstok 11.156437158585 Detik
Duration Looping 700 Data 130.64952707291 Detik 
Total Duration 130.6496219635 Detik 
------------------------- 
Tanggal: 22-11-2021 08:40:01 
Duration Download Forstok 13.906693935394 Detik
Duration Looping 700 Data 138.95343589783 Detik 
Total Duration 138.95357203484 Detik 
------------------------- 
Tanggal: 22-11-2021 08:45:01 
Duration Download Forstok 14.655157089233 Detik
Duration Looping 700 Data 135.10000395775 Detik 
Total Duration 135.1001200676 Detik 
------------------------- 
Tanggal: 22-11-2021 08:50:01 
Duration Download Forstok 11.326627016068 Detik
Duration Looping 700 Data 131.02801609039 Detik 
Total Duration 131.02812004089 Detik 
------------------------- 
Tanggal: 22-11-2021 08:55:01 
Duration Download Forstok 11.714256048203 Detik
Duration Looping 700 Data 136.31433916092 Detik 
Total Duration 136.314453125 Detik 
------------------------- 
Tanggal: 22-11-2021 09:00:01 
Duration Download Forstok 16.440630912781 Detik
Duration Looping 700 Data 140.34863185883 Detik 
Total Duration 140.34874892235 Detik 
------------------------- 
Tanggal: 22-11-2021 09:05:01 
Duration Download Forstok 15.536957979202 Detik
Duration Looping 700 Data 140.02998209 Detik 
Total Duration 140.03010416031 Detik 
------------------------- 
Tanggal: 22-11-2021 09:10:01 
Duration Download Forstok 15.674294948578 Detik
Duration Looping 700 Data 136.00833010674 Detik 
Total Duration 136.00841093063 Detik 
------------------------- 
Tanggal: 22-11-2021 09:15:01 
Duration Download Forstok 12.863812923431 Detik
Duration Looping 700 Data 138.89780902863 Detik 
Total Duration 138.89789199829 Detik 
------------------------- 
Tanggal: 22-11-2021 09:20:01 
Duration Download Forstok 12.631630897522 Detik
Duration Looping 700 Data 140.60262680054 Detik 
Total Duration 140.60274195671 Detik 
------------------------- 
Tanggal: 22-11-2021 09:25:01 
Duration Download Forstok 11.931592941284 Detik
Duration Looping 700 Data 138.28338599205 Detik 
Total Duration 138.28347992897 Detik 
------------------------- 
Tanggal: 22-11-2021 09:30:01 
Duration Download Forstok 11.576427936554 Detik
Duration Looping 700 Data 130.43627691269 Detik 
Total Duration 130.43641495705 Detik 
------------------------- 
Tanggal: 22-11-2021 09:35:01 
Duration Download Forstok 15.021890878677 Detik
Duration Looping 700 Data 137.26297903061 Detik 
Total Duration 137.26305890083 Detik 
------------------------- 
Tanggal: 22-11-2021 09:40:01 
Duration Download Forstok 14.012710094452 Detik
Duration Looping 700 Data 143.59389615059 Detik 
Total Duration 143.594009161 Detik 
------------------------- 
Tanggal: 22-11-2021 09:45:01 
Duration Download Forstok 16.632774114609 Detik
Duration Looping 700 Data 143.9089820385 Detik 
Total Duration 143.90909194946 Detik 
------------------------- 
Tanggal: 22-11-2021 09:50:01 
Duration Download Forstok 10.63699889183 Detik
Duration Looping 700 Data 131.35642790794 Detik 
Total Duration 131.35654687881 Detik 
------------------------- 
Tanggal: 22-11-2021 09:55:01 
Duration Download Forstok 10.139410018921 Detik
Duration Looping 700 Data 136.83734202385 Detik 
Total Duration 136.83744692802 Detik 
------------------------- 
Tanggal: 22-11-2021 10:00:01 
Duration Download Forstok 13.053345918655 Detik
Duration Looping 700 Data 134.48000907898 Detik 
Total Duration 134.48012495041 Detik 
------------------------- 
Tanggal: 22-11-2021 10:05:01 
Duration Download Forstok 15.333880186081 Detik
Duration Looping 700 Data 143.08592820168 Detik 
Total Duration 143.08604097366 Detik 
------------------------- 
Tanggal: 22-11-2021 10:10:01 
Duration Download Forstok 12.619826078415 Detik
Duration Looping 700 Data 140.66418409348 Detik 
Total Duration 140.66426205635 Detik 
------------------------- 
Tanggal: 22-11-2021 10:15:01 
Duration Download Forstok 10.83552312851 Detik
Duration Looping 700 Data 140.04284310341 Detik 
Total Duration 140.04295921326 Detik 
------------------------- 
Tanggal: 22-11-2021 10:20:01 
Duration Download Forstok 16.217844009399 Detik
Duration Looping 700 Data 142.18007206917 Detik 
Total Duration 142.18017506599 Detik 
------------------------- 
Tanggal: 22-11-2021 10:25:01 
Duration Download Forstok 10.211872816086 Detik
Duration Looping 700 Data 130.16606879234 Detik 
Total Duration 130.16618490219 Detik 
------------------------- 
Tanggal: 22-11-2021 10:30:01 
Duration Download Forstok 11.145261049271 Detik
Duration Looping 700 Data 132.24974799156 Detik 
Total Duration 132.24982905388 Detik 
------------------------- 
Tanggal: 22-11-2021 10:35:01 
Duration Download Forstok 17.644341230392 Detik
Duration Looping 700 Data 145.30756902695 Detik 
Total Duration 145.30769705772 Detik 
------------------------- 
Tanggal: 22-11-2021 10:40:01 
Duration Download Forstok 11.234469175339 Detik
Duration Looping 700 Data 132.50173401833 Detik 
Total Duration 132.50185394287 Detik 
------------------------- 
Tanggal: 22-11-2021 10:45:01 
Duration Download Forstok 11.336206912994 Detik
Duration Looping 700 Data 131.51793408394 Detik 
Total Duration 131.51804590225 Detik 
------------------------- 
Tanggal: 22-11-2021 10:50:01 
Duration Download Forstok 18.353224992752 Detik
Duration Looping 700 Data 140.59066390991 Detik 
Total Duration 140.59077501297 Detik 
------------------------- 
Tanggal: 22-11-2021 10:55:01 
Duration Download Forstok 11.530102968216 Detik
Duration Looping 700 Data 138.07439184189 Detik 
Total Duration 138.07448101044 Detik 
------------------------- 
Tanggal: 22-11-2021 11:00:01 
Duration Download Forstok 12.059144973755 Detik
Duration Looping 700 Data 140.2347240448 Detik 
Total Duration 140.23480415344 Detik 
------------------------- 
Tanggal: 22-11-2021 11:05:01 
Duration Download Forstok 17.589739084244 Detik
Duration Looping 700 Data 136.76622605324 Detik 
Total Duration 136.76636099815 Detik 
------------------------- 
Tanggal: 22-11-2021 11:10:01 
Duration Download Forstok 12.011663913727 Detik
Duration Looping 700 Data 135.21615004539 Detik 
Total Duration 135.21623587608 Detik 
------------------------- 
Tanggal: 22-11-2021 11:15:01 
Duration Download Forstok 18.559360980988 Detik
Duration Looping 700 Data 144.94339799881 Detik 
Total Duration 144.94351696968 Detik 
------------------------- 
Tanggal: 22-11-2021 11:20:01 
Duration Download Forstok 13.631865024567 Detik
Duration Looping 700 Data 136.12990307808 Detik 
Total Duration 136.129997015 Detik 
------------------------- 
Tanggal: 22-11-2021 11:25:01 
Duration Download Forstok 13.723370075226 Detik
Duration Looping 700 Data 139.86866903305 Detik 
Total Duration 139.86881709099 Detik 
------------------------- 
Tanggal: 22-11-2021 11:30:01 
Duration Download Forstok 12.687498092651 Detik
Duration Looping 700 Data 139.80896496773 Detik 
Total Duration 139.8090569973 Detik 
------------------------- 
Tanggal: 22-11-2021 11:35:01 
Duration Download Forstok 15.834213972092 Detik
Duration Looping 700 Data 133.76699209213 Detik 
Total Duration 133.76710295677 Detik 
------------------------- 
Tanggal: 22-11-2021 11:40:01 
Duration Download Forstok 10.290754795074 Detik
Duration Looping 700 Data 142.30095696449 Detik 
Total Duration 142.30107498169 Detik 
------------------------- 
Tanggal: 22-11-2021 11:45:01 
Duration Download Forstok 13.069494009018 Detik
Duration Looping 700 Data 132.32213616371 Detik 
Total Duration 132.32225203514 Detik 
------------------------- 
Tanggal: 22-11-2021 11:50:02 
Duration Download Forstok 12.846997976303 Detik
Duration Looping 700 Data 136.80556893349 Detik 
Total Duration 136.80566191673 Detik 
------------------------- 
Tanggal: 22-11-2021 11:55:01 
Duration Download Forstok 12.644514799118 Detik
Duration Looping 700 Data 136.26608896255 Detik 
Total Duration 136.26619100571 Detik 
------------------------- 
Tanggal: 22-11-2021 12:00:01 
Duration Download Forstok 11.346670866013 Detik
Duration Looping 700 Data 141.21588897705 Detik 
Total Duration 141.2159807682 Detik 
------------------------- 
Tanggal: 22-11-2021 12:05:01 
Duration Download Forstok 16.942815065384 Detik
Duration Looping 700 Data 135.33086109161 Detik 
Total Duration 135.33097410202 Detik 
------------------------- 
Tanggal: 22-11-2021 12:10:01 
Duration Download Forstok 12.104459047318 Detik
Duration Looping 700 Data 136.37390303612 Detik 
Total Duration 136.37401294708 Detik 
------------------------- 
Tanggal: 22-11-2021 12:15:01 
Duration Download Forstok 12.789723873138 Detik
Duration Looping 700 Data 131.41253304482 Detik 
Total Duration 131.41271901131 Detik 
------------------------- 
Tanggal: 22-11-2021 12:20:01 
Duration Download Forstok 11.708641052246 Detik
Duration Looping 700 Data 135.43027997017 Detik 
Total Duration 135.43038797379 Detik 
------------------------- 
Tanggal: 22-11-2021 12:25:01 
Duration Download Forstok 10.694519996643 Detik
Duration Looping 700 Data 132.00994491577 Detik 
Total Duration 132.01008892059 Detik 
------------------------- 
Tanggal: 22-11-2021 12:30:01 
Duration Download Forstok 12.642514228821 Detik
Duration Looping 700 Data 131.25714111328 Detik 
Total Duration 131.25725507736 Detik 
------------------------- 
Tanggal: 22-11-2021 12:35:01 
Duration Download Forstok 14.36848783493 Detik
Duration Looping 700 Data 132.43498897552 Detik 
Total Duration 132.43511891365 Detik 
------------------------- 
Tanggal: 22-11-2021 12:40:01 
Duration Download Forstok 13.312711000443 Detik
Duration Looping 700 Data 133.14066696167 Detik 
Total Duration 133.14077711105 Detik 
------------------------- 
Tanggal: 22-11-2021 12:45:01 
Duration Download Forstok 13.958708047867 Detik
Duration Looping 700 Data 134.15189003944 Detik 
Total Duration 134.15199613571 Detik 
------------------------- 
Tanggal: 22-11-2021 12:50:01 
Duration Download Forstok 9.6153810024261 Detik
Duration Looping 700 Data 132.98432087898 Detik 
Total Duration 132.98446202278 Detik 
------------------------- 
Tanggal: 22-11-2021 12:55:01 
Duration Download Forstok 11.596276044846 Detik
Duration Looping 700 Data 132.6601600647 Detik 
Total Duration 132.66026186943 Detik 
------------------------- 
Tanggal: 22-11-2021 13:00:01 
Duration Download Forstok 12.633399009705 Detik
Duration Looping 700 Data 137.56304717064 Detik 
Total Duration 137.5631570816 Detik 
------------------------- 
Tanggal: 22-11-2021 13:05:01 
Duration Download Forstok 17.858374834061 Detik
Duration Looping 700 Data 144.14996886253 Detik 
Total Duration 144.15007305145 Detik 
------------------------- 
Tanggal: 22-11-2021 13:10:01 
Duration Download Forstok 11.982367992401 Detik
Duration Looping 700 Data 133.67558789253 Detik 
Total Duration 133.67566585541 Detik 
------------------------- 
Tanggal: 22-11-2021 13:15:01 
Duration Download Forstok 16.704154014587 Detik
Duration Looping 700 Data 145.76956796646 Detik 
Total Duration 145.76969003677 Detik 
------------------------- 
Tanggal: 22-11-2021 13:20:01 
Duration Download Forstok 13.555381059647 Detik
Duration Looping 700 Data 135.10830307007 Detik 
Total Duration 135.10842704773 Detik 
------------------------- 
Tanggal: 22-11-2021 13:25:01 
Duration Download Forstok 10.385952949524 Detik
Duration Looping 700 Data 135.44771409035 Detik 
Total Duration 135.44780397415 Detik 
------------------------- 
Tanggal: 22-11-2021 13:30:01 
Duration Download Forstok 12.718955993652 Detik
Duration Looping 700 Data 134.69704699516 Detik 
Total Duration 134.69722318649 Detik 
------------------------- 
Tanggal: 22-11-2021 13:35:01 
Duration Download Forstok 16.902734994888 Detik
Duration Looping 700 Data 137.91351985931 Detik 
Total Duration 137.91360902786 Detik 
------------------------- 
Tanggal: 22-11-2021 13:40:01 
Duration Download Forstok 13.439481019974 Detik
Duration Looping 700 Data 137.58278298378 Detik 
Total Duration 137.5828909874 Detik 
------------------------- 
Tanggal: 22-11-2021 13:45:01 
Duration Download Forstok 14.292969942093 Detik
Duration Looping 700 Data 142.61590194702 Detik 
Total Duration 142.61602902412 Detik 
------------------------- 
Tanggal: 22-11-2021 13:50:01 
Duration Download Forstok 12.81355714798 Detik
Duration Looping 700 Data 134.63415408134 Detik 
Total Duration 134.63428401947 Detik 
------------------------- 
Tanggal: 22-11-2021 13:55:01 
Duration Download Forstok 12.464037179947 Detik
Duration Looping 700 Data 136.1225399971 Detik 
Total Duration 136.12263607979 Detik 
------------------------- 
Tanggal: 22-11-2021 14:00:01 
Duration Download Forstok 13.514885902405 Detik
Duration Looping 700 Data 135.75030398369 Detik 
Total Duration 135.75041794777 Detik 
------------------------- 
Tanggal: 22-11-2021 14:05:01 
Duration Download Forstok 15.207384824753 Detik
Duration Looping 700 Data 139.11240386963 Detik 
Total Duration 139.11252593994 Detik 
------------------------- 
Tanggal: 22-11-2021 14:10:01 
Duration Download Forstok 11.199775934219 Detik
Duration Looping 700 Data 130.22720789909 Detik 
Total Duration 130.22731208801 Detik 
------------------------- 
Tanggal: 22-11-2021 14:15:01 
Duration Download Forstok 14.505515098572 Detik
Duration Looping 700 Data 140.17156410217 Detik 
Total Duration 140.17167806625 Detik 
------------------------- 
Tanggal: 22-11-2021 14:20:01 
Duration Download Forstok 12.433219909668 Detik
Duration Looping 700 Data 134.40046310425 Detik 
Total Duration 134.40057396889 Detik 
------------------------- 
Tanggal: 22-11-2021 14:25:01 
Duration Download Forstok 11.908404827118 Detik
Duration Looping 700 Data 137.21924781799 Detik 
Total Duration 137.21936798096 Detik 
------------------------- 
Tanggal: 22-11-2021 14:30:01 
Duration Download Forstok 12.373934030533 Detik
Duration Looping 700 Data 140.86952590942 Detik 
Total Duration 140.86960482597 Detik 
------------------------- 
Tanggal: 22-11-2021 14:35:01 
Duration Download Forstok 20.18155002594 Detik
Duration Looping 700 Data 142.17976403236 Detik 
Total Duration 142.17987704277 Detik 
------------------------- 
Tanggal: 22-11-2021 14:40:01 
Duration Download Forstok 12.175339221954 Detik
Duration Looping 700 Data 136.52973604202 Detik 
Total Duration 136.52982401848 Detik 
------------------------- 
Tanggal: 22-11-2021 14:45:01 
Duration Download Forstok 15.109898090363 Detik
Duration Looping 700 Data 136.63986206055 Detik 
Total Duration 136.63995289803 Detik 
------------------------- 
Tanggal: 22-11-2021 14:50:01 
Duration Download Forstok 11.258738040924 Detik
Duration Looping 700 Data 131.86352491379 Detik 
Total Duration 131.86364197731 Detik 
------------------------- 
Tanggal: 22-11-2021 14:55:01 
Duration Download Forstok 11.727641820908 Detik
Duration Looping 700 Data 134.24947690964 Detik 
Total Duration 134.24956178665 Detik 
------------------------- 
Tanggal: 22-11-2021 15:00:01 
Duration Download Forstok 11.289436101913 Detik
Duration Looping 700 Data 140.32469511032 Detik 
Total Duration 140.32484817505 Detik 
------------------------- 
Tanggal: 22-11-2021 15:05:01 
Duration Download Forstok 17.591380119324 Detik
Duration Looping 700 Data 136.77929997444 Detik 
Total Duration 136.77940702438 Detik 
------------------------- 
Tanggal: 22-11-2021 15:10:01 
Duration Download Forstok 11.712496995926 Detik
Duration Looping 700 Data 133.06582784653 Detik 
Total Duration 133.06593799591 Detik 
------------------------- 
Tanggal: 22-11-2021 15:15:01 
Duration Download Forstok 12.719968080521 Detik
Duration Looping 700 Data 134.80040788651 Detik 
Total Duration 134.80055499077 Detik 
------------------------- 
Tanggal: 22-11-2021 15:20:01 
Duration Download Forstok 11.752942085266 Detik
Duration Looping 700 Data 135.96864509583 Detik 
Total Duration 135.96876597404 Detik 
------------------------- 
Tanggal: 22-11-2021 15:25:01 
Duration Download Forstok 10.590913057327 Detik
Duration Looping 700 Data 132.07719111443 Detik 
Total Duration 132.07730603218 Detik 
------------------------- 
Tanggal: 22-11-2021 15:30:01 
Duration Download Forstok 11.45942401886 Detik
Duration Looping 700 Data 137.29119515419 Detik 
Total Duration 137.29132008553 Detik 
------------------------- 
Tanggal: 22-11-2021 15:35:01 
Duration Download Forstok 12.775508880615 Detik
Duration Looping 700 Data 136.37122106552 Detik 
Total Duration 136.37132501602 Detik 
------------------------- 
Tanggal: 22-11-2021 15:40:01 
Duration Download Forstok 10.106437921524 Detik
Duration Looping 700 Data 133.90160298347 Detik 
Total Duration 133.90169692039 Detik 
------------------------- 
Tanggal: 22-11-2021 15:45:01 
Duration Download Forstok 11.227861166 Detik
Duration Looping 700 Data 139.45291900635 Detik 
Total Duration 139.45304107666 Detik 
------------------------- 
Tanggal: 22-11-2021 15:50:01 
Duration Download Forstok 12.382611036301 Detik
Duration Looping 700 Data 134.24907517433 Detik 
Total Duration 134.24915409088 Detik 
------------------------- 
Tanggal: 22-11-2021 15:55:01 
Duration Download Forstok 10.928348064423 Detik
Duration Looping 700 Data 137.78461909294 Detik 
Total Duration 137.78470993042 Detik 
------------------------- 
Tanggal: 22-11-2021 16:00:01 
Duration Download Forstok 13.070788145065 Detik
Duration Looping 700 Data 139.75406718254 Detik 
Total Duration 139.75417613983 Detik 
------------------------- 
Tanggal: 22-11-2021 16:05:01 
Duration Download Forstok 15.120100021362 Detik
Duration Looping 700 Data 142.80320596695 Detik 
Total Duration 142.8033311367 Detik 
------------------------- 
Tanggal: 22-11-2021 16:10:01 
Duration Download Forstok 10.182398080826 Detik
Duration Looping 700 Data 136.60707497597 Detik 
Total Duration 136.60715198517 Detik 
------------------------- 
Tanggal: 22-11-2021 16:15:01 
Duration Download Forstok 13.884121894836 Detik
Duration Looping 700 Data 142.40260887146 Detik 
Total Duration 142.40272498131 Detik 
------------------------- 
Tanggal: 22-11-2021 16:20:01 
Duration Download Forstok 11.800976037979 Detik
Duration Looping 700 Data 137.32385611534 Detik 
Total Duration 137.32397699356 Detik 
------------------------- 
Tanggal: 22-11-2021 16:25:01 
Duration Download Forstok 9.8029742240906 Detik
Duration Looping 700 Data 132.88456010818 Detik 
Total Duration 132.88467216492 Detik 
------------------------- 
Tanggal: 22-11-2021 16:30:01 
Duration Download Forstok 16.188185930252 Detik
Duration Looping 700 Data 142.1513569355 Detik 
Total Duration 142.15147399902 Detik 
------------------------- 
Tanggal: 22-11-2021 16:35:01 
Duration Download Forstok 15.078010082245 Detik
Duration Looping 700 Data 138.518846035 Detik 
Total Duration 138.51892995834 Detik 
------------------------- 
Tanggal: 22-11-2021 16:40:01 
Duration Download Forstok 10.036432981491 Detik
Duration Looping 700 Data 136.31338310242 Detik 
Total Duration 136.31349396706 Detik 
------------------------- 
Tanggal: 22-11-2021 16:45:01 
Duration Download Forstok 11.955585002899 Detik
Duration Looping 700 Data 132.33726096153 Detik 
Total Duration 132.33737277985 Detik 
------------------------- 
Tanggal: 22-11-2021 16:50:01 
Duration Download Forstok 12.40825009346 Detik
Duration Looping 700 Data 134.35159707069 Detik 
Total Duration 134.35171198845 Detik 
------------------------- 
Tanggal: 22-11-2021 16:55:01 
Duration Download Forstok 9.8455429077148 Detik
Duration Looping 700 Data 138.94677209854 Detik 
Total Duration 138.94689106941 Detik 
------------------------- 
Tanggal: 22-11-2021 17:00:01 
Duration Download Forstok 9.6446561813354 Detik
Duration Looping 700 Data 140.37610602379 Detik 
Total Duration 140.37618708611 Detik 
------------------------- 
Tanggal: 22-11-2021 17:05:01 
Duration Download Forstok 17.967135906219 Detik
Duration Looping 700 Data 137.6861948967 Detik 
Total Duration 137.68630981445 Detik 
------------------------- 
Tanggal: 22-11-2021 17:10:01 
Duration Download Forstok 11.155815124512 Detik
Duration Looping 700 Data 137.9027030468 Detik 
Total Duration 137.9027941227 Detik 
------------------------- 
Tanggal: 22-11-2021 17:15:01 
Duration Download Forstok 12.198268890381 Detik
Duration Looping 700 Data 139.85095191002 Detik 
Total Duration 139.85110783577 Detik 
------------------------- 
Tanggal: 22-11-2021 17:20:01 
Duration Download Forstok 10.569435119629 Detik
Duration Looping 700 Data 134.54621911049 Detik 
Total Duration 134.54632997513 Detik 
------------------------- 
Tanggal: 22-11-2021 17:25:01 
Duration Download Forstok 11.677977085114 Detik
Duration Looping 700 Data 134.29659891129 Detik 
Total Duration 134.29674911499 Detik 
------------------------- 
Tanggal: 22-11-2021 17:30:01 
Duration Download Forstok 12.194724082947 Detik
Duration Looping 700 Data 130.50663805008 Detik 
Total Duration 130.50675296783 Detik 
------------------------- 
Tanggal: 22-11-2021 17:35:01 
Duration Download Forstok 12.811502933502 Detik
Duration Looping 700 Data 139.51134204865 Detik 
Total Duration 139.51146602631 Detik 
------------------------- 
Tanggal: 22-11-2021 17:40:01 
Duration Download Forstok 11.309779167175 Detik
Duration Looping 700 Data 135.7892510891 Detik 
Total Duration 135.7893640995 Detik 
------------------------- 
Tanggal: 22-11-2021 17:45:01 
Duration Download Forstok 12.852541923523 Detik
Duration Looping 700 Data 137.61784386635 Detik 
Total Duration 137.61796402931 Detik 
------------------------- 
Tanggal: 22-11-2021 17:50:01 
Duration Download Forstok 10.466202020645 Detik
Duration Looping 700 Data 146.64809703827 Detik 
Total Duration 146.6482360363 Detik 
------------------------- 
Tanggal: 22-11-2021 17:55:01 
Duration Download Forstok 9.6569590568542 Detik
Duration Looping 700 Data 136.028455019 Detik 
Total Duration 136.02856707573 Detik 
------------------------- 
Tanggal: 22-11-2021 18:00:02 
Duration Download Forstok 10.741449117661 Detik
Duration Looping 700 Data 139.6024210453 Detik 
Total Duration 139.60252809525 Detik 
------------------------- 
Tanggal: 22-11-2021 18:05:01 
Duration Download Forstok 18.54948091507 Detik
Duration Looping 700 Data 140.82527399063 Detik 
Total Duration 140.82538509369 Detik 
------------------------- 
Tanggal: 22-11-2021 18:10:01 
Duration Download Forstok 12.581434965134 Detik
Duration Looping 700 Data 133.52471590042 Detik 
Total Duration 133.52483892441 Detik 
------------------------- 
Tanggal: 22-11-2021 18:15:01 
Duration Download Forstok 13.097267150879 Detik
Duration Looping 700 Data 134.47163105011 Detik 
Total Duration 134.47172117233 Detik 
------------------------- 
Tanggal: 22-11-2021 18:20:01 
Duration Download Forstok 13.224167108536 Detik
Duration Looping 700 Data 139.32455992699 Detik 
Total Duration 139.32467007637 Detik 
------------------------- 
Tanggal: 22-11-2021 18:25:01 
Duration Download Forstok 10.812523126602 Detik
Duration Looping 700 Data 129.21755003929 Detik 
Total Duration 129.21767306328 Detik 
------------------------- 
Tanggal: 22-11-2021 18:30:01 
Duration Download Forstok 10.348453044891 Detik
Duration Looping 700 Data 128.12009811401 Detik 
Total Duration 128.12021017075 Detik 
------------------------- 
Tanggal: 22-11-2021 18:35:01 
Duration Download Forstok 17.481084108353 Detik
Duration Looping 700 Data 146.68876409531 Detik 
Total Duration 146.68887495995 Detik 
------------------------- 
Tanggal: 22-11-2021 18:40:01 
Duration Download Forstok 13.247354030609 Detik
Duration Looping 700 Data 140.01183795929 Detik 
Total Duration 140.01195597649 Detik 
------------------------- 
Tanggal: 22-11-2021 18:45:01 
Duration Download Forstok 13.279844999313 Detik
Duration Looping 700 Data 133.47640299797 Detik 
Total Duration 133.47652602196 Detik 
------------------------- 
Tanggal: 22-11-2021 18:50:01 
Duration Download Forstok 12.044569969177 Detik
Duration Looping 700 Data 131.39490699768 Detik 
Total Duration 131.39501595497 Detik 
------------------------- 
Tanggal: 22-11-2021 18:55:01 
Duration Download Forstok 10.696582078934 Detik
Duration Looping 700 Data 130.32456302643 Detik 
Total Duration 130.32467699051 Detik 
------------------------- 
Tanggal: 22-11-2021 19:00:01 
Duration Download Forstok 13.138795852661 Detik
Duration Looping 700 Data 134.88616490364 Detik 
Total Duration 134.88627290726 Detik 
------------------------- 
Tanggal: 22-11-2021 19:05:02 
Duration Download Forstok 22.124394178391 Detik
Duration Looping 700 Data 145.09363102913 Detik 
Total Duration 145.09374904633 Detik 
------------------------- 
Tanggal: 22-11-2021 19:10:01 
Duration Download Forstok 14.240623950958 Detik
Duration Looping 700 Data 134.01773405075 Detik 
Total Duration 134.01785206795 Detik 
------------------------- 
Tanggal: 22-11-2021 19:15:01 
Duration Download Forstok 16.087240934372 Detik
Duration Looping 700 Data 141.11688899994 Detik 
Total Duration 141.11698508263 Detik 
------------------------- 
Tanggal: 22-11-2021 19:20:01 
Duration Download Forstok 10.999090194702 Detik
Duration Looping 700 Data 140.78681707382 Detik 
Total Duration 140.7869310379 Detik 
------------------------- 
Tanggal: 22-11-2021 19:25:01 
Duration Download Forstok 12.395485877991 Detik
Duration Looping 700 Data 139.61751198769 Detik 
Total Duration 139.61763501167 Detik 
------------------------- 
Tanggal: 22-11-2021 19:30:01 
Duration Download Forstok 10.889883041382 Detik
Duration Looping 700 Data 129.64535593987 Detik 
Total Duration 129.6454539299 Detik 
------------------------- 
Tanggal: 22-11-2021 19:35:02 
Duration Download Forstok 14.104863882065 Detik
Duration Looping 700 Data 135.58376097679 Detik 
Total Duration 135.58388495445 Detik 
------------------------- 
Tanggal: 22-11-2021 19:40:01 
Duration Download Forstok 13.310175895691 Detik
Duration Looping 700 Data 135.80945491791 Detik 
Total Duration 135.80956578255 Detik 
------------------------- 
Tanggal: 22-11-2021 19:45:01 
Duration Download Forstok 13.577263832092 Detik
Duration Looping 700 Data 130.46273589134 Detik 
Total Duration 130.46285581589 Detik 
------------------------- 
Tanggal: 22-11-2021 19:50:01 
Duration Download Forstok 10.761465072632 Detik
Duration Looping 700 Data 125.47909617424 Detik 
Total Duration 125.47921705246 Detik 
------------------------- 
Tanggal: 22-11-2021 19:55:02 
Duration Download Forstok 10.518443107605 Detik
Duration Looping 700 Data 131.95114707947 Detik 
Total Duration 131.95126199722 Detik 
------------------------- 
Tanggal: 22-11-2021 20:00:01 
Duration Download Forstok 12.590070009232 Detik
Duration Looping 700 Data 139.32634496689 Detik 
Total Duration 139.32646298409 Detik 
------------------------- 
Tanggal: 22-11-2021 20:05:01 
Duration Download Forstok 15.114135980606 Detik
Duration Looping 700 Data 143.33782696724 Detik 
Total Duration 143.33794593811 Detik 
------------------------- 
Tanggal: 22-11-2021 20:10:01 
Duration Download Forstok 12.348251104355 Detik
Duration Looping 700 Data 129.20272803307 Detik 
Total Duration 129.20282006264 Detik 
------------------------- 
Tanggal: 22-11-2021 20:15:01 
Duration Download Forstok 14.194891214371 Detik
Duration Looping 700 Data 132.95122504234 Detik 
Total Duration 132.95134019852 Detik 
------------------------- 
Tanggal: 22-11-2021 20:20:01 
Duration Download Forstok 10.862415075302 Detik
Duration Looping 700 Data 131.257376194 Detik 
Total Duration 131.25748419762 Detik 
------------------------- 
Tanggal: 22-11-2021 20:25:01 
Duration Download Forstok 12.180950880051 Detik
Duration Looping 700 Data 140.41852903366 Detik 
Total Duration 140.41863107681 Detik 
------------------------- 
Tanggal: 22-11-2021 20:30:01 
Duration Download Forstok 10.345816135406 Detik
Duration Looping 700 Data 130.09291911125 Detik 
Total Duration 130.09304213524 Detik 
------------------------- 
Tanggal: 22-11-2021 20:35:01 
Duration Download Forstok 20.056694030762 Detik
Duration Looping 700 Data 141.41081094742 Detik 
Total Duration 141.41093802452 Detik 
------------------------- 
Tanggal: 22-11-2021 20:40:01 
Duration Download Forstok 12.310099840164 Detik
Duration Looping 700 Data 139.94775080681 Detik 
Total Duration 139.94786381721 Detik 
------------------------- 
Tanggal: 22-11-2021 20:45:01 
Duration Download Forstok 13.515053033829 Detik
Duration Looping 700 Data 145.66073203087 Detik 
Total Duration 145.66085195541 Detik 
------------------------- 
Tanggal: 22-11-2021 20:50:01 
Duration Download Forstok 10.156826972961 Detik
Duration Looping 700 Data 142.13875889778 Detik 
Total Duration 142.13887190819 Detik 
------------------------- 
Tanggal: 22-11-2021 20:55:01 
Duration Download Forstok 9.8813059329987 Detik
Duration Looping 700 Data 137.66998386383 Detik 
Total Duration 137.67011499405 Detik 
------------------------- 
Tanggal: 22-11-2021 21:00:01 
Duration Download Forstok 13.06738781929 Detik
Duration Looping 700 Data 141.97376680374 Detik 
Total Duration 141.97387981415 Detik 
------------------------- 
Tanggal: 22-11-2021 21:05:01 
Duration Download Forstok 19.414889097214 Detik
Duration Looping 700 Data 138.44287109375 Detik 
Total Duration 138.44299006462 Detik 
------------------------- 
Tanggal: 22-11-2021 21:10:01 
Duration Download Forstok 10.587872028351 Detik
Duration Looping 700 Data 136.25431990623 Detik 
Total Duration 136.25440502167 Detik 
------------------------- 
Tanggal: 22-11-2021 21:15:01 
Duration Download Forstok 12.169534921646 Detik
Duration Looping 700 Data 150.58128190041 Detik 
Total Duration 150.58137488365 Detik 
------------------------- 
Tanggal: 22-11-2021 21:20:01 
Duration Download Forstok 12.510866165161 Detik
Duration Looping 700 Data 137.74950408936 Detik 
Total Duration 137.74963116646 Detik 
------------------------- 
Tanggal: 22-11-2021 21:25:01 
Duration Download Forstok 11.307989835739 Detik
Duration Looping 700 Data 133.8869228363 Detik 
Total Duration 133.88705587387 Detik 
------------------------- 
Tanggal: 22-11-2021 21:30:01 
Duration Download Forstok 11.927402973175 Detik
Duration Looping 700 Data 134.11810088158 Detik 
Total Duration 134.1182179451 Detik 
------------------------- 
Tanggal: 22-11-2021 21:35:01 
Duration Download Forstok 12.543920040131 Detik
Duration Looping 700 Data 140.8062748909 Detik 
Total Duration 140.80639791489 Detik 
------------------------- 
Tanggal: 22-11-2021 21:40:02 
Duration Download Forstok 11.256958961487 Detik
Duration Looping 700 Data 134.6885008812 Detik 
Total Duration 134.68861293793 Detik 
------------------------- 
Tanggal: 22-11-2021 21:45:01 
Duration Download Forstok 13.380611896515 Detik
Duration Looping 700 Data 141.92946982384 Detik 
Total Duration 141.92959189415 Detik 
------------------------- 
Tanggal: 22-11-2021 21:50:02 
Duration Download Forstok 12.057499885559 Detik
Duration Looping 700 Data 140.9056019783 Detik 
Total Duration 140.90571594238 Detik 
------------------------- 
Tanggal: 22-11-2021 21:55:01 
Duration Download Forstok 12.756565093994 Detik
Duration Looping 700 Data 132.14354515076 Detik 
Total Duration 132.1436650753 Detik 
------------------------- 
Tanggal: 22-11-2021 22:00:01 
Duration Download Forstok 12.099398136139 Detik
Duration Looping 700 Data 138.07759904861 Detik 
Total Duration 138.07771110535 Detik 
------------------------- 
Tanggal: 22-11-2021 22:05:01 
Duration Download Forstok 18.408845186234 Detik
Duration Looping 700 Data 135.59204411507 Detik 
Total Duration 135.5921599865 Detik 
------------------------- 
Tanggal: 22-11-2021 22:10:01 
Duration Download Forstok 11.574012994766 Detik
Duration Looping 700 Data 130.20684695244 Detik 
Total Duration 130.20695900917 Detik 
------------------------- 
Tanggal: 22-11-2021 22:15:01 
Duration Download Forstok 12.953083992004 Detik
Duration Looping 700 Data 132.15786790848 Detik 
Total Duration 132.15798902512 Detik 
------------------------- 
Tanggal: 22-11-2021 22:20:01 
Duration Download Forstok 12.271846055984 Detik
Duration Looping 700 Data 138.54276895523 Detik 
Total Duration 138.54290103912 Detik 
------------------------- 
Tanggal: 22-11-2021 22:25:01 
Duration Download Forstok 10.95642209053 Detik
Duration Looping 700 Data 131.84649801254 Detik 
Total Duration 131.84661698341 Detik 
------------------------- 
Tanggal: 22-11-2021 22:30:01 
Duration Download Forstok 12.326501131058 Detik
Duration Looping 700 Data 131.9404630661 Detik 
Total Duration 131.94057202339 Detik 
------------------------- 
Tanggal: 22-11-2021 22:35:01 
Duration Download Forstok 12.404047012329 Detik
Duration Looping 700 Data 132.69681596756 Detik 
Total Duration 132.69693088531 Detik 
------------------------- 
Tanggal: 22-11-2021 22:40:01 
Duration Download Forstok 10.95237994194 Detik
Duration Looping 700 Data 129.80709195137 Detik 
Total Duration 129.80721688271 Detik 
------------------------- 
Tanggal: 22-11-2021 22:45:01 
Duration Download Forstok 13.853859901428 Detik
Duration Looping 700 Data 130.36493802071 Detik 
Total Duration 130.36504888535 Detik 
------------------------- 
Tanggal: 22-11-2021 22:50:01 
Duration Download Forstok 11.168032884598 Detik
Duration Looping 700 Data 132.15231108665 Detik 
Total Duration 132.15242695808 Detik 
------------------------- 
Tanggal: 22-11-2021 22:55:01 
Duration Download Forstok 12.442685127258 Detik
Duration Looping 700 Data 138.27030301094 Detik 
Total Duration 138.27042603493 Detik 
------------------------- 
Tanggal: 22-11-2021 23:00:01 
Duration Download Forstok 12.468343019485 Detik
Duration Looping 700 Data 137.83165788651 Detik 
Total Duration 137.83177304268 Detik 
------------------------- 
Tanggal: 22-11-2021 23:05:01 
Duration Download Forstok 22.575993061066 Detik
Duration Looping 700 Data 139.62811207771 Detik 
Total Duration 139.62823009491 Detik 
------------------------- 
Tanggal: 22-11-2021 23:10:01 
Duration Download Forstok 12.068701028824 Detik
Duration Looping 700 Data 136.01732110977 Detik 
Total Duration 136.0173971653 Detik 
------------------------- 
Tanggal: 22-11-2021 23:15:01 
Duration Download Forstok 12.784245014191 Detik
Duration Looping 700 Data 132.02334809303 Detik 
Total Duration 132.02346515656 Detik 
------------------------- 
Tanggal: 22-11-2021 23:20:01 
Duration Download Forstok 10.427354097366 Detik
Duration Looping 700 Data 129.08197903633 Detik 
Total Duration 129.08208703995 Detik 
------------------------- 
Tanggal: 22-11-2021 23:25:01 
Duration Download Forstok 10.19557094574 Detik
Duration Looping 700 Data 131.55316495895 Detik 
Total Duration 131.55328297615 Detik 
------------------------- 
Tanggal: 22-11-2021 23:30:01 
Duration Download Forstok 11.492655992508 Detik
Duration Looping 700 Data 129.06350493431 Detik 
Total Duration 129.06362104416 Detik 
------------------------- 
Tanggal: 22-11-2021 23:35:01 
Duration Download Forstok 11.98997592926 Detik
Duration Looping 700 Data 130.38506388664 Detik 
Total Duration 130.38524103165 Detik 
------------------------- 
Tanggal: 22-11-2021 23:40:01 
Duration Download Forstok 11.506129980087 Detik
Duration Looping 700 Data 131.95125889778 Detik 
Total Duration 131.95137810707 Detik 
------------------------- 
Tanggal: 22-11-2021 23:45:01 
Duration Download Forstok 12.267318964005 Detik
Duration Looping 700 Data 141.24641895294 Detik 
Total Duration 141.24653887749 Detik 
------------------------- 
Tanggal: 22-11-2021 23:50:01 
Duration Download Forstok 11.446605205536 Detik
Duration Looping 700 Data 142.67406010628 Detik 
Total Duration 142.67417311668 Detik 
------------------------- 
Tanggal: 22-11-2021 23:55:01 
Duration Download Forstok 10.620333909988 Detik
Duration Looping 700 Data 129.90329504013 Detik 
Total Duration 129.90343499184 Detik 
------------------------- 
