Tanggal: 05-08-2022 00:00:01 
Duration Download Forstok 13.67932510376 Detik
Duration Looping 500 Data 813.65752506256 Detik 
Total Duration 813.68819093704 Detik 
------------------------- 
Tanggal: 05-08-2022 00:15:01 
Duration Download Forstok 15.300744056702 Detik
Duration Looping 500 Data 155.62682199478 Detik 
Total Duration 155.65290999413 Detik 
------------------------- 
Tanggal: 05-08-2022 00:20:01 
Duration Download Forstok 13.321015119553 Detik
Duration Looping 500 Data 163.44212698936 Detik 
Total Duration 163.46765112877 Detik 
------------------------- 
Tanggal: 05-08-2022 00:25:01 
Duration Download Forstok 11.51652097702 Detik
Duration Looping 500 Data 159.01563191414 Detik 
Total Duration 159.04390907288 Detik 
------------------------- 
Tanggal: 05-08-2022 00:30:01 
Duration Download Forstok 12.528856039047 Detik
Duration Looping 500 Data 155.36570000648 Detik 
Total Duration 155.39048814774 Detik 
------------------------- 
Tanggal: 05-08-2022 00:35:01 
Duration Download Forstok 11.437582969666 Detik
Duration Looping 500 Data 153.59994101524 Detik 
Total Duration 153.62544703484 Detik 
------------------------- 
Tanggal: 05-08-2022 00:40:02 
Duration Download Forstok 11.358050107956 Detik
Duration Looping 500 Data 155.41223406792 Detik 
Total Duration 155.44064307213 Detik 
------------------------- 
Tanggal: 05-08-2022 00:45:01 
Duration Download Forstok 13.939952135086 Detik
Duration Looping 500 Data 164.27283406258 Detik 
Total Duration 164.29944610596 Detik 
------------------------- 
Tanggal: 05-08-2022 00:50:01 
Duration Download Forstok 13.426646947861 Detik
Duration Looping 500 Data 156.87474393845 Detik 
Total Duration 156.89884185791 Detik 
------------------------- 
Tanggal: 05-08-2022 00:55:01 
Duration Download Forstok 11.403588056564 Detik
Duration Looping 500 Data 153.00731515884 Detik 
Total Duration 153.03180599213 Detik 
------------------------- 
Tanggal: 05-08-2022 01:00:01 
Duration Download Forstok 11.056500911713 Detik
Duration Looping 500 Data 157.21689987183 Detik 
Total Duration 157.24084210396 Detik 
------------------------- 
Tanggal: 05-08-2022 01:05:01 
Duration Download Forstok 12.914786100388 Detik
Duration Looping 500 Data 156.37174606323 Detik 
Total Duration 156.39998006821 Detik 
------------------------- 
Tanggal: 05-08-2022 01:10:01 
Duration Download Forstok 11.115180969238 Detik
Duration Looping 500 Data 148.84370994568 Detik 
Total Duration 148.8687210083 Detik 
------------------------- 
Tanggal: 05-08-2022 01:15:01 
Duration Download Forstok 12.726343154907 Detik
Duration Looping 500 Data 148.30713200569 Detik 
Total Duration 148.33144402504 Detik 
------------------------- 
Tanggal: 05-08-2022 01:20:01 
Duration Download Forstok 11.411116838455 Detik
Duration Looping 500 Data 147.84086894989 Detik 
Total Duration 147.86459779739 Detik 
------------------------- 
Tanggal: 05-08-2022 01:25:01 
Duration Download Forstok 13.720077991486 Detik
Duration Looping 500 Data 148.97398304939 Detik 
Total Duration 148.9983458519 Detik 
------------------------- 
Tanggal: 05-08-2022 01:30:01 
Duration Download Forstok 18.988528966904 Detik
Duration Looping 500 Data 154.06245088577 Detik 
Total Duration 154.08591485023 Detik 
------------------------- 
Tanggal: 05-08-2022 01:35:01 
Duration Download Forstok 18.205013036728 Detik
Duration Looping 500 Data 153.23964095116 Detik 
Total Duration 153.26469993591 Detik 
------------------------- 
Tanggal: 05-08-2022 01:40:01 
Duration Download Forstok 12.355215072632 Detik
Duration Looping 500 Data 148.34859704971 Detik 
Total Duration 148.37429499626 Detik 
------------------------- 
Tanggal: 05-08-2022 01:45:01 
Duration Download Forstok 16.007748126984 Detik
Duration Looping 500 Data 150.34265494347 Detik 
Total Duration 150.3666009903 Detik 
------------------------- 
Tanggal: 05-08-2022 01:50:01 
Duration Download Forstok 11.475122928619 Detik
Duration Looping 500 Data 150.28876590729 Detik 
Total Duration 150.31238698959 Detik 
------------------------- 
Tanggal: 05-08-2022 01:55:01 
Duration Download Forstok 11.949429035187 Detik
Duration Looping 500 Data 150.65867400169 Detik 
Total Duration 150.680727005 Detik 
------------------------- 
Tanggal: 05-08-2022 02:00:01 
Duration Download Forstok 12.087991952896 Detik
Duration Looping 500 Data 162.55547094345 Detik 
Total Duration 162.58279490471 Detik 
------------------------- 
Tanggal: 05-08-2022 02:05:01 
Duration Download Forstok 12.103693962097 Detik
Duration Looping 500 Data 155.87493395805 Detik 
Total Duration 155.9026260376 Detik 
------------------------- 
Tanggal: 05-08-2022 02:10:01 
Duration Download Forstok 10.684432029724 Detik
Duration Looping 500 Data 149.80425786972 Detik 
Total Duration 149.82871985435 Detik 
------------------------- 
Tanggal: 05-08-2022 02:15:01 
Duration Download Forstok 13.722253084183 Detik
Duration Looping 500 Data 173.57442498207 Detik 
Total Duration 173.59978795052 Detik 
------------------------- 
Tanggal: 05-08-2022 02:20:01 
Duration Download Forstok 11.341181993484 Detik
Duration Looping 500 Data 146.54683494568 Detik 
Total Duration 146.57003092766 Detik 
------------------------- 
Tanggal: 05-08-2022 02:25:01 
Duration Download Forstok 13.148028850555 Detik
Duration Looping 500 Data 153.65739488602 Detik 
Total Duration 153.68231797218 Detik 
------------------------- 
Tanggal: 05-08-2022 02:30:01 
Duration Download Forstok 11.679302930832 Detik
Duration Looping 500 Data 149.16198611259 Detik 
Total Duration 149.18565702438 Detik 
------------------------- 
Tanggal: 05-08-2022 02:35:01 
Duration Download Forstok 13.354162216187 Detik
Duration Looping 500 Data 150.69931912422 Detik 
Total Duration 150.72416901588 Detik 
------------------------- 
Tanggal: 05-08-2022 02:40:01 
Duration Download Forstok 12.753666877747 Detik
Duration Looping 500 Data 163.1265399456 Detik 
Total Duration 163.15163493156 Detik 
------------------------- 
Tanggal: 05-08-2022 02:45:01 
Duration Download Forstok 13.098035097122 Detik
Duration Looping 500 Data 153.89470696449 Detik 
Total Duration 153.92014098167 Detik 
------------------------- 
Tanggal: 05-08-2022 02:50:01 
Duration Download Forstok 12.612094163895 Detik
Duration Looping 500 Data 146.96049714088 Detik 
Total Duration 146.98482513428 Detik 
------------------------- 
Tanggal: 05-08-2022 02:55:01 
Duration Download Forstok 10.575402975082 Detik
Duration Looping 500 Data 148.37362003326 Detik 
Total Duration 148.39930391312 Detik 
------------------------- 
Tanggal: 05-08-2022 03:00:02 
Duration Download Forstok 11.548981904984 Detik
Duration Looping 500 Data 155.4297311306 Detik 
Total Duration 155.45412802696 Detik 
------------------------- 
Tanggal: 05-08-2022 03:05:01 
Duration Download Forstok 10.588563919067 Detik
Duration Looping 500 Data 163.33032202721 Detik 
Total Duration 163.35521388054 Detik 
------------------------- 
Tanggal: 05-08-2022 03:10:01 
Duration Download Forstok 11.596369028091 Detik
Duration Looping 500 Data 147.38787317276 Detik 
Total Duration 147.41236901283 Detik 
------------------------- 
Tanggal: 05-08-2022 03:15:01 
Duration Download Forstok 12.88065290451 Detik
Duration Looping 500 Data 154.88012099266 Detik 
Total Duration 154.90459084511 Detik 
------------------------- 
Tanggal: 05-08-2022 03:20:01 
Duration Download Forstok 9.5376088619232 Detik
Duration Looping 500 Data 147.68184494972 Detik 
Total Duration 147.70600605011 Detik 
------------------------- 
Tanggal: 05-08-2022 03:25:01 
Duration Download Forstok 9.8835220336914 Detik
Duration Looping 500 Data 143.90801906586 Detik 
Total Duration 143.93301606178 Detik 
------------------------- 
Tanggal: 05-08-2022 03:30:01 
Duration Download Forstok 16.630396127701 Detik
Duration Looping 500 Data 155.59500098228 Detik 
Total Duration 155.61877608299 Detik 
------------------------- 
Tanggal: 05-08-2022 03:35:01 
Duration Download Forstok 12.441302061081 Detik
Duration Looping 500 Data 159.15181303024 Detik 
Total Duration 159.1766910553 Detik 
------------------------- 
Tanggal: 05-08-2022 03:40:01 
Duration Download Forstok 9.8796689510345 Detik
Duration Looping 500 Data 147.17072892189 Detik 
Total Duration 147.19617700577 Detik 
------------------------- 
Tanggal: 05-08-2022 03:45:01 
Duration Download Forstok 12.311681985855 Detik
Duration Looping 500 Data 150.15876698494 Detik 
Total Duration 150.18341207504 Detik 
------------------------- 
Tanggal: 05-08-2022 03:50:01 
Duration Download Forstok 12.132570981979 Detik
Duration Looping 500 Data 146.92495799065 Detik 
Total Duration 146.94896483421 Detik 
------------------------- 
Tanggal: 05-08-2022 03:55:01 
Duration Download Forstok 15.967519044876 Detik
Duration Looping 500 Data 154.36961388588 Detik 
Total Duration 154.39396500587 Detik 
------------------------- 
Tanggal: 05-08-2022 04:00:01 
Duration Download Forstok 12.528828144073 Detik
Duration Looping 500 Data 167.95994400978 Detik 
Total Duration 167.98824810982 Detik 
------------------------- 
Tanggal: 05-08-2022 04:05:01 
Duration Download Forstok 13.985800981522 Detik
Duration Looping 500 Data 151.40638208389 Detik 
Total Duration 151.43123292923 Detik 
------------------------- 
Tanggal: 05-08-2022 04:10:01 
Duration Download Forstok 10.715098142624 Detik
Duration Looping 500 Data 147.03306007385 Detik 
Total Duration 147.05857396126 Detik 
------------------------- 
Tanggal: 05-08-2022 04:15:01 
Duration Download Forstok 14.695319890976 Detik
Duration Looping 500 Data 160.53929185867 Detik 
Total Duration 160.56448292732 Detik 
------------------------- 
Tanggal: 05-08-2022 04:20:01 
Duration Download Forstok 12.269649028778 Detik
Duration Looping 500 Data 156.23117089272 Detik 
Total Duration 156.25481390953 Detik 
------------------------- 
Tanggal: 05-08-2022 04:25:01 
Duration Download Forstok 12.183387994766 Detik
Duration Looping 500 Data 158.48835206032 Detik 
Total Duration 158.51632094383 Detik 
------------------------- 
Tanggal: 05-08-2022 04:30:01 
Duration Download Forstok 19.151817083359 Detik
Duration Looping 500 Data 153.08326387405 Detik 
Total Duration 153.10713791847 Detik 
------------------------- 
Tanggal: 05-08-2022 04:35:01 
Duration Download Forstok 11.353613138199 Detik
Duration Looping 500 Data 167.68913006783 Detik 
Total Duration 167.71490097046 Detik 
------------------------- 
Tanggal: 05-08-2022 04:40:01 
Duration Download Forstok 12.343368053436 Detik
Duration Looping 500 Data 157.29532408714 Detik 
Total Duration 157.31906914711 Detik 
------------------------- 
Tanggal: 05-08-2022 04:45:01 
Duration Download Forstok 17.379649877548 Detik
Duration Looping 500 Data 161.98525285721 Detik 
Total Duration 162.0096218586 Detik 
------------------------- 
Tanggal: 05-08-2022 04:50:01 
Duration Download Forstok 13.555483102798 Detik
Duration Looping 500 Data 152.51020097733 Detik 
Total Duration 152.53405094147 Detik 
------------------------- 
Tanggal: 05-08-2022 04:55:01 
Duration Download Forstok 15.729865074158 Detik
Duration Looping 500 Data 149.2825820446 Detik 
Total Duration 149.30573415756 Detik 
------------------------- 
Tanggal: 05-08-2022 05:00:01 
Duration Download Forstok 19.492244958878 Detik
Duration Looping 500 Data 155.55457901955 Detik 
Total Duration 155.57859110832 Detik 
------------------------- 
Tanggal: 05-08-2022 05:05:01 
Duration Download Forstok 12.757698059082 Detik
Duration Looping 500 Data 165.71092009544 Detik 
Total Duration 165.73621702194 Detik 
------------------------- 
Tanggal: 05-08-2022 05:10:01 
Duration Download Forstok 12.231584072113 Detik
Duration Looping 500 Data 160.26625394821 Detik 
Total Duration 160.29229307175 Detik 
------------------------- 
Tanggal: 05-08-2022 05:15:01 
Duration Download Forstok 13.357519865036 Detik
Duration Looping 500 Data 146.83504891396 Detik 
Total Duration 146.85954999924 Detik 
------------------------- 
Tanggal: 05-08-2022 05:20:01 
Duration Download Forstok 11.570891857147 Detik
Duration Looping 500 Data 153.45363879204 Detik 
Total Duration 153.47803497314 Detik 
------------------------- 
Tanggal: 05-08-2022 05:25:01 
Duration Download Forstok 17.303065061569 Detik
Duration Looping 500 Data 158.73400902748 Detik 
Total Duration 158.75926399231 Detik 
------------------------- 
Tanggal: 05-08-2022 05:30:01 
Duration Download Forstok 11.659023046494 Detik
Duration Looping 500 Data 146.19509601593 Detik 
Total Duration 146.21821904182 Detik 
------------------------- 
Tanggal: 05-08-2022 05:35:01 
Duration Download Forstok 10.590194940567 Detik
Duration Looping 500 Data 154.66497993469 Detik 
Total Duration 154.69251680374 Detik 
------------------------- 
Tanggal: 05-08-2022 05:40:01 
Duration Download Forstok 15.776584148407 Detik
Duration Looping 500 Data 159.33164405823 Detik 
Total Duration 159.35574698448 Detik 
------------------------- 
Tanggal: 05-08-2022 05:45:01 
Duration Download Forstok 14.883832931519 Detik
Duration Looping 500 Data 150.54786992073 Detik 
Total Duration 150.57574796677 Detik 
------------------------- 
Tanggal: 05-08-2022 05:50:01 
Duration Download Forstok 9.4720878601074 Detik
Duration Looping 500 Data 142.9264960289 Detik 
Total Duration 142.94999504089 Detik 
------------------------- 
Tanggal: 05-08-2022 05:55:01 
Duration Download Forstok 11.837182998657 Detik
Duration Looping 500 Data 149.98811793327 Detik 
Total Duration 150.01271390915 Detik 
------------------------- 
Tanggal: 05-08-2022 06:00:01 
Duration Download Forstok 12.091001033783 Detik
Duration Looping 500 Data 154.46601390839 Detik 
Total Duration 154.49253606796 Detik 
------------------------- 
Tanggal: 05-08-2022 06:05:01 
Duration Download Forstok 11.633854866028 Detik
Duration Looping 500 Data 148.78902983665 Detik 
Total Duration 148.8134469986 Detik 
------------------------- 
Tanggal: 05-08-2022 06:10:01 
Duration Download Forstok 12.968495130539 Detik
Duration Looping 500 Data 151.71753501892 Detik 
Total Duration 151.74207210541 Detik 
------------------------- 
Tanggal: 05-08-2022 06:15:01 
Duration Download Forstok 14.440634965897 Detik
Duration Looping 500 Data 151.9681520462 Detik 
Total Duration 151.99298906326 Detik 
------------------------- 
Tanggal: 05-08-2022 06:20:01 
Duration Download Forstok 11.213641881943 Detik
Duration Looping 500 Data 156.41600394249 Detik 
Total Duration 156.44350981712 Detik 
------------------------- 
Tanggal: 05-08-2022 06:25:02 
Duration Download Forstok 10.272761106491 Detik
Duration Looping 500 Data 145.93737196922 Detik 
Total Duration 145.9627559185 Detik 
------------------------- 
Tanggal: 05-08-2022 06:30:01 
Duration Download Forstok 10.616304159164 Detik
Duration Looping 500 Data 150.824903965 Detik 
Total Duration 150.8484351635 Detik 
------------------------- 
Tanggal: 05-08-2022 06:35:01 
Duration Download Forstok 11.97608089447 Detik
Duration Looping 500 Data 147.18621897697 Detik 
Total Duration 147.21239590645 Detik 
------------------------- 
Tanggal: 05-08-2022 06:40:01 
Duration Download Forstok 14.187160015106 Detik
Duration Looping 500 Data 155.14167618752 Detik 
Total Duration 155.16561198235 Detik 
------------------------- 
Tanggal: 05-08-2022 06:45:01 
Duration Download Forstok 13.096101999283 Detik
Duration Looping 500 Data 158.6963288784 Detik 
Total Duration 158.7202038765 Detik 
------------------------- 
Tanggal: 05-08-2022 06:50:01 
Duration Download Forstok 10.950129032135 Detik
Duration Looping 500 Data 156.58269190788 Detik 
Total Duration 156.60659503937 Detik 
------------------------- 
Tanggal: 05-08-2022 06:55:01 
Duration Download Forstok 10.300518989563 Detik
Duration Looping 500 Data 151.44389104843 Detik 
Total Duration 151.46873092651 Detik 
------------------------- 
Tanggal: 05-08-2022 07:00:01 
Duration Download Forstok 13.272225856781 Detik
Duration Looping 500 Data 154.93752098083 Detik 
Total Duration 154.96167087555 Detik 
------------------------- 
Tanggal: 05-08-2022 07:05:01 
Duration Download Forstok 11.036779880524 Detik
Duration Looping 500 Data 157.42410302162 Detik 
Total Duration 157.44893097878 Detik 
------------------------- 
Tanggal: 05-08-2022 07:10:01 
Duration Download Forstok 10.658303976059 Detik
Duration Looping 500 Data 156.58135414124 Detik 
Total Duration 156.60436701775 Detik 
------------------------- 
Tanggal: 05-08-2022 07:15:01 
Duration Download Forstok 13.439142942429 Detik
Duration Looping 500 Data 152.92949295044 Detik 
Total Duration 152.95428800583 Detik 
------------------------- 
Tanggal: 05-08-2022 07:20:01 
Duration Download Forstok 10.394558906555 Detik
Duration Looping 500 Data 150.85778808594 Detik 
Total Duration 150.88230895996 Detik 
------------------------- 
Tanggal: 05-08-2022 07:25:01 
Duration Download Forstok 15.970897912979 Detik
Duration Looping 500 Data 154.36067605019 Detik 
Total Duration 154.38553595543 Detik 
------------------------- 
Tanggal: 05-08-2022 07:30:01 
Duration Download Forstok 21.834117174149 Detik
Duration Looping 500 Data 163.61679720879 Detik 
Total Duration 163.63918399811 Detik 
------------------------- 
Tanggal: 05-08-2022 07:35:01 
Duration Download Forstok 10.258658885956 Detik
Duration Looping 500 Data 159.40506196022 Detik 
Total Duration 159.43041801453 Detik 
------------------------- 
Tanggal: 05-08-2022 07:40:01 
Duration Download Forstok 10.206990003586 Detik
Duration Looping 500 Data 152.52009797096 Detik 
Total Duration 152.54586482048 Detik 
------------------------- 
Tanggal: 05-08-2022 07:45:01 
Duration Download Forstok 13.334413051605 Detik
Duration Looping 500 Data 157.488063097 Detik 
Total Duration 157.5136051178 Detik 
------------------------- 
Tanggal: 05-08-2022 07:50:01 
Duration Download Forstok 12.548898935318 Detik
Duration Looping 500 Data 151.59860491753 Detik 
Total Duration 151.62205505371 Detik 
------------------------- 
Tanggal: 05-08-2022 07:55:01 
Duration Download Forstok 12.30330491066 Detik
Duration Looping 500 Data 154.0068218708 Detik 
Total Duration 154.03076100349 Detik 
------------------------- 
Tanggal: 05-08-2022 08:00:01 
Duration Download Forstok 20.773380994797 Detik
Duration Looping 500 Data 162.69353199005 Detik 
Total Duration 162.71776604652 Detik 
------------------------- 
Tanggal: 05-08-2022 08:05:01 
Duration Download Forstok 11.119996070862 Detik
Duration Looping 500 Data 150.24482703209 Detik 
Total Duration 150.27192807198 Detik 
------------------------- 
Tanggal: 05-08-2022 08:10:01 
Duration Download Forstok 13.735008955002 Detik
Duration Looping 500 Data 155.00516891479 Detik 
Total Duration 155.02934598923 Detik 
------------------------- 
Tanggal: 05-08-2022 08:15:01 
Duration Download Forstok 14.846704006195 Detik
Duration Looping 500 Data 159.59062695503 Detik 
Total Duration 159.61657595634 Detik 
------------------------- 
Tanggal: 05-08-2022 08:20:01 
Duration Download Forstok 15.03506398201 Detik
Duration Looping 500 Data 156.98514008522 Detik 
Total Duration 157.01221394539 Detik 
------------------------- 
Tanggal: 05-08-2022 08:25:01 
Duration Download Forstok 10.256754875183 Detik
Duration Looping 500 Data 155.40131807327 Detik 
Total Duration 155.42966389656 Detik 
------------------------- 
Tanggal: 05-08-2022 08:30:01 
Duration Download Forstok 10.778377056122 Detik
Duration Looping 500 Data 164.4952981472 Detik 
Total Duration 164.5214779377 Detik 
------------------------- 
Tanggal: 05-08-2022 08:35:01 
Duration Download Forstok 11.010488986969 Detik
Duration Looping 500 Data 161.98628211021 Detik 
Total Duration 162.01239109039 Detik 
------------------------- 
Tanggal: 05-08-2022 08:40:01 
Duration Download Forstok 15.047958135605 Detik
Duration Looping 500 Data 171.24578118324 Detik 
Total Duration 171.27434802055 Detik 
------------------------- 
Tanggal: 05-08-2022 08:45:01 
Duration Download Forstok 12.617480039597 Detik
Duration Looping 500 Data 180.41954898834 Detik 
Total Duration 180.46188402176 Detik 
------------------------- 
Tanggal: 05-08-2022 08:50:01 
Duration Download Forstok 15.504483938217 Detik
Duration Looping 500 Data 176.36617803574 Detik 
Total Duration 176.3993139267 Detik 
------------------------- 
Tanggal: 05-08-2022 08:55:01 
Duration Download Forstok 13.056943893433 Detik
Duration Looping 500 Data 170.95758485794 Detik 
Tanggal: 05-08-2022 09:00:01 
Duration Download Forstok 13.692844152451 Detik
Duration Looping 500 Data 178.43963503838 Detik 
Tanggal: 05-08-2022 09:05:01 
Duration Download Forstok 11.820046901703 Detik
Duration Looping 500 Data 171.76962900162 Detik 
Tanggal: 05-08-2022 09:10:01 
Duration Download Forstok 12.091197967529 Detik
Duration Looping 500 Data 174.18061208725 Detik 
Tanggal: 05-08-2022 09:15:01 
Duration Download Forstok 13.114797115326 Detik
Duration Looping 500 Data 173.96409893036 Detik 
Tanggal: 05-08-2022 09:20:01 
Duration Download Forstok 11.938940048218 Detik
Duration Looping 500 Data 177.07471299171 Detik 
Tanggal: 05-08-2022 09:25:01 
Duration Download Forstok 10.396656036377 Detik
Duration Looping 500 Data 164.95238900185 Detik 
Tanggal: 05-08-2022 09:30:01 
Duration Download Forstok 10.971019029617 Detik
Duration Looping 500 Data 182.28397202492 Detik 
Tanggal: 05-08-2022 09:35:01 
Duration Download Forstok 11.428035020828 Detik
Duration Looping 500 Data 180.82623910904 Detik 
Tanggal: 05-08-2022 09:40:01 
Duration Download Forstok 11.532365083694 Detik
Duration Looping 500 Data 176.69499111176 Detik 
Tanggal: 05-08-2022 09:45:01 
Duration Download Forstok 16.392327070236 Detik
Duration Looping 500 Data 178.94283795357 Detik 
Tanggal: 05-08-2022 09:50:02 
Duration Download Forstok 19.15887093544 Detik
Duration Looping 500 Data 191.50218605995 Detik 
Tanggal: 05-08-2022 09:55:01 
Duration Download Forstok 14.032437086105 Detik
Duration Looping 500 Data 184.753002882 Detik 
Tanggal: 05-08-2022 10:00:01 
Duration Download Forstok 12.932217121124 Detik
Duration Looping 500 Data 193.40295910835 Detik 
Tanggal: 05-08-2022 10:05:01 
Duration Download Forstok 12.622136116028 Detik
Duration Looping 500 Data 179.16134500504 Detik 
Tanggal: 05-08-2022 10:10:01 
Duration Download Forstok 14.972143173218 Detik
Duration Looping 500 Data 184.28364300728 Detik 
Tanggal: 05-08-2022 10:15:01 
Duration Download Forstok 17.953374147415 Detik
Duration Looping 500 Data 191.2446539402 Detik 
Tanggal: 05-08-2022 10:20:01 
Duration Download Forstok 11.237596988678 Detik
Duration Looping 500 Data 177.37365317345 Detik 
Tanggal: 05-08-2022 10:25:01 
Duration Download Forstok 10.477376937866 Detik
Duration Looping 500 Data 175.91430616379 Detik 
Tanggal: 05-08-2022 10:30:01 
Duration Download Forstok 10.934067964554 Detik
Duration Looping 500 Data 192.80316495895 Detik 
Tanggal: 05-08-2022 10:35:01 
Duration Download Forstok 11.954024076462 Detik
Duration Looping 500 Data 178.93478488922 Detik 
Tanggal: 05-08-2022 10:40:01 
Duration Download Forstok 13.526412963867 Detik
Duration Looping 500 Data 187.25127506256 Detik 
Tanggal: 05-08-2022 10:45:01 
Duration Download Forstok 14.500616073608 Detik
Duration Looping 500 Data 185.26836490631 Detik 
Tanggal: 05-08-2022 10:50:01 
Duration Download Forstok 18.971524953842 Detik
Duration Looping 500 Data 201.7587749958 Detik 
Tanggal: 05-08-2022 10:55:01 
Duration Download Forstok 11.394777059555 Detik
Duration Looping 500 Data 177.6791870594 Detik 
Tanggal: 05-08-2022 11:00:01 
Duration Download Forstok 13.382881879807 Detik
Duration Looping 500 Data 192.99042081833 Detik 
Tanggal: 05-08-2022 11:05:00 
Duration Download Forstok 10.564567089081 Detik
Duration Looping 500 Data 175.81200814247 Detik 
Tanggal: 05-08-2022 11:10:01 
Duration Download Forstok 13.01263999939 Detik
Duration Looping 500 Data 189.90730690956 Detik 
Tanggal: 05-08-2022 11:15:01 
Duration Download Forstok 13.344257831573 Detik
Duration Looping 500 Data 179.05845189095 Detik 
Tanggal: 05-08-2022 11:20:01 
Duration Download Forstok 16.254363059998 Detik
Duration Looping 500 Data 179.90381407738 Detik 
Tanggal: 05-08-2022 11:25:01 
Duration Download Forstok 10.781676054001 Detik
Duration Looping 500 Data 178.56113696098 Detik 
Tanggal: 05-08-2022 11:30:01 
Duration Download Forstok 18.951339960098 Detik
Duration Looping 500 Data 193.11572599411 Detik 
Tanggal: 05-08-2022 11:35:01 
Duration Download Forstok 12.106089115143 Detik
Duration Looping 500 Data 168.79434323311 Detik 
Tanggal: 05-08-2022 11:40:01 
Duration Download Forstok 12.819464921951 Detik
Duration Looping 500 Data 170.22949695587 Detik 
Tanggal: 05-08-2022 11:45:01 
Duration Download Forstok 13.901652097702 Detik
Duration Looping 500 Data 173.83103704453 Detik 
Tanggal: 05-08-2022 11:50:01 
Duration Download Forstok 12.00147986412 Detik
Duration Looping 500 Data 166.18304181099 Detik 
Tanggal: 05-08-2022 11:55:01 
Duration Download Forstok 12.205597162247 Detik
Duration Looping 500 Data 162.50856900215 Detik 
Tanggal: 05-08-2022 12:00:01 
Duration Download Forstok 18.973747968674 Detik
Duration Looping 500 Data 175.05303406715 Detik 
Tanggal: 05-08-2022 12:05:01 
Duration Download Forstok 12.439296007156 Detik
Duration Looping 500 Data 167.0797970295 Detik 
Tanggal: 05-08-2022 12:10:01 
Duration Download Forstok 11.869926929474 Detik
Duration Looping 500 Data 165.74658489227 Detik 
Tanggal: 05-08-2022 12:15:01 
Duration Download Forstok 13.345593929291 Detik
Duration Looping 500 Data 165.93598484993 Detik 
Tanggal: 05-08-2022 12:20:01 
Duration Download Forstok 10.419291973114 Detik
Duration Looping 500 Data 157.62881207466 Detik 
Tanggal: 05-08-2022 12:25:01 
Duration Download Forstok 11.6752409935 Detik
Duration Looping 500 Data 158.16410803795 Detik 
Tanggal: 05-08-2022 12:30:01 
Duration Download Forstok 12.753376960754 Detik
Duration Looping 500 Data 168.60759806633 Detik 
Tanggal: 05-08-2022 12:35:01 
Duration Download Forstok 12.51166510582 Detik
Duration Looping 500 Data 159.33837914467 Detik 
Tanggal: 05-08-2022 12:40:01 
Duration Download Forstok 14.841528892517 Detik
Duration Looping 500 Data 175.14040589333 Detik 
Tanggal: 05-08-2022 12:45:01 
Duration Download Forstok 18.433896064758 Detik
Duration Looping 500 Data 166.73131608963 Detik 
Tanggal: 05-08-2022 12:50:01 
Duration Download Forstok 12.142371892929 Detik
Duration Looping 500 Data 159.68227386475 Detik 
Tanggal: 05-08-2022 12:55:01 
Duration Download Forstok 16.552607059479 Detik
Duration Looping 500 Data 162.69191408157 Detik 
Tanggal: 05-08-2022 13:00:01 
Duration Download Forstok 17.963536024094 Detik
Duration Looping 500 Data 187.81771397591 Detik 
Tanggal: 05-08-2022 13:05:01 
Duration Download Forstok 11.342962026596 Detik
Duration Looping 500 Data 190.52933216095 Detik 
Tanggal: 05-08-2022 13:10:01 
Duration Download Forstok 16.207879066467 Detik
Duration Looping 500 Data 189.46878004074 Detik 
Tanggal: 05-08-2022 13:15:01 
Duration Download Forstok 16.344796895981 Detik
Duration Looping 500 Data 189.39669299126 Detik 
Tanggal: 05-08-2022 13:20:01 
Duration Download Forstok 12.020313978195 Detik
Duration Looping 500 Data 180.26635789871 Detik 
Tanggal: 05-08-2022 13:25:01 
Duration Download Forstok 11.624559164047 Detik
Duration Looping 500 Data 179.37963914871 Detik 
Tanggal: 05-08-2022 13:30:01 
Duration Download Forstok 13.927547216415 Detik
Duration Looping 500 Data 200.0450091362 Detik 
Tanggal: 05-08-2022 13:35:01 
Duration Download Forstok 11.737612962723 Detik
Duration Looping 500 Data 181.65907692909 Detik 
Tanggal: 05-08-2022 13:40:01 
Duration Download Forstok 14.544404983521 Detik
Duration Looping 500 Data 174.55361509323 Detik 
Tanggal: 05-08-2022 13:45:01 
Duration Download Forstok 13.53521490097 Detik
Duration Looping 500 Data 185.69876694679 Detik 
Tanggal: 05-08-2022 13:50:01 
Duration Download Forstok 12.31653213501 Detik
Duration Looping 500 Data 183.4270761013 Detik 
Tanggal: 05-08-2022 13:55:01 
Duration Download Forstok 13.564821004868 Detik
Duration Looping 500 Data 181.74849891663 Detik 
Tanggal: 05-08-2022 14:00:01 
Duration Download Forstok 13.374845027924 Detik
Duration Looping 500 Data 183.31157398224 Detik 
Tanggal: 05-08-2022 14:05:01 
Duration Download Forstok 12.319252967834 Detik
Duration Looping 500 Data 179.35911083221 Detik 
Tanggal: 05-08-2022 14:10:01 
Duration Download Forstok 10.920632123947 Detik
Duration Looping 500 Data 176.29407811165 Detik 
Tanggal: 05-08-2022 14:15:01 
Duration Download Forstok 12.695537805557 Detik
Duration Looping 500 Data 180.93206000328 Detik 
Tanggal: 05-08-2022 14:20:02 
Duration Download Forstok 11.993786096573 Detik
Duration Looping 500 Data 182.58634209633 Detik 
Tanggal: 05-08-2022 14:25:01 
Duration Download Forstok 10.205134868622 Detik
Duration Looping 500 Data 176.5614669323 Detik 
Tanggal: 05-08-2022 14:30:01 
Duration Download Forstok 11.444309949875 Detik
Duration Looping 500 Data 198.57158708572 Detik 
Tanggal: 05-08-2022 14:35:01 
Duration Download Forstok 14.0862429142 Detik
Duration Looping 500 Data 182.72186303139 Detik 
Tanggal: 05-08-2022 14:40:02 
Duration Download Forstok 12.152959108353 Detik
Duration Looping 500 Data 177.5449860096 Detik 
Tanggal: 05-08-2022 14:45:01 
Duration Download Forstok 11.300225019455 Detik
Duration Looping 500 Data 185.07510709763 Detik 
Tanggal: 05-08-2022 14:50:01 
Duration Download Forstok 12.735093832016 Detik
Duration Looping 500 Data 181.02060198784 Detik 
Tanggal: 05-08-2022 14:55:01 
Duration Download Forstok 11.908133983612 Detik
Duration Looping 500 Data 173.9319999218 Detik 
Tanggal: 05-08-2022 15:00:01 
Duration Download Forstok 14.862807035446 Detik
Duration Looping 500 Data 211.04563307762 Detik 
Tanggal: 05-08-2022 15:05:01 
Duration Download Forstok 10.02792096138 Detik
Duration Looping 500 Data 185.14309501648 Detik 
Tanggal: 05-08-2022 15:10:01 
Duration Download Forstok 12.816523075104 Detik
Duration Looping 500 Data 182.39390897751 Detik 
Tanggal: 05-08-2022 15:15:01 
Duration Download Forstok 23.581054925919 Detik
Duration Looping 500 Data 190.16484594345 Detik 
Tanggal: 05-08-2022 15:20:01 
Duration Download Forstok 28.537847995758 Detik
Duration Looping 500 Data 200.93932199478 Detik 
Tanggal: 05-08-2022 15:25:01 
Duration Download Forstok 10.314249992371 Detik
Duration Looping 500 Data 178.06258201599 Detik 
Tanggal: 05-08-2022 15:30:01 
Duration Download Forstok 19.253714084625 Detik
Duration Looping 500 Data 194.59407019615 Detik 
Tanggal: 05-08-2022 15:35:01 
Duration Download Forstok 16.113213062286 Detik
Duration Looping 500 Data 180.41632199287 Detik 
Tanggal: 05-08-2022 15:40:01 
Duration Download Forstok 12.980772972107 Detik
Duration Looping 500 Data 174.10067796707 Detik 
Tanggal: 05-08-2022 15:45:01 
Duration Download Forstok 13.49472284317 Detik
Duration Looping 500 Data 179.05241394043 Detik 
Tanggal: 05-08-2022 15:50:01 
Duration Download Forstok 16.832146883011 Detik
Duration Looping 500 Data 179.50929784775 Detik 
Tanggal: 05-08-2022 15:55:02 
Duration Download Forstok 11.444803953171 Detik
Duration Looping 500 Data 175.68894505501 Detik 
Tanggal: 05-08-2022 16:00:01 
Duration Download Forstok 13.999377012253 Detik
Duration Looping 500 Data 187.97969913483 Detik 
Tanggal: 05-08-2022 16:05:01 
Duration Download Forstok 10.383766889572 Detik
Duration Looping 500 Data 177.2657418251 Detik 
Total Duration 177.31394982338 Detik 
------------------------- 
Tanggal: 05-08-2022 16:10:01 
Duration Download Forstok 11.040549039841 Detik
Duration Looping 500 Data 222.94426012039 Detik 
Total Duration 222.97061610222 Detik 
------------------------- 
Tanggal: 05-08-2022 16:15:02 
Duration Download Forstok 20.230956792831 Detik
Duration Looping 500 Data 192.63105297089 Detik 
Total Duration 192.66858887672 Detik 
------------------------- 
Tanggal: 05-08-2022 16:20:01 
Duration Download Forstok 11.122141122818 Detik
Duration Looping 500 Data 178.50309300423 Detik 
Total Duration 178.54124403 Detik 
------------------------- 
Tanggal: 05-08-2022 16:25:01 
Duration Download Forstok 9.7119998931885 Detik
Duration Looping 500 Data 173.47501897812 Detik 
Total Duration 173.50628089905 Detik 
------------------------- 
Tanggal: 05-08-2022 16:30:01 
Duration Download Forstok 16.541721105576 Detik
Duration Looping 500 Data 185.6036272049 Detik 
Total Duration 185.63924312592 Detik 
------------------------- 
Tanggal: 05-08-2022 16:35:01 
Duration Download Forstok 13.331765174866 Detik
Duration Looping 500 Data 187.02237510681 Detik 
Total Duration 187.05526614189 Detik 
------------------------- 
Tanggal: 05-08-2022 16:40:01 
Duration Download Forstok 17.224230051041 Detik
Duration Looping 500 Data 189.07021307945 Detik 
Total Duration 189.09931492805 Detik 
------------------------- 
Tanggal: 05-08-2022 16:45:01 
Duration Download Forstok 12.708688020706 Detik
Duration Looping 500 Data 178.36979198456 Detik 
Total Duration 178.40205693245 Detik 
------------------------- 
Tanggal: 05-08-2022 16:50:01 
Duration Download Forstok 11.091907978058 Detik
Duration Looping 500 Data 182.79119896889 Detik 
Total Duration 182.83538794518 Detik 
------------------------- 
Tanggal: 05-08-2022 16:55:01 
Duration Download Forstok 12.196327924728 Detik
Duration Looping 500 Data 193.65574288368 Detik 
Total Duration 193.71831989288 Detik 
------------------------- 
Tanggal: 05-08-2022 17:00:01 
Duration Download Forstok 21.009799003601 Detik
Duration Looping 500 Data 201.78443193436 Detik 
Total Duration 201.817248106 Detik 
------------------------- 
Tanggal: 05-08-2022 17:05:01 
Duration Download Forstok 13.502205133438 Detik
Duration Looping 500 Data 177.96773004532 Detik 
Total Duration 177.99683523178 Detik 
------------------------- 
Tanggal: 05-08-2022 17:10:01 
Duration Download Forstok 16.494271039963 Detik
Duration Looping 500 Data 178.32019591331 Detik 
Total Duration 178.35444498062 Detik 
------------------------- 
Tanggal: 05-08-2022 17:15:01 
Duration Download Forstok 14.08494591713 Detik
Duration Looping 500 Data 168.36744785309 Detik 
Total Duration 168.39607286453 Detik 
------------------------- 
Tanggal: 05-08-2022 17:20:01 
Duration Download Forstok 14.34223484993 Detik
Duration Looping 500 Data 163.02780485153 Detik 
Total Duration 163.06531596184 Detik 
------------------------- 
Tanggal: 05-08-2022 17:25:01 
Duration Download Forstok 11.62633895874 Detik
Duration Looping 500 Data 163.88996601105 Detik 
Total Duration 163.92545413971 Detik 
------------------------- 
Tanggal: 05-08-2022 17:30:01 
Duration Download Forstok 11.86788392067 Detik
Duration Looping 500 Data 161.98422193527 Detik 
Total Duration 162.01444792747 Detik 
------------------------- 
Tanggal: 05-08-2022 17:35:01 
Duration Download Forstok 19.992009162903 Detik
Duration Looping 500 Data 170.22229814529 Detik 
Total Duration 170.25231909752 Detik 
------------------------- 
Tanggal: 05-08-2022 17:40:01 
Duration Download Forstok 11.29426407814 Detik
Duration Looping 500 Data 164.90793609619 Detik 
Total Duration 164.93838405609 Detik 
------------------------- 
Tanggal: 05-08-2022 17:45:02 
Duration Download Forstok 14.26064991951 Detik
Duration Looping 500 Data 166.19785714149 Detik 
Total Duration 166.23092198372 Detik 
------------------------- 
Tanggal: 05-08-2022 17:50:01 
Duration Download Forstok 16.84293794632 Detik
Duration Looping 500 Data 168.80563807487 Detik 
Total Duration 168.8310790062 Detik 
------------------------- 
Tanggal: 05-08-2022 17:55:01 
Duration Download Forstok 9.2223689556122 Detik
Duration Looping 500 Data 157.84049391747 Detik 
Total Duration 157.86419796944 Detik 
------------------------- 
Tanggal: 05-08-2022 18:00:01 
Duration Download Forstok 15.444562196732 Detik
Duration Looping 500 Data 162.01939916611 Detik 
Total Duration 162.04492020607 Detik 
------------------------- 
Tanggal: 05-08-2022 18:05:01 
Duration Download Forstok 12.928857088089 Detik
Duration Looping 500 Data 168.92439603806 Detik 
Total Duration 168.95580816269 Detik 
------------------------- 
Tanggal: 05-08-2022 18:10:01 
Duration Download Forstok 14.266385793686 Detik
Duration Looping 500 Data 159.69227981567 Detik 
Total Duration 159.72062897682 Detik 
------------------------- 
Tanggal: 05-08-2022 18:15:01 
Duration Download Forstok 16.796305894852 Detik
Duration Looping 500 Data 162.59488081932 Detik 
Total Duration 162.62333083153 Detik 
------------------------- 
Tanggal: 05-08-2022 18:20:01 
Duration Download Forstok 13.843239784241 Detik
Duration Looping 500 Data 159.46721887589 Detik 
Total Duration 159.50132989883 Detik 
------------------------- 
Tanggal: 05-08-2022 18:25:01 
Duration Download Forstok 12.065263986588 Detik
Duration Looping 500 Data 157.71635699272 Detik 
Total Duration 157.75024080276 Detik 
------------------------- 
Tanggal: 05-08-2022 18:30:02 
Duration Download Forstok 14.719475030899 Detik
Duration Looping 500 Data 170.74279284477 Detik 
Tanggal: 05-08-2022 18:35:01 
Duration Download Forstok 9.5546271800995 Detik
Duration Looping 500 Data 157.06863713264 Detik 
Tanggal: 05-08-2022 18:40:01 
Duration Download Forstok 12.786715984344 Detik
Duration Looping 500 Data 159.88674783707 Detik 
Tanggal: 05-08-2022 18:45:01 
Duration Download Forstok 12.419764995575 Detik
Duration Looping 500 Data 156.38048505783 Detik 
Tanggal: 05-08-2022 18:50:01 
Duration Download Forstok 11.802506923676 Detik
Duration Looping 500 Data 160.64517998695 Detik 
Tanggal: 05-08-2022 18:55:01 
Duration Download Forstok 11.642064094543 Detik
Duration Looping 500 Data 158.71016192436 Detik 
Tanggal: 05-08-2022 19:00:01 
Duration Download Forstok 15.092735052109 Detik
Duration Looping 500 Data 166.21344900131 Detik 
Tanggal: 05-08-2022 19:05:01 
Duration Download Forstok 11.218846082687 Detik
Duration Looping 500 Data 154.84684109688 Detik 
Tanggal: 05-08-2022 19:10:01 
Duration Download Forstok 15.579725980759 Detik
Duration Looping 500 Data 159.77208685875 Detik 
Tanggal: 05-08-2022 19:15:01 
Duration Download Forstok 14.413378000259 Detik
Duration Looping 500 Data 160.93445014954 Detik 
Tanggal: 05-08-2022 19:20:01 
Duration Download Forstok 18.728462934494 Detik
Duration Looping 500 Data 161.10815787315 Detik 
Tanggal: 05-08-2022 19:25:01 
Duration Download Forstok 11.541066884995 Detik
Duration Looping 500 Data 159.43715000153 Detik 
Tanggal: 05-08-2022 19:30:01 
Duration Download Forstok 20.24636888504 Detik
Duration Looping 500 Data 168.41396307945 Detik 
Tanggal: 05-08-2022 19:35:01 
Duration Download Forstok 10.680057048798 Detik
Duration Looping 500 Data 170.1130168438 Detik 
Tanggal: 05-08-2022 19:40:01 
Duration Download Forstok 12.215022087097 Detik
Duration Looping 500 Data 160.00593018532 Detik 
Tanggal: 05-08-2022 19:45:01 
Duration Download Forstok 14.483026027679 Detik
Duration Looping 500 Data 163.35082793236 Detik 
Tanggal: 05-08-2022 19:50:01 
Duration Download Forstok 14.345901966095 Detik
Duration Looping 500 Data 171.16861391068 Detik 
Tanggal: 05-08-2022 19:55:01 
Duration Download Forstok 13.183583021164 Detik
Duration Looping 500 Data 156.32513999939 Detik 
Tanggal: 05-08-2022 20:00:01 
Duration Download Forstok 14.602099895477 Detik
Duration Looping 500 Data 165.07507181168 Detik 
Tanggal: 05-08-2022 20:05:01 
Duration Download Forstok 14.393807888031 Detik
Duration Looping 500 Data 159.29194688797 Detik 
Tanggal: 05-08-2022 20:10:01 
Duration Download Forstok 14.867031812668 Detik
Duration Looping 500 Data 173.09401202202 Detik 
Tanggal: 05-08-2022 20:15:01 
Duration Download Forstok 14.904587984085 Detik
Duration Looping 500 Data 164.46124005318 Detik 
Tanggal: 05-08-2022 20:20:01 
Duration Download Forstok 20.003628015518 Detik
Duration Looping 500 Data 167.82841897011 Detik 
Tanggal: 05-08-2022 20:25:01 
Duration Download Forstok 15.710644006729 Detik
Duration Looping 500 Data 182.15448403358 Detik 
Tanggal: 05-08-2022 20:30:01 
Duration Download Forstok 13.802411079407 Detik
Duration Looping 500 Data 163.5419781208 Detik 
Tanggal: 05-08-2022 20:35:01 
Duration Download Forstok 13.753505945206 Detik
Duration Looping 500 Data 165.55197715759 Detik 
Tanggal: 05-08-2022 20:40:01 
Duration Download Forstok 13.190387964249 Detik
Duration Looping 500 Data 162.24449801445 Detik 
Tanggal: 05-08-2022 20:45:01 
Duration Download Forstok 14.247091054916 Detik
Duration Looping 500 Data 162.6376209259 Detik 
Tanggal: 05-08-2022 20:50:01 
Duration Download Forstok 19.308105945587 Detik
Duration Looping 500 Data 165.50065803528 Detik 
Tanggal: 05-08-2022 20:55:01 
Duration Download Forstok 13.27127122879 Detik
Duration Looping 500 Data 167.99262714386 Detik 
Tanggal: 05-08-2022 21:00:01 
Duration Download Forstok 14.010265111923 Detik
Duration Looping 500 Data 165.86381912231 Detik 
Tanggal: 05-08-2022 21:05:01 
Duration Download Forstok 13.432259082794 Detik
Duration Looping 500 Data 162.51561403275 Detik 
Tanggal: 05-08-2022 21:10:01 
Duration Download Forstok 11.793949842453 Detik
Duration Looping 500 Data 166.12641000748 Detik 
Tanggal: 05-08-2022 21:15:01 
Duration Download Forstok 15.055135965347 Detik
Duration Looping 500 Data 163.91860795021 Detik 
Tanggal: 05-08-2022 21:20:01 
Duration Download Forstok 12.28267121315 Detik
Duration Looping 500 Data 163.28028416634 Detik 
Tanggal: 05-08-2022 21:25:01 
Duration Download Forstok 11.586282968521 Detik
Duration Looping 500 Data 156.88425803185 Detik 
Tanggal: 05-08-2022 21:30:01 
Duration Download Forstok 10.893671989441 Detik
Duration Looping 500 Data 163.61595892906 Detik 
Tanggal: 05-08-2022 21:35:01 
Duration Download Forstok 10.200387001038 Detik
Duration Looping 500 Data 156.99878311157 Detik 
Tanggal: 05-08-2022 21:40:01 
Duration Download Forstok 11.738703012466 Detik
Duration Looping 500 Data 159.55480790138 Detik 
Tanggal: 05-08-2022 21:45:01 
Duration Download Forstok 14.358132839203 Detik
Duration Looping 500 Data 158.50083303452 Detik 
Tanggal: 05-08-2022 21:50:01 
Duration Download Forstok 15.029455900192 Detik
Duration Looping 500 Data 168.65568995476 Detik 
Tanggal: 05-08-2022 21:55:01 
Duration Download Forstok 11.904512166977 Detik
Duration Looping 500 Data 156.62137317657 Detik 
Tanggal: 05-08-2022 22:00:01 
Duration Download Forstok 14.184006929398 Detik
Duration Looping 500 Data 166.77365207672 Detik 
Tanggal: 05-08-2022 22:05:01 
Duration Download Forstok 11.893126010895 Detik
Duration Looping 500 Data 166.44532108307 Detik 
Tanggal: 05-08-2022 22:10:01 
Duration Download Forstok 12.135209798813 Detik
Duration Looping 500 Data 168.84602379799 Detik 
Tanggal: 05-08-2022 22:15:01 
Duration Download Forstok 14.530867815018 Detik
Duration Looping 500 Data 174.4574239254 Detik 
Tanggal: 05-08-2022 22:20:01 
Duration Download Forstok 11.297700166702 Detik
Duration Looping 500 Data 162.86987113953 Detik 
Tanggal: 05-08-2022 22:25:01 
Duration Download Forstok 13.375667095184 Detik
Duration Looping 500 Data 163.10337305069 Detik 
Tanggal: 05-08-2022 22:30:01 
Duration Download Forstok 20.992125034332 Detik
Duration Looping 500 Data 169.31067204475 Detik 
Tanggal: 05-08-2022 22:35:01 
Duration Download Forstok 12.75804400444 Detik
Duration Looping 500 Data 164.02523303032 Detik 
Tanggal: 05-08-2022 22:40:01 
Duration Download Forstok 12.983824014664 Detik
Duration Looping 500 Data 157.80298900604 Detik 
Tanggal: 05-08-2022 22:45:02 
Duration Download Forstok 15.255524158478 Detik
Duration Looping 500 Data 164.24589204788 Detik 
Tanggal: 05-08-2022 22:50:02 
Duration Download Forstok 12.376220941544 Detik
Duration Looping 500 Data 165.55761599541 Detik 
Tanggal: 05-08-2022 22:55:01 
Duration Download Forstok 12.130517959595 Detik
Duration Looping 500 Data 164.77282786369 Detik 
Tanggal: 05-08-2022 23:00:01 
Duration Download Forstok 11.732707023621 Detik
Duration Looping 500 Data 163.03372907639 Detik 
Tanggal: 05-08-2022 23:05:01 
Duration Download Forstok 13.021122932434 Detik
Duration Looping 500 Data 167.02471709251 Detik 
Tanggal: 05-08-2022 23:10:01 
Duration Download Forstok 21.985759973526 Detik
Duration Looping 500 Data 172.70343589783 Detik 
Tanggal: 05-08-2022 23:15:01 
Duration Download Forstok 19.749742984772 Detik
Duration Looping 500 Data 173.5248041153 Detik 
Tanggal: 05-08-2022 23:20:01 
Duration Download Forstok 15.422095060349 Detik
Duration Looping 500 Data 170.86662602425 Detik 
Tanggal: 05-08-2022 23:25:01 
Duration Download Forstok 10.381953001022 Detik
Duration Looping 500 Data 157.24244809151 Detik 
Tanggal: 05-08-2022 23:30:01 
Duration Download Forstok 29.282994031906 Detik
Duration Looping 500 Data 182.36973786354 Detik 
Tanggal: 05-08-2022 23:35:01 
Duration Download Forstok 10.622254133224 Detik
Duration Looping 500 Data 165.65013003349 Detik 
Tanggal: 05-08-2022 23:40:01 
Duration Download Forstok 12.269180059433 Detik
Duration Looping 500 Data 163.71284604073 Detik 
Tanggal: 05-08-2022 23:45:01 
Duration Download Forstok 14.40354514122 Detik
Duration Looping 500 Data 159.40100002289 Detik 
Tanggal: 05-08-2022 23:50:01 
Duration Download Forstok 10.532608985901 Detik
Duration Looping 500 Data 166.55447387695 Detik 
Tanggal: 05-08-2022 23:55:01 
Duration Download Forstok 13.159367084503 Detik
Duration Looping 500 Data 156.10821199417 Detik 
