Tanggal: 06-11-2021 00:00:01 
Duration Download Forstok 12.73372220993 Detik
Tanggal: 06-11-2021 00:05:01 
Duration Download Forstok 21.5441198349 Detik
Duration Looping 700 Data 286.74092102051 Detik 
Total Duration 286.74103403091 Detik 
------------------------- 
Duration Looping 700 Data 587.23871421814 Detik 
Total Duration 587.23883414268 Detik 
------------------------- 
Tanggal: 06-11-2021 00:10:01 
Duration Download Forstok 20.61542391777 Detik
Duration Looping 700 Data 136.27380990982 Detik 
Total Duration 136.2739200592 Detik 
------------------------- 
Tanggal: 06-11-2021 00:15:01 
Duration Download Forstok 24.409579992294 Detik
Duration Looping 700 Data 149.83366203308 Detik 
Total Duration 149.91195297241 Detik 
------------------------- 
Tanggal: 06-11-2021 00:20:01 
Duration Download Forstok 10.774258852005 Detik
Duration Looping 700 Data 128.80147790909 Detik 
Total Duration 128.80155992508 Detik 
------------------------- 
Tanggal: 06-11-2021 00:25:01 
Duration Download Forstok 20.884621143341 Detik
Duration Looping 700 Data 168.84646010399 Detik 
Total Duration 168.85305905342 Detik 
------------------------- 
Tanggal: 06-11-2021 00:30:01 
Duration Download Forstok 10.63223695755 Detik
Duration Looping 700 Data 141.03961801529 Detik 
Total Duration 141.03972601891 Detik 
------------------------- 
Tanggal: 06-11-2021 00:35:01 
Duration Download Forstok 14.967719078064 Detik
Duration Looping 700 Data 153.32995319366 Detik 
Total Duration 153.33006620407 Detik 
------------------------- 
Tanggal: 06-11-2021 00:40:01 
Duration Download Forstok 22.183011054993 Detik
Duration Looping 700 Data 142.09088015556 Detik 
Total Duration 142.09098911285 Detik 
------------------------- 
Tanggal: 06-11-2021 00:45:01 
Duration Download Forstok 19.370866060257 Detik
Duration Looping 700 Data 138.09413194656 Detik 
Total Duration 138.09425210953 Detik 
------------------------- 
Tanggal: 06-11-2021 00:50:01 
Duration Download Forstok 11.567332029343 Detik
Duration Looping 700 Data 135.79503297806 Detik 
Total Duration 135.79514503479 Detik 
------------------------- 
Tanggal: 06-11-2021 00:55:01 
Duration Download Forstok 19.260965108871 Detik
Duration Looping 700 Data 143.97477817535 Detik 
Total Duration 143.97488903999 Detik 
------------------------- 
Tanggal: 06-11-2021 01:00:01 
Duration Download Forstok 15.826484203339 Detik
Duration Looping 700 Data 135.19192314148 Detik 
Total Duration 135.19202804565 Detik 
------------------------- 
Tanggal: 06-11-2021 01:05:01 
Duration Download Forstok 16.10106921196 Detik
Duration Looping 700 Data 130.94553017616 Detik 
Total Duration 130.94563317299 Detik 
------------------------- 
Tanggal: 06-11-2021 01:10:01 
Duration Download Forstok 19.509472131729 Detik
Duration Looping 700 Data 133.94280004501 Detik 
Total Duration 133.94290304184 Detik 
------------------------- 
Tanggal: 06-11-2021 01:15:01 
Duration Download Forstok 20.032129049301 Detik
Duration Looping 700 Data 140.11992502213 Detik 
Total Duration 140.12003612518 Detik 
------------------------- 
Tanggal: 06-11-2021 01:20:02 
Duration Download Forstok 11.994425058365 Detik
Duration Looping 700 Data 132.15497207642 Detik 
Total Duration 132.1550951004 Detik 
------------------------- 
Tanggal: 06-11-2021 01:25:01 
Duration Download Forstok 17.653705120087 Detik
Duration Looping 700 Data 135.04734396935 Detik 
Total Duration 135.04745411873 Detik 
------------------------- 
Tanggal: 06-11-2021 01:30:01 
Duration Download Forstok 13.140201091766 Detik
Duration Looping 700 Data 128.06102013588 Detik 
Total Duration 128.06113100052 Detik 
------------------------- 
Tanggal: 06-11-2021 01:35:01 
Duration Download Forstok 14.368881940842 Detik
Duration Looping 700 Data 129.54134488106 Detik 
Total Duration 129.54146099091 Detik 
------------------------- 
Tanggal: 06-11-2021 01:40:01 
Duration Download Forstok 21.565541028976 Detik
Duration Looping 700 Data 142.1533241272 Detik 
Total Duration 142.15343904495 Detik 
------------------------- 
Tanggal: 06-11-2021 01:45:01 
Duration Download Forstok 20.981743812561 Detik
Duration Looping 700 Data 134.91414880753 Detik 
Total Duration 134.91426587105 Detik 
------------------------- 
Tanggal: 06-11-2021 01:50:01 
Duration Download Forstok 14.290266036987 Detik
Duration Looping 700 Data 142.98341202736 Detik 
Total Duration 142.98352313042 Detik 
------------------------- 
Tanggal: 06-11-2021 01:55:01 
Duration Download Forstok 13.123336076736 Detik
Duration Looping 700 Data 128.18346905708 Detik 
Total Duration 128.18358588219 Detik 
------------------------- 
Tanggal: 06-11-2021 02:00:01 
Duration Download Forstok 14.708281040192 Detik
Duration Looping 700 Data 137.34448003769 Detik 
Total Duration 137.34458899498 Detik 
------------------------- 
Tanggal: 06-11-2021 02:05:01 
Duration Download Forstok 23.847329854965 Detik
Duration Looping 700 Data 138.69166994095 Detik 
Total Duration 138.69178795815 Detik 
------------------------- 
Tanggal: 06-11-2021 02:10:01 
Duration Download Forstok 15.56091094017 Detik
Duration Looping 700 Data 136.69011187553 Detik 
Total Duration 136.69022583961 Detik 
------------------------- 
Tanggal: 06-11-2021 02:15:01 
Duration Download Forstok 24.031103134155 Detik
Duration Looping 700 Data 145.72529411316 Detik 
Total Duration 145.72540402412 Detik 
------------------------- 
Tanggal: 06-11-2021 02:20:01 
Duration Download Forstok 12.527477025986 Detik
Duration Looping 700 Data 129.10962200165 Detik 
Total Duration 129.10973000526 Detik 
------------------------- 
Tanggal: 06-11-2021 02:25:01 
Duration Download Forstok 21.444087982178 Detik
Duration Looping 700 Data 137.76236391068 Detik 
Total Duration 137.76247000694 Detik 
------------------------- 
Tanggal: 06-11-2021 02:30:01 
Duration Download Forstok 15.166326999664 Detik
Duration Looping 700 Data 133.96565890312 Detik 
Total Duration 133.96576881409 Detik 
------------------------- 
Tanggal: 06-11-2021 02:35:01 
Duration Download Forstok 16.246472835541 Detik
Duration Looping 700 Data 138.33570981026 Detik 
Total Duration 138.33581781387 Detik 
------------------------- 
Tanggal: 06-11-2021 02:40:01 
Duration Download Forstok 23.282613039017 Detik
Duration Looping 700 Data 140.11337590218 Detik 
Total Duration 140.11348199844 Detik 
------------------------- 
Tanggal: 06-11-2021 02:45:01 
Duration Download Forstok 14.542752981186 Detik
Duration Looping 700 Data 133.52404284477 Detik 
Total Duration 133.52415299416 Detik 
------------------------- 
Tanggal: 06-11-2021 02:50:01 
Duration Download Forstok 12.052191972733 Detik
Duration Looping 700 Data 125.85820508003 Detik 
Total Duration 125.85830712318 Detik 
------------------------- 
Tanggal: 06-11-2021 02:55:01 
Duration Download Forstok 14.559975862503 Detik
Duration Looping 700 Data 131.14157986641 Detik 
Total Duration 131.14170002937 Detik 
------------------------- 
Tanggal: 06-11-2021 03:00:01 
Duration Download Forstok 14.385533094406 Detik
Duration Looping 700 Data 137.63657212257 Detik 
Total Duration 137.63668203354 Detik 
------------------------- 
Tanggal: 06-11-2021 03:05:02 
Duration Download Forstok 16.835464954376 Detik
Duration Looping 700 Data 141.56220912933 Detik 
Total Duration 141.56232118607 Detik 
------------------------- 
Tanggal: 06-11-2021 03:10:01 
Duration Download Forstok 21.645186901093 Detik
Duration Looping 700 Data 144.23934602737 Detik 
Total Duration 144.23946809769 Detik 
------------------------- 
Tanggal: 06-11-2021 03:15:01 
Duration Download Forstok 17.863228797913 Detik
Duration Looping 700 Data 132.85396099091 Detik 
Total Duration 132.85408186913 Detik 
------------------------- 
Tanggal: 06-11-2021 03:20:01 
Duration Download Forstok 12.637917995453 Detik
Duration Looping 700 Data 127.58647704124 Detik 
Total Duration 127.58659291267 Detik 
------------------------- 
Tanggal: 06-11-2021 03:25:01 
Duration Download Forstok 12.496628046036 Detik
Duration Looping 700 Data 127.2507610321 Detik 
Total Duration 127.25087594986 Detik 
------------------------- 
Tanggal: 06-11-2021 03:30:01 
Duration Download Forstok 13.090593099594 Detik
Duration Looping 700 Data 133.58188199997 Detik 
Total Duration 133.58199906349 Detik 
------------------------- 
Tanggal: 06-11-2021 03:35:01 
Duration Download Forstok 14.945719003677 Detik
Duration Looping 700 Data 135.4829158783 Detik 
Total Duration 135.48302602768 Detik 
------------------------- 
Tanggal: 06-11-2021 03:40:01 
Duration Download Forstok 19.056783914566 Detik
Duration Looping 700 Data 137.98872685432 Detik 
Total Duration 137.98884081841 Detik 
------------------------- 
Tanggal: 06-11-2021 03:45:01 
Duration Download Forstok 16.130244016647 Detik
Duration Looping 700 Data 135.13115310669 Detik 
Total Duration 135.13125801086 Detik 
------------------------- 
Tanggal: 06-11-2021 03:50:01 
Duration Download Forstok 14.282397031784 Detik
Duration Looping 700 Data 132.93760609627 Detik 
Total Duration 132.93772006035 Detik 
------------------------- 
Tanggal: 06-11-2021 03:55:01 
Duration Download Forstok 20.233184099197 Detik
Duration Looping 700 Data 139.70822405815 Detik 
Total Duration 139.70834112167 Detik 
------------------------- 
Tanggal: 06-11-2021 04:00:01 
Duration Download Forstok 11.318933963776 Detik
Duration Looping 700 Data 131.15655994415 Detik 
Total Duration 131.15667104721 Detik 
------------------------- 
Tanggal: 06-11-2021 04:05:01 
Duration Download Forstok 16.021152973175 Detik
Duration Looping 700 Data 130.95621705055 Detik 
Total Duration 130.95632219315 Detik 
------------------------- 
Tanggal: 06-11-2021 04:10:01 
Duration Download Forstok 21.163281917572 Detik
Duration Looping 700 Data 138.53544092178 Detik 
Total Duration 138.53557491302 Detik 
------------------------- 
Tanggal: 06-11-2021 04:15:01 
Duration Download Forstok 19.308546066284 Detik
Duration Looping 700 Data 140.37416791916 Detik 
Total Duration 140.37428498268 Detik 
------------------------- 
Tanggal: 06-11-2021 04:20:01 
Duration Download Forstok 11.440247058868 Detik
Duration Looping 700 Data 137.9818251133 Detik 
Total Duration 137.98193597794 Detik 
------------------------- 
Tanggal: 06-11-2021 04:25:01 
Duration Download Forstok 19.420027971268 Detik
Duration Looping 700 Data 143.46395397186 Detik 
Total Duration 143.4640648365 Detik 
------------------------- 
Tanggal: 06-11-2021 04:30:02 
Duration Download Forstok 12.441979885101 Detik
Duration Looping 700 Data 142.66916704178 Detik 
Total Duration 142.66929388046 Detik 
------------------------- 
Tanggal: 06-11-2021 04:35:01 
Duration Download Forstok 17.803215026855 Detik
Duration Looping 700 Data 133.86934494972 Detik 
Total Duration 133.86946296692 Detik 
------------------------- 
Tanggal: 06-11-2021 04:40:01 
Duration Download Forstok 19.976169109344 Detik
Duration Looping 700 Data 147.81808400154 Detik 
Total Duration 147.81820011139 Detik 
------------------------- 
Tanggal: 06-11-2021 04:45:01 
Duration Download Forstok 18.978636980057 Detik
Duration Looping 700 Data 136.19251179695 Detik 
Total Duration 136.19263792038 Detik 
------------------------- 
Tanggal: 06-11-2021 04:50:01 
Duration Download Forstok 14.685612916946 Detik
Duration Looping 700 Data 127.78188586235 Detik 
Total Duration 127.78201699257 Detik 
------------------------- 
Tanggal: 06-11-2021 04:55:01 
Duration Download Forstok 13.818969964981 Detik
Duration Looping 700 Data 138.38845396042 Detik 
Total Duration 138.38854193687 Detik 
------------------------- 
Tanggal: 06-11-2021 05:00:01 
Duration Download Forstok 12.191630840302 Detik
Duration Looping 700 Data 128.41337800026 Detik 
Total Duration 128.41349887848 Detik 
------------------------- 
Tanggal: 06-11-2021 05:05:01 
Duration Download Forstok 20.994401931763 Detik
Duration Looping 700 Data 139.62592387199 Detik 
Total Duration 139.62605285645 Detik 
------------------------- 
Tanggal: 06-11-2021 05:10:01 
Duration Download Forstok 20.164160966873 Detik
Duration Looping 700 Data 150.46718001366 Detik 
Total Duration 150.46729493141 Detik 
------------------------- 
Tanggal: 06-11-2021 05:15:01 
Duration Download Forstok 17.479939937592 Detik
Duration Looping 700 Data 134.90890693665 Detik 
Total Duration 134.90901899338 Detik 
------------------------- 
Tanggal: 06-11-2021 05:20:01 
Duration Download Forstok 14.541846036911 Detik
Duration Looping 700 Data 145.78272199631 Detik 
Total Duration 145.78284287453 Detik 
------------------------- 
Tanggal: 06-11-2021 05:25:01 
Duration Download Forstok 19.942873001099 Detik
Duration Looping 700 Data 140.5809237957 Detik 
Total Duration 140.58104085922 Detik 
------------------------- 
Tanggal: 06-11-2021 05:30:01 
Duration Download Forstok 11.935461997986 Detik
Duration Looping 700 Data 141.13896012306 Detik 
Total Duration 141.13909816742 Detik 
------------------------- 
Tanggal: 06-11-2021 05:35:01 
Duration Download Forstok 16.831865787506 Detik
Duration Looping 700 Data 137.26090097427 Detik 
Total Duration 137.26101493835 Detik 
------------------------- 
Tanggal: 06-11-2021 05:40:01 
Duration Download Forstok 21.144037008286 Detik
Duration Looping 700 Data 145.33573198318 Detik 
Total Duration 145.3358399868 Detik 
------------------------- 
Tanggal: 06-11-2021 05:45:01 
Duration Download Forstok 12.181002140045 Detik
Duration Looping 700 Data 125.73463606834 Detik 
Total Duration 125.73474812508 Detik 
------------------------- 
Tanggal: 06-11-2021 05:50:01 
Duration Download Forstok 12.122153997421 Detik
Duration Looping 700 Data 134.14156985283 Detik 
Total Duration 134.14168095589 Detik 
------------------------- 
Tanggal: 06-11-2021 05:55:01 
Duration Download Forstok 13.595087051392 Detik
Duration Looping 700 Data 139.98055005074 Detik 
Total Duration 139.9806740284 Detik 
------------------------- 
Tanggal: 06-11-2021 06:00:01 
Duration Download Forstok 12.384277820587 Detik
Duration Looping 700 Data 134.96381688118 Detik 
Total Duration 134.96394085884 Detik 
------------------------- 
Tanggal: 06-11-2021 06:05:01 
Duration Download Forstok 18.484774112701 Detik
Duration Looping 700 Data 138.61656498909 Detik 
Total Duration 138.61668300629 Detik 
------------------------- 
Tanggal: 06-11-2021 06:10:01 
Duration Download Forstok 16.988517045975 Detik
Duration Looping 700 Data 130.08042216301 Detik 
Total Duration 130.08052015305 Detik 
------------------------- 
Tanggal: 06-11-2021 06:15:01 
Duration Download Forstok 21.322568893433 Detik
Duration Looping 700 Data 143.50307297707 Detik 
Total Duration 143.50318098068 Detik 
------------------------- 
Tanggal: 06-11-2021 06:20:01 
Duration Download Forstok 13.695796966553 Detik
Duration Looping 700 Data 138.7182559967 Detik 
Total Duration 138.71836495399 Detik 
------------------------- 
Tanggal: 06-11-2021 06:25:01 
Duration Download Forstok 17.003209114075 Detik
Duration Looping 700 Data 134.36981606483 Detik 
Total Duration 134.36993098259 Detik 
------------------------- 
Tanggal: 06-11-2021 06:30:01 
Duration Download Forstok 16.691358089447 Detik
Duration Looping 700 Data 141.13940906525 Detik 
Total Duration 141.13952517509 Detik 
------------------------- 
Tanggal: 06-11-2021 06:35:01 
Duration Download Forstok 20.985931873322 Detik
Duration Looping 700 Data 143.2764980793 Detik 
Total Duration 143.2766149044 Detik 
------------------------- 
Tanggal: 06-11-2021 06:40:01 
Duration Download Forstok 16.014094114304 Detik
Duration Looping 700 Data 137.56156301498 Detik 
Total Duration 137.56167316437 Detik 
------------------------- 
Tanggal: 06-11-2021 06:45:01 
Duration Download Forstok 17.048686027527 Detik
Duration Looping 700 Data 140.16704201698 Detik 
Total Duration 140.16716504097 Detik 
------------------------- 
Tanggal: 06-11-2021 06:50:01 
Duration Download Forstok 10.702406167984 Detik
Duration Looping 700 Data 132.52656412125 Detik 
Total Duration 132.52668118477 Detik 
------------------------- 
Tanggal: 06-11-2021 06:55:01 
Duration Download Forstok 14.185341119766 Detik
Duration Looping 700 Data 131.39675521851 Detik 
Total Duration 131.39686822891 Detik 
------------------------- 
Tanggal: 06-11-2021 07:00:01 
Duration Download Forstok 12.268898010254 Detik
Duration Looping 700 Data 126.39963698387 Detik 
Total Duration 126.39975404739 Detik 
------------------------- 
Tanggal: 06-11-2021 07:05:01 
Duration Download Forstok 18.615388870239 Detik
Duration Looping 700 Data 133.32153391838 Detik 
Total Duration 133.32165884972 Detik 
------------------------- 
Tanggal: 06-11-2021 07:10:01 
Duration Download Forstok 18.586953878403 Detik
Duration Looping 700 Data 132.2560210228 Detik 
Total Duration 132.25613188744 Detik 
------------------------- 
Tanggal: 06-11-2021 07:15:01 
Duration Download Forstok 20.386648178101 Detik
Duration Looping 700 Data 133.95302605629 Detik 
Total Duration 133.95313811302 Detik 
------------------------- 
Tanggal: 06-11-2021 07:20:01 
Duration Download Forstok 11.828902959824 Detik
Duration Looping 700 Data 133.93539786339 Detik 
Total Duration 133.93552184105 Detik 
------------------------- 
Tanggal: 06-11-2021 07:25:01 
Duration Download Forstok 16.98305106163 Detik
Duration Looping 700 Data 137.50733399391 Detik 
Total Duration 137.50745511055 Detik 
------------------------- 
Tanggal: 06-11-2021 07:30:01 
Duration Download Forstok 11.50116610527 Detik
Duration Looping 700 Data 143.23832201958 Detik 
Total Duration 143.23843598366 Detik 
------------------------- 
Tanggal: 06-11-2021 07:35:01 
Duration Download Forstok 16.822546958923 Detik
Duration Looping 700 Data 132.4693338871 Detik 
Total Duration 132.46945095062 Detik 
------------------------- 
Tanggal: 06-11-2021 07:40:01 
Duration Download Forstok 12.460077047348 Detik
Duration Looping 700 Data 129.02917695045 Detik 
Total Duration 129.02930092812 Detik 
------------------------- 
Tanggal: 06-11-2021 07:45:01 
Duration Download Forstok 18.735706090927 Detik
Duration Looping 700 Data 151.96976613998 Detik 
Total Duration 151.96988201141 Detik 
------------------------- 
Tanggal: 06-11-2021 07:50:01 
Duration Download Forstok 15.734370946884 Detik
Duration Looping 700 Data 131.2929880619 Detik 
Total Duration 131.29310107231 Detik 
------------------------- 
Tanggal: 06-11-2021 07:55:01 
Duration Download Forstok 17.761336088181 Detik
Duration Looping 700 Data 142.99221301079 Detik 
Total Duration 142.99233913422 Detik 
------------------------- 
Tanggal: 06-11-2021 08:00:01 
Duration Download Forstok 14.587023973465 Detik
Duration Looping 700 Data 136.5332570076 Detik 
Total Duration 136.5333750248 Detik 
------------------------- 
Tanggal: 06-11-2021 08:05:01 
Duration Download Forstok 20.351289987564 Detik
Duration Looping 700 Data 135.07521486282 Detik 
Total Duration 135.0753698349 Detik 
------------------------- 
Tanggal: 06-11-2021 08:10:02 
Duration Download Forstok 16.976332187653 Detik
Duration Looping 700 Data 132.95246219635 Detik 
Total Duration 132.95257210732 Detik 
------------------------- 
Tanggal: 06-11-2021 08:15:01 
Duration Download Forstok 18.366204977036 Detik
Duration Looping 700 Data 135.6533100605 Detik 
Total Duration 135.65342497826 Detik 
------------------------- 
Tanggal: 06-11-2021 08:20:01 
Duration Download Forstok 12.723170995712 Detik
Duration Looping 700 Data 131.78779315948 Detik 
Total Duration 131.78791213036 Detik 
------------------------- 
Tanggal: 06-11-2021 08:25:01 
Duration Download Forstok 18.771770000458 Detik
Duration Looping 700 Data 133.52266192436 Detik 
Total Duration 133.52277684212 Detik 
------------------------- 
Tanggal: 06-11-2021 08:30:01 
Duration Download Forstok 11.035212993622 Detik
Duration Looping 700 Data 127.78393292427 Detik 
Total Duration 127.78404998779 Detik 
------------------------- 
Tanggal: 06-11-2021 08:35:01 
Duration Download Forstok 16.956398963928 Detik
Duration Looping 700 Data 142.61274695396 Detik 
Total Duration 142.61288189888 Detik 
------------------------- 
Tanggal: 06-11-2021 08:40:01 
Duration Download Forstok 23.52876496315 Detik
Duration Looping 700 Data 149.12990498543 Detik 
Total Duration 149.1299829483 Detik 
------------------------- 
Tanggal: 06-11-2021 08:45:01 
Duration Download Forstok 15.067683935165 Detik
Duration Looping 700 Data 133.7008728981 Detik 
Total Duration 133.70098590851 Detik 
------------------------- 
Tanggal: 06-11-2021 08:50:01 
Duration Download Forstok 11.110213041306 Detik
Duration Looping 700 Data 135.19926309586 Detik 
Total Duration 135.19937515259 Detik 
------------------------- 
Tanggal: 06-11-2021 08:55:01 
Duration Download Forstok 16.224867105484 Detik
Duration Looping 700 Data 138.92334103584 Detik 
Total Duration 138.92343306541 Detik 
------------------------- 
Tanggal: 06-11-2021 09:00:01 
Duration Download Forstok 20.633903026581 Detik
Duration Looping 700 Data 141.11933302879 Detik 
Total Duration 141.11940598488 Detik 
------------------------- 
Tanggal: 06-11-2021 09:05:01 
Duration Download Forstok 18.2899081707 Detik
Duration Looping 700 Data 144.41538405418 Detik 
Total Duration 144.41550016403 Detik 
------------------------- 
Tanggal: 06-11-2021 09:10:01 
Duration Download Forstok 23.18488407135 Detik
Duration Looping 700 Data 140.554926157 Detik 
Total Duration 140.55507302284 Detik 
------------------------- 
Tanggal: 06-11-2021 09:15:01 
Duration Download Forstok 18.902177095413 Detik
Duration Looping 700 Data 139.6642229557 Detik 
Total Duration 139.66434288025 Detik 
------------------------- 
Tanggal: 06-11-2021 09:20:01 
Duration Download Forstok 14.150653839111 Detik
Duration Looping 700 Data 134.38561201096 Detik 
Total Duration 134.38573002815 Detik 
------------------------- 
Tanggal: 06-11-2021 09:25:01 
Duration Download Forstok 13.350296020508 Detik
Duration Looping 700 Data 129.85364603996 Detik 
Total Duration 129.85375905037 Detik 
------------------------- 
Tanggal: 06-11-2021 09:30:01 
Duration Download Forstok 12.862467050552 Detik
Duration Looping 700 Data 131.21336698532 Detik 
Total Duration 131.21350193024 Detik 
------------------------- 
Tanggal: 06-11-2021 09:35:01 
Duration Download Forstok 16.703205108643 Detik
Duration Looping 700 Data 139.91394400597 Detik 
Total Duration 139.91405010223 Detik 
------------------------- 
Tanggal: 06-11-2021 09:40:01 
Duration Download Forstok 23.681788921356 Detik
Duration Looping 700 Data 145.66235589981 Detik 
Total Duration 145.66244983673 Detik 
------------------------- 
Tanggal: 06-11-2021 09:45:01 
Duration Download Forstok 15.110665082932 Detik
Duration Looping 700 Data 135.96396613121 Detik 
Total Duration 135.96405220032 Detik 
------------------------- 
Tanggal: 06-11-2021 09:50:01 
Duration Download Forstok 13.255275011063 Detik
Duration Looping 700 Data 131.82126498222 Detik 
Total Duration 131.82139015198 Detik 
------------------------- 
Tanggal: 06-11-2021 09:55:01 
Duration Download Forstok 18.115037918091 Detik
Duration Looping 700 Data 139.47910404205 Detik 
Total Duration 139.47919392586 Detik 
------------------------- 
Tanggal: 06-11-2021 10:00:01 
Duration Download Forstok 13.652249097824 Detik
Duration Looping 700 Data 136.31047201157 Detik 
Total Duration 136.31055307388 Detik 
------------------------- 
Tanggal: 06-11-2021 10:05:01 
Duration Download Forstok 25.09969997406 Detik
Duration Looping 700 Data 143.28330206871 Detik 
Total Duration 143.28342795372 Detik 
------------------------- 
Tanggal: 06-11-2021 10:10:01 
Duration Download Forstok 18.962199926376 Detik
Duration Looping 700 Data 137.55747795105 Detik 
Total Duration 137.55763101578 Detik 
------------------------- 
Tanggal: 06-11-2021 10:15:01 
Duration Download Forstok 20.537547111511 Detik
Duration Looping 700 Data 145.98380589485 Detik 
Total Duration 145.98392391205 Detik 
------------------------- 
Tanggal: 06-11-2021 10:20:01 
Duration Download Forstok 13.745427131653 Detik
Duration Looping 700 Data 135.53422212601 Detik 
Total Duration 135.53433418274 Detik 
------------------------- 
Tanggal: 06-11-2021 10:25:01 
Duration Download Forstok 16.539444923401 Detik
Duration Looping 700 Data 135.50479102135 Detik 
Total Duration 135.50488209724 Detik 
------------------------- 
Tanggal: 06-11-2021 10:30:01 
Duration Download Forstok 13.117654800415 Detik
Duration Looping 700 Data 128.39513993263 Detik 
Total Duration 128.39528489113 Detik 
------------------------- 
Tanggal: 06-11-2021 10:35:01 
Duration Download Forstok 21.910421848297 Detik
Duration Looping 700 Data 148.14949679375 Detik 
Total Duration 148.14960885048 Detik 
------------------------- 
Tanggal: 06-11-2021 10:40:01 
Duration Download Forstok 19.148603916168 Detik
Duration Looping 700 Data 140.23123598099 Detik 
Total Duration 140.23134899139 Detik 
------------------------- 
Tanggal: 06-11-2021 10:45:01 
Duration Download Forstok 14.546491861343 Detik
Duration Looping 700 Data 132.89565086365 Detik 
Total Duration 132.89575099945 Detik 
------------------------- 
Tanggal: 06-11-2021 10:50:01 
Duration Download Forstok 12.233118772507 Detik
Duration Looping 700 Data 134.58242988586 Detik 
Total Duration 134.58253192902 Detik 
------------------------- 
Tanggal: 06-11-2021 10:55:01 
Duration Download Forstok 14.04493188858 Detik
Duration Looping 700 Data 136.67302298546 Detik 
Total Duration 136.67313981056 Detik 
------------------------- 
Tanggal: 06-11-2021 11:00:01 
Duration Download Forstok 10.970284938812 Detik
Duration Looping 700 Data 136.46709394455 Detik 
Total Duration 136.46717715263 Detik 
------------------------- 
Tanggal: 06-11-2021 11:05:01 
Duration Download Forstok 23.005364894867 Detik
Duration Looping 700 Data 143.10271000862 Detik 
Total Duration 143.10281181335 Detik 
------------------------- 
Tanggal: 06-11-2021 11:10:01 
Duration Download Forstok 15.299287080765 Detik
Duration Looping 700 Data 132.54531908035 Detik 
Total Duration 132.54542899132 Detik 
------------------------- 
Tanggal: 06-11-2021 11:15:01 
Duration Download Forstok 12.874831914902 Detik
Duration Looping 700 Data 132.86589097977 Detik 
Total Duration 132.86602497101 Detik 
------------------------- 
Tanggal: 06-11-2021 11:20:01 
Duration Download Forstok 11.779072999954 Detik
Duration Looping 700 Data 135.98598098755 Detik 
Total Duration 135.98608803749 Detik 
------------------------- 
Tanggal: 06-11-2021 11:25:01 
Duration Download Forstok 19.378793954849 Detik
Duration Looping 700 Data 138.51316905022 Detik 
Total Duration 138.51327991486 Detik 
------------------------- 
Tanggal: 06-11-2021 11:30:01 
Duration Download Forstok 14.327062129974 Detik
Duration Looping 700 Data 133.20866203308 Detik 
Total Duration 133.20873618126 Detik 
------------------------- 
Tanggal: 06-11-2021 11:35:01 
Duration Download Forstok 22.182872056961 Detik
Duration Looping 700 Data 142.74840903282 Detik 
Total Duration 142.74852013588 Detik 
------------------------- 
Tanggal: 06-11-2021 11:40:01 
Duration Download Forstok 18.735151052475 Detik
Duration Looping 700 Data 145.35969901085 Detik 
Total Duration 145.35977196693 Detik 
------------------------- 
Tanggal: 06-11-2021 11:45:01 
Duration Download Forstok 15.952608108521 Detik
Duration Looping 700 Data 134.96665692329 Detik 
Total Duration 134.9667840004 Detik 
------------------------- 
Tanggal: 06-11-2021 11:50:01 
Duration Download Forstok 11.566884994507 Detik
Duration Looping 700 Data 134.14107704163 Detik 
Total Duration 134.14119291306 Detik 
------------------------- 
Tanggal: 06-11-2021 11:55:01 
Duration Download Forstok 14.837368011475 Detik
Duration Looping 700 Data 141.75219321251 Detik 
Total Duration 141.75231719017 Detik 
------------------------- 
Tanggal: 06-11-2021 12:00:01 
Duration Download Forstok 13.388098955154 Detik
Duration Looping 700 Data 139.05213689804 Detik 
Total Duration 139.05225086212 Detik 
------------------------- 
Tanggal: 06-11-2021 12:05:01 
Duration Download Forstok 17.275994777679 Detik
Duration Looping 700 Data 137.07368278503 Detik 
Total Duration 137.07379198074 Detik 
------------------------- 
Tanggal: 06-11-2021 12:10:01 
Duration Download Forstok 16.605831861496 Detik
Duration Looping 700 Data 135.47068095207 Detik 
Total Duration 135.47080683708 Detik 
------------------------- 
Tanggal: 06-11-2021 12:15:01 
Duration Download Forstok 21.835474014282 Detik
Duration Looping 700 Data 144.83130598068 Detik 
Total Duration 144.83141708374 Detik 
------------------------- 
Tanggal: 06-11-2021 12:20:01 
Duration Download Forstok 14.245515108109 Detik
Duration Looping 700 Data 138.37289714813 Detik 
Total Duration 138.37300610542 Detik 
------------------------- 
Tanggal: 06-11-2021 12:25:01 
Duration Download Forstok 15.078185796738 Detik
Duration Looping 700 Data 134.89515590668 Detik 
Total Duration 134.89529180527 Detik 
------------------------- 
Tanggal: 06-11-2021 12:30:01 
Duration Download Forstok 14.491692066193 Detik
Duration Looping 700 Data 133.87821412086 Detik 
Total Duration 133.87832999229 Detik 
------------------------- 
Tanggal: 06-11-2021 12:35:01 
Duration Download Forstok 17.515758991241 Detik
Duration Looping 700 Data 136.36912798882 Detik 
Total Duration 136.36922693253 Detik 
------------------------- 
Tanggal: 06-11-2021 12:40:01 
Duration Download Forstok 21.291952133179 Detik
Duration Looping 700 Data 142.81418800354 Detik 
Total Duration 142.81431102753 Detik 
------------------------- 
Tanggal: 06-11-2021 12:45:01 
Duration Download Forstok 14.306048870087 Detik
Duration Looping 700 Data 135.40662002563 Detik 
Total Duration 135.40672206879 Detik 
------------------------- 
Tanggal: 06-11-2021 12:50:01 
Duration Download Forstok 19.901345968246 Detik
Duration Looping 700 Data 140.48796105385 Detik 
Total Duration 140.48804402351 Detik 
------------------------- 
Tanggal: 06-11-2021 12:55:01 
Duration Download Forstok 23.192663192749 Detik
Duration Looping 700 Data 145.63975119591 Detik 
Total Duration 145.63987016678 Detik 
------------------------- 
Tanggal: 06-11-2021 13:00:01 
Duration Download Forstok 13.072426080704 Detik
Duration Looping 700 Data 135.00596308708 Detik 
Total Duration 135.00606298447 Detik 
------------------------- 
Tanggal: 06-11-2021 13:05:01 
Duration Download Forstok 14.867587089539 Detik
Duration Looping 700 Data 129.36123800278 Detik 
Total Duration 129.36135792732 Detik 
------------------------- 
Tanggal: 06-11-2021 13:10:01 
Duration Download Forstok 22.146682977676 Detik
Duration Looping 700 Data 140.88146114349 Detik 
Total Duration 140.88158893585 Detik 
------------------------- 
Tanggal: 06-11-2021 13:15:01 
Duration Download Forstok 20.847559928894 Detik
Duration Looping 700 Data 153.67887401581 Detik 
Total Duration 153.67898011208 Detik 
------------------------- 
Tanggal: 06-11-2021 13:20:01 
Duration Download Forstok 18.677839040756 Detik
Duration Looping 700 Data 139.40237021446 Detik 
Total Duration 139.4024810791 Detik 
------------------------- 
Tanggal: 06-11-2021 13:25:01 
Duration Download Forstok 15.567638158798 Detik
Duration Looping 700 Data 130.90798902512 Detik 
Total Duration 130.90810513496 Detik 
------------------------- 
Tanggal: 06-11-2021 13:30:01 
Duration Download Forstok 13.653874874115 Detik
Duration Looping 700 Data 126.14836478233 Detik 
Total Duration 126.14847588539 Detik 
------------------------- 
Tanggal: 06-11-2021 13:35:01 
Duration Download Forstok 20.913213968277 Detik
Duration Looping 700 Data 145.74217796326 Detik 
Total Duration 145.7422978878 Detik 
------------------------- 
Tanggal: 06-11-2021 13:40:01 
Duration Download Forstok 19.417713880539 Detik
Duration Looping 700 Data 135.69336986542 Detik 
Total Duration 135.69347882271 Detik 
------------------------- 
Tanggal: 06-11-2021 13:45:02 
Duration Download Forstok 22.393738031387 Detik
Duration Looping 700 Data 143.33968710899 Detik 
Total Duration 143.33979511261 Detik 
------------------------- 
Tanggal: 06-11-2021 13:50:01 
Duration Download Forstok 11.501960992813 Detik
Duration Looping 700 Data 124.91975498199 Detik 
Total Duration 124.91985011101 Detik 
------------------------- 
Tanggal: 06-11-2021 13:55:01 
Duration Download Forstok 14.405071020126 Detik
Duration Looping 700 Data 130.43769407272 Detik 
Total Duration 130.43781805038 Detik 
------------------------- 
Tanggal: 06-11-2021 14:00:01 
Duration Download Forstok 12.200239896774 Detik
Duration Looping 700 Data 132.42141079903 Detik 
Total Duration 132.42152190208 Detik 
------------------------- 
Tanggal: 06-11-2021 14:05:01 
Duration Download Forstok 27.992185115814 Detik
Duration Looping 700 Data 158.9317920208 Detik 
Total Duration 158.93190908432 Detik 
------------------------- 
Tanggal: 06-11-2021 14:10:01 
Duration Download Forstok 18.522603988647 Detik
Duration Looping 700 Data 142.13423299789 Detik 
Total Duration 142.13432002068 Detik 
------------------------- 
Tanggal: 06-11-2021 14:15:01 
Duration Download Forstok 24.990953922272 Detik
Duration Looping 700 Data 150.21186685562 Detik 
Total Duration 150.21197795868 Detik 
------------------------- 
Tanggal: 06-11-2021 14:20:01 
Duration Download Forstok 12.452127933502 Detik
Duration Looping 700 Data 133.6382689476 Detik 
Total Duration 133.63836407661 Detik 
------------------------- 
Tanggal: 06-11-2021 14:25:01 
Duration Download Forstok 19.538058996201 Detik
Duration Looping 700 Data 141.02758097649 Detik 
Total Duration 141.02770996094 Detik 
------------------------- 
Tanggal: 06-11-2021 14:30:01 
Duration Download Forstok 15.390793085098 Detik
Duration Looping 700 Data 138.73145198822 Detik 
Total Duration 138.73155903816 Detik 
------------------------- 
Tanggal: 06-11-2021 14:35:01 
Duration Download Forstok 13.656311988831 Detik
Duration Looping 700 Data 128.27860403061 Detik 
Total Duration 128.27870893478 Detik 
------------------------- 
Tanggal: 06-11-2021 14:40:01 
Duration Download Forstok 18.607196807861 Detik
Duration Looping 700 Data 134.80089998245 Detik 
Total Duration 134.80101895332 Detik 
------------------------- 
Tanggal: 06-11-2021 14:45:01 
Duration Download Forstok 20.613904953003 Detik
Duration Looping 700 Data 148.97942495346 Detik 
Total Duration 148.97953891754 Detik 
------------------------- 
Tanggal: 06-11-2021 14:50:01 
Duration Download Forstok 14.618578910828 Detik
Duration Looping 700 Data 132.21469092369 Detik 
Total Duration 132.21482300758 Detik 
------------------------- 
Tanggal: 06-11-2021 14:55:01 
Duration Download Forstok 16.82887506485 Detik
Duration Looping 700 Data 140.75978517532 Detik 
Total Duration 140.75990104675 Detik 
------------------------- 
Tanggal: 06-11-2021 15:00:01 
Duration Download Forstok 13.535741090775 Detik
Duration Looping 700 Data 129.58659291267 Detik 
Total Duration 129.58669900894 Detik 
------------------------- 
Tanggal: 06-11-2021 15:05:01 
Duration Download Forstok 20.43966293335 Detik
Duration Looping 700 Data 145.71350002289 Detik 
Total Duration 145.71360492706 Detik 
------------------------- 
Tanggal: 06-11-2021 15:10:01 
Duration Download Forstok 15.112762928009 Detik
Duration Looping 700 Data 140.66976594925 Detik 
Total Duration 140.66986393929 Detik 
------------------------- 
Tanggal: 06-11-2021 15:15:01 
Duration Download Forstok 19.238259077072 Detik
Duration Looping 700 Data 144.50977611542 Detik 
Total Duration 144.50989508629 Detik 
------------------------- 
Tanggal: 06-11-2021 15:20:01 
Duration Download Forstok 12.974442005157 Detik
Duration Looping 700 Data 136.23859906197 Detik 
Total Duration 136.23870396614 Detik 
------------------------- 
Tanggal: 06-11-2021 15:25:01 
Duration Download Forstok 16.417746067047 Detik
Duration Looping 700 Data 132.86176800728 Detik 
Total Duration 132.86187291145 Detik 
------------------------- 
Tanggal: 06-11-2021 15:30:02 
Duration Download Forstok 12.901114225388 Detik
Duration Looping 700 Data 143.02187919617 Detik 
Total Duration 143.02199602127 Detik 
------------------------- 
Tanggal: 06-11-2021 15:35:01 
Duration Download Forstok 23.737473011017 Detik
Duration Looping 700 Data 139.2270450592 Detik 
Total Duration 139.22715806961 Detik 
------------------------- 
Tanggal: 06-11-2021 15:40:01 
Duration Download Forstok 18.517688989639 Detik
Duration Looping 700 Data 139.42678189278 Detik 
Total Duration 139.42689394951 Detik 
------------------------- 
Tanggal: 06-11-2021 15:45:01 
Duration Download Forstok 15.557525157928 Detik
Duration Looping 700 Data 128.18628096581 Detik 
Total Duration 128.18639111519 Detik 
------------------------- 
Tanggal: 06-11-2021 15:50:01 
Duration Download Forstok 13.607334136963 Detik
Duration Looping 700 Data 138.73440909386 Detik 
Total Duration 138.73452401161 Detik 
------------------------- 
Tanggal: 06-11-2021 15:55:02 
Duration Download Forstok 15.931150913239 Detik
Duration Looping 700 Data 129.96227502823 Detik 
Total Duration 129.96239304543 Detik 
------------------------- 
Tanggal: 06-11-2021 16:00:01 
Duration Download Forstok 11.208375930786 Detik
Duration Looping 700 Data 131.51667284966 Detik 
Total Duration 131.51678586006 Detik 
------------------------- 
Tanggal: 06-11-2021 16:05:01 
Duration Download Forstok 17.337083101273 Detik
Duration Looping 700 Data 129.91015505791 Detik 
Total Duration 129.91026496887 Detik 
------------------------- 
Tanggal: 06-11-2021 16:10:01 
Duration Download Forstok 18.940695047379 Detik
Duration Looping 700 Data 134.67677903175 Detik 
Total Duration 134.67689108849 Detik 
------------------------- 
Tanggal: 06-11-2021 16:15:01 
Duration Download Forstok 17.397692203522 Detik
Duration Looping 700 Data 138.41411709785 Detik 
Total Duration 138.4142370224 Detik 
------------------------- 
Tanggal: 06-11-2021 16:20:01 
Duration Download Forstok 11.107333898544 Detik
Duration Looping 700 Data 127.44547200203 Detik 
Total Duration 127.44557905197 Detik 
------------------------- 
Tanggal: 06-11-2021 16:25:01 
Duration Download Forstok 14.409722089767 Detik
Duration Looping 700 Data 128.93746185303 Detik 
Total Duration 128.93757295609 Detik 
------------------------- 
Tanggal: 06-11-2021 16:30:01 
Duration Download Forstok 12.551985025406 Detik
Duration Looping 700 Data 123.71028900146 Detik 
Total Duration 123.71041798592 Detik 
------------------------- 
Tanggal: 06-11-2021 16:35:01 
Duration Download Forstok 12.583334922791 Detik
Duration Looping 700 Data 127.56655406952 Detik 
Total Duration 127.56666898727 Detik 
------------------------- 
Tanggal: 06-11-2021 16:40:01 
Duration Download Forstok 17.371114015579 Detik
Duration Looping 700 Data 130.41113209724 Detik 
Total Duration 130.41124510765 Detik 
------------------------- 
Tanggal: 06-11-2021 16:45:01 
Duration Download Forstok 22.66729593277 Detik
Duration Looping 700 Data 137.63016700745 Detik 
Total Duration 137.63027906418 Detik 
------------------------- 
Tanggal: 06-11-2021 16:50:01 
Duration Download Forstok 12.44904589653 Detik
Duration Looping 700 Data 129.73934698105 Detik 
Total Duration 129.73946499825 Detik 
------------------------- 
Tanggal: 06-11-2021 16:55:01 
Duration Download Forstok 13.690419912338 Detik
Duration Looping 700 Data 132.09329199791 Detik 
Total Duration 132.09340596199 Detik 
------------------------- 
Tanggal: 06-11-2021 17:00:01 
Duration Download Forstok 11.33820605278 Detik
Duration Looping 700 Data 132.42166614532 Detik 
Total Duration 132.42177700996 Detik 
------------------------- 
Tanggal: 06-11-2021 17:05:01 
Duration Download Forstok 15.937033176422 Detik
Duration Looping 700 Data 132.88831019402 Detik 
Total Duration 132.88842821121 Detik 
------------------------- 
Tanggal: 06-11-2021 17:10:01 
Duration Download Forstok 15.142961978912 Detik
Duration Looping 700 Data 130.78656506538 Detik 
Total Duration 130.78668904305 Detik 
------------------------- 
Tanggal: 06-11-2021 17:15:01 
Duration Download Forstok 23.83105802536 Detik
Duration Looping 700 Data 141.62998199463 Detik 
Total Duration 141.6300971508 Detik 
------------------------- 
Tanggal: 06-11-2021 17:20:01 
Duration Download Forstok 12.637029886246 Detik
Duration Looping 700 Data 130.90760493279 Detik 
Total Duration 130.90771579742 Detik 
------------------------- 
Tanggal: 06-11-2021 17:25:01 
Duration Download Forstok 14.1895840168 Detik
Duration Looping 700 Data 145.09571790695 Detik 
Total Duration 145.0958340168 Detik 
------------------------- 
Tanggal: 06-11-2021 17:30:01 
Duration Download Forstok 11.270388126373 Detik
Duration Looping 700 Data 124.06858706474 Detik 
Total Duration 124.06870508194 Detik 
------------------------- 
Tanggal: 06-11-2021 17:35:01 
Duration Download Forstok 14.657778978348 Detik
Duration Looping 700 Data 127.73502993584 Detik 
Total Duration 127.73510599136 Detik 
------------------------- 
Tanggal: 06-11-2021 17:40:01 
Duration Download Forstok 28.035052061081 Detik
Duration Looping 700 Data 146.60128712654 Detik 
Total Duration 146.60138893127 Detik 
------------------------- 
Tanggal: 06-11-2021 17:45:01 
Duration Download Forstok 14.587518930435 Detik
Duration Looping 700 Data 131.6714630127 Detik 
Total Duration 131.67161488533 Detik 
------------------------- 
Tanggal: 06-11-2021 17:50:01 
Duration Download Forstok 11.828459024429 Detik
Duration Looping 700 Data 127.42898702621 Detik 
Total Duration 127.42909407616 Detik 
------------------------- 
Tanggal: 06-11-2021 17:55:01 
Duration Download Forstok 18.894212961197 Detik
Duration Looping 700 Data 138.07759690285 Detik 
Total Duration 138.07770895958 Detik 
------------------------- 
Tanggal: 06-11-2021 18:00:01 
Duration Download Forstok 16.066241025925 Detik
Duration Looping 700 Data 134.00014209747 Detik 
Total Duration 134.00025415421 Detik 
------------------------- 
Tanggal: 06-11-2021 18:05:01 
Duration Download Forstok 19.848701000214 Detik
Duration Looping 700 Data 150.93810296059 Detik 
Total Duration 150.93821716309 Detik 
------------------------- 
Tanggal: 06-11-2021 18:10:01 
Duration Download Forstok 27.439661026001 Detik
Duration Looping 700 Data 142.76326107979 Detik 
Total Duration 142.76337885857 Detik 
------------------------- 
Tanggal: 06-11-2021 18:15:01 
Duration Download Forstok 20.497781038284 Detik
Duration Looping 700 Data 135.45959115028 Detik 
Total Duration 135.45970916748 Detik 
------------------------- 
Tanggal: 06-11-2021 18:20:01 
Duration Download Forstok 12.212333917618 Detik
Duration Looping 700 Data 137.34746313095 Detik 
Total Duration 137.34757399559 Detik 
------------------------- 
Tanggal: 06-11-2021 18:25:01 
Duration Download Forstok 13.837560892105 Detik
Duration Looping 700 Data 127.62418985367 Detik 
Total Duration 127.62429785728 Detik 
------------------------- 
Tanggal: 06-11-2021 18:30:01 
Duration Download Forstok 12.234163999557 Detik
Duration Looping 700 Data 131.86250805855 Detik 
Total Duration 131.86263203621 Detik 
------------------------- 
Tanggal: 06-11-2021 18:35:01 
Duration Download Forstok 19.500692844391 Detik
Duration Looping 700 Data 135.26044797897 Detik 
Total Duration 135.26056599617 Detik 
------------------------- 
Tanggal: 06-11-2021 18:40:01 
Duration Download Forstok 19.182470083237 Detik
Duration Looping 700 Data 139.16172504425 Detik 
Total Duration 139.16183185577 Detik 
------------------------- 
Tanggal: 06-11-2021 18:45:01 
Duration Download Forstok 14.467466115952 Detik
Duration Looping 700 Data 131.54197597504 Detik 
Total Duration 131.54209899902 Detik 
------------------------- 
Tanggal: 06-11-2021 18:50:01 
Duration Download Forstok 11.776396036148 Detik
Duration Looping 700 Data 122.60861992836 Detik 
Total Duration 122.60873007774 Detik 
------------------------- 
Tanggal: 06-11-2021 18:55:01 
Duration Download Forstok 17.298079013824 Detik
Duration Looping 700 Data 135.49971008301 Detik 
Total Duration 135.49980592728 Detik 
------------------------- 
Tanggal: 06-11-2021 19:00:01 
Duration Download Forstok 10.842582941055 Detik
Duration Looping 700 Data 137.27057695389 Detik 
Total Duration 137.27068805695 Detik 
------------------------- 
Tanggal: 06-11-2021 19:05:02 
Duration Download Forstok 18.840368032455 Detik
Duration Looping 700 Data 129.505245924 Detik 
Total Duration 129.50535583496 Detik 
------------------------- 
Tanggal: 06-11-2021 19:10:01 
Duration Download Forstok 15.501153945923 Detik
Duration Looping 700 Data 129.85696005821 Detik 
Total Duration 129.85706806183 Detik 
------------------------- 
Tanggal: 06-11-2021 19:15:01 
Duration Download Forstok 20.743037939072 Detik
Duration Looping 700 Data 140.8536438942 Detik 
Total Duration 140.85376691818 Detik 
------------------------- 
Tanggal: 06-11-2021 19:20:01 
Duration Download Forstok 13.129734039307 Detik
Duration Looping 700 Data 129.7745051384 Detik 
Total Duration 129.77462005615 Detik 
------------------------- 
Tanggal: 06-11-2021 19:25:01 
Duration Download Forstok 15.510993003845 Detik
Duration Looping 700 Data 127.38804507256 Detik 
Total Duration 127.38815188408 Detik 
------------------------- 
Tanggal: 06-11-2021 19:30:01 
Duration Download Forstok 14.298763990402 Detik
Duration Looping 700 Data 133.41025185585 Detik 
Total Duration 133.41036105156 Detik 
------------------------- 
Tanggal: 06-11-2021 19:35:01 
Duration Download Forstok 17.939850091934 Detik
Duration Looping 700 Data 135.59518694878 Detik 
Total Duration 135.59530591965 Detik 
------------------------- 
Tanggal: 06-11-2021 19:40:01 
Duration Download Forstok 22.921964883804 Detik
Duration Looping 700 Data 141.4482729435 Detik 
Total Duration 141.44839096069 Detik 
------------------------- 
Tanggal: 06-11-2021 19:45:01 
Duration Download Forstok 16.901485919952 Detik
Duration Looping 700 Data 132.02721810341 Detik 
Total Duration 132.02732801437 Detik 
------------------------- 
Tanggal: 06-11-2021 19:50:01 
Duration Download Forstok 10.210277080536 Detik
Duration Looping 700 Data 127.67587518692 Detik 
Total Duration 127.67598414421 Detik 
------------------------- 
Tanggal: 06-11-2021 19:55:01 
Duration Download Forstok 12.343679904938 Detik
Duration Looping 700 Data 126.11841893196 Detik 
Total Duration 126.11853384972 Detik 
------------------------- 
Tanggal: 06-11-2021 20:00:01 
Duration Download Forstok 15.388589143753 Detik
Duration Looping 700 Data 137.36544108391 Detik 
Total Duration 137.36555790901 Detik 
------------------------- 
Tanggal: 06-11-2021 20:05:01 
Duration Download Forstok 16.029731988907 Detik
Duration Looping 700 Data 130.96237111092 Detik 
Total Duration 130.96248006821 Detik 
------------------------- 
Tanggal: 06-11-2021 20:10:01 
Duration Download Forstok 17.786335945129 Detik
Duration Looping 700 Data 130.67147493362 Detik 
Total Duration 130.67158102989 Detik 
------------------------- 
Tanggal: 06-11-2021 20:15:01 
Duration Download Forstok 28.197073936462 Detik
Duration Looping 700 Data 154.79560184479 Detik 
Total Duration 154.79571700096 Detik 
------------------------- 
Tanggal: 06-11-2021 20:20:01 
Duration Download Forstok 16.888876914978 Detik
Duration Looping 700 Data 136.95594906807 Detik 
Total Duration 136.95603108406 Detik 
------------------------- 
Tanggal: 06-11-2021 20:25:01 
Duration Download Forstok 14.048707008362 Detik
Duration Looping 700 Data 126.8256020546 Detik 
Total Duration 126.82574415207 Detik 
------------------------- 
Tanggal: 06-11-2021 20:30:01 
Duration Download Forstok 17.473250865936 Detik
Duration Looping 700 Data 131.30528903008 Detik 
Total Duration 131.30540084839 Detik 
------------------------- 
Tanggal: 06-11-2021 20:35:01 
Duration Download Forstok 13.99493098259 Detik
Duration Looping 700 Data 131.48141813278 Detik 
Total Duration 131.48153495789 Detik 
------------------------- 
Tanggal: 06-11-2021 20:40:01 
Duration Download Forstok 20.954566955566 Detik
Duration Looping 700 Data 139.58160877228 Detik 
Total Duration 139.58171677589 Detik 
------------------------- 
Tanggal: 06-11-2021 20:45:01 
Duration Download Forstok 17.51305103302 Detik
Duration Looping 700 Data 135.14136195183 Detik 
Total Duration 135.14147400856 Detik 
------------------------- 
Tanggal: 06-11-2021 20:50:01 
Duration Download Forstok 13.718461036682 Detik
Duration Looping 700 Data 130.45611786842 Detik 
Total Duration 130.4562330246 Detik 
------------------------- 
Tanggal: 06-11-2021 20:55:01 
Duration Download Forstok 13.745676040649 Detik
Duration Looping 700 Data 134.11559009552 Detik 
Total Duration 134.11570501328 Detik 
------------------------- 
Tanggal: 06-11-2021 21:00:01 
Duration Download Forstok 17.174654006958 Detik
Duration Looping 700 Data 133.63854813576 Detik 
Total Duration 133.63866710663 Detik 
------------------------- 
Tanggal: 06-11-2021 21:05:01 
Duration Download Forstok 20.6895840168 Detik
Duration Looping 700 Data 133.66510915756 Detik 
Total Duration 133.66521811485 Detik 
------------------------- 
Tanggal: 06-11-2021 21:10:01 
Duration Download Forstok 21.192867040634 Detik
Duration Looping 700 Data 140.73111796379 Detik 
Total Duration 140.73124909401 Detik 
------------------------- 
Tanggal: 06-11-2021 21:15:01 
Duration Download Forstok 20.145380020142 Detik
Duration Looping 700 Data 139.40604496002 Detik 
Total Duration 139.40616393089 Detik 
------------------------- 
Tanggal: 06-11-2021 21:20:01 
Duration Download Forstok 10.642295122147 Detik
Duration Looping 700 Data 129.19277906418 Detik 
Total Duration 129.19289016724 Detik 
------------------------- 
Tanggal: 06-11-2021 21:25:01 
Duration Download Forstok 16.625485897064 Detik
Duration Looping 700 Data 138.39654994011 Detik 
Total Duration 138.39666104317 Detik 
------------------------- 
Tanggal: 06-11-2021 21:30:01 
Duration Download Forstok 11.383036851883 Detik
Duration Looping 700 Data 135.94448685646 Detik 
Total Duration 135.94461393356 Detik 
------------------------- 
Tanggal: 06-11-2021 21:35:01 
Duration Download Forstok 14.645576953888 Detik
Duration Looping 700 Data 131.28276896477 Detik 
Total Duration 131.28288292885 Detik 
------------------------- 
Tanggal: 06-11-2021 21:40:01 
Duration Download Forstok 15.029836893082 Detik
Duration Looping 700 Data 133.41369509697 Detik 
Total Duration 133.4138379097 Detik 
------------------------- 
Tanggal: 06-11-2021 21:45:01 
Duration Download Forstok 12.305381774902 Detik
Duration Looping 700 Data 125.35558891296 Detik 
Total Duration 125.35570383072 Detik 
------------------------- 
Tanggal: 06-11-2021 21:50:01 
Duration Download Forstok 12.741172075272 Detik
Duration Looping 700 Data 128.71327400208 Detik 
Total Duration 128.71341204643 Detik 
------------------------- 
Tanggal: 06-11-2021 21:55:01 
Duration Download Forstok 15.43541097641 Detik
Duration Looping 700 Data 134.78947114944 Detik 
Total Duration 134.78958702087 Detik 
------------------------- 
Tanggal: 06-11-2021 22:00:01 
Duration Download Forstok 14.475107908249 Detik
Duration Looping 700 Data 132.20106887817 Detik 
Total Duration 132.20118308067 Detik 
------------------------- 
Tanggal: 06-11-2021 22:05:01 
Duration Download Forstok 16.083635091782 Detik
Duration Looping 700 Data 128.18161606789 Detik 
Total Duration 128.1817240715 Detik 
------------------------- 
Tanggal: 06-11-2021 22:10:01 
Duration Download Forstok 16.359714031219 Detik
Duration Looping 700 Data 127.91720890999 Detik 
Total Duration 127.91731500626 Detik 
------------------------- 
Tanggal: 06-11-2021 22:15:01 
Duration Download Forstok 16.84340596199 Detik
Duration Looping 700 Data 144.58288598061 Detik 
Total Duration 144.58301091194 Detik 
------------------------- 
Tanggal: 06-11-2021 22:20:01 
Duration Download Forstok 12.75406908989 Detik
Duration Looping 700 Data 133.38926410675 Detik 
Total Duration 133.38937497139 Detik 
------------------------- 
Tanggal: 06-11-2021 22:25:01 
Duration Download Forstok 17.387760162354 Detik
Duration Looping 700 Data 130.61882901192 Detik 
Total Duration 130.61894106865 Detik 
------------------------- 
Tanggal: 06-11-2021 22:30:01 
Duration Download Forstok 13.192977905273 Detik
Duration Looping 700 Data 129.63761901855 Detik 
Total Duration 129.63773083687 Detik 
------------------------- 
Tanggal: 06-11-2021 22:35:01 
Duration Download Forstok 19.145825147629 Detik
Duration Looping 700 Data 141.78774499893 Detik 
Total Duration 141.78785896301 Detik 
------------------------- 
Tanggal: 06-11-2021 22:40:01 
Duration Download Forstok 17.26766204834 Detik
Duration Looping 700 Data 132.07716012001 Detik 
Total Duration 132.07726716995 Detik 
------------------------- 
Tanggal: 06-11-2021 22:45:01 
Duration Download Forstok 12.593554973602 Detik
Duration Looping 700 Data 129.7704269886 Detik 
Total Duration 129.77054190636 Detik 
------------------------- 
Tanggal: 06-11-2021 22:50:01 
Duration Download Forstok 14.375215053558 Detik
Duration Looping 700 Data 130.63273000717 Detik 
Total Duration 130.63280701637 Detik 
------------------------- 
Tanggal: 06-11-2021 22:55:01 
Duration Download Forstok 15.890305995941 Detik
Duration Looping 700 Data 143.0680911541 Detik 
Total Duration 143.06820416451 Detik 
------------------------- 
Tanggal: 06-11-2021 23:00:01 
Duration Download Forstok 11.417051792145 Detik
Duration Looping 700 Data 135.86770892143 Detik 
Total Duration 135.86781191826 Detik 
------------------------- 
Tanggal: 06-11-2021 23:05:01 
Duration Download Forstok 18.072252988815 Detik
Duration Looping 700 Data 129.43154597282 Detik 
Total Duration 129.43165397644 Detik 
------------------------- 
Tanggal: 06-11-2021 23:10:01 
Duration Download Forstok 19.315193891525 Detik
Duration Looping 700 Data 137.58332586288 Detik 
Total Duration 137.58343791962 Detik 
------------------------- 
Tanggal: 06-11-2021 23:15:01 
Duration Download Forstok 21.057436943054 Detik
Duration Looping 700 Data 138.22331094742 Detik 
Total Duration 138.22342300415 Detik 
------------------------- 
Tanggal: 06-11-2021 23:20:01 
Duration Download Forstok 12.357705116272 Detik
Duration Looping 700 Data 128.40047001839 Detik 
Total Duration 128.40057897568 Detik 
------------------------- 
Tanggal: 06-11-2021 23:25:01 
Duration Download Forstok 18.513234138489 Detik
Duration Looping 700 Data 139.19988799095 Detik 
Total Duration 139.20000696182 Detik 
------------------------- 
Tanggal: 06-11-2021 23:30:01 
Duration Download Forstok 14.378254890442 Detik
Duration Looping 700 Data 133.64321208 Detik 
Total Duration 133.64332103729 Detik 
------------------------- 
Tanggal: 06-11-2021 23:35:01 
Duration Download Forstok 19.84704709053 Detik
Duration Looping 700 Data 136.8946890831 Detik 
Total Duration 136.89480614662 Detik 
------------------------- 
Tanggal: 06-11-2021 23:40:01 
Duration Download Forstok 18.565476179123 Detik
Duration Looping 700 Data 137.33654808998 Detik 
Total Duration 137.33665299416 Detik 
------------------------- 
Tanggal: 06-11-2021 23:45:01 
Duration Download Forstok 15.780714988708 Detik
Duration Looping 700 Data 132.78068590164 Detik 
Total Duration 132.78079509735 Detik 
------------------------- 
Tanggal: 06-11-2021 23:50:01 
Duration Download Forstok 14.628739833832 Detik
Duration Looping 700 Data 132.60995697975 Detik 
Total Duration 132.61007189751 Detik 
------------------------- 
Tanggal: 06-11-2021 23:55:01 
Duration Download Forstok 15.861974000931 Detik
Duration Looping 700 Data 132.5635612011 Detik 
Total Duration 132.56365323067 Detik 
------------------------- 
