Tanggal: 07-03-2022 00:00:01 
Duration Download Forstok 13.951912879944 Detik
Duration Looping 700 Data 555.53140997887 Detik 
Total Duration 555.5324780941 Detik 
------------------------- 
Tanggal: 07-03-2022 00:10:01 
Duration Download Forstok 16.546826124191 Detik
Duration Looping 700 Data 163.79447507858 Detik 
Total Duration 163.79459309578 Detik 
------------------------- 
Tanggal: 07-03-2022 00:15:01 
Duration Download Forstok 15.070808887482 Detik
Duration Looping 700 Data 197.53485393524 Detik 
Total Duration 197.53552484512 Detik 
------------------------- 
Tanggal: 07-03-2022 00:20:01 
Duration Download Forstok 12.477154016495 Detik
Duration Looping 700 Data 167.83635210991 Detik 
Total Duration 167.83648300171 Detik 
------------------------- 
Tanggal: 07-03-2022 00:25:01 
Duration Download Forstok 13.634742021561 Detik
Duration Looping 700 Data 164.18619608879 Detik 
Total Duration 164.18632006645 Detik 
------------------------- 
Tanggal: 07-03-2022 00:30:01 
Duration Download Forstok 14.990613937378 Detik
Duration Looping 700 Data 164.81137299538 Detik 
Total Duration 164.81149196625 Detik 
------------------------- 
Tanggal: 07-03-2022 00:35:01 
Duration Download Forstok 12.21137213707 Detik
Duration Looping 700 Data 179.88769316673 Detik 
Total Duration 179.8878121376 Detik 
------------------------- 
Tanggal: 07-03-2022 00:40:01 
Duration Download Forstok 13.031955003738 Detik
Duration Looping 700 Data 170.21314692497 Detik 
Total Duration 170.2132589817 Detik 
------------------------- 
Tanggal: 07-03-2022 00:45:01 
Duration Download Forstok 15.384627103806 Detik
Duration Looping 700 Data 164.37987518311 Detik 
Total Duration 164.37996506691 Detik 
------------------------- 
Tanggal: 07-03-2022 00:50:01 
Duration Download Forstok 13.191149950027 Detik
Duration Looping 700 Data 163.6682510376 Detik 
Total Duration 163.668364048 Detik 
------------------------- 
Tanggal: 07-03-2022 00:55:01 
Duration Download Forstok 15.304432153702 Detik
Duration Looping 700 Data 180.13846898079 Detik 
Total Duration 180.1385819912 Detik 
------------------------- 
Tanggal: 07-03-2022 01:00:01 
Duration Download Forstok 15.378613948822 Detik
Duration Looping 700 Data 188.35546517372 Detik 
Total Duration 188.36040115356 Detik 
------------------------- 
Tanggal: 07-03-2022 01:05:01 
Duration Download Forstok 16.47269821167 Detik
Duration Looping 700 Data 164.43992900848 Detik 
Total Duration 164.44004917145 Detik 
------------------------- 
Tanggal: 07-03-2022 01:10:01 
Duration Download Forstok 15.432105064392 Detik
Duration Looping 700 Data 163.2235519886 Detik 
Total Duration 163.22366595268 Detik 
------------------------- 
Tanggal: 07-03-2022 01:15:01 
Duration Download Forstok 14.365899085999 Detik
Duration Looping 700 Data 167.50825405121 Detik 
Total Duration 167.50836515427 Detik 
------------------------- 
Tanggal: 07-03-2022 01:20:01 
Duration Download Forstok 16.733024835587 Detik
Duration Looping 700 Data 177.77488994598 Detik 
Total Duration 177.7750518322 Detik 
------------------------- 
Tanggal: 07-03-2022 01:25:01 
Duration Download Forstok 12.245436906815 Detik
Duration Looping 700 Data 162.02451992035 Detik 
Total Duration 162.02463078499 Detik 
------------------------- 
Tanggal: 07-03-2022 01:30:01 
Duration Download Forstok 12.752116918564 Detik
Duration Looping 700 Data 159.38621902466 Detik 
Total Duration 159.38633298874 Detik 
------------------------- 
Tanggal: 07-03-2022 01:35:01 
Duration Download Forstok 12.826252937317 Detik
Duration Looping 700 Data 167.10240387917 Detik 
Total Duration 167.10252285004 Detik 
------------------------- 
Tanggal: 07-03-2022 01:40:01 
Duration Download Forstok 14.71678686142 Detik
Duration Looping 700 Data 162.58690786362 Detik 
Total Duration 162.58702087402 Detik 
------------------------- 
Tanggal: 07-03-2022 01:45:01 
Duration Download Forstok 16.824877977371 Detik
Duration Looping 700 Data 177.23674893379 Detik 
Total Duration 177.2368619442 Detik 
------------------------- 
Tanggal: 07-03-2022 01:50:01 
Duration Download Forstok 18.132448911667 Detik
Duration Looping 700 Data 165.49266886711 Detik 
Total Duration 165.49278283119 Detik 
------------------------- 
Tanggal: 07-03-2022 01:55:01 
Duration Download Forstok 16.572499036789 Detik
Duration Looping 700 Data 163.76337599754 Detik 
Total Duration 163.7634909153 Detik 
------------------------- 
Tanggal: 07-03-2022 02:00:01 
Duration Download Forstok 12.020796060562 Detik
Duration Looping 700 Data 159.46637010574 Detik 
Total Duration 159.46649312973 Detik 
------------------------- 
Tanggal: 07-03-2022 02:05:01 
Duration Download Forstok 22.009073019028 Detik
Duration Looping 700 Data 174.01435685158 Detik 
Total Duration 174.01447582245 Detik 
------------------------- 
Tanggal: 07-03-2022 02:10:01 
Duration Download Forstok 12.03906583786 Detik
Duration Looping 700 Data 170.60500693321 Detik 
Total Duration 170.60511803627 Detik 
------------------------- 
Tanggal: 07-03-2022 02:15:01 
Duration Download Forstok 14.182633161545 Detik
Duration Looping 700 Data 162.15582418442 Detik 
Total Duration 162.15593409538 Detik 
------------------------- 
Tanggal: 07-03-2022 02:20:01 
Duration Download Forstok 14.818120002747 Detik
Duration Looping 700 Data 165.84980607033 Detik 
Total Duration 165.84992003441 Detik 
------------------------- 
Tanggal: 07-03-2022 02:25:01 
Duration Download Forstok 12.934925794601 Detik
Duration Looping 700 Data 165.56880688667 Detik 
Total Duration 165.56891584396 Detik 
------------------------- 
Tanggal: 07-03-2022 02:30:01 
Duration Download Forstok 15.498006820679 Detik
Duration Looping 700 Data 176.06029391289 Detik 
Total Duration 176.06039786339 Detik 
------------------------- 
Tanggal: 07-03-2022 02:35:01 
Duration Download Forstok 16.728091955185 Detik
Duration Looping 700 Data 164.41240692139 Detik 
Total Duration 164.41251683235 Detik 
------------------------- 
Tanggal: 07-03-2022 02:40:01 
Duration Download Forstok 12.32479095459 Detik
Duration Looping 700 Data 173.16609811783 Detik 
Total Duration 173.16622209549 Detik 
------------------------- 
Tanggal: 07-03-2022 02:45:01 
Duration Download Forstok 12.525825977325 Detik
Duration Looping 700 Data 163.16786503792 Detik 
Total Duration 163.167979002 Detik 
------------------------- 
Tanggal: 07-03-2022 02:50:01 
Duration Download Forstok 20.022112131119 Detik
Duration Looping 700 Data 173.78040099144 Detik 
Total Duration 173.78051304817 Detik 
------------------------- 
Tanggal: 07-03-2022 02:55:01 
Duration Download Forstok 14.615629911423 Detik
Duration Looping 700 Data 165.20263385773 Detik 
Total Duration 165.20276880264 Detik 
------------------------- 
Tanggal: 07-03-2022 03:00:01 
Duration Download Forstok 14.795530080795 Detik
Duration Looping 700 Data 165.35949015617 Detik 
Total Duration 165.3595969677 Detik 
------------------------- 
Tanggal: 07-03-2022 03:05:01 
Duration Download Forstok 21.623741865158 Detik
Duration Looping 700 Data 178.38870286942 Detik 
Total Duration 178.38881802559 Detik 
------------------------- 
Tanggal: 07-03-2022 03:10:01 
Duration Download Forstok 14.347175121307 Detik
Duration Looping 700 Data 160.97460794449 Detik 
Total Duration 160.97471404076 Detik 
------------------------- 
Tanggal: 07-03-2022 03:15:01 
Duration Download Forstok 14.88459610939 Detik
Duration Looping 700 Data 160.69385695457 Detik 
Total Duration 160.69396209717 Detik 
------------------------- 
Tanggal: 07-03-2022 03:20:01 
Duration Download Forstok 14.311815977097 Detik
Duration Looping 700 Data 167.59573698044 Detik 
Total Duration 167.59585595131 Detik 
------------------------- 
Tanggal: 07-03-2022 03:25:01 
Duration Download Forstok 16.867649078369 Detik
Duration Looping 700 Data 173.10783100128 Detik 
Total Duration 173.10794305801 Detik 
------------------------- 
Tanggal: 07-03-2022 03:30:01 
Duration Download Forstok 11.132391929626 Detik
Duration Looping 700 Data 161.20267009735 Detik 
Total Duration 161.20278716087 Detik 
------------------------- 
Tanggal: 07-03-2022 03:35:01 
Duration Download Forstok 17.379486083984 Detik
Duration Looping 700 Data 165.30550789833 Detik 
Total Duration 165.30561995506 Detik 
------------------------- 
Tanggal: 07-03-2022 03:40:01 
Duration Download Forstok 13.541388034821 Detik
Duration Looping 700 Data 158.69713807106 Detik 
Total Duration 158.69725608826 Detik 
------------------------- 
Tanggal: 07-03-2022 03:45:01 
Duration Download Forstok 18.544316053391 Detik
Duration Looping 700 Data 167.61652708054 Detik 
Total Duration 167.61665797234 Detik 
------------------------- 
Tanggal: 07-03-2022 03:50:01 
Duration Download Forstok 16.631151914597 Detik
Duration Looping 700 Data 161.8894598484 Detik 
Total Duration 161.8895740509 Detik 
------------------------- 
Tanggal: 07-03-2022 03:55:01 
Duration Download Forstok 13.98278093338 Detik
Duration Looping 700 Data 164.73669409752 Detik 
Total Duration 164.73680615425 Detik 
------------------------- 
Tanggal: 07-03-2022 04:00:01 
Duration Download Forstok 13.841221094131 Detik
Duration Looping 700 Data 160.62864899635 Detik 
Total Duration 160.62875699997 Detik 
------------------------- 
Tanggal: 07-03-2022 04:05:01 
Duration Download Forstok 19.001163959503 Detik
Duration Looping 700 Data 168.44674086571 Detik 
Total Duration 168.44683885574 Detik 
------------------------- 
Tanggal: 07-03-2022 04:10:01 
Duration Download Forstok 15.18186712265 Detik
Duration Looping 700 Data 162.20215702057 Detik 
Total Duration 162.20227003098 Detik 
------------------------- 
Tanggal: 07-03-2022 04:15:01 
Duration Download Forstok 14.207847118378 Detik
Duration Looping 700 Data 165.89410495758 Detik 
Total Duration 165.89423108101 Detik 
------------------------- 
Tanggal: 07-03-2022 04:20:01 
Duration Download Forstok 13.044008970261 Detik
Duration Looping 700 Data 167.2532749176 Detik 
Total Duration 167.25339102745 Detik 
------------------------- 
Tanggal: 07-03-2022 04:25:01 
Duration Download Forstok 13.112370967865 Detik
Duration Looping 700 Data 159.4614109993 Detik 
Total Duration 159.46152210236 Detik 
------------------------- 
Tanggal: 07-03-2022 04:30:01 
Duration Download Forstok 12.715614795685 Detik
Duration Looping 700 Data 173.56412601471 Detik 
Total Duration 173.56423687935 Detik 
------------------------- 
Tanggal: 07-03-2022 04:35:02 
Duration Download Forstok 13.729873895645 Detik
Duration Looping 700 Data 161.72634100914 Detik 
Total Duration 161.72645998001 Detik 
------------------------- 
Tanggal: 07-03-2022 04:40:01 
Duration Download Forstok 20.148864984512 Detik
Duration Looping 700 Data 168.61466193199 Detik 
Total Duration 168.61477994919 Detik 
------------------------- 
Tanggal: 07-03-2022 04:45:01 
Duration Download Forstok 16.221116065979 Detik
Duration Looping 700 Data 174.09803915024 Detik 
Total Duration 174.09815716743 Detik 
------------------------- 
Tanggal: 07-03-2022 04:50:01 
Duration Download Forstok 15.307734012604 Detik
Duration Looping 700 Data 161.33415794373 Detik 
Total Duration 161.33426809311 Detik 
------------------------- 
Tanggal: 07-03-2022 04:55:01 
Duration Download Forstok 14.403162956238 Detik
Duration Looping 700 Data 174.23360204697 Detik 
Total Duration 174.23372387886 Detik 
------------------------- 
Tanggal: 07-03-2022 05:00:01 
Duration Download Forstok 12.661460876465 Detik
Duration Looping 700 Data 171.57926297188 Detik 
Total Duration 171.57939696312 Detik 
------------------------- 
Tanggal: 07-03-2022 05:05:02 
Duration Download Forstok 18.058074951172 Detik
Duration Looping 700 Data 170.18783211708 Detik 
Total Duration 170.18795514107 Detik 
------------------------- 
Tanggal: 07-03-2022 05:10:01 
Duration Download Forstok 13.311336994171 Detik
Duration Looping 700 Data 163.34026288986 Detik 
Total Duration 163.34039497375 Detik 
------------------------- 
Tanggal: 07-03-2022 05:15:01 
Duration Download Forstok 17.116042137146 Detik
Duration Looping 700 Data 167.73575401306 Detik 
Total Duration 167.7358751297 Detik 
------------------------- 
Tanggal: 07-03-2022 05:20:01 
Duration Download Forstok 23.01509809494 Detik
Duration Looping 700 Data 173.32645606995 Detik 
Total Duration 173.32656407356 Detik 
------------------------- 
Tanggal: 07-03-2022 05:25:01 
Duration Download Forstok 13.668763875961 Detik
Duration Looping 700 Data 169.21211791039 Detik 
Total Duration 169.21224498749 Detik 
------------------------- 
Tanggal: 07-03-2022 05:30:01 
Duration Download Forstok 13.281192064285 Detik
Duration Looping 700 Data 160.24473786354 Detik 
Total Duration 160.24484705925 Detik 
------------------------- 
Tanggal: 07-03-2022 05:35:01 
Duration Download Forstok 12.582346916199 Detik
Duration Looping 700 Data 171.15541386604 Detik 
Total Duration 171.15553188324 Detik 
------------------------- 
Tanggal: 07-03-2022 05:40:01 
Duration Download Forstok 12.964447975159 Detik
Duration Looping 700 Data 164.04157280922 Detik 
Total Duration 164.04168200493 Detik 
------------------------- 
Tanggal: 07-03-2022 05:45:01 
Duration Download Forstok 15.41398692131 Detik
Duration Looping 700 Data 177.06425905228 Detik 
Total Duration 177.06437301636 Detik 
------------------------- 
Tanggal: 07-03-2022 05:50:01 
Duration Download Forstok 12.789608955383 Detik
Duration Looping 700 Data 165.70042705536 Detik 
Total Duration 165.70053601265 Detik 
------------------------- 
Tanggal: 07-03-2022 05:55:01 
Duration Download Forstok 13.597656965256 Detik
Duration Looping 700 Data 158.83199191093 Detik 
Total Duration 158.83210206032 Detik 
------------------------- 
Tanggal: 07-03-2022 06:00:01 
Duration Download Forstok 13.73024392128 Detik
Duration Looping 700 Data 167.61418795586 Detik 
Total Duration 167.61430883408 Detik 
------------------------- 
Tanggal: 07-03-2022 06:05:01 
Duration Download Forstok 15.013160943985 Detik
Duration Looping 700 Data 159.42265701294 Detik 
Total Duration 159.42276787758 Detik 
------------------------- 
Tanggal: 07-03-2022 06:10:01 
Duration Download Forstok 13.509113073349 Detik
Duration Looping 700 Data 160.8268430233 Detik 
Total Duration 160.82696390152 Detik 
------------------------- 
Tanggal: 07-03-2022 06:15:01 
Duration Download Forstok 17.80318903923 Detik
Duration Looping 700 Data 167.81460404396 Detik 
Total Duration 167.81471800804 Detik 
------------------------- 
Tanggal: 07-03-2022 06:20:01 
Duration Download Forstok 16.816674947739 Detik
Duration Looping 700 Data 168.6751909256 Detik 
Total Duration 168.67530989647 Detik 
------------------------- 
Tanggal: 07-03-2022 06:25:02 
Duration Download Forstok 12.52902507782 Detik
Duration Looping 700 Data 164.20837402344 Detik 
Total Duration 164.20848894119 Detik 
------------------------- 
Tanggal: 07-03-2022 06:30:01 
Duration Download Forstok 14.231863021851 Detik
Duration Looping 700 Data 164.87464785576 Detik 
Total Duration 164.87475991249 Detik 
------------------------- 
Tanggal: 07-03-2022 06:35:01 
Duration Download Forstok 17.168992996216 Detik
Duration Looping 700 Data 173.92243504524 Detik 
Total Duration 173.922549963 Detik 
------------------------- 
Tanggal: 07-03-2022 06:40:01 
Duration Download Forstok 12.894693851471 Detik
Duration Looping 700 Data 161.41488003731 Detik 
Total Duration 161.4149889946 Detik 
------------------------- 
Tanggal: 07-03-2022 06:45:01 
Duration Download Forstok 15.1640188694 Detik
Duration Looping 700 Data 161.64957880974 Detik 
Total Duration 161.64968895912 Detik 
------------------------- 
Tanggal: 07-03-2022 06:50:01 
Duration Download Forstok 16.475069999695 Detik
Duration Looping 700 Data 163.95573687553 Detik 
Total Duration 163.95586299896 Detik 
------------------------- 
Tanggal: 07-03-2022 06:55:01 
Duration Download Forstok 12.114502191544 Detik
Duration Looping 700 Data 157.27929711342 Detik 
Total Duration 157.27941918373 Detik 
------------------------- 
Tanggal: 07-03-2022 07:00:01 
Duration Download Forstok 15.285938978195 Detik
Duration Looping 700 Data 160.96622776985 Detik 
Total Duration 160.96633791924 Detik 
------------------------- 
Tanggal: 07-03-2022 07:05:01 
Duration Download Forstok 15.021198987961 Detik
Duration Looping 700 Data 159.26706194878 Detik 
Total Duration 159.26718306541 Detik 
------------------------- 
Tanggal: 07-03-2022 07:10:01 
Duration Download Forstok 13.905511856079 Detik
Duration Looping 700 Data 164.643419981 Detik 
Total Duration 164.64355397224 Detik 
------------------------- 
Tanggal: 07-03-2022 07:15:01 
Duration Download Forstok 16.890849113464 Detik
Duration Looping 700 Data 165.1126999855 Detik 
Total Duration 165.11283111572 Detik 
------------------------- 
Tanggal: 07-03-2022 07:20:01 
Duration Download Forstok 15.498799085617 Detik
Duration Looping 700 Data 160.67705917358 Detik 
Total Duration 160.67718100548 Detik 
------------------------- 
Tanggal: 07-03-2022 07:25:02 
Duration Download Forstok 10.889349937439 Detik
Duration Looping 700 Data 159.92691898346 Detik 
Total Duration 159.9270401001 Detik 
------------------------- 
Tanggal: 07-03-2022 07:30:01 
Duration Download Forstok 14.069720029831 Detik
Duration Looping 700 Data 161.40285897255 Detik 
Total Duration 161.40297293663 Detik 
------------------------- 
Tanggal: 07-03-2022 07:35:01 
Duration Download Forstok 14.969449043274 Detik
Duration Looping 700 Data 175.28861904144 Detik 
Total Duration 175.28873515129 Detik 
------------------------- 
Tanggal: 07-03-2022 07:40:01 
Duration Download Forstok 11.105072021484 Detik
Duration Looping 700 Data 157.34740018845 Detik 
Total Duration 157.34751820564 Detik 
------------------------- 
Tanggal: 07-03-2022 07:45:01 
Duration Download Forstok 13.069565057755 Detik
Duration Looping 700 Data 159.40806007385 Detik 
Total Duration 159.4081799984 Detik 
------------------------- 
Tanggal: 07-03-2022 07:50:01 
Duration Download Forstok 13.592029094696 Detik
Duration Looping 700 Data 159.44920110703 Detik 
Total Duration 159.44931912422 Detik 
------------------------- 
Tanggal: 07-03-2022 07:55:01 
Duration Download Forstok 12.889679908752 Detik
Duration Looping 700 Data 168.24508500099 Detik 
Total Duration 168.2451980114 Detik 
------------------------- 
Tanggal: 07-03-2022 08:00:01 
Duration Download Forstok 16.599684000015 Detik
Duration Looping 700 Data 167.61114001274 Detik 
Total Duration 167.61126708984 Detik 
------------------------- 
Tanggal: 07-03-2022 08:05:01 
Duration Download Forstok 18.089851140976 Detik
Duration Looping 700 Data 164.15035414696 Detik 
Total Duration 164.15047311783 Detik 
------------------------- 
Tanggal: 07-03-2022 08:10:01 
Duration Download Forstok 18.310754060745 Detik
Duration Looping 700 Data 165.01198410988 Detik 
Total Duration 165.0121049881 Detik 
------------------------- 
Tanggal: 07-03-2022 08:15:01 
Duration Download Forstok 16.316554069519 Detik
Duration Looping 700 Data 166.68929886818 Detik 
Total Duration 166.68940997124 Detik 
------------------------- 
Tanggal: 07-03-2022 08:20:01 
Duration Download Forstok 14.113093852997 Detik
Duration Looping 700 Data 165.5685338974 Detik 
Total Duration 165.56865286827 Detik 
------------------------- 
Tanggal: 07-03-2022 08:25:01 
Duration Download Forstok 20.756829977036 Detik
Duration Looping 700 Data 176.02703094482 Detik 
Total Duration 176.02718114853 Detik 
------------------------- 
Tanggal: 07-03-2022 08:30:01 
Duration Download Forstok 22.420611143112 Detik
Duration Looping 700 Data 184.29011297226 Detik 
Total Duration 184.29022717476 Detik 
------------------------- 
Tanggal: 07-03-2022 08:35:01 
Duration Download Forstok 16.409536123276 Detik
Duration Looping 700 Data 177.80359911919 Detik 
Total Duration 177.80373501778 Detik 
------------------------- 
Tanggal: 07-03-2022 08:40:01 
Duration Download Forstok 14.285212039948 Detik
Duration Looping 700 Data 177.06030702591 Detik 
Total Duration 177.06042408943 Detik 
------------------------- 
Tanggal: 07-03-2022 08:45:01 
Duration Download Forstok 17.009928941727 Detik
Duration Looping 700 Data 186.43166685104 Detik 
Total Duration 186.43183493614 Detik 
------------------------- 
Tanggal: 07-03-2022 08:50:01 
Duration Download Forstok 15.689427137375 Detik
Duration Looping 700 Data 172.81966495514 Detik 
Total Duration 172.81977701187 Detik 
------------------------- 
Tanggal: 07-03-2022 08:55:02 
Duration Download Forstok 14.721868038177 Detik
Duration Looping 700 Data 173.10256195068 Detik 
Total Duration 173.10268497467 Detik 
------------------------- 
Tanggal: 07-03-2022 09:00:01 
Duration Download Forstok 16.509714841843 Detik
Duration Looping 700 Data 184.4594039917 Detik 
Total Duration 184.45954489708 Detik 
------------------------- 
Tanggal: 07-03-2022 09:05:01 
Duration Download Forstok 21.223526000977 Detik
Duration Looping 700 Data 181.39545798302 Detik 
Total Duration 181.39557814598 Detik 
------------------------- 
Tanggal: 07-03-2022 09:10:01 
Duration Download Forstok 16.859999895096 Detik
Duration Looping 700 Data 179.15706706047 Detik 
Total Duration 179.15718388557 Detik 
------------------------- 
Tanggal: 07-03-2022 09:15:01 
Duration Download Forstok 15.003216028214 Detik
Duration Looping 700 Data 176.06120014191 Detik 
Total Duration 176.06134009361 Detik 
------------------------- 
Tanggal: 07-03-2022 09:20:01 
Duration Download Forstok 14.832339048386 Detik
Duration Looping 700 Data 174.48329997063 Detik 
Total Duration 174.48341703415 Detik 
------------------------- 
Tanggal: 07-03-2022 09:25:01 
Duration Download Forstok 13.585077047348 Detik
Duration Looping 700 Data 170.48125910759 Detik 
Total Duration 170.48136305809 Detik 
------------------------- 
Tanggal: 07-03-2022 09:30:01 
Duration Download Forstok 17.915752887726 Detik
Duration Looping 700 Data 175.57090592384 Detik 
Total Duration 175.57098889351 Detik 
------------------------- 
Tanggal: 07-03-2022 09:35:01 
Duration Download Forstok 15.859441041946 Detik
Duration Looping 700 Data 173.08866405487 Detik 
Total Duration 173.08878898621 Detik 
------------------------- 
Tanggal: 07-03-2022 09:40:01 
Duration Download Forstok 14.45112991333 Detik
Duration Looping 700 Data 175.29428911209 Detik 
Total Duration 175.29440712929 Detik 
------------------------- 
Tanggal: 07-03-2022 09:45:01 
Duration Download Forstok 13.640434980392 Detik
Duration Looping 700 Data 175.21412014961 Detik 
Total Duration 175.21422505379 Detik 
------------------------- 
Tanggal: 07-03-2022 09:50:01 
Duration Download Forstok 16.050204992294 Detik
Duration Looping 700 Data 177.27436709404 Detik 
Total Duration 177.27449202538 Detik 
------------------------- 
Tanggal: 07-03-2022 09:55:01 
Duration Download Forstok 11.008991956711 Detik
Duration Looping 700 Data 166.50637793541 Detik 
Total Duration 166.50649189949 Detik 
------------------------- 
Tanggal: 07-03-2022 10:00:02 
Duration Download Forstok 15.457793951035 Detik
Duration Looping 700 Data 172.72285795212 Detik 
Total Duration 172.72297406197 Detik 
------------------------- 
Tanggal: 07-03-2022 10:05:01 
Duration Download Forstok 25.190156936646 Detik
Duration Looping 700 Data 187.08730101585 Detik 
Total Duration 187.08741903305 Detik 
------------------------- 
Tanggal: 07-03-2022 10:10:01 
Duration Download Forstok 13.741780996323 Detik
Duration Looping 700 Data 175.71796703339 Detik 
Total Duration 175.71808695793 Detik 
------------------------- 
Tanggal: 07-03-2022 10:15:01 
Duration Download Forstok 18.218960046768 Detik
Duration Looping 700 Data 177.37390613556 Detik 
Total Duration 177.37404298782 Detik 
------------------------- 
Tanggal: 07-03-2022 10:20:01 
Duration Download Forstok 19.869292020798 Detik
Duration Looping 700 Data 177.73720693588 Detik 
Total Duration 177.73731398582 Detik 
------------------------- 
Tanggal: 07-03-2022 10:25:01 
Duration Download Forstok 13.860408067703 Detik
Duration Looping 700 Data 171.84640002251 Detik 
Total Duration 171.84654188156 Detik 
------------------------- 
Tanggal: 07-03-2022 10:30:01 
Duration Download Forstok 18.61040186882 Detik
Duration Looping 700 Data 174.14671397209 Detik 
Total Duration 174.14683485031 Detik 
------------------------- 
Tanggal: 07-03-2022 10:35:01 
Duration Download Forstok 17.044188976288 Detik
Duration Looping 700 Data 175.84037899971 Detik 
Total Duration 175.84047889709 Detik 
------------------------- 
Tanggal: 07-03-2022 10:40:02 
Duration Download Forstok 21.378755092621 Detik
Duration Looping 700 Data 183.94066095352 Detik 
Total Duration 183.94078016281 Detik 
------------------------- 
Tanggal: 07-03-2022 10:45:01 
Duration Download Forstok 12.446826934814 Detik
Duration Looping 700 Data 177.40184283257 Detik 
Total Duration 177.4019639492 Detik 
------------------------- 
Tanggal: 07-03-2022 10:50:01 
Duration Download Forstok 15.964980840683 Detik
Duration Looping 700 Data 173.14541292191 Detik 
Total Duration 173.1455488205 Detik 
------------------------- 
Tanggal: 07-03-2022 10:55:01 
Duration Download Forstok 19.423486948013 Detik
Duration Looping 700 Data 178.74060583115 Detik 
Total Duration 178.74070501328 Detik 
------------------------- 
Tanggal: 07-03-2022 11:00:01 
Duration Download Forstok 14.088824987411 Detik
Duration Looping 700 Data 173.59645605087 Detik 
Total Duration 173.5965719223 Detik 
------------------------- 
Tanggal: 07-03-2022 11:05:01 
Duration Download Forstok 24.711072921753 Detik
Duration Looping 700 Data 181.031883955 Detik 
Total Duration 181.03200602531 Detik 
------------------------- 
Tanggal: 07-03-2022 11:10:01 
Duration Download Forstok 19.112298965454 Detik
Duration Looping 700 Data 177.20484113693 Detik 
Total Duration 177.20495605469 Detik 
------------------------- 
Tanggal: 07-03-2022 11:15:01 
Duration Download Forstok 23.042304992676 Detik
Duration Looping 700 Data 180.8271920681 Detik 
Total Duration 180.82731604576 Detik 
------------------------- 
Tanggal: 07-03-2022 11:20:01 
Duration Download Forstok 16.299063920975 Detik
Duration Looping 700 Data 171.54221892357 Detik 
Total Duration 171.5423438549 Detik 
------------------------- 
Tanggal: 07-03-2022 11:25:01 
Duration Download Forstok 14.738919019699 Detik
Duration Looping 700 Data 173.82993006706 Detik 
Total Duration 173.83003306389 Detik 
------------------------- 
Tanggal: 07-03-2022 11:30:01 
Duration Download Forstok 16.371952056885 Detik
Duration Looping 700 Data 180.61577796936 Detik 
Total Duration 180.61589097977 Detik 
------------------------- 
Tanggal: 07-03-2022 11:35:01 
Duration Download Forstok 19.64346408844 Detik
Duration Looping 700 Data 178.19285511971 Detik 
Total Duration 178.19295907021 Detik 
------------------------- 
Tanggal: 07-03-2022 11:40:01 
Duration Download Forstok 17.284553766251 Detik
Duration Looping 700 Data 179.4840528965 Detik 
Total Duration 179.48416686058 Detik 
------------------------- 
Tanggal: 07-03-2022 11:45:01 
Duration Download Forstok 15.481913089752 Detik
Duration Looping 700 Data 176.54259300232 Detik 
Total Duration 176.54271221161 Detik 
------------------------- 
Tanggal: 07-03-2022 11:50:01 
Duration Download Forstok 15.44634103775 Detik
Duration Looping 700 Data 173.13429093361 Detik 
Total Duration 173.13441300392 Detik 
------------------------- 
Tanggal: 07-03-2022 11:55:01 
Duration Download Forstok 14.954686164856 Detik
Duration Looping 700 Data 181.43935608864 Detik 
Total Duration 181.43947815895 Detik 
------------------------- 
Tanggal: 07-03-2022 12:00:01 
Duration Download Forstok 19.340107917786 Detik
Duration Looping 700 Data 175.9884660244 Detik 
Total Duration 175.98858904839 Detik 
------------------------- 
Tanggal: 07-03-2022 12:05:01 
Duration Download Forstok 23.586966991425 Detik
Duration Looping 700 Data 179.85624289513 Detik 
Total Duration 179.85635995865 Detik 
------------------------- 
Tanggal: 07-03-2022 12:10:01 
Duration Download Forstok 16.197245121002 Detik
Duration Looping 700 Data 180.14511299133 Detik 
Total Duration 180.14522910118 Detik 
------------------------- 
Tanggal: 07-03-2022 12:15:01 
Duration Download Forstok 16.771317958832 Detik
Duration Looping 700 Data 172.16064286232 Detik 
Total Duration 172.1607568264 Detik 
------------------------- 
Tanggal: 07-03-2022 12:20:01 
Duration Download Forstok 18.045117855072 Detik
Duration Looping 700 Data 176.60029888153 Detik 
Total Duration 176.60043787956 Detik 
------------------------- 
Tanggal: 07-03-2022 12:25:01 
Duration Download Forstok 13.351477861404 Detik
Duration Looping 700 Data 172.93997502327 Detik 
Total Duration 172.94010591507 Detik 
------------------------- 
Tanggal: 07-03-2022 12:30:01 
Duration Download Forstok 15.643202066422 Detik
Duration Looping 700 Data 179.80354189873 Detik 
Total Duration 179.80364394188 Detik 
------------------------- 
Tanggal: 07-03-2022 12:35:01 
Duration Download Forstok 15.659671068192 Detik
Duration Looping 700 Data 173.01958584785 Detik 
Total Duration 173.01970100403 Detik 
------------------------- 
Tanggal: 07-03-2022 12:40:01 
Duration Download Forstok 17.601341962814 Detik
Duration Looping 700 Data 178.2679901123 Detik 
Total Duration 178.26810693741 Detik 
------------------------- 
Tanggal: 07-03-2022 12:45:01 
Duration Download Forstok 16.97937297821 Detik
Duration Looping 700 Data 172.18555307388 Detik 
Total Duration 172.18566703796 Detik 
------------------------- 
Tanggal: 07-03-2022 12:50:01 
Duration Download Forstok 26.250657081604 Detik
Duration Looping 700 Data 193.28732991219 Detik 
Total Duration 193.28744101524 Detik 
------------------------- 
Tanggal: 07-03-2022 12:55:01 
Duration Download Forstok 18.704493999481 Detik
Duration Looping 700 Data 172.3832449913 Detik 
Total Duration 172.38334989548 Detik 
------------------------- 
Tanggal: 07-03-2022 13:00:01 
Duration Download Forstok 14.952418088913 Detik
Duration Looping 700 Data 184.26519799232 Detik 
Total Duration 184.26531291008 Detik 
------------------------- 
Tanggal: 07-03-2022 13:05:01 
Duration Download Forstok 21.897523880005 Detik
Duration Looping 700 Data 183.84068894386 Detik 
Total Duration 183.84080195427 Detik 
------------------------- 
Tanggal: 07-03-2022 13:10:01 
Duration Download Forstok 13.109363079071 Detik
Duration Looping 700 Data 173.04959011078 Detik 
Total Duration 173.0496981144 Detik 
------------------------- 
Tanggal: 07-03-2022 13:15:01 
Duration Download Forstok 22.270750045776 Detik
Duration Looping 700 Data 181.04835700989 Detik 
Total Duration 181.04843997955 Detik 
------------------------- 
Tanggal: 07-03-2022 13:20:01 
Duration Download Forstok 16.142656087875 Detik
Duration Looping 700 Data 178.61533689499 Detik 
Total Duration 178.61545205116 Detik 
------------------------- 
Tanggal: 07-03-2022 13:25:01 
Duration Download Forstok 13.239804029465 Detik
Duration Looping 700 Data 181.70353221893 Detik 
Total Duration 181.70363712311 Detik 
------------------------- 
Tanggal: 07-03-2022 13:30:01 
Duration Download Forstok 18.120893001556 Detik
Duration Looping 700 Data 182.86176800728 Detik 
Total Duration 182.86186313629 Detik 
------------------------- 
Tanggal: 07-03-2022 13:35:01 
Duration Download Forstok 37.819061994553 Detik
Duration Looping 700 Data 195.17367696762 Detik 
Total Duration 195.17376112938 Detik 
------------------------- 
Tanggal: 07-03-2022 13:40:01 
Duration Download Forstok 21.404585123062 Detik
Duration Looping 700 Data 179.95762610435 Detik 
Total Duration 179.95779204369 Detik 
------------------------- 
Tanggal: 07-03-2022 13:45:01 
Duration Download Forstok 20.567468881607 Detik
Duration Looping 700 Data 177.50900888443 Detik 
Total Duration 177.50912690163 Detik 
------------------------- 
Tanggal: 07-03-2022 13:50:01 
Duration Download Forstok 21.65873503685 Detik
Duration Looping 700 Data 188.41332101822 Detik 
Total Duration 188.41343212128 Detik 
------------------------- 
Tanggal: 07-03-2022 13:55:01 
Duration Download Forstok 20.525054216385 Detik
Duration Looping 700 Data 178.56450009346 Detik 
Total Duration 178.56459021568 Detik 
------------------------- 
Tanggal: 07-03-2022 14:00:02 
Duration Download Forstok 13.975703001022 Detik
Duration Looping 700 Data 172.13375782967 Detik 
Total Duration 172.13385987282 Detik 
------------------------- 
Tanggal: 07-03-2022 14:05:01 
Duration Download Forstok 23.139801979065 Detik
Duration Looping 700 Data 181.71636199951 Detik 
Total Duration 181.7164709568 Detik 
------------------------- 
Tanggal: 07-03-2022 14:10:01 
Duration Download Forstok 14.377732038498 Detik
Duration Looping 700 Data 176.57400989532 Detik 
Total Duration 176.57412409782 Detik 
------------------------- 
Tanggal: 07-03-2022 14:15:01 
Duration Download Forstok 23.572693109512 Detik
Duration Looping 700 Data 179.58236098289 Detik 
Total Duration 179.58247709274 Detik 
------------------------- 
Tanggal: 07-03-2022 14:20:01 
Duration Download Forstok 17.481208086014 Detik
Duration Looping 700 Data 184.92500495911 Detik 
Total Duration 184.92513012886 Detik 
------------------------- 
Tanggal: 07-03-2022 14:25:01 
Duration Download Forstok 26.555641889572 Detik
Duration Looping 700 Data 196.95535993576 Detik 
Total Duration 196.95546293259 Detik 
------------------------- 
Tanggal: 07-03-2022 14:30:01 
Duration Download Forstok 15.337550163269 Detik
Duration Looping 700 Data 178.04409718513 Detik 
Total Duration 178.04421901703 Detik 
------------------------- 
Tanggal: 07-03-2022 14:35:01 
Duration Download Forstok 21.910660028458 Detik
Duration Looping 700 Data 181.30793809891 Detik 
Total Duration 181.30804610252 Detik 
------------------------- 
Tanggal: 07-03-2022 14:40:01 
Duration Download Forstok 11.991898775101 Detik
Duration Looping 700 Data 175.4198179245 Detik 
Total Duration 175.41993880272 Detik 
------------------------- 
Tanggal: 07-03-2022 14:45:01 
Duration Download Forstok 15.362487077713 Detik
Duration Looping 700 Data 184.12603211403 Detik 
Total Duration 184.12614297867 Detik 
------------------------- 
Tanggal: 07-03-2022 14:50:01 
Duration Download Forstok 14.266328811646 Detik
Duration Looping 700 Data 172.83140087128 Detik 
Total Duration 172.83151292801 Detik 
------------------------- 
Tanggal: 07-03-2022 14:55:01 
Duration Download Forstok 13.233976840973 Detik
Duration Looping 700 Data 175.15285897255 Detik 
Total Duration 175.15298199654 Detik 
------------------------- 
Tanggal: 07-03-2022 15:00:01 
Duration Download Forstok 24.167870044708 Detik
Duration Looping 700 Data 193.89346694946 Detik 
Total Duration 193.89358305931 Detik 
------------------------- 
Tanggal: 07-03-2022 15:05:01 
Duration Download Forstok 26.467013120651 Detik
Duration Looping 700 Data 188.24383807182 Detik 
Total Duration 188.24395799637 Detik 
------------------------- 
Tanggal: 07-03-2022 15:10:01 
Duration Download Forstok 19.232679128647 Detik
Duration Looping 700 Data 180.88263320923 Detik 
Total Duration 180.88271903992 Detik 
------------------------- 
Tanggal: 07-03-2022 15:15:01 
Duration Download Forstok 26.111805915833 Detik
Duration Looping 700 Data 196.17096686363 Detik 
Total Duration 196.1710729599 Detik 
------------------------- 
Tanggal: 07-03-2022 15:20:01 
Duration Download Forstok 14.573637962341 Detik
Duration Looping 700 Data 176.52563786507 Detik 
Total Duration 176.52575397491 Detik 
------------------------- 
Tanggal: 07-03-2022 15:25:01 
Duration Download Forstok 12.942580938339 Detik
Duration Looping 700 Data 180.07147693634 Detik 
Total Duration 180.07158589363 Detik 
------------------------- 
Tanggal: 07-03-2022 15:30:01 
Duration Download Forstok 15.477167844772 Detik
Duration Looping 700 Data 181.53008985519 Detik 
Total Duration 181.53021001816 Detik 
------------------------- 
Tanggal: 07-03-2022 15:35:01 
Duration Download Forstok 17.310441017151 Detik
Duration Looping 700 Data 182.27829790115 Detik 
Total Duration 182.27841591835 Detik 
------------------------- 
Tanggal: 07-03-2022 15:40:01 
Duration Download Forstok 19.269334793091 Detik
Duration Looping 700 Data 181.09456086159 Detik 
Total Duration 181.09466481209 Detik 
------------------------- 
Tanggal: 07-03-2022 15:45:01 
Duration Download Forstok 16.156219005585 Detik
Duration Looping 700 Data 177.31110882759 Detik 
Total Duration 177.31123995781 Detik 
------------------------- 
Tanggal: 07-03-2022 15:50:01 
Duration Download Forstok 21.988004922867 Detik
Duration Looping 700 Data 187.24952983856 Detik 
Total Duration 187.24965500832 Detik 
------------------------- 
Tanggal: 07-03-2022 15:55:01 
Duration Download Forstok 14.157180070877 Detik
Duration Looping 700 Data 172.9321539402 Detik 
Total Duration 172.93227291107 Detik 
------------------------- 
Tanggal: 07-03-2022 16:00:01 
Duration Download Forstok 17.816879034042 Detik
Duration Looping 700 Data 184.46762490273 Detik 
Total Duration 184.46773791313 Detik 
------------------------- 
Tanggal: 07-03-2022 16:05:01 
Duration Download Forstok 28.968822956085 Detik
Duration Looping 700 Data 190.4564640522 Detik 
Total Duration 190.45656704903 Detik 
------------------------- 
Tanggal: 07-03-2022 16:10:01 
Duration Download Forstok 17.772219896317 Detik
Duration Looping 700 Data 190.432751894 Detik 
Total Duration 190.43285489082 Detik 
------------------------- 
Tanggal: 07-03-2022 16:15:01 
Duration Download Forstok 19.042108058929 Detik
Duration Looping 700 Data 183.6591360569 Detik 
Total Duration 183.65925502777 Detik 
------------------------- 
Tanggal: 07-03-2022 16:20:01 
Duration Download Forstok 19.375694036484 Detik
Duration Looping 700 Data 183.91474103928 Detik 
Total Duration 183.91485309601 Detik 
------------------------- 
Tanggal: 07-03-2022 16:25:01 
Duration Download Forstok 14.428399085999 Detik
Duration Looping 700 Data 174.49882793427 Detik 
Total Duration 174.49895095825 Detik 
------------------------- 
Tanggal: 07-03-2022 16:30:01 
Duration Download Forstok 19.370177030563 Detik
Duration Looping 700 Data 183.22591209412 Detik 
Total Duration 183.22602796555 Detik 
------------------------- 
Tanggal: 07-03-2022 16:35:01 
Duration Download Forstok 14.009075880051 Detik
Duration Looping 700 Data 180.86518192291 Detik 
Total Duration 180.86530590057 Detik 
------------------------- 
Tanggal: 07-03-2022 16:40:01 
Duration Download Forstok 17.15349817276 Detik
Duration Looping 700 Data 180.84851408005 Detik 
Total Duration 180.84864211082 Detik 
------------------------- 
Tanggal: 07-03-2022 16:45:01 
Duration Download Forstok 15.696590900421 Detik
Duration Looping 700 Data 178.81743979454 Detik 
Total Duration 178.81755590439 Detik 
------------------------- 
Tanggal: 07-03-2022 16:50:01 
Duration Download Forstok 19.187273979187 Detik
Duration Looping 700 Data 182.50207400322 Detik 
Total Duration 182.50219511986 Detik 
------------------------- 
Tanggal: 07-03-2022 16:55:02 
Duration Download Forstok 18.901922941208 Detik
Duration Looping 700 Data 179.60441088676 Detik 
Total Duration 179.60452890396 Detik 
------------------------- 
Tanggal: 07-03-2022 17:00:01 
Duration Download Forstok 16.535145998001 Detik
Duration Looping 700 Data 183.53537797928 Detik 
Total Duration 183.53547096252 Detik 
------------------------- 
Tanggal: 07-03-2022 17:05:01 
Duration Download Forstok 29.190489053726 Detik
Duration Looping 700 Data 192.16459107399 Detik 
Total Duration 192.16468811035 Detik 
------------------------- 
Tanggal: 07-03-2022 17:10:01 
Duration Download Forstok 15.872417211533 Detik
Duration Looping 700 Data 178.43446207047 Detik 
Total Duration 178.43459010124 Detik 
------------------------- 
Tanggal: 07-03-2022 17:15:01 
Duration Download Forstok 20.578008174896 Detik
Duration Looping 700 Data 181.50942397118 Detik 
Total Duration 181.50954008102 Detik 
------------------------- 
Tanggal: 07-03-2022 17:20:01 
Duration Download Forstok 18.286856889725 Detik
Duration Looping 700 Data 175.42658901215 Detik 
Total Duration 175.42670679092 Detik 
------------------------- 
Tanggal: 07-03-2022 17:25:01 
Duration Download Forstok 15.322365999222 Detik
Duration Looping 700 Data 172.49986505508 Detik 
Total Duration 172.49998497963 Detik 
------------------------- 
Tanggal: 07-03-2022 17:30:01 
Duration Download Forstok 15.622429847717 Detik
Duration Looping 700 Data 171.63466691971 Detik 
Total Duration 171.63479495049 Detik 
------------------------- 
Tanggal: 07-03-2022 17:35:01 
Duration Download Forstok 17.867449998856 Detik
Duration Looping 700 Data 172.75133013725 Detik 
Total Duration 172.75143098831 Detik 
------------------------- 
Tanggal: 07-03-2022 17:40:01 
Duration Download Forstok 16.473436832428 Detik
Duration Looping 700 Data 174.28222489357 Detik 
Total Duration 174.28234386444 Detik 
------------------------- 
Tanggal: 07-03-2022 17:45:00 
Duration Download Forstok 29.177262067795 Detik
Duration Looping 700 Data 189.96472406387 Detik 
Total Duration 189.96483802795 Detik 
------------------------- 
Tanggal: 07-03-2022 17:50:01 
Duration Download Forstok 20.039790153503 Detik
Duration Looping 700 Data 183.16126298904 Detik 
Total Duration 183.16137099266 Detik 
------------------------- 
Tanggal: 07-03-2022 17:55:01 
Duration Download Forstok 14.414744138718 Detik
Duration Looping 700 Data 176.75249004364 Detik 
Total Duration 176.75259900093 Detik 
------------------------- 
Tanggal: 07-03-2022 18:00:02 
Duration Download Forstok 19.733372926712 Detik
Duration Looping 700 Data 179.50691890717 Detik 
Total Duration 179.50704193115 Detik 
------------------------- 
Tanggal: 07-03-2022 18:05:01 
Duration Download Forstok 25.564726114273 Detik
Duration Looping 700 Data 188.96619606018 Detik 
Total Duration 188.96631717682 Detik 
------------------------- 
Tanggal: 07-03-2022 18:10:01 
Duration Download Forstok 21.453515052795 Detik
Duration Looping 700 Data 177.07302117348 Detik 
Total Duration 177.0731651783 Detik 
------------------------- 
Tanggal: 07-03-2022 18:15:01 
Duration Download Forstok 20.287055015564 Detik
Duration Looping 700 Data 180.77342009544 Detik 
Total Duration 180.77353000641 Detik 
------------------------- 
Tanggal: 07-03-2022 18:20:01 
Duration Download Forstok 18.076167106628 Detik
Duration Looping 700 Data 185.59870815277 Detik 
Total Duration 185.59883904457 Detik 
------------------------- 
Tanggal: 07-03-2022 18:25:01 
Duration Download Forstok 14.786538124084 Detik
Duration Looping 700 Data 173.74243497849 Detik 
Total Duration 173.74256706238 Detik 
------------------------- 
Tanggal: 07-03-2022 18:30:01 
Duration Download Forstok 16.4145860672 Detik
Duration Looping 700 Data 168.60278201103 Detik 
Total Duration 168.60290789604 Detik 
------------------------- 
Tanggal: 07-03-2022 18:35:01 
Duration Download Forstok 15.834235906601 Detik
Duration Looping 700 Data 175.63439393044 Detik 
Total Duration 175.63451099396 Detik 
------------------------- 
Tanggal: 07-03-2022 18:40:01 
Duration Download Forstok 14.993489980698 Detik
Duration Looping 700 Data 179.73069405556 Detik 
Total Duration 179.73082995415 Detik 
------------------------- 
Tanggal: 07-03-2022 18:45:01 
Duration Download Forstok 22.263967990875 Detik
Duration Looping 700 Data 182.27930903435 Detik 
Total Duration 182.27942609787 Detik 
------------------------- 
Tanggal: 07-03-2022 18:50:01 
Duration Download Forstok 15.784833908081 Detik
Duration Looping 700 Data 173.55998206139 Detik 
Total Duration 173.56009697914 Detik 
------------------------- 
Tanggal: 07-03-2022 18:55:01 
Duration Download Forstok 17.408559083939 Detik
Duration Looping 700 Data 174.9090359211 Detik 
Total Duration 174.90914201736 Detik 
------------------------- 
Tanggal: 07-03-2022 19:00:01 
Duration Download Forstok 14.677453041077 Detik
Duration Looping 700 Data 175.79214692116 Detik 
Total Duration 175.79224395752 Detik 
------------------------- 
Tanggal: 07-03-2022 19:05:01 
Duration Download Forstok 24.697724103928 Detik
Duration Looping 700 Data 177.13994598389 Detik 
Total Duration 177.14007210732 Detik 
------------------------- 
Tanggal: 07-03-2022 19:10:01 
Duration Download Forstok 17.465817928314 Detik
Duration Looping 700 Data 178.00246691704 Detik 
Total Duration 178.00300788879 Detik 
------------------------- 
Tanggal: 07-03-2022 19:15:01 
Duration Download Forstok 16.793513059616 Detik
Duration Looping 700 Data 168.70376300812 Detik 
Total Duration 168.70388388634 Detik 
------------------------- 
Tanggal: 07-03-2022 19:20:01 
Duration Download Forstok 14.874574184418 Detik
Duration Looping 700 Data 169.13559818268 Detik 
Total Duration 169.13573598862 Detik 
------------------------- 
Tanggal: 07-03-2022 19:25:01 
Duration Download Forstok 14.868547916412 Detik
Duration Looping 700 Data 172.28309488297 Detik 
Total Duration 172.28320908546 Detik 
------------------------- 
Tanggal: 07-03-2022 19:30:01 
Duration Download Forstok 16.562169075012 Detik
Duration Looping 700 Data 172.29495716095 Detik 
Total Duration 172.29508709908 Detik 
------------------------- 
Tanggal: 07-03-2022 19:35:01 
Duration Download Forstok 15.417474031448 Detik
Duration Looping 700 Data 170.19380497932 Detik 
Total Duration 170.19392204285 Detik 
------------------------- 
Tanggal: 07-03-2022 19:40:01 
Duration Download Forstok 19.265600919724 Detik
Duration Looping 700 Data 184.37740588188 Detik 
Total Duration 184.37753391266 Detik 
------------------------- 
Tanggal: 07-03-2022 19:45:01 
Duration Download Forstok 19.133852005005 Detik
Duration Looping 700 Data 179.90974092484 Detik 
Total Duration 179.90985298157 Detik 
------------------------- 
Tanggal: 07-03-2022 19:50:01 
Duration Download Forstok 15.052265167236 Detik
Duration Looping 700 Data 169.33267402649 Detik 
Total Duration 169.33280301094 Detik 
------------------------- 
Tanggal: 07-03-2022 19:55:01 
Duration Download Forstok 16.51535487175 Detik
Duration Looping 700 Data 179.02899003029 Detik 
Total Duration 179.0291018486 Detik 
------------------------- 
Tanggal: 07-03-2022 20:00:01 
Duration Download Forstok 15.688040018082 Detik
Duration Looping 700 Data 184.73427295685 Detik 
Total Duration 184.73439192772 Detik 
------------------------- 
Tanggal: 07-03-2022 20:05:01 
Duration Download Forstok 38.231089115143 Detik
Duration Looping 700 Data 193.85999798775 Detik 
Total Duration 193.86011695862 Detik 
------------------------- 
Tanggal: 07-03-2022 20:10:01 
Duration Download Forstok 21.378653049469 Detik
Duration Looping 700 Data 183.87549209595 Detik 
Total Duration 183.87562203407 Detik 
------------------------- 
Tanggal: 07-03-2022 20:15:01 
Duration Download Forstok 24.573970079422 Detik
Duration Looping 700 Data 181.01622605324 Detik 
Total Duration 181.01635193825 Detik 
------------------------- 
Tanggal: 07-03-2022 20:20:02 
Duration Download Forstok 13.514028072357 Detik
Duration Looping 700 Data 172.00914311409 Detik 
Total Duration 172.0092561245 Detik 
------------------------- 
Tanggal: 07-03-2022 20:25:01 
Duration Download Forstok 16.753456115723 Detik
Duration Looping 700 Data 182.33342790604 Detik 
Total Duration 182.33355093002 Detik 
------------------------- 
Tanggal: 07-03-2022 20:30:01 
Duration Download Forstok 14.463025093079 Detik
Duration Looping 700 Data 177.08140015602 Detik 
Total Duration 177.0815141201 Detik 
------------------------- 
Tanggal: 07-03-2022 20:35:01 
Duration Download Forstok 22.593850851059 Detik
Duration Looping 700 Data 180.68413996696 Detik 
Total Duration 180.68426299095 Detik 
------------------------- 
Tanggal: 07-03-2022 20:40:01 
Duration Download Forstok 18.03276014328 Detik
Duration Looping 700 Data 181.12579703331 Detik 
Total Duration 181.12591004372 Detik 
------------------------- 
Tanggal: 07-03-2022 20:45:01 
Duration Download Forstok 18.044020175934 Detik
Duration Looping 700 Data 186.85977101326 Detik 
Total Duration 186.85988712311 Detik 
------------------------- 
Tanggal: 07-03-2022 20:50:01 
Duration Download Forstok 15.738865852356 Detik
Duration Looping 700 Data 170.53206801414 Detik 
Total Duration 170.5321829319 Detik 
------------------------- 
Tanggal: 07-03-2022 20:55:01 
Duration Download Forstok 15.106348991394 Detik
Duration Looping 700 Data 176.57311010361 Detik 
Total Duration 176.57318806648 Detik 
------------------------- 
Tanggal: 07-03-2022 21:00:01 
Duration Download Forstok 16.223532915115 Detik
Duration Looping 700 Data 174.24977898598 Detik 
Total Duration 174.24989390373 Detik 
------------------------- 
Tanggal: 07-03-2022 21:05:01 
Duration Download Forstok 23.221190929413 Detik
Duration Looping 700 Data 179.72525191307 Detik 
Total Duration 179.72541594505 Detik 
------------------------- 
Tanggal: 07-03-2022 21:10:01 
Duration Download Forstok 19.300692081451 Detik
Duration Looping 700 Data 171.09048700333 Detik 
Total Duration 171.09060406685 Detik 
------------------------- 
Tanggal: 07-03-2022 21:15:02 
Duration Download Forstok 22.717727899551 Detik
Duration Looping 700 Data 176.96240782738 Detik 
Total Duration 176.96252393723 Detik 
------------------------- 
Tanggal: 07-03-2022 21:20:01 
Duration Download Forstok 14.653778076172 Detik
Duration Looping 700 Data 172.49759817123 Detik 
Total Duration 172.49772596359 Detik 
------------------------- 
Tanggal: 07-03-2022 21:25:01 
Duration Download Forstok 11.801774978638 Detik
Duration Looping 700 Data 178.27334618568 Detik 
Total Duration 178.27347898483 Detik 
------------------------- 
Tanggal: 07-03-2022 21:30:01 
Duration Download Forstok 17.454287052155 Detik
Duration Looping 700 Data 175.48375296593 Detik 
Total Duration 175.48385500908 Detik 
------------------------- 
Tanggal: 07-03-2022 21:35:01 
Duration Download Forstok 18.893827915192 Detik
Duration Looping 700 Data 188.76480984688 Detik 
Total Duration 188.7649409771 Detik 
------------------------- 
Tanggal: 07-03-2022 21:40:01 
Duration Download Forstok 13.342500925064 Detik
Duration Looping 700 Data 167.47848892212 Detik 
Total Duration 167.47861194611 Detik 
------------------------- 
Tanggal: 07-03-2022 21:45:01 
Duration Download Forstok 25.23642206192 Detik
Duration Looping 700 Data 182.58121109009 Detik 
Total Duration 182.5813062191 Detik 
------------------------- 
Tanggal: 07-03-2022 21:50:01 
Duration Download Forstok 22.68292093277 Detik
Duration Looping 700 Data 179.00966095924 Detik 
Total Duration 179.00977087021 Detik 
------------------------- 
Tanggal: 07-03-2022 21:55:01 
Duration Download Forstok 20.581488132477 Detik
Duration Looping 700 Data 172.84376811981 Detik 
Total Duration 172.84388494492 Detik 
------------------------- 
Tanggal: 07-03-2022 22:00:01 
Duration Download Forstok 16.616458892822 Detik
Duration Looping 700 Data 173.72728586197 Detik 
Total Duration 173.72739505768 Detik 
------------------------- 
Tanggal: 07-03-2022 22:05:01 
Duration Download Forstok 26.098192214966 Detik
Duration Looping 700 Data 184.66923499107 Detik 
Total Duration 184.66933321953 Detik 
------------------------- 
Tanggal: 07-03-2022 22:10:01 
Duration Download Forstok 15.823292970657 Detik
Duration Looping 700 Data 171.91936898232 Detik 
Total Duration 171.91948699951 Detik 
------------------------- 
Tanggal: 07-03-2022 22:15:01 
Duration Download Forstok 18.601827859879 Detik
Duration Looping 700 Data 176.09574484825 Detik 
Total Duration 176.0958609581 Detik 
------------------------- 
Tanggal: 07-03-2022 22:20:01 
Duration Download Forstok 16.862160921097 Detik
Duration Looping 700 Data 175.25952005386 Detik 
Total Duration 175.25963997841 Detik 
------------------------- 
Tanggal: 07-03-2022 22:25:00 
Duration Download Forstok 14.68798995018 Detik
Duration Looping 700 Data 175.217471838 Detik 
Total Duration 175.21757793427 Detik 
------------------------- 
Tanggal: 07-03-2022 22:30:01 
Duration Download Forstok 16.785677909851 Detik
Duration Looping 700 Data 184.92251682281 Detik 
Total Duration 184.92264294624 Detik 
------------------------- 
Tanggal: 07-03-2022 22:35:01 
Duration Download Forstok 19.82269692421 Detik
Duration Looping 700 Data 175.06803703308 Detik 
Total Duration 175.06815099716 Detik 
------------------------- 
Tanggal: 07-03-2022 22:40:01 
Duration Download Forstok 21.767879962921 Detik
Duration Looping 700 Data 178.8676700592 Detik 
Total Duration 178.86779308319 Detik 
------------------------- 
Tanggal: 07-03-2022 22:45:00 
Duration Download Forstok 16.650064945221 Detik
Duration Looping 700 Data 172.82790088654 Detik 
Total Duration 172.82803082466 Detik 
------------------------- 
Tanggal: 07-03-2022 22:50:01 
Duration Download Forstok 18.440055131912 Detik
Duration Looping 700 Data 184.90642309189 Detik 
Total Duration 184.90653705597 Detik 
------------------------- 
Tanggal: 07-03-2022 22:55:01 
Duration Download Forstok 14.835484981537 Detik
Duration Looping 700 Data 166.08466887474 Detik 
Total Duration 166.08478498459 Detik 
------------------------- 
Tanggal: 07-03-2022 23:00:01 
Duration Download Forstok 16.332643032074 Detik
Duration Looping 700 Data 179.94527387619 Detik 
Total Duration 179.94539499283 Detik 
------------------------- 
Tanggal: 07-03-2022 23:05:00 
Duration Download Forstok 19.270843029022 Detik
Duration Looping 700 Data 181.42010116577 Detik 
Total Duration 181.4202029705 Detik 
------------------------- 
Tanggal: 07-03-2022 23:10:01 
Duration Download Forstok 13.435777902603 Detik
Duration Looping 700 Data 167.6127178669 Detik 
Total Duration 167.61280488968 Detik 
------------------------- 
Tanggal: 07-03-2022 23:15:01 
Duration Download Forstok 15.795244932175 Detik
Duration Looping 700 Data 174.59793186188 Detik 
Total Duration 174.59805989265 Detik 
------------------------- 
Tanggal: 07-03-2022 23:20:01 
Duration Download Forstok 16.908541917801 Detik
Duration Looping 700 Data 171.46647787094 Detik 
Total Duration 171.46659088135 Detik 
------------------------- 
Tanggal: 07-03-2022 23:25:01 
Duration Download Forstok 15.480350017548 Detik
Duration Looping 700 Data 167.09506106377 Detik 
Total Duration 167.09518194199 Detik 
------------------------- 
Tanggal: 07-03-2022 23:30:01 
Duration Download Forstok 17.492216825485 Detik
Duration Looping 700 Data 171.25162196159 Detik 
Total Duration 171.25175976753 Detik 
------------------------- 
Tanggal: 07-03-2022 23:35:01 
Duration Download Forstok 12.516448020935 Detik
Duration Looping 700 Data 168.63936114311 Detik 
Total Duration 168.63947510719 Detik 
------------------------- 
Tanggal: 07-03-2022 23:40:01 
Duration Download Forstok 15.667762994766 Detik
Duration Looping 700 Data 168.05879187584 Detik 
Total Duration 168.05890607834 Detik 
------------------------- 
Tanggal: 07-03-2022 23:45:00 
Duration Download Forstok 15.64644908905 Detik
Duration Looping 700 Data 183.70336008072 Detik 
Total Duration 183.70346999168 Detik 
------------------------- 
Tanggal: 07-03-2022 23:50:01 
Duration Download Forstok 13.966297149658 Detik
Duration Looping 700 Data 173.10904312134 Detik 
Total Duration 173.10915708542 Detik 
------------------------- 
Tanggal: 07-03-2022 23:55:00 
Duration Download Forstok 13.63211607933 Detik
Duration Looping 700 Data 177.84127807617 Detik 
Total Duration 177.84139108658 Detik 
------------------------- 
