Tanggal: 22-04-2022 00:00:01 
Duration Download Forstok 34.555209875107 Detik
Duration Looping 500 Data 602.68205595016 Detik 
Total Duration 602.6872689724 Detik 
------------------------- 
Tanggal: 22-04-2022 00:15:01 
Duration Download Forstok 26.503392934799 Detik
Duration Looping 500 Data 156.42887783051 Detik 
Total Duration 156.428992033 Detik 
------------------------- 
Tanggal: 22-04-2022 00:20:01 
Duration Download Forstok 35.83229804039 Detik
Duration Looping 500 Data 159.63511395454 Detik 
Total Duration 159.63523101807 Detik 
------------------------- 
Tanggal: 22-04-2022 00:25:01 
Duration Download Forstok 19.702970981598 Detik
Duration Looping 500 Data 155.66654109955 Detik 
Total Duration 155.66740202904 Detik 
------------------------- 
Tanggal: 22-04-2022 00:30:01 
Duration Download Forstok 33.741607189178 Detik
Duration Looping 500 Data 161.12878704071 Detik 
Total Duration 161.12891507149 Detik 
------------------------- 
Tanggal: 22-04-2022 00:35:01 
Duration Download Forstok 20.753859043121 Detik
Duration Looping 500 Data 145.27523994446 Detik 
Total Duration 145.27536511421 Detik 
------------------------- 
Tanggal: 22-04-2022 00:40:01 
Duration Download Forstok 36.974203109741 Detik
Duration Looping 500 Data 183.59607315063 Detik 
Total Duration 183.59633016586 Detik 
------------------------- 
Tanggal: 22-04-2022 00:45:01 
Duration Download Forstok 29.663245916367 Detik
Duration Looping 500 Data 154.2599298954 Detik 
Total Duration 154.2600440979 Detik 
------------------------- 
Tanggal: 22-04-2022 00:50:01 
Duration Download Forstok 32.533104896545 Detik
Duration Looping 500 Data 155.29913592339 Detik 
Total Duration 155.29924798012 Detik 
------------------------- 
Tanggal: 22-04-2022 00:55:01 
Duration Download Forstok 21.133343935013 Detik
Duration Looping 500 Data 154.48015499115 Detik 
Total Duration 154.48034214973 Detik 
------------------------- 
Tanggal: 22-04-2022 01:00:01 
Duration Download Forstok 30.55872297287 Detik
Duration Looping 500 Data 159.88545703888 Detik 
Total Duration 159.88557600975 Detik 
------------------------- 
Tanggal: 22-04-2022 01:05:01 
Duration Download Forstok 24.687688827515 Detik
Duration Looping 500 Data 153.02491378784 Detik 
Total Duration 153.02503991127 Detik 
------------------------- 
Tanggal: 22-04-2022 01:10:02 
Duration Download Forstok 39.924206018448 Detik
Duration Looping 500 Data 162.73488306999 Detik 
Total Duration 162.73502421379 Detik 
------------------------- 
Tanggal: 22-04-2022 01:15:01 
Duration Download Forstok 26.565119028091 Detik
Duration Looping 500 Data 149.15558099747 Detik 
Total Duration 149.15570211411 Detik 
------------------------- 
Tanggal: 22-04-2022 01:20:01 
Duration Download Forstok 27.892555952072 Detik
Duration Looping 500 Data 153.57540583611 Detik 
Total Duration 153.57552194595 Detik 
------------------------- 
Tanggal: 22-04-2022 01:25:01 
Duration Download Forstok 20.07605099678 Detik
Duration Looping 500 Data 154.1945400238 Detik 
Total Duration 154.19466114044 Detik 
------------------------- 
Tanggal: 22-04-2022 01:30:01 
Duration Download Forstok 24.97856593132 Detik
Duration Looping 500 Data 149.04433894157 Detik 
Total Duration 149.04445385933 Detik 
------------------------- 
Tanggal: 22-04-2022 01:35:01 
Duration Download Forstok 32.861496925354 Detik
Duration Looping 500 Data 159.50420308113 Detik 
Total Duration 159.50431799889 Detik 
------------------------- 
Tanggal: 22-04-2022 01:40:01 
Duration Download Forstok 20.431365013123 Detik
Duration Looping 500 Data 144.58694791794 Detik 
Total Duration 144.58707094193 Detik 
------------------------- 
Tanggal: 22-04-2022 01:45:01 
Duration Download Forstok 16.956624984741 Detik
Duration Looping 500 Data 140.65253210068 Detik 
Total Duration 140.65264892578 Detik 
------------------------- 
Tanggal: 22-04-2022 01:50:01 
Duration Download Forstok 14.835818052292 Detik
Duration Looping 500 Data 137.43287086487 Detik 
Total Duration 137.432970047 Detik 
------------------------- 
Tanggal: 22-04-2022 01:55:01 
Duration Download Forstok 21.352670907974 Detik
Duration Looping 500 Data 147.02243590355 Detik 
Total Duration 147.0225520134 Detik 
------------------------- 
Tanggal: 22-04-2022 02:00:01 
Duration Download Forstok 25.114028930664 Detik
Duration Looping 500 Data 147.60745191574 Detik 
Total Duration 147.60757684708 Detik 
------------------------- 
Tanggal: 22-04-2022 02:05:01 
Duration Download Forstok 27.2986369133 Detik
Duration Looping 500 Data 152.40511894226 Detik 
Total Duration 152.40522694588 Detik 
------------------------- 
Tanggal: 22-04-2022 02:10:01 
Duration Download Forstok 50.469717979431 Detik
Duration Looping 500 Data 170.68546700478 Detik 
Total Duration 170.68560814857 Detik 
------------------------- 
Tanggal: 22-04-2022 02:15:01 
Duration Download Forstok 29.489715099335 Detik
Duration Looping 500 Data 149.1586329937 Detik 
Total Duration 149.15874910355 Detik 
------------------------- 
Tanggal: 22-04-2022 02:20:01 
Duration Download Forstok 34.349096059799 Detik
Duration Looping 500 Data 163.25522708893 Detik 
Total Duration 163.25534915924 Detik 
------------------------- 
Tanggal: 22-04-2022 02:25:01 
Duration Download Forstok 19.995983839035 Detik
Duration Looping 500 Data 142.03245401382 Detik 
Total Duration 142.03257393837 Detik 
------------------------- 
Tanggal: 22-04-2022 02:30:01 
Duration Download Forstok 23.030340909958 Detik
Duration Looping 500 Data 143.85535287857 Detik 
Total Duration 143.85546994209 Detik 
------------------------- 
Tanggal: 22-04-2022 02:35:01 
Duration Download Forstok 18.175786018372 Detik
Duration Looping 500 Data 138.49101305008 Detik 
Total Duration 138.4911339283 Detik 
------------------------- 
Tanggal: 22-04-2022 02:40:01 
Duration Download Forstok 21.383397102356 Detik
Duration Looping 500 Data 146.91610193253 Detik 
Total Duration 146.91638898849 Detik 
------------------------- 
Tanggal: 22-04-2022 02:45:01 
Duration Download Forstok 23.928261995316 Detik
Duration Looping 500 Data 145.67571592331 Detik 
Total Duration 145.67583990097 Detik 
------------------------- 
Tanggal: 22-04-2022 02:50:01 
Duration Download Forstok 32.990480899811 Detik
Duration Looping 500 Data 155.08833909035 Detik 
Total Duration 155.08844208717 Detik 
------------------------- 
Tanggal: 22-04-2022 02:55:01 
Duration Download Forstok 19.187865018845 Detik
Duration Looping 500 Data 138.69520998001 Detik 
Total Duration 138.69532895088 Detik 
------------------------- 
Tanggal: 22-04-2022 03:00:01 
Duration Download Forstok 26.408689022064 Detik
Duration Looping 500 Data 147.0684530735 Detik 
Total Duration 147.06856298447 Detik 
------------------------- 
Tanggal: 22-04-2022 03:05:01 
Duration Download Forstok 15.547271966934 Detik
Duration Looping 500 Data 138.05136609077 Detik 
Total Duration 138.05148005486 Detik 
------------------------- 
Tanggal: 22-04-2022 03:10:01 
Duration Download Forstok 43.565197944641 Detik
Duration Looping 500 Data 164.95463991165 Detik 
Total Duration 164.95475792885 Detik 
------------------------- 
Tanggal: 22-04-2022 03:15:01 
Duration Download Forstok 27.594784975052 Detik
Duration Looping 500 Data 156.2810561657 Detik 
Total Duration 156.28117203712 Detik 
------------------------- 
Tanggal: 22-04-2022 03:20:01 
Duration Download Forstok 47.656295776367 Detik
Duration Looping 500 Data 173.64281487465 Detik 
Total Duration 173.64293479919 Detik 
------------------------- 
Tanggal: 22-04-2022 03:25:01 
Duration Download Forstok 17.035068035126 Detik
Duration Looping 500 Data 139.03360295296 Detik 
Total Duration 139.03372097015 Detik 
------------------------- 
Tanggal: 22-04-2022 03:30:01 
Duration Download Forstok 11.654486894608 Detik
Duration Looping 500 Data 144.74392700195 Detik 
Total Duration 144.74403786659 Detik 
------------------------- 
Tanggal: 22-04-2022 03:35:01 
Duration Download Forstok 24.260783910751 Detik
Duration Looping 500 Data 153.7545440197 Detik 
Total Duration 153.75465583801 Detik 
------------------------- 
Tanggal: 22-04-2022 03:40:01 
Duration Download Forstok 15.344792127609 Detik
Duration Looping 500 Data 138.05967903137 Detik 
Total Duration 138.05979394913 Detik 
------------------------- 
Tanggal: 22-04-2022 03:45:01 
Duration Download Forstok 28.893842935562 Detik
Duration Looping 500 Data 161.99441885948 Detik 
Total Duration 161.99453687668 Detik 
------------------------- 
Tanggal: 22-04-2022 03:50:01 
Duration Download Forstok 20.946786880493 Detik
Duration Looping 500 Data 148.24465084076 Detik 
Total Duration 148.24476599693 Detik 
------------------------- 
Tanggal: 22-04-2022 03:55:01 
Duration Download Forstok 19.942124128342 Detik
Duration Looping 500 Data 142.39215302467 Detik 
Total Duration 142.39227104187 Detik 
------------------------- 
Tanggal: 22-04-2022 04:00:01 
Duration Download Forstok 23.690017938614 Detik
Duration Looping 500 Data 145.04865789413 Detik 
Total Duration 145.04880809784 Detik 
------------------------- 
Tanggal: 22-04-2022 04:05:01 
Duration Download Forstok 19.367192983627 Detik
Duration Looping 500 Data 163.52534294128 Detik 
Total Duration 163.5254509449 Detik 
------------------------- 
Tanggal: 22-04-2022 04:10:01 
Duration Download Forstok 54.763424158096 Detik
Duration Looping 500 Data 176.54112410545 Detik 
Total Duration 176.54124307632 Detik 
------------------------- 
Tanggal: 22-04-2022 04:15:01 
Duration Download Forstok 35.024464845657 Detik
Duration Looping 500 Data 157.80472493172 Detik 
Total Duration 157.80484199524 Detik 
------------------------- 
Tanggal: 22-04-2022 04:20:01 
Duration Download Forstok 42.101649999619 Detik
Duration Looping 500 Data 161.60031485558 Detik 
Total Duration 161.60044598579 Detik 
------------------------- 
Tanggal: 22-04-2022 04:25:01 
Duration Download Forstok 17.578869104385 Detik
Duration Looping 500 Data 161.5441660881 Detik 
Total Duration 161.54428601265 Detik 
------------------------- 
Tanggal: 22-04-2022 04:30:01 
Duration Download Forstok 47.467657804489 Detik
Duration Looping 500 Data 172.01248598099 Detik 
Total Duration 172.01260089874 Detik 
------------------------- 
Tanggal: 22-04-2022 04:35:01 
Duration Download Forstok 14.636518001556 Detik
Duration Looping 500 Data 137.35744595528 Detik 
Total Duration 137.35756206512 Detik 
------------------------- 
Tanggal: 22-04-2022 04:40:01 
Duration Download Forstok 33.430837869644 Detik
Duration Looping 500 Data 164.09002685547 Detik 
Total Duration 164.09014081955 Detik 
------------------------- 
Tanggal: 22-04-2022 04:45:01 
Duration Download Forstok 38.69073009491 Detik
Duration Looping 500 Data 161.43377113342 Detik 
Total Duration 161.43388795853 Detik 
------------------------- 
Tanggal: 22-04-2022 04:50:01 
Duration Download Forstok 22.795397996902 Detik
Duration Looping 500 Data 158.47588586807 Detik 
Total Duration 158.47600603104 Detik 
------------------------- 
Tanggal: 22-04-2022 04:55:01 
Duration Download Forstok 15.959897994995 Detik
Duration Looping 500 Data 139.8360440731 Detik 
Total Duration 139.83616805077 Detik 
------------------------- 
Tanggal: 22-04-2022 05:00:02 
Duration Download Forstok 38.80807185173 Detik
Duration Looping 500 Data 167.12751197815 Detik 
Total Duration 167.12763094902 Detik 
------------------------- 
Tanggal: 22-04-2022 05:05:01 
Duration Download Forstok 18.784379005432 Detik
Duration Looping 500 Data 147.22677016258 Detik 
Total Duration 147.2268910408 Detik 
------------------------- 
Tanggal: 22-04-2022 05:10:01 
Duration Download Forstok 46.632499933243 Detik
Duration Looping 500 Data 177.64061689377 Detik 
Total Duration 177.6407430172 Detik 
------------------------- 
Tanggal: 22-04-2022 05:15:01 
Duration Download Forstok 35.008697032928 Detik
Duration Looping 500 Data 155.92337417603 Detik 
Total Duration 155.92348718643 Detik 
------------------------- 
Tanggal: 22-04-2022 05:20:01 
Duration Download Forstok 44.464713811874 Detik
Duration Looping 500 Data 165.50342488289 Detik 
Total Duration 165.50354099274 Detik 
------------------------- 
Tanggal: 22-04-2022 05:25:01 
Duration Download Forstok 14.860731840134 Detik
Duration Looping 500 Data 135.86945486069 Detik 
Total Duration 135.869576931 Detik 
------------------------- 
Tanggal: 22-04-2022 05:30:01 
Duration Download Forstok 17.703418970108 Detik
Duration Looping 500 Data 139.43045806885 Detik 
Total Duration 139.43057107925 Detik 
------------------------- 
Tanggal: 22-04-2022 05:35:01 
Duration Download Forstok 21.485767126083 Detik
Duration Looping 500 Data 146.24673700333 Detik 
Total Duration 146.24686193466 Detik 
------------------------- 
Tanggal: 22-04-2022 05:40:01 
Duration Download Forstok 44.525749921799 Detik
Duration Looping 500 Data 170.68446803093 Detik 
Total Duration 170.68457889557 Detik 
------------------------- 
Tanggal: 22-04-2022 05:45:01 
Duration Download Forstok 32.082060098648 Detik
Duration Looping 500 Data 152.91801810265 Detik 
Total Duration 152.91816020012 Detik 
------------------------- 
Tanggal: 22-04-2022 05:50:01 
Duration Download Forstok 22.618248224258 Detik
Duration Looping 500 Data 142.2794611454 Detik 
Total Duration 142.27956819534 Detik 
------------------------- 
Tanggal: 22-04-2022 05:55:01 
Duration Download Forstok 17.894531011581 Detik
Duration Looping 500 Data 153.62966895103 Detik 
Total Duration 153.629789114 Detik 
------------------------- 
Tanggal: 22-04-2022 06:00:01 
Duration Download Forstok 34.911849975586 Detik
Duration Looping 500 Data 154.41168808937 Detik 
Total Duration 154.41180491447 Detik 
------------------------- 
Tanggal: 22-04-2022 06:05:02 
Duration Download Forstok 33.594760894775 Detik
Duration Looping 500 Data 167.10455703735 Detik 
Total Duration 167.10467791557 Detik 
------------------------- 
Tanggal: 22-04-2022 06:10:01 
Duration Download Forstok 51.222454071045 Detik
Duration Looping 500 Data 169.97533011436 Detik 
Total Duration 169.97544813156 Detik 
------------------------- 
Tanggal: 22-04-2022 06:15:01 
Duration Download Forstok 22.848434925079 Detik
Duration Looping 500 Data 151.21188497543 Detik 
Total Duration 151.21200013161 Detik 
------------------------- 
Tanggal: 22-04-2022 06:20:01 
Duration Download Forstok 22.987357854843 Detik
Duration Looping 500 Data 147.23764395714 Detik 
Total Duration 147.23776507378 Detik 
------------------------- 
Tanggal: 22-04-2022 06:25:01 
Duration Download Forstok 15.455263853073 Detik
Duration Looping 500 Data 135.08026099205 Detik 
Total Duration 135.08037400246 Detik 
------------------------- 
Tanggal: 22-04-2022 06:30:01 
Duration Download Forstok 22.423909902573 Detik
Duration Looping 500 Data 141.15055394173 Detik 
Total Duration 141.15068697929 Detik 
------------------------- 
Tanggal: 22-04-2022 06:35:01 
Duration Download Forstok 16.733974933624 Detik
Duration Looping 500 Data 137.84377098083 Detik 
Total Duration 137.84387993813 Detik 
------------------------- 
Tanggal: 22-04-2022 06:40:01 
Duration Download Forstok 33.164351940155 Detik
Duration Looping 500 Data 155.0764400959 Detik 
Total Duration 155.07655596733 Detik 
------------------------- 
Tanggal: 22-04-2022 06:45:01 
Duration Download Forstok 26.11519408226 Detik
Duration Looping 500 Data 148.53106212616 Detik 
Total Duration 148.53118515015 Detik 
------------------------- 
Tanggal: 22-04-2022 06:50:01 
Duration Download Forstok 33.121828079224 Detik
Duration Looping 500 Data 153.35964798927 Detik 
Total Duration 153.35976314545 Detik 
------------------------- 
Tanggal: 22-04-2022 06:55:01 
Duration Download Forstok 18.021834850311 Detik
Duration Looping 500 Data 142.11424994469 Detik 
Total Duration 142.11435890198 Detik 
------------------------- 
Tanggal: 22-04-2022 07:00:01 
Duration Download Forstok 41.346794843674 Detik
Duration Looping 500 Data 164.1323568821 Detik 
Total Duration 164.13247203827 Detik 
------------------------- 
Tanggal: 22-04-2022 07:05:01 
Duration Download Forstok 17.912744045258 Detik
Duration Looping 500 Data 149.88936305046 Detik 
Total Duration 149.88946509361 Detik 
------------------------- 
Tanggal: 22-04-2022 07:10:01 
Duration Download Forstok 47.079123973846 Detik
Duration Looping 500 Data 172.76786613464 Detik 
Total Duration 172.76798009872 Detik 
------------------------- 
Tanggal: 22-04-2022 07:15:01 
Duration Download Forstok 30.032292127609 Detik
Duration Looping 500 Data 157.13418912888 Detik 
Total Duration 157.13431310654 Detik 
------------------------- 
Tanggal: 22-04-2022 07:20:01 
Duration Download Forstok 32.626173019409 Detik
Duration Looping 500 Data 152.97097396851 Detik 
Total Duration 152.97109794617 Detik 
------------------------- 
Tanggal: 22-04-2022 07:25:01 
Duration Download Forstok 12.193139076233 Detik
Duration Looping 500 Data 132.82853913307 Detik 
Total Duration 132.8286550045 Detik 
------------------------- 
Tanggal: 22-04-2022 07:30:01 
Duration Download Forstok 25.460134983063 Detik
Duration Looping 500 Data 144.70175504684 Detik 
Total Duration 144.70186901093 Detik 
------------------------- 
Tanggal: 22-04-2022 07:35:01 
Duration Download Forstok 28.360273838043 Detik
Duration Looping 500 Data 155.51280498505 Detik 
Total Duration 155.51292800903 Detik 
------------------------- 
Tanggal: 22-04-2022 07:40:01 
Duration Download Forstok 19.57718205452 Detik
Duration Looping 500 Data 149.73565793037 Detik 
Total Duration 149.73577213287 Detik 
------------------------- 
Tanggal: 22-04-2022 07:45:01 
Duration Download Forstok 22.09175491333 Detik
Duration Looping 500 Data 148.23329687119 Detik 
Total Duration 148.23341679573 Detik 
------------------------- 
Tanggal: 22-04-2022 07:50:01 
Duration Download Forstok 27.196859121323 Detik
Duration Looping 500 Data 151.75555610657 Detik 
Total Duration 151.75567007065 Detik 
------------------------- 
Tanggal: 22-04-2022 07:55:01 
Duration Download Forstok 20.292275905609 Detik
Duration Looping 500 Data 150.42235684395 Detik 
Total Duration 150.42247986794 Detik 
------------------------- 
Tanggal: 22-04-2022 08:00:01 
Duration Download Forstok 37.493221998215 Detik
Duration Looping 500 Data 176.52859520912 Detik 
Total Duration 176.52869820595 Detik 
------------------------- 
Tanggal: 22-04-2022 08:05:01 
Duration Download Forstok 19.316045999527 Detik
Duration Looping 500 Data 151.36211109161 Detik 
Total Duration 151.36223006248 Detik 
------------------------- 
Tanggal: 22-04-2022 08:10:01 
Duration Download Forstok 40.8073990345 Detik
Duration Looping 500 Data 178.40100598335 Detik 
Total Duration 178.40108704567 Detik 
------------------------- 
Tanggal: 22-04-2022 08:15:01 
Duration Download Forstok 31.100857019424 Detik
Duration Looping 500 Data 163.47438716888 Detik 
Total Duration 163.47450518608 Detik 
------------------------- 
Tanggal: 22-04-2022 08:20:01 
Duration Download Forstok 36.60514497757 Detik
Duration Looping 500 Data 171.22698497772 Detik 
Total Duration 171.22710299492 Detik 
------------------------- 
Tanggal: 22-04-2022 08:25:01 
Duration Download Forstok 18.00466299057 Detik
Duration Looping 500 Data 147.11633086205 Detik 
Total Duration 147.11644601822 Detik 
------------------------- 
Tanggal: 22-04-2022 08:30:01 
Duration Download Forstok 25.426172018051 Detik
Duration Looping 500 Data 156.47269392014 Detik 
Total Duration 156.47281098366 Detik 
------------------------- 
Tanggal: 22-04-2022 08:35:01 
Duration Download Forstok 26.246907949448 Detik
Duration Looping 500 Data 163.17923498154 Detik 
Total Duration 163.1793320179 Detik 
------------------------- 
Tanggal: 22-04-2022 08:40:01 
Duration Download Forstok 38.174427032471 Detik
Duration Looping 500 Data 177.84772920609 Detik 
Total Duration 177.84782218933 Detik 
------------------------- 
Tanggal: 22-04-2022 08:45:01 
Duration Download Forstok 27.208607912064 Detik
Duration Looping 500 Data 161.81271004677 Detik 
Total Duration 161.81277990341 Detik 
------------------------- 
Tanggal: 22-04-2022 08:50:01 
Duration Download Forstok 31.532959938049 Detik
Duration Looping 500 Data 167.06195497513 Detik 
Total Duration 167.06207203865 Detik 
------------------------- 
Tanggal: 22-04-2022 08:55:01 
Duration Download Forstok 15.780230045319 Detik
Duration Looping 500 Data 148.33359789848 Detik 
Total Duration 148.33372402191 Detik 
------------------------- 
Tanggal: 22-04-2022 09:00:01 
Duration Download Forstok 22.105664968491 Detik
Duration Looping 500 Data 159.9163620472 Detik 
Total Duration 159.91648387909 Detik 
------------------------- 
Tanggal: 22-04-2022 09:05:01 
Duration Download Forstok 29.868516921997 Detik
Duration Looping 500 Data 164.86324000359 Detik 
Total Duration 164.86334180832 Detik 
------------------------- 
Tanggal: 22-04-2022 09:10:01 
Duration Download Forstok 45.527625083923 Detik
Duration Looping 500 Data 182.19881010056 Detik 
Total Duration 182.19892406464 Detik 
------------------------- 
Tanggal: 22-04-2022 09:15:01 
Duration Download Forstok 25.629554033279 Detik
Duration Looping 500 Data 158.57278418541 Detik 
Total Duration 158.57289505005 Detik 
------------------------- 
Tanggal: 22-04-2022 09:20:01 
Duration Download Forstok 48.594196796417 Detik
Duration Looping 500 Data 182.82540488243 Detik 
Total Duration 182.82548689842 Detik 
------------------------- 
Tanggal: 22-04-2022 09:25:01 
Duration Download Forstok 22.69599199295 Detik
Duration Looping 500 Data 155.28524708748 Detik 
Total Duration 155.28534698486 Detik 
------------------------- 
Tanggal: 22-04-2022 09:30:01 
Duration Download Forstok 37.371822118759 Detik
Duration Looping 500 Data 167.97073912621 Detik 
Total Duration 167.97085309029 Detik 
------------------------- 
Tanggal: 22-04-2022 09:35:01 
Duration Download Forstok 25.174955129623 Detik
Duration Looping 500 Data 189.1492869854 Detik 
Total Duration 189.14940619469 Detik 
------------------------- 
Tanggal: 22-04-2022 09:40:01 
Duration Download Forstok 48.77131319046 Detik
Duration Looping 500 Data 185.16952109337 Detik 
Total Duration 185.16962003708 Detik 
------------------------- 
Tanggal: 22-04-2022 09:45:01 
Duration Download Forstok 31.576323032379 Detik
Duration Looping 500 Data 162.06905508041 Detik 
Total Duration 162.06914520264 Detik 
------------------------- 
Tanggal: 22-04-2022 09:50:01 
Duration Download Forstok 30.670685052872 Detik
Duration Looping 500 Data 164.1102039814 Detik 
Total Duration 164.11032509804 Detik 
------------------------- 
Tanggal: 22-04-2022 09:55:01 
Duration Download Forstok 17.670409917831 Detik
Duration Looping 500 Data 149.71968197823 Detik 
Total Duration 149.71977877617 Detik 
------------------------- 
Tanggal: 22-04-2022 10:00:01 
Duration Download Forstok 38.686050891876 Detik
Duration Looping 500 Data 171.55575990677 Detik 
Total Duration 171.55586290359 Detik 
------------------------- 
Tanggal: 22-04-2022 10:05:01 
Duration Download Forstok 33.163467884064 Detik
Duration Looping 500 Data 168.68743491173 Detik 
Total Duration 168.68757891655 Detik 
------------------------- 
Tanggal: 22-04-2022 10:10:01 
Duration Download Forstok 59.588738918304 Detik
Tanggal: 22-04-2022 10:15:01 
Duration Download Forstok 21.543431997299 Detik
Duration Looping 500 Data 156.21572399139 Detik 
Total Duration 156.21584486961 Detik 
------------------------- 
Tanggal: 22-04-2022 10:20:01 
Duration Download Forstok 33.742451906204 Detik
Duration Looping 500 Data 173.16564202309 Detik 
Total Duration 173.16576600075 Detik 
------------------------- 
Tanggal: 22-04-2022 10:25:01 
Duration Download Forstok 40.060534000397 Detik
Duration Looping 500 Data 178.02014803886 Detik 
Total Duration 178.02027606964 Detik 
------------------------- 
Tanggal: 22-04-2022 10:30:01 
Duration Download Forstok 28.667165994644 Detik
Duration Looping 500 Data 166.15530109406 Detik 
Total Duration 166.15542507172 Detik 
------------------------- 
Tanggal: 22-04-2022 10:35:01 
Duration Download Forstok 19.904422044754 Detik
Duration Looping 500 Data 153.38848805428 Detik 
Total Duration 153.38860607147 Detik 
------------------------- 
Tanggal: 22-04-2022 10:40:02 
Duration Download Forstok 31.225587844849 Detik
Duration Looping 500 Data 166.86215686798 Detik 
Total Duration 166.86227202415 Detik 
------------------------- 
Tanggal: 22-04-2022 10:45:01 
Duration Download Forstok 32.830062150955 Detik
Duration Looping 500 Data 169.38266706467 Detik 
Total Duration 169.38279008865 Detik 
------------------------- 
Tanggal: 22-04-2022 10:50:01 
Duration Download Forstok 55.931066036224 Detik
Duration Looping 500 Data 195.17186903954 Detik 
Total Duration 195.17199110985 Detik 
------------------------- 
Tanggal: 22-04-2022 10:55:01 
Duration Download Forstok 15.530637025833 Detik
Duration Looping 500 Data 149.65164899826 Detik 
Total Duration 149.65176105499 Detik 
------------------------- 
Tanggal: 22-04-2022 11:00:01 
Duration Download Forstok 40.363947153091 Detik
Duration Looping 500 Data 176.58235406876 Detik 
Total Duration 176.58248305321 Detik 
------------------------- 
Tanggal: 22-04-2022 11:05:01 
Duration Download Forstok 26.253548145294 Detik
Duration Looping 500 Data 165.84693098068 Detik 
Total Duration 165.8470890522 Detik 
------------------------- 
Tanggal: 22-04-2022 11:10:01 
Duration Download Forstok 57.954429864883 Detik
Duration Looping 500 Data 194.39865899086 Detik 
Total Duration 194.39878606796 Detik 
------------------------- 
Tanggal: 22-04-2022 11:15:02 
Duration Download Forstok 34.907631158829 Detik
Duration Looping 500 Data 170.69776701927 Detik 
Total Duration 170.69789814949 Detik 
------------------------- 
Tanggal: 22-04-2022 11:20:01 
Duration Download Forstok 31.43457198143 Detik
Duration Looping 500 Data 166.84605312347 Detik 
Total Duration 166.84614610672 Detik 
------------------------- 
Tanggal: 22-04-2022 11:25:01 
Duration Download Forstok 21.32970905304 Detik
Duration Looping 500 Data 154.09040808678 Detik 
Total Duration 154.09052491188 Detik 
------------------------- 
Tanggal: 22-04-2022 11:30:01 
Duration Download Forstok 29.213617086411 Detik
Duration Looping 500 Data 163.85767817497 Detik 
Total Duration 163.8577940464 Detik 
------------------------- 
Tanggal: 22-04-2022 11:35:01 
Duration Download Forstok 20.069737911224 Detik
Duration Looping 500 Data 150.69148778915 Detik 
Total Duration 150.691603899 Detik 
------------------------- 
Tanggal: 22-04-2022 11:40:01 
Duration Download Forstok 59.207751989365 Detik
Tanggal: 22-04-2022 11:45:01 
Duration Download Forstok 0.33037781715393 Detik
Tanggal: 22-04-2022 11:50:01 
Duration Download Forstok 0.34152698516846 Detik
Tanggal: 22-04-2022 11:55:01 
Duration Download Forstok 0.30583906173706 Detik
Tanggal: 22-04-2022 12:00:01 
Duration Download Forstok 0.31230902671814 Detik
Tanggal: 22-04-2022 12:05:01 
Duration Download Forstok 0.34250402450562 Detik
Tanggal: 22-04-2022 12:10:01 
Duration Download Forstok 0.33512806892395 Detik
Tanggal: 22-04-2022 12:15:01 
Duration Download Forstok 0.28949785232544 Detik
Tanggal: 22-04-2022 12:20:01 
Duration Download Forstok 0.3381199836731 Detik
Tanggal: 22-04-2022 12:25:01 
Duration Download Forstok 0.30934405326843 Detik
Tanggal: 22-04-2022 12:30:01 
Duration Download Forstok 0.36742091178894 Detik
Tanggal: 22-04-2022 12:35:01 
Duration Download Forstok 0.33925819396973 Detik
Tanggal: 22-04-2022 12:40:01 
Duration Download Forstok 0.31592917442322 Detik
Tanggal: 22-04-2022 12:45:01 
Duration Download Forstok 0.30628204345703 Detik
Tanggal: 22-04-2022 12:50:01 
Duration Download Forstok 24.666093111038 Detik
Duration Looping 500 Data 152.63062810898 Detik 
Total Duration 152.63073801994 Detik 
------------------------- 
Tanggal: 22-04-2022 12:55:01 
Duration Download Forstok 17.2057929039 Detik
Duration Looping 500 Data 143.57184886932 Detik 
Total Duration 143.57196593285 Detik 
------------------------- 
Tanggal: 22-04-2022 13:00:01 
Duration Download Forstok 33.330066919327 Detik
Duration Looping 500 Data 168.95887589455 Detik 
Total Duration 168.95899581909 Detik 
------------------------- 
Tanggal: 22-04-2022 13:05:01 
Duration Download Forstok 16.666152000427 Detik
Duration Looping 500 Data 147.83318090439 Detik 
Total Duration 147.83328294754 Detik 
------------------------- 
Tanggal: 22-04-2022 13:10:02 
Duration Download Forstok 46.74544095993 Detik
Duration Looping 500 Data 177.60683393478 Detik 
Total Duration 177.60696196556 Detik 
------------------------- 
Tanggal: 22-04-2022 13:15:01 
Duration Download Forstok 24.683298110962 Detik
Duration Looping 500 Data 157.01832413673 Detik 
Total Duration 157.01840615273 Detik 
------------------------- 
Tanggal: 22-04-2022 13:20:01 
Duration Download Forstok 29.116587162018 Detik
Duration Looping 500 Data 159.20108509064 Detik 
Total Duration 159.20121312141 Detik 
------------------------- 
Tanggal: 22-04-2022 13:25:01 
Duration Download Forstok 28.175520181656 Detik
Duration Looping 500 Data 167.42607808113 Detik 
Total Duration 167.426197052 Detik 
------------------------- 
Tanggal: 22-04-2022 13:30:01 
Duration Download Forstok 35.768265008926 Detik
Duration Looping 500 Data 167.88094210625 Detik 
Total Duration 167.88106107712 Detik 
------------------------- 
Tanggal: 22-04-2022 13:35:01 
Duration Download Forstok 24.982218980789 Detik
Duration Looping 500 Data 166.33346819878 Detik 
Total Duration 166.33358311653 Detik 
------------------------- 
Tanggal: 22-04-2022 13:40:02 
Duration Download Forstok 39.254217863083 Detik
Duration Looping 500 Data 180.18238282204 Detik 
Total Duration 180.1824798584 Detik 
------------------------- 
Tanggal: 22-04-2022 13:45:01 
Duration Download Forstok 23.081423997879 Detik
Duration Looping 500 Data 163.90580701828 Detik 
Total Duration 163.90598201752 Detik 
------------------------- 
Tanggal: 22-04-2022 13:50:01 
Duration Download Forstok 39.754060029984 Detik
Duration Looping 500 Data 170.52008199692 Detik 
Total Duration 170.52020788193 Detik 
------------------------- 
Tanggal: 22-04-2022 13:55:01 
Duration Download Forstok 20.58293390274 Detik
Duration Looping 500 Data 156.05730485916 Detik 
Total Duration 156.05741500854 Detik 
------------------------- 
Tanggal: 22-04-2022 14:00:01 
Duration Download Forstok 26.75057888031 Detik
Duration Looping 500 Data 156.3289039135 Detik 
Total Duration 156.32902383804 Detik 
------------------------- 
Tanggal: 22-04-2022 14:05:01 
Duration Download Forstok 15.282052993774 Detik
Duration Looping 500 Data 149.62854409218 Detik 
Total Duration 149.62864518166 Detik 
------------------------- 
Tanggal: 22-04-2022 14:10:01 
Duration Download Forstok 57.968761920929 Detik
Duration Looping 500 Data 187.68111681938 Detik 
Total Duration 187.68130683899 Detik 
------------------------- 
Tanggal: 22-04-2022 14:15:01 
Duration Download Forstok 23.479608058929 Detik
Duration Looping 500 Data 153.74905991554 Detik 
Total Duration 153.74916291237 Detik 
------------------------- 
Tanggal: 22-04-2022 14:20:01 
Duration Download Forstok 41.502221822739 Detik
Duration Looping 500 Data 168.46909689903 Detik 
Total Duration 168.46921086311 Detik 
------------------------- 
Tanggal: 22-04-2022 14:25:01 
Duration Download Forstok 23.926769018173 Detik
Duration Looping 500 Data 158.10333013535 Detik 
Total Duration 158.10348296165 Detik 
------------------------- 
Tanggal: 22-04-2022 14:30:01 
Duration Download Forstok 33.963522195816 Detik
Duration Looping 500 Data 170.4471051693 Detik 
Total Duration 170.44723320007 Detik 
------------------------- 
Tanggal: 22-04-2022 14:35:01 
Duration Download Forstok 20.072266101837 Detik
Duration Looping 500 Data 152.63617110252 Detik 
Total Duration 152.63629603386 Detik 
------------------------- 
Tanggal: 22-04-2022 14:40:01 
Duration Download Forstok 32.765779972076 Detik
Duration Looping 500 Data 160.45179605484 Detik 
Total Duration 160.45193791389 Detik 
------------------------- 
Tanggal: 22-04-2022 14:45:01 
Duration Download Forstok 28.131047010422 Detik
Duration Looping 500 Data 162.24082994461 Detik 
Total Duration 162.24094390869 Detik 
------------------------- 
Tanggal: 22-04-2022 14:50:01 
Duration Download Forstok 36.928975105286 Detik
Duration Looping 500 Data 169.6941549778 Detik 
Total Duration 169.69428014755 Detik 
------------------------- 
Tanggal: 22-04-2022 14:55:01 
Duration Download Forstok 27.631317138672 Detik
Duration Looping 500 Data 157.00973510742 Detik 
Total Duration 157.00983309746 Detik 
------------------------- 
Tanggal: 22-04-2022 15:00:01 
Duration Download Forstok 43.060560941696 Detik
Duration Looping 500 Data 180.3267698288 Detik 
Total Duration 180.32686591148 Detik 
------------------------- 
Tanggal: 22-04-2022 15:05:01 
Duration Download Forstok 23.538622140884 Detik
Duration Looping 500 Data 162.55508112907 Detik 
Total Duration 162.55519604683 Detik 
------------------------- 
Tanggal: 22-04-2022 15:10:01 
Duration Download Forstok 52.661922931671 Detik
Duration Looping 500 Data 185.61472582817 Detik 
Total Duration 185.61484098434 Detik 
------------------------- 
Tanggal: 22-04-2022 15:15:01 
Duration Download Forstok 27.509761095047 Detik
Duration Looping 500 Data 159.29802012444 Detik 
Total Duration 159.29813408852 Detik 
------------------------- 
Tanggal: 22-04-2022 15:20:01 
Duration Download Forstok 22.769289016724 Detik
Duration Looping 500 Data 157.16886401176 Detik 
Total Duration 157.16898107529 Detik 
------------------------- 
Tanggal: 22-04-2022 15:25:01 
Duration Download Forstok 33.939907073975 Detik
Duration Looping 500 Data 163.67768907547 Detik 
Total Duration 163.67777514458 Detik 
------------------------- 
Tanggal: 22-04-2022 15:30:01 
Duration Download Forstok 29.609377145767 Detik
Duration Looping 500 Data 167.07247805595 Detik 
Total Duration 167.07260107994 Detik 
------------------------- 
Tanggal: 22-04-2022 15:35:01 
Duration Download Forstok 29.629655838013 Detik
Duration Looping 500 Data 162.22905087471 Detik 
Total Duration 162.22916483879 Detik 
------------------------- 
Tanggal: 22-04-2022 15:40:01 
Duration Download Forstok 24.96143579483 Detik
Duration Looping 500 Data 153.9864089489 Detik 
Total Duration 153.98654484749 Detik 
------------------------- 
Tanggal: 22-04-2022 15:45:01 
Duration Download Forstok 19.91015291214 Detik
Duration Looping 500 Data 155.71673107147 Detik 
Total Duration 155.71684193611 Detik 
------------------------- 
Tanggal: 22-04-2022 15:50:01 
Duration Download Forstok 45.684813976288 Detik
Duration Looping 500 Data 179.12648391724 Detik 
Total Duration 179.12660503387 Detik 
------------------------- 
Tanggal: 22-04-2022 15:55:00 
Duration Download Forstok 23.535505056381 Detik
Duration Looping 500 Data 158.79241013527 Detik 
Total Duration 158.79252910614 Detik 
------------------------- 
Tanggal: 22-04-2022 16:00:01 
Duration Download Forstok 21.728384017944 Detik
Duration Looping 500 Data 164.66498804092 Detik 
Total Duration 164.6651160717 Detik 
------------------------- 
Tanggal: 22-04-2022 16:05:01 
Duration Download Forstok 15.953853130341 Detik
Duration Looping 500 Data 155.39104700089 Detik 
Total Duration 155.39117121696 Detik 
------------------------- 
Tanggal: 22-04-2022 16:10:01 
Duration Download Forstok 46.76452922821 Detik
Duration Looping 500 Data 179.13781809807 Detik 
Total Duration 179.13793206215 Detik 
------------------------- 
Tanggal: 22-04-2022 16:15:01 
Duration Download Forstok 29.446215867996 Detik
Duration Looping 500 Data 164.4174759388 Detik 
Total Duration 164.41757202148 Detik 
------------------------- 
Tanggal: 22-04-2022 16:20:01 
Duration Download Forstok 35.365811824799 Detik
Duration Looping 500 Data 173.41763782501 Detik 
Total Duration 173.41772890091 Detik 
------------------------- 
Tanggal: 22-04-2022 16:25:01 
Duration Download Forstok 25.93655705452 Detik
Duration Looping 500 Data 158.10846185684 Detik 
Total Duration 158.10856986046 Detik 
------------------------- 
Tanggal: 22-04-2022 16:30:01 
Duration Download Forstok 55.847378969193 Detik
Duration Looping 500 Data 191.47893095016 Detik 
Total Duration 191.47902107239 Detik 
------------------------- 
Tanggal: 22-04-2022 16:35:01 
Duration Download Forstok 34.786267995834 Detik
Duration Looping 500 Data 165.35225605965 Detik 
Total Duration 165.35237407684 Detik 
------------------------- 
Tanggal: 22-04-2022 16:40:01 
Duration Download Forstok 46.714781045914 Detik
Duration Looping 500 Data 175.9719171524 Detik 
Total Duration 175.97202014923 Detik 
------------------------- 
Tanggal: 22-04-2022 16:45:01 
Duration Download Forstok 27.539468050003 Detik
Duration Looping 500 Data 157.48871397972 Detik 
Total Duration 157.48883414268 Detik 
------------------------- 
Tanggal: 22-04-2022 16:50:01 
Duration Download Forstok 40.543641805649 Detik
Duration Looping 500 Data 166.5168697834 Detik 
Total Duration 166.51697587967 Detik 
------------------------- 
Tanggal: 22-04-2022 16:55:01 
Duration Download Forstok 24.784065008163 Detik
Duration Looping 500 Data 151.06701493263 Detik 
Total Duration 151.06712889671 Detik 
------------------------- 
Tanggal: 22-04-2022 17:00:01 
Duration Download Forstok 28.310492992401 Detik
Duration Looping 500 Data 154.11965799332 Detik 
Total Duration 154.1197719574 Detik 
------------------------- 
Tanggal: 22-04-2022 17:05:01 
Duration Download Forstok 18.694892168045 Detik
Duration Looping 500 Data 145.93198800087 Detik 
Total Duration 145.93210601807 Detik 
------------------------- 
Tanggal: 22-04-2022 17:10:01 
Duration Download Forstok 48.428998947144 Detik
Duration Looping 500 Data 173.58597588539 Detik 
Total Duration 173.58607602119 Detik 
------------------------- 
Tanggal: 22-04-2022 17:15:01 
Duration Download Forstok 25.374741792679 Detik
Duration Looping 500 Data 154.73308897018 Detik 
Total Duration 154.73320698738 Detik 
------------------------- 
Tanggal: 22-04-2022 17:20:01 
Duration Download Forstok 36.627873897552 Detik
Duration Looping 500 Data 158.54184103012 Detik 
Total Duration 158.54195594788 Detik 
------------------------- 
Tanggal: 22-04-2022 17:25:01 
Duration Download Forstok 17.066560983658 Detik
Duration Looping 500 Data 139.20191287994 Detik 
Total Duration 139.20204091072 Detik 
------------------------- 
Tanggal: 22-04-2022 17:30:01 
Duration Download Forstok 41.311160802841 Detik
Duration Looping 500 Data 170.15419888496 Detik 
Total Duration 170.15429902077 Detik 
------------------------- 
Tanggal: 22-04-2022 17:35:01 
Duration Download Forstok 17.090263128281 Detik
Duration Looping 500 Data 138.75121021271 Detik 
Total Duration 138.75133419037 Detik 
------------------------- 
Tanggal: 22-04-2022 17:40:01 
Duration Download Forstok 31.712641000748 Detik
Duration Looping 500 Data 159.18507695198 Detik 
Total Duration 159.18519687653 Detik 
------------------------- 
Tanggal: 22-04-2022 17:45:01 
Duration Download Forstok 34.022707939148 Detik
Duration Looping 500 Data 158.94086503983 Detik 
Total Duration 158.94098186493 Detik 
------------------------- 
Tanggal: 22-04-2022 17:50:01 
Duration Download Forstok 32.378771781921 Detik
Duration Looping 500 Data 159.33425498009 Detik 
Total Duration 159.33438491821 Detik 
------------------------- 
Tanggal: 22-04-2022 17:55:01 
Duration Download Forstok 20.23823595047 Detik
Duration Looping 500 Data 150.62678289413 Detik 
Total Duration 150.62689995766 Detik 
------------------------- 
Tanggal: 22-04-2022 18:00:01 
Duration Download Forstok 59.784991979599 Detik
Tanggal: 22-04-2022 18:05:01 
Duration Download Forstok 31.948566198349 Detik
Duration Looping 500 Data 152.00704503059 Detik 
Total Duration 152.007158041 Detik 
------------------------- 
Tanggal: 22-04-2022 18:10:01 
Duration Download Forstok 58.899549007416 Detik
Duration Looping 500 Data 179.99361205101 Detik 
Total Duration 179.9937210083 Detik 
------------------------- 
Tanggal: 22-04-2022 18:15:01 
Duration Download Forstok 26.921297073364 Detik
Duration Looping 500 Data 147.36217498779 Detik 
Total Duration 147.36229205132 Detik 
------------------------- 
Tanggal: 22-04-2022 18:20:01 
Duration Download Forstok 59.836209058762 Detik
Tanggal: 22-04-2022 18:25:01 
Duration Download Forstok 16.761043071747 Detik
Duration Looping 500 Data 143.51139807701 Detik 
Total Duration 143.51151609421 Detik 
------------------------- 
Tanggal: 22-04-2022 18:30:01 
Duration Download Forstok 28.664906024933 Detik
Duration Looping 500 Data 156.47141885757 Detik 
Total Duration 156.47154688835 Detik 
------------------------- 
Tanggal: 22-04-2022 18:35:01 
Duration Download Forstok 17.081867933273 Detik
Duration Looping 500 Data 138.88490486145 Detik 
Total Duration 138.88501596451 Detik 
------------------------- 
Tanggal: 22-04-2022 18:40:01 
Duration Download Forstok 41.105500936508 Detik
Duration Looping 500 Data 168.24607086182 Detik 
Total Duration 168.24618887901 Detik 
------------------------- 
Tanggal: 22-04-2022 18:45:01 
Duration Download Forstok 29.390120029449 Detik
Duration Looping 500 Data 157.05134797096 Detik 
Total Duration 157.05146503448 Detik 
------------------------- 
Tanggal: 22-04-2022 18:50:01 
Duration Download Forstok 41.619099855423 Detik
Duration Looping 500 Data 170.45086979866 Detik 
Total Duration 170.45100188255 Detik 
------------------------- 
Tanggal: 22-04-2022 18:55:01 
Duration Download Forstok 14.310454130173 Detik
Duration Looping 500 Data 136.89500212669 Detik 
Total Duration 136.8951151371 Detik 
------------------------- 
Tanggal: 22-04-2022 19:00:01 
Duration Download Forstok 44.898303985596 Detik
Duration Looping 500 Data 168.46034002304 Detik 
Total Duration 168.46045804024 Detik 
------------------------- 
Tanggal: 22-04-2022 19:05:01 
Duration Download Forstok 25.931918144226 Detik
Duration Looping 500 Data 157.03923392296 Detik 
Total Duration 157.03934907913 Detik 
------------------------- 
Tanggal: 22-04-2022 19:10:01 
Duration Download Forstok 58.843430042267 Detik
Duration Looping 500 Data 182.103495121 Detik 
Total Duration 182.10360813141 Detik 
------------------------- 
Tanggal: 22-04-2022 19:15:01 
Duration Download Forstok 20.126435995102 Detik
Duration Looping 500 Data 141.91469502449 Detik 
Total Duration 141.91481304169 Detik 
------------------------- 
Tanggal: 22-04-2022 19:20:01 
Duration Download Forstok 34.904767990112 Detik
Duration Looping 500 Data 155.57575392723 Detik 
Total Duration 155.57586812973 Detik 
------------------------- 
Tanggal: 22-04-2022 19:25:01 
Duration Download Forstok 20.58348608017 Detik
Duration Looping 500 Data 149.2416369915 Detik 
Total Duration 149.24175596237 Detik 
------------------------- 
Tanggal: 22-04-2022 19:30:01 
Duration Download Forstok 21.337139844894 Detik
Duration Looping 500 Data 148.57760095596 Detik 
Total Duration 148.5777118206 Detik 
------------------------- 
Tanggal: 22-04-2022 19:35:01 
Duration Download Forstok 27.828959941864 Detik
Duration Looping 500 Data 155.75074100494 Detik 
Total Duration 155.7508327961 Detik 
------------------------- 
Tanggal: 22-04-2022 19:40:01 
Duration Download Forstok 42.794719934464 Detik
Duration Looping 500 Data 166.39423584938 Detik 
Total Duration 166.39435696602 Detik 
------------------------- 
Tanggal: 22-04-2022 19:45:01 
Duration Download Forstok 22.709552049637 Detik
Duration Looping 500 Data 149.48841500282 Detik 
Total Duration 149.48853397369 Detik 
------------------------- 
Tanggal: 22-04-2022 19:50:01 
Duration Download Forstok 38.854197978973 Detik
Duration Looping 500 Data 163.36211705208 Detik 
Total Duration 163.36222791672 Detik 
------------------------- 
Tanggal: 22-04-2022 19:55:01 
Duration Download Forstok 20.518065929413 Detik
Duration Looping 500 Data 145.87284684181 Detik 
Total Duration 145.8729569912 Detik 
------------------------- 
Tanggal: 22-04-2022 20:00:01 
Duration Download Forstok 28.017356872559 Detik
Duration Looping 500 Data 158.2753739357 Detik 
Total Duration 158.27548003197 Detik 
------------------------- 
Tanggal: 22-04-2022 20:05:01 
Duration Download Forstok 20.879684209824 Detik
Duration Looping 500 Data 145.46739006042 Detik 
Total Duration 145.46751308441 Detik 
------------------------- 
Tanggal: 22-04-2022 20:10:01 
Duration Download Forstok 59.920513868332 Detik
Tanggal: 22-04-2022 20:15:01 
Duration Download Forstok 0.30446791648865 Detik
Tanggal: 22-04-2022 20:20:01 
Duration Download Forstok 24.736897945404 Detik
Tanggal: 22-04-2022 20:25:01 
Duration Download Forstok 15.30656003952 Detik
Duration Looping 500 Data 140.81110095978 Detik 
Total Duration 140.81122899055 Detik 
------------------------- 
Tanggal: 22-04-2022 20:30:01 
Duration Download Forstok 25.665783166885 Detik
Duration Looping 500 Data 149.64421606064 Detik 
Total Duration 149.64433312416 Detik 
------------------------- 
Tanggal: 22-04-2022 20:35:01 
Duration Download Forstok 24.911471128464 Detik
Duration Looping 500 Data 154.80027103424 Detik 
Total Duration 154.8003821373 Detik 
------------------------- 
Tanggal: 22-04-2022 20:40:01 
Duration Download Forstok 25.59463596344 Detik
Duration Looping 500 Data 152.02120709419 Detik 
Total Duration 152.0213239193 Detik 
------------------------- 
Tanggal: 22-04-2022 20:45:01 
Duration Download Forstok 23.981503009796 Detik
Duration Looping 500 Data 155.77919387817 Detik 
Total Duration 155.77930808067 Detik 
------------------------- 
Tanggal: 22-04-2022 20:50:01 
Duration Download Forstok 22.473411083221 Detik
Tanggal: 22-04-2022 20:55:01 
Duration Download Forstok 14.944885969162 Detik
Duration Looping 500 Data 133.99909996986 Detik 
Total Duration 133.99922394753 Detik 
------------------------- 
Tanggal: 22-04-2022 21:00:01 
Duration Download Forstok 22.416641950607 Detik
Duration Looping 500 Data 148.37775087357 Detik 
Total Duration 148.37786388397 Detik 
------------------------- 
Tanggal: 22-04-2022 21:05:01 
Duration Download Forstok 16.024210929871 Detik
Duration Looping 500 Data 142.28570485115 Detik 
Total Duration 142.28581881523 Detik 
------------------------- 
Tanggal: 22-04-2022 21:10:01 
Duration Download Forstok 52.829856157303 Detik
Duration Looping 500 Data 178.58591508865 Detik 
Total Duration 178.58603215218 Detik 
------------------------- 
Tanggal: 22-04-2022 21:15:01 
Duration Download Forstok 32.736500024796 Detik
Duration Looping 500 Data 164.4587829113 Detik 
Total Duration 164.45890593529 Detik 
------------------------- 
Tanggal: 22-04-2022 21:20:01 
Duration Download Forstok 32.65465593338 Detik
Duration Looping 500 Data 157.15181899071 Detik 
Total Duration 157.15193605423 Detik 
------------------------- 
Tanggal: 22-04-2022 21:25:01 
Duration Download Forstok 19.549979925156 Detik
Duration Looping 500 Data 146.13092708588 Detik 
Total Duration 146.13102507591 Detik 
------------------------- 
Tanggal: 22-04-2022 21:30:01 
Duration Download Forstok 34.123610019684 Detik
Duration Looping 500 Data 159.31797504425 Detik 
Total Duration 159.31809091568 Detik 
------------------------- 
Tanggal: 22-04-2022 21:35:02 
Duration Download Forstok 21.784160137177 Detik
Duration Looping 500 Data 152.83163309097 Detik 
Total Duration 152.83172416687 Detik 
------------------------- 
Tanggal: 22-04-2022 21:40:01 
Duration Download Forstok 34.460824012756 Detik
Duration Looping 500 Data 160.24714207649 Detik 
Total Duration 160.24726510048 Detik 
------------------------- 
Tanggal: 22-04-2022 21:45:01 
Duration Download Forstok 25.967601060867 Detik
Duration Looping 500 Data 148.48085403442 Detik 
Total Duration 148.48097395897 Detik 
------------------------- 
Tanggal: 22-04-2022 21:50:01 
Duration Download Forstok 33.535969018936 Detik
Duration Looping 500 Data 161.56032919884 Detik 
Total Duration 161.56046819687 Detik 
------------------------- 
Tanggal: 22-04-2022 21:55:01 
Duration Download Forstok 17.905030965805 Detik
Duration Looping 500 Data 144.39984083176 Detik 
Total Duration 144.39996600151 Detik 
------------------------- 
Tanggal: 22-04-2022 22:00:02 
Duration Download Forstok 36.009156942368 Detik
Duration Looping 500 Data 164.18971586227 Detik 
Total Duration 164.18983101845 Detik 
------------------------- 
Tanggal: 22-04-2022 22:05:01 
Duration Download Forstok 16.158122062683 Detik
Duration Looping 500 Data 143.85126399994 Detik 
Total Duration 143.85136318207 Detik 
------------------------- 
Tanggal: 22-04-2022 22:10:01 
Duration Download Forstok 52.412265777588 Detik
Duration Looping 500 Data 178.52113580704 Detik 
Total Duration 178.52125000954 Detik 
------------------------- 
Tanggal: 22-04-2022 22:15:01 
Duration Download Forstok 35.683497905731 Detik
Duration Looping 500 Data 169.52844786644 Detik 
Total Duration 169.52856683731 Detik 
------------------------- 
Tanggal: 22-04-2022 22:20:01 
Duration Download Forstok 55.03605389595 Detik
Duration Looping 500 Data 174.87189102173 Detik 
Total Duration 174.87201404572 Detik 
------------------------- 
Tanggal: 22-04-2022 22:25:01 
Duration Download Forstok 22.566829204559 Detik
Duration Looping 500 Data 140.56909298897 Detik 
Total Duration 140.56920719147 Detik 
------------------------- 
Tanggal: 22-04-2022 22:30:01 
Duration Download Forstok 29.762609004974 Detik
Duration Looping 500 Data 154.20192193985 Detik 
Total Duration 154.2020380497 Detik 
------------------------- 
Tanggal: 22-04-2022 22:35:01 
Duration Download Forstok 17.187361001968 Detik
Duration Looping 500 Data 142.67693901062 Detik 
Total Duration 142.67705988884 Detik 
------------------------- 
Tanggal: 22-04-2022 22:40:01 
Duration Download Forstok 59.263957023621 Detik
Tanggal: 22-04-2022 22:45:01 
Duration Download Forstok 19.357463121414 Detik
Duration Looping 500 Data 140.8219730854 Detik 
Total Duration 140.82209706306 Detik 
------------------------- 
Tanggal: 22-04-2022 22:50:01 
Duration Download Forstok 29.490715026855 Detik
Duration Looping 500 Data 161.23638701439 Detik 
Total Duration 161.23651099205 Detik 
------------------------- 
Tanggal: 22-04-2022 22:55:01 
Duration Download Forstok 15.416673898697 Detik
Duration Looping 500 Data 137.41133999825 Detik 
Total Duration 137.41147303581 Detik 
------------------------- 
Tanggal: 22-04-2022 23:00:01 
Duration Download Forstok 28.371327877045 Detik
Duration Looping 500 Data 149.26222705841 Detik 
Total Duration 149.26234197617 Detik 
------------------------- 
Tanggal: 22-04-2022 23:05:01 
Duration Download Forstok 24.459051847458 Detik
Duration Looping 500 Data 154.78948187828 Detik 
Total Duration 154.78960204124 Detik 
------------------------- 
Tanggal: 22-04-2022 23:10:01 
Duration Download Forstok 59.242902994156 Detik
Tanggal: 22-04-2022 23:15:02 
Duration Download Forstok 21.109052181244 Detik
Duration Looping 500 Data 142.18260908127 Detik 
Total Duration 142.18272209167 Detik 
------------------------- 
Tanggal: 22-04-2022 23:20:01 
Duration Download Forstok 44.878492116928 Detik
Duration Looping 500 Data 172.59793591499 Detik 
Total Duration 172.59805512428 Detik 
------------------------- 
Tanggal: 22-04-2022 23:25:01 
Duration Download Forstok 17.260638952255 Detik
Duration Looping 500 Data 136.70070886612 Detik 
Total Duration 136.70082378387 Detik 
------------------------- 
Tanggal: 22-04-2022 23:30:01 
Duration Download Forstok 37.243891954422 Detik
Duration Looping 500 Data 163.47584414482 Detik 
Total Duration 163.47595906258 Detik 
------------------------- 
Tanggal: 22-04-2022 23:35:01 
Duration Download Forstok 15.035945892334 Detik
Duration Looping 500 Data 140.67724084854 Detik 
Total Duration 140.67736387253 Detik 
------------------------- 
Tanggal: 22-04-2022 23:40:01 
Duration Download Forstok 39.043659925461 Detik
Duration Looping 500 Data 160.10224485397 Detik 
Total Duration 160.10236501694 Detik 
------------------------- 
Tanggal: 22-04-2022 23:45:01 
Duration Download Forstok 28.724932193756 Detik
Duration Looping 500 Data 150.91738319397 Detik 
Total Duration 150.91753602028 Detik 
------------------------- 
Tanggal: 22-04-2022 23:50:01 
Duration Download Forstok 24.344209194183 Detik
Duration Looping 500 Data 148.45026803017 Detik 
Total Duration 148.45038819313 Detik 
------------------------- 
Tanggal: 22-04-2022 23:55:01 
Duration Download Forstok 18.423246860504 Detik
Duration Looping 500 Data 156.38645887375 Detik 
Total Duration 156.38657689095 Detik 
------------------------- 
