Tanggal: 04-10-2021 21:00:01 
Duration Download Forstok 14.508013010025 Detik
Duration Looping 700 Data 153.6860768795 Detik 
Total Duration 153.68618798256 Detik 
------------------------- 
Tanggal: 04-10-2021 21:05:02 
Duration Download Forstok 16.704976081848 Detik
Duration Looping 700 Data 139.0878880024 Detik 
Total Duration 139.08800292015 Detik 
------------------------- 
Tanggal: 04-10-2021 21:10:01 
Duration Download Forstok 10.978529930115 Detik
Duration Looping 700 Data 135.83666276932 Detik 
Total Duration 135.83677792549 Detik 
------------------------- 
Tanggal: 04-10-2021 21:15:01 
Duration Download Forstok 20.463140964508 Detik
Duration Looping 700 Data 142.37600183487 Detik 
Total Duration 142.3761138916 Detik 
------------------------- 
Tanggal: 04-10-2021 21:20:01 
Duration Download Forstok 11.390027999878 Detik
Duration Looping 700 Data 130.7242410183 Detik 
Total Duration 130.72434997559 Detik 
------------------------- 
Tanggal: 04-10-2021 21:25:01 
Duration Download Forstok 19.85027718544 Detik
Duration Looping 700 Data 139.89201807976 Detik 
Total Duration 139.89212703705 Detik 
------------------------- 
Tanggal: 04-10-2021 21:30:01 
Duration Download Forstok 11.25972700119 Detik
Duration Looping 700 Data 129.65284609795 Detik 
Total Duration 129.65296220779 Detik 
------------------------- 
Tanggal: 04-10-2021 21:35:01 
Duration Download Forstok 19.364076852798 Detik
Duration Looping 700 Data 140.70449590683 Detik 
Total Duration 140.70459485054 Detik 
------------------------- 
Tanggal: 04-10-2021 21:40:01 
Duration Download Forstok 22.008911848068 Detik
Duration Looping 700 Data 149.40334391594 Detik 
Total Duration 149.403455019 Detik 
------------------------- 
Tanggal: 04-10-2021 21:45:01 
Duration Download Forstok 12.716089963913 Detik
Duration Looping 700 Data 140.56513786316 Detik 
Total Duration 140.56524991989 Detik 
------------------------- 
Tanggal: 04-10-2021 21:50:01 
Duration Download Forstok 14.389374017715 Detik
Duration Looping 700 Data 135.3691599369 Detik 
Total Duration 135.36928296089 Detik 
------------------------- 
Tanggal: 04-10-2021 21:55:01 
Duration Download Forstok 23.366633176804 Detik
Duration Looping 700 Data 145.73880720139 Detik 
Total Duration 145.73890900612 Detik 
------------------------- 
Tanggal: 04-10-2021 22:00:01 
Duration Download Forstok 11.880424976349 Detik
Duration Looping 700 Data 130.38802599907 Detik 
Total Duration 130.38813304901 Detik 
------------------------- 
Tanggal: 04-10-2021 22:05:01 
Duration Download Forstok 14.677634954453 Detik
Duration Looping 700 Data 130.10820794106 Detik 
Total Duration 130.10831189156 Detik 
------------------------- 
Tanggal: 04-10-2021 22:10:01 
Duration Download Forstok 12.479254007339 Detik
Duration Looping 700 Data 126.00132894516 Detik 
Total Duration 126.00141000748 Detik 
------------------------- 
Tanggal: 04-10-2021 22:15:01 
Duration Download Forstok 21.213806867599 Detik
Duration Looping 700 Data 140.73272109032 Detik 
Total Duration 140.73283290863 Detik 
------------------------- 
Tanggal: 04-10-2021 22:20:01 
Duration Download Forstok 11.742089986801 Detik
Duration Looping 700 Data 128.6261909008 Detik 
Total Duration 128.62630391121 Detik 
------------------------- 
Tanggal: 04-10-2021 22:25:01 
Duration Download Forstok 19.276574850082 Detik
Duration Looping 700 Data 131.83073186874 Detik 
Total Duration 131.83085083961 Detik 
------------------------- 
Tanggal: 04-10-2021 22:30:01 
Duration Download Forstok 13.765810966492 Detik
Duration Looping 700 Data 133.01239204407 Detik 
Total Duration 133.01251792908 Detik 
------------------------- 
Tanggal: 04-10-2021 22:35:01 
Duration Download Forstok 16.165318012238 Detik
Duration Looping 700 Data 138.72227692604 Detik 
Total Duration 138.72237992287 Detik 
------------------------- 
Tanggal: 04-10-2021 22:40:01 
Duration Download Forstok 24.741629123688 Detik
Duration Looping 700 Data 144.13701200485 Detik 
Total Duration 144.13711810112 Detik 
------------------------- 
Tanggal: 04-10-2021 22:45:01 
Duration Download Forstok 14.990128040314 Detik
Duration Looping 700 Data 132.2954750061 Detik 
Total Duration 132.29558300972 Detik 
------------------------- 
Tanggal: 04-10-2021 22:50:01 
Duration Download Forstok 13.991620063782 Detik
Duration Looping 700 Data 127.23636007309 Detik 
Total Duration 127.23643708229 Detik 
------------------------- 
Tanggal: 04-10-2021 22:55:01 
Duration Download Forstok 18.910645961761 Detik
Duration Looping 700 Data 137.49835395813 Detik 
Total Duration 137.4984600544 Detik 
------------------------- 
Tanggal: 04-10-2021 23:00:01 
Duration Download Forstok 11.743155002594 Detik
Duration Looping 700 Data 131.13671898842 Detik 
Total Duration 131.13683390617 Detik 
------------------------- 
Tanggal: 04-10-2021 23:05:01 
Duration Download Forstok 19.970834970474 Detik
Duration Looping 700 Data 142.77035903931 Detik 
Total Duration 142.77047514915 Detik 
------------------------- 
Tanggal: 04-10-2021 23:10:01 
Duration Download Forstok 13.189639806747 Detik
Duration Looping 700 Data 141.26623082161 Detik 
Total Duration 141.26633882523 Detik 
------------------------- 
Tanggal: 04-10-2021 23:15:01 
Duration Download Forstok 16.042237043381 Detik
Duration Looping 700 Data 140.27161502838 Detik 
Total Duration 140.27172708511 Detik 
------------------------- 
Tanggal: 04-10-2021 23:20:01 
Duration Download Forstok 11.03103685379 Detik
Duration Looping 700 Data 138.61354088783 Detik 
Total Duration 138.61366081238 Detik 
------------------------- 
Tanggal: 04-10-2021 23:25:01 
Duration Download Forstok 18.951726913452 Detik
Duration Looping 700 Data 155.21858692169 Detik 
Total Duration 155.2186999321 Detik 
------------------------- 
Tanggal: 04-10-2021 23:30:01 
Duration Download Forstok 10.693922042847 Detik
Duration Looping 700 Data 126.85421514511 Detik 
Total Duration 126.8543241024 Detik 
------------------------- 
Tanggal: 04-10-2021 23:35:01 
Duration Download Forstok 20.69299197197 Detik
Duration Looping 700 Data 142.74153113365 Detik 
Total Duration 142.74164104462 Detik 
------------------------- 
Tanggal: 04-10-2021 23:40:01 
Duration Download Forstok 14.022301197052 Detik
Duration Looping 700 Data 131.2935590744 Detik 
Total Duration 131.29366922379 Detik 
------------------------- 
Tanggal: 04-10-2021 23:45:01 
Duration Download Forstok 22.631291866302 Detik
Duration Looping 700 Data 137.43872189522 Detik 
Total Duration 137.43884396553 Detik 
------------------------- 
Tanggal: 04-10-2021 23:50:01 
Duration Download Forstok 13.139751911163 Detik
Duration Looping 700 Data 143.90550589561 Detik 
Total Duration 143.90560102463 Detik 
------------------------- 
Tanggal: 04-10-2021 23:55:01 
Duration Download Forstok 18.256875991821 Detik
Duration Looping 700 Data 136.65279388428 Detik 
Total Duration 136.65290498734 Detik 
------------------------- 
