Tanggal: 24-05-2022 00:00:01 
Duration Download Forstok 12.313785076141 Detik
Duration Looping 500 Data 623.15662002563 Detik 
Total Duration 623.15752506256 Detik 
------------------------- 
Tanggal: 24-05-2022 00:15:01 
Duration Download Forstok 23.127938985825 Detik
Duration Looping 500 Data 168.58341002464 Detik 
Total Duration 168.58352804184 Detik 
------------------------- 
Tanggal: 24-05-2022 00:20:01 
Duration Download Forstok 11.443146944046 Detik
Duration Looping 500 Data 162.17159891129 Detik 
Total Duration 162.17240190506 Detik 
------------------------- 
Tanggal: 24-05-2022 00:25:01 
Duration Download Forstok 9.5181469917297 Detik
Duration Looping 500 Data 143.18572282791 Detik 
Total Duration 143.18583989143 Detik 
------------------------- 
Tanggal: 24-05-2022 00:30:01 
Duration Download Forstok 11.169364929199 Detik
Duration Looping 500 Data 145.25473284721 Detik 
Total Duration 145.25483894348 Detik 
------------------------- 
Tanggal: 24-05-2022 00:35:01 
Duration Download Forstok 21.762801170349 Detik
Duration Looping 500 Data 159.0929980278 Detik 
Total Duration 159.093116045 Detik 
------------------------- 
Tanggal: 24-05-2022 00:40:01 
Duration Download Forstok 12.18462896347 Detik
Duration Looping 500 Data 153.81328487396 Detik 
Total Duration 153.81341695786 Detik 
------------------------- 
Tanggal: 24-05-2022 00:45:01 
Duration Download Forstok 19.539676904678 Detik
Duration Looping 500 Data 179.91680693626 Detik 
Total Duration 179.91693210602 Detik 
------------------------- 
Tanggal: 24-05-2022 00:50:01 
Duration Download Forstok 15.518806934357 Detik
Duration Looping 500 Data 147.98823308945 Detik 
Total Duration 147.98835206032 Detik 
------------------------- 
Tanggal: 24-05-2022 00:55:01 
Duration Download Forstok 12.660143136978 Detik
Duration Looping 500 Data 142.9765381813 Detik 
Total Duration 142.97666597366 Detik 
------------------------- 
Tanggal: 24-05-2022 01:00:01 
Duration Download Forstok 10.783477067947 Detik
Duration Looping 500 Data 146.96491622925 Detik 
Total Duration 146.96504211426 Detik 
------------------------- 
Tanggal: 24-05-2022 01:05:01 
Duration Download Forstok 44.190581083298 Detik
Duration Looping 500 Data 177.49592113495 Detik 
Total Duration 177.49604797363 Detik 
------------------------- 
Tanggal: 24-05-2022 01:10:01 
Duration Download Forstok 11.091949939728 Detik
Duration Looping 500 Data 145.08538889885 Detik 
Total Duration 145.08550882339 Detik 
------------------------- 
Tanggal: 24-05-2022 01:15:01 
Duration Download Forstok 29.199012994766 Detik
Duration Looping 500 Data 162.55500483513 Detik 
Total Duration 162.55512094498 Detik 
------------------------- 
Tanggal: 24-05-2022 01:20:01 
Duration Download Forstok 10.235224962234 Detik
Duration Looping 500 Data 145.92947292328 Detik 
Total Duration 145.92960691452 Detik 
------------------------- 
Tanggal: 24-05-2022 01:25:01 
Duration Download Forstok 11.024734973907 Detik
Duration Looping 500 Data 148.26349496841 Detik 
Total Duration 148.26362204552 Detik 
------------------------- 
Tanggal: 24-05-2022 01:30:01 
Duration Download Forstok 12.484586954117 Detik
Duration Looping 500 Data 144.14239406586 Detik 
Total Duration 144.14250993729 Detik 
------------------------- 
Tanggal: 24-05-2022 01:35:01 
Duration Download Forstok 17.611032009125 Detik
Duration Looping 500 Data 148.85590100288 Detik 
Total Duration 148.8560230732 Detik 
------------------------- 
Tanggal: 24-05-2022 01:40:01 
Duration Download Forstok 11.796334028244 Detik
Duration Looping 500 Data 148.15228009224 Detik 
Total Duration 148.15239596367 Detik 
------------------------- 
Tanggal: 24-05-2022 01:45:01 
Duration Download Forstok 16.191005945206 Detik
Duration Looping 500 Data 147.92778992653 Detik 
Total Duration 147.9279088974 Detik 
------------------------- 
Tanggal: 24-05-2022 01:50:01 
Duration Download Forstok 11.486649036407 Detik
Duration Looping 500 Data 146.5521800518 Detik 
Total Duration 146.55229711533 Detik 
------------------------- 
Tanggal: 24-05-2022 01:55:01 
Duration Download Forstok 13.414535999298 Detik
Duration Looping 500 Data 149.13173389435 Detik 
Total Duration 149.13184499741 Detik 
------------------------- 
Tanggal: 24-05-2022 02:00:01 
Duration Download Forstok 11.023056983948 Detik
Duration Looping 500 Data 150.74784207344 Detik 
Total Duration 150.74796295166 Detik 
------------------------- 
Tanggal: 24-05-2022 02:05:01 
Duration Download Forstok 16.592407941818 Detik
Duration Looping 500 Data 152.37336802483 Detik 
Total Duration 152.37348508835 Detik 
------------------------- 
Tanggal: 24-05-2022 02:10:01 
Duration Download Forstok 12.088630199432 Detik
Duration Looping 500 Data 150.00043416023 Detik 
Total Duration 150.00055503845 Detik 
------------------------- 
Tanggal: 24-05-2022 02:15:01 
Duration Download Forstok 19.522892951965 Detik
Duration Looping 500 Data 154.87419891357 Detik 
Total Duration 154.87431693077 Detik 
------------------------- 
Tanggal: 24-05-2022 02:20:01 
Duration Download Forstok 10.367501974106 Detik
Duration Looping 500 Data 150.20025205612 Detik 
Total Duration 150.20037412643 Detik 
------------------------- 
Tanggal: 24-05-2022 02:25:01 
Duration Download Forstok 9.5876889228821 Detik
Duration Looping 500 Data 143.27846693993 Detik 
Total Duration 143.27858495712 Detik 
------------------------- 
Tanggal: 24-05-2022 02:30:01 
Duration Download Forstok 9.7092220783234 Detik
Duration Looping 500 Data 142.94688606262 Detik 
Total Duration 142.94700193405 Detik 
------------------------- 
Tanggal: 24-05-2022 02:35:01 
Duration Download Forstok 21.413860797882 Detik
Duration Looping 500 Data 160.78832483292 Detik 
Total Duration 160.7884759903 Detik 
------------------------- 
Tanggal: 24-05-2022 02:40:01 
Duration Download Forstok 10.69042801857 Detik
Duration Looping 500 Data 142.66373300552 Detik 
Total Duration 142.66385006905 Detik 
------------------------- 
Tanggal: 24-05-2022 02:45:01 
Duration Download Forstok 23.527315139771 Detik
Duration Looping 500 Data 157.01061797142 Detik 
Total Duration 157.01073408127 Detik 
------------------------- 
Tanggal: 24-05-2022 02:50:01 
Duration Download Forstok 10.329749107361 Detik
Duration Looping 500 Data 141.57074308395 Detik 
Total Duration 141.57089495659 Detik 
------------------------- 
Tanggal: 24-05-2022 02:55:01 
Duration Download Forstok 13.370952129364 Detik
Duration Looping 500 Data 152.250852108 Detik 
Total Duration 152.25097107887 Detik 
------------------------- 
Tanggal: 24-05-2022 03:00:01 
Duration Download Forstok 12.311571121216 Detik
Duration Looping 500 Data 143.46704006195 Detik 
Total Duration 143.46715307236 Detik 
------------------------- 
Tanggal: 24-05-2022 03:05:01 
Duration Download Forstok 24.682369947433 Detik
Duration Looping 500 Data 160.43093490601 Detik 
Total Duration 160.43105888367 Detik 
------------------------- 
Tanggal: 24-05-2022 03:10:01 
Duration Download Forstok 9.9558010101318 Detik
Duration Looping 500 Data 145.85373806953 Detik 
Total Duration 145.85385107994 Detik 
------------------------- 
Tanggal: 24-05-2022 03:15:01 
Duration Download Forstok 18.922283887863 Detik
Duration Looping 500 Data 152.12916398048 Detik 
Total Duration 152.12929987907 Detik 
------------------------- 
Tanggal: 24-05-2022 03:20:01 
Duration Download Forstok 9.731959104538 Detik
Duration Looping 500 Data 146.80737400055 Detik 
Total Duration 146.80749201775 Detik 
------------------------- 
Tanggal: 24-05-2022 03:25:01 
Duration Download Forstok 10.979026079178 Detik
Duration Looping 500 Data 153.83981204033 Detik 
Total Duration 153.8399450779 Detik 
------------------------- 
Tanggal: 24-05-2022 03:30:01 
Duration Download Forstok 10.874282836914 Detik
Duration Looping 500 Data 141.60458087921 Detik 
Total Duration 141.60469603539 Detik 
------------------------- 
Tanggal: 24-05-2022 03:35:01 
Duration Download Forstok 15.355945110321 Detik
Duration Looping 500 Data 151.23292422295 Detik 
Total Duration 151.23303818703 Detik 
------------------------- 
Tanggal: 24-05-2022 03:40:01 
Duration Download Forstok 9.755185842514 Detik
Duration Looping 500 Data 146.60180187225 Detik 
Total Duration 146.6019217968 Detik 
------------------------- 
Tanggal: 24-05-2022 03:45:01 
Duration Download Forstok 14.218201875687 Detik
Duration Looping 500 Data 147.62564587593 Detik 
Total Duration 147.62576389313 Detik 
------------------------- 
Tanggal: 24-05-2022 03:50:01 
Duration Download Forstok 13.051489114761 Detik
Duration Looping 500 Data 143.80676007271 Detik 
Total Duration 143.80687308311 Detik 
------------------------- 
Tanggal: 24-05-2022 03:55:02 
Duration Download Forstok 9.5554089546204 Detik
Duration Looping 500 Data 143.50935077667 Detik 
Total Duration 143.50947594643 Detik 
------------------------- 
Tanggal: 24-05-2022 04:00:01 
Duration Download Forstok 9.4153640270233 Detik
Duration Looping 500 Data 141.7612850666 Detik 
Total Duration 141.76140999794 Detik 
------------------------- 
Tanggal: 24-05-2022 04:05:01 
Duration Download Forstok 26.603500843048 Detik
Duration Looping 500 Data 168.39843893051 Detik 
Total Duration 168.39857387543 Detik 
------------------------- 
Tanggal: 24-05-2022 04:10:01 
Duration Download Forstok 16.757533073425 Detik
Duration Looping 500 Data 149.37985515594 Detik 
Total Duration 149.37997198105 Detik 
------------------------- 
Tanggal: 24-05-2022 04:15:01 
Duration Download Forstok 17.279925823212 Detik
Duration Looping 500 Data 147.77571177483 Detik 
Total Duration 147.77582979202 Detik 
------------------------- 
Tanggal: 24-05-2022 04:20:01 
Duration Download Forstok 10.989800930023 Detik
Duration Looping 500 Data 151.41136598587 Detik 
Total Duration 151.41148090363 Detik 
------------------------- 
Tanggal: 24-05-2022 04:25:01 
Duration Download Forstok 7.8446612358093 Detik
Duration Looping 500 Data 146.16179609299 Detik 
Total Duration 146.1619181633 Detik 
------------------------- 
Tanggal: 24-05-2022 04:30:01 
Duration Download Forstok 9.6610059738159 Detik
Duration Looping 500 Data 140.98307394981 Detik 
Total Duration 140.98319005966 Detik 
------------------------- 
Tanggal: 24-05-2022 04:35:01 
Duration Download Forstok 17.094994068146 Detik
Duration Looping 500 Data 175.70961093903 Detik 
Total Duration 175.7097299099 Detik 
------------------------- 
Tanggal: 24-05-2022 04:40:01 
Duration Download Forstok 12.305984973907 Detik
Duration Looping 500 Data 161.9705581665 Detik 
Total Duration 161.9706799984 Detik 
------------------------- 
Tanggal: 24-05-2022 04:45:01 
Duration Download Forstok 14.669500827789 Detik
Duration Looping 500 Data 146.64280486107 Detik 
Total Duration 146.6429297924 Detik 
------------------------- 
Tanggal: 24-05-2022 04:50:01 
Duration Download Forstok 11.1283659935 Detik
Duration Looping 500 Data 146.02239108086 Detik 
Total Duration 146.02250909805 Detik 
------------------------- 
Tanggal: 24-05-2022 04:55:01 
Duration Download Forstok 12.811717033386 Detik
Duration Looping 500 Data 152.26764082909 Detik 
Total Duration 152.26775097847 Detik 
------------------------- 
Tanggal: 24-05-2022 05:00:01 
Duration Download Forstok 12.293480157852 Detik
Duration Looping 500 Data 143.67987108231 Detik 
Total Duration 143.67999505997 Detik 
------------------------- 
Tanggal: 24-05-2022 05:05:01 
Duration Download Forstok 20.584745883942 Detik
Duration Looping 500 Data 154.15014982224 Detik 
Total Duration 154.15026903152 Detik 
------------------------- 
Tanggal: 24-05-2022 05:10:01 
Duration Download Forstok 12.725963115692 Detik
Duration Looping 500 Data 145.53605294228 Detik 
Total Duration 145.53618001938 Detik 
------------------------- 
Tanggal: 24-05-2022 05:15:01 
Duration Download Forstok 17.511141061783 Detik
Duration Looping 500 Data 148.80397820473 Detik 
Total Duration 148.80410408974 Detik 
------------------------- 
Tanggal: 24-05-2022 05:20:01 
Duration Download Forstok 10.855326890945 Detik
Duration Looping 500 Data 148.75093102455 Detik 
Total Duration 148.75106596947 Detik 
------------------------- 
Tanggal: 24-05-2022 05:25:01 
Duration Download Forstok 13.143473148346 Detik
Duration Looping 500 Data 147.81542015076 Detik 
Total Duration 147.8155400753 Detik 
------------------------- 
Tanggal: 24-05-2022 05:30:01 
Duration Download Forstok 9.258731842041 Detik
Duration Looping 500 Data 145.44746088982 Detik 
Total Duration 145.44757699966 Detik 
------------------------- 
Tanggal: 24-05-2022 05:35:01 
Duration Download Forstok 17.237674951553 Detik
Duration Looping 500 Data 148.91604113579 Detik 
Total Duration 148.91615200043 Detik 
------------------------- 
Tanggal: 24-05-2022 05:40:01 
Duration Download Forstok 14.084850072861 Detik
Duration Looping 500 Data 157.54808187485 Detik 
Total Duration 157.54820203781 Detik 
------------------------- 
Tanggal: 24-05-2022 05:45:01 
Duration Download Forstok 18.875621080399 Detik
Duration Looping 500 Data 151.77220702171 Detik 
Total Duration 151.77232694626 Detik 
------------------------- 
Tanggal: 24-05-2022 05:50:01 
Duration Download Forstok 12.136344909668 Detik
Duration Looping 500 Data 163.31228995323 Detik 
Total Duration 163.3124089241 Detik 
------------------------- 
Tanggal: 24-05-2022 05:55:01 
Duration Download Forstok 11.081096172333 Detik
Duration Looping 500 Data 150.58434200287 Detik 
Total Duration 150.5844771862 Detik 
------------------------- 
Tanggal: 24-05-2022 06:00:01 
Duration Download Forstok 10.321602106094 Detik
Duration Looping 500 Data 146.03903508186 Detik 
Total Duration 146.03914403915 Detik 
------------------------- 
Tanggal: 24-05-2022 06:05:01 
Duration Download Forstok 27.602369070053 Detik
Duration Looping 500 Data 168.12669301033 Detik 
Total Duration 168.12681508064 Detik 
------------------------- 
Tanggal: 24-05-2022 06:10:01 
Duration Download Forstok 11.817797899246 Detik
Duration Looping 500 Data 148.41176795959 Detik 
Total Duration 148.41188406944 Detik 
------------------------- 
Tanggal: 24-05-2022 06:15:01 
Duration Download Forstok 17.769460916519 Detik
Duration Looping 500 Data 164.82909107208 Detik 
Total Duration 164.82921504974 Detik 
------------------------- 
Tanggal: 24-05-2022 06:20:01 
Duration Download Forstok 11.088214874268 Detik
Duration Looping 500 Data 144.95755791664 Detik 
Total Duration 144.95767188072 Detik 
------------------------- 
Tanggal: 24-05-2022 06:25:01 
Duration Download Forstok 9.8544991016388 Detik
Duration Looping 500 Data 142.69391393661 Detik 
Total Duration 142.69403100014 Detik 
------------------------- 
Tanggal: 24-05-2022 06:30:01 
Duration Download Forstok 11.474045991898 Detik
Duration Looping 500 Data 146.09318399429 Detik 
Total Duration 146.09329605103 Detik 
------------------------- 
Tanggal: 24-05-2022 06:35:01 
Duration Download Forstok 12.288257837296 Detik
Duration Looping 500 Data 146.58227992058 Detik 
Total Duration 146.58239293098 Detik 
------------------------- 
Tanggal: 24-05-2022 06:40:01 
Duration Download Forstok 11.843402862549 Detik
Duration Looping 500 Data 151.1953599453 Detik 
Total Duration 151.19548296928 Detik 
------------------------- 
Tanggal: 24-05-2022 06:45:01 
Duration Download Forstok 22.615380048752 Detik
Duration Looping 500 Data 159.81852507591 Detik 
Total Duration 159.81864190102 Detik 
------------------------- 
Tanggal: 24-05-2022 06:50:01 
Duration Download Forstok 12.039925098419 Detik
Duration Looping 500 Data 151.60868501663 Detik 
Total Duration 151.60880589485 Detik 
------------------------- 
Tanggal: 24-05-2022 06:55:01 
Duration Download Forstok 11.472887039185 Detik
Duration Looping 500 Data 146.88839888573 Detik 
Total Duration 146.88852310181 Detik 
------------------------- 
Tanggal: 24-05-2022 07:00:01 
Duration Download Forstok 13.259816884995 Detik
Duration Looping 500 Data 157.66807603836 Detik 
Total Duration 157.66819095612 Detik 
------------------------- 
Tanggal: 24-05-2022 07:05:01 
Duration Download Forstok 24.711285114288 Detik
Duration Looping 500 Data 164.33259010315 Detik 
Total Duration 164.33270311356 Detik 
------------------------- 
Tanggal: 24-05-2022 07:10:01 
Duration Download Forstok 11.969946861267 Detik
Duration Looping 500 Data 145.4544699192 Detik 
Total Duration 145.4545879364 Detik 
------------------------- 
Tanggal: 24-05-2022 07:15:02 
Duration Download Forstok 13.515102148056 Detik
Duration Looping 500 Data 155.0840921402 Detik 
Total Duration 155.08422017097 Detik 
------------------------- 
Tanggal: 24-05-2022 07:20:01 
Duration Download Forstok 9.1154410839081 Detik
Duration Looping 500 Data 154.00954508781 Detik 
Total Duration 154.00964903831 Detik 
------------------------- 
Tanggal: 24-05-2022 07:25:02 
Duration Download Forstok 12.056191921234 Detik
Duration Looping 500 Data 146.17331194878 Detik 
Total Duration 146.17343997955 Detik 
------------------------- 
Tanggal: 24-05-2022 07:30:01 
Duration Download Forstok 12.456718921661 Detik
Duration Looping 500 Data 168.6103579998 Detik 
Total Duration 168.61047792435 Detik 
------------------------- 
Tanggal: 24-05-2022 07:35:01 
Duration Download Forstok 15.387274026871 Detik
Duration Looping 500 Data 156.18502807617 Detik 
Total Duration 156.18514704704 Detik 
------------------------- 
Tanggal: 24-05-2022 07:40:01 
Duration Download Forstok 11.599231004715 Detik
Duration Looping 500 Data 145.98174095154 Detik 
Total Duration 145.98186993599 Detik 
------------------------- 
Tanggal: 24-05-2022 07:45:01 
Duration Download Forstok 15.485862970352 Detik
Duration Looping 500 Data 151.15248513222 Detik 
Total Duration 151.15259814262 Detik 
------------------------- 
Tanggal: 24-05-2022 07:50:01 
Duration Download Forstok 9.320818901062 Detik
Duration Looping 500 Data 154.47149586678 Detik 
Total Duration 154.47162389755 Detik 
------------------------- 
Tanggal: 24-05-2022 07:55:01 
Duration Download Forstok 12.097077846527 Detik
Duration Looping 500 Data 157.58023190498 Detik 
Total Duration 157.58036589622 Detik 
------------------------- 
Tanggal: 24-05-2022 08:00:01 
Duration Download Forstok 11.297270059586 Detik
Duration Looping 500 Data 165.21706008911 Detik 
Total Duration 165.21720218658 Detik 
------------------------- 
Tanggal: 24-05-2022 08:05:01 
Duration Download Forstok 23.126055002213 Detik
Duration Looping 500 Data 165.88317418098 Detik 
Total Duration 165.88330721855 Detik 
------------------------- 
Tanggal: 24-05-2022 08:10:01 
Duration Download Forstok 10.288375139236 Detik
Duration Looping 500 Data 156.909471035 Detik 
Total Duration 156.90959000587 Detik 
------------------------- 
Tanggal: 24-05-2022 08:15:01 
Duration Download Forstok 11.81255698204 Detik
Duration Looping 500 Data 165.44155097008 Detik 
Total Duration 165.44167995453 Detik 
------------------------- 
Tanggal: 24-05-2022 08:20:01 
Duration Download Forstok 9.2897479534149 Detik
Duration Looping 500 Data 165.76070785522 Detik 
Total Duration 165.76084184647 Detik 
------------------------- 
Tanggal: 24-05-2022 08:25:01 
Duration Download Forstok 10.706612110138 Detik
Duration Looping 500 Data 156.35473799706 Detik 
Total Duration 156.3548681736 Detik 
------------------------- 
Tanggal: 24-05-2022 08:30:01 
Duration Download Forstok 12.344548940659 Detik
Duration Looping 500 Data 164.42542695999 Detik 
Total Duration 164.42555379868 Detik 
------------------------- 
Tanggal: 24-05-2022 08:35:01 
Duration Download Forstok 14.945845127106 Detik
Duration Looping 500 Data 179.71081614494 Detik 
Total Duration 179.7109401226 Detik 
------------------------- 
Tanggal: 24-05-2022 08:40:01 
Duration Download Forstok 11.230251073837 Detik
Duration Looping 500 Data 180.47775793076 Detik 
Total Duration 180.4778649807 Detik 
------------------------- 
Tanggal: 24-05-2022 08:45:01 
Duration Download Forstok 15.882186889648 Detik
Duration Looping 500 Data 177.30960679054 Detik 
Total Duration 177.30970883369 Detik 
------------------------- 
Tanggal: 24-05-2022 08:50:01 
Duration Download Forstok 11.683709144592 Detik
Duration Looping 500 Data 167.1563410759 Detik 
Total Duration 167.15645813942 Detik 
------------------------- 
Tanggal: 24-05-2022 08:55:01 
Duration Download Forstok 11.508207082748 Detik
Duration Looping 500 Data 171.4824719429 Detik 
Total Duration 171.48260307312 Detik 
------------------------- 
Tanggal: 24-05-2022 09:00:01 
Duration Download Forstok 13.222601175308 Detik
Duration Looping 500 Data 166.5832490921 Detik 
Total Duration 166.58334803581 Detik 
------------------------- 
Tanggal: 24-05-2022 09:05:01 
Duration Download Forstok 24.711057901382 Detik
Duration Looping 500 Data 180.16931509972 Detik 
Total Duration 180.16946697235 Detik 
------------------------- 
Tanggal: 24-05-2022 09:10:01 
Duration Download Forstok 8.6592381000519 Detik
Duration Looping 500 Data 154.80689406395 Detik 
Total Duration 154.80699515343 Detik 
------------------------- 
Tanggal: 24-05-2022 09:15:01 
Duration Download Forstok 13.051676034927 Detik
Duration Looping 500 Data 172.95949912071 Detik 
Total Duration 172.9596221447 Detik 
------------------------- 
Tanggal: 24-05-2022 09:20:01 
Duration Download Forstok 9.3349831104279 Detik
Duration Looping 500 Data 172.28034210205 Detik 
Total Duration 172.28046107292 Detik 
------------------------- 
Tanggal: 24-05-2022 09:25:01 
Duration Download Forstok 10.801518917084 Detik
Duration Looping 500 Data 168.67168211937 Detik 
Total Duration 168.67178797722 Detik 
------------------------- 
Tanggal: 24-05-2022 09:30:01 
Duration Download Forstok 12.325998067856 Detik
Duration Looping 500 Data 171.04271888733 Detik 
Total Duration 171.04283690453 Detik 
------------------------- 
Tanggal: 24-05-2022 09:35:01 
Duration Download Forstok 21.036180019379 Detik
Duration Looping 500 Data 176.82322311401 Detik 
Total Duration 176.82337903976 Detik 
------------------------- 
Tanggal: 24-05-2022 09:40:01 
Duration Download Forstok 11.633953094482 Detik
Duration Looping 500 Data 167.50198817253 Detik 
Total Duration 167.50213193893 Detik 
------------------------- 
Tanggal: 24-05-2022 09:45:01 
Duration Download Forstok 15.604061841965 Detik
Duration Looping 500 Data 178.1353969574 Detik 
Total Duration 178.13554286957 Detik 
------------------------- 
Tanggal: 24-05-2022 09:50:01 
Duration Download Forstok 10.244954824448 Detik
Duration Looping 500 Data 168.29486680031 Detik 
Total Duration 168.29498791695 Detik 
------------------------- 
Tanggal: 24-05-2022 09:55:01 
Duration Download Forstok 10.610659122467 Detik
Duration Looping 500 Data 173.82834911346 Detik 
Total Duration 173.82847714424 Detik 
------------------------- 
Tanggal: 24-05-2022 10:00:01 
Duration Download Forstok 10.045067071915 Detik
Duration Looping 500 Data 172.38387417793 Detik 
Total Duration 172.38397216797 Detik 
------------------------- 
Tanggal: 24-05-2022 10:05:01 
Duration Download Forstok 40.857912778854 Detik
Duration Looping 500 Data 198.0226547718 Detik 
Total Duration 198.02276396751 Detik 
------------------------- 
Tanggal: 24-05-2022 10:10:02 
Duration Download Forstok 11.676779031754 Detik
Duration Looping 500 Data 157.53844308853 Detik 
Total Duration 157.53856515884 Detik 
------------------------- 
Tanggal: 24-05-2022 10:15:01 
Duration Download Forstok 15.1723279953 Detik
Duration Looping 500 Data 171.22020196915 Detik 
Total Duration 171.22033190727 Detik 
------------------------- 
Tanggal: 24-05-2022 10:20:01 
Duration Download Forstok 12.713036060333 Detik
Duration Looping 500 Data 171.91626501083 Detik 
Total Duration 171.91636109352 Detik 
------------------------- 
Tanggal: 24-05-2022 10:25:01 
Duration Download Forstok 10.410560846329 Detik
Duration Looping 500 Data 167.14196896553 Detik 
Total Duration 167.14205694199 Detik 
------------------------- 
Tanggal: 24-05-2022 10:30:01 
Duration Download Forstok 13.477752923965 Detik
Duration Looping 500 Data 174.06300091743 Detik 
Total Duration 174.06309986115 Detik 
------------------------- 
Tanggal: 24-05-2022 10:35:01 
Duration Download Forstok 21.187877178192 Detik
Duration Looping 500 Data 173.62566518784 Detik 
Total Duration 173.62579011917 Detik 
------------------------- 
Tanggal: 24-05-2022 10:40:01 
Duration Download Forstok 15.317978858948 Detik
Duration Looping 500 Data 165.88884997368 Detik 
Total Duration 165.88897800446 Detik 
------------------------- 
Tanggal: 24-05-2022 10:45:01 
Duration Download Forstok 14.716946840286 Detik
Duration Looping 500 Data 171.71296787262 Detik 
Total Duration 171.71309685707 Detik 
------------------------- 
Tanggal: 24-05-2022 10:50:01 
Duration Download Forstok 12.179375171661 Detik
Duration Looping 500 Data 168.46637296677 Detik 
Total Duration 168.46649813652 Detik 
------------------------- 
Tanggal: 24-05-2022 10:55:01 
Duration Download Forstok 11.641093969345 Detik
Duration Looping 500 Data 161.46530389786 Detik 
Total Duration 161.46542096138 Detik 
------------------------- 
Tanggal: 24-05-2022 11:00:01 
Duration Download Forstok 13.404738903046 Detik
Duration Looping 500 Data 175.58252096176 Detik 
Total Duration 175.58263897896 Detik 
------------------------- 
Tanggal: 24-05-2022 11:05:01 
Duration Download Forstok 23.306412935257 Detik
Duration Looping 500 Data 176.33167099953 Detik 
Total Duration 176.331813097 Detik 
------------------------- 
Tanggal: 24-05-2022 11:10:01 
Duration Download Forstok 11.469855070114 Detik
Duration Looping 500 Data 164.78240203857 Detik 
Total Duration 164.7825551033 Detik 
------------------------- 
Tanggal: 24-05-2022 11:15:01 
Duration Download Forstok 13.870805978775 Detik
Duration Looping 500 Data 160.7362408638 Detik 
Total Duration 160.73636484146 Detik 
------------------------- 
Tanggal: 24-05-2022 11:20:01 
Duration Download Forstok 11.426246881485 Detik
Duration Looping 500 Data 159.96074485779 Detik 
Total Duration 159.96085500717 Detik 
------------------------- 
Tanggal: 24-05-2022 11:25:01 
Duration Download Forstok 15.835748910904 Detik
Duration Looping 500 Data 164.00821900368 Detik 
Total Duration 164.0083091259 Detik 
------------------------- 
Tanggal: 24-05-2022 11:30:01 
Duration Download Forstok 11.710107088089 Detik
Duration Looping 500 Data 160.69567418098 Detik 
Total Duration 160.69579100609 Detik 
------------------------- 
Tanggal: 24-05-2022 11:35:01 
Duration Download Forstok 18.507843971252 Detik
Duration Looping 500 Data 163.27115297318 Detik 
Total Duration 163.27128696442 Detik 
------------------------- 
Tanggal: 24-05-2022 11:40:01 
Duration Download Forstok 18.358151912689 Detik
Duration Looping 500 Data 160.63322901726 Detik 
Total Duration 160.63335490227 Detik 
------------------------- 
Tanggal: 24-05-2022 11:45:01 
Duration Download Forstok 15.489253044128 Detik
Duration Looping 500 Data 159.06689715385 Detik 
Total Duration 159.06701207161 Detik 
------------------------- 
Tanggal: 24-05-2022 11:50:01 
Duration Download Forstok 15.075093984604 Detik
Duration Looping 500 Data 163.61908316612 Detik 
Total Duration 163.61918210983 Detik 
------------------------- 
Tanggal: 24-05-2022 11:55:01 
Duration Download Forstok 11.931236982346 Detik
Duration Looping 500 Data 153.76905989647 Detik 
Total Duration 153.76918697357 Detik 
------------------------- 
Tanggal: 24-05-2022 12:00:01 
Duration Download Forstok 12.745199918747 Detik
Duration Looping 500 Data 156.85626196861 Detik 
Total Duration 156.85639500618 Detik 
------------------------- 
Tanggal: 24-05-2022 12:05:01 
Duration Download Forstok 11.295982122421 Detik
Duration Looping 500 Data 160.19432592392 Detik 
Total Duration 160.19444799423 Detik 
------------------------- 
Tanggal: 24-05-2022 12:10:01 
Duration Download Forstok 16.529078960419 Detik
Duration Looping 500 Data 154.13592100143 Detik 
Total Duration 154.13607501984 Detik 
------------------------- 
Tanggal: 24-05-2022 12:15:01 
Duration Download Forstok 16.636227846146 Detik
Duration Looping 500 Data 157.97379088402 Detik 
Total Duration 157.97392582893 Detik 
------------------------- 
Tanggal: 24-05-2022 12:20:01 
Duration Download Forstok 10.514618873596 Detik
Duration Looping 500 Data 145.705493927 Detik 
Total Duration 145.70561099052 Detik 
------------------------- 
Tanggal: 24-05-2022 12:25:01 
Duration Download Forstok 11.111402988434 Detik
Duration Looping 500 Data 157.07846307755 Detik 
Total Duration 157.07858610153 Detik 
------------------------- 
Tanggal: 24-05-2022 12:30:01 
Duration Download Forstok 9.378870010376 Detik
Duration Looping 500 Data 146.498691082 Detik 
Total Duration 146.49882292747 Detik 
------------------------- 
Tanggal: 24-05-2022 12:35:01 
Duration Download Forstok 15.871841907501 Detik
Duration Looping 500 Data 148.12279987335 Detik 
Total Duration 148.12294101715 Detik 
------------------------- 
Tanggal: 24-05-2022 12:40:01 
Duration Download Forstok 10.021337985992 Detik
Duration Looping 500 Data 143.54993915558 Detik 
Total Duration 143.55006814003 Detik 
------------------------- 
Tanggal: 24-05-2022 12:45:01 
Duration Download Forstok 12.343868017197 Detik
Duration Looping 500 Data 154.97670793533 Detik 
Total Duration 154.97681879997 Detik 
------------------------- 
Tanggal: 24-05-2022 12:50:01 
Duration Download Forstok 10.583549022675 Detik
Duration Looping 500 Data 146.51065397263 Detik 
Total Duration 146.51077389717 Detik 
------------------------- 
Tanggal: 24-05-2022 12:55:01 
Duration Download Forstok 9.3658261299133 Detik
Duration Looping 500 Data 152.18356108665 Detik 
Total Duration 152.18368792534 Detik 
------------------------- 
Tanggal: 24-05-2022 13:00:01 
Duration Download Forstok 18.833563089371 Detik
Duration Looping 500 Data 160.06716609001 Detik 
Total Duration 160.06728792191 Detik 
------------------------- 
Tanggal: 24-05-2022 13:05:02 
Duration Download Forstok 28.588798999786 Detik
Duration Looping 500 Data 171.95149898529 Detik 
Total Duration 171.95161914825 Detik 
------------------------- 
Tanggal: 24-05-2022 13:10:01 
Duration Download Forstok 13.391262054443 Detik
Duration Looping 500 Data 161.46557116508 Detik 
Total Duration 161.46569514275 Detik 
------------------------- 
Tanggal: 24-05-2022 13:15:02 
Duration Download Forstok 17.064020872116 Detik
Duration Looping 500 Data 165.51849985123 Detik 
Total Duration 165.51862382889 Detik 
------------------------- 
Tanggal: 24-05-2022 13:20:01 
Duration Download Forstok 14.867300987244 Detik
Duration Looping 500 Data 163.19554710388 Detik 
Total Duration 163.19564604759 Detik 
------------------------- 
Tanggal: 24-05-2022 13:25:01 
Duration Download Forstok 11.503216028214 Detik
Duration Looping 500 Data 150.82408308983 Detik 
Total Duration 150.82418608665 Detik 
------------------------- 
Tanggal: 24-05-2022 13:30:01 
Duration Download Forstok 11.712907075882 Detik
Duration Looping 500 Data 160.902105093 Detik 
Total Duration 160.90222096443 Detik 
------------------------- 
Tanggal: 24-05-2022 13:35:01 
Duration Download Forstok 18.096824169159 Detik
Duration Looping 500 Data 165.02234911919 Detik 
Total Duration 165.02246999741 Detik 
------------------------- 
Tanggal: 24-05-2022 13:40:01 
Duration Download Forstok 14.44846200943 Detik
Duration Looping 500 Data 161.1115000248 Detik 
Total Duration 161.11160588264 Detik 
------------------------- 
Tanggal: 24-05-2022 13:45:01 
Duration Download Forstok 18.290938138962 Detik
Duration Looping 500 Data 164.54358911514 Detik 
Total Duration 164.54372406006 Detik 
------------------------- 
Tanggal: 24-05-2022 13:50:01 
Duration Download Forstok 17.212703943253 Detik
Duration Looping 500 Data 159.26004385948 Detik 
Total Duration 159.26016998291 Detik 
------------------------- 
Tanggal: 24-05-2022 13:55:01 
Duration Download Forstok 11.969845056534 Detik
Duration Looping 500 Data 150.6697499752 Detik 
Total Duration 150.66988515854 Detik 
------------------------- 
Tanggal: 24-05-2022 14:00:01 
Duration Download Forstok 17.842127799988 Detik
Duration Looping 500 Data 165.80379891396 Detik 
Total Duration 165.80391979218 Detik 
------------------------- 
Tanggal: 24-05-2022 14:05:01 
Duration Download Forstok 25.846787929535 Detik
Duration Looping 500 Data 173.6307079792 Detik 
Total Duration 173.63081693649 Detik 
------------------------- 
Tanggal: 24-05-2022 14:10:01 
Duration Download Forstok 16.10862994194 Detik
Duration Looping 500 Data 161.38683199883 Detik 
Total Duration 161.3869330883 Detik 
------------------------- 
Tanggal: 24-05-2022 14:15:01 
Duration Download Forstok 12.138021945953 Detik
Duration Looping 500 Data 149.56860589981 Detik 
Total Duration 149.56873106956 Detik 
------------------------- 
Tanggal: 24-05-2022 14:20:01 
Duration Download Forstok 13.250763893127 Detik
Duration Looping 500 Data 160.82296395302 Detik 
Total Duration 160.82306981087 Detik 
------------------------- 
Tanggal: 24-05-2022 14:25:01 
Duration Download Forstok 12.030373811722 Detik
Duration Looping 500 Data 156.86722397804 Detik 
Total Duration 156.86733984947 Detik 
------------------------- 
Tanggal: 24-05-2022 14:30:01 
Duration Download Forstok 12.405915975571 Detik
Duration Looping 500 Data 158.14481115341 Detik 
Total Duration 158.14493513107 Detik 
------------------------- 
Tanggal: 24-05-2022 14:35:02 
Duration Download Forstok 24.71812915802 Detik
Duration Looping 500 Data 162.87222599983 Detik 
Total Duration 162.87232804298 Detik 
------------------------- 
Tanggal: 24-05-2022 14:40:01 
Duration Download Forstok 20.898686885834 Detik
Duration Looping 500 Data 168.75487685204 Detik 
Total Duration 168.75500583649 Detik 
------------------------- 
Tanggal: 24-05-2022 14:45:01 
Duration Download Forstok 15.136147975922 Detik
Duration Looping 500 Data 155.09051895142 Detik 
Total Duration 155.09065103531 Detik 
------------------------- 
Tanggal: 24-05-2022 14:50:01 
Duration Download Forstok 10.761579990387 Detik
Duration Looping 500 Data 160.45975279808 Detik 
Total Duration 160.45987677574 Detik 
------------------------- 
Tanggal: 24-05-2022 14:55:01 
Duration Download Forstok 14.838274002075 Detik
Duration Looping 500 Data 159.01299500465 Detik 
Total Duration 159.01313304901 Detik 
------------------------- 
Tanggal: 24-05-2022 15:00:01 
Duration Download Forstok 15.672371864319 Detik
Duration Looping 500 Data 166.70210695267 Detik 
Total Duration 166.70221781731 Detik 
------------------------- 
Tanggal: 24-05-2022 15:05:01 
Duration Download Forstok 23.197566986084 Detik
Duration Looping 500 Data 165.25373291969 Detik 
Total Duration 165.25381684303 Detik 
------------------------- 
Tanggal: 24-05-2022 15:10:01 
Duration Download Forstok 12.003658056259 Detik
Duration Looping 500 Data 161.80043196678 Detik 
Total Duration 161.80055594444 Detik 
------------------------- 
Tanggal: 24-05-2022 15:15:01 
Duration Download Forstok 15.533398151398 Detik
Duration Looping 500 Data 164.15271615982 Detik 
Total Duration 164.15285015106 Detik 
------------------------- 
Tanggal: 24-05-2022 15:20:01 
Duration Download Forstok 13.753383159637 Detik
Duration Looping 500 Data 161.45433402061 Detik 
Total Duration 161.45446300507 Detik 
------------------------- 
Tanggal: 24-05-2022 15:25:01 
Duration Download Forstok 10.366482973099 Detik
Duration Looping 500 Data 154.05748391151 Detik 
Total Duration 154.05760598183 Detik 
------------------------- 
Tanggal: 24-05-2022 15:30:01 
Duration Download Forstok 10.449851989746 Detik
Duration Looping 500 Data 160.41535496712 Detik 
Total Duration 160.41548991203 Detik 
------------------------- 
Tanggal: 24-05-2022 15:35:01 
Duration Download Forstok 36.074857950211 Detik
Duration Looping 500 Data 184.77246499062 Detik 
Total Duration 184.77260804176 Detik 
------------------------- 
Tanggal: 24-05-2022 15:40:01 
Duration Download Forstok 12.759824991226 Detik
Duration Looping 500 Data 162.10592699051 Detik 
Total Duration 162.10605692863 Detik 
------------------------- 
Tanggal: 24-05-2022 15:45:01 
Duration Download Forstok 15.134329080582 Detik
Duration Looping 500 Data 159.87561511993 Detik 
Total Duration 159.87575411797 Detik 
------------------------- 
Tanggal: 24-05-2022 15:50:01 
Duration Download Forstok 11.418074846268 Detik
Duration Looping 500 Data 161.55322289467 Detik 
Total Duration 161.55335879326 Detik 
------------------------- 
Tanggal: 24-05-2022 15:55:01 
Duration Download Forstok 11.219969034195 Detik
Duration Looping 500 Data 159.12517094612 Detik 
Total Duration 159.12528300285 Detik 
------------------------- 
Tanggal: 24-05-2022 16:00:01 
Duration Download Forstok 11.611804008484 Detik
Duration Looping 500 Data 165.16423296928 Detik 
Total Duration 165.16433215141 Detik 
------------------------- 
Tanggal: 24-05-2022 16:05:01 
Duration Download Forstok 26.085838079453 Detik
Duration Looping 500 Data 177.13724112511 Detik 
Total Duration 177.13731813431 Detik 
------------------------- 
Tanggal: 24-05-2022 16:10:01 
Duration Download Forstok 15.187970876694 Detik
Duration Looping 500 Data 157.47147297859 Detik 
Total Duration 157.47160482407 Detik 
------------------------- 
Tanggal: 24-05-2022 16:15:01 
Duration Download Forstok 17.303126096725 Detik
Duration Looping 500 Data 160.67640089989 Detik 
Total Duration 160.67653203011 Detik 
------------------------- 
Tanggal: 24-05-2022 16:20:01 
Duration Download Forstok 13.98542881012 Detik
Duration Looping 500 Data 164.17199492455 Detik 
Total Duration 164.17212986946 Detik 
------------------------- 
Tanggal: 24-05-2022 16:25:01 
Duration Download Forstok 14.405220985413 Detik
Duration Looping 500 Data 157.10399079323 Detik 
Total Duration 157.10411381721 Detik 
------------------------- 
Tanggal: 24-05-2022 16:30:01 
Duration Download Forstok 10.813588142395 Detik
Duration Looping 500 Data 155.80304694176 Detik 
Total Duration 155.80318903923 Detik 
------------------------- 
Tanggal: 24-05-2022 16:35:01 
Duration Download Forstok 18.966634988785 Detik
Duration Looping 500 Data 160.23293495178 Detik 
Total Duration 160.23309612274 Detik 
------------------------- 
Tanggal: 24-05-2022 16:40:01 
Duration Download Forstok 16.773045063019 Detik
Duration Looping 500 Data 160.32378315926 Detik 
Total Duration 160.32392501831 Detik 
------------------------- 
Tanggal: 24-05-2022 16:45:01 
Duration Download Forstok 12.833271980286 Detik
Duration Looping 500 Data 161.85550689697 Detik 
Total Duration 161.855645895 Detik 
------------------------- 
Tanggal: 24-05-2022 16:50:01 
Duration Download Forstok 9.9618909358978 Detik
Duration Looping 500 Data 153.11307501793 Detik 
Total Duration 153.11323404312 Detik 
------------------------- 
Tanggal: 24-05-2022 16:55:01 
Duration Download Forstok 11.166442155838 Detik
Duration Looping 500 Data 154.62502908707 Detik 
Total Duration 154.62515306473 Detik 
------------------------- 
Tanggal: 24-05-2022 17:00:01 
Duration Download Forstok 14.207304000854 Detik
Duration Looping 500 Data 162.7452788353 Detik 
Total Duration 162.74540686607 Detik 
------------------------- 
Tanggal: 24-05-2022 17:05:01 
Duration Download Forstok 30.156880140305 Detik
Duration Looping 500 Data 170.44077301025 Detik 
Total Duration 170.44088101387 Detik 
------------------------- 
Tanggal: 24-05-2022 17:10:00 
Duration Download Forstok 13.481930017471 Detik
Duration Looping 500 Data 147.77304601669 Detik 
Total Duration 147.77316594124 Detik 
------------------------- 
Tanggal: 24-05-2022 17:15:01 
Duration Download Forstok 15.875821828842 Detik
Duration Looping 500 Data 151.77601885796 Detik 
Total Duration 151.77613782883 Detik 
------------------------- 
Tanggal: 24-05-2022 17:20:01 
Duration Download Forstok 13.01522898674 Detik
Duration Looping 500 Data 154.42285704613 Detik 
Total Duration 154.42301797867 Detik 
------------------------- 
Tanggal: 24-05-2022 17:25:01 
Duration Download Forstok 11.679649114609 Detik
Duration Looping 500 Data 143.99620294571 Detik 
Total Duration 143.9963259697 Detik 
------------------------- 
Tanggal: 24-05-2022 17:30:01 
Duration Download Forstok 13.557826042175 Detik
Duration Looping 500 Data 144.71623206139 Detik 
Total Duration 144.71635007858 Detik 
------------------------- 
Tanggal: 24-05-2022 17:35:01 
Duration Download Forstok 23.741334915161 Detik
Duration Looping 500 Data 157.7574608326 Detik 
Total Duration 157.75757598877 Detik 
------------------------- 
Tanggal: 24-05-2022 17:40:01 
Duration Download Forstok 11.653414964676 Detik
Duration Looping 500 Data 146.77399778366 Detik 
Total Duration 146.77412581444 Detik 
------------------------- 
Tanggal: 24-05-2022 17:45:01 
Duration Download Forstok 19.994427919388 Detik
Duration Looping 500 Data 148.07606005669 Detik 
Total Duration 148.07618403435 Detik 
------------------------- 
Tanggal: 24-05-2022 17:50:01 
Duration Download Forstok 12.280574083328 Detik
Duration Looping 500 Data 148.09595608711 Detik 
Total Duration 148.09607005119 Detik 
------------------------- 
Tanggal: 24-05-2022 17:55:01 
Duration Download Forstok 10.869076967239 Detik
Duration Looping 500 Data 138.42241501808 Detik 
Total Duration 138.42249393463 Detik 
------------------------- 
Tanggal: 24-05-2022 18:00:01 
Duration Download Forstok 14.487333059311 Detik
Duration Looping 500 Data 142.94894194603 Detik 
Total Duration 142.94907188416 Detik 
------------------------- 
Tanggal: 24-05-2022 18:05:01 
Duration Download Forstok 28.642428874969 Detik
Duration Looping 500 Data 158.56412291527 Detik 
Total Duration 158.5642387867 Detik 
------------------------- 
Tanggal: 24-05-2022 18:10:01 
Duration Download Forstok 15.809462070465 Detik
Duration Looping 500 Data 142.49555587769 Detik 
Total Duration 142.4956870079 Detik 
------------------------- 
Tanggal: 24-05-2022 18:15:01 
Duration Download Forstok 17.612976074219 Detik
Duration Looping 500 Data 146.5883769989 Detik 
Total Duration 146.58849811554 Detik 
------------------------- 
Tanggal: 24-05-2022 18:20:01 
Duration Download Forstok 10.626271009445 Detik
Duration Looping 500 Data 143.89750289917 Detik 
Total Duration 143.89761996269 Detik 
------------------------- 
Tanggal: 24-05-2022 18:25:01 
Duration Download Forstok 9.8094449043274 Detik
Duration Looping 500 Data 140.5586950779 Detik 
Total Duration 140.55881500244 Detik 
------------------------- 
Tanggal: 24-05-2022 18:30:01 
Duration Download Forstok 10.648849964142 Detik
Duration Looping 500 Data 138.21541595459 Detik 
Total Duration 138.21553301811 Detik 
------------------------- 
Tanggal: 24-05-2022 18:35:01 
Duration Download Forstok 23.512739896774 Detik
Duration Looping 500 Data 157.92474198341 Detik 
Total Duration 157.92486190796 Detik 
------------------------- 
Tanggal: 24-05-2022 18:40:01 
Duration Download Forstok 13.699532985687 Detik
Duration Looping 500 Data 140.93853211403 Detik 
Total Duration 140.93864703178 Detik 
------------------------- 
Tanggal: 24-05-2022 18:45:01 
Duration Download Forstok 21.173907995224 Detik
Duration Looping 500 Data 151.33102798462 Detik 
Total Duration 151.33114385605 Detik 
------------------------- 
Tanggal: 24-05-2022 18:50:02 
Duration Download Forstok 12.609424829483 Detik
Duration Looping 500 Data 149.06184697151 Detik 
Total Duration 149.0619699955 Detik 
------------------------- 
Tanggal: 24-05-2022 18:55:01 
Duration Download Forstok 11.306758165359 Detik
Duration Looping 500 Data 139.73189115524 Detik 
Total Duration 139.73201107979 Detik 
------------------------- 
Tanggal: 24-05-2022 19:00:02 
Duration Download Forstok 11.479323863983 Detik
Duration Looping 500 Data 138.95181584358 Detik 
Total Duration 138.95194602013 Detik 
------------------------- 
Tanggal: 24-05-2022 19:05:01 
Duration Download Forstok 35.040860891342 Detik
Duration Looping 500 Data 162.75661110878 Detik 
Total Duration 162.75672793388 Detik 
------------------------- 
Tanggal: 24-05-2022 19:10:01 
Duration Download Forstok 10.9306640625 Detik
Duration Looping 500 Data 144.11903500557 Detik 
Total Duration 144.11915612221 Detik 
------------------------- 
Tanggal: 24-05-2022 19:15:01 
Duration Download Forstok 14.125781059265 Detik
Duration Looping 500 Data 143.21973705292 Detik 
Total Duration 143.21986198425 Detik 
------------------------- 
Tanggal: 24-05-2022 19:20:01 
Duration Download Forstok 12.836053848267 Detik
Duration Looping 500 Data 140.59198188782 Detik 
Total Duration 140.5921049118 Detik 
------------------------- 
Tanggal: 24-05-2022 19:25:01 
Duration Download Forstok 9.7421481609344 Detik
Duration Looping 500 Data 140.76833701134 Detik 
Total Duration 140.76845908165 Detik 
------------------------- 
Tanggal: 24-05-2022 19:30:01 
Duration Download Forstok 9.3190369606018 Detik
Duration Looping 500 Data 149.70960783958 Detik 
Total Duration 149.70970487595 Detik 
------------------------- 
Tanggal: 24-05-2022 19:35:01 
Duration Download Forstok 19.584484815598 Detik
Duration Looping 500 Data 150.97144293785 Detik 
Total Duration 150.97155690193 Detik 
------------------------- 
Tanggal: 24-05-2022 19:40:01 
Duration Download Forstok 14.944453954697 Detik
Duration Looping 500 Data 146.73333692551 Detik 
Total Duration 146.73345994949 Detik 
------------------------- 
Tanggal: 24-05-2022 19:45:01 
Duration Download Forstok 10.91305398941 Detik
Duration Looping 500 Data 143.91609501839 Detik 
Total Duration 143.916203022 Detik 
------------------------- 
Tanggal: 24-05-2022 19:50:01 
Duration Download Forstok 10.829221963882 Detik
Duration Looping 500 Data 143.58983898163 Detik 
Total Duration 143.58994889259 Detik 
------------------------- 
Tanggal: 24-05-2022 19:55:01 
Duration Download Forstok 12.894526004791 Detik
Duration Looping 500 Data 140.18628716469 Detik 
Total Duration 140.18640208244 Detik 
------------------------- 
Tanggal: 24-05-2022 20:00:01 
Duration Download Forstok 10.131412982941 Detik
Duration Looping 500 Data 144.49297881126 Detik 
Total Duration 144.49310684204 Detik 
------------------------- 
Tanggal: 24-05-2022 20:05:01 
Duration Download Forstok 26.731710910797 Detik
Duration Looping 500 Data 159.49484086037 Detik 
Total Duration 159.49495697021 Detik 
------------------------- 
Tanggal: 24-05-2022 20:10:01 
Duration Download Forstok 10.849748849869 Detik
Duration Looping 500 Data 142.17022895813 Detik 
Total Duration 142.17034983635 Detik 
------------------------- 
Tanggal: 24-05-2022 20:15:01 
Duration Download Forstok 11.752780914307 Detik
Duration Looping 500 Data 140.71712899208 Detik 
Total Duration 140.7172498703 Detik 
------------------------- 
Tanggal: 24-05-2022 20:20:01 
Duration Download Forstok 12.911051988602 Detik
Duration Looping 500 Data 144.94352197647 Detik 
Total Duration 144.94364786148 Detik 
------------------------- 
Tanggal: 24-05-2022 20:25:01 
Duration Download Forstok 10.262843132019 Detik
Duration Looping 500 Data 145.50843501091 Detik 
Total Duration 145.50856900215 Detik 
------------------------- 
Tanggal: 24-05-2022 20:30:01 
Duration Download Forstok 12.566064834595 Detik
Duration Looping 500 Data 152.75561785698 Detik 
Total Duration 152.75576686859 Detik 
------------------------- 
Tanggal: 24-05-2022 20:35:01 
Duration Download Forstok 20.304753065109 Detik
Duration Looping 500 Data 151.20848202705 Detik 
Total Duration 151.20864009857 Detik 
------------------------- 
Tanggal: 24-05-2022 20:40:01 
Duration Download Forstok 12.12257194519 Detik
Duration Looping 500 Data 149.23418688774 Detik 
Total Duration 149.23430490494 Detik 
------------------------- 
Tanggal: 24-05-2022 20:45:01 
Duration Download Forstok 22.906002998352 Detik
Duration Looping 500 Data 155.70293784142 Detik 
Total Duration 155.7030608654 Detik 
------------------------- 
Tanggal: 24-05-2022 20:50:01 
Duration Download Forstok 10.890569925308 Detik
Duration Looping 500 Data 148.60847783089 Detik 
Total Duration 148.60861587524 Detik 
------------------------- 
Tanggal: 24-05-2022 20:55:01 
Duration Download Forstok 10.824220895767 Detik
Duration Looping 500 Data 146.74711489677 Detik 
Total Duration 146.74725699425 Detik 
------------------------- 
Tanggal: 24-05-2022 21:00:01 
Duration Download Forstok 12.07910990715 Detik
Duration Looping 500 Data 152.13480305672 Detik 
Total Duration 152.13493108749 Detik 
------------------------- 
Tanggal: 24-05-2022 21:05:01 
Duration Download Forstok 36.413965940475 Detik
Duration Looping 500 Data 173.00488901138 Detik 
Total Duration 173.00500702858 Detik 
------------------------- 
Tanggal: 24-05-2022 21:10:01 
Duration Download Forstok 13.294511079788 Detik
Duration Looping 500 Data 145.53983306885 Detik 
Total Duration 145.53991913795 Detik 
------------------------- 
Tanggal: 24-05-2022 21:15:01 
Duration Download Forstok 17.898990154266 Detik
Duration Looping 500 Data 148.97716712952 Detik 
Total Duration 148.97728610039 Detik 
------------------------- 
Tanggal: 24-05-2022 21:20:01 
Duration Download Forstok 9.4243869781494 Detik
Duration Looping 500 Data 143.85857605934 Detik 
Total Duration 143.85873293877 Detik 
------------------------- 
Tanggal: 24-05-2022 21:25:01 
Duration Download Forstok 9.5067639350891 Detik
Duration Looping 500 Data 146.83837604523 Detik 
Total Duration 146.83851599693 Detik 
------------------------- 
Tanggal: 24-05-2022 21:30:01 
Duration Download Forstok 10.820532798767 Detik
Duration Looping 500 Data 146.31501293182 Detik 
Total Duration 146.3151447773 Detik 
------------------------- 
Tanggal: 24-05-2022 21:35:01 
Duration Download Forstok 26.676759958267 Detik
Duration Looping 500 Data 159.29310297966 Detik 
Total Duration 159.2932240963 Detik 
------------------------- 
Tanggal: 24-05-2022 21:40:01 
Duration Download Forstok 11.457628011703 Detik
Duration Looping 500 Data 144.37959980965 Detik 
Total Duration 144.37973093987 Detik 
------------------------- 
Tanggal: 24-05-2022 21:45:01 
Duration Download Forstok 13.432146072388 Detik
Duration Looping 500 Data 152.38104391098 Detik 
Total Duration 152.38116812706 Detik 
------------------------- 
Tanggal: 24-05-2022 21:50:01 
Duration Download Forstok 13.452208042145 Detik
Duration Looping 500 Data 153.60536694527 Detik 
Total Duration 153.6054918766 Detik 
------------------------- 
Tanggal: 24-05-2022 21:55:01 
Duration Download Forstok 9.246673822403 Detik
Duration Looping 500 Data 145.83241581917 Detik 
Total Duration 145.83256101608 Detik 
------------------------- 
Tanggal: 24-05-2022 22:00:01 
Duration Download Forstok 11.852934122086 Detik
Duration Looping 500 Data 144.19867300987 Detik 
Total Duration 144.19879317284 Detik 
------------------------- 
Tanggal: 24-05-2022 22:05:01 
Duration Download Forstok 9.3184168338776 Detik
Duration Looping 500 Data 141.98386192322 Detik 
Total Duration 141.98396682739 Detik 
------------------------- 
Tanggal: 24-05-2022 22:10:01 
Duration Download Forstok 13.729181051254 Detik
Duration Looping 500 Data 149.00093388557 Detik 
Total Duration 149.00105404854 Detik 
------------------------- 
Tanggal: 24-05-2022 22:15:01 
Duration Download Forstok 19.489804983139 Detik
Duration Looping 500 Data 151.16355609894 Detik 
Total Duration 151.16371893883 Detik 
------------------------- 
Tanggal: 24-05-2022 22:20:01 
Duration Download Forstok 12.680006027222 Detik
Duration Looping 500 Data 150.7453379631 Detik 
Total Duration 150.74547410011 Detik 
------------------------- 
Tanggal: 24-05-2022 22:25:01 
Duration Download Forstok 12.45542216301 Detik
Duration Looping 500 Data 146.84010100365 Detik 
Total Duration 146.84022212029 Detik 
------------------------- 
Tanggal: 24-05-2022 22:30:01 
Duration Download Forstok 14.425050973892 Detik
Duration Looping 500 Data 157.25179481506 Detik 
Total Duration 157.25191092491 Detik 
------------------------- 
Tanggal: 24-05-2022 22:35:01 
Duration Download Forstok 28.211319923401 Detik
Duration Looping 500 Data 162.73315000534 Detik 
Total Duration 162.73327708244 Detik 
------------------------- 
Tanggal: 24-05-2022 22:40:01 
Duration Download Forstok 11.454982995987 Detik
Duration Looping 500 Data 141.57040405273 Detik 
Total Duration 141.57053089142 Detik 
------------------------- 
Tanggal: 24-05-2022 22:45:01 
Duration Download Forstok 15.85498213768 Detik
Duration Looping 500 Data 149.87334704399 Detik 
Total Duration 149.87347817421 Detik 
------------------------- 
Tanggal: 24-05-2022 22:50:01 
Duration Download Forstok 10.166476964951 Detik
Duration Looping 500 Data 145.42391395569 Detik 
Total Duration 145.42402815819 Detik 
------------------------- 
Tanggal: 24-05-2022 22:55:01 
Duration Download Forstok 11.236204862595 Detik
Duration Looping 500 Data 139.23966193199 Detik 
Total Duration 139.23978805542 Detik 
------------------------- 
Tanggal: 24-05-2022 23:00:01 
Duration Download Forstok 11.968283891678 Detik
Duration Looping 500 Data 148.00728988647 Detik 
Total Duration 148.0074160099 Detik 
------------------------- 
Tanggal: 24-05-2022 23:05:01 
Duration Download Forstok 32.967725992203 Detik
Duration Looping 500 Data 165.63835406303 Detik 
Total Duration 165.63847899437 Detik 
------------------------- 
Tanggal: 24-05-2022 23:10:01 
Duration Download Forstok 9.4006659984589 Detik
Duration Looping 500 Data 138.49097800255 Detik 
Total Duration 138.49110198021 Detik 
------------------------- 
Tanggal: 24-05-2022 23:15:02 
Duration Download Forstok 15.297112941742 Detik
Duration Looping 500 Data 158.87428593636 Detik 
Total Duration 158.87440085411 Detik 
------------------------- 
Tanggal: 24-05-2022 23:20:01 
Duration Download Forstok 11.52323102951 Detik
Duration Looping 500 Data 147.25302004814 Detik 
Total Duration 147.25314307213 Detik 
------------------------- 
Tanggal: 24-05-2022 23:25:01 
Duration Download Forstok 9.4231011867523 Detik
Duration Looping 500 Data 145.40892219543 Detik 
Total Duration 145.40907812119 Detik 
------------------------- 
Tanggal: 24-05-2022 23:30:01 
Duration Download Forstok 12.486340999603 Detik
Duration Looping 500 Data 151.35840296745 Detik 
Total Duration 151.35851502419 Detik 
------------------------- 
Tanggal: 24-05-2022 23:35:02 
Duration Download Forstok 16.318542003632 Detik
Duration Looping 500 Data 149.03483605385 Detik 
Total Duration 149.03496408463 Detik 
------------------------- 
Tanggal: 24-05-2022 23:40:01 
Duration Download Forstok 12.486148118973 Detik
Duration Looping 500 Data 150.13356208801 Detik 
Total Duration 150.13369107246 Detik 
------------------------- 
Tanggal: 24-05-2022 23:45:01 
Duration Download Forstok 14.922188997269 Detik
Duration Looping 500 Data 148.19927000999 Detik 
Total Duration 148.19938492775 Detik 
------------------------- 
Tanggal: 24-05-2022 23:50:01 
Duration Download Forstok 11.266830921173 Detik
Duration Looping 500 Data 148.36056113243 Detik 
Total Duration 148.36068892479 Detik 
------------------------- 
Tanggal: 24-05-2022 23:55:01 
Duration Download Forstok 13.441606998444 Detik
Duration Looping 500 Data 144.46321511269 Detik 
Total Duration 144.46336102486 Detik 
------------------------- 
