Tanggal: 11-06-2022 00:00:01 
Duration Download Forstok 16.920850992203 Detik
Duration Looping 500 Data 655.3895201683 Detik 
Total Duration 655.41219520569 Detik 
------------------------- 
Tanggal: 11-06-2022 00:15:01 
Duration Download Forstok 23.205498933792 Detik
Duration Looping 500 Data 151.75169587135 Detik 
Total Duration 151.77431797981 Detik 
------------------------- 
Tanggal: 11-06-2022 00:20:02 
Duration Download Forstok 12.083283901215 Detik
Duration Looping 500 Data 172.10486984253 Detik 
Total Duration 172.13038396835 Detik 
------------------------- 
Tanggal: 11-06-2022 00:25:01 
Duration Download Forstok 10.732983112335 Detik
Duration Looping 500 Data 142.99755001068 Detik 
Total Duration 143.02072715759 Detik 
------------------------- 
Tanggal: 11-06-2022 00:30:01 
Duration Download Forstok 12.88445520401 Detik
Duration Looping 500 Data 146.65296602249 Detik 
Total Duration 146.67439317703 Detik 
------------------------- 
Tanggal: 11-06-2022 00:35:01 
Duration Download Forstok 20.362096071243 Detik
Duration Looping 500 Data 146.42215800285 Detik 
Total Duration 146.44427204132 Detik 
------------------------- 
Tanggal: 11-06-2022 00:40:01 
Duration Download Forstok 12.546425819397 Detik
Duration Looping 500 Data 138.53998303413 Detik 
Total Duration 138.56338191032 Detik 
------------------------- 
Tanggal: 11-06-2022 00:45:01 
Duration Download Forstok 19.143095016479 Detik
Duration Looping 500 Data 146.94604301453 Detik 
Total Duration 146.96866106987 Detik 
------------------------- 
Tanggal: 11-06-2022 00:50:01 
Duration Download Forstok 13.979802846909 Detik
Duration Looping 500 Data 141.22759389877 Detik 
Total Duration 141.24926304817 Detik 
------------------------- 
Tanggal: 11-06-2022 00:55:01 
Duration Download Forstok 10.082323789597 Detik
Duration Looping 500 Data 136.33958387375 Detik 
Total Duration 136.36181092262 Detik 
------------------------- 
Tanggal: 11-06-2022 01:00:02 
Duration Download Forstok 11.351527929306 Detik
Duration Looping 500 Data 138.21870088577 Detik 
Total Duration 138.24046897888 Detik 
------------------------- 
Tanggal: 11-06-2022 01:05:01 
Duration Download Forstok 28.630633115768 Detik
Duration Looping 500 Data 157.56153011322 Detik 
Total Duration 157.58473515511 Detik 
------------------------- 
Tanggal: 11-06-2022 01:10:01 
Duration Download Forstok 12.496459007263 Detik
Duration Looping 500 Data 141.52049589157 Detik 
Total Duration 141.54377198219 Detik 
------------------------- 
Tanggal: 11-06-2022 01:15:01 
Duration Download Forstok 15.02016210556 Detik
Duration Looping 500 Data 149.89420199394 Detik 
Total Duration 149.91786408424 Detik 
------------------------- 
Tanggal: 11-06-2022 01:20:01 
Duration Download Forstok 12.607351064682 Detik
Duration Looping 500 Data 139.25646710396 Detik 
Total Duration 139.27731704712 Detik 
------------------------- 
Tanggal: 11-06-2022 01:25:01 
Duration Download Forstok 12.125284910202 Detik
Duration Looping 500 Data 147.85683894157 Detik 
Total Duration 147.88002896309 Detik 
------------------------- 
Tanggal: 11-06-2022 01:30:01 
Duration Download Forstok 12.436455011368 Detik
Duration Looping 500 Data 168.43175911903 Detik 
Total Duration 168.45760798454 Detik 
------------------------- 
Tanggal: 11-06-2022 01:35:01 
Duration Download Forstok 17.153230905533 Detik
Duration Looping 500 Data 171.67875289917 Detik 
Total Duration 171.70573806763 Detik 
------------------------- 
Tanggal: 11-06-2022 01:40:01 
Duration Download Forstok 9.5025660991669 Detik
Duration Looping 500 Data 144.58712601662 Detik 
Total Duration 144.6099550724 Detik 
------------------------- 
Tanggal: 11-06-2022 01:45:01 
Duration Download Forstok 14.551969051361 Detik
Duration Looping 500 Data 152.47697496414 Detik 
Total Duration 152.49964308739 Detik 
------------------------- 
Tanggal: 11-06-2022 01:50:01 
Duration Download Forstok 21.220474004745 Detik
Duration Looping 500 Data 150.8375980854 Detik 
Total Duration 150.85984015465 Detik 
------------------------- 
Tanggal: 11-06-2022 01:55:01 
Duration Download Forstok 11.593193769455 Detik
Duration Looping 500 Data 139.80822777748 Detik 
Total Duration 139.83146595955 Detik 
------------------------- 
Tanggal: 11-06-2022 02:00:01 
Duration Download Forstok 12.865807056427 Detik
Duration Looping 500 Data 140.52861094475 Detik 
Total Duration 140.55139899254 Detik 
------------------------- 
Tanggal: 11-06-2022 02:05:01 
Duration Download Forstok 20.084191083908 Detik
Duration Looping 500 Data 148.54441618919 Detik 
Total Duration 148.56729412079 Detik 
------------------------- 
Tanggal: 11-06-2022 02:10:02 
Duration Download Forstok 10.855527877808 Detik
Duration Looping 500 Data 140.38025903702 Detik 
Total Duration 140.4037668705 Detik 
------------------------- 
Tanggal: 11-06-2022 02:15:01 
Duration Download Forstok 19.513895988464 Detik
Duration Looping 500 Data 163.32268095016 Detik 
Total Duration 163.34404492378 Detik 
------------------------- 
Tanggal: 11-06-2022 02:20:01 
Duration Download Forstok 10.455559015274 Detik
Duration Looping 500 Data 136.67155504227 Detik 
Total Duration 136.69395184517 Detik 
------------------------- 
Tanggal: 11-06-2022 02:25:01 
Duration Download Forstok 9.942999124527 Detik
Duration Looping 500 Data 135.66663908958 Detik 
Total Duration 135.68945217133 Detik 
------------------------- 
Tanggal: 11-06-2022 02:30:01 
Duration Download Forstok 12.347393035889 Detik
Duration Looping 500 Data 149.17962408066 Detik 
Total Duration 149.20165205002 Detik 
------------------------- 
Tanggal: 11-06-2022 02:35:02 
Duration Download Forstok 18.653613090515 Detik
Duration Looping 500 Data 147.10112810135 Detik 
Total Duration 147.12369513512 Detik 
------------------------- 
Tanggal: 11-06-2022 02:40:01 
Duration Download Forstok 12.734425067902 Detik
Duration Looping 500 Data 143.75389695168 Detik 
Total Duration 143.77711415291 Detik 
------------------------- 
Tanggal: 11-06-2022 02:45:01 
Duration Download Forstok 16.520895004272 Detik
Duration Looping 500 Data 145.79535698891 Detik 
Total Duration 145.81869792938 Detik 
------------------------- 
Tanggal: 11-06-2022 02:50:01 
Duration Download Forstok 15.904808998108 Detik
Duration Looping 500 Data 142.25186491013 Detik 
Total Duration 142.27304697037 Detik 
------------------------- 
Tanggal: 11-06-2022 02:55:01 
Duration Download Forstok 13.175354003906 Detik
Duration Looping 500 Data 143.29944515228 Detik 
Total Duration 143.3229060173 Detik 
------------------------- 
Tanggal: 11-06-2022 03:00:01 
Duration Download Forstok 11.109241008759 Detik
Duration Looping 500 Data 149.60910415649 Detik 
Total Duration 149.63041400909 Detik 
------------------------- 
Tanggal: 11-06-2022 03:05:01 
Duration Download Forstok 29.409929037094 Detik
Duration Looping 500 Data 157.77074694633 Detik 
Total Duration 157.79380393028 Detik 
------------------------- 
Tanggal: 11-06-2022 03:10:01 
Duration Download Forstok 10.006250858307 Detik
Duration Looping 500 Data 136.66996979713 Detik 
Total Duration 136.69265389442 Detik 
------------------------- 
Tanggal: 11-06-2022 03:15:01 
Duration Download Forstok 18.454669952393 Detik
Duration Looping 500 Data 146.80434012413 Detik 
Total Duration 146.83005595207 Detik 
------------------------- 
Tanggal: 11-06-2022 03:20:01 
Duration Download Forstok 11.849867105484 Detik
Duration Looping 500 Data 138.55102109909 Detik 
Total Duration 138.5728559494 Detik 
------------------------- 
Tanggal: 11-06-2022 03:25:01 
Duration Download Forstok 9.2310380935669 Detik
Duration Looping 500 Data 134.30599308014 Detik 
Total Duration 134.3296649456 Detik 
------------------------- 
Tanggal: 11-06-2022 03:30:01 
Duration Download Forstok 9.8029968738556 Detik
Duration Looping 500 Data 135.43852496147 Detik 
Total Duration 135.46046900749 Detik 
------------------------- 
Tanggal: 11-06-2022 03:35:02 
Duration Download Forstok 17.380294799805 Detik
Duration Looping 500 Data 141.86720585823 Detik 
Total Duration 141.8896009922 Detik 
------------------------- 
Tanggal: 11-06-2022 03:40:01 
Duration Download Forstok 9.7916479110718 Detik
Duration Looping 500 Data 134.65544390678 Detik 
Total Duration 134.67827296257 Detik 
------------------------- 
Tanggal: 11-06-2022 03:45:01 
Duration Download Forstok 26.013669967651 Detik
Duration Looping 500 Data 153.59140610695 Detik 
Total Duration 153.61457800865 Detik 
------------------------- 
Tanggal: 11-06-2022 03:50:01 
Duration Download Forstok 10.247087001801 Detik
Duration Looping 500 Data 149.12243390083 Detik 
Total Duration 149.14323878288 Detik 
------------------------- 
Tanggal: 11-06-2022 03:55:01 
Duration Download Forstok 10.800545930862 Detik
Duration Looping 500 Data 135.26418995857 Detik 
Total Duration 135.28649306297 Detik 
------------------------- 
Tanggal: 11-06-2022 04:00:01 
Duration Download Forstok 11.008890867233 Detik
Duration Looping 500 Data 137.09042787552 Detik 
Total Duration 137.11165595055 Detik 
------------------------- 
Tanggal: 11-06-2022 04:05:01 
Duration Download Forstok 28.534930944443 Detik
Duration Looping 500 Data 163.61783003807 Detik 
Total Duration 163.64060592651 Detik 
------------------------- 
Tanggal: 11-06-2022 04:10:01 
Duration Download Forstok 9.6740920543671 Detik
Duration Looping 500 Data 163.94057607651 Detik 
Total Duration 163.96588897705 Detik 
------------------------- 
Tanggal: 11-06-2022 04:15:01 
Duration Download Forstok 22.140209913254 Detik
Duration Looping 500 Data 146.98885583878 Detik 
Total Duration 147.01118302345 Detik 
------------------------- 
Tanggal: 11-06-2022 04:20:01 
Duration Download Forstok 12.960820913315 Detik
Duration Looping 500 Data 142.96821093559 Detik 
Total Duration 142.99265789986 Detik 
------------------------- 
Tanggal: 11-06-2022 04:25:01 
Duration Download Forstok 10.425539970398 Detik
Duration Looping 500 Data 134.32828211784 Detik 
Total Duration 134.35156202316 Detik 
------------------------- 
Tanggal: 11-06-2022 04:30:01 
Duration Download Forstok 11.636497020721 Detik
Duration Looping 500 Data 157.76688790321 Detik 
Total Duration 157.78886294365 Detik 
------------------------- 
Tanggal: 11-06-2022 04:35:01 
Duration Download Forstok 16.074379920959 Detik
Duration Looping 500 Data 140.69061899185 Detik 
Total Duration 140.71289181709 Detik 
------------------------- 
Tanggal: 11-06-2022 04:40:01 
Duration Download Forstok 14.437513113022 Detik
Duration Looping 500 Data 155.63184499741 Detik 
Total Duration 155.65532016754 Detik 
------------------------- 
Tanggal: 11-06-2022 04:45:01 
Duration Download Forstok 16.402153968811 Detik
Duration Looping 500 Data 144.54249405861 Detik 
Total Duration 144.56601810455 Detik 
------------------------- 
Tanggal: 11-06-2022 04:50:01 
Duration Download Forstok 10.99519610405 Detik
Duration Looping 500 Data 139.75155091286 Detik 
Total Duration 139.77245593071 Detik 
------------------------- 
Tanggal: 11-06-2022 04:55:01 
Duration Download Forstok 11.323302030563 Detik
Duration Looping 500 Data 149.93344593048 Detik 
Total Duration 149.95929408073 Detik 
------------------------- 
Tanggal: 11-06-2022 05:00:01 
Duration Download Forstok 12.090011119843 Detik
Duration Looping 500 Data 147.52270102501 Detik 
Total Duration 147.54725718498 Detik 
------------------------- 
Tanggal: 11-06-2022 05:05:02 
Duration Download Forstok 27.255383968353 Detik
Duration Looping 500 Data 153.34413599968 Detik 
Total Duration 153.36692285538 Detik 
------------------------- 
Tanggal: 11-06-2022 05:10:01 
Duration Download Forstok 13.385052919388 Detik
Duration Looping 500 Data 143.24526906013 Detik 
Total Duration 143.26829695702 Detik 
------------------------- 
Tanggal: 11-06-2022 05:15:01 
Duration Download Forstok 15.507006883621 Detik
Duration Looping 500 Data 141.20945286751 Detik 
Total Duration 141.23220181465 Detik 
------------------------- 
Tanggal: 11-06-2022 05:20:01 
Duration Download Forstok 12.676601886749 Detik
Duration Looping 500 Data 141.22042894363 Detik 
Total Duration 141.24254202843 Detik 
------------------------- 
Tanggal: 11-06-2022 05:25:01 
Duration Download Forstok 12.377887964249 Detik
Duration Looping 500 Data 140.4308719635 Detik 
Total Duration 140.45491099358 Detik 
------------------------- 
Tanggal: 11-06-2022 05:30:01 
Duration Download Forstok 9.2290380001068 Detik
Duration Looping 500 Data 165.59694194794 Detik 
Total Duration 165.62229704857 Detik 
------------------------- 
Tanggal: 11-06-2022 05:35:01 
Duration Download Forstok 14.708704948425 Detik
Duration Looping 500 Data 169.93425893784 Detik 
Total Duration 169.96017003059 Detik 
------------------------- 
Tanggal: 11-06-2022 05:40:01 
Duration Download Forstok 11.952841997147 Detik
Duration Looping 500 Data 137.17855906487 Detik 
Total Duration 137.20117712021 Detik 
------------------------- 
Tanggal: 11-06-2022 05:45:01 
Duration Download Forstok 15.394535064697 Detik
Duration Looping 500 Data 141.2490530014 Detik 
Total Duration 141.27287006378 Detik 
------------------------- 
Tanggal: 11-06-2022 05:50:01 
Duration Download Forstok 10.356732845306 Detik
Duration Looping 500 Data 137.75572085381 Detik 
Total Duration 137.77736091614 Detik 
------------------------- 
Tanggal: 11-06-2022 05:55:01 
Duration Download Forstok 14.289927959442 Detik
Duration Looping 500 Data 139.57885599136 Detik 
Total Duration 139.60387182236 Detik 
------------------------- 
Tanggal: 11-06-2022 06:00:01 
Duration Download Forstok 11.302513122559 Detik
Duration Looping 500 Data 141.46886491776 Detik 
Total Duration 141.49030303955 Detik 
------------------------- 
Tanggal: 11-06-2022 06:05:01 
Duration Download Forstok 34.010933876038 Detik
Duration Looping 500 Data 163.5220079422 Detik 
Total Duration 163.54450201988 Detik 
------------------------- 
Tanggal: 11-06-2022 06:10:01 
Duration Download Forstok 15.025244951248 Detik
Duration Looping 500 Data 152.76214194298 Detik 
Total Duration 152.78437685966 Detik 
------------------------- 
Tanggal: 11-06-2022 06:15:01 
Duration Download Forstok 16.766529083252 Detik
Duration Looping 500 Data 145.50826001167 Detik 
Total Duration 145.53130602837 Detik 
------------------------- 
Tanggal: 11-06-2022 06:20:01 
Duration Download Forstok 10.659155130386 Detik
Duration Looping 500 Data 137.51715707779 Detik 
Total Duration 137.53903794289 Detik 
------------------------- 
Tanggal: 11-06-2022 06:25:01 
Duration Download Forstok 9.3984298706055 Detik
Duration Looping 500 Data 149.82292890549 Detik 
Total Duration 149.84417200089 Detik 
------------------------- 
Tanggal: 11-06-2022 06:30:02 
Duration Download Forstok 10.473330020905 Detik
Duration Looping 500 Data 140.54763102531 Detik 
Total Duration 140.56879496574 Detik 
------------------------- 
Tanggal: 11-06-2022 06:35:01 
Duration Download Forstok 15.597856044769 Detik
Duration Looping 500 Data 145.84517216682 Detik 
Total Duration 145.86700606346 Detik 
------------------------- 
Tanggal: 11-06-2022 06:40:01 
Duration Download Forstok 11.523001909256 Detik
Duration Looping 500 Data 158.79029178619 Detik 
Total Duration 158.81328988075 Detik 
------------------------- 
Tanggal: 11-06-2022 06:45:02 
Duration Download Forstok 14.89071393013 Detik
Duration Looping 500 Data 145.66901683807 Detik 
Total Duration 145.69118094444 Detik 
------------------------- 
Tanggal: 11-06-2022 06:50:01 
Duration Download Forstok 9.2794120311737 Detik
Duration Looping 500 Data 154.96176505089 Detik 
Total Duration 154.98378801346 Detik 
------------------------- 
Tanggal: 11-06-2022 06:55:01 
Duration Download Forstok 9.8145279884338 Detik
Duration Looping 500 Data 141.11916613579 Detik 
Total Duration 141.14608001709 Detik 
------------------------- 
Tanggal: 11-06-2022 07:00:01 
Duration Download Forstok 11.284691095352 Detik
Duration Looping 500 Data 140.84802508354 Detik 
Total Duration 140.8697450161 Detik 
------------------------- 
Tanggal: 11-06-2022 07:05:01 
Duration Download Forstok 19.130262136459 Detik
Duration Looping 500 Data 149.84038615227 Detik 
Total Duration 149.8638150692 Detik 
------------------------- 
Tanggal: 11-06-2022 07:10:01 
Duration Download Forstok 13.263792991638 Detik
Duration Looping 500 Data 143.7339990139 Detik 
Total Duration 143.76015090942 Detik 
------------------------- 
Tanggal: 11-06-2022 07:15:01 
Duration Download Forstok 16.855058908463 Detik
Duration Looping 500 Data 145.78652191162 Detik 
Total Duration 145.80997991562 Detik 
------------------------- 
Tanggal: 11-06-2022 07:20:01 
Duration Download Forstok 12.253867149353 Detik
Duration Looping 500 Data 140.71882200241 Detik 
Total Duration 140.74046111107 Detik 
------------------------- 
Tanggal: 11-06-2022 07:25:01 
Duration Download Forstok 11.931689023972 Detik
Duration Looping 500 Data 143.10935306549 Detik 
Total Duration 143.13621091843 Detik 
------------------------- 
Tanggal: 11-06-2022 07:30:01 
Duration Download Forstok 11.164032936096 Detik
Duration Looping 500 Data 146.76214814186 Detik 
Total Duration 146.78389596939 Detik 
------------------------- 
Tanggal: 11-06-2022 07:35:01 
Duration Download Forstok 19.339415073395 Detik
Duration Looping 500 Data 149.65575790405 Detik 
Total Duration 149.67939686775 Detik 
------------------------- 
Tanggal: 11-06-2022 07:40:01 
Duration Download Forstok 12.947766065598 Detik
Duration Looping 500 Data 140.51367497444 Detik 
Total Duration 140.53809499741 Detik 
------------------------- 
Tanggal: 11-06-2022 07:45:01 
Duration Download Forstok 14.073208093643 Detik
Duration Looping 500 Data 142.41525602341 Detik 
Total Duration 142.43878602982 Detik 
------------------------- 
Tanggal: 11-06-2022 07:50:01 
Duration Download Forstok 10.189867973328 Detik
Duration Looping 500 Data 139.27756404877 Detik 
Total Duration 139.29948306084 Detik 
------------------------- 
Tanggal: 11-06-2022 07:55:01 
Duration Download Forstok 10.483330965042 Detik
Duration Looping 500 Data 141.43649506569 Detik 
Total Duration 141.46014213562 Detik 
------------------------- 
Tanggal: 11-06-2022 08:00:01 
Duration Download Forstok 10.952618837357 Detik
Duration Looping 500 Data 147.48077178001 Detik 
Total Duration 147.50716781616 Detik 
------------------------- 
Tanggal: 11-06-2022 08:05:01 
Duration Download Forstok 29.084302902222 Detik
Duration Looping 500 Data 156.46355199814 Detik 
Total Duration 156.48655486107 Detik 
------------------------- 
Tanggal: 11-06-2022 08:10:01 
Duration Download Forstok 11.222114086151 Detik
Duration Looping 500 Data 146.15407800674 Detik 
Total Duration 146.17646193504 Detik 
------------------------- 
Tanggal: 11-06-2022 08:15:01 
Duration Download Forstok 15.390230894089 Detik
Duration Looping 500 Data 156.37661290169 Detik 
Total Duration 156.39784598351 Detik 
------------------------- 
Tanggal: 11-06-2022 08:20:01 
Duration Download Forstok 9.8421649932861 Detik
Duration Looping 500 Data 141.58900308609 Detik 
Total Duration 141.61223506927 Detik 
------------------------- 
Tanggal: 11-06-2022 08:25:01 
Duration Download Forstok 12.836400985718 Detik
Duration Looping 500 Data 150.22099685669 Detik 
Total Duration 150.24717593193 Detik 
------------------------- 
Tanggal: 11-06-2022 08:30:01 
Duration Download Forstok 11.373304128647 Detik
Duration Looping 500 Data 155.88226008415 Detik 
Total Duration 155.91533517838 Detik 
------------------------- 
Tanggal: 11-06-2022 08:35:01 
Duration Download Forstok 17.938213825226 Detik
Duration Looping 500 Data 167.22041487694 Detik 
Total Duration 167.24839282036 Detik 
------------------------- 
Tanggal: 11-06-2022 08:40:01 
Duration Download Forstok 11.086568117142 Detik
Duration Looping 500 Data 155.5441031456 Detik 
Total Duration 155.56819009781 Detik 
------------------------- 
Tanggal: 11-06-2022 08:45:01 
Duration Download Forstok 14.512789011002 Detik
Duration Looping 500 Data 158.34970092773 Detik 
Total Duration 158.38605999947 Detik 
------------------------- 
Tanggal: 11-06-2022 08:50:01 
Duration Download Forstok 11.932574033737 Detik
Duration Looping 500 Data 161.48078393936 Detik 
Total Duration 161.50691199303 Detik 
------------------------- 
Tanggal: 11-06-2022 08:55:01 
Duration Download Forstok 11.748208045959 Detik
Duration Looping 500 Data 156.41942691803 Detik 
Total Duration 156.44653081894 Detik 
------------------------- 
Tanggal: 11-06-2022 09:00:01 
Duration Download Forstok 10.569169044495 Detik
Duration Looping 500 Data 157.12140512466 Detik 
Total Duration 157.14487314224 Detik 
------------------------- 
Tanggal: 11-06-2022 09:05:01 
Duration Download Forstok 18.750512123108 Detik
Duration Looping 500 Data 159.30327510834 Detik 
Total Duration 159.32634115219 Detik 
------------------------- 
Tanggal: 11-06-2022 09:10:01 
Duration Download Forstok 13.228024959564 Detik
Duration Looping 500 Data 159.42671203613 Detik 
Total Duration 159.45494198799 Detik 
------------------------- 
Tanggal: 11-06-2022 09:15:01 
Duration Download Forstok 17.410375833511 Detik
Duration Looping 500 Data 156.76797580719 Detik 
Total Duration 156.79521393776 Detik 
------------------------- 
Tanggal: 11-06-2022 09:20:02 
Duration Download Forstok 12.986226797104 Detik
Duration Looping 500 Data 154.05540990829 Detik 
Total Duration 154.07929801941 Detik 
------------------------- 
Tanggal: 11-06-2022 09:25:01 
Duration Download Forstok 10.954774856567 Detik
Duration Looping 500 Data 148.26443386078 Detik 
Total Duration 148.29053592682 Detik 
------------------------- 
Tanggal: 11-06-2022 09:30:01 
Duration Download Forstok 13.03768992424 Detik
Duration Looping 500 Data 159.90225982666 Detik 
Total Duration 159.9257440567 Detik 
------------------------- 
Tanggal: 11-06-2022 09:35:01 
Duration Download Forstok 18.836902856827 Detik
Duration Looping 500 Data 157.62664699554 Detik 
Total Duration 157.66311478615 Detik 
------------------------- 
Tanggal: 11-06-2022 09:40:02 
Duration Download Forstok 11.678550958633 Detik
Duration Looping 500 Data 153.95546984673 Detik 
Tanggal: 11-06-2022 09:45:01 
Duration Download Forstok 15.831707954407 Detik
Duration Looping 500 Data 162.43574500084 Detik 
Tanggal: 11-06-2022 09:50:01 
Duration Download Forstok 10.143501996994 Detik
Duration Looping 500 Data 153.06212592125 Detik 
Tanggal: 11-06-2022 09:55:01 
Duration Download Forstok 11.341379880905 Detik
Duration Looping 500 Data 153.32746195793 Detik 
Tanggal: 11-06-2022 10:00:01 
Duration Download Forstok 11.239547967911 Detik
Duration Looping 500 Data 153.77594017982 Detik 
Tanggal: 11-06-2022 10:05:01 
Duration Download Forstok 22.426560878754 Detik
Duration Looping 500 Data 161.00201296806 Detik 
Tanggal: 11-06-2022 10:10:01 
Duration Download Forstok 12.567090988159 Detik
Duration Looping 500 Data 153.24597120285 Detik 
Tanggal: 11-06-2022 10:15:01 
Duration Download Forstok 15.211269140244 Detik
Duration Looping 500 Data 154.20679116249 Detik 
Tanggal: 11-06-2022 10:20:01 
Duration Download Forstok 11.172388792038 Detik
Duration Looping 500 Data 160.00278091431 Detik 
Tanggal: 11-06-2022 10:25:01 
Duration Download Forstok 12.566112041473 Detik
Duration Looping 500 Data 158.09595298767 Detik 
Tanggal: 11-06-2022 10:30:01 
Duration Download Forstok 13.971379041672 Detik
Duration Looping 500 Data 156.92956209183 Detik 
Tanggal: 11-06-2022 10:35:01 
Duration Download Forstok 21.390343904495 Detik
Duration Looping 500 Data 162.17577886581 Detik 
Tanggal: 11-06-2022 10:40:01 
Duration Download Forstok 12.825257062912 Detik
Duration Looping 500 Data 150.28650593758 Detik 
Tanggal: 11-06-2022 10:45:01 
Duration Download Forstok 23.348731994629 Detik
Duration Looping 500 Data 161.82978606224 Detik 
Tanggal: 11-06-2022 10:50:01 
Duration Download Forstok 18.715453147888 Detik
Duration Looping 500 Data 153.81053996086 Detik 
Tanggal: 11-06-2022 10:55:01 
Duration Download Forstok 11.256135940552 Detik
Duration Looping 500 Data 150.86841702461 Detik 
Tanggal: 11-06-2022 11:00:01 
Duration Download Forstok 16.40159702301 Detik
Duration Looping 500 Data 163.23702502251 Detik 
Tanggal: 11-06-2022 11:05:01 
Duration Download Forstok 37.487253189087 Detik
Duration Looping 500 Data 182.25343298912 Detik 
Tanggal: 11-06-2022 11:10:01 
Duration Download Forstok 11.547031164169 Detik
Duration Looping 500 Data 151.18292593956 Detik 
Tanggal: 11-06-2022 11:15:01 
Duration Download Forstok 15.106546878815 Detik
Duration Looping 500 Data 155.76138186455 Detik 
Tanggal: 11-06-2022 11:20:01 
Duration Download Forstok 14.859016180038 Detik
Duration Looping 500 Data 176.98504710197 Detik 
Tanggal: 11-06-2022 11:25:01 
Duration Download Forstok 13.671347141266 Detik
Duration Looping 500 Data 154.29354310036 Detik 
Tanggal: 11-06-2022 11:30:01 
Duration Download Forstok 18.135119915009 Detik
Duration Looping 500 Data 161.24245786667 Detik 
Tanggal: 11-06-2022 11:35:01 
Duration Download Forstok 19.947839975357 Detik
Duration Looping 500 Data 157.51324987411 Detik 
Tanggal: 11-06-2022 11:40:01 
Duration Download Forstok 15.262004852295 Detik
Duration Looping 500 Data 153.99099588394 Detik 
Tanggal: 11-06-2022 11:45:01 
Duration Download Forstok 13.610466003418 Detik
Duration Looping 500 Data 157.57450079918 Detik 
Tanggal: 11-06-2022 11:50:01 
Duration Download Forstok 14.515075922012 Detik
Duration Looping 500 Data 156.16732907295 Detik 
Tanggal: 11-06-2022 11:55:01 
Duration Download Forstok 12.451231956482 Detik
Duration Looping 500 Data 152.73065400124 Detik 
Tanggal: 11-06-2022 12:00:02 
Duration Download Forstok 22.624542951584 Detik
Duration Looping 500 Data 166.40396904945 Detik 
Tanggal: 11-06-2022 12:05:01 
Duration Download Forstok 10.496251106262 Detik
Duration Looping 500 Data 151.60814404488 Detik 
Tanggal: 11-06-2022 12:10:01 
Duration Download Forstok 28.33477306366 Detik
Duration Looping 500 Data 170.54462909698 Detik 
Tanggal: 11-06-2022 12:15:01 
Duration Download Forstok 32.740594148636 Detik
Duration Looping 500 Data 166.31358003616 Detik 
Tanggal: 11-06-2022 12:20:01 
Duration Download Forstok 24.555030822754 Detik
Duration Looping 500 Data 159.38266301155 Detik 
Tanggal: 11-06-2022 12:25:01 
Duration Download Forstok 12.944849967957 Detik
Duration Looping 500 Data 156.04363799095 Detik 
Tanggal: 11-06-2022 12:30:01 
Duration Download Forstok 13.108418941498 Detik
Duration Looping 500 Data 153.87438178062 Detik 
Tanggal: 11-06-2022 12:35:01 
Duration Download Forstok 28.064407110214 Detik
Duration Looping 500 Data 166.67950296402 Detik 
Tanggal: 11-06-2022 12:40:01 
Duration Download Forstok 12.232979059219 Detik
Duration Looping 500 Data 149.29201006889 Detik 
Tanggal: 11-06-2022 12:45:01 
Duration Download Forstok 19.168375968933 Detik
Duration Looping 500 Data 158.99208903313 Detik 
Tanggal: 11-06-2022 12:50:01 
Duration Download Forstok 13.310131072998 Detik
Duration Looping 500 Data 150.8946120739 Detik 
Tanggal: 11-06-2022 12:55:01 
Duration Download Forstok 14.281291007996 Detik
Duration Looping 500 Data 156.15097999573 Detik 
Tanggal: 11-06-2022 13:00:01 
Duration Download Forstok 15.303062200546 Detik
Duration Looping 500 Data 149.83336305618 Detik 
Tanggal: 11-06-2022 13:05:01 
Duration Download Forstok 39.970324993134 Detik
Duration Looping 500 Data 197.16293597221 Detik 
Tanggal: 11-06-2022 13:10:01 
Duration Download Forstok 21.833642959595 Detik
Duration Looping 500 Data 154.07044792175 Detik 
Tanggal: 11-06-2022 13:15:01 
Duration Download Forstok 16.197040081024 Detik
Duration Looping 500 Data 153.55945014954 Detik 
Tanggal: 11-06-2022 13:20:01 
Duration Download Forstok 11.614119052887 Detik
Duration Looping 500 Data 147.33467102051 Detik 
Tanggal: 11-06-2022 13:25:01 
Duration Download Forstok 11.52249288559 Detik
Duration Looping 500 Data 139.7580537796 Detik 
Tanggal: 11-06-2022 13:30:01 
Duration Download Forstok 13.040932178497 Detik
Duration Looping 500 Data 142.62003803253 Detik 
Tanggal: 11-06-2022 13:35:01 
Duration Download Forstok 17.574579954147 Detik
Duration Looping 500 Data 147.12183213234 Detik 
Tanggal: 11-06-2022 13:40:01 
Duration Download Forstok 12.224910020828 Detik
Duration Looping 500 Data 141.68431901932 Detik 
Tanggal: 11-06-2022 13:45:01 
Duration Download Forstok 16.04908490181 Detik
Duration Looping 500 Data 148.17414712906 Detik 
Tanggal: 11-06-2022 13:50:01 
Duration Download Forstok 11.329571008682 Detik
Duration Looping 500 Data 139.96429896355 Detik 
Tanggal: 11-06-2022 13:55:01 
Duration Download Forstok 11.782087802887 Detik
Duration Looping 500 Data 142.94170188904 Detik 
Tanggal: 11-06-2022 14:00:01 
Duration Download Forstok 13.616888046265 Detik
Duration Looping 500 Data 143.20647406578 Detik 
Tanggal: 11-06-2022 14:05:01 
Duration Download Forstok 38.602569103241 Detik
Duration Looping 500 Data 170.04442405701 Detik 
Tanggal: 11-06-2022 14:10:01 
Duration Download Forstok 14.418068170547 Detik
Duration Looping 500 Data 142.08002710342 Detik 
Tanggal: 11-06-2022 14:15:01 
Duration Download Forstok 14.680524110794 Detik
Duration Looping 500 Data 144.36185908318 Detik 
Tanggal: 11-06-2022 14:20:01 
Duration Download Forstok 15.246267080307 Detik
Duration Looping 500 Data 147.81237602234 Detik 
Tanggal: 11-06-2022 14:25:01 
Duration Download Forstok 12.601261138916 Detik
Duration Looping 500 Data 139.28648996353 Detik 
Tanggal: 11-06-2022 14:30:01 
Duration Download Forstok 14.113157987595 Detik
Duration Looping 500 Data 149.50852298737 Detik 
Tanggal: 11-06-2022 14:35:01 
Duration Download Forstok 15.069081068039 Detik
Duration Looping 500 Data 152.87449502945 Detik 
Tanggal: 11-06-2022 14:40:01 
Duration Download Forstok 13.74557185173 Detik
Duration Looping 500 Data 143.69217896461 Detik 
Tanggal: 11-06-2022 14:45:01 
Duration Download Forstok 21.893334150314 Detik
Duration Looping 500 Data 155.1541261673 Detik 
Tanggal: 11-06-2022 14:50:01 
Duration Download Forstok 12.289158821106 Detik
Duration Looping 500 Data 142.23442196846 Detik 
Tanggal: 11-06-2022 14:55:01 
Duration Download Forstok 11.457448005676 Detik
Duration Looping 500 Data 144.37073993683 Detik 
Tanggal: 11-06-2022 15:00:01 
Duration Download Forstok 12.064616918564 Detik
Duration Looping 500 Data 141.4271440506 Detik 
Tanggal: 11-06-2022 15:05:01 
Duration Download Forstok 25.756573915482 Detik
Duration Looping 500 Data 150.41225600243 Detik 
Tanggal: 11-06-2022 15:10:01 
Duration Download Forstok 14.03687286377 Detik
Duration Looping 500 Data 142.8343629837 Detik 
Tanggal: 11-06-2022 15:15:01 
Duration Download Forstok 16.552775144577 Detik
Duration Looping 500 Data 154.41694808006 Detik 
Tanggal: 11-06-2022 15:20:01 
Duration Download Forstok 15.992147922516 Detik
Duration Looping 500 Data 148.90537500381 Detik 
Tanggal: 11-06-2022 15:25:01 
Duration Download Forstok 19.087134122849 Detik
Duration Looping 500 Data 154.0903570652 Detik 
Tanggal: 11-06-2022 15:30:01 
Duration Download Forstok 14.670566082001 Detik
Duration Looping 500 Data 149.83381295204 Detik 
Tanggal: 11-06-2022 15:35:01 
Duration Download Forstok 18.466192960739 Detik
Duration Looping 500 Data 152.23651194572 Detik 
Tanggal: 11-06-2022 15:40:01 
Duration Download Forstok 11.933804988861 Detik
Duration Looping 500 Data 147.14283490181 Detik 
Tanggal: 11-06-2022 15:45:01 
Duration Download Forstok 14.886560916901 Detik
Duration Looping 500 Data 145.00838398933 Detik 
Tanggal: 11-06-2022 15:50:01 
Duration Download Forstok 14.342463970184 Detik
Duration Looping 500 Data 145.92114210129 Detik 
Tanggal: 11-06-2022 15:55:01 
Duration Download Forstok 14.293251991272 Detik
Duration Looping 500 Data 141.57504105568 Detik 
Tanggal: 11-06-2022 16:00:01 
Duration Download Forstok 13.282402038574 Detik
Duration Looping 500 Data 139.40585803986 Detik 
Tanggal: 11-06-2022 16:05:01 
Duration Download Forstok 41.679853916168 Detik
Duration Looping 500 Data 171.29484295845 Detik 
Tanggal: 11-06-2022 16:10:01 
Duration Download Forstok 12.686157941818 Detik
Duration Looping 500 Data 142.85499691963 Detik 
Tanggal: 11-06-2022 16:15:01 
Duration Download Forstok 18.890108108521 Detik
Duration Looping 500 Data 156.31680297852 Detik 
Tanggal: 11-06-2022 16:20:01 
Duration Download Forstok 15.575081825256 Detik
Duration Looping 500 Data 144.36261796951 Detik 
Tanggal: 11-06-2022 16:25:01 
Duration Download Forstok 13.600479841232 Detik
Duration Looping 500 Data 149.73459291458 Detik 
Tanggal: 11-06-2022 16:30:01 
Duration Download Forstok 13.037791967392 Detik
Duration Looping 500 Data 139.46720695496 Detik 
Tanggal: 11-06-2022 16:35:01 
Duration Download Forstok 39.352144002914 Detik
Duration Looping 500 Data 167.74762988091 Detik 
Tanggal: 11-06-2022 16:40:01 
Duration Download Forstok 11.090229034424 Detik
Duration Looping 500 Data 138.25026607513 Detik 
Tanggal: 11-06-2022 16:45:01 
Duration Download Forstok 14.905194997787 Detik
Duration Looping 500 Data 150.68872594833 Detik 
Tanggal: 11-06-2022 16:50:02 
Duration Download Forstok 14.584213018417 Detik
Duration Looping 500 Data 149.02935099602 Detik 
Total Duration 149.05177211761 Detik 
------------------------- 
Tanggal: 11-06-2022 16:55:01 
Duration Download Forstok 14.097028017044 Detik
Duration Looping 500 Data 137.87407898903 Detik 
Total Duration 137.90268397331 Detik 
------------------------- 
Tanggal: 11-06-2022 17:00:01 
Duration Download Forstok 13.223013877869 Detik
Duration Looping 500 Data 140.74004292488 Detik 
Total Duration 140.76386404037 Detik 
------------------------- 
Tanggal: 11-06-2022 17:05:01 
Duration Download Forstok 26.898764848709 Detik
Duration Looping 500 Data 156.55480694771 Detik 
Total Duration 156.57845306396 Detik 
------------------------- 
Tanggal: 11-06-2022 17:10:01 
Duration Download Forstok 12.50311589241 Detik
Duration Looping 500 Data 146.82951283455 Detik 
Total Duration 146.85887694359 Detik 
------------------------- 
Tanggal: 11-06-2022 17:15:01 
Duration Download Forstok 19.717701911926 Detik
Duration Looping 500 Data 149.64134788513 Detik 
Total Duration 149.66491794586 Detik 
------------------------- 
Tanggal: 11-06-2022 17:20:01 
Duration Download Forstok 10.975731134415 Detik
Duration Looping 500 Data 141.67985105515 Detik 
Total Duration 141.70549702644 Detik 
------------------------- 
Tanggal: 11-06-2022 17:25:01 
Duration Download Forstok 15.235269069672 Detik
Duration Looping 500 Data 141.28821396828 Detik 
Total Duration 141.31240510941 Detik 
------------------------- 
Tanggal: 11-06-2022 17:30:01 
Duration Download Forstok 11.968102931976 Detik
Duration Looping 500 Data 143.16977596283 Detik 
Total Duration 143.19630503654 Detik 
------------------------- 
Tanggal: 11-06-2022 17:35:01 
Duration Download Forstok 20.24368596077 Detik
Duration Looping 500 Data 146.38327503204 Detik 
Total Duration 146.40673589706 Detik 
------------------------- 
Tanggal: 11-06-2022 17:40:01 
Duration Download Forstok 12.954971075058 Detik
Duration Looping 500 Data 138.56602311134 Detik 
Total Duration 138.5898900032 Detik 
------------------------- 
Tanggal: 11-06-2022 17:45:01 
Duration Download Forstok 20.661072015762 Detik
Duration Looping 500 Data 147.71768021584 Detik 
Total Duration 147.74211621284 Detik 
------------------------- 
Tanggal: 11-06-2022 17:50:01 
Duration Download Forstok 11.182083129883 Detik
Duration Looping 500 Data 139.0916390419 Detik 
Total Duration 139.11443114281 Detik 
------------------------- 
Tanggal: 11-06-2022 17:55:01 
Duration Download Forstok 13.33282995224 Detik
Duration Looping 500 Data 142.89999389648 Detik 
Total Duration 142.92456698418 Detik 
------------------------- 
Tanggal: 11-06-2022 18:00:01 
Duration Download Forstok 13.779166936874 Detik
Duration Looping 500 Data 147.49857401848 Detik 
Total Duration 147.52131509781 Detik 
------------------------- 
Tanggal: 11-06-2022 18:05:01 
Duration Download Forstok 23.254729032516 Detik
Duration Looping 500 Data 158.81551718712 Detik 
Total Duration 158.83994698524 Detik 
------------------------- 
Tanggal: 11-06-2022 18:10:01 
Duration Download Forstok 12.562814950943 Detik
Duration Looping 500 Data 139.49615097046 Detik 
Total Duration 139.52183103561 Detik 
------------------------- 
Tanggal: 11-06-2022 18:15:01 
Duration Download Forstok 21.891332149506 Detik
Duration Looping 500 Data 145.71195816994 Detik 
Total Duration 145.73989009857 Detik 
------------------------- 
Tanggal: 11-06-2022 18:20:01 
Duration Download Forstok 18.994288921356 Detik
Duration Looping 500 Data 149.76470994949 Detik 
Total Duration 149.78576803207 Detik 
------------------------- 
Tanggal: 11-06-2022 18:25:01 
Duration Download Forstok 12.643790960312 Detik
Duration Looping 500 Data 140.074903965 Detik 
Total Duration 140.09754800797 Detik 
------------------------- 
Tanggal: 11-06-2022 18:30:01 
Duration Download Forstok 15.406977891922 Detik
Duration Looping 500 Data 145.78544807434 Detik 
Total Duration 145.80744290352 Detik 
------------------------- 
Tanggal: 11-06-2022 18:35:01 
Duration Download Forstok 18.746276140213 Detik
Duration Looping 500 Data 151.88492012024 Detik 
Total Duration 151.90711808205 Detik 
------------------------- 
Tanggal: 11-06-2022 18:40:01 
Duration Download Forstok 11.533629894257 Detik
Duration Looping 500 Data 146.4519340992 Detik 
Total Duration 146.47464990616 Detik 
------------------------- 
Tanggal: 11-06-2022 18:45:01 
Duration Download Forstok 17.779422044754 Detik
Duration Looping 500 Data 150.28249907494 Detik 
Total Duration 150.30713701248 Detik 
------------------------- 
Tanggal: 11-06-2022 18:50:01 
Duration Download Forstok 15.727566003799 Detik
Duration Looping 500 Data 147.59388399124 Detik 
Total Duration 147.61642789841 Detik 
------------------------- 
Tanggal: 11-06-2022 18:55:01 
Duration Download Forstok 10.929368019104 Detik
Duration Looping 500 Data 139.60359406471 Detik 
Total Duration 139.62552213669 Detik 
------------------------- 
Tanggal: 11-06-2022 19:00:01 
Duration Download Forstok 12.7595911026 Detik
Duration Looping 500 Data 142.77788114548 Detik 
Total Duration 142.79995703697 Detik 
------------------------- 
Tanggal: 11-06-2022 19:05:02 
Duration Download Forstok 32.169059038162 Detik
Duration Looping 500 Data 164.76711082458 Detik 
Total Duration 164.78966903687 Detik 
------------------------- 
Tanggal: 11-06-2022 19:10:01 
Duration Download Forstok 16.087996006012 Detik
Duration Looping 500 Data 146.68513298035 Detik 
Total Duration 146.70954704285 Detik 
------------------------- 
Tanggal: 11-06-2022 19:15:01 
Duration Download Forstok 16.258268117905 Detik
Duration Looping 500 Data 152.83205413818 Detik 
Total Duration 152.85574316978 Detik 
------------------------- 
Tanggal: 11-06-2022 19:20:01 
Duration Download Forstok 11.226078033447 Detik
Duration Looping 500 Data 142.85136604309 Detik 
Total Duration 142.8767220974 Detik 
------------------------- 
Tanggal: 11-06-2022 19:25:01 
Duration Download Forstok 10.591689109802 Detik
Duration Looping 500 Data 136.0647790432 Detik 
Total Duration 136.0873939991 Detik 
------------------------- 
Tanggal: 11-06-2022 19:30:01 
Duration Download Forstok 16.710246086121 Detik
Duration Looping 500 Data 145.13966012001 Detik 
Total Duration 145.16126418114 Detik 
------------------------- 
Tanggal: 11-06-2022 19:35:01 
Duration Download Forstok 17.959453105927 Detik
Duration Looping 500 Data 149.43645596504 Detik 
Total Duration 149.45694708824 Detik 
------------------------- 
Tanggal: 11-06-2022 19:40:01 
Duration Download Forstok 14.110188007355 Detik
Duration Looping 500 Data 157.71182918549 Detik 
Total Duration 157.73484396935 Detik 
------------------------- 
Tanggal: 11-06-2022 19:45:01 
Duration Download Forstok 13.284373998642 Detik
Duration Looping 500 Data 148.87348914146 Detik 
Total Duration 148.89573502541 Detik 
------------------------- 
Tanggal: 11-06-2022 19:50:01 
Duration Download Forstok 12.935310840607 Detik
Duration Looping 500 Data 144.5985660553 Detik 
Total Duration 144.62082004547 Detik 
------------------------- 
Tanggal: 11-06-2022 19:55:01 
Duration Download Forstok 11.033620119095 Detik
Duration Looping 500 Data 136.56691503525 Detik 
Total Duration 136.58960795403 Detik 
------------------------- 
Tanggal: 11-06-2022 20:00:01 
Duration Download Forstok 12.649230003357 Detik
Duration Looping 500 Data 145.75546598434 Detik 
Total Duration 145.77779603004 Detik 
------------------------- 
Tanggal: 11-06-2022 20:05:01 
Duration Download Forstok 36.090055942535 Detik
Duration Looping 500 Data 165.96612596512 Detik 
Tanggal: 11-06-2022 20:10:01 
Duration Download Forstok 12.060178041458 Detik
Duration Looping 500 Data 143.67146492004 Detik 
Tanggal: 11-06-2022 20:15:01 
Duration Download Forstok 18.944348096848 Detik
Duration Looping 500 Data 149.61507701874 Detik 
Tanggal: 11-06-2022 20:20:01 
Duration Download Forstok 11.310981035233 Detik
Duration Looping 500 Data 136.85640120506 Detik 
Tanggal: 11-06-2022 20:25:01 
Duration Download Forstok 10.814899921417 Detik
Duration Looping 500 Data 140.21065092087 Detik 
Tanggal: 11-06-2022 20:30:01 
Duration Download Forstok 13.468397855759 Detik
Duration Looping 500 Data 144.69372797012 Detik 
Tanggal: 11-06-2022 20:35:01 
Duration Download Forstok 19.311980009079 Detik
Duration Looping 500 Data 150.19419908524 Detik 
Tanggal: 11-06-2022 20:40:01 
Duration Download Forstok 14.151190042496 Detik
Duration Looping 500 Data 153.39351201057 Detik 
Tanggal: 11-06-2022 20:45:01 
Duration Download Forstok 15.871974945068 Detik
Duration Looping 500 Data 150.06573605537 Detik 
Tanggal: 11-06-2022 20:50:01 
Duration Download Forstok 17.624305009842 Detik
Duration Looping 500 Data 143.85964298248 Detik 
Tanggal: 11-06-2022 20:55:01 
Duration Download Forstok 15.200105905533 Detik
Duration Looping 500 Data 148.19557094574 Detik 
Tanggal: 11-06-2022 21:00:01 
Duration Download Forstok 12.445564985275 Detik
Duration Looping 500 Data 149.13189888 Detik 
Tanggal: 11-06-2022 21:05:01 
Duration Download Forstok 24.069998025894 Detik
Duration Looping 500 Data 149.09911394119 Detik 
Tanggal: 11-06-2022 21:10:01 
Duration Download Forstok 11.492178916931 Detik
Duration Looping 500 Data 138.19426298141 Detik 
Tanggal: 11-06-2022 21:15:01 
Duration Download Forstok 19.67342877388 Detik
Duration Looping 500 Data 157.17786884308 Detik 
Tanggal: 11-06-2022 21:20:01 
Duration Download Forstok 11.536108016968 Detik
Duration Looping 500 Data 141.14695191383 Detik 
Tanggal: 11-06-2022 21:25:01 
Duration Download Forstok 10.232939004898 Detik
Duration Looping 500 Data 135.70185494423 Detik 
Tanggal: 11-06-2022 21:30:01 
Duration Download Forstok 14.577930927277 Detik
Duration Looping 500 Data 141.16263484955 Detik 
Tanggal: 11-06-2022 21:35:01 
Duration Download Forstok 26.769367933273 Detik
Duration Looping 500 Data 158.12808203697 Detik 
Tanggal: 11-06-2022 21:40:01 
Duration Download Forstok 15.656152963638 Detik
Duration Looping 500 Data 141.23847293854 Detik 
Tanggal: 11-06-2022 21:45:01 
Duration Download Forstok 23.640051841736 Detik
Duration Looping 500 Data 151.19501900673 Detik 
Tanggal: 11-06-2022 21:50:01 
Duration Download Forstok 10.507395029068 Detik
Duration Looping 500 Data 136.64043188095 Detik 
Tanggal: 11-06-2022 21:55:01 
Duration Download Forstok 11.310886859894 Detik
Duration Looping 500 Data 147.23141694069 Detik 
Tanggal: 11-06-2022 22:00:01 
Duration Download Forstok 11.85112786293 Detik
Duration Looping 500 Data 139.30964803696 Detik 
Tanggal: 11-06-2022 22:05:01 
Duration Download Forstok 38.543484210968 Detik
Duration Looping 500 Data 188.14709115028 Detik 
Tanggal: 11-06-2022 22:10:01 
Duration Download Forstok 12.589777946472 Detik
Duration Looping 500 Data 147.93205404282 Detik 
Tanggal: 11-06-2022 22:15:01 
Duration Download Forstok 16.427013874054 Detik
Duration Looping 500 Data 144.60652804375 Detik 
Tanggal: 11-06-2022 22:20:01 
Duration Download Forstok 10.813564062119 Detik
Duration Looping 500 Data 146.27070498466 Detik 
Tanggal: 11-06-2022 22:25:01 
Duration Download Forstok 16.301888942719 Detik
Duration Looping 500 Data 148.09016609192 Detik 
Tanggal: 11-06-2022 22:30:01 
Duration Download Forstok 11.65571308136 Detik
Duration Looping 500 Data 142.60441708565 Detik 
Tanggal: 11-06-2022 22:35:01 
Duration Download Forstok 19.866734027863 Detik
Duration Looping 500 Data 145.79430508614 Detik 
Tanggal: 11-06-2022 22:40:01 
Duration Download Forstok 13.289489030838 Detik
Duration Looping 500 Data 150.71511292458 Detik 
Tanggal: 11-06-2022 22:45:01 
Duration Download Forstok 20.586926937103 Detik
Duration Looping 500 Data 146.03093504906 Detik 
Tanggal: 11-06-2022 22:50:01 
Duration Download Forstok 10.130421876907 Detik
Duration Looping 500 Data 142.8310739994 Detik 
Tanggal: 11-06-2022 22:55:01 
Duration Download Forstok 12.903412818909 Detik
Duration Looping 500 Data 147.59664988518 Detik 
Tanggal: 11-06-2022 23:00:01 
Duration Download Forstok 11.423008918762 Detik
Duration Looping 500 Data 143.32413101196 Detik 
Tanggal: 11-06-2022 23:05:01 
Duration Download Forstok 19.482825040817 Detik
Duration Looping 500 Data 150.00414204597 Detik 
Tanggal: 11-06-2022 23:10:01 
Duration Download Forstok 12.946017026901 Detik
Duration Looping 500 Data 150.28393006325 Detik 
Tanggal: 11-06-2022 23:15:01 
Duration Download Forstok 14.46130490303 Detik
Duration Looping 500 Data 143.55743193626 Detik 
Tanggal: 11-06-2022 23:20:01 
Duration Download Forstok 12.970625162125 Detik
Duration Looping 500 Data 148.97467708588 Detik 
Tanggal: 11-06-2022 23:25:01 
Duration Download Forstok 10.690632820129 Detik
Duration Looping 500 Data 138.29035687447 Detik 
Tanggal: 11-06-2022 23:30:01 
Duration Download Forstok 11.456273794174 Detik
Duration Looping 500 Data 150.68789196014 Detik 
Tanggal: 11-06-2022 23:35:01 
Duration Download Forstok 32.951187133789 Detik
Duration Looping 500 Data 161.40911412239 Detik 
Tanggal: 11-06-2022 23:40:01 
Duration Download Forstok 13.225229024887 Detik
Duration Looping 500 Data 154.97579693794 Detik 
Tanggal: 11-06-2022 23:45:01 
Duration Download Forstok 31.214280843735 Detik
Duration Looping 500 Data 170.30976891518 Detik 
Tanggal: 11-06-2022 23:50:01 
Duration Download Forstok 11.08540892601 Detik
Duration Looping 500 Data 149.90515685081 Detik 
Tanggal: 11-06-2022 23:55:01 
Duration Download Forstok 10.241002082825 Detik
Duration Looping 500 Data 136.21600198746 Detik 
