Tanggal: 06-05-2022 00:00:01 
Duration Download Forstok 17.515714883804 Detik
Duration Looping 500 Data 599.68164181709 Detik 
Total Duration 599.68245387077 Detik 
------------------------- 
Tanggal: 06-05-2022 00:10:01 
Duration Download Forstok 15.119034051895 Detik
Duration Looping 500 Data 139.24083185196 Detik 
Total Duration 139.2409389019 Detik 
------------------------- 
Tanggal: 06-05-2022 00:15:01 
Duration Download Forstok 26.580500125885 Detik
Duration Looping 500 Data 157.93864107132 Detik 
Total Duration 157.93875813484 Detik 
------------------------- 
Tanggal: 06-05-2022 00:20:02 
Duration Download Forstok 16.799856185913 Detik
Duration Looping 500 Data 144.83480811119 Detik 
Total Duration 144.83492302895 Detik 
------------------------- 
Tanggal: 06-05-2022 00:25:01 
Duration Download Forstok 15.804932117462 Detik
Duration Looping 500 Data 145.33395195007 Detik 
Total Duration 145.33456397057 Detik 
------------------------- 
Tanggal: 06-05-2022 00:30:01 
Duration Download Forstok 17.209316015244 Detik
Duration Looping 500 Data 147.23764896393 Detik 
Total Duration 147.23777890205 Detik 
------------------------- 
Tanggal: 06-05-2022 00:35:01 
Duration Download Forstok 19.598614931107 Detik
Duration Looping 500 Data 157.3019528389 Detik 
Total Duration 157.30207586288 Detik 
------------------------- 
Tanggal: 06-05-2022 00:40:01 
Duration Download Forstok 18.064436912537 Detik
Duration Looping 500 Data 139.31877994537 Detik 
Total Duration 139.31887483597 Detik 
------------------------- 
Tanggal: 06-05-2022 00:45:01 
Duration Download Forstok 24.771500110626 Detik
Duration Looping 500 Data 160.039509058 Detik 
Total Duration 160.03964090347 Detik 
------------------------- 
Tanggal: 06-05-2022 00:50:02 
Duration Download Forstok 15.564503908157 Detik
Duration Looping 500 Data 135.96438789368 Detik 
Total Duration 135.96449995041 Detik 
------------------------- 
Tanggal: 06-05-2022 00:55:02 
Duration Download Forstok 20.227671861649 Detik
Duration Looping 500 Data 167.29707288742 Detik 
Total Duration 167.29718995094 Detik 
------------------------- 
Tanggal: 06-05-2022 01:00:01 
Duration Download Forstok 13.472993135452 Detik
Duration Looping 500 Data 138.62870407104 Detik 
Total Duration 138.6288330555 Detik 
------------------------- 
Tanggal: 06-05-2022 01:05:01 
Duration Download Forstok 34.903023004532 Detik
Duration Looping 500 Data 158.99121809006 Detik 
Total Duration 158.99134397507 Detik 
------------------------- 
Tanggal: 06-05-2022 01:10:01 
Duration Download Forstok 18.406783819199 Detik
Duration Looping 500 Data 139.02426981926 Detik 
Total Duration 139.02438998222 Detik 
------------------------- 
Tanggal: 06-05-2022 01:15:01 
Duration Download Forstok 24.078973054886 Detik
Duration Looping 500 Data 149.26758289337 Detik 
Total Duration 149.26770210266 Detik 
------------------------- 
Tanggal: 06-05-2022 01:20:02 
Duration Download Forstok 10.860577821732 Detik
Duration Looping 500 Data 133.20436382294 Detik 
Total Duration 133.20448088646 Detik 
------------------------- 
Tanggal: 06-05-2022 01:25:01 
Duration Download Forstok 11.310974121094 Detik
Duration Looping 500 Data 148.92642211914 Detik 
Total Duration 148.92654299736 Detik 
------------------------- 
Tanggal: 06-05-2022 01:30:01 
Duration Download Forstok 23.349966049194 Detik
Duration Looping 500 Data 144.00984692574 Detik 
Total Duration 144.00995898247 Detik 
------------------------- 
Tanggal: 06-05-2022 01:35:01 
Duration Download Forstok 20.237211942673 Detik
Duration Looping 500 Data 158.72284698486 Detik 
Total Duration 158.72296690941 Detik 
------------------------- 
Tanggal: 06-05-2022 01:40:01 
Duration Download Forstok 12.672208070755 Detik
Duration Looping 500 Data 136.64190411568 Detik 
Total Duration 136.6420211792 Detik 
------------------------- 
Tanggal: 06-05-2022 01:45:01 
Duration Download Forstok 21.083726882935 Detik
Duration Looping 500 Data 144.08485102654 Detik 
Total Duration 144.08498501778 Detik 
------------------------- 
Tanggal: 06-05-2022 01:50:01 
Duration Download Forstok 17.766163110733 Detik
Duration Looping 500 Data 137.71989202499 Detik 
Total Duration 137.72000694275 Detik 
------------------------- 
Tanggal: 06-05-2022 01:55:01 
Duration Download Forstok 16.13828587532 Detik
Duration Looping 500 Data 134.58525896072 Detik 
Total Duration 134.58538007736 Detik 
------------------------- 
Tanggal: 06-05-2022 02:00:01 
Duration Download Forstok 14.585308074951 Detik
Duration Looping 500 Data 138.60600209236 Detik 
Total Duration 138.60612607002 Detik 
------------------------- 
Tanggal: 06-05-2022 02:05:01 
Duration Download Forstok 28.627017974854 Detik
Duration Looping 500 Data 151.51737594604 Detik 
Total Duration 151.51749396324 Detik 
------------------------- 
Tanggal: 06-05-2022 02:10:01 
Duration Download Forstok 14.602159023285 Detik
Duration Looping 500 Data 140.02684092522 Detik 
Total Duration 140.02695894241 Detik 
------------------------- 
Tanggal: 06-05-2022 02:15:01 
Duration Download Forstok 15.325022935867 Detik
Duration Looping 500 Data 139.28193306923 Detik 
Total Duration 139.28205895424 Detik 
------------------------- 
Tanggal: 06-05-2022 02:20:01 
Duration Download Forstok 12.420568943024 Detik
Duration Looping 500 Data 137.21648597717 Detik 
Total Duration 137.21659612656 Detik 
------------------------- 
Tanggal: 06-05-2022 02:25:01 
Duration Download Forstok 12.377840995789 Detik
Duration Looping 500 Data 132.98464679718 Detik 
Total Duration 132.98476290703 Detik 
------------------------- 
Tanggal: 06-05-2022 02:30:01 
Duration Download Forstok 13.379837036133 Detik
Duration Looping 500 Data 147.86025714874 Detik 
Total Duration 147.86037111282 Detik 
------------------------- 
Tanggal: 06-05-2022 02:35:01 
Duration Download Forstok 21.491132974625 Detik
Duration Looping 500 Data 147.79233789444 Detik 
Total Duration 147.79250693321 Detik 
------------------------- 
Tanggal: 06-05-2022 02:40:01 
Duration Download Forstok 15.041315793991 Detik
Duration Looping 500 Data 139.16541600227 Detik 
Total Duration 139.1655459404 Detik 
------------------------- 
Tanggal: 06-05-2022 02:45:01 
Duration Download Forstok 13.97301697731 Detik
Duration Looping 500 Data 135.82900500298 Detik 
Total Duration 135.82911920547 Detik 
------------------------- 
Tanggal: 06-05-2022 02:50:01 
Duration Download Forstok 13.922516822815 Detik
Duration Looping 500 Data 139.69808697701 Detik 
Total Duration 139.69820380211 Detik 
------------------------- 
Tanggal: 06-05-2022 02:55:01 
Duration Download Forstok 17.033025979996 Detik
Duration Looping 500 Data 135.19085907936 Detik 
Total Duration 135.19097614288 Detik 
------------------------- 
Tanggal: 06-05-2022 03:00:01 
Duration Download Forstok 9.9699759483337 Detik
Duration Looping 500 Data 138.36229801178 Detik 
Total Duration 138.36241793633 Detik 
------------------------- 
Tanggal: 06-05-2022 03:05:01 
Duration Download Forstok 29.733240127563 Detik
Duration Looping 500 Data 149.07906413078 Detik 
Total Duration 149.07919001579 Detik 
------------------------- 
Tanggal: 06-05-2022 03:10:01 
Duration Download Forstok 19.449531078339 Detik
Duration Looping 500 Data 140.83768415451 Detik 
Total Duration 140.83780097961 Detik 
------------------------- 
Tanggal: 06-05-2022 03:15:01 
Duration Download Forstok 13.076771020889 Detik
Duration Looping 500 Data 152.13694691658 Detik 
Total Duration 152.13706588745 Detik 
------------------------- 
Tanggal: 06-05-2022 03:20:01 
Duration Download Forstok 12.47213101387 Detik
Duration Looping 500 Data 137.42231988907 Detik 
Total Duration 137.42244005203 Detik 
------------------------- 
Tanggal: 06-05-2022 03:25:01 
Duration Download Forstok 12.416015148163 Detik
Duration Looping 500 Data 143.74022603035 Detik 
Total Duration 143.74037599564 Detik 
------------------------- 
Tanggal: 06-05-2022 03:30:01 
Duration Download Forstok 9.9469108581543 Detik
Duration Looping 500 Data 135.93251895905 Detik 
Total Duration 135.93263697624 Detik 
------------------------- 
Tanggal: 06-05-2022 03:35:01 
Duration Download Forstok 15.44939994812 Detik
Duration Looping 500 Data 134.9501490593 Detik 
Total Duration 134.95026707649 Detik 
------------------------- 
Tanggal: 06-05-2022 03:40:02 
Duration Download Forstok 16.771002054214 Detik
Duration Looping 500 Data 142.31454610825 Detik 
Total Duration 142.31466603279 Detik 
------------------------- 
Tanggal: 06-05-2022 03:45:01 
Duration Download Forstok 18.47716999054 Detik
Duration Looping 500 Data 137.17224621773 Detik 
Total Duration 137.17236113548 Detik 
------------------------- 
Tanggal: 06-05-2022 03:50:01 
Duration Download Forstok 13.431800127029 Detik
Duration Looping 500 Data 147.07371401787 Detik 
Total Duration 147.07383203506 Detik 
------------------------- 
Tanggal: 06-05-2022 03:55:01 
Duration Download Forstok 11.413948059082 Detik
Duration Looping 500 Data 133.39061498642 Detik 
Total Duration 133.39073204994 Detik 
------------------------- 
Tanggal: 06-05-2022 04:00:01 
Duration Download Forstok 25.16092300415 Detik
Duration Looping 500 Data 154.42161202431 Detik 
Total Duration 154.42172598839 Detik 
------------------------- 
Tanggal: 06-05-2022 04:05:01 
Duration Download Forstok 27.776437997818 Detik
Duration Looping 500 Data 146.69837188721 Detik 
Total Duration 146.6984899044 Detik 
------------------------- 
Tanggal: 06-05-2022 04:10:01 
Duration Download Forstok 14.524292230606 Detik
Duration Looping 500 Data 154.83105421066 Detik 
Total Duration 154.83116817474 Detik 
------------------------- 
Tanggal: 06-05-2022 04:15:01 
Duration Download Forstok 17.259521007538 Detik
Duration Looping 500 Data 149.8003411293 Detik 
Total Duration 149.80046391487 Detik 
------------------------- 
Tanggal: 06-05-2022 04:20:01 
Duration Download Forstok 15.024161815643 Detik
Duration Looping 500 Data 136.31198787689 Detik 
Total Duration 136.31210494041 Detik 
------------------------- 
Tanggal: 06-05-2022 04:25:01 
Duration Download Forstok 12.564851999283 Detik
Duration Looping 500 Data 142.27827095985 Detik 
Total Duration 142.27839303017 Detik 
------------------------- 
Tanggal: 06-05-2022 04:30:01 
Duration Download Forstok 12.342997074127 Detik
Duration Looping 500 Data 133.59437394142 Detik 
Total Duration 133.59449410439 Detik 
------------------------- 
Tanggal: 06-05-2022 04:35:01 
Duration Download Forstok 17.501349210739 Detik
Duration Looping 500 Data 136.04335618019 Detik 
Total Duration 136.04347610474 Detik 
------------------------- 
Tanggal: 06-05-2022 04:40:01 
Duration Download Forstok 16.147006988525 Detik
Duration Looping 500 Data 142.98722696304 Detik 
Total Duration 142.98740005493 Detik 
------------------------- 
Tanggal: 06-05-2022 04:45:01 
Duration Download Forstok 15.517598152161 Detik
Duration Looping 500 Data 136.57257699966 Detik 
Total Duration 136.57269310951 Detik 
------------------------- 
Tanggal: 06-05-2022 04:50:01 
Duration Download Forstok 12.678046941757 Detik
Duration Looping 500 Data 148.62365293503 Detik 
Total Duration 148.62377595901 Detik 
------------------------- 
Tanggal: 06-05-2022 04:55:01 
Duration Download Forstok 17.889737129211 Detik
Duration Looping 500 Data 134.68887019157 Detik 
Total Duration 134.68899202347 Detik 
------------------------- 
Tanggal: 06-05-2022 05:00:01 
Duration Download Forstok 13.329477071762 Detik
Duration Looping 500 Data 135.68685507774 Detik 
Total Duration 135.68696808815 Detik 
------------------------- 
Tanggal: 06-05-2022 05:05:01 
Duration Download Forstok 30.962806940079 Detik
Duration Looping 500 Data 154.97322893143 Detik 
Total Duration 154.97339296341 Detik 
------------------------- 
Tanggal: 06-05-2022 05:10:01 
Duration Download Forstok 13.514122009277 Detik
Duration Looping 500 Data 133.14832687378 Detik 
Total Duration 133.14844894409 Detik 
------------------------- 
Tanggal: 06-05-2022 05:15:01 
Duration Download Forstok 15.314185857773 Detik
Duration Looping 500 Data 151.84372496605 Detik 
Total Duration 151.84384489059 Detik 
------------------------- 
Tanggal: 06-05-2022 05:20:01 
Duration Download Forstok 16.601807117462 Detik
Duration Looping 500 Data 145.2368721962 Detik 
Total Duration 145.23698616028 Detik 
------------------------- 
Tanggal: 06-05-2022 05:25:01 
Duration Download Forstok 13.702370166779 Detik
Duration Looping 500 Data 142.61250805855 Detik 
Total Duration 142.61262798309 Detik 
------------------------- 
Tanggal: 06-05-2022 05:30:01 
Duration Download Forstok 12.019844055176 Detik
Duration Looping 500 Data 136.09259986877 Detik 
Total Duration 136.09271097183 Detik 
------------------------- 
Tanggal: 06-05-2022 05:35:01 
Duration Download Forstok 23.299963951111 Detik
Duration Looping 500 Data 146.30029201508 Detik 
Total Duration 146.30040597916 Detik 
------------------------- 
Tanggal: 06-05-2022 05:40:01 
Duration Download Forstok 10.75895690918 Detik
Duration Looping 500 Data 134.05387306213 Detik 
Total Duration 134.053992033 Detik 
------------------------- 
Tanggal: 06-05-2022 05:45:01 
Duration Download Forstok 21.447608947754 Detik
Duration Looping 500 Data 147.23650407791 Detik 
Total Duration 147.23662805557 Detik 
------------------------- 
Tanggal: 06-05-2022 05:50:01 
Duration Download Forstok 12.620918989182 Detik
Duration Looping 500 Data 135.41055011749 Detik 
Total Duration 135.41066813469 Detik 
------------------------- 
Tanggal: 06-05-2022 05:55:01 
Duration Download Forstok 13.232914924622 Detik
Duration Looping 500 Data 135.34623599052 Detik 
Total Duration 135.34636902809 Detik 
------------------------- 
Tanggal: 06-05-2022 06:00:01 
Duration Download Forstok 12.6194190979 Detik
Duration Looping 500 Data 135.66627621651 Detik 
Total Duration 135.66639614105 Detik 
------------------------- 
Tanggal: 06-05-2022 06:05:01 
Duration Download Forstok 41.810047864914 Detik
Duration Looping 500 Data 171.89156794548 Detik 
Total Duration 171.89169096947 Detik 
------------------------- 
Tanggal: 06-05-2022 06:10:01 
Duration Download Forstok 11.583726882935 Detik
Duration Looping 500 Data 134.41342306137 Detik 
Total Duration 134.41353797913 Detik 
------------------------- 
Tanggal: 06-05-2022 06:15:01 
Duration Download Forstok 18.69581413269 Detik
Duration Looping 500 Data 147.19883418083 Detik 
Total Duration 147.19895005226 Detik 
------------------------- 
Tanggal: 06-05-2022 06:20:01 
Duration Download Forstok 13.716789960861 Detik
Duration Looping 500 Data 138.42725396156 Detik 
Total Duration 138.42737388611 Detik 
------------------------- 
Tanggal: 06-05-2022 06:25:01 
Duration Download Forstok 10.273187875748 Detik
Duration Looping 500 Data 139.53483700752 Detik 
Total Duration 139.53495287895 Detik 
------------------------- 
Tanggal: 06-05-2022 06:30:02 
Duration Download Forstok 13.441699981689 Detik
Duration Looping 500 Data 135.30772805214 Detik 
Total Duration 135.30784392357 Detik 
------------------------- 
Tanggal: 06-05-2022 06:35:01 
Duration Download Forstok 18.343773126602 Detik
Duration Looping 500 Data 143.15158700943 Detik 
Total Duration 143.15170407295 Detik 
------------------------- 
Tanggal: 06-05-2022 06:40:01 
Duration Download Forstok 14.23569393158 Detik
Duration Looping 500 Data 148.67896413803 Detik 
Total Duration 148.6790831089 Detik 
------------------------- 
Tanggal: 06-05-2022 06:45:01 
Duration Download Forstok 17.087279081345 Detik
Duration Looping 500 Data 139.76680397987 Detik 
Total Duration 139.76691889763 Detik 
------------------------- 
Tanggal: 06-05-2022 06:50:01 
Duration Download Forstok 15.647314071655 Detik
Duration Looping 500 Data 138.94850897789 Detik 
Total Duration 138.94861793518 Detik 
------------------------- 
Tanggal: 06-05-2022 06:55:01 
Duration Download Forstok 10.223747014999 Detik
Duration Looping 500 Data 129.38740706444 Detik 
Total Duration 129.38752794266 Detik 
------------------------- 
Tanggal: 06-05-2022 07:00:01 
Duration Download Forstok 14.823048830032 Detik
Duration Looping 500 Data 137.89805388451 Detik 
Total Duration 137.89820194244 Detik 
------------------------- 
Tanggal: 06-05-2022 07:05:01 
Duration Download Forstok 27.197570800781 Detik
Duration Looping 500 Data 149.39102983475 Detik 
Total Duration 149.39114999771 Detik 
------------------------- 
Tanggal: 06-05-2022 07:10:01 
Duration Download Forstok 17.95653796196 Detik
Duration Looping 500 Data 136.89415693283 Detik 
Total Duration 136.89429306984 Detik 
------------------------- 
Tanggal: 06-05-2022 07:15:01 
Duration Download Forstok 23.746253013611 Detik
Duration Looping 500 Data 142.25768709183 Detik 
Total Duration 142.25780510902 Detik 
------------------------- 
Tanggal: 06-05-2022 07:20:01 
Duration Download Forstok 11.022583007812 Detik
Duration Looping 500 Data 150.56056213379 Detik 
Total Duration 150.56068706512 Detik 
------------------------- 
Tanggal: 06-05-2022 07:25:01 
Duration Download Forstok 14.010220050812 Detik
Duration Looping 500 Data 134.05540895462 Detik 
Total Duration 134.05554199219 Detik 
------------------------- 
Tanggal: 06-05-2022 07:30:01 
Duration Download Forstok 14.191605091095 Detik
Duration Looping 500 Data 134.71787714958 Detik 
Total Duration 134.71799516678 Detik 
------------------------- 
Tanggal: 06-05-2022 07:35:01 
Duration Download Forstok 21.428556919098 Detik
Duration Looping 500 Data 146.68852210045 Detik 
Total Duration 146.68864607811 Detik 
------------------------- 
Tanggal: 06-05-2022 07:40:01 
Duration Download Forstok 13.138756990433 Detik
Duration Looping 500 Data 141.12007904053 Detik 
Total Duration 141.12020301819 Detik 
------------------------- 
Tanggal: 06-05-2022 07:45:01 
Duration Download Forstok 25.330305814743 Detik
Duration Looping 500 Data 151.56757283211 Detik 
Total Duration 151.56769680977 Detik 
------------------------- 
Tanggal: 06-05-2022 07:50:01 
Duration Download Forstok 12.910477161407 Detik
Duration Looping 500 Data 134.7599811554 Detik 
Total Duration 134.76008915901 Detik 
------------------------- 
Tanggal: 06-05-2022 07:55:01 
Duration Download Forstok 10.887452840805 Detik
Duration Looping 500 Data 134.18811106682 Detik 
Total Duration 134.18823099136 Detik 
------------------------- 
Tanggal: 06-05-2022 08:00:01 
Duration Download Forstok 12.995414972305 Detik
Duration Looping 500 Data 137.69380998611 Detik 
Total Duration 137.6939330101 Detik 
------------------------- 
Tanggal: 06-05-2022 08:05:01 
Duration Download Forstok 31.873020887375 Detik
Duration Looping 500 Data 154.48684096336 Detik 
Total Duration 154.48696184158 Detik 
------------------------- 
Tanggal: 06-05-2022 08:10:01 
Duration Download Forstok 11.937299013138 Detik
Duration Looping 500 Data 131.66441702843 Detik 
Total Duration 131.66453886032 Detik 
------------------------- 
Tanggal: 06-05-2022 08:15:01 
Duration Download Forstok 16.539811134338 Detik
Duration Looping 500 Data 151.58864307404 Detik 
Total Duration 151.58875513077 Detik 
------------------------- 
Tanggal: 06-05-2022 08:20:01 
Duration Download Forstok 18.637145042419 Detik
Duration Looping 500 Data 144.13993692398 Detik 
Total Duration 144.14005494118 Detik 
------------------------- 
Tanggal: 06-05-2022 08:25:01 
Duration Download Forstok 12.566053152084 Detik
Duration Looping 500 Data 137.57308101654 Detik 
Total Duration 137.57320308685 Detik 
------------------------- 
Tanggal: 06-05-2022 08:30:01 
Duration Download Forstok 18.498206853867 Detik
Duration Looping 500 Data 145.54428792 Detik 
Total Duration 145.54439783096 Detik 
------------------------- 
Tanggal: 06-05-2022 08:35:02 
Duration Download Forstok 31.642054080963 Detik
Duration Looping 500 Data 153.43680214882 Detik 
Total Duration 153.43693399429 Detik 
------------------------- 
Tanggal: 06-05-2022 08:40:01 
Duration Download Forstok 15.486256122589 Detik
Duration Looping 500 Data 143.92383408546 Detik 
Total Duration 143.92397403717 Detik 
------------------------- 
Tanggal: 06-05-2022 08:45:01 
Duration Download Forstok 23.853204011917 Detik
Duration Looping 500 Data 149.54358792305 Detik 
Total Duration 149.54371786118 Detik 
------------------------- 
Tanggal: 06-05-2022 08:50:01 
Duration Download Forstok 17.306100130081 Detik
Duration Looping 500 Data 138.45762395859 Detik 
Total Duration 138.45773601532 Detik 
------------------------- 
Tanggal: 06-05-2022 08:55:01 
Duration Download Forstok 14.205608129501 Detik
Duration Looping 500 Data 137.72383999825 Detik 
Total Duration 137.72396802902 Detik 
------------------------- 
Tanggal: 06-05-2022 09:00:01 
Duration Download Forstok 13.887361049652 Detik
Duration Looping 500 Data 138.88813900948 Detik 
Total Duration 138.8882329464 Detik 
------------------------- 
Tanggal: 06-05-2022 09:05:01 
Duration Download Forstok 35.518501996994 Detik
Duration Looping 500 Data 159.75789499283 Detik 
Total Duration 159.75804305077 Detik 
------------------------- 
Tanggal: 06-05-2022 09:10:01 
Duration Download Forstok 23.204943180084 Detik
Duration Looping 500 Data 146.61755800247 Detik 
Total Duration 146.61767506599 Detik 
------------------------- 
Tanggal: 06-05-2022 09:15:01 
Duration Download Forstok 15.106169939041 Detik
Duration Looping 500 Data 140.74104809761 Detik 
Total Duration 140.74116206169 Detik 
------------------------- 
Tanggal: 06-05-2022 09:20:01 
Duration Download Forstok 15.431903123856 Detik
Duration Looping 500 Data 142.18803405762 Detik 
Total Duration 142.18815302849 Detik 
------------------------- 
Tanggal: 06-05-2022 09:25:01 
Duration Download Forstok 22.261159181595 Detik
Duration Looping 500 Data 143.52453112602 Detik 
Total Duration 143.52466106415 Detik 
------------------------- 
Tanggal: 06-05-2022 09:30:01 
Duration Download Forstok 13.071657180786 Detik
Duration Looping 500 Data 137.64898300171 Detik 
Total Duration 137.64910411835 Detik 
------------------------- 
Tanggal: 06-05-2022 09:35:01 
Duration Download Forstok 17.792371034622 Detik
Duration Looping 500 Data 148.05504894257 Detik 
Total Duration 148.0551738739 Detik 
------------------------- 
Tanggal: 06-05-2022 09:40:01 
Duration Download Forstok 14.751789808273 Detik
Duration Looping 500 Data 136.45632886887 Detik 
Total Duration 136.45645189285 Detik 
------------------------- 
Tanggal: 06-05-2022 09:45:01 
Duration Download Forstok 16.864485025406 Detik
Duration Looping 500 Data 142.19183397293 Detik 
Total Duration 142.19195103645 Detik 
------------------------- 
Tanggal: 06-05-2022 09:50:01 
Duration Download Forstok 14.783046007156 Detik
Duration Looping 500 Data 142.41564202309 Detik 
Total Duration 142.41575908661 Detik 
------------------------- 
Tanggal: 06-05-2022 09:55:01 
Duration Download Forstok 12.485895872116 Detik
Duration Looping 500 Data 132.2687959671 Detik 
Total Duration 132.26891708374 Detik 
------------------------- 
Tanggal: 06-05-2022 10:00:01 
Duration Download Forstok 21.355800151825 Detik
Duration Looping 500 Data 145.12290215492 Detik 
Total Duration 145.1230661869 Detik 
------------------------- 
Tanggal: 06-05-2022 10:05:01 
Duration Download Forstok 47.017223119736 Detik
Duration Looping 500 Data 178.11340093613 Detik 
Total Duration 178.11357402802 Detik 
------------------------- 
Tanggal: 06-05-2022 10:10:01 
Duration Download Forstok 20.159595966339 Detik
Duration Looping 500 Data 142.22017383575 Detik 
Total Duration 142.22030591965 Detik 
------------------------- 
Tanggal: 06-05-2022 10:15:01 
Duration Download Forstok 15.408291101456 Detik
Duration Looping 500 Data 141.34765815735 Detik 
Total Duration 141.34777712822 Detik 
------------------------- 
Tanggal: 06-05-2022 10:20:01 
Duration Download Forstok 13.205270051956 Detik
Duration Looping 500 Data 138.98520112038 Detik 
Total Duration 138.9853181839 Detik 
------------------------- 
Tanggal: 06-05-2022 10:25:01 
Duration Download Forstok 14.444805860519 Detik
Duration Looping 500 Data 136.92711687088 Detik 
Total Duration 136.92723298073 Detik 
------------------------- 
Tanggal: 06-05-2022 10:30:01 
Duration Download Forstok 12.347235202789 Detik
Duration Looping 500 Data 138.78629899025 Detik 
Total Duration 138.78641915321 Detik 
------------------------- 
Tanggal: 06-05-2022 10:35:01 
Duration Download Forstok 15.25547504425 Detik
Duration Looping 500 Data 139.8032989502 Detik 
Total Duration 139.80344414711 Detik 
------------------------- 
Tanggal: 06-05-2022 10:40:01 
Duration Download Forstok 21.412568807602 Detik
Duration Looping 500 Data 161.02932596207 Detik 
Total Duration 161.0294418335 Detik 
------------------------- 
Tanggal: 06-05-2022 10:45:01 
Duration Download Forstok 23.81103014946 Detik
Duration Looping 500 Data 149.53812909126 Detik 
Total Duration 149.53824901581 Detik 
------------------------- 
Tanggal: 06-05-2022 10:50:01 
Duration Download Forstok 15.5334649086 Detik
Duration Looping 500 Data 145.53108406067 Detik 
Total Duration 145.53120398521 Detik 
------------------------- 
Tanggal: 06-05-2022 10:55:01 
Duration Download Forstok 10.841571092606 Detik
Duration Looping 500 Data 137.60267710686 Detik 
Total Duration 137.60280108452 Detik 
------------------------- 
Tanggal: 06-05-2022 11:00:01 
Duration Download Forstok 17.406752109528 Detik
Duration Looping 500 Data 146.67072415352 Detik 
Total Duration 146.67084407806 Detik 
------------------------- 
Tanggal: 06-05-2022 11:05:01 
Duration Download Forstok 41.03080201149 Detik
Duration Looping 500 Data 173.05569291115 Detik 
Total Duration 173.05580592155 Detik 
------------------------- 
Tanggal: 06-05-2022 11:10:01 
Duration Download Forstok 25.965620994568 Detik
Duration Looping 500 Data 156.47419714928 Detik 
Total Duration 156.47431302071 Detik 
------------------------- 
Tanggal: 06-05-2022 11:15:01 
Duration Download Forstok 27.530350923538 Detik
Duration Looping 500 Data 159.70840287209 Detik 
Total Duration 159.70852088928 Detik 
------------------------- 
Tanggal: 06-05-2022 11:20:01 
Duration Download Forstok 15.053636074066 Detik
Duration Looping 500 Data 141.14100599289 Detik 
Total Duration 141.14112496376 Detik 
------------------------- 
Tanggal: 06-05-2022 11:25:01 
Duration Download Forstok 14.225584983826 Detik
Duration Looping 500 Data 134.35214996338 Detik 
Total Duration 134.35226488113 Detik 
------------------------- 
Tanggal: 06-05-2022 11:30:01 
Duration Download Forstok 13.854774951935 Detik
Duration Looping 500 Data 137.74930381775 Detik 
Total Duration 137.74941682816 Detik 
------------------------- 
Tanggal: 06-05-2022 11:35:01 
Duration Download Forstok 23.117802143097 Detik
Duration Looping 500 Data 157.17684006691 Detik 
Total Duration 157.17695903778 Detik 
------------------------- 
Tanggal: 06-05-2022 11:40:01 
Duration Download Forstok 12.79058599472 Detik
Duration Looping 500 Data 139.68047904968 Detik 
Total Duration 139.68060517311 Detik 
------------------------- 
Tanggal: 06-05-2022 11:45:01 
Duration Download Forstok 20.044813156128 Detik
Duration Looping 500 Data 143.42583703995 Detik 
Total Duration 143.42595505714 Detik 
------------------------- 
Tanggal: 06-05-2022 11:50:01 
Duration Download Forstok 13.486442089081 Detik
Duration Looping 500 Data 139.96414613724 Detik 
Total Duration 139.96426200867 Detik 
------------------------- 
Tanggal: 06-05-2022 11:55:01 
Duration Download Forstok 18.191740036011 Detik
Duration Looping 500 Data 140.83298802376 Detik 
Total Duration 140.83310294151 Detik 
------------------------- 
Tanggal: 06-05-2022 12:00:01 
Duration Download Forstok 28.73247218132 Detik
Duration Looping 500 Data 151.09252715111 Detik 
Total Duration 151.09269618988 Detik 
------------------------- 
Tanggal: 06-05-2022 12:05:01 
Duration Download Forstok 41.099326848984 Detik
Duration Looping 500 Data 166.96984791756 Detik 
Total Duration 166.96996593475 Detik 
------------------------- 
Tanggal: 06-05-2022 12:10:01 
Duration Download Forstok 28.369969129562 Detik
Duration Looping 500 Data 157.50039696693 Detik 
Total Duration 157.50051999092 Detik 
------------------------- 
Tanggal: 06-05-2022 12:15:01 
Duration Download Forstok 16.72505903244 Detik
Duration Looping 500 Data 138.15062594414 Detik 
Total Duration 138.15078401566 Detik 
------------------------- 
Tanggal: 06-05-2022 12:20:01 
Duration Download Forstok 15.696419000626 Detik
Duration Looping 500 Data 136.28826189041 Detik 
Total Duration 136.28837394714 Detik 
------------------------- 
Tanggal: 06-05-2022 12:25:01 
Duration Download Forstok 13.871356964111 Detik
Duration Looping 500 Data 132.81130480766 Detik 
Total Duration 132.81142091751 Detik 
------------------------- 
Tanggal: 06-05-2022 12:30:01 
Duration Download Forstok 17.019254922867 Detik
Duration Looping 500 Data 145.69612789154 Detik 
Total Duration 145.69626092911 Detik 
------------------------- 
Tanggal: 06-05-2022 12:35:01 
Duration Download Forstok 26.026161909103 Detik
Duration Looping 500 Data 159.30441498756 Detik 
Total Duration 159.30453300476 Detik 
------------------------- 
Tanggal: 06-05-2022 12:40:02 
Duration Download Forstok 14.657557964325 Detik
Duration Looping 500 Data 142.28058290482 Detik 
Total Duration 142.28070306778 Detik 
------------------------- 
Tanggal: 06-05-2022 12:45:01 
Duration Download Forstok 31.746915102005 Detik
Duration Looping 500 Data 150.94509005547 Detik 
Total Duration 150.94520807266 Detik 
------------------------- 
Tanggal: 06-05-2022 12:50:01 
Duration Download Forstok 17.52238702774 Detik
Duration Looping 500 Data 149.6744120121 Detik 
Total Duration 149.67452406883 Detik 
------------------------- 
Tanggal: 06-05-2022 12:55:01 
Duration Download Forstok 11.812494039536 Detik
Duration Looping 500 Data 136.07540011406 Detik 
Total Duration 136.07551503181 Detik 
------------------------- 
Tanggal: 06-05-2022 13:00:01 
Duration Download Forstok 16.459308862686 Detik
Duration Looping 500 Data 144.27271699905 Detik 
Total Duration 144.27283191681 Detik 
------------------------- 
Tanggal: 06-05-2022 13:05:01 
Duration Download Forstok 21.450773000717 Detik
Duration Looping 500 Data 144.12893390656 Detik 
Total Duration 144.12906098366 Detik 
------------------------- 
Tanggal: 06-05-2022 13:10:01 
Duration Download Forstok 20.357279062271 Detik
Duration Looping 500 Data 146.12740111351 Detik 
Total Duration 146.12752509117 Detik 
------------------------- 
Tanggal: 06-05-2022 13:15:01 
Duration Download Forstok 21.44593501091 Detik
Duration Looping 500 Data 145.11257481575 Detik 
Total Duration 145.11269688606 Detik 
------------------------- 
Tanggal: 06-05-2022 13:20:01 
Duration Download Forstok 14.892627954483 Detik
Duration Looping 500 Data 141.40533995628 Detik 
Total Duration 141.40546584129 Detik 
------------------------- 
Tanggal: 06-05-2022 13:25:01 
Duration Download Forstok 13.002569913864 Detik
Duration Looping 500 Data 135.5871860981 Detik 
Total Duration 135.58730697632 Detik 
------------------------- 
Tanggal: 06-05-2022 13:30:01 
Duration Download Forstok 14.597929000854 Detik
Duration Looping 500 Data 137.87876701355 Detik 
Total Duration 137.87888097763 Detik 
------------------------- 
Tanggal: 06-05-2022 13:35:01 
Duration Download Forstok 14.658020019531 Detik
Duration Looping 500 Data 138.79708099365 Detik 
Total Duration 138.7972009182 Detik 
------------------------- 
Tanggal: 06-05-2022 13:40:02 
Duration Download Forstok 16.882697820663 Detik
Duration Looping 500 Data 144.86090278625 Detik 
Total Duration 144.86102294922 Detik 
------------------------- 
Tanggal: 06-05-2022 13:45:01 
Duration Download Forstok 27.350775003433 Detik
Duration Looping 500 Data 151.45332288742 Detik 
Total Duration 151.45344209671 Detik 
------------------------- 
Tanggal: 06-05-2022 13:50:01 
Duration Download Forstok 13.717795133591 Detik
Duration Looping 500 Data 137.93441796303 Detik 
Total Duration 137.93453598022 Detik 
------------------------- 
Tanggal: 06-05-2022 13:55:01 
Duration Download Forstok 20.700970888138 Detik
Duration Looping 500 Data 144.26359200478 Detik 
Total Duration 144.26371693611 Detik 
------------------------- 
Tanggal: 06-05-2022 14:00:01 
Duration Download Forstok 18.626602888107 Detik
Duration Looping 500 Data 142.26901102066 Detik 
Total Duration 142.26913404465 Detik 
------------------------- 
Tanggal: 06-05-2022 14:05:01 
Duration Download Forstok 25.556766033173 Detik
Duration Looping 500 Data 152.90814995766 Detik 
Total Duration 152.90828204155 Detik 
------------------------- 
Tanggal: 06-05-2022 14:10:01 
Duration Download Forstok 19.119138002396 Detik
Duration Looping 500 Data 146.90632200241 Detik 
Total Duration 146.90644598007 Detik 
------------------------- 
Tanggal: 06-05-2022 14:15:01 
Duration Download Forstok 16.329140901566 Detik
Duration Looping 500 Data 141.5715239048 Detik 
Total Duration 141.57165503502 Detik 
------------------------- 
Tanggal: 06-05-2022 14:20:01 
Duration Download Forstok 17.007147073746 Detik
Duration Looping 500 Data 143.03155899048 Detik 
Total Duration 143.03166103363 Detik 
------------------------- 
Tanggal: 06-05-2022 14:25:01 
Duration Download Forstok 13.412570953369 Detik
Duration Looping 500 Data 145.59841489792 Detik 
Total Duration 145.59853196144 Detik 
------------------------- 
Tanggal: 06-05-2022 14:30:01 
Duration Download Forstok 18.524473905563 Detik
Duration Looping 500 Data 143.19991397858 Detik 
Total Duration 143.20003080368 Detik 
------------------------- 
Tanggal: 06-05-2022 14:35:01 
Duration Download Forstok 25.586441993713 Detik
Duration Looping 500 Data 147.4866027832 Detik 
Total Duration 147.48670983315 Detik 
------------------------- 
Tanggal: 06-05-2022 14:40:01 
Duration Download Forstok 14.532389879227 Detik
Duration Looping 500 Data 137.41610097885 Detik 
Total Duration 137.41621589661 Detik 
------------------------- 
Tanggal: 06-05-2022 14:45:01 
Duration Download Forstok 17.600483894348 Detik
Duration Looping 500 Data 148.97121286392 Detik 
Total Duration 148.97132396698 Detik 
------------------------- 
Tanggal: 06-05-2022 14:50:01 
Duration Download Forstok 22.617812871933 Detik
Duration Looping 500 Data 149.99812102318 Detik 
Total Duration 149.9982419014 Detik 
------------------------- 
Tanggal: 06-05-2022 14:55:01 
Duration Download Forstok 15.834357023239 Detik
Duration Looping 500 Data 145.52540707588 Detik 
Total Duration 145.52550506592 Detik 
------------------------- 
Tanggal: 06-05-2022 15:00:01 
Duration Download Forstok 22.852917909622 Detik
Duration Looping 500 Data 149.96585798264 Detik 
Total Duration 149.96597290039 Detik 
------------------------- 
Tanggal: 06-05-2022 15:05:01 
Duration Download Forstok 13.591283082962 Detik
Duration Looping 500 Data 139.48499703407 Detik 
Total Duration 139.48510694504 Detik 
------------------------- 
Tanggal: 06-05-2022 15:10:01 
Duration Download Forstok 20.962799072266 Detik
Duration Looping 500 Data 155.17346191406 Detik 
Total Duration 155.17357993126 Detik 
------------------------- 
Tanggal: 06-05-2022 15:15:01 
Duration Download Forstok 26.880675077438 Detik
Duration Looping 500 Data 161.30313897133 Detik 
Total Duration 161.30326294899 Detik 
------------------------- 
Tanggal: 06-05-2022 15:20:02 
Duration Download Forstok 18.397478818893 Detik
Duration Looping 500 Data 152.46420502663 Detik 
Total Duration 152.46436595917 Detik 
------------------------- 
Tanggal: 06-05-2022 15:25:01 
Duration Download Forstok 17.272351980209 Detik
Duration Looping 500 Data 164.09192800522 Detik 
Total Duration 164.09204292297 Detik 
------------------------- 
Tanggal: 06-05-2022 15:30:01 
Duration Download Forstok 13.225569963455 Detik
Duration Looping 500 Data 142.1416759491 Detik 
Total Duration 142.14175891876 Detik 
------------------------- 
Tanggal: 06-05-2022 15:35:01 
Duration Download Forstok 20.875065088272 Detik
Duration Looping 500 Data 153.36210107803 Detik 
Total Duration 153.36222100258 Detik 
------------------------- 
Tanggal: 06-05-2022 15:40:01 
Duration Download Forstok 15.917948007584 Detik
Duration Looping 500 Data 150.35356402397 Detik 
Total Duration 150.35366201401 Detik 
------------------------- 
Tanggal: 06-05-2022 15:45:01 
Duration Download Forstok 28.696156024933 Detik
Duration Looping 500 Data 153.6306078434 Detik 
Total Duration 153.63072991371 Detik 
------------------------- 
Tanggal: 06-05-2022 15:50:01 
Duration Download Forstok 18.323641061783 Detik
Duration Looping 500 Data 156.02799892426 Detik 
Total Duration 156.02811598778 Detik 
------------------------- 
Tanggal: 06-05-2022 15:55:01 
Duration Download Forstok 16.749423027039 Detik
Duration Looping 500 Data 140.56347799301 Detik 
Total Duration 140.5635869503 Detik 
------------------------- 
Tanggal: 06-05-2022 16:00:01 
Duration Download Forstok 15.903947114944 Detik
Duration Looping 500 Data 153.48978018761 Detik 
Total Duration 153.48989105225 Detik 
------------------------- 
Tanggal: 06-05-2022 16:05:01 
Duration Download Forstok 36.359402894974 Detik
Duration Looping 500 Data 163.50728678703 Detik 
Total Duration 163.50740385056 Detik 
------------------------- 
Tanggal: 06-05-2022 16:10:01 
Duration Download Forstok 25.650615930557 Detik
Duration Looping 500 Data 155.2687869072 Detik 
Total Duration 155.26890397072 Detik 
------------------------- 
Tanggal: 06-05-2022 16:15:01 
Duration Download Forstok 23.796967983246 Detik
Duration Looping 500 Data 152.19831991196 Detik 
Total Duration 152.19843482971 Detik 
------------------------- 
Tanggal: 06-05-2022 16:20:01 
Duration Download Forstok 22.005677938461 Detik
Duration Looping 500 Data 151.66282200813 Detik 
Total Duration 151.66294884682 Detik 
------------------------- 
Tanggal: 06-05-2022 16:25:01 
Duration Download Forstok 13.59964299202 Detik
Duration Looping 500 Data 144.19818282127 Detik 
Total Duration 144.19832801819 Detik 
------------------------- 
Tanggal: 06-05-2022 16:30:01 
Duration Download Forstok 14.069080114365 Detik
Duration Looping 500 Data 143.40269994736 Detik 
Total Duration 143.40282011032 Detik 
------------------------- 
Tanggal: 06-05-2022 16:35:02 
Duration Download Forstok 28.165768146515 Detik
Duration Looping 500 Data 154.74329996109 Detik 
Total Duration 154.74342608452 Detik 
------------------------- 
Tanggal: 06-05-2022 16:40:01 
Duration Download Forstok 12.683372020721 Detik
Duration Looping 500 Data 141.19451212883 Detik 
Total Duration 141.19463610649 Detik 
------------------------- 
Tanggal: 06-05-2022 16:45:01 
Duration Download Forstok 23.781091928482 Detik
Duration Looping 500 Data 148.68230390549 Detik 
Total Duration 148.68242478371 Detik 
------------------------- 
Tanggal: 06-05-2022 16:50:01 
Duration Download Forstok 11.235291004181 Detik
Duration Looping 500 Data 140.96891117096 Detik 
Total Duration 140.96902608871 Detik 
------------------------- 
Tanggal: 06-05-2022 16:55:01 
Duration Download Forstok 17.270820140839 Detik
Duration Looping 500 Data 151.78273200989 Detik 
Total Duration 151.78284406662 Detik 
------------------------- 
Tanggal: 06-05-2022 17:00:01 
Duration Download Forstok 21.185216188431 Detik
Duration Looping 500 Data 148.6697371006 Detik 
Total Duration 148.66984701157 Detik 
------------------------- 
Tanggal: 06-05-2022 17:05:01 
Duration Download Forstok 18.518006086349 Detik
Duration Looping 500 Data 146.05079603195 Detik 
Total Duration 146.05091094971 Detik 
------------------------- 
Tanggal: 06-05-2022 17:10:01 
Duration Download Forstok 19.431792974472 Detik
Duration Looping 500 Data 151.58606791496 Detik 
Total Duration 151.58619403839 Detik 
------------------------- 
Tanggal: 06-05-2022 17:15:01 
Duration Download Forstok 19.72546005249 Detik
Duration Looping 500 Data 145.07842111588 Detik 
Total Duration 145.078551054 Detik 
------------------------- 
Tanggal: 06-05-2022 17:20:01 
Duration Download Forstok 17.685235977173 Detik
Duration Looping 500 Data 151.53648614883 Detik 
Total Duration 151.53660798073 Detik 
------------------------- 
Tanggal: 06-05-2022 17:25:01 
Duration Download Forstok 20.057361841202 Detik
Duration Looping 500 Data 147.06990981102 Detik 
Total Duration 147.07000803947 Detik 
------------------------- 
Tanggal: 06-05-2022 17:30:01 
Duration Download Forstok 14.395631074905 Detik
Duration Looping 500 Data 154.49585604668 Detik 
Total Duration 154.49597096443 Detik 
------------------------- 
Tanggal: 06-05-2022 17:35:01 
Duration Download Forstok 21.831622838974 Detik
Duration Looping 500 Data 149.64133787155 Detik 
Total Duration 149.641466856 Detik 
------------------------- 
Tanggal: 06-05-2022 17:40:01 
Duration Download Forstok 18.233974933624 Detik
Duration Looping 500 Data 147.52785992622 Detik 
Total Duration 147.52797794342 Detik 
------------------------- 
Tanggal: 06-05-2022 17:45:02 
Duration Download Forstok 20.047511100769 Detik
Duration Looping 500 Data 151.70148897171 Detik 
Total Duration 151.70160603523 Detik 
------------------------- 
Tanggal: 06-05-2022 17:50:01 
Duration Download Forstok 14.666678905487 Detik
Duration Looping 500 Data 147.23118281364 Detik 
Total Duration 147.23130083084 Detik 
------------------------- 
Tanggal: 06-05-2022 17:55:01 
Duration Download Forstok 14.902157783508 Detik
Duration Looping 500 Data 149.68595290184 Detik 
Total Duration 149.68607091904 Detik 
------------------------- 
Tanggal: 06-05-2022 18:00:01 
Duration Download Forstok 17.677257061005 Detik
Duration Looping 500 Data 149.55682110786 Detik 
Total Duration 149.55695009232 Detik 
------------------------- 
Tanggal: 06-05-2022 18:05:01 
Duration Download Forstok 25.064048051834 Detik
Duration Looping 500 Data 153.48949813843 Detik 
Total Duration 153.48961901665 Detik 
------------------------- 
Tanggal: 06-05-2022 18:10:01 
Duration Download Forstok 16.061179161072 Detik
Duration Looping 500 Data 143.03368616104 Detik 
Total Duration 143.03381299973 Detik 
------------------------- 
Tanggal: 06-05-2022 18:15:01 
Duration Download Forstok 18.596569061279 Detik
Duration Looping 500 Data 159.85255599022 Detik 
Total Duration 159.85267400742 Detik 
------------------------- 
Tanggal: 06-05-2022 18:20:01 
Duration Download Forstok 14.802534103394 Detik
Duration Looping 500 Data 141.95995807648 Detik 
Total Duration 141.96007609367 Detik 
------------------------- 
Tanggal: 06-05-2022 18:25:01 
Duration Download Forstok 19.730559110641 Detik
Duration Looping 500 Data 148.59424614906 Detik 
Total Duration 148.5943570137 Detik 
------------------------- 
Tanggal: 06-05-2022 18:30:01 
Duration Download Forstok 14.990175008774 Detik
Duration Looping 500 Data 149.24865698814 Detik 
Total Duration 149.24874711037 Detik 
------------------------- 
Tanggal: 06-05-2022 18:35:01 
Duration Download Forstok 29.506994962692 Detik
Duration Looping 500 Data 163.49505805969 Detik 
Total Duration 163.49518203735 Detik 
------------------------- 
Tanggal: 06-05-2022 18:40:01 
Duration Download Forstok 12.984133005142 Detik
Duration Looping 500 Data 146.75175690651 Detik 
Total Duration 146.75187397003 Detik 
------------------------- 
Tanggal: 06-05-2022 18:45:01 
Duration Download Forstok 19.859698057175 Detik
Duration Looping 500 Data 147.52467298508 Detik 
Total Duration 147.52479696274 Detik 
------------------------- 
Tanggal: 06-05-2022 18:50:01 
Duration Download Forstok 14.546689987183 Detik
Duration Looping 500 Data 154.38315296173 Detik 
Total Duration 154.3832681179 Detik 
------------------------- 
Tanggal: 06-05-2022 18:55:01 
Duration Download Forstok 14.296372890472 Detik
Duration Looping 500 Data 140.55199885368 Detik 
Total Duration 140.55212283134 Detik 
------------------------- 
Tanggal: 06-05-2022 19:00:01 
Duration Download Forstok 17.504102945328 Detik
Duration Looping 500 Data 146.46193408966 Detik 
Total Duration 146.46205306053 Detik 
------------------------- 
Tanggal: 06-05-2022 19:05:01 
Duration Download Forstok 31.824594974518 Detik
Duration Looping 500 Data 158.93297386169 Detik 
Total Duration 158.93308997154 Detik 
------------------------- 
Tanggal: 06-05-2022 19:10:01 
Duration Download Forstok 18.038887023926 Detik
Duration Looping 500 Data 144.42701601982 Detik 
Total Duration 144.4271299839 Detik 
------------------------- 
Tanggal: 06-05-2022 19:15:01 
Duration Download Forstok 23.595529079437 Detik
Duration Looping 500 Data 151.40808415413 Detik 
Total Duration 151.40821218491 Detik 
------------------------- 
Tanggal: 06-05-2022 19:20:01 
Duration Download Forstok 15.016115188599 Detik
Duration Looping 500 Data 142.15883612633 Detik 
Total Duration 142.15895414352 Detik 
------------------------- 
Tanggal: 06-05-2022 19:25:01 
Duration Download Forstok 12.445199012756 Detik
Duration Looping 500 Data 142.15956807137 Detik 
Total Duration 142.15969419479 Detik 
------------------------- 
Tanggal: 06-05-2022 19:30:01 
Duration Download Forstok 22.187237977982 Detik
Duration Looping 500 Data 149.90764904022 Detik 
Total Duration 149.9077630043 Detik 
------------------------- 
Tanggal: 06-05-2022 19:35:01 
Duration Download Forstok 28.812448978424 Detik
Duration Looping 500 Data 158.81190800667 Detik 
Total Duration 158.81202888489 Detik 
------------------------- 
Tanggal: 06-05-2022 19:40:02 
Duration Download Forstok 14.738116979599 Detik
Duration Looping 500 Data 144.62709999084 Detik 
Total Duration 144.62722206116 Detik 
------------------------- 
Tanggal: 06-05-2022 19:45:02 
Duration Download Forstok 17.737509012222 Detik
Duration Looping 500 Data 146.8337199688 Detik 
Total Duration 146.83383703232 Detik 
------------------------- 
Tanggal: 06-05-2022 19:50:01 
Duration Download Forstok 14.614395141602 Detik
Duration Looping 500 Data 142.86385893822 Detik 
Total Duration 142.86398410797 Detik 
------------------------- 
Tanggal: 06-05-2022 19:55:01 
Duration Download Forstok 11.988946914673 Detik
Duration Looping 500 Data 146.58663797379 Detik 
Total Duration 146.58676099777 Detik 
------------------------- 
Tanggal: 06-05-2022 20:00:01 
Duration Download Forstok 15.065922021866 Detik
Duration Looping 500 Data 155.09799194336 Detik 
Total Duration 155.09810996056 Detik 
------------------------- 
Tanggal: 06-05-2022 20:05:01 
Duration Download Forstok 23.102431058884 Detik
Duration Looping 500 Data 150.9014840126 Detik 
Total Duration 150.90160107613 Detik 
------------------------- 
Tanggal: 06-05-2022 20:10:01 
Duration Download Forstok 14.972930192947 Detik
Duration Looping 500 Data 142.08848500252 Detik 
Total Duration 142.08860206604 Detik 
------------------------- 
Tanggal: 06-05-2022 20:15:01 
Duration Download Forstok 21.063493013382 Detik
Duration Looping 500 Data 151.843998909 Detik 
Total Duration 151.84412193298 Detik 
------------------------- 
Tanggal: 06-05-2022 20:20:01 
Duration Download Forstok 19.544763088226 Detik
Duration Looping 500 Data 152.06213712692 Detik 
Total Duration 152.06225204468 Detik 
------------------------- 
Tanggal: 06-05-2022 20:25:01 
Duration Download Forstok 12.569095134735 Detik
Duration Looping 500 Data 139.53368496895 Detik 
Total Duration 139.5337729454 Detik 
------------------------- 
Tanggal: 06-05-2022 20:30:01 
Duration Download Forstok 13.19153380394 Detik
Duration Looping 500 Data 148.12116098404 Detik 
Total Duration 148.12127685547 Detik 
------------------------- 
Tanggal: 06-05-2022 20:35:01 
Duration Download Forstok 22.858863830566 Detik
Duration Looping 500 Data 161.51234483719 Detik 
Total Duration 161.51243281364 Detik 
------------------------- 
Tanggal: 06-05-2022 20:40:01 
Duration Download Forstok 11.518530845642 Detik
Duration Looping 500 Data 146.60566282272 Detik 
Total Duration 146.60577988625 Detik 
------------------------- 
Tanggal: 06-05-2022 20:45:01 
Duration Download Forstok 24.974504947662 Detik
Duration Looping 500 Data 154.80690097809 Detik 
Total Duration 154.80701684952 Detik 
------------------------- 
Tanggal: 06-05-2022 20:50:01 
Duration Download Forstok 13.663669109344 Detik
Duration Looping 500 Data 143.3987390995 Detik 
Total Duration 143.3988571167 Detik 
------------------------- 
Tanggal: 06-05-2022 20:55:01 
Duration Download Forstok 15.274563074112 Detik
Duration Looping 500 Data 147.29397010803 Detik 
Total Duration 147.29408788681 Detik 
------------------------- 
Tanggal: 06-05-2022 21:00:01 
Duration Download Forstok 13.26171708107 Detik
Duration Looping 500 Data 143.7651951313 Detik 
Total Duration 143.76531100273 Detik 
------------------------- 
Tanggal: 06-05-2022 21:05:01 
Duration Download Forstok 51.840899944305 Detik
Duration Looping 500 Data 187.1587870121 Detik 
Total Duration 187.15889000893 Detik 
------------------------- 
Tanggal: 06-05-2022 21:10:01 
Duration Download Forstok 18.244817018509 Detik
Duration Looping 500 Data 150.05310487747 Detik 
Total Duration 150.05322599411 Detik 
------------------------- 
Tanggal: 06-05-2022 21:15:01 
Duration Download Forstok 15.788850069046 Detik
Duration Looping 500 Data 152.77235507965 Detik 
Total Duration 152.7724480629 Detik 
------------------------- 
Tanggal: 06-05-2022 21:20:01 
Duration Download Forstok 15.085478067398 Detik
Duration Looping 500 Data 146.21083593369 Detik 
Total Duration 146.21094894409 Detik 
------------------------- 
Tanggal: 06-05-2022 21:25:01 
Duration Download Forstok 12.401811122894 Detik
Duration Looping 500 Data 141.80970406532 Detik 
Total Duration 141.80983901024 Detik 
------------------------- 
Tanggal: 06-05-2022 21:30:01 
Duration Download Forstok 20.328246116638 Detik
Duration Looping 500 Data 154.46177601814 Detik 
Total Duration 154.46189689636 Detik 
------------------------- 
Tanggal: 06-05-2022 21:35:01 
Duration Download Forstok 31.801562070847 Detik
Duration Looping 500 Data 166.67235803604 Detik 
Total Duration 166.67251801491 Detik 
------------------------- 
Tanggal: 06-05-2022 21:40:01 
Duration Download Forstok 15.231154918671 Detik
Duration Looping 500 Data 152.10372781754 Detik 
Total Duration 152.10384392738 Detik 
------------------------- 
Tanggal: 06-05-2022 21:45:01 
Duration Download Forstok 23.445599079132 Detik
Duration Looping 500 Data 155.65871191025 Detik 
Total Duration 155.6588280201 Detik 
------------------------- 
Tanggal: 06-05-2022 21:50:01 
Duration Download Forstok 13.265477895737 Detik
Duration Looping 500 Data 149.36691689491 Detik 
Total Duration 149.36703896523 Detik 
------------------------- 
Tanggal: 06-05-2022 21:55:01 
Duration Download Forstok 18.500737905502 Detik
Duration Looping 500 Data 152.04128193855 Detik 
Total Duration 152.04141688347 Detik 
------------------------- 
Tanggal: 06-05-2022 22:00:01 
Duration Download Forstok 15.525500059128 Detik
Duration Looping 500 Data 146.63796401024 Detik 
Total Duration 146.63813090324 Detik 
------------------------- 
Tanggal: 06-05-2022 22:05:01 
Duration Download Forstok 24.189639091492 Detik
Duration Looping 500 Data 150.63338398933 Detik 
Total Duration 150.633507967 Detik 
------------------------- 
Tanggal: 06-05-2022 22:10:01 
Duration Download Forstok 15.242737770081 Detik
Duration Looping 500 Data 151.69720077515 Detik 
Total Duration 151.69731688499 Detik 
------------------------- 
Tanggal: 06-05-2022 22:15:01 
Duration Download Forstok 29.119125127792 Detik
Duration Looping 500 Data 163.15885615349 Detik 
Total Duration 163.1589782238 Detik 
------------------------- 
Tanggal: 06-05-2022 22:20:01 
Duration Download Forstok 16.805832147598 Detik
Duration Looping 500 Data 145.21965813637 Detik 
Total Duration 145.21977496147 Detik 
------------------------- 
Tanggal: 06-05-2022 22:25:01 
Duration Download Forstok 11.434569120407 Detik
Duration Looping 500 Data 148.76360702515 Detik 
Total Duration 148.76372909546 Detik 
------------------------- 
Tanggal: 06-05-2022 22:30:01 
Duration Download Forstok 19.496711015701 Detik
Duration Looping 500 Data 156.26216197014 Detik 
Total Duration 156.26227784157 Detik 
------------------------- 
Tanggal: 06-05-2022 22:35:01 
Duration Download Forstok 22.046838998795 Detik
Duration Looping 500 Data 165.15389204025 Detik 
Total Duration 165.15400505066 Detik 
------------------------- 
Tanggal: 06-05-2022 22:40:01 
Duration Download Forstok 14.303812026978 Detik
Duration Looping 500 Data 142.06326508522 Detik 
Total Duration 142.0633699894 Detik 
------------------------- 
Tanggal: 06-05-2022 22:45:01 
Duration Download Forstok 23.044996976852 Detik
Duration Looping 500 Data 154.00697183609 Detik 
Total Duration 154.00709486008 Detik 
------------------------- 
Tanggal: 06-05-2022 22:50:01 
Duration Download Forstok 21.501956939697 Detik
Duration Looping 500 Data 162.82530593872 Detik 
Total Duration 162.82543587685 Detik 
------------------------- 
Tanggal: 06-05-2022 22:55:01 
Duration Download Forstok 12.718229055405 Detik
Duration Looping 500 Data 140.60223793983 Detik 
Total Duration 140.6023581028 Detik 
------------------------- 
Tanggal: 06-05-2022 23:00:01 
Duration Download Forstok 16.356636047363 Detik
Duration Looping 500 Data 144.96726489067 Detik 
Total Duration 144.96740293503 Detik 
------------------------- 
Tanggal: 06-05-2022 23:05:01 
Duration Download Forstok 34.565438985825 Detik
Duration Looping 500 Data 167.27013611794 Detik 
Total Duration 167.27026510239 Detik 
------------------------- 
Tanggal: 06-05-2022 23:10:01 
Duration Download Forstok 15.67785692215 Detik
Duration Looping 500 Data 149.94443798065 Detik 
Total Duration 149.94456100464 Detik 
------------------------- 
Tanggal: 06-05-2022 23:15:01 
Duration Download Forstok 17.61825299263 Detik
Duration Looping 500 Data 150.77090191841 Detik 
Total Duration 150.77101993561 Detik 
------------------------- 
Tanggal: 06-05-2022 23:20:02 
Duration Download Forstok 24.332891225815 Detik
Duration Looping 500 Data 157.3166270256 Detik 
Total Duration 157.31674098969 Detik 
------------------------- 
Tanggal: 06-05-2022 23:25:01 
Duration Download Forstok 14.855803966522 Detik
Duration Looping 500 Data 145.35377597809 Detik 
Total Duration 145.35389995575 Detik 
------------------------- 
Tanggal: 06-05-2022 23:30:01 
Duration Download Forstok 12.418182134628 Detik
Duration Looping 500 Data 144.60122609138 Detik 
Total Duration 144.60135698318 Detik 
------------------------- 
Tanggal: 06-05-2022 23:35:01 
Duration Download Forstok 17.822299003601 Detik
Duration Looping 500 Data 151.88725399971 Detik 
Total Duration 151.8873770237 Detik 
------------------------- 
Tanggal: 06-05-2022 23:40:01 
Duration Download Forstok 12.876044988632 Detik
Duration Looping 500 Data 149.44154596329 Detik 
Total Duration 149.4416680336 Detik 
------------------------- 
Tanggal: 06-05-2022 23:45:01 
Duration Download Forstok 20.569000005722 Detik
Duration Looping 500 Data 148.39779019356 Detik 
Total Duration 148.3979101181 Detik 
------------------------- 
Tanggal: 06-05-2022 23:50:01 
Duration Download Forstok 11.792444944382 Detik
Duration Looping 500 Data 147.29702997208 Detik 
Total Duration 147.29715180397 Detik 
------------------------- 
Tanggal: 06-05-2022 23:55:01 
Duration Download Forstok 10.952448129654 Detik
Duration Looping 500 Data 140.622838974 Detik 
Total Duration 140.62296295166 Detik 
------------------------- 
