Tanggal: 13-05-2022 00:00:01 
Duration Download Forstok 14.19221997261 Detik
Duration Looping 500 Data 593.08444404602 Detik 
Total Duration 593.08639788628 Detik 
------------------------- 
Tanggal: 13-05-2022 00:10:01 
Duration Download Forstok 18.723862886429 Detik
Duration Looping 500 Data 148.14376306534 Detik 
Total Duration 148.14387893677 Detik 
------------------------- 
Tanggal: 13-05-2022 00:15:01 
Duration Download Forstok 14.907659053802 Detik
Duration Looping 500 Data 139.28254818916 Detik 
Total Duration 139.28266596794 Detik 
------------------------- 
Tanggal: 13-05-2022 00:20:01 
Duration Download Forstok 16.262331962585 Detik
Duration Looping 500 Data 146.27566289902 Detik 
Total Duration 146.27577900887 Detik 
------------------------- 
Tanggal: 13-05-2022 00:25:01 
Duration Download Forstok 20.773293018341 Detik
Duration Looping 500 Data 150.01871991158 Detik 
Total Duration 150.01883983612 Detik 
------------------------- 
Tanggal: 13-05-2022 00:30:01 
Duration Download Forstok 21.801760196686 Detik
Duration Looping 500 Data 148.9867401123 Detik 
Total Duration 148.98685908318 Detik 
------------------------- 
Tanggal: 13-05-2022 00:35:02 
Duration Download Forstok 20.150581121445 Detik
Duration Looping 500 Data 148.83605599403 Detik 
Total Duration 148.83616900444 Detik 
------------------------- 
Tanggal: 13-05-2022 00:40:01 
Duration Download Forstok 12.320418119431 Detik
Duration Looping 500 Data 149.17543315887 Detik 
Total Duration 149.17558002472 Detik 
------------------------- 
Tanggal: 13-05-2022 00:45:00 
Duration Download Forstok 13.224412918091 Detik
Duration Looping 500 Data 142.95533895493 Detik 
Total Duration 142.9554541111 Detik 
------------------------- 
Tanggal: 13-05-2022 00:50:01 
Duration Download Forstok 13.863341093063 Detik
Duration Looping 500 Data 139.17490196228 Detik 
Total Duration 139.1750190258 Detik 
------------------------- 
Tanggal: 13-05-2022 00:55:01 
Duration Download Forstok 11.818336009979 Detik
Duration Looping 500 Data 134.42337799072 Detik 
Total Duration 134.42353796959 Detik 
------------------------- 
Tanggal: 13-05-2022 01:00:01 
Duration Download Forstok 12.418339967728 Detik
Duration Looping 500 Data 140.50369906425 Detik 
Total Duration 140.50381302834 Detik 
------------------------- 
Tanggal: 13-05-2022 01:05:01 
Duration Download Forstok 43.372639894485 Detik
Duration Looping 500 Data 164.99580693245 Detik 
Total Duration 164.99592995644 Detik 
------------------------- 
Tanggal: 13-05-2022 01:10:01 
Duration Download Forstok 35.850993871689 Detik
Duration Looping 500 Data 163.64134383202 Detik 
Total Duration 163.64146304131 Detik 
------------------------- 
Tanggal: 13-05-2022 01:15:01 
Duration Download Forstok 27.956549167633 Detik
Duration Looping 500 Data 150.07643198967 Detik 
Total Duration 150.07655405998 Detik 
------------------------- 
Tanggal: 13-05-2022 01:20:01 
Duration Download Forstok 13.293199062347 Detik
Duration Looping 500 Data 141.54213190079 Detik 
Total Duration 141.54229402542 Detik 
------------------------- 
Tanggal: 13-05-2022 01:25:01 
Duration Download Forstok 10.976185798645 Detik
Duration Looping 500 Data 133.74075484276 Detik 
Total Duration 133.74088692665 Detik 
------------------------- 
Tanggal: 13-05-2022 01:30:01 
Duration Download Forstok 18.548546075821 Detik
Duration Looping 500 Data 145.36934089661 Detik 
Total Duration 145.36945295334 Detik 
------------------------- 
Tanggal: 13-05-2022 01:35:01 
Duration Download Forstok 18.036689043045 Detik
Duration Looping 500 Data 143.3358039856 Detik 
Total Duration 143.33592009544 Detik 
------------------------- 
Tanggal: 13-05-2022 01:40:01 
Duration Download Forstok 13.025793075562 Detik
Duration Looping 500 Data 140.73250818253 Detik 
Total Duration 140.73262810707 Detik 
------------------------- 
Tanggal: 13-05-2022 01:45:01 
Duration Download Forstok 17.46916103363 Detik
Duration Looping 500 Data 141.86772704124 Detik 
Total Duration 141.86785006523 Detik 
------------------------- 
Tanggal: 13-05-2022 01:50:01 
Duration Download Forstok 13.159648895264 Detik
Duration Looping 500 Data 135.65236186981 Detik 
Total Duration 135.65249490738 Detik 
------------------------- 
Tanggal: 13-05-2022 01:55:01 
Duration Download Forstok 10.138100147247 Detik
Duration Looping 500 Data 135.14576721191 Detik 
Total Duration 135.1458761692 Detik 
------------------------- 
Tanggal: 13-05-2022 02:00:01 
Duration Download Forstok 13.441483020782 Detik
Duration Looping 500 Data 148.30977416039 Detik 
Total Duration 148.30989909172 Detik 
------------------------- 
Tanggal: 13-05-2022 02:05:01 
Duration Download Forstok 29.975571870804 Detik
Duration Looping 500 Data 158.29279589653 Detik 
Total Duration 158.29291892052 Detik 
------------------------- 
Tanggal: 13-05-2022 02:10:01 
Duration Download Forstok 35.032576084137 Detik
Duration Looping 500 Data 176.29114508629 Detik 
Total Duration 176.29131007195 Detik 
------------------------- 
Tanggal: 13-05-2022 02:15:01 
Duration Download Forstok 28.487643957138 Detik
Duration Looping 500 Data 150.99880290031 Detik 
Total Duration 150.9989221096 Detik 
------------------------- 
Tanggal: 13-05-2022 02:20:01 
Duration Download Forstok 16.911453962326 Detik
Duration Looping 500 Data 146.28582692146 Detik 
Total Duration 146.28594493866 Detik 
------------------------- 
Tanggal: 13-05-2022 02:25:01 
Duration Download Forstok 13.43212890625 Detik
Duration Looping 500 Data 138.42876291275 Detik 
Total Duration 138.42888092995 Detik 
------------------------- 
Tanggal: 13-05-2022 02:30:01 
Duration Download Forstok 14.073397874832 Detik
Duration Looping 500 Data 141.84432888031 Detik 
Total Duration 141.84444999695 Detik 
------------------------- 
Tanggal: 13-05-2022 02:35:01 
Duration Download Forstok 16.714575052261 Detik
Duration Looping 500 Data 138.39861297607 Detik 
Total Duration 138.39873695374 Detik 
------------------------- 
Tanggal: 13-05-2022 02:40:01 
Duration Download Forstok 13.69215798378 Detik
Duration Looping 500 Data 140.76776814461 Detik 
Total Duration 140.76789212227 Detik 
------------------------- 
Tanggal: 13-05-2022 02:45:01 
Duration Download Forstok 20.348251104355 Detik
Duration Looping 500 Data 168.30087900162 Detik 
Total Duration 168.30101013184 Detik 
------------------------- 
Tanggal: 13-05-2022 02:50:01 
Duration Download Forstok 12.057830095291 Detik
Duration Looping 500 Data 142.90138292313 Detik 
Total Duration 142.90153408051 Detik 
------------------------- 
Tanggal: 13-05-2022 02:55:01 
Duration Download Forstok 11.830868005753 Detik
Duration Looping 500 Data 134.50935506821 Detik 
Total Duration 134.50944399834 Detik 
------------------------- 
Tanggal: 13-05-2022 03:00:01 
Duration Download Forstok 15.766483068466 Detik
Duration Looping 500 Data 142.04262304306 Detik 
Total Duration 142.04274511337 Detik 
------------------------- 
Tanggal: 13-05-2022 03:05:01 
Duration Download Forstok 42.491781949997 Detik
Duration Looping 500 Data 167.48732089996 Detik 
Total Duration 167.48743700981 Detik 
------------------------- 
Tanggal: 13-05-2022 03:10:01 
Duration Download Forstok 11.003269195557 Detik
Duration Looping 500 Data 138.87280511856 Detik 
Total Duration 138.87292718887 Detik 
------------------------- 
Tanggal: 13-05-2022 03:15:01 
Duration Download Forstok 18.489464998245 Detik
Duration Looping 500 Data 147.95003509521 Detik 
Total Duration 147.9501619339 Detik 
------------------------- 
Tanggal: 13-05-2022 03:20:01 
Duration Download Forstok 10.854066133499 Detik
Duration Looping 500 Data 135.60488605499 Detik 
Total Duration 135.60500597954 Detik 
------------------------- 
Tanggal: 13-05-2022 03:25:01 
Duration Download Forstok 12.772860050201 Detik
Duration Looping 500 Data 133.71812200546 Detik 
Total Duration 133.71823811531 Detik 
------------------------- 
Tanggal: 13-05-2022 03:30:01 
Duration Download Forstok 8.8353970050812 Detik
Duration Looping 500 Data 137.56782102585 Detik 
Total Duration 137.56794810295 Detik 
------------------------- 
Tanggal: 13-05-2022 03:35:01 
Duration Download Forstok 15.617141008377 Detik
Duration Looping 500 Data 138.99617314339 Detik 
Total Duration 138.99628806114 Detik 
------------------------- 
Tanggal: 13-05-2022 03:40:01 
Duration Download Forstok 9.8455171585083 Detik
Duration Looping 500 Data 135.55267214775 Detik 
Total Duration 135.55282211304 Detik 
------------------------- 
Tanggal: 13-05-2022 03:45:01 
Duration Download Forstok 15.060261964798 Detik
Duration Looping 500 Data 140.6544239521 Detik 
Total Duration 140.65454292297 Detik 
------------------------- 
Tanggal: 13-05-2022 03:50:01 
Duration Download Forstok 9.3283131122589 Detik
Duration Looping 500 Data 149.36435818672 Detik 
Total Duration 149.36447906494 Detik 
------------------------- 
Tanggal: 13-05-2022 03:55:01 
Duration Download Forstok 10.601895093918 Detik
Duration Looping 500 Data 134.76978993416 Detik 
Total Duration 134.76990389824 Detik 
------------------------- 
Tanggal: 13-05-2022 04:00:01 
Duration Download Forstok 13.520948171616 Detik
Duration Looping 500 Data 150.18890810013 Detik 
Total Duration 150.18903303146 Detik 
------------------------- 
Tanggal: 13-05-2022 04:05:01 
Duration Download Forstok 20.168016910553 Detik
Duration Looping 500 Data 145.53199005127 Detik 
Total Duration 145.5321059227 Detik 
------------------------- 
Tanggal: 13-05-2022 04:10:01 
Duration Download Forstok 23.197508811951 Detik
Duration Looping 500 Data 148.47118997574 Detik 
Total Duration 148.47130584717 Detik 
------------------------- 
Tanggal: 13-05-2022 04:15:01 
Duration Download Forstok 19.73512005806 Detik
Duration Looping 500 Data 141.21458506584 Detik 
Total Duration 141.2147090435 Detik 
------------------------- 
Tanggal: 13-05-2022 04:20:01 
Duration Download Forstok 9.9845449924469 Detik
Duration Looping 500 Data 133.0049738884 Detik 
Total Duration 133.00509095192 Detik 
------------------------- 
Tanggal: 13-05-2022 04:25:01 
Duration Download Forstok 9.594053030014 Detik
Duration Looping 500 Data 138.33098101616 Detik 
Total Duration 138.33110809326 Detik 
------------------------- 
Tanggal: 13-05-2022 04:30:01 
Duration Download Forstok 59.378478050232 Detik
Tanggal: 13-05-2022 04:35:01 
Duration Download Forstok 43.211277008057 Detik
Duration Looping 500 Data 167.97414779663 Detik 
Total Duration 167.97426795959 Detik 
------------------------- 
Tanggal: 13-05-2022 04:40:01 
Duration Download Forstok 17.858742952347 Detik
Duration Looping 500 Data 155.65144991875 Detik 
Total Duration 155.65158486366 Detik 
------------------------- 
Tanggal: 13-05-2022 04:45:01 
Duration Download Forstok 24.004671096802 Detik
Duration Looping 500 Data 151.36251497269 Detik 
Total Duration 151.36263799667 Detik 
------------------------- 
Tanggal: 13-05-2022 04:50:01 
Duration Download Forstok 15.580965995789 Detik
Duration Looping 500 Data 140.41861414909 Detik 
Total Duration 140.41872406006 Detik 
------------------------- 
Tanggal: 13-05-2022 04:55:01 
Duration Download Forstok 15.781826972961 Detik
Duration Looping 500 Data 137.70465111732 Detik 
Total Duration 137.70477104187 Detik 
------------------------- 
Tanggal: 13-05-2022 05:00:01 
Duration Download Forstok 59.373339891434 Detik
Tanggal: 13-05-2022 05:05:01 
Duration Download Forstok 15.242707014084 Detik
Duration Looping 500 Data 158.28832697868 Detik 
Total Duration 158.28844618797 Detik 
------------------------- 
Tanggal: 13-05-2022 05:10:01 
Duration Download Forstok 14.692721843719 Detik
Duration Looping 500 Data 149.13626289368 Detik 
Total Duration 149.13638591766 Detik 
------------------------- 
Tanggal: 13-05-2022 05:15:01 
Duration Download Forstok 20.800864934921 Detik
Duration Looping 500 Data 158.8881289959 Detik 
Total Duration 158.88824510574 Detik 
------------------------- 
Tanggal: 13-05-2022 05:20:01 
Duration Download Forstok 12.136644124985 Detik
Duration Looping 500 Data 138.81902599335 Detik 
Total Duration 138.81914401054 Detik 
------------------------- 
Tanggal: 13-05-2022 05:25:01 
Duration Download Forstok 9.503674030304 Detik
Duration Looping 500 Data 140.21353006363 Detik 
Total Duration 140.21364498138 Detik 
------------------------- 
Tanggal: 13-05-2022 05:30:01 
Duration Download Forstok 11.141176939011 Detik
Duration Looping 500 Data 136.67040205002 Detik 
Total Duration 136.67053389549 Detik 
------------------------- 
Tanggal: 13-05-2022 05:35:01 
Duration Download Forstok 23.563009977341 Detik
Duration Looping 500 Data 147.20243215561 Detik 
Total Duration 147.2025551796 Detik 
------------------------- 
Tanggal: 13-05-2022 05:40:01 
Duration Download Forstok 10.037159919739 Detik
Duration Looping 500 Data 138.22635889053 Detik 
Total Duration 138.22647190094 Detik 
------------------------- 
Tanggal: 13-05-2022 05:45:01 
Duration Download Forstok 16.264195919037 Detik
Duration Looping 500 Data 141.85492706299 Detik 
Total Duration 141.85505104065 Detik 
------------------------- 
Tanggal: 13-05-2022 05:50:01 
Duration Download Forstok 9.7555639743805 Detik
Duration Looping 500 Data 133.09595394135 Detik 
Total Duration 133.09607315063 Detik 
------------------------- 
Tanggal: 13-05-2022 05:55:01 
Duration Download Forstok 14.307488918304 Detik
Duration Looping 500 Data 140.68162703514 Detik 
Total Duration 140.68174600601 Detik 
------------------------- 
Tanggal: 13-05-2022 06:00:01 
Duration Download Forstok 11.293682813644 Detik
Duration Looping 500 Data 140.71088194847 Detik 
Total Duration 140.71099591255 Detik 
------------------------- 
Tanggal: 13-05-2022 06:05:01 
Duration Download Forstok 39.360821962357 Detik
Duration Looping 500 Data 167.68259096146 Detik 
Total Duration 167.68271279335 Detik 
------------------------- 
Tanggal: 13-05-2022 06:10:01 
Duration Download Forstok 11.212521076202 Detik
Duration Looping 500 Data 144.35816693306 Detik 
Total Duration 144.35828304291 Detik 
------------------------- 
Tanggal: 13-05-2022 06:15:01 
Duration Download Forstok 13.67413520813 Detik
Duration Looping 500 Data 146.16950011253 Detik 
Total Duration 146.16962099075 Detik 
------------------------- 
Tanggal: 13-05-2022 06:20:01 
Duration Download Forstok 9.0595459938049 Detik
Duration Looping 500 Data 141.52640604973 Detik 
Total Duration 141.52652215958 Detik 
------------------------- 
Tanggal: 13-05-2022 06:25:01 
Duration Download Forstok 9.7736721038818 Detik
Duration Looping 500 Data 132.01678013802 Detik 
Total Duration 132.01995420456 Detik 
------------------------- 
Tanggal: 13-05-2022 06:30:01 
Duration Download Forstok 10.827061891556 Detik
Duration Looping 500 Data 133.08502697945 Detik 
Total Duration 133.08515095711 Detik 
------------------------- 
Tanggal: 13-05-2022 06:35:01 
Duration Download Forstok 14.454909086227 Detik
Duration Looping 500 Data 138.77847313881 Detik 
Total Duration 138.77859210968 Detik 
------------------------- 
Tanggal: 13-05-2022 06:40:02 
Duration Download Forstok 11.438052177429 Detik
Duration Looping 500 Data 138.51685023308 Detik 
Total Duration 138.51697516441 Detik 
------------------------- 
Tanggal: 13-05-2022 06:45:01 
Duration Download Forstok 11.423893213272 Detik
Duration Looping 500 Data 144.46275115013 Detik 
Total Duration 144.46287202835 Detik 
------------------------- 
Tanggal: 13-05-2022 06:50:01 
Duration Download Forstok 9.239874124527 Detik
Duration Looping 500 Data 136.5597410202 Detik 
Total Duration 136.55986595154 Detik 
------------------------- 
Tanggal: 13-05-2022 06:55:01 
Duration Download Forstok 11.070055961609 Detik
Duration Looping 500 Data 150.84021401405 Detik 
Total Duration 150.84033799171 Detik 
------------------------- 
Tanggal: 13-05-2022 07:00:01 
Duration Download Forstok 10.344256877899 Detik
Duration Looping 500 Data 142.74671387672 Detik 
Total Duration 142.74683308601 Detik 
------------------------- 
Tanggal: 13-05-2022 07:05:01 
Duration Download Forstok 26.902746200562 Detik
Duration Looping 500 Data 160.64006900787 Detik 
Total Duration 160.64018702507 Detik 
------------------------- 
Tanggal: 13-05-2022 07:10:01 
Duration Download Forstok 11.024161815643 Detik
Duration Looping 500 Data 140.18772888184 Detik 
Total Duration 140.18785190582 Detik 
------------------------- 
Tanggal: 13-05-2022 07:15:01 
Duration Download Forstok 15.631947994232 Detik
Duration Looping 500 Data 140.5719640255 Detik 
Total Duration 140.57209300995 Detik 
------------------------- 
Tanggal: 13-05-2022 07:20:01 
Duration Download Forstok 9.6671769618988 Detik
Duration Looping 500 Data 132.18038392067 Detik 
Total Duration 132.18050003052 Detik 
------------------------- 
Tanggal: 13-05-2022 07:25:01 
Duration Download Forstok 9.2142248153687 Detik
Duration Looping 500 Data 135.36030292511 Detik 
Total Duration 135.36041498184 Detik 
------------------------- 
Tanggal: 13-05-2022 07:30:01 
Duration Download Forstok 16.271503925323 Detik
Duration Looping 500 Data 142.59371089935 Detik 
Total Duration 142.59382796288 Detik 
------------------------- 
Tanggal: 13-05-2022 07:35:01 
Duration Download Forstok 12.913197040558 Detik
Duration Looping 500 Data 133.78493905067 Detik 
Total Duration 133.78505706787 Detik 
------------------------- 
Tanggal: 13-05-2022 07:40:01 
Duration Download Forstok 12.546975851059 Detik
Duration Looping 500 Data 141.72800779343 Detik 
Total Duration 141.72811985016 Detik 
------------------------- 
Tanggal: 13-05-2022 07:45:01 
Duration Download Forstok 13.082441091537 Detik
Duration Looping 500 Data 136.09866309166 Detik 
Total Duration 136.09878206253 Detik 
------------------------- 
Tanggal: 13-05-2022 07:50:01 
Duration Download Forstok 10.758202075958 Detik
Duration Looping 500 Data 138.78512692451 Detik 
Total Duration 138.7852461338 Detik 
------------------------- 
Tanggal: 13-05-2022 07:55:01 
Duration Download Forstok 10.983277082443 Detik
Duration Looping 500 Data 138.01156902313 Detik 
Total Duration 138.0116891861 Detik 
------------------------- 
Tanggal: 13-05-2022 08:00:01 
Duration Download Forstok 10.815011024475 Detik
Duration Looping 500 Data 145.09364008904 Detik 
Total Duration 145.09376096725 Detik 
------------------------- 
Tanggal: 13-05-2022 08:05:01 
Duration Download Forstok 22.640454053879 Detik
Duration Looping 500 Data 150.57919311523 Detik 
Total Duration 150.57930707932 Detik 
------------------------- 
Tanggal: 13-05-2022 08:10:01 
Duration Download Forstok 16.183863162994 Detik
Duration Looping 500 Data 144.49978613853 Detik 
Total Duration 144.49990916252 Detik 
------------------------- 
Tanggal: 13-05-2022 08:15:01 
Duration Download Forstok 17.373101949692 Detik
Duration Looping 500 Data 153.37133312225 Detik 
Total Duration 153.37146711349 Detik 
------------------------- 
Tanggal: 13-05-2022 08:20:01 
Duration Download Forstok 10.514647960663 Detik
Duration Looping 500 Data 143.55225086212 Detik 
Total Duration 143.55239892006 Detik 
------------------------- 
Tanggal: 13-05-2022 08:25:01 
Duration Download Forstok 9.2895681858063 Detik
Duration Looping 500 Data 142.13766503334 Detik 
Total Duration 142.13778805733 Detik 
------------------------- 
Tanggal: 13-05-2022 08:30:01 
Duration Download Forstok 13.68452501297 Detik
Duration Looping 500 Data 144.00131702423 Detik 
Total Duration 144.00144386292 Detik 
------------------------- 
Tanggal: 13-05-2022 08:35:01 
Duration Download Forstok 13.922826051712 Detik
Duration Looping 500 Data 150.47519397736 Detik 
Total Duration 150.47530984879 Detik 
------------------------- 
Tanggal: 13-05-2022 08:40:01 
Duration Download Forstok 15.574601173401 Detik
Duration Looping 500 Data 154.01388716698 Detik 
Total Duration 154.01400399208 Detik 
------------------------- 
Tanggal: 13-05-2022 08:45:01 
Duration Download Forstok 15.990972995758 Detik
Duration Looping 500 Data 147.30975794792 Detik 
Total Duration 147.30986189842 Detik 
------------------------- 
Tanggal: 13-05-2022 08:50:01 
Duration Download Forstok 12.531298875809 Detik
Duration Looping 500 Data 152.74450588226 Detik 
Total Duration 152.74464583397 Detik 
------------------------- 
Tanggal: 13-05-2022 08:55:01 
Duration Download Forstok 9.5688428878784 Detik
Duration Looping 500 Data 142.84078407288 Detik 
Total Duration 142.84090900421 Detik 
------------------------- 
Tanggal: 13-05-2022 09:00:01 
Duration Download Forstok 10.177373170853 Detik
Duration Looping 500 Data 144.89321708679 Detik 
Total Duration 144.89333415031 Detik 
------------------------- 
Tanggal: 13-05-2022 09:05:01 
Duration Download Forstok 24.564795970917 Detik
Duration Looping 500 Data 168.93765807152 Detik 
Total Duration 168.93780493736 Detik 
------------------------- 
Tanggal: 13-05-2022 09:10:01 
Duration Download Forstok 14.119458913803 Detik
Duration Looping 500 Data 150.84689903259 Detik 
Total Duration 150.8469889164 Detik 
------------------------- 
Tanggal: 13-05-2022 09:15:01 
Duration Download Forstok 12.400428056717 Detik
Duration Looping 500 Data 150.14190816879 Detik 
Total Duration 150.14203119278 Detik 
------------------------- 
Tanggal: 13-05-2022 09:20:01 
Duration Download Forstok 12.458055019379 Detik
Duration Looping 500 Data 155.52723288536 Detik 
Total Duration 155.52735304832 Detik 
------------------------- 
Tanggal: 13-05-2022 09:25:01 
Duration Download Forstok 10.037692070007 Detik
Duration Looping 500 Data 140.77216410637 Detik 
Total Duration 140.77228999138 Detik 
------------------------- 
Tanggal: 13-05-2022 09:30:01 
Duration Download Forstok 10.747308015823 Detik
Duration Looping 500 Data 153.90650606155 Detik 
Total Duration 153.90661597252 Detik 
------------------------- 
Tanggal: 13-05-2022 09:35:01 
Duration Download Forstok 18.68532204628 Detik
Duration Looping 500 Data 164.81953692436 Detik 
Total Duration 164.81970000267 Detik 
------------------------- 
Tanggal: 13-05-2022 09:40:01 
Duration Download Forstok 8.6211829185486 Detik
Duration Looping 500 Data 142.06554985046 Detik 
Total Duration 142.06566882133 Detik 
------------------------- 
Tanggal: 13-05-2022 09:45:01 
Duration Download Forstok 15.138967990875 Detik
Duration Looping 500 Data 153.25927805901 Detik 
Total Duration 153.25938296318 Detik 
------------------------- 
Tanggal: 13-05-2022 09:50:01 
Duration Download Forstok 11.043032884598 Detik
Duration Looping 500 Data 146.93390202522 Detik 
Total Duration 146.93400287628 Detik 
------------------------- 
Tanggal: 13-05-2022 09:55:01 
Duration Download Forstok 10.75866818428 Detik
Duration Looping 500 Data 145.58015322685 Detik 
Total Duration 145.58025813103 Detik 
------------------------- 
Tanggal: 13-05-2022 10:00:01 
Duration Download Forstok 16.979191064835 Detik
Duration Looping 500 Data 152.93986201286 Detik 
Total Duration 152.93997192383 Detik 
------------------------- 
Tanggal: 13-05-2022 10:05:01 
Duration Download Forstok 18.169234037399 Detik
Duration Looping 500 Data 157.46423816681 Detik 
Total Duration 157.46432304382 Detik 
------------------------- 
Tanggal: 13-05-2022 10:10:00 
Duration Download Forstok 10.202613115311 Detik
Duration Looping 500 Data 147.3663020134 Detik 
Total Duration 147.36640906334 Detik 
------------------------- 
Tanggal: 13-05-2022 10:15:01 
Duration Download Forstok 19.120913982391 Detik
Duration Looping 500 Data 153.70664906502 Detik 
Total Duration 153.70676589012 Detik 
------------------------- 
Tanggal: 13-05-2022 10:20:02 
Duration Download Forstok 9.3388497829437 Detik
Duration Looping 500 Data 145.99533081055 Detik 
Total Duration 145.99545884132 Detik 
------------------------- 
Tanggal: 13-05-2022 10:25:01 
Duration Download Forstok 12.185867071152 Detik
Duration Looping 500 Data 146.85149812698 Detik 
Total Duration 146.85160493851 Detik 
------------------------- 
Tanggal: 13-05-2022 10:30:01 
Duration Download Forstok 9.42862200737 Detik
Duration Looping 500 Data 153.70139098167 Detik 
Total Duration 153.70150399208 Detik 
------------------------- 
Tanggal: 13-05-2022 10:35:01 
Duration Download Forstok 15.850270986557 Detik
Duration Looping 500 Data 148.65378403664 Detik 
Total Duration 148.65392804146 Detik 
------------------------- 
Tanggal: 13-05-2022 10:40:01 
Duration Download Forstok 13.694326877594 Detik
Duration Looping 500 Data 151.8941078186 Detik 
Total Duration 151.89421486855 Detik 
------------------------- 
Tanggal: 13-05-2022 10:45:01 
Duration Download Forstok 15.458355903625 Detik
Duration Looping 500 Data 152.80854606628 Detik 
Total Duration 152.80867004395 Detik 
------------------------- 
Tanggal: 13-05-2022 10:50:01 
Duration Download Forstok 23.537691831589 Detik
Duration Looping 500 Data 165.79490995407 Detik 
Total Duration 165.79500985146 Detik 
------------------------- 
Tanggal: 13-05-2022 10:55:01 
Duration Download Forstok 7.4495220184326 Detik
Duration Looping 500 Data 140.32728099823 Detik 
Total Duration 140.32737493515 Detik 
------------------------- 
Tanggal: 13-05-2022 11:00:01 
Duration Download Forstok 14.71963596344 Detik
Duration Looping 500 Data 158.74117183685 Detik 
Total Duration 158.74128699303 Detik 
------------------------- 
Tanggal: 13-05-2022 11:05:01 
Duration Download Forstok 29.096034049988 Detik
Duration Looping 500 Data 163.79542684555 Detik 
Total Duration 163.79554891586 Detik 
------------------------- 
Tanggal: 13-05-2022 11:10:01 
Duration Download Forstok 15.39802312851 Detik
Duration Looping 500 Data 148.62927913666 Detik 
Total Duration 148.62938213348 Detik 
------------------------- 
Tanggal: 13-05-2022 11:15:01 
Duration Download Forstok 32.354393005371 Detik
Duration Looping 500 Data 166.06013011932 Detik 
Total Duration 166.06025099754 Detik 
------------------------- 
Tanggal: 13-05-2022 11:20:01 
Duration Download Forstok 10.353199005127 Detik
Duration Looping 500 Data 150.82279205322 Detik 
Total Duration 150.82290816307 Detik 
------------------------- 
Tanggal: 13-05-2022 11:25:01 
Duration Download Forstok 9.0471370220184 Detik
Duration Looping 500 Data 143.42172813416 Detik 
Total Duration 143.42184615135 Detik 
------------------------- 
Tanggal: 13-05-2022 11:30:01 
Duration Download Forstok 12.554609060287 Detik
Duration Looping 500 Data 149.2436671257 Detik 
Total Duration 149.24375200272 Detik 
------------------------- 
Tanggal: 13-05-2022 11:35:01 
Duration Download Forstok 18.736465215683 Detik
Duration Looping 500 Data 148.79952812195 Detik 
Total Duration 148.79965519905 Detik 
------------------------- 
Tanggal: 13-05-2022 11:40:01 
Duration Download Forstok 22.861572027206 Detik
Duration Looping 500 Data 151.16347002983 Detik 
Total Duration 151.16357111931 Detik 
------------------------- 
Tanggal: 13-05-2022 11:45:01 
Duration Download Forstok 15.635382175446 Detik
Duration Looping 500 Data 148.29351615906 Detik 
Total Duration 148.29363417625 Detik 
------------------------- 
Tanggal: 13-05-2022 11:50:01 
Duration Download Forstok 13.27490401268 Detik
Duration Looping 500 Data 141.65083599091 Detik 
Total Duration 141.65099382401 Detik 
------------------------- 
Tanggal: 13-05-2022 11:55:01 
Duration Download Forstok 12.530868053436 Detik
Duration Looping 500 Data 138.64625096321 Detik 
Total Duration 138.64637994766 Detik 
------------------------- 
Tanggal: 13-05-2022 12:00:01 
Duration Download Forstok 13.95618891716 Detik
Duration Looping 500 Data 147.45081400871 Detik 
Total Duration 147.45093202591 Detik 
------------------------- 
Tanggal: 13-05-2022 12:05:01 
Duration Download Forstok 27.817221879959 Detik
Duration Looping 500 Data 158.0635240078 Detik 
Total Duration 158.06362080574 Detik 
------------------------- 
Tanggal: 13-05-2022 12:10:01 
Duration Download Forstok 37.479766130447 Detik
Duration Looping 500 Data 167.08552598953 Detik 
Total Duration 167.08565211296 Detik 
------------------------- 
Tanggal: 13-05-2022 12:15:02 
Duration Download Forstok 16.161706924438 Detik
Duration Looping 500 Data 142.04560780525 Detik 
Total Duration 142.04573082924 Detik 
------------------------- 
Tanggal: 13-05-2022 12:20:01 
Duration Download Forstok 10.699559926987 Detik
Duration Looping 500 Data 139.39647197723 Detik 
Total Duration 139.3965690136 Detik 
------------------------- 
Tanggal: 13-05-2022 12:25:01 
Duration Download Forstok 16.375818967819 Detik
Duration Looping 500 Data 146.26223301888 Detik 
Total Duration 146.26236200333 Detik 
------------------------- 
Tanggal: 13-05-2022 12:30:01 
Duration Download Forstok 10.500066995621 Detik
Duration Looping 500 Data 140.82409977913 Detik 
Total Duration 140.82422995567 Detik 
------------------------- 
Tanggal: 13-05-2022 12:35:01 
Duration Download Forstok 15.608449935913 Detik
Duration Looping 500 Data 143.65527486801 Detik 
Total Duration 143.65538692474 Detik 
------------------------- 
Tanggal: 13-05-2022 12:40:01 
Duration Download Forstok 9.4586541652679 Detik
Duration Looping 500 Data 137.92569899559 Detik 
Total Duration 137.92581701279 Detik 
------------------------- 
Tanggal: 13-05-2022 12:45:01 
Duration Download Forstok 24.301359891891 Detik
Duration Looping 500 Data 153.57618188858 Detik 
Total Duration 153.57630801201 Detik 
------------------------- 
Tanggal: 13-05-2022 12:50:01 
Duration Download Forstok 19.186761856079 Detik
Duration Looping 500 Data 145.62420105934 Detik 
Total Duration 145.624325037 Detik 
------------------------- 
Tanggal: 13-05-2022 12:55:01 
Duration Download Forstok 14.828673839569 Detik
Duration Looping 500 Data 139.73486685753 Detik 
Total Duration 139.73499178886 Detik 
------------------------- 
Tanggal: 13-05-2022 13:00:01 
Duration Download Forstok 12.606329917908 Detik
Duration Looping 500 Data 143.36022210121 Detik 
Total Duration 143.36032509804 Detik 
------------------------- 
Tanggal: 13-05-2022 13:05:01 
Duration Download Forstok 35.680361032486 Detik
Duration Looping 500 Data 165.26095414162 Detik 
Total Duration 165.26104903221 Detik 
------------------------- 
Tanggal: 13-05-2022 13:10:01 
Duration Download Forstok 9.9328560829163 Detik
Duration Looping 500 Data 141.17371487617 Detik 
Total Duration 141.17386102676 Detik 
------------------------- 
Tanggal: 13-05-2022 13:15:01 
Duration Download Forstok 13.04079413414 Detik
Duration Looping 500 Data 146.69029593468 Detik 
Total Duration 146.69042110443 Detik 
------------------------- 
Tanggal: 13-05-2022 13:20:01 
Duration Download Forstok 14.052990198135 Detik
Duration Looping 500 Data 154.38473010063 Detik 
Total Duration 154.38496303558 Detik 
------------------------- 
Tanggal: 13-05-2022 13:25:01 
Duration Download Forstok 13.570015907288 Detik
Duration Looping 500 Data 144.93485283852 Detik 
Total Duration 144.9349668026 Detik 
------------------------- 
Tanggal: 13-05-2022 13:30:02 
Duration Download Forstok 19.775859117508 Detik
Duration Looping 500 Data 152.08422207832 Detik 
Total Duration 152.08430695534 Detik 
------------------------- 
Tanggal: 13-05-2022 13:35:01 
Duration Download Forstok 24.383601903915 Detik
Duration Looping 500 Data 157.88123011589 Detik 
Total Duration 157.88136100769 Detik 
------------------------- 
Tanggal: 13-05-2022 13:40:01 
Duration Download Forstok 18.913435935974 Detik
Duration Looping 500 Data 149.31678199768 Detik 
Total Duration 149.3168618679 Detik 
------------------------- 
Tanggal: 13-05-2022 13:45:01 
Duration Download Forstok 27.018874883652 Detik
Duration Looping 500 Data 158.02638101578 Detik 
Total Duration 158.02648091316 Detik 
------------------------- 
Tanggal: 13-05-2022 13:50:01 
Duration Download Forstok 22.719111919403 Detik
Duration Looping 500 Data 155.07663393021 Detik 
Total Duration 155.07674002647 Detik 
------------------------- 
Tanggal: 13-05-2022 13:55:01 
Duration Download Forstok 13.142225027084 Detik
Duration Looping 500 Data 143.33462405205 Detik 
Total Duration 143.33473992348 Detik 
------------------------- 
Tanggal: 13-05-2022 14:00:01 
Duration Download Forstok 23.972191095352 Detik
Duration Looping 500 Data 161.68206000328 Detik 
Total Duration 161.68217897415 Detik 
------------------------- 
Tanggal: 13-05-2022 14:05:01 
Duration Download Forstok 48.486356973648 Detik
Duration Looping 500 Data 184.83870100975 Detik 
Total Duration 184.83881902695 Detik 
------------------------- 
Tanggal: 13-05-2022 14:10:01 
Duration Download Forstok 19.633920907974 Detik
Duration Looping 500 Data 152.15633797646 Detik 
Total Duration 152.15649700165 Detik 
------------------------- 
Tanggal: 13-05-2022 14:15:01 
Duration Download Forstok 15.45538020134 Detik
Duration Looping 500 Data 146.10122299194 Detik 
Total Duration 146.1013481617 Detik 
------------------------- 
Tanggal: 13-05-2022 14:20:01 
Duration Download Forstok 11.705017089844 Detik
Duration Looping 500 Data 142.36448907852 Detik 
Total Duration 142.36460113525 Detik 
------------------------- 
Tanggal: 13-05-2022 14:25:01 
Duration Download Forstok 11.707226991653 Detik
Duration Looping 500 Data 142.80740594864 Detik 
Total Duration 142.80751395226 Detik 
------------------------- 
Tanggal: 13-05-2022 14:30:01 
Duration Download Forstok 13.18343091011 Detik
Duration Looping 500 Data 150.71147298813 Detik 
Total Duration 150.71159100533 Detik 
------------------------- 
Tanggal: 13-05-2022 14:35:01 
Duration Download Forstok 28.356647014618 Detik
Duration Looping 500 Data 158.16378617287 Detik 
Total Duration 158.16389107704 Detik 
------------------------- 
Tanggal: 13-05-2022 14:40:01 
Duration Download Forstok 15.951075077057 Detik
Duration Looping 500 Data 151.37870502472 Detik 
Total Duration 151.37882494926 Detik 
------------------------- 
Tanggal: 13-05-2022 14:45:01 
Duration Download Forstok 14.94161605835 Detik
Duration Looping 500 Data 145.89094996452 Detik 
Total Duration 145.89105010033 Detik 
------------------------- 
Tanggal: 13-05-2022 14:50:01 
Duration Download Forstok 12.503926992416 Detik
Duration Looping 500 Data 145.30574297905 Detik 
Total Duration 145.30589103699 Detik 
------------------------- 
Tanggal: 13-05-2022 14:55:01 
Duration Download Forstok 13.821558952332 Detik
Duration Looping 500 Data 147.45609498024 Detik 
Total Duration 147.45621490479 Detik 
------------------------- 
Tanggal: 13-05-2022 15:00:01 
Duration Download Forstok 10.80984711647 Detik
Duration Looping 500 Data 142.36869597435 Detik 
Total Duration 142.36885404587 Detik 
------------------------- 
Tanggal: 13-05-2022 15:05:01 
Duration Download Forstok 33.674860954285 Detik
Duration Looping 500 Data 164.35638999939 Detik 
Total Duration 164.35650706291 Detik 
------------------------- 
Tanggal: 13-05-2022 15:10:01 
Duration Download Forstok 59.794228076935 Detik
Tanggal: 13-05-2022 15:15:01 
Duration Download Forstok 59.659762144089 Detik
Tanggal: 13-05-2022 15:20:01 
Duration Download Forstok 60.001872062683 Detik
Tanggal: 13-05-2022 15:25:01 
Duration Download Forstok 23.148017883301 Detik
Duration Looping 500 Data 159.37216091156 Detik 
Total Duration 159.37230491638 Detik 
------------------------- 
Tanggal: 13-05-2022 15:30:01 
Duration Download Forstok 59.583759069443 Detik
Tanggal: 13-05-2022 15:35:01 
Duration Download Forstok 21.579491138458 Detik
Duration Looping 500 Data 154.20964598656 Detik 
Total Duration 154.20979213715 Detik 
------------------------- 
Tanggal: 13-05-2022 15:40:01 
Duration Download Forstok 37.196458101273 Detik
Duration Looping 500 Data 167.99487495422 Detik 
Total Duration 167.99499392509 Detik 
------------------------- 
Tanggal: 13-05-2022 15:45:02 
Duration Download Forstok 23.386200904846 Detik
Duration Looping 500 Data 156.68346190453 Detik 
Total Duration 156.68357682228 Detik 
------------------------- 
Tanggal: 13-05-2022 15:50:02 
Duration Download Forstok 54.439041137695 Detik
Duration Looping 500 Data 187.21905708313 Detik 
Total Duration 187.21917510033 Detik 
------------------------- 
Tanggal: 13-05-2022 15:55:01 
Duration Download Forstok 27.489044904709 Detik
Duration Looping 500 Data 154.22654390335 Detik 
Total Duration 154.22666811943 Detik 
------------------------- 
Tanggal: 13-05-2022 16:00:01 
Duration Download Forstok 26.90350484848 Detik
Duration Looping 500 Data 163.54157495499 Detik 
Total Duration 163.5416738987 Detik 
------------------------- 
Tanggal: 13-05-2022 16:05:01 
Duration Download Forstok 11.884950876236 Detik
Duration Looping 500 Data 146.76421689987 Detik 
Total Duration 146.76433897018 Detik 
------------------------- 
Tanggal: 13-05-2022 16:10:01 
Duration Download Forstok 23.952884197235 Detik
Duration Looping 500 Data 164.06680321693 Detik 
Total Duration 164.06695103645 Detik 
------------------------- 
Tanggal: 13-05-2022 16:15:01 
Duration Download Forstok 18.884828090668 Detik
Duration Looping 500 Data 155.9824461937 Detik 
Total Duration 155.9825501442 Detik 
------------------------- 
Tanggal: 13-05-2022 16:20:01 
Duration Download Forstok 18.440058946609 Detik
Duration Looping 500 Data 161.65457987785 Detik 
Total Duration 161.65469193459 Detik 
------------------------- 
Tanggal: 13-05-2022 16:25:01 
Duration Download Forstok 18.33784198761 Detik
Duration Looping 500 Data 154.67874908447 Detik 
Total Duration 154.67883896828 Detik 
------------------------- 
Tanggal: 13-05-2022 16:30:01 
Duration Download Forstok 15.215592861176 Detik
Duration Looping 500 Data 161.3911049366 Detik 
Total Duration 161.39121294022 Detik 
------------------------- 
Tanggal: 13-05-2022 16:35:01 
Duration Download Forstok 26.407796144485 Detik
Duration Looping 500 Data 177.46867322922 Detik 
Total Duration 177.46879315376 Detik 
------------------------- 
Tanggal: 13-05-2022 16:40:01 
Duration Download Forstok 11.840765953064 Detik
Duration Looping 500 Data 150.61109781265 Detik 
Total Duration 150.61121296883 Detik 
------------------------- 
Tanggal: 13-05-2022 16:45:02 
Duration Download Forstok 20.749798059464 Detik
Duration Looping 500 Data 155.15167808533 Detik 
Total Duration 155.1517560482 Detik 
------------------------- 
Tanggal: 13-05-2022 16:50:01 
Duration Download Forstok 51.328063964844 Detik
Duration Looping 500 Data 182.46202993393 Detik 
Total Duration 182.46215701103 Detik 
------------------------- 
Tanggal: 13-05-2022 16:55:01 
Duration Download Forstok 59.494830131531 Detik
Tanggal: 13-05-2022 17:00:01 
Duration Download Forstok 51.61633682251 Detik
Duration Looping 500 Data 180.84561896324 Detik 
Total Duration 180.84571385384 Detik 
------------------------- 
Tanggal: 13-05-2022 17:05:00 
Duration Download Forstok 59.948701858521 Detik
Tanggal: 13-05-2022 17:10:01 
Duration Download Forstok 34.800013065338 Detik
Duration Looping 500 Data 164.67448997498 Detik 
Total Duration 164.67460608482 Detik 
------------------------- 
Tanggal: 13-05-2022 17:15:01 
Duration Download Forstok 59.444878816605 Detik
Tanggal: 13-05-2022 17:20:01 
Duration Download Forstok 49.108660936356 Detik
Duration Looping 500 Data 178.4319460392 Detik 
Total Duration 178.43205904961 Detik 
------------------------- 
Tanggal: 13-05-2022 17:25:01 
Duration Download Forstok 37.982611179352 Detik
Duration Looping 500 Data 162.90597701073 Detik 
Total Duration 162.90610098839 Detik 
------------------------- 
Tanggal: 13-05-2022 17:30:01 
Duration Download Forstok 37.289938926697 Detik
Duration Looping 500 Data 171.48210287094 Detik 
Total Duration 171.48222589493 Detik 
------------------------- 
Tanggal: 13-05-2022 17:35:00 
Duration Download Forstok 21.731630086899 Detik
Duration Looping 500 Data 147.15827798843 Detik 
Total Duration 147.15838813782 Detik 
------------------------- 
Tanggal: 13-05-2022 17:40:01 
Duration Download Forstok 52.284270048141 Detik
Duration Looping 500 Data 186.17953014374 Detik 
Total Duration 186.17964696884 Detik 
------------------------- 
Tanggal: 13-05-2022 17:45:01 
Duration Download Forstok 43.794327974319 Detik
Duration Looping 500 Data 174.33417582512 Detik 
Total Duration 174.33429288864 Detik 
------------------------- 
Tanggal: 13-05-2022 17:50:01 
Duration Download Forstok 59.504295110703 Detik
Tanggal: 13-05-2022 17:55:01 
Duration Download Forstok 27.139562129974 Detik
Duration Looping 500 Data 156.84298014641 Detik 
Total Duration 156.84309101105 Detik 
------------------------- 
Tanggal: 13-05-2022 18:00:01 
Duration Download Forstok 13.780735969543 Detik
Duration Looping 500 Data 144.28739595413 Detik 
Total Duration 144.28752303123 Detik 
------------------------- 
Tanggal: 13-05-2022 18:05:01 
Duration Download Forstok 33.243854045868 Detik
Duration Looping 500 Data 157.29027485847 Detik 
Total Duration 157.290391922 Detik 
------------------------- 
Tanggal: 13-05-2022 18:10:01 
Duration Download Forstok 13.69499206543 Detik
Duration Looping 500 Data 141.58724999428 Detik 
Total Duration 141.58740997314 Detik 
------------------------- 
Tanggal: 13-05-2022 18:15:01 
Duration Download Forstok 19.917454957962 Detik
Duration Looping 500 Data 143.5729470253 Detik 
Total Duration 143.57307004929 Detik 
------------------------- 
Tanggal: 13-05-2022 18:20:01 
Duration Download Forstok 14.685635089874 Detik
Duration Looping 500 Data 140.42414593697 Detik 
Total Duration 140.42428302765 Detik 
------------------------- 
Tanggal: 13-05-2022 18:25:01 
Duration Download Forstok 16.026599884033 Detik
Duration Looping 500 Data 144.40428686142 Detik 
Total Duration 144.40440678596 Detik 
------------------------- 
Tanggal: 13-05-2022 18:30:01 
Duration Download Forstok 12.587791919708 Detik
Duration Looping 500 Data 141.77518391609 Detik 
Total Duration 141.77530288696 Detik 
------------------------- 
Tanggal: 13-05-2022 18:35:01 
Duration Download Forstok 17.873422861099 Detik
Duration Looping 500 Data 143.23951196671 Detik 
Total Duration 143.23963189125 Detik 
------------------------- 
Tanggal: 13-05-2022 18:40:01 
Duration Download Forstok 44.248353004456 Detik
Duration Looping 500 Data 176.06984591484 Detik 
Total Duration 176.06995081902 Detik 
------------------------- 
Tanggal: 13-05-2022 18:45:01 
Duration Download Forstok 26.935050010681 Detik
Duration Looping 500 Data 159.40387797356 Detik 
Total Duration 159.40400004387 Detik 
------------------------- 
Tanggal: 13-05-2022 18:50:02 
Duration Download Forstok 20.549063920975 Detik
Duration Looping 500 Data 149.3918159008 Detik 
Total Duration 149.39193201065 Detik 
------------------------- 
Tanggal: 13-05-2022 18:55:01 
Duration Download Forstok 11.284925937653 Detik
Duration Looping 500 Data 136.28028106689 Detik 
Total Duration 136.28040099144 Detik 
------------------------- 
Tanggal: 13-05-2022 19:00:01 
Duration Download Forstok 11.462533950806 Detik
Duration Looping 500 Data 138.24722194672 Detik 
Total Duration 138.24736595154 Detik 
------------------------- 
Tanggal: 13-05-2022 19:05:01 
Duration Download Forstok 22.728315114975 Detik
Duration Looping 500 Data 143.06789898872 Detik 
Total Duration 143.06801700592 Detik 
------------------------- 
Tanggal: 13-05-2022 19:10:01 
Duration Download Forstok 9.9016540050507 Detik
Duration Looping 500 Data 132.78661108017 Detik 
Total Duration 132.78672409058 Detik 
------------------------- 
Tanggal: 13-05-2022 19:15:01 
Duration Download Forstok 16.917641878128 Detik
Duration Looping 500 Data 141.25606584549 Detik 
Total Duration 141.25617790222 Detik 
------------------------- 
Tanggal: 13-05-2022 19:20:01 
Duration Download Forstok 21.079548835754 Detik
Duration Looping 500 Data 147.40398597717 Detik 
Total Duration 147.40412783623 Detik 
------------------------- 
Tanggal: 13-05-2022 19:25:01 
Duration Download Forstok 11.483711957932 Detik
Duration Looping 500 Data 141.20932888985 Detik 
Total Duration 141.20946598053 Detik 
------------------------- 
Tanggal: 13-05-2022 19:30:02 
Duration Download Forstok 10.265470027924 Detik
Duration Looping 500 Data 139.98406100273 Detik 
Total Duration 139.98417687416 Detik 
------------------------- 
Tanggal: 13-05-2022 19:35:01 
Duration Download Forstok 22.89771604538 Detik
Duration Looping 500 Data 150.33812999725 Detik 
Total Duration 150.33827209473 Detik 
------------------------- 
Tanggal: 13-05-2022 19:40:01 
Duration Download Forstok 17.276138067245 Detik
Duration Looping 500 Data 140.97816610336 Detik 
Total Duration 140.97829198837 Detik 
------------------------- 
Tanggal: 13-05-2022 19:45:01 
Duration Download Forstok 16.148494958878 Detik
Duration Looping 500 Data 143.82533788681 Detik 
Total Duration 143.82543587685 Detik 
------------------------- 
Tanggal: 13-05-2022 19:50:01 
Duration Download Forstok 12.49499297142 Detik
Duration Looping 500 Data 144.39554095268 Detik 
Total Duration 144.39566111565 Detik 
------------------------- 
Tanggal: 13-05-2022 19:55:01 
Duration Download Forstok 16.893670082092 Detik
Duration Looping 500 Data 152.59871315956 Detik 
Total Duration 152.59884309769 Detik 
------------------------- 
Tanggal: 13-05-2022 20:00:02 
Duration Download Forstok 10.625885009766 Detik
Duration Looping 500 Data 140.86727118492 Detik 
Total Duration 140.86737799644 Detik 
------------------------- 
Tanggal: 13-05-2022 20:05:01 
Duration Download Forstok 33.199597835541 Detik
Duration Looping 500 Data 161.65509295464 Detik 
Total Duration 161.65523982048 Detik 
------------------------- 
Tanggal: 13-05-2022 20:10:01 
Duration Download Forstok 18.973557949066 Detik
Duration Looping 500 Data 154.13747000694 Detik 
Total Duration 154.13761305809 Detik 
------------------------- 
Tanggal: 13-05-2022 20:15:01 
Duration Download Forstok 24.929627895355 Detik
Duration Looping 500 Data 153.68922185898 Detik 
Total Duration 153.68933796883 Detik 
------------------------- 
Tanggal: 13-05-2022 20:20:01 
Duration Download Forstok 12.047945022583 Detik
Duration Looping 500 Data 145.28012394905 Detik 
Total Duration 145.28024482727 Detik 
------------------------- 
Tanggal: 13-05-2022 20:25:01 
Duration Download Forstok 8.8951458930969 Detik
Duration Looping 500 Data 133.63014292717 Detik 
Total Duration 133.63026499748 Detik 
------------------------- 
Tanggal: 13-05-2022 20:30:01 
Duration Download Forstok 11.625234127045 Detik
Duration Looping 500 Data 140.00755214691 Detik 
Total Duration 140.00767493248 Detik 
------------------------- 
Tanggal: 13-05-2022 20:35:01 
Duration Download Forstok 22.473804950714 Detik
Duration Looping 500 Data 155.70038509369 Detik 
Total Duration 155.7005109787 Detik 
------------------------- 
Tanggal: 13-05-2022 20:40:01 
Duration Download Forstok 15.900887966156 Detik
Duration Looping 500 Data 142.73251795769 Detik 
Total Duration 142.73264694214 Detik 
------------------------- 
Tanggal: 13-05-2022 20:45:01 
Duration Download Forstok 22.824512004852 Detik
Duration Looping 500 Data 150.9068608284 Detik 
Total Duration 150.90699100494 Detik 
------------------------- 
Tanggal: 13-05-2022 20:50:01 
Duration Download Forstok 11.546910047531 Detik
Duration Looping 500 Data 144.16579294205 Detik 
Total Duration 144.16592097282 Detik 
------------------------- 
Tanggal: 13-05-2022 20:55:01 
Duration Download Forstok 16.066999912262 Detik
Duration Looping 500 Data 146.80029892921 Detik 
Total Duration 146.80044698715 Detik 
------------------------- 
Tanggal: 13-05-2022 21:00:01 
Duration Download Forstok 12.620716094971 Detik
Duration Looping 500 Data 143.19279313087 Detik 
Total Duration 143.19290399551 Detik 
------------------------- 
Tanggal: 13-05-2022 21:05:01 
Duration Download Forstok 35.834582805634 Detik
Duration Looping 500 Data 166.48509693146 Detik 
Total Duration 166.48521184921 Detik 
------------------------- 
Tanggal: 13-05-2022 21:10:01 
Duration Download Forstok 10.369550943375 Detik
Duration Looping 500 Data 138.2310128212 Detik 
Total Duration 138.2311270237 Detik 
------------------------- 
Tanggal: 13-05-2022 21:15:01 
Duration Download Forstok 21.214709997177 Detik
Duration Looping 500 Data 148.31886291504 Detik 
Total Duration 148.31896710396 Detik 
------------------------- 
Tanggal: 13-05-2022 21:20:01 
Duration Download Forstok 12.138504981995 Detik
Duration Looping 500 Data 143.68581604958 Detik 
Total Duration 143.68593811989 Detik 
------------------------- 
Tanggal: 13-05-2022 21:25:01 
Duration Download Forstok 12.092015981674 Detik
Duration Looping 500 Data 140.43271493912 Detik 
Total Duration 140.43286204338 Detik 
------------------------- 
Tanggal: 13-05-2022 21:30:01 
Duration Download Forstok 18.657559871674 Detik
Duration Looping 500 Data 151.94859004021 Detik 
Total Duration 151.94870185852 Detik 
------------------------- 
Tanggal: 13-05-2022 21:35:01 
Duration Download Forstok 18.1392121315 Detik
Duration Looping 500 Data 151.9053041935 Detik 
Total Duration 151.90541911125 Detik 
------------------------- 
Tanggal: 13-05-2022 21:40:01 
Duration Download Forstok 10.337244033813 Detik
Duration Looping 500 Data 137.28542613983 Detik 
Total Duration 137.28554105759 Detik 
------------------------- 
Tanggal: 13-05-2022 21:45:01 
Duration Download Forstok 22.796624898911 Detik
Duration Looping 500 Data 150.0185508728 Detik 
Total Duration 150.0186829567 Detik 
------------------------- 
Tanggal: 13-05-2022 21:50:01 
Duration Download Forstok 11.033323049545 Detik
Duration Looping 500 Data 141.66353487968 Detik 
Total Duration 141.66363692284 Detik 
------------------------- 
Tanggal: 13-05-2022 21:55:01 
Duration Download Forstok 9.1029381752014 Detik
Duration Looping 500 Data 148.83193016052 Detik 
Total Duration 148.83204913139 Detik 
------------------------- 
Tanggal: 13-05-2022 22:00:01 
Duration Download Forstok 9.2080731391907 Detik
Duration Looping 500 Data 138.84655809402 Detik 
Total Duration 138.84667301178 Detik 
------------------------- 
Tanggal: 13-05-2022 22:05:01 
Duration Download Forstok 32.441272974014 Detik
Duration Looping 500 Data 159.62945914268 Detik 
Total Duration 159.62957406044 Detik 
------------------------- 
Tanggal: 13-05-2022 22:10:01 
Duration Download Forstok 18.66179394722 Detik
Duration Looping 500 Data 148.93821597099 Detik 
Total Duration 148.938341856 Detik 
------------------------- 
Tanggal: 13-05-2022 22:15:01 
Duration Download Forstok 25.246031045914 Detik
Duration Looping 500 Data 159.32492494583 Detik 
Total Duration 159.32504796982 Detik 
------------------------- 
Tanggal: 13-05-2022 22:20:01 
Duration Download Forstok 10.306624889374 Detik
Duration Looping 500 Data 145.72043204308 Detik 
Total Duration 145.72053289413 Detik 
------------------------- 
Tanggal: 13-05-2022 22:25:01 
Duration Download Forstok 15.106786966324 Detik
Duration Looping 500 Data 141.03705191612 Detik 
Total Duration 141.03716397285 Detik 
------------------------- 
Tanggal: 13-05-2022 22:30:01 
Duration Download Forstok 10.802353858948 Detik
Duration Looping 500 Data 142.54977798462 Detik 
Total Duration 142.54989004135 Detik 
------------------------- 
Tanggal: 13-05-2022 22:35:01 
Duration Download Forstok 13.315353870392 Detik
Duration Looping 500 Data 143.78493785858 Detik 
Total Duration 143.78505396843 Detik 
------------------------- 
Tanggal: 13-05-2022 22:40:01 
Duration Download Forstok 13.507523059845 Detik
Duration Looping 500 Data 141.98388409615 Detik 
Total Duration 141.98400497437 Detik 
------------------------- 
Tanggal: 13-05-2022 22:45:01 
Duration Download Forstok 20.387137174606 Detik
Duration Looping 500 Data 150.56625103951 Detik 
Total Duration 150.56635308266 Detik 
------------------------- 
Tanggal: 13-05-2022 22:50:01 
Duration Download Forstok 11.426349163055 Detik
Duration Looping 500 Data 142.2260761261 Detik 
Total Duration 142.22616910934 Detik 
------------------------- 
Tanggal: 13-05-2022 22:55:01 
Duration Download Forstok 10.402224063873 Detik
Duration Looping 500 Data 137.09444713593 Detik 
Total Duration 137.09455919266 Detik 
------------------------- 
Tanggal: 13-05-2022 23:00:01 
Duration Download Forstok 9.7050728797913 Detik
Duration Looping 500 Data 141.04079008102 Detik 
Total Duration 141.04089689255 Detik 
------------------------- 
Tanggal: 13-05-2022 23:05:01 
Duration Download Forstok 19.321477174759 Detik
Duration Looping 500 Data 146.31341099739 Detik 
Total Duration 146.31352806091 Detik 
------------------------- 
Tanggal: 13-05-2022 23:10:01 
Duration Download Forstok 10.240293979645 Detik
Duration Looping 500 Data 141.11478996277 Detik 
Total Duration 141.11491203308 Detik 
------------------------- 
Tanggal: 13-05-2022 23:15:01 
Duration Download Forstok 16.636713981628 Detik
Duration Looping 500 Data 142.42871212959 Detik 
Total Duration 142.42882800102 Detik 
------------------------- 
Tanggal: 13-05-2022 23:20:01 
Duration Download Forstok 9.5597660541534 Detik
Duration Looping 500 Data 137.24226617813 Detik 
Total Duration 137.24235320091 Detik 
------------------------- 
Tanggal: 13-05-2022 23:25:01 
Duration Download Forstok 9.4904749393463 Detik
Duration Looping 500 Data 137.89061999321 Detik 
Total Duration 137.89073491096 Detik 
------------------------- 
Tanggal: 13-05-2022 23:30:01 
Duration Download Forstok 9.6147258281708 Detik
Duration Looping 500 Data 139.88766694069 Detik 
Total Duration 139.88779401779 Detik 
------------------------- 
Tanggal: 13-05-2022 23:35:01 
Duration Download Forstok 14.55995798111 Detik
Duration Looping 500 Data 149.6375451088 Detik 
Total Duration 149.63766598701 Detik 
------------------------- 
Tanggal: 13-05-2022 23:40:01 
Duration Download Forstok 12.211733102798 Detik
Duration Looping 500 Data 142.80328512192 Detik 
Total Duration 142.80340003967 Detik 
------------------------- 
Tanggal: 13-05-2022 23:45:01 
Duration Download Forstok 59.181795835495 Detik
Tanggal: 13-05-2022 23:50:01 
Duration Download Forstok 11.609554052353 Detik
Duration Looping 500 Data 147.06523394585 Detik 
Total Duration 147.06535196304 Detik 
------------------------- 
Tanggal: 13-05-2022 23:55:01 
Duration Download Forstok 9.4405109882355 Detik
Duration Looping 500 Data 136.88322401047 Detik 
Total Duration 136.88334989548 Detik 
------------------------- 
