Tanggal: 13-02-2022 00:00:02 
Duration Download Forstok 14.866238117218 Detik
Duration Looping 700 Data 556.50520801544 Detik 
Total Duration 556.5061841011 Detik 
------------------------- 
Tanggal: 13-02-2022 00:10:01 
Duration Download Forstok 15.640835046768 Detik
Duration Looping 700 Data 158.92051005363 Detik 
Total Duration 158.9206328392 Detik 
------------------------- 
Tanggal: 13-02-2022 00:15:01 
Duration Download Forstok 18.495690822601 Detik
Duration Looping 700 Data 205.45615386963 Detik 
Total Duration 205.45625400543 Detik 
------------------------- 
Tanggal: 13-02-2022 00:20:01 
Duration Download Forstok 14.318861961365 Detik
Duration Looping 700 Data 156.24768900871 Detik 
Total Duration 156.24784588814 Detik 
------------------------- 
Tanggal: 13-02-2022 00:25:01 
Duration Download Forstok 13.778501033783 Detik
Duration Looping 700 Data 165.76195597649 Detik 
Total Duration 165.76207089424 Detik 
------------------------- 
Tanggal: 13-02-2022 00:30:01 
Duration Download Forstok 13.835581064224 Detik
Duration Looping 700 Data 164.45375704765 Detik 
Total Duration 164.45387005806 Detik 
------------------------- 
Tanggal: 13-02-2022 00:35:01 
Duration Download Forstok 12.431689023972 Detik
Duration Looping 700 Data 155.69400286674 Detik 
Total Duration 155.69413495064 Detik 
------------------------- 
Tanggal: 13-02-2022 00:40:01 
Duration Download Forstok 18.164102077484 Detik
Duration Looping 700 Data 172.35333895683 Detik 
Total Duration 172.35345602036 Detik 
------------------------- 
Tanggal: 13-02-2022 00:45:01 
Duration Download Forstok 15.31998705864 Detik
Duration Looping 700 Data 160.26863288879 Detik 
Total Duration 160.26875090599 Detik 
------------------------- 
Tanggal: 13-02-2022 00:50:01 
Duration Download Forstok 13.899094104767 Detik
Duration Looping 700 Data 158.6551451683 Detik 
Total Duration 158.6552670002 Detik 
------------------------- 
Tanggal: 13-02-2022 00:55:01 
Duration Download Forstok 13.499898910522 Detik
Duration Looping 700 Data 162.94055199623 Detik 
Total Duration 162.94066810608 Detik 
------------------------- 
Tanggal: 13-02-2022 01:00:01 
Duration Download Forstok 13.936663866043 Detik
Duration Looping 700 Data 156.32353186607 Detik 
Total Duration 156.32367300987 Detik 
------------------------- 
Tanggal: 13-02-2022 01:05:01 
Duration Download Forstok 23.491008996964 Detik
Duration Looping 700 Data 164.30638384819 Detik 
Total Duration 164.3064968586 Detik 
------------------------- 
Tanggal: 13-02-2022 01:10:01 
Duration Download Forstok 13.575483083725 Detik
Duration Looping 700 Data 166.74960899353 Detik 
Total Duration 166.7497420311 Detik 
------------------------- 
Tanggal: 13-02-2022 01:15:01 
Duration Download Forstok 14.980685949326 Detik
Duration Looping 700 Data 156.16165804863 Detik 
Total Duration 156.16177201271 Detik 
------------------------- 
Tanggal: 13-02-2022 01:20:01 
Duration Download Forstok 12.765485048294 Detik
Duration Looping 700 Data 159.17734694481 Detik 
Total Duration 159.17746090889 Detik 
------------------------- 
Tanggal: 13-02-2022 01:25:01 
Duration Download Forstok 13.599344015121 Detik
Duration Looping 700 Data 156.62137985229 Detik 
Total Duration 156.62149786949 Detik 
------------------------- 
Tanggal: 13-02-2022 01:30:01 
Duration Download Forstok 13.456660985947 Detik
Duration Looping 700 Data 155.47973704338 Detik 
Total Duration 155.47985100746 Detik 
------------------------- 
Tanggal: 13-02-2022 01:35:01 
Duration Download Forstok 13.728473186493 Detik
Duration Looping 700 Data 160.25127720833 Detik 
Total Duration 160.25138807297 Detik 
------------------------- 
Tanggal: 13-02-2022 01:40:01 
Duration Download Forstok 17.136648893356 Detik
Duration Looping 700 Data 157.21901392937 Detik 
Total Duration 157.21913290024 Detik 
------------------------- 
Tanggal: 13-02-2022 01:45:01 
Duration Download Forstok 15.439348936081 Detik
Duration Looping 700 Data 156.92664408684 Detik 
Total Duration 156.92676711082 Detik 
------------------------- 
Tanggal: 13-02-2022 01:50:01 
Duration Download Forstok 13.785532951355 Detik
Duration Looping 700 Data 168.45521903038 Detik 
Total Duration 168.45533704758 Detik 
------------------------- 
Tanggal: 13-02-2022 01:55:01 
Duration Download Forstok 10.344838857651 Detik
Duration Looping 700 Data 150.22805285454 Detik 
Total Duration 150.22816491127 Detik 
------------------------- 
Tanggal: 13-02-2022 02:00:01 
Duration Download Forstok 18.036467075348 Detik
Duration Looping 700 Data 162.49654817581 Detik 
Total Duration 162.49665904045 Detik 
------------------------- 
Tanggal: 13-02-2022 02:05:01 
Duration Download Forstok 17.407048940659 Detik
Duration Looping 700 Data 181.09694004059 Detik 
Total Duration 181.09705305099 Detik 
------------------------- 
Tanggal: 13-02-2022 02:10:01 
Duration Download Forstok 12.960323095322 Detik
Duration Looping 700 Data 154.14222121239 Detik 
Total Duration 154.14232707024 Detik 
------------------------- 
Tanggal: 13-02-2022 02:15:01 
Duration Download Forstok 13.509690999985 Detik
Duration Looping 700 Data 153.57700014114 Detik 
Total Duration 153.57711100578 Detik 
------------------------- 
Tanggal: 13-02-2022 02:20:02 
Duration Download Forstok 11.957403898239 Detik
Duration Looping 700 Data 156.1042599678 Detik 
Total Duration 156.10436892509 Detik 
------------------------- 
Tanggal: 13-02-2022 02:25:01 
Duration Download Forstok 14.431554079056 Detik
Duration Looping 700 Data 153.08858013153 Detik 
Total Duration 153.08870005608 Detik 
------------------------- 
Tanggal: 13-02-2022 02:30:01 
Duration Download Forstok 14.764586925507 Detik
Duration Looping 700 Data 169.5995759964 Detik 
Total Duration 169.59968495369 Detik 
------------------------- 
Tanggal: 13-02-2022 02:35:01 
Duration Download Forstok 14.428895950317 Detik
Duration Looping 700 Data 157.69519591331 Detik 
Total Duration 157.69531202316 Detik 
------------------------- 
Tanggal: 13-02-2022 02:40:01 
Duration Download Forstok 14.234936952591 Detik
Duration Looping 700 Data 157.38431406021 Detik 
Total Duration 157.38442397118 Detik 
------------------------- 
Tanggal: 13-02-2022 02:45:01 
Duration Download Forstok 14.093899965286 Detik
Duration Looping 700 Data 169.05052495003 Detik 
Total Duration 169.05063414574 Detik 
------------------------- 
Tanggal: 13-02-2022 02:50:01 
Duration Download Forstok 14.14866900444 Detik
Duration Looping 700 Data 166.6884829998 Detik 
Total Duration 166.68859195709 Detik 
------------------------- 
Tanggal: 13-02-2022 02:55:01 
Duration Download Forstok 13.420620918274 Detik
Duration Looping 700 Data 157.44618582726 Detik 
Total Duration 157.44634079933 Detik 
------------------------- 
Tanggal: 13-02-2022 03:00:01 
Duration Download Forstok 13.739467144012 Detik
Duration Looping 700 Data 160.71351909637 Detik 
Total Duration 160.7136361599 Detik 
------------------------- 
Tanggal: 13-02-2022 03:05:01 
Duration Download Forstok 20.19916510582 Detik
Duration Looping 700 Data 162.88137507439 Detik 
Total Duration 162.881483078 Detik 
------------------------- 
Tanggal: 13-02-2022 03:10:01 
Duration Download Forstok 12.761199951172 Detik
Duration Looping 700 Data 154.32590103149 Detik 
Total Duration 154.32601690292 Detik 
------------------------- 
Tanggal: 13-02-2022 03:15:01 
Duration Download Forstok 19.469233036041 Detik
Duration Looping 700 Data 167.31628799438 Detik 
Total Duration 167.3164088726 Detik 
------------------------- 
Tanggal: 13-02-2022 03:20:01 
Duration Download Forstok 13.743615865707 Detik
Duration Looping 700 Data 153.11846089363 Detik 
Total Duration 153.11856889725 Detik 
------------------------- 
Tanggal: 13-02-2022 03:25:01 
Duration Download Forstok 14.357302904129 Detik
Duration Looping 700 Data 156.5942709446 Detik 
Total Duration 156.59437799454 Detik 
------------------------- 
Tanggal: 13-02-2022 03:30:01 
Duration Download Forstok 19.223405122757 Detik
Duration Looping 700 Data 161.62335300446 Detik 
Total Duration 161.62346696854 Detik 
------------------------- 
Tanggal: 13-02-2022 03:35:01 
Duration Download Forstok 11.396182060242 Detik
Duration Looping 700 Data 159.07126188278 Detik 
Total Duration 159.07137703896 Detik 
------------------------- 
Tanggal: 13-02-2022 03:40:01 
Duration Download Forstok 12.508546113968 Detik
Duration Looping 700 Data 151.79200100899 Detik 
Total Duration 151.7921230793 Detik 
------------------------- 
Tanggal: 13-02-2022 03:45:01 
Duration Download Forstok 16.831381082535 Detik
Duration Looping 700 Data 155.31000089645 Detik 
Total Duration 155.31010890007 Detik 
------------------------- 
Tanggal: 13-02-2022 03:50:01 
Duration Download Forstok 13.326753854752 Detik
Duration Looping 700 Data 158.0879368782 Detik 
Total Duration 158.08808994293 Detik 
------------------------- 
Tanggal: 13-02-2022 03:55:01 
Duration Download Forstok 11.198178052902 Detik
Duration Looping 700 Data 159.30484390259 Detik 
Total Duration 159.30496001244 Detik 
------------------------- 
Tanggal: 13-02-2022 04:00:01 
Duration Download Forstok 15.88943696022 Detik
Duration Looping 700 Data 156.12448191643 Detik 
Total Duration 156.12459897995 Detik 
------------------------- 
Tanggal: 13-02-2022 04:05:01 
Duration Download Forstok 19.121730804443 Detik
Duration Looping 700 Data 171.74584889412 Detik 
Total Duration 171.74598097801 Detik 
------------------------- 
Tanggal: 13-02-2022 04:10:01 
Duration Download Forstok 13.522645950317 Detik
Duration Looping 700 Data 156.59385681152 Detik 
Total Duration 156.59396481514 Detik 
------------------------- 
Tanggal: 13-02-2022 04:15:01 
Duration Download Forstok 16.370673894882 Detik
Duration Looping 700 Data 155.29081988335 Detik 
Total Duration 155.29093194008 Detik 
------------------------- 
Tanggal: 13-02-2022 04:20:01 
Duration Download Forstok 14.07778096199 Detik
Duration Looping 700 Data 155.78497815132 Detik 
Total Duration 155.78509092331 Detik 
------------------------- 
Tanggal: 13-02-2022 04:25:01 
Duration Download Forstok 17.383876085281 Detik
Duration Looping 700 Data 157.15894508362 Detik 
Total Duration 157.15907716751 Detik 
------------------------- 
Tanggal: 13-02-2022 04:30:02 
Duration Download Forstok 15.78226017952 Detik
Duration Looping 700 Data 154.98418402672 Detik 
Total Duration 154.98430800438 Detik 
------------------------- 
Tanggal: 13-02-2022 04:35:01 
Duration Download Forstok 14.171895027161 Detik
Duration Looping 700 Data 156.04025697708 Detik 
Total Duration 156.04036903381 Detik 
------------------------- 
Tanggal: 13-02-2022 04:40:01 
Duration Download Forstok 13.105453968048 Detik
Duration Looping 700 Data 155.17961215973 Detik 
Total Duration 155.1797170639 Detik 
------------------------- 
Tanggal: 13-02-2022 04:45:01 
Duration Download Forstok 16.172624111176 Detik
Duration Looping 700 Data 157.69185614586 Detik 
Total Duration 157.69196414948 Detik 
------------------------- 
Tanggal: 13-02-2022 04:50:01 
Duration Download Forstok 17.74982213974 Detik
Duration Looping 700 Data 168.28809714317 Detik 
Total Duration 168.28820514679 Detik 
------------------------- 
Tanggal: 13-02-2022 04:55:01 
Duration Download Forstok 14.027420043945 Detik
Duration Looping 700 Data 159.00797891617 Detik 
Total Duration 159.0081038475 Detik 
------------------------- 
Tanggal: 13-02-2022 05:00:01 
Duration Download Forstok 13.732326030731 Detik
Duration Looping 700 Data 153.64641022682 Detik 
Total Duration 153.64652299881 Detik 
------------------------- 
Tanggal: 13-02-2022 05:05:01 
Duration Download Forstok 15.561983108521 Detik
Duration Looping 700 Data 154.30152893066 Detik 
Total Duration 154.30164599419 Detik 
------------------------- 
Tanggal: 13-02-2022 05:10:01 
Duration Download Forstok 14.879926919937 Detik
Duration Looping 700 Data 154.42107081413 Detik 
Total Duration 154.42117285728 Detik 
------------------------- 
Tanggal: 13-02-2022 05:15:01 
Duration Download Forstok 14.510339975357 Detik
Duration Looping 700 Data 160.35153698921 Detik 
Total Duration 160.35164785385 Detik 
------------------------- 
Tanggal: 13-02-2022 05:20:01 
Duration Download Forstok 13.513424873352 Detik
Duration Looping 700 Data 170.00562787056 Detik 
Total Duration 170.00574493408 Detik 
------------------------- 
Tanggal: 13-02-2022 05:25:01 
Duration Download Forstok 14.028744935989 Detik
Duration Looping 700 Data 166.2431268692 Detik 
Total Duration 166.24323892593 Detik 
------------------------- 
Tanggal: 13-02-2022 05:30:01 
Duration Download Forstok 14.87904715538 Detik
Duration Looping 700 Data 165.89508700371 Detik 
Total Duration 165.89522409439 Detik 
------------------------- 
Tanggal: 13-02-2022 05:35:01 
Duration Download Forstok 12.817997932434 Detik
Duration Looping 700 Data 161.93944597244 Detik 
Total Duration 161.93957185745 Detik 
------------------------- 
Tanggal: 13-02-2022 05:40:01 
Duration Download Forstok 12.887183904648 Detik
Duration Looping 700 Data 151.96455097198 Detik 
Total Duration 151.96466088295 Detik 
------------------------- 
Tanggal: 13-02-2022 05:45:01 
Duration Download Forstok 17.124228000641 Detik
Duration Looping 700 Data 156.37798810005 Detik 
Total Duration 156.37810015678 Detik 
------------------------- 
Tanggal: 13-02-2022 05:50:01 
Duration Download Forstok 15.124593019485 Detik
Duration Looping 700 Data 161.37380313873 Detik 
Total Duration 161.37391114235 Detik 
------------------------- 
Tanggal: 13-02-2022 05:55:01 
Duration Download Forstok 16.940500020981 Detik
Duration Looping 700 Data 155.88209581375 Detik 
Total Duration 155.88220500946 Detik 
------------------------- 
Tanggal: 13-02-2022 06:00:01 
Duration Download Forstok 15.769576072693 Detik
Duration Looping 700 Data 157.97587203979 Detik 
Total Duration 157.9759850502 Detik 
------------------------- 
Tanggal: 13-02-2022 06:05:01 
Duration Download Forstok 20.11616897583 Detik
Duration Looping 700 Data 159.91932487488 Detik 
Total Duration 159.91943502426 Detik 
------------------------- 
Tanggal: 13-02-2022 06:10:01 
Duration Download Forstok 13.293122053146 Detik
Duration Looping 700 Data 156.11583805084 Detik 
Total Duration 156.1159529686 Detik 
------------------------- 
Tanggal: 13-02-2022 06:15:01 
Duration Download Forstok 17.474596977234 Detik
Duration Looping 700 Data 157.12684798241 Detik 
Total Duration 157.12696790695 Detik 
------------------------- 
Tanggal: 13-02-2022 06:20:01 
Duration Download Forstok 18.379593133926 Detik
Duration Looping 700 Data 162.30379295349 Detik 
Total Duration 162.3039021492 Detik 
------------------------- 
Tanggal: 13-02-2022 06:25:01 
Duration Download Forstok 18.47456407547 Detik
Duration Looping 700 Data 157.78873705864 Detik 
Total Duration 157.78886914253 Detik 
------------------------- 
Tanggal: 13-02-2022 06:30:01 
Duration Download Forstok 17.270328044891 Detik
Duration Looping 700 Data 165.97343993187 Detik 
Total Duration 165.97354602814 Detik 
------------------------- 
Tanggal: 13-02-2022 06:35:01 
Duration Download Forstok 13.375272989273 Detik
Duration Looping 700 Data 152.59152984619 Detik 
Total Duration 152.59165501595 Detik 
------------------------- 
Tanggal: 13-02-2022 06:40:01 
Duration Download Forstok 16.32541680336 Detik
Duration Looping 700 Data 158.53873181343 Detik 
Total Duration 158.53883695602 Detik 
------------------------- 
Tanggal: 13-02-2022 06:45:01 
Duration Download Forstok 19.597846031189 Detik
Duration Looping 700 Data 170.72342395782 Detik 
Total Duration 170.72358798981 Detik 
------------------------- 
Tanggal: 13-02-2022 06:50:01 
Duration Download Forstok 14.9954829216 Detik
Duration Looping 700 Data 153.97275781631 Detik 
Total Duration 153.97286987305 Detik 
------------------------- 
Tanggal: 13-02-2022 06:55:01 
Duration Download Forstok 14.670245170593 Detik
Duration Looping 700 Data 158.63972902298 Detik 
Total Duration 158.63984417915 Detik 
------------------------- 
Tanggal: 13-02-2022 07:00:01 
Duration Download Forstok 16.216372966766 Detik
Duration Looping 700 Data 157.27546811104 Detik 
Total Duration 157.27558112144 Detik 
------------------------- 
Tanggal: 13-02-2022 07:05:01 
Duration Download Forstok 16.524694919586 Detik
Duration Looping 700 Data 155.75070500374 Detik 
Total Duration 155.75084996223 Detik 
------------------------- 
Tanggal: 13-02-2022 07:10:01 
Duration Download Forstok 13.418133020401 Detik
Duration Looping 700 Data 163.10472798347 Detik 
Total Duration 163.10485100746 Detik 
------------------------- 
Tanggal: 13-02-2022 07:15:01 
Duration Download Forstok 16.458027124405 Detik
Duration Looping 700 Data 158.87141919136 Detik 
Total Duration 158.87152409554 Detik 
------------------------- 
Tanggal: 13-02-2022 07:20:02 
Duration Download Forstok 13.412863969803 Detik
Duration Looping 700 Data 152.59191679955 Detik 
Total Duration 152.59203290939 Detik 
------------------------- 
Tanggal: 13-02-2022 07:25:01 
Duration Download Forstok 14.812077999115 Detik
Duration Looping 700 Data 157.84132385254 Detik 
Total Duration 157.84143304825 Detik 
------------------------- 
Tanggal: 13-02-2022 07:30:01 
Duration Download Forstok 16.033377885818 Detik
Duration Looping 700 Data 171.11704993248 Detik 
Total Duration 171.117166996 Detik 
------------------------- 
Tanggal: 13-02-2022 07:35:01 
Duration Download Forstok 14.892189979553 Detik
Duration Looping 700 Data 152.90612196922 Detik 
Total Duration 152.90623211861 Detik 
------------------------- 
Tanggal: 13-02-2022 07:40:01 
Duration Download Forstok 17.145146846771 Detik
Duration Looping 700 Data 162.47001004219 Detik 
Total Duration 162.4701230526 Detik 
------------------------- 
Tanggal: 13-02-2022 07:45:01 
Duration Download Forstok 15.828369855881 Detik
Duration Looping 700 Data 155.41892290115 Detik 
Total Duration 155.4190299511 Detik 
------------------------- 
Tanggal: 13-02-2022 07:50:01 
Duration Download Forstok 14.351140022278 Detik
Duration Looping 700 Data 178.86212301254 Detik 
Total Duration 178.86223506927 Detik 
------------------------- 
Tanggal: 13-02-2022 07:55:01 
Duration Download Forstok 12.712516069412 Detik
Duration Looping 700 Data 155.3613679409 Detik 
Total Duration 155.36147403717 Detik 
------------------------- 
Tanggal: 13-02-2022 08:00:01 
Duration Download Forstok 23.243350982666 Detik
Duration Looping 700 Data 174.40682601929 Detik 
Total Duration 174.40694093704 Detik 
------------------------- 
Tanggal: 13-02-2022 08:05:01 
Duration Download Forstok 16.955885887146 Detik
Duration Looping 700 Data 157.80429506302 Detik 
Total Duration 157.80440688133 Detik 
------------------------- 
Tanggal: 13-02-2022 08:10:01 
Duration Download Forstok 15.15153503418 Detik
Duration Looping 700 Data 159.09214091301 Detik 
Total Duration 159.09226489067 Detik 
------------------------- 
Tanggal: 13-02-2022 08:15:01 
Duration Download Forstok 16.598685979843 Detik
Duration Looping 700 Data 172.61301088333 Detik 
Total Duration 172.61312890053 Detik 
------------------------- 
Tanggal: 13-02-2022 08:20:01 
Duration Download Forstok 15.005352973938 Detik
Duration Looping 700 Data 157.59723186493 Detik 
Total Duration 157.59733700752 Detik 
------------------------- 
Tanggal: 13-02-2022 08:25:01 
Duration Download Forstok 15.569354057312 Detik
Duration Looping 700 Data 164.83786487579 Detik 
Total Duration 164.83799886703 Detik 
------------------------- 
Tanggal: 13-02-2022 08:30:01 
Duration Download Forstok 20.290313959122 Detik
Duration Looping 700 Data 162.18667888641 Detik 
Total Duration 162.18678498268 Detik 
------------------------- 
Tanggal: 13-02-2022 08:35:01 
Duration Download Forstok 13.462337970734 Detik
Duration Looping 700 Data 155.79824614525 Detik 
Total Duration 155.79836893082 Detik 
------------------------- 
Tanggal: 13-02-2022 08:40:01 
Duration Download Forstok 18.235951900482 Detik
Duration Looping 700 Data 174.07256102562 Detik 
Total Duration 174.07268381119 Detik 
------------------------- 
Tanggal: 13-02-2022 08:45:01 
Duration Download Forstok 19.293567180634 Detik
Duration Looping 700 Data 161.17649102211 Detik 
Total Duration 161.17659711838 Detik 
------------------------- 
Tanggal: 13-02-2022 08:50:01 
Duration Download Forstok 19.413437128067 Detik
Duration Looping 700 Data 163.01778101921 Detik 
Total Duration 163.01789402962 Detik 
------------------------- 
Tanggal: 13-02-2022 08:55:01 
Duration Download Forstok 12.225041866302 Detik
Duration Looping 700 Data 152.99393296242 Detik 
Total Duration 152.99402999878 Detik 
------------------------- 
Tanggal: 13-02-2022 09:00:01 
Duration Download Forstok 13.765881061554 Detik
Duration Looping 700 Data 162.93743515015 Detik 
Total Duration 162.93755197525 Detik 
------------------------- 
Tanggal: 13-02-2022 09:05:01 
Duration Download Forstok 22.266082048416 Detik
Duration Looping 700 Data 161.90254402161 Detik 
Total Duration 161.90263295174 Detik 
------------------------- 
Tanggal: 13-02-2022 09:10:01 
Duration Download Forstok 16.031774997711 Detik
Duration Looping 700 Data 155.58736109734 Detik 
Total Duration 155.58747196198 Detik 
------------------------- 
Tanggal: 13-02-2022 09:15:01 
Duration Download Forstok 19.674563169479 Detik
Duration Looping 700 Data 163.81486010551 Detik 
Total Duration 163.81498217583 Detik 
------------------------- 
Tanggal: 13-02-2022 09:20:02 
Duration Download Forstok 14.318512916565 Detik
Duration Looping 700 Data 157.83981108665 Detik 
Total Duration 157.83992290497 Detik 
------------------------- 
Tanggal: 13-02-2022 09:25:01 
Duration Download Forstok 13.962808847427 Detik
Duration Looping 700 Data 154.82852482796 Detik 
Total Duration 154.82863092422 Detik 
------------------------- 
Tanggal: 13-02-2022 09:30:01 
Duration Download Forstok 15.795467853546 Detik
Duration Looping 700 Data 159.06971693039 Detik 
Total Duration 159.06982278824 Detik 
------------------------- 
Tanggal: 13-02-2022 09:35:01 
Duration Download Forstok 13.937102079391 Detik
Duration Looping 700 Data 157.37178897858 Detik 
Total Duration 157.37189698219 Detik 
------------------------- 
Tanggal: 13-02-2022 09:40:01 
Duration Download Forstok 15.549468994141 Detik
Duration Looping 700 Data 160.86122298241 Detik 
Total Duration 160.86133790016 Detik 
------------------------- 
Tanggal: 13-02-2022 09:45:01 
Duration Download Forstok 15.714934110641 Detik
Duration Looping 700 Data 160.48290491104 Detik 
Total Duration 160.48301291466 Detik 
------------------------- 
Tanggal: 13-02-2022 09:50:01 
Duration Download Forstok 15.752099990845 Detik
Duration Looping 700 Data 164.51194477081 Detik 
Total Duration 164.51206183434 Detik 
------------------------- 
Tanggal: 13-02-2022 09:55:01 
Duration Download Forstok 11.955303907394 Detik
Duration Looping 700 Data 157.57276511192 Detik 
Total Duration 157.57288002968 Detik 
------------------------- 
Tanggal: 13-02-2022 10:00:01 
Duration Download Forstok 16.711457014084 Detik
Duration Looping 700 Data 163.02141308784 Detik 
Total Duration 163.02153491974 Detik 
------------------------- 
Tanggal: 13-02-2022 10:05:01 
Duration Download Forstok 22.683199882507 Detik
Duration Looping 700 Data 163.47433900833 Detik 
Total Duration 163.47445392609 Detik 
------------------------- 
Tanggal: 13-02-2022 10:10:01 
Duration Download Forstok 13.92258310318 Detik
Duration Looping 700 Data 164.08751106262 Detik 
Total Duration 164.08761906624 Detik 
------------------------- 
Tanggal: 13-02-2022 10:15:01 
Duration Download Forstok 17.615782976151 Detik
Duration Looping 700 Data 176.29768490791 Detik 
Total Duration 176.29780483246 Detik 
------------------------- 
Tanggal: 13-02-2022 10:20:01 
Duration Download Forstok 14.708214998245 Detik
Duration Looping 700 Data 156.58420777321 Detik 
Total Duration 156.58429980278 Detik 
------------------------- 
Tanggal: 13-02-2022 10:25:01 
Duration Download Forstok 15.395636796951 Detik
Duration Looping 700 Data 161.51976799965 Detik 
Total Duration 161.51988196373 Detik 
------------------------- 
Tanggal: 13-02-2022 10:30:01 
Duration Download Forstok 16.935456037521 Detik
Duration Looping 700 Data 156.8373169899 Detik 
Total Duration 156.83742594719 Detik 
------------------------- 
Tanggal: 13-02-2022 10:35:01 
Duration Download Forstok 13.326876163483 Detik
Duration Looping 700 Data 158.60439300537 Detik 
Total Duration 158.60449695587 Detik 
------------------------- 
Tanggal: 13-02-2022 10:40:01 
Duration Download Forstok 15.603044986725 Detik
Duration Looping 700 Data 159.00556182861 Detik 
Total Duration 159.00567984581 Detik 
------------------------- 
Tanggal: 13-02-2022 10:45:01 
Duration Download Forstok 13.7965259552 Detik
Duration Looping 700 Data 159.20564389229 Detik 
Total Duration 159.20576000214 Detik 
------------------------- 
Tanggal: 13-02-2022 10:50:01 
Duration Download Forstok 14.74512720108 Detik
Duration Looping 700 Data 160.81582307816 Detik 
Total Duration 160.81593513489 Detik 
------------------------- 
Tanggal: 13-02-2022 10:55:01 
Duration Download Forstok 17.116130828857 Detik
Duration Looping 700 Data 163.25398683548 Detik 
Total Duration 163.25411081314 Detik 
------------------------- 
Tanggal: 13-02-2022 11:00:01 
Duration Download Forstok 16.960853099823 Detik
Duration Looping 700 Data 160.59123802185 Detik 
Total Duration 160.59135103226 Detik 
------------------------- 
Tanggal: 13-02-2022 11:05:01 
Duration Download Forstok 18.872571229935 Detik
Duration Looping 700 Data 167.14375400543 Detik 
Total Duration 167.14386701584 Detik 
------------------------- 
Tanggal: 13-02-2022 11:10:01 
Duration Download Forstok 17.075413942337 Detik
Duration Looping 700 Data 161.70000290871 Detik 
Total Duration 161.70012187958 Detik 
------------------------- 
Tanggal: 13-02-2022 11:15:01 
Duration Download Forstok 14.35444188118 Detik
Duration Looping 700 Data 158.68218183517 Detik 
Total Duration 158.68229389191 Detik 
------------------------- 
Tanggal: 13-02-2022 11:20:01 
Duration Download Forstok 13.70916390419 Detik
Duration Looping 700 Data 158.35690689087 Detik 
Total Duration 158.35701489449 Detik 
------------------------- 
Tanggal: 13-02-2022 11:25:01 
Duration Download Forstok 13.719172954559 Detik
Duration Looping 700 Data 154.32965183258 Detik 
Total Duration 154.32976698875 Detik 
------------------------- 
Tanggal: 13-02-2022 11:30:01 
Duration Download Forstok 16.782472133636 Detik
Duration Looping 700 Data 161.26761507988 Detik 
Total Duration 161.26772403717 Detik 
------------------------- 
Tanggal: 13-02-2022 11:35:01 
Duration Download Forstok 15.091639995575 Detik
Duration Looping 700 Data 153.12361311913 Detik 
Total Duration 153.12372398376 Detik 
------------------------- 
Tanggal: 13-02-2022 11:40:01 
Duration Download Forstok 14.714322090149 Detik
Duration Looping 700 Data 156.11366510391 Detik 
Total Duration 156.1137740612 Detik 
------------------------- 
Tanggal: 13-02-2022 11:45:01 
Duration Download Forstok 15.819993972778 Detik
Duration Looping 700 Data 154.36379694939 Detik 
Total Duration 154.36391305923 Detik 
------------------------- 
Tanggal: 13-02-2022 11:50:01 
Duration Download Forstok 15.880082845688 Detik
Duration Looping 700 Data 156.93116283417 Detik 
Total Duration 156.93126797676 Detik 
------------------------- 
Tanggal: 13-02-2022 11:55:01 
Duration Download Forstok 13.276890993118 Detik
Duration Looping 700 Data 158.22570109367 Detik 
Total Duration 158.22580504417 Detik 
------------------------- 
Tanggal: 13-02-2022 12:00:01 
Duration Download Forstok 19.398056030273 Detik
Duration Looping 700 Data 165.42903399467 Detik 
Total Duration 165.42915296555 Detik 
------------------------- 
Tanggal: 13-02-2022 12:05:01 
Duration Download Forstok 16.651640892029 Detik
Duration Looping 700 Data 154.65970087051 Detik 
Total Duration 154.65982604027 Detik 
------------------------- 
Tanggal: 13-02-2022 12:10:02 
Duration Download Forstok 18.198626995087 Detik
Duration Looping 700 Data 158.21245384216 Detik 
Total Duration 158.21257281303 Detik 
------------------------- 
Tanggal: 13-02-2022 12:15:01 
Duration Download Forstok 13.998144865036 Detik
Duration Looping 700 Data 160.20726203918 Detik 
Total Duration 160.20737791061 Detik 
------------------------- 
Tanggal: 13-02-2022 12:20:01 
Duration Download Forstok 13.336863040924 Detik
Duration Looping 700 Data 151.10453796387 Detik 
Total Duration 151.10465312004 Detik 
------------------------- 
Tanggal: 13-02-2022 12:25:01 
Duration Download Forstok 13.48254108429 Detik
Duration Looping 700 Data 150.2699649334 Detik 
Total Duration 150.27007102966 Detik 
------------------------- 
Tanggal: 13-02-2022 12:30:01 
Duration Download Forstok 23.77743601799 Detik
Duration Looping 700 Data 168.03817915916 Detik 
Total Duration 168.03830909729 Detik 
------------------------- 
Tanggal: 13-02-2022 12:35:01 
Duration Download Forstok 13.278352975845 Detik
Duration Looping 700 Data 154.04080581665 Detik 
Total Duration 154.04091787338 Detik 
------------------------- 
Tanggal: 13-02-2022 12:40:01 
Duration Download Forstok 14.080124855042 Detik
Duration Looping 700 Data 150.86716604233 Detik 
Total Duration 150.86727690697 Detik 
------------------------- 
Tanggal: 13-02-2022 12:45:01 
Duration Download Forstok 18.13932800293 Detik
Duration Looping 700 Data 164.14109706879 Detik 
Total Duration 164.14121413231 Detik 
------------------------- 
Tanggal: 13-02-2022 12:50:01 
Duration Download Forstok 14.662826061249 Detik
Duration Looping 700 Data 154.91160297394 Detik 
Total Duration 154.91171598434 Detik 
------------------------- 
Tanggal: 13-02-2022 12:55:01 
Duration Download Forstok 14.752198934555 Detik
Duration Looping 700 Data 162.24810910225 Detik 
Total Duration 162.24822092056 Detik 
------------------------- 
Tanggal: 13-02-2022 13:00:01 
Duration Download Forstok 19.704981088638 Detik
Duration Looping 700 Data 159.81655621529 Detik 
Total Duration 159.81667017937 Detik 
------------------------- 
Tanggal: 13-02-2022 13:05:01 
Duration Download Forstok 18.304250955582 Detik
Duration Looping 700 Data 161.27972888947 Detik 
Total Duration 161.27983403206 Detik 
------------------------- 
Tanggal: 13-02-2022 13:10:01 
Duration Download Forstok 12.476697921753 Detik
Duration Looping 700 Data 158.80163002014 Detik 
Total Duration 158.80174207687 Detik 
------------------------- 
Tanggal: 13-02-2022 13:15:01 
Duration Download Forstok 16.929704904556 Detik
Duration Looping 700 Data 162.62809896469 Detik 
Total Duration 162.62820982933 Detik 
------------------------- 
Tanggal: 13-02-2022 13:20:01 
Duration Download Forstok 14.916783094406 Detik
Duration Looping 700 Data 157.04191803932 Detik 
Total Duration 157.0420320034 Detik 
------------------------- 
Tanggal: 13-02-2022 13:25:01 
Duration Download Forstok 18.28117108345 Detik
Duration Looping 700 Data 167.38945889473 Detik 
Total Duration 167.38956594467 Detik 
------------------------- 
Tanggal: 13-02-2022 13:30:01 
Duration Download Forstok 14.949529886246 Detik
Duration Looping 700 Data 158.731995821 Detik 
Total Duration 158.73210501671 Detik 
------------------------- 
Tanggal: 13-02-2022 13:35:01 
Duration Download Forstok 11.817581892014 Detik
Duration Looping 700 Data 149.35395884514 Detik 
Total Duration 149.35407090187 Detik 
------------------------- 
Tanggal: 13-02-2022 13:40:01 
Duration Download Forstok 12.013059854507 Detik
Duration Looping 700 Data 148.7244720459 Detik 
Total Duration 148.72459793091 Detik 
------------------------- 
Tanggal: 13-02-2022 13:45:01 
Duration Download Forstok 19.253113031387 Detik
Duration Looping 700 Data 157.31669902802 Detik 
Total Duration 157.31681990623 Detik 
------------------------- 
Tanggal: 13-02-2022 13:50:01 
Duration Download Forstok 14.912651062012 Detik
Duration Looping 700 Data 159.7935359478 Detik 
Total Duration 159.79364991188 Detik 
------------------------- 
Tanggal: 13-02-2022 13:55:01 
Duration Download Forstok 14.553214073181 Detik
Duration Looping 700 Data 153.22833609581 Detik 
Total Duration 153.2284450531 Detik 
------------------------- 
Tanggal: 13-02-2022 14:00:01 
Duration Download Forstok 16.122308015823 Detik
Duration Looping 700 Data 154.72478890419 Detik 
Total Duration 154.72489905357 Detik 
------------------------- 
Tanggal: 13-02-2022 14:05:01 
Duration Download Forstok 20.807713985443 Detik
Duration Looping 700 Data 158.87108302116 Detik 
Total Duration 158.87119197845 Detik 
------------------------- 
Tanggal: 13-02-2022 14:10:01 
Duration Download Forstok 12.374094009399 Detik
Duration Looping 700 Data 150.6002061367 Detik 
Total Duration 150.60031414032 Detik 
------------------------- 
Tanggal: 13-02-2022 14:15:01 
Duration Download Forstok 18.114516973495 Detik
Duration Looping 700 Data 154.84707784653 Detik 
Total Duration 154.84718084335 Detik 
------------------------- 
Tanggal: 13-02-2022 14:20:01 
Duration Download Forstok 14.69146490097 Detik
Duration Looping 700 Data 153.02798199654 Detik 
Total Duration 153.02808785439 Detik 
------------------------- 
Tanggal: 13-02-2022 14:25:01 
Duration Download Forstok 12.785449981689 Detik
Duration Looping 700 Data 150.2538599968 Detik 
Total Duration 150.25397181511 Detik 
------------------------- 
Tanggal: 13-02-2022 14:30:01 
Duration Download Forstok 16.990122079849 Detik
Duration Looping 700 Data 156.15383315086 Detik 
Total Duration 156.15394902229 Detik 
------------------------- 
Tanggal: 13-02-2022 14:35:01 
Duration Download Forstok 14.880662202835 Detik
Duration Looping 700 Data 152.07036018372 Detik 
Total Duration 152.07048606873 Detik 
------------------------- 
Tanggal: 13-02-2022 14:40:01 
Duration Download Forstok 14.537469863892 Detik
Duration Looping 700 Data 152.64007687569 Detik 
Total Duration 152.64018988609 Detik 
------------------------- 
Tanggal: 13-02-2022 14:45:01 
Duration Download Forstok 15.41437292099 Detik
Duration Looping 700 Data 165.48872590065 Detik 
Total Duration 165.48883295059 Detik 
------------------------- 
Tanggal: 13-02-2022 14:50:01 
Duration Download Forstok 15.373586893082 Detik
Duration Looping 700 Data 152.05029582977 Detik 
Total Duration 152.05041384697 Detik 
------------------------- 
Tanggal: 13-02-2022 14:55:01 
Duration Download Forstok 17.74218916893 Detik
Duration Looping 700 Data 181.39998412132 Detik 
Total Duration 181.40007901192 Detik 
------------------------- 
Tanggal: 13-02-2022 15:00:01 
Duration Download Forstok 17.756922960281 Detik
Duration Looping 700 Data 160.88561701775 Detik 
Total Duration 160.88572597504 Detik 
------------------------- 
Tanggal: 13-02-2022 15:05:01 
Duration Download Forstok 30.529288053513 Detik
Duration Looping 700 Data 171.55374503136 Detik 
Total Duration 171.55386304855 Detik 
------------------------- 
Tanggal: 13-02-2022 15:10:01 
Duration Download Forstok 17.610374927521 Detik
Duration Looping 700 Data 164.30491089821 Detik 
Total Duration 164.30501794815 Detik 
------------------------- 
Tanggal: 13-02-2022 15:15:01 
Duration Download Forstok 17.984663963318 Detik
Duration Looping 700 Data 156.89477992058 Detik 
Total Duration 156.89489197731 Detik 
------------------------- 
Tanggal: 13-02-2022 15:20:01 
Duration Download Forstok 14.175086975098 Detik
Duration Looping 700 Data 158.79729819298 Detik 
Total Duration 158.79741096497 Detik 
------------------------- 
Tanggal: 13-02-2022 15:25:01 
Duration Download Forstok 15.064285993576 Detik
Duration Looping 700 Data 157.83146905899 Detik 
Total Duration 157.83157491684 Detik 
------------------------- 
Tanggal: 13-02-2022 15:30:01 
Duration Download Forstok 18.877115011215 Detik
Duration Looping 700 Data 157.56486201286 Detik 
Total Duration 157.56496882439 Detik 
------------------------- 
Tanggal: 13-02-2022 15:35:01 
Duration Download Forstok 12.298582077026 Detik
Duration Looping 700 Data 150.50512194633 Detik 
Total Duration 150.5052421093 Detik 
------------------------- 
Tanggal: 13-02-2022 15:40:01 
Duration Download Forstok 14.618865966797 Detik
Duration Looping 700 Data 153.37804102898 Detik 
Total Duration 153.37815308571 Detik 
------------------------- 
Tanggal: 13-02-2022 15:45:01 
Duration Download Forstok 15.699731111526 Detik
Duration Looping 700 Data 160.50430893898 Detik 
Total Duration 160.50442290306 Detik 
------------------------- 
Tanggal: 13-02-2022 15:50:01 
Duration Download Forstok 13.866339921951 Detik
Duration Looping 700 Data 159.51363682747 Detik 
Total Duration 159.51375389099 Detik 
------------------------- 
Tanggal: 13-02-2022 15:55:01 
Duration Download Forstok 18.833576917648 Detik
Duration Looping 700 Data 160.06683301926 Detik 
Total Duration 160.06694602966 Detik 
------------------------- 
Tanggal: 13-02-2022 16:00:01 
Duration Download Forstok 20.358685016632 Detik
Duration Looping 700 Data 160.27605295181 Detik 
Total Duration 160.27616596222 Detik 
------------------------- 
Tanggal: 13-02-2022 16:05:01 
Duration Download Forstok 21.570444107056 Detik
Duration Looping 700 Data 160.22185301781 Detik 
Total Duration 160.22197008133 Detik 
------------------------- 
Tanggal: 13-02-2022 16:10:01 
Duration Download Forstok 15.471892118454 Detik
Duration Looping 700 Data 162.63021206856 Detik 
Total Duration 162.63033413887 Detik 
------------------------- 
Tanggal: 13-02-2022 16:15:01 
Duration Download Forstok 18.571950912476 Detik
Duration Looping 700 Data 169.15961098671 Detik 
Total Duration 169.15973186493 Detik 
------------------------- 
Tanggal: 13-02-2022 16:20:01 
Duration Download Forstok 14.499676942825 Detik
Duration Looping 700 Data 155.31094503403 Detik 
Total Duration 155.31107091904 Detik 
------------------------- 
Tanggal: 13-02-2022 16:25:01 
Duration Download Forstok 15.663724899292 Detik
Duration Looping 700 Data 154.80434894562 Detik 
Total Duration 154.80446004868 Detik 
------------------------- 
Tanggal: 13-02-2022 16:30:01 
Duration Download Forstok 15.796710968018 Detik
Duration Looping 700 Data 154.05638599396 Detik 
Total Duration 154.05649495125 Detik 
------------------------- 
Tanggal: 13-02-2022 16:35:01 
Duration Download Forstok 16.467542886734 Detik
Duration Looping 700 Data 159.16500997543 Detik 
Total Duration 159.16513490677 Detik 
------------------------- 
Tanggal: 13-02-2022 16:40:01 
Duration Download Forstok 14.275735855103 Detik
Duration Looping 700 Data 158.62435007095 Detik 
Total Duration 158.62445998192 Detik 
------------------------- 
Tanggal: 13-02-2022 16:45:01 
Duration Download Forstok 16.153560876846 Detik
Duration Looping 700 Data 159.96406292915 Detik 
Total Duration 159.96417784691 Detik 
------------------------- 
Tanggal: 13-02-2022 16:50:01 
Duration Download Forstok 15.910916805267 Detik
Duration Looping 700 Data 156.88914990425 Detik 
Total Duration 156.88925790787 Detik 
------------------------- 
Tanggal: 13-02-2022 16:55:01 
Duration Download Forstok 13.28672504425 Detik
Duration Looping 700 Data 161.70772695541 Detik 
Total Duration 161.70783305168 Detik 
------------------------- 
Tanggal: 13-02-2022 17:00:01 
Duration Download Forstok 18.894498109818 Detik
Duration Looping 700 Data 163.41571998596 Detik 
Total Duration 163.41583299637 Detik 
------------------------- 
Tanggal: 13-02-2022 17:05:02 
Duration Download Forstok 18.486939191818 Detik
Duration Looping 700 Data 159.93006706238 Detik 
Total Duration 159.93017506599 Detik 
------------------------- 
Tanggal: 13-02-2022 17:10:01 
Duration Download Forstok 15.185730934143 Detik
Duration Looping 700 Data 163.52221894264 Detik 
Total Duration 163.52234601974 Detik 
------------------------- 
Tanggal: 13-02-2022 17:15:01 
Duration Download Forstok 15.547710895538 Detik
Duration Looping 700 Data 161.94909191132 Detik 
Total Duration 161.94921183586 Detik 
------------------------- 
Tanggal: 13-02-2022 17:20:01 
Duration Download Forstok 14.194711923599 Detik
Duration Looping 700 Data 169.87156391144 Detik 
Total Duration 169.87167692184 Detik 
------------------------- 
Tanggal: 13-02-2022 17:25:01 
Duration Download Forstok 12.254348039627 Detik
Duration Looping 700 Data 170.46586108208 Detik 
Total Duration 170.4659678936 Detik 
------------------------- 
Tanggal: 13-02-2022 17:30:01 
Duration Download Forstok 21.423682928085 Detik
Duration Looping 700 Data 161.6318089962 Detik 
Total Duration 161.63191986084 Detik 
------------------------- 
Tanggal: 13-02-2022 17:35:01 
Duration Download Forstok 15.033978939056 Detik
Duration Looping 700 Data 162.01906394958 Detik 
Total Duration 162.01917600632 Detik 
------------------------- 
Tanggal: 13-02-2022 17:40:01 
Duration Download Forstok 15.017997026443 Detik
Duration Looping 700 Data 152.97612595558 Detik 
Total Duration 152.97623586655 Detik 
------------------------- 
Tanggal: 13-02-2022 17:45:01 
Duration Download Forstok 20.904847860336 Detik
Duration Looping 700 Data 170.25762987137 Detik 
Total Duration 170.25774502754 Detik 
------------------------- 
Tanggal: 13-02-2022 17:50:01 
Duration Download Forstok 13.712736845016 Detik
Duration Looping 700 Data 156.33435702324 Detik 
Total Duration 156.33446502686 Detik 
------------------------- 
Tanggal: 13-02-2022 17:55:01 
Duration Download Forstok 12.673365831375 Detik
Duration Looping 700 Data 161.04737091064 Detik 
Total Duration 161.04748988152 Detik 
------------------------- 
Tanggal: 13-02-2022 18:00:01 
Duration Download Forstok 16.242583036423 Detik
Duration Looping 700 Data 155.65151119232 Detik 
Total Duration 155.6516289711 Detik 
------------------------- 
Tanggal: 13-02-2022 18:05:01 
Duration Download Forstok 16.729946136475 Detik
Duration Looping 700 Data 154.35372710228 Detik 
Total Duration 154.35386705399 Detik 
------------------------- 
Tanggal: 13-02-2022 18:10:01 
Duration Download Forstok 14.167097091675 Detik
Duration Looping 700 Data 154.15461206436 Detik 
Total Duration 154.15472006798 Detik 
------------------------- 
Tanggal: 13-02-2022 18:15:01 
Duration Download Forstok 15.311632871628 Detik
Duration Looping 700 Data 158.12712693214 Detik 
Total Duration 158.12724280357 Detik 
------------------------- 
Tanggal: 13-02-2022 18:20:01 
Duration Download Forstok 13.375866889954 Detik
Duration Looping 700 Data 152.19709897041 Detik 
Total Duration 152.19720292091 Detik 
------------------------- 
Tanggal: 13-02-2022 18:25:01 
Duration Download Forstok 14.203114032745 Detik
Duration Looping 700 Data 160.29066491127 Detik 
Total Duration 160.29077482224 Detik 
------------------------- 
Tanggal: 13-02-2022 18:30:01 
Duration Download Forstok 20.660044908524 Detik
Duration Looping 700 Data 164.71313786507 Detik 
Total Duration 164.71325087547 Detik 
------------------------- 
Tanggal: 13-02-2022 18:35:01 
Duration Download Forstok 12.526293992996 Detik
Duration Looping 700 Data 156.46047782898 Detik 
Total Duration 156.46058702469 Detik 
------------------------- 
Tanggal: 13-02-2022 18:40:01 
Duration Download Forstok 19.16716003418 Detik
Duration Looping 700 Data 157.41713809967 Detik 
Total Duration 157.41725897789 Detik 
------------------------- 
Tanggal: 13-02-2022 18:45:01 
Duration Download Forstok 20.748088121414 Detik
Duration Looping 700 Data 160.60369706154 Detik 
Total Duration 160.6038069725 Detik 
------------------------- 
Tanggal: 13-02-2022 18:50:01 
Duration Download Forstok 12.300123929977 Detik
Duration Looping 700 Data 161.94105410576 Detik 
Total Duration 161.94115900993 Detik 
------------------------- 
Tanggal: 13-02-2022 18:55:01 
Duration Download Forstok 13.244332075119 Detik
Duration Looping 700 Data 153.58881402016 Detik 
Total Duration 153.58892011642 Detik 
------------------------- 
Tanggal: 13-02-2022 19:00:02 
Duration Download Forstok 19.773458003998 Detik
Duration Looping 700 Data 161.98453903198 Detik 
Total Duration 161.98465204239 Detik 
------------------------- 
Tanggal: 13-02-2022 19:05:02 
Duration Download Forstok 25.81894993782 Detik
Duration Looping 700 Data 170.53778791428 Detik 
Total Duration 170.53789401054 Detik 
------------------------- 
Tanggal: 13-02-2022 19:10:01 
Duration Download Forstok 18.450435161591 Detik
Duration Looping 700 Data 157.63529205322 Detik 
Total Duration 157.6354060173 Detik 
------------------------- 
Tanggal: 13-02-2022 19:15:01 
Duration Download Forstok 16.395706892014 Detik
Duration Looping 700 Data 155.41262984276 Detik 
Total Duration 155.41273903847 Detik 
------------------------- 
Tanggal: 13-02-2022 19:20:01 
Duration Download Forstok 14.746120929718 Detik
Duration Looping 700 Data 153.77847886086 Detik 
Total Duration 153.7785949707 Detik 
------------------------- 
Tanggal: 13-02-2022 19:25:01 
Duration Download Forstok 13.234728097916 Detik
Duration Looping 700 Data 162.58502721786 Detik 
Total Duration 162.58513522148 Detik 
------------------------- 
Tanggal: 13-02-2022 19:30:01 
Duration Download Forstok 15.270749092102 Detik
Duration Looping 700 Data 158.33152318001 Detik 
Total Duration 158.33163809776 Detik 
------------------------- 
Tanggal: 13-02-2022 19:35:01 
Duration Download Forstok 14.268833875656 Detik
Duration Looping 700 Data 162.92637586594 Detik 
Total Duration 162.92649078369 Detik 
------------------------- 
Tanggal: 13-02-2022 19:40:01 
Duration Download Forstok 15.352365016937 Detik
Duration Looping 700 Data 156.42746305466 Detik 
Total Duration 156.4276599884 Detik 
------------------------- 
Tanggal: 13-02-2022 19:45:01 
Duration Download Forstok 18.199479103088 Detik
Duration Looping 700 Data 157.45908594131 Detik 
Total Duration 157.4592089653 Detik 
------------------------- 
Tanggal: 13-02-2022 19:50:01 
Duration Download Forstok 15.152904987335 Detik
Duration Looping 700 Data 153.47033810616 Detik 
Total Duration 153.47044801712 Detik 
------------------------- 
Tanggal: 13-02-2022 19:55:01 
Duration Download Forstok 12.997610807419 Detik
Duration Looping 700 Data 151.4804019928 Detik 
Total Duration 151.48051381111 Detik 
------------------------- 
Tanggal: 13-02-2022 20:00:01 
Duration Download Forstok 14.322058916092 Detik
Duration Looping 700 Data 153.124147892 Detik 
Total Duration 153.12425994873 Detik 
------------------------- 
Tanggal: 13-02-2022 20:05:01 
Duration Download Forstok 16.080059051514 Detik
Duration Looping 700 Data 173.54229402542 Detik 
Total Duration 173.54241514206 Detik 
------------------------- 
Tanggal: 13-02-2022 20:10:01 
Duration Download Forstok 17.804037094116 Detik
Duration Looping 700 Data 158.71995902061 Detik 
Total Duration 158.72006487846 Detik 
------------------------- 
Tanggal: 13-02-2022 20:15:01 
Duration Download Forstok 17.028568983078 Detik
Duration Looping 700 Data 157.39584994316 Detik 
Total Duration 157.39595890045 Detik 
------------------------- 
Tanggal: 13-02-2022 20:20:01 
Duration Download Forstok 14.867760181427 Detik
Duration Looping 700 Data 160.83742117882 Detik 
Total Duration 160.83752703667 Detik 
------------------------- 
Tanggal: 13-02-2022 20:25:01 
Duration Download Forstok 13.125211000443 Detik
Duration Looping 700 Data 170.82943105698 Detik 
Total Duration 170.82953810692 Detik 
------------------------- 
Tanggal: 13-02-2022 20:30:01 
Duration Download Forstok 13.859127044678 Detik
Duration Looping 700 Data 157.10985302925 Detik 
Total Duration 157.11001706123 Detik 
------------------------- 
Tanggal: 13-02-2022 20:35:01 
Duration Download Forstok 13.094816923141 Detik
Duration Looping 700 Data 154.10646796227 Detik 
Total Duration 154.10658192635 Detik 
------------------------- 
Tanggal: 13-02-2022 20:40:01 
Duration Download Forstok 14.305541038513 Detik
Duration Looping 700 Data 157.64309000969 Detik 
Total Duration 157.64317798615 Detik 
------------------------- 
Tanggal: 13-02-2022 20:45:01 
Duration Download Forstok 16.913340091705 Detik
Duration Looping 700 Data 159.84072113037 Detik 
Total Duration 159.84084200859 Detik 
------------------------- 
Tanggal: 13-02-2022 20:50:01 
Duration Download Forstok 14.108689069748 Detik
Duration Looping 700 Data 165.79461312294 Detik 
Total Duration 165.79472303391 Detik 
------------------------- 
Tanggal: 13-02-2022 20:55:01 
Duration Download Forstok 13.77530002594 Detik
Duration Looping 700 Data 158.06633710861 Detik 
Total Duration 158.06643390656 Detik 
------------------------- 
Tanggal: 13-02-2022 21:00:01 
Duration Download Forstok 14.055685043335 Detik
Duration Looping 700 Data 167.82549500465 Detik 
Total Duration 167.82559895515 Detik 
------------------------- 
Tanggal: 13-02-2022 21:05:01 
Duration Download Forstok 16.924647092819 Detik
Duration Looping 700 Data 175.76368188858 Detik 
Total Duration 175.76378893852 Detik 
------------------------- 
Tanggal: 13-02-2022 21:10:01 
Duration Download Forstok 24.635490894318 Detik
Duration Looping 700 Data 168.92108798027 Detik 
Total Duration 168.92132401466 Detik 
------------------------- 
Tanggal: 13-02-2022 21:15:01 
Duration Download Forstok 18.011472940445 Detik
Duration Looping 700 Data 166.00895285606 Detik 
Total Duration 166.00906991959 Detik 
------------------------- 
Tanggal: 13-02-2022 21:20:01 
Duration Download Forstok 15.050727844238 Detik
Duration Looping 700 Data 164.45093989372 Detik 
Total Duration 164.45105695724 Detik 
------------------------- 
Tanggal: 13-02-2022 21:25:01 
Duration Download Forstok 12.608386039734 Detik
Duration Looping 700 Data 156.09570407867 Detik 
Total Duration 156.09582400322 Detik 
------------------------- 
Tanggal: 13-02-2022 21:30:01 
Duration Download Forstok 17.826261997223 Detik
Duration Looping 700 Data 162.48547077179 Detik 
Total Duration 162.48558187485 Detik 
------------------------- 
Tanggal: 13-02-2022 21:35:01 
Duration Download Forstok 14.521396160126 Detik
Duration Looping 700 Data 159.7702870369 Detik 
Total Duration 159.77039718628 Detik 
------------------------- 
Tanggal: 13-02-2022 21:40:01 
Duration Download Forstok 19.756427049637 Detik
Duration Looping 700 Data 174.35156011581 Detik 
Total Duration 174.3516831398 Detik 
------------------------- 
Tanggal: 13-02-2022 21:45:01 
Duration Download Forstok 18.183169841766 Detik
Duration Looping 700 Data 171.31928992271 Detik 
Total Duration 171.31940889359 Detik 
------------------------- 
Tanggal: 13-02-2022 21:50:01 
Duration Download Forstok 18.608505964279 Detik
Duration Looping 700 Data 162.79752278328 Detik 
Total Duration 162.79762983322 Detik 
------------------------- 
Tanggal: 13-02-2022 21:55:01 
Duration Download Forstok 13.82882809639 Detik
Duration Looping 700 Data 165.56786203384 Detik 
Total Duration 165.56797599792 Detik 
------------------------- 
Tanggal: 13-02-2022 22:00:01 
Duration Download Forstok 16.983299016953 Detik
Duration Looping 700 Data 158.76933979988 Detik 
Total Duration 158.76944589615 Detik 
------------------------- 
Tanggal: 13-02-2022 22:05:01 
Duration Download Forstok 22.448781967163 Detik
Duration Looping 700 Data 168.09990000725 Detik 
Total Duration 168.10001206398 Detik 
------------------------- 
Tanggal: 13-02-2022 22:10:01 
Duration Download Forstok 16.879597902298 Detik
Duration Looping 700 Data 159.39794683456 Detik 
Total Duration 159.39805197716 Detik 
------------------------- 
Tanggal: 13-02-2022 22:15:01 
Duration Download Forstok 15.910046100616 Detik
Duration Looping 700 Data 159.59176301956 Detik 
Total Duration 159.59189510345 Detik 
------------------------- 
Tanggal: 13-02-2022 22:20:01 
Duration Download Forstok 14.061944007874 Detik
Duration Looping 700 Data 157.5682451725 Detik 
Total Duration 157.568349123 Detik 
------------------------- 
Tanggal: 13-02-2022 22:25:01 
Duration Download Forstok 14.317216873169 Detik
Duration Looping 700 Data 162.51978993416 Detik 
Total Duration 162.51991081238 Detik 
------------------------- 
Tanggal: 13-02-2022 22:30:01 
Duration Download Forstok 14.207509040833 Detik
Duration Looping 700 Data 161.25565099716 Detik 
Total Duration 161.25576615334 Detik 
------------------------- 
Tanggal: 13-02-2022 22:35:01 
Duration Download Forstok 13.060475111008 Detik
Duration Looping 700 Data 157.91702508926 Detik 
Total Duration 157.91719508171 Detik 
------------------------- 
Tanggal: 13-02-2022 22:40:01 
Duration Download Forstok 12.660026073456 Detik
Duration Looping 700 Data 165.74917697906 Detik 
Total Duration 165.74928092957 Detik 
------------------------- 
Tanggal: 13-02-2022 22:45:01 
Duration Download Forstok 20.150444984436 Detik
Duration Looping 700 Data 169.2924489975 Detik 
Total Duration 169.29257297516 Detik 
------------------------- 
Tanggal: 13-02-2022 22:50:01 
Duration Download Forstok 15.560052156448 Detik
Duration Looping 700 Data 169.01639914513 Detik 
Total Duration 169.01651310921 Detik 
------------------------- 
Tanggal: 13-02-2022 22:55:01 
Duration Download Forstok 15.061787128448 Detik
Duration Looping 700 Data 172.83545708656 Detik 
Total Duration 172.83557200432 Detik 
------------------------- 
Tanggal: 13-02-2022 23:00:01 
Duration Download Forstok 15.295331001282 Detik
Duration Looping 700 Data 163.02167391777 Detik 
Total Duration 163.02178001404 Detik 
------------------------- 
Tanggal: 13-02-2022 23:05:01 
Duration Download Forstok 20.892960071564 Detik
Duration Looping 700 Data 177.63140010834 Detik 
Total Duration 177.63153505325 Detik 
------------------------- 
Tanggal: 13-02-2022 23:10:01 
Duration Download Forstok 14.557428836823 Detik
Duration Looping 700 Data 169.33719992638 Detik 
Total Duration 169.33733391762 Detik 
------------------------- 
Tanggal: 13-02-2022 23:15:01 
Duration Download Forstok 20.577758073807 Detik
Duration Looping 700 Data 167.38576817513 Detik 
Total Duration 167.38588809967 Detik 
------------------------- 
Tanggal: 13-02-2022 23:20:01 
Duration Download Forstok 14.419211149216 Detik
Duration Looping 700 Data 160.01642012596 Detik 
Total Duration 160.01654815674 Detik 
------------------------- 
Tanggal: 13-02-2022 23:25:02 
Duration Download Forstok 13.934319019318 Detik
Duration Looping 700 Data 162.92576813698 Detik 
Total Duration 162.92588710785 Detik 
------------------------- 
Tanggal: 13-02-2022 23:30:01 
Duration Download Forstok 20.15952706337 Detik
Duration Looping 700 Data 163.58597898483 Detik 
Total Duration 163.58609008789 Detik 
------------------------- 
Tanggal: 13-02-2022 23:35:01 
Duration Download Forstok 13.535687923431 Detik
Duration Looping 700 Data 161.62567710876 Detik 
Total Duration 161.62578511238 Detik 
------------------------- 
Tanggal: 13-02-2022 23:40:01 
Duration Download Forstok 14.153039932251 Detik
Duration Looping 700 Data 163.80474185944 Detik 
Total Duration 163.80485701561 Detik 
------------------------- 
Tanggal: 13-02-2022 23:45:01 
Duration Download Forstok 14.204481124878 Detik
Duration Looping 700 Data 167.82731318474 Detik 
Total Duration 167.82747411728 Detik 
------------------------- 
Tanggal: 13-02-2022 23:50:01 
Duration Download Forstok 15.061594009399 Detik
Duration Looping 700 Data 163.9225590229 Detik 
Total Duration 163.92266511917 Detik 
------------------------- 
Tanggal: 13-02-2022 23:55:01 
Duration Download Forstok 14.774109125137 Detik
Duration Looping 700 Data 185.92325615883 Detik 
Total Duration 185.92337012291 Detik 
------------------------- 
