Tanggal: 03-06-2022 00:00:01 
Duration Download Forstok 9.8899760246277 Detik
Duration Looping 500 Data 689.88998007774 Detik 
Total Duration 689.89069700241 Detik 
------------------------- 
Tanggal: 03-06-2022 00:15:01 
Duration Download Forstok 13.321330785751 Detik
Duration Looping 500 Data 142.67795085907 Detik 
Total Duration 142.67878198624 Detik 
------------------------- 
Tanggal: 03-06-2022 00:20:01 
Duration Download Forstok 10.219213962555 Detik
Duration Looping 500 Data 163.64558005333 Detik 
Total Duration 163.64639902115 Detik 
------------------------- 
Tanggal: 03-06-2022 00:25:01 
Duration Download Forstok 11.312552928925 Detik
Duration Looping 500 Data 150.55153989792 Detik 
Total Duration 150.55235695839 Detik 
------------------------- 
Tanggal: 03-06-2022 00:30:01 
Duration Download Forstok 12.923926115036 Detik
Duration Looping 500 Data 141.89901208878 Detik 
Total Duration 141.89911413193 Detik 
------------------------- 
Tanggal: 03-06-2022 00:35:01 
Duration Download Forstok 14.911332130432 Detik
Duration Looping 500 Data 146.50968813896 Detik 
Total Duration 146.5097990036 Detik 
------------------------- 
Tanggal: 03-06-2022 00:40:01 
Duration Download Forstok 10.635738134384 Detik
Duration Looping 500 Data 143.35252213478 Detik 
Total Duration 143.3526301384 Detik 
------------------------- 
Tanggal: 03-06-2022 00:45:01 
Duration Download Forstok 16.831448793411 Detik
Duration Looping 500 Data 146.08821201324 Detik 
Total Duration 146.08832287788 Detik 
------------------------- 
Tanggal: 03-06-2022 00:50:02 
Duration Download Forstok 9.6701400279999 Detik
Duration Looping 500 Data 136.79734110832 Detik 
Total Duration 136.79745292664 Detik 
------------------------- 
Tanggal: 03-06-2022 00:55:01 
Duration Download Forstok 10.816499948502 Detik
Duration Looping 500 Data 135.4016149044 Detik 
Total Duration 135.40172410011 Detik 
------------------------- 
Tanggal: 03-06-2022 01:00:01 
Duration Download Forstok 12.498347997665 Detik
Duration Looping 500 Data 138.42443108559 Detik 
Total Duration 138.42454600334 Detik 
------------------------- 
Tanggal: 03-06-2022 01:05:01 
Duration Download Forstok 35.112646102905 Detik
Duration Looping 500 Data 167.99032497406 Detik 
Total Duration 167.99051499367 Detik 
------------------------- 
Tanggal: 03-06-2022 01:10:01 
Duration Download Forstok 9.7185640335083 Detik
Duration Looping 500 Data 140.62678909302 Detik 
Total Duration 140.62690019608 Detik 
------------------------- 
Tanggal: 03-06-2022 01:15:01 
Duration Download Forstok 15.826051950455 Detik
Duration Looping 500 Data 146.14648795128 Detik 
Total Duration 146.14659690857 Detik 
------------------------- 
Tanggal: 03-06-2022 01:20:01 
Duration Download Forstok 9.2162270545959 Detik
Duration Looping 500 Data 148.60461997986 Detik 
Total Duration 148.60471105576 Detik 
------------------------- 
Tanggal: 03-06-2022 01:25:01 
Duration Download Forstok 11.935122966766 Detik
Duration Looping 500 Data 137.14237213135 Detik 
Total Duration 137.14248514175 Detik 
------------------------- 
Tanggal: 03-06-2022 01:30:01 
Duration Download Forstok 9.6904048919678 Detik
Duration Looping 500 Data 134.25582695007 Detik 
Total Duration 134.25592589378 Detik 
------------------------- 
Tanggal: 03-06-2022 01:35:01 
Duration Download Forstok 14.348750829697 Detik
Duration Looping 500 Data 140.81716895103 Detik 
Total Duration 140.81727194786 Detik 
------------------------- 
Tanggal: 03-06-2022 01:40:01 
Duration Download Forstok 12.624051094055 Detik
Duration Looping 500 Data 137.4156460762 Detik 
Total Duration 137.41571998596 Detik 
------------------------- 
Tanggal: 03-06-2022 01:45:01 
Duration Download Forstok 13.299445152283 Detik
Duration Looping 500 Data 138.46749401093 Detik 
Total Duration 138.4675822258 Detik 
------------------------- 
Tanggal: 03-06-2022 01:50:01 
Duration Download Forstok 10.044517993927 Detik
Duration Looping 500 Data 135.52083516121 Detik 
Total Duration 135.52094507217 Detik 
------------------------- 
Tanggal: 03-06-2022 01:55:01 
Duration Download Forstok 10.487250089645 Detik
Duration Looping 500 Data 134.0982439518 Detik 
Total Duration 134.09832715988 Detik 
------------------------- 
Tanggal: 03-06-2022 02:00:01 
Duration Download Forstok 15.810217142105 Detik
Duration Looping 500 Data 142.09193515778 Detik 
Total Duration 142.09205007553 Detik 
------------------------- 
Tanggal: 03-06-2022 02:05:01 
Duration Download Forstok 39.35201883316 Detik
Duration Looping 500 Data 165.29625582695 Detik 
Total Duration 165.29636788368 Detik 
------------------------- 
Tanggal: 03-06-2022 02:10:01 
Duration Download Forstok 9.9882690906525 Detik
Duration Looping 500 Data 138.3771250248 Detik 
Total Duration 138.37723398209 Detik 
------------------------- 
Tanggal: 03-06-2022 02:15:01 
Duration Download Forstok 12.82790017128 Detik
Duration Looping 500 Data 142.49728703499 Detik 
Total Duration 142.49739599228 Detik 
------------------------- 
Tanggal: 03-06-2022 02:20:01 
Duration Download Forstok 11.77684378624 Detik
Duration Looping 500 Data 138.67063593864 Detik 
Total Duration 138.67074799538 Detik 
------------------------- 
Tanggal: 03-06-2022 02:25:01 
Duration Download Forstok 11.257092952728 Detik
Duration Looping 500 Data 137.58108210564 Detik 
Total Duration 137.58118796349 Detik 
------------------------- 
Tanggal: 03-06-2022 02:30:01 
Duration Download Forstok 10.153960943222 Detik
Duration Looping 500 Data 143.12009811401 Detik 
Total Duration 143.1202070713 Detik 
------------------------- 
Tanggal: 03-06-2022 02:35:02 
Duration Download Forstok 14.791015148163 Detik
Duration Looping 500 Data 142.26323509216 Detik 
Total Duration 142.26332306862 Detik 
------------------------- 
Tanggal: 03-06-2022 02:40:01 
Duration Download Forstok 10.308419942856 Detik
Duration Looping 500 Data 136.11683702469 Detik 
Total Duration 136.116948843 Detik 
------------------------- 
Tanggal: 03-06-2022 02:45:01 
Duration Download Forstok 16.721868038177 Detik
Duration Looping 500 Data 140.82366108894 Detik 
Total Duration 140.82378911972 Detik 
------------------------- 
Tanggal: 03-06-2022 02:50:01 
Duration Download Forstok 10.558138132095 Detik
Duration Looping 500 Data 139.37299013138 Detik 
Total Duration 139.37312293053 Detik 
------------------------- 
Tanggal: 03-06-2022 02:55:01 
Duration Download Forstok 11.117947101593 Detik
Duration Looping 500 Data 145.06554603577 Detik 
Total Duration 145.06565999985 Detik 
------------------------- 
Tanggal: 03-06-2022 03:00:01 
Duration Download Forstok 9.8952691555023 Detik
Duration Looping 500 Data 143.5716650486 Detik 
Total Duration 143.5717830658 Detik 
------------------------- 
Tanggal: 03-06-2022 03:05:01 
Duration Download Forstok 25.871016979218 Detik
Duration Looping 500 Data 149.79432892799 Detik 
Total Duration 149.79444694519 Detik 
------------------------- 
Tanggal: 03-06-2022 03:10:01 
Duration Download Forstok 10.530481815338 Detik
Duration Looping 500 Data 142.73059892654 Detik 
Total Duration 142.73070788383 Detik 
------------------------- 
Tanggal: 03-06-2022 03:15:01 
Duration Download Forstok 16.237288951874 Detik
Duration Looping 500 Data 140.03305578232 Detik 
Total Duration 140.0331659317 Detik 
------------------------- 
Tanggal: 03-06-2022 03:20:01 
Duration Download Forstok 9.733715057373 Detik
Duration Looping 500 Data 138.15192699432 Detik 
Total Duration 138.15204501152 Detik 
------------------------- 
Tanggal: 03-06-2022 03:25:01 
Duration Download Forstok 11.484784126282 Detik
Duration Looping 500 Data 142.66297292709 Detik 
Total Duration 142.66308712959 Detik 
------------------------- 
Tanggal: 03-06-2022 03:30:01 
Duration Download Forstok 7.1420240402222 Detik
Duration Looping 500 Data 141.75359582901 Detik 
Total Duration 141.75370383263 Detik 
------------------------- 
Tanggal: 03-06-2022 03:35:02 
Duration Download Forstok 14.598532915115 Detik
Duration Looping 500 Data 141.42167282104 Detik 
Total Duration 141.42178583145 Detik 
------------------------- 
Tanggal: 03-06-2022 03:40:01 
Duration Download Forstok 8.4729549884796 Detik
Duration Looping 500 Data 137.8554880619 Detik 
Total Duration 137.8555970192 Detik 
------------------------- 
Tanggal: 03-06-2022 03:45:01 
Duration Download Forstok 13.309803962708 Detik
Duration Looping 500 Data 136.95177102089 Detik 
Total Duration 136.95187807083 Detik 
------------------------- 
Tanggal: 03-06-2022 03:50:01 
Duration Download Forstok 9.4487791061401 Detik
Duration Looping 500 Data 138.43607616425 Detik 
Total Duration 138.43616104126 Detik 
------------------------- 
Tanggal: 03-06-2022 03:55:01 
Duration Download Forstok 10.688683986664 Detik
Duration Looping 500 Data 165.09907698631 Detik 
Total Duration 165.09919714928 Detik 
------------------------- 
Tanggal: 03-06-2022 04:00:01 
Duration Download Forstok 9.2231109142303 Detik
Duration Looping 500 Data 139.43709301949 Detik 
Total Duration 139.43719983101 Detik 
------------------------- 
Tanggal: 03-06-2022 04:05:01 
Duration Download Forstok 34.276148080826 Detik
Duration Looping 500 Data 163.10396909714 Detik 
Total Duration 163.10407996178 Detik 
------------------------- 
Tanggal: 03-06-2022 04:10:01 
Duration Download Forstok 12.113878011703 Detik
Duration Looping 500 Data 144.16733121872 Detik 
Total Duration 144.16745209694 Detik 
------------------------- 
Tanggal: 03-06-2022 04:15:01 
Duration Download Forstok 16.239487171173 Detik
Duration Looping 500 Data 146.0934650898 Detik 
Total Duration 146.09357404709 Detik 
------------------------- 
Tanggal: 03-06-2022 04:20:01 
Duration Download Forstok 9.983649969101 Detik
Duration Looping 500 Data 134.83442306519 Detik 
Total Duration 134.83452987671 Detik 
------------------------- 
Tanggal: 03-06-2022 04:25:01 
Duration Download Forstok 10.398559093475 Detik
Duration Looping 500 Data 134.12236499786 Detik 
Total Duration 134.12247109413 Detik 
------------------------- 
Tanggal: 03-06-2022 04:30:01 
Duration Download Forstok 11.238659858704 Detik
Duration Looping 500 Data 137.31666183472 Detik 
Total Duration 137.31676888466 Detik 
------------------------- 
Tanggal: 03-06-2022 04:35:01 
Duration Download Forstok 18.062516927719 Detik
Duration Looping 500 Data 145.35091805458 Detik 
Total Duration 145.3510260582 Detik 
------------------------- 
Tanggal: 03-06-2022 04:40:01 
Duration Download Forstok 11.791032075882 Detik
Duration Looping 500 Data 149.340280056 Detik 
Total Duration 149.3403980732 Detik 
------------------------- 
Tanggal: 03-06-2022 04:45:02 
Duration Download Forstok 17.201643943787 Detik
Duration Looping 500 Data 152.61062502861 Detik 
Total Duration 152.61074113846 Detik 
------------------------- 
Tanggal: 03-06-2022 04:50:01 
Duration Download Forstok 10.376181840897 Detik
Duration Looping 500 Data 140.13492393494 Detik 
Total Duration 140.13504195213 Detik 
------------------------- 
Tanggal: 03-06-2022 04:55:01 
Duration Download Forstok 10.525326013565 Detik
Duration Looping 500 Data 138.40204906464 Detik 
Total Duration 138.4021589756 Detik 
------------------------- 
Tanggal: 03-06-2022 05:00:01 
Duration Download Forstok 11.281079053879 Detik
Duration Looping 500 Data 143.61281394958 Detik 
Total Duration 143.61290407181 Detik 
------------------------- 
Tanggal: 03-06-2022 05:05:01 
Duration Download Forstok 23.4684278965 Detik
Duration Looping 500 Data 160.44469809532 Detik 
Total Duration 160.44481301308 Detik 
------------------------- 
Tanggal: 03-06-2022 05:10:01 
Duration Download Forstok 11.990693092346 Detik
Duration Looping 500 Data 141.0720410347 Detik 
Total Duration 141.07211112976 Detik 
------------------------- 
Tanggal: 03-06-2022 05:15:01 
Duration Download Forstok 10.495527982712 Detik
Duration Looping 500 Data 140.94405794144 Detik 
Total Duration 140.94418001175 Detik 
------------------------- 
Tanggal: 03-06-2022 05:20:01 
Duration Download Forstok 13.146389961243 Detik
Duration Looping 500 Data 141.54668688774 Detik 
Total Duration 141.54676604271 Detik 
------------------------- 
Tanggal: 03-06-2022 05:25:01 
Duration Download Forstok 11.561517953873 Detik
Duration Looping 500 Data 137.54759788513 Detik 
Total Duration 137.54770588875 Detik 
------------------------- 
Tanggal: 03-06-2022 05:30:01 
Duration Download Forstok 11.206167936325 Detik
Duration Looping 500 Data 141.65024900436 Detik 
Total Duration 141.65035700798 Detik 
------------------------- 
Tanggal: 03-06-2022 05:35:01 
Duration Download Forstok 11.947973966599 Detik
Duration Looping 500 Data 140.12470602989 Detik 
Total Duration 140.12479496002 Detik 
------------------------- 
Tanggal: 03-06-2022 05:40:01 
Duration Download Forstok 9.7038130760193 Detik
Duration Looping 500 Data 140.76725316048 Detik 
Total Duration 140.76736307144 Detik 
------------------------- 
Tanggal: 03-06-2022 05:45:01 
Duration Download Forstok 16.075628995895 Detik
Duration Looping 500 Data 144.66546201706 Detik 
Total Duration 144.66557598114 Detik 
------------------------- 
Tanggal: 03-06-2022 05:50:01 
Duration Download Forstok 9.3690581321716 Detik
Duration Looping 500 Data 146.58979892731 Detik 
Total Duration 146.58990907669 Detik 
------------------------- 
Tanggal: 03-06-2022 05:55:01 
Duration Download Forstok 10.301666021347 Detik
Duration Looping 500 Data 137.87081289291 Detik 
Total Duration 137.87091898918 Detik 
------------------------- 
Tanggal: 03-06-2022 06:00:01 
Duration Download Forstok 11.356643199921 Detik
Duration Looping 500 Data 139.13240408897 Detik 
Total Duration 139.13251304626 Detik 
------------------------- 
Tanggal: 03-06-2022 06:05:02 
Duration Download Forstok 29.565855026245 Detik
Duration Looping 500 Data 165.2947280407 Detik 
Total Duration 165.29484009743 Detik 
------------------------- 
Tanggal: 03-06-2022 06:10:01 
Duration Download Forstok 11.334738969803 Detik
Duration Looping 500 Data 150.74587512016 Detik 
Total Duration 150.74595594406 Detik 
------------------------- 
Tanggal: 03-06-2022 06:15:01 
Duration Download Forstok 12.607717990875 Detik
Duration Looping 500 Data 146.60111498833 Detik 
Total Duration 146.60119700432 Detik 
------------------------- 
Tanggal: 03-06-2022 06:20:01 
Duration Download Forstok 9.6155431270599 Detik
Duration Looping 500 Data 143.28254103661 Detik 
Total Duration 143.2826359272 Detik 
------------------------- 
Tanggal: 03-06-2022 06:25:01 
Duration Download Forstok 8.8338189125061 Detik
Duration Looping 500 Data 135.60860681534 Detik 
Total Duration 135.60868597031 Detik 
------------------------- 
Tanggal: 03-06-2022 06:30:01 
Duration Download Forstok 10.318692922592 Detik
Duration Looping 500 Data 137.84232997894 Detik 
Total Duration 137.84244394302 Detik 
------------------------- 
Tanggal: 03-06-2022 06:35:01 
Duration Download Forstok 13.816672801971 Detik
Duration Looping 500 Data 138.86567187309 Detik 
Total Duration 138.86578583717 Detik 
------------------------- 
Tanggal: 03-06-2022 06:40:01 
Duration Download Forstok 10.66464805603 Detik
Duration Looping 500 Data 138.81492114067 Detik 
Total Duration 138.81503009796 Detik 
------------------------- 
Tanggal: 03-06-2022 06:45:01 
Duration Download Forstok 12.338896989822 Detik
Duration Looping 500 Data 140.26541090012 Detik 
Total Duration 140.26549100876 Detik 
------------------------- 
Tanggal: 03-06-2022 06:50:01 
Duration Download Forstok 9.2833919525146 Detik
Duration Looping 500 Data 136.76066398621 Detik 
Total Duration 136.76077008247 Detik 
------------------------- 
Tanggal: 03-06-2022 06:55:01 
Duration Download Forstok 9.2217578887939 Detik
Duration Looping 500 Data 136.35466980934 Detik 
Total Duration 136.35477900505 Detik 
------------------------- 
Tanggal: 03-06-2022 07:00:02 
Duration Download Forstok 11.587281942368 Detik
Duration Looping 500 Data 142.26661896706 Detik 
Total Duration 142.26669883728 Detik 
------------------------- 
Tanggal: 03-06-2022 07:05:01 
Duration Download Forstok 30.411581993103 Detik
Duration Looping 500 Data 154.09285378456 Detik 
Total Duration 154.09293079376 Detik 
------------------------- 
Tanggal: 03-06-2022 07:10:01 
Duration Download Forstok 9.9135608673096 Detik
Duration Looping 500 Data 138.10007286072 Detik 
Total Duration 138.10018086433 Detik 
------------------------- 
Tanggal: 03-06-2022 07:15:01 
Duration Download Forstok 9.9381260871887 Detik
Duration Looping 500 Data 150.2776761055 Detik 
Total Duration 150.27780508995 Detik 
------------------------- 
Tanggal: 03-06-2022 07:20:01 
Duration Download Forstok 9.8753769397736 Detik
Duration Looping 500 Data 143.72196698189 Detik 
Total Duration 143.72207307816 Detik 
------------------------- 
Tanggal: 03-06-2022 07:25:01 
Duration Download Forstok 8.4028499126434 Detik
Duration Looping 500 Data 134.13633990288 Detik 
Total Duration 134.13644886017 Detik 
------------------------- 
Tanggal: 03-06-2022 07:30:01 
Duration Download Forstok 9.4871361255646 Detik
Duration Looping 500 Data 146.73978114128 Detik 
Total Duration 146.73986792564 Detik 
------------------------- 
Tanggal: 03-06-2022 07:35:01 
Duration Download Forstok 18.182220220566 Detik
Duration Looping 500 Data 145.53119015694 Detik 
Total Duration 145.53129911423 Detik 
------------------------- 
Tanggal: 03-06-2022 07:40:02 
Duration Download Forstok 10.056148052216 Detik
Duration Looping 500 Data 138.93442606926 Detik 
Total Duration 138.93453192711 Detik 
------------------------- 
Tanggal: 03-06-2022 07:45:01 
Duration Download Forstok 12.293277978897 Detik
Duration Looping 500 Data 140.03497600555 Detik 
Total Duration 140.0350921154 Detik 
------------------------- 
Tanggal: 03-06-2022 07:50:01 
Duration Download Forstok 11.104568004608 Detik
Duration Looping 500 Data 148.40672397614 Detik 
Total Duration 148.40683293343 Detik 
------------------------- 
Tanggal: 03-06-2022 07:55:01 
Duration Download Forstok 11.897320985794 Detik
Duration Looping 500 Data 146.03809404373 Detik 
Total Duration 146.03818011284 Detik 
------------------------- 
Tanggal: 03-06-2022 08:00:01 
Duration Download Forstok 11.064237117767 Detik
Duration Looping 500 Data 147.33910703659 Detik 
Total Duration 147.33921408653 Detik 
------------------------- 
Tanggal: 03-06-2022 08:05:01 
Duration Download Forstok 35.816052913666 Detik
Duration Looping 500 Data 161.71747303009 Detik 
Total Duration 161.71756696701 Detik 
------------------------- 
Tanggal: 03-06-2022 08:10:01 
Duration Download Forstok 8.0686898231506 Detik
Duration Looping 500 Data 134.32326984406 Detik 
Total Duration 134.32337880135 Detik 
------------------------- 
Tanggal: 03-06-2022 08:15:01 
Duration Download Forstok 16.902215957642 Detik
Duration Looping 500 Data 151.90546298027 Detik 
Total Duration 151.9055378437 Detik 
------------------------- 
Tanggal: 03-06-2022 08:20:01 
Duration Download Forstok 10.000954866409 Detik
Duration Looping 500 Data 142.60890483856 Detik 
Total Duration 142.60898995399 Detik 
------------------------- 
Tanggal: 03-06-2022 08:25:01 
Duration Download Forstok 11.145963907242 Detik
Duration Looping 500 Data 142.48995685577 Detik 
Total Duration 142.49004197121 Detik 
------------------------- 
Tanggal: 03-06-2022 08:30:01 
Duration Download Forstok 15.275157928467 Detik
Duration Looping 500 Data 159.91939091682 Detik 
Total Duration 159.91946697235 Detik 
------------------------- 
Tanggal: 03-06-2022 08:35:01 
Duration Download Forstok 17.497694015503 Detik
Duration Looping 500 Data 165.74671411514 Detik 
Total Duration 165.74680900574 Detik 
------------------------- 
Tanggal: 03-06-2022 08:40:01 
Duration Download Forstok 10.312705993652 Detik
Duration Looping 500 Data 151.19001913071 Detik 
Total Duration 151.19013404846 Detik 
------------------------- 
Tanggal: 03-06-2022 08:45:01 
Duration Download Forstok 14.669695138931 Detik
Duration Looping 500 Data 159.10119605064 Detik 
Total Duration 159.10128092766 Detik 
------------------------- 
Tanggal: 03-06-2022 08:50:01 
Duration Download Forstok 8.9326319694519 Detik
Duration Looping 500 Data 145.34145689011 Detik 
Total Duration 145.34153389931 Detik 
------------------------- 
Tanggal: 03-06-2022 08:55:01 
Duration Download Forstok 10.378484964371 Detik
Duration Looping 500 Data 144.57081103325 Detik 
Total Duration 144.57091093063 Detik 
------------------------- 
Tanggal: 03-06-2022 09:00:01 
Duration Download Forstok 10.98667883873 Detik
Duration Looping 500 Data 152.8889029026 Detik 
Total Duration 152.88898992538 Detik 
------------------------- 
Tanggal: 03-06-2022 09:05:01 
Duration Download Forstok 36.624751806259 Detik
Duration Looping 500 Data 180.66779279709 Detik 
Total Duration 180.6678788662 Detik 
------------------------- 
Tanggal: 03-06-2022 09:10:01 
Duration Download Forstok 9.0076110363007 Detik
Duration Looping 500 Data 146.06225013733 Detik 
Total Duration 146.06234407425 Detik 
------------------------- 
Tanggal: 03-06-2022 09:15:01 
Duration Download Forstok 12.834142923355 Detik
Duration Looping 500 Data 153.00256085396 Detik 
Total Duration 153.00263786316 Detik 
------------------------- 
Tanggal: 03-06-2022 09:20:01 
Duration Download Forstok 8.793468952179 Detik
Duration Looping 500 Data 147.74633193016 Detik 
Total Duration 147.74643993378 Detik 
------------------------- 
Tanggal: 03-06-2022 09:25:01 
Duration Download Forstok 9.5264010429382 Detik
Duration Looping 500 Data 145.31007289886 Detik 
Total Duration 145.31014990807 Detik 
------------------------- 
Tanggal: 03-06-2022 09:30:01 
Duration Download Forstok 10.066197872162 Detik
Duration Looping 500 Data 145.77451300621 Detik 
Total Duration 145.77461504936 Detik 
------------------------- 
Tanggal: 03-06-2022 09:35:01 
Duration Download Forstok 18.973394870758 Detik
Duration Looping 500 Data 159.67951583862 Detik 
Total Duration 159.67960882187 Detik 
------------------------- 
Tanggal: 03-06-2022 09:40:01 
Duration Download Forstok 10.39061999321 Detik
Duration Looping 500 Data 148.89061999321 Detik 
Total Duration 148.89071202278 Detik 
------------------------- 
Tanggal: 03-06-2022 09:45:01 
Duration Download Forstok 14.358393192291 Detik
Duration Looping 500 Data 161.46132206917 Detik 
Total Duration 161.46140003204 Detik 
------------------------- 
Tanggal: 03-06-2022 09:50:01 
Duration Download Forstok 9.2160260677338 Detik
Duration Looping 500 Data 151.23331713676 Detik 
Total Duration 151.23342299461 Detik 
------------------------- 
Tanggal: 03-06-2022 09:55:01 
Duration Download Forstok 9.2441079616547 Detik
Duration Looping 500 Data 143.11094903946 Detik 
Total Duration 143.11102700233 Detik 
------------------------- 
Tanggal: 03-06-2022 10:00:01 
Duration Download Forstok 16.328016996384 Detik
Duration Looping 500 Data 155.13216304779 Detik 
Total Duration 155.13223600388 Detik 
------------------------- 
Tanggal: 03-06-2022 10:05:01 
Duration Download Forstok 25.417626857758 Detik
Duration Looping 500 Data 163.18844199181 Detik 
Total Duration 163.1885228157 Detik 
------------------------- 
Tanggal: 03-06-2022 10:10:02 
Duration Download Forstok 11.377159833908 Detik
Duration Looping 500 Data 148.35150384903 Detik 
Total Duration 148.35161089897 Detik 
------------------------- 
Tanggal: 03-06-2022 10:15:01 
Duration Download Forstok 11.79535984993 Detik
Duration Looping 500 Data 151.72477388382 Detik 
Total Duration 151.72486591339 Detik 
------------------------- 
Tanggal: 03-06-2022 10:20:01 
Duration Download Forstok 14.293637990952 Detik
Duration Looping 500 Data 153.13681483269 Detik 
Total Duration 153.13689684868 Detik 
------------------------- 
Tanggal: 03-06-2022 10:25:01 
Duration Download Forstok 10.437690973282 Detik
Duration Looping 500 Data 150.52899813652 Detik 
Total Duration 150.5290760994 Detik 
------------------------- 
Tanggal: 03-06-2022 10:30:01 
Duration Download Forstok 10.783160924911 Detik
Duration Looping 500 Data 158.94541692734 Detik 
Total Duration 158.94550895691 Detik 
------------------------- 
Tanggal: 03-06-2022 10:35:01 
Duration Download Forstok 16.392146110535 Detik
Duration Looping 500 Data 153.37966108322 Detik 
Total Duration 153.3797390461 Detik 
------------------------- 
Tanggal: 03-06-2022 10:40:01 
Duration Download Forstok 10.448845863342 Detik
Duration Looping 500 Data 150.77623486519 Detik 
Total Duration 150.77635884285 Detik 
------------------------- 
Tanggal: 03-06-2022 10:45:01 
Duration Download Forstok 15.429575920105 Detik
Duration Looping 500 Data 154.26625609398 Detik 
Total Duration 154.26633405685 Detik 
------------------------- 
Tanggal: 03-06-2022 10:50:01 
Duration Download Forstok 10.863177061081 Detik
Duration Looping 500 Data 159.38810992241 Detik 
Total Duration 159.38820886612 Detik 
------------------------- 
Tanggal: 03-06-2022 10:55:01 
Duration Download Forstok 9.356870174408 Detik
Duration Looping 500 Data 153.46061515808 Detik 
Total Duration 153.46069216728 Detik 
------------------------- 
Tanggal: 03-06-2022 11:00:01 
Duration Download Forstok 14.843961000443 Detik
Duration Looping 500 Data 158.95174598694 Detik 
Total Duration 158.95186090469 Detik 
------------------------- 
Tanggal: 03-06-2022 11:05:01 
Duration Download Forstok 39.879435062408 Detik
Duration Looping 500 Data 180.41125702858 Detik 
Total Duration 180.41134810448 Detik 
------------------------- 
Tanggal: 03-06-2022 11:10:01 
Duration Download Forstok 10.447107076645 Detik
Duration Looping 500 Data 149.72920703888 Detik 
Total Duration 149.72928214073 Detik 
------------------------- 
Tanggal: 03-06-2022 11:15:01 
Duration Download Forstok 11.899542093277 Detik
Duration Looping 500 Data 152.04846191406 Detik 
Total Duration 152.04857206345 Detik 
------------------------- 
Tanggal: 03-06-2022 11:20:01 
Duration Download Forstok 9.0986659526825 Detik
Duration Looping 500 Data 145.00875806808 Detik 
Total Duration 145.00883197784 Detik 
------------------------- 
Tanggal: 03-06-2022 11:25:01 
Duration Download Forstok 10.468291044235 Detik
Duration Looping 500 Data 150.38273596764 Detik 
Total Duration 150.38282299042 Detik 
------------------------- 
Tanggal: 03-06-2022 11:30:01 
Duration Download Forstok 12.00439119339 Detik
Duration Looping 500 Data 151.2890920639 Detik 
Total Duration 151.28917002678 Detik 
------------------------- 
Tanggal: 03-06-2022 11:35:01 
Duration Download Forstok 15.264480829239 Detik
Duration Looping 500 Data 150.28500580788 Detik 
Total Duration 150.28510093689 Detik 
------------------------- 
Tanggal: 03-06-2022 11:40:01 
Duration Download Forstok 10.916146039963 Detik
Duration Looping 500 Data 145.83567595482 Detik 
Total Duration 145.83576607704 Detik 
------------------------- 
Tanggal: 03-06-2022 11:45:01 
Duration Download Forstok 18.592574119568 Detik
Duration Looping 500 Data 156.59250020981 Detik 
Total Duration 156.59257817268 Detik 
------------------------- 
Tanggal: 03-06-2022 11:50:01 
Duration Download Forstok 11.68827009201 Detik
Duration Looping 500 Data 147.94762396812 Detik 
Total Duration 147.947701931 Detik 
------------------------- 
Tanggal: 03-06-2022 11:55:01 
Duration Download Forstok 9.3207318782806 Detik
Duration Looping 500 Data 144.93463802338 Detik 
Total Duration 144.93472790718 Detik 
------------------------- 
Tanggal: 03-06-2022 12:00:01 
Duration Download Forstok 11.338757991791 Detik
Duration Looping 500 Data 153.71095395088 Detik 
Total Duration 153.71105504036 Detik 
------------------------- 
Tanggal: 03-06-2022 12:05:01 
Duration Download Forstok 32.486325025558 Detik
Duration Looping 500 Data 171.70012903214 Detik 
Total Duration 171.70027899742 Detik 
------------------------- 
Tanggal: 03-06-2022 12:10:01 
Duration Download Forstok 10.434666872025 Detik
Duration Looping 500 Data 143.6587498188 Detik 
Total Duration 143.65887498856 Detik 
------------------------- 
Tanggal: 03-06-2022 12:15:01 
Duration Download Forstok 14.127254962921 Detik
Duration Looping 500 Data 148.21902513504 Detik 
Total Duration 148.21911692619 Detik 
------------------------- 
Tanggal: 03-06-2022 12:20:01 
Duration Download Forstok 13.176147937775 Detik
Duration Looping 500 Data 161.77359199524 Detik 
Total Duration 161.77369809151 Detik 
------------------------- 
Tanggal: 03-06-2022 12:25:01 
Duration Download Forstok 8.610603094101 Detik
Duration Looping 500 Data 136.37549304962 Detik 
Total Duration 136.37557411194 Detik 
------------------------- 
Tanggal: 03-06-2022 12:30:01 
Duration Download Forstok 10.399971008301 Detik
Duration Looping 500 Data 146.96484994888 Detik 
Total Duration 146.9649348259 Detik 
------------------------- 
Tanggal: 03-06-2022 12:35:01 
Duration Download Forstok 13.926643848419 Detik
Duration Looping 500 Data 147.20340180397 Detik 
Total Duration 147.20351481438 Detik 
------------------------- 
Tanggal: 03-06-2022 12:40:01 
Duration Download Forstok 11.821519136429 Detik
Duration Looping 500 Data 142.59711503983 Detik 
Total Duration 142.59720206261 Detik 
------------------------- 
Tanggal: 03-06-2022 12:45:01 
Duration Download Forstok 15.814732074738 Detik
Duration Looping 500 Data 151.72019004822 Detik 
Total Duration 151.72032904625 Detik 
------------------------- 
Tanggal: 03-06-2022 12:50:01 
Duration Download Forstok 11.055603027344 Detik
Duration Looping 500 Data 144.83768200874 Detik 
Total Duration 144.83779716492 Detik 
------------------------- 
Tanggal: 03-06-2022 12:55:01 
Duration Download Forstok 12.805243968964 Detik
Duration Looping 500 Data 159.48559904099 Detik 
Total Duration 159.48571300507 Detik 
------------------------- 
Tanggal: 03-06-2022 13:00:01 
Duration Download Forstok 14.08683180809 Detik
Duration Looping 500 Data 154.85721802711 Detik 
Total Duration 154.8573307991 Detik 
------------------------- 
Tanggal: 03-06-2022 13:05:01 
Duration Download Forstok 33.95652794838 Detik
Duration Looping 500 Data 169.2285721302 Detik 
Total Duration 169.22866296768 Detik 
------------------------- 
Tanggal: 03-06-2022 13:10:01 
Duration Download Forstok 13.340229034424 Detik
Duration Looping 500 Data 148.95039486885 Detik 
Total Duration 148.95048499107 Detik 
------------------------- 
Tanggal: 03-06-2022 13:15:01 
Duration Download Forstok 17.114135026932 Detik
Duration Looping 500 Data 151.59990406036 Detik 
Total Duration 151.60000801086 Detik 
------------------------- 
Tanggal: 03-06-2022 13:20:01 
Duration Download Forstok 11.418007135391 Detik
Duration Looping 500 Data 146.89372110367 Detik 
Total Duration 146.89383196831 Detik 
------------------------- 
Tanggal: 03-06-2022 13:25:01 
Duration Download Forstok 10.412338018417 Detik
Duration Looping 500 Data 153.59687709808 Detik 
Total Duration 153.59697699547 Detik 
------------------------- 
Tanggal: 03-06-2022 13:30:01 
Duration Download Forstok 14.175598144531 Detik
Duration Looping 500 Data 158.34866809845 Detik 
Total Duration 158.34874510765 Detik 
------------------------- 
Tanggal: 03-06-2022 13:35:01 
Duration Download Forstok 24.160492897034 Detik
Duration Looping 500 Data 164.70129680634 Detik 
Total Duration 164.70138001442 Detik 
------------------------- 
Tanggal: 03-06-2022 13:40:01 
Duration Download Forstok 10.874623060226 Detik
Duration Looping 500 Data 149.35322093964 Detik 
Total Duration 149.35331988335 Detik 
------------------------- 
Tanggal: 03-06-2022 13:45:01 
Duration Download Forstok 12.873326063156 Detik
Duration Looping 500 Data 150.88933706284 Detik 
Total Duration 150.88944411278 Detik 
------------------------- 
Tanggal: 03-06-2022 13:50:01 
Duration Download Forstok 15.387240171432 Detik
Duration Looping 500 Data 160.58425712585 Detik 
Total Duration 160.58433699608 Detik 
------------------------- 
Tanggal: 03-06-2022 13:55:01 
Duration Download Forstok 11.787297964096 Detik
Duration Looping 500 Data 151.11324691772 Detik 
Total Duration 151.11335492134 Detik 
------------------------- 
Tanggal: 03-06-2022 14:00:01 
Duration Download Forstok 15.804983139038 Detik
Duration Looping 500 Data 158.54156517982 Detik 
Total Duration 158.5416572094 Detik 
------------------------- 
Tanggal: 03-06-2022 14:05:01 
Duration Download Forstok 23.307473182678 Detik
Duration Looping 500 Data 168.34663009644 Detik 
Total Duration 168.34670305252 Detik 
------------------------- 
Tanggal: 03-06-2022 14:10:01 
Duration Download Forstok 11.674059152603 Detik
Duration Looping 500 Data 157.95693993568 Detik 
Total Duration 157.95702600479 Detik 
------------------------- 
Tanggal: 03-06-2022 14:15:01 
Duration Download Forstok 15.072602987289 Detik
Duration Looping 500 Data 159.95441699028 Detik 
Total Duration 159.9545340538 Detik 
------------------------- 
Tanggal: 03-06-2022 14:20:02 
Duration Download Forstok 10.996098995209 Detik
Duration Looping 500 Data 153.65848302841 Detik 
Total Duration 153.6586098671 Detik 
------------------------- 
Tanggal: 03-06-2022 14:25:01 
Duration Download Forstok 11.536473989487 Detik
Duration Looping 500 Data 154.99355602264 Detik 
Total Duration 154.99363708496 Detik 
------------------------- 
Tanggal: 03-06-2022 14:30:01 
Duration Download Forstok 18.582746982574 Detik
Duration Looping 500 Data 158.55384397507 Detik 
Total Duration 158.55395293236 Detik 
------------------------- 
Tanggal: 03-06-2022 14:35:01 
Duration Download Forstok 28.560131072998 Detik
Duration Looping 500 Data 166.44006514549 Detik 
Total Duration 166.44014716148 Detik 
------------------------- 
Tanggal: 03-06-2022 14:40:01 
Duration Download Forstok 15.266785860062 Detik
Duration Looping 500 Data 156.60554790497 Detik 
Total Duration 156.60565900803 Detik 
------------------------- 
Tanggal: 03-06-2022 14:45:01 
Duration Download Forstok 11.724334001541 Detik
Duration Looping 500 Data 157.53043317795 Detik 
Total Duration 157.53051114082 Detik 
------------------------- 
Tanggal: 03-06-2022 14:50:01 
Duration Download Forstok 16.639549970627 Detik
Duration Looping 500 Data 155.10321497917 Detik 
Total Duration 155.10332584381 Detik 
------------------------- 
Tanggal: 03-06-2022 14:55:01 
Duration Download Forstok 10.650448083878 Detik
Duration Looping 500 Data 149.84464001656 Detik 
Total Duration 149.84474897385 Detik 
------------------------- 
Tanggal: 03-06-2022 15:00:01 
Duration Download Forstok 12.834083080292 Detik
Duration Looping 500 Data 153.50481009483 Detik 
Total Duration 153.50490999222 Detik 
------------------------- 
Tanggal: 03-06-2022 15:05:01 
Duration Download Forstok 32.371463060379 Detik
Duration Looping 500 Data 172.98708295822 Detik 
Total Duration 172.98719906807 Detik 
------------------------- 
Tanggal: 03-06-2022 15:10:01 
Duration Download Forstok 15.120548009872 Detik
Duration Looping 500 Data 154.18750810623 Detik 
Total Duration 154.18758511543 Detik 
------------------------- 
Tanggal: 03-06-2022 15:15:01 
Duration Download Forstok 16.061300039291 Detik
Duration Looping 500 Data 158.76968002319 Detik 
Total Duration 158.76975893974 Detik 
------------------------- 
Tanggal: 03-06-2022 15:20:01 
Duration Download Forstok 12.801764965057 Detik
Duration Looping 500 Data 155.98846888542 Detik 
Total Duration 155.98854708672 Detik 
------------------------- 
Tanggal: 03-06-2022 15:25:01 
Duration Download Forstok 11.907263994217 Detik
Duration Looping 500 Data 156.68024802208 Detik 
Total Duration 156.68032193184 Detik 
------------------------- 
Tanggal: 03-06-2022 15:30:01 
Duration Download Forstok 20.828480958939 Detik
Duration Looping 500 Data 162.33940887451 Detik 
Total Duration 162.33952188492 Detik 
------------------------- 
Tanggal: 03-06-2022 15:35:01 
Duration Download Forstok 25.446333885193 Detik
Duration Looping 500 Data 166.05850791931 Detik 
Total Duration 166.05858278275 Detik 
------------------------- 
Tanggal: 03-06-2022 15:40:02 
Duration Download Forstok 11.765715122223 Detik
Duration Looping 500 Data 156.55839300156 Detik 
Total Duration 156.55848407745 Detik 
------------------------- 
Tanggal: 03-06-2022 15:45:01 
Duration Download Forstok 11.364228010178 Detik
Duration Looping 500 Data 155.1492228508 Detik 
Total Duration 155.1493268013 Detik 
------------------------- 
Tanggal: 03-06-2022 15:50:01 
Duration Download Forstok 22.622139930725 Detik
Duration Looping 500 Data 163.18364405632 Detik 
Total Duration 163.18372702599 Detik 
------------------------- 
Tanggal: 03-06-2022 15:55:01 
Duration Download Forstok 10.341790914536 Detik
Duration Looping 500 Data 155.53014087677 Detik 
Total Duration 155.53024697304 Detik 
------------------------- 
Tanggal: 03-06-2022 16:00:01 
Duration Download Forstok 11.432117938995 Detik
Duration Looping 500 Data 155.6912651062 Detik 
Total Duration 155.6913690567 Detik 
------------------------- 
Tanggal: 03-06-2022 16:05:01 
Duration Download Forstok 47.321283817291 Detik
Duration Looping 500 Data 189.69676280022 Detik 
Total Duration 189.69686198235 Detik 
------------------------- 
Tanggal: 03-06-2022 16:10:01 
Duration Download Forstok 19.172217130661 Detik
Duration Looping 500 Data 157.10823297501 Detik 
Total Duration 157.10831212997 Detik 
------------------------- 
Tanggal: 03-06-2022 16:15:01 
Duration Download Forstok 17.521320104599 Detik
Duration Looping 500 Data 166.3807990551 Detik 
Total Duration 166.38091492653 Detik 
------------------------- 
Tanggal: 03-06-2022 16:20:01 
Duration Download Forstok 11.814711093903 Detik
Duration Looping 500 Data 156.32450699806 Detik 
Total Duration 156.32459211349 Detik 
------------------------- 
Tanggal: 03-06-2022 16:25:01 
Duration Download Forstok 15.426110982895 Detik
Duration Looping 500 Data 156.08729791641 Detik 
Total Duration 156.08739995956 Detik 
------------------------- 
Tanggal: 03-06-2022 16:30:01 
Duration Download Forstok 12.571035861969 Detik
Duration Looping 500 Data 154.46891403198 Detik 
Total Duration 154.46899390221 Detik 
------------------------- 
Tanggal: 03-06-2022 16:35:01 
Duration Download Forstok 34.659267902374 Detik
Duration Looping 500 Data 180.67858195305 Detik 
Total Duration 180.6786968708 Detik 
------------------------- 
Tanggal: 03-06-2022 16:40:01 
Duration Download Forstok 11.167969942093 Detik
Duration Looping 500 Data 152.91716504097 Detik 
Total Duration 152.91724300385 Detik 
------------------------- 
Tanggal: 03-06-2022 16:45:01 
Duration Download Forstok 20.60688495636 Detik
Duration Looping 500 Data 160.16162180901 Detik 
Total Duration 160.16170501709 Detik 
------------------------- 
Tanggal: 03-06-2022 16:50:01 
Duration Download Forstok 19.147677898407 Detik
Duration Looping 500 Data 158.88192892075 Detik 
Total Duration 158.88204693794 Detik 
------------------------- 
Tanggal: 03-06-2022 16:55:01 
Duration Download Forstok 8.4356241226196 Detik
Duration Looping 500 Data 151.63098406792 Detik 
Total Duration 151.63106417656 Detik 
------------------------- 
Tanggal: 03-06-2022 17:00:01 
Duration Download Forstok 15.051093101501 Detik
Duration Looping 500 Data 157.08538508415 Detik 
Total Duration 157.08546090126 Detik 
------------------------- 
Tanggal: 03-06-2022 17:05:01 
Duration Download Forstok 30.594800949097 Detik
Duration Looping 500 Data 168.16539692879 Detik 
Total Duration 168.1654779911 Detik 
------------------------- 
Tanggal: 03-06-2022 17:10:01 
Duration Download Forstok 12.400187969208 Detik
Duration Looping 500 Data 153.81897807121 Detik 
Total Duration 153.8190779686 Detik 
------------------------- 
Tanggal: 03-06-2022 17:15:01 
Duration Download Forstok 18.869014978409 Detik
Duration Looping 500 Data 151.45940613747 Detik 
Total Duration 151.45953702927 Detik 
------------------------- 
Tanggal: 03-06-2022 17:20:01 
Duration Download Forstok 20.90204000473 Detik
Duration Looping 500 Data 152.50293588638 Detik 
Total Duration 152.50303888321 Detik 
------------------------- 
Tanggal: 03-06-2022 17:25:01 
Duration Download Forstok 13.605856895447 Detik
Duration Looping 500 Data 145.71498584747 Detik 
Total Duration 145.71509194374 Detik 
------------------------- 
Tanggal: 03-06-2022 17:30:01 
Duration Download Forstok 11.756155014038 Detik
Duration Looping 500 Data 147.82982897758 Detik 
Total Duration 147.82990384102 Detik 
------------------------- 
Tanggal: 03-06-2022 17:35:01 
Duration Download Forstok 19.28427195549 Detik
Duration Looping 500 Data 152.89602613449 Detik 
Total Duration 152.89613509178 Detik 
------------------------- 
Tanggal: 03-06-2022 17:40:01 
Duration Download Forstok 10.831514835358 Detik
Duration Looping 500 Data 143.18993401527 Detik 
Total Duration 143.19004392624 Detik 
------------------------- 
Tanggal: 03-06-2022 17:45:01 
Duration Download Forstok 16.323051929474 Detik
Duration Looping 500 Data 149.81612682343 Detik 
Total Duration 149.81624388695 Detik 
------------------------- 
Tanggal: 03-06-2022 17:50:01 
Duration Download Forstok 13.076586961746 Detik
Duration Looping 500 Data 154.23199701309 Detik 
Total Duration 154.23207879066 Detik 
------------------------- 
Tanggal: 03-06-2022 17:55:01 
Duration Download Forstok 15.705564975739 Detik
Duration Looping 500 Data 152.61549592018 Detik 
Total Duration 152.61560702324 Detik 
------------------------- 
Tanggal: 03-06-2022 18:00:01 
Duration Download Forstok 16.488379955292 Detik
Duration Looping 500 Data 149.96939516068 Detik 
Total Duration 149.96950793266 Detik 
------------------------- 
Tanggal: 03-06-2022 18:05:01 
Duration Download Forstok 19.851181030273 Detik
Duration Looping 500 Data 151.11313295364 Detik 
Total Duration 151.11322116852 Detik 
------------------------- 
Tanggal: 03-06-2022 18:10:02 
Duration Download Forstok 12.653383016586 Detik
Duration Looping 500 Data 147.78095698357 Detik 
Total Duration 147.7810690403 Detik 
------------------------- 
Tanggal: 03-06-2022 18:15:01 
Duration Download Forstok 18.240936040878 Detik
Duration Looping 500 Data 157.310090065 Detik 
Total Duration 157.31018018723 Detik 
------------------------- 
Tanggal: 03-06-2022 18:20:01 
Duration Download Forstok 12.919443845749 Detik
Duration Looping 500 Data 159.16374588013 Detik 
Total Duration 159.16383504868 Detik 
------------------------- 
Tanggal: 03-06-2022 18:25:01 
Duration Download Forstok 11.184320926666 Detik
Duration Looping 500 Data 140.06129693985 Detik 
Total Duration 140.06137895584 Detik 
------------------------- 
Tanggal: 03-06-2022 18:30:01 
Duration Download Forstok 13.005583047867 Detik
Duration Looping 500 Data 149.48555707932 Detik 
Total Duration 149.48566412926 Detik 
------------------------- 
Tanggal: 03-06-2022 18:35:01 
Duration Download Forstok 16.105449914932 Detik
Duration Looping 500 Data 146.37870001793 Detik 
Total Duration 146.37879109383 Detik 
------------------------- 
Tanggal: 03-06-2022 18:40:01 
Duration Download Forstok 10.91015791893 Detik
Duration Looping 500 Data 142.22158503532 Detik 
Total Duration 142.22167086601 Detik 
------------------------- 
Tanggal: 03-06-2022 18:45:01 
Duration Download Forstok 14.129194021225 Detik
Duration Looping 500 Data 153.55104494095 Detik 
Total Duration 153.55116295815 Detik 
------------------------- 
Tanggal: 03-06-2022 18:50:01 
Duration Download Forstok 9.7302100658417 Detik
Duration Looping 500 Data 141.28010988235 Detik 
Total Duration 141.28019404411 Detik 
------------------------- 
Tanggal: 03-06-2022 18:55:01 
Duration Download Forstok 10.452189207077 Detik
Duration Looping 500 Data 144.86348104477 Detik 
Total Duration 144.86359119415 Detik 
------------------------- 
Tanggal: 03-06-2022 19:00:01 
Duration Download Forstok 20.718005895615 Detik
Duration Looping 500 Data 164.33215498924 Detik 
Total Duration 164.33230209351 Detik 
------------------------- 
Tanggal: 03-06-2022 19:05:01 
Duration Download Forstok 19.214970827103 Detik
Duration Looping 500 Data 156.66154098511 Detik 
Total Duration 156.66165494919 Detik 
------------------------- 
Tanggal: 03-06-2022 19:10:01 
Duration Download Forstok 11.955595016479 Detik
Duration Looping 500 Data 147.25390100479 Detik 
Total Duration 147.25400304794 Detik 
------------------------- 
Tanggal: 03-06-2022 19:15:01 
Duration Download Forstok 16.651662826538 Detik
Duration Looping 500 Data 149.0514960289 Detik 
Total Duration 149.05160784721 Detik 
------------------------- 
Tanggal: 03-06-2022 19:20:01 
Duration Download Forstok 10.17106294632 Detik
Duration Looping 500 Data 149.57758188248 Detik 
Total Duration 149.57766389847 Detik 
------------------------- 
Tanggal: 03-06-2022 19:25:01 
Duration Download Forstok 11.375645875931 Detik
Duration Looping 500 Data 141.44247794151 Detik 
Total Duration 141.44258594513 Detik 
------------------------- 
Tanggal: 03-06-2022 19:30:01 
Duration Download Forstok 12.202888965607 Detik
Duration Looping 500 Data 149.94459986687 Detik 
Total Duration 149.94471287727 Detik 
------------------------- 
Tanggal: 03-06-2022 19:35:01 
Duration Download Forstok 22.213842868805 Detik
Duration Looping 500 Data 152.69468402863 Detik 
Total Duration 152.69478607178 Detik 
------------------------- 
Tanggal: 03-06-2022 19:40:01 
Duration Download Forstok 10.942327976227 Detik
Duration Looping 500 Data 145.82518696785 Detik 
Total Duration 145.82530903816 Detik 
------------------------- 
Tanggal: 03-06-2022 19:45:01 
Duration Download Forstok 17.128798961639 Detik
Duration Looping 500 Data 156.27343583107 Detik 
Total Duration 156.27354693413 Detik 
------------------------- 
Tanggal: 03-06-2022 19:50:01 
Duration Download Forstok 11.685317993164 Detik
Duration Looping 500 Data 150.72602081299 Detik 
Total Duration 150.72612500191 Detik 
------------------------- 
Tanggal: 03-06-2022 19:55:01 
Duration Download Forstok 18.097388029099 Detik
Duration Looping 500 Data 153.30614995956 Detik 
Total Duration 153.30625796318 Detik 
------------------------- 
Tanggal: 03-06-2022 20:00:01 
Duration Download Forstok 11.17483496666 Detik
Duration Looping 500 Data 151.70814609528 Detik 
Total Duration 151.7082529068 Detik 
------------------------- 
Tanggal: 03-06-2022 20:05:01 
Duration Download Forstok 28.057868003845 Detik
Duration Looping 500 Data 160.32904219627 Detik 
Total Duration 160.32912707329 Detik 
------------------------- 
Tanggal: 03-06-2022 20:10:01 
Duration Download Forstok 15.348479032516 Detik
Duration Looping 500 Data 148.36529588699 Detik 
Total Duration 148.36538696289 Detik 
------------------------- 
Tanggal: 03-06-2022 20:15:01 
Duration Download Forstok 22.571619987488 Detik
Duration Looping 500 Data 161.86636185646 Detik 
Total Duration 161.86643791199 Detik 
------------------------- 
Tanggal: 03-06-2022 20:20:01 
Duration Download Forstok 11.950579881668 Detik
Duration Looping 500 Data 148.25452494621 Detik 
Total Duration 148.25463199615 Detik 
------------------------- 
Tanggal: 03-06-2022 20:25:01 
Duration Download Forstok 16.236213922501 Detik
Duration Looping 500 Data 153.36072802544 Detik 
Total Duration 153.3608379364 Detik 
------------------------- 
Tanggal: 03-06-2022 20:30:01 
Duration Download Forstok 10.705874919891 Detik
Duration Looping 500 Data 142.96835398674 Detik 
Total Duration 142.96846413612 Detik 
------------------------- 
Tanggal: 03-06-2022 20:35:01 
Duration Download Forstok 25.405143022537 Detik
Duration Looping 500 Data 157.13045215607 Detik 
Total Duration 157.13053393364 Detik 
------------------------- 
Tanggal: 03-06-2022 20:40:01 
Duration Download Forstok 11.278164863586 Detik
Duration Looping 500 Data 147.13202190399 Detik 
Total Duration 147.13211488724 Detik 
------------------------- 
Tanggal: 03-06-2022 20:45:01 
Duration Download Forstok 14.423804044724 Detik
Duration Looping 500 Data 152.51752018929 Detik 
Total Duration 152.51763701439 Detik 
------------------------- 
Tanggal: 03-06-2022 20:50:01 
Duration Download Forstok 18.662197828293 Detik
Duration Looping 500 Data 157.7058839798 Detik 
Total Duration 157.70599484444 Detik 
------------------------- 
Tanggal: 03-06-2022 20:55:01 
Duration Download Forstok 9.9897918701172 Detik
Duration Looping 500 Data 148.43662786484 Detik 
Total Duration 148.43673992157 Detik 
------------------------- 
Tanggal: 03-06-2022 21:00:01 
Duration Download Forstok 13.2942070961 Detik
Duration Looping 500 Data 148.62107896805 Detik 
Total Duration 148.6211810112 Detik 
------------------------- 
Tanggal: 03-06-2022 21:05:01 
Duration Download Forstok 32.810153007507 Detik
Duration Looping 500 Data 167.7351000309 Detik 
Total Duration 167.7351770401 Detik 
------------------------- 
Tanggal: 03-06-2022 21:10:01 
Duration Download Forstok 17.996958971024 Detik
Duration Looping 500 Data 156.22639393806 Detik 
Total Duration 156.22649407387 Detik 
------------------------- 
Tanggal: 03-06-2022 21:15:01 
Duration Download Forstok 13.176470994949 Detik
Duration Looping 500 Data 150.93553113937 Detik 
Total Duration 150.93561315536 Detik 
------------------------- 
Tanggal: 03-06-2022 21:20:01 
Duration Download Forstok 11.045879840851 Detik
Duration Looping 500 Data 148.70864677429 Detik 
Total Duration 148.70875692368 Detik 
------------------------- 
Tanggal: 03-06-2022 21:25:01 
Duration Download Forstok 9.4924690723419 Detik
Duration Looping 500 Data 140.06174993515 Detik 
Total Duration 140.06183314323 Detik 
------------------------- 
Tanggal: 03-06-2022 21:30:01 
Duration Download Forstok 10.637484073639 Detik
Duration Looping 500 Data 143.68776202202 Detik 
Total Duration 143.68788599968 Detik 
------------------------- 
Tanggal: 03-06-2022 21:35:01 
Duration Download Forstok 18.058476924896 Detik
Duration Looping 500 Data 155.71582889557 Detik 
Total Duration 155.71591496468 Detik 
------------------------- 
Tanggal: 03-06-2022 21:40:01 
Duration Download Forstok 16.07358789444 Detik
Duration Looping 500 Data 163.40551781654 Detik 
Total Duration 163.40562796593 Detik 
------------------------- 
Tanggal: 03-06-2022 21:45:01 
Duration Download Forstok 13.528763055801 Detik
Duration Looping 500 Data 145.30286407471 Detik 
Total Duration 145.30296707153 Detik 
------------------------- 
Tanggal: 03-06-2022 21:50:01 
Duration Download Forstok 10.052092075348 Detik
Duration Looping 500 Data 144.34966301918 Detik 
Total Duration 144.34976387024 Detik 
------------------------- 
Tanggal: 03-06-2022 21:55:01 
Duration Download Forstok 10.593360900879 Detik
Duration Looping 500 Data 141.7144138813 Detik 
Total Duration 141.71449804306 Detik 
------------------------- 
Tanggal: 03-06-2022 22:00:01 
Duration Download Forstok 12.619375944138 Detik
Duration Looping 500 Data 146.65326189995 Detik 
Total Duration 146.65337395668 Detik 
------------------------- 
Tanggal: 03-06-2022 22:05:01 
Duration Download Forstok 22.46342587471 Detik
Duration Looping 500 Data 158.73452186584 Detik 
Total Duration 158.73460292816 Detik 
------------------------- 
Tanggal: 03-06-2022 22:10:01 
Duration Download Forstok 10.35263800621 Detik
Duration Looping 500 Data 142.48948812485 Detik 
Total Duration 142.48957705498 Detik 
------------------------- 
Tanggal: 03-06-2022 22:15:01 
Duration Download Forstok 19.165782928467 Detik
Duration Looping 500 Data 158.1522769928 Detik 
Total Duration 158.15235686302 Detik 
------------------------- 
Tanggal: 03-06-2022 22:20:01 
Duration Download Forstok 10.583667039871 Detik
Duration Looping 500 Data 147.7190489769 Detik 
Total Duration 147.71913599968 Detik 
------------------------- 
Tanggal: 03-06-2022 22:25:01 
Duration Download Forstok 11.328884840012 Detik
Duration Looping 500 Data 144.25632596016 Detik 
Total Duration 144.25643801689 Detik 
------------------------- 
Tanggal: 03-06-2022 22:30:01 
Duration Download Forstok 10.24317908287 Detik
Duration Looping 500 Data 142.37257218361 Detik 
Total Duration 142.37268400192 Detik 
------------------------- 
Tanggal: 03-06-2022 22:35:01 
Duration Download Forstok 22.494792222977 Detik
Duration Looping 500 Data 153.94492411613 Detik 
Total Duration 153.9450340271 Detik 
------------------------- 
Tanggal: 03-06-2022 22:40:01 
Duration Download Forstok 11.352341890335 Detik
Duration Looping 500 Data 149.17733597755 Detik 
Total Duration 149.17744398117 Detik 
------------------------- 
Tanggal: 03-06-2022 22:45:01 
Duration Download Forstok 20.152964830399 Detik
Duration Looping 500 Data 155.25406384468 Detik 
Total Duration 155.25413894653 Detik 
------------------------- 
Tanggal: 03-06-2022 22:50:01 
Duration Download Forstok 14.505162000656 Detik
Duration Looping 500 Data 146.62757897377 Detik 
Total Duration 146.62769389153 Detik 
------------------------- 
Tanggal: 03-06-2022 22:55:01 
Duration Download Forstok 16.706685066223 Detik
Duration Looping 500 Data 146.03611302376 Detik 
Total Duration 146.03622293472 Detik 
------------------------- 
Tanggal: 03-06-2022 23:00:01 
Duration Download Forstok 12.139430046082 Detik
Duration Looping 500 Data 144.92739391327 Detik 
Total Duration 144.92751693726 Detik 
------------------------- 
Tanggal: 03-06-2022 23:05:01 
Duration Download Forstok 32.122393846512 Detik
Duration Looping 500 Data 164.86812591553 Detik 
Total Duration 164.86823797226 Detik 
------------------------- 
Tanggal: 03-06-2022 23:10:01 
Duration Download Forstok 10.113118171692 Detik
Duration Looping 500 Data 142.05344009399 Detik 
Total Duration 142.05354499817 Detik 
------------------------- 
Tanggal: 03-06-2022 23:15:01 
Duration Download Forstok 21.591323137283 Detik
Duration Looping 500 Data 163.68641495705 Detik 
Total Duration 163.6865260601 Detik 
------------------------- 
Tanggal: 03-06-2022 23:20:01 
Duration Download Forstok 11.901015996933 Detik
Duration Looping 500 Data 146.86424899101 Detik 
Total Duration 146.86436390877 Detik 
------------------------- 
Tanggal: 03-06-2022 23:25:01 
Duration Download Forstok 10.531906843185 Detik
Duration Looping 500 Data 143.33044791222 Detik 
Total Duration 143.33053088188 Detik 
------------------------- 
Tanggal: 03-06-2022 23:30:01 
Duration Download Forstok 12.287197828293 Detik
Duration Looping 500 Data 147.60390901566 Detik 
Total Duration 147.60401701927 Detik 
------------------------- 
Tanggal: 03-06-2022 23:35:01 
Duration Download Forstok 15.192783117294 Detik
Duration Looping 500 Data 143.66650605202 Detik 
Total Duration 143.66661715508 Detik 
------------------------- 
Tanggal: 03-06-2022 23:40:01 
Duration Download Forstok 10.443179130554 Detik
Duration Looping 500 Data 141.01765418053 Detik 
Total Duration 141.0177731514 Detik 
------------------------- 
Tanggal: 03-06-2022 23:45:01 
Duration Download Forstok 13.540213823318 Detik
Duration Looping 500 Data 153.82197403908 Detik 
Total Duration 153.82209181786 Detik 
------------------------- 
Tanggal: 03-06-2022 23:50:01 
Duration Download Forstok 10.419710874557 Detik
Duration Looping 500 Data 143.80902600288 Detik 
Total Duration 143.80913305283 Detik 
------------------------- 
Tanggal: 03-06-2022 23:55:01 
Duration Download Forstok 11.748879909515 Detik
Duration Looping 500 Data 138.96675801277 Detik 
Total Duration 138.96688389778 Detik 
------------------------- 
