Tanggal: 03-03-2022 00:00:01 
Duration Download Forstok 12.307683944702 Detik
Duration Looping 700 Data 582.30382514 Detik 
Total Duration 582.30476212502 Detik 
------------------------- 
Tanggal: 03-03-2022 00:10:01 
Duration Download Forstok 14.979609966278 Detik
Duration Looping 700 Data 173.02538895607 Detik 
Total Duration 173.02550888062 Detik 
------------------------- 
Tanggal: 03-03-2022 00:15:01 
Duration Download Forstok 16.087781906128 Detik
Duration Looping 700 Data 193.7994248867 Detik 
Total Duration 193.79954695702 Detik 
------------------------- 
Tanggal: 03-03-2022 00:20:01 
Duration Download Forstok 16.190155982971 Detik
Duration Looping 700 Data 172.38324308395 Detik 
Total Duration 172.38336610794 Detik 
------------------------- 
Tanggal: 03-03-2022 00:25:01 
Duration Download Forstok 15.730270862579 Detik
Duration Looping 700 Data 178.86376285553 Detik 
Total Duration 178.86387205124 Detik 
------------------------- 
Tanggal: 03-03-2022 00:30:01 
Duration Download Forstok 21.90199804306 Detik
Duration Looping 700 Data 174.63658308983 Detik 
Total Duration 174.63666605949 Detik 
------------------------- 
Tanggal: 03-03-2022 00:35:01 
Duration Download Forstok 14.641582965851 Detik
Duration Looping 700 Data 187.94531488419 Detik 
Total Duration 187.95020198822 Detik 
------------------------- 
Tanggal: 03-03-2022 00:40:01 
Duration Download Forstok 15.889267921448 Detik
Duration Looping 700 Data 176.08822393417 Detik 
Total Duration 176.08834290504 Detik 
------------------------- 
Tanggal: 03-03-2022 00:45:01 
Duration Download Forstok 21.336725950241 Detik
Duration Looping 700 Data 177.4276869297 Detik 
Total Duration 177.42780900002 Detik 
------------------------- 
Tanggal: 03-03-2022 00:50:01 
Duration Download Forstok 13.03778386116 Detik
Duration Looping 700 Data 206.46004104614 Detik 
Total Duration 206.46015286446 Detik 
------------------------- 
Tanggal: 03-03-2022 00:55:01 
Duration Download Forstok 12.396862983704 Detik
Duration Looping 700 Data 170.07724285126 Detik 
Total Duration 170.07736086845 Detik 
------------------------- 
Tanggal: 03-03-2022 01:00:02 
Duration Download Forstok 19.331591844559 Detik
Duration Looping 700 Data 175.39219379425 Detik 
Total Duration 175.39230799675 Detik 
------------------------- 
Tanggal: 03-03-2022 01:05:01 
Duration Download Forstok 22.143355846405 Detik
Duration Looping 700 Data 188.69763684273 Detik 
Total Duration 188.69775891304 Detik 
------------------------- 
Tanggal: 03-03-2022 01:10:01 
Duration Download Forstok 14.941120862961 Detik
Duration Looping 700 Data 172.35548090935 Detik 
Total Duration 172.35559892654 Detik 
------------------------- 
Tanggal: 03-03-2022 01:15:01 
Duration Download Forstok 16.416414022446 Detik
Duration Looping 700 Data 171.79124522209 Detik 
Total Duration 171.79136919975 Detik 
------------------------- 
Tanggal: 03-03-2022 01:20:01 
Duration Download Forstok 15.4182472229 Detik
Duration Looping 700 Data 183.41723918915 Detik 
Total Duration 183.4173541069 Detik 
------------------------- 
Tanggal: 03-03-2022 01:25:01 
Duration Download Forstok 13.534149885178 Detik
Duration Looping 700 Data 165.31820082664 Detik 
Total Duration 165.31831383705 Detik 
------------------------- 
Tanggal: 03-03-2022 01:30:01 
Duration Download Forstok 10.662390947342 Detik
Duration Looping 700 Data 163.7468650341 Detik 
Total Duration 163.74697399139 Detik 
------------------------- 
Tanggal: 03-03-2022 01:35:01 
Duration Download Forstok 13.554628133774 Detik
Duration Looping 700 Data 168.12615704536 Detik 
Total Duration 168.12626814842 Detik 
------------------------- 
Tanggal: 03-03-2022 01:40:01 
Duration Download Forstok 12.635671854019 Detik
Duration Looping 700 Data 165.61214089394 Detik 
Total Duration 165.61229395866 Detik 
------------------------- 
Tanggal: 03-03-2022 01:45:01 
Duration Download Forstok 20.655379056931 Detik
Duration Looping 700 Data 177.51091194153 Detik 
Total Duration 177.51102805138 Detik 
------------------------- 
Tanggal: 03-03-2022 01:50:01 
Duration Download Forstok 12.787195920944 Detik
Duration Looping 700 Data 174.78601694107 Detik 
Total Duration 174.78613805771 Detik 
------------------------- 
Tanggal: 03-03-2022 01:55:01 
Duration Download Forstok 12.149302005768 Detik
Duration Looping 700 Data 166.42073988914 Detik 
Total Duration 166.42088007927 Detik 
------------------------- 
Tanggal: 03-03-2022 02:00:01 
Duration Download Forstok 14.06333398819 Detik
Duration Looping 700 Data 172.49696087837 Detik 
Total Duration 172.49707698822 Detik 
------------------------- 
Tanggal: 03-03-2022 02:05:01 
Duration Download Forstok 23.15988111496 Detik
Duration Looping 700 Data 180.31838107109 Detik 
Total Duration 180.31851100922 Detik 
------------------------- 
Tanggal: 03-03-2022 02:10:01 
Duration Download Forstok 14.386524200439 Detik
Duration Looping 700 Data 180.35978007317 Detik 
Total Duration 180.35989713669 Detik 
------------------------- 
Tanggal: 03-03-2022 02:15:01 
Duration Download Forstok 19.131834030151 Detik
Duration Looping 700 Data 183.49059796333 Detik 
Total Duration 183.49072098732 Detik 
------------------------- 
Tanggal: 03-03-2022 02:20:01 
Duration Download Forstok 15.640104055405 Detik
Duration Looping 700 Data 176.69584608078 Detik 
Total Duration 176.69597101212 Detik 
------------------------- 
Tanggal: 03-03-2022 02:25:01 
Duration Download Forstok 12.859639883041 Detik
Duration Looping 700 Data 172.3800330162 Detik 
Total Duration 172.38015198708 Detik 
------------------------- 
Tanggal: 03-03-2022 02:30:01 
Duration Download Forstok 18.430243968964 Detik
Duration Looping 700 Data 184.04793310165 Detik 
Total Duration 184.04806399345 Detik 
------------------------- 
Tanggal: 03-03-2022 02:35:01 
Duration Download Forstok 15.933766841888 Detik
Duration Looping 700 Data 165.54481601715 Detik 
Total Duration 165.54492878914 Detik 
------------------------- 
Tanggal: 03-03-2022 02:40:01 
Duration Download Forstok 13.938548803329 Detik
Duration Looping 700 Data 165.76214885712 Detik 
Total Duration 165.76226186752 Detik 
------------------------- 
Tanggal: 03-03-2022 02:45:01 
Duration Download Forstok 16.469245910645 Detik
Duration Looping 700 Data 174.58204698563 Detik 
Total Duration 174.58217406273 Detik 
------------------------- 
Tanggal: 03-03-2022 02:50:01 
Duration Download Forstok 14.30837893486 Detik
Duration Looping 700 Data 168.05158495903 Detik 
Total Duration 168.05173683167 Detik 
------------------------- 
Tanggal: 03-03-2022 02:55:01 
Duration Download Forstok 11.375633955002 Detik
Duration Looping 700 Data 165.50138998032 Detik 
Total Duration 165.50154089928 Detik 
------------------------- 
Tanggal: 03-03-2022 03:00:01 
Duration Download Forstok 13.612383127213 Detik
Duration Looping 700 Data 171.28304505348 Detik 
Total Duration 171.283162117 Detik 
------------------------- 
Tanggal: 03-03-2022 03:05:01 
Duration Download Forstok 25.298023223877 Detik
Duration Looping 700 Data 189.48452210426 Detik 
Total Duration 189.48463606834 Detik 
------------------------- 
Tanggal: 03-03-2022 03:10:01 
Duration Download Forstok 15.006229877472 Detik
Duration Looping 700 Data 167.45481395721 Detik 
Total Duration 167.45492482185 Detik 
------------------------- 
Tanggal: 03-03-2022 03:15:02 
Duration Download Forstok 16.637138128281 Detik
Duration Looping 700 Data 173.80860614777 Detik 
Total Duration 173.8087182045 Detik 
------------------------- 
Tanggal: 03-03-2022 03:20:01 
Duration Download Forstok 15.485491991043 Detik
Duration Looping 700 Data 165.86349701881 Detik 
Total Duration 165.86360907555 Detik 
------------------------- 
Tanggal: 03-03-2022 03:25:01 
Duration Download Forstok 17.919084072113 Detik
Duration Looping 700 Data 179.18653297424 Detik 
Total Duration 179.18666410446 Detik 
------------------------- 
Tanggal: 03-03-2022 03:30:01 
Duration Download Forstok 13.273058891296 Detik
Duration Looping 700 Data 179.32466578484 Detik 
Total Duration 179.32478189468 Detik 
------------------------- 
Tanggal: 03-03-2022 03:35:01 
Duration Download Forstok 13.839552164078 Detik
Duration Looping 700 Data 169.03421115875 Detik 
Total Duration 169.03433513641 Detik 
------------------------- 
Tanggal: 03-03-2022 03:40:01 
Duration Download Forstok 13.145138978958 Detik
Duration Looping 700 Data 162.91092896461 Detik 
Total Duration 162.91104483604 Detik 
------------------------- 
Tanggal: 03-03-2022 03:45:02 
Duration Download Forstok 15.709249019623 Detik
Duration Looping 700 Data 180.8762691021 Detik 
Total Duration 180.87638401985 Detik 
------------------------- 
Tanggal: 03-03-2022 03:50:01 
Duration Download Forstok 13.69361281395 Detik
Duration Looping 700 Data 168.24037098885 Detik 
Total Duration 168.24050092697 Detik 
------------------------- 
Tanggal: 03-03-2022 03:55:01 
Duration Download Forstok 13.863871097565 Detik
Duration Looping 700 Data 168.55346512794 Detik 
Total Duration 168.55358314514 Detik 
------------------------- 
Tanggal: 03-03-2022 04:00:01 
Duration Download Forstok 15.981099128723 Detik
Duration Looping 700 Data 170.81579303741 Detik 
Total Duration 170.8159160614 Detik 
------------------------- 
Tanggal: 03-03-2022 04:05:01 
Duration Download Forstok 23.67612195015 Detik
Duration Looping 700 Data 173.2772090435 Detik 
Total Duration 173.27733492851 Detik 
------------------------- 
Tanggal: 03-03-2022 04:10:01 
Duration Download Forstok 19.291093111038 Detik
Duration Looping 700 Data 172.29613018036 Detik 
Total Duration 172.29624199867 Detik 
------------------------- 
Tanggal: 03-03-2022 04:15:01 
Duration Download Forstok 17.884282827377 Detik
Duration Looping 700 Data 170.06429791451 Detik 
Total Duration 170.0644068718 Detik 
------------------------- 
Tanggal: 03-03-2022 04:20:01 
Duration Download Forstok 13.810708999634 Detik
Duration Looping 700 Data 165.96547603607 Detik 
Total Duration 165.96559405327 Detik 
------------------------- 
Tanggal: 03-03-2022 04:25:01 
Duration Download Forstok 12.630495786667 Detik
Duration Looping 700 Data 167.43304991722 Detik 
Total Duration 167.43317985535 Detik 
------------------------- 
Tanggal: 03-03-2022 04:30:02 
Duration Download Forstok 14.903708934784 Detik
Duration Looping 700 Data 164.63240504265 Detik 
Total Duration 164.6325480938 Detik 
------------------------- 
Tanggal: 03-03-2022 04:35:01 
Duration Download Forstok 16.421691894531 Detik
Duration Looping 700 Data 178.87822580338 Detik 
Total Duration 178.87833786011 Detik 
------------------------- 
Tanggal: 03-03-2022 04:40:02 
Duration Download Forstok 17.992383003235 Detik
Duration Looping 700 Data 187.08172297478 Detik 
Total Duration 187.08183693886 Detik 
------------------------- 
Tanggal: 03-03-2022 04:45:01 
Duration Download Forstok 25.501461982727 Detik
Duration Looping 700 Data 178.74345493317 Detik 
Total Duration 178.74357390404 Detik 
------------------------- 
Tanggal: 03-03-2022 04:50:01 
Duration Download Forstok 13.615556001663 Detik
Duration Looping 700 Data 168.97670698166 Detik 
Total Duration 168.97682189941 Detik 
------------------------- 
Tanggal: 03-03-2022 04:55:01 
Duration Download Forstok 14.724992036819 Detik
Duration Looping 700 Data 172.74117803574 Detik 
Total Duration 172.74131512642 Detik 
------------------------- 
Tanggal: 03-03-2022 05:00:01 
Duration Download Forstok 13.41935801506 Detik
Duration Looping 700 Data 168.32523202896 Detik 
Total Duration 168.32534599304 Detik 
------------------------- 
Tanggal: 03-03-2022 05:05:01 
Duration Download Forstok 18.227178096771 Detik
Duration Looping 700 Data 170.2912170887 Detik 
Total Duration 170.29133415222 Detik 
------------------------- 
Tanggal: 03-03-2022 05:10:01 
Duration Download Forstok 12.900421857834 Detik
Duration Looping 700 Data 174.85651493073 Detik 
Total Duration 174.85664987564 Detik 
------------------------- 
Tanggal: 03-03-2022 05:15:01 
Duration Download Forstok 22.347830057144 Detik
Duration Looping 700 Data 185.51362609863 Detik 
Total Duration 185.5137450695 Detik 
------------------------- 
Tanggal: 03-03-2022 05:20:01 
Duration Download Forstok 14.753618001938 Detik
Duration Looping 700 Data 169.73447299004 Detik 
Total Duration 169.73458409309 Detik 
------------------------- 
Tanggal: 03-03-2022 05:25:01 
Duration Download Forstok 14.433734893799 Detik
Duration Looping 700 Data 170.31217288971 Detik 
Total Duration 170.31229496002 Detik 
------------------------- 
Tanggal: 03-03-2022 05:30:01 
Duration Download Forstok 13.962205886841 Detik
Duration Looping 700 Data 170.44954204559 Detik 
Total Duration 170.44966292381 Detik 
------------------------- 
Tanggal: 03-03-2022 05:35:01 
Duration Download Forstok 13.700749158859 Detik
Duration Looping 700 Data 174.91332912445 Detik 
Total Duration 174.91344618797 Detik 
------------------------- 
Tanggal: 03-03-2022 05:40:01 
Duration Download Forstok 17.645922899246 Detik
Duration Looping 700 Data 171.91479992867 Detik 
Total Duration 171.91492700577 Detik 
------------------------- 
Tanggal: 03-03-2022 05:45:01 
Duration Download Forstok 15.454385042191 Detik
Duration Looping 700 Data 179.17351198196 Detik 
Total Duration 179.17363095284 Detik 
------------------------- 
Tanggal: 03-03-2022 05:50:01 
Duration Download Forstok 14.210454940796 Detik
Duration Looping 700 Data 164.9723739624 Detik 
Total Duration 164.97248291969 Detik 
------------------------- 
Tanggal: 03-03-2022 05:55:01 
Duration Download Forstok 12.295314073563 Detik
Duration Looping 700 Data 160.13278603554 Detik 
Total Duration 160.13290119171 Detik 
------------------------- 
Tanggal: 03-03-2022 06:00:01 
Duration Download Forstok 14.428028821945 Detik
Duration Looping 700 Data 172.8719959259 Detik 
Total Duration 172.87211489677 Detik 
------------------------- 
Tanggal: 03-03-2022 06:05:01 
Duration Download Forstok 22.35308599472 Detik
Duration Looping 700 Data 175.725867033 Detik 
Total Duration 175.72598910332 Detik 
------------------------- 
Tanggal: 03-03-2022 06:10:01 
Duration Download Forstok 12.544969797134 Detik
Duration Looping 700 Data 170.4580218792 Detik 
Total Duration 170.45815491676 Detik 
------------------------- 
Tanggal: 03-03-2022 06:15:01 
Duration Download Forstok 16.625636100769 Detik
Duration Looping 700 Data 169.44707608223 Detik 
Total Duration 169.4471950531 Detik 
------------------------- 
Tanggal: 03-03-2022 06:20:01 
Duration Download Forstok 14.4108710289 Detik
Duration Looping 700 Data 176.53884506226 Detik 
Total Duration 176.53895998001 Detik 
------------------------- 
Tanggal: 03-03-2022 06:25:01 
Duration Download Forstok 11.34583902359 Detik
Duration Looping 700 Data 162.63710904121 Detik 
Total Duration 162.63722205162 Detik 
------------------------- 
Tanggal: 03-03-2022 06:30:01 
Duration Download Forstok 13.49124789238 Detik
Duration Looping 700 Data 164.90388202667 Detik 
Total Duration 164.90399980545 Detik 
------------------------- 
Tanggal: 03-03-2022 06:35:01 
Duration Download Forstok 12.80223107338 Detik
Duration Looping 700 Data 164.26703500748 Detik 
Total Duration 164.26714920998 Detik 
------------------------- 
Tanggal: 03-03-2022 06:40:01 
Duration Download Forstok 16.682645082474 Detik
Duration Looping 700 Data 171.80535292625 Detik 
Total Duration 171.80546689034 Detik 
------------------------- 
Tanggal: 03-03-2022 06:45:01 
Duration Download Forstok 15.190038919449 Detik
Duration Looping 700 Data 172.9276099205 Detik 
Total Duration 172.92773294449 Detik 
------------------------- 
Tanggal: 03-03-2022 06:50:01 
Duration Download Forstok 17.738116979599 Detik
Duration Looping 700 Data 179.49048995972 Detik 
Total Duration 179.49061203003 Detik 
------------------------- 
Tanggal: 03-03-2022 06:55:02 
Duration Download Forstok 15.141123056412 Detik
Duration Looping 700 Data 167.60369896889 Detik 
Total Duration 167.60381913185 Detik 
------------------------- 
Tanggal: 03-03-2022 07:00:01 
Duration Download Forstok 13.852847099304 Detik
Duration Looping 700 Data 170.53513717651 Detik 
Total Duration 170.53524899483 Detik 
------------------------- 
Tanggal: 03-03-2022 07:05:01 
Duration Download Forstok 23.409757852554 Detik
Duration Looping 700 Data 170.94171690941 Detik 
Total Duration 170.94183206558 Detik 
------------------------- 
Tanggal: 03-03-2022 07:10:02 
Duration Download Forstok 14.732383966446 Detik
Duration Looping 700 Data 163.91052484512 Detik 
Total Duration 163.91066598892 Detik 
------------------------- 
Tanggal: 03-03-2022 07:15:01 
Duration Download Forstok 14.210685968399 Detik
Duration Looping 700 Data 175.96749782562 Detik 
Total Duration 175.96761393547 Detik 
------------------------- 
Tanggal: 03-03-2022 07:20:01 
Duration Download Forstok 12.907800912857 Detik
Duration Looping 700 Data 170.00726795197 Detik 
Total Duration 170.00739002228 Detik 
------------------------- 
Tanggal: 03-03-2022 07:25:01 
Duration Download Forstok 17.541627883911 Detik
Duration Looping 700 Data 165.16064596176 Detik 
Total Duration 165.1607670784 Detik 
------------------------- 
Tanggal: 03-03-2022 07:30:01 
Duration Download Forstok 16.760550022125 Detik
Duration Looping 700 Data 170.70299315453 Detik 
Total Duration 170.70311903954 Detik 
------------------------- 
Tanggal: 03-03-2022 07:35:01 
Duration Download Forstok 17.390859127045 Detik
Duration Looping 700 Data 167.9457821846 Detik 
Total Duration 167.9458990097 Detik 
------------------------- 
Tanggal: 03-03-2022 07:40:01 
Duration Download Forstok 19.584697961807 Detik
Duration Looping 700 Data 167.59287691116 Detik 
Total Duration 167.59299492836 Detik 
------------------------- 
Tanggal: 03-03-2022 07:45:01 
Duration Download Forstok 15.455938100815 Detik
Duration Looping 700 Data 168.39582705498 Detik 
Total Duration 168.39593911171 Detik 
------------------------- 
Tanggal: 03-03-2022 07:50:01 
Duration Download Forstok 11.471726894379 Detik
Duration Looping 700 Data 171.80551886559 Detik 
Total Duration 171.80563688278 Detik 
------------------------- 
Tanggal: 03-03-2022 07:55:01 
Duration Download Forstok 14.189931869507 Detik
Duration Looping 700 Data 164.3195939064 Detik 
Total Duration 164.3197119236 Detik 
------------------------- 
Tanggal: 03-03-2022 08:00:01 
Duration Download Forstok 11.963576793671 Detik
Duration Looping 700 Data 183.53621792793 Detik 
Total Duration 183.5363099575 Detik 
------------------------- 
Tanggal: 03-03-2022 08:05:01 
Duration Download Forstok 14.331869125366 Detik
Duration Looping 700 Data 176.03629207611 Detik 
Total Duration 176.03641605377 Detik 
------------------------- 
Tanggal: 03-03-2022 08:10:01 
Duration Download Forstok 14.219404935837 Detik
Duration Looping 700 Data 177.3507809639 Detik 
Total Duration 177.35090494156 Detik 
------------------------- 
Tanggal: 03-03-2022 08:15:02 
Duration Download Forstok 14.483751058578 Detik
Duration Looping 700 Data 170.36878299713 Detik 
Total Duration 170.36890697479 Detik 
------------------------- 
Tanggal: 03-03-2022 08:20:01 
Duration Download Forstok 13.625966787338 Detik
Duration Looping 700 Data 166.67917180061 Detik 
Total Duration 166.67930197716 Detik 
------------------------- 
Tanggal: 03-03-2022 08:25:01 
Duration Download Forstok 12.865084171295 Detik
Duration Looping 700 Data 160.82386112213 Detik 
Total Duration 160.82397413254 Detik 
------------------------- 
Tanggal: 03-03-2022 08:30:01 
Duration Download Forstok 21.679989099503 Detik
Duration Looping 700 Data 179.69827103615 Detik 
Total Duration 179.69839191437 Detik 
------------------------- 
Tanggal: 03-03-2022 08:35:01 
Duration Download Forstok 16.264626979828 Detik
Duration Looping 700 Data 168.54404187202 Detik 
Total Duration 168.54416108131 Detik 
------------------------- 
Tanggal: 03-03-2022 08:40:01 
Duration Download Forstok 15.882302045822 Detik
Duration Looping 700 Data 170.94471716881 Detik 
Total Duration 170.94482922554 Detik 
------------------------- 
Tanggal: 03-03-2022 08:45:01 
Duration Download Forstok 12.746767044067 Detik
Duration Looping 700 Data 176.77936816216 Detik 
Total Duration 176.77949714661 Detik 
------------------------- 
Tanggal: 03-03-2022 08:50:01 
Duration Download Forstok 19.195729017258 Detik
Duration Looping 700 Data 177.22592902184 Detik 
Total Duration 177.22602009773 Detik 
------------------------- 
Tanggal: 03-03-2022 08:55:01 
Duration Download Forstok 13.501243114471 Detik
Duration Looping 700 Data 167.40620517731 Detik 
Total Duration 167.40632295609 Detik 
------------------------- 
Tanggal: 03-03-2022 09:00:01 
Duration Download Forstok 12.482072114944 Detik
Duration Looping 700 Data 166.73968815804 Detik 
Total Duration 166.73980498314 Detik 
------------------------- 
Tanggal: 03-03-2022 09:05:01 
Duration Download Forstok 26.096392869949 Detik
Duration Looping 700 Data 179.66289782524 Detik 
Total Duration 179.66304993629 Detik 
------------------------- 
Tanggal: 03-03-2022 09:10:01 
Duration Download Forstok 16.371830940247 Detik
Duration Looping 700 Data 183.93166708946 Detik 
Total Duration 183.93178796768 Detik 
------------------------- 
Tanggal: 03-03-2022 09:15:01 
Duration Download Forstok 15.33957195282 Detik
Duration Looping 700 Data 170.3938639164 Detik 
Total Duration 170.39396476746 Detik 
------------------------- 
Tanggal: 03-03-2022 09:20:01 
Duration Download Forstok 13.730500936508 Detik
Duration Looping 700 Data 170.7115650177 Detik 
Total Duration 170.71167802811 Detik 
------------------------- 
Tanggal: 03-03-2022 09:25:01 
Duration Download Forstok 13.076575040817 Detik
Duration Looping 700 Data 166.44383597374 Detik 
Total Duration 166.4439599514 Detik 
------------------------- 
Tanggal: 03-03-2022 09:30:01 
Duration Download Forstok 16.978585958481 Detik
Duration Looping 700 Data 174.44432497025 Detik 
Total Duration 174.44444012642 Detik 
------------------------- 
Tanggal: 03-03-2022 09:35:01 
Duration Download Forstok 13.370553970337 Detik
Duration Looping 700 Data 170.52133798599 Detik 
Total Duration 170.52144503593 Detik 
------------------------- 
Tanggal: 03-03-2022 09:40:01 
Duration Download Forstok 14.358243942261 Detik
Duration Looping 700 Data 171.27892303467 Detik 
Total Duration 171.27904391289 Detik 
------------------------- 
Tanggal: 03-03-2022 09:45:01 
Duration Download Forstok 17.732512950897 Detik
Duration Looping 700 Data 171.78588986397 Detik 
Total Duration 171.78600692749 Detik 
------------------------- 
Tanggal: 03-03-2022 09:50:01 
Duration Download Forstok 15.770806074142 Detik
Duration Looping 700 Data 172.26320695877 Detik 
Total Duration 172.26332592964 Detik 
------------------------- 
Tanggal: 03-03-2022 09:55:01 
Duration Download Forstok 12.620620965958 Detik
Duration Looping 700 Data 172.46906495094 Detik 
Total Duration 172.46919298172 Detik 
------------------------- 
Tanggal: 03-03-2022 10:00:01 
Duration Download Forstok 16.620409965515 Detik
Duration Looping 700 Data 175.49928092957 Detik 
Total Duration 175.49939680099 Detik 
------------------------- 
Tanggal: 03-03-2022 10:05:01 
Duration Download Forstok 23.032439947128 Detik
Duration Looping 700 Data 182.05832290649 Detik 
Total Duration 182.05843806267 Detik 
------------------------- 
Tanggal: 03-03-2022 10:10:01 
Duration Download Forstok 11.858516931534 Detik
Duration Looping 700 Data 163.0223429203 Detik 
Total Duration 163.02246594429 Detik 
------------------------- 
Tanggal: 03-03-2022 10:15:01 
Duration Download Forstok 15.941455125809 Detik
Duration Looping 700 Data 175.59560012817 Detik 
Total Duration 175.59572196007 Detik 
------------------------- 
Tanggal: 03-03-2022 10:20:01 
Duration Download Forstok 23.345898151398 Detik
Duration Looping 700 Data 179.28247714043 Detik 
Total Duration 179.28260397911 Detik 
------------------------- 
Tanggal: 03-03-2022 10:25:01 
Duration Download Forstok 16.038172006607 Detik
Duration Looping 700 Data 177.65157794952 Detik 
Total Duration 177.6516919136 Detik 
------------------------- 
Tanggal: 03-03-2022 10:30:01 
Duration Download Forstok 18.647073030472 Detik
Duration Looping 700 Data 175.22843503952 Detik 
Total Duration 175.22855019569 Detik 
------------------------- 
Tanggal: 03-03-2022 10:35:01 
Duration Download Forstok 12.313458204269 Detik
Duration Looping 700 Data 166.16097402573 Detik 
Total Duration 166.16108107567 Detik 
------------------------- 
Tanggal: 03-03-2022 10:40:01 
Duration Download Forstok 15.724595069885 Detik
Duration Looping 700 Data 177.63892316818 Detik 
Total Duration 177.63904714584 Detik 
------------------------- 
Tanggal: 03-03-2022 10:45:01 
Duration Download Forstok 25.217445850372 Detik
Duration Looping 700 Data 183.76007294655 Detik 
Total Duration 183.760201931 Detik 
------------------------- 
Tanggal: 03-03-2022 10:50:01 
Duration Download Forstok 13.177891969681 Detik
Duration Looping 700 Data 173.63496112823 Detik 
Total Duration 173.63508415222 Detik 
------------------------- 
Tanggal: 03-03-2022 10:55:01 
Duration Download Forstok 14.353827953339 Detik
Duration Looping 700 Data 166.58357191086 Detik 
Total Duration 166.58368992805 Detik 
------------------------- 
Tanggal: 03-03-2022 11:00:01 
Duration Download Forstok 27.47114610672 Detik
Duration Looping 700 Data 184.36367797852 Detik 
Total Duration 184.36378598213 Detik 
------------------------- 
Tanggal: 03-03-2022 11:05:01 
Duration Download Forstok 26.535521030426 Detik
Duration Looping 700 Data 184.41450095177 Detik 
Total Duration 184.41461014748 Detik 
------------------------- 
Tanggal: 03-03-2022 11:10:01 
Duration Download Forstok 16.454469919205 Detik
Duration Looping 700 Data 172.34792900085 Detik 
Total Duration 172.34804296494 Detik 
------------------------- 
Tanggal: 03-03-2022 11:15:01 
Duration Download Forstok 17.290162086487 Detik
Duration Looping 700 Data 173.91922211647 Detik 
Total Duration 173.91934108734 Detik 
------------------------- 
Tanggal: 03-03-2022 11:20:01 
Duration Download Forstok 16.099891901016 Detik
Duration Looping 700 Data 178.35140705109 Detik 
Total Duration 178.3515291214 Detik 
------------------------- 
Tanggal: 03-03-2022 11:25:01 
Duration Download Forstok 11.215349912643 Detik
Duration Looping 700 Data 179.16910600662 Detik 
Total Duration 179.1692199707 Detik 
------------------------- 
Tanggal: 03-03-2022 11:30:01 
Duration Download Forstok 13.070676088333 Detik
Duration Looping 700 Data 181.93763399124 Detik 
Total Duration 181.93775415421 Detik 
------------------------- 
Tanggal: 03-03-2022 11:35:01 
Duration Download Forstok 15.266537904739 Detik
Duration Looping 700 Data 170.72238588333 Detik 
Total Duration 170.72249698639 Detik 
------------------------- 
Tanggal: 03-03-2022 11:40:01 
Duration Download Forstok 15.909044027328 Detik
Duration Looping 700 Data 168.80132317543 Detik 
Total Duration 168.80144500732 Detik 
------------------------- 
Tanggal: 03-03-2022 11:45:01 
Duration Download Forstok 15.918532133102 Detik
Duration Looping 700 Data 171.79027509689 Detik 
Total Duration 171.79040312767 Detik 
------------------------- 
Tanggal: 03-03-2022 11:50:01 
Duration Download Forstok 15.585649967194 Detik
Duration Looping 700 Data 190.10186982155 Detik 
Total Duration 190.10197687149 Detik 
------------------------- 
Tanggal: 03-03-2022 11:55:01 
Duration Download Forstok 17.122148036957 Detik
Duration Looping 700 Data 176.20341396332 Detik 
Total Duration 176.20354509354 Detik 
------------------------- 
Tanggal: 03-03-2022 12:00:01 
Duration Download Forstok 22.401276111603 Detik
Duration Looping 700 Data 182.08896303177 Detik 
Total Duration 182.08907604218 Detik 
------------------------- 
Tanggal: 03-03-2022 12:05:01 
Duration Download Forstok 26.334548950195 Detik
Duration Looping 700 Data 188.4199988842 Detik 
Total Duration 188.42010903358 Detik 
------------------------- 
Tanggal: 03-03-2022 12:10:01 
Duration Download Forstok 16.01669716835 Detik
Duration Looping 700 Data 172.91443109512 Detik 
Total Duration 172.91455197334 Detik 
------------------------- 
Tanggal: 03-03-2022 12:15:02 
Duration Download Forstok 19.423452854156 Detik
Duration Looping 700 Data 189.04759192467 Detik 
Total Duration 189.04770493507 Detik 
------------------------- 
Tanggal: 03-03-2022 12:20:01 
Duration Download Forstok 18.346461057663 Detik
Duration Looping 700 Data 177.87388420105 Detik 
Total Duration 177.87401413918 Detik 
------------------------- 
Tanggal: 03-03-2022 12:25:01 
Duration Download Forstok 19.288654088974 Detik
Duration Looping 700 Data 176.42514109612 Detik 
Total Duration 176.42525815964 Detik 
------------------------- 
Tanggal: 03-03-2022 12:30:01 
Duration Download Forstok 17.699928998947 Detik
Duration Looping 700 Data 190.15279316902 Detik 
Total Duration 190.15291309357 Detik 
------------------------- 
Tanggal: 03-03-2022 12:35:01 
Duration Download Forstok 16.744339942932 Detik
Duration Looping 700 Data 172.35480999947 Detik 
Total Duration 172.3549220562 Detik 
------------------------- 
Tanggal: 03-03-2022 12:40:01 
Duration Download Forstok 18.924144983292 Detik
Duration Looping 700 Data 185.78842496872 Detik 
Total Duration 185.78853106499 Detik 
------------------------- 
Tanggal: 03-03-2022 12:45:01 
Duration Download Forstok 21.701117992401 Detik
Duration Looping 700 Data 180.88965082169 Detik 
Total Duration 180.88976502419 Detik 
------------------------- 
Tanggal: 03-03-2022 12:50:01 
Duration Download Forstok 18.248471021652 Detik
Duration Looping 700 Data 175.77972102165 Detik 
Total Duration 175.7798500061 Detik 
------------------------- 
Tanggal: 03-03-2022 12:55:01 
Duration Download Forstok 16.970288991928 Detik
Duration Looping 700 Data 170.82325196266 Detik 
Total Duration 170.82337594032 Detik 
------------------------- 
Tanggal: 03-03-2022 13:00:01 
Duration Download Forstok 20.550149917603 Detik
Duration Looping 700 Data 172.97691988945 Detik 
Total Duration 172.97703695297 Detik 
------------------------- 
Tanggal: 03-03-2022 13:05:01 
Duration Download Forstok 24.670852899551 Detik
Duration Looping 700 Data 184.99657082558 Detik 
Total Duration 184.99668383598 Detik 
------------------------- 
Tanggal: 03-03-2022 13:10:01 
Duration Download Forstok 23.488224983215 Detik
Duration Looping 700 Data 174.97515702248 Detik 
Total Duration 174.97526884079 Detik 
------------------------- 
Tanggal: 03-03-2022 13:15:01 
Duration Download Forstok 21.037819862366 Detik
Duration Looping 700 Data 172.99652600288 Detik 
Total Duration 172.99664092064 Detik 
------------------------- 
Tanggal: 03-03-2022 13:20:01 
Duration Download Forstok 19.627780914307 Detik
Duration Looping 700 Data 174.23203897476 Detik 
Total Duration 174.23220491409 Detik 
------------------------- 
Tanggal: 03-03-2022 13:25:01 
Duration Download Forstok 12.592705011368 Detik
Duration Looping 700 Data 163.01970601082 Detik 
Total Duration 163.01982712746 Detik 
------------------------- 
Tanggal: 03-03-2022 13:30:01 
Duration Download Forstok 21.424268007278 Detik
Duration Looping 700 Data 179.13377785683 Detik 
Total Duration 179.13390302658 Detik 
------------------------- 
Tanggal: 03-03-2022 13:35:01 
Duration Download Forstok 13.348351955414 Detik
Duration Looping 700 Data 178.05693888664 Detik 
Total Duration 178.0570628643 Detik 
------------------------- 
Tanggal: 03-03-2022 13:40:01 
Duration Download Forstok 17.387991905212 Detik
Duration Looping 700 Data 171.05434608459 Detik 
Total Duration 171.0544629097 Detik 
------------------------- 
Tanggal: 03-03-2022 13:45:01 
Duration Download Forstok 12.95222401619 Detik
Duration Looping 700 Data 165.46156716347 Detik 
Total Duration 165.46169304848 Detik 
------------------------- 
Tanggal: 03-03-2022 13:50:01 
Duration Download Forstok 14.495563983917 Detik
Duration Looping 700 Data 168.51378798485 Detik 
Total Duration 168.51390910149 Detik 
------------------------- 
Tanggal: 03-03-2022 13:55:01 
Duration Download Forstok 13.493441820145 Detik
Duration Looping 700 Data 165.86559891701 Detik 
Total Duration 165.86571598053 Detik 
------------------------- 
Tanggal: 03-03-2022 14:00:01 
Duration Download Forstok 17.602159023285 Detik
Duration Looping 700 Data 177.82089400291 Detik 
Total Duration 177.82100605965 Detik 
------------------------- 
Tanggal: 03-03-2022 14:05:02 
Duration Download Forstok 21.564403057098 Detik
Duration Looping 700 Data 178.55378389359 Detik 
Total Duration 178.55389904976 Detik 
------------------------- 
Tanggal: 03-03-2022 14:10:01 
Duration Download Forstok 25.685842037201 Detik
Duration Looping 700 Data 183.47153711319 Detik 
Total Duration 183.4716360569 Detik 
------------------------- 
Tanggal: 03-03-2022 14:15:01 
Duration Download Forstok 18.423672199249 Detik
Duration Looping 700 Data 175.91866111755 Detik 
Total Duration 175.91876506805 Detik 
------------------------- 
Tanggal: 03-03-2022 14:20:01 
Duration Download Forstok 16.641412973404 Detik
Duration Looping 700 Data 172.34335207939 Detik 
Total Duration 172.34346199036 Detik 
------------------------- 
Tanggal: 03-03-2022 14:25:01 
Duration Download Forstok 15.458476066589 Detik
Duration Looping 700 Data 184.4060690403 Detik 
Total Duration 184.40616703033 Detik 
------------------------- 
Tanggal: 03-03-2022 14:30:02 
Duration Download Forstok 28.120722055435 Detik
Duration Looping 700 Data 181.7865550518 Detik 
Total Duration 181.78666901588 Detik 
------------------------- 
Tanggal: 03-03-2022 14:35:01 
Duration Download Forstok 14.813463926315 Detik
Duration Looping 700 Data 167.6241080761 Detik 
Total Duration 167.62422299385 Detik 
------------------------- 
Tanggal: 03-03-2022 14:40:01 
Duration Download Forstok 15.969813108444 Detik
Duration Looping 700 Data 172.61094307899 Detik 
Total Duration 172.61105298996 Detik 
------------------------- 
Tanggal: 03-03-2022 14:45:01 
Duration Download Forstok 18.161827087402 Detik
Duration Looping 700 Data 177.49379992485 Detik 
Total Duration 177.49391508102 Detik 
------------------------- 
Tanggal: 03-03-2022 14:50:01 
Duration Download Forstok 17.463111877441 Detik
Duration Looping 700 Data 175.12828588486 Detik 
Total Duration 175.12840890884 Detik 
------------------------- 
Tanggal: 03-03-2022 14:55:01 
Duration Download Forstok 17.719870090485 Detik
Duration Looping 700 Data 173.75682497025 Detik 
Total Duration 173.75699710846 Detik 
------------------------- 
Tanggal: 03-03-2022 15:00:01 
Duration Download Forstok 21.290223836899 Detik
Duration Looping 700 Data 178.1817908287 Detik 
Total Duration 178.18191194534 Detik 
------------------------- 
Tanggal: 03-03-2022 15:05:01 
Duration Download Forstok 40.318470001221 Detik
Duration Looping 700 Data 195.92213797569 Detik 
Total Duration 195.92225503922 Detik 
------------------------- 
Tanggal: 03-03-2022 15:10:01 
Duration Download Forstok 17.536346912384 Detik
Duration Looping 700 Data 172.66579294205 Detik 
Total Duration 172.66590499878 Detik 
------------------------- 
Tanggal: 03-03-2022 15:15:01 
Duration Download Forstok 21.719064950943 Detik
Duration Looping 700 Data 185.38931012154 Detik 
Total Duration 185.3894340992 Detik 
------------------------- 
Tanggal: 03-03-2022 15:20:02 
Duration Download Forstok 19.968700170517 Detik
Duration Looping 700 Data 179.86631822586 Detik 
Total Duration 179.86644506454 Detik 
------------------------- 
Tanggal: 03-03-2022 15:25:01 
Duration Download Forstok 15.925015926361 Detik
Duration Looping 700 Data 174.59539484978 Detik 
Total Duration 174.59551095963 Detik 
------------------------- 
Tanggal: 03-03-2022 15:30:01 
Duration Download Forstok 16.440451145172 Detik
Duration Looping 700 Data 191.49345612526 Detik 
Total Duration 191.4935760498 Detik 
------------------------- 
Tanggal: 03-03-2022 15:35:02 
Duration Download Forstok 22.240031957626 Detik
Duration Looping 700 Data 183.03351712227 Detik 
Total Duration 183.033629179 Detik 
------------------------- 
Tanggal: 03-03-2022 15:40:01 
Duration Download Forstok 20.498250007629 Detik
Duration Looping 700 Data 176.89125084877 Detik 
Total Duration 176.89136481285 Detik 
------------------------- 
Tanggal: 03-03-2022 15:45:01 
Duration Download Forstok 17.753545045853 Detik
Duration Looping 700 Data 172.51576185226 Detik 
Total Duration 172.51585698128 Detik 
------------------------- 
Tanggal: 03-03-2022 15:50:01 
Duration Download Forstok 17.668265104294 Detik
Duration Looping 700 Data 185.19548916817 Detik 
Total Duration 185.19560313225 Detik 
------------------------- 
Tanggal: 03-03-2022 15:55:01 
Duration Download Forstok 16.103585004807 Detik
Duration Looping 700 Data 178.50593209267 Detik 
Total Duration 178.50603699684 Detik 
------------------------- 
Tanggal: 03-03-2022 16:00:01 
Duration Download Forstok 14.478287935257 Detik
Duration Looping 700 Data 175.37528800964 Detik 
Total Duration 175.37539887428 Detik 
------------------------- 
Tanggal: 03-03-2022 16:05:01 
Duration Download Forstok 22.179239034653 Detik
Duration Looping 700 Data 177.93239498138 Detik 
Total Duration 177.93251395226 Detik 
------------------------- 
Tanggal: 03-03-2022 16:10:01 
Duration Download Forstok 19.992691993713 Detik
Duration Looping 700 Data 180.13346099854 Detik 
Total Duration 180.13359117508 Detik 
------------------------- 
Tanggal: 03-03-2022 16:15:01 
Duration Download Forstok 19.264842033386 Detik
Duration Looping 700 Data 178.29596996307 Detik 
Total Duration 178.29610300064 Detik 
------------------------- 
Tanggal: 03-03-2022 16:20:01 
Duration Download Forstok 15.673237085342 Detik
Duration Looping 700 Data 176.3645632267 Detik 
Total Duration 176.36468911171 Detik 
------------------------- 
Tanggal: 03-03-2022 16:25:01 
Duration Download Forstok 14.269409894943 Detik
Duration Looping 700 Data 174.93275904655 Detik 
Total Duration 174.93289089203 Detik 
------------------------- 
Tanggal: 03-03-2022 16:30:01 
Duration Download Forstok 17.074629068375 Detik
Duration Looping 700 Data 179.35611319542 Detik 
Total Duration 179.3562400341 Detik 
------------------------- 
Tanggal: 03-03-2022 16:35:01 
Duration Download Forstok 15.762851953506 Detik
Duration Looping 700 Data 173.47447800636 Detik 
Total Duration 173.47460198402 Detik 
------------------------- 
Tanggal: 03-03-2022 16:40:01 
Duration Download Forstok 17.875935077667 Detik
Duration Looping 700 Data 181.42234706879 Detik 
Total Duration 181.42246699333 Detik 
------------------------- 
Tanggal: 03-03-2022 16:45:01 
Duration Download Forstok 16.226878881454 Detik
Duration Looping 700 Data 169.80509305 Detik 
Total Duration 169.80522298813 Detik 
------------------------- 
Tanggal: 03-03-2022 16:50:01 
Duration Download Forstok 17.719622850418 Detik
Duration Looping 700 Data 173.52338790894 Detik 
Total Duration 173.52350401878 Detik 
------------------------- 
Tanggal: 03-03-2022 16:55:01 
Duration Download Forstok 14.33967590332 Detik
Duration Looping 700 Data 174.18940091133 Detik 
Total Duration 174.18951797485 Detik 
------------------------- 
Tanggal: 03-03-2022 17:00:01 
Duration Download Forstok 15.006505966187 Detik
Duration Looping 700 Data 172.08664298058 Detik 
Total Duration 172.08676600456 Detik 
------------------------- 
Tanggal: 03-03-2022 17:05:01 
Duration Download Forstok 21.524334907532 Detik
Duration Looping 700 Data 186.07739305496 Detik 
Total Duration 186.07749795914 Detik 
------------------------- 
Tanggal: 03-03-2022 17:10:01 
Duration Download Forstok 17.549710988998 Detik
Duration Looping 700 Data 182.06486201286 Detik 
Total Duration 182.06498503685 Detik 
------------------------- 
Tanggal: 03-03-2022 17:15:01 
Duration Download Forstok 18.948636054993 Detik
Duration Looping 700 Data 171.76503491402 Detik 
Total Duration 171.76515197754 Detik 
------------------------- 
Tanggal: 03-03-2022 17:20:01 
Duration Download Forstok 13.477752923965 Detik
Duration Looping 700 Data 165.30136489868 Detik 
Total Duration 165.30151581764 Detik 
------------------------- 
Tanggal: 03-03-2022 17:25:01 
Duration Download Forstok 13.318823814392 Detik
Duration Looping 700 Data 167.83298587799 Detik 
Total Duration 167.83311390877 Detik 
------------------------- 
Tanggal: 03-03-2022 17:30:01 
Duration Download Forstok 15.513970136642 Detik
Duration Looping 700 Data 175.51398706436 Detik 
Total Duration 175.51410412788 Detik 
------------------------- 
Tanggal: 03-03-2022 17:35:01 
Duration Download Forstok 15.212620019913 Detik
Duration Looping 700 Data 169.36761116982 Detik 
Total Duration 169.3677380085 Detik 
------------------------- 
Tanggal: 03-03-2022 17:40:01 
Duration Download Forstok 17.227802991867 Detik
Duration Looping 700 Data 170.43491387367 Detik 
Total Duration 170.43504190445 Detik 
------------------------- 
Tanggal: 03-03-2022 17:45:01 
Duration Download Forstok 18.25146484375 Detik
Duration Looping 700 Data 171.06346797943 Detik 
Total Duration 171.06360197067 Detik 
------------------------- 
Tanggal: 03-03-2022 17:50:01 
Duration Download Forstok 22.214432001114 Detik
Duration Looping 700 Data 176.01613497734 Detik 
Total Duration 176.01625800133 Detik 
------------------------- 
Tanggal: 03-03-2022 17:55:01 
Duration Download Forstok 15.520382881165 Detik
Duration Looping 700 Data 171.83941984177 Detik 
Total Duration 171.83954787254 Detik 
------------------------- 
Tanggal: 03-03-2022 18:00:01 
Duration Download Forstok 14.246228933334 Detik
Duration Looping 700 Data 167.07420301437 Detik 
Total Duration 167.07432293892 Detik 
------------------------- 
Tanggal: 03-03-2022 18:05:01 
Duration Download Forstok 18.18860411644 Detik
Duration Looping 700 Data 176.66593599319 Detik 
Total Duration 176.66605615616 Detik 
------------------------- 
Tanggal: 03-03-2022 18:10:01 
Duration Download Forstok 17.690096139908 Detik
Duration Looping 700 Data 169.07616615295 Detik 
Total Duration 169.07628512383 Detik 
------------------------- 
Tanggal: 03-03-2022 18:15:01 
Duration Download Forstok 19.513334989548 Detik
Duration Looping 700 Data 184.9939827919 Detik 
Total Duration 184.99408984184 Detik 
------------------------- 
Tanggal: 03-03-2022 18:20:01 
Duration Download Forstok 18.146790981293 Detik
Duration Looping 700 Data 171.10633206367 Detik 
Total Duration 171.10651302338 Detik 
------------------------- 
Tanggal: 03-03-2022 18:25:02 
Duration Download Forstok 11.498726844788 Detik
Duration Looping 700 Data 168.53218579292 Detik 
Total Duration 168.53230190277 Detik 
------------------------- 
Tanggal: 03-03-2022 18:30:01 
Duration Download Forstok 16.553915977478 Detik
Duration Looping 700 Data 167.47699403763 Detik 
Total Duration 167.47711205482 Detik 
------------------------- 
Tanggal: 03-03-2022 18:35:01 
Duration Download Forstok 15.462153911591 Detik
Duration Looping 700 Data 165.71760201454 Detik 
Total Duration 165.71773195267 Detik 
------------------------- 
Tanggal: 03-03-2022 18:40:01 
Duration Download Forstok 19.739669084549 Detik
Duration Looping 700 Data 168.0588889122 Detik 
Total Duration 168.05899906158 Detik 
------------------------- 
Tanggal: 03-03-2022 18:45:01 
Duration Download Forstok 19.221251010895 Detik
Duration Looping 700 Data 170.43297100067 Detik 
Total Duration 170.43309903145 Detik 
------------------------- 
Tanggal: 03-03-2022 18:50:01 
Duration Download Forstok 19.302992105484 Detik
Duration Looping 700 Data 177.04580712318 Detik 
Total Duration 177.0459189415 Detik 
------------------------- 
Tanggal: 03-03-2022 18:55:01 
Duration Download Forstok 12.842729091644 Detik
Duration Looping 700 Data 168.31337499619 Detik 
Total Duration 168.31352519989 Detik 
------------------------- 
Tanggal: 03-03-2022 19:00:01 
Duration Download Forstok 16.133795022964 Detik
Duration Looping 700 Data 169.64405894279 Detik 
Total Duration 169.64420008659 Detik 
------------------------- 
Tanggal: 03-03-2022 19:05:02 
Duration Download Forstok 20.56080198288 Detik
Duration Looping 700 Data 170.65181708336 Detik 
Total Duration 170.65193104744 Detik 
------------------------- 
Tanggal: 03-03-2022 19:10:01 
Duration Download Forstok 18.598055839539 Detik
Duration Looping 700 Data 177.24864697456 Detik 
Total Duration 177.24876093864 Detik 
------------------------- 
Tanggal: 03-03-2022 19:15:01 
Duration Download Forstok 17.797413110733 Detik
Duration Looping 700 Data 179.39131808281 Detik 
Total Duration 179.39143896103 Detik 
------------------------- 
Tanggal: 03-03-2022 19:20:01 
Duration Download Forstok 16.027798891068 Detik
Duration Looping 700 Data 172.6421790123 Detik 
Total Duration 172.64230394363 Detik 
------------------------- 
Tanggal: 03-03-2022 19:25:01 
Duration Download Forstok 14.750946998596 Detik
Duration Looping 700 Data 191.96697282791 Detik 
Total Duration 191.96708488464 Detik 
------------------------- 
Tanggal: 03-03-2022 19:30:01 
Duration Download Forstok 15.868396043777 Detik
Duration Looping 700 Data 181.16645503044 Detik 
Total Duration 181.16657996178 Detik 
------------------------- 
Tanggal: 03-03-2022 19:35:01 
Duration Download Forstok 14.310417175293 Detik
Duration Looping 700 Data 167.19040799141 Detik 
Total Duration 167.19052910805 Detik 
------------------------- 
Tanggal: 03-03-2022 19:40:01 
Duration Download Forstok 22.059002161026 Detik
Duration Looping 700 Data 180.57149100304 Detik 
Total Duration 180.57160520554 Detik 
------------------------- 
Tanggal: 03-03-2022 19:45:01 
Duration Download Forstok 17.464038133621 Detik
Duration Looping 700 Data 170.16065311432 Detik 
Total Duration 170.16076302528 Detik 
------------------------- 
Tanggal: 03-03-2022 19:50:01 
Duration Download Forstok 16.699497938156 Detik
Duration Looping 700 Data 165.08503699303 Detik 
Total Duration 165.08513498306 Detik 
------------------------- 
Tanggal: 03-03-2022 19:55:01 
Duration Download Forstok 14.633151054382 Detik
Duration Looping 700 Data 162.82830715179 Detik 
Total Duration 162.82842612267 Detik 
------------------------- 
Tanggal: 03-03-2022 20:00:01 
Duration Download Forstok 15.356281042099 Detik
Duration Looping 700 Data 174.92990994453 Detik 
Total Duration 174.93002605438 Detik 
------------------------- 
Tanggal: 03-03-2022 20:05:01 
Duration Download Forstok 21.235244989395 Detik
Duration Looping 700 Data 175.03216719627 Detik 
Total Duration 175.0322830677 Detik 
------------------------- 
Tanggal: 03-03-2022 20:10:01 
Duration Download Forstok 18.630964994431 Detik
Duration Looping 700 Data 177.68544793129 Detik 
Total Duration 177.68561887741 Detik 
------------------------- 
Tanggal: 03-03-2022 20:15:01 
Duration Download Forstok 14.633574008942 Detik
Duration Looping 700 Data 171.36255598068 Detik 
Total Duration 171.3626871109 Detik 
------------------------- 
Tanggal: 03-03-2022 20:20:01 
Duration Download Forstok 15.97452712059 Detik
Duration Looping 700 Data 172.53523898125 Detik 
Total Duration 172.53535318375 Detik 
------------------------- 
Tanggal: 03-03-2022 20:25:01 
Duration Download Forstok 10.527844190598 Detik
Duration Looping 700 Data 174.30985212326 Detik 
Total Duration 174.30996704102 Detik 
------------------------- 
Tanggal: 03-03-2022 20:30:01 
Duration Download Forstok 14.270889997482 Detik
Duration Looping 700 Data 181.83510899544 Detik 
Total Duration 181.83522987366 Detik 
------------------------- 
Tanggal: 03-03-2022 20:35:01 
Duration Download Forstok 17.044989824295 Detik
Duration Looping 700 Data 169.07174301147 Detik 
Total Duration 169.0718588829 Detik 
------------------------- 
Tanggal: 03-03-2022 20:40:01 
Duration Download Forstok 16.053642988205 Detik
Duration Looping 700 Data 171.82437396049 Detik 
Total Duration 171.82448887825 Detik 
------------------------- 
Tanggal: 03-03-2022 20:45:01 
Duration Download Forstok 21.526957988739 Detik
Duration Looping 700 Data 183.83983612061 Detik 
Total Duration 183.8399541378 Detik 
------------------------- 
Tanggal: 03-03-2022 20:50:01 
Duration Download Forstok 17.804901123047 Detik
Duration Looping 700 Data 167.53454113007 Detik 
Total Duration 167.53465914726 Detik 
------------------------- 
Tanggal: 03-03-2022 20:55:01 
Duration Download Forstok 13.407092094421 Detik
Duration Looping 700 Data 169.43945217133 Detik 
Total Duration 169.43957996368 Detik 
------------------------- 
Tanggal: 03-03-2022 21:00:01 
Duration Download Forstok 26.397014856339 Detik
Duration Looping 700 Data 180.88185596466 Detik 
Total Duration 180.88196992874 Detik 
------------------------- 
Tanggal: 03-03-2022 21:05:01 
Duration Download Forstok 21.133318185806 Detik
Duration Looping 700 Data 178.0473241806 Detik 
Total Duration 178.04743719101 Detik 
------------------------- 
Tanggal: 03-03-2022 21:10:02 
Duration Download Forstok 20.215316057205 Detik
Duration Looping 700 Data 181.12562417984 Detik 
Total Duration 181.12574911118 Detik 
------------------------- 
Tanggal: 03-03-2022 21:15:01 
Duration Download Forstok 17.99533700943 Detik
Duration Looping 700 Data 170.54332518578 Detik 
Total Duration 170.54345703125 Detik 
------------------------- 
Tanggal: 03-03-2022 21:20:01 
Duration Download Forstok 15.77944111824 Detik
Duration Looping 700 Data 172.4324529171 Detik 
Total Duration 172.43256807327 Detik 
------------------------- 
Tanggal: 03-03-2022 21:25:01 
Duration Download Forstok 14.672348976135 Detik
Duration Looping 700 Data 168.67352199554 Detik 
Total Duration 168.67365503311 Detik 
------------------------- 
Tanggal: 03-03-2022 21:30:01 
Duration Download Forstok 23.830850124359 Detik
Duration Looping 700 Data 188.40888595581 Detik 
Total Duration 188.40899896622 Detik 
------------------------- 
Tanggal: 03-03-2022 21:35:01 
Duration Download Forstok 15.283104896545 Detik
Duration Looping 700 Data 179.35999798775 Detik 
Total Duration 179.36011791229 Detik 
------------------------- 
Tanggal: 03-03-2022 21:40:01 
Duration Download Forstok 13.403062820435 Detik
Duration Looping 700 Data 165.84804391861 Detik 
Total Duration 165.84816193581 Detik 
------------------------- 
Tanggal: 03-03-2022 21:45:01 
Duration Download Forstok 19.086199998856 Detik
Duration Looping 700 Data 180.22608208656 Detik 
Total Duration 180.22620296478 Detik 
------------------------- 
Tanggal: 03-03-2022 21:50:01 
Duration Download Forstok 14.787917137146 Detik
Duration Looping 700 Data 167.56976914406 Detik 
Total Duration 167.56988096237 Detik 
------------------------- 
Tanggal: 03-03-2022 21:55:01 
Duration Download Forstok 13.95420384407 Detik
Duration Looping 700 Data 176.93553304672 Detik 
Total Duration 176.93565988541 Detik 
------------------------- 
Tanggal: 03-03-2022 22:00:01 
Duration Download Forstok 15.168439149857 Detik
Duration Looping 700 Data 171.02184200287 Detik 
Total Duration 171.02196311951 Detik 
------------------------- 
Tanggal: 03-03-2022 22:05:01 
Duration Download Forstok 22.611010074615 Detik
Duration Looping 700 Data 186.8521399498 Detik 
Total Duration 186.85225200653 Detik 
------------------------- 
Tanggal: 03-03-2022 22:10:01 
Duration Download Forstok 15.491266012192 Detik
Duration Looping 700 Data 167.8756570816 Detik 
Total Duration 167.87577319145 Detik 
------------------------- 
Tanggal: 03-03-2022 22:15:01 
Duration Download Forstok 19.502746105194 Detik
Duration Looping 700 Data 171.46689605713 Detik 
Total Duration 171.46702098846 Detik 
------------------------- 
Tanggal: 03-03-2022 22:20:01 
Duration Download Forstok 22.020657777786 Detik
Duration Looping 700 Data 180.67042183876 Detik 
Total Duration 180.67054080963 Detik 
------------------------- 
Tanggal: 03-03-2022 22:25:01 
Duration Download Forstok 17.965827941895 Detik
Duration Looping 700 Data 174.50199604034 Detik 
Total Duration 174.50211310387 Detik 
------------------------- 
Tanggal: 03-03-2022 22:30:01 
Duration Download Forstok 26.397623062134 Detik
Duration Looping 700 Data 181.4646999836 Detik 
Total Duration 181.464812994 Detik 
------------------------- 
Tanggal: 03-03-2022 22:35:01 
Duration Download Forstok 15.955993175507 Detik
Duration Looping 700 Data 171.75093603134 Detik 
Total Duration 171.75105404854 Detik 
------------------------- 
Tanggal: 03-03-2022 22:40:01 
Duration Download Forstok 20.931905984879 Detik
Duration Looping 700 Data 190.60816502571 Detik 
Total Duration 190.60827183723 Detik 
------------------------- 
Tanggal: 03-03-2022 22:45:01 
Duration Download Forstok 16.815131902695 Detik
Duration Looping 700 Data 173.04884195328 Detik 
Total Duration 173.04896092415 Detik 
------------------------- 
Tanggal: 03-03-2022 22:50:01 
Duration Download Forstok 15.824724912643 Detik
Duration Looping 700 Data 170.54515099525 Detik 
Total Duration 170.54526805878 Detik 
------------------------- 
Tanggal: 03-03-2022 22:55:01 
Duration Download Forstok 13.907855987549 Detik
Duration Looping 700 Data 169.54127907753 Detik 
Total Duration 169.54142594337 Detik 
------------------------- 
Tanggal: 03-03-2022 23:00:01 
Duration Download Forstok 15.093558073044 Detik
Duration Looping 700 Data 170.13875508308 Detik 
Total Duration 170.13886594772 Detik 
------------------------- 
Tanggal: 03-03-2022 23:05:01 
Duration Download Forstok 15.097082138062 Detik
Duration Looping 700 Data 169.07662200928 Detik 
Total Duration 169.07671999931 Detik 
------------------------- 
Tanggal: 03-03-2022 23:10:01 
Duration Download Forstok 17.205564022064 Detik
Duration Looping 700 Data 173.13027095795 Detik 
Total Duration 173.13039302826 Detik 
------------------------- 
Tanggal: 03-03-2022 23:15:01 
Duration Download Forstok 13.91268491745 Detik
Duration Looping 700 Data 170.12909197807 Detik 
Total Duration 170.12920498848 Detik 
------------------------- 
Tanggal: 03-03-2022 23:20:01 
Duration Download Forstok 17.377372980118 Detik
Duration Looping 700 Data 170.83002209663 Detik 
Total Duration 170.83013796806 Detik 
------------------------- 
Tanggal: 03-03-2022 23:25:01 
Duration Download Forstok 12.318807125092 Detik
Duration Looping 700 Data 162.75261592865 Detik 
Total Duration 162.75273895264 Detik 
------------------------- 
Tanggal: 03-03-2022 23:30:01 
Duration Download Forstok 13.998557090759 Detik
Duration Looping 700 Data 171.26353502274 Detik 
Total Duration 171.26365303993 Detik 
------------------------- 
Tanggal: 03-03-2022 23:35:01 
Duration Download Forstok 15.712754964828 Detik
Duration Looping 700 Data 171.95462012291 Detik 
Total Duration 171.95474100113 Detik 
------------------------- 
Tanggal: 03-03-2022 23:40:01 
Duration Download Forstok 16.978646993637 Detik
Duration Looping 700 Data 182.37858605385 Detik 
Total Duration 182.37869811058 Detik 
------------------------- 
Tanggal: 03-03-2022 23:45:01 
Duration Download Forstok 24.007529973984 Detik
Duration Looping 700 Data 177.67412996292 Detik 
Total Duration 177.67423701286 Detik 
------------------------- 
Tanggal: 03-03-2022 23:50:01 
Duration Download Forstok 14.120217084885 Detik
Duration Looping 700 Data 169.23806095123 Detik 
Total Duration 169.23817491531 Detik 
------------------------- 
Tanggal: 03-03-2022 23:55:01 
Duration Download Forstok 12.449949979782 Detik
Duration Looping 700 Data 164.89146614075 Detik 
Total Duration 164.89157509804 Detik 
------------------------- 
