Tanggal: 21-02-2022 00:00:01 
Duration Download Forstok 12.506356954575 Detik
Duration Looping 700 Data 543.23194885254 Detik 
Total Duration 543.23513579369 Detik 
------------------------- 
Tanggal: 21-02-2022 00:10:01 
Duration Download Forstok 14.094178915024 Detik
Duration Looping 700 Data 158.05042099953 Detik 
Total Duration 158.0505259037 Detik 
------------------------- 
Tanggal: 21-02-2022 00:15:01 
Duration Download Forstok 14.650513887405 Detik
Duration Looping 700 Data 183.37442183495 Detik 
Total Duration 183.37551093102 Detik 
------------------------- 
Tanggal: 21-02-2022 00:20:01 
Duration Download Forstok 16.25311088562 Detik
Duration Looping 700 Data 166.85551095009 Detik 
Total Duration 166.85561704636 Detik 
------------------------- 
Tanggal: 21-02-2022 00:25:01 
Duration Download Forstok 14.390528917313 Detik
Duration Looping 700 Data 164.26620292664 Detik 
Total Duration 164.2663128376 Detik 
------------------------- 
Tanggal: 21-02-2022 00:30:01 
Duration Download Forstok 15.71679186821 Detik
Duration Looping 700 Data 180.92601799965 Detik 
Total Duration 180.9261238575 Detik 
------------------------- 
Tanggal: 21-02-2022 00:35:01 
Duration Download Forstok 12.430459022522 Detik
Duration Looping 700 Data 152.39855694771 Detik 
Total Duration 152.39866900444 Detik 
------------------------- 
Tanggal: 21-02-2022 00:40:01 
Duration Download Forstok 15.12330198288 Detik
Duration Looping 700 Data 156.10710477829 Detik 
Total Duration 156.10722899437 Detik 
------------------------- 
Tanggal: 21-02-2022 00:45:01 
Duration Download Forstok 14.998693943024 Detik
Duration Looping 700 Data 164.60668301582 Detik 
Total Duration 164.60679602623 Detik 
------------------------- 
Tanggal: 21-02-2022 00:50:01 
Duration Download Forstok 14.521153211594 Detik
Duration Looping 700 Data 152.13290405273 Detik 
Total Duration 152.133010149 Detik 
------------------------- 
Tanggal: 21-02-2022 00:55:01 
Duration Download Forstok 11.088891029358 Detik
Duration Looping 700 Data 149.01372289658 Detik 
Total Duration 149.01383185387 Detik 
------------------------- 
Tanggal: 21-02-2022 01:00:01 
Duration Download Forstok 12.977867841721 Detik
Duration Looping 700 Data 171.1516149044 Detik 
Total Duration 171.15170788765 Detik 
------------------------- 
Tanggal: 21-02-2022 01:05:01 
Duration Download Forstok 16.728434801102 Detik
Duration Looping 700 Data 154.45106697083 Detik 
Total Duration 154.45117998123 Detik 
------------------------- 
Tanggal: 21-02-2022 01:10:01 
Duration Download Forstok 13.634600877762 Detik
Duration Looping 700 Data 155.77065300941 Detik 
Total Duration 155.7707798481 Detik 
------------------------- 
Tanggal: 21-02-2022 01:15:01 
Duration Download Forstok 16.271903038025 Detik
Duration Looping 700 Data 164.99587202072 Detik 
Total Duration 164.99598288536 Detik 
------------------------- 
Tanggal: 21-02-2022 01:20:02 
Duration Download Forstok 13.874679088593 Detik
Duration Looping 700 Data 158.6388130188 Detik 
Total Duration 158.63903212547 Detik 
------------------------- 
Tanggal: 21-02-2022 01:25:01 
Duration Download Forstok 11.735267162323 Detik
Duration Looping 700 Data 152.9095351696 Detik 
Total Duration 152.90966010094 Detik 
------------------------- 
Tanggal: 21-02-2022 01:30:01 
Duration Download Forstok 13.536113023758 Detik
Duration Looping 700 Data 150.69128298759 Detik 
Total Duration 150.691395998 Detik 
------------------------- 
Tanggal: 21-02-2022 01:35:01 
Duration Download Forstok 14.368590116501 Detik
Duration Looping 700 Data 156.95802593231 Detik 
Total Duration 156.95813512802 Detik 
------------------------- 
Tanggal: 21-02-2022 01:40:01 
Duration Download Forstok 13.704879999161 Detik
Duration Looping 700 Data 161.84879589081 Detik 
Total Duration 161.84890604019 Detik 
------------------------- 
Tanggal: 21-02-2022 01:45:01 
Duration Download Forstok 13.525804042816 Detik
Duration Looping 700 Data 150.55765008926 Detik 
Total Duration 150.55776000023 Detik 
------------------------- 
Tanggal: 21-02-2022 01:50:01 
Duration Download Forstok 12.94975399971 Detik
Duration Looping 700 Data 154.5922498703 Detik 
Total Duration 154.59237194061 Detik 
------------------------- 
Tanggal: 21-02-2022 01:55:01 
Duration Download Forstok 17.256849050522 Detik
Duration Looping 700 Data 152.19926905632 Detik 
Total Duration 152.19938111305 Detik 
------------------------- 
Tanggal: 21-02-2022 02:00:01 
Duration Download Forstok 20.059455156326 Detik
Duration Looping 700 Data 163.25790214539 Detik 
Total Duration 163.2580370903 Detik 
------------------------- 
Tanggal: 21-02-2022 02:05:01 
Duration Download Forstok 18.110858917236 Detik
Duration Looping 700 Data 161.58075094223 Detik 
Total Duration 161.58086204529 Detik 
------------------------- 
Tanggal: 21-02-2022 02:10:01 
Duration Download Forstok 13.03387594223 Detik
Duration Looping 700 Data 151.07972598076 Detik 
Total Duration 151.07983613014 Detik 
------------------------- 
Tanggal: 21-02-2022 02:15:01 
Duration Download Forstok 14.3401658535 Detik
Duration Looping 700 Data 171.18177580833 Detik 
Total Duration 171.18189501762 Detik 
------------------------- 
Tanggal: 21-02-2022 02:20:01 
Duration Download Forstok 11.710530996323 Detik
Duration Looping 700 Data 156.34916591644 Detik 
Total Duration 156.34928202629 Detik 
------------------------- 
Tanggal: 21-02-2022 02:25:01 
Duration Download Forstok 14.003582954407 Detik
Duration Looping 700 Data 148.96672701836 Detik 
Total Duration 148.96685194969 Detik 
------------------------- 
Tanggal: 21-02-2022 02:30:01 
Duration Download Forstok 12.530704021454 Detik
Duration Looping 700 Data 151.07464194298 Detik 
Total Duration 151.07475304604 Detik 
------------------------- 
Tanggal: 21-02-2022 02:35:01 
Duration Download Forstok 14.767021894455 Detik
Duration Looping 700 Data 155.91880607605 Detik 
Total Duration 155.91891908646 Detik 
------------------------- 
Tanggal: 21-02-2022 02:40:01 
Duration Download Forstok 11.612030029297 Detik
Duration Looping 700 Data 153.46641111374 Detik 
Total Duration 153.46652507782 Detik 
------------------------- 
Tanggal: 21-02-2022 02:45:01 
Duration Download Forstok 20.83896112442 Detik
Duration Looping 700 Data 156.44743299484 Detik 
Total Duration 156.44754910469 Detik 
------------------------- 
Tanggal: 21-02-2022 02:50:01 
Duration Download Forstok 14.904808044434 Detik
Duration Looping 700 Data 154.83129000664 Detik 
Total Duration 154.8313999176 Detik 
------------------------- 
Tanggal: 21-02-2022 02:55:01 
Duration Download Forstok 11.919321060181 Detik
Duration Looping 700 Data 155.25792098045 Detik 
Total Duration 155.25803017616 Detik 
------------------------- 
Tanggal: 21-02-2022 03:00:01 
Duration Download Forstok 10.681235074997 Detik
Duration Looping 700 Data 146.33069705963 Detik 
Total Duration 146.33080601692 Detik 
------------------------- 
Tanggal: 21-02-2022 03:05:01 
Duration Download Forstok 14.594981908798 Detik
Duration Looping 700 Data 148.79758000374 Detik 
Total Duration 148.79768395424 Detik 
------------------------- 
Tanggal: 21-02-2022 03:10:01 
Duration Download Forstok 11.609028100967 Detik
Duration Looping 700 Data 146.15603494644 Detik 
Total Duration 146.15613603592 Detik 
------------------------- 
Tanggal: 21-02-2022 03:15:01 
Duration Download Forstok 13.501348018646 Detik
Duration Looping 700 Data 152.01655697823 Detik 
Total Duration 152.01668000221 Detik 
------------------------- 
Tanggal: 21-02-2022 03:20:01 
Duration Download Forstok 11.745667934418 Detik
Duration Looping 700 Data 147.14015507698 Detik 
Total Duration 147.14026093483 Detik 
------------------------- 
Tanggal: 21-02-2022 03:25:01 
Duration Download Forstok 11.862212896347 Detik
Duration Looping 700 Data 157.91302609444 Detik 
Total Duration 157.91315793991 Detik 
------------------------- 
Tanggal: 21-02-2022 03:30:01 
Duration Download Forstok 11.085752010345 Detik
Duration Looping 700 Data 150.54755997658 Detik 
Total Duration 150.54766702652 Detik 
------------------------- 
Tanggal: 21-02-2022 03:35:01 
Duration Download Forstok 10.344513177872 Detik
Duration Looping 700 Data 153.56057310104 Detik 
Total Duration 153.56067800522 Detik 
------------------------- 
Tanggal: 21-02-2022 03:40:01 
Duration Download Forstok 13.241829872131 Detik
Duration Looping 700 Data 152.13511991501 Detik 
Total Duration 152.13523292542 Detik 
------------------------- 
Tanggal: 21-02-2022 03:45:01 
Duration Download Forstok 15.549002170563 Detik
Duration Looping 700 Data 158.93841600418 Detik 
Total Duration 158.93853020668 Detik 
------------------------- 
Tanggal: 21-02-2022 03:50:01 
Duration Download Forstok 10.885586977005 Detik
Duration Looping 700 Data 145.2221159935 Detik 
Total Duration 145.22224903107 Detik 
------------------------- 
Tanggal: 21-02-2022 03:55:01 
Duration Download Forstok 12.095870018005 Detik
Duration Looping 700 Data 154.91485881805 Detik 
Total Duration 154.914965868 Detik 
------------------------- 
Tanggal: 21-02-2022 04:00:01 
Duration Download Forstok 20.725547075272 Detik
Duration Looping 700 Data 164.15889286995 Detik 
Total Duration 164.15899991989 Detik 
------------------------- 
Tanggal: 21-02-2022 04:05:01 
Duration Download Forstok 21.350103855133 Detik
Duration Looping 700 Data 160.14112901688 Detik 
Total Duration 160.14123392105 Detik 
------------------------- 
Tanggal: 21-02-2022 04:10:01 
Duration Download Forstok 13.881369113922 Detik
Duration Looping 700 Data 152.50011110306 Detik 
Total Duration 152.50021910667 Detik 
------------------------- 
Tanggal: 21-02-2022 04:15:01 
Duration Download Forstok 17.686099052429 Detik
Duration Looping 700 Data 171.98258399963 Detik 
Total Duration 171.9827029705 Detik 
------------------------- 
Tanggal: 21-02-2022 04:20:01 
Duration Download Forstok 12.820858955383 Detik
Duration Looping 700 Data 176.00566005707 Detik 
Total Duration 176.00577402115 Detik 
------------------------- 
Tanggal: 21-02-2022 04:25:01 
Duration Download Forstok 13.561038017273 Detik
Duration Looping 700 Data 150.1848180294 Detik 
Total Duration 150.18493390083 Detik 
------------------------- 
Tanggal: 21-02-2022 04:30:01 
Duration Download Forstok 14.299152135849 Detik
Duration Looping 700 Data 154.83165311813 Detik 
Total Duration 154.83175802231 Detik 
------------------------- 
Tanggal: 21-02-2022 04:35:01 
Duration Download Forstok 15.700356006622 Detik
Duration Looping 700 Data 154.05029392242 Detik 
Total Duration 154.05040788651 Detik 
------------------------- 
Tanggal: 21-02-2022 04:40:01 
Duration Download Forstok 15.06614279747 Detik
Duration Looping 700 Data 154.91191887856 Detik 
Total Duration 154.91202783585 Detik 
------------------------- 
Tanggal: 21-02-2022 04:45:02 
Duration Download Forstok 14.656141996384 Detik
Duration Looping 700 Data 153.92863988876 Detik 
Total Duration 153.92877292633 Detik 
------------------------- 
Tanggal: 21-02-2022 04:50:01 
Duration Download Forstok 12.002198934555 Detik
Duration Looping 700 Data 153.06348395348 Detik 
Total Duration 153.06363487244 Detik 
------------------------- 
Tanggal: 21-02-2022 04:55:01 
Duration Download Forstok 18.340213060379 Detik
Duration Looping 700 Data 158.62719893456 Detik 
Total Duration 158.62732291222 Detik 
------------------------- 
Tanggal: 21-02-2022 05:00:01 
Duration Download Forstok 15.269019126892 Detik
Duration Looping 700 Data 154.93877196312 Detik 
Total Duration 154.93888616562 Detik 
------------------------- 
Tanggal: 21-02-2022 05:05:01 
Duration Download Forstok 13.665128946304 Detik
Duration Looping 700 Data 148.82308506966 Detik 
Total Duration 148.82318997383 Detik 
------------------------- 
Tanggal: 21-02-2022 05:10:01 
Duration Download Forstok 15.087795972824 Detik
Duration Looping 700 Data 152.18198394775 Detik 
Total Duration 152.18208193779 Detik 
------------------------- 
Tanggal: 21-02-2022 05:15:01 
Duration Download Forstok 17.102671146393 Detik
Duration Looping 700 Data 167.25146198273 Detik 
Total Duration 167.25157594681 Detik 
------------------------- 
Tanggal: 21-02-2022 05:20:02 
Duration Download Forstok 11.819278001785 Detik
Duration Looping 700 Data 147.02968406677 Detik 
Total Duration 147.02983093262 Detik 
------------------------- 
Tanggal: 21-02-2022 05:25:02 
Duration Download Forstok 13.570314884186 Detik
Duration Looping 700 Data 151.69735884666 Detik 
Total Duration 151.69749593735 Detik 
------------------------- 
Tanggal: 21-02-2022 05:30:01 
Duration Download Forstok 16.172224998474 Detik
Duration Looping 700 Data 150.79439592361 Detik 
Total Duration 150.79449892044 Detik 
------------------------- 
Tanggal: 21-02-2022 05:35:01 
Duration Download Forstok 15.856081008911 Detik
Duration Looping 700 Data 153.93924307823 Detik 
Total Duration 153.93934822083 Detik 
------------------------- 
Tanggal: 21-02-2022 05:40:01 
Duration Download Forstok 12.086628913879 Detik
Duration Looping 700 Data 162.16357183456 Detik 
Total Duration 162.16367888451 Detik 
------------------------- 
Tanggal: 21-02-2022 05:45:01 
Duration Download Forstok 20.254615068436 Detik
Duration Looping 700 Data 155.45393514633 Detik 
Total Duration 155.45404314995 Detik 
------------------------- 
Tanggal: 21-02-2022 05:50:01 
Duration Download Forstok 13.325318813324 Detik
Duration Looping 700 Data 159.66742682457 Detik 
Total Duration 159.66754102707 Detik 
------------------------- 
Tanggal: 21-02-2022 05:55:01 
Duration Download Forstok 13.033231019974 Detik
Duration Looping 700 Data 148.70804190636 Detik 
Total Duration 148.70815396309 Detik 
------------------------- 
Tanggal: 21-02-2022 06:00:01 
Duration Download Forstok 11.351966142654 Detik
Duration Looping 700 Data 147.52086210251 Detik 
Total Duration 147.52098202705 Detik 
------------------------- 
Tanggal: 21-02-2022 06:05:01 
Duration Download Forstok 13.094738006592 Detik
Duration Looping 700 Data 166.24130988121 Detik 
Total Duration 166.24142599106 Detik 
------------------------- 
Tanggal: 21-02-2022 06:10:01 
Duration Download Forstok 14.078325033188 Detik
Duration Looping 700 Data 166.17818307877 Detik 
Total Duration 166.17830109596 Detik 
------------------------- 
Tanggal: 21-02-2022 06:15:01 
Duration Download Forstok 15.581227064133 Detik
Duration Looping 700 Data 151.98373699188 Detik 
Total Duration 151.98385310173 Detik 
------------------------- 
Tanggal: 21-02-2022 06:20:01 
Duration Download Forstok 15.238516807556 Detik
Duration Looping 700 Data 154.74765396118 Detik 
Total Duration 154.7477619648 Detik 
------------------------- 
Tanggal: 21-02-2022 06:25:01 
Duration Download Forstok 12.690274000168 Detik
Duration Looping 700 Data 147.90527296066 Detik 
Total Duration 147.9053800106 Detik 
------------------------- 
Tanggal: 21-02-2022 06:30:01 
Duration Download Forstok 12.79274892807 Detik
Duration Looping 700 Data 162.74732208252 Detik 
Total Duration 162.74743890762 Detik 
------------------------- 
Tanggal: 21-02-2022 06:35:01 
Duration Download Forstok 14.124320983887 Detik
Duration Looping 700 Data 161.77215003967 Detik 
Total Duration 161.77226686478 Detik 
------------------------- 
Tanggal: 21-02-2022 06:40:01 
Duration Download Forstok 11.822292089462 Detik
Duration Looping 700 Data 160.29024910927 Detik 
Total Duration 160.29036402702 Detik 
------------------------- 
Tanggal: 21-02-2022 06:45:01 
Duration Download Forstok 17.258162975311 Detik
Duration Looping 700 Data 161.48449611664 Detik 
Total Duration 161.48462414742 Detik 
------------------------- 
Tanggal: 21-02-2022 06:50:01 
Duration Download Forstok 12.50969004631 Detik
Duration Looping 700 Data 152.11410784721 Detik 
Total Duration 152.11421298981 Detik 
------------------------- 
Tanggal: 21-02-2022 06:55:01 
Duration Download Forstok 13.080583810806 Detik
Duration Looping 700 Data 147.59257388115 Detik 
Total Duration 147.59268689156 Detik 
------------------------- 
Tanggal: 21-02-2022 07:00:01 
Duration Download Forstok 13.469012022018 Detik
Duration Looping 700 Data 155.48760509491 Detik 
Total Duration 155.48771500587 Detik 
------------------------- 
Tanggal: 21-02-2022 07:05:01 
Duration Download Forstok 19.179963827133 Detik
Duration Looping 700 Data 175.29911494255 Detik 
Total Duration 175.29922986031 Detik 
------------------------- 
Tanggal: 21-02-2022 07:10:01 
Duration Download Forstok 15.811097145081 Detik
Duration Looping 700 Data 149.83053803444 Detik 
Total Duration 149.83067393303 Detik 
------------------------- 
Tanggal: 21-02-2022 07:15:01 
Duration Download Forstok 21.819090127945 Detik
Duration Looping 700 Data 157.73793697357 Detik 
Total Duration 157.73804497719 Detik 
------------------------- 
Tanggal: 21-02-2022 07:20:01 
Duration Download Forstok 13.889743089676 Detik
Duration Looping 700 Data 151.11132693291 Detik 
Total Duration 151.1114320755 Detik 
------------------------- 
Tanggal: 21-02-2022 07:25:01 
Duration Download Forstok 16.111645936966 Detik
Duration Looping 700 Data 152.3152449131 Detik 
Total Duration 152.31535792351 Detik 
------------------------- 
Tanggal: 21-02-2022 07:30:01 
Duration Download Forstok 12.310346126556 Detik
Duration Looping 700 Data 147.16081905365 Detik 
Total Duration 147.16092610359 Detik 
------------------------- 
Tanggal: 21-02-2022 07:35:01 
Duration Download Forstok 15.04172706604 Detik
Duration Looping 700 Data 161.55759620667 Detik 
Total Duration 161.55771422386 Detik 
------------------------- 
Tanggal: 21-02-2022 07:40:01 
Duration Download Forstok 15.134076833725 Detik
Duration Looping 700 Data 155.1965098381 Detik 
Total Duration 155.19661998749 Detik 
------------------------- 
Tanggal: 21-02-2022 07:45:01 
Duration Download Forstok 12.519052028656 Detik
Duration Looping 700 Data 152.13134407997 Detik 
Total Duration 152.13145399094 Detik 
------------------------- 
Tanggal: 21-02-2022 07:50:01 
Duration Download Forstok 18.522373199463 Detik
Duration Looping 700 Data 172.48460006714 Detik 
Total Duration 172.4847111702 Detik 
------------------------- 
Tanggal: 21-02-2022 07:55:01 
Duration Download Forstok 12.878943920135 Detik
Duration Looping 700 Data 148.47891807556 Detik 
Total Duration 148.47902703285 Detik 
------------------------- 
Tanggal: 21-02-2022 08:00:01 
Duration Download Forstok 14.038352966309 Detik
Duration Looping 700 Data 153.41377902031 Detik 
Total Duration 153.41388702393 Detik 
------------------------- 
Tanggal: 21-02-2022 08:05:01 
Duration Download Forstok 19.059509992599 Detik
Duration Looping 700 Data 158.47137999535 Detik 
Total Duration 158.4715359211 Detik 
------------------------- 
Tanggal: 21-02-2022 08:10:02 
Duration Download Forstok 15.325162887573 Detik
Duration Looping 700 Data 158.45445203781 Detik 
Total Duration 158.45456600189 Detik 
------------------------- 
Tanggal: 21-02-2022 08:15:01 
Duration Download Forstok 20.632459878922 Detik
Duration Looping 700 Data 169.95389008522 Detik 
Total Duration 169.95397996902 Detik 
------------------------- 
Tanggal: 21-02-2022 08:20:01 
Duration Download Forstok 13.691179990768 Detik
Duration Looping 700 Data 159.08747601509 Detik 
Total Duration 159.08758401871 Detik 
------------------------- 
Tanggal: 21-02-2022 08:25:01 
Duration Download Forstok 12.014976024628 Detik
Duration Looping 700 Data 159.8942630291 Detik 
Total Duration 159.89437794685 Detik 
------------------------- 
Tanggal: 21-02-2022 08:30:01 
Duration Download Forstok 13.508032083511 Detik
Duration Looping 700 Data 160.72864603996 Detik 
Total Duration 160.72875499725 Detik 
------------------------- 
Tanggal: 21-02-2022 08:35:01 
Duration Download Forstok 13.689392089844 Detik
Duration Looping 700 Data 159.66389203072 Detik 
Total Duration 159.66400098801 Detik 
------------------------- 
Tanggal: 21-02-2022 08:40:01 
Duration Download Forstok 12.708621025085 Detik
Duration Looping 700 Data 165.90409183502 Detik 
Total Duration 165.90421485901 Detik 
------------------------- 
Tanggal: 21-02-2022 08:45:01 
Duration Download Forstok 16.775151014328 Detik
Duration Looping 700 Data 163.44440484047 Detik 
Total Duration 163.44450497627 Detik 
------------------------- 
Tanggal: 21-02-2022 08:50:01 
Duration Download Forstok 14.054562091827 Detik
Duration Looping 700 Data 169.05480098724 Detik 
Total Duration 169.05493402481 Detik 
------------------------- 
Tanggal: 21-02-2022 08:55:01 
Duration Download Forstok 12.29248380661 Detik
Duration Looping 700 Data 166.84733200073 Detik 
Total Duration 166.84744596481 Detik 
------------------------- 
Tanggal: 21-02-2022 09:00:01 
Duration Download Forstok 14.378942966461 Detik
Duration Looping 700 Data 163.95720791817 Detik 
Total Duration 163.95732212067 Detik 
------------------------- 
Tanggal: 21-02-2022 09:05:01 
Duration Download Forstok 17.694489002228 Detik
Duration Looping 700 Data 169.40022993088 Detik 
Total Duration 169.40034580231 Detik 
------------------------- 
Tanggal: 21-02-2022 09:10:01 
Duration Download Forstok 14.725610971451 Detik
Duration Looping 700 Data 164.276927948 Detik 
Total Duration 164.27706384659 Detik 
------------------------- 
Tanggal: 21-02-2022 09:15:01 
Duration Download Forstok 16.45947599411 Detik
Duration Looping 700 Data 173.54971909523 Detik 
Total Duration 173.5498380661 Detik 
------------------------- 
Tanggal: 21-02-2022 09:20:01 
Duration Download Forstok 16.065555810928 Detik
Duration Looping 700 Data 171.93827080727 Detik 
Total Duration 171.93838691711 Detik 
------------------------- 
Tanggal: 21-02-2022 09:25:01 
Duration Download Forstok 13.10036611557 Detik
Duration Looping 700 Data 165.12792897224 Detik 
Total Duration 165.12805008888 Detik 
------------------------- 
Tanggal: 21-02-2022 09:30:01 
Duration Download Forstok 14.922452926636 Detik
Duration Looping 700 Data 170.577450037 Detik 
Total Duration 170.57757210732 Detik 
------------------------- 
Tanggal: 21-02-2022 09:35:01 
Duration Download Forstok 14.487520933151 Detik
Duration Looping 700 Data 170.01049399376 Detik 
Total Duration 170.01065587997 Detik 
------------------------- 
Tanggal: 21-02-2022 09:40:01 
Duration Download Forstok 21.4354429245 Detik
Duration Looping 700 Data 174.18495607376 Detik 
Total Duration 174.18507599831 Detik 
------------------------- 
Tanggal: 21-02-2022 09:45:01 
Duration Download Forstok 16.479262113571 Detik
Duration Looping 700 Data 166.99950504303 Detik 
Total Duration 166.99957919121 Detik 
------------------------- 
Tanggal: 21-02-2022 09:50:01 
Duration Download Forstok 14.080389022827 Detik
Duration Looping 700 Data 164.01547884941 Detik 
Total Duration 164.01558089256 Detik 
------------------------- 
Tanggal: 21-02-2022 09:55:01 
Duration Download Forstok 14.256196975708 Detik
Duration Looping 700 Data 167.45693397522 Detik 
Total Duration 167.45705294609 Detik 
------------------------- 
Tanggal: 21-02-2022 10:00:01 
Duration Download Forstok 16.181104898453 Detik
Duration Looping 700 Data 166.65483689308 Detik 
Total Duration 166.65495491028 Detik 
------------------------- 
Tanggal: 21-02-2022 10:05:01 
Duration Download Forstok 20.623818874359 Detik
Duration Looping 700 Data 173.86731791496 Detik 
Total Duration 173.86743593216 Detik 
------------------------- 
Tanggal: 21-02-2022 10:10:01 
Duration Download Forstok 16.397171974182 Detik
Duration Looping 700 Data 169.7838511467 Detik 
Total Duration 169.78396391869 Detik 
------------------------- 
Tanggal: 21-02-2022 10:15:01 
Duration Download Forstok 17.544070959091 Detik
Duration Looping 700 Data 172.02593588829 Detik 
Total Duration 172.02603602409 Detik 
------------------------- 
Tanggal: 21-02-2022 10:20:01 
Duration Download Forstok 13.326760053635 Detik
Duration Looping 700 Data 172.1419711113 Detik 
Total Duration 172.14210009575 Detik 
------------------------- 
Tanggal: 21-02-2022 10:25:01 
Duration Download Forstok 14.33745098114 Detik
Duration Looping 700 Data 164.83922696114 Detik 
Total Duration 164.83931994438 Detik 
------------------------- 
Tanggal: 21-02-2022 10:30:01 
Duration Download Forstok 13.844011068344 Detik
Duration Looping 700 Data 163.22653889656 Detik 
Total Duration 163.22665405273 Detik 
------------------------- 
Tanggal: 21-02-2022 10:35:01 
Duration Download Forstok 13.530542850494 Detik
Duration Looping 700 Data 164.06289792061 Detik 
Total Duration 164.06301093102 Detik 
------------------------- 
Tanggal: 21-02-2022 10:40:01 
Duration Download Forstok 15.009073972702 Detik
Duration Looping 700 Data 169.76551699638 Detik 
Total Duration 169.76564502716 Detik 
------------------------- 
Tanggal: 21-02-2022 10:45:01 
Duration Download Forstok 17.42231297493 Detik
Duration Looping 700 Data 167.22809410095 Detik 
Total Duration 167.22820305824 Detik 
------------------------- 
Tanggal: 21-02-2022 10:50:01 
Duration Download Forstok 13.914484977722 Detik
Duration Looping 700 Data 168.54667401314 Detik 
Total Duration 168.54680299759 Detik 
------------------------- 
Tanggal: 21-02-2022 10:55:01 
Duration Download Forstok 13.999499797821 Detik
Duration Looping 700 Data 167.48988485336 Detik 
Total Duration 167.49000191689 Detik 
------------------------- 
Tanggal: 21-02-2022 11:00:01 
Duration Download Forstok 21.145439863205 Detik
Duration Looping 700 Data 171.14063286781 Detik 
Total Duration 171.14075994492 Detik 
------------------------- 
Tanggal: 21-02-2022 11:05:01 
Duration Download Forstok 23.787017822266 Detik
Duration Looping 700 Data 174.10660290718 Detik 
Total Duration 174.10673689842 Detik 
------------------------- 
Tanggal: 21-02-2022 11:10:01 
Duration Download Forstok 14.647261857986 Detik
Duration Looping 700 Data 169.13467693329 Detik 
Total Duration 169.13478589058 Detik 
------------------------- 
Tanggal: 21-02-2022 11:15:01 
Duration Download Forstok 25.597929000854 Detik
Duration Looping 700 Data 182.99714708328 Detik 
Total Duration 182.99722099304 Detik 
------------------------- 
Tanggal: 21-02-2022 11:20:01 
Duration Download Forstok 13.246766805649 Detik
Duration Looping 700 Data 166.22276592255 Detik 
Total Duration 166.22287392616 Detik 
------------------------- 
Tanggal: 21-02-2022 11:25:01 
Duration Download Forstok 18.619230031967 Detik
Duration Looping 700 Data 167.81679201126 Detik 
Total Duration 167.81691002846 Detik 
------------------------- 
Tanggal: 21-02-2022 11:30:01 
Duration Download Forstok 20.618601799011 Detik
Duration Looping 700 Data 168.58440494537 Detik 
Total Duration 168.58452296257 Detik 
------------------------- 
Tanggal: 21-02-2022 11:35:02 
Duration Download Forstok 18.932649850845 Detik
Duration Looping 700 Data 175.30715990067 Detik 
Total Duration 175.30728292465 Detik 
------------------------- 
Tanggal: 21-02-2022 11:40:01 
Duration Download Forstok 16.684070825577 Detik
Duration Looping 700 Data 166.02394580841 Detik 
Total Duration 166.024050951 Detik 
------------------------- 
Tanggal: 21-02-2022 11:45:01 
Duration Download Forstok 15.056393861771 Detik
Duration Looping 700 Data 166.84000301361 Detik 
Total Duration 166.84009790421 Detik 
------------------------- 
Tanggal: 21-02-2022 11:50:01 
Duration Download Forstok 16.083584070206 Detik
Duration Looping 700 Data 162.60130000114 Detik 
Total Duration 162.60141515732 Detik 
------------------------- 
Tanggal: 21-02-2022 11:55:01 
Duration Download Forstok 19.857446908951 Detik
Duration Looping 700 Data 166.97147679329 Detik 
Total Duration 166.97158694267 Detik 
------------------------- 
Tanggal: 21-02-2022 12:00:01 
Duration Download Forstok 15.846504926682 Detik
Duration Looping 700 Data 167.83900403976 Detik 
Total Duration 167.8391020298 Detik 
------------------------- 
Tanggal: 21-02-2022 12:05:01 
Duration Download Forstok 18.305046081543 Detik
Duration Looping 700 Data 167.57565808296 Detik 
Total Duration 167.57578992844 Detik 
------------------------- 
Tanggal: 21-02-2022 12:10:01 
Duration Download Forstok 12.375112056732 Detik
Duration Looping 700 Data 159.37866711617 Detik 
Total Duration 159.37878918648 Detik 
------------------------- 
Tanggal: 21-02-2022 12:15:01 
Duration Download Forstok 18.812601804733 Detik
Duration Looping 700 Data 166.98897385597 Detik 
Total Duration 166.98905396461 Detik 
------------------------- 
Tanggal: 21-02-2022 12:20:01 
Duration Download Forstok 15.964980840683 Detik
Duration Looping 700 Data 163.48075199127 Detik 
Total Duration 163.48087000847 Detik 
------------------------- 
Tanggal: 21-02-2022 12:25:01 
Duration Download Forstok 14.29235291481 Detik
Duration Looping 700 Data 166.55832695961 Detik 
Total Duration 166.55843710899 Detik 
------------------------- 
Tanggal: 21-02-2022 12:30:01 
Duration Download Forstok 21.846918106079 Detik
Duration Looping 700 Data 163.96537709236 Detik 
Total Duration 163.96548509598 Detik 
------------------------- 
Tanggal: 21-02-2022 12:35:01 
Duration Download Forstok 19.876852989197 Detik
Duration Looping 700 Data 164.673183918 Detik 
Total Duration 164.67330789566 Detik 
------------------------- 
Tanggal: 21-02-2022 12:40:01 
Duration Download Forstok 14.459755897522 Detik
Duration Looping 700 Data 160.3849670887 Detik 
Total Duration 160.38507294655 Detik 
------------------------- 
Tanggal: 21-02-2022 12:45:01 
Duration Download Forstok 14.533643007278 Detik
Duration Looping 700 Data 161.42130303383 Detik 
Total Duration 161.42138910294 Detik 
------------------------- 
Tanggal: 21-02-2022 12:50:01 
Duration Download Forstok 16.360803842545 Detik
Duration Looping 700 Data 166.92938280106 Detik 
Total Duration 166.92951989174 Detik 
------------------------- 
Tanggal: 21-02-2022 12:55:01 
Duration Download Forstok 15.356595039368 Detik
Duration Looping 700 Data 160.3670270443 Detik 
Total Duration 160.36713600159 Detik 
------------------------- 
Tanggal: 21-02-2022 13:00:01 
Duration Download Forstok 17.665066957474 Detik
Duration Looping 700 Data 164.14205884933 Detik 
Total Duration 164.14214491844 Detik 
------------------------- 
Tanggal: 21-02-2022 13:05:01 
Duration Download Forstok 21.83708691597 Detik
Duration Looping 700 Data 173.71326398849 Detik 
Total Duration 173.7133769989 Detik 
------------------------- 
Tanggal: 21-02-2022 13:10:01 
Duration Download Forstok 16.262372970581 Detik
Duration Looping 700 Data 172.66930794716 Detik 
Total Duration 172.66942191124 Detik 
------------------------- 
Tanggal: 21-02-2022 13:15:01 
Duration Download Forstok 16.992066144943 Detik
Duration Looping 700 Data 169.1423330307 Detik 
Total Duration 169.14244318008 Detik 
------------------------- 
Tanggal: 21-02-2022 13:20:01 
Duration Download Forstok 14.009058952332 Detik
Duration Looping 700 Data 168.94858598709 Detik 
Total Duration 168.9487080574 Detik 
------------------------- 
Tanggal: 21-02-2022 13:25:01 
Duration Download Forstok 14.870389938354 Detik
Duration Looping 700 Data 169.61475396156 Detik 
Total Duration 169.61487007141 Detik 
------------------------- 
Tanggal: 21-02-2022 13:30:01 
Duration Download Forstok 16.241624116898 Detik
Duration Looping 700 Data 168.36105012894 Detik 
Total Duration 168.36113500595 Detik 
------------------------- 
Tanggal: 21-02-2022 13:35:01 
Duration Download Forstok 24.11639213562 Detik
Duration Looping 700 Data 174.39878892899 Detik 
Total Duration 174.39890003204 Detik 
------------------------- 
Tanggal: 21-02-2022 13:40:01 
Duration Download Forstok 14.143041849136 Detik
Duration Looping 700 Data 163.77504706383 Detik 
Total Duration 163.77512693405 Detik 
------------------------- 
Tanggal: 21-02-2022 13:45:01 
Duration Download Forstok 21.730978965759 Detik
Duration Looping 700 Data 178.03054690361 Detik 
Total Duration 178.03066682816 Detik 
------------------------- 
Tanggal: 21-02-2022 13:50:01 
Duration Download Forstok 15.989842176437 Detik
Duration Looping 700 Data 170.77013111115 Detik 
Total Duration 170.77024507523 Detik 
------------------------- 
Tanggal: 21-02-2022 13:55:01 
Duration Download Forstok 15.995344161987 Detik
Duration Looping 700 Data 168.82884907722 Detik 
Total Duration 168.82893419266 Detik 
------------------------- 
Tanggal: 21-02-2022 14:00:01 
Duration Download Forstok 14.989634037018 Detik
Duration Looping 700 Data 167.82373404503 Detik 
Total Duration 167.82386207581 Detik 
------------------------- 
Tanggal: 21-02-2022 14:05:01 
Duration Download Forstok 27.894807100296 Detik
Duration Looping 700 Data 182.671875 Detik 
Total Duration 182.67199397087 Detik 
------------------------- 
Tanggal: 21-02-2022 14:10:01 
Duration Download Forstok 15.202579975128 Detik
Duration Looping 700 Data 169.07327198982 Detik 
Total Duration 169.07336688042 Detik 
------------------------- 
Tanggal: 21-02-2022 14:15:01 
Duration Download Forstok 19.022836923599 Detik
Duration Looping 700 Data 173.54009985924 Detik 
Total Duration 173.54018688202 Detik 
------------------------- 
Tanggal: 21-02-2022 14:20:01 
Duration Download Forstok 18.161112070084 Detik
Duration Looping 700 Data 172.27247309685 Detik 
Total Duration 172.27258014679 Detik 
------------------------- 
Tanggal: 21-02-2022 14:25:01 
Duration Download Forstok 15.608297109604 Detik
Duration Looping 700 Data 166.82906603813 Detik 
Total Duration 166.82918715477 Detik 
------------------------- 
Tanggal: 21-02-2022 14:30:01 
Duration Download Forstok 13.768657922745 Detik
Duration Looping 700 Data 171.20081710815 Detik 
Total Duration 171.20093393326 Detik 
------------------------- 
Tanggal: 21-02-2022 14:35:01 
Duration Download Forstok 14.273146867752 Detik
Duration Looping 700 Data 167.6300868988 Detik 
Total Duration 167.63021206856 Detik 
------------------------- 
Tanggal: 21-02-2022 14:40:01 
Duration Download Forstok 16.710548877716 Detik
Duration Looping 700 Data 170.53115296364 Detik 
Total Duration 170.53124690056 Detik 
------------------------- 
Tanggal: 21-02-2022 14:45:02 
Duration Download Forstok 20.008224964142 Detik
Duration Looping 700 Data 177.84362602234 Detik 
Total Duration 177.8437371254 Detik 
------------------------- 
Tanggal: 21-02-2022 14:50:01 
Duration Download Forstok 19.056071996689 Detik
Duration Looping 700 Data 178.21551299095 Detik 
Total Duration 178.21562099457 Detik 
------------------------- 
Tanggal: 21-02-2022 14:55:01 
Duration Download Forstok 13.976418018341 Detik
Duration Looping 700 Data 168.1643178463 Detik 
Total Duration 168.16444706917 Detik 
------------------------- 
Tanggal: 21-02-2022 15:00:01 
Duration Download Forstok 14.026650905609 Detik
Duration Looping 700 Data 170.31060290337 Detik 
Total Duration 170.31071209908 Detik 
------------------------- 
Tanggal: 21-02-2022 15:05:01 
Duration Download Forstok 19.908451080322 Detik
Duration Looping 700 Data 176.6329100132 Detik 
Total Duration 176.63301706314 Detik 
------------------------- 
Tanggal: 21-02-2022 15:10:01 
Duration Download Forstok 17.115793943405 Detik
Duration Looping 700 Data 175.07281589508 Detik 
Total Duration 175.07291507721 Detik 
------------------------- 
Tanggal: 21-02-2022 15:15:01 
Duration Download Forstok 19.347949028015 Detik
Duration Looping 700 Data 177.27744197845 Detik 
Total Duration 177.27757000923 Detik 
------------------------- 
Tanggal: 21-02-2022 15:20:01 
Duration Download Forstok 15.471710920334 Detik
Duration Looping 700 Data 170.63651585579 Detik 
Total Duration 170.63663291931 Detik 
------------------------- 
Tanggal: 21-02-2022 15:25:01 
Duration Download Forstok 15.369303941727 Detik
Duration Looping 700 Data 171.662981987 Detik 
Total Duration 171.66309809685 Detik 
------------------------- 
Tanggal: 21-02-2022 15:30:01 
Duration Download Forstok 17.377616167068 Detik
Duration Looping 700 Data 176.96331095695 Detik 
Total Duration 176.96343302727 Detik 
------------------------- 
Tanggal: 21-02-2022 15:35:02 
Duration Download Forstok 15.812129020691 Detik
Duration Looping 700 Data 169.47148394585 Detik 
Total Duration 169.47159099579 Detik 
------------------------- 
Tanggal: 21-02-2022 15:40:01 
Duration Download Forstok 13.663610935211 Detik
Duration Looping 700 Data 169.82477402687 Detik 
Total Duration 169.82488298416 Detik 
------------------------- 
Tanggal: 21-02-2022 15:45:01 
Duration Download Forstok 18.478450059891 Detik
Duration Looping 700 Data 172.81810903549 Detik 
Total Duration 172.81822800636 Detik 
------------------------- 
Tanggal: 21-02-2022 15:50:01 
Duration Download Forstok 18.070955991745 Detik
Duration Looping 700 Data 174.24600815773 Detik 
Total Duration 174.24614596367 Detik 
------------------------- 
Tanggal: 21-02-2022 15:55:01 
Duration Download Forstok 15.434213161469 Detik
Duration Looping 700 Data 173.06205296516 Detik 
Total Duration 173.06216597557 Detik 
------------------------- 
Tanggal: 21-02-2022 16:00:01 
Duration Download Forstok 15.223430871964 Detik
Duration Looping 700 Data 173.97010707855 Detik 
Total Duration 173.97022294998 Detik 
------------------------- 
Tanggal: 21-02-2022 16:05:01 
Duration Download Forstok 26.086691856384 Detik
Duration Looping 700 Data 182.25230908394 Detik 
Total Duration 182.25240492821 Detik 
------------------------- 
Tanggal: 21-02-2022 16:10:01 
Duration Download Forstok 12.25678396225 Detik
Duration Looping 700 Data 168.42567682266 Detik 
Total Duration 168.42579388618 Detik 
------------------------- 
Tanggal: 21-02-2022 16:15:01 
Duration Download Forstok 28.284678936005 Detik
Duration Looping 700 Data 187.51921987534 Detik 
Total Duration 187.51933598518 Detik 
------------------------- 
Tanggal: 21-02-2022 16:20:01 
Duration Download Forstok 13.812973022461 Detik
Duration Looping 700 Data 170.36135005951 Detik 
Total Duration 170.36146807671 Detik 
------------------------- 
Tanggal: 21-02-2022 16:25:01 
Duration Download Forstok 14.849678039551 Detik
Duration Looping 700 Data 173.95249700546 Detik 
Total Duration 173.95261287689 Detik 
------------------------- 
Tanggal: 21-02-2022 16:30:01 
Duration Download Forstok 11.388663053513 Detik
Duration Looping 700 Data 168.76412296295 Detik 
Total Duration 168.76424407959 Detik 
------------------------- 
Tanggal: 21-02-2022 16:35:01 
Duration Download Forstok 15.66859292984 Detik
Duration Looping 700 Data 177.64977502823 Detik 
Total Duration 177.64989995956 Detik 
------------------------- 
Tanggal: 21-02-2022 16:40:01 
Duration Download Forstok 20.665488004684 Detik
Duration Looping 700 Data 178.33716416359 Detik 
Total Duration 178.33729600906 Detik 
------------------------- 
Tanggal: 21-02-2022 16:45:01 
Duration Download Forstok 18.960091114044 Detik
Duration Looping 700 Data 177.86391997337 Detik 
Total Duration 177.86401605606 Detik 
------------------------- 
Tanggal: 21-02-2022 16:50:01 
Duration Download Forstok 19.694579124451 Detik
Duration Looping 700 Data 183.5951590538 Detik 
Total Duration 183.59527111053 Detik 
------------------------- 
Tanggal: 21-02-2022 16:55:01 
Duration Download Forstok 20.099483013153 Detik
Duration Looping 700 Data 176.92740893364 Detik 
Total Duration 176.92750501633 Detik 
------------------------- 
Tanggal: 21-02-2022 17:00:01 
Duration Download Forstok 19.759797811508 Detik
Duration Looping 700 Data 176.8861978054 Detik 
Total Duration 176.88630700111 Detik 
------------------------- 
Tanggal: 21-02-2022 17:05:01 
Duration Download Forstok 23.071450948715 Detik
Duration Looping 700 Data 179.00235199928 Detik 
Total Duration 179.00246191025 Detik 
------------------------- 
Tanggal: 21-02-2022 17:10:01 
Duration Download Forstok 19.390475034714 Detik
Duration Looping 700 Data 176.15441417694 Detik 
Total Duration 176.15452694893 Detik 
------------------------- 
Tanggal: 21-02-2022 17:15:01 
Duration Download Forstok 26.901098966599 Detik
Duration Looping 700 Data 179.84901595116 Detik 
Total Duration 179.84914302826 Detik 
------------------------- 
Tanggal: 21-02-2022 17:20:01 
Duration Download Forstok 15.806882858276 Detik
Duration Looping 700 Data 166.09143900871 Detik 
Total Duration 166.09156179428 Detik 
------------------------- 
Tanggal: 21-02-2022 17:25:01 
Duration Download Forstok 15.537329912186 Detik
Duration Looping 700 Data 167.48372602463 Detik 
Total Duration 167.48382091522 Detik 
------------------------- 
Tanggal: 21-02-2022 17:30:01 
Duration Download Forstok 16.04717707634 Detik
Duration Looping 700 Data 173.52701401711 Detik 
Total Duration 173.52712607384 Detik 
------------------------- 
Tanggal: 21-02-2022 17:35:01 
Duration Download Forstok 20.811551094055 Detik
Duration Looping 700 Data 172.10952591896 Detik 
Total Duration 172.10963606834 Detik 
------------------------- 
Tanggal: 21-02-2022 17:40:01 
Duration Download Forstok 15.48902797699 Detik
Duration Looping 700 Data 173.95255804062 Detik 
Total Duration 173.95267295837 Detik 
------------------------- 
Tanggal: 21-02-2022 17:45:01 
Duration Download Forstok 19.186631917953 Detik
Duration Looping 700 Data 167.0817489624 Detik 
Total Duration 167.08185100555 Detik 
------------------------- 
Tanggal: 21-02-2022 17:50:01 
Duration Download Forstok 16.491123199463 Detik
Duration Looping 700 Data 170.3966012001 Detik 
Total Duration 170.39674806595 Detik 
------------------------- 
Tanggal: 21-02-2022 17:55:01 
Duration Download Forstok 17.313352823257 Detik
Duration Looping 700 Data 174.6329369545 Detik 
Total Duration 174.63308787346 Detik 
------------------------- 
Tanggal: 21-02-2022 18:00:01 
Duration Download Forstok 14.132943868637 Detik
Duration Looping 700 Data 164.0934278965 Detik 
Total Duration 164.09353804588 Detik 
------------------------- 
Tanggal: 21-02-2022 18:05:01 
Duration Download Forstok 26.795895814896 Detik
Duration Looping 700 Data 188.88448286057 Detik 
Total Duration 188.88459396362 Detik 
------------------------- 
Tanggal: 21-02-2022 18:10:01 
Duration Download Forstok 16.280308961868 Detik
Duration Looping 700 Data 164.16026496887 Detik 
Total Duration 164.16037487984 Detik 
------------------------- 
Tanggal: 21-02-2022 18:15:01 
Duration Download Forstok 20.373178005219 Detik
Duration Looping 700 Data 169.29641985893 Detik 
Total Duration 169.29652190208 Detik 
------------------------- 
Tanggal: 21-02-2022 18:20:01 
Duration Download Forstok 13.824769973755 Detik
Duration Looping 700 Data 167.40728592873 Detik 
Total Duration 167.40739107132 Detik 
------------------------- 
Tanggal: 21-02-2022 18:25:01 
Duration Download Forstok 14.254304885864 Detik
Duration Looping 700 Data 162.55397200584 Detik 
Total Duration 162.55408787727 Detik 
------------------------- 
Tanggal: 21-02-2022 18:30:01 
Duration Download Forstok 14.158499002457 Detik
Duration Looping 700 Data 161.28591418266 Detik 
Total Duration 161.28602910042 Detik 
------------------------- 
Tanggal: 21-02-2022 18:35:01 
Duration Download Forstok 14.084640026093 Detik
Duration Looping 700 Data 176.30648684502 Detik 
Total Duration 176.30660295486 Detik 
------------------------- 
Tanggal: 21-02-2022 18:40:01 
Duration Download Forstok 15.752018213272 Detik
Duration Looping 700 Data 164.85859107971 Detik 
Total Duration 164.85870909691 Detik 
------------------------- 
Tanggal: 21-02-2022 18:45:01 
Duration Download Forstok 21.383413076401 Detik
Duration Looping 700 Data 180.88942313194 Detik 
Total Duration 180.88953495026 Detik 
------------------------- 
Tanggal: 21-02-2022 18:50:01 
Duration Download Forstok 13.336165904999 Detik
Duration Looping 700 Data 164.35490489006 Detik 
Total Duration 164.35501003265 Detik 
------------------------- 
Tanggal: 21-02-2022 18:55:01 
Duration Download Forstok 20.049702882767 Detik
Duration Looping 700 Data 169.52282691002 Detik 
Total Duration 169.52294182777 Detik 
------------------------- 
Tanggal: 21-02-2022 19:00:01 
Duration Download Forstok 13.681066989899 Detik
Duration Looping 700 Data 167.06072187424 Detik 
Total Duration 167.0608279705 Detik 
------------------------- 
Tanggal: 21-02-2022 19:05:01 
Duration Download Forstok 23.152251958847 Detik
Duration Looping 700 Data 177.33724689484 Detik 
Total Duration 177.33734989166 Detik 
------------------------- 
Tanggal: 21-02-2022 19:10:01 
Duration Download Forstok 17.007209062576 Detik
Duration Looping 700 Data 172.20731091499 Detik 
Total Duration 172.20742201805 Detik 
------------------------- 
Tanggal: 21-02-2022 19:15:01 
Duration Download Forstok 28.733875989914 Detik
Duration Looping 700 Data 183.42602586746 Detik 
Total Duration 183.42611980438 Detik 
------------------------- 
Tanggal: 21-02-2022 19:20:01 
Duration Download Forstok 12.222976922989 Detik
Duration Looping 700 Data 160.5821120739 Detik 
Total Duration 160.5822250843 Detik 
------------------------- 
Tanggal: 21-02-2022 19:25:02 
Duration Download Forstok 14.481251001358 Detik
Duration Looping 700 Data 170.72255277634 Detik 
Total Duration 170.72266483307 Detik 
------------------------- 
Tanggal: 21-02-2022 19:30:01 
Duration Download Forstok 19.81672501564 Detik
Duration Looping 700 Data 167.84604310989 Detik 
Total Duration 167.84616994858 Detik 
------------------------- 
Tanggal: 21-02-2022 19:35:01 
Duration Download Forstok 17.065560102463 Detik
Duration Looping 700 Data 167.59022593498 Detik 
Total Duration 167.59034395218 Detik 
------------------------- 
Tanggal: 21-02-2022 19:40:01 
Duration Download Forstok 15.788825035095 Detik
Duration Looping 700 Data 168.46215796471 Detik 
Total Duration 168.46228194237 Detik 
------------------------- 
Tanggal: 21-02-2022 19:45:01 
Duration Download Forstok 18.069857120514 Detik
Duration Looping 700 Data 171.43213200569 Detik 
Total Duration 171.43223714828 Detik 
------------------------- 
Tanggal: 21-02-2022 19:50:01 
Duration Download Forstok 14.511974811554 Detik
Duration Looping 700 Data 177.25130987167 Detik 
Total Duration 177.25141596794 Detik 
------------------------- 
Tanggal: 21-02-2022 19:55:01 
Duration Download Forstok 14.86625790596 Detik
Duration Looping 700 Data 166.92828392982 Detik 
Total Duration 166.92839813232 Detik 
------------------------- 
Tanggal: 21-02-2022 20:00:01 
Duration Download Forstok 14.083827018738 Detik
Duration Looping 700 Data 169.24234509468 Detik 
Total Duration 169.24246001244 Detik 
------------------------- 
Tanggal: 21-02-2022 20:05:01 
Duration Download Forstok 20.996370792389 Detik
Duration Looping 700 Data 173.84132480621 Detik 
Total Duration 173.84143185616 Detik 
------------------------- 
Tanggal: 21-02-2022 20:10:01 
Duration Download Forstok 18.002794027328 Detik
Duration Looping 700 Data 176.11847805977 Detik 
Total Duration 176.11858797073 Detik 
------------------------- 
Tanggal: 21-02-2022 20:15:01 
Duration Download Forstok 16.498198032379 Detik
Duration Looping 700 Data 165.46044301987 Detik 
Total Duration 165.46055102348 Detik 
------------------------- 
Tanggal: 21-02-2022 20:20:01 
Duration Download Forstok 14.791897773743 Detik
Duration Looping 700 Data 166.35918998718 Detik 
Total Duration 166.35930991173 Detik 
------------------------- 
Tanggal: 21-02-2022 20:25:01 
Duration Download Forstok 23.13214302063 Detik
Duration Looping 700 Data 175.72750902176 Detik 
Total Duration 175.72762203217 Detik 
------------------------- 
Tanggal: 21-02-2022 20:30:01 
Duration Download Forstok 15.109555006027 Detik
Duration Looping 700 Data 173.65115594864 Detik 
Total Duration 173.65126490593 Detik 
------------------------- 
Tanggal: 21-02-2022 20:35:01 
Duration Download Forstok 18.782174110413 Detik
Duration Looping 700 Data 172.38504195213 Detik 
Total Duration 172.38515496254 Detik 
------------------------- 
Tanggal: 21-02-2022 20:40:01 
Duration Download Forstok 17.565459012985 Detik
Duration Looping 700 Data 166.45639014244 Detik 
Total Duration 166.45651006699 Detik 
------------------------- 
Tanggal: 21-02-2022 20:45:01 
Duration Download Forstok 18.064116001129 Detik
Duration Looping 700 Data 180.7781431675 Detik 
Total Duration 180.77825713158 Detik 
------------------------- 
Tanggal: 21-02-2022 20:50:01 
Duration Download Forstok 18.398651123047 Detik
Duration Looping 700 Data 172.71776509285 Detik 
Total Duration 172.71787500381 Detik 
------------------------- 
Tanggal: 21-02-2022 20:55:01 
Duration Download Forstok 14.028182983398 Detik
Duration Looping 700 Data 173.58808398247 Detik 
Total Duration 173.58819913864 Detik 
------------------------- 
Tanggal: 21-02-2022 21:00:01 
Duration Download Forstok 13.933646917343 Detik
Duration Looping 700 Data 163.8013780117 Detik 
Total Duration 163.8014690876 Detik 
------------------------- 
Tanggal: 21-02-2022 21:05:01 
Duration Download Forstok 28.906519174576 Detik
Duration Looping 700 Data 178.96402716637 Detik 
Total Duration 178.96414613724 Detik 
------------------------- 
Tanggal: 21-02-2022 21:10:01 
Duration Download Forstok 19.188473939896 Detik
Duration Looping 700 Data 170.38075590134 Detik 
Total Duration 170.3808658123 Detik 
------------------------- 
Tanggal: 21-02-2022 21:15:01 
Duration Download Forstok 17.01404094696 Detik
Duration Looping 700 Data 170.94549012184 Detik 
Total Duration 170.94560098648 Detik 
------------------------- 
Tanggal: 21-02-2022 21:20:01 
Duration Download Forstok 17.093350172043 Detik
Duration Looping 700 Data 175.59308004379 Detik 
Total Duration 175.59319114685 Detik 
------------------------- 
Tanggal: 21-02-2022 21:25:01 
Duration Download Forstok 20.042739868164 Detik
Duration Looping 700 Data 169.17593288422 Detik 
Total Duration 169.1760559082 Detik 
------------------------- 
Tanggal: 21-02-2022 21:30:01 
Duration Download Forstok 17.488935947418 Detik
Duration Looping 700 Data 173.94284296036 Detik 
Total Duration 173.94295501709 Detik 
------------------------- 
Tanggal: 21-02-2022 21:35:01 
Duration Download Forstok 15.850344896317 Detik
Duration Looping 700 Data 165.58870792389 Detik 
Total Duration 165.5888299942 Detik 
------------------------- 
Tanggal: 21-02-2022 21:40:01 
Duration Download Forstok 13.37783908844 Detik
Duration Looping 700 Data 165.68842101097 Detik 
Total Duration 165.68852806091 Detik 
------------------------- 
Tanggal: 21-02-2022 21:45:01 
Duration Download Forstok 18.475734949112 Detik
Duration Looping 700 Data 166.91744494438 Detik 
Total Duration 166.91756701469 Detik 
------------------------- 
Tanggal: 21-02-2022 21:50:01 
Duration Download Forstok 16.136729955673 Detik
Duration Looping 700 Data 172.99970197678 Detik 
Total Duration 172.99981117249 Detik 
------------------------- 
Tanggal: 21-02-2022 21:55:01 
Duration Download Forstok 14.987904071808 Detik
Duration Looping 700 Data 163.72827911377 Detik 
Total Duration 163.72838902473 Detik 
------------------------- 
Tanggal: 21-02-2022 22:00:01 
Duration Download Forstok 13.98365688324 Detik
Duration Looping 700 Data 186.20513796806 Detik 
Total Duration 186.2052488327 Detik 
------------------------- 
Tanggal: 21-02-2022 22:05:01 
Duration Download Forstok 19.104902982712 Detik
Duration Looping 700 Data 177.28537797928 Detik 
Total Duration 177.2854950428 Detik 
------------------------- 
Tanggal: 21-02-2022 22:10:01 
Duration Download Forstok 15.494656085968 Detik
Duration Looping 700 Data 170.38034105301 Detik 
Total Duration 170.38045597076 Detik 
------------------------- 
Tanggal: 21-02-2022 22:15:01 
Duration Download Forstok 22.68824505806 Detik
Duration Looping 700 Data 174.46245408058 Detik 
Total Duration 174.4625620842 Detik 
------------------------- 
Tanggal: 21-02-2022 22:20:01 
Duration Download Forstok 15.323670864105 Detik
Duration Looping 700 Data 168.68895602226 Detik 
Total Duration 168.68907785416 Detik 
------------------------- 
Tanggal: 21-02-2022 22:25:01 
Duration Download Forstok 14.444709062576 Detik
Duration Looping 700 Data 167.97126197815 Detik 
Total Duration 167.97136902809 Detik 
------------------------- 
Tanggal: 21-02-2022 22:30:01 
Duration Download Forstok 17.531211137772 Detik
Duration Looping 700 Data 170.5177731514 Detik 
Total Duration 170.5178861618 Detik 
------------------------- 
Tanggal: 21-02-2022 22:35:01 
Duration Download Forstok 14.714807033539 Detik
Duration Looping 700 Data 167.62283205986 Detik 
Total Duration 167.62294602394 Detik 
------------------------- 
Tanggal: 21-02-2022 22:40:01 
Duration Download Forstok 13.979640007019 Detik
Duration Looping 700 Data 170.38089489937 Detik 
Total Duration 170.38104987144 Detik 
------------------------- 
Tanggal: 21-02-2022 22:45:01 
Duration Download Forstok 18.540849924088 Detik
Duration Looping 700 Data 170.20791888237 Detik 
Total Duration 170.20802807808 Detik 
------------------------- 
Tanggal: 21-02-2022 22:50:01 
Duration Download Forstok 13.90647983551 Detik
Duration Looping 700 Data 167.81247901917 Detik 
Total Duration 167.81260085106 Detik 
------------------------- 
Tanggal: 21-02-2022 22:55:01 
Duration Download Forstok 14.955327987671 Detik
Duration Looping 700 Data 179.73714804649 Detik 
Total Duration 179.73726797104 Detik 
------------------------- 
Tanggal: 21-02-2022 23:00:01 
Duration Download Forstok 12.665646076202 Detik
Duration Looping 700 Data 167.65733909607 Detik 
Total Duration 167.65745210648 Detik 
------------------------- 
Tanggal: 21-02-2022 23:05:01 
Duration Download Forstok 26.805484056473 Detik
Duration Looping 700 Data 177.49795508385 Detik 
Total Duration 177.49806308746 Detik 
------------------------- 
Tanggal: 21-02-2022 23:10:01 
Duration Download Forstok 13.922760009766 Detik
Duration Looping 700 Data 167.58782505989 Detik 
Total Duration 167.58792901039 Detik 
------------------------- 
Tanggal: 21-02-2022 23:15:01 
Duration Download Forstok 14.744692087173 Detik
Duration Looping 700 Data 174.0641720295 Detik 
Total Duration 174.06427693367 Detik 
------------------------- 
Tanggal: 21-02-2022 23:20:01 
Duration Download Forstok 13.276090860367 Detik
Duration Looping 700 Data 172.40782785416 Detik 
Total Duration 172.40793585777 Detik 
------------------------- 
Tanggal: 21-02-2022 23:25:01 
Duration Download Forstok 17.907817840576 Detik
Duration Looping 700 Data 187.39620184898 Detik 
Total Duration 187.39631080627 Detik 
------------------------- 
Tanggal: 21-02-2022 23:30:01 
Duration Download Forstok 15.418171882629 Detik
Duration Looping 700 Data 168.31740689278 Detik 
Total Duration 168.31751585007 Detik 
------------------------- 
Tanggal: 21-02-2022 23:35:01 
Duration Download Forstok 19.420962810516 Detik
Duration Looping 700 Data 168.8538069725 Detik 
Total Duration 168.85392689705 Detik 
------------------------- 
Tanggal: 21-02-2022 23:40:01 
Duration Download Forstok 15.564211130142 Detik
Duration Looping 700 Data 167.97112607956 Detik 
Total Duration 167.97123503685 Detik 
------------------------- 
Tanggal: 21-02-2022 23:45:01 
Duration Download Forstok 18.427406072617 Detik
Duration Looping 700 Data 168.8476228714 Detik 
Total Duration 168.84774398804 Detik 
------------------------- 
Tanggal: 21-02-2022 23:50:01 
Duration Download Forstok 15.328128099442 Detik
Duration Looping 700 Data 168.26199507713 Detik 
Total Duration 168.2621409893 Detik 
------------------------- 
Tanggal: 21-02-2022 23:55:01 
Duration Download Forstok 13.10941696167 Detik
Duration Looping 700 Data 168.06363987923 Detik 
Total Duration 168.06376385689 Detik 
------------------------- 
