Tanggal: 17-07-2022 00:00:01 
Duration Download Forstok 10.449470996857 Detik
Duration Looping 500 Data 785.55260896683 Detik 
Total Duration 785.57709908485 Detik 
------------------------- 
Tanggal: 17-07-2022 00:15:01 
Duration Download Forstok 13.048421859741 Detik
Duration Looping 500 Data 158.83998179436 Detik 
Total Duration 158.86500597 Detik 
------------------------- 
Tanggal: 17-07-2022 00:20:01 
Duration Download Forstok 14.339627981186 Detik
Duration Looping 500 Data 157.02970099449 Detik 
Total Duration 157.0560400486 Detik 
------------------------- 
Tanggal: 17-07-2022 00:25:01 
Duration Download Forstok 9.9008150100708 Detik
Duration Looping 500 Data 154.08874797821 Detik 
Total Duration 154.11342096329 Detik 
------------------------- 
Tanggal: 17-07-2022 00:30:01 
Duration Download Forstok 11.561649799347 Detik
Duration Looping 500 Data 157.22116684914 Detik 
Total Duration 157.24651288986 Detik 
------------------------- 
Tanggal: 17-07-2022 00:35:01 
Duration Download Forstok 10.742735147476 Detik
Duration Looping 500 Data 151.81306910515 Detik 
Total Duration 151.84084105492 Detik 
------------------------- 
Tanggal: 17-07-2022 00:40:01 
Duration Download Forstok 10.788446903229 Detik
Duration Looping 500 Data 156.26987600327 Detik 
Total Duration 156.29416108131 Detik 
------------------------- 
Tanggal: 17-07-2022 00:45:01 
Duration Download Forstok 13.330168962479 Detik
Duration Looping 500 Data 149.17228007317 Detik 
Total Duration 149.19557309151 Detik 
------------------------- 
Tanggal: 17-07-2022 00:50:01 
Duration Download Forstok 13.60564494133 Detik
Duration Looping 500 Data 157.93542194366 Detik 
Total Duration 157.9596619606 Detik 
------------------------- 
Tanggal: 17-07-2022 00:55:01 
Duration Download Forstok 11.16374707222 Detik
Duration Looping 500 Data 145.35352993011 Detik 
Total Duration 145.38014101982 Detik 
------------------------- 
Tanggal: 17-07-2022 01:00:01 
Duration Download Forstok 11.972842931747 Detik
Duration Looping 500 Data 153.34908890724 Detik 
Total Duration 153.37538599968 Detik 
------------------------- 
Tanggal: 17-07-2022 01:05:01 
Duration Download Forstok 21.652762174606 Detik
Duration Looping 500 Data 158.53716611862 Detik 
Total Duration 158.56194806099 Detik 
------------------------- 
Tanggal: 17-07-2022 01:10:01 
Duration Download Forstok 14.10995388031 Detik
Duration Looping 500 Data 149.35652494431 Detik 
Total Duration 149.38172197342 Detik 
------------------------- 
Tanggal: 17-07-2022 01:15:01 
Duration Download Forstok 15.662941932678 Detik
Duration Looping 500 Data 150.90490698814 Detik 
Total Duration 150.92992591858 Detik 
------------------------- 
Tanggal: 17-07-2022 01:20:01 
Duration Download Forstok 10.338079929352 Detik
Duration Looping 500 Data 149.24823498726 Detik 
Total Duration 149.27268695831 Detik 
------------------------- 
Tanggal: 17-07-2022 01:25:01 
Duration Download Forstok 10.14363694191 Detik
Duration Looping 500 Data 158.44570994377 Detik 
Total Duration 158.47049593925 Detik 
------------------------- 
Tanggal: 17-07-2022 01:30:01 
Duration Download Forstok 14.641035079956 Detik
Duration Looping 500 Data 153.27232408524 Detik 
Total Duration 153.29669094086 Detik 
------------------------- 
Tanggal: 17-07-2022 01:35:01 
Duration Download Forstok 13.834143877029 Detik
Duration Looping 500 Data 150.60915088654 Detik 
Total Duration 150.63568401337 Detik 
------------------------- 
Tanggal: 17-07-2022 01:40:01 
Duration Download Forstok 14.620558023453 Detik
Duration Looping 500 Data 153.48963403702 Detik 
Total Duration 153.51250600815 Detik 
------------------------- 
Tanggal: 17-07-2022 01:45:01 
Duration Download Forstok 12.021692037582 Detik
Duration Looping 500 Data 148.21487188339 Detik 
Total Duration 148.23906302452 Detik 
------------------------- 
Tanggal: 17-07-2022 01:50:01 
Duration Download Forstok 10.466820955276 Detik
Duration Looping 500 Data 156.64424586296 Detik 
Total Duration 156.6684589386 Detik 
------------------------- 
Tanggal: 17-07-2022 01:55:01 
Duration Download Forstok 11.347962856293 Detik
Duration Looping 500 Data 145.13674092293 Detik 
Total Duration 145.16008901596 Detik 
------------------------- 
Tanggal: 17-07-2022 02:00:01 
Duration Download Forstok 13.102219104767 Detik
Duration Looping 500 Data 154.55587410927 Detik 
Total Duration 154.58305311203 Detik 
------------------------- 
Tanggal: 17-07-2022 02:05:01 
Duration Download Forstok 18.922831058502 Detik
Duration Looping 500 Data 154.76094508171 Detik 
Total Duration 154.78578305244 Detik 
------------------------- 
Tanggal: 17-07-2022 02:10:01 
Duration Download Forstok 12.129180908203 Detik
Duration Looping 500 Data 155.28672599792 Detik 
Total Duration 155.31454896927 Detik 
------------------------- 
Tanggal: 17-07-2022 02:15:01 
Duration Download Forstok 13.869564056396 Detik
Duration Looping 500 Data 153.62113213539 Detik 
Total Duration 153.64806818962 Detik 
------------------------- 
Tanggal: 17-07-2022 02:20:01 
Duration Download Forstok 13.964423179626 Detik
Duration Looping 500 Data 148.97109103203 Detik 
Total Duration 148.9932820797 Detik 
------------------------- 
Tanggal: 17-07-2022 02:25:01 
Duration Download Forstok 10.697386980057 Detik
Duration Looping 500 Data 163.58640408516 Detik 
Total Duration 163.6097741127 Detik 
------------------------- 
Tanggal: 17-07-2022 02:30:01 
Duration Download Forstok 10.762152910233 Detik
Duration Looping 500 Data 148.24687099457 Detik 
Total Duration 148.27044796944 Detik 
------------------------- 
Tanggal: 17-07-2022 02:35:01 
Duration Download Forstok 9.8017189502716 Detik
Duration Looping 500 Data 148.12063384056 Detik 
Total Duration 148.14483094215 Detik 
------------------------- 
Tanggal: 17-07-2022 02:40:01 
Duration Download Forstok 12.104716777802 Detik
Duration Looping 500 Data 151.51966500282 Detik 
Total Duration 151.54416894913 Detik 
------------------------- 
Tanggal: 17-07-2022 02:45:01 
Duration Download Forstok 13.46561384201 Detik
Duration Looping 500 Data 159.26657986641 Detik 
Total Duration 159.29017496109 Detik 
------------------------- 
Tanggal: 17-07-2022 02:50:01 
Duration Download Forstok 13.086362123489 Detik
Duration Looping 500 Data 166.17141294479 Detik 
Total Duration 166.19605207443 Detik 
------------------------- 
Tanggal: 17-07-2022 02:55:01 
Duration Download Forstok 11.247615098953 Detik
Duration Looping 500 Data 145.00275707245 Detik 
Total Duration 145.02648496628 Detik 
------------------------- 
Tanggal: 17-07-2022 03:00:01 
Duration Download Forstok 15.97599697113 Detik
Duration Looping 500 Data 154.46196198463 Detik 
Total Duration 154.48606395721 Detik 
------------------------- 
Tanggal: 17-07-2022 03:05:01 
Duration Download Forstok 25.877890110016 Detik
Duration Looping 500 Data 174.95085310936 Detik 
Total Duration 174.97879099846 Detik 
------------------------- 
Tanggal: 17-07-2022 03:10:01 
Duration Download Forstok 10.914915084839 Detik
Duration Looping 500 Data 164.64272117615 Detik 
Total Duration 164.66663599014 Detik 
------------------------- 
Tanggal: 17-07-2022 03:15:01 
Duration Download Forstok 11.433074951172 Detik
Duration Looping 500 Data 150.20099186897 Detik 
Total Duration 150.22554779053 Detik 
------------------------- 
Tanggal: 17-07-2022 03:20:01 
Duration Download Forstok 12.291088819504 Detik
Duration Looping 500 Data 147.78113102913 Detik 
Total Duration 147.8049659729 Detik 
------------------------- 
Tanggal: 17-07-2022 03:25:01 
Duration Download Forstok 8.9695560932159 Detik
Duration Looping 500 Data 154.91913700104 Detik 
Total Duration 154.94780898094 Detik 
------------------------- 
Tanggal: 17-07-2022 03:30:01 
Duration Download Forstok 12.00678396225 Detik
Duration Looping 500 Data 146.76412510872 Detik 
Total Duration 146.78788995743 Detik 
------------------------- 
Tanggal: 17-07-2022 03:35:01 
Duration Download Forstok 9.3179450035095 Detik
Duration Looping 500 Data 147.40145087242 Detik 
Total Duration 147.42544078827 Detik 
------------------------- 
Tanggal: 17-07-2022 03:40:01 
Duration Download Forstok 10.826122999191 Detik
Duration Looping 500 Data 146.15105295181 Detik 
Total Duration 146.17649102211 Detik 
------------------------- 
Tanggal: 17-07-2022 03:45:01 
Duration Download Forstok 12.358729124069 Detik
Duration Looping 500 Data 150.1109559536 Detik 
Total Duration 150.13485789299 Detik 
------------------------- 
Tanggal: 17-07-2022 03:50:01 
Duration Download Forstok 11.70380616188 Detik
Duration Looping 500 Data 148.62240314484 Detik 
Total Duration 148.6462931633 Detik 
------------------------- 
Tanggal: 17-07-2022 03:55:01 
Duration Download Forstok 11.610574960709 Detik
Duration Looping 500 Data 150.13617801666 Detik 
Total Duration 150.16066884995 Detik 
------------------------- 
Tanggal: 17-07-2022 04:00:01 
Duration Download Forstok 11.805117845535 Detik
Duration Looping 500 Data 148.43813896179 Detik 
Total Duration 148.46203899384 Detik 
------------------------- 
Tanggal: 17-07-2022 04:05:01 
Duration Download Forstok 39.092144966125 Detik
Duration Looping 500 Data 172.60378098488 Detik 
Total Duration 172.62787103653 Detik 
------------------------- 
Tanggal: 17-07-2022 04:10:01 
Duration Download Forstok 12.300158023834 Detik
Duration Looping 500 Data 155.62228107452 Detik 
Total Duration 155.65108203888 Detik 
------------------------- 
Tanggal: 17-07-2022 04:15:01 
Duration Download Forstok 12.53691983223 Detik
Duration Looping 500 Data 164.40089678764 Detik 
Total Duration 164.42432188988 Detik 
------------------------- 
Tanggal: 17-07-2022 04:20:01 
Duration Download Forstok 11.22801399231 Detik
Duration Looping 500 Data 152.16802191734 Detik 
Total Duration 152.19198179245 Detik 
------------------------- 
Tanggal: 17-07-2022 04:25:01 
Duration Download Forstok 9.437695980072 Detik
Duration Looping 500 Data 148.26992297173 Detik 
Total Duration 148.29470801353 Detik 
------------------------- 
Tanggal: 17-07-2022 04:30:01 
Duration Download Forstok 11.855400085449 Detik
Duration Looping 500 Data 156.26533007622 Detik 
Total Duration 156.29303693771 Detik 
------------------------- 
Tanggal: 17-07-2022 04:35:01 
Duration Download Forstok 10.160341024399 Detik
Duration Looping 500 Data 154.46109604836 Detik 
Total Duration 154.48593187332 Detik 
------------------------- 
Tanggal: 17-07-2022 04:40:01 
Duration Download Forstok 12.142426013947 Detik
Duration Looping 500 Data 150.70247507095 Detik 
Total Duration 150.72746920586 Detik 
------------------------- 
Tanggal: 17-07-2022 04:45:01 
Duration Download Forstok 15.425733089447 Detik
Duration Looping 500 Data 170.86921715736 Detik 
Total Duration 170.89636611938 Detik 
------------------------- 
Tanggal: 17-07-2022 04:50:01 
Duration Download Forstok 10.926438093185 Detik
Duration Looping 500 Data 153.89628219604 Detik 
Total Duration 153.92006707191 Detik 
------------------------- 
Tanggal: 17-07-2022 04:55:01 
Duration Download Forstok 9.9816830158234 Detik
Duration Looping 500 Data 147.53538799286 Detik 
Total Duration 147.56012701988 Detik 
------------------------- 
Tanggal: 17-07-2022 05:00:01 
Duration Download Forstok 11.998445034027 Detik
Duration Looping 500 Data 152.28319907188 Detik 
Total Duration 152.30712795258 Detik 
------------------------- 
Tanggal: 17-07-2022 05:05:01 
Duration Download Forstok 20.823976039886 Detik
Duration Looping 500 Data 157.19821691513 Detik 
Total Duration 157.22185993195 Detik 
------------------------- 
Tanggal: 17-07-2022 05:10:02 
Duration Download Forstok 11.6383228302 Detik
Duration Looping 500 Data 148.80442690849 Detik 
Total Duration 148.82915186882 Detik 
------------------------- 
Tanggal: 17-07-2022 05:15:01 
Duration Download Forstok 11.349566936493 Detik
Duration Looping 500 Data 152.89952492714 Detik 
Total Duration 152.92316699028 Detik 
------------------------- 
Tanggal: 17-07-2022 05:20:01 
Duration Download Forstok 11.918056964874 Detik
Duration Looping 500 Data 148.09005093575 Detik 
Total Duration 148.11445403099 Detik 
------------------------- 
Tanggal: 17-07-2022 05:25:01 
Duration Download Forstok 11.438850164413 Detik
Duration Looping 500 Data 159.32775902748 Detik 
Total Duration 159.35174417496 Detik 
------------------------- 
Tanggal: 17-07-2022 05:30:01 
Duration Download Forstok 11.097372770309 Detik
Duration Looping 500 Data 162.59160399437 Detik 
Total Duration 162.61883687973 Detik 
------------------------- 
Tanggal: 17-07-2022 05:35:01 
Duration Download Forstok 13.233300924301 Detik
Duration Looping 500 Data 149.29297089577 Detik 
Total Duration 149.3160700798 Detik 
------------------------- 
Tanggal: 17-07-2022 05:40:01 
Duration Download Forstok 11.516783952713 Detik
Duration Looping 500 Data 150.96553897858 Detik 
Total Duration 150.99080991745 Detik 
------------------------- 
Tanggal: 17-07-2022 05:45:01 
Duration Download Forstok 12.594454050064 Detik
Duration Looping 500 Data 151.29105520248 Detik 
Total Duration 151.31538510323 Detik 
------------------------- 
Tanggal: 17-07-2022 05:50:01 
Duration Download Forstok 12.796472072601 Detik
Duration Looping 500 Data 147.77364611626 Detik 
Tanggal: 17-07-2022 05:55:01 
Duration Download Forstok 10.283629179001 Detik
Duration Looping 500 Data 152.61383414268 Detik 
Tanggal: 17-07-2022 06:00:01 
Duration Download Forstok 11.727350950241 Detik
Duration Looping 500 Data 151.94899201393 Detik 
Tanggal: 17-07-2022 06:05:01 
Duration Download Forstok 21.671145200729 Detik
Duration Looping 500 Data 161.61776709557 Detik 
Tanggal: 17-07-2022 06:10:01 
Duration Download Forstok 14.442343950272 Detik
Duration Looping 500 Data 163.55386304855 Detik 
Tanggal: 17-07-2022 06:15:01 
Duration Download Forstok 11.892245054245 Detik
Duration Looping 500 Data 162.49478292465 Detik 
Tanggal: 17-07-2022 06:20:01 
Duration Download Forstok 11.722285985947 Detik
Duration Looping 500 Data 146.82534098625 Detik 
Tanggal: 17-07-2022 06:25:01 
Duration Download Forstok 14.047810077667 Detik
Duration Looping 500 Data 151.08345508575 Detik 
Tanggal: 17-07-2022 06:30:01 
Duration Download Forstok 11.546543836594 Detik
Duration Looping 500 Data 159.31250190735 Detik 
Tanggal: 17-07-2022 06:35:01 
Duration Download Forstok 12.028140068054 Detik
Duration Looping 500 Data 148.96946597099 Detik 
Tanggal: 17-07-2022 06:40:01 
Duration Download Forstok 9.4148859977722 Detik
Duration Looping 500 Data 163.17208218575 Detik 
Tanggal: 17-07-2022 06:45:01 
Duration Download Forstok 10.066070079803 Detik
Duration Looping 500 Data 149.01975703239 Detik 
Tanggal: 17-07-2022 06:50:01 
Duration Download Forstok 9.566969871521 Detik
Duration Looping 500 Data 145.00346493721 Detik 
Tanggal: 17-07-2022 06:55:01 
Duration Download Forstok 9.5942029953003 Detik
Duration Looping 500 Data 145.67609119415 Detik 
Tanggal: 17-07-2022 07:00:01 
Duration Download Forstok 17.429537057877 Detik
Duration Looping 500 Data 163.37168693542 Detik 
Tanggal: 17-07-2022 07:05:01 
Duration Download Forstok 21.339134931564 Detik
Duration Looping 500 Data 155.27140712738 Detik 
Tanggal: 17-07-2022 07:10:01 
Duration Download Forstok 10.165266036987 Detik
Duration Looping 500 Data 149.15935707092 Detik 
Tanggal: 17-07-2022 07:15:01 
Duration Download Forstok 11.458761930466 Detik
Duration Looping 500 Data 146.67726898193 Detik 
Tanggal: 17-07-2022 07:20:01 
Duration Download Forstok 10.249252080917 Detik
Duration Looping 500 Data 144.4089820385 Detik 
Tanggal: 17-07-2022 07:25:01 
Duration Download Forstok 10.162478923798 Detik
Duration Looping 500 Data 143.40036988258 Detik 
Tanggal: 17-07-2022 07:30:01 
Duration Download Forstok 11.543837070465 Detik
Duration Looping 500 Data 149.57381892204 Detik 
Tanggal: 17-07-2022 07:35:01 
Duration Download Forstok 9.8123400211334 Detik
Duration Looping 500 Data 142.77121806145 Detik 
Tanggal: 17-07-2022 07:40:01 
Duration Download Forstok 10.106106042862 Detik
Duration Looping 500 Data 148.77250599861 Detik 
Tanggal: 17-07-2022 07:45:01 
Duration Download Forstok 10.307706832886 Detik
Duration Looping 500 Data 146.80105495453 Detik 
Tanggal: 17-07-2022 07:50:02 
Duration Download Forstok 10.387590169907 Detik
Duration Looping 500 Data 150.40809106827 Detik 
Tanggal: 17-07-2022 07:55:01 
Duration Download Forstok 11.374518871307 Detik
Duration Looping 500 Data 151.28478097916 Detik 
Tanggal: 17-07-2022 08:00:01 
Duration Download Forstok 14.400468826294 Detik
Duration Looping 500 Data 152.2567589283 Detik 
Tanggal: 17-07-2022 08:05:01 
Duration Download Forstok 19.577594041824 Detik
Duration Looping 500 Data 155.99997115135 Detik 
Tanggal: 17-07-2022 08:10:01 
Duration Download Forstok 14.756582021713 Detik
Duration Looping 500 Data 152.94982194901 Detik 
Tanggal: 17-07-2022 08:15:01 
Duration Download Forstok 12.197824001312 Detik
Duration Looping 500 Data 168.15390491486 Detik 
Tanggal: 17-07-2022 08:20:01 
Duration Download Forstok 11.407087087631 Detik
Duration Looping 500 Data 159.93243908882 Detik 
Tanggal: 17-07-2022 08:25:01 
Duration Download Forstok 11.201433897018 Detik
Duration Looping 500 Data 148.12886500359 Detik 
Tanggal: 17-07-2022 08:30:01 
Duration Download Forstok 22.426907062531 Detik
Duration Looping 500 Data 159.9354569912 Detik 
Tanggal: 17-07-2022 08:35:01 
Duration Download Forstok 9.8483719825745 Detik
Duration Looping 500 Data 163.16930794716 Detik 
Tanggal: 17-07-2022 08:40:01 
Duration Download Forstok 18.720468044281 Detik
Duration Looping 500 Data 160.23438191414 Detik 
Tanggal: 17-07-2022 08:45:01 
Duration Download Forstok 9.5989170074463 Detik
Duration Looping 500 Data 148.17674994469 Detik 
Tanggal: 17-07-2022 08:50:01 
Duration Download Forstok 10.819642066956 Detik
Duration Looping 500 Data 150.34421610832 Detik 
Tanggal: 17-07-2022 08:55:01 
Duration Download Forstok 10.154049873352 Detik
Duration Looping 500 Data 146.99999380112 Detik 
Tanggal: 17-07-2022 09:00:01 
Duration Download Forstok 10.776281118393 Detik
Duration Looping 500 Data 149.55528521538 Detik 
Tanggal: 17-07-2022 09:05:01 
Duration Download Forstok 10.04678106308 Detik
Duration Looping 500 Data 150.45162320137 Detik 
Tanggal: 17-07-2022 09:10:01 
Duration Download Forstok 12.438117027283 Detik
Duration Looping 500 Data 147.86054396629 Detik 
Tanggal: 17-07-2022 09:15:01 
Duration Download Forstok 10.624700069427 Detik
Duration Looping 500 Data 151.3094689846 Detik 
Tanggal: 17-07-2022 09:20:01 
Duration Download Forstok 12.867125034332 Detik
Duration Looping 500 Data 151.22512602806 Detik 
Tanggal: 17-07-2022 09:25:01 
Duration Download Forstok 9.860435962677 Detik
Duration Looping 500 Data 147.80827784538 Detik 
Tanggal: 17-07-2022 09:30:01 
Duration Download Forstok 12.044154167175 Detik
Duration Looping 500 Data 150.42374610901 Detik 
Tanggal: 17-07-2022 09:35:01 
Duration Download Forstok 9.9084498882294 Detik
Duration Looping 500 Data 156.71535491943 Detik 
Tanggal: 17-07-2022 09:40:01 
Duration Download Forstok 9.1421389579773 Detik
Duration Looping 500 Data 152.09829902649 Detik 
Tanggal: 17-07-2022 09:45:01 
Duration Download Forstok 9.9075629711151 Detik
Duration Looping 500 Data 160.56715607643 Detik 
Tanggal: 17-07-2022 09:50:02 
Duration Download Forstok 9.2461769580841 Detik
Duration Looping 500 Data 154.74676990509 Detik 
Tanggal: 17-07-2022 09:55:01 
Duration Download Forstok 12.510218858719 Detik
Duration Looping 500 Data 153.11991786957 Detik 
Tanggal: 17-07-2022 10:00:01 
Duration Download Forstok 12.093761205673 Detik
Duration Looping 500 Data 155.00004816055 Detik 
Tanggal: 17-07-2022 10:05:02 
Duration Download Forstok 10.843663930893 Detik
Duration Looping 500 Data 169.54862999916 Detik 
Tanggal: 17-07-2022 10:10:01 
Duration Download Forstok 10.294724941254 Detik
Duration Looping 500 Data 163.94008708 Detik 
Tanggal: 17-07-2022 10:15:01 
Duration Download Forstok 12.71214389801 Detik
Duration Looping 500 Data 149.69325685501 Detik 
Tanggal: 17-07-2022 10:20:01 
Duration Download Forstok 12.025038957596 Detik
Duration Looping 500 Data 151.52681493759 Detik 
Tanggal: 17-07-2022 10:25:01 
Duration Download Forstok 10.143597126007 Detik
Duration Looping 500 Data 148.03192400932 Detik 
Tanggal: 17-07-2022 10:30:01 
Duration Download Forstok 13.49165391922 Detik
Duration Looping 500 Data 160.70206403732 Detik 
Tanggal: 17-07-2022 10:35:01 
Duration Download Forstok 10.790988922119 Detik
Duration Looping 500 Data 152.24727392197 Detik 
Tanggal: 17-07-2022 10:40:01 
Duration Download Forstok 11.169723033905 Detik
Duration Looping 500 Data 157.48183608055 Detik 
Tanggal: 17-07-2022 10:45:01 
Duration Download Forstok 11.989502906799 Detik
Duration Looping 500 Data 157.72777199745 Detik 
Tanggal: 17-07-2022 10:50:01 
Duration Download Forstok 11.20956993103 Detik
Duration Looping 500 Data 150.43105101585 Detik 
Tanggal: 17-07-2022 10:55:01 
Duration Download Forstok 9.8060388565063 Detik
Duration Looping 500 Data 151.57260894775 Detik 
Tanggal: 17-07-2022 11:00:01 
Duration Download Forstok 12.429446935654 Detik
Duration Looping 500 Data 159.80061292648 Detik 
Tanggal: 17-07-2022 11:05:01 
Duration Download Forstok 10.46227812767 Detik
Duration Looping 500 Data 158.72846102715 Detik 
Tanggal: 17-07-2022 11:10:01 
Duration Download Forstok 15.249483108521 Detik
Duration Looping 500 Data 156.49847602844 Detik 
Tanggal: 17-07-2022 11:15:01 
Duration Download Forstok 11.723573207855 Detik
Duration Looping 500 Data 156.88797807693 Detik 
Tanggal: 17-07-2022 11:20:01 
Duration Download Forstok 11.949693918228 Detik
Duration Looping 500 Data 152.76809597015 Detik 
Tanggal: 17-07-2022 11:25:01 
Duration Download Forstok 14.189150094986 Detik
Duration Looping 500 Data 154.64300107956 Detik 
Tanggal: 17-07-2022 11:30:01 
Duration Download Forstok 14.962400197983 Detik
Duration Looping 500 Data 161.00146913528 Detik 
Tanggal: 17-07-2022 11:35:01 
Duration Download Forstok 10.32013297081 Detik
Duration Looping 500 Data 156.30331897736 Detik 
Tanggal: 17-07-2022 11:40:01 
Duration Download Forstok 10.523437976837 Detik
Duration Looping 500 Data 150.128718853 Detik 
Tanggal: 17-07-2022 11:45:01 
Duration Download Forstok 11.156663894653 Detik
Duration Looping 500 Data 159.38554787636 Detik 
Tanggal: 17-07-2022 11:50:01 
Duration Download Forstok 11.884171962738 Detik
Duration Looping 500 Data 163.48967313766 Detik 
Tanggal: 17-07-2022 11:55:01 
Duration Download Forstok 9.0447330474854 Detik
Duration Looping 500 Data 150.26769185066 Detik 
Tanggal: 17-07-2022 12:00:01 
Duration Download Forstok 11.247147083282 Detik
Duration Looping 500 Data 157.38553714752 Detik 
Tanggal: 17-07-2022 12:05:01 
Duration Download Forstok 9.1230618953705 Detik
Duration Looping 500 Data 171.57587695122 Detik 
Tanggal: 17-07-2022 12:10:01 
Duration Download Forstok 14.487287998199 Detik
Duration Looping 500 Data 160.06827497482 Detik 
Tanggal: 17-07-2022 12:15:01 
Duration Download Forstok 11.697458028793 Detik
Duration Looping 500 Data 150.73601007462 Detik 
Tanggal: 17-07-2022 12:20:01 
Duration Download Forstok 11.667713880539 Detik
Duration Looping 500 Data 151.89159083366 Detik 
Tanggal: 17-07-2022 12:25:01 
Duration Download Forstok 10.802788972855 Detik
Duration Looping 500 Data 156.21200084686 Detik 
Tanggal: 17-07-2022 12:30:01 
Duration Download Forstok 11.279350042343 Detik
Duration Looping 500 Data 159.45681905746 Detik 
Tanggal: 17-07-2022 12:35:01 
Duration Download Forstok 9.1445732116699 Detik
Duration Looping 500 Data 148.0024600029 Detik 
Tanggal: 17-07-2022 12:40:01 
Duration Download Forstok 12.174445867538 Detik
Duration Looping 500 Data 162.79725193977 Detik 
Tanggal: 17-07-2022 12:45:01 
Duration Download Forstok 12.623826980591 Detik
Duration Looping 500 Data 162.45880508423 Detik 
Tanggal: 17-07-2022 12:50:01 
Duration Download Forstok 9.3949599266052 Detik
Duration Looping 500 Data 160.41661190987 Detik 
Tanggal: 17-07-2022 12:55:01 
Duration Download Forstok 11.428289175034 Detik
Duration Looping 500 Data 170.72105312347 Detik 
Tanggal: 17-07-2022 13:00:01 
Duration Download Forstok 10.054267168045 Detik
Duration Looping 500 Data 153.45044803619 Detik 
Tanggal: 17-07-2022 13:05:01 
Duration Download Forstok 10.29608297348 Detik
Duration Looping 500 Data 151.45285797119 Detik 
Tanggal: 17-07-2022 13:10:01 
Duration Download Forstok 26.700963020325 Detik
Duration Looping 500 Data 183.80728602409 Detik 
Tanggal: 17-07-2022 13:15:01 
Duration Download Forstok 13.276954174042 Detik
Duration Looping 500 Data 154.80787205696 Detik 
Tanggal: 17-07-2022 13:20:01 
Duration Download Forstok 17.312515974045 Detik
Duration Looping 500 Data 162.48993706703 Detik 
Tanggal: 17-07-2022 13:25:01 
Duration Download Forstok 11.096105098724 Detik
Duration Looping 500 Data 152.33433818817 Detik 
Tanggal: 17-07-2022 13:30:01 
Duration Download Forstok 11.276963949203 Detik
Duration Looping 500 Data 163.13431310654 Detik 
Tanggal: 17-07-2022 13:35:01 
Duration Download Forstok 17.361511945724 Detik
Duration Looping 500 Data 170.45459985733 Detik 
Tanggal: 17-07-2022 13:40:01 
Duration Download Forstok 10.707663059235 Detik
Duration Looping 500 Data 165.29886102676 Detik 
Tanggal: 17-07-2022 13:45:01 
Duration Download Forstok 10.741927862167 Detik
Duration Looping 500 Data 165.06089901924 Detik 
Tanggal: 17-07-2022 13:50:01 
Duration Download Forstok 10.881047964096 Detik
Duration Looping 500 Data 166.5383439064 Detik 
Tanggal: 17-07-2022 13:55:01 
Duration Download Forstok 10.131932020187 Detik
Duration Looping 500 Data 149.66356110573 Detik 
Tanggal: 17-07-2022 14:00:01 
Duration Download Forstok 11.351069927216 Detik
Duration Looping 500 Data 169.76257801056 Detik 
Tanggal: 17-07-2022 14:05:01 
Duration Download Forstok 27.714626073837 Detik
Duration Looping 500 Data 168.13464999199 Detik 
Tanggal: 17-07-2022 14:10:01 
Duration Download Forstok 12.041297912598 Detik
Duration Looping 500 Data 157.14409399033 Detik 
Tanggal: 17-07-2022 14:15:01 
Duration Download Forstok 12.801123142242 Detik
Duration Looping 500 Data 157.0502011776 Detik 
Tanggal: 17-07-2022 14:20:01 
Duration Download Forstok 11.924150943756 Detik
Duration Looping 500 Data 151.253510952 Detik 
Tanggal: 17-07-2022 14:25:01 
Duration Download Forstok 13.969192028046 Detik
Duration Looping 500 Data 156.41727018356 Detik 
Tanggal: 17-07-2022 14:30:01 
Duration Download Forstok 10.841387033463 Detik
Duration Looping 500 Data 154.95825195312 Detik 
Tanggal: 17-07-2022 14:35:02 
Duration Download Forstok 10.370613098145 Detik
Duration Looping 500 Data 154.0719101429 Detik 
Tanggal: 17-07-2022 14:40:01 
Duration Download Forstok 14.409523963928 Detik
Duration Looping 500 Data 176.46206307411 Detik 
Tanggal: 17-07-2022 14:45:01 
Duration Download Forstok 10.255109071732 Detik
Duration Looping 500 Data 148.51503896713 Detik 
Tanggal: 17-07-2022 14:50:01 
Duration Download Forstok 11.516001224518 Detik
Duration Looping 500 Data 155.65470719337 Detik 
Tanggal: 17-07-2022 14:55:01 
Duration Download Forstok 10.393881797791 Detik
Duration Looping 500 Data 153.08964800835 Detik 
Tanggal: 17-07-2022 15:00:01 
Duration Download Forstok 12.067077159882 Detik
Duration Looping 500 Data 155.6051940918 Detik 
Tanggal: 17-07-2022 15:05:01 
Duration Download Forstok 37.667294025421 Detik
Duration Looping 500 Data 194.58080005646 Detik 
Tanggal: 17-07-2022 15:10:01 
Duration Download Forstok 13.694310903549 Detik
Duration Looping 500 Data 156.53014087677 Detik 
Tanggal: 17-07-2022 15:15:01 
Duration Download Forstok 16.131403923035 Detik
Duration Looping 500 Data 155.89654302597 Detik 
Tanggal: 17-07-2022 15:20:02 
Duration Download Forstok 11.959889888763 Detik
Duration Looping 500 Data 156.04948997498 Detik 
Tanggal: 17-07-2022 15:25:01 
Duration Download Forstok 11.259771108627 Detik
Duration Looping 500 Data 150.28582000732 Detik 
Tanggal: 17-07-2022 15:30:01 
Duration Download Forstok 11.917718887329 Detik
Duration Looping 500 Data 160.08671188354 Detik 
Tanggal: 17-07-2022 15:35:01 
Duration Download Forstok 12.71594285965 Detik
Duration Looping 500 Data 153.88471102715 Detik 
Tanggal: 17-07-2022 15:40:01 
Duration Download Forstok 11.60225892067 Detik
Duration Looping 500 Data 149.22613191605 Detik 
Tanggal: 17-07-2022 15:45:01 
Duration Download Forstok 10.615077972412 Detik
Duration Looping 500 Data 165.6590590477 Detik 
Tanggal: 17-07-2022 15:50:01 
Duration Download Forstok 12.830009937286 Detik
Duration Looping 500 Data 153.9690618515 Detik 
Tanggal: 17-07-2022 15:55:01 
Duration Download Forstok 9.8696348667145 Detik
Duration Looping 500 Data 148.64132785797 Detik 
Tanggal: 17-07-2022 16:00:01 
Duration Download Forstok 11.468472003937 Detik
Duration Looping 500 Data 152.88241314888 Detik 
Tanggal: 17-07-2022 16:05:01 
Duration Download Forstok 23.678455114365 Detik
Duration Looping 500 Data 167.67437314987 Detik 
Tanggal: 17-07-2022 16:10:01 
Duration Download Forstok 11.963040113449 Detik
Duration Looping 500 Data 156.31163311005 Detik 
Tanggal: 17-07-2022 16:15:01 
Duration Download Forstok 14.661893129349 Detik
Duration Looping 500 Data 161.63633918762 Detik 
Tanggal: 17-07-2022 16:20:01 
Duration Download Forstok 11.242757081985 Detik
Duration Looping 500 Data 157.87844014168 Detik 
Tanggal: 17-07-2022 16:25:01 
Duration Download Forstok 10.348263978958 Detik
Duration Looping 500 Data 165.57665801048 Detik 
Tanggal: 17-07-2022 16:30:01 
Duration Download Forstok 11.372602939606 Detik
Duration Looping 500 Data 157.88395786285 Detik 
Tanggal: 17-07-2022 16:35:01 
Duration Download Forstok 12.913532018661 Detik
Duration Looping 500 Data 150.05117988586 Detik 
Tanggal: 17-07-2022 16:40:01 
Duration Download Forstok 13.806346893311 Detik
Duration Looping 500 Data 152.1691429615 Detik 
Tanggal: 17-07-2022 16:45:01 
Duration Download Forstok 11.99761390686 Detik
Duration Looping 500 Data 150.34376692772 Detik 
Tanggal: 17-07-2022 16:50:01 
Duration Download Forstok 13.211127996445 Detik
Duration Looping 500 Data 160.20060896873 Detik 
Tanggal: 17-07-2022 16:55:01 
Duration Download Forstok 10.403705835342 Detik
Duration Looping 500 Data 148.75986385345 Detik 
Tanggal: 17-07-2022 17:00:01 
Duration Download Forstok 12.202479124069 Detik
Duration Looping 500 Data 154.37273001671 Detik 
Tanggal: 17-07-2022 17:05:01 
Duration Download Forstok 21.815116167068 Detik
Duration Looping 500 Data 162.93704104424 Detik 
Tanggal: 17-07-2022 17:10:01 
Duration Download Forstok 13.609324932098 Detik
Duration Looping 500 Data 149.34714484215 Detik 
Tanggal: 17-07-2022 17:15:01 
Duration Download Forstok 12.962418079376 Detik
Duration Looping 500 Data 149.07385206223 Detik 
Tanggal: 17-07-2022 17:20:01 
Duration Download Forstok 11.806245088577 Detik
Duration Looping 500 Data 154.19067907333 Detik 
Tanggal: 17-07-2022 17:25:01 
Duration Download Forstok 11.656721115112 Detik
Duration Looping 500 Data 147.89393901825 Detik 
Tanggal: 17-07-2022 17:30:01 
Duration Download Forstok 13.317977190018 Detik
Duration Looping 500 Data 154.56535601616 Detik 
Tanggal: 17-07-2022 17:35:01 
Duration Download Forstok 15.131869077682 Detik
Duration Looping 500 Data 156.84533715248 Detik 
Tanggal: 17-07-2022 17:40:01 
Duration Download Forstok 13.563179969788 Detik
Duration Looping 500 Data 154.39204597473 Detik 
Tanggal: 17-07-2022 17:45:01 
Duration Download Forstok 12.815756082535 Detik
Duration Looping 500 Data 158.45814704895 Detik 
Tanggal: 17-07-2022 17:50:01 
Duration Download Forstok 11.880737066269 Detik
Duration Looping 500 Data 163.68368792534 Detik 
Tanggal: 17-07-2022 17:55:01 
Duration Download Forstok 10.474936962128 Detik
Duration Looping 500 Data 152.45006299019 Detik 
Tanggal: 17-07-2022 18:00:02 
Duration Download Forstok 12.5048828125 Detik
Duration Looping 500 Data 157.83031988144 Detik 
Tanggal: 17-07-2022 18:05:01 
Duration Download Forstok 19.776919841766 Detik
Duration Looping 500 Data 164.78022003174 Detik 
Tanggal: 17-07-2022 18:10:01 
Duration Download Forstok 12.625466108322 Detik
Duration Looping 500 Data 154.45332598686 Detik 
Tanggal: 17-07-2022 18:15:01 
Duration Download Forstok 12.663770198822 Detik
Duration Looping 500 Data 150.66529417038 Detik 
Tanggal: 17-07-2022 18:20:01 
Duration Download Forstok 11.509855985641 Detik
Duration Looping 500 Data 162.49614596367 Detik 
Tanggal: 17-07-2022 18:25:01 
Duration Download Forstok 11.485033035278 Detik
Duration Looping 500 Data 154.50043702126 Detik 
Tanggal: 17-07-2022 18:30:01 
Duration Download Forstok 10.934777021408 Detik
Duration Looping 500 Data 152.17348599434 Detik 
Tanggal: 17-07-2022 18:35:01 
Duration Download Forstok 14.299072027206 Detik
Duration Looping 500 Data 155.38222694397 Detik 
Tanggal: 17-07-2022 18:40:01 
Duration Download Forstok 11.234850168228 Detik
Duration Looping 500 Data 148.38064098358 Detik 
Tanggal: 17-07-2022 18:45:01 
Duration Download Forstok 15.704986095428 Detik
Duration Looping 500 Data 161.53927516937 Detik 
Tanggal: 17-07-2022 18:50:01 
Duration Download Forstok 11.822929143906 Detik
Duration Looping 500 Data 160.59396910667 Detik 
Tanggal: 17-07-2022 18:55:01 
Duration Download Forstok 11.693634033203 Detik
Duration Looping 500 Data 152.87372493744 Detik 
Tanggal: 17-07-2022 19:00:01 
Duration Download Forstok 11.909270048141 Detik
Duration Looping 500 Data 154.05341410637 Detik 
Tanggal: 17-07-2022 19:05:01 
Duration Download Forstok 23.856231927872 Detik
Duration Looping 500 Data 167.77340912819 Detik 
Tanggal: 17-07-2022 19:10:01 
Duration Download Forstok 11.43155503273 Detik
Duration Looping 500 Data 157.28340601921 Detik 
Tanggal: 17-07-2022 19:15:01 
Duration Download Forstok 12.434408903122 Detik
Duration Looping 500 Data 154.51440286636 Detik 
Tanggal: 17-07-2022 19:20:01 
Duration Download Forstok 11.19575881958 Detik
Duration Looping 500 Data 152.30882382393 Detik 
Tanggal: 17-07-2022 19:25:01 
Duration Download Forstok 12.348232984543 Detik
Duration Looping 500 Data 156.62785196304 Detik 
Tanggal: 17-07-2022 19:30:01 
Duration Download Forstok 10.853480100632 Detik
Duration Looping 500 Data 156.56161594391 Detik 
Tanggal: 17-07-2022 19:35:01 
Duration Download Forstok 13.855159044266 Detik
Duration Looping 500 Data 150.01310110092 Detik 
Tanggal: 17-07-2022 19:40:01 
Duration Download Forstok 13.439810991287 Detik
Duration Looping 500 Data 153.74750614166 Detik 
Tanggal: 17-07-2022 19:45:01 
Duration Download Forstok 14.328424930573 Detik
Duration Looping 500 Data 159.35210394859 Detik 
Tanggal: 17-07-2022 19:50:01 
Duration Download Forstok 16.771129846573 Detik
Duration Looping 500 Data 162.44777202606 Detik 
Tanggal: 17-07-2022 19:55:01 
Duration Download Forstok 14.214390993118 Detik
Duration Looping 500 Data 162.15570211411 Detik 
Tanggal: 17-07-2022 20:00:01 
Duration Download Forstok 10.884467840195 Detik
Duration Looping 500 Data 155.02801203728 Detik 
Tanggal: 17-07-2022 20:05:01 
Duration Download Forstok 27.440659999847 Detik
Duration Looping 500 Data 172.95962285995 Detik 
Tanggal: 17-07-2022 20:10:01 
Duration Download Forstok 10.890339851379 Detik
Duration Looping 500 Data 159.04690694809 Detik 
Tanggal: 17-07-2022 20:15:01 
Duration Download Forstok 15.223083019257 Detik
Duration Looping 500 Data 172.04039692879 Detik 
Tanggal: 17-07-2022 20:20:01 
Duration Download Forstok 14.331223011017 Detik
Duration Looping 500 Data 169.56224989891 Detik 
Tanggal: 17-07-2022 20:25:01 
Duration Download Forstok 15.99987912178 Detik
Duration Looping 500 Data 165.98511815071 Detik 
Tanggal: 17-07-2022 20:30:01 
Duration Download Forstok 10.780191898346 Detik
Duration Looping 500 Data 157.41912984848 Detik 
Tanggal: 17-07-2022 20:35:01 
Duration Download Forstok 14.631656885147 Detik
Duration Looping 500 Data 164.3450820446 Detik 
Tanggal: 17-07-2022 20:40:01 
Duration Download Forstok 11.109667062759 Detik
Duration Looping 500 Data 161.498939991 Detik 
Tanggal: 17-07-2022 20:45:01 
Duration Download Forstok 13.170929193497 Detik
Duration Looping 500 Data 164.50929498672 Detik 
Tanggal: 17-07-2022 20:50:01 
Duration Download Forstok 10.304802894592 Detik
Duration Looping 500 Data 151.85681009293 Detik 
Tanggal: 17-07-2022 20:55:01 
Duration Download Forstok 13.546857833862 Detik
Duration Looping 500 Data 152.90097689629 Detik 
Tanggal: 17-07-2022 21:00:01 
Duration Download Forstok 12.655030965805 Detik
Duration Looping 500 Data 160.83378982544 Detik 
Tanggal: 17-07-2022 21:05:01 
Duration Download Forstok 27.954084157944 Detik
Duration Looping 500 Data 169.16259813309 Detik 
Tanggal: 17-07-2022 21:10:01 
Duration Download Forstok 16.860177993774 Detik
Duration Looping 500 Data 158.19451808929 Detik 
Tanggal: 17-07-2022 21:15:01 
Duration Download Forstok 13.348355054855 Detik
Duration Looping 500 Data 157.47931098938 Detik 
Tanggal: 17-07-2022 21:20:01 
Duration Download Forstok 10.931977033615 Detik
Duration Looping 500 Data 156.83338308334 Detik 
Tanggal: 17-07-2022 21:25:01 
Duration Download Forstok 14.725193977356 Detik
Duration Looping 500 Data 160.04814910889 Detik 
Tanggal: 17-07-2022 21:30:01 
Duration Download Forstok 11.444571018219 Detik
Duration Looping 500 Data 153.59505701065 Detik 
Tanggal: 17-07-2022 21:35:01 
Duration Download Forstok 10.630042076111 Detik
Duration Looping 500 Data 153.92525696754 Detik 
Tanggal: 17-07-2022 21:40:02 
Duration Download Forstok 11.046233892441 Detik
Duration Looping 500 Data 150.99578785896 Detik 
Tanggal: 17-07-2022 21:45:01 
Duration Download Forstok 12.615042924881 Detik
Duration Looping 500 Data 167.20077896118 Detik 
Tanggal: 17-07-2022 21:50:02 
Duration Download Forstok 15.36825799942 Detik
Duration Looping 500 Data 165.82388210297 Detik 
Tanggal: 17-07-2022 21:55:01 
Duration Download Forstok 12.867391824722 Detik
Duration Looping 500 Data 159.04313182831 Detik 
Tanggal: 17-07-2022 22:00:01 
Duration Download Forstok 20.185024023056 Detik
Duration Looping 500 Data 166.16890096664 Detik 
Tanggal: 17-07-2022 22:05:01 
Duration Download Forstok 23.713571071625 Detik
Duration Looping 500 Data 166.87607502937 Detik 
Tanggal: 17-07-2022 22:10:01 
Duration Download Forstok 10.934534072876 Detik
Duration Looping 500 Data 154.16380906105 Detik 
Tanggal: 17-07-2022 22:15:01 
Duration Download Forstok 13.659361124039 Detik
Duration Looping 500 Data 162.42789292336 Detik 
Tanggal: 17-07-2022 22:20:01 
Duration Download Forstok 11.799857854843 Detik
Duration Looping 500 Data 151.895788908 Detik 
Tanggal: 17-07-2022 22:25:01 
Duration Download Forstok 12.144649028778 Detik
Duration Looping 500 Data 163.36430191994 Detik 
Tanggal: 17-07-2022 22:30:01 
Duration Download Forstok 11.513299942017 Detik
Duration Looping 500 Data 153.2550330162 Detik 
Tanggal: 17-07-2022 22:35:01 
Duration Download Forstok 11.32652592659 Detik
Duration Looping 500 Data 154.17401885986 Detik 
Tanggal: 17-07-2022 22:40:01 
Duration Download Forstok 10.684480905533 Detik
Duration Looping 500 Data 169.10458803177 Detik 
Tanggal: 17-07-2022 22:45:01 
Duration Download Forstok 12.887892961502 Detik
Duration Looping 500 Data 154.30898213387 Detik 
Tanggal: 17-07-2022 22:50:01 
Duration Download Forstok 12.074774026871 Detik
Duration Looping 500 Data 164.62824988365 Detik 
Tanggal: 17-07-2022 22:55:01 
Duration Download Forstok 9.6019899845123 Detik
Duration Looping 500 Data 149.56505084038 Detik 
Tanggal: 17-07-2022 23:00:01 
Duration Download Forstok 11.079396009445 Detik
Duration Looping 500 Data 152.21554088593 Detik 
Tanggal: 17-07-2022 23:05:01 
Duration Download Forstok 24.144973993301 Detik
Duration Looping 500 Data 171.51366090775 Detik 
Tanggal: 17-07-2022 23:10:02 
Duration Download Forstok 10.370173931122 Detik
Duration Looping 500 Data 155.11892700195 Detik 
Tanggal: 17-07-2022 23:15:01 
Duration Download Forstok 15.045104980469 Detik
Duration Looping 500 Data 156.48568701744 Detik 
Tanggal: 17-07-2022 23:20:01 
Duration Download Forstok 12.2474629879 Detik
Duration Looping 500 Data 159.7051858902 Detik 
Tanggal: 17-07-2022 23:25:01 
Duration Download Forstok 14.791202068329 Detik
Duration Looping 500 Data 160.24454188347 Detik 
Tanggal: 17-07-2022 23:30:01 
Duration Download Forstok 10.936357975006 Detik
Duration Looping 500 Data 155.3429350853 Detik 
Tanggal: 17-07-2022 23:35:01 
Duration Download Forstok 11.773442029953 Detik
Duration Looping 500 Data 154.20798397064 Detik 
Tanggal: 17-07-2022 23:40:01 
Duration Download Forstok 11.02369594574 Detik
Duration Looping 500 Data 177.54626297951 Detik 
Tanggal: 17-07-2022 23:45:01 
Duration Download Forstok 10.591902971268 Detik
Duration Looping 500 Data 149.95175600052 Detik 
Tanggal: 17-07-2022 23:50:01 
Duration Download Forstok 10.995187044144 Detik
Duration Looping 500 Data 153.95372509956 Detik 
Tanggal: 17-07-2022 23:55:01 
Duration Download Forstok 11.757186174393 Detik
Duration Looping 500 Data 156.39591503143 Detik 
