Tanggal: 14-08-2022 00:00:01 
Duration Download Forstok 12.506976127625 Detik
Duration Looping 500 Data 853.04841303825 Detik 
Total Duration 853.0770611763 Detik 
------------------------- 
Tanggal: 14-08-2022 00:15:01 
Duration Download Forstok 11.22008895874 Detik
Duration Looping 500 Data 155.70527386665 Detik 
Total Duration 155.72995185852 Detik 
------------------------- 
Tanggal: 14-08-2022 00:20:01 
Duration Download Forstok 8.5927841663361 Detik
Duration Looping 500 Data 170.53984308243 Detik 
Total Duration 170.56457304955 Detik 
------------------------- 
Tanggal: 14-08-2022 00:25:01 
Duration Download Forstok 9.4743359088898 Detik
Duration Looping 500 Data 192.63148403168 Detik 
Total Duration 192.65564584732 Detik 
------------------------- 
Tanggal: 14-08-2022 00:30:01 
Duration Download Forstok 11.206041097641 Detik
Duration Looping 500 Data 169.10000705719 Detik 
Total Duration 169.12538003922 Detik 
------------------------- 
Tanggal: 14-08-2022 00:35:01 
Duration Download Forstok 14.024852991104 Detik
Duration Looping 500 Data 162.13333487511 Detik 
Total Duration 162.15985488892 Detik 
------------------------- 
Tanggal: 14-08-2022 00:40:01 
Duration Download Forstok 14.637987136841 Detik
Duration Looping 500 Data 162.5874581337 Detik 
Total Duration 162.61495304108 Detik 
------------------------- 
Tanggal: 14-08-2022 00:45:01 
Duration Download Forstok 13.661273956299 Detik
Duration Looping 500 Data 158.61838197708 Detik 
Total Duration 158.64327788353 Detik 
------------------------- 
Tanggal: 14-08-2022 00:50:01 
Duration Download Forstok 10.071268081665 Detik
Duration Looping 500 Data 162.55764198303 Detik 
Total Duration 162.58280396461 Detik 
------------------------- 
Tanggal: 14-08-2022 00:55:01 
Duration Download Forstok 10.172178983688 Detik
Duration Looping 500 Data 155.46782302856 Detik 
Total Duration 155.49284386635 Detik 
------------------------- 
Tanggal: 14-08-2022 01:00:01 
Duration Download Forstok 18.972290039062 Detik
Duration Looping 500 Data 172.55478596687 Detik 
Total Duration 172.58126616478 Detik 
------------------------- 
Tanggal: 14-08-2022 01:05:01 
Duration Download Forstok 12.096107006073 Detik
Duration Looping 500 Data 164.07515215874 Detik 
Total Duration 164.10022711754 Detik 
------------------------- 
Tanggal: 14-08-2022 01:10:02 
Duration Download Forstok 10.469765901566 Detik
Duration Looping 500 Data 159.19085097313 Detik 
Total Duration 159.21951985359 Detik 
------------------------- 
Tanggal: 14-08-2022 01:15:01 
Duration Download Forstok 12.724334955215 Detik
Duration Looping 500 Data 155.16238379478 Detik 
Total Duration 155.18654489517 Detik 
------------------------- 
Tanggal: 14-08-2022 01:20:01 
Duration Download Forstok 9.6289370059967 Detik
Duration Looping 500 Data 162.7939248085 Detik 
Total Duration 162.81798291206 Detik 
------------------------- 
Tanggal: 14-08-2022 01:25:01 
Duration Download Forstok 12.527137041092 Detik
Duration Looping 500 Data 162.12340116501 Detik 
Total Duration 162.14885997772 Detik 
------------------------- 
Tanggal: 14-08-2022 01:30:02 
Duration Download Forstok 11.373970985413 Detik
Duration Looping 500 Data 158.37663912773 Detik 
Total Duration 158.40095806122 Detik 
------------------------- 
Tanggal: 14-08-2022 01:35:01 
Duration Download Forstok 10.180335044861 Detik
Duration Looping 500 Data 156.21860098839 Detik 
Total Duration 156.24338793755 Detik 
------------------------- 
Tanggal: 14-08-2022 01:40:01 
Duration Download Forstok 10.456135034561 Detik
Duration Looping 500 Data 159.76770710945 Detik 
Total Duration 159.79214596748 Detik 
------------------------- 
Tanggal: 14-08-2022 01:45:01 
Duration Download Forstok 17.065833091736 Detik
Duration Looping 500 Data 164.33477807045 Detik 
Total Duration 164.36085104942 Detik 
------------------------- 
Tanggal: 14-08-2022 01:50:01 
Duration Download Forstok 11.403536081314 Detik
Duration Looping 500 Data 158.79186010361 Detik 
Total Duration 158.81989908218 Detik 
------------------------- 
Tanggal: 14-08-2022 01:55:01 
Duration Download Forstok 12.050318956375 Detik
Duration Looping 500 Data 153.36969804764 Detik 
Total Duration 153.3933069706 Detik 
------------------------- 
Tanggal: 14-08-2022 02:00:01 
Duration Download Forstok 12.703498125076 Detik
Duration Looping 500 Data 163.60458111763 Detik 
Total Duration 163.62932491302 Detik 
------------------------- 
Tanggal: 14-08-2022 02:05:02 
Duration Download Forstok 13.999662876129 Detik
Duration Looping 500 Data 164.81040692329 Detik 
Total Duration 164.83443689346 Detik 
------------------------- 
Tanggal: 14-08-2022 02:10:01 
Duration Download Forstok 10.992534160614 Detik
Duration Looping 500 Data 165.15113902092 Detik 
Total Duration 165.17561602592 Detik 
------------------------- 
Tanggal: 14-08-2022 02:15:01 
Duration Download Forstok 12.704968929291 Detik
Duration Looping 500 Data 164.88543987274 Detik 
Total Duration 164.91159892082 Detik 
------------------------- 
Tanggal: 14-08-2022 02:20:01 
Duration Download Forstok 18.053668022156 Detik
Duration Looping 500 Data 164.88243484497 Detik 
Total Duration 164.90668487549 Detik 
------------------------- 
Tanggal: 14-08-2022 02:25:01 
Duration Download Forstok 12.100814819336 Detik
Duration Looping 500 Data 158.02451276779 Detik 
Total Duration 158.04696798325 Detik 
------------------------- 
Tanggal: 14-08-2022 02:30:01 
Duration Download Forstok 12.461703062057 Detik
Duration Looping 500 Data 161.82198500633 Detik 
Total Duration 161.8455080986 Detik 
------------------------- 
Tanggal: 14-08-2022 02:35:01 
Duration Download Forstok 10.492349147797 Detik
Duration Looping 500 Data 159.94981098175 Detik 
Total Duration 159.97466516495 Detik 
------------------------- 
Tanggal: 14-08-2022 02:40:01 
Duration Download Forstok 13.329469919205 Detik
Duration Looping 500 Data 158.08848190308 Detik 
Total Duration 158.11097383499 Detik 
------------------------- 
Tanggal: 14-08-2022 02:45:01 
Duration Download Forstok 12.094177007675 Detik
Duration Looping 500 Data 163.07427501678 Detik 
Total Duration 163.09847712517 Detik 
------------------------- 
Tanggal: 14-08-2022 02:50:01 
Duration Download Forstok 11.824702978134 Detik
Duration Looping 500 Data 154.74780106544 Detik 
Total Duration 154.77252292633 Detik 
------------------------- 
Tanggal: 14-08-2022 02:55:01 
Duration Download Forstok 10.019021987915 Detik
Duration Looping 500 Data 181.35278296471 Detik 
Total Duration 181.37945199013 Detik 
------------------------- 
Tanggal: 14-08-2022 03:00:02 
Duration Download Forstok 13.130125045776 Detik
Duration Looping 500 Data 159.50646901131 Detik 
Total Duration 159.53055906296 Detik 
------------------------- 
Tanggal: 14-08-2022 03:05:01 
Duration Download Forstok 10.326678991318 Detik
Duration Looping 500 Data 159.43709611893 Detik 
Total Duration 159.46688103676 Detik 
------------------------- 
Tanggal: 14-08-2022 03:10:01 
Duration Download Forstok 9.9203951358795 Detik
Duration Looping 500 Data 152.98316407204 Detik 
Total Duration 153.0098721981 Detik 
------------------------- 
Tanggal: 14-08-2022 03:15:01 
Duration Download Forstok 11.30814409256 Detik
Duration Looping 500 Data 156.47334599495 Detik 
Total Duration 156.49818205833 Detik 
------------------------- 
Tanggal: 14-08-2022 03:20:01 
Duration Download Forstok 10.760180950165 Detik
Duration Looping 500 Data 156.96832799911 Detik 
Total Duration 156.9923350811 Detik 
------------------------- 
Tanggal: 14-08-2022 03:25:01 
Duration Download Forstok 9.2546141147614 Detik
Duration Looping 500 Data 151.09876298904 Detik 
Total Duration 151.12511205673 Detik 
------------------------- 
Tanggal: 14-08-2022 03:30:01 
Duration Download Forstok 11.411675930023 Detik
Duration Looping 500 Data 157.29089212418 Detik 
Total Duration 157.31484293938 Detik 
------------------------- 
Tanggal: 14-08-2022 03:35:01 
Duration Download Forstok 10.493353128433 Detik
Duration Looping 500 Data 154.64758205414 Detik 
Total Duration 154.67264199257 Detik 
------------------------- 
Tanggal: 14-08-2022 03:40:01 
Duration Download Forstok 13.619395971298 Detik
Duration Looping 500 Data 160.75890493393 Detik 
Total Duration 160.7829349041 Detik 
------------------------- 
Tanggal: 14-08-2022 03:45:01 
Duration Download Forstok 11.197714090347 Detik
Duration Looping 500 Data 153.1849489212 Detik 
Total Duration 153.20929694176 Detik 
------------------------- 
Tanggal: 14-08-2022 03:50:01 
Duration Download Forstok 13.064804077148 Detik
Duration Looping 500 Data 155.55554294586 Detik 
Total Duration 155.57981801033 Detik 
------------------------- 
Tanggal: 14-08-2022 03:55:01 
Duration Download Forstok 8.4535310268402 Detik
Duration Looping 500 Data 164.81246113777 Detik 
Total Duration 164.83752298355 Detik 
------------------------- 
Tanggal: 14-08-2022 04:00:01 
Duration Download Forstok 11.598881006241 Detik
Duration Looping 500 Data 154.84513092041 Detik 
Total Duration 154.86942791939 Detik 
------------------------- 
Tanggal: 14-08-2022 04:05:01 
Duration Download Forstok 13.143054008484 Detik
Duration Looping 500 Data 155.9086329937 Detik 
Total Duration 155.9336810112 Detik 
------------------------- 
Tanggal: 14-08-2022 04:10:01 
Duration Download Forstok 9.1635060310364 Detik
Duration Looping 500 Data 155.1493139267 Detik 
Total Duration 155.17490100861 Detik 
------------------------- 
Tanggal: 14-08-2022 04:15:01 
Duration Download Forstok 12.919482946396 Detik
Duration Looping 500 Data 159.30490803719 Detik 
Total Duration 159.32943797112 Detik 
------------------------- 
Tanggal: 14-08-2022 04:20:01 
Duration Download Forstok 10.748944044113 Detik
Duration Looping 500 Data 162.89521312714 Detik 
Total Duration 162.91984915733 Detik 
------------------------- 
Tanggal: 14-08-2022 04:25:01 
Duration Download Forstok 12.346516132355 Detik
Duration Looping 500 Data 171.40828990936 Detik 
Total Duration 171.43315005302 Detik 
------------------------- 
Tanggal: 14-08-2022 04:30:01 
Duration Download Forstok 10.021107912064 Detik
Duration Looping 500 Data 162.17350792885 Detik 
Total Duration 162.19765281677 Detik 
------------------------- 
Tanggal: 14-08-2022 04:35:01 
Duration Download Forstok 10.865891933441 Detik
Duration Looping 500 Data 158.0198829174 Detik 
Total Duration 158.04801678658 Detik 
------------------------- 
Tanggal: 14-08-2022 04:40:01 
Duration Download Forstok 13.940246105194 Detik
Duration Looping 500 Data 166.85061407089 Detik 
Total Duration 166.87424397469 Detik 
------------------------- 
Tanggal: 14-08-2022 04:45:01 
Duration Download Forstok 11.31766295433 Detik
Duration Looping 500 Data 157.6503970623 Detik 
Total Duration 157.67453193665 Detik 
------------------------- 
Tanggal: 14-08-2022 04:50:01 
Duration Download Forstok 13.890449047089 Detik
Duration Looping 500 Data 169.99198698997 Detik 
Total Duration 170.01636195183 Detik 
------------------------- 
Tanggal: 14-08-2022 04:55:01 
Duration Download Forstok 12.675736904144 Detik
Duration Looping 500 Data 154.20719003677 Detik 
Total Duration 154.23149895668 Detik 
------------------------- 
Tanggal: 14-08-2022 05:00:01 
Duration Download Forstok 12.698406934738 Detik
Duration Looping 500 Data 161.26203179359 Detik 
Total Duration 161.28579497337 Detik 
------------------------- 
Tanggal: 14-08-2022 05:05:01 
Duration Download Forstok 11.130964994431 Detik
Duration Looping 500 Data 153.15726613998 Detik 
Total Duration 153.18187618256 Detik 
------------------------- 
Tanggal: 14-08-2022 05:10:01 
Duration Download Forstok 12.307636976242 Detik
Duration Looping 500 Data 158.5496160984 Detik 
Total Duration 158.57344412804 Detik 
------------------------- 
Tanggal: 14-08-2022 05:15:01 
Duration Download Forstok 10.897027015686 Detik
Duration Looping 500 Data 155.25293588638 Detik 
Total Duration 155.27834701538 Detik 
------------------------- 
Tanggal: 14-08-2022 05:20:01 
Duration Download Forstok 10.93589091301 Detik
Duration Looping 500 Data 170.67908000946 Detik 
Total Duration 170.70271897316 Detik 
------------------------- 
Tanggal: 14-08-2022 05:25:01 
Duration Download Forstok 11.791131973267 Detik
Duration Looping 500 Data 165.42562794685 Detik 
Total Duration 165.44928002357 Detik 
------------------------- 
Tanggal: 14-08-2022 05:30:01 
Duration Download Forstok 12.176521062851 Detik
Duration Looping 500 Data 158.67203593254 Detik 
Total Duration 158.69596600533 Detik 
------------------------- 
Tanggal: 14-08-2022 05:35:01 
Duration Download Forstok 9.8194029331207 Detik
Duration Looping 500 Data 153.38553500175 Detik 
Total Duration 153.41107010841 Detik 
------------------------- 
Tanggal: 14-08-2022 05:40:01 
Duration Download Forstok 10.943383932114 Detik
Duration Looping 500 Data 169.4430680275 Detik 
Total Duration 169.46804285049 Detik 
------------------------- 
Tanggal: 14-08-2022 05:45:01 
Duration Download Forstok 10.529616117477 Detik
Duration Looping 500 Data 158.11673808098 Detik 
Total Duration 158.14495205879 Detik 
------------------------- 
Tanggal: 14-08-2022 05:50:01 
Duration Download Forstok 10.893723964691 Detik
Duration Looping 500 Data 157.60206794739 Detik 
Total Duration 157.62684798241 Detik 
------------------------- 
Tanggal: 14-08-2022 05:55:02 
Duration Download Forstok 9.3796238899231 Detik
Duration Looping 500 Data 168.27626991272 Detik 
Total Duration 168.30018091202 Detik 
------------------------- 
Tanggal: 14-08-2022 06:00:01 
Duration Download Forstok 12.416673898697 Detik
Duration Looping 500 Data 155.06613993645 Detik 
Total Duration 155.09412002563 Detik 
------------------------- 
Tanggal: 14-08-2022 06:05:01 
Duration Download Forstok 11.346928119659 Detik
Duration Looping 500 Data 163.99660921097 Detik 
Total Duration 164.02084302902 Detik 
------------------------- 
Tanggal: 14-08-2022 06:10:01 
Duration Download Forstok 11.309413909912 Detik
Duration Looping 500 Data 159.88239502907 Detik 
Total Duration 159.9077899456 Detik 
------------------------- 
Tanggal: 14-08-2022 06:15:01 
Duration Download Forstok 11.728256940842 Detik
Duration Looping 500 Data 172.56242990494 Detik 
Total Duration 172.58691287041 Detik 
------------------------- 
Tanggal: 14-08-2022 06:20:01 
Duration Download Forstok 10.884567022324 Detik
Duration Looping 500 Data 153.62244391441 Detik 
Total Duration 153.6457760334 Detik 
------------------------- 
Tanggal: 14-08-2022 06:25:02 
Duration Download Forstok 13.058059930801 Detik
Duration Looping 500 Data 157.12762093544 Detik 
Total Duration 157.15279388428 Detik 
------------------------- 
Tanggal: 14-08-2022 06:30:01 
Duration Download Forstok 11.324393033981 Detik
Duration Looping 500 Data 156.83745098114 Detik 
Total Duration 156.86170196533 Detik 
------------------------- 
Tanggal: 14-08-2022 06:35:01 
Duration Download Forstok 13.219054222107 Detik
Duration Looping 500 Data 160.56343507767 Detik 
Total Duration 160.59176707268 Detik 
------------------------- 
Tanggal: 14-08-2022 06:40:01 
Duration Download Forstok 8.9184319972992 Detik
Duration Looping 500 Data 158.28049302101 Detik 
Total Duration 158.30479192734 Detik 
------------------------- 
Tanggal: 14-08-2022 06:45:01 
Duration Download Forstok 10.560548782349 Detik
Duration Looping 500 Data 152.69531989098 Detik 
Total Duration 152.71987199783 Detik 
------------------------- 
Tanggal: 14-08-2022 06:50:01 
Duration Download Forstok 12.428677082062 Detik
Duration Looping 500 Data 155.49569106102 Detik 
Total Duration 155.51990222931 Detik 
------------------------- 
Tanggal: 14-08-2022 06:55:01 
Duration Download Forstok 8.7152781486511 Detik
Duration Looping 500 Data 154.11794710159 Detik 
Total Duration 154.14171600342 Detik 
------------------------- 
Tanggal: 14-08-2022 07:00:01 
Duration Download Forstok 14.891274213791 Detik
Duration Looping 500 Data 159.43547105789 Detik 
Total Duration 159.45966315269 Detik 
------------------------- 
Tanggal: 14-08-2022 07:05:01 
Duration Download Forstok 10.711658000946 Detik
Duration Looping 500 Data 157.48560595512 Detik 
Total Duration 157.50935697556 Detik 
------------------------- 
Tanggal: 14-08-2022 07:10:01 
Duration Download Forstok 12.747513055801 Detik
Duration Looping 500 Data 159.88381791115 Detik 
Total Duration 159.90574598312 Detik 
------------------------- 
Tanggal: 14-08-2022 07:15:01 
Duration Download Forstok 11.558817148209 Detik
Duration Looping 500 Data 153.61658215523 Detik 
Total Duration 153.64008903503 Detik 
------------------------- 
Tanggal: 14-08-2022 07:20:01 
Duration Download Forstok 12.799118041992 Detik
Duration Looping 500 Data 156.10478496552 Detik 
Total Duration 156.12874102592 Detik 
------------------------- 
Tanggal: 14-08-2022 07:25:01 
Duration Download Forstok 9.6036169528961 Detik
Duration Looping 500 Data 162.90219497681 Detik 
Total Duration 162.92781710625 Detik 
------------------------- 
Tanggal: 14-08-2022 07:30:01 
Duration Download Forstok 11.725473165512 Detik
Duration Looping 500 Data 156.05787611008 Detik 
Total Duration 156.08214116096 Detik 
------------------------- 
Tanggal: 14-08-2022 07:35:01 
Duration Download Forstok 12.087828874588 Detik
Duration Looping 500 Data 157.69976687431 Detik 
Total Duration 157.72341990471 Detik 
------------------------- 
Tanggal: 14-08-2022 07:40:01 
Duration Download Forstok 10.330925226212 Detik
Duration Looping 500 Data 168.77321100235 Detik 
Total Duration 168.79711818695 Detik 
------------------------- 
Tanggal: 14-08-2022 07:45:01 
Duration Download Forstok 12.848291158676 Detik
Duration Looping 500 Data 163.04801297188 Detik 
Total Duration 163.07241606712 Detik 
------------------------- 
Tanggal: 14-08-2022 07:50:01 
Duration Download Forstok 9.4432737827301 Detik
Duration Looping 500 Data 153.35655283928 Detik 
Total Duration 153.38123989105 Detik 
------------------------- 
Tanggal: 14-08-2022 07:55:01 
Duration Download Forstok 8.7656271457672 Detik
Duration Looping 500 Data 181.33949112892 Detik 
Total Duration 181.36386799812 Detik 
------------------------- 
Tanggal: 14-08-2022 08:00:01 
Duration Download Forstok 12.668094158173 Detik
Duration Looping 500 Data 164.97512507439 Detik 
Total Duration 164.99992918968 Detik 
------------------------- 
Tanggal: 14-08-2022 08:05:01 
Duration Download Forstok 9.5543899536133 Detik
Duration Looping 500 Data 159.35880112648 Detik 
Total Duration 159.38349699974 Detik 
------------------------- 
Tanggal: 14-08-2022 08:10:02 
Duration Download Forstok 14.154541969299 Detik
Duration Looping 500 Data 161.65371489525 Detik 
Total Duration 161.67947101593 Detik 
------------------------- 
Tanggal: 14-08-2022 08:15:01 
Duration Download Forstok 10.232383966446 Detik
Duration Looping 500 Data 154.56997108459 Detik 
Total Duration 154.59505009651 Detik 
------------------------- 
Tanggal: 14-08-2022 08:20:01 
Duration Download Forstok 14.498131036758 Detik
Duration Looping 500 Data 170.16324806213 Detik 
Total Duration 170.18839716911 Detik 
------------------------- 
Tanggal: 14-08-2022 08:25:01 
Duration Download Forstok 8.9070320129395 Detik
Duration Looping 500 Data 160.2808470726 Detik 
Total Duration 160.30467009544 Detik 
------------------------- 
Tanggal: 14-08-2022 08:30:01 
Duration Download Forstok 14.570913076401 Detik
Duration Looping 500 Data 163.60260891914 Detik 
Total Duration 163.62706708908 Detik 
------------------------- 
Tanggal: 14-08-2022 08:35:01 
Duration Download Forstok 9.4120969772339 Detik
Duration Looping 500 Data 155.62524914742 Detik 
Total Duration 155.65038609505 Detik 
------------------------- 
Tanggal: 14-08-2022 08:40:01 
Duration Download Forstok 10.700304985046 Detik
Duration Looping 500 Data 162.74709796906 Detik 
Total Duration 162.77042198181 Detik 
------------------------- 
Tanggal: 14-08-2022 08:45:01 
Duration Download Forstok 12.379615068436 Detik
Duration Looping 500 Data 172.41182994843 Detik 
Total Duration 172.43694806099 Detik 
------------------------- 
Tanggal: 14-08-2022 08:50:01 
Duration Download Forstok 14.830786943436 Detik
Duration Looping 500 Data 158.72389578819 Detik 
Total Duration 158.74835896492 Detik 
------------------------- 
Tanggal: 14-08-2022 08:55:01 
Duration Download Forstok 9.4692809581757 Detik
Duration Looping 500 Data 159.53578591347 Detik 
Total Duration 159.56046199799 Detik 
------------------------- 
Tanggal: 14-08-2022 09:00:01 
Duration Download Forstok 11.561459064484 Detik
Duration Looping 500 Data 167.60894608498 Detik 
Total Duration 167.63699698448 Detik 
------------------------- 
Tanggal: 14-08-2022 09:05:01 
Duration Download Forstok 9.8948109149933 Detik
Duration Looping 500 Data 157.59887194633 Detik 
Total Duration 157.62276291847 Detik 
------------------------- 
Tanggal: 14-08-2022 09:10:01 
Duration Download Forstok 12.545260190964 Detik
Duration Looping 500 Data 159.80617499352 Detik 
Total Duration 159.83446907997 Detik 
------------------------- 
Tanggal: 14-08-2022 09:15:01 
Duration Download Forstok 12.31791806221 Detik
Duration Looping 500 Data 165.90847301483 Detik 
Total Duration 165.93883299828 Detik 
------------------------- 
Tanggal: 14-08-2022 09:20:01 
Duration Download Forstok 10.783895969391 Detik
Duration Looping 500 Data 157.76080298424 Detik 
Total Duration 157.78450608253 Detik 
------------------------- 
Tanggal: 14-08-2022 09:25:01 
Duration Download Forstok 10.637374162674 Detik
Duration Looping 500 Data 158.94314813614 Detik 
Total Duration 158.97001719475 Detik 
------------------------- 
Tanggal: 14-08-2022 09:30:01 
Duration Download Forstok 12.904534816742 Detik
Duration Looping 500 Data 160.07339692116 Detik 
Total Duration 160.098487854 Detik 
------------------------- 
Tanggal: 14-08-2022 09:35:01 
Duration Download Forstok 12.194737911224 Detik
Duration Looping 500 Data 163.67141389847 Detik 
Total Duration 163.69697499275 Detik 
------------------------- 
Tanggal: 14-08-2022 09:40:01 
Duration Download Forstok 9.1756310462952 Detik
Duration Looping 500 Data 160.58864998817 Detik 
Total Duration 160.61315107346 Detik 
------------------------- 
Tanggal: 14-08-2022 09:45:01 
Duration Download Forstok 14.291653871536 Detik
Duration Looping 500 Data 171.63349103928 Detik 
Total Duration 171.65777683258 Detik 
------------------------- 
Tanggal: 14-08-2022 09:50:01 
Duration Download Forstok 10.862024068832 Detik
Duration Looping 500 Data 163.07116508484 Detik 
Total Duration 163.0956389904 Detik 
------------------------- 
Tanggal: 14-08-2022 09:55:01 
Duration Download Forstok 9.7281019687653 Detik
Duration Looping 500 Data 173.30124187469 Detik 
Total Duration 173.32982397079 Detik 
------------------------- 
Tanggal: 14-08-2022 10:00:01 
Duration Download Forstok 13.402667999268 Detik
Duration Looping 500 Data 160.17256689072 Detik 
Total Duration 160.19703102112 Detik 
------------------------- 
Tanggal: 14-08-2022 10:05:01 
Duration Download Forstok 9.7651090621948 Detik
Duration Looping 500 Data 167.88057398796 Detik 
Total Duration 167.90875697136 Detik 
------------------------- 
Tanggal: 14-08-2022 10:10:01 
Duration Download Forstok 11.437584161758 Detik
Duration Looping 500 Data 161.2687959671 Detik 
Total Duration 161.29175615311 Detik 
------------------------- 
Tanggal: 14-08-2022 10:15:01 
Duration Download Forstok 11.495269060135 Detik
Duration Looping 500 Data 170.72990489006 Detik 
Total Duration 170.76055407524 Detik 
------------------------- 
Tanggal: 14-08-2022 10:20:01 
Duration Download Forstok 11.752339839935 Detik
Duration Looping 500 Data 166.46445178986 Detik 
Total Duration 166.49241995811 Detik 
------------------------- 
Tanggal: 14-08-2022 10:25:01 
Duration Download Forstok 11.096232891083 Detik
Duration Looping 500 Data 166.72001385689 Detik 
Total Duration 166.74787092209 Detik 
------------------------- 
Tanggal: 14-08-2022 10:30:01 
Duration Download Forstok 11.726827859879 Detik
Duration Looping 500 Data 176.00536084175 Detik 
Total Duration 176.03095698357 Detik 
------------------------- 
Tanggal: 14-08-2022 10:35:01 
Duration Download Forstok 11.712692022324 Detik
Duration Looping 500 Data 163.52394604683 Detik 
Total Duration 163.54807591438 Detik 
------------------------- 
Tanggal: 14-08-2022 10:40:01 
Duration Download Forstok 9.3188881874084 Detik
Duration Looping 500 Data 165.13671112061 Detik 
Total Duration 165.16313815117 Detik 
------------------------- 
Tanggal: 14-08-2022 10:45:01 
Duration Download Forstok 13.724542140961 Detik
Duration Looping 500 Data 167.80658316612 Detik 
Total Duration 167.83186101913 Detik 
------------------------- 
Tanggal: 14-08-2022 10:50:01 
Duration Download Forstok 8.6809439659119 Detik
Duration Looping 500 Data 167.30584907532 Detik 
Total Duration 167.33091402054 Detik 
------------------------- 
Tanggal: 14-08-2022 10:55:01 
Duration Download Forstok 10.204409122467 Detik
Duration Looping 500 Data 162.85567998886 Detik 
Total Duration 162.88361811638 Detik 
------------------------- 
Tanggal: 14-08-2022 11:00:01 
Duration Download Forstok 11.559349060059 Detik
Duration Looping 500 Data 167.20990800858 Detik 
Total Duration 167.24065518379 Detik 
------------------------- 
Tanggal: 14-08-2022 11:05:01 
Duration Download Forstok 10.373303890228 Detik
Duration Looping 500 Data 165.05905795097 Detik 
Total Duration 165.08408880234 Detik 
------------------------- 
Tanggal: 14-08-2022 11:10:01 
Duration Download Forstok 13.049812078476 Detik
Duration Looping 500 Data 169.57565712929 Detik 
Total Duration 169.5997941494 Detik 
------------------------- 
Tanggal: 14-08-2022 11:15:01 
Duration Download Forstok 14.162765026093 Detik
Duration Looping 500 Data 169.85243391991 Detik 
Total Duration 169.8839328289 Detik 
------------------------- 
Tanggal: 14-08-2022 11:20:01 
Duration Download Forstok 10.985853910446 Detik
Duration Looping 500 Data 161.80393409729 Detik 
Total Duration 161.82926893234 Detik 
------------------------- 
Tanggal: 14-08-2022 11:25:01 
Duration Download Forstok 9.674388885498 Detik
Duration Looping 500 Data 164.77579593658 Detik 
Total Duration 164.80507779121 Detik 
------------------------- 
Tanggal: 14-08-2022 11:30:01 
Duration Download Forstok 13.322841882706 Detik
Duration Looping 500 Data 168.74276781082 Detik 
Total Duration 168.76631188393 Detik 
------------------------- 
Tanggal: 14-08-2022 11:35:01 
Duration Download Forstok 14.333818912506 Detik
Duration Looping 500 Data 166.9834048748 Detik 
Total Duration 167.00649881363 Detik 
------------------------- 
Tanggal: 14-08-2022 11:40:01 
Duration Download Forstok 12.540604829788 Detik
Duration Looping 500 Data 167.42792582512 Detik 
Total Duration 167.45345282555 Detik 
------------------------- 
Tanggal: 14-08-2022 11:45:01 
Duration Download Forstok 12.394508838654 Detik
Duration Looping 500 Data 183.74174284935 Detik 
Total Duration 183.76766300201 Detik 
------------------------- 
Tanggal: 14-08-2022 11:50:01 
Duration Download Forstok 11.130846977234 Detik
Duration Looping 500 Data 162.95339393616 Detik 
Total Duration 162.97854709625 Detik 
------------------------- 
Tanggal: 14-08-2022 11:55:01 
Duration Download Forstok 10.184161186218 Detik
Duration Looping 500 Data 162.66450810432 Detik 
Total Duration 162.68963098526 Detik 
------------------------- 
Tanggal: 14-08-2022 12:00:01 
Duration Download Forstok 11.186743021011 Detik
Duration Looping 500 Data 177.18478894234 Detik 
Total Duration 177.21402311325 Detik 
------------------------- 
Tanggal: 14-08-2022 12:05:01 
Duration Download Forstok 10.456820011139 Detik
Duration Looping 500 Data 169.75243592262 Detik 
Total Duration 169.77773284912 Detik 
------------------------- 
Tanggal: 14-08-2022 12:10:01 
Duration Download Forstok 13.434182882309 Detik
Duration Looping 500 Data 169.98219704628 Detik 
Total Duration 170.0085849762 Detik 
------------------------- 
Tanggal: 14-08-2022 12:15:01 
Duration Download Forstok 12.549952983856 Detik
Duration Looping 500 Data 163.62332105637 Detik 
Total Duration 163.65006804466 Detik 
------------------------- 
Tanggal: 14-08-2022 12:20:01 
Duration Download Forstok 9.2795288562775 Detik
Duration Looping 500 Data 162.79939603806 Detik 
Total Duration 162.82411789894 Detik 
------------------------- 
Tanggal: 14-08-2022 12:25:01 
Duration Download Forstok 10.650658845901 Detik
Duration Looping 500 Data 167.55425286293 Detik 
Total Duration 167.58425092697 Detik 
------------------------- 
Tanggal: 14-08-2022 12:30:01 
Duration Download Forstok 11.082633972168 Detik
Duration Looping 500 Data 166.44095993042 Detik 
Total Duration 166.4653570652 Detik 
------------------------- 
Tanggal: 14-08-2022 12:35:01 
Duration Download Forstok 9.8698108196259 Detik
Duration Looping 500 Data 164.10269880295 Detik 
Total Duration 164.13271188736 Detik 
------------------------- 
Tanggal: 14-08-2022 12:40:01 
Duration Download Forstok 14.453148126602 Detik
Duration Looping 500 Data 168.59314203262 Detik 
Total Duration 168.61824703217 Detik 
------------------------- 
Tanggal: 14-08-2022 12:45:01 
Duration Download Forstok 12.155705928802 Detik
Duration Looping 500 Data 160.10560894012 Detik 
Total Duration 160.13133502007 Detik 
------------------------- 
Tanggal: 14-08-2022 12:50:01 
Duration Download Forstok 12.827388048172 Detik
Duration Looping 500 Data 164.69754815102 Detik 
Total Duration 164.72338104248 Detik 
------------------------- 
Tanggal: 14-08-2022 12:55:01 
Duration Download Forstok 12.208271980286 Detik
Duration Looping 500 Data 179.45566701889 Detik 
Tanggal: 14-08-2022 13:00:01 
Duration Download Forstok 12.100181102753 Detik
Duration Looping 500 Data 161.46618890762 Detik 
Tanggal: 14-08-2022 13:05:01 
Duration Download Forstok 12.877466201782 Detik
Duration Looping 500 Data 157.51600408554 Detik 
Tanggal: 14-08-2022 13:10:01 
Duration Download Forstok 11.897932052612 Detik
Duration Looping 500 Data 165.27758002281 Detik 
Tanggal: 14-08-2022 13:15:01 
Duration Download Forstok 14.090548992157 Detik
Duration Looping 500 Data 160.22422099113 Detik 
Tanggal: 14-08-2022 13:20:01 
Duration Download Forstok 11.320158004761 Detik
Duration Looping 500 Data 161.50342297554 Detik 
Tanggal: 14-08-2022 13:25:01 
Duration Download Forstok 14.374910116196 Detik
Duration Looping 500 Data 166.65909814835 Detik 
Tanggal: 14-08-2022 13:30:01 
Duration Download Forstok 11.976610898972 Detik
Duration Looping 500 Data 169.51951885223 Detik 
Total Duration 169.54452991486 Detik 
------------------------- 
Tanggal: 14-08-2022 13:35:01 
Duration Download Forstok 9.4426829814911 Detik
Duration Looping 500 Data 156.90375089645 Detik 
Total Duration 156.92817783356 Detik 
------------------------- 
Tanggal: 14-08-2022 13:40:01 
Duration Download Forstok 13.12140583992 Detik
Duration Looping 500 Data 164.2581589222 Detik 
Total Duration 164.28328800201 Detik 
------------------------- 
Tanggal: 14-08-2022 13:45:01 
Duration Download Forstok 13.314049005508 Detik
Duration Looping 500 Data 160.32710719109 Detik 
Total Duration 160.35183501244 Detik 
------------------------- 
Tanggal: 14-08-2022 13:50:01 
Duration Download Forstok 10.965252161026 Detik
Duration Looping 500 Data 172.33271718025 Detik 
Total Duration 172.3549489975 Detik 
------------------------- 
Tanggal: 14-08-2022 13:55:01 
Duration Download Forstok 9.9919211864471 Detik
Duration Looping 500 Data 169.71325111389 Detik 
Total Duration 169.74259710312 Detik 
------------------------- 
Tanggal: 14-08-2022 14:00:01 
Duration Download Forstok 16.598660945892 Detik
Duration Looping 500 Data 165.21231508255 Detik 
Total Duration 165.23859286308 Detik 
------------------------- 
Tanggal: 14-08-2022 14:05:01 
Duration Download Forstok 15.02517914772 Detik
Duration Looping 500 Data 172.21445417404 Detik 
Total Duration 172.24027919769 Detik 
------------------------- 
Tanggal: 14-08-2022 14:10:01 
Duration Download Forstok 10.347182035446 Detik
Duration Looping 500 Data 159.00163507462 Detik 
Total Duration 159.0283100605 Detik 
------------------------- 
Tanggal: 14-08-2022 14:15:01 
Duration Download Forstok 11.633056879044 Detik
Duration Looping 500 Data 160.2292740345 Detik 
Total Duration 160.25382399559 Detik 
------------------------- 
Tanggal: 14-08-2022 14:20:01 
Duration Download Forstok 9.4185011386871 Detik
Duration Looping 500 Data 164.46103000641 Detik 
Total Duration 164.48630023003 Detik 
------------------------- 
Tanggal: 14-08-2022 14:25:01 
Duration Download Forstok 14.687292098999 Detik
Duration Looping 500 Data 169.64540910721 Detik 
Total Duration 169.67307806015 Detik 
------------------------- 
Tanggal: 14-08-2022 14:30:01 
Duration Download Forstok 12.393770933151 Detik
Duration Looping 500 Data 161.9562330246 Detik 
Total Duration 161.9801659584 Detik 
------------------------- 
Tanggal: 14-08-2022 14:35:01 
Duration Download Forstok 14.058606863022 Detik
Duration Looping 500 Data 163.15476679802 Detik 
Total Duration 163.17958188057 Detik 
------------------------- 
Tanggal: 14-08-2022 14:40:01 
Duration Download Forstok 10.839327096939 Detik
Duration Looping 500 Data 165.3493270874 Detik 
Total Duration 165.37672615051 Detik 
------------------------- 
Tanggal: 14-08-2022 14:45:01 
Duration Download Forstok 13.982189178467 Detik
Duration Looping 500 Data 165.22924613953 Detik 
Total Duration 165.25424814224 Detik 
------------------------- 
Tanggal: 14-08-2022 14:50:01 
Duration Download Forstok 9.9365611076355 Detik
Duration Looping 500 Data 161.02402710915 Detik 
Total Duration 161.04892015457 Detik 
------------------------- 
Tanggal: 14-08-2022 14:55:01 
Duration Download Forstok 9.8579289913177 Detik
Duration Looping 500 Data 162.96773099899 Detik 
Total Duration 162.99209189415 Detik 
------------------------- 
Tanggal: 14-08-2022 15:00:01 
Duration Download Forstok 12.56384396553 Detik
Duration Looping 500 Data 166.00092482567 Detik 
Total Duration 166.02755284309 Detik 
------------------------- 
Tanggal: 14-08-2022 15:05:01 
Duration Download Forstok 12.756880998611 Detik
Duration Looping 500 Data 171.64306688309 Detik 
Total Duration 171.66827988625 Detik 
------------------------- 
Tanggal: 14-08-2022 15:10:01 
Duration Download Forstok 24.969096183777 Detik
Duration Looping 500 Data 172.57694816589 Detik 
Total Duration 172.60154795647 Detik 
------------------------- 
Tanggal: 14-08-2022 15:15:01 
Duration Download Forstok 13.399307966232 Detik
Duration Looping 500 Data 167.07478308678 Detik 
Total Duration 167.09916901588 Detik 
------------------------- 
Tanggal: 14-08-2022 15:20:01 
Duration Download Forstok 11.31049489975 Detik
Duration Looping 500 Data 165.86956810951 Detik 
Total Duration 165.89427995682 Detik 
------------------------- 
Tanggal: 14-08-2022 15:25:01 
Duration Download Forstok 11.141397953033 Detik
Duration Looping 500 Data 168.90588903427 Detik 
Total Duration 168.93477511406 Detik 
------------------------- 
Tanggal: 14-08-2022 15:30:01 
Duration Download Forstok 59.564150810242 Detik
Tanggal: 14-08-2022 15:35:01 
Duration Download Forstok 13.74437212944 Detik
Duration Looping 500 Data 163.61768317223 Detik 
Total Duration 163.64310717583 Detik 
------------------------- 
Tanggal: 14-08-2022 15:40:01 
Duration Download Forstok 11.787060976028 Detik
Duration Looping 500 Data 162.50425982475 Detik 
Total Duration 162.53014492989 Detik 
------------------------- 
Tanggal: 14-08-2022 15:45:01 
Duration Download Forstok 11.79790186882 Detik
Duration Looping 500 Data 164.70686292648 Detik 
Total Duration 164.73242783546 Detik 
------------------------- 
Tanggal: 14-08-2022 15:50:02 
Duration Download Forstok 10.659809827805 Detik
Duration Looping 500 Data 156.04582285881 Detik 
Total Duration 156.07185196877 Detik 
------------------------- 
Tanggal: 14-08-2022 15:55:01 
Duration Download Forstok 10.888350009918 Detik
Duration Looping 500 Data 159.03009200096 Detik 
Total Duration 159.05614590645 Detik 
------------------------- 
Tanggal: 14-08-2022 16:00:01 
Duration Download Forstok 12.870533943176 Detik
Duration Looping 500 Data 162.75518202782 Detik 
Total Duration 162.78026294708 Detik 
------------------------- 
Tanggal: 14-08-2022 16:05:02 
Duration Download Forstok 14.096018075943 Detik
Duration Looping 500 Data 168.53965210915 Detik 
Total Duration 168.56432104111 Detik 
------------------------- 
Tanggal: 14-08-2022 16:10:01 
Duration Download Forstok 10.661217927933 Detik
Duration Looping 500 Data 157.05759310722 Detik 
Total Duration 157.08497714996 Detik 
------------------------- 
Tanggal: 14-08-2022 16:15:01 
Duration Download Forstok 12.795211076736 Detik
Duration Looping 500 Data 164.97729587555 Detik 
Total Duration 165.00393986702 Detik 
------------------------- 
Tanggal: 14-08-2022 16:20:01 
Duration Download Forstok 11.698952913284 Detik
Duration Looping 500 Data 157.80932688713 Detik 
Total Duration 157.83749079704 Detik 
------------------------- 
Tanggal: 14-08-2022 16:25:01 
Duration Download Forstok 10.489981889725 Detik
Duration Looping 500 Data 156.74711298943 Detik 
Total Duration 157.06771588326 Detik 
------------------------- 
Tanggal: 14-08-2022 16:30:01 
Duration Download Forstok 10.215739011765 Detik
Duration Looping 500 Data 166.40059900284 Detik 
Total Duration 166.42553901672 Detik 
------------------------- 
Tanggal: 14-08-2022 16:35:01 
Duration Download Forstok 11.042205095291 Detik
Duration Looping 500 Data 159.59052300453 Detik 
Total Duration 159.61621809006 Detik 
------------------------- 
Tanggal: 14-08-2022 16:40:01 
Duration Download Forstok 11.59836602211 Detik
Duration Looping 500 Data 161.43859696388 Detik 
Total Duration 161.46578812599 Detik 
------------------------- 
Tanggal: 14-08-2022 16:45:01 
Duration Download Forstok 12.221339941025 Detik
Duration Looping 500 Data 163.37800383568 Detik 
Total Duration 163.40252494812 Detik 
------------------------- 
Tanggal: 14-08-2022 16:50:01 
Duration Download Forstok 10.966033935547 Detik
Duration Looping 500 Data 159.09911799431 Detik 
Total Duration 159.12443590164 Detik 
------------------------- 
Tanggal: 14-08-2022 16:55:01 
Duration Download Forstok 11.266513824463 Detik
Duration Looping 500 Data 154.35923790932 Detik 
Total Duration 154.38236880302 Detik 
------------------------- 
Tanggal: 14-08-2022 17:00:01 
Duration Download Forstok 12.289209127426 Detik
Duration Looping 500 Data 159.97795701027 Detik 
Total Duration 160.00249218941 Detik 
------------------------- 
Tanggal: 14-08-2022 17:05:01 
Duration Download Forstok 11.368268966675 Detik
Duration Looping 500 Data 156.66981196404 Detik 
Total Duration 156.69454693794 Detik 
------------------------- 
Tanggal: 14-08-2022 17:10:01 
Duration Download Forstok 13.032972097397 Detik
Duration Looping 500 Data 158.83924794197 Detik 
Total Duration 158.86525702477 Detik 
------------------------- 
Tanggal: 14-08-2022 17:15:01 
Duration Download Forstok 18.033969163895 Detik
Duration Looping 500 Data 163.74051713943 Detik 
Total Duration 163.76459503174 Detik 
------------------------- 
Tanggal: 14-08-2022 17:20:01 
Duration Download Forstok 16.736464977264 Detik
Duration Looping 500 Data 161.84853386879 Detik 
Total Duration 161.87356877327 Detik 
------------------------- 
Tanggal: 14-08-2022 17:25:01 
Duration Download Forstok 13.111406087875 Detik
Duration Looping 500 Data 159.72016692162 Detik 
Total Duration 159.74537301064 Detik 
------------------------- 
Tanggal: 14-08-2022 17:30:01 
Duration Download Forstok 18.006731033325 Detik
Duration Looping 500 Data 168.9692299366 Detik 
Total Duration 168.99737691879 Detik 
------------------------- 
Tanggal: 14-08-2022 17:35:01 
Duration Download Forstok 9.9562809467316 Detik
Duration Looping 500 Data 156.00283694267 Detik 
Total Duration 156.03028893471 Detik 
------------------------- 
Tanggal: 14-08-2022 17:40:01 
Duration Download Forstok 11.151293992996 Detik
Duration Looping 500 Data 166.81958985329 Detik 
Total Duration 166.84758591652 Detik 
------------------------- 
Tanggal: 14-08-2022 17:45:01 
Duration Download Forstok 10.730638980865 Detik
Duration Looping 500 Data 155.12281608582 Detik 
Total Duration 155.14794206619 Detik 
------------------------- 
Tanggal: 14-08-2022 17:50:01 
Duration Download Forstok 11.601749897003 Detik
Duration Looping 500 Data 151.7656879425 Detik 
Total Duration 151.79048490524 Detik 
------------------------- 
Tanggal: 14-08-2022 17:55:01 
Duration Download Forstok 11.381530046463 Detik
Duration Looping 500 Data 155.97681093216 Detik 
Total Duration 156.00360202789 Detik 
------------------------- 
Tanggal: 14-08-2022 18:00:01 
Duration Download Forstok 16.017113208771 Detik
Duration Looping 500 Data 156.55235910416 Detik 
Total Duration 156.57725715637 Detik 
------------------------- 
Tanggal: 14-08-2022 18:05:01 
Duration Download Forstok 13.48813700676 Detik
Duration Looping 500 Data 158.79152297974 Detik 
Total Duration 158.82038378716 Detik 
------------------------- 
Tanggal: 14-08-2022 18:10:01 
Duration Download Forstok 13.836679935455 Detik
Duration Looping 500 Data 159.81137084961 Detik 
Total Duration 159.83595895767 Detik 
------------------------- 
Tanggal: 14-08-2022 18:15:01 
Duration Download Forstok 13.904467105865 Detik
Duration Looping 500 Data 171.31033420563 Detik 
Total Duration 171.33520913124 Detik 
------------------------- 
Tanggal: 14-08-2022 18:20:01 
Duration Download Forstok 10.061411142349 Detik
Duration Looping 500 Data 150.63480210304 Detik 
Total Duration 150.65980696678 Detik 
------------------------- 
Tanggal: 14-08-2022 18:25:01 
Duration Download Forstok 10.55292391777 Detik
Duration Looping 500 Data 157.12300992012 Detik 
Tanggal: 14-08-2022 18:30:01 
Duration Download Forstok 11.52771282196 Detik
Duration Looping 500 Data 157.2830889225 Detik 
Tanggal: 14-08-2022 18:35:01 
Duration Download Forstok 10.832187891006 Detik
Duration Looping 500 Data 173.23209500313 Detik 
Tanggal: 14-08-2022 18:40:01 
Duration Download Forstok 13.535969018936 Detik
Duration Looping 500 Data 158.81300187111 Detik 
Tanggal: 14-08-2022 18:45:01 
Duration Download Forstok 11.925469875336 Detik
Duration Looping 500 Data 158.8730199337 Detik 
Tanggal: 14-08-2022 18:50:01 
Duration Download Forstok 16.156150102615 Detik
Duration Looping 500 Data 164.22022414207 Detik 
Tanggal: 14-08-2022 18:55:01 
Duration Download Forstok 10.532783985138 Detik
Duration Looping 500 Data 158.86852502823 Detik 
Tanggal: 14-08-2022 19:00:01 
Duration Download Forstok 12.363684892654 Detik
Duration Looping 500 Data 153.39417099953 Detik 
Tanggal: 14-08-2022 19:05:01 
Duration Download Forstok 10.829785823822 Detik
Duration Looping 500 Data 159.67811703682 Detik 
Tanggal: 14-08-2022 19:10:01 
Duration Download Forstok 11.942519187927 Detik
Duration Looping 500 Data 155.58293819427 Detik 
Tanggal: 14-08-2022 19:15:01 
Duration Download Forstok 13.26735496521 Detik
Duration Looping 500 Data 153.0321059227 Detik 
Tanggal: 14-08-2022 19:20:01 
Duration Download Forstok 10.52591085434 Detik
Duration Looping 500 Data 156.53809094429 Detik 
Tanggal: 14-08-2022 19:25:01 
Duration Download Forstok 9.1649038791656 Detik
Duration Looping 500 Data 157.40887498856 Detik 
Tanggal: 14-08-2022 19:30:01 
Duration Download Forstok 10.634809970856 Detik
Duration Looping 500 Data 151.1759250164 Detik 
Tanggal: 14-08-2022 19:35:01 
Duration Download Forstok 10.232666969299 Detik
Duration Looping 500 Data 156.02825498581 Detik 
Tanggal: 14-08-2022 19:40:01 
Duration Download Forstok 11.149254083633 Detik
Duration Looping 500 Data 155.75141906738 Detik 
Tanggal: 14-08-2022 19:45:01 
Duration Download Forstok 12.529795885086 Detik
Duration Looping 500 Data 156.86168789864 Detik 
Tanggal: 14-08-2022 19:50:01 
Duration Download Forstok 14.307106971741 Detik
Duration Looping 500 Data 162.72896099091 Detik 
Tanggal: 14-08-2022 19:55:01 
Duration Download Forstok 11.920903921127 Detik
Duration Looping 500 Data 159.14749407768 Detik 
Tanggal: 14-08-2022 20:00:01 
Duration Download Forstok 13.321104049683 Detik
Duration Looping 500 Data 154.1588909626 Detik 
Tanggal: 14-08-2022 20:05:01 
Duration Download Forstok 11.224987030029 Detik
Duration Looping 500 Data 154.99730014801 Detik 
Tanggal: 14-08-2022 20:10:01 
Duration Download Forstok 11.033406019211 Detik
Duration Looping 500 Data 151.2629711628 Detik 
Tanggal: 14-08-2022 20:15:01 
Duration Download Forstok 14.088449001312 Detik
Duration Looping 500 Data 155.16388821602 Detik 
Tanggal: 14-08-2022 20:20:01 
Duration Download Forstok 16.530358076096 Detik
Duration Looping 500 Data 164.24992203712 Detik 
Tanggal: 14-08-2022 20:25:01 
Duration Download Forstok 11.326612949371 Detik
Duration Looping 500 Data 158.15715694427 Detik 
Tanggal: 14-08-2022 20:30:01 
Duration Download Forstok 16.584223031998 Detik
Duration Looping 500 Data 159.88224601746 Detik 
Tanggal: 14-08-2022 20:35:01 
Duration Download Forstok 14.818624973297 Detik
Duration Looping 500 Data 163.2872800827 Detik 
Tanggal: 14-08-2022 20:40:01 
Duration Download Forstok 10.844415903091 Detik
Duration Looping 500 Data 154.47540903091 Detik 
Tanggal: 14-08-2022 20:45:01 
Duration Download Forstok 13.170912981033 Detik
Duration Looping 500 Data 163.70624804497 Detik 
Tanggal: 14-08-2022 20:50:01 
Duration Download Forstok 12.800966978073 Detik
Duration Looping 500 Data 168.88369894028 Detik 
Tanggal: 14-08-2022 20:55:01 
Duration Download Forstok 14.62454199791 Detik
Duration Looping 500 Data 155.22646999359 Detik 
Tanggal: 14-08-2022 21:00:01 
Duration Download Forstok 12.719640016556 Detik
Duration Looping 500 Data 154.35654187202 Detik 
Tanggal: 14-08-2022 21:05:01 
Duration Download Forstok 11.374559879303 Detik
Duration Looping 500 Data 149.96615600586 Detik 
Tanggal: 14-08-2022 21:10:01 
Duration Download Forstok 10.173155784607 Detik
Duration Looping 500 Data 154.34659481049 Detik 
Tanggal: 14-08-2022 21:15:01 
Duration Download Forstok 13.134811878204 Detik
Duration Looping 500 Data 160.50798797607 Detik 
Tanggal: 14-08-2022 21:20:01 
Duration Download Forstok 16.66158914566 Detik
Duration Looping 500 Data 158.98706102371 Detik 
Tanggal: 14-08-2022 21:25:01 
Duration Download Forstok 13.563024997711 Detik
Duration Looping 500 Data 150.95258712769 Detik 
Tanggal: 14-08-2022 21:30:01 
Duration Download Forstok 12.008467912674 Detik
Duration Looping 500 Data 154.61535000801 Detik 
Tanggal: 14-08-2022 21:35:01 
Duration Download Forstok 13.197598934174 Detik
Duration Looping 500 Data 157.214854002 Detik 
Tanggal: 14-08-2022 21:40:01 
Duration Download Forstok 15.405566930771 Detik
Duration Looping 500 Data 154.78385400772 Detik 
Tanggal: 14-08-2022 21:45:01 
Duration Download Forstok 18.5902531147 Detik
Duration Looping 500 Data 157.98680710793 Detik 
Tanggal: 14-08-2022 21:50:01 
Duration Download Forstok 11.891322851181 Detik
Duration Looping 500 Data 153.02989888191 Detik 
Tanggal: 14-08-2022 21:55:01 
Duration Download Forstok 11.464005947113 Detik
Duration Looping 500 Data 159.77886199951 Detik 
Tanggal: 14-08-2022 22:00:01 
Duration Download Forstok 17.915737867355 Detik
Duration Looping 500 Data 159.37628698349 Detik 
Tanggal: 14-08-2022 22:05:02 
Duration Download Forstok 11.674654006958 Detik
Duration Looping 500 Data 162.69392895699 Detik 
Tanggal: 14-08-2022 22:10:01 
Duration Download Forstok 29.052178859711 Detik
Duration Looping 500 Data 166.95951604843 Detik 
Tanggal: 14-08-2022 22:15:02 
Duration Download Forstok 14.753882884979 Detik
Duration Looping 500 Data 169.89727902412 Detik 
Tanggal: 14-08-2022 22:20:01 
Duration Download Forstok 12.936947822571 Detik
Duration Looping 500 Data 163.55732083321 Detik 
Tanggal: 14-08-2022 22:25:01 
Duration Download Forstok 16.032711029053 Detik
Duration Looping 500 Data 160.21811199188 Detik 
Tanggal: 14-08-2022 22:30:01 
Duration Download Forstok 11.037613868713 Detik
Duration Looping 500 Data 157.50480699539 Detik 
Tanggal: 14-08-2022 22:35:01 
Duration Download Forstok 9.4496409893036 Detik
Duration Looping 500 Data 152.12833714485 Detik 
Tanggal: 14-08-2022 22:40:01 
Duration Download Forstok 12.996530056 Detik
Duration Looping 500 Data 149.97448301315 Detik 
Tanggal: 14-08-2022 22:45:01 
Duration Download Forstok 16.170419931412 Detik
Duration Looping 500 Data 154.35663485527 Detik 
Tanggal: 14-08-2022 22:50:01 
Duration Download Forstok 13.317184925079 Detik
Duration Looping 500 Data 155.83962392807 Detik 
Tanggal: 14-08-2022 22:55:01 
Duration Download Forstok 9.4623830318451 Detik
Duration Looping 500 Data 146.54487299919 Detik 
Tanggal: 14-08-2022 23:00:01 
Duration Download Forstok 11.524816036224 Detik
Duration Looping 500 Data 170.41732597351 Detik 
Tanggal: 14-08-2022 23:05:01 
Duration Download Forstok 12.952836990356 Detik
Duration Looping 500 Data 155.79830384254 Detik 
Tanggal: 14-08-2022 23:10:01 
Duration Download Forstok 11.000791072845 Detik
Duration Looping 500 Data 155.67465305328 Detik 
Tanggal: 14-08-2022 23:15:01 
Duration Download Forstok 16.065123081207 Detik
Duration Looping 500 Data 159.02489113808 Detik 
Tanggal: 14-08-2022 23:20:01 
Duration Download Forstok 11.053009986877 Detik
Duration Looping 500 Data 152.17525911331 Detik 
Tanggal: 14-08-2022 23:25:01 
Duration Download Forstok 11.217982053757 Detik
Duration Looping 500 Data 153.45061898232 Detik 
Tanggal: 14-08-2022 23:30:01 
Duration Download Forstok 12.572006940842 Detik
Duration Looping 500 Data 156.22431302071 Detik 
Tanggal: 14-08-2022 23:35:01 
Duration Download Forstok 9.6745660305023 Detik
Duration Looping 500 Data 145.10758185387 Detik 
Tanggal: 14-08-2022 23:40:01 
Duration Download Forstok 11.810095071793 Detik
Duration Looping 500 Data 152.13462400436 Detik 
Tanggal: 14-08-2022 23:45:01 
Duration Download Forstok 13.739701986313 Detik
Duration Looping 500 Data 157.82454609871 Detik 
Tanggal: 14-08-2022 23:50:01 
Duration Download Forstok 11.535729169846 Detik
Duration Looping 500 Data 148.72273206711 Detik 
Tanggal: 14-08-2022 23:55:01 
Duration Download Forstok 12.845519065857 Detik
Duration Looping 500 Data 152.24070811272 Detik 
