Tanggal: 08-01-2022 00:00:01 
Duration Download Forstok 15.231405973434 Detik
Tanggal: 08-01-2022 00:05:01 
Duration Download Forstok 19.291638851166 Detik
Tanggal: 08-01-2022 00:10:01 
Duration Download Forstok 13.467926025391 Detik
Duration Looping 700 Data 754.33012199402 Detik 
Total Duration 754.33021211624 Detik 
------------------------- 
Duration Looping 700 Data 455.17246484756 Detik 
Total Duration 455.17256903648 Detik 
------------------------- 
Duration Looping 700 Data 263.37476301193 Detik 
Total Duration 263.37488007545 Detik 
------------------------- 
Tanggal: 08-01-2022 00:15:01 
Duration Download Forstok 16.414744853973 Detik
Duration Looping 700 Data 192.13533401489 Detik 
Total Duration 192.13544392586 Detik 
------------------------- 
Tanggal: 08-01-2022 00:20:01 
Duration Download Forstok 15.940639019012 Detik
Duration Looping 700 Data 173.80941414833 Detik 
Total Duration 173.80952715874 Detik 
------------------------- 
Tanggal: 08-01-2022 00:25:01 
Duration Download Forstok 14.252103090286 Detik
Duration Looping 700 Data 160.57888007164 Detik 
Total Duration 160.57899713516 Detik 
------------------------- 
Tanggal: 08-01-2022 00:30:01 
Duration Download Forstok 13.646351099014 Detik
Duration Looping 700 Data 169.59928011894 Detik 
Total Duration 169.59939813614 Detik 
------------------------- 
Tanggal: 08-01-2022 00:35:01 
Duration Download Forstok 18.099097967148 Detik
Duration Looping 700 Data 168.6320438385 Detik 
Total Duration 168.63215684891 Detik 
------------------------- 
Tanggal: 08-01-2022 00:40:01 
Duration Download Forstok 14.70557808876 Detik
Duration Looping 700 Data 164.74686908722 Detik 
Total Duration 164.74698400497 Detik 
------------------------- 
Tanggal: 08-01-2022 00:45:01 
Duration Download Forstok 14.552191972733 Detik
Duration Looping 700 Data 162.58793783188 Detik 
Total Duration 162.58805298805 Detik 
------------------------- 
Tanggal: 08-01-2022 00:50:01 
Duration Download Forstok 13.972389936447 Detik
Duration Looping 700 Data 160.82449102402 Detik 
Total Duration 160.82462215424 Detik 
------------------------- 
Tanggal: 08-01-2022 00:55:01 
Duration Download Forstok 13.568109035492 Detik
Duration Looping 700 Data 161.06911802292 Detik 
Total Duration 161.06922984123 Detik 
------------------------- 
Tanggal: 08-01-2022 01:00:01 
Duration Download Forstok 12.857934951782 Detik
Duration Looping 700 Data 161.04899001122 Detik 
Total Duration 161.04910898209 Detik 
------------------------- 
Tanggal: 08-01-2022 01:05:01 
Duration Download Forstok 21.606081008911 Detik
Duration Looping 700 Data 176.11677312851 Detik 
Total Duration 176.11688113213 Detik 
------------------------- 
Tanggal: 08-01-2022 01:10:01 
Duration Download Forstok 15.110429048538 Detik
Duration Looping 700 Data 164.66638207436 Detik 
Total Duration 164.66650485992 Detik 
------------------------- 
Tanggal: 08-01-2022 01:15:01 
Duration Download Forstok 21.648530006409 Detik
Duration Looping 700 Data 168.07485818863 Detik 
Total Duration 168.07497906685 Detik 
------------------------- 
Tanggal: 08-01-2022 01:20:01 
Duration Download Forstok 13.24502491951 Detik
Duration Looping 700 Data 162.57225894928 Detik 
Total Duration 162.57236504555 Detik 
------------------------- 
Tanggal: 08-01-2022 01:25:01 
Duration Download Forstok 11.941514015198 Detik
Duration Looping 700 Data 161.27972602844 Detik 
Total Duration 161.27983188629 Detik 
------------------------- 
Tanggal: 08-01-2022 01:30:01 
Duration Download Forstok 13.76288318634 Detik
Duration Looping 700 Data 161.63646697998 Detik 
Total Duration 161.63658714294 Detik 
------------------------- 
Tanggal: 08-01-2022 01:35:01 
Duration Download Forstok 20.666811943054 Detik
Duration Looping 700 Data 173.15446615219 Detik 
Total Duration 173.15458202362 Detik 
------------------------- 
Tanggal: 08-01-2022 01:40:01 
Duration Download Forstok 13.124765872955 Detik
Duration Looping 700 Data 162.2785179615 Detik 
Total Duration 162.27864789963 Detik 
------------------------- 
Tanggal: 08-01-2022 01:45:01 
Duration Download Forstok 13.25443816185 Detik
Duration Looping 700 Data 157.75949406624 Detik 
Total Duration 157.75961112976 Detik 
------------------------- 
Tanggal: 08-01-2022 01:50:01 
Duration Download Forstok 15.451137065887 Detik
Duration Looping 700 Data 165.53113913536 Detik 
Total Duration 165.53125095367 Detik 
------------------------- 
Tanggal: 08-01-2022 01:55:01 
Duration Download Forstok 16.193511962891 Detik
Duration Looping 700 Data 164.55169391632 Detik 
Total Duration 164.55180287361 Detik 
------------------------- 
Tanggal: 08-01-2022 02:00:01 
Duration Download Forstok 12.820254087448 Detik
Duration Looping 700 Data 162.62075400352 Detik 
Total Duration 162.62087702751 Detik 
------------------------- 
Tanggal: 08-01-2022 02:05:01 
Duration Download Forstok 17.774074077606 Detik
Duration Looping 700 Data 163.96391391754 Detik 
Total Duration 163.96402406693 Detik 
------------------------- 
Tanggal: 08-01-2022 02:10:01 
Duration Download Forstok 12.805104017258 Detik
Duration Looping 700 Data 159.58076500893 Detik 
Total Duration 159.58087515831 Detik 
------------------------- 
Tanggal: 08-01-2022 02:15:01 
Duration Download Forstok 15.847024917603 Detik
Duration Looping 700 Data 158.48702001572 Detik 
Total Duration 158.48712587357 Detik 
------------------------- 
Tanggal: 08-01-2022 02:20:01 
Duration Download Forstok 13.222410917282 Detik
Duration Looping 700 Data 164.35106301308 Detik 
Total Duration 164.35117602348 Detik 
------------------------- 
Tanggal: 08-01-2022 02:25:01 
Duration Download Forstok 16.075244903564 Detik
Duration Looping 700 Data 162.81407999992 Detik 
Total Duration 162.81419205666 Detik 
------------------------- 
Tanggal: 08-01-2022 02:30:01 
Duration Download Forstok 15.952128171921 Detik
Duration Looping 700 Data 162.43362307549 Detik 
Total Duration 162.43373799324 Detik 
------------------------- 
Tanggal: 08-01-2022 02:35:01 
Duration Download Forstok 18.24622297287 Detik
Duration Looping 700 Data 169.20918416977 Detik 
Total Duration 169.20929098129 Detik 
------------------------- 
Tanggal: 08-01-2022 02:40:01 
Duration Download Forstok 17.039902925491 Detik
Duration Looping 700 Data 163.6637198925 Detik 
Total Duration 163.66383385658 Detik 
------------------------- 
Tanggal: 08-01-2022 02:45:01 
Duration Download Forstok 16.574596881866 Detik
Duration Looping 700 Data 163.45643305779 Detik 
Total Duration 163.45657300949 Detik 
------------------------- 
Tanggal: 08-01-2022 02:50:01 
Duration Download Forstok 15.379033088684 Detik
Duration Looping 700 Data 168.94803905487 Detik 
Total Duration 168.94814896584 Detik 
------------------------- 
Tanggal: 08-01-2022 02:55:01 
Duration Download Forstok 17.944085836411 Detik
Duration Looping 700 Data 164.09636902809 Detik 
Total Duration 164.09648680687 Detik 
------------------------- 
Tanggal: 08-01-2022 03:00:01 
Duration Download Forstok 12.168607950211 Detik
Duration Looping 700 Data 164.66626095772 Detik 
Total Duration 164.66638016701 Detik 
------------------------- 
Tanggal: 08-01-2022 03:05:01 
Duration Download Forstok 21.854121923447 Detik
Duration Looping 700 Data 176.51408100128 Detik 
Total Duration 176.51424098015 Detik 
------------------------- 
Tanggal: 08-01-2022 03:10:01 
Duration Download Forstok 11.776329040527 Detik
Duration Looping 700 Data 159.88604998589 Detik 
Total Duration 159.88612699509 Detik 
------------------------- 
Tanggal: 08-01-2022 03:15:01 
Duration Download Forstok 20.055075883865 Detik
Duration Looping 700 Data 166.83911991119 Detik 
Total Duration 166.8392329216 Detik 
------------------------- 
Tanggal: 08-01-2022 03:20:01 
Duration Download Forstok 14.779608011246 Detik
Duration Looping 700 Data 158.08617901802 Detik 
Total Duration 158.08628988266 Detik 
------------------------- 
Tanggal: 08-01-2022 03:25:01 
Duration Download Forstok 12.311841011047 Detik
Duration Looping 700 Data 160.54690384865 Detik 
Total Duration 160.54701185226 Detik 
------------------------- 
Tanggal: 08-01-2022 03:30:01 
Duration Download Forstok 15.810569047928 Detik
Duration Looping 700 Data 159.20964503288 Detik 
Total Duration 159.20975804329 Detik 
------------------------- 
Tanggal: 08-01-2022 03:35:01 
Duration Download Forstok 17.237710952759 Detik
Duration Looping 700 Data 159.40581917763 Detik 
Total Duration 159.40593504906 Detik 
------------------------- 
Tanggal: 08-01-2022 03:40:01 
Duration Download Forstok 12.230494022369 Detik
Duration Looping 700 Data 160.80777096748 Detik 
Total Duration 160.80788397789 Detik 
------------------------- 
Tanggal: 08-01-2022 03:45:01 
Duration Download Forstok 14.105809926987 Detik
Duration Looping 700 Data 158.14508008957 Detik 
Total Duration 158.14519095421 Detik 
------------------------- 
Tanggal: 08-01-2022 03:50:01 
Duration Download Forstok 12.243725061417 Detik
Duration Looping 700 Data 156.48919606209 Detik 
Total Duration 156.48931694031 Detik 
------------------------- 
Tanggal: 08-01-2022 03:55:01 
Duration Download Forstok 15.276652097702 Detik
Duration Looping 700 Data 163.73672604561 Detik 
Total Duration 163.73684000969 Detik 
------------------------- 
Tanggal: 08-01-2022 04:00:01 
Duration Download Forstok 13.70504617691 Detik
Duration Looping 700 Data 161.77108621597 Detik 
Total Duration 161.7712020874 Detik 
------------------------- 
Tanggal: 08-01-2022 04:05:01 
Duration Download Forstok 16.456095933914 Detik
Duration Looping 700 Data 161.48728895187 Detik 
Total Duration 161.48739504814 Detik 
------------------------- 
Tanggal: 08-01-2022 04:10:01 
Duration Download Forstok 15.097015857697 Detik
Duration Looping 700 Data 164.84831595421 Detik 
Total Duration 164.84842395782 Detik 
------------------------- 
Tanggal: 08-01-2022 04:15:01 
Duration Download Forstok 12.922873020172 Detik
Duration Looping 700 Data 155.56701087952 Detik 
Total Duration 155.56714296341 Detik 
------------------------- 
Tanggal: 08-01-2022 04:20:01 
Duration Download Forstok 15.317026853561 Detik
Duration Looping 700 Data 162.86482691765 Detik 
Total Duration 162.86493992805 Detik 
------------------------- 
Tanggal: 08-01-2022 04:25:02 
Duration Download Forstok 13.798357009888 Detik
Duration Looping 700 Data 163.68202710152 Detik 
Total Duration 163.68213915825 Detik 
------------------------- 
Tanggal: 08-01-2022 04:30:01 
Duration Download Forstok 11.553739070892 Detik
Duration Looping 700 Data 170.7381939888 Detik 
Total Duration 170.73831009865 Detik 
------------------------- 
Tanggal: 08-01-2022 04:35:01 
Duration Download Forstok 18.425411939621 Detik
Duration Looping 700 Data 170.93365907669 Detik 
Total Duration 170.93380308151 Detik 
------------------------- 
Tanggal: 08-01-2022 04:40:02 
Duration Download Forstok 10.801716804504 Detik
Duration Looping 700 Data 162.88923192024 Detik 
Total Duration 162.88932991028 Detik 
------------------------- 
Tanggal: 08-01-2022 04:45:01 
Duration Download Forstok 16.331880092621 Detik
Duration Looping 700 Data 164.19847297668 Detik 
Total Duration 164.19858407974 Detik 
------------------------- 
Tanggal: 08-01-2022 04:50:01 
Duration Download Forstok 14.149847984314 Detik
Duration Looping 700 Data 162.01430988312 Detik 
Total Duration 162.01441693306 Detik 
------------------------- 
Tanggal: 08-01-2022 04:55:01 
Duration Download Forstok 13.63258099556 Detik
Duration Looping 700 Data 158.75000691414 Detik 
Total Duration 158.75012207031 Detik 
------------------------- 
Tanggal: 08-01-2022 05:00:01 
Duration Download Forstok 12.932981014252 Detik
Duration Looping 700 Data 156.05613017082 Detik 
Total Duration 156.05624103546 Detik 
------------------------- 
Tanggal: 08-01-2022 05:05:01 
Duration Download Forstok 18.490989923477 Detik
Duration Looping 700 Data 168.02861094475 Detik 
Total Duration 168.02874302864 Detik 
------------------------- 
Tanggal: 08-01-2022 05:10:02 
Duration Download Forstok 16.24924492836 Detik
Duration Looping 700 Data 164.05900907516 Detik 
Total Duration 164.05911803246 Detik 
------------------------- 
Tanggal: 08-01-2022 05:15:01 
Duration Download Forstok 17.163522958755 Detik
Duration Looping 700 Data 165.66257381439 Detik 
Total Duration 165.66265678406 Detik 
------------------------- 
Tanggal: 08-01-2022 05:20:01 
Duration Download Forstok 14.102228164673 Detik
Duration Looping 700 Data 168.40312004089 Detik 
Total Duration 168.40327906609 Detik 
------------------------- 
Tanggal: 08-01-2022 05:25:01 
Duration Download Forstok 16.262399196625 Detik
Duration Looping 700 Data 170.20908308029 Detik 
Total Duration 170.20919919014 Detik 
------------------------- 
Tanggal: 08-01-2022 05:30:01 
Duration Download Forstok 11.079967021942 Detik
Duration Looping 700 Data 157.68628406525 Detik 
Total Duration 157.686398983 Detik 
------------------------- 
Tanggal: 08-01-2022 05:35:01 
Duration Download Forstok 13.658931970596 Detik
Duration Looping 700 Data 164.310806036 Detik 
Total Duration 164.3108921051 Detik 
------------------------- 
Tanggal: 08-01-2022 05:40:01 
Duration Download Forstok 15.315779924393 Detik
Duration Looping 700 Data 165.33118104935 Detik 
Total Duration 165.33129096031 Detik 
------------------------- 
Tanggal: 08-01-2022 05:45:01 
Duration Download Forstok 14.757081031799 Detik
Duration Looping 700 Data 156.88688898087 Detik 
Total Duration 156.88702893257 Detik 
------------------------- 
Tanggal: 08-01-2022 05:50:01 
Duration Download Forstok 13.387185811996 Detik
Duration Looping 700 Data 156.48187589645 Detik 
Total Duration 156.48199081421 Detik 
------------------------- 
Tanggal: 08-01-2022 05:55:01 
Duration Download Forstok 14.669168949127 Detik
Duration Looping 700 Data 158.72187590599 Detik 
Total Duration 158.72198700905 Detik 
------------------------- 
Tanggal: 08-01-2022 06:00:01 
Duration Download Forstok 12.350735902786 Detik
Duration Looping 700 Data 164.59518098831 Detik 
Total Duration 164.59529089928 Detik 
------------------------- 
Tanggal: 08-01-2022 06:05:01 
Duration Download Forstok 20.661046981812 Detik
Duration Looping 700 Data 173.19147801399 Detik 
Total Duration 173.19158697128 Detik 
------------------------- 
Tanggal: 08-01-2022 06:10:01 
Duration Download Forstok 12.117745161057 Detik
Duration Looping 700 Data 158.32204914093 Detik 
Total Duration 158.32212615013 Detik 
------------------------- 
Tanggal: 08-01-2022 06:15:01 
Duration Download Forstok 14.654193162918 Detik
Duration Looping 700 Data 169.13522601128 Detik 
Total Duration 169.13534903526 Detik 
------------------------- 
Tanggal: 08-01-2022 06:20:01 
Duration Download Forstok 10.660318136215 Detik
Duration Looping 700 Data 157.33304595947 Detik 
Total Duration 157.33316802979 Detik 
------------------------- 
Tanggal: 08-01-2022 06:25:01 
Duration Download Forstok 13.745357036591 Detik
Duration Looping 700 Data 157.68282008171 Detik 
Total Duration 157.68293094635 Detik 
------------------------- 
Tanggal: 08-01-2022 06:30:01 
Duration Download Forstok 10.772289037704 Detik
Duration Looping 700 Data 156.28358507156 Detik 
Total Duration 156.28369498253 Detik 
------------------------- 
Tanggal: 08-01-2022 06:35:01 
Duration Download Forstok 16.858478069305 Detik
Duration Looping 700 Data 157.4412548542 Detik 
Total Duration 157.44137406349 Detik 
------------------------- 
Tanggal: 08-01-2022 06:40:01 
Duration Download Forstok 11.586967229843 Detik
Duration Looping 700 Data 165.07840108871 Detik 
Total Duration 165.07850503922 Detik 
------------------------- 
Tanggal: 08-01-2022 06:45:01 
Duration Download Forstok 18.588131189346 Detik
Duration Looping 700 Data 163.69887018204 Detik 
Total Duration 163.698980093 Detik 
------------------------- 
Tanggal: 08-01-2022 06:50:01 
Duration Download Forstok 15.116311073303 Detik
Duration Looping 700 Data 156.71471691132 Detik 
Total Duration 156.71482610703 Detik 
------------------------- 
Tanggal: 08-01-2022 06:55:01 
Duration Download Forstok 15.249804973602 Detik
Duration Looping 700 Data 165.534678936 Detik 
Total Duration 165.53479599953 Detik 
------------------------- 
Tanggal: 08-01-2022 07:00:02 
Duration Download Forstok 19.748672962189 Detik
Duration Looping 700 Data 167.48183488846 Detik 
Total Duration 167.48194694519 Detik 
------------------------- 
Tanggal: 08-01-2022 07:05:01 
Duration Download Forstok 13.396973848343 Detik
Duration Looping 700 Data 161.33786487579 Detik 
Total Duration 161.33796095848 Detik 
------------------------- 
Tanggal: 08-01-2022 07:10:01 
Duration Download Forstok 10.557747125626 Detik
Duration Looping 700 Data 158.96600413322 Detik 
Total Duration 158.9661231041 Detik 
------------------------- 
Tanggal: 08-01-2022 07:15:01 
Duration Download Forstok 12.053727865219 Detik
Duration Looping 700 Data 156.43052482605 Detik 
Total Duration 156.43063592911 Detik 
------------------------- 
Tanggal: 08-01-2022 07:20:01 
Duration Download Forstok 14.326976060867 Detik
Duration Looping 700 Data 160.35079193115 Detik 
Total Duration 160.35090398788 Detik 
------------------------- 
Tanggal: 08-01-2022 07:25:01 
Duration Download Forstok 11.060698986053 Detik
Duration Looping 700 Data 160.49326205254 Detik 
Total Duration 160.49337792397 Detik 
------------------------- 
Tanggal: 08-01-2022 07:30:01 
Duration Download Forstok 15.08885383606 Detik
Duration Looping 700 Data 164.04236888885 Detik 
Total Duration 164.04248094559 Detik 
------------------------- 
Tanggal: 08-01-2022 07:35:01 
Duration Download Forstok 15.837533950806 Detik
Duration Looping 700 Data 161.54356098175 Detik 
Total Duration 161.54367494583 Detik 
------------------------- 
Tanggal: 08-01-2022 07:40:01 
Duration Download Forstok 11.978381872177 Detik
Duration Looping 700 Data 162.64297604561 Detik 
Total Duration 162.6430888176 Detik 
------------------------- 
Tanggal: 08-01-2022 07:45:01 
Duration Download Forstok 16.875161886215 Detik
Duration Looping 700 Data 162.47361087799 Detik 
Total Duration 162.47372794151 Detik 
------------------------- 
Tanggal: 08-01-2022 07:50:01 
Duration Download Forstok 15.504455804825 Detik
Duration Looping 700 Data 173.35292601585 Detik 
Total Duration 173.35303688049 Detik 
------------------------- 
Tanggal: 08-01-2022 07:55:01 
Duration Download Forstok 10.82088804245 Detik
Duration Looping 700 Data 155.08759403229 Detik 
Total Duration 155.08770394325 Detik 
------------------------- 
Tanggal: 08-01-2022 08:00:01 
Duration Download Forstok 11.938178062439 Detik
Duration Looping 700 Data 162.00700998306 Detik 
Total Duration 162.00712299347 Detik 
------------------------- 
Tanggal: 08-01-2022 08:05:01 
Duration Download Forstok 19.003822088242 Detik
Duration Looping 700 Data 169.34189605713 Detik 
Total Duration 169.34201407433 Detik 
------------------------- 
Tanggal: 08-01-2022 08:10:01 
Duration Download Forstok 12.632877111435 Detik
Duration Looping 700 Data 165.52155613899 Detik 
Total Duration 165.52165317535 Detik 
------------------------- 
Tanggal: 08-01-2022 08:15:01 
Duration Download Forstok 18.726112127304 Detik
Duration Looping 700 Data 172.30744695663 Detik 
Total Duration 172.30756115913 Detik 
------------------------- 
Tanggal: 08-01-2022 08:20:01 
Duration Download Forstok 12.552957057953 Detik
Duration Looping 700 Data 164.08204221725 Detik 
Total Duration 164.08215904236 Detik 
------------------------- 
Tanggal: 08-01-2022 08:25:01 
Duration Download Forstok 15.706918001175 Detik
Duration Looping 700 Data 170.49858999252 Detik 
Total Duration 170.49870586395 Detik 
------------------------- 
Tanggal: 08-01-2022 08:30:01 
Duration Download Forstok 18.918485879898 Detik
Duration Looping 700 Data 180.57962083817 Detik 
Total Duration 180.57971787453 Detik 
------------------------- 
Tanggal: 08-01-2022 08:35:01 
Duration Download Forstok 17.577594041824 Detik
Duration Looping 700 Data 182.57526803017 Detik 
Total Duration 182.57535505295 Detik 
------------------------- 
Tanggal: 08-01-2022 08:40:01 
Duration Download Forstok 12.503638982773 Detik
Duration Looping 700 Data 178.12692093849 Detik 
Total Duration 178.12705087662 Detik 
------------------------- 
Tanggal: 08-01-2022 08:45:01 
Duration Download Forstok 16.043941020966 Detik
Duration Looping 700 Data 185.77095794678 Detik 
Total Duration 185.77105998993 Detik 
------------------------- 
Tanggal: 08-01-2022 08:50:01 
Duration Download Forstok 12.258048057556 Detik
Duration Looping 700 Data 181.32121300697 Detik 
Total Duration 181.32129406929 Detik 
------------------------- 
Tanggal: 08-01-2022 08:55:01 
Duration Download Forstok 14.619640827179 Detik
Duration Looping 700 Data 184.9899699688 Detik 
Total Duration 184.99005699158 Detik 
------------------------- 
Tanggal: 08-01-2022 09:00:01 
Duration Download Forstok 16.000717878342 Detik
Duration Looping 700 Data 191.18350100517 Detik 
Total Duration 191.18359184265 Detik 
------------------------- 
Tanggal: 08-01-2022 09:05:01 
Duration Download Forstok 16.78257894516 Detik
Duration Looping 700 Data 192.80407500267 Detik 
Total Duration 192.80422592163 Detik 
------------------------- 
Tanggal: 08-01-2022 09:10:01 
Duration Download Forstok 12.382797956467 Detik
Duration Looping 700 Data 191.78556799889 Detik 
Total Duration 191.78569507599 Detik 
------------------------- 
Tanggal: 08-01-2022 09:15:01 
Duration Download Forstok 15.148642063141 Detik
Duration Looping 700 Data 191.96690106392 Detik 
Total Duration 191.96699213982 Detik 
------------------------- 
Tanggal: 08-01-2022 09:20:01 
Duration Download Forstok 17.577527046204 Detik
Duration Looping 700 Data 208.02983307838 Detik 
Total Duration 208.02992796898 Detik 
------------------------- 
Tanggal: 08-01-2022 09:25:01 
Duration Download Forstok 14.976789951324 Detik
Duration Looping 700 Data 200.07064914703 Detik 
Total Duration 200.07078099251 Detik 
------------------------- 
Tanggal: 08-01-2022 09:30:01 
Duration Download Forstok 13.115365028381 Detik
Duration Looping 700 Data 199.84864807129 Detik 
Total Duration 199.84873604774 Detik 
------------------------- 
Tanggal: 08-01-2022 09:35:01 
Duration Download Forstok 15.017153978348 Detik
Duration Looping 700 Data 215.37250709534 Detik 
Total Duration 215.37262892723 Detik 
------------------------- 
Tanggal: 08-01-2022 09:40:01 
Duration Download Forstok 11.338472127914 Detik
Duration Looping 700 Data 207.79083704948 Detik 
Total Duration 207.79095506668 Detik 
------------------------- 
Tanggal: 08-01-2022 09:45:01 
Duration Download Forstok 18.475054979324 Detik
Duration Looping 700 Data 214.09168195724 Detik 
Total Duration 214.09176397324 Detik 
------------------------- 
Tanggal: 08-01-2022 09:50:01 
Duration Download Forstok 13.003473043442 Detik
Duration Looping 700 Data 213.44293498993 Detik 
Total Duration 213.44307494164 Detik 
------------------------- 
Tanggal: 08-01-2022 09:55:01 
Duration Download Forstok 11.516386985779 Detik
Duration Looping 700 Data 215.09662008286 Detik 
Total Duration 215.09674215317 Detik 
------------------------- 
Tanggal: 08-01-2022 10:00:01 
Duration Download Forstok 15.939614057541 Detik
Duration Looping 700 Data 223.11775398254 Detik 
Total Duration 223.11788606644 Detik 
------------------------- 
Tanggal: 08-01-2022 10:05:01 
Duration Download Forstok 33.803627967834 Detik
Duration Looping 700 Data 247.98308801651 Detik 
Total Duration 247.98319888115 Detik 
------------------------- 
Tanggal: 08-01-2022 10:10:01 
Duration Download Forstok 11.792812108994 Detik
Duration Looping 700 Data 222.1174120903 Detik 
Total Duration 222.11749815941 Detik 
------------------------- 
Tanggal: 08-01-2022 10:15:01 
Duration Download Forstok 13.177454948425 Detik
Duration Looping 700 Data 228.9165790081 Detik 
Total Duration 228.91670894623 Detik 
------------------------- 
Tanggal: 08-01-2022 10:20:02 
Duration Download Forstok 12.584625005722 Detik
Duration Looping 700 Data 232.57820510864 Detik 
Total Duration 232.5783059597 Detik 
------------------------- 
Tanggal: 08-01-2022 10:25:01 
Duration Download Forstok 11.276105880737 Detik
Duration Looping 700 Data 235.36557292938 Detik 
Total Duration 235.36566495895 Detik 
------------------------- 
Tanggal: 08-01-2022 10:30:01 
Duration Download Forstok 11.874993801117 Detik
Duration Looping 700 Data 236.33463478088 Detik 
Total Duration 236.33476090431 Detik 
------------------------- 
Tanggal: 08-01-2022 10:35:01 
Duration Download Forstok 21.47233915329 Detik
Duration Looping 700 Data 254.01921415329 Detik 
Total Duration 254.0192990303 Detik 
------------------------- 
Tanggal: 08-01-2022 10:40:01 
Duration Download Forstok 10.876566886902 Detik
Duration Looping 700 Data 250.41029191017 Detik 
Total Duration 250.41038608551 Detik 
------------------------- 
Tanggal: 08-01-2022 10:45:01 
Duration Download Forstok 18.227807998657 Detik
Duration Looping 700 Data 252.5707321167 Detik 
Total Duration 252.57084012032 Detik 
------------------------- 
Tanggal: 08-01-2022 10:50:01 
Duration Download Forstok 13.91387796402 Detik
Duration Looping 700 Data 255.93975090981 Detik 
Total Duration 255.93984389305 Detik 
------------------------- 
Tanggal: 08-01-2022 10:55:01 
Duration Download Forstok 18.531388998032 Detik
Duration Looping 700 Data 256.68318009377 Detik 
Total Duration 256.68330407143 Detik 
------------------------- 
Tanggal: 08-01-2022 11:00:01 
Duration Download Forstok 16.925618886948 Detik
Duration Looping 700 Data 256.3620660305 Detik 
Total Duration 256.36214590073 Detik 
------------------------- 
Tanggal: 08-01-2022 11:05:01 
Duration Download Forstok 19.861894845963 Detik
Duration Looping 700 Data 271.74904298782 Detik 
Total Duration 271.7491569519 Detik 
------------------------- 
Tanggal: 08-01-2022 11:10:01 
Duration Download Forstok 14.291761159897 Detik
Duration Looping 700 Data 265.24819111824 Detik 
Total Duration 265.24830913544 Detik 
------------------------- 
Tanggal: 08-01-2022 11:15:01 
Duration Download Forstok 14.850344181061 Detik
Duration Looping 700 Data 271.50788116455 Detik 
Total Duration 271.50797700882 Detik 
------------------------- 
Tanggal: 08-01-2022 11:20:01 
Duration Download Forstok 11.893923997879 Detik
Duration Looping 700 Data 273.10311889648 Detik 
Total Duration 273.10322785378 Detik 
------------------------- 
Tanggal: 08-01-2022 11:25:01 
Duration Download Forstok 14.176661968231 Detik
Duration Looping 700 Data 268.67464399338 Detik 
Total Duration 268.67483592033 Detik 
------------------------- 
Tanggal: 08-01-2022 11:30:01 
Duration Download Forstok 12.722743034363 Detik
Duration Looping 700 Data 282.65880918503 Detik 
Total Duration 282.65891814232 Detik 
------------------------- 
Tanggal: 08-01-2022 11:35:01 
Duration Download Forstok 21.216795921326 Detik
Duration Looping 700 Data 283.28236889839 Detik 
Total Duration 283.28248977661 Detik 
------------------------- 
Tanggal: 08-01-2022 11:40:01 
Duration Download Forstok 11.309967041016 Detik
Duration Looping 700 Data 276.04748106003 Detik 
Total Duration 276.04760098457 Detik 
------------------------- 
Tanggal: 08-01-2022 11:45:01 
Duration Download Forstok 16.622292041779 Detik
Duration Looping 700 Data 294.43082714081 Detik 
Total Duration 294.43091106415 Detik 
------------------------- 
Tanggal: 08-01-2022 11:50:01 
Duration Download Forstok 15.762070894241 Detik
Duration Looping 700 Data 293.79571700096 Detik 
Total Duration 293.79585695267 Detik 
------------------------- 
Tanggal: 08-01-2022 11:55:01 
Duration Download Forstok 14.62845993042 Detik
Duration Looping 700 Data 285.34263086319 Detik 
Total Duration 285.34271097183 Detik 
------------------------- 
Tanggal: 08-01-2022 12:00:01 
Duration Download Forstok 15.983781814575 Detik
Duration Looping 700 Data 285.51722598076 Detik 
Total Duration 285.5173869133 Detik 
------------------------- 
Tanggal: 08-01-2022 12:05:01 
Duration Download Forstok 22.650574922562 Detik
Tanggal: 08-01-2022 12:10:01 
Duration Looping 700 Data 305.45940709114 Detik 
Total Duration 305.45949697495 Detik 
------------------------- 
Duration Download Forstok 12.826258182526 Detik
Duration Looping 700 Data 295.74033403397 Detik 
Total Duration 295.74041604996 Detik 
------------------------- 
Tanggal: 08-01-2022 12:15:01 
Duration Download Forstok 16.310650110245 Detik
Tanggal: 08-01-2022 12:20:01 
Duration Looping 700 Data 308.06918692589 Detik 
Total Duration 308.06931996346 Detik 
------------------------- 
Duration Download Forstok 12.179383039474 Detik
Tanggal: 08-01-2022 12:25:01 
Duration Looping 700 Data 309.02839994431 Detik 
Total Duration 309.02852106094 Detik 
------------------------- 
Duration Download Forstok 11.015137910843 Detik
Duration Looping 700 Data 264.13337182999 Detik 
Total Duration 264.13353180885 Detik 
------------------------- 
Tanggal: 08-01-2022 12:30:01 
Duration Download Forstok 11.165469884872 Detik
Duration Looping 700 Data 188.74806785583 Detik 
Total Duration 188.74815487862 Detik 
------------------------- 
Tanggal: 08-01-2022 12:35:01 
Duration Download Forstok 19.047413110733 Detik
Duration Looping 700 Data 168.87929797173 Detik 
Total Duration 168.87938499451 Detik 
------------------------- 
Tanggal: 08-01-2022 12:40:01 
Duration Download Forstok 11.74831199646 Detik
Duration Looping 700 Data 165.13681387901 Detik 
Total Duration 165.13700294495 Detik 
------------------------- 
Tanggal: 08-01-2022 12:45:01 
Duration Download Forstok 20.70335316658 Detik
Duration Looping 700 Data 177.2533891201 Detik 
Total Duration 177.2534930706 Detik 
------------------------- 
Tanggal: 08-01-2022 12:50:01 
Duration Download Forstok 12.785035133362 Detik
Duration Looping 700 Data 163.32771801949 Detik 
Total Duration 163.32782506943 Detik 
------------------------- 
Tanggal: 08-01-2022 12:55:01 
Duration Download Forstok 11.470702886581 Detik
Duration Looping 700 Data 167.13916110992 Detik 
Total Duration 167.13923692703 Detik 
------------------------- 
Tanggal: 08-01-2022 13:00:01 
Duration Download Forstok 11.8946621418 Detik
Duration Looping 700 Data 166.85192704201 Detik 
Total Duration 166.85203409195 Detik 
------------------------- 
Tanggal: 08-01-2022 13:05:01 
Duration Download Forstok 16.505286931992 Detik
Duration Looping 700 Data 166.24222588539 Detik 
Total Duration 166.2423350811 Detik 
------------------------- 
Tanggal: 08-01-2022 13:10:01 
Duration Download Forstok 14.056681871414 Detik
Duration Looping 700 Data 165.62397384644 Detik 
Total Duration 165.6240940094 Detik 
------------------------- 
Tanggal: 08-01-2022 13:15:01 
Duration Download Forstok 16.273392915726 Detik
Duration Looping 700 Data 161.65104699135 Detik 
Total Duration 161.65114188194 Detik 
------------------------- 
Tanggal: 08-01-2022 13:20:01 
Duration Download Forstok 13.849864959717 Detik
Duration Looping 700 Data 168.56958007812 Detik 
Total Duration 168.56969690323 Detik 
------------------------- 
Tanggal: 08-01-2022 13:25:01 
Duration Download Forstok 13.493160009384 Detik
Duration Looping 700 Data 160.29012298584 Detik 
Total Duration 160.29023098946 Detik 
------------------------- 
Tanggal: 08-01-2022 13:30:01 
Duration Download Forstok 18.020444154739 Detik
Duration Looping 700 Data 172.87407016754 Detik 
Total Duration 172.87417697906 Detik 
------------------------- 
Tanggal: 08-01-2022 13:35:01 
Duration Download Forstok 21.097477912903 Detik
Duration Looping 700 Data 165.47671580315 Detik 
Total Duration 165.47682881355 Detik 
------------------------- 
Tanggal: 08-01-2022 13:40:01 
Duration Download Forstok 18.309849977493 Detik
Duration Looping 700 Data 167.90475583076 Detik 
Total Duration 167.90483784676 Detik 
------------------------- 
Tanggal: 08-01-2022 13:45:02 
Duration Download Forstok 13.101649045944 Detik
Duration Looping 700 Data 164.08207607269 Detik 
Total Duration 164.08218407631 Detik 
------------------------- 
Tanggal: 08-01-2022 13:50:01 
Duration Download Forstok 12.430117845535 Detik
Duration Looping 700 Data 158.72584199905 Detik 
Total Duration 158.72595191002 Detik 
------------------------- 
Tanggal: 08-01-2022 13:55:01 
Duration Download Forstok 16.596868038177 Detik
Duration Looping 700 Data 173.80533385277 Detik 
Total Duration 173.80544900894 Detik 
------------------------- 
Tanggal: 08-01-2022 14:00:01 
Duration Download Forstok 15.807910203934 Detik
Duration Looping 700 Data 165.6439101696 Detik 
Total Duration 165.64402699471 Detik 
------------------------- 
Tanggal: 08-01-2022 14:05:01 
Duration Download Forstok 18.159681081772 Detik
Duration Looping 700 Data 172.42989897728 Detik 
Total Duration 172.43001699448 Detik 
------------------------- 
Tanggal: 08-01-2022 14:10:01 
Duration Download Forstok 13.529186010361 Detik
Duration Looping 700 Data 162.35928702354 Detik 
Total Duration 162.35940694809 Detik 
------------------------- 
Tanggal: 08-01-2022 14:15:01 
Duration Download Forstok 14.105797052383 Detik
Duration Looping 700 Data 160.06227111816 Detik 
Total Duration 160.06238698959 Detik 
------------------------- 
Tanggal: 08-01-2022 14:20:01 
Duration Download Forstok 10.98098897934 Detik
Duration Looping 700 Data 168.27267193794 Detik 
Total Duration 168.27278494835 Detik 
------------------------- 
Tanggal: 08-01-2022 14:25:01 
Duration Download Forstok 11.315212011337 Detik
Duration Looping 700 Data 171.15584683418 Detik 
Total Duration 171.15595698357 Detik 
------------------------- 
Tanggal: 08-01-2022 14:30:01 
Duration Download Forstok 11.37891292572 Detik
Duration Looping 700 Data 166.5794980526 Detik 
Total Duration 166.57963204384 Detik 
------------------------- 
Tanggal: 08-01-2022 14:35:01 
Duration Download Forstok 25.553905010223 Detik
Duration Looping 700 Data 176.12060809135 Detik 
Total Duration 176.12075304985 Detik 
------------------------- 
Tanggal: 08-01-2022 14:40:02 
Duration Download Forstok 10.931287050247 Detik
Duration Looping 700 Data 161.97187399864 Detik 
Total Duration 161.97198104858 Detik 
------------------------- 
Tanggal: 08-01-2022 14:45:01 
Duration Download Forstok 14.258467912674 Detik
Duration Looping 700 Data 166.14607691765 Detik 
Total Duration 166.1461930275 Detik 
------------------------- 
Tanggal: 08-01-2022 14:50:01 
Duration Download Forstok 12.237679004669 Detik
Duration Looping 700 Data 157.03352308273 Detik 
Total Duration 157.0336329937 Detik 
------------------------- 
Tanggal: 08-01-2022 14:55:01 
Duration Download Forstok 15.847277879715 Detik
Duration Looping 700 Data 163.93431305885 Detik 
Total Duration 163.93442583084 Detik 
------------------------- 
Tanggal: 08-01-2022 15:00:01 
Duration Download Forstok 15.07009100914 Detik
Duration Looping 700 Data 170.30478191376 Detik 
Total Duration 170.30488991737 Detik 
------------------------- 
Tanggal: 08-01-2022 15:05:01 
Duration Download Forstok 22.410906076431 Detik
Duration Looping 700 Data 172.2299079895 Detik 
Total Duration 172.23002314568 Detik 
------------------------- 
Tanggal: 08-01-2022 15:10:01 
Duration Download Forstok 15.989107847214 Detik
Duration Looping 700 Data 165.3056538105 Detik 
Total Duration 165.30576395988 Detik 
------------------------- 
Tanggal: 08-01-2022 15:15:01 
Duration Download Forstok 13.765194892883 Detik
Duration Looping 700 Data 159.13145279884 Detik 
Total Duration 159.13156795502 Detik 
------------------------- 
Tanggal: 08-01-2022 15:20:01 
Duration Download Forstok 16.180847883224 Detik
Duration Looping 700 Data 167.35901498795 Detik 
Total Duration 167.35912895203 Detik 
------------------------- 
Tanggal: 08-01-2022 15:25:01 
Duration Download Forstok 10.904401063919 Detik
Duration Looping 700 Data 161.3548181057 Detik 
Total Duration 161.35493397713 Detik 
------------------------- 
Tanggal: 08-01-2022 15:30:01 
Duration Download Forstok 13.229660987854 Detik
Duration Looping 700 Data 162.22227787971 Detik 
Total Duration 162.22240185738 Detik 
------------------------- 
Tanggal: 08-01-2022 15:35:01 
Duration Download Forstok 19.37882399559 Detik
Duration Looping 700 Data 172.70794296265 Detik 
Total Duration 172.70805597305 Detik 
------------------------- 
Tanggal: 08-01-2022 15:40:01 
Duration Download Forstok 15.844614028931 Detik
Duration Looping 700 Data 176.48138689995 Detik 
Total Duration 176.48153805733 Detik 
------------------------- 
Tanggal: 08-01-2022 15:45:01 
Duration Download Forstok 12.218478918076 Detik
Duration Looping 700 Data 158.2333419323 Detik 
Total Duration 158.23344993591 Detik 
------------------------- 
Tanggal: 08-01-2022 15:50:01 
Duration Download Forstok 14.563360214233 Detik
Duration Looping 700 Data 163.57299017906 Detik 
Total Duration 163.57310318947 Detik 
------------------------- 
Tanggal: 08-01-2022 15:55:01 
Duration Download Forstok 13.693446874619 Detik
Duration Looping 700 Data 163.19269990921 Detik 
Total Duration 163.19282484055 Detik 
------------------------- 
Tanggal: 08-01-2022 16:00:01 
Duration Download Forstok 22.48416519165 Detik
Duration Looping 700 Data 171.40509319305 Detik 
Total Duration 171.40520310402 Detik 
------------------------- 
Tanggal: 08-01-2022 16:05:01 
Duration Download Forstok 20.828664064407 Detik
Duration Looping 700 Data 180.77785205841 Detik 
Total Duration 180.77796697617 Detik 
------------------------- 
Tanggal: 08-01-2022 16:10:01 
Duration Download Forstok 16.394956827164 Detik
Duration Looping 700 Data 168.10288286209 Detik 
Total Duration 168.10299682617 Detik 
------------------------- 
Tanggal: 08-01-2022 16:15:01 
Duration Download Forstok 15.885522127151 Detik
Duration Looping 700 Data 169.55068492889 Detik 
Total Duration 169.55081009865 Detik 
------------------------- 
Tanggal: 08-01-2022 16:20:01 
Duration Download Forstok 21.9936170578 Detik
Duration Looping 700 Data 168.24071002007 Detik 
Total Duration 168.24082016945 Detik 
------------------------- 
Tanggal: 08-01-2022 16:25:01 
Duration Download Forstok 16.192444086075 Detik
Duration Looping 700 Data 167.82380104065 Detik 
Total Duration 167.82391405106 Detik 
------------------------- 
Tanggal: 08-01-2022 16:30:01 
Duration Download Forstok 12.961838006973 Detik
Duration Looping 700 Data 159.29774212837 Detik 
Total Duration 159.29786014557 Detik 
------------------------- 
Tanggal: 08-01-2022 16:35:01 
Duration Download Forstok 19.841918945312 Detik
Duration Looping 700 Data 165.94725203514 Detik 
Total Duration 165.94736194611 Detik 
------------------------- 
Tanggal: 08-01-2022 16:40:01 
Duration Download Forstok 16.177322149277 Detik
Duration Looping 700 Data 171.15485906601 Detik 
Total Duration 171.15496897697 Detik 
------------------------- 
Tanggal: 08-01-2022 16:45:01 
Duration Download Forstok 18.32145690918 Detik
Duration Looping 700 Data 168.63943791389 Detik 
Total Duration 168.63954305649 Detik 
------------------------- 
Tanggal: 08-01-2022 16:50:01 
Duration Download Forstok 23.74072599411 Detik
Duration Looping 700 Data 175.35396718979 Detik 
Total Duration 175.35407614708 Detik 
------------------------- 
Tanggal: 08-01-2022 16:55:01 
Duration Download Forstok 12.907732009888 Detik
Duration Looping 700 Data 167.14930200577 Detik 
Total Duration 167.14941000938 Detik 
------------------------- 
Tanggal: 08-01-2022 17:00:02 
Duration Download Forstok 15.74041390419 Detik
Duration Looping 700 Data 168.10056900978 Detik 
Total Duration 168.10068702698 Detik 
------------------------- 
Tanggal: 08-01-2022 17:05:01 
Duration Download Forstok 23.008368015289 Detik
Duration Looping 700 Data 179.52939295769 Detik 
Total Duration 179.52950811386 Detik 
------------------------- 
Tanggal: 08-01-2022 17:10:01 
Duration Download Forstok 17.210951089859 Detik
Duration Looping 700 Data 168.27052688599 Detik 
Total Duration 168.27062392235 Detik 
------------------------- 
Tanggal: 08-01-2022 17:15:01 
Duration Download Forstok 11.922303915024 Detik
Duration Looping 700 Data 164.35635399818 Detik 
Total Duration 164.35646891594 Detik 
------------------------- 
Tanggal: 08-01-2022 17:20:01 
Duration Download Forstok 20.90128993988 Detik
Duration Looping 700 Data 181.90582799911 Detik 
Total Duration 181.90591192245 Detik 
------------------------- 
Tanggal: 08-01-2022 17:25:01 
Duration Download Forstok 16.225430011749 Detik
Duration Looping 700 Data 164.5711388588 Detik 
Total Duration 164.5712518692 Detik 
------------------------- 
Tanggal: 08-01-2022 17:30:01 
Duration Download Forstok 21.732596874237 Detik
Duration Looping 700 Data 175.87438297272 Detik 
Total Duration 175.87449383736 Detik 
------------------------- 
Tanggal: 08-01-2022 17:35:01 
Duration Download Forstok 14.959266901016 Detik
Duration Looping 700 Data 173.41127490997 Detik 
Total Duration 173.41139984131 Detik 
------------------------- 
Tanggal: 08-01-2022 17:40:01 
Duration Download Forstok 12.440906047821 Detik
Duration Looping 700 Data 161.94693303108 Detik 
Total Duration 161.94704699516 Detik 
------------------------- 
Tanggal: 08-01-2022 17:45:01 
Duration Download Forstok 15.303374052048 Detik
Duration Looping 700 Data 175.65221405029 Detik 
Total Duration 175.65233516693 Detik 
------------------------- 
Tanggal: 08-01-2022 17:50:01 
Duration Download Forstok 18.050384044647 Detik
Duration Looping 700 Data 172.70279097557 Detik 
Total Duration 172.70290112495 Detik 
------------------------- 
Tanggal: 08-01-2022 17:55:01 
Duration Download Forstok 16.951128959656 Detik
Duration Looping 700 Data 163.91959786415 Detik 
Total Duration 163.91968297958 Detik 
------------------------- 
Tanggal: 08-01-2022 18:00:01 
Duration Download Forstok 13.683020114899 Detik
Duration Looping 700 Data 168.50412511826 Detik 
Total Duration 168.50424098969 Detik 
------------------------- 
Tanggal: 08-01-2022 18:05:01 
Duration Download Forstok 20.213454008102 Detik
Duration Looping 700 Data 165.19676089287 Detik 
Total Duration 165.19687485695 Detik 
------------------------- 
Tanggal: 08-01-2022 18:10:02 
Duration Download Forstok 18.961880207062 Detik
Duration Looping 700 Data 172.04568719864 Detik 
Total Duration 172.04579901695 Detik 
------------------------- 
Tanggal: 08-01-2022 18:15:01 
Duration Download Forstok 14.789391040802 Detik
Duration Looping 700 Data 171.18166708946 Detik 
Total Duration 171.18178200722 Detik 
------------------------- 
Tanggal: 08-01-2022 18:20:01 
Duration Download Forstok 18.822412014008 Detik
Duration Looping 700 Data 181.56118416786 Detik 
Total Duration 181.56129407883 Detik 
------------------------- 
Tanggal: 08-01-2022 18:25:01 
Duration Download Forstok 13.342037200928 Detik
Duration Looping 700 Data 164.86776304245 Detik 
Total Duration 164.86788415909 Detik 
------------------------- 
Tanggal: 08-01-2022 18:30:01 
Duration Download Forstok 14.823719024658 Detik
Duration Looping 700 Data 164.54947018623 Detik 
Total Duration 164.54958319664 Detik 
------------------------- 
Tanggal: 08-01-2022 18:35:01 
Duration Download Forstok 16.291741847992 Detik
Duration Looping 700 Data 165.51591992378 Detik 
Total Duration 165.51602578163 Detik 
------------------------- 
Tanggal: 08-01-2022 18:40:01 
Duration Download Forstok 14.344847917557 Detik
Duration Looping 700 Data 167.3983259201 Detik 
Total Duration 167.39843988419 Detik 
------------------------- 
Tanggal: 08-01-2022 18:45:01 
Duration Download Forstok 13.058655023575 Detik
Duration Looping 700 Data 161.5904841423 Detik 
Total Duration 161.59059715271 Detik 
------------------------- 
Tanggal: 08-01-2022 18:50:01 
Duration Download Forstok 25.477807044983 Detik
Duration Looping 700 Data 171.18138408661 Detik 
Total Duration 171.1814661026 Detik 
------------------------- 
Tanggal: 08-01-2022 18:55:01 
Duration Download Forstok 16.256690979004 Detik
Duration Looping 700 Data 165.15240097046 Detik 
Total Duration 165.15251898766 Detik 
------------------------- 
Tanggal: 08-01-2022 19:00:01 
Duration Download Forstok 17.594609022141 Detik
Duration Looping 700 Data 173.5527150631 Detik 
Total Duration 173.55281710625 Detik 
------------------------- 
Tanggal: 08-01-2022 19:05:01 
Duration Download Forstok 21.966459989548 Detik
Duration Looping 700 Data 174.12993192673 Detik 
Total Duration 174.13004302979 Detik 
------------------------- 
Tanggal: 08-01-2022 19:10:01 
Duration Download Forstok 14.222208976746 Detik
Duration Looping 700 Data 161.6070151329 Detik 
Total Duration 161.60712814331 Detik 
------------------------- 
Tanggal: 08-01-2022 19:15:01 
Duration Download Forstok 12.683650016785 Detik
Duration Looping 700 Data 168.2950129509 Detik 
Total Duration 168.29511404037 Detik 
------------------------- 
Tanggal: 08-01-2022 19:20:02 
Duration Download Forstok 20.380028963089 Detik
Duration Looping 700 Data 174.58578896523 Detik 
Total Duration 174.58589696884 Detik 
------------------------- 
Tanggal: 08-01-2022 19:25:01 
Duration Download Forstok 11.404654979706 Detik
Duration Looping 700 Data 162.83780288696 Detik 
Total Duration 162.83789396286 Detik 
------------------------- 
Tanggal: 08-01-2022 19:30:01 
Duration Download Forstok 12.469710826874 Detik
Duration Looping 700 Data 164.6981420517 Detik 
Total Duration 164.69824886322 Detik 
------------------------- 
Tanggal: 08-01-2022 19:35:01 
Duration Download Forstok 19.979637861252 Detik
Duration Looping 700 Data 170.45963001251 Detik 
Total Duration 170.45974087715 Detik 
------------------------- 
Tanggal: 08-01-2022 19:40:01 
Duration Download Forstok 12.355328083038 Detik
Duration Looping 700 Data 163.01613998413 Detik 
Total Duration 163.01625800133 Detik 
------------------------- 
Tanggal: 08-01-2022 19:45:01 
Duration Download Forstok 16.841614961624 Detik
Duration Looping 700 Data 162.9703950882 Detik 
Total Duration 162.97051000595 Detik 
------------------------- 
Tanggal: 08-01-2022 19:50:01 
Duration Download Forstok 23.023781061172 Detik
Duration Looping 700 Data 171.44660305977 Detik 
Total Duration 171.4467151165 Detik 
------------------------- 
Tanggal: 08-01-2022 19:55:01 
Duration Download Forstok 13.975257158279 Detik
Duration Looping 700 Data 157.98979711533 Detik 
Total Duration 157.98990893364 Detik 
------------------------- 
Tanggal: 08-01-2022 20:00:01 
Duration Download Forstok 14.646987915039 Detik
Duration Looping 700 Data 171.30981588364 Detik 
Total Duration 171.30992603302 Detik 
------------------------- 
Tanggal: 08-01-2022 20:05:02 
Duration Download Forstok 15.443308115005 Detik
Duration Looping 700 Data 165.56345796585 Detik 
Total Duration 165.56357598305 Detik 
------------------------- 
Tanggal: 08-01-2022 20:10:01 
Duration Download Forstok 15.166923999786 Detik
Duration Looping 700 Data 161.43564009666 Detik 
Total Duration 161.43571901321 Detik 
------------------------- 
Tanggal: 08-01-2022 20:15:01 
Duration Download Forstok 16.708618879318 Detik
Duration Looping 700 Data 163.90807294846 Detik 
Total Duration 163.90816283226 Detik 
------------------------- 
Tanggal: 08-01-2022 20:20:01 
Duration Download Forstok 15.072785139084 Detik
Duration Looping 700 Data 160.8605260849 Detik 
Total Duration 160.86063694954 Detik 
------------------------- 
Tanggal: 08-01-2022 20:25:01 
Duration Download Forstok 14.046004056931 Detik
Duration Looping 700 Data 161.85065293312 Detik 
Total Duration 161.85076498985 Detik 
------------------------- 
Tanggal: 08-01-2022 20:30:01 
Duration Download Forstok 15.862679004669 Detik
Duration Looping 700 Data 173.45364999771 Detik 
Total Duration 173.45379805565 Detik 
------------------------- 
Tanggal: 08-01-2022 20:35:01 
Duration Download Forstok 17.284360170364 Detik
Duration Looping 700 Data 164.68197917938 Detik 
Total Duration 164.68209719658 Detik 
------------------------- 
Tanggal: 08-01-2022 20:40:01 
Duration Download Forstok 15.50412607193 Detik
Duration Looping 700 Data 165.33869385719 Detik 
Total Duration 165.33883595467 Detik 
------------------------- 
Tanggal: 08-01-2022 20:45:01 
Duration Download Forstok 12.909348011017 Detik
Duration Looping 700 Data 164.79258394241 Detik 
Total Duration 164.79269695282 Detik 
------------------------- 
Tanggal: 08-01-2022 20:50:01 
Duration Download Forstok 16.109719991684 Detik
Duration Looping 700 Data 174.79922604561 Detik 
Total Duration 174.79930210114 Detik 
------------------------- 
Tanggal: 08-01-2022 20:55:01 
Duration Download Forstok 12.306501865387 Detik
Duration Looping 700 Data 168.85589694977 Detik 
Total Duration 168.85597586632 Detik 
------------------------- 
Tanggal: 08-01-2022 21:00:01 
Duration Download Forstok 11.620994091034 Detik
Duration Looping 700 Data 164.19657993317 Detik 
Total Duration 164.19669604301 Detik 
------------------------- 
Tanggal: 08-01-2022 21:05:01 
Duration Download Forstok 29.842467069626 Detik
Duration Looping 700 Data 175.24441695213 Detik 
Total Duration 175.2445268631 Detik 
------------------------- 
Tanggal: 08-01-2022 21:10:01 
Duration Download Forstok 16.647095918655 Detik
Duration Looping 700 Data 163.53203701973 Detik 
Total Duration 163.53214812279 Detik 
------------------------- 
Tanggal: 08-01-2022 21:15:01 
Duration Download Forstok 14.260518074036 Detik
Duration Looping 700 Data 166.76747202873 Detik 
Total Duration 166.76759290695 Detik 
------------------------- 
Tanggal: 08-01-2022 21:20:01 
Duration Download Forstok 15.622230052948 Detik
Duration Looping 700 Data 163.95991897583 Detik 
Total Duration 163.96005296707 Detik 
------------------------- 
Tanggal: 08-01-2022 21:25:01 
Duration Download Forstok 12.887918949127 Detik
Duration Looping 700 Data 168.94028782845 Detik 
Total Duration 168.94038486481 Detik 
------------------------- 
Tanggal: 08-01-2022 21:30:01 
Duration Download Forstok 17.252913951874 Detik
Duration Looping 700 Data 165.16297602654 Detik 
Total Duration 165.16309285164 Detik 
------------------------- 
Tanggal: 08-01-2022 21:35:01 
Duration Download Forstok 20.866240978241 Detik
Duration Looping 700 Data 173.59878396988 Detik 
Total Duration 173.59890389442 Detik 
------------------------- 
Tanggal: 08-01-2022 21:40:01 
Duration Download Forstok 15.561714172363 Detik
Duration Looping 700 Data 164.99466300011 Detik 
Total Duration 164.99479103088 Detik 
------------------------- 
Tanggal: 08-01-2022 21:45:01 
Duration Download Forstok 14.405631065369 Detik
Duration Looping 700 Data 164.52335691452 Detik 
Total Duration 164.52347111702 Detik 
------------------------- 
Tanggal: 08-01-2022 21:50:01 
Duration Download Forstok 14.089312076569 Detik
Duration Looping 700 Data 160.20943593979 Detik 
Total Duration 160.20954298973 Detik 
------------------------- 
Tanggal: 08-01-2022 21:55:01 
Duration Download Forstok 14.435218095779 Detik
Duration Looping 700 Data 162.81152796745 Detik 
Total Duration 162.81161093712 Detik 
------------------------- 
Tanggal: 08-01-2022 22:00:01 
Duration Download Forstok 11.997062921524 Detik
Duration Looping 700 Data 161.71025300026 Detik 
Total Duration 161.71035289764 Detik 
------------------------- 
Tanggal: 08-01-2022 22:05:01 
Duration Download Forstok 19.038609981537 Detik
Duration Looping 700 Data 174.43889713287 Detik 
Total Duration 174.43901109695 Detik 
------------------------- 
Tanggal: 08-01-2022 22:10:01 
Duration Download Forstok 12.552308082581 Detik
Duration Looping 700 Data 159.21732497215 Detik 
Total Duration 159.2174448967 Detik 
------------------------- 
Tanggal: 08-01-2022 22:15:01 
Duration Download Forstok 13.559575080872 Detik
Duration Looping 700 Data 167.62919092178 Detik 
Total Duration 167.62929296494 Detik 
------------------------- 
Tanggal: 08-01-2022 22:20:01 
Duration Download Forstok 15.156188964844 Detik
Duration Looping 700 Data 167.73724102974 Detik 
Total Duration 167.73735690117 Detik 
------------------------- 
Tanggal: 08-01-2022 22:25:01 
Duration Download Forstok 12.800953149796 Detik
Duration Looping 700 Data 155.28602695465 Detik 
Total Duration 155.28613114357 Detik 
------------------------- 
Tanggal: 08-01-2022 22:30:01 
Duration Download Forstok 15.037609100342 Detik
Duration Looping 700 Data 164.96331810951 Detik 
Total Duration 164.96342897415 Detik 
------------------------- 
Tanggal: 08-01-2022 22:35:01 
Duration Download Forstok 15.265522003174 Detik
Duration Looping 700 Data 165.55623793602 Detik 
Total Duration 165.55645084381 Detik 
------------------------- 
Tanggal: 08-01-2022 22:40:01 
Duration Download Forstok 12.323242902756 Detik
Duration Looping 700 Data 165.03930187225 Detik 
Total Duration 165.03941488266 Detik 
------------------------- 
Tanggal: 08-01-2022 22:45:01 
Duration Download Forstok 17.540362119675 Detik
Duration Looping 700 Data 171.34467601776 Detik 
Total Duration 171.34479308128 Detik 
------------------------- 
Tanggal: 08-01-2022 22:50:01 
Duration Download Forstok 12.548446893692 Detik
Duration Looping 700 Data 167.69209289551 Detik 
Total Duration 167.6922249794 Detik 
------------------------- 
Tanggal: 08-01-2022 22:55:01 
Duration Download Forstok 12.325742959976 Detik
Duration Looping 700 Data 162.60819506645 Detik 
Total Duration 162.60830688477 Detik 
------------------------- 
Tanggal: 08-01-2022 23:00:02 
Duration Download Forstok 11.630097866058 Detik
Duration Looping 700 Data 159.70114088058 Detik 
Total Duration 159.70125484467 Detik 
------------------------- 
Tanggal: 08-01-2022 23:05:01 
Duration Download Forstok 18.60884809494 Detik
Duration Looping 700 Data 166.63386797905 Detik 
Total Duration 166.63401913643 Detik 
------------------------- 
Tanggal: 08-01-2022 23:10:01 
Duration Download Forstok 14.950260162354 Detik
Duration Looping 700 Data 160.10314512253 Detik 
Total Duration 160.10325717926 Detik 
------------------------- 
Tanggal: 08-01-2022 23:15:01 
Duration Download Forstok 18.949047088623 Detik
Duration Looping 700 Data 161.14211297035 Detik 
Total Duration 161.1422290802 Detik 
------------------------- 
Tanggal: 08-01-2022 23:20:01 
Duration Download Forstok 13.055102109909 Detik
Duration Looping 700 Data 168.1378390789 Detik 
Total Duration 168.1379442215 Detik 
------------------------- 
Tanggal: 08-01-2022 23:25:01 
Duration Download Forstok 16.144859075546 Detik
Duration Looping 700 Data 168.93690705299 Detik 
Total Duration 168.93701815605 Detik 
------------------------- 
Tanggal: 08-01-2022 23:30:01 
Duration Download Forstok 12.275642156601 Detik
Duration Looping 700 Data 155.55838513374 Detik 
Total Duration 155.55849814415 Detik 
------------------------- 
Tanggal: 08-01-2022 23:35:01 
Duration Download Forstok 18.974319934845 Detik
Duration Looping 700 Data 161.63576698303 Detik 
Total Duration 161.63589096069 Detik 
------------------------- 
Tanggal: 08-01-2022 23:40:01 
Duration Download Forstok 15.19702911377 Detik
Duration Looping 700 Data 169.21152901649 Detik 
Total Duration 169.21164107323 Detik 
------------------------- 
Tanggal: 08-01-2022 23:45:01 
Duration Download Forstok 18.831679105759 Detik
Duration Looping 700 Data 164.5904250145 Detik 
Total Duration 164.59053707123 Detik 
------------------------- 
Tanggal: 08-01-2022 23:50:01 
Duration Download Forstok 15.721658945084 Detik
Duration Looping 700 Data 162.7050049305 Detik 
Total Duration 162.70511698723 Detik 
------------------------- 
Tanggal: 08-01-2022 23:55:01 
Duration Download Forstok 15.673351049423 Detik
Duration Looping 700 Data 164.78977608681 Detik 
Total Duration 164.78988909721 Detik 
------------------------- 
