Tanggal: 20-02-2022 00:00:01 
Duration Download Forstok 14.462874174118 Detik
Duration Looping 700 Data 543.04499816895 Detik 
Total Duration 543.04592514038 Detik 
------------------------- 
Tanggal: 20-02-2022 00:10:01 
Duration Download Forstok 12.967818021774 Detik
Duration Looping 700 Data 151.76314020157 Detik 
Total Duration 151.76324820518 Detik 
------------------------- 
Tanggal: 20-02-2022 00:15:01 
Duration Download Forstok 15.327879905701 Detik
Duration Looping 700 Data 181.78018498421 Detik 
Total Duration 181.78029799461 Detik 
------------------------- 
Tanggal: 20-02-2022 00:20:01 
Duration Download Forstok 14.464406013489 Detik
Duration Looping 700 Data 151.98942613602 Detik 
Total Duration 151.98954200745 Detik 
------------------------- 
Tanggal: 20-02-2022 00:25:01 
Duration Download Forstok 10.870864152908 Detik
Duration Looping 700 Data 152.75559210777 Detik 
Total Duration 152.75841903687 Detik 
------------------------- 
Tanggal: 20-02-2022 00:30:01 
Duration Download Forstok 14.214400053024 Detik
Duration Looping 700 Data 179.57164406776 Detik 
Total Duration 179.57175898552 Detik 
------------------------- 
Tanggal: 20-02-2022 00:35:01 
Duration Download Forstok 13.759552001953 Detik
Duration Looping 700 Data 150.72719812393 Detik 
Total Duration 150.7273170948 Detik 
------------------------- 
Tanggal: 20-02-2022 00:40:01 
Duration Download Forstok 13.071943044662 Detik
Duration Looping 700 Data 149.23244595528 Detik 
Total Duration 149.23255515099 Detik 
------------------------- 
Tanggal: 20-02-2022 00:45:01 
Duration Download Forstok 13.778663158417 Detik
Duration Looping 700 Data 147.45749115944 Detik 
Total Duration 147.45760607719 Detik 
------------------------- 
Tanggal: 20-02-2022 00:50:01 
Duration Download Forstok 12.837052106857 Detik
Duration Looping 700 Data 146.76917099953 Detik 
Total Duration 146.76927995682 Detik 
------------------------- 
Tanggal: 20-02-2022 00:55:01 
Duration Download Forstok 12.529604911804 Detik
Duration Looping 700 Data 151.28951787949 Detik 
Total Duration 151.28962993622 Detik 
------------------------- 
Tanggal: 20-02-2022 01:00:01 
Duration Download Forstok 13.89830994606 Detik
Duration Looping 700 Data 156.64423179626 Detik 
Total Duration 156.64434790611 Detik 
------------------------- 
Tanggal: 20-02-2022 01:05:01 
Duration Download Forstok 17.875673055649 Detik
Duration Looping 700 Data 160.14779305458 Detik 
Total Duration 160.14791083336 Detik 
------------------------- 
Tanggal: 20-02-2022 01:10:01 
Duration Download Forstok 13.429840803146 Detik
Duration Looping 700 Data 150.86491394043 Detik 
Total Duration 150.86502099037 Detik 
------------------------- 
Tanggal: 20-02-2022 01:15:01 
Duration Download Forstok 16.278861999512 Detik
Duration Looping 700 Data 151.55086278915 Detik 
Total Duration 151.55097699165 Detik 
------------------------- 
Tanggal: 20-02-2022 01:20:01 
Duration Download Forstok 20.382308006287 Detik
Duration Looping 700 Data 156.99227690697 Detik 
Total Duration 156.99239110947 Detik 
------------------------- 
Tanggal: 20-02-2022 01:25:01 
Duration Download Forstok 17.053531169891 Detik
Duration Looping 700 Data 153.44082021713 Detik 
Total Duration 153.44092822075 Detik 
------------------------- 
Tanggal: 20-02-2022 01:30:01 
Duration Download Forstok 13.7269718647 Detik
Duration Looping 700 Data 154.41696500778 Detik 
Total Duration 154.41707992554 Detik 
------------------------- 
Tanggal: 20-02-2022 01:35:01 
Duration Download Forstok 16.854046106339 Detik
Duration Looping 700 Data 160.70310902596 Detik 
Total Duration 160.7032251358 Detik 
------------------------- 
Tanggal: 20-02-2022 01:40:01 
Duration Download Forstok 15.821281909943 Detik
Duration Looping 700 Data 152.64185404778 Detik 
Total Duration 152.64196205139 Detik 
------------------------- 
Tanggal: 20-02-2022 01:45:01 
Duration Download Forstok 18.159398078918 Detik
Duration Looping 700 Data 152.31281518936 Detik 
Total Duration 152.31292700768 Detik 
------------------------- 
Tanggal: 20-02-2022 01:50:01 
Duration Download Forstok 14.390727996826 Detik
Duration Looping 700 Data 163.3247859478 Detik 
Total Duration 163.32489609718 Detik 
------------------------- 
Tanggal: 20-02-2022 01:55:01 
Duration Download Forstok 14.110234975815 Detik
Duration Looping 700 Data 148.01537203789 Detik 
Total Duration 148.01548910141 Detik 
------------------------- 
Tanggal: 20-02-2022 02:00:01 
Duration Download Forstok 16.965567111969 Detik
Duration Looping 700 Data 150.02301096916 Detik 
Total Duration 150.02312612534 Detik 
------------------------- 
Tanggal: 20-02-2022 02:05:01 
Duration Download Forstok 16.461110115051 Detik
Duration Looping 700 Data 149.69655108452 Detik 
Total Duration 149.69666218758 Detik 
------------------------- 
Tanggal: 20-02-2022 02:10:01 
Duration Download Forstok 18.811934947968 Detik
Duration Looping 700 Data 159.33531808853 Detik 
Total Duration 159.33542704582 Detik 
------------------------- 
Tanggal: 20-02-2022 02:15:01 
Duration Download Forstok 17.920751810074 Detik
Duration Looping 700 Data 154.89386487007 Detik 
Total Duration 154.89399003983 Detik 
------------------------- 
Tanggal: 20-02-2022 02:20:01 
Duration Download Forstok 11.902565002441 Detik
Duration Looping 700 Data 159.58977913857 Detik 
Total Duration 159.58989405632 Detik 
------------------------- 
Tanggal: 20-02-2022 02:25:01 
Duration Download Forstok 13.921423912048 Detik
Duration Looping 700 Data 152.67766904831 Detik 
Total Duration 152.67778491974 Detik 
------------------------- 
Tanggal: 20-02-2022 02:30:01 
Duration Download Forstok 13.826715946198 Detik
Duration Looping 700 Data 148.61384391785 Detik 
Total Duration 148.6139550209 Detik 
------------------------- 
Tanggal: 20-02-2022 02:35:01 
Duration Download Forstok 16.473900079727 Detik
Duration Looping 700 Data 149.5826420784 Detik 
Total Duration 149.58275294304 Detik 
------------------------- 
Tanggal: 20-02-2022 02:40:01 
Duration Download Forstok 12.086412906647 Detik
Duration Looping 700 Data 148.90142893791 Detik 
Total Duration 148.90154480934 Detik 
------------------------- 
Tanggal: 20-02-2022 02:45:01 
Duration Download Forstok 20.655946016312 Detik
Duration Looping 700 Data 157.40668392181 Detik 
Total Duration 157.4068069458 Detik 
------------------------- 
Tanggal: 20-02-2022 02:50:01 
Duration Download Forstok 13.644391775131 Detik
Duration Looping 700 Data 150.65138483047 Detik 
Total Duration 150.65149879456 Detik 
------------------------- 
Tanggal: 20-02-2022 02:55:01 
Duration Download Forstok 12.909111022949 Detik
Duration Looping 700 Data 156.39728999138 Detik 
Total Duration 156.39741301537 Detik 
------------------------- 
Tanggal: 20-02-2022 03:00:01 
Duration Download Forstok 12.828476905823 Detik
Duration Looping 700 Data 159.02970504761 Detik 
Total Duration 159.02981805801 Detik 
------------------------- 
Tanggal: 20-02-2022 03:05:01 
Duration Download Forstok 14.119506120682 Detik
Duration Looping 700 Data 151.8391430378 Detik 
Total Duration 151.83926200867 Detik 
------------------------- 
Tanggal: 20-02-2022 03:10:01 
Duration Download Forstok 12.015877962112 Detik
Duration Looping 700 Data 144.87254714966 Detik 
Total Duration 144.87265706062 Detik 
------------------------- 
Tanggal: 20-02-2022 03:15:01 
Duration Download Forstok 13.469269037247 Detik
Duration Looping 700 Data 152.30462408066 Detik 
Total Duration 152.30474805832 Detik 
------------------------- 
Tanggal: 20-02-2022 03:20:01 
Duration Download Forstok 13.384172916412 Detik
Duration Looping 700 Data 156.88673996925 Detik 
Total Duration 156.88685894012 Detik 
------------------------- 
Tanggal: 20-02-2022 03:25:01 
Duration Download Forstok 10.31648683548 Detik
Duration Looping 700 Data 149.29794597626 Detik 
Total Duration 149.29806089401 Detik 
------------------------- 
Tanggal: 20-02-2022 03:30:02 
Duration Download Forstok 12.147546052933 Detik
Duration Looping 700 Data 158.91984796524 Detik 
Total Duration 158.919962883 Detik 
------------------------- 
Tanggal: 20-02-2022 03:35:01 
Duration Download Forstok 11.879676103592 Detik
Duration Looping 700 Data 148.17549610138 Detik 
Total Duration 148.17560815811 Detik 
------------------------- 
Tanggal: 20-02-2022 03:40:01 
Duration Download Forstok 13.049219846725 Detik
Duration Looping 700 Data 146.17364382744 Detik 
Total Duration 146.17375087738 Detik 
------------------------- 
Tanggal: 20-02-2022 03:45:01 
Duration Download Forstok 12.667056798935 Detik
Duration Looping 700 Data 166.88536596298 Detik 
Total Duration 166.88547801971 Detik 
------------------------- 
Tanggal: 20-02-2022 03:50:01 
Duration Download Forstok 11.459107875824 Detik
Duration Looping 700 Data 147.99056196213 Detik 
Total Duration 147.99066901207 Detik 
------------------------- 
Tanggal: 20-02-2022 03:55:01 
Duration Download Forstok 12.884222984314 Detik
Duration Looping 700 Data 146.43988394737 Detik 
Total Duration 146.43999290466 Detik 
------------------------- 
Tanggal: 20-02-2022 04:00:01 
Duration Download Forstok 18.22089600563 Detik
Duration Looping 700 Data 155.33185887337 Detik 
Total Duration 155.33197498322 Detik 
------------------------- 
Tanggal: 20-02-2022 04:05:01 
Duration Download Forstok 20.733782052994 Detik
Duration Looping 700 Data 179.59265708923 Detik 
Total Duration 179.59276604652 Detik 
------------------------- 
Tanggal: 20-02-2022 04:10:01 
Duration Download Forstok 13.376914978027 Detik
Duration Looping 700 Data 152.76175189018 Detik 
Total Duration 152.76186299324 Detik 
------------------------- 
Tanggal: 20-02-2022 04:15:01 
Duration Download Forstok 23.482188940048 Detik
Duration Looping 700 Data 160.00598597527 Detik 
Total Duration 160.00609588623 Detik 
------------------------- 
Tanggal: 20-02-2022 04:20:01 
Duration Download Forstok 13.806719779968 Detik
Duration Looping 700 Data 146.86551594734 Detik 
Total Duration 146.86562991142 Detik 
------------------------- 
Tanggal: 20-02-2022 04:25:01 
Duration Download Forstok 13.072057962418 Detik
Duration Looping 700 Data 149.31098604202 Detik 
Total Duration 149.3110909462 Detik 
------------------------- 
Tanggal: 20-02-2022 04:30:01 
Duration Download Forstok 13.840712070465 Detik
Duration Looping 700 Data 150.43359613419 Detik 
Total Duration 150.43370819092 Detik 
------------------------- 
Tanggal: 20-02-2022 04:35:01 
Duration Download Forstok 12.804756879807 Detik
Duration Looping 700 Data 148.91098189354 Detik 
Total Duration 148.91109395027 Detik 
------------------------- 
Tanggal: 20-02-2022 04:40:01 
Duration Download Forstok 13.145742893219 Detik
Duration Looping 700 Data 145.80066084862 Detik 
Total Duration 145.80076789856 Detik 
------------------------- 
Tanggal: 20-02-2022 04:45:01 
Duration Download Forstok 17.947177886963 Detik
Duration Looping 700 Data 161.03951692581 Detik 
Total Duration 161.03962492943 Detik 
------------------------- 
Tanggal: 20-02-2022 04:50:01 
Duration Download Forstok 12.369822025299 Detik
Duration Looping 700 Data 153.04484391212 Detik 
Total Duration 153.04495191574 Detik 
------------------------- 
Tanggal: 20-02-2022 04:55:01 
Duration Download Forstok 12.859293222427 Detik
Duration Looping 700 Data 145.69833612442 Detik 
Total Duration 145.69844603539 Detik 
------------------------- 
Tanggal: 20-02-2022 05:00:01 
Duration Download Forstok 14.377771854401 Detik
Duration Looping 700 Data 148.37650990486 Detik 
Total Duration 148.37661600113 Detik 
------------------------- 
Tanggal: 20-02-2022 05:05:01 
Duration Download Forstok 14.967090129852 Detik
Duration Looping 700 Data 152.1106159687 Detik 
Total Duration 152.11072707176 Detik 
------------------------- 
Tanggal: 20-02-2022 05:10:01 
Duration Download Forstok 13.715396881104 Detik
Duration Looping 700 Data 149.86954498291 Detik 
Total Duration 149.86966586113 Detik 
------------------------- 
Tanggal: 20-02-2022 05:15:01 
Duration Download Forstok 20.380267858505 Detik
Duration Looping 700 Data 162.78163695335 Detik 
Total Duration 162.78176903725 Detik 
------------------------- 
Tanggal: 20-02-2022 05:20:01 
Duration Download Forstok 13.229705095291 Detik
Duration Looping 700 Data 145.10313391685 Detik 
Total Duration 145.10324811935 Detik 
------------------------- 
Tanggal: 20-02-2022 05:25:01 
Duration Download Forstok 13.325560092926 Detik
Duration Looping 700 Data 156.00740098953 Detik 
Total Duration 156.00752711296 Detik 
------------------------- 
Tanggal: 20-02-2022 05:30:01 
Duration Download Forstok 13.938221931458 Detik
Duration Looping 700 Data 155.61389303207 Detik 
Total Duration 155.61400508881 Detik 
------------------------- 
Tanggal: 20-02-2022 05:35:01 
Duration Download Forstok 13.775110960007 Detik
Duration Looping 700 Data 146.06998205185 Detik 
Total Duration 146.07009410858 Detik 
------------------------- 
Tanggal: 20-02-2022 05:40:01 
Duration Download Forstok 11.564033031464 Detik
Duration Looping 700 Data 145.09535288811 Detik 
Total Duration 145.09546804428 Detik 
------------------------- 
Tanggal: 20-02-2022 05:45:01 
Duration Download Forstok 18.349385023117 Detik
Duration Looping 700 Data 157.50162792206 Detik 
Total Duration 157.50173282623 Detik 
------------------------- 
Tanggal: 20-02-2022 05:50:01 
Duration Download Forstok 15.263580083847 Detik
Duration Looping 700 Data 154.12499594688 Detik 
Total Duration 154.12510991096 Detik 
------------------------- 
Tanggal: 20-02-2022 05:55:02 
Duration Download Forstok 14.058429002762 Detik
Duration Looping 700 Data 149.22118115425 Detik 
Total Duration 149.22129511833 Detik 
------------------------- 
Tanggal: 20-02-2022 06:00:01 
Duration Download Forstok 13.557929039001 Detik
Duration Looping 700 Data 150.31753706932 Detik 
Total Duration 150.3176419735 Detik 
------------------------- 
Tanggal: 20-02-2022 06:05:01 
Duration Download Forstok 17.839025020599 Detik
Duration Looping 700 Data 150.96766591072 Detik 
Total Duration 150.96777296066 Detik 
------------------------- 
Tanggal: 20-02-2022 06:10:01 
Duration Download Forstok 18.120246887207 Detik
Duration Looping 700 Data 176.07268691063 Detik 
Total Duration 176.07280397415 Detik 
------------------------- 
Tanggal: 20-02-2022 06:15:01 
Duration Download Forstok 20.761178016663 Detik
Duration Looping 700 Data 159.59482693672 Detik 
Total Duration 159.59492897987 Detik 
------------------------- 
Tanggal: 20-02-2022 06:20:01 
Duration Download Forstok 18.503586053848 Detik
Duration Looping 700 Data 151.68323206902 Detik 
Total Duration 151.68334197998 Detik 
------------------------- 
Tanggal: 20-02-2022 06:25:01 
Duration Download Forstok 12.412722110748 Detik
Duration Looping 700 Data 144.93696117401 Detik 
Total Duration 144.93707799911 Detik 
------------------------- 
Tanggal: 20-02-2022 06:30:01 
Duration Download Forstok 16.55682516098 Detik
Duration Looping 700 Data 153.53548908234 Detik 
Total Duration 153.53561496735 Detik 
------------------------- 
Tanggal: 20-02-2022 06:35:01 
Duration Download Forstok 10.910379886627 Detik
Duration Looping 700 Data 142.6898958683 Detik 
Total Duration 142.69000506401 Detik 
------------------------- 
Tanggal: 20-02-2022 06:40:01 
Duration Download Forstok 13.27907705307 Detik
Duration Looping 700 Data 154.12073206902 Detik 
Total Duration 154.1208460331 Detik 
------------------------- 
Tanggal: 20-02-2022 06:45:01 
Duration Download Forstok 16.184638023376 Detik
Duration Looping 700 Data 148.70143389702 Detik 
Total Duration 148.7016248703 Detik 
------------------------- 
Tanggal: 20-02-2022 06:50:01 
Duration Download Forstok 14.365601062775 Detik
Duration Looping 700 Data 145.79763317108 Detik 
Total Duration 145.79774618149 Detik 
------------------------- 
Tanggal: 20-02-2022 06:55:01 
Duration Download Forstok 15.363262176514 Detik
Duration Looping 700 Data 157.32925415039 Detik 
Total Duration 157.32936501503 Detik 
------------------------- 
Tanggal: 20-02-2022 07:00:01 
Duration Download Forstok 14.185409069061 Detik
Duration Looping 700 Data 149.28462505341 Detik 
Total Duration 149.28473591805 Detik 
------------------------- 
Tanggal: 20-02-2022 07:05:01 
Duration Download Forstok 18.788987874985 Detik
Duration Looping 700 Data 150.84777998924 Detik 
Total Duration 150.84789085388 Detik 
------------------------- 
Tanggal: 20-02-2022 07:10:01 
Duration Download Forstok 14.303591012955 Detik
Duration Looping 700 Data 150.0150949955 Detik 
Total Duration 150.01522898674 Detik 
------------------------- 
Tanggal: 20-02-2022 07:15:01 
Duration Download Forstok 19.133682966232 Detik
Duration Looping 700 Data 151.5892829895 Detik 
Total Duration 151.58940887451 Detik 
------------------------- 
Tanggal: 20-02-2022 07:20:01 
Duration Download Forstok 18.333775997162 Detik
Duration Looping 700 Data 158.1252310276 Detik 
Total Duration 158.12534189224 Detik 
------------------------- 
Tanggal: 20-02-2022 07:25:01 
Duration Download Forstok 12.796363115311 Detik
Duration Looping 700 Data 144.53514313698 Detik 
Total Duration 144.53524899483 Detik 
------------------------- 
Tanggal: 20-02-2022 07:30:01 
Duration Download Forstok 13.378270149231 Detik
Duration Looping 700 Data 153.20443701744 Detik 
Total Duration 153.2045519352 Detik 
------------------------- 
Tanggal: 20-02-2022 07:35:01 
Duration Download Forstok 10.86150097847 Detik
Duration Looping 700 Data 146.6548640728 Detik 
Total Duration 146.65497612953 Detik 
------------------------- 
Tanggal: 20-02-2022 07:40:02 
Duration Download Forstok 16.501613855362 Detik
Duration Looping 700 Data 153.23511385918 Detik 
Total Duration 153.23522686958 Detik 
------------------------- 
Tanggal: 20-02-2022 07:45:01 
Duration Download Forstok 24.256062030792 Detik
Duration Looping 700 Data 178.20206594467 Detik 
Total Duration 178.20218300819 Detik 
------------------------- 
Tanggal: 20-02-2022 07:50:01 
Duration Download Forstok 18.442240953445 Detik
Duration Looping 700 Data 150.43537116051 Detik 
Total Duration 150.4354801178 Detik 
------------------------- 
Tanggal: 20-02-2022 07:55:01 
Duration Download Forstok 12.018486022949 Detik
Duration Looping 700 Data 147.03808403015 Detik 
Total Duration 147.03819108009 Detik 
------------------------- 
Tanggal: 20-02-2022 08:00:01 
Duration Download Forstok 21.184298992157 Detik
Duration Looping 700 Data 161.00393915176 Detik 
Total Duration 161.00405597687 Detik 
------------------------- 
Tanggal: 20-02-2022 08:05:01 
Duration Download Forstok 18.245584011078 Detik
Duration Looping 700 Data 154.17806696892 Detik 
Total Duration 154.17818403244 Detik 
------------------------- 
Tanggal: 20-02-2022 08:10:01 
Duration Download Forstok 14.731066942215 Detik
Duration Looping 700 Data 161.06964898109 Detik 
Total Duration 161.06976103783 Detik 
------------------------- 
Tanggal: 20-02-2022 08:15:01 
Duration Download Forstok 14.290508985519 Detik
Duration Looping 700 Data 156.9909260273 Detik 
Total Duration 156.9910390377 Detik 
------------------------- 
Tanggal: 20-02-2022 08:20:01 
Duration Download Forstok 13.196111917496 Detik
Duration Looping 700 Data 153.8293299675 Detik 
Total Duration 153.82944297791 Detik 
------------------------- 
Tanggal: 20-02-2022 08:25:01 
Duration Download Forstok 15.293579101562 Detik
Duration Looping 700 Data 148.82660508156 Detik 
Total Duration 148.82671713829 Detik 
------------------------- 
Tanggal: 20-02-2022 08:30:01 
Duration Download Forstok 19.374943971634 Detik
Duration Looping 700 Data 153.30600595474 Detik 
Total Duration 153.30611801147 Detik 
------------------------- 
Tanggal: 20-02-2022 08:35:01 
Duration Download Forstok 12.856846094131 Detik
Duration Looping 700 Data 166.33130502701 Detik 
Total Duration 166.33142399788 Detik 
------------------------- 
Tanggal: 20-02-2022 08:40:02 
Duration Download Forstok 18.162971973419 Detik
Duration Looping 700 Data 155.35480880737 Detik 
Total Duration 155.35491895676 Detik 
------------------------- 
Tanggal: 20-02-2022 08:45:01 
Duration Download Forstok 14.492901086807 Detik
Duration Looping 700 Data 149.24468207359 Detik 
Total Duration 149.24479603767 Detik 
------------------------- 
Tanggal: 20-02-2022 08:50:01 
Duration Download Forstok 13.483201980591 Detik
Duration Looping 700 Data 149.70747590065 Detik 
Total Duration 149.70758700371 Detik 
------------------------- 
Tanggal: 20-02-2022 08:55:01 
Duration Download Forstok 11.249897003174 Detik
Duration Looping 700 Data 149.52102613449 Detik 
Total Duration 149.52112007141 Detik 
------------------------- 
Tanggal: 20-02-2022 09:00:01 
Duration Download Forstok 13.179758071899 Detik
Duration Looping 700 Data 147.44904112816 Detik 
Total Duration 147.44914698601 Detik 
------------------------- 
Tanggal: 20-02-2022 09:05:01 
Duration Download Forstok 19.612380027771 Detik
Duration Looping 700 Data 153.76618981361 Detik 
Total Duration 153.76629495621 Detik 
------------------------- 
Tanggal: 20-02-2022 09:10:01 
Duration Download Forstok 18.685955047607 Detik
Duration Looping 700 Data 155.59959721565 Detik 
Total Duration 155.59971308708 Detik 
------------------------- 
Tanggal: 20-02-2022 09:15:01 
Duration Download Forstok 17.486275911331 Detik
Duration Looping 700 Data 152.20905184746 Detik 
Total Duration 152.20916295052 Detik 
------------------------- 
Tanggal: 20-02-2022 09:20:01 
Duration Download Forstok 18.80030298233 Detik
Duration Looping 700 Data 157.68618607521 Detik 
Total Duration 157.68629407883 Detik 
------------------------- 
Tanggal: 20-02-2022 09:25:01 
Duration Download Forstok 12.539675951004 Detik
Duration Looping 700 Data 147.08707308769 Detik 
Total Duration 147.08718204498 Detik 
------------------------- 
Tanggal: 20-02-2022 09:30:01 
Duration Download Forstok 14.616890907288 Detik
Duration Looping 700 Data 159.64841890335 Detik 
Total Duration 159.64853191376 Detik 
------------------------- 
Tanggal: 20-02-2022 09:35:01 
Duration Download Forstok 16.387067079544 Detik
Duration Looping 700 Data 156.00540804863 Detik 
Total Duration 156.00551915169 Detik 
------------------------- 
Tanggal: 20-02-2022 09:40:01 
Duration Download Forstok 11.931538105011 Detik
Duration Looping 700 Data 155.55159807205 Detik 
Total Duration 155.55170512199 Detik 
------------------------- 
Tanggal: 20-02-2022 09:45:01 
Duration Download Forstok 20.399780988693 Detik
Duration Looping 700 Data 157.31951403618 Detik 
Total Duration 157.31963896751 Detik 
------------------------- 
Tanggal: 20-02-2022 09:50:01 
Duration Download Forstok 16.444700956345 Detik
Duration Looping 700 Data 157.50698804855 Detik 
Total Duration 157.50710391998 Detik 
------------------------- 
Tanggal: 20-02-2022 09:55:01 
Duration Download Forstok 13.564526081085 Detik
Duration Looping 700 Data 153.8631541729 Detik 
Total Duration 153.86327910423 Detik 
------------------------- 
Tanggal: 20-02-2022 10:00:01 
Duration Download Forstok 18.885481119156 Detik
Duration Looping 700 Data 161.85722398758 Detik 
Total Duration 161.85733413696 Detik 
------------------------- 
Tanggal: 20-02-2022 10:05:01 
Duration Download Forstok 13.510624885559 Detik
Duration Looping 700 Data 153.7989089489 Detik 
Total Duration 153.79902100563 Detik 
------------------------- 
Tanggal: 20-02-2022 10:10:01 
Duration Download Forstok 17.703634023666 Detik
Duration Looping 700 Data 151.35528588295 Detik 
Total Duration 151.35539507866 Detik 
------------------------- 
Tanggal: 20-02-2022 10:15:01 
Duration Download Forstok 16.181931972504 Detik
Duration Looping 700 Data 155.10444784164 Detik 
Total Duration 155.10456585884 Detik 
------------------------- 
Tanggal: 20-02-2022 10:20:01 
Duration Download Forstok 13.221493959427 Detik
Duration Looping 700 Data 152.13549089432 Detik 
Total Duration 152.13560509682 Detik 
------------------------- 
Tanggal: 20-02-2022 10:25:01 
Duration Download Forstok 12.375841140747 Detik
Duration Looping 700 Data 159.33161497116 Detik 
Total Duration 159.33172011375 Detik 
------------------------- 
Tanggal: 20-02-2022 10:30:01 
Duration Download Forstok 15.713381052017 Detik
Duration Looping 700 Data 157.85056304932 Detik 
Total Duration 157.85067605972 Detik 
------------------------- 
Tanggal: 20-02-2022 10:35:01 
Duration Download Forstok 13.975074052811 Detik
Duration Looping 700 Data 155.65769791603 Detik 
Total Duration 155.65780711174 Detik 
------------------------- 
Tanggal: 20-02-2022 10:40:01 
Duration Download Forstok 12.116883993149 Detik
Duration Looping 700 Data 149.43053603172 Detik 
Total Duration 149.4306640625 Detik 
------------------------- 
Tanggal: 20-02-2022 10:45:01 
Duration Download Forstok 23.383722066879 Detik
Duration Looping 700 Data 160.48848414421 Detik 
Total Duration 160.48858904839 Detik 
------------------------- 
Tanggal: 20-02-2022 10:50:01 
Duration Download Forstok 13.506500959396 Detik
Duration Looping 700 Data 157.0953578949 Detik 
Total Duration 157.09547185898 Detik 
------------------------- 
Tanggal: 20-02-2022 10:55:01 
Duration Download Forstok 13.481406927109 Detik
Duration Looping 700 Data 164.56632685661 Detik 
Total Duration 164.56644177437 Detik 
------------------------- 
Tanggal: 20-02-2022 11:00:01 
Duration Download Forstok 14.268965005875 Detik
Duration Looping 700 Data 170.06616806984 Detik 
Total Duration 170.06628203392 Detik 
------------------------- 
Tanggal: 20-02-2022 11:05:01 
Duration Download Forstok 27.719900131226 Detik
Duration Looping 700 Data 168.00896215439 Detik 
Total Duration 168.00908517838 Detik 
------------------------- 
Tanggal: 20-02-2022 11:10:01 
Duration Download Forstok 19.027166128159 Detik
Duration Looping 700 Data 172.80048799515 Detik 
Total Duration 172.80060195923 Detik 
------------------------- 
Tanggal: 20-02-2022 11:15:01 
Duration Download Forstok 17.645312070847 Detik
Duration Looping 700 Data 158.38986897469 Detik 
Total Duration 158.38998389244 Detik 
------------------------- 
Tanggal: 20-02-2022 11:20:01 
Duration Download Forstok 14.258960962296 Detik
Duration Looping 700 Data 150.90024900436 Detik 
Total Duration 150.90034794807 Detik 
------------------------- 
Tanggal: 20-02-2022 11:25:01 
Duration Download Forstok 13.17623090744 Detik
Duration Looping 700 Data 155.15289306641 Detik 
Total Duration 155.15300583839 Detik 
------------------------- 
Tanggal: 20-02-2022 11:30:01 
Duration Download Forstok 16.976986169815 Detik
Duration Looping 700 Data 171.73836803436 Detik 
Total Duration 171.73848605156 Detik 
------------------------- 
Tanggal: 20-02-2022 11:35:01 
Duration Download Forstok 13.051287889481 Detik
Duration Looping 700 Data 156.84196805954 Detik 
Total Duration 156.84208989143 Detik 
------------------------- 
Tanggal: 20-02-2022 11:40:01 
Duration Download Forstok 12.9790558815 Detik
Duration Looping 700 Data 157.8516960144 Detik 
Total Duration 157.85181093216 Detik 
------------------------- 
Tanggal: 20-02-2022 11:45:01 
Duration Download Forstok 18.159410953522 Detik
Duration Looping 700 Data 157.22778701782 Detik 
Total Duration 157.22788906097 Detik 
------------------------- 
Tanggal: 20-02-2022 11:50:01 
Duration Download Forstok 13.216413974762 Detik
Duration Looping 700 Data 148.09262108803 Detik 
Total Duration 148.09273695946 Detik 
------------------------- 
Tanggal: 20-02-2022 11:55:01 
Duration Download Forstok 14.782727956772 Detik
Duration Looping 700 Data 152.69583296776 Detik 
Total Duration 152.69594407082 Detik 
------------------------- 
Tanggal: 20-02-2022 12:00:01 
Duration Download Forstok 15.893905878067 Detik
Duration Looping 700 Data 157.97030377388 Detik 
Total Duration 157.9704079628 Detik 
------------------------- 
Tanggal: 20-02-2022 12:05:01 
Duration Download Forstok 16.320847034454 Detik
Duration Looping 700 Data 151.74426603317 Detik 
Total Duration 151.7443819046 Detik 
------------------------- 
Tanggal: 20-02-2022 12:10:01 
Duration Download Forstok 13.17492389679 Detik
Duration Looping 700 Data 168.87450504303 Detik 
Total Duration 168.87462306023 Detik 
------------------------- 
Tanggal: 20-02-2022 12:15:01 
Duration Download Forstok 16.384876012802 Detik
Duration Looping 700 Data 156.49948191643 Detik 
Total Duration 156.49959802628 Detik 
------------------------- 
Tanggal: 20-02-2022 12:20:01 
Duration Download Forstok 13.833234071732 Detik
Duration Looping 700 Data 153.58032107353 Detik 
Total Duration 153.58043408394 Detik 
------------------------- 
Tanggal: 20-02-2022 12:25:01 
Duration Download Forstok 17.599661827087 Detik
Duration Looping 700 Data 168.0334508419 Detik 
Total Duration 168.03356695175 Detik 
------------------------- 
Tanggal: 20-02-2022 12:30:01 
Duration Download Forstok 13.384747982025 Detik
Duration Looping 700 Data 154.11662507057 Detik 
Total Duration 154.11675310135 Detik 
------------------------- 
Tanggal: 20-02-2022 12:35:01 
Duration Download Forstok 13.503871202469 Detik
Duration Looping 700 Data 152.95211720467 Detik 
Total Duration 152.95222306252 Detik 
------------------------- 
Tanggal: 20-02-2022 12:40:01 
Duration Download Forstok 11.988898038864 Detik
Duration Looping 700 Data 155.10754704475 Detik 
Total Duration 155.10766410828 Detik 
------------------------- 
Tanggal: 20-02-2022 12:45:01 
Duration Download Forstok 15.741458177567 Detik
Duration Looping 700 Data 162.0854241848 Detik 
Total Duration 162.08553910255 Detik 
------------------------- 
Tanggal: 20-02-2022 12:50:01 
Duration Download Forstok 12.740745782852 Detik
Duration Looping 700 Data 160.09801793098 Detik 
Total Duration 160.09812879562 Detik 
------------------------- 
Tanggal: 20-02-2022 12:55:01 
Duration Download Forstok 14.195410966873 Detik
Duration Looping 700 Data 155.662940979 Detik 
Total Duration 155.66304898262 Detik 
------------------------- 
Tanggal: 20-02-2022 13:00:01 
Duration Download Forstok 14.401875972748 Detik
Duration Looping 700 Data 170.86458992958 Detik 
Total Duration 170.86470484734 Detik 
------------------------- 
Tanggal: 20-02-2022 13:05:01 
Duration Download Forstok 17.171392202377 Detik
Duration Looping 700 Data 158.33778905869 Detik 
Total Duration 158.33791208267 Detik 
------------------------- 
Tanggal: 20-02-2022 13:10:01 
Duration Download Forstok 12.769607067108 Detik
Duration Looping 700 Data 168.70385098457 Detik 
Total Duration 168.70396304131 Detik 
------------------------- 
Tanggal: 20-02-2022 13:15:01 
Duration Download Forstok 19.927998065948 Detik
Duration Looping 700 Data 159.82061100006 Detik 
Total Duration 159.82072520256 Detik 
------------------------- 
Tanggal: 20-02-2022 13:20:01 
Duration Download Forstok 14.843430042267 Detik
Duration Looping 700 Data 155.78596520424 Detik 
Total Duration 155.78607320786 Detik 
------------------------- 
Tanggal: 20-02-2022 13:25:01 
Duration Download Forstok 13.478799104691 Detik
Duration Looping 700 Data 156.17957115173 Detik 
Total Duration 156.17969298363 Detik 
------------------------- 
Tanggal: 20-02-2022 13:30:01 
Duration Download Forstok 14.76904296875 Detik
Duration Looping 700 Data 162.46207594872 Detik 
Total Duration 162.46218895912 Detik 
------------------------- 
Tanggal: 20-02-2022 13:35:01 
Duration Download Forstok 13.47746515274 Detik
Duration Looping 700 Data 154.64639806747 Detik 
Total Duration 154.64650702477 Detik 
------------------------- 
Tanggal: 20-02-2022 13:40:01 
Duration Download Forstok 12.960655927658 Detik
Duration Looping 700 Data 156.26861286163 Detik 
Total Duration 156.26872587204 Detik 
------------------------- 
Tanggal: 20-02-2022 13:45:01 
Duration Download Forstok 38.134029150009 Detik
Duration Looping 700 Data 185.01961112022 Detik 
Total Duration 185.01972007751 Detik 
------------------------- 
Tanggal: 20-02-2022 13:50:01 
Duration Download Forstok 21.168619155884 Detik
Duration Looping 700 Data 174.27797698975 Detik 
Total Duration 174.27809095383 Detik 
------------------------- 
Tanggal: 20-02-2022 13:55:01 
Duration Download Forstok 14.130914926529 Detik
Duration Looping 700 Data 152.96592903137 Detik 
Total Duration 152.96603894234 Detik 
------------------------- 
Tanggal: 20-02-2022 14:00:01 
Duration Download Forstok 15.635010957718 Detik
Duration Looping 700 Data 158.69786095619 Detik 
Total Duration 158.69798088074 Detik 
------------------------- 
Tanggal: 20-02-2022 14:05:01 
Duration Download Forstok 16.982414007187 Detik
Duration Looping 700 Data 159.20337104797 Detik 
Total Duration 159.2034869194 Detik 
------------------------- 
Tanggal: 20-02-2022 14:10:01 
Duration Download Forstok 14.460255861282 Detik
Duration Looping 700 Data 155.96383881569 Detik 
Total Duration 155.96394896507 Detik 
------------------------- 
Tanggal: 20-02-2022 14:15:01 
Duration Download Forstok 17.956016778946 Detik
Duration Looping 700 Data 154.03490996361 Detik 
Total Duration 154.03503584862 Detik 
------------------------- 
Tanggal: 20-02-2022 14:20:01 
Duration Download Forstok 11.786218881607 Detik
Duration Looping 700 Data 170.32988500595 Detik 
Total Duration 170.32999491692 Detik 
------------------------- 
Tanggal: 20-02-2022 14:25:01 
Duration Download Forstok 17.397120952606 Detik
Duration Looping 700 Data 155.43022298813 Detik 
Total Duration 155.43039679527 Detik 
------------------------- 
Tanggal: 20-02-2022 14:30:01 
Duration Download Forstok 14.30437707901 Detik
Duration Looping 700 Data 150.04458713531 Detik 
Total Duration 150.04470610619 Detik 
------------------------- 
Tanggal: 20-02-2022 14:35:01 
Duration Download Forstok 16.099628925323 Detik
Duration Looping 700 Data 156.48371100426 Detik 
Total Duration 156.48382306099 Detik 
------------------------- 
Tanggal: 20-02-2022 14:40:01 
Duration Download Forstok 17.003425121307 Detik
Duration Looping 700 Data 152.83946609497 Detik 
Total Duration 152.83957600594 Detik 
------------------------- 
Tanggal: 20-02-2022 14:45:01 
Duration Download Forstok 17.14210319519 Detik
Duration Looping 700 Data 166.86543798447 Detik 
Total Duration 166.86555218697 Detik 
------------------------- 
Tanggal: 20-02-2022 14:50:01 
Duration Download Forstok 11.649846076965 Detik
Duration Looping 700 Data 152.18608117104 Detik 
Total Duration 152.18619012833 Detik 
------------------------- 
Tanggal: 20-02-2022 14:55:01 
Duration Download Forstok 16.52595281601 Detik
Duration Looping 700 Data 153.10759496689 Detik 
Total Duration 153.10771393776 Detik 
------------------------- 
Tanggal: 20-02-2022 15:00:01 
Duration Download Forstok 14.864104986191 Detik
Duration Looping 700 Data 154.81207585335 Detik 
Total Duration 154.81219291687 Detik 
------------------------- 
Tanggal: 20-02-2022 15:05:01 
Duration Download Forstok 19.632431983948 Detik
Duration Looping 700 Data 157.73763608932 Detik 
Total Duration 157.73775100708 Detik 
------------------------- 
Tanggal: 20-02-2022 15:10:01 
Duration Download Forstok 14.15341591835 Detik
Duration Looping 700 Data 171.83234190941 Detik 
Total Duration 171.83245801926 Detik 
------------------------- 
Tanggal: 20-02-2022 15:15:01 
Duration Download Forstok 13.518387079239 Detik
Duration Looping 700 Data 155.79414415359 Detik 
Total Duration 155.7942609787 Detik 
------------------------- 
Tanggal: 20-02-2022 15:20:01 
Duration Download Forstok 15.804597139359 Detik
Duration Looping 700 Data 150.13135004044 Detik 
Total Duration 150.13146209717 Detik 
------------------------- 
Tanggal: 20-02-2022 15:25:01 
Duration Download Forstok 11.255312919617 Detik
Duration Looping 700 Data 154.09738397598 Detik 
Total Duration 154.09747290611 Detik 
------------------------- 
Tanggal: 20-02-2022 15:30:01 
Duration Download Forstok 14.008850097656 Detik
Duration Looping 700 Data 155.40739393234 Detik 
Total Duration 155.40749907494 Detik 
------------------------- 
Tanggal: 20-02-2022 15:35:01 
Duration Download Forstok 11.870570898056 Detik
Duration Looping 700 Data 154.01579999924 Detik 
Total Duration 154.01591181755 Detik 
------------------------- 
Tanggal: 20-02-2022 15:40:01 
Duration Download Forstok 11.421399831772 Detik
Duration Looping 700 Data 148.87985301018 Detik 
Total Duration 148.87996387482 Detik 
------------------------- 
Tanggal: 20-02-2022 15:45:01 
Duration Download Forstok 18.056103944778 Detik
Duration Looping 700 Data 167.61716985703 Detik 
Total Duration 167.61729192734 Detik 
------------------------- 
Tanggal: 20-02-2022 15:50:01 
Duration Download Forstok 15.525265932083 Detik
Duration Looping 700 Data 150.60803389549 Detik 
Total Duration 150.60814809799 Detik 
------------------------- 
Tanggal: 20-02-2022 15:55:01 
Duration Download Forstok 14.586944103241 Detik
Duration Looping 700 Data 153.12444996834 Detik 
Total Duration 153.12456297874 Detik 
------------------------- 
Tanggal: 20-02-2022 16:00:01 
Duration Download Forstok 15.296900987625 Detik
Duration Looping 700 Data 156.80825400352 Detik 
Total Duration 156.8083691597 Detik 
------------------------- 
Tanggal: 20-02-2022 16:05:01 
Duration Download Forstok 21.718070030212 Detik
Duration Looping 700 Data 161.21273708344 Detik 
Total Duration 161.21288609505 Detik 
------------------------- 
Tanggal: 20-02-2022 16:10:01 
Duration Download Forstok 19.049759149551 Detik
Duration Looping 700 Data 158.31791305542 Detik 
Total Duration 158.31804013252 Detik 
------------------------- 
Tanggal: 20-02-2022 16:15:01 
Duration Download Forstok 19.42445397377 Detik
Duration Looping 700 Data 168.00351500511 Detik 
Total Duration 168.00363612175 Detik 
------------------------- 
Tanggal: 20-02-2022 16:20:01 
Duration Download Forstok 15.285708904266 Detik
Duration Looping 700 Data 153.20555710793 Detik 
Total Duration 153.20566701889 Detik 
------------------------- 
Tanggal: 20-02-2022 16:25:01 
Duration Download Forstok 11.929091930389 Detik
Duration Looping 700 Data 151.9779279232 Detik 
Total Duration 151.97803997993 Detik 
------------------------- 
Tanggal: 20-02-2022 16:30:01 
Duration Download Forstok 16.531918048859 Detik
Duration Looping 700 Data 171.79790306091 Detik 
Total Duration 171.79801607132 Detik 
------------------------- 
Tanggal: 20-02-2022 16:35:01 
Duration Download Forstok 12.468085050583 Detik
Duration Looping 700 Data 165.22376608849 Detik 
Total Duration 165.22387599945 Detik 
------------------------- 
Tanggal: 20-02-2022 16:40:01 
Duration Download Forstok 13.38370013237 Detik
Duration Looping 700 Data 168.43079805374 Detik 
Total Duration 168.43091893196 Detik 
------------------------- 
Tanggal: 20-02-2022 16:45:01 
Duration Download Forstok 15.502393960953 Detik
Duration Looping 700 Data 155.71357417107 Detik 
Total Duration 155.71373796463 Detik 
------------------------- 
Tanggal: 20-02-2022 16:50:01 
Duration Download Forstok 14.993215084076 Detik
Duration Looping 700 Data 148.27398920059 Detik 
Total Duration 148.27410101891 Detik 
------------------------- 
Tanggal: 20-02-2022 16:55:01 
Duration Download Forstok 13.326326131821 Detik
Duration Looping 700 Data 152.11633014679 Detik 
Total Duration 152.11643815041 Detik 
------------------------- 
Tanggal: 20-02-2022 17:00:01 
Duration Download Forstok 14.4224588871 Detik
Duration Looping 700 Data 151.75040483475 Detik 
Total Duration 151.75051689148 Detik 
------------------------- 
Tanggal: 20-02-2022 17:05:01 
Duration Download Forstok 20.579851150513 Detik
Duration Looping 700 Data 159.06131911278 Detik 
Total Duration 159.06142997742 Detik 
------------------------- 
Tanggal: 20-02-2022 17:10:01 
Duration Download Forstok 14.140794038773 Detik
Duration Looping 700 Data 153.95503401756 Detik 
Total Duration 153.95514702797 Detik 
------------------------- 
Tanggal: 20-02-2022 17:15:01 
Duration Download Forstok 14.472934007645 Detik
Duration Looping 700 Data 152.46739006042 Detik 
Total Duration 152.46749901772 Detik 
------------------------- 
Tanggal: 20-02-2022 17:20:01 
Duration Download Forstok 15.285263061523 Detik
Duration Looping 700 Data 153.96964097023 Detik 
Total Duration 153.96975207329 Detik 
------------------------- 
Tanggal: 20-02-2022 17:25:01 
Duration Download Forstok 12.971687078476 Detik
Duration Looping 700 Data 151.6994740963 Detik 
Total Duration 151.69959402084 Detik 
------------------------- 
Tanggal: 20-02-2022 17:30:01 
Duration Download Forstok 18.636765003204 Detik
Duration Looping 700 Data 156.86431694031 Detik 
Total Duration 156.86443591118 Detik 
------------------------- 
Tanggal: 20-02-2022 17:35:01 
Duration Download Forstok 16.758945941925 Detik
Duration Looping 700 Data 156.50881695747 Detik 
Total Duration 156.5089070797 Detik 
------------------------- 
Tanggal: 20-02-2022 17:40:01 
Duration Download Forstok 12.939254045486 Detik
Duration Looping 700 Data 153.9102408886 Detik 
Total Duration 153.9103410244 Detik 
------------------------- 
Tanggal: 20-02-2022 17:45:01 
Duration Download Forstok 19.020978927612 Detik
Duration Looping 700 Data 158.28786706924 Detik 
Total Duration 158.28797507286 Detik 
------------------------- 
Tanggal: 20-02-2022 17:50:01 
Duration Download Forstok 15.388058900833 Detik
Duration Looping 700 Data 155.71130800247 Detik 
Total Duration 155.71141505241 Detik 
------------------------- 
Tanggal: 20-02-2022 17:55:01 
Duration Download Forstok 12.34868812561 Detik
Duration Looping 700 Data 149.83985209465 Detik 
Total Duration 149.83996891975 Detik 
------------------------- 
Tanggal: 20-02-2022 18:00:01 
Duration Download Forstok 19.253541946411 Detik
Duration Looping 700 Data 164.83337593079 Detik 
Total Duration 164.83348798752 Detik 
------------------------- 
Tanggal: 20-02-2022 18:05:01 
Duration Download Forstok 20.181838989258 Detik
Duration Looping 700 Data 168.88431692123 Detik 
Total Duration 168.88447999954 Detik 
------------------------- 
Tanggal: 20-02-2022 18:10:01 
Duration Download Forstok 12.567831039429 Detik
Duration Looping 700 Data 158.73609805107 Detik 
Total Duration 158.73621201515 Detik 
------------------------- 
Tanggal: 20-02-2022 18:15:01 
Duration Download Forstok 19.95778298378 Detik
Duration Looping 700 Data 157.17601084709 Detik 
Total Duration 157.17612099648 Detik 
------------------------- 
Tanggal: 20-02-2022 18:20:01 
Duration Download Forstok 14.157925844193 Detik
Duration Looping 700 Data 155.35999488831 Detik 
Total Duration 155.36010789871 Detik 
------------------------- 
Tanggal: 20-02-2022 18:25:01 
Duration Download Forstok 18.913330078125 Detik
Duration Looping 700 Data 168.43035101891 Detik 
Total Duration 168.43046402931 Detik 
------------------------- 
Tanggal: 20-02-2022 18:30:02 
Duration Download Forstok 16.284431934357 Detik
Duration Looping 700 Data 164.06398797035 Detik 
Total Duration 164.06410288811 Detik 
------------------------- 
Tanggal: 20-02-2022 18:35:01 
Duration Download Forstok 14.382803916931 Detik
Duration Looping 700 Data 152.58118987083 Detik 
Total Duration 152.58127689362 Detik 
------------------------- 
Tanggal: 20-02-2022 18:40:01 
Duration Download Forstok 14.711541175842 Detik
Duration Looping 700 Data 170.43418121338 Detik 
Total Duration 170.43429303169 Detik 
------------------------- 
Tanggal: 20-02-2022 18:45:01 
Duration Download Forstok 20.577538013458 Detik
Duration Looping 700 Data 165.43525290489 Detik 
Total Duration 165.43537592888 Detik 
------------------------- 
Tanggal: 20-02-2022 18:50:01 
Duration Download Forstok 11.662003040314 Detik
Duration Looping 700 Data 147.56835603714 Detik 
Total Duration 147.56847691536 Detik 
------------------------- 
Tanggal: 20-02-2022 18:55:01 
Duration Download Forstok 13.044425964355 Detik
Duration Looping 700 Data 160.16969609261 Detik 
Total Duration 160.16980600357 Detik 
------------------------- 
Tanggal: 20-02-2022 19:00:01 
Duration Download Forstok 15.832499027252 Detik
Duration Looping 700 Data 154.66900992393 Detik 
Total Duration 154.66912007332 Detik 
------------------------- 
Tanggal: 20-02-2022 19:05:01 
Duration Download Forstok 20.743476867676 Detik
Duration Looping 700 Data 156.85150384903 Detik 
Total Duration 156.85162401199 Detik 
------------------------- 
Tanggal: 20-02-2022 19:10:01 
Duration Download Forstok 14.890769004822 Detik
Duration Looping 700 Data 161.01213812828 Detik 
Total Duration 161.01225709915 Detik 
------------------------- 
Tanggal: 20-02-2022 19:15:01 
Duration Download Forstok 16.706746101379 Detik
Duration Looping 700 Data 164.85305809975 Detik 
Total Duration 164.85316514969 Detik 
------------------------- 
Tanggal: 20-02-2022 19:20:01 
Duration Download Forstok 13.796902894974 Detik
Duration Looping 700 Data 149.10244989395 Detik 
Total Duration 149.10256505013 Detik 
------------------------- 
Tanggal: 20-02-2022 19:25:01 
Duration Download Forstok 14.427683830261 Detik
Duration Looping 700 Data 157.076420784 Detik 
Total Duration 157.07653784752 Detik 
------------------------- 
Tanggal: 20-02-2022 19:30:01 
Duration Download Forstok 17.852321147919 Detik
Duration Looping 700 Data 152.84463310242 Detik 
Total Duration 152.84474110603 Detik 
------------------------- 
Tanggal: 20-02-2022 19:35:01 
Duration Download Forstok 12.006603956223 Detik
Duration Looping 700 Data 146.63907384872 Detik 
Total Duration 146.63918685913 Detik 
------------------------- 
Tanggal: 20-02-2022 19:40:01 
Duration Download Forstok 12.535102128983 Detik
Duration Looping 700 Data 152.11799502373 Detik 
Total Duration 152.11810493469 Detik 
------------------------- 
Tanggal: 20-02-2022 19:45:01 
Duration Download Forstok 19.282033920288 Detik
Duration Looping 700 Data 164.88607311249 Detik 
Total Duration 164.88620495796 Detik 
------------------------- 
Tanggal: 20-02-2022 19:50:01 
Duration Download Forstok 13.860064983368 Detik
Duration Looping 700 Data 154.4319589138 Detik 
Total Duration 154.43206691742 Detik 
------------------------- 
Tanggal: 20-02-2022 19:55:02 
Duration Download Forstok 13.161282777786 Detik
Duration Looping 700 Data 156.88934183121 Detik 
Total Duration 156.88946986198 Detik 
------------------------- 
Tanggal: 20-02-2022 20:00:01 
Duration Download Forstok 13.199230194092 Detik
Duration Looping 700 Data 156.27562999725 Detik 
Total Duration 156.2757370472 Detik 
------------------------- 
Tanggal: 20-02-2022 20:05:01 
Duration Download Forstok 14.735287904739 Detik
Duration Looping 700 Data 153.37305593491 Detik 
Total Duration 153.37316703796 Detik 
------------------------- 
Tanggal: 20-02-2022 20:10:01 
Duration Download Forstok 14.636798858643 Detik
Duration Looping 700 Data 154.86869883537 Detik 
Total Duration 154.8688158989 Detik 
------------------------- 
Tanggal: 20-02-2022 20:15:01 
Duration Download Forstok 18.237857103348 Detik
Duration Looping 700 Data 156.50289607048 Detik 
Total Duration 156.50300812721 Detik 
------------------------- 
Tanggal: 20-02-2022 20:20:01 
Duration Download Forstok 13.333508968353 Detik
Duration Looping 700 Data 152.86501002312 Detik 
Total Duration 152.8651239872 Detik 
------------------------- 
Tanggal: 20-02-2022 20:25:01 
Duration Download Forstok 13.098896026611 Detik
Duration Looping 700 Data 151.24740791321 Detik 
Total Duration 151.24752187729 Detik 
------------------------- 
Tanggal: 20-02-2022 20:30:01 
Duration Download Forstok 13.170367002487 Detik
Duration Looping 700 Data 167.71385097504 Detik 
Total Duration 167.71397089958 Detik 
------------------------- 
Tanggal: 20-02-2022 20:35:01 
Duration Download Forstok 11.621709823608 Detik
Duration Looping 700 Data 150.3078379631 Detik 
Total Duration 150.30795288086 Detik 
------------------------- 
Tanggal: 20-02-2022 20:40:01 
Duration Download Forstok 14.149142980576 Detik
Duration Looping 700 Data 164.46273303032 Detik 
Total Duration 164.46284198761 Detik 
------------------------- 
Tanggal: 20-02-2022 20:45:01 
Duration Download Forstok 16.141378164291 Detik
Duration Looping 700 Data 159.18698596954 Detik 
Total Duration 159.18710112572 Detik 
------------------------- 
Tanggal: 20-02-2022 20:50:01 
Duration Download Forstok 14.833321094513 Detik
Duration Looping 700 Data 152.90770411491 Detik 
Total Duration 152.90780901909 Detik 
------------------------- 
Tanggal: 20-02-2022 20:55:01 
Duration Download Forstok 13.808104991913 Detik
Duration Looping 700 Data 156.4503288269 Detik 
Total Duration 156.4504339695 Detik 
------------------------- 
Tanggal: 20-02-2022 21:00:01 
Duration Download Forstok 15.143221139908 Detik
Duration Looping 700 Data 159.39462614059 Detik 
Total Duration 159.39474320412 Detik 
------------------------- 
Tanggal: 20-02-2022 21:05:02 
Duration Download Forstok 17.418819904327 Detik
Duration Looping 700 Data 155.59804701805 Detik 
Total Duration 155.59817910194 Detik 
------------------------- 
Tanggal: 20-02-2022 21:10:01 
Duration Download Forstok 16.940401077271 Detik
Duration Looping 700 Data 157.20764803886 Detik 
Total Duration 157.20776605606 Detik 
------------------------- 
Tanggal: 20-02-2022 21:15:01 
Duration Download Forstok 16.566810846329 Detik
Duration Looping 700 Data 158.00834202766 Detik 
Total Duration 158.00844883919 Detik 
------------------------- 
Tanggal: 20-02-2022 21:20:01 
Duration Download Forstok 15.728667974472 Detik
Duration Looping 700 Data 154.97715902328 Detik 
Total Duration 154.97727489471 Detik 
------------------------- 
Tanggal: 20-02-2022 21:25:01 
Duration Download Forstok 12.980320930481 Detik
Duration Looping 700 Data 151.77664709091 Detik 
Total Duration 151.77675509453 Detik 
------------------------- 
Tanggal: 20-02-2022 21:30:01 
Duration Download Forstok 11.348602056503 Detik
Duration Looping 700 Data 157.08712506294 Detik 
Total Duration 157.08723592758 Detik 
------------------------- 
Tanggal: 20-02-2022 21:35:01 
Duration Download Forstok 17.208904981613 Detik
Duration Looping 700 Data 159.43335819244 Detik 
Total Duration 159.43346810341 Detik 
------------------------- 
Tanggal: 20-02-2022 21:40:01 
Duration Download Forstok 14.363099813461 Detik
Duration Looping 700 Data 151.61647200584 Detik 
Total Duration 151.61658883095 Detik 
------------------------- 
Tanggal: 20-02-2022 21:45:01 
Duration Download Forstok 18.841491222382 Detik
Duration Looping 700 Data 158.12554621696 Detik 
Total Duration 158.12565422058 Detik 
------------------------- 
Tanggal: 20-02-2022 21:50:01 
Duration Download Forstok 14.283497095108 Detik
Duration Looping 700 Data 151.75570297241 Detik 
Total Duration 151.75581812859 Detik 
------------------------- 
Tanggal: 20-02-2022 21:55:01 
Duration Download Forstok 13.363253831863 Detik
Duration Looping 700 Data 156.07991099358 Detik 
Total Duration 156.08002686501 Detik 
------------------------- 
Tanggal: 20-02-2022 22:00:01 
Duration Download Forstok 13.430063009262 Detik
Duration Looping 700 Data 161.7865691185 Detik 
Total Duration 161.78668212891 Detik 
------------------------- 
Tanggal: 20-02-2022 22:05:01 
Duration Download Forstok 16.897855997086 Detik
Duration Looping 700 Data 155.23311710358 Detik 
Total Duration 155.23322796822 Detik 
------------------------- 
Tanggal: 20-02-2022 22:10:01 
Duration Download Forstok 15.764040231705 Detik
Duration Looping 700 Data 159.98151803017 Detik 
Total Duration 159.98166108131 Detik 
------------------------- 
Tanggal: 20-02-2022 22:15:01 
Duration Download Forstok 16.671965122223 Detik
Duration Looping 700 Data 154.874751091 Detik 
Total Duration 154.87486791611 Detik 
------------------------- 
Tanggal: 20-02-2022 22:20:01 
Duration Download Forstok 23.481391906738 Detik
Duration Looping 700 Data 159.85357689857 Detik 
Total Duration 159.85368609428 Detik 
------------------------- 
Tanggal: 20-02-2022 22:25:01 
Duration Download Forstok 11.716855049133 Detik
Duration Looping 700 Data 153.01754903793 Detik 
Total Duration 153.01766014099 Detik 
------------------------- 
Tanggal: 20-02-2022 22:30:01 
Duration Download Forstok 14.56321811676 Detik
Duration Looping 700 Data 152.90878605843 Detik 
Total Duration 152.90889310837 Detik 
------------------------- 
Tanggal: 20-02-2022 22:35:01 
Duration Download Forstok 17.925472021103 Detik
Duration Looping 700 Data 159.84742307663 Detik 
Total Duration 159.84755086899 Detik 
------------------------- 
Tanggal: 20-02-2022 22:40:01 
Duration Download Forstok 15.790771007538 Detik
Duration Looping 700 Data 163.3894739151 Detik 
Total Duration 163.38959002495 Detik 
------------------------- 
Tanggal: 20-02-2022 22:45:01 
Duration Download Forstok 17.695013999939 Detik
Duration Looping 700 Data 157.3028550148 Detik 
Total Duration 157.30297684669 Detik 
------------------------- 
Tanggal: 20-02-2022 22:50:01 
Duration Download Forstok 18.267803907394 Detik
Duration Looping 700 Data 157.18634295464 Detik 
Total Duration 157.18647193909 Detik 
------------------------- 
Tanggal: 20-02-2022 22:55:01 
Duration Download Forstok 16.020225048065 Detik
Duration Looping 700 Data 155.02055120468 Detik 
Total Duration 155.02066922188 Detik 
------------------------- 
Tanggal: 20-02-2022 23:00:01 
Duration Download Forstok 14.486414194107 Detik
Duration Looping 700 Data 150.84233522415 Detik 
Total Duration 150.84245109558 Detik 
------------------------- 
Tanggal: 20-02-2022 23:05:01 
Duration Download Forstok 17.833731889725 Detik
Duration Looping 700 Data 168.83336496353 Detik 
Total Duration 168.83348703384 Detik 
------------------------- 
Tanggal: 20-02-2022 23:10:02 
Duration Download Forstok 13.636726140976 Detik
Duration Looping 700 Data 151.27176213264 Detik 
Total Duration 151.27188014984 Detik 
------------------------- 
Tanggal: 20-02-2022 23:15:01 
Duration Download Forstok 17.762321949005 Detik
Duration Looping 700 Data 159.76049208641 Detik 
Total Duration 159.76060414314 Detik 
------------------------- 
Tanggal: 20-02-2022 23:20:01 
Duration Download Forstok 14.485952138901 Detik
Duration Looping 700 Data 158.34881711006 Detik 
Total Duration 158.34893393517 Detik 
------------------------- 
Tanggal: 20-02-2022 23:25:01 
Duration Download Forstok 13.112586021423 Detik
Duration Looping 700 Data 157.53511595726 Detik 
Total Duration 157.53522491455 Detik 
------------------------- 
Tanggal: 20-02-2022 23:30:01 
Duration Download Forstok 20.290009021759 Detik
Duration Looping 700 Data 158.22089219093 Detik 
Total Duration 158.22101306915 Detik 
------------------------- 
Tanggal: 20-02-2022 23:35:01 
Duration Download Forstok 11.870185136795 Detik
Duration Looping 700 Data 149.23893809319 Detik 
Total Duration 149.23905014992 Detik 
------------------------- 
Tanggal: 20-02-2022 23:40:01 
Duration Download Forstok 13.686882019043 Detik
Duration Looping 700 Data 159.93335199356 Detik 
Total Duration 159.93346190453 Detik 
------------------------- 
Tanggal: 20-02-2022 23:45:02 
Duration Download Forstok 15.964361906052 Detik
Duration Looping 700 Data 166.65055298805 Detik 
Total Duration 166.65067791939 Detik 
------------------------- 
Tanggal: 20-02-2022 23:50:01 
Duration Download Forstok 14.723872900009 Detik
Duration Looping 700 Data 155.61940693855 Detik 
Total Duration 155.61951589584 Detik 
------------------------- 
Tanggal: 20-02-2022 23:55:01 
Duration Download Forstok 14.983727216721 Detik
Duration Looping 700 Data 154.46876621246 Detik 
Total Duration 154.4688770771 Detik 
------------------------- 
