Tanggal: 23-08-2022 00:00:01 
Duration Download Forstok 12.337037801743 Detik
Duration Looping 500 Data 840.25706982613 Detik 
Total Duration 840.28534579277 Detik 
------------------------- 
Tanggal: 23-08-2022 00:15:01 
Duration Download Forstok 11.200277090073 Detik
Duration Looping 500 Data 180.18252706528 Detik 
Total Duration 180.20980215073 Detik 
------------------------- 
Tanggal: 23-08-2022 00:20:01 
Duration Download Forstok 10.693190097809 Detik
Duration Looping 500 Data 164.00703001022 Detik 
Total Duration 164.03200793266 Detik 
------------------------- 
Tanggal: 23-08-2022 00:25:01 
Duration Download Forstok 9.4556210041046 Detik
Duration Looping 500 Data 187.05127501488 Detik 
Total Duration 187.07823705673 Detik 
------------------------- 
Tanggal: 23-08-2022 00:30:01 
Duration Download Forstok 10.760699033737 Detik
Duration Looping 500 Data 159.63514208794 Detik 
Total Duration 159.66214299202 Detik 
------------------------- 
Tanggal: 23-08-2022 00:35:01 
Duration Download Forstok 11.241055965424 Detik
Duration Looping 500 Data 177.74707007408 Detik 
Total Duration 177.77720093727 Detik 
------------------------- 
Tanggal: 23-08-2022 00:40:01 
Duration Download Forstok 10.050570964813 Detik
Duration Looping 500 Data 162.618942976 Detik 
Total Duration 162.64671301842 Detik 
------------------------- 
Tanggal: 23-08-2022 00:45:01 
Duration Download Forstok 11.446849107742 Detik
Duration Looping 500 Data 175.12650513649 Detik 
Total Duration 175.15316414833 Detik 
------------------------- 
Tanggal: 23-08-2022 00:50:01 
Duration Download Forstok 13.236788988113 Detik
Duration Looping 500 Data 168.96256685257 Detik 
Total Duration 168.98768997192 Detik 
------------------------- 
Tanggal: 23-08-2022 00:55:01 
Duration Download Forstok 12.41663312912 Detik
Duration Looping 500 Data 164.40359807014 Detik 
Total Duration 164.43109798431 Detik 
------------------------- 
Tanggal: 23-08-2022 01:00:01 
Duration Download Forstok 12.318718910217 Detik
Duration Looping 500 Data 168.7589070797 Detik 
Total Duration 168.78919911385 Detik 
------------------------- 
Tanggal: 23-08-2022 01:05:01 
Duration Download Forstok 16.185170173645 Detik
Duration Looping 500 Data 168.8380279541 Detik 
Total Duration 168.86190915108 Detik 
------------------------- 
Tanggal: 23-08-2022 01:10:01 
Duration Download Forstok 12.921449899673 Detik
Duration Looping 500 Data 159.57745194435 Detik 
Total Duration 159.60398292542 Detik 
------------------------- 
Tanggal: 23-08-2022 01:15:01 
Duration Download Forstok 18.994204044342 Detik
Duration Looping 500 Data 174.25699687004 Detik 
Total Duration 174.28119587898 Detik 
------------------------- 
Tanggal: 23-08-2022 01:20:02 
Duration Download Forstok 10.169568061829 Detik
Duration Looping 500 Data 160.6107301712 Detik 
Total Duration 160.63429403305 Detik 
------------------------- 
Tanggal: 23-08-2022 01:25:01 
Duration Download Forstok 9.36661195755 Detik
Duration Looping 500 Data 155.51409316063 Detik 
Total Duration 155.54099392891 Detik 
------------------------- 
Tanggal: 23-08-2022 01:30:01 
Duration Download Forstok 11.858362913132 Detik
Duration Looping 500 Data 159.75514602661 Detik 
Total Duration 159.77958202362 Detik 
------------------------- 
Tanggal: 23-08-2022 01:35:01 
Duration Download Forstok 13.093899965286 Detik
Duration Looping 500 Data 160.28948497772 Detik 
Total Duration 160.31512284279 Detik 
------------------------- 
Tanggal: 23-08-2022 01:40:01 
Duration Download Forstok 13.647686004639 Detik
Duration Looping 500 Data 170.51691198349 Detik 
Total Duration 170.54118394852 Detik 
------------------------- 
Tanggal: 23-08-2022 01:45:01 
Duration Download Forstok 14.467432022095 Detik
Duration Looping 500 Data 161.4410879612 Detik 
Total Duration 161.46603608131 Detik 
------------------------- 
Tanggal: 23-08-2022 01:50:01 
Duration Download Forstok 10.594536781311 Detik
Duration Looping 500 Data 175.12492394447 Detik 
Total Duration 175.14937496185 Detik 
------------------------- 
Tanggal: 23-08-2022 01:55:01 
Duration Download Forstok 14.553123950958 Detik
Duration Looping 500 Data 162.40440797806 Detik 
Total Duration 162.43005108833 Detik 
------------------------- 
Tanggal: 23-08-2022 02:00:01 
Duration Download Forstok 19.400074005127 Detik
Duration Looping 500 Data 174.0126209259 Detik 
Total Duration 174.03706693649 Detik 
------------------------- 
Tanggal: 23-08-2022 02:05:01 
Duration Download Forstok 15.537266969681 Detik
Duration Looping 500 Data 176.08208298683 Detik 
Total Duration 176.10792398453 Detik 
------------------------- 
Tanggal: 23-08-2022 02:10:01 
Duration Download Forstok 10.982456922531 Detik
Duration Looping 500 Data 164.12694787979 Detik 
Total Duration 164.15112400055 Detik 
------------------------- 
Tanggal: 23-08-2022 02:15:01 
Duration Download Forstok 12.380105018616 Detik
Duration Looping 500 Data 171.88997292519 Detik 
Total Duration 171.9153649807 Detik 
------------------------- 
Tanggal: 23-08-2022 02:20:01 
Duration Download Forstok 10.126001119614 Detik
Duration Looping 500 Data 166.83933711052 Detik 
Total Duration 166.86481595039 Detik 
------------------------- 
Tanggal: 23-08-2022 02:25:01 
Duration Download Forstok 10.299755096436 Detik
Duration Looping 500 Data 156.12173604965 Detik 
Total Duration 156.14758992195 Detik 
------------------------- 
Tanggal: 23-08-2022 02:30:01 
Duration Download Forstok 10.72297000885 Detik
Duration Looping 500 Data 163.54145407677 Detik 
Total Duration 163.56557297707 Detik 
------------------------- 
Tanggal: 23-08-2022 02:35:01 
Duration Download Forstok 12.177196025848 Detik
Duration Looping 500 Data 164.96536183357 Detik 
Total Duration 164.99363994598 Detik 
------------------------- 
Tanggal: 23-08-2022 02:40:01 
Duration Download Forstok 11.690899133682 Detik
Duration Looping 500 Data 160.44207215309 Detik 
Total Duration 160.46681404114 Detik 
------------------------- 
Tanggal: 23-08-2022 02:45:01 
Duration Download Forstok 12.67501616478 Detik
Duration Looping 500 Data 162.81304812431 Detik 
Total Duration 162.83801603317 Detik 
------------------------- 
Tanggal: 23-08-2022 02:50:01 
Duration Download Forstok 11.80498790741 Detik
Duration Looping 500 Data 158.17903804779 Detik 
Total Duration 158.20344805717 Detik 
------------------------- 
Tanggal: 23-08-2022 02:55:01 
Duration Download Forstok 12.596118927002 Detik
Duration Looping 500 Data 157.06153702736 Detik 
Total Duration 157.08614587784 Detik 
------------------------- 
Tanggal: 23-08-2022 03:00:01 
Duration Download Forstok 13.095221996307 Detik
Duration Looping 500 Data 167.06501698494 Detik 
Total Duration 167.09010720253 Detik 
------------------------- 
Tanggal: 23-08-2022 03:05:01 
Duration Download Forstok 10.61404800415 Detik
Duration Looping 500 Data 160.95560002327 Detik 
Total Duration 160.98071599007 Detik 
------------------------- 
Tanggal: 23-08-2022 03:10:01 
Duration Download Forstok 18.027460098267 Detik
Duration Looping 500 Data 163.89921998978 Detik 
Total Duration 163.92449498177 Detik 
------------------------- 
Tanggal: 23-08-2022 03:15:01 
Duration Download Forstok 11.297528028488 Detik
Duration Looping 500 Data 160.15561914444 Detik 
Total Duration 160.18115901947 Detik 
------------------------- 
Tanggal: 23-08-2022 03:20:01 
Duration Download Forstok 10.582800865173 Detik
Duration Looping 500 Data 160.01247882843 Detik 
Total Duration 160.03634595871 Detik 
------------------------- 
Tanggal: 23-08-2022 03:25:01 
Duration Download Forstok 12.835983991623 Detik
Duration Looping 500 Data 160.00151896477 Detik 
Total Duration 160.02749109268 Detik 
------------------------- 
Tanggal: 23-08-2022 03:30:01 
Duration Download Forstok 11.334715843201 Detik
Duration Looping 500 Data 162.94887900352 Detik 
Total Duration 162.97330784798 Detik 
------------------------- 
Tanggal: 23-08-2022 03:35:01 
Duration Download Forstok 11.125201940536 Detik
Duration Looping 500 Data 156.00756502151 Detik 
Total Duration 156.03305006027 Detik 
------------------------- 
Tanggal: 23-08-2022 03:40:01 
Duration Download Forstok 11.254666805267 Detik
Duration Looping 500 Data 160.62774896622 Detik 
Total Duration 160.65355086327 Detik 
------------------------- 
Tanggal: 23-08-2022 03:45:01 
Duration Download Forstok 9.7024619579315 Detik
Duration Looping 500 Data 177.64824986458 Detik 
Total Duration 177.67745900154 Detik 
------------------------- 
Tanggal: 23-08-2022 03:50:01 
Duration Download Forstok 11.731986999512 Detik
Duration Looping 500 Data 157.59207892418 Detik 
Total Duration 157.62004590034 Detik 
------------------------- 
Tanggal: 23-08-2022 03:55:01 
Duration Download Forstok 10.637745857239 Detik
Duration Looping 500 Data 157.19395494461 Detik 
Total Duration 157.22126793861 Detik 
------------------------- 
Tanggal: 23-08-2022 04:00:01 
Duration Download Forstok 13.751374959946 Detik
Duration Looping 500 Data 165.29627895355 Detik 
Total Duration 165.32118988037 Detik 
------------------------- 
Tanggal: 23-08-2022 04:05:01 
Duration Download Forstok 10.273530960083 Detik
Duration Looping 500 Data 157.24045801163 Detik 
Total Duration 157.26641798019 Detik 
------------------------- 
Tanggal: 23-08-2022 04:10:01 
Duration Download Forstok 10.553377151489 Detik
Duration Looping 500 Data 166.01190018654 Detik 
Total Duration 166.03673601151 Detik 
------------------------- 
Tanggal: 23-08-2022 04:15:01 
Duration Download Forstok 12.835385084152 Detik
Duration Looping 500 Data 164.63046002388 Detik 
Total Duration 164.65571713448 Detik 
------------------------- 
Tanggal: 23-08-2022 04:20:01 
Duration Download Forstok 10.872844219208 Detik
Duration Looping 500 Data 185.42153406143 Detik 
Total Duration 185.44638109207 Detik 
------------------------- 
Tanggal: 23-08-2022 04:25:01 
Duration Download Forstok 11.559293985367 Detik
Duration Looping 500 Data 162.99992799759 Detik 
Total Duration 163.02423286438 Detik 
------------------------- 
Tanggal: 23-08-2022 04:30:01 
Duration Download Forstok 11.946217060089 Detik
Duration Looping 500 Data 160.83698701859 Detik 
Total Duration 160.86213994026 Detik 
------------------------- 
Tanggal: 23-08-2022 04:35:01 
Duration Download Forstok 8.8092589378357 Detik
Duration Looping 500 Data 154.89216899872 Detik 
Total Duration 154.91648507118 Detik 
------------------------- 
Tanggal: 23-08-2022 04:40:01 
Duration Download Forstok 11.948959112167 Detik
Duration Looping 500 Data 156.84284806252 Detik 
Total Duration 156.86771917343 Detik 
------------------------- 
Tanggal: 23-08-2022 04:45:01 
Duration Download Forstok 13.449486970901 Detik
Duration Looping 500 Data 158.61336898804 Detik 
Total Duration 158.63957500458 Detik 
------------------------- 
Tanggal: 23-08-2022 04:50:01 
Duration Download Forstok 10.829718112946 Detik
Duration Looping 500 Data 156.12068009377 Detik 
Total Duration 156.14644312859 Detik 
------------------------- 
Tanggal: 23-08-2022 04:55:01 
Duration Download Forstok 8.4265060424805 Detik
Duration Looping 500 Data 152.80282616615 Detik 
Total Duration 152.82863020897 Detik 
------------------------- 
Tanggal: 23-08-2022 05:00:01 
Duration Download Forstok 10.098191976547 Detik
Duration Looping 500 Data 162.99109196663 Detik 
Total Duration 163.02046895027 Detik 
------------------------- 
Tanggal: 23-08-2022 05:05:01 
Duration Download Forstok 9.7423250675201 Detik
Duration Looping 500 Data 170.30925512314 Detik 
Total Duration 170.33422207832 Detik 
------------------------- 
Tanggal: 23-08-2022 05:10:01 
Duration Download Forstok 12.330827951431 Detik
Duration Looping 500 Data 158.84193301201 Detik 
Total Duration 158.86479496956 Detik 
------------------------- 
Tanggal: 23-08-2022 05:15:01 
Duration Download Forstok 10.165354013443 Detik
Duration Looping 500 Data 168.11904978752 Detik 
Total Duration 168.14494299889 Detik 
------------------------- 
Tanggal: 23-08-2022 05:20:01 
Duration Download Forstok 12.262715101242 Detik
Duration Looping 500 Data 164.64652514458 Detik 
Total Duration 164.67475605011 Detik 
------------------------- 
Tanggal: 23-08-2022 05:25:02 
Duration Download Forstok 10.398046970367 Detik
Duration Looping 500 Data 157.35663199425 Detik 
Total Duration 157.38273310661 Detik 
------------------------- 
Tanggal: 23-08-2022 05:30:01 
Duration Download Forstok 10.485102891922 Detik
Duration Looping 500 Data 158.69892597198 Detik 
Total Duration 158.72444581985 Detik 
------------------------- 
Tanggal: 23-08-2022 05:35:01 
Duration Download Forstok 8.6910920143127 Detik
Duration Looping 500 Data 165.85468697548 Detik 
Total Duration 165.87961983681 Detik 
------------------------- 
Tanggal: 23-08-2022 05:40:01 
Duration Download Forstok 9.1892349720001 Detik
Duration Looping 500 Data 157.80686402321 Detik 
Total Duration 157.83370399475 Detik 
------------------------- 
Tanggal: 23-08-2022 05:45:01 
Duration Download Forstok 9.8823800086975 Detik
Duration Looping 500 Data 157.49509906769 Detik 
Total Duration 157.52160692215 Detik 
------------------------- 
Tanggal: 23-08-2022 05:50:01 
Duration Download Forstok 9.6534519195557 Detik
Duration Looping 500 Data 157.34701299667 Detik 
Total Duration 157.37213087082 Detik 
------------------------- 
Tanggal: 23-08-2022 05:55:01 
Duration Download Forstok 10.467928171158 Detik
Duration Looping 500 Data 154.95541000366 Detik 
Total Duration 154.98196721077 Detik 
------------------------- 
Tanggal: 23-08-2022 06:00:01 
Duration Download Forstok 12.699536085129 Detik
Duration Looping 500 Data 165.93435692787 Detik 
Total Duration 165.95851302147 Detik 
------------------------- 
Tanggal: 23-08-2022 06:05:01 
Duration Download Forstok 9.5884339809418 Detik
Duration Looping 500 Data 161.30583095551 Detik 
Total Duration 161.3311958313 Detik 
------------------------- 
Tanggal: 23-08-2022 06:10:01 
Duration Download Forstok 11.558534860611 Detik
Duration Looping 500 Data 166.95534992218 Detik 
Total Duration 166.9833278656 Detik 
------------------------- 
Tanggal: 23-08-2022 06:15:01 
Duration Download Forstok 11.013360023499 Detik
Duration Looping 500 Data 161.80342698097 Detik 
Total Duration 161.8291759491 Detik 
------------------------- 
Tanggal: 23-08-2022 06:20:01 
Duration Download Forstok 9.5180261135101 Detik
Duration Looping 500 Data 159.55797600746 Detik 
Total Duration 159.58680009842 Detik 
------------------------- 
Tanggal: 23-08-2022 06:25:01 
Duration Download Forstok 11.177162885666 Detik
Duration Looping 500 Data 163.47544693947 Detik 
Total Duration 163.50231099129 Detik 
------------------------- 
Tanggal: 23-08-2022 06:30:01 
Duration Download Forstok 12.333706855774 Detik
Duration Looping 500 Data 164.48267602921 Detik 
Total Duration 164.50744795799 Detik 
------------------------- 
Tanggal: 23-08-2022 06:35:01 
Duration Download Forstok 10.211213827133 Detik
Duration Looping 500 Data 169.41337704659 Detik 
Total Duration 169.43997693062 Detik 
------------------------- 
Tanggal: 23-08-2022 06:40:01 
Duration Download Forstok 10.186697006226 Detik
Duration Looping 500 Data 156.59169602394 Detik 
Total Duration 156.61609005928 Detik 
------------------------- 
Tanggal: 23-08-2022 06:45:01 
Duration Download Forstok 11.524014949799 Detik
Duration Looping 500 Data 156.59837007523 Detik 
Total Duration 156.62393307686 Detik 
------------------------- 
Tanggal: 23-08-2022 06:50:01 
Duration Download Forstok 9.8521881103516 Detik
Duration Looping 500 Data 165.74448919296 Detik 
Total Duration 165.77201414108 Detik 
------------------------- 
Tanggal: 23-08-2022 06:55:01 
Duration Download Forstok 10.886676073074 Detik
Duration Looping 500 Data 164.23254299164 Detik 
Total Duration 164.25763201714 Detik 
------------------------- 
Tanggal: 23-08-2022 07:00:02 
Duration Download Forstok 12.73725104332 Detik
Duration Looping 500 Data 163.67194604874 Detik 
Total Duration 163.69698619843 Detik 
------------------------- 
Tanggal: 23-08-2022 07:05:01 
Duration Download Forstok 10.092128992081 Detik
Duration Looping 500 Data 159.22375392914 Detik 
Total Duration 159.24875283241 Detik 
------------------------- 
Tanggal: 23-08-2022 07:10:01 
Duration Download Forstok 11.083169937134 Detik
Duration Looping 500 Data 169.97954511642 Detik 
Total Duration 170.00643706322 Detik 
------------------------- 
Tanggal: 23-08-2022 07:15:01 
Duration Download Forstok 13.398772001266 Detik
Duration Looping 500 Data 160.46728897095 Detik 
Total Duration 160.49298906326 Detik 
------------------------- 
Tanggal: 23-08-2022 07:20:01 
Duration Download Forstok 10.104403018951 Detik
Duration Looping 500 Data 159.6091299057 Detik 
Total Duration 159.63294386864 Detik 
------------------------- 
Tanggal: 23-08-2022 07:25:01 
Duration Download Forstok 11.329003810883 Detik
Duration Looping 500 Data 160.13949990273 Detik 
Total Duration 160.16582798958 Detik 
------------------------- 
Tanggal: 23-08-2022 07:30:01 
Duration Download Forstok 12.444608211517 Detik
Duration Looping 500 Data 161.78908109665 Detik 
Total Duration 161.81440114975 Detik 
------------------------- 
Tanggal: 23-08-2022 07:35:01 
Duration Download Forstok 11.35551404953 Detik
Duration Looping 500 Data 163.23431396484 Detik 
Total Duration 163.26087498665 Detik 
------------------------- 
Tanggal: 23-08-2022 07:40:01 
Duration Download Forstok 11.235502004623 Detik
Duration Looping 500 Data 157.40503001213 Detik 
Total Duration 157.43283700943 Detik 
------------------------- 
Tanggal: 23-08-2022 07:45:01 
Duration Download Forstok 13.697547912598 Detik
Duration Looping 500 Data 173.55136394501 Detik 
Total Duration 173.57686781883 Detik 
------------------------- 
Tanggal: 23-08-2022 07:50:02 
Duration Download Forstok 10.111652135849 Detik
Duration Looping 500 Data 163.92772197723 Detik 
Total Duration 163.95782899857 Detik 
------------------------- 
Tanggal: 23-08-2022 07:55:01 
Duration Download Forstok 8.7298791408539 Detik
Duration Looping 500 Data 167.83421111107 Detik 
Total Duration 167.86179208755 Detik 
------------------------- 
Tanggal: 23-08-2022 08:00:01 
Duration Download Forstok 10.147821903229 Detik
Duration Looping 500 Data 171.09808397293 Detik 
Total Duration 171.13249492645 Detik 
------------------------- 
Tanggal: 23-08-2022 08:05:01 
Duration Download Forstok 13.312342166901 Detik
Duration Looping 500 Data 168.19589805603 Detik 
Total Duration 168.2249109745 Detik 
------------------------- 
Tanggal: 23-08-2022 08:10:01 
Duration Download Forstok 10.175288915634 Detik
Duration Looping 500 Data 167.38586902618 Detik 
Total Duration 167.41369390488 Detik 
------------------------- 
Tanggal: 23-08-2022 08:15:01 
Duration Download Forstok 11.923145055771 Detik
Duration Looping 500 Data 166.20595002174 Detik 
Total Duration 166.23228096962 Detik 
------------------------- 
Tanggal: 23-08-2022 08:20:01 
Duration Download Forstok 11.31911110878 Detik
Duration Looping 500 Data 181.06449699402 Detik 
Total Duration 181.09371614456 Detik 
------------------------- 
Tanggal: 23-08-2022 08:25:01 
Duration Download Forstok 10.511549949646 Detik
Duration Looping 500 Data 181.79216313362 Detik 
Total Duration 181.83073997498 Detik 
------------------------- 
Tanggal: 23-08-2022 08:30:01 
Duration Download Forstok 12.586385965347 Detik
Duration Looping 500 Data 183.22306680679 Detik 
Total Duration 183.25213980675 Detik 
------------------------- 
Tanggal: 23-08-2022 08:35:01 
Duration Download Forstok 12.436896085739 Detik
Duration Looping 500 Data 210.85001707077 Detik 
Total Duration 210.88226103783 Detik 
------------------------- 
Tanggal: 23-08-2022 08:40:02 
Duration Download Forstok 11.882983922958 Detik
Duration Looping 500 Data 213.31708812714 Detik 
Total Duration 213.35099697113 Detik 
------------------------- 
Tanggal: 23-08-2022 08:45:01 
Duration Download Forstok 18.793287992477 Detik
Duration Looping 500 Data 207.01527905464 Detik 
Total Duration 207.04985713959 Detik 
------------------------- 
Tanggal: 23-08-2022 08:50:01 
Duration Download Forstok 9.7919008731842 Detik
Duration Looping 500 Data 195.41190195084 Detik 
Total Duration 195.44141292572 Detik 
------------------------- 
Tanggal: 23-08-2022 08:55:01 
Duration Download Forstok 10.653409004211 Detik
Duration Looping 500 Data 178.68957996368 Detik 
Total Duration 178.71518492699 Detik 
------------------------- 
Tanggal: 23-08-2022 09:00:01 
Duration Download Forstok 11.78608584404 Detik
Duration Looping 500 Data 192.06127405167 Detik 
Total Duration 192.09514498711 Detik 
------------------------- 
Tanggal: 23-08-2022 09:05:01 
Duration Download Forstok 15.08682012558 Detik
Duration Looping 500 Data 194.22813105583 Detik 
Total Duration 194.25976419449 Detik 
------------------------- 
Tanggal: 23-08-2022 09:10:01 
Duration Download Forstok 13.531929016113 Detik
Duration Looping 500 Data 192.707873106 Detik 
Total Duration 192.73828411102 Detik 
------------------------- 
Tanggal: 23-08-2022 09:15:01 
Duration Download Forstok 12.120871067047 Detik
Duration Looping 500 Data 182.36584591866 Detik 
Total Duration 182.39511609077 Detik 
------------------------- 
Tanggal: 23-08-2022 09:20:01 
Duration Download Forstok 11.546309947968 Detik
Duration Looping 500 Data 193.56852817535 Detik 
Total Duration 193.60321712494 Detik 
------------------------- 
Tanggal: 23-08-2022 09:25:01 
Duration Download Forstok 9.223268032074 Detik
Duration Looping 500 Data 187.09984493256 Detik 
Total Duration 187.13266301155 Detik 
------------------------- 
Tanggal: 23-08-2022 09:30:01 
Duration Download Forstok 9.6733751296997 Detik
Duration Looping 500 Data 193.00945115089 Detik 
Total Duration 193.04313611984 Detik 
------------------------- 
Tanggal: 23-08-2022 09:35:01 
Duration Download Forstok 14.644401073456 Detik
Duration Looping 500 Data 188.16489911079 Detik 
Total Duration 188.1990981102 Detik 
------------------------- 
Tanggal: 23-08-2022 09:40:01 
Duration Download Forstok 15.992692947388 Detik
Duration Looping 500 Data 206.22259902954 Detik 
Total Duration 206.250633955 Detik 
------------------------- 
Tanggal: 23-08-2022 09:45:01 
Duration Download Forstok 13.789907932281 Detik
Duration Looping 500 Data 203.38010811806 Detik 
Total Duration 203.41157412529 Detik 
------------------------- 
Tanggal: 23-08-2022 09:50:01 
Duration Download Forstok 11.20076918602 Detik
Duration Looping 500 Data 255.54855203629 Detik 
Total Duration 255.57412719727 Detik 
------------------------- 
Tanggal: 23-08-2022 09:55:01 
Duration Download Forstok 11.117672920227 Detik
Duration Looping 500 Data 189.88048410416 Detik 
Total Duration 189.91410398483 Detik 
------------------------- 
Tanggal: 23-08-2022 10:00:01 
Duration Download Forstok 15.918160915375 Detik
Duration Looping 500 Data 645.53082585335 Detik 
Total Duration 645.56358885765 Detik 
------------------------- 
Tanggal: 23-08-2022 10:15:01 
Duration Download Forstok 12.978791952133 Detik
Duration Looping 500 Data 192.51180386543 Detik 
Total Duration 192.53885102272 Detik 
------------------------- 
Tanggal: 23-08-2022 10:20:01 
Duration Download Forstok 14.098321914673 Detik
Duration Looping 500 Data 212.3394780159 Detik 
Total Duration 212.36652898788 Detik 
------------------------- 
Tanggal: 23-08-2022 10:25:01 
Duration Download Forstok 14.166287899017 Detik
Duration Looping 500 Data 198.67036390305 Detik 
Total Duration 198.70287203789 Detik 
------------------------- 
Tanggal: 23-08-2022 10:30:01 
Duration Download Forstok 10.984981060028 Detik
Duration Looping 500 Data 208.87451601028 Detik 
Total Duration 208.91014695168 Detik 
------------------------- 
Tanggal: 23-08-2022 10:35:01 
Duration Download Forstok 12.410237073898 Detik
Duration Looping 500 Data 198.06723594666 Detik 
Total Duration 198.09880495071 Detik 
------------------------- 
Tanggal: 23-08-2022 10:40:02 
Duration Download Forstok 13.77648806572 Detik
Duration Looping 500 Data 196.373939991 Detik 
Total Duration 196.40363311768 Detik 
------------------------- 
Tanggal: 23-08-2022 10:45:01 
Duration Download Forstok 13.598424911499 Detik
Duration Looping 500 Data 189.50957393646 Detik 
Total Duration 189.56003093719 Detik 
------------------------- 
Tanggal: 23-08-2022 10:50:01 
Duration Download Forstok 12.32165312767 Detik
Duration Looping 500 Data 188.05463004112 Detik 
Total Duration 188.09435510635 Detik 
------------------------- 
Tanggal: 23-08-2022 10:55:01 
Duration Download Forstok 16.283408880234 Detik
Duration Looping 500 Data 195.26379799843 Detik 
Total Duration 195.29370808601 Detik 
------------------------- 
Tanggal: 23-08-2022 11:00:01 
Duration Download Forstok 13.906506061554 Detik
Duration Looping 500 Data 208.12052202225 Detik 
Total Duration 208.15297007561 Detik 
------------------------- 
Tanggal: 23-08-2022 11:05:01 
Duration Download Forstok 12.155033111572 Detik
Duration Looping 500 Data 197.84186220169 Detik 
Total Duration 197.87023806572 Detik 
------------------------- 
Tanggal: 23-08-2022 11:10:01 
Duration Download Forstok 33.313966989517 Detik
Duration Looping 500 Data 219.9426150322 Detik 
Total Duration 219.97281098366 Detik 
------------------------- 
Tanggal: 23-08-2022 11:15:01 
Duration Download Forstok 14.844903945923 Detik
Duration Looping 500 Data 222.81728100777 Detik 
Total Duration 222.84425997734 Detik 
------------------------- 
Tanggal: 23-08-2022 11:20:01 
Duration Download Forstok 10.992915868759 Detik
Duration Looping 500 Data 208.67159700394 Detik 
Total Duration 208.70785903931 Detik 
------------------------- 
Tanggal: 23-08-2022 11:25:01 
Duration Download Forstok 10.487390995026 Detik
Duration Looping 500 Data 204.18505692482 Detik 
Total Duration 204.21353292465 Detik 
------------------------- 
Tanggal: 23-08-2022 11:30:01 
Duration Download Forstok 16.087548971176 Detik
Duration Looping 500 Data 201.81235003471 Detik 
Total Duration 201.84491491318 Detik 
------------------------- 
Tanggal: 23-08-2022 11:35:01 
Duration Download Forstok 9.5432550907135 Detik
Duration Looping 500 Data 195.22613096237 Detik 
Tanggal: 23-08-2022 11:40:01 
Duration Download Forstok 12.284544944763 Detik
Duration Looping 500 Data 202.58893799782 Detik 
Tanggal: 23-08-2022 11:45:01 
Duration Download Forstok 11.217064142227 Detik
Duration Looping 500 Data 206.54069209099 Detik 
Tanggal: 23-08-2022 11:50:01 
Duration Download Forstok 8.7500059604645 Detik
Duration Looping 500 Data 205.9367389679 Detik 
Tanggal: 23-08-2022 11:55:01 
Duration Download Forstok 13.613170862198 Detik
Duration Looping 500 Data 207.72971701622 Detik 
Tanggal: 23-08-2022 12:00:01 
Duration Download Forstok 13.071513175964 Detik
Duration Looping 500 Data 195.63588404655 Detik 
Tanggal: 23-08-2022 12:05:01 
Duration Download Forstok 11.99166893959 Detik
Duration Looping 500 Data 184.34733295441 Detik 
Tanggal: 23-08-2022 12:10:01 
Duration Download Forstok 9.3963429927826 Detik
Duration Looping 500 Data 181.98919796944 Detik 
Tanggal: 23-08-2022 12:15:01 
Duration Download Forstok 11.324581861496 Detik
Duration Looping 500 Data 184.05350899696 Detik 
Tanggal: 23-08-2022 12:20:01 
Duration Download Forstok 11.513998031616 Detik
Duration Looping 500 Data 181.33961105347 Detik 
Tanggal: 23-08-2022 12:25:00 
Duration Download Forstok 9.2154710292816 Detik
Duration Looping 500 Data 179.80150485039 Detik 
Tanggal: 23-08-2022 12:30:01 
Duration Download Forstok 9.0071051120758 Detik
Duration Looping 500 Data 177.88561820984 Detik 
Tanggal: 23-08-2022 12:35:01 
Duration Download Forstok 10.020631074905 Detik
Duration Looping 500 Data 172.43343615532 Detik 
Tanggal: 23-08-2022 12:40:01 
Duration Download Forstok 14.287906885147 Detik
Duration Looping 500 Data 185.59154486656 Detik 
Tanggal: 23-08-2022 12:45:01 
Duration Download Forstok 11.843968153 Detik
Duration Looping 500 Data 195.5153939724 Detik 
Tanggal: 23-08-2022 12:50:01 
Duration Download Forstok 13.869519948959 Detik
Duration Looping 500 Data 183.6177880764 Detik 
Tanggal: 23-08-2022 12:55:01 
Duration Download Forstok 10.827178001404 Detik
Duration Looping 500 Data 173.54226994514 Detik 
Tanggal: 23-08-2022 13:00:01 
Duration Download Forstok 10.232083082199 Detik
Duration Looping 500 Data 182.56473493576 Detik 
Tanggal: 23-08-2022 13:05:01 
Duration Download Forstok 8.8223700523376 Detik
Duration Looping 500 Data 182.74255394936 Detik 
Tanggal: 23-08-2022 13:10:01 
Duration Download Forstok 11.453716993332 Detik
Duration Looping 500 Data 196.78694200516 Detik 
Tanggal: 23-08-2022 13:15:01 
Duration Download Forstok 13.144603013992 Detik
Duration Looping 500 Data 241.75989794731 Detik 
Tanggal: 23-08-2022 13:20:01 
Duration Download Forstok 9.5032579898834 Detik
Duration Looping 500 Data 226.94951915741 Detik 
Tanggal: 23-08-2022 13:25:01 
Duration Download Forstok 16.121674060822 Detik
Duration Looping 500 Data 216.17022514343 Detik 
Tanggal: 23-08-2022 13:30:01 
Duration Download Forstok 13.491181135178 Detik
Duration Looping 500 Data 224.45297217369 Detik 
Tanggal: 23-08-2022 13:35:01 
Duration Download Forstok 10.958055019379 Detik
Duration Looping 500 Data 208.55474615097 Detik 
Tanggal: 23-08-2022 13:40:01 
Duration Download Forstok 18.275182008743 Detik
Duration Looping 500 Data 209.47705698013 Detik 
Tanggal: 23-08-2022 13:45:01 
Duration Download Forstok 21.543100833893 Detik
Duration Looping 500 Data 209.45351099968 Detik 
Tanggal: 23-08-2022 13:50:01 
Duration Download Forstok 10.252385854721 Detik
Duration Looping 500 Data 191.55990195274 Detik 
Tanggal: 23-08-2022 13:55:01 
Duration Download Forstok 13.101068019867 Detik
Duration Looping 500 Data 202.55520796776 Detik 
Tanggal: 23-08-2022 14:00:01 
Duration Download Forstok 11.191881895065 Detik
Duration Looping 500 Data 222.01649093628 Detik 
Tanggal: 23-08-2022 14:05:01 
Duration Download Forstok 10.781579971313 Detik
Duration Looping 500 Data 220.75883984566 Detik 
Tanggal: 23-08-2022 14:10:01 
Duration Download Forstok 18.023305892944 Detik
Duration Looping 500 Data 220.90116691589 Detik 
Tanggal: 23-08-2022 14:15:01 
Duration Download Forstok 17.156837940216 Detik
Duration Looping 500 Data 221.98325705528 Detik 
Tanggal: 23-08-2022 14:20:01 
Duration Download Forstok 10.742577075958 Detik
Duration Looping 500 Data 208.71313691139 Detik 
Tanggal: 23-08-2022 14:25:01 
Duration Download Forstok 8.9749999046326 Detik
Duration Looping 500 Data 212.07990789413 Detik 
Tanggal: 23-08-2022 14:30:01 
Duration Download Forstok 11.86577796936 Detik
Duration Looping 500 Data 227.02007102966 Detik 
Tanggal: 23-08-2022 14:35:01 
Duration Download Forstok 13.025815963745 Detik
Duration Looping 500 Data 201.16970896721 Detik 
Tanggal: 23-08-2022 14:40:01 
Duration Download Forstok 13.043142080307 Detik
Duration Looping 500 Data 192.44407296181 Detik 
Tanggal: 23-08-2022 14:45:01 
Duration Download Forstok 10.950886964798 Detik
Duration Looping 500 Data 192.38382101059 Detik 
Tanggal: 23-08-2022 14:50:01 
Duration Download Forstok 12.62664604187 Detik
Duration Looping 500 Data 195.02413797379 Detik 
Tanggal: 23-08-2022 14:55:01 
Duration Download Forstok 10.900808095932 Detik
Duration Looping 500 Data 205.78403401375 Detik 
Tanggal: 23-08-2022 15:00:01 
Duration Download Forstok 11.480812072754 Detik
Duration Looping 500 Data 206.55331301689 Detik 
Tanggal: 23-08-2022 15:05:01 
Duration Download Forstok 10.617530107498 Detik
Duration Looping 500 Data 193.96593904495 Detik 
Tanggal: 23-08-2022 15:10:01 
Duration Download Forstok 12.104961156845 Detik
Duration Looping 500 Data 204.30764007568 Detik 
Tanggal: 23-08-2022 15:15:01 
Duration Download Forstok 13.101392030716 Detik
Duration Looping 500 Data 240.34979009628 Detik 
Tanggal: 23-08-2022 15:20:01 
Duration Download Forstok 12.764788150787 Detik
Duration Looping 500 Data 222.77034807205 Detik 
Tanggal: 23-08-2022 15:25:01 
Duration Download Forstok 12.003352165222 Detik
Duration Looping 500 Data 219.12473797798 Detik 
Tanggal: 23-08-2022 15:30:01 
Duration Download Forstok 12.336570978165 Detik
Duration Looping 500 Data 223.821393013 Detik 
Tanggal: 23-08-2022 15:35:01 
Duration Download Forstok 8.350921869278 Detik
Duration Looping 500 Data 199.26014089584 Detik 
Tanggal: 23-08-2022 15:40:01 
Duration Download Forstok 10.905480861664 Detik
Duration Looping 500 Data 228.63032698631 Detik 
Tanggal: 23-08-2022 15:45:01 
Duration Download Forstok 16.135848045349 Detik
Duration Looping 500 Data 223.06346297264 Detik 
Tanggal: 23-08-2022 15:50:01 
Duration Download Forstok 20.901378154755 Detik
Duration Looping 500 Data 206.45243000984 Detik 
Tanggal: 23-08-2022 15:55:01 
Duration Download Forstok 14.686630964279 Detik
Duration Looping 500 Data 199.38980293274 Detik 
Total Duration 199.43095803261 Detik 
------------------------- 
Tanggal: 23-08-2022 16:00:01 
Duration Download Forstok 12.930695772171 Detik
Duration Looping 500 Data 231.23103094101 Detik 
Total Duration 231.26088094711 Detik 
------------------------- 
Tanggal: 23-08-2022 16:05:01 
Duration Download Forstok 17.000570058823 Detik
Duration Looping 500 Data 209.85463809967 Detik 
Total Duration 209.88477802277 Detik 
------------------------- 
Tanggal: 23-08-2022 16:10:01 
Duration Download Forstok 10.264806985855 Detik
Duration Looping 500 Data 229.70276498795 Detik 
Total Duration 229.73795199394 Detik 
------------------------- 
Tanggal: 23-08-2022 16:15:01 
Duration Download Forstok 22.957113981247 Detik
Duration Looping 500 Data 220.85549688339 Detik 
Total Duration 220.88722896576 Detik 
------------------------- 
Tanggal: 23-08-2022 16:20:01 
Duration Download Forstok 17.496632099152 Detik
Duration Looping 500 Data 205.25700712204 Detik 
Total Duration 205.28916716576 Detik 
------------------------- 
Tanggal: 23-08-2022 16:25:02 
Duration Download Forstok 14.261563062668 Detik
Duration Looping 500 Data 226.50038814545 Detik 
Total Duration 226.53727817535 Detik 
------------------------- 
Tanggal: 23-08-2022 16:30:01 
Duration Download Forstok 15.449429035187 Detik
Duration Looping 500 Data 220.30014395714 Detik 
Total Duration 220.32988786697 Detik 
------------------------- 
Tanggal: 23-08-2022 16:35:01 
Duration Download Forstok 20.579497098923 Detik
Duration Looping 500 Data 229.33446598053 Detik 
Total Duration 229.36393499374 Detik 
------------------------- 
Tanggal: 23-08-2022 16:40:01 
Duration Download Forstok 16.154575824738 Detik
Duration Looping 500 Data 201.23030686378 Detik 
Total Duration 201.26177000999 Detik 
------------------------- 
Tanggal: 23-08-2022 16:45:01 
Duration Download Forstok 18.592303991318 Detik
Duration Looping 500 Data 199.94982290268 Detik 
Total Duration 199.98308300972 Detik 
------------------------- 
Tanggal: 23-08-2022 16:50:01 
Duration Download Forstok 11.590116024017 Detik
Duration Looping 500 Data 198.41705179214 Detik 
Total Duration 198.44937992096 Detik 
------------------------- 
Tanggal: 23-08-2022 16:55:01 
Duration Download Forstok 10.818166971207 Detik
Duration Looping 500 Data 198.47671818733 Detik 
Tanggal: 23-08-2022 17:00:01 
Duration Download Forstok 12.248194932938 Detik
Duration Looping 500 Data 191.1015291214 Detik 
Tanggal: 23-08-2022 17:05:01 
Duration Download Forstok 10.604698896408 Detik
Duration Looping 500 Data 177.02596402168 Detik 
Tanggal: 23-08-2022 17:10:01 
Duration Download Forstok 11.506781816483 Detik
Duration Looping 500 Data 181.67377400398 Detik 
Tanggal: 23-08-2022 17:15:01 
Duration Download Forstok 15.878401994705 Detik
Duration Looping 500 Data 194.57645487785 Detik 
Tanggal: 23-08-2022 17:20:01 
Duration Download Forstok 14.515465974808 Detik
Duration Looping 500 Data 185.5408411026 Detik 
Tanggal: 23-08-2022 17:25:00 
Duration Download Forstok 8.0629889965057 Detik
Duration Looping 500 Data 175.43309617043 Detik 
Tanggal: 23-08-2022 17:30:02 
Duration Download Forstok 10.478240966797 Detik
Duration Looping 500 Data 179.60449004173 Detik 
Tanggal: 23-08-2022 17:35:01 
Duration Download Forstok 10.26561999321 Detik
Duration Looping 500 Data 183.33328199387 Detik 
Tanggal: 23-08-2022 17:40:01 
Duration Download Forstok 10.46586894989 Detik
Duration Looping 500 Data 175.18142604828 Detik 
Tanggal: 23-08-2022 17:45:01 
Duration Download Forstok 11.406038999557 Detik
Duration Looping 500 Data 178.41779494286 Detik 
Tanggal: 23-08-2022 17:50:02 
Duration Download Forstok 10.781447887421 Detik
Duration Looping 500 Data 177.92821884155 Detik 
Tanggal: 23-08-2022 17:55:01 
Duration Download Forstok 12.193197965622 Detik
Duration Looping 500 Data 179.26833105087 Detik 
Tanggal: 23-08-2022 18:00:01 
Duration Download Forstok 10.558319091797 Detik
Duration Looping 500 Data 172.14443898201 Detik 
Tanggal: 23-08-2022 18:05:01 
Duration Download Forstok 10.723636865616 Detik
Duration Looping 500 Data 170.66715097427 Detik 
Tanggal: 23-08-2022 18:10:01 
Duration Download Forstok 12.840370178223 Detik
Duration Looping 500 Data 172.34795713425 Detik 
Tanggal: 23-08-2022 18:15:01 
Duration Download Forstok 14.041267156601 Detik
Duration Looping 500 Data 171.16475701332 Detik 
Tanggal: 23-08-2022 18:20:01 
Duration Download Forstok 10.451495170593 Detik
Duration Looping 500 Data 174.96429419518 Detik 
Tanggal: 23-08-2022 18:25:01 
Duration Download Forstok 9.3400790691376 Detik
Duration Looping 500 Data 182.44073200226 Detik 
Tanggal: 23-08-2022 18:30:01 
Duration Download Forstok 10.126883983612 Detik
Duration Looping 500 Data 178.02105593681 Detik 
Tanggal: 23-08-2022 18:35:01 
Duration Download Forstok 10.141629934311 Detik
Duration Looping 500 Data 177.1647439003 Detik 
Tanggal: 23-08-2022 18:40:01 
Duration Download Forstok 14.116638898849 Detik
Duration Looping 500 Data 181.89896082878 Detik 
Tanggal: 23-08-2022 18:45:01 
Duration Download Forstok 12.286671876907 Detik
Duration Looping 500 Data 172.55322098732 Detik 
Tanggal: 23-08-2022 18:50:02 
Duration Download Forstok 10.172755002975 Detik
Duration Looping 500 Data 175.20691013336 Detik 
Tanggal: 23-08-2022 18:55:01 
Duration Download Forstok 13.978899002075 Detik
Duration Looping 500 Data 173.15538907051 Detik 
Tanggal: 23-08-2022 19:00:01 
Duration Download Forstok 10.234121084213 Detik
Duration Looping 500 Data 179.00178194046 Detik 
Tanggal: 23-08-2022 19:05:01 
Duration Download Forstok 11.936326980591 Detik
Duration Looping 500 Data 169.50778198242 Detik 
Tanggal: 23-08-2022 19:10:01 
Duration Download Forstok 13.037062168121 Detik
Duration Looping 500 Data 173.48251605034 Detik 
Tanggal: 23-08-2022 19:15:00 
Duration Download Forstok 12.463811159134 Detik
Duration Looping 500 Data 174.20482301712 Detik 
Tanggal: 23-08-2022 19:20:01 
Duration Download Forstok 10.057420969009 Detik
Duration Looping 500 Data 169.28284883499 Detik 
Tanggal: 23-08-2022 19:25:01 
Duration Download Forstok 9.0989961624146 Detik
Duration Looping 500 Data 175.82839202881 Detik 
Tanggal: 23-08-2022 19:30:01 
Duration Download Forstok 11.911921977997 Detik
Duration Looping 500 Data 176.98867702484 Detik 
Tanggal: 23-08-2022 19:35:01 
Duration Download Forstok 11.625052928925 Detik
Duration Looping 500 Data 169.19775795937 Detik 
Tanggal: 23-08-2022 19:40:01 
Duration Download Forstok 10.332820177078 Detik
Duration Looping 500 Data 174.84773898125 Detik 
Tanggal: 23-08-2022 19:45:01 
Duration Download Forstok 12.017539024353 Detik
Duration Looping 500 Data 179.95871806145 Detik 
Tanggal: 23-08-2022 19:50:01 
Duration Download Forstok 11.388010025024 Detik
Duration Looping 500 Data 165.40705704689 Detik 
Tanggal: 23-08-2022 19:55:01 
Duration Download Forstok 11.428076028824 Detik
Duration Looping 500 Data 173.11930394173 Detik 
Tanggal: 23-08-2022 20:00:01 
Duration Download Forstok 10.202574014664 Detik
Duration Looping 500 Data 175.89310908318 Detik 
Tanggal: 23-08-2022 20:05:01 
Duration Download Forstok 11.85619187355 Detik
Duration Looping 500 Data 177.457695961 Detik 
Tanggal: 23-08-2022 20:10:01 
Duration Download Forstok 9.7270319461823 Detik
Duration Looping 500 Data 168.91122102737 Detik 
Tanggal: 23-08-2022 20:15:01 
Duration Download Forstok 12.546087026596 Detik
Duration Looping 500 Data 165.94393801689 Detik 
Tanggal: 23-08-2022 20:20:01 
Duration Download Forstok 10.095013856888 Detik
Duration Looping 500 Data 176.79634594917 Detik 
Tanggal: 23-08-2022 20:25:01 
Duration Download Forstok 10.119215965271 Detik
Duration Looping 500 Data 171.11529898643 Detik 
Tanggal: 23-08-2022 20:30:01 
Duration Download Forstok 10.291989088058 Detik
Duration Looping 500 Data 165.64731216431 Detik 
Tanggal: 23-08-2022 20:35:01 
Duration Download Forstok 8.8119349479675 Detik
Duration Looping 500 Data 160.12496900558 Detik 
Tanggal: 23-08-2022 20:40:01 
Duration Download Forstok 11.929418802261 Detik
Duration Looping 500 Data 177.53562879562 Detik 
Tanggal: 23-08-2022 20:45:01 
Duration Download Forstok 12.650825023651 Detik
Duration Looping 500 Data 169.67414903641 Detik 
Tanggal: 23-08-2022 20:50:01 
Duration Download Forstok 14.073868989944 Detik
Duration Looping 500 Data 172.32972002029 Detik 
Tanggal: 23-08-2022 20:55:01 
Duration Download Forstok 12.280811071396 Detik
Duration Looping 500 Data 171.19128417969 Detik 
Tanggal: 23-08-2022 21:00:01 
Duration Download Forstok 12.911113977432 Detik
Duration Looping 500 Data 169.56623697281 Detik 
Tanggal: 23-08-2022 21:05:02 
Duration Download Forstok 23.475507974625 Detik
Duration Looping 500 Data 180.05248498917 Detik 
Tanggal: 23-08-2022 21:10:01 
Duration Download Forstok 59.394218921661 Detik
Tanggal: 23-08-2022 21:15:01 
Duration Download Forstok 59.71372294426 Detik
Tanggal: 23-08-2022 21:20:01 
Duration Download Forstok 17.415693998337 Detik
Duration Looping 500 Data 179.40183997154 Detik 
Tanggal: 23-08-2022 21:25:01 
Duration Download Forstok 15.754823923111 Detik
Duration Looping 500 Data 172.80996990204 Detik 
Tanggal: 23-08-2022 21:30:01 
Duration Download Forstok 20.364705085754 Detik
Duration Looping 500 Data 177.28109693527 Detik 
Tanggal: 23-08-2022 21:35:01 
Duration Download Forstok 13.998578071594 Detik
Duration Looping 500 Data 171.97382307053 Detik 
Tanggal: 23-08-2022 21:40:01 
Duration Download Forstok 13.072772026062 Detik
Duration Looping 500 Data 172.4209690094 Detik 
Tanggal: 23-08-2022 21:45:01 
Duration Download Forstok 11.089910984039 Detik
Duration Looping 500 Data 168.79602313042 Detik 
Tanggal: 23-08-2022 21:50:01 
Duration Download Forstok 13.713370084763 Detik
Duration Looping 500 Data 169.16506004333 Detik 
Tanggal: 23-08-2022 21:55:01 
Duration Download Forstok 9.3964169025421 Detik
Duration Looping 500 Data 177.77031493187 Detik 
Tanggal: 23-08-2022 22:00:01 
Duration Download Forstok 12.833350896835 Detik
Duration Looping 500 Data 173.83692598343 Detik 
Tanggal: 23-08-2022 22:05:01 
Duration Download Forstok 11.580893993378 Detik
Duration Looping 500 Data 175.11906504631 Detik 
Tanggal: 23-08-2022 22:10:01 
Duration Download Forstok 11.856345891953 Detik
Duration Looping 500 Data 171.78001999855 Detik 
Tanggal: 23-08-2022 22:15:01 
Duration Download Forstok 18.026078939438 Detik
Duration Looping 500 Data 172.51491594315 Detik 
Tanggal: 23-08-2022 22:20:01 
Duration Download Forstok 12.938992977142 Detik
Duration Looping 500 Data 171.42840909958 Detik 
Tanggal: 23-08-2022 22:25:01 
Duration Download Forstok 11.268184900284 Detik
Duration Looping 500 Data 173.69170689583 Detik 
Tanggal: 23-08-2022 22:30:01 
Duration Download Forstok 16.662672996521 Detik
Duration Looping 500 Data 175.1542160511 Detik 
Tanggal: 23-08-2022 22:35:01 
Duration Download Forstok 11.783432006836 Detik
Duration Looping 500 Data 169.58375310898 Detik 
Tanggal: 23-08-2022 22:40:01 
Duration Download Forstok 13.591867923737 Detik
Duration Looping 500 Data 172.97164106369 Detik 
Tanggal: 23-08-2022 22:45:01 
Duration Download Forstok 12.578299999237 Detik
Duration Looping 500 Data 168.67957282066 Detik 
Tanggal: 23-08-2022 22:50:01 
Duration Download Forstok 11.011924982071 Detik
Duration Looping 500 Data 168.10365891457 Detik 
Tanggal: 23-08-2022 22:55:01 
Duration Download Forstok 13.988803863525 Detik
Duration Looping 500 Data 168.49223303795 Detik 
Tanggal: 23-08-2022 23:00:01 
Duration Download Forstok 15.008610010147 Detik
Duration Looping 500 Data 173.91429209709 Detik 
Tanggal: 23-08-2022 23:05:02 
Duration Download Forstok 19.859465837479 Detik
Duration Looping 500 Data 176.34242200851 Detik 
Tanggal: 23-08-2022 23:10:01 
Duration Download Forstok 40.517327070236 Detik
Duration Looping 500 Data 194.79522299767 Detik 
Tanggal: 23-08-2022 23:15:01 
Duration Download Forstok 31.863941907883 Detik
Duration Looping 500 Data 190.39284992218 Detik 
Tanggal: 23-08-2022 23:20:01 
Duration Download Forstok 20.051946163177 Detik
Duration Looping 500 Data 180.22546005249 Detik 
Tanggal: 23-08-2022 23:25:01 
Duration Download Forstok 11.049642801285 Detik
Duration Looping 500 Data 173.6109418869 Detik 
Tanggal: 23-08-2022 23:30:01 
Duration Download Forstok 14.923918008804 Detik
Duration Looping 500 Data 174.8647339344 Detik 
Tanggal: 23-08-2022 23:35:01 
Duration Download Forstok 12.137258052826 Detik
Duration Looping 500 Data 168.93804097176 Detik 
Tanggal: 23-08-2022 23:40:01 
Duration Download Forstok 14.63698720932 Detik
Duration Looping 500 Data 170.76498699188 Detik 
Tanggal: 23-08-2022 23:45:01 
Duration Download Forstok 10.856892824173 Detik
Duration Looping 500 Data 162.55908179283 Detik 
Tanggal: 23-08-2022 23:50:01 
Duration Download Forstok 11.330538988113 Detik
Duration Looping 500 Data 174.7097029686 Detik 
Tanggal: 23-08-2022 23:55:01 
Duration Download Forstok 13.149657011032 Detik
Duration Looping 500 Data 175.41741204262 Detik 
