Tanggal: 30-05-2022 00:00:01 
Duration Download Forstok 11.34565114975 Detik
Duration Looping 500 Data 618.69175004959 Detik 
Total Duration 618.69236302376 Detik 
------------------------- 
Tanggal: 30-05-2022 00:15:01 
Duration Download Forstok 12.892346858978 Detik
Duration Looping 500 Data 144.05510187149 Detik 
Total Duration 144.0552110672 Detik 
------------------------- 
Tanggal: 30-05-2022 00:20:01 
Duration Download Forstok 10.883416891098 Detik
Duration Looping 500 Data 143.33188509941 Detik 
Total Duration 143.33199191093 Detik 
------------------------- 
Tanggal: 30-05-2022 00:25:01 
Duration Download Forstok 13.034043073654 Detik
Duration Looping 500 Data 147.15724897385 Detik 
Total Duration 147.15735411644 Detik 
------------------------- 
Tanggal: 30-05-2022 00:30:01 
Duration Download Forstok 15.212868928909 Detik
Duration Looping 500 Data 144.83488798141 Detik 
Total Duration 144.83498287201 Detik 
------------------------- 
Tanggal: 30-05-2022 00:35:01 
Duration Download Forstok 16.662477016449 Detik
Duration Looping 500 Data 145.34097409248 Detik 
Total Duration 145.34108400345 Detik 
------------------------- 
Tanggal: 30-05-2022 00:40:01 
Duration Download Forstok 12.96407699585 Detik
Duration Looping 500 Data 141.58996701241 Detik 
Total Duration 141.59007692337 Detik 
------------------------- 
Tanggal: 30-05-2022 00:45:01 
Duration Download Forstok 18.565385103226 Detik
Duration Looping 500 Data 157.93433117867 Detik 
Total Duration 157.93444919586 Detik 
------------------------- 
Tanggal: 30-05-2022 00:50:01 
Duration Download Forstok 12.997822999954 Detik
Duration Looping 500 Data 138.70819997787 Detik 
Total Duration 138.70830893517 Detik 
------------------------- 
Tanggal: 30-05-2022 00:55:01 
Duration Download Forstok 10.54504609108 Detik
Duration Looping 500 Data 159.09106492996 Detik 
Total Duration 159.09118199348 Detik 
------------------------- 
Tanggal: 30-05-2022 01:00:01 
Duration Download Forstok 11.529997110367 Detik
Duration Looping 500 Data 136.79013895988 Detik 
Total Duration 136.79024600983 Detik 
------------------------- 
Tanggal: 30-05-2022 01:05:01 
Duration Download Forstok 15.94512295723 Detik
Duration Looping 500 Data 143.15922808647 Detik 
Total Duration 143.15933299065 Detik 
------------------------- 
Tanggal: 30-05-2022 01:10:01 
Duration Download Forstok 10.355844974518 Detik
Duration Looping 500 Data 138.69937396049 Detik 
Total Duration 138.69948792458 Detik 
------------------------- 
Tanggal: 30-05-2022 01:15:01 
Duration Download Forstok 19.201982975006 Detik
Duration Looping 500 Data 158.38742494583 Detik 
Total Duration 158.38753080368 Detik 
------------------------- 
Tanggal: 30-05-2022 01:20:01 
Duration Download Forstok 13.349990129471 Detik
Duration Looping 500 Data 147.96484708786 Detik 
Total Duration 147.96494817734 Detik 
------------------------- 
Tanggal: 30-05-2022 01:25:01 
Duration Download Forstok 8.7608048915863 Detik
Duration Looping 500 Data 140.39048194885 Detik 
Total Duration 140.39058184624 Detik 
------------------------- 
Tanggal: 30-05-2022 01:30:01 
Duration Download Forstok 12.935323953629 Detik
Duration Looping 500 Data 146.87195491791 Detik 
Total Duration 146.87207102776 Detik 
------------------------- 
Tanggal: 30-05-2022 01:35:01 
Duration Download Forstok 8.5603470802307 Detik
Duration Looping 500 Data 136.40762686729 Detik 
Total Duration 136.4077270031 Detik 
------------------------- 
Tanggal: 30-05-2022 01:40:01 
Duration Download Forstok 11.232841014862 Detik
Duration Looping 500 Data 138.05839014053 Detik 
Total Duration 138.05849909782 Detik 
------------------------- 
Tanggal: 30-05-2022 01:45:01 
Duration Download Forstok 13.36436009407 Detik
Duration Looping 500 Data 151.81298303604 Detik 
Total Duration 151.81309914589 Detik 
------------------------- 
Tanggal: 30-05-2022 01:50:01 
Duration Download Forstok 8.5902509689331 Detik
Duration Looping 500 Data 134.3501188755 Detik 
Total Duration 134.3502240181 Detik 
------------------------- 
Tanggal: 30-05-2022 01:55:01 
Duration Download Forstok 10.281203985214 Detik
Duration Looping 500 Data 138.4658229351 Detik 
Total Duration 138.46590399742 Detik 
------------------------- 
Tanggal: 30-05-2022 02:00:01 
Duration Download Forstok 9.8818891048431 Detik
Duration Looping 500 Data 144.33430099487 Detik 
Total Duration 144.33438491821 Detik 
------------------------- 
Tanggal: 30-05-2022 02:05:01 
Duration Download Forstok 23.972169876099 Detik
Duration Looping 500 Data 159.33447480202 Detik 
Total Duration 159.33457779884 Detik 
------------------------- 
Tanggal: 30-05-2022 02:10:01 
Duration Download Forstok 12.629512071609 Detik
Duration Looping 500 Data 145.73937296867 Detik 
Total Duration 145.73948097229 Detik 
------------------------- 
Tanggal: 30-05-2022 02:15:01 
Duration Download Forstok 14.810204029083 Detik
Duration Looping 500 Data 167.92151999474 Detik 
Total Duration 167.92163300514 Detik 
------------------------- 
Tanggal: 30-05-2022 02:20:01 
Duration Download Forstok 10.36758685112 Detik
Duration Looping 500 Data 144.56135296822 Detik 
Total Duration 144.56146001816 Detik 
------------------------- 
Tanggal: 30-05-2022 02:25:01 
Duration Download Forstok 8.8561360836029 Detik
Duration Looping 500 Data 146.21152806282 Detik 
Total Duration 146.21163201332 Detik 
------------------------- 
Tanggal: 30-05-2022 02:30:01 
Duration Download Forstok 12.841509103775 Detik
Duration Looping 500 Data 146.89903998375 Detik 
Total Duration 146.89914608002 Detik 
------------------------- 
Tanggal: 30-05-2022 02:35:01 
Duration Download Forstok 18.769797086716 Detik
Duration Looping 500 Data 157.34034490585 Detik 
Total Duration 157.34045600891 Detik 
------------------------- 
Tanggal: 30-05-2022 02:40:01 
Duration Download Forstok 9.1835489273071 Detik
Duration Looping 500 Data 142.70138192177 Detik 
Total Duration 142.7014939785 Detik 
------------------------- 
Tanggal: 30-05-2022 02:45:01 
Duration Download Forstok 18.893841028214 Detik
Duration Looping 500 Data 148.16036701202 Detik 
Total Duration 148.16047692299 Detik 
------------------------- 
Tanggal: 30-05-2022 02:50:01 
Duration Download Forstok 12.501827001572 Detik
Duration Looping 500 Data 141.16820883751 Detik 
Total Duration 141.1683409214 Detik 
------------------------- 
Tanggal: 30-05-2022 02:55:01 
Duration Download Forstok 9.5683000087738 Detik
Duration Looping 500 Data 154.69341206551 Detik 
Total Duration 154.69352817535 Detik 
------------------------- 
Tanggal: 30-05-2022 03:00:01 
Duration Download Forstok 10.567868947983 Detik
Duration Looping 500 Data 140.93058490753 Detik 
Total Duration 140.93069791794 Detik 
------------------------- 
Tanggal: 30-05-2022 03:05:01 
Duration Download Forstok 22.473124027252 Detik
Duration Looping 500 Data 147.30913901329 Detik 
Total Duration 147.30925011635 Detik 
------------------------- 
Tanggal: 30-05-2022 03:10:01 
Duration Download Forstok 12.0218501091 Detik
Duration Looping 500 Data 143.15370893478 Detik 
Total Duration 143.1538131237 Detik 
------------------------- 
Tanggal: 30-05-2022 03:15:01 
Duration Download Forstok 7.6838710308075 Detik
Duration Looping 500 Data 135.8799738884 Detik 
Total Duration 135.88008093834 Detik 
------------------------- 
Tanggal: 30-05-2022 03:20:01 
Duration Download Forstok 8.3936769962311 Detik
Duration Looping 500 Data 144.4980199337 Detik 
Total Duration 144.49813294411 Detik 
------------------------- 
Tanggal: 30-05-2022 03:25:01 
Duration Download Forstok 10.228022098541 Detik
Duration Looping 500 Data 143.88371109962 Detik 
Total Duration 143.88382005692 Detik 
------------------------- 
Tanggal: 30-05-2022 03:30:01 
Duration Download Forstok 8.4619839191437 Detik
Duration Looping 500 Data 138.79480886459 Detik 
Total Duration 138.79492402077 Detik 
------------------------- 
Tanggal: 30-05-2022 03:35:01 
Duration Download Forstok 10.499686002731 Detik
Duration Looping 500 Data 135.58697199821 Detik 
Total Duration 135.58708405495 Detik 
------------------------- 
Tanggal: 30-05-2022 03:40:01 
Duration Download Forstok 8.8934140205383 Detik
Duration Looping 500 Data 139.21616506577 Detik 
Total Duration 139.21627402306 Detik 
------------------------- 
Tanggal: 30-05-2022 03:45:01 
Duration Download Forstok 13.36673784256 Detik
Duration Looping 500 Data 139.7735888958 Detik 
Total Duration 139.77366781235 Detik 
------------------------- 
Tanggal: 30-05-2022 03:50:01 
Duration Download Forstok 10.766937017441 Detik
Duration Looping 500 Data 144.81160616875 Detik 
Total Duration 144.81171917915 Detik 
------------------------- 
Tanggal: 30-05-2022 03:55:01 
Duration Download Forstok 8.3383991718292 Detik
Duration Looping 500 Data 132.980864048 Detik 
Total Duration 132.98097395897 Detik 
------------------------- 
Tanggal: 30-05-2022 04:00:01 
Duration Download Forstok 9.8153820037842 Detik
Duration Looping 500 Data 144.73611497879 Detik 
Total Duration 144.73622512817 Detik 
------------------------- 
Tanggal: 30-05-2022 04:05:01 
Duration Download Forstok 10.885047912598 Detik
Duration Looping 500 Data 135.56898808479 Detik 
Total Duration 135.56909799576 Detik 
------------------------- 
Tanggal: 30-05-2022 04:10:01 
Duration Download Forstok 26.175718069077 Detik
Duration Looping 500 Data 154.18969297409 Detik 
Total Duration 154.18980503082 Detik 
------------------------- 
Tanggal: 30-05-2022 04:15:02 
Duration Download Forstok 20.444283008575 Detik
Duration Looping 500 Data 145.6875398159 Detik 
Total Duration 145.68764686584 Detik 
------------------------- 
Tanggal: 30-05-2022 04:20:01 
Duration Download Forstok 8.9278690814972 Detik
Duration Looping 500 Data 136.01882004738 Detik 
Total Duration 136.01893305779 Detik 
------------------------- 
Tanggal: 30-05-2022 04:25:01 
Duration Download Forstok 11.023305892944 Detik
Duration Looping 500 Data 145.02900695801 Detik 
Total Duration 145.02910399437 Detik 
------------------------- 
Tanggal: 30-05-2022 04:30:01 
Duration Download Forstok 12.752514123917 Detik
Duration Looping 500 Data 149.83893299103 Detik 
Total Duration 149.83904314041 Detik 
------------------------- 
Tanggal: 30-05-2022 04:35:01 
Duration Download Forstok 19.245652914047 Detik
Duration Looping 500 Data 150.1157708168 Detik 
Total Duration 150.11587786674 Detik 
------------------------- 
Tanggal: 30-05-2022 04:40:01 
Duration Download Forstok 9.4825670719147 Detik
Duration Looping 500 Data 152.92071819305 Detik 
Total Duration 152.92081904411 Detik 
------------------------- 
Tanggal: 30-05-2022 04:45:01 
Duration Download Forstok 12.494890928268 Detik
Duration Looping 500 Data 142.10878300667 Detik 
Total Duration 142.10888290405 Detik 
------------------------- 
Tanggal: 30-05-2022 04:50:01 
Duration Download Forstok 10.274958848953 Detik
Duration Looping 500 Data 139.62770795822 Detik 
Total Duration 139.62781500816 Detik 
------------------------- 
Tanggal: 30-05-2022 04:55:01 
Duration Download Forstok 11.647819042206 Detik
Duration Looping 500 Data 135.52012896538 Detik 
Total Duration 135.52023911476 Detik 
------------------------- 
Tanggal: 30-05-2022 05:00:01 
Duration Download Forstok 9.0886309146881 Detik
Duration Looping 500 Data 139.30466008186 Detik 
Total Duration 139.30474209785 Detik 
------------------------- 
Tanggal: 30-05-2022 05:05:01 
Duration Download Forstok 12.289566993713 Detik
Duration Looping 500 Data 145.12740802765 Detik 
Total Duration 145.12748908997 Detik 
------------------------- 
Tanggal: 30-05-2022 05:10:01 
Duration Download Forstok 12.719506978989 Detik
Duration Looping 500 Data 145.42365908623 Detik 
Total Duration 145.42376208305 Detik 
------------------------- 
Tanggal: 30-05-2022 05:15:01 
Duration Download Forstok 12.013032913208 Detik
Duration Looping 500 Data 141.15072512627 Detik 
Total Duration 141.15083503723 Detik 
------------------------- 
Tanggal: 30-05-2022 05:20:01 
Duration Download Forstok 11.936531066895 Detik
Duration Looping 500 Data 150.69068002701 Detik 
Total Duration 150.69078803062 Detik 
------------------------- 
Tanggal: 30-05-2022 05:25:01 
Duration Download Forstok 8.763188123703 Detik
Duration Looping 500 Data 137.97274708748 Detik 
Total Duration 137.97286009789 Detik 
------------------------- 
Tanggal: 30-05-2022 05:30:01 
Duration Download Forstok 8.7537930011749 Detik
Duration Looping 500 Data 140.39193582535 Detik 
Total Duration 140.39205884933 Detik 
------------------------- 
Tanggal: 30-05-2022 05:35:01 
Duration Download Forstok 16.497863054276 Detik
Duration Looping 500 Data 146.62915205956 Detik 
Total Duration 146.62926912308 Detik 
------------------------- 
Tanggal: 30-05-2022 05:40:01 
Duration Download Forstok 8.4849660396576 Detik
Duration Looping 500 Data 144.61840796471 Detik 
Total Duration 144.6185131073 Detik 
------------------------- 
Tanggal: 30-05-2022 05:45:01 
Duration Download Forstok 12.751173019409 Detik
Duration Looping 500 Data 140.52433514595 Detik 
Total Duration 140.52444219589 Detik 
------------------------- 
Tanggal: 30-05-2022 05:50:01 
Duration Download Forstok 12.772384881973 Detik
Duration Looping 500 Data 160.25021195412 Detik 
Total Duration 160.25033402443 Detik 
------------------------- 
Tanggal: 30-05-2022 05:55:01 
Duration Download Forstok 12.239231109619 Detik
Duration Looping 500 Data 155.699614048 Detik 
Total Duration 155.69973111153 Detik 
------------------------- 
Tanggal: 30-05-2022 06:00:01 
Duration Download Forstok 11.080717086792 Detik
Duration Looping 500 Data 146.99965691566 Detik 
Total Duration 146.99976491928 Detik 
------------------------- 
Tanggal: 30-05-2022 06:05:01 
Duration Download Forstok 21.031509876251 Detik
Duration Looping 500 Data 150.3406598568 Detik 
Total Duration 150.34077382088 Detik 
------------------------- 
Tanggal: 30-05-2022 06:10:01 
Duration Download Forstok 11.673485994339 Detik
Duration Looping 500 Data 141.98312401772 Detik 
Total Duration 141.98322606087 Detik 
------------------------- 
Tanggal: 30-05-2022 06:15:01 
Duration Download Forstok 15.529634952545 Detik
Duration Looping 500 Data 170.49761295319 Detik 
Total Duration 170.49775290489 Detik 
------------------------- 
Tanggal: 30-05-2022 06:20:01 
Duration Download Forstok 12.628681182861 Detik
Duration Looping 500 Data 142.47878408432 Detik 
Total Duration 142.47889614105 Detik 
------------------------- 
Tanggal: 30-05-2022 06:25:01 
Duration Download Forstok 10.378618955612 Detik
Duration Looping 500 Data 144.89856100082 Detik 
Total Duration 144.89867305756 Detik 
------------------------- 
Tanggal: 30-05-2022 06:30:01 
Duration Download Forstok 8.1849770545959 Detik
Duration Looping 500 Data 142.40836000443 Detik 
Total Duration 142.40847206116 Detik 
------------------------- 
Tanggal: 30-05-2022 06:35:01 
Duration Download Forstok 15.998809099197 Detik
Duration Looping 500 Data 155.10744810104 Detik 
Total Duration 155.10755801201 Detik 
------------------------- 
Tanggal: 30-05-2022 06:40:01 
Duration Download Forstok 11.295720100403 Detik
Duration Looping 500 Data 142.60509514809 Detik 
Total Duration 142.6052069664 Detik 
------------------------- 
Tanggal: 30-05-2022 06:45:01 
Duration Download Forstok 12.665609836578 Detik
Duration Looping 500 Data 145.6397550106 Detik 
Total Duration 145.63987398148 Detik 
------------------------- 
Tanggal: 30-05-2022 06:50:01 
Duration Download Forstok 9.427610874176 Detik
Duration Looping 500 Data 136.10457801819 Detik 
Total Duration 136.10471892357 Detik 
------------------------- 
Tanggal: 30-05-2022 06:55:01 
Duration Download Forstok 9.0723669528961 Detik
Duration Looping 500 Data 141.53156995773 Detik 
Total Duration 141.53169107437 Detik 
------------------------- 
Tanggal: 30-05-2022 07:00:01 
Duration Download Forstok 9.7576451301575 Detik
Duration Looping 500 Data 149.37605905533 Detik 
Total Duration 149.37616920471 Detik 
------------------------- 
Tanggal: 30-05-2022 07:05:01 
Duration Download Forstok 22.483017921448 Detik
Duration Looping 500 Data 155.46974396706 Detik 
Total Duration 155.46984100342 Detik 
------------------------- 
Tanggal: 30-05-2022 07:10:01 
Duration Download Forstok 9.4832088947296 Detik
Duration Looping 500 Data 140.29968905449 Detik 
Total Duration 140.29979896545 Detik 
------------------------- 
Tanggal: 30-05-2022 07:15:01 
Duration Download Forstok 11.843770980835 Detik
Duration Looping 500 Data 140.5226290226 Detik 
Total Duration 140.52275395393 Detik 
------------------------- 
Tanggal: 30-05-2022 07:20:01 
Duration Download Forstok 12.050086975098 Detik
Duration Looping 500 Data 140.06186199188 Detik 
Total Duration 140.06197500229 Detik 
------------------------- 
Tanggal: 30-05-2022 07:25:01 
Duration Download Forstok 10.636603116989 Detik
Duration Looping 500 Data 168.03799104691 Detik 
Total Duration 168.03809905052 Detik 
------------------------- 
Tanggal: 30-05-2022 07:30:01 
Duration Download Forstok 10.397374153137 Detik
Duration Looping 500 Data 144.68633508682 Detik 
Total Duration 144.68645310402 Detik 
------------------------- 
Tanggal: 30-05-2022 07:35:01 
Duration Download Forstok 25.354690074921 Detik
Duration Looping 500 Data 159.4960899353 Detik 
Total Duration 159.49622797966 Detik 
------------------------- 
Tanggal: 30-05-2022 07:40:01 
Duration Download Forstok 10.274360895157 Detik
Duration Looping 500 Data 142.9979557991 Detik 
Total Duration 142.99806189537 Detik 
------------------------- 
Tanggal: 30-05-2022 07:45:01 
Duration Download Forstok 13.501218080521 Detik
Duration Looping 500 Data 145.02480101585 Detik 
Total Duration 145.02491903305 Detik 
------------------------- 
Tanggal: 30-05-2022 07:50:01 
Duration Download Forstok 10.561877012253 Detik
Duration Looping 500 Data 151.85511612892 Detik 
Total Duration 151.85523915291 Detik 
------------------------- 
Tanggal: 30-05-2022 07:55:01 
Duration Download Forstok 16.777213096619 Detik
Duration Looping 500 Data 151.58284521103 Detik 
Total Duration 151.5829641819 Detik 
------------------------- 
Tanggal: 30-05-2022 08:00:01 
Duration Download Forstok 11.083523035049 Detik
Duration Looping 500 Data 154.22872185707 Detik 
Total Duration 154.2288248539 Detik 
------------------------- 
Tanggal: 30-05-2022 08:05:01 
Duration Download Forstok 31.20413517952 Detik
Duration Looping 500 Data 168.06063699722 Detik 
Total Duration 168.06075000763 Detik 
------------------------- 
Tanggal: 30-05-2022 08:10:01 
Duration Download Forstok 11.864359140396 Detik
Duration Looping 500 Data 147.67432618141 Detik 
Total Duration 147.67443919182 Detik 
------------------------- 
Tanggal: 30-05-2022 08:15:01 
Duration Download Forstok 16.06791305542 Detik
Duration Looping 500 Data 154.27544903755 Detik 
Total Duration 154.27553200722 Detik 
------------------------- 
Tanggal: 30-05-2022 08:20:01 
Duration Download Forstok 14.613327980042 Detik
Duration Looping 500 Data 150.95233011246 Detik 
Total Duration 150.95244503021 Detik 
------------------------- 
Tanggal: 30-05-2022 08:25:01 
Duration Download Forstok 9.0958299636841 Detik
Duration Looping 500 Data 141.54307293892 Detik 
Total Duration 141.54317879677 Detik 
------------------------- 
Tanggal: 30-05-2022 08:30:01 
Duration Download Forstok 10.570659160614 Detik
Duration Looping 500 Data 149.42760300636 Detik 
Total Duration 149.42769408226 Detik 
------------------------- 
Tanggal: 30-05-2022 08:35:01 
Duration Download Forstok 23.992774963379 Detik
Duration Looping 500 Data 171.72023701668 Detik 
Total Duration 171.72032308578 Detik 
------------------------- 
Tanggal: 30-05-2022 08:40:01 
Duration Download Forstok 9.6124861240387 Detik
Duration Looping 500 Data 161.19526720047 Detik 
Total Duration 161.1953561306 Detik 
------------------------- 
Tanggal: 30-05-2022 08:45:01 
Duration Download Forstok 12.902200937271 Detik
Duration Looping 500 Data 158.39044594765 Detik 
Total Duration 158.39055204391 Detik 
------------------------- 
Tanggal: 30-05-2022 08:50:01 
Duration Download Forstok 12.432849884033 Detik
Duration Looping 500 Data 166.91295385361 Detik 
Total Duration 166.91304779053 Detik 
------------------------- 
Tanggal: 30-05-2022 08:55:01 
Duration Download Forstok 11.331264972687 Detik
Duration Looping 500 Data 153.29527401924 Detik 
Total Duration 153.29536795616 Detik 
------------------------- 
Tanggal: 30-05-2022 09:00:01 
Duration Download Forstok 12.307362794876 Detik
Duration Looping 500 Data 155.31733798981 Detik 
Total Duration 155.31741189957 Detik 
------------------------- 
Tanggal: 30-05-2022 09:05:01 
Duration Download Forstok 33.367403030396 Detik
Duration Looping 500 Data 174.82106518745 Detik 
Total Duration 174.82115411758 Detik 
------------------------- 
Tanggal: 30-05-2022 09:10:01 
Duration Download Forstok 12.351212024689 Detik
Duration Looping 500 Data 158.42746806145 Detik 
Total Duration 158.42757606506 Detik 
------------------------- 
Tanggal: 30-05-2022 09:15:01 
Duration Download Forstok 11.875581026077 Detik
Duration Looping 500 Data 159.50991511345 Detik 
Total Duration 159.51003909111 Detik 
------------------------- 
Tanggal: 30-05-2022 09:20:01 
Duration Download Forstok 12.883680820465 Detik
Duration Looping 500 Data 157.81212496758 Detik 
Total Duration 157.81224679947 Detik 
------------------------- 
Tanggal: 30-05-2022 09:25:01 
Duration Download Forstok 8.8631429672241 Detik
Duration Looping 500 Data 155.30894398689 Detik 
Total Duration 155.30904579163 Detik 
------------------------- 
Tanggal: 30-05-2022 09:30:02 
Duration Download Forstok 16.23338508606 Detik
Duration Looping 500 Data 162.40737199783 Detik 
Total Duration 162.40748405457 Detik 
------------------------- 
Tanggal: 30-05-2022 09:35:01 
Duration Download Forstok 19.507675170898 Detik
Duration Looping 500 Data 165.91026210785 Detik 
Total Duration 165.91038012505 Detik 
------------------------- 
Tanggal: 30-05-2022 09:40:01 
Duration Download Forstok 9.9058949947357 Detik
Duration Looping 500 Data 152.81588888168 Detik 
Total Duration 152.81596708298 Detik 
------------------------- 
Tanggal: 30-05-2022 09:45:02 
Duration Download Forstok 16.979504108429 Detik
Duration Looping 500 Data 163.9027299881 Detik 
Total Duration 163.90282416344 Detik 
------------------------- 
Tanggal: 30-05-2022 09:50:01 
Duration Download Forstok 12.486981868744 Detik
Duration Looping 500 Data 158.75466299057 Detik 
Total Duration 158.75473880768 Detik 
------------------------- 
Tanggal: 30-05-2022 09:55:01 
Duration Download Forstok 14.893310785294 Detik
Duration Looping 500 Data 165.09154295921 Detik 
Total Duration 165.09164190292 Detik 
------------------------- 
Tanggal: 30-05-2022 10:00:01 
Duration Download Forstok 10.805579900742 Detik
Duration Looping 500 Data 154.26644086838 Detik 
Total Duration 154.26654696465 Detik 
------------------------- 
Tanggal: 30-05-2022 10:05:01 
Duration Download Forstok 13.058048009872 Detik
Duration Looping 500 Data 160.65430116653 Detik 
Total Duration 160.65440416336 Detik 
------------------------- 
Tanggal: 30-05-2022 10:10:01 
Duration Download Forstok 15.662889957428 Detik
Duration Looping 500 Data 161.76578688622 Detik 
Total Duration 161.76587295532 Detik 
------------------------- 
Tanggal: 30-05-2022 10:15:01 
Duration Download Forstok 12.244086027145 Detik
Duration Looping 500 Data 160.59393596649 Detik 
Total Duration 160.59403991699 Detik 
------------------------- 
Tanggal: 30-05-2022 10:20:01 
Duration Download Forstok 9.8129880428314 Detik
Duration Looping 500 Data 160.52807998657 Detik 
Total Duration 160.52815389633 Detik 
------------------------- 
Tanggal: 30-05-2022 10:25:01 
Duration Download Forstok 9.8487470149994 Detik
Duration Looping 500 Data 158.73660111427 Detik 
Total Duration 158.73668313026 Detik 
------------------------- 
Tanggal: 30-05-2022 10:30:01 
Duration Download Forstok 14.172108888626 Detik
Duration Looping 500 Data 160.7408349514 Detik 
Total Duration 160.74091982841 Detik 
------------------------- 
Tanggal: 30-05-2022 10:35:01 
Duration Download Forstok 19.914169073105 Detik
Duration Looping 500 Data 160.48703408241 Detik 
Total Duration 160.48713302612 Detik 
------------------------- 
Tanggal: 30-05-2022 10:40:01 
Duration Download Forstok 10.469900131226 Detik
Duration Looping 500 Data 158.54132008553 Detik 
Total Duration 158.54141712189 Detik 
------------------------- 
Tanggal: 30-05-2022 10:45:01 
Duration Download Forstok 15.228821992874 Detik
Duration Looping 500 Data 162.47950315475 Detik 
Total Duration 162.47959208488 Detik 
------------------------- 
Tanggal: 30-05-2022 10:50:01 
Duration Download Forstok 11.710942983627 Detik
Duration Looping 500 Data 164.44635295868 Detik 
Total Duration 164.44642806053 Detik 
------------------------- 
Tanggal: 30-05-2022 10:55:01 
Duration Download Forstok 12.347986221313 Detik
Duration Looping 500 Data 157.69205904007 Detik 
Total Duration 157.69213819504 Detik 
------------------------- 
Tanggal: 30-05-2022 11:00:02 
Duration Download Forstok 12.46999001503 Detik
Duration Looping 500 Data 167.33356690407 Detik 
Total Duration 167.33367800713 Detik 
------------------------- 
Tanggal: 30-05-2022 11:05:01 
Duration Download Forstok 36.654721975327 Detik
Duration Looping 500 Data 180.07280611992 Detik 
Total Duration 180.07292199135 Detik 
------------------------- 
Tanggal: 30-05-2022 11:10:01 
Duration Download Forstok 29.003361940384 Detik
Duration Looping 500 Data 173.95109701157 Detik 
Total Duration 173.95117688179 Detik 
------------------------- 
Tanggal: 30-05-2022 11:15:01 
Duration Download Forstok 17.676735877991 Detik
Duration Looping 500 Data 160.36444497108 Detik 
Total Duration 160.36455798149 Detik 
------------------------- 
Tanggal: 30-05-2022 11:20:01 
Duration Download Forstok 17.019737958908 Detik
Duration Looping 500 Data 159.75314092636 Detik 
Total Duration 159.75327086449 Detik 
------------------------- 
Tanggal: 30-05-2022 11:25:01 
Duration Download Forstok 8.6830818653107 Detik
Duration Looping 500 Data 155.74788689613 Detik 
Total Duration 155.74799799919 Detik 
------------------------- 
Tanggal: 30-05-2022 11:30:01 
Duration Download Forstok 12.372140884399 Detik
Duration Looping 500 Data 157.56623101234 Detik 
Total Duration 157.56634187698 Detik 
------------------------- 
Tanggal: 30-05-2022 11:35:01 
Duration Download Forstok 14.792387008667 Detik
Duration Looping 500 Data 157.43302512169 Detik 
Total Duration 157.43310618401 Detik 
------------------------- 
Tanggal: 30-05-2022 11:40:01 
Duration Download Forstok 13.192836999893 Detik
Duration Looping 500 Data 160.21744084358 Detik 
Total Duration 160.21751689911 Detik 
------------------------- 
Tanggal: 30-05-2022 11:45:01 
Duration Download Forstok 14.684970855713 Detik
Duration Looping 500 Data 157.07535386086 Detik 
Total Duration 157.07543683052 Detik 
------------------------- 
Tanggal: 30-05-2022 11:50:01 
Duration Download Forstok 9.5514719486237 Detik
Duration Looping 500 Data 153.60835599899 Detik 
Total Duration 153.60845398903 Detik 
------------------------- 
Tanggal: 30-05-2022 11:55:01 
Duration Download Forstok 17.543032884598 Detik
Duration Looping 500 Data 157.79877686501 Detik 
Total Duration 157.79885697365 Detik 
------------------------- 
Tanggal: 30-05-2022 12:00:02 
Duration Download Forstok 18.539957046509 Detik
Duration Looping 500 Data 164.48109006882 Detik 
Total Duration 164.48117303848 Detik 
------------------------- 
Tanggal: 30-05-2022 12:05:01 
Duration Download Forstok 27.98810005188 Detik
Duration Looping 500 Data 173.11347484589 Detik 
Total Duration 173.11356091499 Detik 
------------------------- 
Tanggal: 30-05-2022 12:10:01 
Duration Download Forstok 11.429209947586 Detik
Duration Looping 500 Data 148.11617994308 Detik 
Total Duration 148.11625504494 Detik 
------------------------- 
Tanggal: 30-05-2022 12:15:01 
Duration Download Forstok 14.388365983963 Detik
Duration Looping 500 Data 154.34938097 Detik 
Total Duration 154.34949612617 Detik 
------------------------- 
Tanggal: 30-05-2022 12:20:01 
Duration Download Forstok 11.801460027695 Detik
Duration Looping 500 Data 151.58558702469 Detik 
Total Duration 151.58568787575 Detik 
------------------------- 
Tanggal: 30-05-2022 12:25:01 
Duration Download Forstok 8.5847251415253 Detik
Duration Looping 500 Data 140.26736712456 Detik 
Total Duration 140.26748514175 Detik 
------------------------- 
Tanggal: 30-05-2022 12:30:01 
Duration Download Forstok 14.788522958755 Detik
Duration Looping 500 Data 155.33486104012 Detik 
Total Duration 155.33498382568 Detik 
------------------------- 
Tanggal: 30-05-2022 12:35:01 
Duration Download Forstok 24.958322048187 Detik
Duration Looping 500 Data 162.96207809448 Detik 
Total Duration 162.96220898628 Detik 
------------------------- 
Tanggal: 30-05-2022 12:40:01 
Duration Download Forstok 16.281677961349 Detik
Duration Looping 500 Data 158.70401310921 Detik 
Total Duration 158.70409202576 Detik 
------------------------- 
Tanggal: 30-05-2022 12:45:01 
Duration Download Forstok 19.226004838943 Detik
Duration Looping 500 Data 157.38236093521 Detik 
Total Duration 157.38244986534 Detik 
------------------------- 
Tanggal: 30-05-2022 12:50:01 
Duration Download Forstok 11.028579950333 Detik
Duration Looping 500 Data 146.7278649807 Detik 
Total Duration 146.72794795036 Detik 
------------------------- 
Tanggal: 30-05-2022 12:55:01 
Duration Download Forstok 12.636589050293 Detik
Duration Looping 500 Data 154.80190110207 Detik 
Total Duration 154.80198597908 Detik 
------------------------- 
Tanggal: 30-05-2022 13:00:01 
Duration Download Forstok 12.054762125015 Detik
Duration Looping 500 Data 153.59390115738 Detik 
Total Duration 153.59397721291 Detik 
------------------------- 
Tanggal: 30-05-2022 13:05:01 
Duration Download Forstok 9.8260071277618 Detik
Duration Looping 500 Data 148.57835412025 Detik 
Total Duration 148.57845902443 Detik 
------------------------- 
Tanggal: 30-05-2022 13:10:01 
Duration Download Forstok 16.224849224091 Detik
Duration Looping 500 Data 163.17019915581 Detik 
Total Duration 163.17030215263 Detik 
------------------------- 
Tanggal: 30-05-2022 13:15:01 
Duration Download Forstok 19.745481014252 Detik
Duration Looping 500 Data 165.73714399338 Detik 
Total Duration 165.73723196983 Detik 
------------------------- 
Tanggal: 30-05-2022 13:20:01 
Duration Download Forstok 18.371961832047 Detik
Duration Looping 500 Data 165.22364401817 Detik 
Total Duration 165.22373890877 Detik 
------------------------- 
Tanggal: 30-05-2022 13:25:01 
Duration Download Forstok 10.236829996109 Detik
Duration Looping 500 Data 159.26700997353 Detik 
Total Duration 159.26711893082 Detik 
------------------------- 
Tanggal: 30-05-2022 13:30:01 
Duration Download Forstok 17.386734008789 Detik
Duration Looping 500 Data 167.46857881546 Detik 
Total Duration 167.46866297722 Detik 
------------------------- 
Tanggal: 30-05-2022 13:35:01 
Duration Download Forstok 22.116497039795 Detik
Duration Looping 500 Data 166.9913611412 Detik 
Total Duration 166.99145507812 Detik 
------------------------- 
Tanggal: 30-05-2022 13:40:01 
Duration Download Forstok 11.855698108673 Detik
Duration Looping 500 Data 157.44115114212 Detik 
Total Duration 157.44127202034 Detik 
------------------------- 
Tanggal: 30-05-2022 13:45:01 
Duration Download Forstok 15.798624992371 Detik
Duration Looping 500 Data 159.0890109539 Detik 
Total Duration 159.08910393715 Detik 
------------------------- 
Tanggal: 30-05-2022 13:50:01 
Duration Download Forstok 12.896696090698 Detik
Duration Looping 500 Data 153.88182091713 Detik 
Total Duration 153.88190889359 Detik 
------------------------- 
Tanggal: 30-05-2022 13:55:01 
Duration Download Forstok 13.492216110229 Detik
Duration Looping 500 Data 156.61775112152 Detik 
Total Duration 156.6178560257 Detik 
------------------------- 
Tanggal: 30-05-2022 14:00:01 
Duration Download Forstok 10.486214876175 Detik
Duration Looping 500 Data 156.94761300087 Detik 
Total Duration 156.94768691063 Detik 
------------------------- 
Tanggal: 30-05-2022 14:05:01 
Duration Download Forstok 11.731793880463 Detik
Duration Looping 500 Data 157.68790102005 Detik 
Total Duration 157.68798995018 Detik 
------------------------- 
Tanggal: 30-05-2022 14:10:01 
Duration Download Forstok 20.175685882568 Detik
Duration Looping 500 Data 163.98641490936 Detik 
Total Duration 163.98649787903 Detik 
------------------------- 
Tanggal: 30-05-2022 14:15:01 
Duration Download Forstok 11.763424873352 Detik
Duration Looping 500 Data 159.50343894958 Detik 
Total Duration 159.50353002548 Detik 
------------------------- 
Tanggal: 30-05-2022 14:20:01 
Duration Download Forstok 18.430069923401 Detik
Duration Looping 500 Data 162.77931404114 Detik 
Total Duration 162.77941703796 Detik 
------------------------- 
Tanggal: 30-05-2022 14:25:01 
Duration Download Forstok 11.201894044876 Detik
Duration Looping 500 Data 157.36663103104 Detik 
Total Duration 157.3667318821 Detik 
------------------------- 
Tanggal: 30-05-2022 14:30:02 
Duration Download Forstok 11.710625171661 Detik
Duration Looping 500 Data 165.86946320534 Detik 
Total Duration 165.86953902245 Detik 
------------------------- 
Tanggal: 30-05-2022 14:35:01 
Duration Download Forstok 24.9747569561 Detik
Duration Looping 500 Data 165.68192410469 Detik 
Total Duration 165.68201088905 Detik 
------------------------- 
Tanggal: 30-05-2022 14:40:01 
Duration Download Forstok 9.5926840305328 Detik
Duration Looping 500 Data 154.86377191544 Detik 
Total Duration 154.8638548851 Detik 
------------------------- 
Tanggal: 30-05-2022 14:45:01 
Duration Download Forstok 20.286678791046 Detik
Duration Looping 500 Data 163.30127692223 Detik 
Total Duration 163.30139088631 Detik 
------------------------- 
Tanggal: 30-05-2022 14:50:01 
Duration Download Forstok 12.698944091797 Detik
Duration Looping 500 Data 157.16183686256 Detik 
Total Duration 157.16192102432 Detik 
------------------------- 
Tanggal: 30-05-2022 14:55:01 
Duration Download Forstok 12.614704847336 Detik
Duration Looping 500 Data 156.51371192932 Detik 
Total Duration 156.51380801201 Detik 
------------------------- 
Tanggal: 30-05-2022 15:00:01 
Duration Download Forstok 16.356662988663 Detik
Duration Looping 500 Data 163.44417881966 Detik 
Total Duration 163.44425392151 Detik 
------------------------- 
Tanggal: 30-05-2022 15:05:01 
Duration Download Forstok 14.770084142685 Detik
Duration Looping 500 Data 159.64384913445 Detik 
Total Duration 159.64395809174 Detik 
------------------------- 
Tanggal: 30-05-2022 15:10:01 
Duration Download Forstok 22.103277921677 Detik
Duration Looping 500 Data 174.08886384964 Detik 
Total Duration 174.088960886 Detik 
------------------------- 
Tanggal: 30-05-2022 15:15:01 
Duration Download Forstok 22.222107887268 Detik
Duration Looping 500 Data 169.14334082603 Detik 
Total Duration 169.14342999458 Detik 
------------------------- 
Tanggal: 30-05-2022 15:20:01 
Duration Download Forstok 13.480355978012 Detik
Duration Looping 500 Data 181.16636800766 Detik 
Total Duration 181.16647005081 Detik 
------------------------- 
Tanggal: 30-05-2022 15:25:01 
Duration Download Forstok 11.970811128616 Detik
Duration Looping 500 Data 162.8441631794 Detik 
Total Duration 162.84427118301 Detik 
------------------------- 
Tanggal: 30-05-2022 15:30:01 
Duration Download Forstok 12.72092795372 Detik
Duration Looping 500 Data 158.83568501472 Detik 
Total Duration 158.83576583862 Detik 
------------------------- 
Tanggal: 30-05-2022 15:35:01 
Duration Download Forstok 11.976541042328 Detik
Duration Looping 500 Data 161.67040610313 Detik 
Total Duration 161.67052793503 Detik 
------------------------- 
Tanggal: 30-05-2022 15:40:01 
Duration Download Forstok 13.451112985611 Detik
Duration Looping 500 Data 165.26569795609 Detik 
Total Duration 165.26578402519 Detik 
------------------------- 
Tanggal: 30-05-2022 15:45:01 
Duration Download Forstok 15.762856006622 Detik
Duration Looping 500 Data 160.23835015297 Detik 
Total Duration 160.23848009109 Detik 
------------------------- 
Tanggal: 30-05-2022 15:50:01 
Duration Download Forstok 59.439926862717 Detik
Tanggal: 30-05-2022 15:55:01 
Duration Download Forstok 11.261259078979 Detik
Duration Looping 500 Data 166.44994401932 Detik 
Total Duration 166.45002293587 Detik 
------------------------- 
Tanggal: 30-05-2022 16:00:01 
Duration Download Forstok 13.994462013245 Detik
Duration Looping 500 Data 166.35180592537 Detik 
Total Duration 166.35191488266 Detik 
------------------------- 
Tanggal: 30-05-2022 16:05:02 
Duration Download Forstok 12.070457220078 Detik
Duration Looping 500 Data 156.73178219795 Detik 
Total Duration 156.73190808296 Detik 
------------------------- 
Tanggal: 30-05-2022 16:10:01 
Duration Download Forstok 17.635334968567 Detik
Duration Looping 500 Data 167.07660698891 Detik 
Total Duration 167.07671308517 Detik 
------------------------- 
Tanggal: 30-05-2022 16:15:01 
Duration Download Forstok 22.831670999527 Detik
Duration Looping 500 Data 168.98248195648 Detik 
Total Duration 168.98257398605 Detik 
------------------------- 
Tanggal: 30-05-2022 16:20:01 
Duration Download Forstok 12.90589594841 Detik
Duration Looping 500 Data 158.79319787025 Detik 
Total Duration 158.79327487946 Detik 
------------------------- 
Tanggal: 30-05-2022 16:25:01 
Duration Download Forstok 10.065784931183 Detik
Duration Looping 500 Data 151.53476285934 Detik 
Total Duration 151.53485298157 Detik 
------------------------- 
Tanggal: 30-05-2022 16:30:01 
Duration Download Forstok 19.692422866821 Detik
Duration Looping 500 Data 168.28115701675 Detik 
Total Duration 168.28123784065 Detik 
------------------------- 
Tanggal: 30-05-2022 16:35:01 
Duration Download Forstok 11.457509040833 Detik
Duration Looping 500 Data 151.88094091415 Detik 
Total Duration 151.88102483749 Detik 
------------------------- 
Tanggal: 30-05-2022 16:40:01 
Duration Download Forstok 15.257612943649 Detik
Duration Looping 500 Data 160.43224382401 Detik 
Total Duration 160.43233990669 Detik 
------------------------- 
Tanggal: 30-05-2022 16:45:01 
Duration Download Forstok 18.012935161591 Detik
Duration Looping 500 Data 157.30835604668 Detik 
Total Duration 157.30843305588 Detik 
------------------------- 
Tanggal: 30-05-2022 16:50:01 
Duration Download Forstok 10.757313966751 Detik
Duration Looping 500 Data 152.11256504059 Detik 
Total Duration 152.11268401146 Detik 
------------------------- 
Tanggal: 30-05-2022 16:55:01 
Duration Download Forstok 10.66712808609 Detik
Duration Looping 500 Data 152.22706913948 Detik 
Total Duration 152.22718119621 Detik 
------------------------- 
Tanggal: 30-05-2022 17:00:02 
Duration Download Forstok 13.852648019791 Detik
Duration Looping 500 Data 159.73938703537 Detik 
Total Duration 159.73946809769 Detik 
------------------------- 
Tanggal: 30-05-2022 17:05:01 
Duration Download Forstok 34.306832075119 Detik
Duration Looping 500 Data 175.81808304787 Detik 
Total Duration 175.8181989193 Detik 
------------------------- 
Tanggal: 30-05-2022 17:10:01 
Duration Download Forstok 17.320172071457 Detik
Duration Looping 500 Data 163.45681214333 Detik 
Total Duration 163.45696020126 Detik 
------------------------- 
Tanggal: 30-05-2022 17:15:01 
Duration Download Forstok 27.63645195961 Detik
Duration Looping 500 Data 163.48655605316 Detik 
Total Duration 163.48666501045 Detik 
------------------------- 
Tanggal: 30-05-2022 17:20:01 
Duration Download Forstok 12.496459007263 Detik
Duration Looping 500 Data 146.27790999413 Detik 
Total Duration 146.27802681923 Detik 
------------------------- 
Tanggal: 30-05-2022 17:25:01 
Duration Download Forstok 9.02299284935 Detik
Duration Looping 500 Data 147.32095980644 Detik 
Total Duration 147.32104992867 Detik 
------------------------- 
Tanggal: 30-05-2022 17:30:01 
Duration Download Forstok 12.869177818298 Detik
Duration Looping 500 Data 157.53706979752 Detik 
Total Duration 157.53718090057 Detik 
------------------------- 
Tanggal: 30-05-2022 17:35:01 
Duration Download Forstok 22.800489902496 Detik
Duration Looping 500 Data 159.49717402458 Detik 
Total Duration 159.49725794792 Detik 
------------------------- 
Tanggal: 30-05-2022 17:40:01 
Duration Download Forstok 11.623183965683 Detik
Duration Looping 500 Data 144.06247806549 Detik 
Total Duration 144.06259012222 Detik 
------------------------- 
Tanggal: 30-05-2022 17:45:01 
Duration Download Forstok 17.657361984253 Detik
Duration Looping 500 Data 151.89254188538 Detik 
Total Duration 151.89263796806 Detik 
------------------------- 
Tanggal: 30-05-2022 17:50:01 
Duration Download Forstok 13.461438894272 Detik
Duration Looping 500 Data 152.41097402573 Detik 
Total Duration 152.41108298302 Detik 
------------------------- 
Tanggal: 30-05-2022 17:55:01 
Duration Download Forstok 10.817466020584 Detik
Duration Looping 500 Data 143.05512881279 Detik 
Total Duration 143.05521392822 Detik 
------------------------- 
Tanggal: 30-05-2022 18:00:01 
Duration Download Forstok 12.679056167603 Detik
Duration Looping 500 Data 148.07781410217 Detik 
Total Duration 148.07792115211 Detik 
------------------------- 
Tanggal: 30-05-2022 18:05:02 
Duration Download Forstok 24.90584897995 Detik
Duration Looping 500 Data 157.3704419136 Detik 
Total Duration 157.37055778503 Detik 
------------------------- 
Tanggal: 30-05-2022 18:10:01 
Duration Download Forstok 9.6076729297638 Detik
Duration Looping 500 Data 143.47024393082 Detik 
Total Duration 143.4703848362 Detik 
------------------------- 
Tanggal: 30-05-2022 18:15:01 
Duration Download Forstok 14.674706935883 Detik
Duration Looping 500 Data 151.25648283958 Detik 
Total Duration 151.25660085678 Detik 
------------------------- 
Tanggal: 30-05-2022 18:20:01 
Duration Download Forstok 12.391129970551 Detik
Duration Looping 500 Data 143.87128901482 Detik 
Total Duration 143.87137293816 Detik 
------------------------- 
Tanggal: 30-05-2022 18:25:01 
Duration Download Forstok 13.644731998444 Detik
Duration Looping 500 Data 153.6246111393 Detik 
Total Duration 153.62468910217 Detik 
------------------------- 
Tanggal: 30-05-2022 18:30:01 
Duration Download Forstok 15.549467086792 Detik
Duration Looping 500 Data 151.17154812813 Detik 
Total Duration 151.17165994644 Detik 
------------------------- 
Tanggal: 30-05-2022 18:35:01 
Duration Download Forstok 14.046148061752 Detik
Duration Looping 500 Data 143.89088511467 Detik 
Total Duration 143.89097189903 Detik 
------------------------- 
Tanggal: 30-05-2022 18:40:02 
Duration Download Forstok 12.951247930527 Detik
Duration Looping 500 Data 147.57748103142 Detik 
Total Duration 147.57757997513 Detik 
------------------------- 
Tanggal: 30-05-2022 18:45:01 
Duration Download Forstok 15.572041034698 Detik
Duration Looping 500 Data 148.19447398186 Detik 
Total Duration 148.19459009171 Detik 
------------------------- 
Tanggal: 30-05-2022 18:50:01 
Duration Download Forstok 12.973417043686 Detik
Duration Looping 500 Data 150.50755000114 Detik 
Total Duration 150.50763988495 Detik 
------------------------- 
Tanggal: 30-05-2022 18:55:01 
Duration Download Forstok 8.9046120643616 Detik
Duration Looping 500 Data 142.11030101776 Detik 
Total Duration 142.1104080677 Detik 
------------------------- 
Tanggal: 30-05-2022 19:00:01 
Duration Download Forstok 13.490450143814 Detik
Duration Looping 500 Data 148.67537498474 Detik 
Total Duration 148.67548513412 Detik 
------------------------- 
Tanggal: 30-05-2022 19:05:01 
Duration Download Forstok 22.441847085953 Detik
Duration Looping 500 Data 153.77482700348 Detik 
Total Duration 153.7749171257 Detik 
------------------------- 
Tanggal: 30-05-2022 19:10:01 
Duration Download Forstok 13.520467042923 Detik
Duration Looping 500 Data 151.8162779808 Detik 
Total Duration 151.81638002396 Detik 
------------------------- 
Tanggal: 30-05-2022 19:15:01 
Duration Download Forstok 14.114011049271 Detik
Duration Looping 500 Data 150.05964398384 Detik 
Total Duration 150.05978798866 Detik 
------------------------- 
Tanggal: 30-05-2022 19:20:01 
Duration Download Forstok 13.469621896744 Detik
Duration Looping 500 Data 154.52140283585 Detik 
Total Duration 154.52149796486 Detik 
------------------------- 
Tanggal: 30-05-2022 19:25:01 
Duration Download Forstok 15.84673500061 Detik
Duration Looping 500 Data 147.88454389572 Detik 
Total Duration 147.88464999199 Detik 
------------------------- 
Tanggal: 30-05-2022 19:30:01 
Duration Download Forstok 17.706904888153 Detik
Duration Looping 500 Data 149.22345089912 Detik 
Total Duration 149.22353196144 Detik 
------------------------- 
Tanggal: 30-05-2022 19:35:01 
Duration Download Forstok 9.7932350635529 Detik
Duration Looping 500 Data 148.73275613785 Detik 
Total Duration 148.73288106918 Detik 
------------------------- 
Tanggal: 30-05-2022 19:40:01 
Duration Download Forstok 19.339398145676 Detik
Duration Looping 500 Data 149.76370000839 Detik 
Total Duration 149.76377701759 Detik 
------------------------- 
Tanggal: 30-05-2022 19:45:01 
Duration Download Forstok 22.030202865601 Detik
Duration Looping 500 Data 162.45939493179 Detik 
Total Duration 162.45952391624 Detik 
------------------------- 
Tanggal: 30-05-2022 19:50:00 
Duration Download Forstok 9.269816160202 Detik
Duration Looping 500 Data 148.20028710365 Detik 
Total Duration 148.20039701462 Detik 
------------------------- 
Tanggal: 30-05-2022 19:55:01 
Duration Download Forstok 10.214535951614 Detik
Duration Looping 500 Data 149.82868599892 Detik 
Total Duration 149.8287820816 Detik 
------------------------- 
Tanggal: 30-05-2022 20:00:01 
Duration Download Forstok 18.386780023575 Detik
Duration Looping 500 Data 155.84085607529 Detik 
Total Duration 155.84098005295 Detik 
------------------------- 
Tanggal: 30-05-2022 20:05:01 
Duration Download Forstok 29.062302112579 Detik
Duration Looping 500 Data 164.13066005707 Detik 
Total Duration 164.13078212738 Detik 
------------------------- 
Tanggal: 30-05-2022 20:10:02 
Duration Download Forstok 13.058244943619 Detik
Duration Looping 500 Data 147.4385099411 Detik 
Total Duration 147.43859887123 Detik 
------------------------- 
Tanggal: 30-05-2022 20:15:01 
Duration Download Forstok 14.390105962753 Detik
Duration Looping 500 Data 151.34751105309 Detik 
Total Duration 151.34759807587 Detik 
------------------------- 
Tanggal: 30-05-2022 20:20:01 
Duration Download Forstok 9.335156917572 Detik
Duration Looping 500 Data 143.29575300217 Detik 
Total Duration 143.29583692551 Detik 
------------------------- 
Tanggal: 30-05-2022 20:25:01 
Duration Download Forstok 8.8176140785217 Detik
Duration Looping 500 Data 146.27726411819 Detik 
Total Duration 146.27734303474 Detik 
------------------------- 
Tanggal: 30-05-2022 20:30:01 
Duration Download Forstok 14.299649000168 Detik
Duration Looping 500 Data 144.51564192772 Detik 
Total Duration 144.51575493813 Detik 
------------------------- 
Tanggal: 30-05-2022 20:35:01 
Duration Download Forstok 16.640383005142 Detik
Duration Looping 500 Data 148.84697198868 Detik 
Total Duration 148.84708309174 Detik 
------------------------- 
Tanggal: 30-05-2022 20:40:01 
Duration Download Forstok 11.437227010727 Detik
Duration Looping 500 Data 145.58611607552 Detik 
Total Duration 145.58621811867 Detik 
------------------------- 
Tanggal: 30-05-2022 20:45:01 
Duration Download Forstok 17.557745933533 Detik
Duration Looping 500 Data 152.87558102608 Detik 
Total Duration 152.87566494942 Detik 
------------------------- 
Tanggal: 30-05-2022 20:50:01 
Duration Download Forstok 12.076242923737 Detik
Duration Looping 500 Data 146.94630885124 Detik 
Total Duration 146.94638991356 Detik 
------------------------- 
Tanggal: 30-05-2022 20:55:01 
Duration Download Forstok 17.055198907852 Detik
Duration Looping 500 Data 153.30903887749 Detik 
Total Duration 153.30915784836 Detik 
------------------------- 
Tanggal: 30-05-2022 21:00:01 
Duration Download Forstok 13.933124065399 Detik
Duration Looping 500 Data 154.07254004478 Detik 
Total Duration 154.07265305519 Detik 
------------------------- 
Tanggal: 30-05-2022 21:05:01 
Duration Download Forstok 9.1239140033722 Detik
Duration Looping 500 Data 141.70823311806 Detik 
Total Duration 141.70830392838 Detik 
------------------------- 
Tanggal: 30-05-2022 21:10:01 
Duration Download Forstok 10.539435148239 Detik
Duration Looping 500 Data 145.68727016449 Detik 
Total Duration 145.68737912178 Detik 
------------------------- 
Tanggal: 30-05-2022 21:15:01 
Duration Download Forstok 12.793145895004 Detik
Duration Looping 500 Data 149.32109308243 Detik 
Total Duration 149.32119393349 Detik 
------------------------- 
Tanggal: 30-05-2022 21:20:01 
Duration Download Forstok 17.572432994843 Detik
Duration Looping 500 Data 147.21919703484 Detik 
Total Duration 147.21931004524 Detik 
------------------------- 
Tanggal: 30-05-2022 21:25:01 
Duration Download Forstok 11.725142002106 Detik
Duration Looping 500 Data 151.01307702065 Detik 
Total Duration 151.0131649971 Detik 
------------------------- 
Tanggal: 30-05-2022 21:30:01 
Duration Download Forstok 13.369232177734 Detik
Duration Looping 500 Data 148.09576106071 Detik 
Total Duration 148.0958750248 Detik 
------------------------- 
Tanggal: 30-05-2022 21:35:01 
Duration Download Forstok 9.4138038158417 Detik
Duration Looping 500 Data 143.49515295029 Detik 
Total Duration 143.49526381493 Detik 
------------------------- 
Tanggal: 30-05-2022 21:40:01 
Duration Download Forstok 12.843940019608 Detik
Duration Looping 500 Data 146.08182811737 Detik 
Total Duration 146.08192801476 Detik 
------------------------- 
Tanggal: 30-05-2022 21:45:01 
Duration Download Forstok 13.594910144806 Detik
Duration Looping 500 Data 146.85229492188 Detik 
Total Duration 146.85237598419 Detik 
------------------------- 
Tanggal: 30-05-2022 21:50:01 
Duration Download Forstok 9.8382949829102 Detik
Duration Looping 500 Data 144.17355108261 Detik 
Total Duration 144.17362904549 Detik 
------------------------- 
Tanggal: 30-05-2022 21:55:01 
Duration Download Forstok 12.591566085815 Detik
Duration Looping 500 Data 144.98656606674 Detik 
Total Duration 144.98668909073 Detik 
------------------------- 
Tanggal: 30-05-2022 22:00:01 
Duration Download Forstok 12.517435073853 Detik
Duration Looping 500 Data 150.21972823143 Detik 
Total Duration 150.21981620789 Detik 
------------------------- 
Tanggal: 30-05-2022 22:05:01 
Duration Download Forstok 11.331493854523 Detik
Duration Looping 500 Data 144.36576390266 Detik 
Total Duration 144.36588287354 Detik 
------------------------- 
Tanggal: 30-05-2022 22:10:01 
Duration Download Forstok 11.725253105164 Detik
Duration Looping 500 Data 153.04886198044 Detik 
Total Duration 153.04896211624 Detik 
------------------------- 
Tanggal: 30-05-2022 22:15:02 
Duration Download Forstok 21.329358100891 Detik
Duration Looping 500 Data 152.59242415428 Detik 
Total Duration 152.59254002571 Detik 
------------------------- 
Tanggal: 30-05-2022 22:20:01 
Duration Download Forstok 14.634927988052 Detik
Duration Looping 500 Data 145.83436989784 Detik 
Total Duration 145.83448410034 Detik 
------------------------- 
Tanggal: 30-05-2022 22:25:01 
Duration Download Forstok 10.125759840012 Detik
Duration Looping 500 Data 143.22589492798 Detik 
Total Duration 143.22598385811 Detik 
------------------------- 
Tanggal: 30-05-2022 22:30:01 
Duration Download Forstok 11.192635059357 Detik
Duration Looping 500 Data 149.53265595436 Detik 
Total Duration 149.53276205063 Detik 
------------------------- 
Tanggal: 30-05-2022 22:35:01 
Duration Download Forstok 19.964668989182 Detik
Duration Looping 500 Data 152.11168479919 Detik 
Total Duration 152.1117708683 Detik 
------------------------- 
Tanggal: 30-05-2022 22:40:01 
Duration Download Forstok 10.874660015106 Detik
Duration Looping 500 Data 141.46070790291 Detik 
Total Duration 141.46081900597 Detik 
------------------------- 
Tanggal: 30-05-2022 22:45:01 
Duration Download Forstok 19.635405063629 Detik
Duration Looping 500 Data 158.4679069519 Detik 
Total Duration 158.46802306175 Detik 
------------------------- 
Tanggal: 30-05-2022 22:50:01 
Duration Download Forstok 16.51748919487 Detik
Duration Looping 500 Data 144.32344317436 Detik 
Total Duration 144.32352209091 Detik 
------------------------- 
Tanggal: 30-05-2022 22:55:01 
Duration Download Forstok 11.319043159485 Detik
Duration Looping 500 Data 137.06830906868 Detik 
Total Duration 137.06841802597 Detik 
------------------------- 
Tanggal: 30-05-2022 23:00:01 
Duration Download Forstok 13.748198986053 Detik
Duration Looping 500 Data 149.67708706856 Detik 
Total Duration 149.67720007896 Detik 
------------------------- 
Tanggal: 30-05-2022 23:05:01 
Duration Download Forstok 10.708407878876 Detik
Duration Looping 500 Data 149.2857260704 Detik 
Total Duration 149.28585195541 Detik 
------------------------- 
Tanggal: 30-05-2022 23:10:01 
Duration Download Forstok 18.983282089233 Detik
Duration Looping 500 Data 149.71351718903 Detik 
Total Duration 149.71364712715 Detik 
------------------------- 
Tanggal: 30-05-2022 23:15:01 
Duration Download Forstok 17.326971054077 Detik
Duration Looping 500 Data 145.70482397079 Detik 
Total Duration 145.70494484901 Detik 
------------------------- 
Tanggal: 30-05-2022 23:20:01 
Duration Download Forstok 11.148847103119 Detik
Duration Looping 500 Data 140.45623517036 Detik 
Total Duration 140.45632505417 Detik 
------------------------- 
Tanggal: 30-05-2022 23:25:01 
Duration Download Forstok 13.743303060532 Detik
Duration Looping 500 Data 147.42575407028 Detik 
Total Duration 147.42586898804 Detik 
------------------------- 
Tanggal: 30-05-2022 23:30:01 
Duration Download Forstok 16.934255838394 Detik
Duration Looping 500 Data 145.99039387703 Detik 
Total Duration 145.9905090332 Detik 
------------------------- 
Tanggal: 30-05-2022 23:35:01 
Duration Download Forstok 12.74742603302 Detik
Duration Looping 500 Data 140.79249191284 Detik 
Total Duration 140.79260396957 Detik 
------------------------- 
Tanggal: 30-05-2022 23:40:01 
Duration Download Forstok 10.153837919235 Detik
Duration Looping 500 Data 135.78783893585 Detik 
Total Duration 135.78795695305 Detik 
------------------------- 
Tanggal: 30-05-2022 23:45:01 
Duration Download Forstok 17.465327978134 Detik
Duration Looping 500 Data 145.29800105095 Detik 
Total Duration 145.29811906815 Detik 
------------------------- 
Tanggal: 30-05-2022 23:50:02 
Duration Download Forstok 9.7477838993073 Detik
Duration Looping 500 Data 142.46447587013 Detik 
Total Duration 142.46459197998 Detik 
------------------------- 
Tanggal: 30-05-2022 23:55:01 
Duration Download Forstok 15.431830883026 Detik
Duration Looping 500 Data 146.88430404663 Detik 
Total Duration 146.88439393044 Detik 
------------------------- 
