Tanggal: 31-08-2022 00:00:01 
Duration Download Forstok 12.985289812088 Detik
Duration Looping 500 Data 1027.7611210346 Detik 
Total Duration 1027.8058679104 Detik 
------------------------- 
Tanggal: 31-08-2022 00:20:01 
Duration Download Forstok 14.6833319664 Detik
Duration Looping 500 Data 188.00061297417 Detik 
Total Duration 188.03260302544 Detik 
------------------------- 
Tanggal: 31-08-2022 00:25:01 
Duration Download Forstok 13.34650182724 Detik
Duration Looping 500 Data 190.37549495697 Detik 
Total Duration 190.40750098228 Detik 
------------------------- 
Tanggal: 31-08-2022 00:30:01 
Duration Download Forstok 18.873537063599 Detik
Duration Looping 500 Data 215.86230301857 Detik 
Total Duration 215.89347815514 Detik 
------------------------- 
Tanggal: 31-08-2022 00:35:01 
Duration Download Forstok 12.039529085159 Detik
Duration Looping 500 Data 178.35271811485 Detik 
Total Duration 178.38282608986 Detik 
------------------------- 
Tanggal: 31-08-2022 00:40:01 
Duration Download Forstok 11.864799022675 Detik
Duration Looping 500 Data 187.82472705841 Detik 
Total Duration 187.85533213615 Detik 
------------------------- 
Tanggal: 31-08-2022 00:45:01 
Duration Download Forstok 15.414380073547 Detik
Duration Looping 500 Data 190.53344392776 Detik 
Total Duration 190.56286501884 Detik 
------------------------- 
Tanggal: 31-08-2022 00:50:01 
Duration Download Forstok 15.789411067963 Detik
Duration Looping 500 Data 187.37647604942 Detik 
Total Duration 187.40518307686 Detik 
------------------------- 
Tanggal: 31-08-2022 00:55:01 
Duration Download Forstok 14.415250062943 Detik
Duration Looping 500 Data 181.31439208984 Detik 
Total Duration 181.31480002403 Detik 
------------------------- 
Tanggal: 31-08-2022 01:00:01 
Duration Download Forstok 19.424652099609 Detik
Duration Looping 500 Data 195.16642403603 Detik 
Total Duration 195.19611501694 Detik 
------------------------- 
Tanggal: 31-08-2022 01:05:01 
Duration Download Forstok 20.255065202713 Detik
Duration Looping 500 Data 199.49716210365 Detik 
Total Duration 199.49738121033 Detik 
------------------------- 
Tanggal: 31-08-2022 01:10:01 
Duration Download Forstok 13.598396062851 Detik
Duration Looping 500 Data 177.26736307144 Detik 
Total Duration 177.29642105103 Detik 
------------------------- 
Tanggal: 31-08-2022 01:15:01 
Duration Download Forstok 15.970999002457 Detik
Duration Looping 500 Data 220.49308395386 Detik 
Total Duration 220.52233695984 Detik 
------------------------- 
Tanggal: 31-08-2022 01:20:01 
Duration Download Forstok 11.351281881332 Detik
Duration Looping 500 Data 171.15355706215 Detik 
Total Duration 171.18287587166 Detik 
------------------------- 
Tanggal: 31-08-2022 01:25:01 
Duration Download Forstok 11.150765895844 Detik
Duration Looping 500 Data 187.10466504097 Detik 
Total Duration 187.13679289818 Detik 
------------------------- 
Tanggal: 31-08-2022 01:30:02 
Duration Download Forstok 13.386348009109 Detik
Duration Looping 500 Data 172.74908804893 Detik 
Total Duration 172.78038907051 Detik 
------------------------- 
Tanggal: 31-08-2022 01:35:01 
Duration Download Forstok 13.840116024017 Detik
Duration Looping 500 Data 157.7724199295 Detik 
Total Duration 157.79895710945 Detik 
------------------------- 
Tanggal: 31-08-2022 01:40:01 
Duration Download Forstok 13.278286218643 Detik
Duration Looping 500 Data 176.47826504707 Detik 
Total Duration 176.50966119766 Detik 
------------------------- 
Tanggal: 31-08-2022 01:45:01 
Duration Download Forstok 15.207607030869 Detik
Duration Looping 500 Data 170.2142059803 Detik 
Total Duration 170.21444106102 Detik 
------------------------- 
Tanggal: 31-08-2022 01:50:01 
Duration Download Forstok 13.219531059265 Detik
Duration Looping 500 Data 179.16854906082 Detik 
Total Duration 179.20050406456 Detik 
------------------------- 
Tanggal: 31-08-2022 01:55:01 
Duration Download Forstok 11.646961927414 Detik
Duration Looping 500 Data 168.24894094467 Detik 
Total Duration 168.24919199944 Detik 
------------------------- 
Tanggal: 31-08-2022 02:00:01 
Duration Download Forstok 15.496575832367 Detik
Duration Looping 500 Data 164.59222698212 Detik 
Total Duration 164.62448191643 Detik 
------------------------- 
Tanggal: 31-08-2022 02:05:01 
Duration Download Forstok 14.315387964249 Detik
Duration Looping 500 Data 166.93406510353 Detik 
Total Duration 166.9625620842 Detik 
------------------------- 
Tanggal: 31-08-2022 02:10:01 
Duration Download Forstok 12.573327064514 Detik
Duration Looping 500 Data 167.28711414337 Detik 
Total Duration 167.31949400902 Detik 
------------------------- 
Tanggal: 31-08-2022 02:15:01 
Duration Download Forstok 17.538511037827 Detik
Duration Looping 500 Data 168.43294000626 Detik 
Total Duration 168.46014595032 Detik 
------------------------- 
Tanggal: 31-08-2022 02:20:01 
Duration Download Forstok 12.616738080978 Detik
Duration Looping 500 Data 162.27406907082 Detik 
Total Duration 162.3005130291 Detik 
------------------------- 
Tanggal: 31-08-2022 02:25:01 
Duration Download Forstok 12.900464773178 Detik
Duration Looping 500 Data 156.87308192253 Detik 
Total Duration 156.90077996254 Detik 
------------------------- 
Tanggal: 31-08-2022 02:30:01 
Duration Download Forstok 13.748926877975 Detik
Duration Looping 500 Data 164.9801568985 Detik 
Total Duration 165.00722289085 Detik 
------------------------- 
Tanggal: 31-08-2022 02:35:01 
Duration Download Forstok 14.671917915344 Detik
Duration Looping 500 Data 163.89131784439 Detik 
Total Duration 163.9196138382 Detik 
------------------------- 
Tanggal: 31-08-2022 02:40:01 
Duration Download Forstok 12.494885921478 Detik
Duration Looping 500 Data 167.51991915703 Detik 
Total Duration 167.54642295837 Detik 
------------------------- 
Tanggal: 31-08-2022 02:45:01 
Duration Download Forstok 13.904765129089 Detik
Duration Looping 500 Data 160.76411104202 Detik 
Total Duration 160.7924849987 Detik 
------------------------- 
Tanggal: 31-08-2022 02:50:01 
Duration Download Forstok 12.382990121841 Detik
Duration Looping 500 Data 172.39693808556 Detik 
Total Duration 172.42828297615 Detik 
------------------------- 
Tanggal: 31-08-2022 02:55:01 
Duration Download Forstok 15.73416686058 Detik
Duration Looping 500 Data 162.97871685028 Detik 
Total Duration 163.00822687149 Detik 
------------------------- 
Tanggal: 31-08-2022 03:00:01 
Duration Download Forstok 13.986847877502 Detik
Duration Looping 500 Data 162.54085087776 Detik 
Total Duration 162.56913399696 Detik 
------------------------- 
Tanggal: 31-08-2022 03:05:02 
Duration Download Forstok 13.372498989105 Detik
Duration Looping 500 Data 170.80863904953 Detik 
Total Duration 170.80888795853 Detik 
------------------------- 
Tanggal: 31-08-2022 03:10:01 
Duration Download Forstok 12.501441001892 Detik
Duration Looping 500 Data 158.49775886536 Detik 
Total Duration 158.52537989616 Detik 
------------------------- 
Tanggal: 31-08-2022 03:15:01 
Duration Download Forstok 13.084520101547 Detik
Duration Looping 500 Data 156.64371299744 Detik 
Total Duration 156.64395189285 Detik 
------------------------- 
Tanggal: 31-08-2022 03:20:01 
Duration Download Forstok 11.999315023422 Detik
Duration Looping 500 Data 162.77920913696 Detik 
Total Duration 162.80602407455 Detik 
------------------------- 
Tanggal: 31-08-2022 03:25:01 
Duration Download Forstok 12.184206008911 Detik
Duration Looping 500 Data 166.99899697304 Detik 
Total Duration 166.99925088882 Detik 
------------------------- 
Tanggal: 31-08-2022 03:30:01 
Duration Download Forstok 13.27898311615 Detik
Duration Looping 500 Data 163.46597003937 Detik 
Total Duration 163.49192810059 Detik 
------------------------- 
Tanggal: 31-08-2022 03:35:01 
Duration Download Forstok 13.303338050842 Detik
Duration Looping 500 Data 156.80861401558 Detik 
Total Duration 156.83616399765 Detik 
------------------------- 
Tanggal: 31-08-2022 03:40:01 
Duration Download Forstok 16.813769102097 Detik
Duration Looping 500 Data 171.98983192444 Detik 
Total Duration 172.01801490784 Detik 
------------------------- 
Tanggal: 31-08-2022 03:45:01 
Duration Download Forstok 13.395753145218 Detik
Duration Looping 500 Data 168.74863409996 Detik 
Total Duration 168.74888014793 Detik 
------------------------- 
Tanggal: 31-08-2022 03:50:01 
Duration Download Forstok 13.000658035278 Detik
Duration Looping 500 Data 164.90931487083 Detik 
Total Duration 164.93650102615 Detik 
------------------------- 
Tanggal: 31-08-2022 03:55:01 
Duration Download Forstok 11.9148042202 Detik
Duration Looping 500 Data 163.19175720215 Detik 
Total Duration 163.19201111794 Detik 
------------------------- 
Tanggal: 31-08-2022 04:00:01 
Duration Download Forstok 25.05690407753 Detik
Duration Looping 500 Data 176.44886302948 Detik 
Total Duration 176.47631692886 Detik 
------------------------- 
Tanggal: 31-08-2022 04:05:01 
Duration Download Forstok 12.541043996811 Detik
Duration Looping 500 Data 155.2727189064 Detik 
Total Duration 155.27295684814 Detik 
------------------------- 
Tanggal: 31-08-2022 04:10:01 
Duration Download Forstok 13.094624042511 Detik
Duration Looping 500 Data 163.20000219345 Detik 
Total Duration 163.23117518425 Detik 
------------------------- 
Tanggal: 31-08-2022 04:15:02 
Duration Download Forstok 14.785571098328 Detik
Duration Looping 500 Data 161.74660110474 Detik 
Total Duration 161.74684095383 Detik 
------------------------- 
Tanggal: 31-08-2022 04:20:01 
Duration Download Forstok 19.646968841553 Detik
Duration Looping 500 Data 177.83305001259 Detik 
Total Duration 177.85942292213 Detik 
------------------------- 
Tanggal: 31-08-2022 04:25:01 
Duration Download Forstok 11.791715145111 Detik
Duration Looping 500 Data 164.55967116356 Detik 
Total Duration 164.55991411209 Detik 
------------------------- 
Tanggal: 31-08-2022 04:30:01 
Duration Download Forstok 17.876527070999 Detik
Duration Looping 500 Data 167.41205596924 Detik 
Total Duration 167.44022011757 Detik 
------------------------- 
Tanggal: 31-08-2022 04:35:01 
Duration Download Forstok 10.734122037888 Detik
Duration Looping 500 Data 158.30869913101 Detik 
Total Duration 158.33538508415 Detik 
------------------------- 
Tanggal: 31-08-2022 04:40:01 
Duration Download Forstok 13.622783899307 Detik
Duration Looping 500 Data 180.25765705109 Detik 
Total Duration 180.28611493111 Detik 
------------------------- 
Tanggal: 31-08-2022 04:45:01 
Duration Download Forstok 14.519399881363 Detik
Duration Looping 500 Data 179.84282398224 Detik 
Total Duration 179.87484383583 Detik 
------------------------- 
Tanggal: 31-08-2022 04:50:01 
Duration Download Forstok 11.444261074066 Detik
Duration Looping 500 Data 158.85391616821 Detik 
Total Duration 158.88068604469 Detik 
------------------------- 
Tanggal: 31-08-2022 04:55:01 
Duration Download Forstok 12.962617874146 Detik
Duration Looping 500 Data 169.78809595108 Detik 
Total Duration 169.81597781181 Detik 
------------------------- 
Tanggal: 31-08-2022 05:00:01 
Duration Download Forstok 13.663343906403 Detik
Duration Looping 500 Data 164.44858288765 Detik 
Total Duration 164.47682499886 Detik 
------------------------- 
Tanggal: 31-08-2022 05:05:01 
Duration Download Forstok 12.047203063965 Detik
Duration Looping 500 Data 153.86782407761 Detik 
Total Duration 153.86806917191 Detik 
------------------------- 
Tanggal: 31-08-2022 05:10:01 
Duration Download Forstok 11.352535009384 Detik
Duration Looping 500 Data 156.06974005699 Detik 
Total Duration 156.09751296043 Detik 
------------------------- 
Tanggal: 31-08-2022 05:15:01 
Duration Download Forstok 13.408081054688 Detik
Duration Looping 500 Data 156.97531509399 Detik 
Total Duration 156.97555208206 Detik 
------------------------- 
Tanggal: 31-08-2022 05:20:01 
Duration Download Forstok 11.105072975159 Detik
Duration Looping 500 Data 170.06908607483 Detik 
Total Duration 170.09431099892 Detik 
------------------------- 
Tanggal: 31-08-2022 05:25:01 
Duration Download Forstok 10.296255111694 Detik
Duration Looping 500 Data 159.33539915085 Detik 
Total Duration 159.36292505264 Detik 
------------------------- 
Tanggal: 31-08-2022 05:30:01 
Duration Download Forstok 12.995140075684 Detik
Duration Looping 500 Data 164.16523599625 Detik 
Total Duration 164.19297909737 Detik 
------------------------- 
Tanggal: 31-08-2022 05:35:01 
Duration Download Forstok 12.153985023499 Detik
Duration Looping 500 Data 159.55406403542 Detik 
Total Duration 159.58071398735 Detik 
------------------------- 
Tanggal: 31-08-2022 05:40:01 
Duration Download Forstok 11.292533874512 Detik
Duration Looping 500 Data 162.44460701942 Detik 
Total Duration 162.47036194801 Detik 
------------------------- 
Tanggal: 31-08-2022 05:45:01 
Duration Download Forstok 13.22278380394 Detik
Duration Looping 500 Data 165.86280298233 Detik 
Total Duration 165.89125180244 Detik 
------------------------- 
Tanggal: 31-08-2022 05:50:01 
Duration Download Forstok 9.969685792923 Detik
Duration Looping 500 Data 163.3208489418 Detik 
Total Duration 163.35103487968 Detik 
------------------------- 
Tanggal: 31-08-2022 05:55:01 
Duration Download Forstok 9.8526768684387 Detik
Duration Looping 500 Data 153.22242188454 Detik 
Total Duration 153.25057601929 Detik 
------------------------- 
Tanggal: 31-08-2022 06:00:02 
Duration Download Forstok 12.462738990784 Detik
Duration Looping 500 Data 169.97492218018 Detik 
Total Duration 170.00504803658 Detik 
------------------------- 
Tanggal: 31-08-2022 06:05:01 
Duration Download Forstok 12.953500986099 Detik
Duration Looping 500 Data 156.56122612953 Detik 
Total Duration 156.58900308609 Detik 
------------------------- 
Tanggal: 31-08-2022 06:10:02 
Duration Download Forstok 10.784559011459 Detik
Duration Looping 500 Data 164.07731819153 Detik 
Total Duration 164.10274600983 Detik 
------------------------- 
Tanggal: 31-08-2022 06:15:01 
Duration Download Forstok 19.101454973221 Detik
Duration Looping 500 Data 180.78063082695 Detik 
Total Duration 180.80821490288 Detik 
------------------------- 
Tanggal: 31-08-2022 06:20:01 
Duration Download Forstok 11.094484090805 Detik
Duration Looping 500 Data 157.05772089958 Detik 
Total Duration 157.08319997787 Detik 
------------------------- 
Tanggal: 31-08-2022 06:25:01 
Duration Download Forstok 10.015008926392 Detik
Duration Looping 500 Data 159.05571603775 Detik 
Total Duration 159.08366799355 Detik 
------------------------- 
Tanggal: 31-08-2022 06:30:01 
Duration Download Forstok 11.58441901207 Detik
Duration Looping 500 Data 164.19404816628 Detik 
Total Duration 164.22084212303 Detik 
------------------------- 
Tanggal: 31-08-2022 06:35:01 
Duration Download Forstok 13.354537010193 Detik
Duration Looping 500 Data 170.24544692039 Detik 
Total Duration 170.27171397209 Detik 
------------------------- 
Tanggal: 31-08-2022 06:40:01 
Duration Download Forstok 11.661025047302 Detik
Duration Looping 500 Data 160.7357878685 Detik 
Total Duration 160.76273798943 Detik 
------------------------- 
Tanggal: 31-08-2022 06:45:01 
Duration Download Forstok 14.747319221497 Detik
Duration Looping 500 Data 174.72839212418 Detik 
Total Duration 174.7552959919 Detik 
------------------------- 
Tanggal: 31-08-2022 06:50:01 
Duration Download Forstok 11.560526132584 Detik
Duration Looping 500 Data 155.14304900169 Detik 
Total Duration 155.17071604729 Detik 
------------------------- 
Tanggal: 31-08-2022 06:55:01 
Duration Download Forstok 8.7581579685211 Detik
Duration Looping 500 Data 164.83529996872 Detik 
Total Duration 164.83554291725 Detik 
------------------------- 
Tanggal: 31-08-2022 07:00:01 
Duration Download Forstok 13.324331045151 Detik
Duration Looping 500 Data 163.24488210678 Detik 
Total Duration 163.27040410042 Detik 
------------------------- 
Tanggal: 31-08-2022 07:05:01 
Duration Download Forstok 9.8557929992676 Detik
Duration Looping 500 Data 161.44832587242 Detik 
Total Duration 161.47570490837 Detik 
------------------------- 
Tanggal: 31-08-2022 07:10:01 
Duration Download Forstok 17.193445920944 Detik
Duration Looping 500 Data 161.88695693016 Detik 
Total Duration 161.91248512268 Detik 
------------------------- 
Tanggal: 31-08-2022 07:15:01 
Duration Download Forstok 15.224903106689 Detik
Duration Looping 500 Data 158.55071616173 Detik 
Total Duration 158.57831597328 Detik 
------------------------- 
Tanggal: 31-08-2022 07:20:01 
Duration Download Forstok 11.856146097183 Detik
Duration Looping 500 Data 156.25296902657 Detik 
Total Duration 156.27890110016 Detik 
------------------------- 
Tanggal: 31-08-2022 07:25:01 
Duration Download Forstok 9.8462541103363 Detik
Duration Looping 500 Data 153.15892601013 Detik 
Total Duration 153.1858830452 Detik 
------------------------- 
Tanggal: 31-08-2022 07:30:01 
Duration Download Forstok 10.346851110458 Detik
Duration Looping 500 Data 165.3895740509 Detik 
Total Duration 165.41793417931 Detik 
------------------------- 
Tanggal: 31-08-2022 07:35:01 
Duration Download Forstok 9.6779069900513 Detik
Duration Looping 500 Data 158.33039093018 Detik 
Total Duration 158.3601269722 Detik 
------------------------- 
Tanggal: 31-08-2022 07:40:01 
Duration Download Forstok 9.954482793808 Detik
Duration Looping 500 Data 154.08517694473 Detik 
Total Duration 154.11239886284 Detik 
------------------------- 
Tanggal: 31-08-2022 07:45:01 
Duration Download Forstok 14.888246059418 Detik
Duration Looping 500 Data 167.83177495003 Detik 
Total Duration 167.85877013206 Detik 
------------------------- 
Tanggal: 31-08-2022 07:50:01 
Duration Download Forstok 14.070954799652 Detik
Duration Looping 500 Data 160.69616794586 Detik 
Total Duration 160.7230219841 Detik 
------------------------- 
Tanggal: 31-08-2022 07:55:01 
Duration Download Forstok 9.8304290771484 Detik
Duration Looping 500 Data 160.29263210297 Detik 
Total Duration 160.32097792625 Detik 
------------------------- 
Tanggal: 31-08-2022 08:00:01 
Duration Download Forstok 20.561491012573 Detik
Duration Looping 500 Data 170.06854009628 Detik 
Total Duration 170.09429311752 Detik 
------------------------- 
Tanggal: 31-08-2022 08:05:01 
Duration Download Forstok 10.237093925476 Detik
Duration Looping 500 Data 157.41725707054 Detik 
Total Duration 157.44327688217 Detik 
------------------------- 
Tanggal: 31-08-2022 08:10:01 
Duration Download Forstok 15.461017847061 Detik
Duration Looping 500 Data 171.27349901199 Detik 
Total Duration 171.30179381371 Detik 
------------------------- 
Tanggal: 31-08-2022 08:15:01 
Duration Download Forstok 18.301786184311 Detik
Duration Looping 500 Data 171.07723808289 Detik 
Tanggal: 31-08-2022 08:20:01 
Duration Download Forstok 21.76197886467 Detik
Duration Looping 500 Data 193.26322388649 Detik 
Tanggal: 31-08-2022 08:25:01 
Duration Download Forstok 10.018354892731 Detik
Duration Looping 500 Data 161.07788109779 Detik 
Tanggal: 31-08-2022 08:30:01 
Duration Download Forstok 13.639034032822 Detik
Duration Looping 500 Data 175.65046715736 Detik 
Tanggal: 31-08-2022 08:35:01 
Duration Download Forstok 14.129889011383 Detik
Duration Looping 500 Data 169.74160194397 Detik 
Tanggal: 31-08-2022 08:40:01 
Duration Download Forstok 9.7776072025299 Detik
Duration Looping 500 Data 180.74010705948 Detik 
Tanggal: 31-08-2022 08:45:01 
Duration Download Forstok 16.232095003128 Detik
Duration Looping 500 Data 187.37051391602 Detik 
Tanggal: 31-08-2022 08:50:01 
Duration Download Forstok 15.149657011032 Detik
Duration Looping 500 Data 198.7966940403 Detik 
Tanggal: 31-08-2022 08:55:01 
Duration Download Forstok 14.66175699234 Detik
Duration Looping 500 Data 178.07535195351 Detik 
Tanggal: 31-08-2022 09:00:01 
Duration Download Forstok 12.698937177658 Detik
Duration Looping 500 Data 181.21434497833 Detik 
Tanggal: 31-08-2022 09:05:01 
Duration Download Forstok 12.15726518631 Detik
Duration Looping 500 Data 175.43472313881 Detik 
Tanggal: 31-08-2022 09:10:01 
Duration Download Forstok 13.250727891922 Detik
Duration Looping 500 Data 178.87616682053 Detik 
Tanggal: 31-08-2022 09:15:01 
Duration Download Forstok 18.386379003525 Detik
Duration Looping 500 Data 187.41170191765 Detik 
Tanggal: 31-08-2022 09:20:01 
Duration Download Forstok 12.52512717247 Detik
Duration Looping 500 Data 177.13620305061 Detik 
Tanggal: 31-08-2022 09:25:01 
Duration Download Forstok 16.247821807861 Detik
Duration Looping 500 Data 182.68081688881 Detik 
Tanggal: 31-08-2022 09:30:01 
Duration Download Forstok 11.748414993286 Detik
Duration Looping 500 Data 175.8948469162 Detik 
Tanggal: 31-08-2022 09:35:01 
Duration Download Forstok 18.086053133011 Detik
Duration Looping 500 Data 180.80269312859 Detik 
Tanggal: 31-08-2022 09:40:01 
Duration Download Forstok 12.09925699234 Detik
Duration Looping 500 Data 180.46048092842 Detik 
Tanggal: 31-08-2022 09:45:01 
Duration Download Forstok 19.375988960266 Detik
Duration Looping 500 Data 184.25794792175 Detik 
Tanggal: 31-08-2022 09:50:01 
Duration Download Forstok 13.33532500267 Detik
Duration Looping 500 Data 191.11020088196 Detik 
Tanggal: 31-08-2022 09:55:01 
Duration Download Forstok 12.068310976028 Detik
Duration Looping 500 Data 176.98138284683 Detik 
Tanggal: 31-08-2022 10:00:01 
Duration Download Forstok 17.926806926727 Detik
Duration Looping 500 Data 192.65921807289 Detik 
Tanggal: 31-08-2022 10:05:01 
Duration Download Forstok 13.368456125259 Detik
Duration Looping 500 Data 177.62029314041 Detik 
Tanggal: 31-08-2022 10:10:01 
Duration Download Forstok 13.559361934662 Detik
Duration Looping 500 Data 183.37942290306 Detik 
Tanggal: 31-08-2022 10:15:01 
Duration Download Forstok 18.248296022415 Detik
Duration Looping 500 Data 184.71893596649 Detik 
Tanggal: 31-08-2022 10:20:01 
Duration Download Forstok 15.386766910553 Detik
Duration Looping 500 Data 181.60312795639 Detik 
Tanggal: 31-08-2022 10:25:01 
Duration Download Forstok 13.493618965149 Detik
Duration Looping 500 Data 180.78991007805 Detik 
Tanggal: 31-08-2022 10:30:01 
Duration Download Forstok 22.028186798096 Detik
Duration Looping 500 Data 190.59959793091 Detik 
Tanggal: 31-08-2022 10:35:01 
Duration Download Forstok 12.585951089859 Detik
Duration Looping 500 Data 180.22483205795 Detik 
Tanggal: 31-08-2022 10:40:01 
Duration Download Forstok 13.255908966064 Detik
Duration Looping 500 Data 179.14353990555 Detik 
Tanggal: 31-08-2022 10:45:01 
Duration Download Forstok 16.218369007111 Detik
Duration Looping 500 Data 180.92805099487 Detik 
Tanggal: 31-08-2022 10:50:01 
Duration Download Forstok 19.196645975113 Detik
Duration Looping 500 Data 179.65470910072 Detik 
Tanggal: 31-08-2022 10:55:01 
Duration Download Forstok 12.739223003387 Detik
Duration Looping 500 Data 177.50905680656 Detik 
Tanggal: 31-08-2022 11:00:01 
Duration Download Forstok 15.661450147629 Detik
Duration Looping 500 Data 182.40849208832 Detik 
Tanggal: 31-08-2022 11:05:01 
Duration Download Forstok 9.9563431739807 Detik
Duration Looping 500 Data 175.91254496574 Detik 
Tanggal: 31-08-2022 11:10:01 
Duration Download Forstok 13.928508996964 Detik
Duration Looping 500 Data 181.03510499001 Detik 
Tanggal: 31-08-2022 11:15:01 
Duration Download Forstok 12.570773124695 Detik
Duration Looping 500 Data 182.15557599068 Detik 
Tanggal: 31-08-2022 11:20:01 
Duration Download Forstok 13.031184196472 Detik
Duration Looping 500 Data 173.80909919739 Detik 
Tanggal: 31-08-2022 11:25:02 
Duration Download Forstok 12.690852165222 Detik
Duration Looping 500 Data 172.56611013412 Detik 
Tanggal: 31-08-2022 11:30:01 
Duration Download Forstok 15.263267993927 Detik
Duration Looping 500 Data 178.56719517708 Detik 
Tanggal: 31-08-2022 11:35:02 
Duration Download Forstok 15.080442905426 Detik
Duration Looping 500 Data 176.7363049984 Detik 
Tanggal: 31-08-2022 11:40:01 
Duration Download Forstok 12.552639961243 Detik
Duration Looping 500 Data 171.22473907471 Detik 
Tanggal: 31-08-2022 11:45:01 
Duration Download Forstok 12.474853038788 Detik
Duration Looping 500 Data 174.50022506714 Detik 
Tanggal: 31-08-2022 11:50:01 
Duration Download Forstok 11.695454120636 Detik
Duration Looping 500 Data 173.32355999947 Detik 
Tanggal: 31-08-2022 11:55:01 
Duration Download Forstok 13.183435916901 Detik
Duration Looping 500 Data 173.06298089027 Detik 
Tanggal: 31-08-2022 12:00:01 
Duration Download Forstok 13.613464832306 Detik
Duration Looping 500 Data 181.62623381615 Detik 
Tanggal: 31-08-2022 12:05:01 
Duration Download Forstok 0.66908407211304 Detik
Tanggal: 31-08-2022 12:10:01 
Duration Download Forstok 11.538038015366 Detik
Duration Looping 500 Data 170.25891709328 Detik 
Tanggal: 31-08-2022 12:15:01 
Duration Download Forstok 11.918138027191 Detik
Duration Looping 500 Data 165.38883185387 Detik 
Tanggal: 31-08-2022 12:20:01 
Duration Download Forstok 10.450057983398 Detik
Duration Looping 500 Data 172.59510993958 Detik 
Tanggal: 31-08-2022 12:25:01 
Duration Download Forstok 13.15997505188 Detik
Duration Looping 500 Data 166.79631614685 Detik 
Tanggal: 31-08-2022 12:30:01 
Duration Download Forstok 22.002780914307 Detik
Duration Looping 500 Data 183.15263700485 Detik 
Tanggal: 31-08-2022 12:35:01 
Duration Download Forstok 10.546765089035 Detik
Duration Looping 500 Data 165.44179105759 Detik 
Tanggal: 31-08-2022 12:40:01 
Duration Download Forstok 9.6944379806519 Detik
Duration Looping 500 Data 166.67301297188 Detik 
Tanggal: 31-08-2022 12:45:01 
Duration Download Forstok 11.954478979111 Detik
Duration Looping 500 Data 164.5404458046 Detik 
Tanggal: 31-08-2022 12:50:01 
Duration Download Forstok 16.127514839172 Detik
Duration Looping 500 Data 171.73253679276 Detik 
Tanggal: 31-08-2022 12:55:01 
Duration Download Forstok 17.140858888626 Detik
Duration Looping 500 Data 170.91040205956 Detik 
Tanggal: 31-08-2022 13:00:01 
Duration Download Forstok 15.899285078049 Detik
Duration Looping 500 Data 198.57786107063 Detik 
Tanggal: 31-08-2022 13:05:01 
Duration Download Forstok 9.6113150119781 Detik
Duration Looping 500 Data 187.49042797089 Detik 
Tanggal: 31-08-2022 13:10:01 
Duration Download Forstok 12.85141992569 Detik
Duration Looping 500 Data 207.38643407822 Detik 
Tanggal: 31-08-2022 13:15:01 
Duration Download Forstok 10.643591165543 Detik
Duration Looping 500 Data 208.5302670002 Detik 
Tanggal: 31-08-2022 13:20:01 
Duration Download Forstok 11.831656932831 Detik
Duration Looping 500 Data 210.98575401306 Detik 
Tanggal: 31-08-2022 13:25:01 
Duration Download Forstok 13.753041982651 Detik
Duration Looping 500 Data 197.06412482262 Detik 
Tanggal: 31-08-2022 13:30:02 
Duration Download Forstok 16.187506914139 Detik
Duration Looping 500 Data 223.20471596718 Detik 
Tanggal: 31-08-2022 13:35:01 
Duration Download Forstok 10.75529384613 Detik
Duration Looping 500 Data 203.02779388428 Detik 
Tanggal: 31-08-2022 13:40:01 
Duration Download Forstok 14.772759199142 Detik
Duration Looping 500 Data 212.81840205193 Detik 
Tanggal: 31-08-2022 13:45:01 
Duration Download Forstok 15.476402997971 Detik
Duration Looping 500 Data 212.21808505058 Detik 
Tanggal: 31-08-2022 13:50:01 
Duration Download Forstok 14.386179924011 Detik
Duration Looping 500 Data 231.29066801071 Detik 
Tanggal: 31-08-2022 13:55:01 
Duration Download Forstok 11.793627977371 Detik
Duration Looping 500 Data 199.06407785416 Detik 
Tanggal: 31-08-2022 14:00:01 
Duration Download Forstok 13.448177099228 Detik
Duration Looping 500 Data 203.71921896935 Detik 
Tanggal: 31-08-2022 14:05:01 
Duration Download Forstok 10.202291965485 Detik
Duration Looping 500 Data 197.99302411079 Detik 
Tanggal: 31-08-2022 14:10:01 
Duration Download Forstok 25.431125879288 Detik
Duration Looping 500 Data 220.42290592194 Detik 
Tanggal: 31-08-2022 14:15:01 
Duration Download Forstok 14.343777894974 Detik
Duration Looping 500 Data 208.58136796951 Detik 
Tanggal: 31-08-2022 14:20:01 
Duration Download Forstok 14.007104873657 Detik
Duration Looping 500 Data 205.20363092422 Detik 
Tanggal: 31-08-2022 14:25:01 
Duration Download Forstok 12.80470085144 Detik
Duration Looping 500 Data 206.53219389915 Detik 
Tanggal: 31-08-2022 14:30:01 
Duration Download Forstok 14.66724896431 Detik
Duration Looping 500 Data 211.24456596375 Detik 
Tanggal: 31-08-2022 14:35:01 
Duration Download Forstok 16.871429920197 Detik
Duration Looping 500 Data 208.33806800842 Detik 
Tanggal: 31-08-2022 14:40:01 
Duration Download Forstok 17.174178123474 Detik
Duration Looping 500 Data 228.12172913551 Detik 
Tanggal: 31-08-2022 14:45:01 
Duration Download Forstok 13.50651884079 Detik
Duration Looping 500 Data 217.15523290634 Detik 
Tanggal: 31-08-2022 14:50:02 
Duration Download Forstok 21.152429819107 Detik
Duration Looping 500 Data 232.88692998886 Detik 
Tanggal: 31-08-2022 14:55:01 
Duration Download Forstok 10.895977020264 Detik
Duration Looping 500 Data 203.99438500404 Detik 
Tanggal: 31-08-2022 15:00:01 
Duration Download Forstok 15.66726899147 Detik
Duration Looping 500 Data 232.34090518951 Detik 
Tanggal: 31-08-2022 15:05:01 
Duration Download Forstok 15.519424915314 Detik
Duration Looping 500 Data 214.14034295082 Detik 
Tanggal: 31-08-2022 15:10:01 
Duration Download Forstok 18.507202148438 Detik
Duration Looping 500 Data 214.71485710144 Detik 
Tanggal: 31-08-2022 15:15:01 
Duration Download Forstok 18.127716064453 Detik
Duration Looping 500 Data 211.94341802597 Detik 
Tanggal: 31-08-2022 15:20:01 
Duration Download Forstok 13.22841501236 Detik
Duration Looping 500 Data 219.5098528862 Detik 
Tanggal: 31-08-2022 15:25:01 
Duration Download Forstok 17.175143003464 Detik
Duration Looping 500 Data 227.75871491432 Detik 
Tanggal: 31-08-2022 15:30:01 
Duration Download Forstok 17.93045592308 Detik
Duration Looping 500 Data 231.74564385414 Detik 
Tanggal: 31-08-2022 15:35:01 
Duration Download Forstok 13.786649942398 Detik
Duration Looping 500 Data 212.80096197128 Detik 
Tanggal: 31-08-2022 15:40:01 
Duration Download Forstok 21.344008922577 Detik
Duration Looping 500 Data 239.6587498188 Detik 
Tanggal: 31-08-2022 15:45:02 
Duration Download Forstok 22.401868104935 Detik
Duration Looping 500 Data 227.06469011307 Detik 
Tanggal: 31-08-2022 15:50:01 
Duration Download Forstok 13.517720937729 Detik
Duration Looping 500 Data 219.22203707695 Detik 
Tanggal: 31-08-2022 15:55:01 
Duration Download Forstok 12.707095861435 Detik
Duration Looping 500 Data 209.67790985107 Detik 
Tanggal: 31-08-2022 16:00:01 
Duration Download Forstok 12.782754182816 Detik
Duration Looping 500 Data 230.028455019 Detik 
Tanggal: 31-08-2022 16:05:01 
Duration Download Forstok 10.677823066711 Detik
Duration Looping 500 Data 206.25525999069 Detik 
Total Duration 206.2957470417 Detik 
------------------------- 
Tanggal: 31-08-2022 16:10:01 
Duration Download Forstok 13.935362100601 Detik
Duration Looping 500 Data 219.61131501198 Detik 
Total Duration 219.64258909225 Detik 
------------------------- 
Tanggal: 31-08-2022 16:15:01 
Duration Download Forstok 18.270008087158 Detik
Duration Looping 500 Data 202.58069109917 Detik 
Total Duration 202.61518502235 Detik 
------------------------- 
Tanggal: 31-08-2022 16:20:01 
Duration Download Forstok 17.133830070496 Detik
Duration Looping 500 Data 226.03353714943 Detik 
Total Duration 226.06441998482 Detik 
------------------------- 
Tanggal: 31-08-2022 16:25:01 
Duration Download Forstok 9.5202090740204 Detik
Duration Looping 500 Data 211.39415001869 Detik 
Total Duration 211.42992305756 Detik 
------------------------- 
Tanggal: 31-08-2022 16:30:01 
Duration Download Forstok 14.725549936295 Detik
Duration Looping 500 Data 218.14387392998 Detik 
Total Duration 218.17472505569 Detik 
------------------------- 
Tanggal: 31-08-2022 16:35:01 
Duration Download Forstok 13.528640985489 Detik
Duration Looping 500 Data 218.35109615326 Detik 
Total Duration 218.38665604591 Detik 
------------------------- 
Tanggal: 31-08-2022 16:40:01 
Duration Download Forstok 18.031733989716 Detik
Duration Looping 500 Data 230.59387493134 Detik 
Total Duration 230.63097310066 Detik 
------------------------- 
Tanggal: 31-08-2022 16:45:01 
Duration Download Forstok 13.065608024597 Detik
Duration Looping 500 Data 232.89548707008 Detik 
Total Duration 232.93621897697 Detik 
------------------------- 
Tanggal: 31-08-2022 16:50:01 
Duration Download Forstok 12.000041007996 Detik
Duration Looping 500 Data 250.32628178596 Detik 
Total Duration 250.36074495316 Detik 
------------------------- 
Tanggal: 31-08-2022 16:55:01 
Duration Download Forstok 14.598159074783 Detik
Duration Looping 500 Data 226.68303799629 Detik 
Total Duration 226.72460699081 Detik 
------------------------- 
Tanggal: 31-08-2022 17:00:01 
Duration Download Forstok 14.573436021805 Detik
Duration Looping 500 Data 215.77515602112 Detik 
Total Duration 215.8053560257 Detik 
------------------------- 
Tanggal: 31-08-2022 17:05:01 
Duration Download Forstok 15.815112113953 Detik
Duration Looping 500 Data 194.09362196922 Detik 
Total Duration 194.13150310516 Detik 
------------------------- 
Tanggal: 31-08-2022 17:10:01 
Duration Download Forstok 16.94993686676 Detik
Duration Looping 500 Data 196.98998498917 Detik 
Total Duration 197.02202701569 Detik 
------------------------- 
Tanggal: 31-08-2022 17:15:01 
Duration Download Forstok 18.637506008148 Detik
Duration Looping 500 Data 189.27929210663 Detik 
Tanggal: 31-08-2022 17:20:01 
Duration Download Forstok 10.739096879959 Detik
Duration Looping 500 Data 184.92916488647 Detik 
Tanggal: 31-08-2022 17:25:01 
Duration Download Forstok 13.245543956757 Detik
Duration Looping 500 Data 185.55261397362 Detik 
Tanggal: 31-08-2022 17:30:01 
Duration Download Forstok 12.054496049881 Detik
Duration Looping 500 Data 181.18769812584 Detik 
Tanggal: 31-08-2022 17:35:01 
Duration Download Forstok 15.121859788895 Detik
Duration Looping 500 Data 184.280148983 Detik 
Tanggal: 31-08-2022 17:40:01 
Duration Download Forstok 10.983734846115 Detik
Duration Looping 500 Data 176.34216785431 Detik 
Tanggal: 31-08-2022 17:45:01 
Duration Download Forstok 14.138401031494 Detik
Duration Looping 500 Data 179.96130609512 Detik 
Tanggal: 31-08-2022 17:50:01 
Duration Download Forstok 11.918501853943 Detik
Duration Looping 500 Data 178.14331102371 Detik 
Tanggal: 31-08-2022 17:55:01 
Duration Download Forstok 9.0679929256439 Detik
Duration Looping 500 Data 174.46945095062 Detik 
Tanggal: 31-08-2022 18:00:01 
Duration Download Forstok 11.455615997314 Detik
Duration Looping 500 Data 177.42752385139 Detik 
Tanggal: 31-08-2022 18:05:01 
Duration Download Forstok 10.366665840149 Detik
Duration Looping 500 Data 176.35243582726 Detik 
Tanggal: 31-08-2022 18:10:01 
Duration Download Forstok 14.412820100784 Detik
Duration Looping 500 Data 194.88422703743 Detik 
Tanggal: 31-08-2022 18:15:01 
Duration Download Forstok 13.419317960739 Detik
Duration Looping 500 Data 183.09825778008 Detik 
Tanggal: 31-08-2022 18:20:01 
Duration Download Forstok 12.020914077759 Detik
Duration Looping 500 Data 181.60174894333 Detik 
Tanggal: 31-08-2022 18:25:02 
Duration Download Forstok 12.720983028412 Detik
Duration Looping 500 Data 183.92292785645 Detik 
Tanggal: 31-08-2022 18:30:01 
Duration Download Forstok 12.795667886734 Detik
Duration Looping 500 Data 177.24604892731 Detik 
Tanggal: 31-08-2022 18:35:01 
Duration Download Forstok 11.399838924408 Detik
Duration Looping 500 Data 173.68968486786 Detik 
Tanggal: 31-08-2022 18:40:01 
Duration Download Forstok 10.862907886505 Detik
Duration Looping 500 Data 177.74440693855 Detik 
Tanggal: 31-08-2022 18:45:01 
Duration Download Forstok 11.857644081116 Detik
Duration Looping 500 Data 179.27584385872 Detik 
Tanggal: 31-08-2022 18:50:01 
Duration Download Forstok 11.633985996246 Detik
Duration Looping 500 Data 176.83833289146 Detik 
Tanggal: 31-08-2022 18:55:01 
Duration Download Forstok 9.1061151027679 Detik
Duration Looping 500 Data 170.50017309189 Detik 
Tanggal: 31-08-2022 19:00:01 
Duration Download Forstok 11.138763189316 Detik
Duration Looping 500 Data 179.23502206802 Detik 
Tanggal: 31-08-2022 19:05:01 
Duration Download Forstok 12.114356040955 Detik
Duration Looping 500 Data 173.62769198418 Detik 
Tanggal: 31-08-2022 19:10:01 
Duration Download Forstok 12.186452150345 Detik
Duration Looping 500 Data 174.78476214409 Detik 
Tanggal: 31-08-2022 19:15:01 
Duration Download Forstok 11.882052183151 Detik
Duration Looping 500 Data 168.20280718803 Detik 
Tanggal: 31-08-2022 19:20:01 
Duration Download Forstok 11.150325059891 Detik
Duration Looping 500 Data 172.58955097198 Detik 
Tanggal: 31-08-2022 19:25:02 
Duration Download Forstok 11.283488988876 Detik
Duration Looping 500 Data 176.96729803085 Detik 
Tanggal: 31-08-2022 19:30:01 
Duration Download Forstok 14.75980591774 Detik
Duration Looping 500 Data 173.95542001724 Detik 
Tanggal: 31-08-2022 19:35:01 
Duration Download Forstok 11.399934053421 Detik
Duration Looping 500 Data 168.09419107437 Detik 
Tanggal: 31-08-2022 19:40:01 
Duration Download Forstok 12.831372976303 Detik
Duration Looping 500 Data 182.95878696442 Detik 
Tanggal: 31-08-2022 19:45:01 
Duration Download Forstok 12.27538895607 Detik
Duration Looping 500 Data 170.5531129837 Detik 
Tanggal: 31-08-2022 19:50:01 
Duration Download Forstok 11.532064199448 Detik
Duration Looping 500 Data 171.14486503601 Detik 
Tanggal: 31-08-2022 19:55:01 
Duration Download Forstok 15.689348936081 Detik
Duration Looping 500 Data 175.51774215698 Detik 
Tanggal: 31-08-2022 20:00:01 
Duration Download Forstok 15.691931962967 Detik
Duration Looping 500 Data 174.34536194801 Detik 
Tanggal: 31-08-2022 20:05:01 
Duration Download Forstok 13.917207956314 Detik
Duration Looping 500 Data 173.4563601017 Detik 
Tanggal: 31-08-2022 20:10:01 
Duration Download Forstok 14.095547199249 Detik
Duration Looping 500 Data 180.23885321617 Detik 
Tanggal: 31-08-2022 20:15:01 
Duration Download Forstok 13.315195083618 Detik
Duration Looping 500 Data 175.80290603638 Detik 
Tanggal: 31-08-2022 20:20:01 
Duration Download Forstok 12.878108978271 Detik
Duration Looping 500 Data 174.48494410515 Detik 
Tanggal: 31-08-2022 20:25:01 
Duration Download Forstok 10.785538911819 Detik
Duration Looping 500 Data 175.15437507629 Detik 
Tanggal: 31-08-2022 20:30:01 
Duration Download Forstok 20.023798942566 Detik
Duration Looping 500 Data 193.23334097862 Detik 
Tanggal: 31-08-2022 20:35:01 
Duration Download Forstok 10.264165878296 Detik
Duration Looping 500 Data 170.04732990265 Detik 
Tanggal: 31-08-2022 20:40:01 
Duration Download Forstok 9.5102128982544 Detik
Duration Looping 500 Data 179.08689498901 Detik 
Tanggal: 31-08-2022 20:45:01 
Duration Download Forstok 11.77828001976 Detik
Duration Looping 500 Data 178.61091804504 Detik 
Tanggal: 31-08-2022 20:50:02 
Duration Download Forstok 10.764480113983 Detik
Duration Looping 500 Data 179.2710609436 Detik 
Tanggal: 31-08-2022 20:55:01 
Duration Download Forstok 9.6268849372864 Detik
Duration Looping 500 Data 179.85747694969 Detik 
Tanggal: 31-08-2022 21:00:01 
Duration Download Forstok 12.249755144119 Detik
Duration Looping 500 Data 179.80689811707 Detik 
Tanggal: 31-08-2022 21:05:01 
Duration Download Forstok 10.617509126663 Detik
Duration Looping 500 Data 167.15859508514 Detik 
Tanggal: 31-08-2022 21:10:01 
Duration Download Forstok 17.544383049011 Detik
Duration Looping 500 Data 184.59276986122 Detik 
Tanggal: 31-08-2022 21:15:01 
Duration Download Forstok 13.703274965286 Detik
Duration Looping 500 Data 173.33750200272 Detik 
Tanggal: 31-08-2022 21:20:01 
Duration Download Forstok 12.058809041977 Detik
Duration Looping 500 Data 190.01925897598 Detik 
Tanggal: 31-08-2022 21:25:01 
Duration Download Forstok 11.455147981644 Detik
Duration Looping 500 Data 179.42640686035 Detik 
Tanggal: 31-08-2022 21:30:01 
Duration Download Forstok 13.426854848862 Detik
Duration Looping 500 Data 185.09527993202 Detik 
Tanggal: 31-08-2022 21:35:01 
Duration Download Forstok 14.542193174362 Detik
Duration Looping 500 Data 175.89337420464 Detik 
Tanggal: 31-08-2022 21:40:01 
Duration Download Forstok 9.4057960510254 Detik
Duration Looping 500 Data 176.50020909309 Detik 
Tanggal: 31-08-2022 21:45:01 
Duration Download Forstok 14.096809148788 Detik
Duration Looping 500 Data 184.07592511177 Detik 
Tanggal: 31-08-2022 21:50:01 
Duration Download Forstok 11.818412065506 Detik
Duration Looping 500 Data 176.59035396576 Detik 
Tanggal: 31-08-2022 21:55:01 
Duration Download Forstok 12.141025066376 Detik
Duration Looping 500 Data 173.34031105042 Detik 
Tanggal: 31-08-2022 22:00:01 
Duration Download Forstok 13.010629892349 Detik
Duration Looping 500 Data 184.1113319397 Detik 
Tanggal: 31-08-2022 22:05:01 
Duration Download Forstok 16.321563005447 Detik
Duration Looping 500 Data 173.65346002579 Detik 
Tanggal: 31-08-2022 22:10:01 
Duration Download Forstok 11.278613090515 Detik
Duration Looping 500 Data 171.05811810493 Detik 
Tanggal: 31-08-2022 22:15:01 
Duration Download Forstok 11.174175977707 Detik
Duration Looping 500 Data 174.98323702812 Detik 
Tanggal: 31-08-2022 22:20:01 
Duration Download Forstok 11.056838989258 Detik
Duration Looping 500 Data 174.49881696701 Detik 
Tanggal: 31-08-2022 22:25:01 
Duration Download Forstok 9.4779670238495 Detik
Duration Looping 500 Data 170.0215818882 Detik 
Tanggal: 31-08-2022 22:30:01 
Duration Download Forstok 11.945219993591 Detik
Duration Looping 500 Data 177.9572520256 Detik 
Tanggal: 31-08-2022 22:35:01 
Duration Download Forstok 11.876986980438 Detik
Duration Looping 500 Data 165.00391197205 Detik 
Tanggal: 31-08-2022 22:40:01 
Duration Download Forstok 13.213814020157 Detik
Duration Looping 500 Data 172.9957549572 Detik 
Tanggal: 31-08-2022 22:45:01 
Duration Download Forstok 10.231639146805 Detik
Duration Looping 500 Data 174.17540001869 Detik 
Tanggal: 31-08-2022 22:50:01 
Duration Download Forstok 15.351921081543 Detik
Duration Looping 500 Data 176.84378695488 Detik 
Tanggal: 31-08-2022 22:55:01 
Duration Download Forstok 11.352840185165 Detik
Duration Looping 500 Data 165.97664213181 Detik 
Tanggal: 31-08-2022 23:00:01 
Duration Download Forstok 13.462638139725 Detik
Duration Looping 500 Data 171.97934412956 Detik 
Tanggal: 31-08-2022 23:05:01 
Duration Download Forstok 11.264153003693 Detik
Duration Looping 500 Data 165.57031416893 Detik 
Tanggal: 31-08-2022 23:10:01 
Duration Download Forstok 12.897215127945 Detik
Duration Looping 500 Data 167.63554501534 Detik 
Tanggal: 31-08-2022 23:15:01 
Duration Download Forstok 11.835906028748 Detik
Duration Looping 500 Data 167.58726811409 Detik 
Tanggal: 31-08-2022 23:20:01 
Duration Download Forstok 11.073513031006 Detik
Duration Looping 500 Data 167.42724299431 Detik 
Tanggal: 31-08-2022 23:25:01 
Duration Download Forstok 9.6849498748779 Detik
Duration Looping 500 Data 162.78376102448 Detik 
Tanggal: 31-08-2022 23:30:01 
Duration Download Forstok 13.095306873322 Detik
Duration Looping 500 Data 171.76381707191 Detik 
Tanggal: 31-08-2022 23:35:01 
Duration Download Forstok 10.634267807007 Detik
Duration Looping 500 Data 179.41922688484 Detik 
Tanggal: 31-08-2022 23:40:01 
Duration Download Forstok 12.633857965469 Detik
Duration Looping 500 Data 164.6348798275 Detik 
Tanggal: 31-08-2022 23:45:01 
Duration Download Forstok 15.262540817261 Detik
Duration Looping 500 Data 176.19915699959 Detik 
Tanggal: 31-08-2022 23:50:01 
Duration Download Forstok 11.382840156555 Detik
Duration Looping 500 Data 166.68539309502 Detik 
Tanggal: 31-08-2022 23:55:01 
Duration Download Forstok 10.480988025665 Detik
Duration Looping 500 Data 159.9239192009 Detik 
