Tanggal: 27-08-2022 00:00:01 
Duration Download Forstok 13.655696153641 Detik
Duration Looping 500 Data 857.7765519619 Detik 
Total Duration 857.80597114563 Detik 
------------------------- 
Tanggal: 27-08-2022 00:15:01 
Duration Download Forstok 15.613472223282 Detik
Duration Looping 500 Data 166.16674900055 Detik 
Total Duration 166.19150114059 Detik 
------------------------- 
Tanggal: 27-08-2022 00:20:01 
Duration Download Forstok 11.735687971115 Detik
Duration Looping 500 Data 168.01372003555 Detik 
Total Duration 168.03789901733 Detik 
------------------------- 
Tanggal: 27-08-2022 00:25:01 
Duration Download Forstok 16.800559043884 Detik
Duration Looping 500 Data 185.91134405136 Detik 
Total Duration 185.93844604492 Detik 
------------------------- 
Tanggal: 27-08-2022 00:30:02 
Duration Download Forstok 13.003541946411 Detik
Duration Looping 500 Data 166.36775898933 Detik 
Total Duration 166.39355397224 Detik 
------------------------- 
Tanggal: 27-08-2022 00:35:01 
Duration Download Forstok 13.247344970703 Detik
Duration Looping 500 Data 171.10908603668 Detik 
Total Duration 171.13749098778 Detik 
------------------------- 
Tanggal: 27-08-2022 00:40:01 
Duration Download Forstok 13.986083984375 Detik
Duration Looping 500 Data 169.74732804298 Detik 
Total Duration 169.77189707756 Detik 
------------------------- 
Tanggal: 27-08-2022 00:45:01 
Duration Download Forstok 17.084383964539 Detik
Duration Looping 500 Data 163.1389799118 Detik 
Total Duration 163.16607904434 Detik 
------------------------- 
Tanggal: 27-08-2022 00:50:01 
Duration Download Forstok 20.978496074677 Detik
Duration Looping 500 Data 173.42195701599 Detik 
Total Duration 173.4462749958 Detik 
------------------------- 
Tanggal: 27-08-2022 00:55:01 
Duration Download Forstok 18.973526954651 Detik
Duration Looping 500 Data 172.11540389061 Detik 
Total Duration 172.14401388168 Detik 
------------------------- 
Tanggal: 27-08-2022 01:00:01 
Duration Download Forstok 16.472463130951 Detik
Duration Looping 500 Data 162.67724299431 Detik 
Total Duration 162.70088815689 Detik 
------------------------- 
Tanggal: 27-08-2022 01:05:02 
Duration Download Forstok 19.610059976578 Detik
Duration Looping 500 Data 191.87763595581 Detik 
Total Duration 191.90176296234 Detik 
------------------------- 
Tanggal: 27-08-2022 01:10:01 
Duration Download Forstok 19.348562955856 Detik
Duration Looping 500 Data 166.63695001602 Detik 
Total Duration 166.66223192215 Detik 
------------------------- 
Tanggal: 27-08-2022 01:15:01 
Duration Download Forstok 14.142935991287 Detik
Duration Looping 500 Data 160.46250104904 Detik 
Total Duration 160.49094510078 Detik 
------------------------- 
Tanggal: 27-08-2022 01:20:01 
Duration Download Forstok 15.926452875137 Detik
Duration Looping 500 Data 166.0396490097 Detik 
Total Duration 166.06418585777 Detik 
------------------------- 
Tanggal: 27-08-2022 01:25:01 
Duration Download Forstok 13.649749040604 Detik
Duration Looping 500 Data 159.04700112343 Detik 
Total Duration 159.0700211525 Detik 
------------------------- 
Tanggal: 27-08-2022 01:30:02 
Duration Download Forstok 17.088401079178 Detik
Duration Looping 500 Data 165.32632923126 Detik 
Total Duration 165.34998822212 Detik 
------------------------- 
Tanggal: 27-08-2022 01:35:01 
Duration Download Forstok 13.52609205246 Detik
Duration Looping 500 Data 159.62175989151 Detik 
Total Duration 159.64726495743 Detik 
------------------------- 
Tanggal: 27-08-2022 01:40:01 
Duration Download Forstok 11.403209924698 Detik
Duration Looping 500 Data 156.38271594048 Detik 
Total Duration 156.40624904633 Detik 
------------------------- 
Tanggal: 27-08-2022 01:45:01 
Duration Download Forstok 13.442872047424 Detik
Duration Looping 500 Data 163.86932992935 Detik 
Total Duration 163.89473605156 Detik 
------------------------- 
Tanggal: 27-08-2022 01:50:01 
Duration Download Forstok 15.792040109634 Detik
Duration Looping 500 Data 164.19668006897 Detik 
Total Duration 164.22055411339 Detik 
------------------------- 
Tanggal: 27-08-2022 01:55:01 
Duration Download Forstok 18.105133056641 Detik
Duration Looping 500 Data 172.43601202965 Detik 
Total Duration 172.46128988266 Detik 
------------------------- 
Tanggal: 27-08-2022 02:00:01 
Duration Download Forstok 18.226055145264 Detik
Duration Looping 500 Data 167.71636295319 Detik 
Total Duration 167.7406539917 Detik 
------------------------- 
Tanggal: 27-08-2022 02:05:01 
Duration Download Forstok 20.416846990585 Detik
Duration Looping 500 Data 187.58619594574 Detik 
Total Duration 187.61433601379 Detik 
------------------------- 
Tanggal: 27-08-2022 02:10:01 
Duration Download Forstok 23.530645132065 Detik
Duration Looping 500 Data 182.90073609352 Detik 
Total Duration 182.92884707451 Detik 
------------------------- 
Tanggal: 27-08-2022 02:15:01 
Duration Download Forstok 21.267479896545 Detik
Duration Looping 500 Data 172.11987996101 Detik 
Total Duration 172.14529204369 Detik 
------------------------- 
Tanggal: 27-08-2022 02:20:01 
Duration Download Forstok 16.728867053986 Detik
Duration Looping 500 Data 162.51804709435 Detik 
Total Duration 162.54211306572 Detik 
------------------------- 
Tanggal: 27-08-2022 02:25:01 
Duration Download Forstok 14.902926921844 Detik
Duration Looping 500 Data 160.05641508102 Detik 
Total Duration 160.08261203766 Detik 
------------------------- 
Tanggal: 27-08-2022 02:30:01 
Duration Download Forstok 24.102913856506 Detik
Duration Looping 500 Data 183.10479402542 Detik 
Total Duration 183.13337492943 Detik 
------------------------- 
Tanggal: 27-08-2022 02:35:01 
Duration Download Forstok 14.662449121475 Detik
Duration Looping 500 Data 164.16443300247 Detik 
Total Duration 164.18958806992 Detik 
------------------------- 
Tanggal: 27-08-2022 02:40:01 
Duration Download Forstok 10.798218011856 Detik
Duration Looping 500 Data 171.52340602875 Detik 
Total Duration 171.55115294456 Detik 
------------------------- 
Tanggal: 27-08-2022 02:45:01 
Duration Download Forstok 15.749418973923 Detik
Duration Looping 500 Data 169.80750584602 Detik 
Total Duration 169.83724379539 Detik 
------------------------- 
Tanggal: 27-08-2022 02:50:01 
Duration Download Forstok 14.320333003998 Detik
Duration Looping 500 Data 164.74844002724 Detik 
Total Duration 164.77269911766 Detik 
------------------------- 
Tanggal: 27-08-2022 02:55:01 
Duration Download Forstok 10.966052055359 Detik
Duration Looping 500 Data 156.37713503838 Detik 
Total Duration 156.40515089035 Detik 
------------------------- 
Tanggal: 27-08-2022 03:00:01 
Duration Download Forstok 17.109437942505 Detik
Duration Looping 500 Data 166.44890594482 Detik 
Total Duration 166.47328281403 Detik 
------------------------- 
Tanggal: 27-08-2022 03:05:01 
Duration Download Forstok 8.7101330757141 Detik
Duration Looping 500 Data 157.22406888008 Detik 
Total Duration 157.24941086769 Detik 
------------------------- 
Tanggal: 27-08-2022 03:10:01 
Duration Download Forstok 11.797646045685 Detik
Duration Looping 500 Data 162.90354704857 Detik 
Total Duration 162.92744088173 Detik 
------------------------- 
Tanggal: 27-08-2022 03:15:01 
Duration Download Forstok 12.483683824539 Detik
Duration Looping 500 Data 169.33254599571 Detik 
Total Duration 169.35931396484 Detik 
------------------------- 
Tanggal: 27-08-2022 03:20:01 
Duration Download Forstok 10.867712020874 Detik
Duration Looping 500 Data 161.42719697952 Detik 
Total Duration 161.45099592209 Detik 
------------------------- 
Tanggal: 27-08-2022 03:25:01 
Duration Download Forstok 8.8284349441528 Detik
Duration Looping 500 Data 154.88059091568 Detik 
Total Duration 154.91126489639 Detik 
------------------------- 
Tanggal: 27-08-2022 03:30:01 
Duration Download Forstok 12.128310918808 Detik
Duration Looping 500 Data 164.07446193695 Detik 
Total Duration 164.09860801697 Detik 
------------------------- 
Tanggal: 27-08-2022 03:35:01 
Duration Download Forstok 11.530975103378 Detik
Duration Looping 500 Data 156.52489614487 Detik 
Total Duration 156.55242109299 Detik 
------------------------- 
Tanggal: 27-08-2022 03:40:01 
Duration Download Forstok 11.123008966446 Detik
Duration Looping 500 Data 160.87543487549 Detik 
Total Duration 160.90003204346 Detik 
------------------------- 
Tanggal: 27-08-2022 03:45:01 
Duration Download Forstok 12.147741794586 Detik
Duration Looping 500 Data 164.07330799103 Detik 
Total Duration 164.10266089439 Detik 
------------------------- 
Tanggal: 27-08-2022 03:50:01 
Duration Download Forstok 10.612243890762 Detik
Duration Looping 500 Data 156.06843209267 Detik 
Total Duration 156.09392404556 Detik 
------------------------- 
Tanggal: 27-08-2022 03:55:01 
Duration Download Forstok 10.902791976929 Detik
Duration Looping 500 Data 175.92583990097 Detik 
Total Duration 175.9506790638 Detik 
------------------------- 
Tanggal: 27-08-2022 04:00:01 
Duration Download Forstok 12.121172189713 Detik
Duration Looping 500 Data 178.12360811234 Detik 
Total Duration 178.14850616455 Detik 
------------------------- 
Tanggal: 27-08-2022 04:05:01 
Duration Download Forstok 12.80490899086 Detik
Duration Looping 500 Data 161.79397201538 Detik 
Total Duration 161.81970405579 Detik 
------------------------- 
Tanggal: 27-08-2022 04:10:01 
Duration Download Forstok 27.037829875946 Detik
Duration Looping 500 Data 177.33159303665 Detik 
Total Duration 177.35675001144 Detik 
------------------------- 
Tanggal: 27-08-2022 04:15:01 
Duration Download Forstok 21.368124008179 Detik
Duration Looping 500 Data 166.21742916107 Detik 
Total Duration 166.24305701256 Detik 
------------------------- 
Tanggal: 27-08-2022 04:20:01 
Duration Download Forstok 9.954852104187 Detik
Duration Looping 500 Data 168.92572307587 Detik 
Total Duration 168.9497051239 Detik 
------------------------- 
Tanggal: 27-08-2022 04:25:01 
Duration Download Forstok 8.8077840805054 Detik
Duration Looping 500 Data 158.33853507042 Detik 
Total Duration 158.3633081913 Detik 
------------------------- 
Tanggal: 27-08-2022 04:30:01 
Duration Download Forstok 18.632845878601 Detik
Duration Looping 500 Data 175.95571899414 Detik 
Total Duration 175.98338890076 Detik 
------------------------- 
Tanggal: 27-08-2022 04:35:01 
Duration Download Forstok 20.978568077087 Detik
Duration Looping 500 Data 170.79467892647 Detik 
Total Duration 170.82069897652 Detik 
------------------------- 
Tanggal: 27-08-2022 04:40:01 
Duration Download Forstok 14.943758010864 Detik
Duration Looping 500 Data 173.22942495346 Detik 
Total Duration 173.25403404236 Detik 
------------------------- 
Tanggal: 27-08-2022 04:45:01 
Duration Download Forstok 14.594414949417 Detik
Duration Looping 500 Data 160.82056188583 Detik 
Total Duration 160.84636878967 Detik 
------------------------- 
Tanggal: 27-08-2022 04:50:01 
Duration Download Forstok 14.072597026825 Detik
Duration Looping 500 Data 165.94467401505 Detik 
Total Duration 165.96800899506 Detik 
------------------------- 
Tanggal: 27-08-2022 04:55:01 
Duration Download Forstok 9.911602973938 Detik
Duration Looping 500 Data 183.77147293091 Detik 
Total Duration 183.79852795601 Detik 
------------------------- 
Tanggal: 27-08-2022 05:00:01 
Duration Download Forstok 18.516801834106 Detik
Duration Looping 500 Data 177.04093790054 Detik 
Total Duration 177.06543183327 Detik 
------------------------- 
Tanggal: 27-08-2022 05:05:01 
Duration Download Forstok 11.53334403038 Detik
Duration Looping 500 Data 162.74298787117 Detik 
Total Duration 162.76829504967 Detik 
------------------------- 
Tanggal: 27-08-2022 05:10:01 
Duration Download Forstok 16.969956159592 Detik
Duration Looping 500 Data 179.8826110363 Detik 
Total Duration 179.9077501297 Detik 
------------------------- 
Tanggal: 27-08-2022 05:15:01 
Duration Download Forstok 11.70259809494 Detik
Duration Looping 500 Data 162.38803601265 Detik 
Total Duration 162.41359305382 Detik 
------------------------- 
Tanggal: 27-08-2022 05:20:01 
Duration Download Forstok 14.176594018936 Detik
Duration Looping 500 Data 176.43383193016 Detik 
Total Duration 176.45902705193 Detik 
------------------------- 
Tanggal: 27-08-2022 05:25:01 
Duration Download Forstok 9.9491930007935 Detik
Duration Looping 500 Data 163.73535394669 Detik 
Total Duration 163.76021981239 Detik 
------------------------- 
Tanggal: 27-08-2022 05:30:01 
Duration Download Forstok 18.643526792526 Detik
Duration Looping 500 Data 176.53484177589 Detik 
Total Duration 176.56506991386 Detik 
------------------------- 
Tanggal: 27-08-2022 05:35:01 
Duration Download Forstok 13.305611133575 Detik
Duration Looping 500 Data 163.62431311607 Detik 
Total Duration 163.64971899986 Detik 
------------------------- 
Tanggal: 27-08-2022 05:40:01 
Duration Download Forstok 10.391283988953 Detik
Duration Looping 500 Data 161.67094993591 Detik 
Total Duration 161.69682192802 Detik 
------------------------- 
Tanggal: 27-08-2022 05:45:01 
Duration Download Forstok 14.401710033417 Detik
Duration Looping 500 Data 176.79116296768 Detik 
Total Duration 176.81862616539 Detik 
------------------------- 
Tanggal: 27-08-2022 05:50:01 
Duration Download Forstok 13.078986883163 Detik
Duration Looping 500 Data 172.52942991257 Detik 
Total Duration 172.55776786804 Detik 
------------------------- 
Tanggal: 27-08-2022 05:55:01 
Duration Download Forstok 12.853574991226 Detik
Duration Looping 500 Data 158.19735884666 Detik 
Total Duration 158.22303700447 Detik 
------------------------- 
Tanggal: 27-08-2022 06:00:01 
Duration Download Forstok 13.533681869507 Detik
Duration Looping 500 Data 159.48593902588 Detik 
Total Duration 159.51006293297 Detik 
------------------------- 
Tanggal: 27-08-2022 06:05:01 
Duration Download Forstok 10.642158985138 Detik
Duration Looping 500 Data 172.8408639431 Detik 
Total Duration 172.87008094788 Detik 
------------------------- 
Tanggal: 27-08-2022 06:10:01 
Duration Download Forstok 12.607486009598 Detik
Duration Looping 500 Data 158.98389387131 Detik 
Total Duration 159.01120281219 Detik 
------------------------- 
Tanggal: 27-08-2022 06:15:01 
Duration Download Forstok 13.208075046539 Detik
Duration Looping 500 Data 157.66095519066 Detik 
Total Duration 157.68631911278 Detik 
------------------------- 
Tanggal: 27-08-2022 06:20:01 
Duration Download Forstok 10.22918510437 Detik
Duration Looping 500 Data 156.44530701637 Detik 
Total Duration 156.47087192535 Detik 
------------------------- 
Tanggal: 27-08-2022 06:25:01 
Duration Download Forstok 11.859571933746 Detik
Duration Looping 500 Data 160.95764088631 Detik 
Total Duration 160.98327803612 Detik 
------------------------- 
Tanggal: 27-08-2022 06:30:01 
Duration Download Forstok 11.367783069611 Detik
Duration Looping 500 Data 162.13655018806 Detik 
Total Duration 162.1608080864 Detik 
------------------------- 
Tanggal: 27-08-2022 06:35:01 
Duration Download Forstok 10.718011856079 Detik
Duration Looping 500 Data 163.43890881538 Detik 
Total Duration 163.46657204628 Detik 
------------------------- 
Tanggal: 27-08-2022 06:40:01 
Duration Download Forstok 15.523092031479 Detik
Duration Looping 500 Data 163.75853800774 Detik 
Total Duration 163.7813642025 Detik 
------------------------- 
Tanggal: 27-08-2022 06:45:01 
Duration Download Forstok 14.683506011963 Detik
Duration Looping 500 Data 170.08711004257 Detik 
Total Duration 170.11291718483 Detik 
------------------------- 
Tanggal: 27-08-2022 06:50:01 
Duration Download Forstok 10.939531087875 Detik
Duration Looping 500 Data 160.09423804283 Detik 
Total Duration 160.11914610863 Detik 
------------------------- 
Tanggal: 27-08-2022 06:55:01 
Duration Download Forstok 9.8726360797882 Detik
Duration Looping 500 Data 169.54624009132 Detik 
Total Duration 169.57240796089 Detik 
------------------------- 
Tanggal: 27-08-2022 07:00:01 
Duration Download Forstok 12.012490034103 Detik
Duration Looping 500 Data 161.89648509026 Detik 
Total Duration 161.92128705978 Detik 
------------------------- 
Tanggal: 27-08-2022 07:05:01 
Duration Download Forstok 9.6143081188202 Detik
Duration Looping 500 Data 155.90829610825 Detik 
Total Duration 155.93296694756 Detik 
------------------------- 
Tanggal: 27-08-2022 07:10:01 
Duration Download Forstok 12.920481920242 Detik
Duration Looping 500 Data 168.38757491112 Detik 
Total Duration 168.41534590721 Detik 
------------------------- 
Tanggal: 27-08-2022 07:15:01 
Duration Download Forstok 13.342377901077 Detik
Duration Looping 500 Data 171.98544788361 Detik 
Total Duration 172.01039481163 Detik 
------------------------- 
Tanggal: 27-08-2022 07:20:01 
Duration Download Forstok 10.998296022415 Detik
Duration Looping 500 Data 164.34771800041 Detik 
Total Duration 164.3719599247 Detik 
------------------------- 
Tanggal: 27-08-2022 07:25:01 
Duration Download Forstok 10.906176805496 Detik
Duration Looping 500 Data 160.17183184624 Detik 
Total Duration 160.19819998741 Detik 
------------------------- 
Tanggal: 27-08-2022 07:30:01 
Duration Download Forstok 11.987565040588 Detik
Duration Looping 500 Data 166.19903206825 Detik 
Total Duration 166.22360801697 Detik 
------------------------- 
Tanggal: 27-08-2022 07:35:02 
Duration Download Forstok 11.442128181458 Detik
Duration Looping 500 Data 158.7898440361 Detik 
Total Duration 158.81836414337 Detik 
------------------------- 
Tanggal: 27-08-2022 07:40:01 
Duration Download Forstok 10.247366189957 Detik
Duration Looping 500 Data 156.23882508278 Detik 
Total Duration 156.26383304596 Detik 
------------------------- 
Tanggal: 27-08-2022 07:45:01 
Duration Download Forstok 11.528841972351 Detik
Duration Looping 500 Data 157.97446799278 Detik 
Total Duration 157.99906802177 Detik 
------------------------- 
Tanggal: 27-08-2022 07:50:01 
Duration Download Forstok 12.198598146439 Detik
Duration Looping 500 Data 163.77793598175 Detik 
Total Duration 163.80400896072 Detik 
------------------------- 
Tanggal: 27-08-2022 07:55:01 
Duration Download Forstok 9.4058248996735 Detik
Duration Looping 500 Data 159.7647550106 Detik 
Total Duration 159.78930211067 Detik 
------------------------- 
Tanggal: 27-08-2022 08:00:01 
Duration Download Forstok 14.164579153061 Detik
Duration Looping 500 Data 177.53789305687 Detik 
Total Duration 177.56243515015 Detik 
------------------------- 
Tanggal: 27-08-2022 08:05:01 
Duration Download Forstok 10.239572048187 Detik
Duration Looping 500 Data 170.16048002243 Detik 
Total Duration 170.18442797661 Detik 
------------------------- 
Tanggal: 27-08-2022 08:10:02 
Duration Download Forstok 10.792963027954 Detik
Duration Looping 500 Data 165.98290300369 Detik 
Tanggal: 27-08-2022 08:15:01 
Duration Download Forstok 11.568377971649 Detik
Duration Looping 500 Data 172.94582414627 Detik 
Tanggal: 27-08-2022 08:20:01 
Duration Download Forstok 8.9771270751953 Detik
Duration Looping 500 Data 177.89283800125 Detik 
Tanggal: 27-08-2022 08:25:01 
Duration Download Forstok 10.548654794693 Detik
Duration Looping 500 Data 167.70131492615 Detik 
Tanggal: 27-08-2022 08:30:01 
Duration Download Forstok 11.31630897522 Detik
Duration Looping 500 Data 170.0585770607 Detik 
Tanggal: 27-08-2022 08:35:01 
Duration Download Forstok 9.4706439971924 Detik
Duration Looping 500 Data 169.78286910057 Detik 
Tanggal: 27-08-2022 08:40:01 
Duration Download Forstok 10.142270088196 Detik
Duration Looping 500 Data 178.9788351059 Detik 
Tanggal: 27-08-2022 08:45:01 
Duration Download Forstok 11.88646697998 Detik
Duration Looping 500 Data 177.13699793816 Detik 
Tanggal: 27-08-2022 08:50:01 
Duration Download Forstok 9.4652571678162 Detik
Duration Looping 500 Data 177.22322010994 Detik 
Tanggal: 27-08-2022 08:55:01 
Duration Download Forstok 10.550218105316 Detik
Duration Looping 500 Data 173.21345806122 Detik 
Tanggal: 27-08-2022 09:00:01 
Duration Download Forstok 11.753002166748 Detik
Duration Looping 500 Data 182.80163002014 Detik 
Tanggal: 27-08-2022 09:05:01 
Duration Download Forstok 11.934392929077 Detik
Duration Looping 500 Data 182.97680497169 Detik 
Tanggal: 27-08-2022 09:10:01 
Duration Download Forstok 10.845459222794 Detik
Duration Looping 500 Data 173.69769001007 Detik 
Tanggal: 27-08-2022 09:15:01 
Duration Download Forstok 10.48853302002 Detik
Duration Looping 500 Data 184.33464503288 Detik 
Tanggal: 27-08-2022 09:20:02 
Duration Download Forstok 10.559349060059 Detik
Duration Looping 500 Data 177.38414406776 Detik 
Tanggal: 27-08-2022 09:25:01 
Duration Download Forstok 13.304250001907 Detik
Duration Looping 500 Data 189.34690499306 Detik 
Tanggal: 27-08-2022 09:30:01 
Duration Download Forstok 9.479453086853 Detik
Duration Looping 500 Data 168.71560811996 Detik 
Tanggal: 27-08-2022 09:35:01 
Duration Download Forstok 13.488267183304 Detik
Duration Looping 500 Data 171.63487005234 Detik 
Tanggal: 27-08-2022 09:40:02 
Duration Download Forstok 9.3714330196381 Detik
Duration Looping 500 Data 168.38877892494 Detik 
Tanggal: 27-08-2022 09:45:01 
Duration Download Forstok 14.502820014954 Detik
Duration Looping 500 Data 175.64934420586 Detik 
Tanggal: 27-08-2022 09:50:01 
Duration Download Forstok 13.409919977188 Detik
Duration Looping 500 Data 177.16063904762 Detik 
Tanggal: 27-08-2022 09:55:01 
Duration Download Forstok 9.4983699321747 Detik
Duration Looping 500 Data 176.84420013428 Detik 
Tanggal: 27-08-2022 10:00:01 
Duration Download Forstok 18.77006816864 Detik
Duration Looping 500 Data 187.7161591053 Detik 
Tanggal: 27-08-2022 10:05:01 
Duration Download Forstok 12.143178939819 Detik
Duration Looping 500 Data 181.22967481613 Detik 
Tanggal: 27-08-2022 10:10:00 
Duration Download Forstok 10.993027210236 Detik
Duration Looping 500 Data 175.45415711403 Detik 
Tanggal: 27-08-2022 10:15:01 
Duration Download Forstok 13.820786952972 Detik
Duration Looping 500 Data 172.583507061 Detik 
Tanggal: 27-08-2022 10:20:01 
Duration Download Forstok 9.650062084198 Detik
Duration Looping 500 Data 181.08368301392 Detik 
Tanggal: 27-08-2022 10:25:02 
Duration Download Forstok 10.658308029175 Detik
Duration Looping 500 Data 177.65816998482 Detik 
Tanggal: 27-08-2022 10:30:01 
Duration Download Forstok 14.045725107193 Detik
Duration Looping 500 Data 179.73306107521 Detik 
Tanggal: 27-08-2022 10:35:01 
Duration Download Forstok 10.362076044083 Detik
Duration Looping 500 Data 172.43787097931 Detik 
Tanggal: 27-08-2022 10:40:01 
Duration Download Forstok 12.452491044998 Detik
Duration Looping 500 Data 177.47878217697 Detik 
Tanggal: 27-08-2022 10:45:01 
Duration Download Forstok 11.235985040665 Detik
Duration Looping 500 Data 174.76171422005 Detik 
Tanggal: 27-08-2022 10:50:01 
Duration Download Forstok 10.702248096466 Detik
Duration Looping 500 Data 183.09672808647 Detik 
Tanggal: 27-08-2022 10:55:01 
Duration Download Forstok 14.186546087265 Detik
Duration Looping 500 Data 178.8250939846 Detik 
Tanggal: 27-08-2022 11:00:01 
Duration Download Forstok 12.920481920242 Detik
Duration Looping 500 Data 176.11531805992 Detik 
Tanggal: 27-08-2022 11:05:01 
Duration Download Forstok 9.1039960384369 Detik
Duration Looping 500 Data 174.58308386803 Detik 
Tanggal: 27-08-2022 11:10:01 
Duration Download Forstok 11.30557012558 Detik
Duration Looping 500 Data 177.62886619568 Detik 
Tanggal: 27-08-2022 11:15:01 
Duration Download Forstok 11.869392156601 Detik
Duration Looping 500 Data 173.35309696198 Detik 
Tanggal: 27-08-2022 11:20:01 
Duration Download Forstok 9.3933639526367 Detik
Duration Looping 500 Data 182.46938800812 Detik 
Tanggal: 27-08-2022 11:25:01 
Duration Download Forstok 13.429855108261 Detik
Duration Looping 500 Data 179.10393214226 Detik 
Tanggal: 27-08-2022 11:30:01 
Duration Download Forstok 12.608170032501 Detik
Duration Looping 500 Data 182.01675915718 Detik 
Tanggal: 27-08-2022 11:35:01 
Duration Download Forstok 9.3883049488068 Detik
Duration Looping 500 Data 174.67699313164 Detik 
Tanggal: 27-08-2022 11:40:01 
Duration Download Forstok 15.376929044724 Detik
Duration Looping 500 Data 183.10909891129 Detik 
Tanggal: 27-08-2022 11:45:01 
Duration Download Forstok 12.67752122879 Detik
Duration Looping 500 Data 184.94536519051 Detik 
Tanggal: 27-08-2022 11:50:01 
Duration Download Forstok 17.193192958832 Detik
Duration Looping 500 Data 181.42006802559 Detik 
Tanggal: 27-08-2022 11:55:01 
Duration Download Forstok 13.669454097748 Detik
Duration Looping 500 Data 178.5145509243 Detik 
Tanggal: 27-08-2022 12:00:01 
Duration Download Forstok 14.56104683876 Detik
Duration Looping 500 Data 174.86823391914 Detik 
Tanggal: 27-08-2022 12:05:01 
Duration Download Forstok 16.228487968445 Detik
Duration Looping 500 Data 182.78591108322 Detik 
Tanggal: 27-08-2022 12:10:01 
Duration Download Forstok 15.706079959869 Detik
Duration Looping 500 Data 178.3054831028 Detik 
Tanggal: 27-08-2022 12:15:01 
Duration Download Forstok 13.582738876343 Detik
Duration Looping 500 Data 179.52010679245 Detik 
Tanggal: 27-08-2022 12:20:01 
Duration Download Forstok 13.463865995407 Detik
Duration Looping 500 Data 179.70367193222 Detik 
Tanggal: 27-08-2022 12:25:01 
Duration Download Forstok 10.840441942215 Detik
Duration Looping 500 Data 169.44862103462 Detik 
Tanggal: 27-08-2022 12:30:01 
Duration Download Forstok 10.169364929199 Detik
Duration Looping 500 Data 167.8202958107 Detik 
Tanggal: 27-08-2022 12:35:01 
Duration Download Forstok 11.355051994324 Detik
Duration Looping 500 Data 172.51981306076 Detik 
Tanggal: 27-08-2022 12:40:01 
Duration Download Forstok 9.389447927475 Detik
Duration Looping 500 Data 170.98862409592 Detik 
Tanggal: 27-08-2022 12:45:01 
Duration Download Forstok 11.627326965332 Detik
Duration Looping 500 Data 173.12872314453 Detik 
Tanggal: 27-08-2022 12:50:01 
Duration Download Forstok 9.893697977066 Detik
Duration Looping 500 Data 170.07498502731 Detik 
Tanggal: 27-08-2022 12:55:01 
Duration Download Forstok 16.290251970291 Detik
Duration Looping 500 Data 177.95912480354 Detik 
Tanggal: 27-08-2022 13:00:02 
Duration Download Forstok 11.466823101044 Detik
Duration Looping 500 Data 174.36544704437 Detik 
Tanggal: 27-08-2022 13:05:01 
Duration Download Forstok 20.674800157547 Detik
Duration Looping 500 Data 184.07304406166 Detik 
Tanggal: 27-08-2022 13:10:01 
Duration Download Forstok 15.930880069733 Detik
Duration Looping 500 Data 180.96757316589 Detik 
Tanggal: 27-08-2022 13:15:01 
Duration Download Forstok 12.289894104004 Detik
Duration Looping 500 Data 173.2039539814 Detik 
Tanggal: 27-08-2022 13:20:02 
Duration Download Forstok 12.25418806076 Detik
Duration Looping 500 Data 169.86095190048 Detik 
Tanggal: 27-08-2022 13:25:01 
Duration Download Forstok 12.254430055618 Detik
Duration Looping 500 Data 169.41230607033 Detik 
Tanggal: 27-08-2022 13:30:01 
Duration Download Forstok 14.017148017883 Detik
Duration Looping 500 Data 175.20754599571 Detik 
Tanggal: 27-08-2022 13:35:01 
Duration Download Forstok 9.9361910820007 Detik
Duration Looping 500 Data 167.13776707649 Detik 
Tanggal: 27-08-2022 13:40:01 
Duration Download Forstok 11.852586984634 Detik
Duration Looping 500 Data 176.3181848526 Detik 
Tanggal: 27-08-2022 13:45:01 
Duration Download Forstok 11.078032970428 Detik
Duration Looping 500 Data 165.69339203835 Detik 
Tanggal: 27-08-2022 13:50:01 
Duration Download Forstok 10.051322937012 Detik
Duration Looping 500 Data 168.61740112305 Detik 
Tanggal: 27-08-2022 13:55:01 
Duration Download Forstok 10.149209022522 Detik
Duration Looping 500 Data 163.5398581028 Detik 
Tanggal: 27-08-2022 14:00:01 
Duration Download Forstok 12.567481040955 Detik
Duration Looping 500 Data 170.08693099022 Detik 
Tanggal: 27-08-2022 14:05:01 
Duration Download Forstok 10.864442110062 Detik
Duration Looping 500 Data 169.08349514008 Detik 
Tanggal: 27-08-2022 14:10:01 
Duration Download Forstok 27.776953935623 Detik
Duration Looping 500 Data 185.17345786095 Detik 
Tanggal: 27-08-2022 14:15:01 
Duration Download Forstok 13.0903840065 Detik
Duration Looping 500 Data 170.39911103249 Detik 
Tanggal: 27-08-2022 14:20:01 
Duration Download Forstok 15.083969116211 Detik
Duration Looping 500 Data 185.34795498848 Detik 
Tanggal: 27-08-2022 14:25:01 
Duration Download Forstok 9.4896919727325 Detik
Duration Looping 500 Data 161.72645711899 Detik 
Tanggal: 27-08-2022 14:30:01 
Duration Download Forstok 11.277539968491 Detik
Duration Looping 500 Data 165.94849491119 Detik 
Tanggal: 27-08-2022 14:35:01 
Duration Download Forstok 9.1710298061371 Detik
Duration Looping 500 Data 167.81168484688 Detik 
Tanggal: 27-08-2022 14:40:01 
Duration Download Forstok 9.7881300449371 Detik
Duration Looping 500 Data 168.09379291534 Detik 
Tanggal: 27-08-2022 14:45:01 
Duration Download Forstok 18.225733041763 Detik
Duration Looping 500 Data 172.18474507332 Detik 
Tanggal: 27-08-2022 14:50:01 
Duration Download Forstok 14.764359951019 Detik
Duration Looping 500 Data 170.8168451786 Detik 
Tanggal: 27-08-2022 14:55:01 
Duration Download Forstok 14.045964956284 Detik
Duration Looping 500 Data 165.45525598526 Detik 
Tanggal: 27-08-2022 15:00:01 
Duration Download Forstok 9.6368460655212 Detik
Duration Looping 500 Data 169.46789002419 Detik 
Tanggal: 27-08-2022 15:05:01 
Duration Download Forstok 10.199205160141 Detik
Duration Looping 500 Data 165.50338506699 Detik 
Tanggal: 27-08-2022 15:10:01 
Duration Download Forstok 9.8895947933197 Detik
Duration Looping 500 Data 176.44470191002 Detik 
Total Duration 176.46958398819 Detik 
------------------------- 
Tanggal: 27-08-2022 15:15:01 
Duration Download Forstok 12.575128078461 Detik
Duration Looping 500 Data 166.59822106361 Detik 
Total Duration 166.6244559288 Detik 
------------------------- 
Tanggal: 27-08-2022 15:20:01 
Duration Download Forstok 8.5849430561066 Detik
Duration Looping 500 Data 165.1095969677 Detik 
Total Duration 165.14199995995 Detik 
------------------------- 
Tanggal: 27-08-2022 15:25:01 
Duration Download Forstok 10.153525829315 Detik
Duration Looping 500 Data 160.19417881966 Detik 
Total Duration 160.21953487396 Detik 
------------------------- 
Tanggal: 27-08-2022 15:30:02 
Duration Download Forstok 11.655769109726 Detik
Duration Looping 500 Data 164.11784505844 Detik 
Total Duration 164.14628601074 Detik 
------------------------- 
Tanggal: 27-08-2022 15:35:01 
Duration Download Forstok 10.306144952774 Detik
Duration Looping 500 Data 172.55030798912 Detik 
Total Duration 172.57522702217 Detik 
------------------------- 
Tanggal: 27-08-2022 15:40:01 
Duration Download Forstok 9.845381975174 Detik
Duration Looping 500 Data 167.98260092735 Detik 
Total Duration 168.00719594955 Detik 
------------------------- 
Tanggal: 27-08-2022 15:45:01 
Duration Download Forstok 11.650323152542 Detik
Duration Looping 500 Data 171.9881310463 Detik 
Total Duration 172.01792907715 Detik 
------------------------- 
Tanggal: 27-08-2022 15:50:01 
Duration Download Forstok 9.1597812175751 Detik
Duration Looping 500 Data 172.17768502235 Detik 
Total Duration 172.20453810692 Detik 
------------------------- 
Tanggal: 27-08-2022 15:55:01 
Duration Download Forstok 9.4686658382416 Detik
Duration Looping 500 Data 171.14513492584 Detik 
Total Duration 171.17375397682 Detik 
------------------------- 
Tanggal: 27-08-2022 16:00:01 
Duration Download Forstok 10.814958095551 Detik
Duration Looping 500 Data 168.82334709167 Detik 
Tanggal: 27-08-2022 16:05:01 
Duration Download Forstok 11.821021795273 Detik
Duration Looping 500 Data 165.27103281021 Detik 
Tanggal: 27-08-2022 16:10:02 
Duration Download Forstok 12.463773965836 Detik
Duration Looping 500 Data 168.96847701073 Detik 
Tanggal: 27-08-2022 16:15:01 
Duration Download Forstok 11.583869934082 Detik
Duration Looping 500 Data 167.45706892014 Detik 
Tanggal: 27-08-2022 16:20:01 
Duration Download Forstok 9.8819341659546 Detik
Duration Looping 500 Data 174.89878702164 Detik 
Tanggal: 27-08-2022 16:25:01 
Duration Download Forstok 13.206010103226 Detik
Duration Looping 500 Data 168.67087006569 Detik 
Tanggal: 27-08-2022 16:30:01 
Duration Download Forstok 11.419559001923 Detik
Duration Looping 500 Data 172.58257603645 Detik 
Tanggal: 27-08-2022 16:35:01 
Duration Download Forstok 13.417095899582 Detik
Duration Looping 500 Data 166.98165798187 Detik 
Tanggal: 27-08-2022 16:40:01 
Duration Download Forstok 11.505196809769 Detik
Duration Looping 500 Data 170.55697202682 Detik 
Tanggal: 27-08-2022 16:45:01 
Duration Download Forstok 11.225005865097 Detik
Duration Looping 500 Data 165.92731285095 Detik 
Tanggal: 27-08-2022 16:50:01 
Duration Download Forstok 11.332036972046 Detik
Duration Looping 500 Data 167.34425187111 Detik 
Tanggal: 27-08-2022 16:55:01 
Duration Download Forstok 11.547096967697 Detik
Duration Looping 500 Data 165.58897304535 Detik 
Tanggal: 27-08-2022 17:00:02 
Duration Download Forstok 11.956864118576 Detik
Duration Looping 500 Data 172.25058794022 Detik 
Tanggal: 27-08-2022 17:05:01 
Duration Download Forstok 9.8508689403534 Detik
Duration Looping 500 Data 170.4339120388 Detik 
Tanggal: 27-08-2022 17:10:01 
Duration Download Forstok 10.791323900223 Detik
Duration Looping 500 Data 161.23438096046 Detik 
Tanggal: 27-08-2022 17:15:01 
Duration Download Forstok 16.650699138641 Detik
Duration Looping 500 Data 184.76374912262 Detik 
Tanggal: 27-08-2022 17:20:01 
Duration Download Forstok 10.777915000916 Detik
Duration Looping 500 Data 165.61094284058 Detik 
Tanggal: 27-08-2022 17:25:01 
Duration Download Forstok 10.530951976776 Detik
Duration Looping 500 Data 169.53631901741 Detik 
Tanggal: 27-08-2022 17:30:01 
Duration Download Forstok 11.792866945267 Detik
Duration Looping 500 Data 172.48609900475 Detik 
Tanggal: 27-08-2022 17:35:01 
Duration Download Forstok 9.8024940490723 Detik
Duration Looping 500 Data 175.38599419594 Detik 
Tanggal: 27-08-2022 17:40:01 
Duration Download Forstok 10.117714166641 Detik
Duration Looping 500 Data 161.81357598305 Detik 
Tanggal: 27-08-2022 17:45:01 
Duration Download Forstok 10.783476114273 Detik
Duration Looping 500 Data 165.16740107536 Detik 
Tanggal: 27-08-2022 17:50:01 
Duration Download Forstok 10.170289993286 Detik
Duration Looping 500 Data 162.31889605522 Detik 
Tanggal: 27-08-2022 17:55:01 
Duration Download Forstok 10.529616117477 Detik
Duration Looping 500 Data 164.87254405022 Detik 
Tanggal: 27-08-2022 18:00:01 
Duration Download Forstok 9.7808558940887 Detik
Duration Looping 500 Data 164.37914800644 Detik 
Tanggal: 27-08-2022 18:05:01 
Duration Download Forstok 11.738524198532 Detik
Duration Looping 500 Data 166.55791401863 Detik 
Tanggal: 27-08-2022 18:10:01 
Duration Download Forstok 11.924738883972 Detik
Duration Looping 500 Data 169.91243004799 Detik 
Tanggal: 27-08-2022 18:15:01 
Duration Download Forstok 11.017964839935 Detik
Duration Looping 500 Data 171.36748480797 Detik 
Tanggal: 27-08-2022 18:20:01 
Duration Download Forstok 10.838804960251 Detik
Duration Looping 500 Data 163.77693510056 Detik 
Tanggal: 27-08-2022 18:25:01 
Duration Download Forstok 10.296159982681 Detik
Duration Looping 500 Data 185.38389897346 Detik 
Tanggal: 27-08-2022 18:30:01 
Duration Download Forstok 9.7888889312744 Detik
Duration Looping 500 Data 165.29431295395 Detik 
Tanggal: 27-08-2022 18:35:01 
Duration Download Forstok 14.816724061966 Detik
Duration Looping 500 Data 186.56961011887 Detik 
Tanggal: 27-08-2022 18:40:01 
Duration Download Forstok 11.86261510849 Detik
Duration Looping 500 Data 163.86139297485 Detik 
Tanggal: 27-08-2022 18:45:01 
Duration Download Forstok 10.663601875305 Detik
Duration Looping 500 Data 161.38574099541 Detik 
Tanggal: 27-08-2022 18:50:01 
Duration Download Forstok 14.494884967804 Detik
Duration Looping 500 Data 165.96028900146 Detik 
Tanggal: 27-08-2022 18:55:01 
Duration Download Forstok 9.4286859035492 Detik
Duration Looping 500 Data 165.63111209869 Detik 
Tanggal: 27-08-2022 19:00:01 
Duration Download Forstok 10.395411014557 Detik
Duration Looping 500 Data 159.70946097374 Detik 
Tanggal: 27-08-2022 19:05:01 
Duration Download Forstok 11.694770812988 Detik
Duration Looping 500 Data 171.04228496552 Detik 
Tanggal: 27-08-2022 19:10:01 
Duration Download Forstok 19.133251905441 Detik
Duration Looping 500 Data 180.20865607262 Detik 
Tanggal: 27-08-2022 19:15:01 
Duration Download Forstok 12.767038822174 Detik
Duration Looping 500 Data 176.18478178978 Detik 
Tanggal: 27-08-2022 19:20:01 
Duration Download Forstok 10.607263088226 Detik
Duration Looping 500 Data 161.82090711594 Detik 
Tanggal: 27-08-2022 19:25:01 
Duration Download Forstok 10.527647018433 Detik
Duration Looping 500 Data 171.72230815887 Detik 
Tanggal: 27-08-2022 19:30:01 
Duration Download Forstok 13.097432136536 Detik
Duration Looping 500 Data 165.68862891197 Detik 
Tanggal: 27-08-2022 19:35:01 
Duration Download Forstok 11.075189828873 Detik
Duration Looping 500 Data 165.20993089676 Detik 
Tanggal: 27-08-2022 19:40:01 
Duration Download Forstok 8.8538081645966 Detik
Duration Looping 500 Data 187.66413903236 Detik 
Tanggal: 27-08-2022 19:45:01 
Duration Download Forstok 13.113906860352 Detik
Duration Looping 500 Data 168.665143013 Detik 
Tanggal: 27-08-2022 19:50:01 
Duration Download Forstok 9.4562320709229 Detik
Duration Looping 500 Data 163.7233979702 Detik 
Tanggal: 27-08-2022 19:55:01 
Duration Download Forstok 8.5906600952148 Detik
Duration Looping 500 Data 170.70066809654 Detik 
Tanggal: 27-08-2022 20:00:01 
Duration Download Forstok 10.627902030945 Detik
Duration Looping 500 Data 170.91850113869 Detik 
Tanggal: 27-08-2022 20:05:01 
Duration Download Forstok 14.07971405983 Detik
Duration Looping 500 Data 171.42990708351 Detik 
Tanggal: 27-08-2022 20:10:01 
Duration Download Forstok 10.433130979538 Detik
Duration Looping 500 Data 162.56496691704 Detik 
Tanggal: 27-08-2022 20:15:01 
Duration Download Forstok 11.088589906693 Detik
Duration Looping 500 Data 170.53854393959 Detik 
Tanggal: 27-08-2022 20:20:01 
Duration Download Forstok 9.3549900054932 Detik
Duration Looping 500 Data 160.83720493317 Detik 
Tanggal: 27-08-2022 20:25:01 
Duration Download Forstok 9.9020030498505 Detik
Duration Looping 500 Data 158.51092100143 Detik 
Tanggal: 27-08-2022 20:30:01 
Duration Download Forstok 12.375 Detik
Duration Looping 500 Data 168.93196797371 Detik 
Tanggal: 27-08-2022 20:35:01 
Duration Download Forstok 10.963365077972 Detik
Duration Looping 500 Data 165.75089597702 Detik 
Tanggal: 27-08-2022 20:40:01 
Duration Download Forstok 8.7573359012604 Detik
Duration Looping 500 Data 162.53096699715 Detik 
Tanggal: 27-08-2022 20:45:02 
Duration Download Forstok 12.128140926361 Detik
Duration Looping 500 Data 170.99321699142 Detik 
Tanggal: 27-08-2022 20:50:01 
Duration Download Forstok 10.425744056702 Detik
Duration Looping 500 Data 163.7346060276 Detik 
Tanggal: 27-08-2022 20:55:01 
Duration Download Forstok 10.070513010025 Detik
Duration Looping 500 Data 164.49348187447 Detik 
Tanggal: 27-08-2022 21:00:01 
Duration Download Forstok 11.603553056717 Detik
Duration Looping 500 Data 167.44019198418 Detik 
Tanggal: 27-08-2022 21:05:01 
Duration Download Forstok 8.4174780845642 Detik
Duration Looping 500 Data 161.09566903114 Detik 
Tanggal: 27-08-2022 21:10:01 
Duration Download Forstok 8.6924889087677 Detik
Duration Looping 500 Data 172.89549398422 Detik 
Tanggal: 27-08-2022 21:15:01 
Duration Download Forstok 15.334558963776 Detik
Duration Looping 500 Data 174.48891091347 Detik 
Tanggal: 27-08-2022 21:20:01 
Duration Download Forstok 9.7454268932343 Detik
Duration Looping 500 Data 166.6424279213 Detik 
Tanggal: 27-08-2022 21:25:01 
Duration Download Forstok 10.331455945969 Detik
Duration Looping 500 Data 166.16934704781 Detik 
Tanggal: 27-08-2022 21:30:01 
Duration Download Forstok 17.154666900635 Detik
Duration Looping 500 Data 174.40473103523 Detik 
Tanggal: 27-08-2022 21:35:01 
Duration Download Forstok 10.813106060028 Detik
Duration Looping 500 Data 171.43768405914 Detik 
Tanggal: 27-08-2022 21:40:01 
Duration Download Forstok 9.9478302001953 Detik
Duration Looping 500 Data 165.58485507965 Detik 
Tanggal: 27-08-2022 21:45:01 
Duration Download Forstok 16.542640924454 Detik
Duration Looping 500 Data 173.74710583687 Detik 
Tanggal: 27-08-2022 21:50:01 
Duration Download Forstok 11.804573059082 Detik
Duration Looping 500 Data 160.00508999825 Detik 
Tanggal: 27-08-2022 21:55:01 
Duration Download Forstok 9.3036630153656 Detik
Duration Looping 500 Data 166.86563587189 Detik 
Tanggal: 27-08-2022 22:00:01 
Duration Download Forstok 11.486096858978 Detik
Duration Looping 500 Data 160.98633384705 Detik 
Tanggal: 27-08-2022 22:05:01 
Duration Download Forstok 9.2420930862427 Detik
Duration Looping 500 Data 157.65819406509 Detik 
Tanggal: 27-08-2022 22:10:01 
Duration Download Forstok 10.817219018936 Detik
Duration Looping 500 Data 161.94818305969 Detik 
Tanggal: 27-08-2022 22:15:01 
Duration Download Forstok 13.340343952179 Detik
Duration Looping 500 Data 159.32168698311 Detik 
Tanggal: 27-08-2022 22:20:01 
Duration Download Forstok 10.314903020859 Detik
Duration Looping 500 Data 164.62864804268 Detik 
Tanggal: 27-08-2022 22:25:01 
Duration Download Forstok 10.58306312561 Detik
Duration Looping 500 Data 161.64281392097 Detik 
Tanggal: 27-08-2022 22:30:01 
Duration Download Forstok 9.4559969902039 Detik
Duration Looping 500 Data 159.34248614311 Detik 
Tanggal: 27-08-2022 22:35:01 
Duration Download Forstok 9.3526721000671 Detik
Duration Looping 500 Data 172.37296414375 Detik 
Tanggal: 27-08-2022 22:40:01 
Duration Download Forstok 21.222836017609 Detik
Duration Looping 500 Data 173.95058083534 Detik 
Tanggal: 27-08-2022 22:45:01 
Duration Download Forstok 11.528538942337 Detik
Duration Looping 500 Data 158.58483600616 Detik 
Tanggal: 27-08-2022 22:50:01 
Duration Download Forstok 9.2873229980469 Detik
Duration Looping 500 Data 161.59709692001 Detik 
Tanggal: 27-08-2022 22:55:01 
Duration Download Forstok 8.8987040519714 Detik
Duration Looping 500 Data 169.65221095085 Detik 
Tanggal: 27-08-2022 23:00:01 
Duration Download Forstok 14.405348062515 Detik
Duration Looping 500 Data 163.97260594368 Detik 
Tanggal: 27-08-2022 23:05:01 
Duration Download Forstok 16.340399980545 Detik
Duration Looping 500 Data 168.62558913231 Detik 
Tanggal: 27-08-2022 23:10:01 
Duration Download Forstok 15.761447191238 Detik
Duration Looping 500 Data 162.91226410866 Detik 
Tanggal: 27-08-2022 23:15:01 
Duration Download Forstok 10.973587036133 Detik
Duration Looping 500 Data 160.21650505066 Detik 
Tanggal: 27-08-2022 23:20:01 
Duration Download Forstok 14.726011037827 Detik
Duration Looping 500 Data 162.774477005 Detik 
Tanggal: 27-08-2022 23:25:01 
Duration Download Forstok 9.3304798603058 Detik
Duration Looping 500 Data 155.84233188629 Detik 
Tanggal: 27-08-2022 23:30:01 
Duration Download Forstok 10.205614089966 Detik
Duration Looping 500 Data 167.91771507263 Detik 
Tanggal: 27-08-2022 23:35:01 
Duration Download Forstok 13.200953006744 Detik
Duration Looping 500 Data 159.30342793465 Detik 
Tanggal: 27-08-2022 23:40:01 
Duration Download Forstok 11.863368988037 Detik
Duration Looping 500 Data 162.5148859024 Detik 
Tanggal: 27-08-2022 23:45:01 
Duration Download Forstok 10.888075828552 Detik
Duration Looping 500 Data 159.89692187309 Detik 
Tanggal: 27-08-2022 23:50:01 
Duration Download Forstok 10.067764997482 Detik
Duration Looping 500 Data 164.6674079895 Detik 
Tanggal: 27-08-2022 23:55:01 
Duration Download Forstok 15.759526968002 Detik
Duration Looping 500 Data 164.07186102867 Detik 
