Tanggal: 13-01-2022 00:00:01 
Duration Download Forstok 13.237683773041 Detik
Duration Looping 700 Data 500.17630982399 Detik 
Total Duration 500.17733979225 Detik 
------------------------- 
Tanggal: 13-01-2022 00:10:02 
Duration Download Forstok 12.873239040375 Detik
Duration Looping 700 Data 155.69643592834 Detik 
Total Duration 155.69652986526 Detik 
------------------------- 
Tanggal: 13-01-2022 00:15:01 
Duration Download Forstok 20.500571012497 Detik
Duration Looping 700 Data 214.27379202843 Detik 
Total Duration 214.27546405792 Detik 
------------------------- 
Tanggal: 13-01-2022 00:20:01 
Duration Download Forstok 13.034137010574 Detik
Duration Looping 700 Data 162.53115296364 Detik 
Total Duration 162.53126192093 Detik 
------------------------- 
Tanggal: 13-01-2022 00:25:01 
Duration Download Forstok 15.777774095535 Detik
Duration Looping 700 Data 179.74397611618 Detik 
Total Duration 179.74421095848 Detik 
------------------------- 
Tanggal: 13-01-2022 00:30:01 
Duration Download Forstok 12.860487222672 Detik
Duration Looping 700 Data 151.6681702137 Detik 
Total Duration 151.66829609871 Detik 
------------------------- 
Tanggal: 13-01-2022 00:35:01 
Duration Download Forstok 23.808729171753 Detik
Duration Looping 700 Data 166.31892204285 Detik 
Total Duration 166.31905007362 Detik 
------------------------- 
Tanggal: 13-01-2022 00:40:01 
Duration Download Forstok 12.714356899261 Detik
Duration Looping 700 Data 154.79372692108 Detik 
Total Duration 154.79386901855 Detik 
------------------------- 
Tanggal: 13-01-2022 00:45:01 
Duration Download Forstok 17.032237052917 Detik
Duration Looping 700 Data 155.08135485649 Detik 
Total Duration 155.08146286011 Detik 
------------------------- 
Tanggal: 13-01-2022 00:50:01 
Duration Download Forstok 12.806473970413 Detik
Duration Looping 700 Data 149.63112592697 Detik 
Total Duration 149.63123393059 Detik 
------------------------- 
Tanggal: 13-01-2022 00:55:01 
Duration Download Forstok 13.355350017548 Detik
Duration Looping 700 Data 156.58100008965 Detik 
Total Duration 156.58110809326 Detik 
------------------------- 
Tanggal: 13-01-2022 01:00:01 
Duration Download Forstok 13.101615905762 Detik
Duration Looping 700 Data 154.65183806419 Detik 
Total Duration 154.65194702148 Detik 
------------------------- 
Tanggal: 13-01-2022 01:05:01 
Duration Download Forstok 18.670665979385 Detik
Duration Looping 700 Data 161.81138491631 Detik 
Total Duration 161.81149792671 Detik 
------------------------- 
Tanggal: 13-01-2022 01:10:01 
Duration Download Forstok 12.700276136398 Detik
Duration Looping 700 Data 155.93975305557 Detik 
Total Duration 155.93986296654 Detik 
------------------------- 
Tanggal: 13-01-2022 01:15:01 
Duration Download Forstok 11.878901004791 Detik
Duration Looping 700 Data 148.34685492516 Detik 
Total Duration 148.34695696831 Detik 
------------------------- 
Tanggal: 13-01-2022 01:20:02 
Duration Download Forstok 14.137885093689 Detik
Duration Looping 700 Data 151.05472803116 Detik 
Total Duration 151.05484199524 Detik 
------------------------- 
Tanggal: 13-01-2022 01:25:01 
Duration Download Forstok 12.471508026123 Detik
Duration Looping 700 Data 157.11257195473 Detik 
Total Duration 157.11268210411 Detik 
------------------------- 
Tanggal: 13-01-2022 01:30:01 
Duration Download Forstok 13.180351018906 Detik
Duration Looping 700 Data 164.55297398567 Detik 
Total Duration 164.55307388306 Detik 
------------------------- 
Tanggal: 13-01-2022 01:35:01 
Duration Download Forstok 23.194589138031 Detik
Duration Looping 700 Data 164.67593598366 Detik 
Total Duration 164.67603516579 Detik 
------------------------- 
Tanggal: 13-01-2022 01:40:01 
Duration Download Forstok 16.431523084641 Detik
Duration Looping 700 Data 163.38771104813 Detik 
Total Duration 163.38781809807 Detik 
------------------------- 
Tanggal: 13-01-2022 01:45:01 
Duration Download Forstok 14.81934094429 Detik
Duration Looping 700 Data 156.17299580574 Detik 
Total Duration 156.17311787605 Detik 
------------------------- 
Tanggal: 13-01-2022 01:50:01 
Duration Download Forstok 13.13985991478 Detik
Duration Looping 700 Data 152.67351794243 Detik 
Total Duration 152.67362093925 Detik 
------------------------- 
Tanggal: 13-01-2022 01:55:01 
Duration Download Forstok 11.942838191986 Detik
Duration Looping 700 Data 160.43769311905 Detik 
Total Duration 160.43780303001 Detik 
------------------------- 
Tanggal: 13-01-2022 02:00:01 
Duration Download Forstok 12.011430978775 Detik
Duration Looping 700 Data 163.99153208733 Detik 
Total Duration 163.99164009094 Detik 
------------------------- 
Tanggal: 13-01-2022 02:05:01 
Duration Download Forstok 15.737136125565 Detik
Duration Looping 700 Data 155.47455906868 Detik 
Total Duration 155.4746491909 Detik 
------------------------- 
Tanggal: 13-01-2022 02:10:01 
Duration Download Forstok 11.799678087234 Detik
Duration Looping 700 Data 159.05802297592 Detik 
Total Duration 159.05813407898 Detik 
------------------------- 
Tanggal: 13-01-2022 02:15:01 
Duration Download Forstok 13.592265129089 Detik
Duration Looping 700 Data 153.23087596893 Detik 
Total Duration 153.23098397255 Detik 
------------------------- 
Tanggal: 13-01-2022 02:20:01 
Duration Download Forstok 12.516637086868 Detik
Duration Looping 700 Data 150.52164316177 Detik 
Total Duration 150.52172803879 Detik 
------------------------- 
Tanggal: 13-01-2022 02:25:01 
Duration Download Forstok 14.980648994446 Detik
Duration Looping 700 Data 163.73499393463 Detik 
Total Duration 163.73511385918 Detik 
------------------------- 
Tanggal: 13-01-2022 02:30:01 
Duration Download Forstok 12.847453117371 Detik
Duration Looping 700 Data 155.08591604233 Detik 
Total Duration 155.08603596687 Detik 
------------------------- 
Tanggal: 13-01-2022 02:35:01 
Duration Download Forstok 19.212984085083 Detik
Duration Looping 700 Data 164.07037401199 Detik 
Total Duration 164.07046604156 Detik 
------------------------- 
Tanggal: 13-01-2022 02:40:01 
Duration Download Forstok 12.008996009827 Detik
Duration Looping 700 Data 158.43547320366 Detik 
Total Duration 158.43558216095 Detik 
------------------------- 
Tanggal: 13-01-2022 02:45:01 
Duration Download Forstok 13.757020950317 Detik
Duration Looping 700 Data 157.22906184196 Detik 
Total Duration 157.22918486595 Detik 
------------------------- 
Tanggal: 13-01-2022 02:50:01 
Duration Download Forstok 13.83997297287 Detik
Duration Looping 700 Data 158.35417294502 Detik 
Total Duration 158.35427689552 Detik 
------------------------- 
Tanggal: 13-01-2022 02:55:01 
Duration Download Forstok 10.972197055817 Detik
Duration Looping 700 Data 155.52635407448 Detik 
Total Duration 155.52646303177 Detik 
------------------------- 
Tanggal: 13-01-2022 03:00:01 
Duration Download Forstok 15.336144924164 Detik
Duration Looping 700 Data 163.93970489502 Detik 
Total Duration 163.93981695175 Detik 
------------------------- 
Tanggal: 13-01-2022 03:05:01 
Duration Download Forstok 19.34715294838 Detik
Duration Looping 700 Data 162.08647799492 Detik 
Total Duration 162.08662104607 Detik 
------------------------- 
Tanggal: 13-01-2022 03:10:01 
Duration Download Forstok 14.837412834167 Detik
Duration Looping 700 Data 154.33373689651 Detik 
Total Duration 154.3338470459 Detik 
------------------------- 
Tanggal: 13-01-2022 03:15:01 
Duration Download Forstok 17.25387597084 Detik
Duration Looping 700 Data 159.10422492027 Detik 
Total Duration 159.10433483124 Detik 
------------------------- 
Tanggal: 13-01-2022 03:20:01 
Duration Download Forstok 13.019761800766 Detik
Duration Looping 700 Data 173.1073319912 Detik 
Total Duration 173.10744595528 Detik 
------------------------- 
Tanggal: 13-01-2022 03:25:01 
Duration Download Forstok 12.561969041824 Detik
Duration Looping 700 Data 152.60340809822 Detik 
Total Duration 152.60352802277 Detik 
------------------------- 
Tanggal: 13-01-2022 03:30:01 
Duration Download Forstok 12.078207015991 Detik
Duration Looping 700 Data 150.04384803772 Detik 
Total Duration 150.04395604134 Detik 
------------------------- 
Tanggal: 13-01-2022 03:35:01 
Duration Download Forstok 17.672397136688 Detik
Duration Looping 700 Data 169.81847000122 Detik 
Total Duration 169.81858515739 Detik 
------------------------- 
Tanggal: 13-01-2022 03:40:01 
Duration Download Forstok 13.259389877319 Detik
Duration Looping 700 Data 153.0929710865 Detik 
Total Duration 153.09308290482 Detik 
------------------------- 
Tanggal: 13-01-2022 03:45:01 
Duration Download Forstok 15.240650177002 Detik
Duration Looping 700 Data 156.5751490593 Detik 
Total Duration 156.5753030777 Detik 
------------------------- 
Tanggal: 13-01-2022 03:50:01 
Duration Download Forstok 13.262367963791 Detik
Duration Looping 700 Data 165.67613792419 Detik 
Total Duration 165.67625999451 Detik 
------------------------- 
Tanggal: 13-01-2022 03:55:01 
Duration Download Forstok 14.278862953186 Detik
Duration Looping 700 Data 151.26587986946 Detik 
Total Duration 151.26601696014 Detik 
------------------------- 
Tanggal: 13-01-2022 04:00:01 
Duration Download Forstok 13.78208398819 Detik
Duration Looping 700 Data 159.13638210297 Detik 
Total Duration 159.1365480423 Detik 
------------------------- 
Tanggal: 13-01-2022 04:05:01 
Duration Download Forstok 17.209962844849 Detik
Duration Looping 700 Data 158.49025893211 Detik 
Total Duration 158.49037790298 Detik 
------------------------- 
Tanggal: 13-01-2022 04:10:01 
Duration Download Forstok 12.085501194 Detik
Duration Looping 700 Data 155.63345718384 Detik 
Total Duration 155.6335670948 Detik 
------------------------- 
Tanggal: 13-01-2022 04:15:01 
Duration Download Forstok 14.010422945023 Detik
Duration Looping 700 Data 159.30618691444 Detik 
Total Duration 159.30629897118 Detik 
------------------------- 
Tanggal: 13-01-2022 04:20:01 
Duration Download Forstok 12.756583929062 Detik
Duration Looping 700 Data 149.9871160984 Detik 
Total Duration 149.98722791672 Detik 
------------------------- 
Tanggal: 13-01-2022 04:25:01 
Duration Download Forstok 12.149142026901 Detik
Duration Looping 700 Data 149.99737000465 Detik 
Total Duration 149.99748587608 Detik 
------------------------- 
Tanggal: 13-01-2022 04:30:01 
Duration Download Forstok 13.329085111618 Detik
Duration Looping 700 Data 161.4138610363 Detik 
Total Duration 161.41396021843 Detik 
------------------------- 
Tanggal: 13-01-2022 04:35:01 
Duration Download Forstok 14.745384931564 Detik
Duration Looping 700 Data 159.92721009254 Detik 
Total Duration 159.92732691765 Detik 
------------------------- 
Tanggal: 13-01-2022 04:40:01 
Duration Download Forstok 11.585855007172 Detik
Duration Looping 700 Data 152.28510308266 Detik 
Total Duration 152.28523588181 Detik 
------------------------- 
Tanggal: 13-01-2022 04:45:01 
Duration Download Forstok 14.650543928146 Detik
Duration Looping 700 Data 156.08647298813 Detik 
Total Duration 156.08658599854 Detik 
------------------------- 
Tanggal: 13-01-2022 04:50:01 
Duration Download Forstok 12.14773106575 Detik
Duration Looping 700 Data 153.47992491722 Detik 
Total Duration 153.48004293442 Detik 
------------------------- 
Tanggal: 13-01-2022 04:55:01 
Duration Download Forstok 12.077883005142 Detik
Duration Looping 700 Data 154.09351587296 Detik 
Total Duration 154.09362792969 Detik 
------------------------- 
Tanggal: 13-01-2022 05:00:01 
Duration Download Forstok 14.581259965897 Detik
Duration Looping 700 Data 163.51779794693 Detik 
Total Duration 163.51791405678 Detik 
------------------------- 
Tanggal: 13-01-2022 05:05:01 
Duration Download Forstok 16.939693927765 Detik
Duration Looping 700 Data 154.16635084152 Detik 
Total Duration 154.16645979881 Detik 
------------------------- 
Tanggal: 13-01-2022 05:10:01 
Duration Download Forstok 12.531031131744 Detik
Duration Looping 700 Data 154.73686099052 Detik 
Total Duration 154.73697018623 Detik 
------------------------- 
Tanggal: 13-01-2022 05:15:01 
Duration Download Forstok 12.950689077377 Detik
Duration Looping 700 Data 165.95866203308 Detik 
Total Duration 165.95877599716 Detik 
------------------------- 
Tanggal: 13-01-2022 05:20:01 
Duration Download Forstok 12.793184041977 Detik
Duration Looping 700 Data 171.19639396667 Detik 
Total Duration 171.19650387764 Detik 
------------------------- 
Tanggal: 13-01-2022 05:25:01 
Duration Download Forstok 13.320135831833 Detik
Duration Looping 700 Data 157.35942196846 Detik 
Total Duration 157.35953402519 Detik 
------------------------- 
Tanggal: 13-01-2022 05:30:01 
Duration Download Forstok 12.294049978256 Detik
Duration Looping 700 Data 161.45639896393 Detik 
Total Duration 161.4565050602 Detik 
------------------------- 
Tanggal: 13-01-2022 05:35:01 
Duration Download Forstok 15.607184886932 Detik
Duration Looping 700 Data 161.3053278923 Detik 
Total Duration 161.3054459095 Detik 
------------------------- 
Tanggal: 13-01-2022 05:40:01 
Duration Download Forstok 13.484904050827 Detik
Duration Looping 700 Data 148.99042701721 Detik 
Total Duration 148.99053311348 Detik 
------------------------- 
Tanggal: 13-01-2022 05:45:01 
Duration Download Forstok 14.168932914734 Detik
Duration Looping 700 Data 166.15963196754 Detik 
Total Duration 166.15973305702 Detik 
------------------------- 
Tanggal: 13-01-2022 05:50:01 
Duration Download Forstok 12.229625940323 Detik
Duration Looping 700 Data 150.90765690804 Detik 
Total Duration 150.9077808857 Detik 
------------------------- 
Tanggal: 13-01-2022 05:55:01 
Duration Download Forstok 11.88011097908 Detik
Duration Looping 700 Data 170.18906092644 Detik 
Total Duration 170.18917989731 Detik 
------------------------- 
Tanggal: 13-01-2022 06:00:01 
Duration Download Forstok 12.124984025955 Detik
Duration Looping 700 Data 157.44087600708 Detik 
Total Duration 157.44098901749 Detik 
------------------------- 
Tanggal: 13-01-2022 06:05:01 
Duration Download Forstok 14.431181907654 Detik
Duration Looping 700 Data 161.34757089615 Detik 
Total Duration 161.34768795967 Detik 
------------------------- 
Tanggal: 13-01-2022 06:10:01 
Duration Download Forstok 11.31822681427 Detik
Duration Looping 700 Data 161.40421199799 Detik 
Total Duration 161.40561389923 Detik 
------------------------- 
Tanggal: 13-01-2022 06:15:01 
Duration Download Forstok 11.553909063339 Detik
Duration Looping 700 Data 160.60241985321 Detik 
Total Duration 160.6025249958 Detik 
------------------------- 
Tanggal: 13-01-2022 06:20:01 
Duration Download Forstok 12.805343866348 Detik
Duration Looping 700 Data 158.21382689476 Detik 
Total Duration 158.21394205093 Detik 
------------------------- 
Tanggal: 13-01-2022 06:25:01 
Duration Download Forstok 11.200940847397 Detik
Duration Looping 700 Data 151.91969585419 Detik 
Total Duration 151.91980481148 Detik 
------------------------- 
Tanggal: 13-01-2022 06:30:01 
Duration Download Forstok 11.989551067352 Detik
Duration Looping 700 Data 152.6432352066 Detik 
Total Duration 152.64334797859 Detik 
------------------------- 
Tanggal: 13-01-2022 06:35:01 
Duration Download Forstok 24.894852876663 Detik
Duration Looping 700 Data 165.91836500168 Detik 
Total Duration 165.91848087311 Detik 
------------------------- 
Tanggal: 13-01-2022 06:40:01 
Duration Download Forstok 11.373011827469 Detik
Duration Looping 700 Data 147.20448994637 Detik 
Total Duration 147.20459794998 Detik 
------------------------- 
Tanggal: 13-01-2022 06:45:01 
Duration Download Forstok 11.806906938553 Detik
Duration Looping 700 Data 160.45285892487 Detik 
Total Duration 160.45298194885 Detik 
------------------------- 
Tanggal: 13-01-2022 06:50:01 
Duration Download Forstok 10.360867023468 Detik
Duration Looping 700 Data 151.35222411156 Detik 
Total Duration 151.3523349762 Detik 
------------------------- 
Tanggal: 13-01-2022 06:55:01 
Duration Download Forstok 11.934115171432 Detik
Duration Looping 700 Data 151.00124001503 Detik 
Total Duration 151.00134897232 Detik 
------------------------- 
Tanggal: 13-01-2022 07:00:01 
Duration Download Forstok 12.997133016586 Detik
Duration Looping 700 Data 153.65030884743 Detik 
Total Duration 153.65042901039 Detik 
------------------------- 
Tanggal: 13-01-2022 07:05:01 
Duration Download Forstok 15.905883073807 Detik
Duration Looping 700 Data 155.20057201385 Detik 
Total Duration 155.20067596436 Detik 
------------------------- 
Tanggal: 13-01-2022 07:10:01 
Duration Download Forstok 13.155261039734 Detik
Duration Looping 700 Data 161.99276900291 Detik 
Total Duration 161.99288702011 Detik 
------------------------- 
Tanggal: 13-01-2022 07:15:01 
Duration Download Forstok 12.673290014267 Detik
Duration Looping 700 Data 155.00022912025 Detik 
Total Duration 155.00033998489 Detik 
------------------------- 
Tanggal: 13-01-2022 07:20:01 
Duration Download Forstok 10.917205095291 Detik
Duration Looping 700 Data 152.38920497894 Detik 
Total Duration 152.38931393623 Detik 
------------------------- 
Tanggal: 13-01-2022 07:25:01 
Duration Download Forstok 11.823657989502 Detik
Duration Looping 700 Data 160.80771183968 Detik 
Total Duration 160.80782794952 Detik 
------------------------- 
Tanggal: 13-01-2022 07:30:01 
Duration Download Forstok 14.578075885773 Detik
Duration Looping 700 Data 158.8417930603 Detik 
Total Duration 158.84190106392 Detik 
------------------------- 
Tanggal: 13-01-2022 07:35:01 
Duration Download Forstok 14.433718919754 Detik
Duration Looping 700 Data 156.22970700264 Detik 
Total Duration 156.22981595993 Detik 
------------------------- 
Tanggal: 13-01-2022 07:40:01 
Duration Download Forstok 14.329039812088 Detik
Duration Looping 700 Data 159.66364789009 Detik 
Total Duration 159.66375589371 Detik 
------------------------- 
Tanggal: 13-01-2022 07:45:01 
Duration Download Forstok 17.887901067734 Detik
Duration Looping 700 Data 161.52176809311 Detik 
Total Duration 161.52188491821 Detik 
------------------------- 
Tanggal: 13-01-2022 07:50:01 
Duration Download Forstok 10.665193796158 Detik
Duration Looping 700 Data 157.89665198326 Detik 
Total Duration 157.89675998688 Detik 
------------------------- 
Tanggal: 13-01-2022 07:55:01 
Duration Download Forstok 12.80618596077 Detik
Duration Looping 700 Data 150.21429395676 Detik 
Total Duration 150.21440887451 Detik 
------------------------- 
Tanggal: 13-01-2022 08:00:01 
Duration Download Forstok 12.234107971191 Detik
Duration Looping 700 Data 157.68334388733 Detik 
Total Duration 157.6834499836 Detik 
------------------------- 
Tanggal: 13-01-2022 08:05:02 
Duration Download Forstok 18.755479812622 Detik
Duration Looping 700 Data 157.10590600967 Detik 
Total Duration 157.10602092743 Detik 
------------------------- 
Tanggal: 13-01-2022 08:10:01 
Duration Download Forstok 12.76434803009 Detik
Duration Looping 700 Data 160.85636210442 Detik 
Total Duration 160.85647296906 Detik 
------------------------- 
Tanggal: 13-01-2022 08:15:01 
Duration Download Forstok 16.855572938919 Detik
Duration Looping 700 Data 163.38844490051 Detik 
Total Duration 163.38856101036 Detik 
------------------------- 
Tanggal: 13-01-2022 08:20:01 
Duration Download Forstok 12.471447944641 Detik
Duration Looping 700 Data 153.75303888321 Detik 
Total Duration 153.75315308571 Detik 
------------------------- 
Tanggal: 13-01-2022 08:25:01 
Duration Download Forstok 11.900358915329 Detik
Duration Looping 700 Data 156.42018294334 Detik 
Total Duration 156.42029285431 Detik 
------------------------- 
Tanggal: 13-01-2022 08:30:01 
Duration Download Forstok 13.553780078888 Detik
Duration Looping 700 Data 158.1331410408 Detik 
Total Duration 158.13325715065 Detik 
------------------------- 
Tanggal: 13-01-2022 08:35:01 
Duration Download Forstok 18.244408130646 Detik
Duration Looping 700 Data 166.7404191494 Detik 
Total Duration 166.74052810669 Detik 
------------------------- 
Tanggal: 13-01-2022 08:40:01 
Duration Download Forstok 13.51034617424 Detik
Duration Looping 700 Data 165.50919103622 Detik 
Total Duration 165.50931715965 Detik 
------------------------- 
Tanggal: 13-01-2022 08:45:01 
Duration Download Forstok 18.274686098099 Detik
Duration Looping 700 Data 167.36722302437 Detik 
Total Duration 167.36733818054 Detik 
------------------------- 
Tanggal: 13-01-2022 08:50:01 
Duration Download Forstok 13.641556024551 Detik
Duration Looping 700 Data 164.68597507477 Detik 
Total Duration 164.68609499931 Detik 
------------------------- 
Tanggal: 13-01-2022 08:55:01 
Duration Download Forstok 16.104514837265 Detik
Duration Looping 700 Data 161.90159082413 Detik 
Total Duration 161.90169882774 Detik 
------------------------- 
Tanggal: 13-01-2022 09:00:01 
Duration Download Forstok 13.362240076065 Detik
Duration Looping 700 Data 160.70953989029 Detik 
Total Duration 160.70965003967 Detik 
------------------------- 
Tanggal: 13-01-2022 09:05:01 
Duration Download Forstok 15.509516000748 Detik
Duration Looping 700 Data 161.93954396248 Detik 
Total Duration 161.93966197968 Detik 
------------------------- 
Tanggal: 13-01-2022 09:10:01 
Duration Download Forstok 12.260705947876 Detik
Duration Looping 700 Data 161.88291883469 Detik 
Total Duration 161.88303494453 Detik 
------------------------- 
Tanggal: 13-01-2022 09:15:01 
Duration Download Forstok 13.358849048615 Detik
Duration Looping 700 Data 164.17673301697 Detik 
Total Duration 164.17684793472 Detik 
------------------------- 
Tanggal: 13-01-2022 09:20:02 
Duration Download Forstok 14.282122135162 Detik
Duration Looping 700 Data 160.22946214676 Detik 
Total Duration 160.22957611084 Detik 
------------------------- 
Tanggal: 13-01-2022 09:25:01 
Duration Download Forstok 10.829787969589 Detik
Duration Looping 700 Data 155.56834506989 Detik 
Total Duration 155.56845617294 Detik 
------------------------- 
Tanggal: 13-01-2022 09:30:01 
Duration Download Forstok 13.801301002502 Detik
Duration Looping 700 Data 165.26579618454 Detik 
Total Duration 165.26588201523 Detik 
------------------------- 
Tanggal: 13-01-2022 09:35:01 
Duration Download Forstok 13.073052167892 Detik
Duration Looping 700 Data 161.52375411987 Detik 
Total Duration 161.52387022972 Detik 
------------------------- 
Tanggal: 13-01-2022 09:40:01 
Duration Download Forstok 12.650603055954 Detik
Duration Looping 700 Data 157.05409598351 Detik 
Total Duration 157.05425596237 Detik 
------------------------- 
Tanggal: 13-01-2022 09:45:01 
Duration Download Forstok 12.585287094116 Detik
Duration Looping 700 Data 163.02718114853 Detik 
Total Duration 163.02729415894 Detik 
------------------------- 
Tanggal: 13-01-2022 09:50:01 
Duration Download Forstok 12.452903985977 Detik
Duration Looping 700 Data 164.1824400425 Detik 
Total Duration 164.18254494667 Detik 
------------------------- 
Tanggal: 13-01-2022 09:55:01 
Duration Download Forstok 15.141741991043 Detik
Duration Looping 700 Data 170.02497816086 Detik 
Total Duration 170.02508497238 Detik 
------------------------- 
Tanggal: 13-01-2022 10:00:01 
Duration Download Forstok 13.499917984009 Detik
Duration Looping 700 Data 160.43113708496 Detik 
Total Duration 160.43125104904 Detik 
------------------------- 
Tanggal: 13-01-2022 10:05:01 
Duration Download Forstok 26.389927864075 Detik
Duration Looping 700 Data 179.11259889603 Detik 
Total Duration 179.11271095276 Detik 
------------------------- 
Tanggal: 13-01-2022 10:10:01 
Duration Download Forstok 18.974094867706 Detik
Duration Looping 700 Data 168.27256298065 Detik 
Total Duration 168.27267694473 Detik 
------------------------- 
Tanggal: 13-01-2022 10:15:01 
Duration Download Forstok 13.108292818069 Detik
Duration Looping 700 Data 165.11378288269 Detik 
Total Duration 165.11389398575 Detik 
------------------------- 
Tanggal: 13-01-2022 10:20:01 
Duration Download Forstok 12.699677944183 Detik
Duration Looping 700 Data 164.38809013367 Detik 
Total Duration 164.3882060051 Detik 
------------------------- 
Tanggal: 13-01-2022 10:25:01 
Duration Download Forstok 16.891664028168 Detik
Duration Looping 700 Data 168.69823384285 Detik 
Total Duration 168.69835090637 Detik 
------------------------- 
Tanggal: 13-01-2022 10:30:01 
Duration Download Forstok 11.602416992188 Detik
Duration Looping 700 Data 163.85563206673 Detik 
Total Duration 163.8557100296 Detik 
------------------------- 
Tanggal: 13-01-2022 10:35:01 
Duration Download Forstok 23.397771835327 Detik
Duration Looping 700 Data 171.79424786568 Detik 
Total Duration 171.79435586929 Detik 
------------------------- 
Tanggal: 13-01-2022 10:40:01 
Duration Download Forstok 12.457345962524 Detik
Duration Looping 700 Data 164.37702989578 Detik 
Total Duration 164.37713909149 Detik 
------------------------- 
Tanggal: 13-01-2022 10:45:01 
Duration Download Forstok 18.494771957397 Detik
Duration Looping 700 Data 166.02293801308 Detik 
Total Duration 166.02304601669 Detik 
------------------------- 
Tanggal: 13-01-2022 10:50:01 
Duration Download Forstok 21.44157910347 Detik
Duration Looping 700 Data 168.75180411339 Detik 
Total Duration 168.75191402435 Detik 
------------------------- 
Tanggal: 13-01-2022 10:55:01 
Duration Download Forstok 17.544631004333 Detik
Duration Looping 700 Data 171.17726683617 Detik 
Total Duration 171.17738890648 Detik 
------------------------- 
Tanggal: 13-01-2022 11:00:01 
Duration Download Forstok 12.199793100357 Detik
Duration Looping 700 Data 163.22135400772 Detik 
Total Duration 163.22147202492 Detik 
------------------------- 
Tanggal: 13-01-2022 11:05:01 
Duration Download Forstok 25.020870923996 Detik
Duration Looping 700 Data 174.09638500214 Detik 
Total Duration 174.09649896622 Detik 
------------------------- 
Tanggal: 13-01-2022 11:10:01 
Duration Download Forstok 15.140811920166 Detik
Duration Looping 700 Data 164.72905778885 Detik 
Total Duration 164.72917699814 Detik 
------------------------- 
Tanggal: 13-01-2022 11:15:01 
Duration Download Forstok 13.919454097748 Detik
Duration Looping 700 Data 164.51737117767 Detik 
Total Duration 164.51748609543 Detik 
------------------------- 
Tanggal: 13-01-2022 11:20:01 
Duration Download Forstok 11.976022005081 Detik
Duration Looping 700 Data 160.61643481255 Detik 
Total Duration 160.6165368557 Detik 
------------------------- 
Tanggal: 13-01-2022 11:25:01 
Duration Download Forstok 17.086556196213 Detik
Duration Looping 700 Data 175.17291998863 Detik 
Total Duration 175.17303204536 Detik 
------------------------- 
Tanggal: 13-01-2022 11:30:01 
Duration Download Forstok 11.593982934952 Detik
Duration Looping 700 Data 162.00582313538 Detik 
Total Duration 162.00592803955 Detik 
------------------------- 
Tanggal: 13-01-2022 11:35:02 
Duration Download Forstok 34.351186037064 Detik
Duration Looping 700 Data 184.30725693703 Detik 
Total Duration 184.3073580265 Detik 
------------------------- 
Tanggal: 13-01-2022 11:40:01 
Duration Download Forstok 11.304351091385 Detik
Duration Looping 700 Data 162.62402009964 Detik 
Total Duration 162.62413311005 Detik 
------------------------- 
Tanggal: 13-01-2022 11:45:01 
Duration Download Forstok 11.290067911148 Detik
Duration Looping 700 Data 172.05360102654 Detik 
Total Duration 172.0537250042 Detik 
------------------------- 
Tanggal: 13-01-2022 11:50:01 
Duration Download Forstok 18.382244825363 Detik
Duration Looping 700 Data 167.24969387054 Detik 
Total Duration 167.2497959137 Detik 
------------------------- 
Tanggal: 13-01-2022 11:55:01 
Duration Download Forstok 17.967612981796 Detik
Duration Looping 700 Data 168.09009599686 Detik 
Total Duration 168.09022712708 Detik 
------------------------- 
Tanggal: 13-01-2022 12:00:01 
Duration Download Forstok 16.825105190277 Detik
Duration Looping 700 Data 162.64474320412 Detik 
Total Duration 162.64485502243 Detik 
------------------------- 
Tanggal: 13-01-2022 12:05:01 
Duration Download Forstok 21.483429908752 Detik
Duration Looping 700 Data 167.19175887108 Detik 
Total Duration 167.19186782837 Detik 
------------------------- 
Tanggal: 13-01-2022 12:10:01 
Duration Download Forstok 13.718271017075 Detik
Duration Looping 700 Data 157.92337107658 Detik 
Total Duration 157.92348313332 Detik 
------------------------- 
Tanggal: 13-01-2022 12:15:01 
Duration Download Forstok 18.27544593811 Detik
Duration Looping 700 Data 165.23607397079 Detik 
Total Duration 165.23618793488 Detik 
------------------------- 
Tanggal: 13-01-2022 12:20:01 
Duration Download Forstok 13.534770011902 Detik
Duration Looping 700 Data 162.28797507286 Detik 
Total Duration 162.28808498383 Detik 
------------------------- 
Tanggal: 13-01-2022 12:25:01 
Duration Download Forstok 11.235043048859 Detik
Duration Looping 700 Data 158.29404115677 Detik 
Total Duration 158.29418301582 Detik 
------------------------- 
Tanggal: 13-01-2022 12:30:01 
Duration Download Forstok 11.806377887726 Detik
Duration Looping 700 Data 162.49020981789 Detik 
Total Duration 162.49030590057 Detik 
------------------------- 
Tanggal: 13-01-2022 12:35:01 
Duration Download Forstok 18.704999923706 Detik
Duration Looping 700 Data 166.6560690403 Detik 
Total Duration 166.6561961174 Detik 
------------------------- 
Tanggal: 13-01-2022 12:40:01 
Duration Download Forstok 14.255635976791 Detik
Duration Looping 700 Data 160.37515306473 Detik 
Total Duration 160.37530398369 Detik 
------------------------- 
Tanggal: 13-01-2022 12:45:01 
Duration Download Forstok 11.788033008575 Detik
Duration Looping 700 Data 156.1319539547 Detik 
Total Duration 156.13204312325 Detik 
------------------------- 
Tanggal: 13-01-2022 12:50:01 
Duration Download Forstok 13.278753995895 Detik
Duration Looping 700 Data 158.75933218002 Detik 
Total Duration 158.7594461441 Detik 
------------------------- 
Tanggal: 13-01-2022 12:55:01 
Duration Download Forstok 13.829188108444 Detik
Duration Looping 700 Data 159.10415101051 Detik 
Total Duration 159.10426402092 Detik 
------------------------- 
Tanggal: 13-01-2022 13:00:01 
Duration Download Forstok 13.589420795441 Detik
Duration Looping 700 Data 163.86312198639 Detik 
Total Duration 163.86324286461 Detik 
------------------------- 
Tanggal: 13-01-2022 13:05:01 
Duration Download Forstok 13.98485994339 Detik
Duration Looping 700 Data 168.17832708359 Detik 
Total Duration 168.17844510078 Detik 
------------------------- 
Tanggal: 13-01-2022 13:10:01 
Duration Download Forstok 14.367890119553 Detik
Duration Looping 700 Data 163.82700204849 Detik 
Total Duration 163.82712006569 Detik 
------------------------- 
Tanggal: 13-01-2022 13:15:01 
Duration Download Forstok 15.070839166641 Detik
Duration Looping 700 Data 167.96895909309 Detik 
Total Duration 167.96910309792 Detik 
------------------------- 
Tanggal: 13-01-2022 13:20:01 
Duration Download Forstok 13.246009111404 Detik
Duration Looping 700 Data 174.07629418373 Detik 
Total Duration 174.0764040947 Detik 
------------------------- 
Tanggal: 13-01-2022 13:25:01 
Duration Download Forstok 11.619615077972 Detik
Duration Looping 700 Data 161.33751702309 Detik 
Total Duration 161.33764100075 Detik 
------------------------- 
Tanggal: 13-01-2022 13:30:01 
Duration Download Forstok 15.023382902145 Detik
Duration Looping 700 Data 163.82626485825 Detik 
Total Duration 163.82634878159 Detik 
------------------------- 
Tanggal: 13-01-2022 13:35:01 
Duration Download Forstok 19.996553897858 Detik
Duration Looping 700 Data 174.29771590233 Detik 
Total Duration 174.29783892632 Detik 
------------------------- 
Tanggal: 13-01-2022 13:40:01 
Duration Download Forstok 12.64958190918 Detik
Duration Looping 700 Data 168.56441879272 Detik 
Total Duration 168.56458902359 Detik 
------------------------- 
Tanggal: 13-01-2022 13:45:01 
Duration Download Forstok 14.058096170425 Detik
Duration Looping 700 Data 164.96507811546 Detik 
Total Duration 164.96516013145 Detik 
------------------------- 
Tanggal: 13-01-2022 13:50:01 
Duration Download Forstok 12.938944816589 Detik
Duration Looping 700 Data 167.75071692467 Detik 
Total Duration 167.75083088875 Detik 
------------------------- 
Tanggal: 13-01-2022 13:55:01 
Duration Download Forstok 15.039860010147 Detik
Duration Looping 700 Data 169.94770693779 Detik 
Total Duration 169.94782400131 Detik 
------------------------- 
Tanggal: 13-01-2022 14:00:01 
Duration Download Forstok 18.051951169968 Detik
Duration Looping 700 Data 168.1029291153 Detik 
Total Duration 168.10304307938 Detik 
------------------------- 
Tanggal: 13-01-2022 14:05:01 
Duration Download Forstok 15.455785036087 Detik
Duration Looping 700 Data 164.05965089798 Detik 
Total Duration 164.0597589016 Detik 
------------------------- 
Tanggal: 13-01-2022 14:10:01 
Duration Download Forstok 15.557335138321 Detik
Duration Looping 700 Data 165.69585299492 Detik 
Total Duration 165.695966959 Detik 
------------------------- 
Tanggal: 13-01-2022 14:15:01 
Duration Download Forstok 15.635730028152 Detik
Duration Looping 700 Data 162.8101170063 Detik 
Total Duration 162.81020021439 Detik 
------------------------- 
Tanggal: 13-01-2022 14:20:01 
Duration Download Forstok 14.22887301445 Detik
Duration Looping 700 Data 162.58685016632 Detik 
Total Duration 162.58696198463 Detik 
------------------------- 
Tanggal: 13-01-2022 14:25:01 
Duration Download Forstok 16.080761909485 Detik
Duration Looping 700 Data 168.83655595779 Detik 
Total Duration 168.83667898178 Detik 
------------------------- 
Tanggal: 13-01-2022 14:30:01 
Duration Download Forstok 18.999653100967 Detik
Duration Looping 700 Data 167.31424212456 Detik 
Total Duration 167.31434011459 Detik 
------------------------- 
Tanggal: 13-01-2022 14:35:01 
Duration Download Forstok 28.577067136765 Detik
Duration Looping 700 Data 175.7611579895 Detik 
Total Duration 175.76130795479 Detik 
------------------------- 
Tanggal: 13-01-2022 14:40:01 
Duration Download Forstok 14.718038082123 Detik
Duration Looping 700 Data 167.83956599236 Detik 
Total Duration 167.8396859169 Detik 
------------------------- 
Tanggal: 13-01-2022 14:45:01 
Duration Download Forstok 12.342778205872 Detik
Duration Looping 700 Data 157.9816660881 Detik 
Total Duration 157.98179006577 Detik 
------------------------- 
Tanggal: 13-01-2022 14:50:01 
Duration Download Forstok 13.445178031921 Detik
Duration Looping 700 Data 162.76666092873 Detik 
Total Duration 162.76674389839 Detik 
------------------------- 
Tanggal: 13-01-2022 14:55:01 
Duration Download Forstok 13.04944396019 Detik
Duration Looping 700 Data 166.7871658802 Detik 
Total Duration 166.78728485107 Detik 
------------------------- 
Tanggal: 13-01-2022 15:00:01 
Duration Download Forstok 14.967809200287 Detik
Duration Looping 700 Data 162.50392317772 Detik 
Total Duration 162.50400614738 Detik 
------------------------- 
Tanggal: 13-01-2022 15:05:01 
Duration Download Forstok 17.650254964828 Detik
Duration Looping 700 Data 174.03646397591 Detik 
Total Duration 174.03658604622 Detik 
------------------------- 
Tanggal: 13-01-2022 15:10:01 
Duration Download Forstok 20.458181858063 Detik
Duration Looping 700 Data 169.02254486084 Detik 
Total Duration 169.02264285088 Detik 
------------------------- 
Tanggal: 13-01-2022 15:15:01 
Duration Download Forstok 24.772391080856 Detik
Duration Looping 700 Data 179.69872093201 Detik 
Total Duration 179.69883608818 Detik 
------------------------- 
Tanggal: 13-01-2022 15:20:01 
Duration Download Forstok 14.246135950089 Detik
Duration Looping 700 Data 165.46535801888 Detik 
Total Duration 165.46546697617 Detik 
------------------------- 
Tanggal: 13-01-2022 15:25:01 
Duration Download Forstok 15.490772008896 Detik
Duration Looping 700 Data 165.49772500992 Detik 
Total Duration 165.49783611298 Detik 
------------------------- 
Tanggal: 13-01-2022 15:30:01 
Duration Download Forstok 14.633964776993 Detik
Duration Looping 700 Data 165.26748394966 Detik 
Total Duration 165.26759982109 Detik 
------------------------- 
Tanggal: 13-01-2022 15:35:01 
Duration Download Forstok 23.506170034409 Detik
Duration Looping 700 Data 174.85292100906 Detik 
Total Duration 174.85303401947 Detik 
------------------------- 
Tanggal: 13-01-2022 15:40:01 
Duration Download Forstok 17.522934913635 Detik
Duration Looping 700 Data 171.06850099564 Detik 
Total Duration 171.0685839653 Detik 
------------------------- 
Tanggal: 13-01-2022 15:45:01 
Duration Download Forstok 13.741060972214 Detik
Duration Looping 700 Data 161.95812106133 Detik 
Total Duration 161.95824694633 Detik 
------------------------- 
Tanggal: 13-01-2022 15:50:01 
Duration Download Forstok 13.319999933243 Detik
Duration Looping 700 Data 164.7481880188 Detik 
Total Duration 164.74828505516 Detik 
------------------------- 
Tanggal: 13-01-2022 15:55:01 
Duration Download Forstok 11.041646957397 Detik
Duration Looping 700 Data 166.26883292198 Detik 
Total Duration 166.26894497871 Detik 
------------------------- 
Tanggal: 13-01-2022 16:00:01 
Duration Download Forstok 15.571681022644 Detik
Duration Looping 700 Data 167.53962922096 Detik 
Total Duration 167.53974699974 Detik 
------------------------- 
Tanggal: 13-01-2022 16:05:01 
Duration Download Forstok 24.856416940689 Detik
Duration Looping 700 Data 181.26335501671 Detik 
Total Duration 181.26347708702 Detik 
------------------------- 
Tanggal: 13-01-2022 16:10:01 
Duration Download Forstok 21.957253932953 Detik
Duration Looping 700 Data 175.17540192604 Detik 
Total Duration 175.17550897598 Detik 
------------------------- 
Tanggal: 13-01-2022 16:15:01 
Duration Download Forstok 12.951128005981 Detik
Duration Looping 700 Data 159.12747502327 Detik 
Total Duration 159.12759113312 Detik 
------------------------- 
Tanggal: 13-01-2022 16:20:01 
Duration Download Forstok 11.653273105621 Detik
Duration Looping 700 Data 160.03750705719 Detik 
Total Duration 160.0376200676 Detik 
------------------------- 
Tanggal: 13-01-2022 16:25:01 
Duration Download Forstok 12.616615056992 Detik
Duration Looping 700 Data 156.78833007812 Detik 
Total Duration 156.78843712807 Detik 
------------------------- 
Tanggal: 13-01-2022 16:30:01 
Duration Download Forstok 12.500234127045 Detik
Duration Looping 700 Data 160.22169494629 Detik 
Total Duration 160.22181010246 Detik 
------------------------- 
Tanggal: 13-01-2022 16:35:01 
Duration Download Forstok 16.765191078186 Detik
Duration Looping 700 Data 168.00663208961 Detik 
Total Duration 168.00676202774 Detik 
------------------------- 
Tanggal: 13-01-2022 16:40:01 
Duration Download Forstok 25.45862698555 Detik
Duration Looping 700 Data 174.97885298729 Detik 
Total Duration 174.97897100449 Detik 
------------------------- 
Tanggal: 13-01-2022 16:45:01 
Duration Download Forstok 12.989961147308 Detik
Duration Looping 700 Data 161.03883004189 Detik 
Total Duration 161.0389521122 Detik 
------------------------- 
Tanggal: 13-01-2022 16:50:01 
Duration Download Forstok 11.750707149506 Detik
Duration Looping 700 Data 166.67412614822 Detik 
Total Duration 166.67423915863 Detik 
------------------------- 
Tanggal: 13-01-2022 16:55:01 
Duration Download Forstok 12.741595983505 Detik
Duration Looping 700 Data 158.44507002831 Detik 
Total Duration 158.44517588615 Detik 
------------------------- 
Tanggal: 13-01-2022 17:00:01 
Duration Download Forstok 11.204773902893 Detik
Duration Looping 700 Data 163.61077189445 Detik 
Total Duration 163.6108880043 Detik 
------------------------- 
Tanggal: 13-01-2022 17:05:01 
Duration Download Forstok 16.886505126953 Detik
Duration Looping 700 Data 171.71743512154 Detik 
Total Duration 171.71752905846 Detik 
------------------------- 
Tanggal: 13-01-2022 17:10:01 
Duration Download Forstok 17.743027925491 Detik
Duration Looping 700 Data 169.35585093498 Detik 
Total Duration 169.35596609116 Detik 
------------------------- 
Tanggal: 13-01-2022 17:15:01 
Duration Download Forstok 15.929193019867 Detik
Duration Looping 700 Data 164.22149586678 Detik 
Total Duration 164.22160601616 Detik 
------------------------- 
Tanggal: 13-01-2022 17:20:01 
Duration Download Forstok 15.733402967453 Detik
Duration Looping 700 Data 166.43021988869 Detik 
Total Duration 166.43033480644 Detik 
------------------------- 
Tanggal: 13-01-2022 17:25:01 
Duration Download Forstok 13.632202148438 Detik
Duration Looping 700 Data 163.9229362011 Detik 
Total Duration 163.9230530262 Detik 
------------------------- 
Tanggal: 13-01-2022 17:30:01 
Duration Download Forstok 12.277562856674 Detik
Duration Looping 700 Data 154.68709993362 Detik 
Total Duration 154.68722295761 Detik 
------------------------- 
Tanggal: 13-01-2022 17:35:01 
Duration Download Forstok 22.998706102371 Detik
Duration Looping 700 Data 166.25032615662 Detik 
Total Duration 166.2504389286 Detik 
------------------------- 
Tanggal: 13-01-2022 17:40:01 
Duration Download Forstok 14.148780107498 Detik
Duration Looping 700 Data 157.4133939743 Detik 
Total Duration 157.4135119915 Detik 
------------------------- 
Tanggal: 13-01-2022 17:45:01 
Duration Download Forstok 17.154398918152 Detik
Duration Looping 700 Data 169.89717197418 Detik 
Total Duration 169.89729595184 Detik 
------------------------- 
Tanggal: 13-01-2022 17:50:01 
Duration Download Forstok 12.435811042786 Detik
Duration Looping 700 Data 160.98626995087 Detik 
Total Duration 160.98639202118 Detik 
------------------------- 
Tanggal: 13-01-2022 17:55:01 
Duration Download Forstok 18.143002033234 Detik
Duration Looping 700 Data 166.13915491104 Detik 
Total Duration 166.13926100731 Detik 
------------------------- 
Tanggal: 13-01-2022 18:00:01 
Duration Download Forstok 12.041512966156 Detik
Duration Looping 700 Data 154.64645290375 Detik 
Total Duration 154.64653897285 Detik 
------------------------- 
Tanggal: 13-01-2022 18:05:01 
Duration Download Forstok 19.773549079895 Detik
Duration Looping 700 Data 163.75282406807 Detik 
Total Duration 163.7529361248 Detik 
------------------------- 
Tanggal: 13-01-2022 18:10:01 
Duration Download Forstok 13.863744974136 Detik
Duration Looping 700 Data 155.47867202759 Detik 
Total Duration 155.47878193855 Detik 
------------------------- 
Tanggal: 13-01-2022 18:15:01 
Duration Download Forstok 15.499622106552 Detik
Duration Looping 700 Data 160.35214114189 Detik 
Total Duration 160.35225510597 Detik 
------------------------- 
Tanggal: 13-01-2022 18:20:01 
Duration Download Forstok 12.323400974274 Detik
Duration Looping 700 Data 155.97175693512 Detik 
Total Duration 155.97186899185 Detik 
------------------------- 
Tanggal: 13-01-2022 18:25:01 
Duration Download Forstok 15.520451068878 Detik
Duration Looping 700 Data 157.33425402641 Detik 
Total Duration 157.33436703682 Detik 
------------------------- 
Tanggal: 13-01-2022 18:30:01 
Duration Download Forstok 18.722931146622 Detik
Duration Looping 700 Data 160.18162703514 Detik 
Total Duration 160.18173503876 Detik 
------------------------- 
Tanggal: 13-01-2022 18:35:01 
Duration Download Forstok 21.666855812073 Detik
Duration Looping 700 Data 167.73583984375 Detik 
Total Duration 167.73596096039 Detik 
------------------------- 
Tanggal: 13-01-2022 18:40:01 
Duration Download Forstok 11.647314786911 Detik
Duration Looping 700 Data 155.84570884705 Detik 
Total Duration 155.84582400322 Detik 
------------------------- 
Tanggal: 13-01-2022 18:45:01 
Duration Download Forstok 15.455420970917 Detik
Duration Looping 700 Data 164.6739821434 Detik 
Total Duration 164.67409110069 Detik 
------------------------- 
Tanggal: 13-01-2022 18:50:01 
Duration Download Forstok 11.671059131622 Detik
Duration Looping 700 Data 156.76167011261 Detik 
Total Duration 156.7617790699 Detik 
------------------------- 
Tanggal: 13-01-2022 18:55:01 
Duration Download Forstok 12.429640054703 Detik
Duration Looping 700 Data 159.36560297012 Detik 
Total Duration 159.36571907997 Detik 
------------------------- 
Tanggal: 13-01-2022 19:00:01 
Duration Download Forstok 14.327707052231 Detik
Duration Looping 700 Data 166.53433299065 Detik 
Total Duration 166.53444099426 Detik 
------------------------- 
Tanggal: 13-01-2022 19:05:01 
Duration Download Forstok 26.911204814911 Detik
Duration Looping 700 Data 174.40855193138 Detik 
Total Duration 174.40866184235 Detik 
------------------------- 
Tanggal: 13-01-2022 19:10:01 
Duration Download Forstok 12.419677019119 Detik
Duration Looping 700 Data 150.41280293465 Detik 
Total Duration 150.41298604012 Detik 
------------------------- 
Tanggal: 13-01-2022 19:15:01 
Duration Download Forstok 15.666597127914 Detik
Duration Looping 700 Data 157.48389792442 Detik 
Total Duration 157.48401713371 Detik 
------------------------- 
Tanggal: 13-01-2022 19:20:01 
Duration Download Forstok 14.960114955902 Detik
Duration Looping 700 Data 157.53480792046 Detik 
Total Duration 157.53491592407 Detik 
------------------------- 
Tanggal: 13-01-2022 19:25:01 
Duration Download Forstok 12.517633914948 Detik
Duration Looping 700 Data 164.52048397064 Detik 
Total Duration 164.52060484886 Detik 
------------------------- 
Tanggal: 13-01-2022 19:30:01 
Duration Download Forstok 13.155945062637 Detik
Duration Looping 700 Data 161.64817905426 Detik 
Total Duration 161.64830303192 Detik 
------------------------- 
Tanggal: 13-01-2022 19:35:01 
Duration Download Forstok 15.895389795303 Detik
Duration Looping 700 Data 159.3387169838 Detik 
Total Duration 159.33884692192 Detik 
------------------------- 
Tanggal: 13-01-2022 19:40:01 
Duration Download Forstok 12.951419115067 Detik
Duration Looping 700 Data 159.70418715477 Detik 
Total Duration 159.70427012444 Detik 
------------------------- 
Tanggal: 13-01-2022 19:45:01 
Duration Download Forstok 14.079824924469 Detik
Duration Looping 700 Data 155.80801391602 Detik 
Total Duration 155.80815911293 Detik 
------------------------- 
Tanggal: 13-01-2022 19:50:01 
Duration Download Forstok 13.914156913757 Detik
Duration Looping 700 Data 154.36252593994 Detik 
Total Duration 154.36263084412 Detik 
------------------------- 
Tanggal: 13-01-2022 19:55:02 
Duration Download Forstok 13.446913003922 Detik
Duration Looping 700 Data 158.41948318481 Detik 
Total Duration 158.41959810257 Detik 
------------------------- 
Tanggal: 13-01-2022 20:00:01 
Duration Download Forstok 14.046175956726 Detik
Duration Looping 700 Data 167.93041300774 Detik 
Total Duration 167.93052411079 Detik 
------------------------- 
Tanggal: 13-01-2022 20:05:01 
Duration Download Forstok 20.678018808365 Detik
Duration Looping 700 Data 161.00454187393 Detik 
Total Duration 161.00465202332 Detik 
------------------------- 
Tanggal: 13-01-2022 20:10:01 
Duration Download Forstok 14.724256038666 Detik
Duration Looping 700 Data 154.29067587852 Detik 
Total Duration 154.2907910347 Detik 
------------------------- 
Tanggal: 13-01-2022 20:15:01 
Duration Download Forstok 18.676172018051 Detik
Duration Looping 700 Data 159.16554689407 Detik 
Total Duration 159.16566705704 Detik 
------------------------- 
Tanggal: 13-01-2022 20:20:01 
Duration Download Forstok 14.001957178116 Detik
Duration Looping 700 Data 156.98162317276 Detik 
Total Duration 156.98173213005 Detik 
------------------------- 
Tanggal: 13-01-2022 20:25:01 
Duration Download Forstok 15.747447967529 Detik
Duration Looping 700 Data 162.42405605316 Detik 
Total Duration 162.42416405678 Detik 
------------------------- 
Tanggal: 13-01-2022 20:30:01 
Duration Download Forstok 16.872706890106 Detik
Duration Looping 700 Data 162.84153103828 Detik 
Total Duration 162.84164595604 Detik 
------------------------- 
Tanggal: 13-01-2022 20:35:01 
Duration Download Forstok 17.644031047821 Detik
Duration Looping 700 Data 163.81678295135 Detik 
Total Duration 163.81689405441 Detik 
------------------------- 
Tanggal: 13-01-2022 20:40:01 
Duration Download Forstok 14.919331073761 Detik
Duration Looping 700 Data 160.30312395096 Detik 
Total Duration 160.30324292183 Detik 
------------------------- 
Tanggal: 13-01-2022 20:45:01 
Duration Download Forstok 15.563169002533 Detik
Duration Looping 700 Data 158.68050909042 Detik 
Total Duration 158.68065404892 Detik 
------------------------- 
Tanggal: 13-01-2022 20:50:01 
Duration Download Forstok 13.725436925888 Detik
Duration Looping 700 Data 155.78393602371 Detik 
Total Duration 155.78405189514 Detik 
------------------------- 
Tanggal: 13-01-2022 20:55:01 
Duration Download Forstok 13.070924043655 Detik
Duration Looping 700 Data 155.45105409622 Detik 
Total Duration 155.4511961937 Detik 
------------------------- 
Tanggal: 13-01-2022 21:00:02 
Duration Download Forstok 14.086596012115 Detik
Duration Looping 700 Data 169.27573299408 Detik 
Total Duration 169.27584195137 Detik 
------------------------- 
Tanggal: 13-01-2022 21:05:01 
Duration Download Forstok 20.296053886414 Detik
Duration Looping 700 Data 163.17553496361 Detik 
Total Duration 163.17561388016 Detik 
------------------------- 
Tanggal: 13-01-2022 21:10:02 
Duration Download Forstok 14.800403118134 Detik
Duration Looping 700 Data 156.22692108154 Detik 
Total Duration 156.22702908516 Detik 
------------------------- 
Tanggal: 13-01-2022 21:15:01 
Duration Download Forstok 15.63548707962 Detik
Duration Looping 700 Data 153.23500990868 Detik 
Total Duration 153.23509407043 Detik 
------------------------- 
Tanggal: 13-01-2022 21:20:01 
Duration Download Forstok 11.913439035416 Detik
Duration Looping 700 Data 154.85088014603 Detik 
Total Duration 154.85098910332 Detik 
------------------------- 
Tanggal: 13-01-2022 21:25:01 
Duration Download Forstok 12.536401033401 Detik
Duration Looping 700 Data 157.56806397438 Detik 
Total Duration 157.56818509102 Detik 
------------------------- 
Tanggal: 13-01-2022 21:30:01 
Duration Download Forstok 14.047390937805 Detik
Duration Looping 700 Data 153.13216900826 Detik 
Total Duration 153.13228487968 Detik 
------------------------- 
Tanggal: 13-01-2022 21:35:01 
Duration Download Forstok 24.097237110138 Detik
Duration Looping 700 Data 179.45869517326 Detik 
Total Duration 179.45881700516 Detik 
------------------------- 
Tanggal: 13-01-2022 21:40:01 
Duration Download Forstok 12.967746019363 Detik
Duration Looping 700 Data 151.59442996979 Detik 
Total Duration 151.59454083443 Detik 
------------------------- 
Tanggal: 13-01-2022 21:45:01 
Duration Download Forstok 20.526906013489 Detik
Duration Looping 700 Data 175.90735602379 Detik 
Total Duration 175.90747690201 Detik 
------------------------- 
Tanggal: 13-01-2022 21:50:01 
Duration Download Forstok 14.161185026169 Detik
Duration Looping 700 Data 156.14818787575 Detik 
Total Duration 156.14829897881 Detik 
------------------------- 
Tanggal: 13-01-2022 21:55:01 
Duration Download Forstok 14.701189994812 Detik
Duration Looping 700 Data 158.85775899887 Detik 
Total Duration 158.85783696175 Detik 
------------------------- 
Tanggal: 13-01-2022 22:00:01 
Duration Download Forstok 14.089602947235 Detik
Duration Looping 700 Data 161.23128700256 Detik 
Total Duration 161.23140501976 Detik 
------------------------- 
Tanggal: 13-01-2022 22:05:01 
Duration Download Forstok 25.783585071564 Detik
Duration Looping 700 Data 171.04449796677 Detik 
Total Duration 171.04460191727 Detik 
------------------------- 
Tanggal: 13-01-2022 22:10:01 
Duration Download Forstok 14.012788057327 Detik
Duration Looping 700 Data 151.84214711189 Detik 
Total Duration 151.84225702286 Detik 
------------------------- 
Tanggal: 13-01-2022 22:15:01 
Duration Download Forstok 17.722903966904 Detik
Duration Looping 700 Data 155.16506481171 Detik 
Total Duration 155.16516590118 Detik 
------------------------- 
Tanggal: 13-01-2022 22:20:01 
Duration Download Forstok 14.159021854401 Detik
Duration Looping 700 Data 155.68986701965 Detik 
Total Duration 155.68997383118 Detik 
------------------------- 
Tanggal: 13-01-2022 22:25:01 
Duration Download Forstok 13.513949155807 Detik
Duration Looping 700 Data 156.13918399811 Detik 
Total Duration 156.13929200172 Detik 
------------------------- 
Tanggal: 13-01-2022 22:30:01 
Duration Download Forstok 14.837573051453 Detik
Duration Looping 700 Data 165.70320701599 Detik 
Total Duration 165.7033200264 Detik 
------------------------- 
Tanggal: 13-01-2022 22:35:01 
Duration Download Forstok 18.773616075516 Detik
Duration Looping 700 Data 156.83011817932 Detik 
Total Duration 156.83022999763 Detik 
------------------------- 
Tanggal: 13-01-2022 22:40:01 
Duration Download Forstok 13.666923046112 Detik
Duration Looping 700 Data 154.55929493904 Detik 
Total Duration 154.55940890312 Detik 
------------------------- 
Tanggal: 13-01-2022 22:45:01 
Duration Download Forstok 14.766687870026 Detik
Duration Looping 700 Data 161.34224700928 Detik 
Total Duration 161.34235882759 Detik 
------------------------- 
Tanggal: 13-01-2022 22:50:01 
Duration Download Forstok 14.152991056442 Detik
Duration Looping 700 Data 160.15169596672 Detik 
Total Duration 160.15181207657 Detik 
------------------------- 
Tanggal: 13-01-2022 22:55:01 
Duration Download Forstok 12.834952116013 Detik
Duration Looping 700 Data 149.33174204826 Detik 
Total Duration 149.331854105 Detik 
------------------------- 
Tanggal: 13-01-2022 23:00:01 
Duration Download Forstok 12.419305801392 Detik
Duration Looping 700 Data 155.28875088692 Detik 
Total Duration 155.28885984421 Detik 
------------------------- 
Tanggal: 13-01-2022 23:05:01 
Duration Download Forstok 26.457218170166 Detik
Duration Looping 700 Data 172.28751206398 Detik 
Total Duration 172.28762102127 Detik 
------------------------- 
Tanggal: 13-01-2022 23:10:01 
Duration Download Forstok 13.852248191833 Detik
Duration Looping 700 Data 153.74891710281 Detik 
Total Duration 153.7490401268 Detik 
------------------------- 
Tanggal: 13-01-2022 23:15:01 
Duration Download Forstok 15.138561010361 Detik
Duration Looping 700 Data 157.96765708923 Detik 
Total Duration 157.96778011322 Detik 
------------------------- 
Tanggal: 13-01-2022 23:20:02 
Duration Download Forstok 12.779898881912 Detik
Duration Looping 700 Data 147.51478791237 Detik 
Total Duration 147.51490807533 Detik 
------------------------- 
Tanggal: 13-01-2022 23:25:01 
Duration Download Forstok 12.536201953888 Detik
Duration Looping 700 Data 146.39624714851 Detik 
Total Duration 146.39635801315 Detik 
------------------------- 
Tanggal: 13-01-2022 23:30:01 
Duration Download Forstok 14.48348903656 Detik
Duration Looping 700 Data 152.99036288261 Detik 
Total Duration 152.99047207832 Detik 
------------------------- 
Tanggal: 13-01-2022 23:35:01 
Duration Download Forstok 17.583005905151 Detik
Duration Looping 700 Data 153.66209483147 Detik 
Total Duration 153.66220903397 Detik 
------------------------- 
Tanggal: 13-01-2022 23:40:01 
Duration Download Forstok 12.474261045456 Detik
Duration Looping 700 Data 156.22536206245 Detik 
Total Duration 156.22548103333 Detik 
------------------------- 
Tanggal: 13-01-2022 23:45:01 
Duration Download Forstok 13.399387836456 Detik
Duration Looping 700 Data 147.01855397224 Detik 
Total Duration 147.01866698265 Detik 
------------------------- 
Tanggal: 13-01-2022 23:50:01 
Duration Download Forstok 14.908907175064 Detik
Duration Looping 700 Data 149.07436800003 Detik 
Total Duration 149.07447910309 Detik 
------------------------- 
Tanggal: 13-01-2022 23:55:01 
Duration Download Forstok 12.988996982574 Detik
Duration Looping 700 Data 145.51589989662 Detik 
Total Duration 145.51600790024 Detik 
------------------------- 
