Tanggal: 17-03-2022 00:00:01 
Duration Download Forstok 16.971083879471 Detik
Duration Looping 700 Data 575.35311579704 Detik 
Total Duration 575.35410785675 Detik 
------------------------- 
Tanggal: 17-03-2022 00:10:01 
Duration Download Forstok 13.512073993683 Detik
Duration Looping 700 Data 170.04759502411 Detik 
Total Duration 170.04770612717 Detik 
------------------------- 
Tanggal: 17-03-2022 00:15:02 
Duration Download Forstok 21.119261026382 Detik
Duration Looping 700 Data 211.57493019104 Detik 
Total Duration 211.57506799698 Detik 
------------------------- 
Tanggal: 17-03-2022 00:20:01 
Duration Download Forstok 23.604296922684 Detik
Duration Looping 700 Data 184.79216098785 Detik 
Total Duration 184.79228401184 Detik 
------------------------- 
Tanggal: 17-03-2022 00:25:01 
Duration Download Forstok 13.606525182724 Detik
Duration Looping 700 Data 177.15507912636 Detik 
Total Duration 177.15889906883 Detik 
------------------------- 
Tanggal: 17-03-2022 00:30:01 
Duration Download Forstok 15.235240936279 Detik
Duration Looping 700 Data 204.93004989624 Detik 
Total Duration 204.93017101288 Detik 
------------------------- 
Tanggal: 17-03-2022 00:35:01 
Duration Download Forstok 24.706023216248 Detik
Duration Looping 700 Data 183.9487490654 Detik 
Total Duration 183.94887304306 Detik 
------------------------- 
Tanggal: 17-03-2022 00:40:01 
Duration Download Forstok 15.990566968918 Detik
Duration Looping 700 Data 180.06083703041 Detik 
Total Duration 180.06095719337 Detik 
------------------------- 
Tanggal: 17-03-2022 00:45:01 
Duration Download Forstok 22.06995010376 Detik
Duration Looping 700 Data 189.16506719589 Detik 
Total Duration 189.16518521309 Detik 
------------------------- 
Tanggal: 17-03-2022 00:50:01 
Duration Download Forstok 15.019385099411 Detik
Duration Looping 700 Data 172.90278220177 Detik 
Total Duration 172.90286207199 Detik 
------------------------- 
Tanggal: 17-03-2022 00:55:01 
Duration Download Forstok 11.132995128632 Detik
Duration Looping 700 Data 169.53292798996 Detik 
Total Duration 169.53303694725 Detik 
------------------------- 
Tanggal: 17-03-2022 01:00:01 
Duration Download Forstok 16.921170949936 Detik
Duration Looping 700 Data 182.57701897621 Detik 
Total Duration 182.57710194588 Detik 
------------------------- 
Tanggal: 17-03-2022 01:05:01 
Duration Download Forstok 25.834300994873 Detik
Duration Looping 700 Data 187.30710101128 Detik 
Total Duration 187.3072180748 Detik 
------------------------- 
Tanggal: 17-03-2022 01:10:01 
Duration Download Forstok 14.084117889404 Detik
Duration Looping 700 Data 175.19894504547 Detik 
Total Duration 175.1990749836 Detik 
------------------------- 
Tanggal: 17-03-2022 01:15:01 
Duration Download Forstok 18.044037103653 Detik
Duration Looping 700 Data 183.32691907883 Detik 
Total Duration 183.3270380497 Detik 
------------------------- 
Tanggal: 17-03-2022 01:20:01 
Duration Download Forstok 16.406680822372 Detik
Duration Looping 700 Data 182.10237503052 Detik 
Total Duration 182.10249304771 Detik 
------------------------- 
Tanggal: 17-03-2022 01:25:01 
Duration Download Forstok 15.20778799057 Detik
Duration Looping 700 Data 194.72776412964 Detik 
Total Duration 194.72890114784 Detik 
------------------------- 
Tanggal: 17-03-2022 01:30:01 
Duration Download Forstok 15.159514188766 Detik
Duration Looping 700 Data 179.26371908188 Detik 
Total Duration 179.26383519173 Detik 
------------------------- 
Tanggal: 17-03-2022 01:35:01 
Duration Download Forstok 18.816787958145 Detik
Duration Looping 700 Data 174.3759059906 Detik 
Total Duration 174.37602996826 Detik 
------------------------- 
Tanggal: 17-03-2022 01:40:02 
Duration Download Forstok 13.282280921936 Detik
Duration Looping 700 Data 186.59933710098 Detik 
Total Duration 186.59944391251 Detik 
------------------------- 
Tanggal: 17-03-2022 01:45:02 
Duration Download Forstok 17.099503040314 Detik
Duration Looping 700 Data 172.31826210022 Detik 
Total Duration 172.31837201118 Detik 
------------------------- 
Tanggal: 17-03-2022 01:50:01 
Duration Download Forstok 13.23597407341 Detik
Duration Looping 700 Data 167.38088607788 Detik 
Total Duration 167.38099908829 Detik 
------------------------- 
Tanggal: 17-03-2022 01:55:01 
Duration Download Forstok 11.652448177338 Detik
Duration Looping 700 Data 165.65950298309 Detik 
Total Duration 165.65962100029 Detik 
------------------------- 
Tanggal: 17-03-2022 02:00:01 
Duration Download Forstok 12.966265916824 Detik
Duration Looping 700 Data 171.53164792061 Detik 
Total Duration 171.53176689148 Detik 
------------------------- 
Tanggal: 17-03-2022 02:05:01 
Duration Download Forstok 21.451872110367 Detik
Duration Looping 700 Data 181.29439806938 Detik 
Total Duration 181.2945189476 Detik 
------------------------- 
Tanggal: 17-03-2022 02:10:01 
Duration Download Forstok 15.33770108223 Detik
Duration Looping 700 Data 178.76241803169 Detik 
Total Duration 178.76253914833 Detik 
------------------------- 
Tanggal: 17-03-2022 02:15:01 
Duration Download Forstok 19.255734920502 Detik
Duration Looping 700 Data 180.59074306488 Detik 
Total Duration 180.59086203575 Detik 
------------------------- 
Tanggal: 17-03-2022 02:20:01 
Duration Download Forstok 12.843056917191 Detik
Duration Looping 700 Data 181.55063199997 Detik 
Total Duration 181.5507440567 Detik 
------------------------- 
Tanggal: 17-03-2022 02:25:01 
Duration Download Forstok 13.700880050659 Detik
Duration Looping 700 Data 178.2670340538 Detik 
Total Duration 178.26715302467 Detik 
------------------------- 
Tanggal: 17-03-2022 02:30:01 
Duration Download Forstok 17.189931869507 Detik
Duration Looping 700 Data 174.70221805573 Detik 
Total Duration 174.7023358345 Detik 
------------------------- 
Tanggal: 17-03-2022 02:35:01 
Duration Download Forstok 15.707643985748 Detik
Duration Looping 700 Data 175.23916888237 Detik 
Total Duration 175.23928880692 Detik 
------------------------- 
Tanggal: 17-03-2022 02:40:01 
Duration Download Forstok 14.442040920258 Detik
Duration Looping 700 Data 174.45163488388 Detik 
Total Duration 174.45176887512 Detik 
------------------------- 
Tanggal: 17-03-2022 02:45:01 
Duration Download Forstok 21.40696811676 Detik
Duration Looping 700 Data 178.56901407242 Detik 
Total Duration 178.56913614273 Detik 
------------------------- 
Tanggal: 17-03-2022 02:50:01 
Duration Download Forstok 15.744549036026 Detik
Duration Looping 700 Data 184.5730009079 Detik 
Total Duration 184.57312011719 Detik 
------------------------- 
Tanggal: 17-03-2022 02:55:01 
Duration Download Forstok 14.252458095551 Detik
Duration Looping 700 Data 181.84124302864 Detik 
Total Duration 181.8413579464 Detik 
------------------------- 
Tanggal: 17-03-2022 03:00:01 
Duration Download Forstok 18.4241938591 Detik
Duration Looping 700 Data 182.28755402565 Detik 
Total Duration 182.28767299652 Detik 
------------------------- 
Tanggal: 17-03-2022 03:05:02 
Duration Download Forstok 22.793471097946 Detik
Duration Looping 700 Data 182.63060498238 Detik 
Total Duration 182.63073587418 Detik 
------------------------- 
Tanggal: 17-03-2022 03:10:01 
Duration Download Forstok 17.117918968201 Detik
Duration Looping 700 Data 177.90240693092 Detik 
Total Duration 177.90254092216 Detik 
------------------------- 
Tanggal: 17-03-2022 03:15:01 
Duration Download Forstok 16.50196313858 Detik
Duration Looping 700 Data 179.03907108307 Detik 
Total Duration 179.03918814659 Detik 
------------------------- 
Tanggal: 17-03-2022 03:20:01 
Duration Download Forstok 14.85763502121 Detik
Duration Looping 700 Data 173.48808884621 Detik 
Total Duration 173.48822999001 Detik 
------------------------- 
Tanggal: 17-03-2022 03:25:01 
Duration Download Forstok 14.899450063705 Detik
Duration Looping 700 Data 174.13115501404 Detik 
Total Duration 174.13127303123 Detik 
------------------------- 
Tanggal: 17-03-2022 03:30:01 
Duration Download Forstok 11.444097042084 Detik
Duration Looping 700 Data 167.92133998871 Detik 
Total Duration 167.92145514488 Detik 
------------------------- 
Tanggal: 17-03-2022 03:35:01 
Duration Download Forstok 22.210565805435 Detik
Duration Looping 700 Data 188.82341790199 Detik 
Total Duration 188.82353997231 Detik 
------------------------- 
Tanggal: 17-03-2022 03:40:01 
Duration Download Forstok 15.309823036194 Detik
Duration Looping 700 Data 170.87297010422 Detik 
Total Duration 170.87308716774 Detik 
------------------------- 
Tanggal: 17-03-2022 03:45:01 
Duration Download Forstok 16.528738975525 Detik
Duration Looping 700 Data 173.87356591225 Detik 
Total Duration 173.87367796898 Detik 
------------------------- 
Tanggal: 17-03-2022 03:50:01 
Duration Download Forstok 15.71991610527 Detik
Duration Looping 700 Data 173.94356799126 Detik 
Total Duration 173.94368600845 Detik 
------------------------- 
Tanggal: 17-03-2022 03:55:01 
Duration Download Forstok 18.091620922089 Detik
Duration Looping 700 Data 173.59076404572 Detik 
Total Duration 173.59087896347 Detik 
------------------------- 
Tanggal: 17-03-2022 04:00:01 
Duration Download Forstok 16.582833051682 Detik
Duration Looping 700 Data 175.90766692162 Detik 
Total Duration 175.90778708458 Detik 
------------------------- 
Tanggal: 17-03-2022 04:05:01 
Duration Download Forstok 28.283070087433 Detik
Duration Looping 700 Data 201.13763594627 Detik 
Total Duration 201.13775205612 Detik 
------------------------- 
Tanggal: 17-03-2022 04:10:01 
Duration Download Forstok 16.336562871933 Detik
Duration Looping 700 Data 172.53228998184 Detik 
Total Duration 172.53242087364 Detik 
------------------------- 
Tanggal: 17-03-2022 04:15:01 
Duration Download Forstok 17.373720169067 Detik
Duration Looping 700 Data 183.25722813606 Detik 
Total Duration 183.25734519958 Detik 
------------------------- 
Tanggal: 17-03-2022 04:20:01 
Duration Download Forstok 14.360629796982 Detik
Duration Looping 700 Data 180.51301383972 Detik 
Total Duration 180.51314496994 Detik 
------------------------- 
Tanggal: 17-03-2022 04:25:01 
Duration Download Forstok 17.357386827469 Detik
Duration Looping 700 Data 175.93068289757 Detik 
Total Duration 175.93079781532 Detik 
------------------------- 
Tanggal: 17-03-2022 04:30:01 
Duration Download Forstok 12.462271928787 Detik
Duration Looping 700 Data 175.89646291733 Detik 
Total Duration 175.89658093452 Detik 
------------------------- 
Tanggal: 17-03-2022 04:35:01 
Duration Download Forstok 16.651743173599 Detik
Duration Looping 700 Data 173.7706990242 Detik 
Total Duration 173.77082920074 Detik 
------------------------- 
Tanggal: 17-03-2022 04:40:01 
Duration Download Forstok 14.694244861603 Detik
Duration Looping 700 Data 174.64617490768 Detik 
Total Duration 174.64629101753 Detik 
------------------------- 
Tanggal: 17-03-2022 04:45:01 
Duration Download Forstok 19.205935955048 Detik
Duration Looping 700 Data 199.31284594536 Detik 
Total Duration 199.31296205521 Detik 
------------------------- 
Tanggal: 17-03-2022 04:50:01 
Duration Download Forstok 15.299611091614 Detik
Duration Looping 700 Data 174.4712729454 Detik 
Total Duration 174.47139692307 Detik 
------------------------- 
Tanggal: 17-03-2022 04:55:01 
Duration Download Forstok 17.921972990036 Detik
Duration Looping 700 Data 182.79799389839 Detik 
Total Duration 182.79811191559 Detik 
------------------------- 
Tanggal: 17-03-2022 05:00:01 
Duration Download Forstok 13.205998182297 Detik
Duration Looping 700 Data 176.98843407631 Detik 
Total Duration 176.98855209351 Detik 
------------------------- 
Tanggal: 17-03-2022 05:05:01 
Duration Download Forstok 27.434638977051 Detik
Duration Looping 700 Data 184.36679601669 Detik 
Total Duration 184.36691212654 Detik 
------------------------- 
Tanggal: 17-03-2022 05:10:01 
Duration Download Forstok 16.341547012329 Detik
Duration Looping 700 Data 170.99575090408 Detik 
Total Duration 170.99586296082 Detik 
------------------------- 
Tanggal: 17-03-2022 05:15:01 
Duration Download Forstok 22.625504970551 Detik
Duration Looping 700 Data 176.35382294655 Detik 
Total Duration 176.35394692421 Detik 
------------------------- 
Tanggal: 17-03-2022 05:20:01 
Duration Download Forstok 14.960055112839 Detik
Duration Looping 700 Data 179.33788895607 Detik 
Total Duration 179.33801794052 Detik 
------------------------- 
Tanggal: 17-03-2022 05:25:01 
Duration Download Forstok 14.72096991539 Detik
Duration Looping 700 Data 173.73811507225 Detik 
Total Duration 173.73823189735 Detik 
------------------------- 
Tanggal: 17-03-2022 05:30:01 
Duration Download Forstok 17.694926023483 Detik
Duration Looping 700 Data 174.83235621452 Detik 
Total Duration 174.83247709274 Detik 
------------------------- 
Tanggal: 17-03-2022 05:35:01 
Duration Download Forstok 19.637497901917 Detik
Duration Looping 700 Data 175.04160690308 Detik 
Total Duration 175.04172301292 Detik 
------------------------- 
Tanggal: 17-03-2022 05:40:01 
Duration Download Forstok 12.96147608757 Detik
Duration Looping 700 Data 174.59565091133 Detik 
Total Duration 174.59576702118 Detik 
------------------------- 
Tanggal: 17-03-2022 05:45:01 
Duration Download Forstok 17.577569961548 Detik
Duration Looping 700 Data 184.51618599892 Detik 
Total Duration 184.516299963 Detik 
------------------------- 
Tanggal: 17-03-2022 05:50:01 
Duration Download Forstok 15.032234191895 Detik
Duration Looping 700 Data 172.33935117722 Detik 
Total Duration 172.33947300911 Detik 
------------------------- 
Tanggal: 17-03-2022 05:55:01 
Duration Download Forstok 11.900401830673 Detik
Duration Looping 700 Data 164.57381701469 Detik 
Total Duration 164.5739338398 Detik 
------------------------- 
Tanggal: 17-03-2022 06:00:01 
Duration Download Forstok 16.508754014969 Detik
Duration Looping 700 Data 194.18192386627 Detik 
Total Duration 194.18205189705 Detik 
------------------------- 
Tanggal: 17-03-2022 06:05:01 
Duration Download Forstok 22.557033061981 Detik
Duration Looping 700 Data 188.2525510788 Detik 
Total Duration 188.25266909599 Detik 
------------------------- 
Tanggal: 17-03-2022 06:10:01 
Duration Download Forstok 16.21596288681 Detik
Duration Looping 700 Data 170.44554185867 Detik 
Total Duration 170.44565796852 Detik 
------------------------- 
Tanggal: 17-03-2022 06:15:02 
Duration Download Forstok 20.02462220192 Detik
Duration Looping 700 Data 183.6380341053 Detik 
Total Duration 183.63815712929 Detik 
------------------------- 
Tanggal: 17-03-2022 06:20:01 
Duration Download Forstok 13.895020961761 Detik
Duration Looping 700 Data 173.20952010155 Detik 
Total Duration 173.20963311195 Detik 
------------------------- 
Tanggal: 17-03-2022 06:25:01 
Duration Download Forstok 12.5801820755 Detik
Duration Looping 700 Data 166.14728307724 Detik 
Total Duration 166.14741420746 Detik 
------------------------- 
Tanggal: 17-03-2022 06:30:01 
Duration Download Forstok 11.963145017624 Detik
Duration Looping 700 Data 167.43470001221 Detik 
Total Duration 167.43481898308 Detik 
------------------------- 
Tanggal: 17-03-2022 06:35:01 
Duration Download Forstok 25.556866168976 Detik
Duration Looping 700 Data 183.70045518875 Detik 
Total Duration 183.70057415962 Detik 
------------------------- 
Tanggal: 17-03-2022 06:40:01 
Duration Download Forstok 15.283328056335 Detik
Duration Looping 700 Data 172.00699710846 Detik 
Total Duration 172.00713992119 Detik 
------------------------- 
Tanggal: 17-03-2022 06:45:01 
Duration Download Forstok 19.929774999619 Detik
Duration Looping 700 Data 174.41726016998 Detik 
Total Duration 174.41737318039 Detik 
------------------------- 
Tanggal: 17-03-2022 06:50:02 
Duration Download Forstok 24.580662965775 Detik
Duration Looping 700 Data 178.55301690102 Detik 
Total Duration 178.55314898491 Detik 
------------------------- 
Tanggal: 17-03-2022 06:55:01 
Duration Download Forstok 16.805279016495 Detik
Duration Looping 700 Data 170.26214718819 Detik 
Total Duration 170.26226902008 Detik 
------------------------- 
Tanggal: 17-03-2022 07:00:01 
Duration Download Forstok 20.247919797897 Detik
Duration Looping 700 Data 175.4256029129 Detik 
Total Duration 175.42572188377 Detik 
------------------------- 
Tanggal: 17-03-2022 07:05:01 
Duration Download Forstok 23.949061155319 Detik
Duration Looping 700 Data 182.400370121 Detik 
Total Duration 182.40049409866 Detik 
------------------------- 
Tanggal: 17-03-2022 07:10:01 
Duration Download Forstok 11.894243001938 Detik
Duration Looping 700 Data 171.34231185913 Detik 
Total Duration 171.34243893623 Detik 
------------------------- 
Tanggal: 17-03-2022 07:15:01 
Duration Download Forstok 22.545997858047 Detik
Duration Looping 700 Data 176.14247202873 Detik 
Total Duration 176.14260101318 Detik 
------------------------- 
Tanggal: 17-03-2022 07:20:01 
Duration Download Forstok 16.106760025024 Detik
Duration Looping 700 Data 175.93971514702 Detik 
Total Duration 175.93984603882 Detik 
------------------------- 
Tanggal: 17-03-2022 07:25:01 
Duration Download Forstok 15.450626134872 Detik
Duration Looping 700 Data 169.18325805664 Detik 
Total Duration 169.18338513374 Detik 
------------------------- 
Tanggal: 17-03-2022 07:30:01 
Duration Download Forstok 15.651228189468 Detik
Duration Looping 700 Data 174.44401907921 Detik 
Total Duration 174.44414615631 Detik 
------------------------- 
Tanggal: 17-03-2022 07:35:01 
Duration Download Forstok 17.255597114563 Detik
Duration Looping 700 Data 170.2504119873 Detik 
Total Duration 170.25054121017 Detik 
------------------------- 
Tanggal: 17-03-2022 07:40:01 
Duration Download Forstok 16.801144123077 Detik
Duration Looping 700 Data 175.50225496292 Detik 
Total Duration 175.50238490105 Detik 
------------------------- 
Tanggal: 17-03-2022 07:45:01 
Duration Download Forstok 16.538332939148 Detik
Duration Looping 700 Data 170.82503986359 Detik 
Total Duration 170.82515788078 Detik 
------------------------- 
Tanggal: 17-03-2022 07:50:01 
Duration Download Forstok 16.279639959335 Detik
Duration Looping 700 Data 176.53186392784 Detik 
Total Duration 176.53200006485 Detik 
------------------------- 
Tanggal: 17-03-2022 07:55:01 
Duration Download Forstok 16.788893938065 Detik
Duration Looping 700 Data 171.37126302719 Detik 
Total Duration 171.37142515182 Detik 
------------------------- 
Tanggal: 17-03-2022 08:00:01 
Duration Download Forstok 17.336699962616 Detik
Duration Looping 700 Data 184.15304088593 Detik 
Total Duration 184.15312695503 Detik 
------------------------- 
Tanggal: 17-03-2022 08:05:01 
Duration Download Forstok 27.233376026154 Detik
Duration Looping 700 Data 184.83822393417 Detik 
Total Duration 184.83834195137 Detik 
------------------------- 
Tanggal: 17-03-2022 08:10:01 
Duration Download Forstok 17.423676967621 Detik
Duration Looping 700 Data 175.4137301445 Detik 
Total Duration 175.41386294365 Detik 
------------------------- 
Tanggal: 17-03-2022 08:15:01 
Duration Download Forstok 16.180974960327 Detik
Duration Looping 700 Data 175.43718290329 Detik 
Total Duration 175.43728780746 Detik 
------------------------- 
Tanggal: 17-03-2022 08:20:01 
Duration Download Forstok 16.493816137314 Detik
Duration Looping 700 Data 176.37285804749 Detik 
Total Duration 176.37296104431 Detik 
------------------------- 
Tanggal: 17-03-2022 08:25:01 
Duration Download Forstok 19.627328157425 Detik
Duration Looping 700 Data 183.16833996773 Detik 
Total Duration 183.16842603683 Detik 
------------------------- 
Tanggal: 17-03-2022 08:30:01 
Duration Download Forstok 19.109992027283 Detik
Duration Looping 700 Data 180.81084108353 Detik 
Total Duration 180.81094813347 Detik 
------------------------- 
Tanggal: 17-03-2022 08:35:01 
Duration Download Forstok 22.017184019089 Detik
Duration Looping 700 Data 195.54628801346 Detik 
Total Duration 195.54638695717 Detik 
------------------------- 
Tanggal: 17-03-2022 08:40:00 
Duration Download Forstok 14.476599931717 Detik
Duration Looping 700 Data 183.16694092751 Detik 
Total Duration 183.16715097427 Detik 
------------------------- 
Tanggal: 17-03-2022 08:45:01 
Duration Download Forstok 16.593439817429 Detik
Duration Looping 700 Data 188.54579782486 Detik 
Total Duration 188.54592084885 Detik 
------------------------- 
Tanggal: 17-03-2022 08:50:01 
Duration Download Forstok 17.734446048737 Detik
Duration Looping 700 Data 187.77985811234 Detik 
Total Duration 187.77997612953 Detik 
------------------------- 
Tanggal: 17-03-2022 08:55:01 
Duration Download Forstok 16.867645978928 Detik
Duration Looping 700 Data 190.58538985252 Detik 
Total Duration 190.58550596237 Detik 
------------------------- 
Tanggal: 17-03-2022 09:00:01 
Duration Download Forstok 13.982892990112 Detik
Duration Looping 700 Data 185.81817579269 Detik 
Total Duration 185.81830692291 Detik 
------------------------- 
Tanggal: 17-03-2022 09:05:01 
Duration Download Forstok 18.423295021057 Detik
Duration Looping 700 Data 185.8610959053 Detik 
Total Duration 185.86123299599 Detik 
------------------------- 
Tanggal: 17-03-2022 09:10:01 
Duration Download Forstok 18.198620080948 Detik
Duration Looping 700 Data 182.87353301048 Detik 
Total Duration 182.87366104126 Detik 
------------------------- 
Tanggal: 17-03-2022 09:15:01 
Duration Download Forstok 22.062632083893 Detik
Duration Looping 700 Data 197.90022110939 Detik 
Total Duration 197.90033793449 Detik 
------------------------- 
Tanggal: 17-03-2022 09:20:01 
Duration Download Forstok 18.040523052216 Detik
Duration Looping 700 Data 189.45960211754 Detik 
Total Duration 189.45972800255 Detik 
------------------------- 
Tanggal: 17-03-2022 09:25:01 
Duration Download Forstok 16.240738153458 Detik
Duration Looping 700 Data 186.33014798164 Detik 
Total Duration 186.33027601242 Detik 
------------------------- 
Tanggal: 17-03-2022 09:30:01 
Duration Download Forstok 19.188117980957 Detik
Duration Looping 700 Data 193.26256394386 Detik 
Total Duration 193.2626709938 Detik 
------------------------- 
Tanggal: 17-03-2022 09:35:01 
Duration Download Forstok 22.301862955093 Detik
Duration Looping 700 Data 198.51080107689 Detik 
Total Duration 198.51093196869 Detik 
------------------------- 
Tanggal: 17-03-2022 09:40:01 
Duration Download Forstok 14.75120306015 Detik
Duration Looping 700 Data 186.33275008202 Detik 
Total Duration 186.33286809921 Detik 
------------------------- 
Tanggal: 17-03-2022 09:45:01 
Duration Download Forstok 21.108569145203 Detik
Duration Looping 700 Data 194.21627616882 Detik 
Total Duration 194.21637201309 Detik 
------------------------- 
Tanggal: 17-03-2022 09:50:01 
Duration Download Forstok 13.892990112305 Detik
Duration Looping 700 Data 182.66670107841 Detik 
Total Duration 182.66686010361 Detik 
------------------------- 
Tanggal: 17-03-2022 09:55:01 
Duration Download Forstok 12.637225151062 Detik
Duration Looping 700 Data 179.21794915199 Detik 
Total Duration 179.21807813644 Detik 
------------------------- 
Tanggal: 17-03-2022 10:00:02 
Duration Download Forstok 20.422105073929 Detik
Duration Looping 700 Data 187.30626797676 Detik 
Total Duration 187.30636405945 Detik 
------------------------- 
Tanggal: 17-03-2022 10:05:02 
Duration Download Forstok 18.227411985397 Detik
Duration Looping 700 Data 188.31656599045 Detik 
Total Duration 188.31668400764 Detik 
------------------------- 
Tanggal: 17-03-2022 10:10:01 
Duration Download Forstok 13.930042982101 Detik
Duration Looping 700 Data 181.91790390015 Detik 
Total Duration 181.91802597046 Detik 
------------------------- 
Tanggal: 17-03-2022 10:15:01 
Duration Download Forstok 25.265292167664 Detik
Duration Looping 700 Data 198.52000308037 Detik 
Total Duration 198.5201292038 Detik 
------------------------- 
Tanggal: 17-03-2022 10:20:01 
Duration Download Forstok 20.958671092987 Detik
Duration Looping 700 Data 191.91112804413 Detik 
Total Duration 191.91125893593 Detik 
------------------------- 
Tanggal: 17-03-2022 10:25:01 
Duration Download Forstok 20.14382982254 Detik
Duration Looping 700 Data 192.57215595245 Detik 
Total Duration 192.57227492332 Detik 
------------------------- 
Tanggal: 17-03-2022 10:30:02 
Duration Download Forstok 13.804605960846 Detik
Duration Looping 700 Data 187.86892104149 Detik 
Total Duration 187.86902594566 Detik 
------------------------- 
Tanggal: 17-03-2022 10:35:01 
Duration Download Forstok 13.489447116852 Detik
Duration Looping 700 Data 182.60739707947 Detik 
Total Duration 182.60752701759 Detik 
------------------------- 
Tanggal: 17-03-2022 10:40:01 
Duration Download Forstok 19.050344944 Detik
Duration Looping 700 Data 188.20238995552 Detik 
Total Duration 188.20249295235 Detik 
------------------------- 
Tanggal: 17-03-2022 10:45:01 
Duration Download Forstok 16.376420974731 Detik
Duration Looping 700 Data 189.18270111084 Detik 
Total Duration 189.18293809891 Detik 
------------------------- 
Tanggal: 17-03-2022 10:50:01 
Duration Download Forstok 18.100831985474 Detik
Duration Looping 700 Data 190.32697796822 Detik 
Total Duration 190.32709813118 Detik 
------------------------- 
Tanggal: 17-03-2022 10:55:01 
Duration Download Forstok 14.152173995972 Detik
Duration Looping 700 Data 181.63092398643 Detik 
Total Duration 181.63102316856 Detik 
------------------------- 
Tanggal: 17-03-2022 11:00:01 
Duration Download Forstok 18.560055017471 Detik
Duration Looping 700 Data 189.34680914879 Detik 
Total Duration 189.34693098068 Detik 
------------------------- 
Tanggal: 17-03-2022 11:05:01 
Duration Download Forstok 18.35226392746 Detik
Duration Looping 700 Data 188.24136590958 Detik 
Total Duration 188.24149107933 Detik 
------------------------- 
Tanggal: 17-03-2022 11:10:01 
Duration Download Forstok 13.467656850815 Detik
Duration Looping 700 Data 186.74167585373 Detik 
Total Duration 186.74176883698 Detik 
------------------------- 
Tanggal: 17-03-2022 11:15:01 
Duration Download Forstok 15.473861932755 Detik
Duration Looping 700 Data 187.39228010178 Detik 
Total Duration 187.39237904549 Detik 
------------------------- 
Tanggal: 17-03-2022 11:20:01 
Duration Download Forstok 17.538964986801 Detik
Duration Looping 700 Data 190.05952882767 Detik 
Total Duration 190.05965185165 Detik 
------------------------- 
Tanggal: 17-03-2022 11:25:01 
Duration Download Forstok 15.519690990448 Detik
Duration Looping 700 Data 191.12000608444 Detik 
Total Duration 191.12016701698 Detik 
------------------------- 
Tanggal: 17-03-2022 11:30:01 
Duration Download Forstok 13.913399934769 Detik
Duration Looping 700 Data 189.18606495857 Detik 
Total Duration 189.1861948967 Detik 
------------------------- 
Tanggal: 17-03-2022 11:35:01 
Duration Download Forstok 20.320801973343 Detik
Duration Looping 700 Data 189.67858505249 Detik 
Total Duration 189.67871594429 Detik 
------------------------- 
Tanggal: 17-03-2022 11:40:01 
Duration Download Forstok 26.097128868103 Detik
Duration Looping 700 Data 202.07429289818 Detik 
Total Duration 202.0744240284 Detik 
------------------------- 
Tanggal: 17-03-2022 11:45:02 
Duration Download Forstok 18.271999120712 Detik
Duration Looping 700 Data 190.38911700249 Detik 
Total Duration 190.38921117783 Detik 
------------------------- 
Tanggal: 17-03-2022 11:50:01 
Duration Download Forstok 19.982169151306 Detik
Duration Looping 700 Data 189.60080814362 Detik 
Total Duration 189.60093808174 Detik 
------------------------- 
Tanggal: 17-03-2022 11:55:01 
Duration Download Forstok 30.653431892395 Detik
Duration Looping 700 Data 194.06335186958 Detik 
Total Duration 194.06348085403 Detik 
------------------------- 
Tanggal: 17-03-2022 12:00:01 
Duration Download Forstok 17.993304014206 Detik
Duration Looping 700 Data 191.60979413986 Detik 
Total Duration 191.60991215706 Detik 
------------------------- 
Tanggal: 17-03-2022 12:05:01 
Duration Download Forstok 16.918710947037 Detik
Duration Looping 700 Data 186.09704589844 Detik 
Total Duration 186.09716296196 Detik 
------------------------- 
Tanggal: 17-03-2022 12:10:01 
Duration Download Forstok 24.880341053009 Detik
Duration Looping 700 Data 186.83869791031 Detik 
Total Duration 186.83882308006 Detik 
------------------------- 
Tanggal: 17-03-2022 12:15:01 
Duration Download Forstok 17.195585012436 Detik
Duration Looping 700 Data 184.37280607224 Detik 
Total Duration 184.3729929924 Detik 
------------------------- 
Tanggal: 17-03-2022 12:20:01 
Duration Download Forstok 18.031534910202 Detik
Duration Looping 700 Data 181.91520500183 Detik 
Total Duration 181.91531991959 Detik 
------------------------- 
Tanggal: 17-03-2022 12:25:01 
Duration Download Forstok 14.300516843796 Detik
Duration Looping 700 Data 181.10913801193 Detik 
Total Duration 181.10929298401 Detik 
------------------------- 
Tanggal: 17-03-2022 12:30:01 
Duration Download Forstok 19.767715930939 Detik
Duration Looping 700 Data 185.92257189751 Detik 
Total Duration 185.92267799377 Detik 
------------------------- 
Tanggal: 17-03-2022 12:35:01 
Duration Download Forstok 16.898420095444 Detik
Duration Looping 700 Data 179.16565322876 Detik 
Total Duration 179.16580319405 Detik 
------------------------- 
Tanggal: 17-03-2022 12:40:01 
Duration Download Forstok 31.143481016159 Detik
Duration Looping 700 Data 193.87238788605 Detik 
Total Duration 193.87249588966 Detik 
------------------------- 
Tanggal: 17-03-2022 12:45:02 
Duration Download Forstok 15.398593902588 Detik
Duration Looping 700 Data 188.161413908 Detik 
Total Duration 188.16154098511 Detik 
------------------------- 
Tanggal: 17-03-2022 12:50:01 
Duration Download Forstok 18.249487876892 Detik
Duration Looping 700 Data 193.05162787437 Detik 
Total Duration 193.05174684525 Detik 
------------------------- 
Tanggal: 17-03-2022 12:55:01 
Duration Download Forstok 15.349482059479 Detik
Duration Looping 700 Data 178.01885294914 Detik 
Total Duration 178.01901292801 Detik 
------------------------- 
Tanggal: 17-03-2022 13:00:01 
Duration Download Forstok 17.847159862518 Detik
Duration Looping 700 Data 182.50865888596 Detik 
Total Duration 182.5087788105 Detik 
------------------------- 
Tanggal: 17-03-2022 13:05:01 
Duration Download Forstok 15.501353025436 Detik
Duration Looping 700 Data 186.94279909134 Detik 
Total Duration 186.94291305542 Detik 
------------------------- 
Tanggal: 17-03-2022 13:10:01 
Duration Download Forstok 17.582788944244 Detik
Duration Looping 700 Data 184.60158991814 Detik 
Total Duration 184.60172104836 Detik 
------------------------- 
Tanggal: 17-03-2022 13:15:01 
Duration Download Forstok 20.186404943466 Detik
Duration Looping 700 Data 189.61156201363 Detik 
Total Duration 189.61165809631 Detik 
------------------------- 
Tanggal: 17-03-2022 13:20:01 
Duration Download Forstok 18.136111021042 Detik
Duration Looping 700 Data 185.31173992157 Detik 
Total Duration 185.31186294556 Detik 
------------------------- 
Tanggal: 17-03-2022 13:25:01 
Duration Download Forstok 21.72815489769 Detik
Duration Looping 700 Data 189.40764093399 Detik 
Total Duration 189.40775299072 Detik 
------------------------- 
Tanggal: 17-03-2022 13:30:01 
Duration Download Forstok 16.022847890854 Detik
Duration Looping 700 Data 198.43511199951 Detik 
Total Duration 198.43523693085 Detik 
------------------------- 
Tanggal: 17-03-2022 13:35:01 
Duration Download Forstok 17.07030916214 Detik
Duration Looping 700 Data 191.51950907707 Detik 
Total Duration 191.5196211338 Detik 
------------------------- 
Tanggal: 17-03-2022 13:40:01 
Duration Download Forstok 16.915343999863 Detik
Duration Looping 700 Data 191.56441092491 Detik 
Total Duration 191.56453800201 Detik 
------------------------- 
Tanggal: 17-03-2022 13:45:01 
Duration Download Forstok 22.034841060638 Detik
Duration Looping 700 Data 194.28056406975 Detik 
Total Duration 194.28065705299 Detik 
------------------------- 
Tanggal: 17-03-2022 13:50:01 
Duration Download Forstok 27.522299051285 Detik
Duration Looping 700 Data 195.43694210052 Detik 
Total Duration 195.43707609177 Detik 
------------------------- 
Tanggal: 17-03-2022 13:55:01 
Duration Download Forstok 15.612200975418 Detik
Duration Looping 700 Data 189.88556694984 Detik 
Total Duration 189.88568282127 Detik 
------------------------- 
Tanggal: 17-03-2022 14:00:01 
Duration Download Forstok 21.442008972168 Detik
Duration Looping 700 Data 195.66836595535 Detik 
Total Duration 195.6684949398 Detik 
------------------------- 
Tanggal: 17-03-2022 14:05:01 
Duration Download Forstok 21.106111049652 Detik
Duration Looping 700 Data 196.89055895805 Detik 
Total Duration 196.89066386223 Detik 
------------------------- 
Tanggal: 17-03-2022 14:10:01 
Duration Download Forstok 22.802021026611 Detik
Duration Looping 700 Data 189.1032500267 Detik 
Total Duration 189.10335302353 Detik 
------------------------- 
Tanggal: 17-03-2022 14:15:01 
Duration Download Forstok 23.2862200737 Detik
Duration Looping 700 Data 192.30258011818 Detik 
Total Duration 192.30274105072 Detik 
------------------------- 
Tanggal: 17-03-2022 14:20:01 
Duration Download Forstok 14.180845975876 Detik
Duration Looping 700 Data 187.87726211548 Detik 
Total Duration 187.87739491463 Detik 
------------------------- 
Tanggal: 17-03-2022 14:25:01 
Duration Download Forstok 12.277331113815 Detik
Duration Looping 700 Data 186.49074721336 Detik 
Total Duration 186.49086499214 Detik 
------------------------- 
Tanggal: 17-03-2022 14:30:01 
Duration Download Forstok 19.631349086761 Detik
Duration Looping 700 Data 197.45921516418 Detik 
Total Duration 197.45933103561 Detik 
------------------------- 
Tanggal: 17-03-2022 14:35:01 
Duration Download Forstok 19.514485120773 Detik
Duration Looping 700 Data 193.53490805626 Detik 
Total Duration 193.53501319885 Detik 
------------------------- 
Tanggal: 17-03-2022 14:40:01 
Duration Download Forstok 19.173362970352 Detik
Duration Looping 700 Data 192.31692409515 Detik 
Total Duration 192.31702208519 Detik 
------------------------- 
Tanggal: 17-03-2022 14:45:01 
Duration Download Forstok 19.359153032303 Detik
Duration Looping 700 Data 192.78961706161 Detik 
Total Duration 192.78971505165 Detik 
------------------------- 
Tanggal: 17-03-2022 14:50:01 
Duration Download Forstok 19.419843912125 Detik
Duration Looping 700 Data 191.04520893097 Detik 
Total Duration 191.04532885551 Detik 
------------------------- 
Tanggal: 17-03-2022 14:55:02 
Duration Download Forstok 12.981822013855 Detik
Duration Looping 700 Data 187.41352009773 Detik 
Total Duration 187.41364502907 Detik 
------------------------- 
Tanggal: 17-03-2022 15:00:01 
Duration Download Forstok 14.33939909935 Detik
Duration Looping 700 Data 192.57800102234 Detik 
Total Duration 192.57813501358 Detik 
------------------------- 
Tanggal: 17-03-2022 15:05:01 
Duration Download Forstok 14.984007835388 Detik
Duration Looping 700 Data 186.34242892265 Detik 
Total Duration 186.34257006645 Detik 
------------------------- 
Tanggal: 17-03-2022 15:10:01 
Duration Download Forstok 28.505793094635 Detik
Duration Looping 700 Data 199.03053808212 Detik 
Total Duration 199.03065609932 Detik 
------------------------- 
Tanggal: 17-03-2022 15:15:01 
Duration Download Forstok 22.714514017105 Detik
Duration Looping 700 Data 197.78086304665 Detik 
Total Duration 197.78102111816 Detik 
------------------------- 
Tanggal: 17-03-2022 15:20:01 
Duration Download Forstok 18.289866924286 Detik
Duration Looping 700 Data 192.13895201683 Detik 
Total Duration 192.13909888268 Detik 
------------------------- 
Tanggal: 17-03-2022 15:25:01 
Duration Download Forstok 16.185962915421 Detik
Duration Looping 700 Data 192.31037402153 Detik 
Total Duration 192.31049489975 Detik 
------------------------- 
Tanggal: 17-03-2022 15:30:01 
Duration Download Forstok 16.596173048019 Detik
Duration Looping 700 Data 192.87165999413 Detik 
Total Duration 192.87181210518 Detik 
------------------------- 
Tanggal: 17-03-2022 15:35:01 
Duration Download Forstok 17.340910196304 Detik
Duration Looping 700 Data 187.55682015419 Detik 
Total Duration 187.55691313744 Detik 
------------------------- 
Tanggal: 17-03-2022 15:40:01 
Duration Download Forstok 18.865075826645 Detik
Duration Looping 700 Data 186.31772279739 Detik 
Total Duration 186.31784582138 Detik 
------------------------- 
Tanggal: 17-03-2022 15:45:01 
Duration Download Forstok 14.966521024704 Detik
Duration Looping 700 Data 189.59885001183 Detik 
Total Duration 189.59895515442 Detik 
------------------------- 
Tanggal: 17-03-2022 15:50:01 
Duration Download Forstok 20.240999937057 Detik
Duration Looping 700 Data 191.05506181717 Detik 
Total Duration 191.05517697334 Detik 
------------------------- 
Tanggal: 17-03-2022 15:55:01 
Duration Download Forstok 13.036555767059 Detik
Duration Looping 700 Data 181.22168684006 Detik 
Total Duration 181.22180390358 Detik 
------------------------- 
Tanggal: 17-03-2022 16:00:01 
Duration Download Forstok 18.48539018631 Detik
Duration Looping 700 Data 186.8535900116 Detik 
Total Duration 186.85370802879 Detik 
------------------------- 
Tanggal: 17-03-2022 16:05:01 
Duration Download Forstok 17.933586120605 Detik
Duration Looping 700 Data 186.63165402412 Detik 
Total Duration 186.63178110123 Detik 
------------------------- 
Tanggal: 17-03-2022 16:10:01 
Duration Download Forstok 13.85972905159 Detik
Duration Looping 700 Data 185.45015501976 Detik 
Total Duration 185.45027899742 Detik 
------------------------- 
Tanggal: 17-03-2022 16:15:01 
Duration Download Forstok 23.600454092026 Detik
Duration Looping 700 Data 195.53512406349 Detik 
Total Duration 195.53524208069 Detik 
------------------------- 
Tanggal: 17-03-2022 16:20:01 
Duration Download Forstok 18.297269105911 Detik
Duration Looping 700 Data 183.76764202118 Detik 
Total Duration 183.76772809029 Detik 
------------------------- 
Tanggal: 17-03-2022 16:25:02 
Duration Download Forstok 13.785713911057 Detik
Duration Looping 700 Data 183.41697907448 Detik 
Total Duration 183.41709208488 Detik 
------------------------- 
Tanggal: 17-03-2022 16:30:01 
Duration Download Forstok 17.595175027847 Detik
Duration Looping 700 Data 188.06627082825 Detik 
Total Duration 188.06638598442 Detik 
------------------------- 
Tanggal: 17-03-2022 16:35:01 
Duration Download Forstok 22.621406078339 Detik
Duration Looping 700 Data 190.7073829174 Detik 
Total Duration 190.70748305321 Detik 
------------------------- 
Tanggal: 17-03-2022 16:40:01 
Duration Download Forstok 18.035896062851 Detik
Duration Looping 700 Data 186.85110116005 Detik 
Total Duration 186.85123920441 Detik 
------------------------- 
Tanggal: 17-03-2022 16:45:01 
Duration Download Forstok 17.151896953583 Detik
Duration Looping 700 Data 185.70612096786 Detik 
Total Duration 185.70623803139 Detik 
------------------------- 
Tanggal: 17-03-2022 16:50:01 
Duration Download Forstok 16.860311985016 Detik
Duration Looping 700 Data 180.35203695297 Detik 
Total Duration 180.35216593742 Detik 
------------------------- 
Tanggal: 17-03-2022 16:55:01 
Duration Download Forstok 18.469601869583 Detik
Duration Looping 700 Data 183.34429192543 Detik 
Total Duration 183.3445379734 Detik 
------------------------- 
Tanggal: 17-03-2022 17:00:01 
Duration Download Forstok 24.96967792511 Detik
Duration Looping 700 Data 190.22810292244 Detik 
Total Duration 190.2282140255 Detik 
------------------------- 
Tanggal: 17-03-2022 17:05:01 
Duration Download Forstok 14.838999986649 Detik
Duration Looping 700 Data 178.79197001457 Detik 
Total Duration 178.79211306572 Detik 
------------------------- 
Tanggal: 17-03-2022 17:10:01 
Duration Download Forstok 20.356055021286 Detik
Duration Looping 700 Data 187.30079293251 Detik 
Total Duration 187.30092382431 Detik 
------------------------- 
Tanggal: 17-03-2022 17:15:01 
Duration Download Forstok 22.672404050827 Detik
Duration Looping 700 Data 189.24518108368 Detik 
Total Duration 189.24529910088 Detik 
------------------------- 
Tanggal: 17-03-2022 17:20:01 
Duration Download Forstok 17.018718004227 Detik
Duration Looping 700 Data 179.05645990372 Detik 
Total Duration 179.05655002594 Detik 
------------------------- 
Tanggal: 17-03-2022 17:25:01 
Duration Download Forstok 15.850540876389 Detik
Duration Looping 700 Data 184.65687894821 Detik 
Total Duration 184.65699601173 Detik 
------------------------- 
Tanggal: 17-03-2022 17:30:01 
Duration Download Forstok 23.721605062485 Detik
Duration Looping 700 Data 183.77125191689 Detik 
Total Duration 183.77141809464 Detik 
------------------------- 
Tanggal: 17-03-2022 17:35:01 
Duration Download Forstok 19.936933994293 Detik
Duration Looping 700 Data 183.47157001495 Detik 
Total Duration 183.4716591835 Detik 
------------------------- 
Tanggal: 17-03-2022 17:40:01 
Duration Download Forstok 16.107882022858 Detik
Duration Looping 700 Data 174.92535805702 Detik 
Total Duration 174.92547702789 Detik 
------------------------- 
Tanggal: 17-03-2022 17:45:01 
Duration Download Forstok 23.218311071396 Detik
Duration Looping 700 Data 188.21697592735 Detik 
Total Duration 188.21710801125 Detik 
------------------------- 
Tanggal: 17-03-2022 17:50:01 
Duration Download Forstok 20.475677013397 Detik
Duration Looping 700 Data 181.86439990997 Detik 
Total Duration 181.86452507973 Detik 
------------------------- 
Tanggal: 17-03-2022 17:55:01 
Duration Download Forstok 23.485867977142 Detik
Duration Looping 700 Data 183.07744908333 Detik 
Total Duration 183.07758593559 Detik 
------------------------- 
Tanggal: 17-03-2022 18:00:01 
Duration Download Forstok 17.450476169586 Detik
Duration Looping 700 Data 177.60044717789 Detik 
Total Duration 177.60054802895 Detik 
------------------------- 
Tanggal: 17-03-2022 18:05:01 
Duration Download Forstok 22.632776021957 Detik
Duration Looping 700 Data 182.02333402634 Detik 
Total Duration 182.02345299721 Detik 
------------------------- 
Tanggal: 17-03-2022 18:10:01 
Duration Download Forstok 18.872617006302 Detik
Duration Looping 700 Data 186.71979403496 Detik 
Total Duration 186.71992707253 Detik 
------------------------- 
Tanggal: 17-03-2022 18:15:01 
Duration Download Forstok 20.291995048523 Detik
Duration Looping 700 Data 179.47529101372 Detik 
Total Duration 179.47542095184 Detik 
------------------------- 
Tanggal: 17-03-2022 18:20:01 
Duration Download Forstok 18.053287982941 Detik
Duration Looping 700 Data 175.57784509659 Detik 
Total Duration 175.5779671669 Detik 
------------------------- 
Tanggal: 17-03-2022 18:25:01 
Duration Download Forstok 20.320775032043 Detik
Duration Looping 700 Data 176.16545891762 Detik 
Total Duration 176.16558504105 Detik 
------------------------- 
Tanggal: 17-03-2022 18:30:01 
Duration Download Forstok 22.011073112488 Detik
Duration Looping 700 Data 182.24739098549 Detik 
Total Duration 182.24750995636 Detik 
------------------------- 
Tanggal: 17-03-2022 18:35:01 
Duration Download Forstok 19.643877983093 Detik
Duration Looping 700 Data 182.06041693687 Detik 
Total Duration 182.06053996086 Detik 
------------------------- 
Tanggal: 17-03-2022 18:40:01 
Duration Download Forstok 20.578433990479 Detik
Duration Looping 700 Data 172.58810091019 Detik 
Total Duration 172.58823180199 Detik 
------------------------- 
Tanggal: 17-03-2022 18:45:01 
Duration Download Forstok 28.043751955032 Detik
Duration Looping 700 Data 178.46218800545 Detik 
Total Duration 178.46246886253 Detik 
------------------------- 
Tanggal: 17-03-2022 18:50:01 
Duration Download Forstok 17.679750204086 Detik
Duration Looping 700 Data 170.59832906723 Detik 
Total Duration 170.59845113754 Detik 
------------------------- 
Tanggal: 17-03-2022 18:55:01 
Duration Download Forstok 13.190678119659 Detik
Duration Looping 700 Data 165.59081101418 Detik 
Total Duration 165.59096312523 Detik 
------------------------- 
Tanggal: 17-03-2022 19:00:01 
Duration Download Forstok 19.506613969803 Detik
Duration Looping 700 Data 175.21312999725 Detik 
Total Duration 175.2132461071 Detik 
------------------------- 
Tanggal: 17-03-2022 19:05:01 
Duration Download Forstok 17.8259100914 Detik
Duration Looping 700 Data 181.27664899826 Detik 
Total Duration 181.27677702904 Detik 
------------------------- 
Tanggal: 17-03-2022 19:10:01 
Duration Download Forstok 22.228755950928 Detik
Duration Looping 700 Data 178.02754402161 Detik 
Total Duration 178.02766394615 Detik 
------------------------- 
Tanggal: 17-03-2022 19:15:01 
Duration Download Forstok 19.728420972824 Detik
Duration Looping 700 Data 174.97884392738 Detik 
Total Duration 174.9789750576 Detik 
------------------------- 
Tanggal: 17-03-2022 19:20:01 
Duration Download Forstok 15.098603010178 Detik
Duration Looping 700 Data 172.48782896996 Detik 
Total Duration 172.48794984818 Detik 
------------------------- 
Tanggal: 17-03-2022 19:25:01 
Duration Download Forstok 13.016676902771 Detik
Duration Looping 700 Data 171.44860506058 Detik 
Total Duration 171.44873094559 Detik 
------------------------- 
Tanggal: 17-03-2022 19:30:01 
Duration Download Forstok 21.122731208801 Detik
Duration Looping 700 Data 175.3900680542 Detik 
Total Duration 175.39018702507 Detik 
------------------------- 
Tanggal: 17-03-2022 19:35:01 
Duration Download Forstok 21.633717060089 Detik
Duration Looping 700 Data 175.10341906548 Detik 
Total Duration 175.10355019569 Detik 
------------------------- 
Tanggal: 17-03-2022 19:40:01 
Duration Download Forstok 20.923785924911 Detik
Duration Looping 700 Data 173.67962098122 Detik 
Total Duration 173.67974710464 Detik 
------------------------- 
Tanggal: 17-03-2022 19:45:01 
Duration Download Forstok 20.115088939667 Detik
Duration Looping 700 Data 171.64429807663 Detik 
Total Duration 171.64442396164 Detik 
------------------------- 
Tanggal: 17-03-2022 19:50:01 
Duration Download Forstok 17.792174100876 Detik
Duration Looping 700 Data 172.09616422653 Detik 
Total Duration 172.09629011154 Detik 
------------------------- 
Tanggal: 17-03-2022 19:55:01 
Duration Download Forstok 13.470591068268 Detik
Duration Looping 700 Data 168.06650114059 Detik 
Total Duration 168.06662011147 Detik 
------------------------- 
Tanggal: 17-03-2022 20:00:01 
Duration Download Forstok 16.728790044785 Detik
Duration Looping 700 Data 173.95526409149 Detik 
Total Duration 173.95538401604 Detik 
------------------------- 
Tanggal: 17-03-2022 20:05:01 
Duration Download Forstok 14.689599990845 Detik
Duration Looping 700 Data 173.30627202988 Detik 
Total Duration 173.30640697479 Detik 
------------------------- 
Tanggal: 17-03-2022 20:10:01 
Duration Download Forstok 29.259777069092 Detik
Duration Looping 700 Data 187.79654598236 Detik 
Total Duration 187.79667496681 Detik 
------------------------- 
Tanggal: 17-03-2022 20:15:01 
Duration Download Forstok 19.958391189575 Detik
Duration Looping 700 Data 178.26068019867 Detik 
Total Duration 178.26081514359 Detik 
------------------------- 
Tanggal: 17-03-2022 20:20:01 
Duration Download Forstok 13.096800804138 Detik
Duration Looping 700 Data 171.36442399025 Detik 
Total Duration 171.36454582214 Detik 
------------------------- 
Tanggal: 17-03-2022 20:25:01 
Duration Download Forstok 16.090844869614 Detik
Duration Looping 700 Data 179.84227180481 Detik 
Total Duration 179.84239983559 Detik 
------------------------- 
Tanggal: 17-03-2022 20:30:01 
Duration Download Forstok 14.197330951691 Detik
Duration Looping 700 Data 171.66947197914 Detik 
Total Duration 171.66959500313 Detik 
------------------------- 
Tanggal: 17-03-2022 20:35:02 
Duration Download Forstok 18.907934904099 Detik
Duration Looping 700 Data 179.04636287689 Detik 
Total Duration 179.04649591446 Detik 
------------------------- 
Tanggal: 17-03-2022 20:40:01 
Duration Download Forstok 17.077587127686 Detik
Duration Looping 700 Data 174.87754821777 Detik 
Total Duration 174.87767601013 Detik 
------------------------- 
Tanggal: 17-03-2022 20:45:01 
Duration Download Forstok 18.629815816879 Detik
Duration Looping 700 Data 182.79527688026 Detik 
Total Duration 182.79539299011 Detik 
------------------------- 
Tanggal: 17-03-2022 20:50:01 
Duration Download Forstok 12.685043096542 Detik
Duration Looping 700 Data 171.77724695206 Detik 
Total Duration 171.77738308907 Detik 
------------------------- 
Tanggal: 17-03-2022 20:55:01 
Duration Download Forstok 12.364771127701 Detik
Duration Looping 700 Data 168.72063612938 Detik 
Total Duration 168.72077012062 Detik 
------------------------- 
Tanggal: 17-03-2022 21:00:01 
Duration Download Forstok 14.660115003586 Detik
Duration Looping 700 Data 172.82670211792 Detik 
Total Duration 172.82681298256 Detik 
------------------------- 
Tanggal: 17-03-2022 21:05:01 
Duration Download Forstok 14.854170084 Detik
Duration Looping 700 Data 175.99162697792 Detik 
Total Duration 175.99172711372 Detik 
------------------------- 
Tanggal: 17-03-2022 21:10:01 
Duration Download Forstok 18.235971927643 Detik
Duration Looping 700 Data 176.32424497604 Detik 
Total Duration 176.32436490059 Detik 
------------------------- 
Tanggal: 17-03-2022 21:15:01 
Duration Download Forstok 19.657211065292 Detik
Duration Looping 700 Data 182.06899213791 Detik 
Total Duration 182.06911206245 Detik 
------------------------- 
Tanggal: 17-03-2022 21:20:01 
Duration Download Forstok 18.21230506897 Detik
Duration Looping 700 Data 174.84313797951 Detik 
Total Duration 174.84326815605 Detik 
------------------------- 
Tanggal: 17-03-2022 21:25:01 
Duration Download Forstok 16.035606145859 Detik
Duration Looping 700 Data 176.11334204674 Detik 
Total Duration 176.11348795891 Detik 
------------------------- 
Tanggal: 17-03-2022 21:30:01 
Duration Download Forstok 22.524679899216 Detik
Duration Looping 700 Data 182.06007885933 Detik 
Total Duration 182.06018185616 Detik 
------------------------- 
Tanggal: 17-03-2022 21:35:01 
Duration Download Forstok 21.685708045959 Detik
Duration Looping 700 Data 176.71603417397 Detik 
Total Duration 176.71617007256 Detik 
------------------------- 
Tanggal: 17-03-2022 21:40:01 
Duration Download Forstok 20.91174697876 Detik
Duration Looping 700 Data 174.81117606163 Detik 
Total Duration 174.81130385399 Detik 
------------------------- 
Tanggal: 17-03-2022 21:45:01 
Duration Download Forstok 21.552751064301 Detik
Duration Looping 700 Data 180.82113194466 Detik 
Total Duration 180.82128095627 Detik 
------------------------- 
Tanggal: 17-03-2022 21:50:01 
Duration Download Forstok 15.489765882492 Detik
Duration Looping 700 Data 176.62320685387 Detik 
Total Duration 176.62336301804 Detik 
------------------------- 
Tanggal: 17-03-2022 21:55:01 
Duration Download Forstok 14.019262075424 Detik
Duration Looping 700 Data 172.93056797981 Detik 
Total Duration 172.93069314957 Detik 
------------------------- 
Tanggal: 17-03-2022 22:00:01 
Duration Download Forstok 19.436364889145 Detik
Duration Looping 700 Data 178.64430689812 Detik 
Total Duration 178.64443492889 Detik 
------------------------- 
Tanggal: 17-03-2022 22:05:01 
Duration Download Forstok 16.145946979523 Detik
Duration Looping 700 Data 177.98910999298 Detik 
Total Duration 177.98928904533 Detik 
------------------------- 
Tanggal: 17-03-2022 22:10:01 
Duration Download Forstok 20.332080841064 Detik
Duration Looping 700 Data 187.79336690903 Detik 
Total Duration 187.7934858799 Detik 
------------------------- 
Tanggal: 17-03-2022 22:15:01 
Duration Download Forstok 21.02802491188 Detik
Duration Looping 700 Data 177.19910907745 Detik 
Total Duration 177.19923901558 Detik 
------------------------- 
Tanggal: 17-03-2022 22:20:01 
Duration Download Forstok 13.55314207077 Detik
Duration Looping 700 Data 169.03737211227 Detik 
Total Duration 169.03749203682 Detik 
------------------------- 
Tanggal: 17-03-2022 22:25:01 
Duration Download Forstok 16.383183956146 Detik
Duration Looping 700 Data 173.409471035 Detik 
Total Duration 173.40959310532 Detik 
------------------------- 
Tanggal: 17-03-2022 22:30:01 
Duration Download Forstok 16.086646080017 Detik
Duration Looping 700 Data 175.42420887947 Detik 
Total Duration 175.4243350029 Detik 
------------------------- 
Tanggal: 17-03-2022 22:35:01 
Duration Download Forstok 22.667746067047 Detik
Duration Looping 700 Data 183.28022098541 Detik 
Total Duration 183.28033709526 Detik 
------------------------- 
Tanggal: 17-03-2022 22:40:01 
Duration Download Forstok 16.742846012115 Detik
Duration Looping 700 Data 176.01152515411 Detik 
Total Duration 176.01164412498 Detik 
------------------------- 
Tanggal: 17-03-2022 22:45:01 
Duration Download Forstok 24.896848917007 Detik
Duration Looping 700 Data 186.32854890823 Detik 
Total Duration 186.32868695259 Detik 
------------------------- 
Tanggal: 17-03-2022 22:50:01 
Duration Download Forstok 17.221312046051 Detik
Duration Looping 700 Data 176.33694887161 Detik 
Total Duration 176.33704805374 Detik 
------------------------- 
Tanggal: 17-03-2022 22:55:01 
Duration Download Forstok 13.141386985779 Detik
Duration Looping 700 Data 165.12083005905 Detik 
Total Duration 165.12095403671 Detik 
------------------------- 
Tanggal: 17-03-2022 23:00:01 
Duration Download Forstok 13.386970996857 Detik
Duration Looping 700 Data 170.40374302864 Detik 
Total Duration 170.40387010574 Detik 
------------------------- 
Tanggal: 17-03-2022 23:05:01 
Duration Download Forstok 21.47722697258 Detik
Duration Looping 700 Data 190.35961580276 Detik 
Total Duration 190.3597369194 Detik 
------------------------- 
Tanggal: 17-03-2022 23:10:01 
Duration Download Forstok 16.418555021286 Detik
Duration Looping 700 Data 175.94065904617 Detik 
Total Duration 175.94078993797 Detik 
------------------------- 
Tanggal: 17-03-2022 23:15:01 
Duration Download Forstok 16.368168115616 Detik
Duration Looping 700 Data 174.33927106857 Detik 
Total Duration 174.33935618401 Detik 
------------------------- 
Tanggal: 17-03-2022 23:20:01 
Duration Download Forstok 22.35050201416 Detik
Duration Looping 700 Data 176.77662110329 Detik 
Total Duration 176.77674198151 Detik 
------------------------- 
Tanggal: 17-03-2022 23:25:02 
Duration Download Forstok 19.467015028 Detik
Duration Looping 700 Data 177.04532003403 Detik 
Total Duration 177.04543805122 Detik 
------------------------- 
Tanggal: 17-03-2022 23:30:01 
Duration Download Forstok 22.632695913315 Detik
Duration Looping 700 Data 183.35735678673 Detik 
Total Duration 183.35748386383 Detik 
------------------------- 
Tanggal: 17-03-2022 23:35:01 
Duration Download Forstok 12.721452951431 Detik
Duration Looping 700 Data 178.33000802994 Detik 
Total Duration 178.33013296127 Detik 
------------------------- 
Tanggal: 17-03-2022 23:40:01 
Duration Download Forstok 19.106723070145 Detik
Duration Looping 700 Data 178.22669219971 Detik 
Total Duration 178.22681307793 Detik 
------------------------- 
Tanggal: 17-03-2022 23:45:01 
Duration Download Forstok 17.068910121918 Detik
Duration Looping 700 Data 176.43401813507 Detik 
Total Duration 176.43414092064 Detik 
------------------------- 
Tanggal: 17-03-2022 23:50:01 
Duration Download Forstok 14.460553884506 Detik
Duration Looping 700 Data 173.03435492516 Detik 
Total Duration 173.03447699547 Detik 
------------------------- 
Tanggal: 17-03-2022 23:55:01 
Duration Download Forstok 13.182507991791 Detik
Duration Looping 700 Data 168.22733807564 Detik 
Total Duration 168.22746706009 Detik 
------------------------- 
