Tanggal: 19-05-2022 00:00:01 
Duration Download Forstok 15.99266910553 Detik
Duration Looping 500 Data 643.38862013817 Detik 
Total Duration 643.38937902451 Detik 
------------------------- 
Tanggal: 19-05-2022 00:15:01 
Duration Download Forstok 13.337460041046 Detik
Duration Looping 500 Data 141.67449212074 Detik 
Total Duration 141.67462611198 Detik 
------------------------- 
Tanggal: 19-05-2022 00:20:01 
Duration Download Forstok 11.65119099617 Detik
Duration Looping 500 Data 172.92895507812 Detik 
Total Duration 172.93015503883 Detik 
------------------------- 
Tanggal: 19-05-2022 00:25:01 
Duration Download Forstok 11.365581989288 Detik
Duration Looping 500 Data 135.79261183739 Detik 
Total Duration 135.79272985458 Detik 
------------------------- 
Tanggal: 19-05-2022 00:30:01 
Duration Download Forstok 17.17215013504 Detik
Duration Looping 500 Data 150.33301401138 Detik 
Total Duration 150.33312010765 Detik 
------------------------- 
Tanggal: 19-05-2022 00:35:01 
Duration Download Forstok 16.77201294899 Detik
Duration Looping 500 Data 147.60375094414 Detik 
Total Duration 147.60386300087 Detik 
------------------------- 
Tanggal: 19-05-2022 00:40:01 
Duration Download Forstok 11.725640058517 Detik
Duration Looping 500 Data 138.05278921127 Detik 
Total Duration 138.05290913582 Detik 
------------------------- 
Tanggal: 19-05-2022 00:45:01 
Duration Download Forstok 19.449692964554 Detik
Duration Looping 500 Data 170.63344597816 Detik 
Total Duration 170.63357305527 Detik 
------------------------- 
Tanggal: 19-05-2022 00:50:01 
Duration Download Forstok 11.719481945038 Detik
Duration Looping 500 Data 140.26953291893 Detik 
Total Duration 140.26965594292 Detik 
------------------------- 
Tanggal: 19-05-2022 00:55:01 
Duration Download Forstok 10.674555063248 Detik
Duration Looping 500 Data 131.59456205368 Detik 
Total Duration 131.59468603134 Detik 
------------------------- 
Tanggal: 19-05-2022 01:00:01 
Duration Download Forstok 10.933362960815 Detik
Duration Looping 500 Data 139.78664517403 Detik 
Total Duration 139.78676509857 Detik 
------------------------- 
Tanggal: 19-05-2022 01:05:01 
Duration Download Forstok 14.999742031097 Detik
Duration Looping 500 Data 140.63896894455 Detik 
Total Duration 140.63909196854 Detik 
------------------------- 
Tanggal: 19-05-2022 01:10:01 
Duration Download Forstok 9.2973370552063 Detik
Duration Looping 500 Data 131.74167108536 Detik 
Total Duration 131.74178600311 Detik 
------------------------- 
Tanggal: 19-05-2022 01:15:01 
Duration Download Forstok 13.369483947754 Detik
Duration Looping 500 Data 145.34791207314 Detik 
Total Duration 145.34803795815 Detik 
------------------------- 
Tanggal: 19-05-2022 01:20:01 
Duration Download Forstok 8.1357710361481 Detik
Duration Looping 500 Data 140.9427549839 Detik 
Total Duration 140.94290399551 Detik 
------------------------- 
Tanggal: 19-05-2022 01:25:01 
Duration Download Forstok 17.008699178696 Detik
Duration Looping 500 Data 140.99518704414 Detik 
Total Duration 140.99531912804 Detik 
------------------------- 
Tanggal: 19-05-2022 01:30:01 
Duration Download Forstok 10.527554988861 Detik
Duration Looping 500 Data 138.43320012093 Detik 
Total Duration 138.43331098557 Detik 
------------------------- 
Tanggal: 19-05-2022 01:35:01 
Duration Download Forstok 17.845701217651 Detik
Duration Looping 500 Data 141.73181915283 Detik 
Total Duration 141.73193311691 Detik 
------------------------- 
Tanggal: 19-05-2022 01:40:02 
Duration Download Forstok 9.4380531311035 Detik
Duration Looping 500 Data 138.95782613754 Detik 
Total Duration 138.9579501152 Detik 
------------------------- 
Tanggal: 19-05-2022 01:45:01 
Duration Download Forstok 19.572397947311 Detik
Duration Looping 500 Data 148.58362102509 Detik 
Total Duration 148.58374595642 Detik 
------------------------- 
Tanggal: 19-05-2022 01:50:01 
Duration Download Forstok 11.001224994659 Detik
Duration Looping 500 Data 133.49707698822 Detik 
Total Duration 133.49719309807 Detik 
------------------------- 
Tanggal: 19-05-2022 01:55:01 
Duration Download Forstok 9.936653137207 Detik
Duration Looping 500 Data 139.58018803596 Detik 
Total Duration 139.58034515381 Detik 
------------------------- 
Tanggal: 19-05-2022 02:00:01 
Duration Download Forstok 11.328082084656 Detik
Duration Looping 500 Data 139.10343194008 Detik 
Total Duration 139.10357308388 Detik 
------------------------- 
Tanggal: 19-05-2022 02:05:01 
Duration Download Forstok 15.470546960831 Detik
Duration Looping 500 Data 140.58103990555 Detik 
Total Duration 140.5811560154 Detik 
------------------------- 
Tanggal: 19-05-2022 02:10:01 
Duration Download Forstok 11.693826913834 Detik
Duration Looping 500 Data 135.83862996101 Detik 
Total Duration 135.83874797821 Detik 
------------------------- 
Tanggal: 19-05-2022 02:15:01 
Duration Download Forstok 16.213455915451 Detik
Duration Looping 500 Data 146.0320417881 Detik 
Total Duration 146.03217792511 Detik 
------------------------- 
Tanggal: 19-05-2022 02:20:01 
Duration Download Forstok 12.543345928192 Detik
Duration Looping 500 Data 135.6241850853 Detik 
Total Duration 135.6243159771 Detik 
------------------------- 
Tanggal: 19-05-2022 02:25:01 
Duration Download Forstok 12.016174077988 Detik
Duration Looping 500 Data 132.9077270031 Detik 
Total Duration 132.90785503387 Detik 
------------------------- 
Tanggal: 19-05-2022 02:30:01 
Duration Download Forstok 12.0146920681 Detik
Duration Looping 500 Data 139.09814310074 Detik 
Total Duration 139.09826898575 Detik 
------------------------- 
Tanggal: 19-05-2022 02:35:01 
Duration Download Forstok 20.150934934616 Detik
Duration Looping 500 Data 150.31284093857 Detik 
Total Duration 150.31297302246 Detik 
------------------------- 
Tanggal: 19-05-2022 02:40:01 
Duration Download Forstok 10.844049930573 Detik
Duration Looping 500 Data 138.80502390862 Detik 
Total Duration 138.80514478683 Detik 
------------------------- 
Tanggal: 19-05-2022 02:45:01 
Duration Download Forstok 12.020912885666 Detik
Duration Looping 500 Data 138.53384399414 Detik 
Total Duration 138.53395295143 Detik 
------------------------- 
Tanggal: 19-05-2022 02:50:01 
Duration Download Forstok 11.73267698288 Detik
Duration Looping 500 Data 135.68657517433 Detik 
Total Duration 135.68669104576 Detik 
------------------------- 
Tanggal: 19-05-2022 02:55:01 
Duration Download Forstok 9.2411139011383 Detik
Duration Looping 500 Data 130.3609290123 Detik 
Total Duration 130.36103796959 Detik 
------------------------- 
Tanggal: 19-05-2022 03:00:01 
Duration Download Forstok 8.4076220989227 Detik
Duration Looping 500 Data 139.81331205368 Detik 
Total Duration 139.81343102455 Detik 
------------------------- 
Tanggal: 19-05-2022 03:05:01 
Duration Download Forstok 27.224656820297 Detik
Duration Looping 500 Data 147.96115684509 Detik 
Total Duration 147.96127390862 Detik 
------------------------- 
Tanggal: 19-05-2022 03:10:01 
Duration Download Forstok 10.062306165695 Detik
Duration Looping 500 Data 132.50998711586 Detik 
Total Duration 132.51010012627 Detik 
------------------------- 
Tanggal: 19-05-2022 03:15:01 
Duration Download Forstok 13.020477056503 Detik
Duration Looping 500 Data 136.5557320118 Detik 
Total Duration 136.55584692955 Detik 
------------------------- 
Tanggal: 19-05-2022 03:20:01 
Duration Download Forstok 9.662987947464 Detik
Duration Looping 500 Data 134.6085498333 Detik 
Total Duration 134.60866379738 Detik 
------------------------- 
Tanggal: 19-05-2022 03:25:02 
Duration Download Forstok 11.3596971035 Detik
Duration Looping 500 Data 135.20930314064 Detik 
Total Duration 135.2094271183 Detik 
------------------------- 
Tanggal: 19-05-2022 03:30:01 
Duration Download Forstok 10.574068784714 Detik
Duration Looping 500 Data 133.07534885406 Detik 
Total Duration 133.07547688484 Detik 
------------------------- 
Tanggal: 19-05-2022 03:35:01 
Duration Download Forstok 14.466969966888 Detik
Duration Looping 500 Data 143.39454889297 Detik 
Total Duration 143.39467382431 Detik 
------------------------- 
Tanggal: 19-05-2022 03:40:01 
Duration Download Forstok 8.6742508411407 Detik
Duration Looping 500 Data 133.10523104668 Detik 
Total Duration 133.10536003113 Detik 
------------------------- 
Tanggal: 19-05-2022 03:45:01 
Duration Download Forstok 12.560298919678 Detik
Duration Looping 500 Data 139.30156493187 Detik 
Total Duration 139.30168104172 Detik 
------------------------- 
Tanggal: 19-05-2022 03:50:01 
Duration Download Forstok 13.938657999039 Detik
Duration Looping 500 Data 137.27278089523 Detik 
Total Duration 137.27290487289 Detik 
------------------------- 
Tanggal: 19-05-2022 03:55:01 
Duration Download Forstok 10.518832921982 Detik
Duration Looping 500 Data 142.84089899063 Detik 
Total Duration 142.84101605415 Detik 
------------------------- 
Tanggal: 19-05-2022 04:00:01 
Duration Download Forstok 8.1225831508636 Detik
Duration Looping 500 Data 142.11982107162 Detik 
Total Duration 142.11994218826 Detik 
------------------------- 
Tanggal: 19-05-2022 04:05:01 
Duration Download Forstok 28.345360040665 Detik
Duration Looping 500 Data 148.62787795067 Detik 
Total Duration 148.62799811363 Detik 
------------------------- 
Tanggal: 19-05-2022 04:10:01 
Duration Download Forstok 11.425736188889 Detik
Duration Looping 500 Data 133.57800912857 Detik 
Total Duration 133.57812714577 Detik 
------------------------- 
Tanggal: 19-05-2022 04:15:02 
Duration Download Forstok 16.115164041519 Detik
Duration Looping 500 Data 156.14793491364 Detik 
Total Duration 156.14805006981 Detik 
------------------------- 
Tanggal: 19-05-2022 04:20:01 
Duration Download Forstok 14.181861162186 Detik
Duration Looping 500 Data 141.19935011864 Detik 
Total Duration 141.19947600365 Detik 
------------------------- 
Tanggal: 19-05-2022 04:25:01 
Duration Download Forstok 10.444678783417 Detik
Duration Looping 500 Data 138.44514584541 Detik 
Total Duration 138.44526290894 Detik 
------------------------- 
Tanggal: 19-05-2022 04:30:01 
Duration Download Forstok 11.816663980484 Detik
Duration Looping 500 Data 136.65630102158 Detik 
Total Duration 136.65641593933 Detik 
------------------------- 
Tanggal: 19-05-2022 04:35:01 
Duration Download Forstok 13.889617204666 Detik
Duration Looping 500 Data 138.55177211761 Detik 
Total Duration 138.5518951416 Detik 
------------------------- 
Tanggal: 19-05-2022 04:40:01 
Duration Download Forstok 9.3407809734344 Detik
Duration Looping 500 Data 131.25003194809 Detik 
Total Duration 131.2501578331 Detik 
------------------------- 
Tanggal: 19-05-2022 04:45:01 
Duration Download Forstok 18.205557107925 Detik
Duration Looping 500 Data 142.53489804268 Detik 
Total Duration 142.53508520126 Detik 
------------------------- 
Tanggal: 19-05-2022 04:50:01 
Duration Download Forstok 8.4005870819092 Detik
Duration Looping 500 Data 135.36095786095 Detik 
Total Duration 135.36107492447 Detik 
------------------------- 
Tanggal: 19-05-2022 04:55:01 
Duration Download Forstok 9.3161189556122 Detik
Duration Looping 500 Data 130.77563095093 Detik 
Total Duration 130.77574896812 Detik 
------------------------- 
Tanggal: 19-05-2022 05:00:01 
Duration Download Forstok 11.263805866241 Detik
Duration Looping 500 Data 136.9781370163 Detik 
Total Duration 136.97825694084 Detik 
------------------------- 
Tanggal: 19-05-2022 05:05:01 
Duration Download Forstok 16.257381916046 Detik
Duration Looping 500 Data 155.26264691353 Detik 
Total Duration 155.26276397705 Detik 
------------------------- 
Tanggal: 19-05-2022 05:10:01 
Duration Download Forstok 11.706727981567 Detik
Duration Looping 500 Data 135.20241999626 Detik 
Total Duration 135.20253515244 Detik 
------------------------- 
Tanggal: 19-05-2022 05:15:01 
Duration Download Forstok 19.737432956696 Detik
Duration Looping 500 Data 145.65114998817 Detik 
Total Duration 145.6512799263 Detik 
------------------------- 
Tanggal: 19-05-2022 05:20:01 
Duration Download Forstok 9.8164920806885 Detik
Duration Looping 500 Data 142.33039402962 Detik 
Total Duration 142.33051896095 Detik 
------------------------- 
Tanggal: 19-05-2022 05:25:01 
Duration Download Forstok 8.328400850296 Detik
Duration Looping 500 Data 144.28173589706 Detik 
Total Duration 144.28187298775 Detik 
------------------------- 
Tanggal: 19-05-2022 05:30:01 
Duration Download Forstok 9.5445258617401 Detik
Duration Looping 500 Data 135.24113297462 Detik 
Total Duration 135.24131298065 Detik 
------------------------- 
Tanggal: 19-05-2022 05:35:01 
Duration Download Forstok 18.415925979614 Detik
Duration Looping 500 Data 139.11989998817 Detik 
Total Duration 139.12001395226 Detik 
------------------------- 
Tanggal: 19-05-2022 05:40:01 
Duration Download Forstok 9.7543551921844 Detik
Duration Looping 500 Data 133.20578718185 Detik 
Total Duration 133.20591306686 Detik 
------------------------- 
Tanggal: 19-05-2022 05:45:01 
Duration Download Forstok 13.248668909073 Detik
Duration Looping 500 Data 134.20278096199 Detik 
Total Duration 134.20290589333 Detik 
------------------------- 
Tanggal: 19-05-2022 05:50:01 
Duration Download Forstok 12.059547185898 Detik
Duration Looping 500 Data 133.96478009224 Detik 
Total Duration 133.96490502357 Detik 
------------------------- 
Tanggal: 19-05-2022 05:55:01 
Duration Download Forstok 10.697496175766 Detik
Duration Looping 500 Data 132.01039910316 Detik 
Total Duration 132.01052212715 Detik 
------------------------- 
Tanggal: 19-05-2022 06:00:01 
Duration Download Forstok 12.433051109314 Detik
Duration Looping 500 Data 135.49767208099 Detik 
Total Duration 135.49779701233 Detik 
------------------------- 
Tanggal: 19-05-2022 06:05:01 
Duration Download Forstok 18.685122966766 Detik
Duration Looping 500 Data 139.53477287292 Detik 
Total Duration 139.53488898277 Detik 
------------------------- 
Tanggal: 19-05-2022 06:10:01 
Duration Download Forstok 10.75008392334 Detik
Duration Looping 500 Data 134.75538277626 Detik 
Total Duration 134.75550484657 Detik 
------------------------- 
Tanggal: 19-05-2022 06:15:01 
Duration Download Forstok 15.7511510849 Detik
Duration Looping 500 Data 141.59516096115 Detik 
Total Duration 141.59527301788 Detik 
------------------------- 
Tanggal: 19-05-2022 06:20:01 
Duration Download Forstok 9.4253859519958 Detik
Duration Looping 500 Data 131.30585885048 Detik 
Total Duration 131.30598187447 Detik 
------------------------- 
Tanggal: 19-05-2022 06:25:01 
Duration Download Forstok 8.1556549072266 Detik
Duration Looping 500 Data 129.22309184074 Detik 
Total Duration 129.22321486473 Detik 
------------------------- 
Tanggal: 19-05-2022 06:30:01 
Duration Download Forstok 13.094877958298 Detik
Duration Looping 500 Data 135.63030695915 Detik 
Total Duration 135.63042902946 Detik 
------------------------- 
Tanggal: 19-05-2022 06:35:01 
Duration Download Forstok 13.350001096725 Detik
Duration Looping 500 Data 140.82637095451 Detik 
Total Duration 140.82651591301 Detik 
------------------------- 
Tanggal: 19-05-2022 06:40:01 
Duration Download Forstok 10.365116119385 Detik
Duration Looping 500 Data 132.38034296036 Detik 
Total Duration 132.38046693802 Detik 
------------------------- 
Tanggal: 19-05-2022 06:45:01 
Duration Download Forstok 14.123640060425 Detik
Duration Looping 500 Data 138.20741701126 Detik 
Total Duration 138.20755600929 Detik 
------------------------- 
Tanggal: 19-05-2022 06:50:01 
Duration Download Forstok 12.59440612793 Detik
Duration Looping 500 Data 135.70198202133 Detik 
Total Duration 135.7021021843 Detik 
------------------------- 
Tanggal: 19-05-2022 06:55:01 
Duration Download Forstok 11.498266220093 Detik
Duration Looping 500 Data 146.04170322418 Detik 
Total Duration 146.04182910919 Detik 
------------------------- 
Tanggal: 19-05-2022 07:00:01 
Duration Download Forstok 10.406472921371 Detik
Duration Looping 500 Data 140.71120882034 Detik 
Total Duration 140.711332798 Detik 
------------------------- 
Tanggal: 19-05-2022 07:05:01 
Duration Download Forstok 24.143241882324 Detik
Duration Looping 500 Data 156.07240605354 Detik 
Total Duration 156.07252788544 Detik 
------------------------- 
Tanggal: 19-05-2022 07:10:02 
Duration Download Forstok 12.942453861237 Detik
Duration Looping 500 Data 133.79909801483 Detik 
Total Duration 133.79921483994 Detik 
------------------------- 
Tanggal: 19-05-2022 07:15:01 
Duration Download Forstok 16.250015974045 Detik
Duration Looping 500 Data 138.02687501907 Detik 
Total Duration 138.02700614929 Detik 
------------------------- 
Tanggal: 19-05-2022 07:20:01 
Duration Download Forstok 10.132918119431 Detik
Duration Looping 500 Data 143.7527141571 Detik 
Total Duration 143.75283002853 Detik 
------------------------- 
Tanggal: 19-05-2022 07:25:01 
Duration Download Forstok 11.461766004562 Detik
Duration Looping 500 Data 134.14083600044 Detik 
Total Duration 134.14095497131 Detik 
------------------------- 
Tanggal: 19-05-2022 07:30:01 
Duration Download Forstok 12.392218112946 Detik
Duration Looping 500 Data 138.81380295753 Detik 
Total Duration 138.81392598152 Detik 
------------------------- 
Tanggal: 19-05-2022 07:35:01 
Duration Download Forstok 14.430060863495 Detik
Duration Looping 500 Data 145.1877758503 Detik 
Total Duration 145.18789386749 Detik 
------------------------- 
Tanggal: 19-05-2022 07:40:01 
Duration Download Forstok 12.207174062729 Detik
Duration Looping 500 Data 147.77568101883 Detik 
Total Duration 147.77579903603 Detik 
------------------------- 
Tanggal: 19-05-2022 07:45:01 
Duration Download Forstok 12.169625997543 Detik
Duration Looping 500 Data 145.06360983849 Detik 
Total Duration 145.06373500824 Detik 
------------------------- 
Tanggal: 19-05-2022 07:50:01 
Duration Download Forstok 9.6882979869843 Detik
Duration Looping 500 Data 138.56012892723 Detik 
Total Duration 138.56025600433 Detik 
------------------------- 
Tanggal: 19-05-2022 07:55:01 
Duration Download Forstok 11.401033163071 Detik
Duration Looping 500 Data 138.22570800781 Detik 
Total Duration 138.22582221031 Detik 
------------------------- 
Tanggal: 19-05-2022 08:00:01 
Duration Download Forstok 11.63494515419 Detik
Duration Looping 500 Data 142.6126241684 Detik 
Total Duration 142.61274695396 Detik 
------------------------- 
Tanggal: 19-05-2022 08:05:01 
Duration Download Forstok 28.848783969879 Detik
Duration Looping 500 Data 157.04486203194 Detik 
Total Duration 157.0449860096 Detik 
------------------------- 
Tanggal: 19-05-2022 08:10:02 
Duration Download Forstok 9.7257790565491 Detik
Duration Looping 500 Data 138.63028407097 Detik 
Total Duration 138.63042712212 Detik 
------------------------- 
Tanggal: 19-05-2022 08:15:01 
Duration Download Forstok 14.828299045563 Detik
Duration Looping 500 Data 143.24779510498 Detik 
Total Duration 143.2479159832 Detik 
------------------------- 
Tanggal: 19-05-2022 08:20:01 
Duration Download Forstok 11.652996063232 Detik
Duration Looping 500 Data 144.66250991821 Detik 
Total Duration 144.66261506081 Detik 
------------------------- 
Tanggal: 19-05-2022 08:25:01 
Duration Download Forstok 13.191802978516 Detik
Duration Looping 500 Data 144.24770188332 Detik 
Total Duration 144.24786710739 Detik 
------------------------- 
Tanggal: 19-05-2022 08:30:01 
Duration Download Forstok 25.850327968597 Detik
Duration Looping 500 Data 166.00510787964 Detik 
Total Duration 166.00522208214 Detik 
------------------------- 
Tanggal: 19-05-2022 08:35:01 
Duration Download Forstok 39.561856031418 Detik
Duration Looping 500 Data 190.19738698006 Detik 
Total Duration 190.19750905037 Detik 
------------------------- 
Tanggal: 19-05-2022 08:40:01 
Duration Download Forstok 9.6582272052765 Detik
Duration Looping 500 Data 163.89793419838 Detik 
Total Duration 163.89804506302 Detik 
------------------------- 
Tanggal: 19-05-2022 08:45:01 
Duration Download Forstok 13.228698015213 Detik
Duration Looping 500 Data 150.60972499847 Detik 
Total Duration 150.60985302925 Detik 
------------------------- 
Tanggal: 19-05-2022 08:50:01 
Duration Download Forstok 12.099566936493 Detik
Duration Looping 500 Data 157.12528800964 Detik 
Total Duration 157.12539887428 Detik 
------------------------- 
Tanggal: 19-05-2022 08:55:01 
Duration Download Forstok 12.465614080429 Detik
Duration Looping 500 Data 151.1626791954 Detik 
Total Duration 151.16278219223 Detik 
------------------------- 
Tanggal: 19-05-2022 09:00:01 
Duration Download Forstok 11.315925836563 Detik
Duration Looping 500 Data 148.34470200539 Detik 
Total Duration 148.34481978416 Detik 
------------------------- 
Tanggal: 19-05-2022 09:05:01 
Duration Download Forstok 35.789475917816 Detik
Duration Looping 500 Data 173.01795506477 Detik 
Total Duration 173.01808094978 Detik 
------------------------- 
Tanggal: 19-05-2022 09:10:01 
Duration Download Forstok 12.70161819458 Detik
Duration Looping 500 Data 164.1087141037 Detik 
Total Duration 164.10880303383 Detik 
------------------------- 
Tanggal: 19-05-2022 09:15:01 
Duration Download Forstok 13.501669168472 Detik
Duration Looping 500 Data 156.6123521328 Detik 
Total Duration 156.61247301102 Detik 
------------------------- 
Tanggal: 19-05-2022 09:20:01 
Duration Download Forstok 10.138731002808 Detik
Duration Looping 500 Data 153.05596208572 Detik 
Total Duration 153.05605697632 Detik 
------------------------- 
Tanggal: 19-05-2022 09:25:01 
Duration Download Forstok 9.2133278846741 Detik
Duration Looping 500 Data 154.20342898369 Detik 
Total Duration 154.2035548687 Detik 
------------------------- 
Tanggal: 19-05-2022 09:30:01 
Duration Download Forstok 12.323705911636 Detik
Duration Looping 500 Data 153.36151695251 Detik 
Total Duration 153.36164903641 Detik 
------------------------- 
Tanggal: 19-05-2022 09:35:01 
Duration Download Forstok 19.678000926971 Detik
Duration Looping 500 Data 167.10907411575 Detik 
Total Duration 167.10916996002 Detik 
------------------------- 
Tanggal: 19-05-2022 09:40:01 
Duration Download Forstok 10.983851909637 Detik
Duration Looping 500 Data 152.0537250042 Detik 
Total Duration 152.05382800102 Detik 
------------------------- 
Tanggal: 19-05-2022 09:45:01 
Duration Download Forstok 12.07261300087 Detik
Duration Looping 500 Data 148.27792286873 Detik 
Total Duration 148.27805185318 Detik 
------------------------- 
Tanggal: 19-05-2022 09:50:01 
Duration Download Forstok 21.331876993179 Detik
Duration Looping 500 Data 158.02877688408 Detik 
Total Duration 158.02886390686 Detik 
------------------------- 
Tanggal: 19-05-2022 09:55:01 
Duration Download Forstok 10.769659996033 Detik
Duration Looping 500 Data 148.90695691109 Detik 
Total Duration 148.90707993507 Detik 
------------------------- 
Tanggal: 19-05-2022 10:00:01 
Duration Download Forstok 13.022585868835 Detik
Duration Looping 500 Data 156.08220791817 Detik 
Total Duration 156.08234286308 Detik 
------------------------- 
Tanggal: 19-05-2022 10:05:01 
Duration Download Forstok 28.298317909241 Detik
Duration Looping 500 Data 173.72596979141 Detik 
Total Duration 173.72608685493 Detik 
------------------------- 
Tanggal: 19-05-2022 10:10:02 
Duration Download Forstok 12.755388021469 Detik
Duration Looping 500 Data 158.80307102203 Detik 
Total Duration 158.80320811272 Detik 
------------------------- 
Tanggal: 19-05-2022 10:15:01 
Duration Download Forstok 16.368232965469 Detik
Duration Looping 500 Data 160.81243300438 Detik 
Total Duration 160.81265711784 Detik 
------------------------- 
Tanggal: 19-05-2022 10:20:01 
Duration Download Forstok 13.166743040085 Detik
Duration Looping 500 Data 169.11857509613 Detik 
Total Duration 169.11870193481 Detik 
------------------------- 
Tanggal: 19-05-2022 10:25:02 
Duration Download Forstok 10.961960792542 Detik
Duration Looping 500 Data 152.6894159317 Detik 
Total Duration 152.68954992294 Detik 
------------------------- 
Tanggal: 19-05-2022 10:30:01 
Duration Download Forstok 13.450132131577 Detik
Duration Looping 500 Data 161.09842395782 Detik 
Total Duration 161.09855008125 Detik 
------------------------- 
Tanggal: 19-05-2022 10:35:01 
Duration Download Forstok 14.037202835083 Detik
Duration Looping 500 Data 152.51382088661 Detik 
Total Duration 152.51396894455 Detik 
------------------------- 
Tanggal: 19-05-2022 10:40:01 
Duration Download Forstok 10.527513027191 Detik
Duration Looping 500 Data 151.23931002617 Detik 
Total Duration 151.23941898346 Detik 
------------------------- 
Tanggal: 19-05-2022 10:45:01 
Duration Download Forstok 12.471553087234 Detik
Duration Looping 500 Data 156.74485397339 Detik 
Total Duration 156.74498105049 Detik 
------------------------- 
Tanggal: 19-05-2022 10:50:01 
Duration Download Forstok 13.60404586792 Detik
Duration Looping 500 Data 163.92787599564 Detik 
Total Duration 163.92800807953 Detik 
------------------------- 
Tanggal: 19-05-2022 10:55:01 
Duration Download Forstok 13.716892004013 Detik
Duration Looping 500 Data 161.04779791832 Detik 
Total Duration 161.047935009 Detik 
------------------------- 
Tanggal: 19-05-2022 11:00:01 
Duration Download Forstok 12.020915985107 Detik
Duration Looping 500 Data 156.55586791039 Detik 
Total Duration 156.55598688126 Detik 
------------------------- 
Tanggal: 19-05-2022 11:05:01 
Duration Download Forstok 15.305819034576 Detik
Duration Looping 500 Data 155.40272021294 Detik 
Total Duration 155.40285801888 Detik 
------------------------- 
Tanggal: 19-05-2022 11:10:01 
Duration Download Forstok 11.659825086594 Detik
Duration Looping 500 Data 151.03131103516 Detik 
Total Duration 151.03143215179 Detik 
------------------------- 
Tanggal: 19-05-2022 11:15:01 
Duration Download Forstok 16.474332094193 Detik
Duration Looping 500 Data 157.1562731266 Detik 
Total Duration 157.15635704994 Detik 
------------------------- 
Tanggal: 19-05-2022 11:20:01 
Duration Download Forstok 15.231497049332 Detik
Duration Looping 500 Data 158.73417210579 Detik 
Total Duration 158.73430395126 Detik 
------------------------- 
Tanggal: 19-05-2022 11:25:01 
Duration Download Forstok 10.28568983078 Detik
Duration Looping 500 Data 153.91752505302 Detik 
Total Duration 153.91765904427 Detik 
------------------------- 
Tanggal: 19-05-2022 11:30:01 
Duration Download Forstok 18.068453073502 Detik
Duration Looping 500 Data 156.21231603622 Detik 
Total Duration 156.21244692802 Detik 
------------------------- 
Tanggal: 19-05-2022 11:35:01 
Duration Download Forstok 11.075551986694 Detik
Duration Looping 500 Data 145.03058409691 Detik 
Total Duration 145.03069710732 Detik 
------------------------- 
Tanggal: 19-05-2022 11:40:01 
Duration Download Forstok 15.503794908524 Detik
Duration Looping 500 Data 156.38514590263 Detik 
Total Duration 156.38526582718 Detik 
------------------------- 
Tanggal: 19-05-2022 11:45:01 
Duration Download Forstok 13.031344890594 Detik
Duration Looping 500 Data 157.42785406113 Detik 
Total Duration 157.42797899246 Detik 
------------------------- 
Tanggal: 19-05-2022 11:50:01 
Duration Download Forstok 13.869996070862 Detik
Duration Looping 500 Data 150.27498602867 Detik 
Total Duration 150.2751121521 Detik 
------------------------- 
Tanggal: 19-05-2022 11:55:01 
Duration Download Forstok 8.3281588554382 Detik
Duration Looping 500 Data 149.37882804871 Detik 
Total Duration 149.37894082069 Detik 
------------------------- 
Tanggal: 19-05-2022 12:00:01 
Duration Download Forstok 33.343796014786 Detik
Duration Looping 500 Data 169.32817006111 Detik 
Total Duration 169.32828092575 Detik 
------------------------- 
Tanggal: 19-05-2022 12:05:01 
Duration Download Forstok 39.315592050552 Detik
Duration Looping 500 Data 174.08849787712 Detik 
Total Duration 174.08869290352 Detik 
------------------------- 
Tanggal: 19-05-2022 12:10:01 
Duration Download Forstok 55.993311882019 Detik
Duration Looping 500 Data 200.76079487801 Detik 
Total Duration 200.76092004776 Detik 
------------------------- 
Tanggal: 19-05-2022 12:15:01 
Duration Download Forstok 59.133590936661 Detik
Tanggal: 19-05-2022 12:20:01 
Duration Download Forstok 28.700475931168 Detik
Duration Looping 500 Data 169.31602501869 Detik 
Total Duration 169.31614613533 Detik 
------------------------- 
Tanggal: 19-05-2022 12:25:01 
Duration Download Forstok 18.149229049683 Detik
Duration Looping 500 Data 155.81483793259 Detik 
Total Duration 155.81497192383 Detik 
------------------------- 
Tanggal: 19-05-2022 12:30:01 
Duration Download Forstok 12.015851020813 Detik
Duration Looping 500 Data 159.37786602974 Detik 
Total Duration 159.37798905373 Detik 
------------------------- 
Tanggal: 19-05-2022 12:35:01 
Duration Download Forstok 18.830139160156 Detik
Duration Looping 500 Data 158.46635198593 Detik 
Total Duration 158.46647500992 Detik 
------------------------- 
Tanggal: 19-05-2022 12:40:01 
Duration Download Forstok 15.32412981987 Detik
Duration Looping 500 Data 152.43369197845 Detik 
Total Duration 152.43381381035 Detik 
------------------------- 
Tanggal: 19-05-2022 12:45:01 
Duration Download Forstok 17.627212047577 Detik
Duration Looping 500 Data 152.6049849987 Detik 
Total Duration 152.60510396957 Detik 
------------------------- 
Tanggal: 19-05-2022 12:50:01 
Duration Download Forstok 14.081217050552 Detik
Duration Looping 500 Data 151.38664102554 Detik 
Total Duration 151.38677787781 Detik 
------------------------- 
Tanggal: 19-05-2022 12:55:01 
Duration Download Forstok 8.8847160339355 Detik
Duration Looping 500 Data 143.7796959877 Detik 
Total Duration 143.77982211113 Detik 
------------------------- 
Tanggal: 19-05-2022 13:00:01 
Duration Download Forstok 12.22075009346 Detik
Duration Looping 500 Data 149.53703093529 Detik 
Total Duration 149.53716397285 Detik 
------------------------- 
Tanggal: 19-05-2022 13:05:01 
Duration Download Forstok 33.646980047226 Detik
Duration Looping 500 Data 175.73928499222 Detik 
Total Duration 175.73938989639 Detik 
------------------------- 
Tanggal: 19-05-2022 13:10:01 
Duration Download Forstok 13.212624073029 Detik
Duration Looping 500 Data 155.4129960537 Detik 
Total Duration 155.4130859375 Detik 
------------------------- 
Tanggal: 19-05-2022 13:15:01 
Duration Download Forstok 14.803198099136 Detik
Duration Looping 500 Data 157.92268204689 Detik 
Total Duration 157.92281007767 Detik 
------------------------- 
Tanggal: 19-05-2022 13:20:01 
Duration Download Forstok 59.214679002762 Detik
Tanggal: 19-05-2022 13:25:01 
Duration Download Forstok 59.859135866165 Detik
Tanggal: 19-05-2022 13:30:01 
Duration Download Forstok 40.673678159714 Detik
Duration Looping 500 Data 189.12998819351 Detik 
Total Duration 189.13012719154 Detik 
------------------------- 
Tanggal: 19-05-2022 13:35:01 
Duration Download Forstok 59.383778095245 Detik
Tanggal: 19-05-2022 13:40:01 
Duration Download Forstok 18.15477013588 Detik
Duration Looping 500 Data 164.2753071785 Detik 
Total Duration 164.27544021606 Detik 
------------------------- 
Tanggal: 19-05-2022 13:45:01 
Duration Download Forstok 41.663613080978 Detik
Tanggal: 19-05-2022 13:50:01 
Duration Download Forstok 14.485269069672 Detik
Duration Looping 500 Data 158.12177801132 Detik 
Total Duration 158.12187695503 Detik 
------------------------- 
Tanggal: 19-05-2022 13:55:01 
Duration Download Forstok 21.039231061935 Detik
Duration Looping 500 Data 173.65162014961 Detik 
Total Duration 173.65177512169 Detik 
------------------------- 
Tanggal: 19-05-2022 14:00:01 
Duration Download Forstok 10.666260957718 Detik
Duration Looping 500 Data 166.76794695854 Detik 
Total Duration 166.76810193062 Detik 
------------------------- 
Tanggal: 19-05-2022 14:05:01 
Duration Download Forstok 34.421475172043 Detik
Duration Looping 500 Data 184.48716616631 Detik 
Total Duration 184.48728704453 Detik 
------------------------- 
Tanggal: 19-05-2022 14:10:01 
Duration Download Forstok 21.889955997467 Detik
Duration Looping 500 Data 168.47909402847 Detik 
Total Duration 168.4792330265 Detik 
------------------------- 
Tanggal: 19-05-2022 14:15:01 
Duration Download Forstok 19.024793148041 Detik
Duration Looping 500 Data 165.84736800194 Detik 
Total Duration 165.84750008583 Detik 
------------------------- 
Tanggal: 19-05-2022 14:20:01 
Duration Download Forstok 9.3793070316315 Detik
Duration Looping 500 Data 164.4809679985 Detik 
Total Duration 164.48109698296 Detik 
------------------------- 
Tanggal: 19-05-2022 14:25:02 
Duration Download Forstok 10.146201848984 Detik
Duration Looping 500 Data 155.19663000107 Detik 
Total Duration 155.19674897194 Detik 
------------------------- 
Tanggal: 19-05-2022 14:30:01 
Duration Download Forstok 16.22852396965 Detik
Duration Looping 500 Data 169.73097014427 Detik 
Total Duration 169.73109292984 Detik 
------------------------- 
Tanggal: 19-05-2022 14:35:01 
Duration Download Forstok 19.26144194603 Detik
Duration Looping 500 Data 170.41867303848 Detik 
Total Duration 170.41881799698 Detik 
------------------------- 
Tanggal: 19-05-2022 14:40:01 
Duration Download Forstok 12.056114196777 Detik
Duration Looping 500 Data 155.87800717354 Detik 
Total Duration 155.87817406654 Detik 
------------------------- 
Tanggal: 19-05-2022 14:45:01 
Duration Download Forstok 12.328891038895 Detik
Duration Looping 500 Data 160.50764799118 Detik 
Total Duration 160.50776696205 Detik 
------------------------- 
Tanggal: 19-05-2022 14:50:01 
Duration Download Forstok 12.209187984467 Detik
Duration Looping 500 Data 162.27945613861 Detik 
Total Duration 162.2795791626 Detik 
------------------------- 
Tanggal: 19-05-2022 14:55:01 
Duration Download Forstok 12.586680173874 Detik
Duration Looping 500 Data 159.86769604683 Detik 
Total Duration 159.86784601212 Detik 
------------------------- 
Tanggal: 19-05-2022 15:00:01 
Duration Download Forstok 18.103764057159 Detik
Duration Looping 500 Data 166.97415494919 Detik 
Total Duration 166.97427010536 Detik 
------------------------- 
Tanggal: 19-05-2022 15:05:01 
Duration Download Forstok 22.904516935349 Detik
Duration Looping 500 Data 173.6658270359 Detik 
Total Duration 173.66596412659 Detik 
------------------------- 
Tanggal: 19-05-2022 15:10:01 
Duration Download Forstok 32.790393829346 Detik
Duration Looping 500 Data 182.68339490891 Detik 
Total Duration 182.68352985382 Detik 
------------------------- 
Tanggal: 19-05-2022 15:15:01 
Duration Download Forstok 15.693834066391 Detik
Duration Looping 500 Data 167.65310001373 Detik 
Total Duration 167.65321111679 Detik 
------------------------- 
Tanggal: 19-05-2022 15:20:02 
Duration Download Forstok 9.7390711307526 Detik
Duration Looping 500 Data 157.99011611938 Detik 
Total Duration 157.99024200439 Detik 
------------------------- 
Tanggal: 19-05-2022 15:25:01 
Duration Download Forstok 11.466243028641 Detik
Duration Looping 500 Data 157.42187690735 Detik 
Total Duration 157.42201709747 Detik 
------------------------- 
Tanggal: 19-05-2022 15:30:01 
Duration Download Forstok 14.467698097229 Detik
Duration Looping 500 Data 162.34699296951 Detik 
Total Duration 162.34712696075 Detik 
------------------------- 
Tanggal: 19-05-2022 15:35:01 
Duration Download Forstok 20.985426902771 Detik
Duration Looping 500 Data 162.48674988747 Detik 
Total Duration 162.4868850708 Detik 
------------------------- 
Tanggal: 19-05-2022 15:40:01 
Duration Download Forstok 16.689234018326 Detik
Duration Looping 500 Data 164.84702992439 Detik 
Total Duration 164.84715294838 Detik 
------------------------- 
Tanggal: 19-05-2022 15:45:02 
Duration Download Forstok 25.903959035873 Detik
Duration Looping 500 Data 177.7098441124 Detik 
Total Duration 177.70997214317 Detik 
------------------------- 
Tanggal: 19-05-2022 15:50:01 
Duration Download Forstok 17.928555011749 Detik
Duration Looping 500 Data 168.68475294113 Detik 
Total Duration 168.68486905098 Detik 
------------------------- 
Tanggal: 19-05-2022 15:55:01 
Duration Download Forstok 23.985261917114 Detik
Duration Looping 500 Data 167.46789884567 Detik 
Total Duration 167.46798396111 Detik 
------------------------- 
Tanggal: 19-05-2022 16:00:01 
Duration Download Forstok 23.601274967194 Detik
Duration Looping 500 Data 171.05854105949 Detik 
Total Duration 171.05866503716 Detik 
------------------------- 
Tanggal: 19-05-2022 16:05:01 
Duration Download Forstok 33.786177158356 Detik
Duration Looping 500 Data 177.30603003502 Detik 
Total Duration 177.3061439991 Detik 
------------------------- 
Tanggal: 19-05-2022 16:10:02 
Duration Download Forstok 53.542469978333 Detik
Duration Looping 500 Data 204.92881512642 Detik 
Total Duration 204.92891001701 Detik 
------------------------- 
Tanggal: 19-05-2022 16:15:01 
Duration Download Forstok 21.069380998611 Detik
Duration Looping 500 Data 169.68345999718 Detik 
Total Duration 169.68359184265 Detik 
------------------------- 
Tanggal: 19-05-2022 16:20:01 
Duration Download Forstok 16.55662894249 Detik
Duration Looping 500 Data 170.07822799683 Detik 
Total Duration 170.07835292816 Detik 
------------------------- 
Tanggal: 19-05-2022 16:25:01 
Duration Download Forstok 10.62683391571 Detik
Duration Looping 500 Data 156.81991410255 Detik 
Total Duration 156.82005500793 Detik 
------------------------- 
Tanggal: 19-05-2022 16:30:02 
Duration Download Forstok 11.72366309166 Detik
Duration Looping 500 Data 159.14366006851 Detik 
Total Duration 159.14379096031 Detik 
------------------------- 
Tanggal: 19-05-2022 16:35:01 
Duration Download Forstok 17.327595949173 Detik
Duration Looping 500 Data 164.32762694359 Detik 
Total Duration 164.32776808739 Detik 
------------------------- 
Tanggal: 19-05-2022 16:40:01 
Duration Download Forstok 20.97084403038 Detik
Duration Looping 500 Data 177.14740109444 Detik 
Total Duration 177.14758515358 Detik 
------------------------- 
Tanggal: 19-05-2022 16:45:01 
Duration Download Forstok 18.015674829483 Detik
Duration Looping 500 Data 169.43878483772 Detik 
Total Duration 169.43891191483 Detik 
------------------------- 
Tanggal: 19-05-2022 16:50:01 
Duration Download Forstok 15.236608028412 Detik
Duration Looping 500 Data 174.19457888603 Detik 
Total Duration 174.19470000267 Detik 
------------------------- 
Tanggal: 19-05-2022 16:55:01 
Duration Download Forstok 19.683084011078 Detik
Duration Looping 500 Data 175.40896987915 Detik 
Total Duration 175.40911507607 Detik 
------------------------- 
Tanggal: 19-05-2022 17:00:02 
Duration Download Forstok 11.227318048477 Detik
Duration Looping 500 Data 173.12064599991 Detik 
Total Duration 173.1207780838 Detik 
------------------------- 
Tanggal: 19-05-2022 17:05:01 
Duration Download Forstok 37.54211306572 Detik
Duration Looping 500 Data 183.27289104462 Detik 
Total Duration 183.27301597595 Detik 
------------------------- 
Tanggal: 19-05-2022 17:10:01 
Duration Download Forstok 14.691005945206 Detik
Duration Looping 500 Data 155.51337099075 Detik 
Total Duration 155.51350808144 Detik 
------------------------- 
Tanggal: 19-05-2022 17:15:01 
Duration Download Forstok 30.344519138336 Detik
Duration Looping 500 Data 169.12430214882 Detik 
Total Duration 169.12442994118 Detik 
------------------------- 
Tanggal: 19-05-2022 17:20:01 
Duration Download Forstok 12.793298959732 Detik
Duration Looping 500 Data 149.42576384544 Detik 
Total Duration 149.42588996887 Detik 
------------------------- 
Tanggal: 19-05-2022 17:25:01 
Duration Download Forstok 23.248749017715 Detik
Duration Looping 500 Data 159.99358892441 Detik 
Total Duration 159.99370789528 Detik 
------------------------- 
Tanggal: 19-05-2022 17:30:01 
Duration Download Forstok 17.437376976013 Detik
Duration Looping 500 Data 153.43444991112 Detik 
Total Duration 153.43458080292 Detik 
------------------------- 
Tanggal: 19-05-2022 17:35:01 
Duration Download Forstok 29.18245100975 Detik
Duration Looping 500 Data 166.06431102753 Detik 
Total Duration 166.06444501877 Detik 
------------------------- 
Tanggal: 19-05-2022 17:40:01 
Duration Download Forstok 11.605235099792 Detik
Duration Looping 500 Data 143.65429711342 Detik 
Total Duration 143.65441393852 Detik 
------------------------- 
Tanggal: 19-05-2022 17:45:01 
Duration Download Forstok 17.234867095947 Detik
Duration Looping 500 Data 153.80342817307 Detik 
Total Duration 153.80358409882 Detik 
------------------------- 
Tanggal: 19-05-2022 17:50:01 
Duration Download Forstok 11.458920955658 Detik
Duration Looping 500 Data 151.64730191231 Detik 
Total Duration 151.64744091034 Detik 
------------------------- 
Tanggal: 19-05-2022 17:55:01 
Duration Download Forstok 8.8286318778992 Detik
Duration Looping 500 Data 151.5554318428 Detik 
Total Duration 151.55558300018 Detik 
------------------------- 
Tanggal: 19-05-2022 18:00:01 
Duration Download Forstok 21.522505998611 Detik
Duration Looping 500 Data 162.9105360508 Detik 
Total Duration 162.91066908836 Detik 
------------------------- 
Tanggal: 19-05-2022 18:05:01 
Duration Download Forstok 15.690505027771 Detik
Duration Looping 500 Data 156.80302190781 Detik 
Total Duration 156.80315184593 Detik 
------------------------- 
Tanggal: 19-05-2022 18:10:01 
Duration Download Forstok 15.765434980392 Detik
Duration Looping 500 Data 157.4157538414 Detik 
Total Duration 157.41589689255 Detik 
------------------------- 
Tanggal: 19-05-2022 18:15:01 
Duration Download Forstok 21.856116056442 Detik
Duration Looping 500 Data 172.89704108238 Detik 
Total Duration 172.89716911316 Detik 
------------------------- 
Tanggal: 19-05-2022 18:20:01 
Duration Download Forstok 13.928461074829 Detik
Duration Looping 500 Data 155.48738908768 Detik 
Total Duration 155.48750805855 Detik 
------------------------- 
Tanggal: 19-05-2022 18:25:01 
Duration Download Forstok 12.634927034378 Detik
Duration Looping 500 Data 151.58045291901 Detik 
Total Duration 151.58057785034 Detik 
------------------------- 
Tanggal: 19-05-2022 18:30:02 
Duration Download Forstok 10.458942890167 Detik
Duration Looping 500 Data 151.28719782829 Detik 
Total Duration 151.28732299805 Detik 
------------------------- 
Tanggal: 19-05-2022 18:35:01 
Duration Download Forstok 31.558911085129 Detik
Duration Looping 500 Data 171.84257411957 Detik 
Total Duration 171.84267306328 Detik 
------------------------- 
Tanggal: 19-05-2022 18:40:01 
Duration Download Forstok 10.990463972092 Detik
Duration Looping 500 Data 147.92413806915 Detik 
Total Duration 147.92426800728 Detik 
------------------------- 
Tanggal: 19-05-2022 18:45:01 
Duration Download Forstok 21.731611967087 Detik
Duration Looping 500 Data 166.87729692459 Detik 
Total Duration 166.87743592262 Detik 
------------------------- 
Tanggal: 19-05-2022 18:50:01 
Duration Download Forstok 12.261625051498 Detik
Duration Looping 500 Data 153.35590291023 Detik 
Total Duration 153.35602712631 Detik 
------------------------- 
Tanggal: 19-05-2022 18:55:01 
Duration Download Forstok 10.248175144196 Detik
Duration Looping 500 Data 140.08445501328 Detik 
Total Duration 140.08457708359 Detik 
------------------------- 
Tanggal: 19-05-2022 19:00:01 
Duration Download Forstok 10.17366194725 Detik
Duration Looping 500 Data 148.25229883194 Detik 
Total Duration 148.25243091583 Detik 
------------------------- 
Tanggal: 19-05-2022 19:05:02 
Duration Download Forstok 40.312011957169 Detik
Duration Looping 500 Data 181.84858584404 Detik 
Total Duration 181.84871578217 Detik 
------------------------- 
Tanggal: 19-05-2022 19:10:01 
Duration Download Forstok 12.693938970566 Detik
Duration Looping 500 Data 151.07173109055 Detik 
Total Duration 151.07186388969 Detik 
------------------------- 
Tanggal: 19-05-2022 19:15:01 
Duration Download Forstok 15.703012943268 Detik
Duration Looping 500 Data 148.18061089516 Detik 
Total Duration 148.18073296547 Detik 
------------------------- 
Tanggal: 19-05-2022 19:20:01 
Duration Download Forstok 9.4691951274872 Detik
Duration Looping 500 Data 155.44884896278 Detik 
Total Duration 155.44897198677 Detik 
------------------------- 
Tanggal: 19-05-2022 19:25:02 
Duration Download Forstok 14.92989397049 Detik
Duration Looping 500 Data 157.28509998322 Detik 
Total Duration 157.28522610664 Detik 
------------------------- 
Tanggal: 19-05-2022 19:30:01 
Duration Download Forstok 9.6575059890747 Detik
Duration Looping 500 Data 147.87906098366 Detik 
Total Duration 147.8791949749 Detik 
------------------------- 
Tanggal: 19-05-2022 19:35:01 
Duration Download Forstok 18.15457701683 Detik
Duration Looping 500 Data 162.28878688812 Detik 
Total Duration 162.28891301155 Detik 
------------------------- 
Tanggal: 19-05-2022 19:40:01 
Duration Download Forstok 12.222343921661 Detik
Duration Looping 500 Data 144.81767702103 Detik 
Total Duration 144.8179090023 Detik 
------------------------- 
Tanggal: 19-05-2022 19:45:01 
Duration Download Forstok 18.180653095245 Detik
Duration Looping 500 Data 154.65709400177 Detik 
Total Duration 154.65721797943 Detik 
------------------------- 
Tanggal: 19-05-2022 19:50:01 
Duration Download Forstok 14.704591989517 Detik
Duration Looping 500 Data 151.49322295189 Detik 
Total Duration 151.49334692955 Detik 
------------------------- 
Tanggal: 19-05-2022 19:55:01 
Duration Download Forstok 13.334547996521 Detik
Duration Looping 500 Data 142.68458509445 Detik 
Total Duration 142.68472290039 Detik 
------------------------- 
Tanggal: 19-05-2022 20:00:01 
Duration Download Forstok 12.492162942886 Detik
Duration Looping 500 Data 152.16922092438 Detik 
Total Duration 152.16935396194 Detik 
------------------------- 
Tanggal: 19-05-2022 20:05:01 
Duration Download Forstok 20.412832975388 Detik
Duration Looping 500 Data 159.51056194305 Detik 
Total Duration 159.51068902016 Detik 
------------------------- 
Tanggal: 19-05-2022 20:10:01 
Duration Download Forstok 11.705602884293 Detik
Duration Looping 500 Data 155.8807079792 Detik 
Total Duration 155.88086605072 Detik 
------------------------- 
Tanggal: 19-05-2022 20:15:01 
Duration Download Forstok 22.098088979721 Detik
Duration Looping 500 Data 169.4871609211 Detik 
Total Duration 169.48728299141 Detik 
------------------------- 
Tanggal: 19-05-2022 20:20:01 
Duration Download Forstok 10.146872997284 Detik
Duration Looping 500 Data 151.06705904007 Detik 
Total Duration 151.06718802452 Detik 
------------------------- 
Tanggal: 19-05-2022 20:25:01 
Duration Download Forstok 10.848365068436 Detik
Duration Looping 500 Data 150.0799100399 Detik 
Total Duration 150.08002090454 Detik 
------------------------- 
Tanggal: 19-05-2022 20:30:02 
Duration Download Forstok 11.973425149918 Detik
Duration Looping 500 Data 150.4847881794 Detik 
Total Duration 150.48490595818 Detik 
------------------------- 
Tanggal: 19-05-2022 20:35:01 
Duration Download Forstok 16.475116014481 Detik
Duration Looping 500 Data 156.35277700424 Detik 
Total Duration 156.35288214684 Detik 
------------------------- 
Tanggal: 19-05-2022 20:40:01 
Duration Download Forstok 12.499439001083 Detik
Duration Looping 500 Data 144.4732940197 Detik 
Total Duration 144.4734120369 Detik 
------------------------- 
Tanggal: 19-05-2022 20:45:01 
Duration Download Forstok 28.626199007034 Detik
Duration Looping 500 Data 165.5514831543 Detik 
Total Duration 165.55161094666 Detik 
------------------------- 
Tanggal: 19-05-2022 20:50:02 
Duration Download Forstok 15.229019165039 Detik
Duration Looping 500 Data 153.18074297905 Detik 
Total Duration 153.18084716797 Detik 
------------------------- 
Tanggal: 19-05-2022 20:55:01 
Duration Download Forstok 9.667426109314 Detik
Duration Looping 500 Data 142.56722712517 Detik 
Total Duration 142.56735110283 Detik 
------------------------- 
Tanggal: 19-05-2022 21:00:01 
Duration Download Forstok 19.867597103119 Detik
Duration Looping 500 Data 151.47360515594 Detik 
Total Duration 151.47373008728 Detik 
------------------------- 
Tanggal: 19-05-2022 21:05:01 
Duration Download Forstok 26.482407093048 Detik
Duration Looping 500 Data 161.36503505707 Detik 
Total Duration 161.36515307426 Detik 
------------------------- 
Tanggal: 19-05-2022 21:10:02 
Duration Download Forstok 12.849076032639 Detik
Duration Looping 500 Data 145.34575200081 Detik 
Total Duration 145.34586405754 Detik 
------------------------- 
Tanggal: 19-05-2022 21:15:01 
Duration Download Forstok 13.498407125473 Detik
Duration Looping 500 Data 148.77595496178 Detik 
Total Duration 148.77607798576 Detik 
------------------------- 
Tanggal: 19-05-2022 21:20:01 
Duration Download Forstok 11.62482714653 Detik
Duration Looping 500 Data 147.955919981 Detik 
Total Duration 147.95603513718 Detik 
------------------------- 
Tanggal: 19-05-2022 21:25:01 
Duration Download Forstok 10.785619020462 Detik
Duration Looping 500 Data 143.4687461853 Detik 
Total Duration 143.46886920929 Detik 
------------------------- 
Tanggal: 19-05-2022 21:30:01 
Duration Download Forstok 13.908447980881 Detik
Duration Looping 500 Data 149.37048196793 Detik 
Total Duration 149.3706009388 Detik 
------------------------- 
Tanggal: 19-05-2022 21:35:01 
Duration Download Forstok 24.2628262043 Detik
Duration Looping 500 Data 161.22921419144 Detik 
Total Duration 161.2293381691 Detik 
------------------------- 
Tanggal: 19-05-2022 21:40:01 
Duration Download Forstok 18.900866031647 Detik
Duration Looping 500 Data 147.96030092239 Detik 
Total Duration 147.96042490005 Detik 
------------------------- 
Tanggal: 19-05-2022 21:45:01 
Duration Download Forstok 18.465104818344 Detik
Duration Looping 500 Data 150.45497202873 Detik 
Total Duration 150.45512485504 Detik 
------------------------- 
Tanggal: 19-05-2022 21:50:01 
Duration Download Forstok 10.301953792572 Detik
Duration Looping 500 Data 149.34549689293 Detik 
Total Duration 149.34562778473 Detik 
------------------------- 
Tanggal: 19-05-2022 21:55:01 
Duration Download Forstok 8.879702091217 Detik
Duration Looping 500 Data 143.91061401367 Detik 
Total Duration 143.91074895859 Detik 
------------------------- 
Tanggal: 19-05-2022 22:00:01 
Duration Download Forstok 10.7591381073 Detik
Duration Looping 500 Data 155.09031915665 Detik 
Total Duration 155.09044313431 Detik 
------------------------- 
Tanggal: 19-05-2022 22:05:01 
Duration Download Forstok 25.202027082443 Detik
Duration Looping 500 Data 166.34891295433 Detik 
Total Duration 166.34900689125 Detik 
------------------------- 
Tanggal: 19-05-2022 22:10:01 
Duration Download Forstok 9.841500043869 Detik
Duration Looping 500 Data 145.45554804802 Detik 
Total Duration 145.45567107201 Detik 
------------------------- 
Tanggal: 19-05-2022 22:15:01 
Duration Download Forstok 27.634718894958 Detik
Duration Looping 500 Data 170.49885296822 Detik 
Total Duration 170.49898195267 Detik 
------------------------- 
Tanggal: 19-05-2022 22:20:01 
Duration Download Forstok 19.291318893433 Detik
Duration Looping 500 Data 160.22973799706 Detik 
Total Duration 160.22987294197 Detik 
------------------------- 
Tanggal: 19-05-2022 22:25:01 
Duration Download Forstok 13.063730955124 Detik
Duration Looping 500 Data 154.40005588531 Detik 
Total Duration 154.40018892288 Detik 
------------------------- 
Tanggal: 19-05-2022 22:30:01 
Duration Download Forstok 15.455507993698 Detik
Duration Looping 500 Data 155.07910394669 Detik 
Total Duration 155.07924389839 Detik 
------------------------- 
Tanggal: 19-05-2022 22:35:01 
Duration Download Forstok 31.028049945831 Detik
Duration Looping 500 Data 168.18418002129 Detik 
Total Duration 168.1843149662 Detik 
------------------------- 
Tanggal: 19-05-2022 22:40:01 
Duration Download Forstok 15.883625030518 Detik
Duration Looping 500 Data 151.06308507919 Detik 
Total Duration 151.06323194504 Detik 
------------------------- 
Tanggal: 19-05-2022 22:45:01 
Duration Download Forstok 22.722713947296 Detik
Duration Looping 500 Data 162.08280801773 Detik 
Total Duration 162.08297395706 Detik 
------------------------- 
Tanggal: 19-05-2022 22:50:01 
Duration Download Forstok 12.691109895706 Detik
Duration Looping 500 Data 153.61091780663 Detik 
Total Duration 153.61105680466 Detik 
------------------------- 
Tanggal: 19-05-2022 22:55:01 
Duration Download Forstok 15.132318019867 Detik
Duration Looping 500 Data 157.43127202988 Detik 
Total Duration 157.43146109581 Detik 
------------------------- 
Tanggal: 19-05-2022 23:00:01 
Duration Download Forstok 16.946711063385 Detik
Duration Looping 500 Data 160.16689801216 Detik 
Total Duration 160.16702103615 Detik 
------------------------- 
Tanggal: 19-05-2022 23:05:01 
Duration Download Forstok 40.45468211174 Detik
Duration Looping 500 Data 170.22882699966 Detik 
Total Duration 170.22898602486 Detik 
------------------------- 
Tanggal: 19-05-2022 23:10:01 
Duration Download Forstok 12.218841075897 Detik
Duration Looping 500 Data 147.85506010056 Detik 
Total Duration 147.85518693924 Detik 
------------------------- 
Tanggal: 19-05-2022 23:15:01 
Duration Download Forstok 13.696988105774 Detik
Duration Looping 500 Data 161.67499613762 Detik 
Total Duration 161.67512011528 Detik 
------------------------- 
Tanggal: 19-05-2022 23:20:01 
Duration Download Forstok 10.052878856659 Detik
Duration Looping 500 Data 144.51568293571 Detik 
Total Duration 144.51580500603 Detik 
------------------------- 
Tanggal: 19-05-2022 23:25:02 
Duration Download Forstok 11.668437004089 Detik
Duration Looping 500 Data 145.71818494797 Detik 
Total Duration 145.71833300591 Detik 
------------------------- 
Tanggal: 19-05-2022 23:30:01 
Duration Download Forstok 16.221712827682 Detik
Duration Looping 500 Data 159.28668189049 Detik 
Total Duration 159.28680586815 Detik 
------------------------- 
Tanggal: 19-05-2022 23:35:01 
Duration Download Forstok 20.143280982971 Detik
Duration Looping 500 Data 154.3733279705 Detik 
Total Duration 154.37346506119 Detik 
------------------------- 
Tanggal: 19-05-2022 23:40:01 
Duration Download Forstok 10.047832965851 Detik
Duration Looping 500 Data 153.28537297249 Detik 
Total Duration 153.28548789024 Detik 
------------------------- 
Tanggal: 19-05-2022 23:45:01 
Duration Download Forstok 13.400609970093 Detik
Duration Looping 500 Data 157.12927293777 Detik 
Total Duration 157.12939596176 Detik 
------------------------- 
Tanggal: 19-05-2022 23:50:01 
Duration Download Forstok 14.559808969498 Detik
Duration Looping 500 Data 152.06792116165 Detik 
Total Duration 152.0680501461 Detik 
------------------------- 
Tanggal: 19-05-2022 23:55:01 
Duration Download Forstok 17.090470075607 Detik
Duration Looping 500 Data 149.79052519798 Detik 
Total Duration 149.79064106941 Detik 
------------------------- 
