Tanggal: 14-06-2022 00:00:01 
Duration Download Forstok 13.855232000351 Detik
Duration Looping 500 Data 644.28362703323 Detik 
Total Duration 644.31000614166 Detik 
------------------------- 
Tanggal: 14-06-2022 00:15:01 
Duration Download Forstok 18.943740844727 Detik
Duration Looping 500 Data 150.18355798721 Detik 
Total Duration 150.20595598221 Detik 
------------------------- 
Tanggal: 14-06-2022 00:20:02 
Duration Download Forstok 13.648210048676 Detik
Duration Looping 500 Data 173.10220098495 Detik 
Total Duration 173.12450003624 Detik 
------------------------- 
Tanggal: 14-06-2022 00:25:01 
Duration Download Forstok 12.199448108673 Detik
Duration Looping 500 Data 138.16649699211 Detik 
Total Duration 138.18756103516 Detik 
------------------------- 
Tanggal: 14-06-2022 00:30:01 
Duration Download Forstok 20.591768026352 Detik
Duration Looping 500 Data 147.69857907295 Detik 
Total Duration 147.72032403946 Detik 
------------------------- 
Tanggal: 14-06-2022 00:35:01 
Duration Download Forstok 21.323580980301 Detik
Duration Looping 500 Data 157.25525903702 Detik 
Total Duration 157.27797913551 Detik 
------------------------- 
Tanggal: 14-06-2022 00:40:01 
Duration Download Forstok 11.918426036835 Detik
Duration Looping 500 Data 151.94869112968 Detik 
Total Duration 151.97021698952 Detik 
------------------------- 
Tanggal: 14-06-2022 00:45:01 
Duration Download Forstok 14.225188016891 Detik
Duration Looping 500 Data 153.42912197113 Detik 
Total Duration 153.45136094093 Detik 
------------------------- 
Tanggal: 14-06-2022 00:50:01 
Duration Download Forstok 14.662127971649 Detik
Duration Looping 500 Data 145.22733688354 Detik 
Total Duration 145.25032377243 Detik 
------------------------- 
Tanggal: 14-06-2022 00:55:01 
Duration Download Forstok 10.0961830616 Detik
Duration Looping 500 Data 136.15494513512 Detik 
Total Duration 136.17903017998 Detik 
------------------------- 
Tanggal: 14-06-2022 01:00:01 
Duration Download Forstok 12.589499950409 Detik
Duration Looping 500 Data 142.76784992218 Detik 
Total Duration 142.79089093208 Detik 
------------------------- 
Tanggal: 14-06-2022 01:05:01 
Duration Download Forstok 47.36159491539 Detik
Duration Looping 500 Data 181.56781196594 Detik 
Total Duration 181.58990883827 Detik 
------------------------- 
Tanggal: 14-06-2022 01:10:01 
Duration Download Forstok 11.139820098877 Detik
Duration Looping 500 Data 142.77063798904 Detik 
Total Duration 142.79507112503 Detik 
------------------------- 
Tanggal: 14-06-2022 01:15:01 
Duration Download Forstok 18.236783027649 Detik
Duration Looping 500 Data 145.62091207504 Detik 
Total Duration 145.64390993118 Detik 
------------------------- 
Tanggal: 14-06-2022 01:20:01 
Duration Download Forstok 12.233013153076 Detik
Duration Looping 500 Data 144.17146706581 Detik 
Total Duration 144.19278097153 Detik 
------------------------- 
Tanggal: 14-06-2022 01:25:02 
Duration Download Forstok 12.21808886528 Detik
Duration Looping 500 Data 158.0299949646 Detik 
Total Duration 158.0527369976 Detik 
------------------------- 
Tanggal: 14-06-2022 01:30:01 
Duration Download Forstok 11.62554192543 Detik
Duration Looping 500 Data 158.32869005203 Detik 
Total Duration 158.35077500343 Detik 
------------------------- 
Tanggal: 14-06-2022 01:35:01 
Duration Download Forstok 18.920448064804 Detik
Duration Looping 500 Data 158.21255397797 Detik 
Total Duration 158.23501110077 Detik 
------------------------- 
Tanggal: 14-06-2022 01:40:01 
Duration Download Forstok 10.805525064468 Detik
Duration Looping 500 Data 149.89922904968 Detik 
Tanggal: 14-06-2022 01:45:01 
Duration Download Forstok 18.501239061356 Detik
Duration Looping 500 Data 157.41302084923 Detik 
Tanggal: 14-06-2022 01:50:01 
Duration Download Forstok 13.45912694931 Detik
Duration Looping 500 Data 149.88963413239 Detik 
Tanggal: 14-06-2022 01:55:01 
Duration Download Forstok 11.385429859161 Detik
Duration Looping 500 Data 150.73015499115 Detik 
Tanggal: 14-06-2022 02:00:01 
Duration Download Forstok 14.854076862335 Detik
Duration Looping 500 Data 152.33119487762 Detik 
Tanggal: 14-06-2022 02:05:01 
Duration Download Forstok 28.474617958069 Detik
Duration Looping 500 Data 158.36240196228 Detik 
Tanggal: 14-06-2022 02:10:01 
Duration Download Forstok 16.103755950928 Detik
Duration Looping 500 Data 145.14232110977 Detik 
Tanggal: 14-06-2022 02:15:01 
Duration Download Forstok 59.53649687767 Detik
Tanggal: 14-06-2022 02:20:01 
Duration Download Forstok 13.101312160492 Detik
Duration Looping 500 Data 149.27641606331 Detik 
Tanggal: 14-06-2022 02:25:01 
Duration Download Forstok 11.986567020416 Detik
Duration Looping 500 Data 138.90733599663 Detik 
Tanggal: 14-06-2022 02:30:01 
Duration Download Forstok 13.509140968323 Detik
Duration Looping 500 Data 151.46618199348 Detik 
Tanggal: 14-06-2022 02:35:01 
Duration Download Forstok 21.788266897202 Detik
Duration Looping 500 Data 146.96987581253 Detik 
Tanggal: 14-06-2022 02:40:01 
Duration Download Forstok 12.743988990784 Detik
Duration Looping 500 Data 140.13431596756 Detik 
Tanggal: 14-06-2022 02:45:02 
Duration Download Forstok 18.870661020279 Detik
Duration Looping 500 Data 146.54623007774 Detik 
Tanggal: 14-06-2022 02:50:01 
Duration Download Forstok 10.960534095764 Detik
Duration Looping 500 Data 139.55667996407 Detik 
Tanggal: 14-06-2022 02:55:01 
Duration Download Forstok 11.954694986343 Detik
Duration Looping 500 Data 166.40179300308 Detik 
Tanggal: 14-06-2022 03:00:01 
Duration Download Forstok 16.596535921097 Detik
Duration Looping 500 Data 148.71512413025 Detik 
Tanggal: 14-06-2022 03:05:01 
Duration Download Forstok 28.188966035843 Detik
Duration Looping 500 Data 160.09937095642 Detik 
Tanggal: 14-06-2022 03:10:01 
Duration Download Forstok 13.14443397522 Detik
Duration Looping 500 Data 138.3987019062 Detik 
Tanggal: 14-06-2022 03:15:01 
Duration Download Forstok 14.756587028503 Detik
Duration Looping 500 Data 138.62019705772 Detik 
Tanggal: 14-06-2022 03:20:01 
Duration Download Forstok 9.8700370788574 Detik
Duration Looping 500 Data 136.16107296944 Detik 
Tanggal: 14-06-2022 03:25:01 
Duration Download Forstok 12.556833028793 Detik
Duration Looping 500 Data 136.57183790207 Detik 
Tanggal: 14-06-2022 03:30:01 
Duration Download Forstok 10.601395845413 Detik
Duration Looping 500 Data 136.00212883949 Detik 
Tanggal: 14-06-2022 03:35:01 
Duration Download Forstok 11.161204099655 Detik
Duration Looping 500 Data 140.8494591713 Detik 
Tanggal: 14-06-2022 03:40:01 
Duration Download Forstok 9.8756370544434 Detik
Duration Looping 500 Data 135.61643505096 Detik 
Tanggal: 14-06-2022 03:45:01 
Duration Download Forstok 14.894725084305 Detik
Duration Looping 500 Data 149.68406391144 Detik 
Tanggal: 14-06-2022 03:50:01 
Duration Download Forstok 11.477374076843 Detik
Duration Looping 500 Data 141.45053601265 Detik 
Tanggal: 14-06-2022 03:55:01 
Duration Download Forstok 9.0882768630981 Detik
Duration Looping 500 Data 133.86430501938 Detik 
Tanggal: 14-06-2022 04:00:01 
Duration Download Forstok 12.608784914017 Detik
Duration Looping 500 Data 141.4572968483 Detik 
Tanggal: 14-06-2022 04:05:01 
Duration Download Forstok 24.303143978119 Detik
Duration Looping 500 Data 154.61735486984 Detik 
Tanggal: 14-06-2022 04:10:01 
Duration Download Forstok 12.53230714798 Detik
Duration Looping 500 Data 138.59928917885 Detik 
Tanggal: 14-06-2022 04:15:01 
Duration Download Forstok 18.357329845428 Detik
Duration Looping 500 Data 146.81303405762 Detik 
Tanggal: 14-06-2022 04:20:01 
Duration Download Forstok 14.047240972519 Detik
Duration Looping 500 Data 138.78623390198 Detik 
Tanggal: 14-06-2022 04:25:01 
Duration Download Forstok 9.9951651096344 Detik
Duration Looping 500 Data 137.40432596207 Detik 
Tanggal: 14-06-2022 04:30:01 
Duration Download Forstok 11.666091918945 Detik
Duration Looping 500 Data 135.80425190926 Detik 
Tanggal: 14-06-2022 04:35:01 
Duration Download Forstok 19.493399858475 Detik
Duration Looping 500 Data 153.0099709034 Detik 
Tanggal: 14-06-2022 04:40:01 
Duration Download Forstok 12.675153017044 Detik
Duration Looping 500 Data 140.57735896111 Detik 
Tanggal: 14-06-2022 04:45:01 
Duration Download Forstok 16.40337896347 Detik
Duration Looping 500 Data 149.35161685944 Detik 
Tanggal: 14-06-2022 04:50:01 
Duration Download Forstok 12.24675989151 Detik
Duration Looping 500 Data 136.32683300972 Detik 
Tanggal: 14-06-2022 04:55:01 
Duration Download Forstok 10.479427099228 Detik
Duration Looping 500 Data 151.17536401749 Detik 
Tanggal: 14-06-2022 05:00:01 
Duration Download Forstok 11.813383817673 Detik
Duration Looping 500 Data 140.45422387123 Detik 
Tanggal: 14-06-2022 05:05:01 
Duration Download Forstok 21.706747055054 Detik
Duration Looping 500 Data 159.96243596077 Detik 
Tanggal: 14-06-2022 05:10:01 
Duration Download Forstok 11.472817182541 Detik
Duration Looping 500 Data 141.41062617302 Detik 
Tanggal: 14-06-2022 05:15:01 
Duration Download Forstok 17.388683795929 Detik
Duration Looping 500 Data 143.5407037735 Detik 
Tanggal: 14-06-2022 05:20:01 
Duration Download Forstok 10.923027992249 Detik
Duration Looping 500 Data 138.25009584427 Detik 
Tanggal: 14-06-2022 05:25:01 
Duration Download Forstok 10.047696828842 Detik
Duration Looping 500 Data 139.14614582062 Detik 
Tanggal: 14-06-2022 05:30:01 
Duration Download Forstok 9.8839380741119 Detik
Duration Looping 500 Data 146.39644908905 Detik 
Tanggal: 14-06-2022 05:35:01 
Duration Download Forstok 16.427301883698 Detik
Duration Looping 500 Data 140.95620894432 Detik 
Tanggal: 14-06-2022 05:40:01 
Duration Download Forstok 11.591405153275 Detik
Duration Looping 500 Data 143.30613613129 Detik 
Tanggal: 14-06-2022 05:45:01 
Duration Download Forstok 16.839210033417 Detik
Duration Looping 500 Data 146.43860507011 Detik 
Tanggal: 14-06-2022 05:50:01 
Duration Download Forstok 11.619119167328 Detik
Duration Looping 500 Data 137.39224219322 Detik 
Tanggal: 14-06-2022 05:55:01 
Duration Download Forstok 9.5015389919281 Detik
Duration Looping 500 Data 144.93343782425 Detik 
Tanggal: 14-06-2022 06:00:01 
Duration Download Forstok 12.445861816406 Detik
Duration Looping 500 Data 151.18907880783 Detik 
Tanggal: 14-06-2022 06:05:01 
Duration Download Forstok 26.200168848038 Detik
Duration Looping 500 Data 155.35595679283 Detik 
Tanggal: 14-06-2022 06:10:01 
Duration Download Forstok 10.758439779282 Detik
Duration Looping 500 Data 140.99162888527 Detik 
Tanggal: 14-06-2022 06:15:01 
Duration Download Forstok 19.010347127914 Detik
Duration Looping 500 Data 157.32744002342 Detik 
Tanggal: 14-06-2022 06:20:01 
Duration Download Forstok 11.550652980804 Detik
Duration Looping 500 Data 142.23309993744 Detik 
Tanggal: 14-06-2022 06:25:01 
Duration Download Forstok 10.293864011765 Detik
Duration Looping 500 Data 135.62791395187 Detik 
Tanggal: 14-06-2022 06:30:01 
Duration Download Forstok 11.305155992508 Detik
Duration Looping 500 Data 139.75244617462 Detik 
Tanggal: 14-06-2022 06:35:01 
Duration Download Forstok 20.187247037888 Detik
Duration Looping 500 Data 148.60426211357 Detik 
Tanggal: 14-06-2022 06:40:01 
Duration Download Forstok 11.109684944153 Detik
Duration Looping 500 Data 143.67411398888 Detik 
Tanggal: 14-06-2022 06:45:01 
Duration Download Forstok 16.087769985199 Detik
Duration Looping 500 Data 141.66550302505 Detik 
Tanggal: 14-06-2022 06:50:01 
Duration Download Forstok 10.026944875717 Detik
Duration Looping 500 Data 135.35151600838 Detik 
Tanggal: 14-06-2022 06:55:01 
Duration Download Forstok 9.7964389324188 Detik
Duration Looping 500 Data 139.98317503929 Detik 
Tanggal: 14-06-2022 07:00:01 
Duration Download Forstok 11.295779943466 Detik
Duration Looping 500 Data 138.03008890152 Detik 
Tanggal: 14-06-2022 07:05:01 
Duration Download Forstok 31.666589021683 Detik
Duration Looping 500 Data 156.78018307686 Detik 
Tanggal: 14-06-2022 07:10:01 
Duration Download Forstok 13.523895978928 Detik
Duration Looping 500 Data 151.89432692528 Detik 
Tanggal: 14-06-2022 07:15:01 
Duration Download Forstok 15.838732004166 Detik
Duration Looping 500 Data 149.46452188492 Detik 
Tanggal: 14-06-2022 07:20:01 
Duration Download Forstok 10.456300973892 Detik
Duration Looping 500 Data 135.76950287819 Detik 
Tanggal: 14-06-2022 07:25:01 
Duration Download Forstok 8.820384979248 Detik
Duration Looping 500 Data 142.70537614822 Detik 
Tanggal: 14-06-2022 07:30:02 
Duration Download Forstok 10.340924978256 Detik
Duration Looping 500 Data 144.76710391045 Detik 
Tanggal: 14-06-2022 07:35:01 
Duration Download Forstok 17.239573001862 Detik
Duration Looping 500 Data 142.670773983 Detik 
Tanggal: 14-06-2022 07:40:02 
Duration Download Forstok 13.553467988968 Detik
Duration Looping 500 Data 140.61900687218 Detik 
Tanggal: 14-06-2022 07:45:01 
Duration Download Forstok 15.381866931915 Detik
Duration Looping 500 Data 143.83830285072 Detik 
Tanggal: 14-06-2022 07:50:01 
Duration Download Forstok 14.596494913101 Detik
Duration Looping 500 Data 143.1063170433 Detik 
Tanggal: 14-06-2022 07:55:01 
Duration Download Forstok 10.468242883682 Detik
Duration Looping 500 Data 137.63676595688 Detik 
Tanggal: 14-06-2022 08:00:01 
Duration Download Forstok 12.729818105698 Detik
Duration Looping 500 Data 147.04156112671 Detik 
Tanggal: 14-06-2022 08:05:01 
Duration Download Forstok 35.20235490799 Detik
Duration Looping 500 Data 166.28600692749 Detik 
Tanggal: 14-06-2022 08:10:01 
Duration Download Forstok 13.111873865128 Detik
Duration Looping 500 Data 143.84690690041 Detik 
Tanggal: 14-06-2022 08:15:01 
Duration Download Forstok 13.573369026184 Detik
Duration Looping 500 Data 143.7114739418 Detik 
Tanggal: 14-06-2022 08:20:01 
Duration Download Forstok 12.730913162231 Detik
Duration Looping 500 Data 142.08228302002 Detik 
Tanggal: 14-06-2022 08:25:01 
Duration Download Forstok 10.104084968567 Detik
Duration Looping 500 Data 144.45362591743 Detik 
Tanggal: 14-06-2022 08:30:01 
Duration Download Forstok 10.539565086365 Detik
Duration Looping 500 Data 147.37696003914 Detik 
Tanggal: 14-06-2022 08:35:01 
Duration Download Forstok 19.831640958786 Detik
Duration Looping 500 Data 164.12876486778 Detik 
Tanggal: 14-06-2022 08:40:01 
Duration Download Forstok 13.055215835571 Detik
Duration Looping 500 Data 152.1614420414 Detik 
Tanggal: 14-06-2022 08:45:01 
Duration Download Forstok 14.443284034729 Detik
Duration Looping 500 Data 169.66743707657 Detik 
Tanggal: 14-06-2022 08:50:01 
Duration Download Forstok 13.576721906662 Detik
Duration Looping 500 Data 155.34779310226 Detik 
Tanggal: 14-06-2022 08:55:01 
Duration Download Forstok 10.779659032822 Detik
Duration Looping 500 Data 152.09256505966 Detik 
Tanggal: 14-06-2022 09:00:01 
Duration Download Forstok 13.756109952927 Detik
Duration Looping 500 Data 151.51865100861 Detik 
Tanggal: 14-06-2022 09:05:01 
Duration Download Forstok 11.587887048721 Detik
Duration Looping 500 Data 156.42275595665 Detik 
Tanggal: 14-06-2022 09:10:01 
Duration Download Forstok 18.894186019897 Detik
Duration Looping 500 Data 169.4174759388 Detik 
Tanggal: 14-06-2022 09:15:01 
Duration Download Forstok 15.621743917465 Detik
Duration Looping 500 Data 156.26790690422 Detik 
Tanggal: 14-06-2022 09:20:01 
Duration Download Forstok 13.400196075439 Detik
Duration Looping 500 Data 149.34168505669 Detik 
Tanggal: 14-06-2022 09:25:01 
Duration Download Forstok 13.0909678936 Detik
Duration Looping 500 Data 144.7125389576 Detik 
Tanggal: 14-06-2022 09:30:01 
Duration Download Forstok 12.354245185852 Detik
Duration Looping 500 Data 155.20396304131 Detik 
Tanggal: 14-06-2022 09:35:01 
Duration Download Forstok 22.398781061172 Detik
Duration Looping 500 Data 162.64791607857 Detik 
Tanggal: 14-06-2022 09:40:01 
Duration Download Forstok 11.208461999893 Detik
Duration Looping 500 Data 151.42453789711 Detik 
Tanggal: 14-06-2022 09:45:01 
Duration Download Forstok 16.723556041718 Detik
Duration Looping 500 Data 168.26131916046 Detik 
Tanggal: 14-06-2022 09:50:01 
Duration Download Forstok 14.794782161713 Detik
Duration Looping 500 Data 152.08786916733 Detik 
Tanggal: 14-06-2022 09:55:01 
Duration Download Forstok 12.189764022827 Detik
Duration Looping 500 Data 151.52477788925 Detik 
Tanggal: 14-06-2022 10:00:02 
Duration Download Forstok 14.323684930801 Detik
Duration Looping 500 Data 156.01260304451 Detik 
Tanggal: 14-06-2022 10:05:01 
Duration Download Forstok 11.34957909584 Detik
Duration Looping 500 Data 154.74515914917 Detik 
Tanggal: 14-06-2022 10:10:01 
Duration Download Forstok 17.263163089752 Detik
Duration Looping 500 Data 155.40296006203 Detik 
Tanggal: 14-06-2022 10:15:01 
Duration Download Forstok 17.918542146683 Detik
Duration Looping 500 Data 160.11554002762 Detik 
Tanggal: 14-06-2022 10:20:01 
Duration Download Forstok 11.839108943939 Detik
Duration Looping 500 Data 156.98197102547 Detik 
Tanggal: 14-06-2022 10:25:01 
Duration Download Forstok 12.877439975739 Detik
Duration Looping 500 Data 150.28855705261 Detik 
Tanggal: 14-06-2022 10:30:01 
Duration Download Forstok 11.86775302887 Detik
Duration Looping 500 Data 152.51795601845 Detik 
Tanggal: 14-06-2022 10:35:01 
Duration Download Forstok 17.427266120911 Detik
Duration Looping 500 Data 158.82632017136 Detik 
Tanggal: 14-06-2022 10:40:01 
Duration Download Forstok 15.093121051788 Detik
Duration Looping 500 Data 155.45658707619 Detik 
Tanggal: 14-06-2022 10:45:01 
Duration Download Forstok 21.596249103546 Detik
Duration Looping 500 Data 157.28942298889 Detik 
Tanggal: 14-06-2022 10:50:01 
Duration Download Forstok 15.434302806854 Detik
Duration Looping 500 Data 175.0155339241 Detik 
Tanggal: 14-06-2022 10:55:01 
Duration Download Forstok 20.123608112335 Detik
Duration Looping 500 Data 161.64883613586 Detik 
Tanggal: 14-06-2022 11:00:01 
Duration Download Forstok 18.364572048187 Detik
Duration Looping 500 Data 162.06613588333 Detik 
Tanggal: 14-06-2022 11:05:01 
Duration Download Forstok 15.773442983627 Detik
Duration Looping 500 Data 158.73306298256 Detik 
Tanggal: 14-06-2022 11:10:02 
Duration Download Forstok 19.989721059799 Detik
Duration Looping 500 Data 162.12733197212 Detik 
Tanggal: 14-06-2022 11:15:01 
Duration Download Forstok 20.003415822983 Detik
Duration Looping 500 Data 161.09103083611 Detik 
Tanggal: 14-06-2022 11:20:01 
Duration Download Forstok 11.441415071487 Detik
Duration Looping 500 Data 150.83859205246 Detik 
Tanggal: 14-06-2022 11:25:01 
Duration Download Forstok 13.511623859406 Detik
Duration Looping 500 Data 163.24937486649 Detik 
Tanggal: 14-06-2022 11:30:01 
Duration Download Forstok 15.480735063553 Detik
Duration Looping 500 Data 160.83456110954 Detik 
Tanggal: 14-06-2022 11:35:01 
Duration Download Forstok 14.898227930069 Detik
Duration Looping 500 Data 153.13921904564 Detik 
Tanggal: 14-06-2022 11:40:01 
Duration Download Forstok 14.235168933868 Detik
Duration Looping 500 Data 156.80693078041 Detik 
Tanggal: 14-06-2022 11:45:01 
Duration Download Forstok 14.9057970047 Detik
Duration Looping 500 Data 157.9134850502 Detik 
Tanggal: 14-06-2022 11:50:01 
Duration Download Forstok 17.973779201508 Detik
Duration Looping 500 Data 155.92318415642 Detik 
Tanggal: 14-06-2022 11:55:01 
Duration Download Forstok 11.106168985367 Detik
Duration Looping 500 Data 154.01716089249 Detik 
Tanggal: 14-06-2022 12:00:01 
Duration Download Forstok 14.571496009827 Detik
Duration Looping 500 Data 152.90138220787 Detik 
Tanggal: 14-06-2022 12:05:01 
Duration Download Forstok 42.099972009659 Detik
Duration Looping 500 Data 179.31177806854 Detik 
Tanggal: 14-06-2022 12:10:01 
Duration Download Forstok 12.862494945526 Detik
Duration Looping 500 Data 149.18107390404 Detik 
Tanggal: 14-06-2022 12:15:01 
Duration Download Forstok 13.741276025772 Detik
Duration Looping 500 Data 146.37987613678 Detik 
Tanggal: 14-06-2022 12:20:01 
Duration Download Forstok 17.928516149521 Detik
Duration Looping 500 Data 157.78216505051 Detik 
Tanggal: 14-06-2022 12:25:01 
Duration Download Forstok 11.252899885178 Detik
Duration Looping 500 Data 149.63766789436 Detik 
Tanggal: 14-06-2022 12:30:01 
Duration Download Forstok 14.937983989716 Detik
Duration Looping 500 Data 148.86423015594 Detik 
Tanggal: 14-06-2022 12:35:01 
Duration Download Forstok 22.844885826111 Detik
Duration Looping 500 Data 158.36233401299 Detik 
Tanggal: 14-06-2022 12:40:01 
Duration Download Forstok 17.175166130066 Detik
Duration Looping 500 Data 151.92728304863 Detik 
Tanggal: 14-06-2022 12:45:01 
Duration Download Forstok 15.095852136612 Detik
Duration Looping 500 Data 148.72666716576 Detik 
Tanggal: 14-06-2022 12:50:01 
Duration Download Forstok 12.817214012146 Detik
Duration Looping 500 Data 147.43265986443 Detik 
Tanggal: 14-06-2022 12:55:01 
Duration Download Forstok 13.628158807755 Detik
Duration Looping 500 Data 152.71682286263 Detik 
Tanggal: 14-06-2022 13:00:01 
Duration Download Forstok 16.122558116913 Detik
Duration Looping 500 Data 155.60493803024 Detik 
Tanggal: 14-06-2022 13:05:01 
Duration Download Forstok 29.080367088318 Detik
Duration Looping 500 Data 192.4231300354 Detik 
Tanggal: 14-06-2022 13:10:01 
Duration Download Forstok 17.884239912033 Detik
Duration Looping 500 Data 155.04480290413 Detik 
Tanggal: 14-06-2022 13:15:01 
Duration Download Forstok 15.003309011459 Detik
Duration Looping 500 Data 155.94468998909 Detik 
Tanggal: 14-06-2022 13:20:01 
Duration Download Forstok 15.223016023636 Detik
Duration Looping 500 Data 152.76106405258 Detik 
Tanggal: 14-06-2022 13:25:01 
Duration Download Forstok 11.237497091293 Detik
Duration Looping 500 Data 149.69022893906 Detik 
Tanggal: 14-06-2022 13:30:01 
Duration Download Forstok 11.976805925369 Detik
Duration Looping 500 Data 148.56278204918 Detik 
Tanggal: 14-06-2022 13:35:01 
Duration Download Forstok 22.908834934235 Detik
Duration Looping 500 Data 159.81517291069 Detik 
Tanggal: 14-06-2022 13:40:01 
Duration Download Forstok 12.929199934006 Detik
Duration Looping 500 Data 176.1772108078 Detik 
Tanggal: 14-06-2022 13:45:01 
Duration Download Forstok 11.751835823059 Detik
Duration Looping 500 Data 150.89592981339 Detik 
Tanggal: 14-06-2022 13:50:01 
Duration Download Forstok 15.948056221008 Detik
Duration Looping 500 Data 160.63752222061 Detik 
Tanggal: 14-06-2022 13:55:01 
Duration Download Forstok 13.257437944412 Detik
Duration Looping 500 Data 158.60466098785 Detik 
Tanggal: 14-06-2022 14:00:01 
Duration Download Forstok 19.578447818756 Detik
Duration Looping 500 Data 162.56873583794 Detik 
Tanggal: 14-06-2022 14:05:01 
Duration Download Forstok 34.859361886978 Detik
Duration Looping 500 Data 178.47166395187 Detik 
Tanggal: 14-06-2022 14:10:01 
Duration Download Forstok 19.980527877808 Detik
Duration Looping 500 Data 160.80163407326 Detik 
Tanggal: 14-06-2022 14:15:01 
Duration Download Forstok 15.676882982254 Detik
Duration Looping 500 Data 155.05387711525 Detik 
Tanggal: 14-06-2022 14:20:01 
Duration Download Forstok 12.036839008331 Detik
Duration Looping 500 Data 158.70517683029 Detik 
Tanggal: 14-06-2022 14:25:01 
Duration Download Forstok 14.453532218933 Detik
Duration Looping 500 Data 153.94568014145 Detik 
Tanggal: 14-06-2022 14:30:02 
Duration Download Forstok 19.640259981155 Detik
Duration Looping 500 Data 163.79560899734 Detik 
Tanggal: 14-06-2022 14:35:01 
Duration Download Forstok 12.899423122406 Detik
Duration Looping 500 Data 147.62227511406 Detik 
Tanggal: 14-06-2022 14:40:01 
Duration Download Forstok 11.579931974411 Detik
Duration Looping 500 Data 153.10686206818 Detik 
Tanggal: 14-06-2022 14:45:01 
Duration Download Forstok 14.417510032654 Detik
Duration Looping 500 Data 158.37917304039 Detik 
Tanggal: 14-06-2022 14:50:01 
Duration Download Forstok 16.115014076233 Detik
Duration Looping 500 Data 159.91602611542 Detik 
Tanggal: 14-06-2022 14:55:01 
Duration Download Forstok 15.492336034775 Detik
Duration Looping 500 Data 150.5881049633 Detik 
Tanggal: 14-06-2022 15:00:01 
Duration Download Forstok 15.919205904007 Detik
Duration Looping 500 Data 155.91010189056 Detik 
Tanggal: 14-06-2022 15:05:01 
Duration Download Forstok 31.964517831802 Detik
Duration Looping 500 Data 174.45144176483 Detik 
Tanggal: 14-06-2022 15:10:01 
Duration Download Forstok 24.736500024796 Detik
Duration Looping 500 Data 167.54904198647 Detik 
Tanggal: 14-06-2022 15:15:01 
Duration Download Forstok 17.325081110001 Detik
Duration Looping 500 Data 164.61859512329 Detik 
Tanggal: 14-06-2022 15:20:02 
Duration Download Forstok 12.698401212692 Detik
Duration Looping 500 Data 161.65060400963 Detik 
Tanggal: 14-06-2022 15:25:01 
Duration Download Forstok 18.289772987366 Detik
Duration Looping 500 Data 159.97312784195 Detik 
Tanggal: 14-06-2022 15:30:01 
Duration Download Forstok 12.0705909729 Detik
Duration Looping 500 Data 154.79673600197 Detik 
Tanggal: 14-06-2022 15:35:01 
Duration Download Forstok 22.089841842651 Detik
Duration Looping 500 Data 169.70366692543 Detik 
Tanggal: 14-06-2022 15:40:01 
Duration Download Forstok 21.979929924011 Detik
Duration Looping 500 Data 172.65647006035 Detik 
Tanggal: 14-06-2022 15:45:01 
Duration Download Forstok 15.527225017548 Detik
Duration Looping 500 Data 181.26224994659 Detik 
Tanggal: 14-06-2022 15:50:01 
Duration Download Forstok 14.157376050949 Detik
Duration Looping 500 Data 160.92621016502 Detik 
Tanggal: 14-06-2022 15:55:01 
Duration Download Forstok 13.247122049332 Detik
Duration Looping 500 Data 156.47024917603 Detik 
Tanggal: 14-06-2022 16:00:02 
Duration Download Forstok 14.559916973114 Detik
Duration Looping 500 Data 160.64406704903 Detik 
Tanggal: 14-06-2022 16:05:01 
Duration Download Forstok 34.490909099579 Detik
Duration Looping 500 Data 181.97581315041 Detik 
Tanggal: 14-06-2022 16:10:01 
Duration Download Forstok 18.595318078995 Detik
Duration Looping 500 Data 166.89129304886 Detik 
Tanggal: 14-06-2022 16:15:01 
Duration Download Forstok 15.063261032104 Detik
Duration Looping 500 Data 172.69321393967 Detik 
Tanggal: 14-06-2022 16:20:01 
Duration Download Forstok 12.465975999832 Detik
Duration Looping 500 Data 178.01118206978 Detik 
Tanggal: 14-06-2022 16:25:01 
Duration Download Forstok 12.143254995346 Detik
Duration Looping 500 Data 154.17437005043 Detik 
Tanggal: 14-06-2022 16:30:01 
Duration Download Forstok 14.326621055603 Detik
Duration Looping 500 Data 158.62253499031 Detik 
Tanggal: 14-06-2022 16:35:01 
Duration Download Forstok 22.65292096138 Detik
Duration Looping 500 Data 166.15694093704 Detik 
Tanggal: 14-06-2022 16:40:01 
Duration Download Forstok 11.589482069016 Detik
Duration Looping 500 Data 157.71496701241 Detik 
Tanggal: 14-06-2022 16:45:01 
Duration Download Forstok 15.519775152206 Detik
Duration Looping 500 Data 160.20946311951 Detik 
Tanggal: 14-06-2022 16:50:01 
Duration Download Forstok 13.760032892227 Detik
Duration Looping 500 Data 156.50670599937 Detik 
Tanggal: 14-06-2022 16:55:01 
Duration Download Forstok 12.987890958786 Detik
Duration Looping 500 Data 154.65842294693 Detik 
Tanggal: 14-06-2022 17:00:01 
Duration Download Forstok 19.077231884003 Detik
Duration Looping 500 Data 161.35633397102 Detik 
Tanggal: 14-06-2022 17:05:01 
Duration Download Forstok 21.402926921844 Detik
Duration Looping 500 Data 162.9622387886 Detik 
Tanggal: 14-06-2022 17:10:01 
Duration Download Forstok 20.345072984695 Detik
Duration Looping 500 Data 159.34896802902 Detik 
Tanggal: 14-06-2022 17:15:01 
Duration Download Forstok 15.383261919022 Detik
Duration Looping 500 Data 155.40042185783 Detik 
Tanggal: 14-06-2022 17:20:01 
Duration Download Forstok 13.966319084167 Detik
Duration Looping 500 Data 155.63191604614 Detik 
Tanggal: 14-06-2022 17:25:01 
Duration Download Forstok 15.260210037231 Detik
Duration Looping 500 Data 151.15381503105 Detik 
Tanggal: 14-06-2022 17:30:01 
Duration Download Forstok 12.904195070267 Detik
Duration Looping 500 Data 148.00700306892 Detik 
Tanggal: 14-06-2022 17:35:01 
Duration Download Forstok 18.973529100418 Detik
Duration Looping 500 Data 153.12814617157 Detik 
Tanggal: 14-06-2022 17:40:01 
Duration Download Forstok 10.691787004471 Detik
Duration Looping 500 Data 148.57765007019 Detik 
Tanggal: 14-06-2022 17:45:01 
Duration Download Forstok 19.093948841095 Detik
Duration Looping 500 Data 153.99647188187 Detik 
Tanggal: 14-06-2022 17:50:01 
Duration Download Forstok 15.087725877762 Detik
Duration Looping 500 Data 150.05783700943 Detik 
Tanggal: 14-06-2022 17:55:01 
Duration Download Forstok 11.902864933014 Detik
Duration Looping 500 Data 142.46367883682 Detik 
Tanggal: 14-06-2022 18:00:01 
Duration Download Forstok 17.213200092316 Detik
Duration Looping 500 Data 151.34254693985 Detik 
Tanggal: 14-06-2022 18:05:01 
Duration Download Forstok 36.132900953293 Detik
Duration Looping 500 Data 170.06654691696 Detik 
Tanggal: 14-06-2022 18:10:01 
Duration Download Forstok 12.792193174362 Detik
Duration Looping 500 Data 141.50202298164 Detik 
Tanggal: 14-06-2022 18:15:01 
Duration Download Forstok 23.31605887413 Detik
Duration Looping 500 Data 152.34558701515 Detik 
Tanggal: 14-06-2022 18:20:01 
Duration Download Forstok 15.507926940918 Detik
Duration Looping 500 Data 150.06089687347 Detik 
Tanggal: 14-06-2022 18:25:01 
Duration Download Forstok 14.502038002014 Detik
Duration Looping 500 Data 151.58200907707 Detik 
Tanggal: 14-06-2022 18:30:01 
Duration Download Forstok 12.844541072845 Detik
Duration Looping 500 Data 145.52973103523 Detik 
Tanggal: 14-06-2022 18:35:01 
Duration Download Forstok 24.462709903717 Detik
Duration Looping 500 Data 163.12991094589 Detik 
Tanggal: 14-06-2022 18:40:01 
Duration Download Forstok 10.845360040665 Detik
Duration Looping 500 Data 143.11635398865 Detik 
Tanggal: 14-06-2022 18:45:01 
Duration Download Forstok 25.526795864105 Detik
Duration Looping 500 Data 157.36895084381 Detik 
Tanggal: 14-06-2022 18:50:01 
Duration Download Forstok 15.5908639431 Detik
Duration Looping 500 Data 156.40235996246 Detik 
Tanggal: 14-06-2022 18:55:02 
Duration Download Forstok 21.886888980865 Detik
Duration Looping 500 Data 159.55497503281 Detik 
Tanggal: 14-06-2022 19:00:01 
Duration Download Forstok 14.108570098877 Detik
Duration Looping 500 Data 151.30053806305 Detik 
Tanggal: 14-06-2022 19:05:01 
Duration Download Forstok 28.734341144562 Detik
Duration Looping 500 Data 169.60819196701 Detik 
Tanggal: 14-06-2022 19:10:01 
Duration Download Forstok 12.968749046326 Detik
Duration Looping 500 Data 179.48492598534 Detik 
Tanggal: 14-06-2022 19:15:01 
Duration Download Forstok 33.129687070847 Detik
Duration Looping 500 Data 163.71346306801 Detik 
Tanggal: 14-06-2022 19:20:01 
Duration Download Forstok 14.926984071732 Detik
Duration Looping 500 Data 148.62159895897 Detik 
Tanggal: 14-06-2022 19:25:01 
Duration Download Forstok 14.263530015945 Detik
Duration Looping 500 Data 150.66902303696 Detik 
Tanggal: 14-06-2022 19:30:01 
Duration Download Forstok 12.41361618042 Detik
Duration Looping 500 Data 151.69197916985 Detik 
Tanggal: 14-06-2022 19:35:01 
Duration Download Forstok 26.942932128906 Detik
Duration Looping 500 Data 157.86619305611 Detik 
Tanggal: 14-06-2022 19:40:01 
Duration Download Forstok 13.584020853043 Detik
Duration Looping 500 Data 146.88934278488 Detik 
Tanggal: 14-06-2022 19:45:01 
Duration Download Forstok 16.322978019714 Detik
Duration Looping 500 Data 146.88077306747 Detik 
Tanggal: 14-06-2022 19:50:01 
Duration Download Forstok 14.14958691597 Detik
Duration Looping 500 Data 148.01664495468 Detik 
Tanggal: 14-06-2022 19:55:01 
Duration Download Forstok 17.158337831497 Detik
Duration Looping 500 Data 149.67414689064 Detik 
Tanggal: 14-06-2022 20:00:01 
Duration Download Forstok 17.45005106926 Detik
Duration Looping 500 Data 152.42771697044 Detik 
Tanggal: 14-06-2022 20:05:01 
Duration Download Forstok 27.092334985733 Detik
Duration Looping 500 Data 168.72376513481 Detik 
Tanggal: 14-06-2022 20:10:01 
Duration Download Forstok 11.961410999298 Detik
Duration Looping 500 Data 149.40287399292 Detik 
Tanggal: 14-06-2022 20:15:01 
Duration Download Forstok 23.787997961044 Detik
Duration Looping 500 Data 165.72595000267 Detik 
Tanggal: 14-06-2022 20:20:01 
Duration Download Forstok 15.500049114227 Detik
Duration Looping 500 Data 150.05291104317 Detik 
Tanggal: 14-06-2022 20:25:01 
Duration Download Forstok 11.110548019409 Detik
Duration Looping 500 Data 142.08168101311 Detik 
Tanggal: 14-06-2022 20:30:01 
Duration Download Forstok 16.633327007294 Detik
Duration Looping 500 Data 152.0995850563 Detik 
Tanggal: 14-06-2022 20:35:01 
Duration Download Forstok 17.48060798645 Detik
Duration Looping 500 Data 152.68890309334 Detik 
Tanggal: 14-06-2022 20:40:01 
Duration Download Forstok 12.131587028503 Detik
Duration Looping 500 Data 146.4087100029 Detik 
Tanggal: 14-06-2022 20:45:01 
Duration Download Forstok 22.166805028915 Detik
Duration Looping 500 Data 157.70824790001 Detik 
Tanggal: 14-06-2022 20:50:01 
Duration Download Forstok 16.571712017059 Detik
Duration Looping 500 Data 149.38610219955 Detik 
Tanggal: 14-06-2022 20:55:02 
Duration Download Forstok 15.733320951462 Detik
Duration Looping 500 Data 148.3648788929 Detik 
Tanggal: 14-06-2022 21:00:01 
Duration Download Forstok 14.492378950119 Detik
Duration Looping 500 Data 157.85985398293 Detik 
Tanggal: 14-06-2022 21:05:01 
Duration Download Forstok 31.596905946732 Detik
Duration Looping 500 Data 171.28514695168 Detik 
Tanggal: 14-06-2022 21:10:01 
Duration Download Forstok 15.271561861038 Detik
Duration Looping 500 Data 151.14861798286 Detik 
Tanggal: 14-06-2022 21:15:01 
Duration Download Forstok 14.475903987885 Detik
Duration Looping 500 Data 153.44313502312 Detik 
Tanggal: 14-06-2022 21:20:01 
Duration Download Forstok 17.188961982727 Detik
Duration Looping 500 Data 154.95609998703 Detik 
Tanggal: 14-06-2022 21:25:02 
Duration Download Forstok 14.750553846359 Detik
Duration Looping 500 Data 149.37048983574 Detik 
Tanggal: 14-06-2022 21:30:01 
Duration Download Forstok 13.320036888123 Detik
Duration Looping 500 Data 150.47034597397 Detik 
Tanggal: 14-06-2022 21:35:01 
Duration Download Forstok 14.10102391243 Detik
Duration Looping 500 Data 150.97905802727 Detik 
Tanggal: 14-06-2022 21:40:01 
Duration Download Forstok 15.05261015892 Detik
Duration Looping 500 Data 150.9451751709 Detik 
Tanggal: 14-06-2022 21:45:01 
Duration Download Forstok 25.751096963882 Detik
Duration Looping 500 Data 156.50518083572 Detik 
Tanggal: 14-06-2022 21:50:01 
Duration Download Forstok 12.729861021042 Detik
Duration Looping 500 Data 145.84554886818 Detik 
Tanggal: 14-06-2022 21:55:01 
Duration Download Forstok 11.342159032822 Detik
Duration Looping 500 Data 149.87791705132 Detik 
Tanggal: 14-06-2022 22:00:01 
Duration Download Forstok 12.288158178329 Detik
Duration Looping 500 Data 145.65048503876 Detik 
Tanggal: 14-06-2022 22:05:01 
Duration Download Forstok 28.319103002548 Detik
Duration Looping 500 Data 165.2030980587 Detik 
Tanggal: 14-06-2022 22:10:01 
Duration Download Forstok 13.646602153778 Detik
Duration Looping 500 Data 153.52410817146 Detik 
Tanggal: 14-06-2022 22:15:01 
Duration Download Forstok 14.02065205574 Detik
Duration Looping 500 Data 145.59141087532 Detik 
Tanggal: 14-06-2022 22:20:01 
Duration Download Forstok 10.868108987808 Detik
Duration Looping 500 Data 144.29584503174 Detik 
Tanggal: 14-06-2022 22:25:01 
Duration Download Forstok 12.848954916 Detik
Duration Looping 500 Data 152.51700687408 Detik 
Tanggal: 14-06-2022 22:30:01 
Duration Download Forstok 13.767463207245 Detik
Duration Looping 500 Data 140.73377919197 Detik 
Tanggal: 14-06-2022 22:35:01 
Duration Download Forstok 21.10809803009 Detik
Duration Looping 500 Data 152.14944696426 Detik 
Tanggal: 14-06-2022 22:40:01 
Duration Download Forstok 17.611613988876 Detik
Duration Looping 500 Data 147.97240400314 Detik 
Tanggal: 14-06-2022 22:45:01 
Duration Download Forstok 25.030753135681 Detik
Duration Looping 500 Data 155.7044570446 Detik 
Tanggal: 14-06-2022 22:50:01 
Duration Download Forstok 14.791918039322 Detik
Duration Looping 500 Data 147.32180905342 Detik 
Tanggal: 14-06-2022 22:55:01 
Duration Download Forstok 25.751555919647 Detik
Duration Looping 500 Data 155.94501280785 Detik 
Tanggal: 14-06-2022 23:00:01 
Duration Download Forstok 15.078667163849 Detik
Duration Looping 500 Data 145.94247412682 Detik 
Tanggal: 14-06-2022 23:05:01 
Duration Download Forstok 23.732038974762 Detik
Duration Looping 500 Data 154.87816905975 Detik 
Tanggal: 14-06-2022 23:10:01 
Duration Download Forstok 59.480710983276 Detik
Tanggal: 14-06-2022 23:15:02 
Duration Download Forstok 16.69053196907 Detik
Duration Looping 500 Data 150.92080116272 Detik 
Tanggal: 14-06-2022 23:20:01 
Duration Download Forstok 13.637614011765 Detik
Duration Looping 500 Data 139.68238282204 Detik 
Tanggal: 14-06-2022 23:25:01 
Duration Download Forstok 10.422533988953 Detik
Duration Looping 500 Data 143.02981495857 Detik 
Tanggal: 14-06-2022 23:30:01 
Duration Download Forstok 12.01723408699 Detik
Duration Looping 500 Data 150.34443712234 Detik 
Tanggal: 14-06-2022 23:35:01 
Duration Download Forstok 18.155351877213 Detik
Duration Looping 500 Data 148.48586988449 Detik 
Tanggal: 14-06-2022 23:40:01 
Duration Download Forstok 13.573547124863 Detik
Duration Looping 500 Data 138.55432891846 Detik 
Tanggal: 14-06-2022 23:45:01 
Duration Download Forstok 19.475342035294 Detik
Duration Looping 500 Data 145.78064990044 Detik 
Tanggal: 14-06-2022 23:50:01 
Duration Download Forstok 11.24835395813 Detik
Duration Looping 500 Data 142.28783082962 Detik 
Tanggal: 14-06-2022 23:55:01 
Duration Download Forstok 13.241081953049 Detik
Duration Looping 500 Data 138.32763004303 Detik 
