Tanggal: 23-05-2022 00:00:01 
Duration Download Forstok 9.5998589992523 Detik
Duration Looping 500 Data 607.7617650032 Detik 
Total Duration 607.76274204254 Detik 
------------------------- 
Tanggal: 23-05-2022 00:15:01 
Duration Download Forstok 27.436411857605 Detik
Duration Looping 500 Data 154.93714594841 Detik 
Total Duration 154.93726086617 Detik 
------------------------- 
Tanggal: 23-05-2022 00:20:01 
Duration Download Forstok 11.936065912247 Detik
Duration Looping 500 Data 143.01318693161 Detik 
Total Duration 143.01663184166 Detik 
------------------------- 
Tanggal: 23-05-2022 00:25:01 
Duration Download Forstok 10.007164955139 Detik
Duration Looping 500 Data 138.79898905754 Detik 
Total Duration 138.79912805557 Detik 
------------------------- 
Tanggal: 23-05-2022 00:30:01 
Duration Download Forstok 12.608690023422 Detik
Duration Looping 500 Data 137.8666779995 Detik 
Total Duration 137.86679816246 Detik 
------------------------- 
Tanggal: 23-05-2022 00:35:01 
Duration Download Forstok 18.945698976517 Detik
Duration Looping 500 Data 151.10186219215 Detik 
Total Duration 151.10199713707 Detik 
------------------------- 
Tanggal: 23-05-2022 00:40:01 
Duration Download Forstok 13.117221832275 Detik
Duration Looping 500 Data 136.537722826 Detik 
Total Duration 136.53784894943 Detik 
------------------------- 
Tanggal: 23-05-2022 00:45:01 
Duration Download Forstok 14.176244020462 Detik
Duration Looping 500 Data 168.37382912636 Detik 
Total Duration 168.37394309044 Detik 
------------------------- 
Tanggal: 23-05-2022 00:50:01 
Duration Download Forstok 11.659701108932 Detik
Duration Looping 500 Data 135.88847517967 Detik 
Total Duration 135.88862514496 Detik 
------------------------- 
Tanggal: 23-05-2022 00:55:01 
Duration Download Forstok 11.262839078903 Detik
Duration Looping 500 Data 144.94530200958 Detik 
Total Duration 144.94542598724 Detik 
------------------------- 
Tanggal: 23-05-2022 01:00:01 
Duration Download Forstok 14.828957796097 Detik
Duration Looping 500 Data 140.73924779892 Detik 
Total Duration 140.73936986923 Detik 
------------------------- 
Tanggal: 23-05-2022 01:05:01 
Duration Download Forstok 24.447149991989 Detik
Duration Looping 500 Data 154.56867599487 Detik 
Total Duration 154.56883311272 Detik 
------------------------- 
Tanggal: 23-05-2022 01:10:01 
Duration Download Forstok 12.667713165283 Detik
Duration Looping 500 Data 148.61738014221 Detik 
Total Duration 148.61751317978 Detik 
------------------------- 
Tanggal: 23-05-2022 01:15:01 
Duration Download Forstok 15.522073984146 Detik
Duration Looping 500 Data 138.58516097069 Detik 
Total Duration 138.5852959156 Detik 
------------------------- 
Tanggal: 23-05-2022 01:20:01 
Duration Download Forstok 10.366024017334 Detik
Duration Looping 500 Data 138.84252905846 Detik 
Total Duration 138.84265518188 Detik 
------------------------- 
Tanggal: 23-05-2022 01:25:01 
Duration Download Forstok 12.008545875549 Detik
Duration Looping 500 Data 136.1457669735 Detik 
Total Duration 136.14590096474 Detik 
------------------------- 
Tanggal: 23-05-2022 01:30:01 
Duration Download Forstok 12.879387140274 Detik
Duration Looping 500 Data 136.31967306137 Detik 
Total Duration 136.31978797913 Detik 
------------------------- 
Tanggal: 23-05-2022 01:35:01 
Duration Download Forstok 21.254481077194 Detik
Duration Looping 500 Data 142.3755569458 Detik 
Total Duration 142.37566709518 Detik 
------------------------- 
Tanggal: 23-05-2022 01:40:01 
Duration Download Forstok 10.391062021255 Detik
Duration Looping 500 Data 141.65055608749 Detik 
Total Duration 141.65067100525 Detik 
------------------------- 
Tanggal: 23-05-2022 01:45:01 
Duration Download Forstok 17.386033058167 Detik
Duration Looping 500 Data 144.85021400452 Detik 
Total Duration 144.85033512115 Detik 
------------------------- 
Tanggal: 23-05-2022 01:50:01 
Duration Download Forstok 11.590085029602 Detik
Duration Looping 500 Data 139.69991803169 Detik 
Total Duration 139.70003890991 Detik 
------------------------- 
Tanggal: 23-05-2022 01:55:01 
Duration Download Forstok 10.855018138885 Detik
Duration Looping 500 Data 137.47599411011 Detik 
Total Duration 137.47610998154 Detik 
------------------------- 
Tanggal: 23-05-2022 02:00:01 
Duration Download Forstok 12.272732973099 Detik
Duration Looping 500 Data 140.41912293434 Detik 
Total Duration 140.41925001144 Detik 
------------------------- 
Tanggal: 23-05-2022 02:05:01 
Duration Download Forstok 32.912899971008 Detik
Duration Looping 500 Data 158.51140379906 Detik 
Total Duration 158.51153492928 Detik 
------------------------- 
Tanggal: 23-05-2022 02:10:01 
Duration Download Forstok 11.470436096191 Detik
Duration Looping 500 Data 139.77385997772 Detik 
Total Duration 139.77397704124 Detik 
------------------------- 
Tanggal: 23-05-2022 02:15:01 
Duration Download Forstok 13.608686923981 Detik
Duration Looping 500 Data 141.42642092705 Detik 
Total Duration 141.42659687996 Detik 
------------------------- 
Tanggal: 23-05-2022 02:20:01 
Duration Download Forstok 10.190623044968 Detik
Duration Looping 500 Data 135.79459118843 Detik 
Total Duration 135.79470300674 Detik 
------------------------- 
Tanggal: 23-05-2022 02:25:02 
Duration Download Forstok 9.6648650169373 Detik
Duration Looping 500 Data 134.87632799149 Detik 
Total Duration 134.87644314766 Detik 
------------------------- 
Tanggal: 23-05-2022 02:30:01 
Duration Download Forstok 10.164994955063 Detik
Duration Looping 500 Data 134.54792499542 Detik 
Total Duration 134.54804396629 Detik 
------------------------- 
Tanggal: 23-05-2022 02:35:01 
Duration Download Forstok 15.272032976151 Detik
Duration Looping 500 Data 143.49365091324 Detik 
Total Duration 143.49376797676 Detik 
------------------------- 
Tanggal: 23-05-2022 02:40:01 
Duration Download Forstok 11.585730075836 Detik
Duration Looping 500 Data 137.57252192497 Detik 
Total Duration 137.57264113426 Detik 
------------------------- 
Tanggal: 23-05-2022 02:45:01 
Duration Download Forstok 18.483191013336 Detik
Duration Looping 500 Data 139.93724489212 Detik 
Total Duration 139.93737196922 Detik 
------------------------- 
Tanggal: 23-05-2022 02:50:01 
Duration Download Forstok 10.498160839081 Detik
Duration Looping 500 Data 137.14816689491 Detik 
Total Duration 137.14828681946 Detik 
------------------------- 
Tanggal: 23-05-2022 02:55:01 
Duration Download Forstok 13.051352977753 Detik
Duration Looping 500 Data 134.6096830368 Detik 
Total Duration 134.60980200768 Detik 
------------------------- 
Tanggal: 23-05-2022 03:00:01 
Duration Download Forstok 11.103547096252 Detik
Duration Looping 500 Data 147.42119598389 Detik 
Total Duration 147.42130899429 Detik 
------------------------- 
Tanggal: 23-05-2022 03:05:01 
Duration Download Forstok 24.984050035477 Detik
Duration Looping 500 Data 155.91899704933 Detik 
Total Duration 155.91911292076 Detik 
------------------------- 
Tanggal: 23-05-2022 03:10:01 
Duration Download Forstok 11.88392996788 Detik
Duration Looping 500 Data 147.34991908073 Detik 
Total Duration 147.35004901886 Detik 
------------------------- 
Tanggal: 23-05-2022 03:15:01 
Duration Download Forstok 17.237354040146 Detik
Duration Looping 500 Data 156.67351102829 Detik 
Total Duration 156.67362689972 Detik 
------------------------- 
Tanggal: 23-05-2022 03:20:01 
Duration Download Forstok 14.056785106659 Detik
Duration Looping 500 Data 141.2284450531 Detik 
Total Duration 141.22856211662 Detik 
------------------------- 
Tanggal: 23-05-2022 03:25:01 
Duration Download Forstok 10.071596860886 Detik
Duration Looping 500 Data 132.18661785126 Detik 
Total Duration 132.18673491478 Detik 
------------------------- 
Tanggal: 23-05-2022 03:30:01 
Duration Download Forstok 10.332768917084 Detik
Duration Looping 500 Data 134.34160208702 Detik 
Total Duration 134.34171009064 Detik 
------------------------- 
Tanggal: 23-05-2022 03:35:01 
Duration Download Forstok 13.587937831879 Detik
Duration Looping 500 Data 143.00495481491 Detik 
Total Duration 143.00506687164 Detik 
------------------------- 
Tanggal: 23-05-2022 03:40:01 
Duration Download Forstok 9.7486338615417 Detik
Duration Looping 500 Data 133.83900785446 Detik 
Total Duration 133.83912086487 Detik 
------------------------- 
Tanggal: 23-05-2022 03:45:01 
Duration Download Forstok 19.960972070694 Detik
Duration Looping 500 Data 155.46557402611 Detik 
Total Duration 155.46569013596 Detik 
------------------------- 
Tanggal: 23-05-2022 03:50:01 
Duration Download Forstok 10.505664825439 Detik
Duration Looping 500 Data 140.56811690331 Detik 
Total Duration 140.5682349205 Detik 
------------------------- 
Tanggal: 23-05-2022 03:55:01 
Duration Download Forstok 8.9290499687195 Detik
Duration Looping 500 Data 133.79148387909 Detik 
Total Duration 133.79160189629 Detik 
------------------------- 
Tanggal: 23-05-2022 04:00:01 
Duration Download Forstok 17.018828868866 Detik
Duration Looping 500 Data 152.82312989235 Detik 
Total Duration 152.82324194908 Detik 
------------------------- 
Tanggal: 23-05-2022 04:05:01 
Duration Download Forstok 28.064794063568 Detik
Duration Looping 500 Data 155.73937487602 Detik 
Total Duration 155.73948693275 Detik 
------------------------- 
Tanggal: 23-05-2022 04:10:01 
Duration Download Forstok 9.5063729286194 Detik
Duration Looping 500 Data 138.14734601974 Detik 
Total Duration 138.14746999741 Detik 
------------------------- 
Tanggal: 23-05-2022 04:15:01 
Duration Download Forstok 13.418241024017 Detik
Duration Looping 500 Data 136.17060399055 Detik 
Total Duration 136.17073893547 Detik 
------------------------- 
Tanggal: 23-05-2022 04:20:01 
Duration Download Forstok 10.645664930344 Detik
Duration Looping 500 Data 134.92653512955 Detik 
Total Duration 134.92664504051 Detik 
------------------------- 
Tanggal: 23-05-2022 04:25:01 
Duration Download Forstok 10.055604934692 Detik
Duration Looping 500 Data 145.1213850975 Detik 
Total Duration 145.1215069294 Detik 
------------------------- 
Tanggal: 23-05-2022 04:30:01 
Duration Download Forstok 9.2547788619995 Detik
Duration Looping 500 Data 137.18989682198 Detik 
Total Duration 137.19002485275 Detik 
------------------------- 
Tanggal: 23-05-2022 04:35:01 
Duration Download Forstok 14.843616008759 Detik
Duration Looping 500 Data 142.63910412788 Detik 
Total Duration 142.63922715187 Detik 
------------------------- 
Tanggal: 23-05-2022 04:40:01 
Duration Download Forstok 12.410891056061 Detik
Duration Looping 500 Data 143.04303193092 Detik 
Total Duration 143.04315114021 Detik 
------------------------- 
Tanggal: 23-05-2022 04:45:01 
Duration Download Forstok 17.015747070312 Detik
Duration Looping 500 Data 143.1667201519 Detik 
Total Duration 143.16684603691 Detik 
------------------------- 
Tanggal: 23-05-2022 04:50:01 
Duration Download Forstok 11.241445064545 Detik
Duration Looping 500 Data 143.62927222252 Detik 
Total Duration 143.6293900013 Detik 
------------------------- 
Tanggal: 23-05-2022 04:55:01 
Duration Download Forstok 9.8988869190216 Detik
Duration Looping 500 Data 155.40926194191 Detik 
Total Duration 155.40938711166 Detik 
------------------------- 
Tanggal: 23-05-2022 05:00:01 
Duration Download Forstok 11.724763154984 Detik
Duration Looping 500 Data 137.4295129776 Detik 
Total Duration 137.42963504791 Detik 
------------------------- 
Tanggal: 23-05-2022 05:05:01 
Duration Download Forstok 26.743522167206 Detik
Duration Looping 500 Data 151.64747905731 Detik 
Total Duration 151.64759802818 Detik 
------------------------- 
Tanggal: 23-05-2022 05:10:01 
Duration Download Forstok 11.560419082642 Detik
Duration Looping 500 Data 139.86105203629 Detik 
Total Duration 139.86119294167 Detik 
------------------------- 
Tanggal: 23-05-2022 05:15:01 
Duration Download Forstok 14.9948117733 Detik
Duration Looping 500 Data 173.22710585594 Detik 
Total Duration 173.22722887993 Detik 
------------------------- 
Tanggal: 23-05-2022 05:20:01 
Duration Download Forstok 11.125640153885 Detik
Duration Looping 500 Data 140.43965911865 Detik 
Total Duration 140.43980622292 Detik 
------------------------- 
Tanggal: 23-05-2022 05:25:01 
Duration Download Forstok 10.266928911209 Detik
Duration Looping 500 Data 133.2684378624 Detik 
Total Duration 133.26866793633 Detik 
------------------------- 
Tanggal: 23-05-2022 05:30:02 
Duration Download Forstok 8.4497299194336 Detik
Duration Looping 500 Data 136.20496082306 Detik 
Total Duration 136.20507693291 Detik 
------------------------- 
Tanggal: 23-05-2022 05:35:01 
Duration Download Forstok 13.092947006226 Detik
Duration Looping 500 Data 139.30957984924 Detik 
Total Duration 139.30969786644 Detik 
------------------------- 
Tanggal: 23-05-2022 05:40:01 
Duration Download Forstok 11.962462186813 Detik
Duration Looping 500 Data 146.0045940876 Detik 
Total Duration 146.00474309921 Detik 
------------------------- 
Tanggal: 23-05-2022 05:45:01 
Duration Download Forstok 13.854495048523 Detik
Duration Looping 500 Data 140.71560406685 Detik 
Total Duration 140.71571207047 Detik 
------------------------- 
Tanggal: 23-05-2022 05:50:01 
Duration Download Forstok 10.130635023117 Detik
Duration Looping 500 Data 136.90874195099 Detik 
Total Duration 136.90885901451 Detik 
------------------------- 
Tanggal: 23-05-2022 05:55:02 
Duration Download Forstok 8.961168050766 Detik
Duration Looping 500 Data 147.83341598511 Detik 
Total Duration 147.83353996277 Detik 
------------------------- 
Tanggal: 23-05-2022 06:00:01 
Duration Download Forstok 11.646047115326 Detik
Duration Looping 500 Data 139.63881802559 Detik 
Total Duration 139.63894104958 Detik 
------------------------- 
Tanggal: 23-05-2022 06:05:01 
Duration Download Forstok 21.182838916779 Detik
Duration Looping 500 Data 152.57286906242 Detik 
Total Duration 152.57299184799 Detik 
------------------------- 
Tanggal: 23-05-2022 06:10:01 
Duration Download Forstok 10.515472888947 Detik
Duration Looping 500 Data 137.76419997215 Detik 
Total Duration 137.76432204247 Detik 
------------------------- 
Tanggal: 23-05-2022 06:15:02 
Duration Download Forstok 11.751752853394 Detik
Duration Looping 500 Data 140.09034705162 Detik 
Total Duration 140.09049892426 Detik 
------------------------- 
Tanggal: 23-05-2022 06:20:01 
Duration Download Forstok 10.283168077469 Detik
Duration Looping 500 Data 133.51402521133 Detik 
Total Duration 133.51414012909 Detik 
------------------------- 
Tanggal: 23-05-2022 06:25:01 
Duration Download Forstok 9.3506419658661 Detik
Duration Looping 500 Data 142.54451489449 Detik 
Total Duration 142.54463291168 Detik 
------------------------- 
Tanggal: 23-05-2022 06:30:02 
Duration Download Forstok 12.490128040314 Detik
Duration Looping 500 Data 139.74272298813 Detik 
Total Duration 139.74284315109 Detik 
------------------------- 
Tanggal: 23-05-2022 06:35:01 
Duration Download Forstok 14.162321090698 Detik
Duration Looping 500 Data 137.96993613243 Detik 
Total Duration 137.97006011009 Detik 
------------------------- 
Tanggal: 23-05-2022 06:40:01 
Duration Download Forstok 11.020459890366 Detik
Duration Looping 500 Data 141.32010507584 Detik 
Total Duration 141.32022404671 Detik 
------------------------- 
Tanggal: 23-05-2022 06:45:01 
Duration Download Forstok 16.199919939041 Detik
Duration Looping 500 Data 140.47466111183 Detik 
Total Duration 140.47480106354 Detik 
------------------------- 
Tanggal: 23-05-2022 06:50:02 
Duration Download Forstok 10.331108808517 Detik
Duration Looping 500 Data 139.9132578373 Detik 
Total Duration 139.91337490082 Detik 
------------------------- 
Tanggal: 23-05-2022 06:55:01 
Duration Download Forstok 8.4746170043945 Detik
Duration Looping 500 Data 131.81795191765 Detik 
Total Duration 131.81807303429 Detik 
------------------------- 
Tanggal: 23-05-2022 07:00:01 
Duration Download Forstok 11.261699914932 Detik
Duration Looping 500 Data 138.2362909317 Detik 
Total Duration 138.23641300201 Detik 
------------------------- 
Tanggal: 23-05-2022 07:05:01 
Duration Download Forstok 21.871243000031 Detik
Duration Looping 500 Data 150.38449311256 Detik 
Total Duration 150.38461399078 Detik 
------------------------- 
Tanggal: 23-05-2022 07:10:01 
Duration Download Forstok 9.7140009403229 Detik
Duration Looping 500 Data 142.88375306129 Detik 
Total Duration 142.88390898705 Detik 
------------------------- 
Tanggal: 23-05-2022 07:15:01 
Duration Download Forstok 15.136444091797 Detik
Duration Looping 500 Data 137.93424892426 Detik 
Total Duration 137.93439698219 Detik 
------------------------- 
Tanggal: 23-05-2022 07:20:01 
Duration Download Forstok 9.2976429462433 Detik
Duration Looping 500 Data 135.71423602104 Detik 
Total Duration 135.71434903145 Detik 
------------------------- 
Tanggal: 23-05-2022 07:25:01 
Duration Download Forstok 8.7514419555664 Detik
Duration Looping 500 Data 140.88456606865 Detik 
Total Duration 140.88468694687 Detik 
------------------------- 
Tanggal: 23-05-2022 07:30:01 
Duration Download Forstok 10.28354382515 Detik
Duration Looping 500 Data 136.20045185089 Detik 
Total Duration 136.20056796074 Detik 
------------------------- 
Tanggal: 23-05-2022 07:35:01 
Duration Download Forstok 17.530390024185 Detik
Duration Looping 500 Data 140.56739020348 Detik 
Total Duration 140.56751012802 Detik 
------------------------- 
Tanggal: 23-05-2022 07:40:01 
Duration Download Forstok 12.714375019073 Detik
Duration Looping 500 Data 138.73831486702 Detik 
Total Duration 138.73843002319 Detik 
------------------------- 
Tanggal: 23-05-2022 07:45:02 
Duration Download Forstok 12.147114992142 Detik
Duration Looping 500 Data 132.82185697556 Detik 
Total Duration 132.82197403908 Detik 
------------------------- 
Tanggal: 23-05-2022 07:50:01 
Duration Download Forstok 8.7621440887451 Detik
Duration Looping 500 Data 130.97051906586 Detik 
Total Duration 130.97064113617 Detik 
------------------------- 
Tanggal: 23-05-2022 07:55:01 
Duration Download Forstok 9.0648639202118 Detik
Duration Looping 500 Data 130.23992395401 Detik 
Total Duration 130.24005103111 Detik 
------------------------- 
Tanggal: 23-05-2022 08:00:01 
Duration Download Forstok 17.939839839935 Detik
Duration Looping 500 Data 154.09465003014 Detik 
Total Duration 154.09477591515 Detik 
------------------------- 
Tanggal: 23-05-2022 08:05:01 
Duration Download Forstok 23.625578165054 Detik
Duration Looping 500 Data 154.60286521912 Detik 
Total Duration 154.60300803185 Detik 
------------------------- 
Tanggal: 23-05-2022 08:10:01 
Duration Download Forstok 8.6680240631104 Detik
Duration Looping 500 Data 143.19886398315 Detik 
Total Duration 143.19899702072 Detik 
------------------------- 
Tanggal: 23-05-2022 08:15:01 
Duration Download Forstok 12.780685901642 Detik
Duration Looping 500 Data 140.96279788017 Detik 
Total Duration 140.96292090416 Detik 
------------------------- 
Tanggal: 23-05-2022 08:20:01 
Duration Download Forstok 10.654708147049 Detik
Duration Looping 500 Data 144.05206513405 Detik 
Total Duration 144.05218601227 Detik 
------------------------- 
Tanggal: 23-05-2022 08:25:01 
Duration Download Forstok 10.689932823181 Detik
Duration Looping 500 Data 141.61025595665 Detik 
Total Duration 141.61037898064 Detik 
------------------------- 
Tanggal: 23-05-2022 08:30:01 
Duration Download Forstok 17.834732055664 Detik
Duration Looping 500 Data 156.82233214378 Detik 
Total Duration 156.82245111465 Detik 
------------------------- 
Tanggal: 23-05-2022 08:35:01 
Duration Download Forstok 12.91153717041 Detik
Duration Looping 500 Data 154.94371700287 Detik 
Total Duration 154.94384217262 Detik 
------------------------- 
Tanggal: 23-05-2022 08:40:01 
Duration Download Forstok 14.861613988876 Detik
Duration Looping 500 Data 168.62461209297 Detik 
Total Duration 168.62472510338 Detik 
------------------------- 
Tanggal: 23-05-2022 08:45:01 
Duration Download Forstok 15.192224979401 Detik
Duration Looping 500 Data 171.86806201935 Detik 
Total Duration 171.86818504333 Detik 
------------------------- 
Tanggal: 23-05-2022 08:50:01 
Duration Download Forstok 10.50519490242 Detik
Duration Looping 500 Data 152.89169883728 Detik 
Total Duration 152.89182305336 Detik 
------------------------- 
Tanggal: 23-05-2022 08:55:01 
Duration Download Forstok 11.120898008347 Detik
Duration Looping 500 Data 149.83112192154 Detik 
Total Duration 149.83122205734 Detik 
------------------------- 
Tanggal: 23-05-2022 09:00:01 
Duration Download Forstok 11.117462158203 Detik
Duration Looping 500 Data 148.97094917297 Detik 
Total Duration 148.97108697891 Detik 
------------------------- 
Tanggal: 23-05-2022 09:05:01 
Duration Download Forstok 22.445621967316 Detik
Duration Looping 500 Data 162.30503892899 Detik 
Total Duration 162.30516004562 Detik 
------------------------- 
Tanggal: 23-05-2022 09:10:01 
Duration Download Forstok 11.458126068115 Detik
Duration Looping 500 Data 151.16902589798 Detik 
Total Duration 151.16919207573 Detik 
------------------------- 
Tanggal: 23-05-2022 09:15:01 
Duration Download Forstok 14.312860965729 Detik
Duration Looping 500 Data 157.64521002769 Detik 
Total Duration 157.6452999115 Detik 
------------------------- 
Tanggal: 23-05-2022 09:20:01 
Duration Download Forstok 11.418142795563 Detik
Duration Looping 500 Data 161.56713581085 Detik 
Total Duration 161.56724882126 Detik 
------------------------- 
Tanggal: 23-05-2022 09:25:02 
Duration Download Forstok 9.9327409267426 Detik
Duration Looping 500 Data 150.34849905968 Detik 
Total Duration 150.34866189957 Detik 
------------------------- 
Tanggal: 23-05-2022 09:30:01 
Duration Download Forstok 9.6632030010223 Detik
Duration Looping 500 Data 160.23809289932 Detik 
Total Duration 160.23821902275 Detik 
------------------------- 
Tanggal: 23-05-2022 09:35:01 
Duration Download Forstok 23.00147986412 Detik
Duration Looping 500 Data 168.31028079987 Detik 
Total Duration 168.31037783623 Detik 
------------------------- 
Tanggal: 23-05-2022 09:40:01 
Duration Download Forstok 10.496400117874 Detik
Duration Looping 500 Data 149.40786504745 Detik 
Total Duration 149.40797805786 Detik 
------------------------- 
Tanggal: 23-05-2022 09:45:01 
Duration Download Forstok 10.498060941696 Detik
Duration Looping 500 Data 151.62140107155 Detik 
Total Duration 151.62150406837 Detik 
------------------------- 
Tanggal: 23-05-2022 09:50:01 
Duration Download Forstok 13.325662851334 Detik
Duration Looping 500 Data 155.45505976677 Detik 
Total Duration 155.45518493652 Detik 
------------------------- 
Tanggal: 23-05-2022 09:55:01 
Duration Download Forstok 10.383646011353 Detik
Duration Looping 500 Data 152.54743099213 Detik 
Total Duration 152.54753494263 Detik 
------------------------- 
Tanggal: 23-05-2022 10:00:01 
Duration Download Forstok 13.472414016724 Detik
Duration Looping 500 Data 153.40710496902 Detik 
Total Duration 153.4072239399 Detik 
------------------------- 
Tanggal: 23-05-2022 10:05:01 
Duration Download Forstok 27.233497142792 Detik
Duration Looping 500 Data 167.49577212334 Detik 
Total Duration 167.49587917328 Detik 
------------------------- 
Tanggal: 23-05-2022 10:10:01 
Duration Download Forstok 11.940891027451 Detik
Duration Looping 500 Data 162.96095180511 Detik 
Total Duration 162.96105694771 Detik 
------------------------- 
Tanggal: 23-05-2022 10:15:01 
Duration Download Forstok 17.904145002365 Detik
Duration Looping 500 Data 160.99612092972 Detik 
Total Duration 160.99650788307 Detik 
------------------------- 
Tanggal: 23-05-2022 10:20:01 
Duration Download Forstok 12.440825939178 Detik
Duration Looping 500 Data 159.09547901154 Detik 
Total Duration 159.09559297562 Detik 
------------------------- 
Tanggal: 23-05-2022 10:25:01 
Duration Download Forstok 12.37332201004 Detik
Duration Looping 500 Data 148.3251888752 Detik 
Total Duration 148.32527279854 Detik 
------------------------- 
Tanggal: 23-05-2022 10:30:01 
Duration Download Forstok 10.563756942749 Detik
Duration Looping 500 Data 154.68076181412 Detik 
Total Duration 154.68087887764 Detik 
------------------------- 
Tanggal: 23-05-2022 10:35:01 
Duration Download Forstok 37.401811122894 Detik
Duration Looping 500 Data 173.34070611 Detik 
Total Duration 173.34084701538 Detik 
------------------------- 
Tanggal: 23-05-2022 10:40:01 
Duration Download Forstok 13.873517990112 Detik
Duration Looping 500 Data 156.47628498077 Detik 
Total Duration 156.47639203072 Detik 
------------------------- 
Tanggal: 23-05-2022 10:45:01 
Duration Download Forstok 18.851664066315 Detik
Duration Looping 500 Data 155.11583304405 Detik 
Total Duration 155.11595511436 Detik 
------------------------- 
Tanggal: 23-05-2022 10:50:01 
Duration Download Forstok 10.23659992218 Detik
Duration Looping 500 Data 152.70967507362 Detik 
Total Duration 152.70979499817 Detik 
------------------------- 
Tanggal: 23-05-2022 10:55:02 
Duration Download Forstok 14.067528963089 Detik
Duration Looping 500 Data 151.54156088829 Detik 
Total Duration 151.54165792465 Detik 
------------------------- 
Tanggal: 23-05-2022 11:00:01 
Duration Download Forstok 10.929805040359 Detik
Duration Looping 500 Data 156.78411602974 Detik 
Total Duration 156.7842400074 Detik 
------------------------- 
Tanggal: 23-05-2022 11:05:01 
Duration Download Forstok 29.702334880829 Detik
Duration Looping 500 Data 173.11737990379 Detik 
Total Duration 173.11750006676 Detik 
------------------------- 
Tanggal: 23-05-2022 11:10:00 
Duration Download Forstok 10.804702997208 Detik
Duration Looping 500 Data 155.9639210701 Detik 
Total Duration 155.96404600143 Detik 
------------------------- 
Tanggal: 23-05-2022 11:15:01 
Duration Download Forstok 18.196234941483 Detik
Duration Looping 500 Data 163.30555105209 Detik 
Total Duration 163.30565595627 Detik 
------------------------- 
Tanggal: 23-05-2022 11:20:01 
Duration Download Forstok 10.557060003281 Detik
Duration Looping 500 Data 157.95068502426 Detik 
Total Duration 157.95080900192 Detik 
------------------------- 
Tanggal: 23-05-2022 11:25:01 
Duration Download Forstok 10.582191944122 Detik
Duration Looping 500 Data 157.13165092468 Detik 
Total Duration 157.13176393509 Detik 
------------------------- 
Tanggal: 23-05-2022 11:30:01 
Duration Download Forstok 13.132141113281 Detik
Duration Looping 500 Data 167.67218613625 Detik 
Total Duration 167.67230415344 Detik 
------------------------- 
Tanggal: 23-05-2022 11:35:01 
Duration Download Forstok 15.966114044189 Detik
Duration Looping 500 Data 162.2759680748 Detik 
Total Duration 162.27609705925 Detik 
------------------------- 
Tanggal: 23-05-2022 11:40:01 
Duration Download Forstok 12.48220205307 Detik
Duration Looping 500 Data 165.87254309654 Detik 
Total Duration 165.87266492844 Detik 
------------------------- 
Tanggal: 23-05-2022 11:45:01 
Duration Download Forstok 24.315463066101 Detik
Duration Looping 500 Data 168.57926797867 Detik 
Total Duration 168.57940506935 Detik 
------------------------- 
Tanggal: 23-05-2022 11:50:01 
Duration Download Forstok 15.457322120667 Detik
Duration Looping 500 Data 162.30845808983 Detik 
Total Duration 162.30858397484 Detik 
------------------------- 
Tanggal: 23-05-2022 11:55:01 
Duration Download Forstok 9.1410539150238 Detik
Duration Looping 500 Data 149.95276093483 Detik 
Total Duration 149.95288681984 Detik 
------------------------- 
Tanggal: 23-05-2022 12:00:01 
Duration Download Forstok 12.967501878738 Detik
Duration Looping 500 Data 156.97644996643 Detik 
Total Duration 156.97655391693 Detik 
------------------------- 
Tanggal: 23-05-2022 12:05:01 
Duration Download Forstok 20.012284994125 Detik
Duration Looping 500 Data 159.43427014351 Detik 
Total Duration 159.43439412117 Detik 
------------------------- 
Tanggal: 23-05-2022 12:10:01 
Duration Download Forstok 12.133034944534 Detik
Duration Looping 500 Data 158.97293806076 Detik 
Total Duration 158.97307491302 Detik 
------------------------- 
Tanggal: 23-05-2022 12:15:01 
Duration Download Forstok 17.001446008682 Detik
Duration Looping 500 Data 160.033162117 Detik 
Total Duration 160.03328800201 Detik 
------------------------- 
Tanggal: 23-05-2022 12:20:01 
Duration Download Forstok 9.9600880146027 Detik
Duration Looping 500 Data 147.73059296608 Detik 
Total Duration 147.73071908951 Detik 
------------------------- 
Tanggal: 23-05-2022 12:25:01 
Duration Download Forstok 12.194665908813 Detik
Duration Looping 500 Data 146.54815912247 Detik 
Total Duration 146.54829502106 Detik 
------------------------- 
Tanggal: 23-05-2022 12:30:01 
Duration Download Forstok 12.656386852264 Detik
Duration Looping 500 Data 149.30852603912 Detik 
Total Duration 149.3086400032 Detik 
------------------------- 
Tanggal: 23-05-2022 12:35:01 
Duration Download Forstok 16.145895004272 Detik
Duration Looping 500 Data 149.95947885513 Detik 
Total Duration 149.95963096619 Detik 
------------------------- 
Tanggal: 23-05-2022 12:40:01 
Duration Download Forstok 13.540457963943 Detik
Duration Looping 500 Data 152.12842798233 Detik 
Total Duration 152.12854790688 Detik 
------------------------- 
Tanggal: 23-05-2022 12:45:01 
Duration Download Forstok 22.050952911377 Detik
Duration Looping 500 Data 158.43276596069 Detik 
Total Duration 158.432970047 Detik 
------------------------- 
Tanggal: 23-05-2022 12:50:01 
Duration Download Forstok 12.192167043686 Detik
Duration Looping 500 Data 161.30977797508 Detik 
Total Duration 161.30990815163 Detik 
------------------------- 
Tanggal: 23-05-2022 12:55:01 
Duration Download Forstok 14.922900915146 Detik
Duration Looping 500 Data 159.0571269989 Detik 
Total Duration 159.05725097656 Detik 
------------------------- 
Tanggal: 23-05-2022 13:00:01 
Duration Download Forstok 12.018930912018 Detik
Duration Looping 500 Data 151.97652482986 Detik 
Total Duration 151.97665286064 Detik 
------------------------- 
Tanggal: 23-05-2022 13:05:01 
Duration Download Forstok 37.589621067047 Detik
Duration Looping 500 Data 180.64973115921 Detik 
Total Duration 180.64988207817 Detik 
------------------------- 
Tanggal: 23-05-2022 13:10:02 
Duration Download Forstok 14.948731899261 Detik
Duration Looping 500 Data 160.48732209206 Detik 
Total Duration 160.48744797707 Detik 
------------------------- 
Tanggal: 23-05-2022 13:15:01 
Duration Download Forstok 18.377944946289 Detik
Duration Looping 500 Data 159.84713792801 Detik 
Total Duration 159.84724283218 Detik 
------------------------- 
Tanggal: 23-05-2022 13:20:01 
Duration Download Forstok 17.780753850937 Detik
Duration Looping 500 Data 162.67537283897 Detik 
Total Duration 162.67551589012 Detik 
------------------------- 
Tanggal: 23-05-2022 13:25:01 
Duration Download Forstok 15.681436061859 Detik
Duration Looping 500 Data 154.11201810837 Detik 
Total Duration 154.11212921143 Detik 
------------------------- 
Tanggal: 23-05-2022 13:30:01 
Duration Download Forstok 12.928651809692 Detik
Duration Looping 500 Data 158.15699791908 Detik 
Total Duration 158.1571187973 Detik 
------------------------- 
Tanggal: 23-05-2022 13:35:01 
Duration Download Forstok 11.454319000244 Detik
Duration Looping 500 Data 157.00958299637 Detik 
Total Duration 157.00970602036 Detik 
------------------------- 
Tanggal: 23-05-2022 13:40:01 
Duration Download Forstok 11.610105991364 Detik
Duration Looping 500 Data 157.33673882484 Detik 
Total Duration 157.33686184883 Detik 
------------------------- 
Tanggal: 23-05-2022 13:45:01 
Duration Download Forstok 22.338995933533 Detik
Duration Looping 500 Data 164.91776204109 Detik 
Total Duration 164.91787695885 Detik 
------------------------- 
Tanggal: 23-05-2022 13:50:01 
Duration Download Forstok 11.076050043106 Detik
Duration Looping 500 Data 157.41208004951 Detik 
Total Duration 157.4121658802 Detik 
------------------------- 
Tanggal: 23-05-2022 13:55:01 
Duration Download Forstok 17.027763843536 Detik
Duration Looping 500 Data 168.67810201645 Detik 
Total Duration 168.67820692062 Detik 
------------------------- 
Tanggal: 23-05-2022 14:00:01 
Duration Download Forstok 14.845268011093 Detik
Duration Looping 500 Data 158.50670814514 Detik 
Total Duration 158.50683403015 Detik 
------------------------- 
Tanggal: 23-05-2022 14:05:01 
Duration Download Forstok 39.844680070877 Detik
Duration Looping 500 Data 185.54114508629 Detik 
Total Duration 185.54126596451 Detik 
------------------------- 
Tanggal: 23-05-2022 14:10:01 
Duration Download Forstok 20.121570110321 Detik
Duration Looping 500 Data 162.67248606682 Detik 
Total Duration 162.67261314392 Detik 
------------------------- 
Tanggal: 23-05-2022 14:15:01 
Duration Download Forstok 19.81048822403 Detik
Duration Looping 500 Data 165.95828819275 Detik 
Total Duration 165.95840811729 Detik 
------------------------- 
Tanggal: 23-05-2022 14:20:02 
Duration Download Forstok 11.57594704628 Detik
Duration Looping 500 Data 163.11350297928 Detik 
Total Duration 163.11361384392 Detik 
------------------------- 
Tanggal: 23-05-2022 14:25:01 
Duration Download Forstok 18.266472101212 Detik
Duration Looping 500 Data 163.49807906151 Detik 
Total Duration 163.49820399284 Detik 
------------------------- 
Tanggal: 23-05-2022 14:30:01 
Duration Download Forstok 12.423110961914 Detik
Duration Looping 500 Data 164.577917099 Detik 
Total Duration 164.57804608345 Detik 
------------------------- 
Tanggal: 23-05-2022 14:35:01 
Duration Download Forstok 20.103039979935 Detik
Duration Looping 500 Data 167.47195196152 Detik 
Total Duration 167.47209906578 Detik 
------------------------- 
Tanggal: 23-05-2022 14:40:01 
Duration Download Forstok 12.286388874054 Detik
Duration Looping 500 Data 163.432076931 Detik 
Total Duration 163.43223500252 Detik 
------------------------- 
Tanggal: 23-05-2022 14:45:01 
Duration Download Forstok 18.224295139313 Detik
Duration Looping 500 Data 168.58741307259 Detik 
Total Duration 168.58753705025 Detik 
------------------------- 
Tanggal: 23-05-2022 14:50:01 
Duration Download Forstok 12.023631095886 Detik
Duration Looping 500 Data 165.69098901749 Detik 
Total Duration 165.69110012054 Detik 
------------------------- 
Tanggal: 23-05-2022 14:55:02 
Duration Download Forstok 11.729851961136 Detik
Duration Looping 500 Data 162.106539011 Detik 
Total Duration 162.10667109489 Detik 
------------------------- 
Tanggal: 23-05-2022 15:00:01 
Duration Download Forstok 16.686886072159 Detik
Duration Looping 500 Data 179.70960307121 Detik 
Total Duration 179.70973110199 Detik 
------------------------- 
Tanggal: 23-05-2022 15:05:01 
Duration Download Forstok 37.644187927246 Detik
Duration Looping 500 Data 189.0251660347 Detik 
Total Duration 189.02529406548 Detik 
------------------------- 
Tanggal: 23-05-2022 15:10:01 
Duration Download Forstok 27.314278841019 Detik
Duration Looping 500 Data 176.86804890633 Detik 
Total Duration 176.86821889877 Detik 
------------------------- 
Tanggal: 23-05-2022 15:15:01 
Duration Download Forstok 15.092420816422 Detik
Duration Looping 500 Data 167.40277886391 Detik 
Total Duration 167.40290403366 Detik 
------------------------- 
Tanggal: 23-05-2022 15:20:01 
Duration Download Forstok 13.09043097496 Detik
Duration Looping 500 Data 165.33776092529 Detik 
Total Duration 165.33787798882 Detik 
------------------------- 
Tanggal: 23-05-2022 15:25:01 
Duration Download Forstok 17.045256853104 Detik
Duration Looping 500 Data 168.78045082092 Detik 
Total Duration 168.78057694435 Detik 
------------------------- 
Tanggal: 23-05-2022 15:30:01 
Duration Download Forstok 12.421964883804 Detik
Duration Looping 500 Data 166.4149889946 Detik 
Total Duration 166.41510391235 Detik 
------------------------- 
Tanggal: 23-05-2022 15:35:01 
Duration Download Forstok 21.546722888947 Detik
Duration Looping 500 Data 167.67386198044 Detik 
Total Duration 167.67399597168 Detik 
------------------------- 
Tanggal: 23-05-2022 15:40:01 
Duration Download Forstok 13.268816947937 Detik
Duration Looping 500 Data 161.93587684631 Detik 
Total Duration 161.93600392342 Detik 
------------------------- 
Tanggal: 23-05-2022 15:45:01 
Duration Download Forstok 14.482025146484 Detik
Duration Looping 500 Data 165.0268099308 Detik 
Total Duration 165.02692198753 Detik 
------------------------- 
Tanggal: 23-05-2022 15:50:01 
Duration Download Forstok 12.693234920502 Detik
Duration Looping 500 Data 176.72603201866 Detik 
Total Duration 176.72615408897 Detik 
------------------------- 
Tanggal: 23-05-2022 15:55:01 
Duration Download Forstok 12.065416097641 Detik
Duration Looping 500 Data 163.73735713959 Detik 
Total Duration 163.73748493195 Detik 
------------------------- 
Tanggal: 23-05-2022 16:00:01 
Duration Download Forstok 12.26078414917 Detik
Duration Looping 500 Data 169.40128302574 Detik 
Total Duration 169.40141797066 Detik 
------------------------- 
Tanggal: 23-05-2022 16:05:01 
Duration Download Forstok 35.88826084137 Detik
Duration Looping 500 Data 192.89310288429 Detik 
Total Duration 192.8932158947 Detik 
------------------------- 
Tanggal: 23-05-2022 16:10:01 
Duration Download Forstok 15.40071105957 Detik
Duration Looping 500 Data 171.21164989471 Detik 
Total Duration 171.21174383163 Detik 
------------------------- 
Tanggal: 23-05-2022 16:15:01 
Duration Download Forstok 15.735146999359 Detik
Duration Looping 500 Data 166.61387991905 Detik 
Total Duration 166.61401605606 Detik 
------------------------- 
Tanggal: 23-05-2022 16:20:01 
Duration Download Forstok 17.744500875473 Detik
Duration Looping 500 Data 171.16099095345 Detik 
Total Duration 171.16111898422 Detik 
------------------------- 
Tanggal: 23-05-2022 16:25:01 
Duration Download Forstok 10.694945812225 Detik
Duration Looping 500 Data 165.66292595863 Detik 
Total Duration 165.66303682327 Detik 
------------------------- 
Tanggal: 23-05-2022 16:30:01 
Duration Download Forstok 17.946671009064 Detik
Duration Looping 500 Data 170.37334012985 Detik 
Total Duration 170.3734600544 Detik 
------------------------- 
Tanggal: 23-05-2022 16:35:01 
Duration Download Forstok 26.815724134445 Detik
Duration Looping 500 Data 183.03256297112 Detik 
Total Duration 183.03265810013 Detik 
------------------------- 
Tanggal: 23-05-2022 16:40:01 
Duration Download Forstok 11.663733005524 Detik
Duration Looping 500 Data 164.30496501923 Detik 
Total Duration 164.30505514145 Detik 
------------------------- 
Tanggal: 23-05-2022 16:45:01 
Duration Download Forstok 17.571918010712 Detik
Duration Looping 500 Data 173.52990102768 Detik 
Total Duration 173.53001904488 Detik 
------------------------- 
Tanggal: 23-05-2022 16:50:01 
Duration Download Forstok 20.647258996964 Detik
Duration Looping 500 Data 175.8362159729 Detik 
Total Duration 175.83634710312 Detik 
------------------------- 
Tanggal: 23-05-2022 16:55:01 
Duration Download Forstok 12.523324012756 Detik
Duration Looping 500 Data 158.99512600899 Detik 
Total Duration 158.99525380135 Detik 
------------------------- 
Tanggal: 23-05-2022 17:00:01 
Duration Download Forstok 12.665796041489 Detik
Duration Looping 500 Data 166.85366916656 Detik 
Total Duration 166.85379004478 Detik 
------------------------- 
Tanggal: 23-05-2022 17:05:01 
Duration Download Forstok 45.615286827087 Detik
Duration Looping 500 Data 191.34118294716 Detik 
Total Duration 191.34130692482 Detik 
------------------------- 
Tanggal: 23-05-2022 17:10:01 
Duration Download Forstok 12.367825984955 Detik
Duration Looping 500 Data 162.6886370182 Detik 
Total Duration 162.68878293037 Detik 
------------------------- 
Tanggal: 23-05-2022 17:15:01 
Duration Download Forstok 17.888047933578 Detik
Duration Looping 500 Data 160.51552891731 Detik 
Total Duration 160.51566004753 Detik 
------------------------- 
Tanggal: 23-05-2022 17:20:01 
Duration Download Forstok 13.417152881622 Detik
Duration Looping 500 Data 151.7393488884 Detik 
Total Duration 151.73947405815 Detik 
------------------------- 
Tanggal: 23-05-2022 17:25:01 
Duration Download Forstok 11.416934013367 Detik
Duration Looping 500 Data 147.3385591507 Detik 
Total Duration 147.33868408203 Detik 
------------------------- 
Tanggal: 23-05-2022 17:30:01 
Duration Download Forstok 13.061560869217 Detik
Duration Looping 500 Data 150.45317101479 Detik 
Total Duration 150.45329093933 Detik 
------------------------- 
Tanggal: 23-05-2022 17:35:01 
Duration Download Forstok 26.659124851227 Detik
Duration Looping 500 Data 167.57936286926 Detik 
Total Duration 167.57949399948 Detik 
------------------------- 
Tanggal: 23-05-2022 17:40:01 
Duration Download Forstok 19.769307136536 Detik
Duration Looping 500 Data 161.7765891552 Detik 
Total Duration 161.77671599388 Detik 
------------------------- 
Tanggal: 23-05-2022 17:45:01 
Duration Download Forstok 26.197871923447 Detik
Duration Looping 500 Data 163.43436288834 Detik 
Total Duration 163.43449687958 Detik 
------------------------- 
Tanggal: 23-05-2022 17:50:01 
Duration Download Forstok 12.104319095612 Detik
Duration Looping 500 Data 152.45482611656 Detik 
Total Duration 152.45493602753 Detik 
------------------------- 
Tanggal: 23-05-2022 17:55:01 
Duration Download Forstok 11.443114995956 Detik
Duration Looping 500 Data 145.25066494942 Detik 
Total Duration 145.25078988075 Detik 
------------------------- 
Tanggal: 23-05-2022 18:00:01 
Duration Download Forstok 11.442051172256 Detik
Duration Looping 500 Data 146.7601351738 Detik 
Total Duration 146.76025819778 Detik 
------------------------- 
Tanggal: 23-05-2022 18:05:01 
Duration Download Forstok 30.204524993896 Detik
Duration Looping 500 Data 160.88678216934 Detik 
Total Duration 160.88694596291 Detik 
------------------------- 
Tanggal: 23-05-2022 18:10:01 
Duration Download Forstok 15.87624502182 Detik
Duration Looping 500 Data 160.42413496971 Detik 
Total Duration 160.4242579937 Detik 
------------------------- 
Tanggal: 23-05-2022 18:15:01 
Duration Download Forstok 19.137727975845 Detik
Duration Looping 500 Data 155.59102201462 Detik 
Total Duration 155.59114289284 Detik 
------------------------- 
Tanggal: 23-05-2022 18:20:01 
Duration Download Forstok 14.702247142792 Detik
Duration Looping 500 Data 153.22275710106 Detik 
Total Duration 153.22287917137 Detik 
------------------------- 
Tanggal: 23-05-2022 18:25:01 
Duration Download Forstok 10.318512201309 Detik
Duration Looping 500 Data 140.95964813232 Detik 
Total Duration 140.9597761631 Detik 
------------------------- 
Tanggal: 23-05-2022 18:30:01 
Duration Download Forstok 13.525961875916 Detik
Duration Looping 500 Data 153.09614706039 Detik 
Total Duration 153.09628009796 Detik 
------------------------- 
Tanggal: 23-05-2022 18:35:01 
Duration Download Forstok 26.764621019363 Detik
Duration Looping 500 Data 162.56685614586 Detik 
Total Duration 162.56697416306 Detik 
------------------------- 
Tanggal: 23-05-2022 18:40:01 
Duration Download Forstok 12.082963943481 Detik
Duration Looping 500 Data 155.05651307106 Detik 
Total Duration 155.05663204193 Detik 
------------------------- 
Tanggal: 23-05-2022 18:45:01 
Duration Download Forstok 17.477309942245 Detik
Duration Looping 500 Data 156.48185396194 Detik 
Total Duration 156.48198413849 Detik 
------------------------- 
Tanggal: 23-05-2022 18:50:01 
Duration Download Forstok 15.294486045837 Detik
Duration Looping 500 Data 156.8350789547 Detik 
Total Duration 156.83520698547 Detik 
------------------------- 
Tanggal: 23-05-2022 18:55:01 
Duration Download Forstok 11.25244307518 Detik
Duration Looping 500 Data 156.58873510361 Detik 
Total Duration 156.58885502815 Detik 
------------------------- 
Tanggal: 23-05-2022 19:00:01 
Duration Download Forstok 11.874794960022 Detik
Duration Looping 500 Data 154.87142801285 Detik 
Total Duration 154.87155103683 Detik 
------------------------- 
Tanggal: 23-05-2022 19:05:01 
Duration Download Forstok 38.013204097748 Detik
Duration Looping 500 Data 180.56605792046 Detik 
Total Duration 180.56618094444 Detik 
------------------------- 
Tanggal: 23-05-2022 19:10:01 
Duration Download Forstok 10.790166139603 Detik
Duration Looping 500 Data 150.86591911316 Detik 
Total Duration 150.86604404449 Detik 
------------------------- 
Tanggal: 23-05-2022 19:15:01 
Duration Download Forstok 26.143288850784 Detik
Duration Looping 500 Data 172.72006797791 Detik 
Total Duration 172.72019481659 Detik 
------------------------- 
Tanggal: 23-05-2022 19:20:01 
Duration Download Forstok 12.290153026581 Detik
Duration Looping 500 Data 153.77743411064 Detik 
Total Duration 153.77756094933 Detik 
------------------------- 
Tanggal: 23-05-2022 19:25:01 
Duration Download Forstok 13.230921983719 Detik
Duration Looping 500 Data 154.67983293533 Detik 
Total Duration 154.67994689941 Detik 
------------------------- 
Tanggal: 23-05-2022 19:30:01 
Duration Download Forstok 11.833399057388 Detik
Duration Looping 500 Data 150.51643514633 Detik 
Total Duration 150.51656603813 Detik 
------------------------- 
Tanggal: 23-05-2022 19:35:01 
Duration Download Forstok 16.490796089172 Detik
Duration Looping 500 Data 154.66314601898 Detik 
Total Duration 154.66327095032 Detik 
------------------------- 
Tanggal: 23-05-2022 19:40:01 
Duration Download Forstok 10.283060073853 Detik
Duration Looping 500 Data 152.05868196487 Detik 
Total Duration 152.05879998207 Detik 
------------------------- 
Tanggal: 23-05-2022 19:45:01 
Duration Download Forstok 17.067956924438 Detik
Duration Looping 500 Data 161.99359107018 Detik 
Total Duration 161.99372410774 Detik 
------------------------- 
Tanggal: 23-05-2022 19:50:01 
Duration Download Forstok 13.613736867905 Detik
Duration Looping 500 Data 157.70284795761 Detik 
Total Duration 157.70296788216 Detik 
------------------------- 
Tanggal: 23-05-2022 19:55:01 
Duration Download Forstok 11.226563930511 Detik
Duration Looping 500 Data 149.72630095482 Detik 
Total Duration 149.72642803192 Detik 
------------------------- 
Tanggal: 23-05-2022 20:00:01 
Duration Download Forstok 12.131590127945 Detik
Duration Looping 500 Data 157.27810001373 Detik 
Total Duration 157.27821803093 Detik 
------------------------- 
Tanggal: 23-05-2022 20:05:02 
Duration Download Forstok 23.560535907745 Detik
Duration Looping 500 Data 163.65465188026 Detik 
Total Duration 163.65485095978 Detik 
------------------------- 
Tanggal: 23-05-2022 20:10:01 
Duration Download Forstok 12.777122020721 Detik
Duration Looping 500 Data 157.98961901665 Detik 
Total Duration 157.98973608017 Detik 
------------------------- 
Tanggal: 23-05-2022 20:15:01 
Duration Download Forstok 23.936838150024 Detik
Duration Looping 500 Data 168.22451710701 Detik 
Total Duration 168.22463297844 Detik 
------------------------- 
Tanggal: 23-05-2022 20:20:01 
Duration Download Forstok 13.15250992775 Detik
Duration Looping 500 Data 156.74561691284 Detik 
Total Duration 156.74576687813 Detik 
------------------------- 
Tanggal: 23-05-2022 20:25:01 
Duration Download Forstok 13.941012144089 Detik
Duration Looping 500 Data 153.54459214211 Detik 
Total Duration 153.54472517967 Detik 
------------------------- 
Tanggal: 23-05-2022 20:30:01 
Duration Download Forstok 13.015690088272 Detik
Duration Looping 500 Data 157.93480801582 Detik 
Total Duration 157.93500614166 Detik 
------------------------- 
Tanggal: 23-05-2022 20:35:01 
Duration Download Forstok 17.685284852982 Detik
Duration Looping 500 Data 164.33259391785 Detik 
Total Duration 164.33272194862 Detik 
------------------------- 
Tanggal: 23-05-2022 20:40:01 
Duration Download Forstok 10.060166120529 Detik
Duration Looping 500 Data 151.94678997993 Detik 
Total Duration 151.9469230175 Detik 
------------------------- 
Tanggal: 23-05-2022 20:45:01 
Duration Download Forstok 19.041775941849 Detik
Duration Looping 500 Data 160.79257202148 Detik 
Total Duration 160.7926940918 Detik 
------------------------- 
Tanggal: 23-05-2022 20:50:01 
Duration Download Forstok 12.053896903992 Detik
Duration Looping 500 Data 150.25787305832 Detik 
Total Duration 150.25799608231 Detik 
------------------------- 
Tanggal: 23-05-2022 20:55:01 
Duration Download Forstok 9.6811549663544 Detik
Duration Looping 500 Data 147.02908802032 Detik 
Total Duration 147.02918505669 Detik 
------------------------- 
Tanggal: 23-05-2022 21:00:01 
Duration Download Forstok 15.23673415184 Detik
Duration Looping 500 Data 153.97146296501 Detik 
Total Duration 153.97157406807 Detik 
------------------------- 
Tanggal: 23-05-2022 21:05:01 
Duration Download Forstok 30.994261026382 Detik
Duration Looping 500 Data 172.8922162056 Detik 
Total Duration 172.89233708382 Detik 
------------------------- 
Tanggal: 23-05-2022 21:10:01 
Duration Download Forstok 11.493566989899 Detik
Duration Looping 500 Data 154.5812318325 Detik 
Total Duration 154.58134698868 Detik 
------------------------- 
Tanggal: 23-05-2022 21:15:01 
Duration Download Forstok 18.321861028671 Detik
Duration Looping 500 Data 159.82761096954 Detik 
Total Duration 159.82773900032 Detik 
------------------------- 
Tanggal: 23-05-2022 21:20:01 
Duration Download Forstok 9.5912561416626 Detik
Duration Looping 500 Data 150.94257807732 Detik 
Total Duration 150.94270205498 Detik 
------------------------- 
Tanggal: 23-05-2022 21:25:01 
Duration Download Forstok 9.9265789985657 Detik
Duration Looping 500 Data 153.3138730526 Detik 
Total Duration 153.31404519081 Detik 
------------------------- 
Tanggal: 23-05-2022 21:30:01 
Duration Download Forstok 15.011948108673 Detik
Duration Looping 500 Data 158.10573792458 Detik 
Total Duration 158.1058781147 Detik 
------------------------- 
Tanggal: 23-05-2022 21:35:01 
Duration Download Forstok 23.18358707428 Detik
Duration Looping 500 Data 164.69549608231 Detik 
Total Duration 164.69561505318 Detik 
------------------------- 
Tanggal: 23-05-2022 21:40:01 
Duration Download Forstok 14.990592956543 Detik
Duration Looping 500 Data 159.94085001945 Detik 
Total Duration 159.94097805023 Detik 
------------------------- 
Tanggal: 23-05-2022 21:45:01 
Duration Download Forstok 19.235080003738 Detik
Duration Looping 500 Data 161.21004390717 Detik 
Total Duration 161.21017098427 Detik 
------------------------- 
Tanggal: 23-05-2022 21:50:01 
Duration Download Forstok 10.416584968567 Detik
Duration Looping 500 Data 151.66549897194 Detik 
Total Duration 151.66563510895 Detik 
------------------------- 
Tanggal: 23-05-2022 21:55:01 
Duration Download Forstok 8.8698070049286 Detik
Duration Looping 500 Data 154.75988912582 Detik 
Total Duration 154.76001214981 Detik 
------------------------- 
Tanggal: 23-05-2022 22:00:01 
Duration Download Forstok 13.629122972488 Detik
Duration Looping 500 Data 154.05142998695 Detik 
Total Duration 154.05155396461 Detik 
------------------------- 
Tanggal: 23-05-2022 22:05:01 
Duration Download Forstok 29.079781770706 Detik
Duration Looping 500 Data 172.2641928196 Detik 
Total Duration 172.26432299614 Detik 
------------------------- 
Tanggal: 23-05-2022 22:10:01 
Duration Download Forstok 15.171460866928 Detik
Duration Looping 500 Data 157.34988594055 Detik 
Total Duration 157.35000991821 Detik 
------------------------- 
Tanggal: 23-05-2022 22:15:01 
Duration Download Forstok 21.087491035461 Detik
Duration Looping 500 Data 154.96323394775 Detik 
Total Duration 154.96336507797 Detik 
------------------------- 
Tanggal: 23-05-2022 22:20:01 
Duration Download Forstok 11.410008192062 Detik
Duration Looping 500 Data 152.86268806458 Detik 
Total Duration 152.86283612251 Detik 
------------------------- 
Tanggal: 23-05-2022 22:25:01 
Duration Download Forstok 10.114784955978 Detik
Duration Looping 500 Data 145.80836296082 Detik 
Total Duration 145.80860686302 Detik 
------------------------- 
Tanggal: 23-05-2022 22:30:01 
Duration Download Forstok 14.442010879517 Detik
Duration Looping 500 Data 154.72928786278 Detik 
Total Duration 154.72941803932 Detik 
------------------------- 
Tanggal: 23-05-2022 22:35:01 
Duration Download Forstok 22.921576023102 Detik
Duration Looping 500 Data 166.52545905113 Detik 
Total Duration 166.52558493614 Detik 
------------------------- 
Tanggal: 23-05-2022 22:40:01 
Duration Download Forstok 10.852678060532 Detik
Duration Looping 500 Data 155.88265895844 Detik 
Total Duration 155.88278508186 Detik 
------------------------- 
Tanggal: 23-05-2022 22:45:01 
Duration Download Forstok 18.357892990112 Detik
Duration Looping 500 Data 159.87482905388 Detik 
Total Duration 159.87497901917 Detik 
------------------------- 
Tanggal: 23-05-2022 22:50:01 
Duration Download Forstok 13.1674721241 Detik
Duration Looping 500 Data 151.02696013451 Detik 
Total Duration 151.02708005905 Detik 
------------------------- 
Tanggal: 23-05-2022 22:55:01 
Duration Download Forstok 9.8812439441681 Detik
Duration Looping 500 Data 145.74881100655 Detik 
Total Duration 145.74895000458 Detik 
------------------------- 
Tanggal: 23-05-2022 23:00:01 
Duration Download Forstok 13.031862020493 Detik
Duration Looping 500 Data 157.02061796188 Detik 
Total Duration 157.0207490921 Detik 
------------------------- 
Tanggal: 23-05-2022 23:05:01 
Duration Download Forstok 30.885818004608 Detik
Duration Looping 500 Data 176.2800090313 Detik 
Total Duration 176.28014421463 Detik 
------------------------- 
Tanggal: 23-05-2022 23:10:01 
Duration Download Forstok 11.008598089218 Detik
Duration Looping 500 Data 149.77495002747 Detik 
Total Duration 149.77507710457 Detik 
------------------------- 
Tanggal: 23-05-2022 23:15:01 
Duration Download Forstok 23.871901035309 Detik
Duration Looping 500 Data 170.12033987045 Detik 
Total Duration 170.12046504021 Detik 
------------------------- 
Tanggal: 23-05-2022 23:20:01 
Duration Download Forstok 12.241090774536 Detik
Duration Looping 500 Data 153.86786699295 Detik 
Total Duration 153.86799097061 Detik 
------------------------- 
Tanggal: 23-05-2022 23:25:01 
Duration Download Forstok 10.143485069275 Detik
Duration Looping 500 Data 145.99676609039 Detik 
Total Duration 145.99689006805 Detik 
------------------------- 
Tanggal: 23-05-2022 23:30:01 
Duration Download Forstok 12.05358505249 Detik
Duration Looping 500 Data 153.98020887375 Detik 
Total Duration 153.9803340435 Detik 
------------------------- 
Tanggal: 23-05-2022 23:35:01 
Duration Download Forstok 30.228867053986 Detik
Duration Looping 500 Data 173.31761193275 Detik 
Total Duration 173.31773400307 Detik 
------------------------- 
Tanggal: 23-05-2022 23:40:01 
Duration Download Forstok 11.827407121658 Detik
Duration Looping 500 Data 154.04600405693 Detik 
Total Duration 154.04612708092 Detik 
------------------------- 
Tanggal: 23-05-2022 23:45:01 
Duration Download Forstok 17.530930995941 Detik
Duration Looping 500 Data 158.93692493439 Detik 
Total Duration 158.93705487251 Detik 
------------------------- 
Tanggal: 23-05-2022 23:50:01 
Duration Download Forstok 15.867010116577 Detik
Duration Looping 500 Data 153.61589312553 Detik 
Total Duration 153.61601495743 Detik 
------------------------- 
Tanggal: 23-05-2022 23:55:01 
Duration Download Forstok 11.697298765182 Detik
Duration Looping 500 Data 148.702272892 Detik 
Total Duration 148.70239090919 Detik 
------------------------- 
