Tanggal: 16-10-2021 00:00:01 
Duration Download Forstok 12.805518865585 Detik
Tanggal: 16-10-2021 00:05:01 
Duration Download Forstok 21.664394855499 Detik
Duration Looping 700 Data 577.59282493591 Detik 
Total Duration 577.59293603897 Detik 
------------------------- 
Duration Looping 700 Data 277.47111201286 Detik 
Total Duration 277.47121500969 Detik 
------------------------- 
Tanggal: 16-10-2021 00:10:01 
Duration Download Forstok 22.055158853531 Detik
Duration Looping 700 Data 140.26645493507 Detik 
Total Duration 140.26656103134 Detik 
------------------------- 
Tanggal: 16-10-2021 00:15:01 
Duration Download Forstok 22.984743118286 Detik
Duration Looping 700 Data 142.81481003761 Detik 
Total Duration 142.8149189949 Detik 
------------------------- 
Tanggal: 16-10-2021 00:20:01 
Duration Download Forstok 11.380352973938 Detik
Duration Looping 700 Data 134.37207508087 Detik 
Total Duration 134.37221503258 Detik 
------------------------- 
Tanggal: 16-10-2021 00:25:02 
Duration Download Forstok 15.105947971344 Detik
Duration Looping 700 Data 161.49597406387 Detik 
Total Duration 161.50355505943 Detik 
------------------------- 
Tanggal: 16-10-2021 00:30:01 
Duration Download Forstok 13.253908872604 Detik
Duration Looping 700 Data 132.84766292572 Detik 
Total Duration 132.84777188301 Detik 
------------------------- 
Tanggal: 16-10-2021 00:35:01 
Duration Download Forstok 16.010743141174 Detik
Duration Looping 700 Data 153.75757098198 Detik 
Total Duration 153.7576880455 Detik 
------------------------- 
Tanggal: 16-10-2021 00:40:01 
Duration Download Forstok 11.127528190613 Detik
Duration Looping 700 Data 135.19466805458 Detik 
Total Duration 135.19476103783 Detik 
------------------------- 
Tanggal: 16-10-2021 00:45:01 
Duration Download Forstok 22.284110069275 Detik
Duration Looping 700 Data 140.40984296799 Detik 
Total Duration 140.40996003151 Detik 
------------------------- 
Tanggal: 16-10-2021 00:50:01 
Duration Download Forstok 10.875469207764 Detik
Duration Looping 700 Data 125.59463310242 Detik 
Total Duration 125.59474205971 Detik 
------------------------- 
Tanggal: 16-10-2021 00:55:01 
Duration Download Forstok 15.089879989624 Detik
Duration Looping 700 Data 133.64575695992 Detik 
Total Duration 133.64587187767 Detik 
------------------------- 
Tanggal: 16-10-2021 01:00:01 
Duration Download Forstok 12.40976691246 Detik
Duration Looping 700 Data 128.68973207474 Detik 
Total Duration 128.68983793259 Detik 
------------------------- 
Tanggal: 16-10-2021 01:05:01 
Duration Download Forstok 14.378872871399 Detik
Duration Looping 700 Data 129.24972987175 Detik 
Total Duration 129.24983286858 Detik 
------------------------- 
Tanggal: 16-10-2021 01:10:01 
Duration Download Forstok 26.626150131226 Detik
Duration Looping 700 Data 148.83823609352 Detik 
Total Duration 148.83834600449 Detik 
------------------------- 
Tanggal: 16-10-2021 01:15:01 
Duration Download Forstok 14.340395927429 Detik
Duration Looping 700 Data 133.23520803452 Detik 
Total Duration 133.23532104492 Detik 
------------------------- 
Tanggal: 16-10-2021 01:20:01 
Duration Download Forstok 11.379914045334 Detik
Duration Looping 700 Data 132.11656618118 Detik 
Total Duration 132.1166779995 Detik 
------------------------- 
Tanggal: 16-10-2021 01:25:01 
Duration Download Forstok 16.592390060425 Detik
Duration Looping 700 Data 135.30148911476 Detik 
Total Duration 135.30159902573 Detik 
------------------------- 
Tanggal: 16-10-2021 01:30:01 
Duration Download Forstok 10.477399110794 Detik
Duration Looping 700 Data 127.46649312973 Detik 
Total Duration 127.46660208702 Detik 
------------------------- 
Tanggal: 16-10-2021 01:35:01 
Duration Download Forstok 20.280725002289 Detik
Duration Looping 700 Data 141.73639202118 Detik 
Total Duration 141.73647689819 Detik 
------------------------- 
Tanggal: 16-10-2021 01:40:01 
Duration Download Forstok 10.33603310585 Detik
Duration Looping 700 Data 136.97306895256 Detik 
Total Duration 136.97318696976 Detik 
------------------------- 
Tanggal: 16-10-2021 01:45:01 
Duration Download Forstok 20.344238996506 Detik
Duration Looping 700 Data 145.86711406708 Detik 
Total Duration 145.86722707748 Detik 
------------------------- 
Tanggal: 16-10-2021 01:50:01 
Duration Download Forstok 12.254016876221 Detik
Duration Looping 700 Data 135.69340085983 Detik 
Total Duration 135.69348192215 Detik 
------------------------- 
Tanggal: 16-10-2021 01:55:01 
Duration Download Forstok 20.861290931702 Detik
Duration Looping 700 Data 144.27787590027 Detik 
Total Duration 144.27798891068 Detik 
------------------------- 
Tanggal: 16-10-2021 02:00:01 
Duration Download Forstok 12.031071186066 Detik
Duration Looping 700 Data 130.54112815857 Detik 
Total Duration 130.54127216339 Detik 
------------------------- 
Tanggal: 16-10-2021 02:05:01 
Duration Download Forstok 18.692142963409 Detik
Duration Looping 700 Data 155.88605690002 Detik 
Total Duration 155.88616704941 Detik 
------------------------- 
Tanggal: 16-10-2021 02:10:01 
Duration Download Forstok 22.843639850616 Detik
Duration Looping 700 Data 141.42373681068 Detik 
Total Duration 141.42383885384 Detik 
------------------------- 
Tanggal: 16-10-2021 02:15:01 
Duration Download Forstok 18.261961936951 Detik
Duration Looping 700 Data 142.70099282265 Detik 
Total Duration 142.70110082626 Detik 
------------------------- 
Tanggal: 16-10-2021 02:20:01 
Duration Download Forstok 12.601842880249 Detik
Duration Looping 700 Data 134.75317692757 Detik 
Total Duration 134.75328803062 Detik 
------------------------- 
Tanggal: 16-10-2021 02:25:01 
Duration Download Forstok 17.976124048233 Detik
Duration Looping 700 Data 132.9830160141 Detik 
Total Duration 132.98312401772 Detik 
------------------------- 
Tanggal: 16-10-2021 02:30:01 
Duration Download Forstok 13.097357034683 Detik
Duration Looping 700 Data 127.60556316376 Detik 
Total Duration 127.60567617416 Detik 
------------------------- 
Tanggal: 16-10-2021 02:35:01 
Duration Download Forstok 18.999748945236 Detik
Duration Looping 700 Data 137.63167095184 Detik 
Total Duration 137.6317858696 Detik 
------------------------- 
Tanggal: 16-10-2021 02:40:01 
Duration Download Forstok 12.018303155899 Detik
Duration Looping 700 Data 128.88166117668 Detik 
Total Duration 128.88177013397 Detik 
------------------------- 
Tanggal: 16-10-2021 02:45:01 
Duration Download Forstok 16.648038864136 Detik
Duration Looping 700 Data 132.3595969677 Detik 
Total Duration 132.3597099781 Detik 
------------------------- 
Tanggal: 16-10-2021 02:50:01 
Duration Download Forstok 10.801898002625 Detik
Duration Looping 700 Data 128.33381915092 Detik 
Total Duration 128.33393311501 Detik 
------------------------- 
Tanggal: 16-10-2021 02:55:01 
Duration Download Forstok 15.615015029907 Detik
Duration Looping 700 Data 139.91249608994 Detik 
Total Duration 139.91257500648 Detik 
------------------------- 
Tanggal: 16-10-2021 03:00:01 
Duration Download Forstok 11.211915969849 Detik
Duration Looping 700 Data 129.47295308113 Detik 
Total Duration 129.4730629921 Detik 
------------------------- 
Tanggal: 16-10-2021 03:05:01 
Duration Download Forstok 21.28414106369 Detik
Duration Looping 700 Data 149.8462870121 Detik 
Total Duration 149.84640598297 Detik 
------------------------- 
Tanggal: 16-10-2021 03:10:01 
Duration Download Forstok 21.076298952103 Detik
Duration Looping 700 Data 137.92593002319 Detik 
Total Duration 137.92603898048 Detik 
------------------------- 
Tanggal: 16-10-2021 03:15:01 
Duration Download Forstok 17.049123048782 Detik
Duration Looping 700 Data 139.21091508865 Detik 
Total Duration 139.21102905273 Detik 
------------------------- 
Tanggal: 16-10-2021 03:20:01 
Duration Download Forstok 11.311767101288 Detik
Duration Looping 700 Data 148.75754714012 Detik 
Total Duration 148.75765609741 Detik 
------------------------- 
Tanggal: 16-10-2021 03:25:01 
Duration Download Forstok 14.112089157104 Detik
Duration Looping 700 Data 136.48561501503 Detik 
Total Duration 136.48572611809 Detik 
------------------------- 
Tanggal: 16-10-2021 03:30:01 
Duration Download Forstok 13.684233903885 Detik
Duration Looping 700 Data 132.27156591415 Detik 
Total Duration 132.27165102959 Detik 
------------------------- 
Tanggal: 16-10-2021 03:35:01 
Duration Download Forstok 15.451746940613 Detik
Duration Looping 700 Data 132.48841404915 Detik 
Total Duration 132.48852014542 Detik 
------------------------- 
Tanggal: 16-10-2021 03:40:01 
Duration Download Forstok 12.750081062317 Detik
Duration Looping 700 Data 145.49292302132 Detik 
Total Duration 145.49303007126 Detik 
------------------------- 
Tanggal: 16-10-2021 03:45:01 
Duration Download Forstok 15.875898122787 Detik
Duration Looping 700 Data 133.93945407867 Detik 
Total Duration 133.93955802917 Detik 
------------------------- 
Tanggal: 16-10-2021 03:50:01 
Duration Download Forstok 12.675647974014 Detik
Duration Looping 700 Data 126.48851299286 Detik 
Total Duration 126.48862600327 Detik 
------------------------- 
Tanggal: 16-10-2021 03:55:01 
Duration Download Forstok 14.62144112587 Detik
Duration Looping 700 Data 133.61435699463 Detik 
Total Duration 133.61448812485 Detik 
------------------------- 
Tanggal: 16-10-2021 04:00:01 
Duration Download Forstok 10.525056123734 Detik
Duration Looping 700 Data 130.66657710075 Detik 
Total Duration 130.66668796539 Detik 
------------------------- 
Tanggal: 16-10-2021 04:05:01 
Duration Download Forstok 21.792735099792 Detik
Duration Looping 700 Data 141.0376791954 Detik 
Total Duration 141.03778910637 Detik 
------------------------- 
Tanggal: 16-10-2021 04:10:01 
Duration Download Forstok 23.88476896286 Detik
Duration Looping 700 Data 153.37302994728 Detik 
Total Duration 153.37313890457 Detik 
------------------------- 
Tanggal: 16-10-2021 04:15:01 
Duration Download Forstok 17.292406082153 Detik
Duration Looping 700 Data 151.40631008148 Detik 
Total Duration 151.4064218998 Detik 
------------------------- 
Tanggal: 16-10-2021 04:20:01 
Duration Download Forstok 12.114770889282 Detik
Duration Looping 700 Data 136.97815203667 Detik 
Total Duration 136.97826290131 Detik 
------------------------- 
Tanggal: 16-10-2021 04:25:01 
Duration Download Forstok 19.005568981171 Detik
Duration Looping 700 Data 137.43967795372 Detik 
Total Duration 137.43979907036 Detik 
------------------------- 
Tanggal: 16-10-2021 04:30:01 
Duration Download Forstok 10.75456404686 Detik
Duration Looping 700 Data 130.25671195984 Detik 
Total Duration 130.25684309006 Detik 
------------------------- 
Tanggal: 16-10-2021 04:35:01 
Duration Download Forstok 20.119731903076 Detik
Duration Looping 700 Data 143.08907103539 Detik 
Total Duration 143.08919382095 Detik 
------------------------- 
Tanggal: 16-10-2021 04:40:01 
Duration Download Forstok 13.091895103455 Detik
Duration Looping 700 Data 128.8205242157 Detik 
Total Duration 128.82062911987 Detik 
------------------------- 
Tanggal: 16-10-2021 04:45:01 
Duration Download Forstok 17.560473918915 Detik
Duration Looping 700 Data 150.42005395889 Detik 
Total Duration 150.42016792297 Detik 
------------------------- 
Tanggal: 16-10-2021 04:50:01 
Duration Download Forstok 14.116410970688 Detik
Duration Looping 700 Data 136.31877398491 Detik 
Total Duration 136.3188970089 Detik 
------------------------- 
Tanggal: 16-10-2021 04:55:02 
Duration Download Forstok 15.634335041046 Detik
Duration Looping 700 Data 153.26825284958 Detik 
Total Duration 153.2683608532 Detik 
------------------------- 
Tanggal: 16-10-2021 05:00:01 
Duration Download Forstok 14.651076078415 Detik
Duration Looping 700 Data 152.5745511055 Detik 
Total Duration 152.57467317581 Detik 
------------------------- 
Tanggal: 16-10-2021 05:05:01 
Duration Download Forstok 17.585665941238 Detik
Duration Looping 700 Data 136.53501081467 Detik 
Total Duration 136.5351228714 Detik 
------------------------- 
Tanggal: 16-10-2021 05:10:01 
Duration Download Forstok 19.153609991074 Detik
Duration Looping 700 Data 138.86642384529 Detik 
Total Duration 138.86653494835 Detik 
------------------------- 
Tanggal: 16-10-2021 05:15:01 
Duration Download Forstok 18.118541002274 Detik
Duration Looping 700 Data 137.6733250618 Detik 
Total Duration 137.67344808578 Detik 
------------------------- 
Tanggal: 16-10-2021 05:20:01 
Duration Download Forstok 12.033771038055 Detik
Duration Looping 700 Data 127.548153162 Detik 
Total Duration 127.54826712608 Detik 
------------------------- 
Tanggal: 16-10-2021 05:25:01 
Duration Download Forstok 16.200251817703 Detik
Duration Looping 700 Data 131.11319494247 Detik 
Total Duration 131.11330199242 Detik 
------------------------- 
Tanggal: 16-10-2021 05:30:01 
Duration Download Forstok 13.207274913788 Detik
Duration Looping 700 Data 141.19415807724 Detik 
Total Duration 141.19427204132 Detik 
------------------------- 
Tanggal: 16-10-2021 05:35:01 
Duration Download Forstok 22.701509952545 Detik
Duration Looping 700 Data 146.39094209671 Detik 
Total Duration 146.39104700089 Detik 
------------------------- 
Tanggal: 16-10-2021 05:40:02 
Duration Download Forstok 15.246821165085 Detik
Duration Looping 700 Data 135.12990498543 Detik 
Total Duration 135.13004994392 Detik 
------------------------- 
Tanggal: 16-10-2021 05:45:02 
Duration Download Forstok 22.354808092117 Detik
Duration Looping 700 Data 143.44462418556 Detik 
Total Duration 143.44473814964 Detik 
------------------------- 
Tanggal: 16-10-2021 05:50:01 
Duration Download Forstok 13.689603090286 Detik
Duration Looping 700 Data 131.23488998413 Detik 
Total Duration 131.2349998951 Detik 
------------------------- 
Tanggal: 16-10-2021 05:55:01 
Duration Download Forstok 17.576002120972 Detik
Duration Looping 700 Data 135.57687497139 Detik 
Total Duration 135.57699108124 Detik 
------------------------- 
Tanggal: 16-10-2021 06:00:01 
Duration Download Forstok 12.452913999557 Detik
Duration Looping 700 Data 139.23846197128 Detik 
Total Duration 139.23856806755 Detik 
------------------------- 
Tanggal: 16-10-2021 06:05:01 
Duration Download Forstok 25.550500154495 Detik
Duration Looping 700 Data 147.60292100906 Detik 
Total Duration 147.60302710533 Detik 
------------------------- 
Tanggal: 16-10-2021 06:10:01 
Duration Download Forstok 20.429847955704 Detik
Duration Looping 700 Data 135.99528312683 Detik 
Total Duration 135.99539113045 Detik 
------------------------- 
Tanggal: 16-10-2021 06:15:01 
Duration Download Forstok 20.488363981247 Detik
Duration Looping 700 Data 143.07721686363 Detik 
Total Duration 143.07731890678 Detik 
------------------------- 
Tanggal: 16-10-2021 06:20:01 
Duration Download Forstok 15.125032901764 Detik
Duration Looping 700 Data 132.95605587959 Detik 
Total Duration 132.95616388321 Detik 
------------------------- 
Tanggal: 16-10-2021 06:25:01 
Duration Download Forstok 20.185357093811 Detik
Duration Looping 700 Data 133.70033812523 Detik 
Total Duration 133.70045614243 Detik 
------------------------- 
Tanggal: 16-10-2021 06:30:01 
Duration Download Forstok 12.136515140533 Detik
Duration Looping 700 Data 129.35793614388 Detik 
Total Duration 129.35805106163 Detik 
------------------------- 
Tanggal: 16-10-2021 06:35:01 
Duration Download Forstok 18.887095928192 Detik
Duration Looping 700 Data 153.23810982704 Detik 
Total Duration 153.23822498322 Detik 
------------------------- 
Tanggal: 16-10-2021 06:40:01 
Duration Download Forstok 11.54369187355 Detik
Duration Looping 700 Data 130.32932376862 Detik 
Total Duration 130.32942891121 Detik 
------------------------- 
Tanggal: 16-10-2021 06:45:01 
Duration Download Forstok 21.445498943329 Detik
Duration Looping 700 Data 142.52359294891 Detik 
Total Duration 142.52370786667 Detik 
------------------------- 
Tanggal: 16-10-2021 06:50:01 
Duration Download Forstok 13.430459976196 Detik
Duration Looping 700 Data 131.16138291359 Detik 
Total Duration 131.16146087646 Detik 
------------------------- 
Tanggal: 16-10-2021 06:55:01 
Duration Download Forstok 18.143759012222 Detik
Duration Looping 700 Data 140.66618204117 Detik 
Total Duration 140.66629695892 Detik 
------------------------- 
Tanggal: 16-10-2021 07:00:01 
Duration Download Forstok 11.859753131866 Detik
Duration Looping 700 Data 133.60689520836 Detik 
Total Duration 133.607006073 Detik 
------------------------- 
Tanggal: 16-10-2021 07:05:01 
Duration Download Forstok 15.784204959869 Detik
Duration Looping 700 Data 136.043872118 Detik 
Total Duration 136.04399514198 Detik 
------------------------- 
Tanggal: 16-10-2021 07:10:01 
Duration Download Forstok 23.925608158112 Detik
Duration Looping 700 Data 141.09666800499 Detik 
Total Duration 141.09677314758 Detik 
------------------------- 
Tanggal: 16-10-2021 07:15:02 
Duration Download Forstok 16.744734048843 Detik
Duration Looping 700 Data 144.40394806862 Detik 
Total Duration 144.40406703949 Detik 
------------------------- 
Tanggal: 16-10-2021 07:20:01 
Duration Download Forstok 12.592607021332 Detik
Duration Looping 700 Data 132.80241513252 Detik 
Total Duration 132.80252313614 Detik 
------------------------- 
Tanggal: 16-10-2021 07:25:01 
Duration Download Forstok 20.183229923248 Detik
Duration Looping 700 Data 137.05175900459 Detik 
Total Duration 137.05186581612 Detik 
------------------------- 
Tanggal: 16-10-2021 07:30:01 
Duration Download Forstok 12.6333091259 Detik
Duration Looping 700 Data 131.8734459877 Detik 
Total Duration 131.87355709076 Detik 
------------------------- 
Tanggal: 16-10-2021 07:35:01 
Duration Download Forstok 17.520224809647 Detik
Duration Looping 700 Data 137.35035586357 Detik 
Total Duration 137.35045981407 Detik 
------------------------- 
Tanggal: 16-10-2021 07:40:01 
Duration Download Forstok 13.171652078629 Detik
Duration Looping 700 Data 143.55558609962 Detik 
Total Duration 143.55569911003 Detik 
------------------------- 
Tanggal: 16-10-2021 07:45:01 
Duration Download Forstok 20.35693693161 Detik
Duration Looping 700 Data 143.9712998867 Detik 
Total Duration 143.97141599655 Detik 
------------------------- 
Tanggal: 16-10-2021 07:50:01 
Duration Download Forstok 14.017058134079 Detik
Duration Looping 700 Data 131.35637903214 Detik 
Total Duration 131.35649895668 Detik 
------------------------- 
Tanggal: 16-10-2021 07:55:01 
Duration Download Forstok 13.066575050354 Detik
Duration Looping 700 Data 141.3459610939 Detik 
Total Duration 141.34607601166 Detik 
------------------------- 
Tanggal: 16-10-2021 08:00:01 
Duration Download Forstok 12.025470972061 Detik
Duration Looping 700 Data 143.07987689972 Detik 
Total Duration 143.07998895645 Detik 
------------------------- 
Tanggal: 16-10-2021 08:05:01 
Duration Download Forstok 14.438742876053 Detik
Duration Looping 700 Data 131.48219895363 Detik 
Total Duration 131.48231101036 Detik 
------------------------- 
Tanggal: 16-10-2021 08:10:01 
Duration Download Forstok 21.266293048859 Detik
Duration Looping 700 Data 140.40297794342 Detik 
Total Duration 140.40308213234 Detik 
------------------------- 
Tanggal: 16-10-2021 08:15:01 
Duration Download Forstok 14.336912870407 Detik
Duration Looping 700 Data 143.50131487846 Detik 
Total Duration 143.5013999939 Detik 
------------------------- 
Tanggal: 16-10-2021 08:20:01 
Duration Download Forstok 13.814007997513 Detik
Duration Looping 700 Data 140.00161719322 Detik 
Total Duration 140.00173997879 Detik 
------------------------- 
Tanggal: 16-10-2021 08:25:01 
Duration Download Forstok 22.338587999344 Detik
Duration Looping 700 Data 137.65445709229 Detik 
Total Duration 137.6545650959 Detik 
------------------------- 
Tanggal: 16-10-2021 08:30:01 
Duration Download Forstok 10.835186004639 Detik
Duration Looping 700 Data 133.78825998306 Detik 
Total Duration 133.7883708477 Detik 
------------------------- 
Tanggal: 16-10-2021 08:35:01 
Duration Download Forstok 21.665771961212 Detik
Duration Looping 700 Data 142.92117786407 Detik 
Total Duration 142.92133593559 Detik 
------------------------- 
Tanggal: 16-10-2021 08:40:01 
Duration Download Forstok 10.628915071487 Detik
Duration Looping 700 Data 130.40820789337 Detik 
Total Duration 130.40831303596 Detik 
------------------------- 
Tanggal: 16-10-2021 08:45:01 
Duration Download Forstok 15.173913002014 Detik
Duration Looping 700 Data 136.71370387077 Detik 
Total Duration 136.71382403374 Detik 
------------------------- 
Tanggal: 16-10-2021 08:50:02 
Duration Download Forstok 11.497713088989 Detik
Duration Looping 700 Data 128.00205302238 Detik 
Total Duration 128.00212907791 Detik 
------------------------- 
Tanggal: 16-10-2021 08:55:01 
Duration Download Forstok 18.385947942734 Detik
Duration Looping 700 Data 138.50527095795 Detik 
Total Duration 138.50537896156 Detik 
------------------------- 
Tanggal: 16-10-2021 09:00:01 
Duration Download Forstok 11.717995882034 Detik
Duration Looping 700 Data 136.07309985161 Detik 
Total Duration 136.07318496704 Detik 
------------------------- 
Tanggal: 16-10-2021 09:05:01 
Duration Download Forstok 21.585960865021 Detik
Duration Looping 700 Data 137.80598592758 Detik 
Total Duration 137.80609798431 Detik 
------------------------- 
Tanggal: 16-10-2021 09:10:01 
Duration Download Forstok 9.6694951057434 Detik
Duration Looping 700 Data 126.9454240799 Detik 
Total Duration 126.94554305077 Detik 
------------------------- 
Tanggal: 16-10-2021 09:15:01 
Duration Download Forstok 19.711344003677 Detik
Duration Looping 700 Data 146.26821994781 Detik 
Total Duration 146.26832509041 Detik 
------------------------- 
Tanggal: 16-10-2021 09:20:01 
Duration Download Forstok 13.239011049271 Detik
Duration Looping 700 Data 137.71965503693 Detik 
Total Duration 137.71973204613 Detik 
------------------------- 
Tanggal: 16-10-2021 09:25:01 
Duration Download Forstok 13.907697916031 Detik
Duration Looping 700 Data 138.31078100204 Detik 
Total Duration 138.31089997292 Detik 
------------------------- 
Tanggal: 16-10-2021 09:30:01 
Duration Download Forstok 13.624809026718 Detik
Duration Looping 700 Data 142.34293699265 Detik 
Total Duration 142.3430249691 Detik 
------------------------- 
Tanggal: 16-10-2021 09:35:01 
Duration Download Forstok 17.565382957458 Detik
Duration Looping 700 Data 137.54179596901 Detik 
Total Duration 137.54190802574 Detik 
------------------------- 
Tanggal: 16-10-2021 09:40:01 
Duration Download Forstok 14.507038116455 Detik
Duration Looping 700 Data 136.00878500938 Detik 
Total Duration 136.00890016556 Detik 
------------------------- 
Tanggal: 16-10-2021 09:45:01 
Duration Download Forstok 19.930171966553 Detik
Duration Looping 700 Data 138.22443008423 Detik 
Total Duration 138.22456908226 Detik 
------------------------- 
Tanggal: 16-10-2021 09:50:01 
Duration Download Forstok 12.437013864517 Detik
Duration Looping 700 Data 135.23500490189 Detik 
Total Duration 135.23511886597 Detik 
------------------------- 
Tanggal: 16-10-2021 09:55:01 
Duration Download Forstok 21.040786027908 Detik
Duration Looping 700 Data 143.31171393394 Detik 
Total Duration 143.31183004379 Detik 
------------------------- 
Tanggal: 16-10-2021 10:00:01 
Duration Download Forstok 15.071678876877 Detik
Duration Looping 700 Data 140.6117169857 Detik 
Total Duration 140.6118118763 Detik 
------------------------- 
Tanggal: 16-10-2021 10:05:01 
Duration Download Forstok 20.945266962051 Detik
Duration Looping 700 Data 138.95929098129 Detik 
Total Duration 138.95939803123 Detik 
------------------------- 
Tanggal: 16-10-2021 10:10:01 
Duration Download Forstok 26.240855932236 Detik
Duration Looping 700 Data 152.0114979744 Detik 
Total Duration 152.01165294647 Detik 
------------------------- 
Tanggal: 16-10-2021 10:15:01 
Duration Download Forstok 14.740173101425 Detik
Duration Looping 700 Data 136.81784009933 Detik 
Total Duration 136.817923069 Detik 
------------------------- 
Tanggal: 16-10-2021 10:20:01 
Duration Download Forstok 11.406214952469 Detik
Duration Looping 700 Data 134.07722806931 Detik 
Total Duration 134.07733798027 Detik 
------------------------- 
Tanggal: 16-10-2021 10:25:01 
Duration Download Forstok 14.211071968079 Detik
Duration Looping 700 Data 133.59913802147 Detik 
Total Duration 133.59925603867 Detik 
------------------------- 
Tanggal: 16-10-2021 10:30:01 
Duration Download Forstok 10.889277935028 Detik
Duration Looping 700 Data 129.30046892166 Detik 
Total Duration 129.30057287216 Detik 
------------------------- 
Tanggal: 16-10-2021 10:35:01 
Duration Download Forstok 20.568512916565 Detik
Duration Looping 700 Data 142.94223093987 Detik 
Total Duration 142.94235682487 Detik 
------------------------- 
Tanggal: 16-10-2021 10:40:01 
Duration Download Forstok 11.230166196823 Detik
Duration Looping 700 Data 134.37976312637 Detik 
Total Duration 134.37987017632 Detik 
------------------------- 
Tanggal: 16-10-2021 10:45:01 
Duration Download Forstok 17.559039115906 Detik
Duration Looping 700 Data 144.27744102478 Detik 
Total Duration 144.27753615379 Detik 
------------------------- 
Tanggal: 16-10-2021 10:50:02 
Duration Download Forstok 14.831196069717 Detik
Duration Looping 700 Data 134.61348605156 Detik 
Total Duration 134.61359286308 Detik 
------------------------- 
Tanggal: 16-10-2021 10:55:01 
Duration Download Forstok 16.904506921768 Detik
Duration Looping 700 Data 136.14580488205 Detik 
Total Duration 136.14588785172 Detik 
------------------------- 
Tanggal: 16-10-2021 11:00:01 
Duration Download Forstok 17.064991950989 Detik
Duration Looping 700 Data 140.26016688347 Detik 
Total Duration 140.2602789402 Detik 
------------------------- 
Tanggal: 16-10-2021 11:05:01 
Duration Download Forstok 26.673587083817 Detik
Duration Looping 700 Data 153.82732105255 Detik 
Total Duration 153.82743215561 Detik 
------------------------- 
Tanggal: 16-10-2021 11:10:01 
Duration Download Forstok 14.765072822571 Detik
Duration Looping 700 Data 140.20533585548 Detik 
Total Duration 140.20544695854 Detik 
------------------------- 
Tanggal: 16-10-2021 11:15:01 
Duration Download Forstok 17.332757949829 Detik
Duration Looping 700 Data 142.28278589249 Detik 
Total Duration 142.28292989731 Detik 
------------------------- 
Tanggal: 16-10-2021 11:20:01 
Duration Download Forstok 12.717972993851 Detik
Duration Looping 700 Data 137.75338506699 Detik 
Total Duration 137.75350093842 Detik 
------------------------- 
Tanggal: 16-10-2021 11:25:01 
Duration Download Forstok 16.844295024872 Detik
Duration Looping 700 Data 136.45681405067 Detik 
Total Duration 136.45693016052 Detik 
------------------------- 
Tanggal: 16-10-2021 11:30:01 
Duration Download Forstok 12.793637990952 Detik
Duration Looping 700 Data 140.22686600685 Detik 
Total Duration 140.22700285912 Detik 
------------------------- 
Tanggal: 16-10-2021 11:35:01 
Duration Download Forstok 18.200400114059 Detik
Duration Looping 700 Data 150.7561750412 Detik 
Total Duration 150.75625705719 Detik 
------------------------- 
Tanggal: 16-10-2021 11:40:01 
Duration Download Forstok 11.400629043579 Detik
Duration Looping 700 Data 133.28299999237 Detik 
Total Duration 133.28309988976 Detik 
------------------------- 
Tanggal: 16-10-2021 11:45:01 
Duration Download Forstok 18.914597988129 Detik
Duration Looping 700 Data 145.72676301003 Detik 
Total Duration 145.72688508034 Detik 
------------------------- 
Tanggal: 16-10-2021 11:50:01 
Duration Download Forstok 13.739045858383 Detik
Duration Looping 700 Data 141.23401999474 Detik 
Total Duration 141.23409700394 Detik 
------------------------- 
Tanggal: 16-10-2021 11:55:01 
Duration Download Forstok 15.832924842834 Detik
Duration Looping 700 Data 137.5356118679 Detik 
Total Duration 137.53568887711 Detik 
------------------------- 
Tanggal: 16-10-2021 12:00:01 
Duration Download Forstok 14.306458950043 Detik
Duration Looping 700 Data 135.11474585533 Detik 
Total Duration 135.11485290527 Detik 
------------------------- 
Tanggal: 16-10-2021 12:05:01 
Duration Download Forstok 19.067188024521 Detik
Duration Looping 700 Data 138.65705704689 Detik 
Total Duration 138.65717506409 Detik 
------------------------- 
Tanggal: 16-10-2021 12:10:01 
Duration Download Forstok 11.510658025742 Detik
Duration Looping 700 Data 129.9093401432 Detik 
Total Duration 129.90942597389 Detik 
------------------------- 
Tanggal: 16-10-2021 12:15:01 
Duration Download Forstok 17.375026941299 Detik
Duration Looping 700 Data 142.26505303383 Detik 
Total Duration 142.26516890526 Detik 
------------------------- 
Tanggal: 16-10-2021 12:20:01 
Duration Download Forstok 11.819113016129 Detik
Duration Looping 700 Data 136.40728116035 Detik 
Total Duration 136.40739798546 Detik 
------------------------- 
Tanggal: 16-10-2021 12:25:01 
Duration Download Forstok 20.852844953537 Detik
Duration Looping 700 Data 142.96192193031 Detik 
Total Duration 142.96205091476 Detik 
------------------------- 
Tanggal: 16-10-2021 12:30:01 
Duration Download Forstok 14.040564060211 Detik
Duration Looping 700 Data 140.73972010612 Detik 
Total Duration 140.73983001709 Detik 
------------------------- 
Tanggal: 16-10-2021 12:35:01 
Duration Download Forstok 25.026631116867 Detik
Duration Looping 700 Data 144.24912595749 Detik 
Total Duration 144.24924015999 Detik 
------------------------- 
Tanggal: 16-10-2021 12:40:01 
Duration Download Forstok 11.003391027451 Detik
Duration Looping 700 Data 132.64111495018 Detik 
Total Duration 132.64122700691 Detik 
------------------------- 
Tanggal: 16-10-2021 12:45:01 
Duration Download Forstok 20.722162008286 Detik
Duration Looping 700 Data 139.36397814751 Detik 
Total Duration 139.36408805847 Detik 
------------------------- 
Tanggal: 16-10-2021 12:50:01 
Duration Download Forstok 11.650443077087 Detik
Duration Looping 700 Data 134.2255589962 Detik 
Total Duration 134.22564601898 Detik 
------------------------- 
Tanggal: 16-10-2021 12:55:01 
Duration Download Forstok 16.155813932419 Detik
Duration Looping 700 Data 149.33480000496 Detik 
Total Duration 149.3349199295 Detik 
------------------------- 
Tanggal: 16-10-2021 13:00:01 
Duration Download Forstok 15.395745038986 Detik
Duration Looping 700 Data 135.91096401215 Detik 
Total Duration 135.91106796265 Detik 
------------------------- 
Tanggal: 16-10-2021 13:05:01 
Duration Download Forstok 21.372554063797 Detik
Duration Looping 700 Data 146.89484620094 Detik 
Total Duration 146.89496016502 Detik 
------------------------- 
Tanggal: 16-10-2021 13:10:01 
Duration Download Forstok 14.109172105789 Detik
Duration Looping 700 Data 129.46409511566 Detik 
Total Duration 129.46421003342 Detik 
------------------------- 
Tanggal: 16-10-2021 13:15:01 
Duration Download Forstok 19.488160133362 Detik
Duration Looping 700 Data 142.27926111221 Detik 
Total Duration 142.27937412262 Detik 
------------------------- 
Tanggal: 16-10-2021 13:20:01 
Duration Download Forstok 14.877967834473 Detik
Duration Looping 700 Data 137.91289687157 Detik 
Total Duration 137.91301488876 Detik 
------------------------- 
Tanggal: 16-10-2021 13:25:01 
Duration Download Forstok 25.341053009033 Detik
Duration Looping 700 Data 157.55867505074 Detik 
Total Duration 157.55878591537 Detik 
------------------------- 
Tanggal: 16-10-2021 13:30:01 
Duration Download Forstok 12.248599052429 Detik
Duration Looping 700 Data 127.77833604813 Detik 
Total Duration 127.77843904495 Detik 
------------------------- 
Tanggal: 16-10-2021 13:35:01 
Duration Download Forstok 27.256916046143 Detik
Duration Looping 700 Data 148.37027406693 Detik 
Total Duration 148.37038588524 Detik 
------------------------- 
Tanggal: 16-10-2021 13:40:01 
Duration Download Forstok 14.260475158691 Detik
Duration Looping 700 Data 129.55985116959 Detik 
Total Duration 129.55997204781 Detik 
------------------------- 
Tanggal: 16-10-2021 13:45:01 
Duration Download Forstok 17.372101068497 Detik
Duration Looping 700 Data 133.40997219086 Detik 
Total Duration 133.4100830555 Detik 
------------------------- 
Tanggal: 16-10-2021 13:50:01 
Duration Download Forstok 14.075119972229 Detik
Duration Looping 700 Data 130.67881989479 Detik 
Total Duration 130.67897105217 Detik 
------------------------- 
Tanggal: 16-10-2021 13:55:01 
Duration Download Forstok 21.183803796768 Detik
Duration Looping 700 Data 143.6577808857 Detik 
Total Duration 143.65790295601 Detik 
------------------------- 
Tanggal: 16-10-2021 14:00:01 
Duration Download Forstok 13.248473882675 Detik
Duration Looping 700 Data 138.01373791695 Detik 
Total Duration 138.01384592056 Detik 
------------------------- 
Tanggal: 16-10-2021 14:05:01 
Duration Download Forstok 21.97665810585 Detik
Duration Looping 700 Data 138.90719795227 Detik 
Total Duration 138.90731692314 Detik 
------------------------- 
Tanggal: 16-10-2021 14:10:01 
Duration Download Forstok 13.836828947067 Detik
Duration Looping 700 Data 127.49104309082 Detik 
Total Duration 127.49115014076 Detik 
------------------------- 
Tanggal: 16-10-2021 14:15:01 
Duration Download Forstok 14.009074926376 Detik
Duration Looping 700 Data 129.06856608391 Detik 
Total Duration 129.06867909431 Detik 
------------------------- 
Tanggal: 16-10-2021 14:20:01 
Duration Download Forstok 14.467515945435 Detik
Duration Looping 700 Data 137.10352897644 Detik 
Total Duration 137.10363507271 Detik 
------------------------- 
Tanggal: 16-10-2021 14:25:01 
Duration Download Forstok 26.435708045959 Detik
Duration Looping 700 Data 141.43400907516 Detik 
Total Duration 141.43412399292 Detik 
------------------------- 
Tanggal: 16-10-2021 14:30:01 
Duration Download Forstok 11.337955951691 Detik
Duration Looping 700 Data 131.05456495285 Detik 
Total Duration 131.0546810627 Detik 
------------------------- 
Tanggal: 16-10-2021 14:35:01 
Duration Download Forstok 26.763327121735 Detik
Duration Looping 700 Data 144.76351499557 Detik 
Total Duration 144.763641119 Detik 
------------------------- 
Tanggal: 16-10-2021 14:40:01 
Duration Download Forstok 14.708584070206 Detik
Duration Looping 700 Data 131.87012600899 Detik 
Total Duration 131.87024116516 Detik 
------------------------- 
Tanggal: 16-10-2021 14:45:01 
Duration Download Forstok 16.816565990448 Detik
Duration Looping 700 Data 133.99394512177 Detik 
Total Duration 133.99406909943 Detik 
------------------------- 
Tanggal: 16-10-2021 14:50:01 
Duration Download Forstok 13.596122026443 Detik
Duration Looping 700 Data 136.49820709229 Detik 
Total Duration 136.49831199646 Detik 
------------------------- 
Tanggal: 16-10-2021 14:55:01 
Duration Download Forstok 17.01247382164 Detik
Duration Looping 700 Data 136.91257095337 Detik 
Total Duration 136.91267991066 Detik 
------------------------- 
Tanggal: 16-10-2021 15:00:01 
Duration Download Forstok 10.912750005722 Detik
Duration Looping 700 Data 127.93529415131 Detik 
Total Duration 127.93540596962 Detik 
------------------------- 
Tanggal: 16-10-2021 15:05:01 
Duration Download Forstok 17.072094917297 Detik
Duration Looping 700 Data 133.49216008186 Detik 
Total Duration 133.49226808548 Detik 
------------------------- 
Tanggal: 16-10-2021 15:10:01 
Duration Download Forstok 10.737148046494 Detik
Duration Looping 700 Data 124.21642804146 Detik 
Total Duration 124.21653294563 Detik 
------------------------- 
Tanggal: 16-10-2021 15:15:01 
Duration Download Forstok 17.175616025925 Detik
Duration Looping 700 Data 137.68157100677 Detik 
Total Duration 137.68167901039 Detik 
------------------------- 
Tanggal: 16-10-2021 15:20:01 
Duration Download Forstok 13.369199037552 Detik
Duration Looping 700 Data 133.87209796906 Detik 
Total Duration 133.87220692635 Detik 
------------------------- 
Tanggal: 16-10-2021 15:25:01 
Duration Download Forstok 19.876089811325 Detik
Duration Looping 700 Data 138.25682783127 Detik 
Total Duration 138.25694179535 Detik 
------------------------- 
Tanggal: 16-10-2021 15:30:01 
Duration Download Forstok 11.128818035126 Detik
Duration Looping 700 Data 129.85218405724 Detik 
Total Duration 129.8523170948 Detik 
------------------------- 
Tanggal: 16-10-2021 15:35:01 
Duration Download Forstok 14.723222017288 Detik
Duration Looping 700 Data 132.49263095856 Detik 
Total Duration 132.49274897575 Detik 
------------------------- 
Tanggal: 16-10-2021 15:40:01 
Duration Download Forstok 11.811794996262 Detik
Duration Looping 700 Data 127.19352507591 Detik 
Total Duration 127.1936340332 Detik 
------------------------- 
Tanggal: 16-10-2021 15:45:01 
Duration Download Forstok 15.286291122437 Detik
Duration Looping 700 Data 132.49777293205 Detik 
Total Duration 132.49788999557 Detik 
------------------------- 
Tanggal: 16-10-2021 15:50:01 
Duration Download Forstok 11.515387058258 Detik
Duration Looping 700 Data 128.68116307259 Detik 
Total Duration 128.68128299713 Detik 
------------------------- 
Tanggal: 16-10-2021 15:55:01 
Duration Download Forstok 18.828731060028 Detik
Duration Looping 700 Data 137.15838599205 Detik 
Total Duration 137.1585149765 Detik 
------------------------- 
Tanggal: 16-10-2021 16:00:01 
Duration Download Forstok 11.750373840332 Detik
Duration Looping 700 Data 129.13456487656 Detik 
Total Duration 129.13468503952 Detik 
------------------------- 
Tanggal: 16-10-2021 16:05:01 
Duration Download Forstok 22.443128108978 Detik
Duration Looping 700 Data 135.43053102493 Detik 
Total Duration 135.43063902855 Detik 
------------------------- 
Tanggal: 16-10-2021 16:10:01 
Duration Download Forstok 11.783200025558 Detik
Duration Looping 700 Data 130.44550204277 Detik 
Total Duration 130.44562005997 Detik 
------------------------- 
Tanggal: 16-10-2021 16:15:01 
Duration Download Forstok 14.761092185974 Detik
Duration Looping 700 Data 133.57627105713 Detik 
Total Duration 133.57637906075 Detik 
------------------------- 
Tanggal: 16-10-2021 16:20:01 
Duration Download Forstok 14.11673617363 Detik
Duration Looping 700 Data 134.07004618645 Detik 
Total Duration 134.07015013695 Detik 
------------------------- 
Tanggal: 16-10-2021 16:25:01 
Duration Download Forstok 13.751560926437 Detik
Duration Looping 700 Data 126.31833791733 Detik 
Total Duration 126.31844592094 Detik 
------------------------- 
Tanggal: 16-10-2021 16:30:01 
Duration Download Forstok 11.316576004028 Detik
Duration Looping 700 Data 127.97953605652 Detik 
Total Duration 127.97964787483 Detik 
------------------------- 
Tanggal: 16-10-2021 16:35:01 
Duration Download Forstok 22.755749940872 Detik
Duration Looping 700 Data 136.86855196953 Detik 
Total Duration 136.86867594719 Detik 
------------------------- 
Tanggal: 16-10-2021 16:40:01 
Duration Download Forstok 15.553870916367 Detik
Duration Looping 700 Data 137.16249895096 Detik 
Total Duration 137.1626098156 Detik 
------------------------- 
Tanggal: 16-10-2021 16:45:01 
Duration Download Forstok 17.076766967773 Detik
Duration Looping 700 Data 135.20968985558 Detik 
Total Duration 135.20981478691 Detik 
------------------------- 
Tanggal: 16-10-2021 16:50:01 
Duration Download Forstok 13.605682849884 Detik
Duration Looping 700 Data 137.38209891319 Detik 
Total Duration 137.38220691681 Detik 
------------------------- 
Tanggal: 16-10-2021 16:55:01 
Duration Download Forstok 17.289924144745 Detik
Duration Looping 700 Data 137.78747010231 Detik 
Total Duration 137.78758907318 Detik 
------------------------- 
Tanggal: 16-10-2021 17:00:01 
Duration Download Forstok 13.537313938141 Detik
Duration Looping 700 Data 132.25021505356 Detik 
Total Duration 132.25032305717 Detik 
------------------------- 
Tanggal: 16-10-2021 17:05:01 
Duration Download Forstok 14.97643995285 Detik
Duration Looping 700 Data 134.13923406601 Detik 
Total Duration 134.1393430233 Detik 
------------------------- 
Tanggal: 16-10-2021 17:10:01 
Duration Download Forstok 13.312566995621 Detik
Duration Looping 700 Data 129.32761788368 Detik 
Total Duration 129.32771492004 Detik 
------------------------- 
Tanggal: 16-10-2021 17:15:01 
Duration Download Forstok 19.158603906631 Detik
Duration Looping 700 Data 137.60202407837 Detik 
Total Duration 137.60214996338 Detik 
------------------------- 
Tanggal: 16-10-2021 17:20:01 
Duration Download Forstok 14.334467172623 Detik
Duration Looping 700 Data 130.944617033 Detik 
Total Duration 130.9447221756 Detik 
------------------------- 
Tanggal: 16-10-2021 17:25:01 
Duration Download Forstok 19.407461881638 Detik
Duration Looping 700 Data 136.0127530098 Detik 
Total Duration 136.01288104057 Detik 
------------------------- 
Tanggal: 16-10-2021 17:30:01 
Duration Download Forstok 12.072271108627 Detik
Duration Looping 700 Data 123.43992900848 Detik 
Total Duration 123.44003510475 Detik 
------------------------- 
Tanggal: 16-10-2021 17:35:01 
Duration Download Forstok 20.422013998032 Detik
Duration Looping 700 Data 138.52264118195 Detik 
Total Duration 138.52275013924 Detik 
------------------------- 
Tanggal: 16-10-2021 17:40:01 
Duration Download Forstok 18.703585863113 Detik
Duration Looping 700 Data 145.42796802521 Detik 
Total Duration 145.4280898571 Detik 
------------------------- 
Tanggal: 16-10-2021 17:45:01 
Duration Download Forstok 19.154679059982 Detik
Duration Looping 700 Data 131.01212191582 Detik 
Total Duration 131.01223707199 Detik 
------------------------- 
Tanggal: 16-10-2021 17:50:01 
Duration Download Forstok 11.153197050095 Detik
Duration Looping 700 Data 122.30482292175 Detik 
Total Duration 122.30493402481 Detik 
------------------------- 
Tanggal: 16-10-2021 17:55:01 
Duration Download Forstok 18.261724948883 Detik
Duration Looping 700 Data 147.80586600304 Detik 
Total Duration 147.80597710609 Detik 
------------------------- 
Tanggal: 16-10-2021 18:00:01 
Duration Download Forstok 12.555819034576 Detik
Duration Looping 700 Data 132.75327110291 Detik 
Total Duration 132.75338101387 Detik 
------------------------- 
Tanggal: 16-10-2021 18:05:01 
Duration Download Forstok 20.339797019958 Detik
Duration Looping 700 Data 150.79469203949 Detik 
Total Duration 150.79480290413 Detik 
------------------------- 
Tanggal: 16-10-2021 18:10:01 
Duration Download Forstok 18.413647890091 Detik
Duration Looping 700 Data 130.00509500504 Detik 
Total Duration 130.00519990921 Detik 
------------------------- 
Tanggal: 16-10-2021 18:15:01 
Duration Download Forstok 16.884516000748 Detik
Duration Looping 700 Data 134.48049283028 Detik 
Total Duration 134.48060178757 Detik 
------------------------- 
Tanggal: 16-10-2021 18:20:01 
Duration Download Forstok 13.040134191513 Detik
Duration Looping 700 Data 134.68211102486 Detik 
Total Duration 134.68222618103 Detik 
------------------------- 
Tanggal: 16-10-2021 18:25:01 
Duration Download Forstok 15.683218002319 Detik
Duration Looping 700 Data 137.52219486237 Detik 
Total Duration 137.52230000496 Detik 
------------------------- 
Tanggal: 16-10-2021 18:30:01 
Duration Download Forstok 11.681061983109 Detik
Duration Looping 700 Data 122.79862594604 Detik 
Total Duration 122.79874300957 Detik 
------------------------- 
Tanggal: 16-10-2021 18:35:01 
Duration Download Forstok 24.370894908905 Detik
Duration Looping 700 Data 153.87529706955 Detik 
Total Duration 153.87540888786 Detik 
------------------------- 
Tanggal: 16-10-2021 18:40:01 
Duration Download Forstok 12.305595159531 Detik
Duration Looping 700 Data 142.45854902267 Detik 
Total Duration 142.45865607262 Detik 
------------------------- 
Tanggal: 16-10-2021 18:45:01 
Duration Download Forstok 14.22576713562 Detik
Duration Looping 700 Data 129.22380399704 Detik 
Total Duration 129.22392010689 Detik 
------------------------- 
Tanggal: 16-10-2021 18:50:01 
Duration Download Forstok 10.978906154633 Detik
Duration Looping 700 Data 128.24283409119 Detik 
Total Duration 128.24294114113 Detik 
------------------------- 
Tanggal: 16-10-2021 18:55:01 
Duration Download Forstok 17.82400894165 Detik
Duration Looping 700 Data 137.7201731205 Detik 
Total Duration 137.72032594681 Detik 
------------------------- 
Tanggal: 16-10-2021 19:00:01 
Duration Download Forstok 14.194900989532 Detik
Duration Looping 700 Data 136.56300115585 Detik 
Total Duration 136.56311202049 Detik 
------------------------- 
Tanggal: 16-10-2021 19:05:01 
Duration Download Forstok 17.908612966537 Detik
Duration Looping 700 Data 135.83469104767 Detik 
Total Duration 135.83480191231 Detik 
------------------------- 
Tanggal: 16-10-2021 19:10:01 
Duration Download Forstok 26.838615179062 Detik
Duration Looping 700 Data 147.60165309906 Detik 
Total Duration 147.60175800323 Detik 
------------------------- 
Tanggal: 16-10-2021 19:15:01 
Duration Download Forstok 22.953155994415 Detik
Duration Looping 700 Data 145.11195492744 Detik 
Total Duration 145.11207294464 Detik 
------------------------- 
Tanggal: 16-10-2021 19:20:01 
Duration Download Forstok 12.803779125214 Detik
Duration Looping 700 Data 131.36287117004 Detik 
Total Duration 131.36297512054 Detik 
------------------------- 
Tanggal: 16-10-2021 19:25:01 
Duration Download Forstok 17.919018983841 Detik
Duration Looping 700 Data 134.68454480171 Detik 
Total Duration 134.68465995789 Detik 
------------------------- 
Tanggal: 16-10-2021 19:30:01 
Duration Download Forstok 13.040389060974 Detik
Duration Looping 700 Data 129.58250999451 Detik 
Total Duration 129.5826189518 Detik 
------------------------- 
Tanggal: 16-10-2021 19:35:01 
Duration Download Forstok 19.340367078781 Detik
Duration Looping 700 Data 139.66775012016 Detik 
Total Duration 139.66786694527 Detik 
------------------------- 
Tanggal: 16-10-2021 19:40:01 
Duration Download Forstok 16.620486021042 Detik
Duration Looping 700 Data 136.24051499367 Detik 
Total Duration 136.24061489105 Detik 
------------------------- 
Tanggal: 16-10-2021 19:45:01 
Duration Download Forstok 17.273633003235 Detik
Duration Looping 700 Data 150.76121401787 Detik 
Total Duration 150.76132392883 Detik 
------------------------- 
Tanggal: 16-10-2021 19:50:01 
Duration Download Forstok 13.934676170349 Detik
Duration Looping 700 Data 127.7204720974 Detik 
Total Duration 127.72054314613 Detik 
------------------------- 
Tanggal: 16-10-2021 19:55:01 
Duration Download Forstok 17.901314973831 Detik
Duration Looping 700 Data 131.5263261795 Detik 
Total Duration 131.52642202377 Detik 
------------------------- 
Tanggal: 16-10-2021 20:00:01 
Duration Download Forstok 13.535178899765 Detik
Duration Looping 700 Data 131.66824102402 Detik 
Total Duration 131.66835188866 Detik 
------------------------- 
Tanggal: 16-10-2021 20:05:01 
Duration Download Forstok 24.947470903397 Detik
Duration Looping 700 Data 147.36185598373 Detik 
Total Duration 147.36197185516 Detik 
------------------------- 
Tanggal: 16-10-2021 20:10:01 
Duration Download Forstok 20.7641248703 Detik
Duration Looping 700 Data 141.2099609375 Detik 
Total Duration 141.21007394791 Detik 
------------------------- 
Tanggal: 16-10-2021 20:15:01 
Duration Download Forstok 20.86269402504 Detik
Duration Looping 700 Data 137.11000204086 Detik 
Total Duration 137.11011600494 Detik 
------------------------- 
Tanggal: 16-10-2021 20:20:01 
Duration Download Forstok 12.752321004868 Detik
Duration Looping 700 Data 130.14235281944 Detik 
Total Duration 130.14243578911 Detik 
------------------------- 
Tanggal: 16-10-2021 20:25:01 
Duration Download Forstok 13.052227973938 Detik
Duration Looping 700 Data 128.97218489647 Detik 
Total Duration 128.97230291367 Detik 
------------------------- 
Tanggal: 16-10-2021 20:30:01 
Duration Download Forstok 13.663579940796 Detik
Duration Looping 700 Data 133.76179695129 Detik 
Total Duration 133.76190400124 Detik 
------------------------- 
Tanggal: 16-10-2021 20:35:01 
Duration Download Forstok 21.097531080246 Detik
Duration Looping 700 Data 144.26643705368 Detik 
Total Duration 144.26652097702 Detik 
------------------------- 
Tanggal: 16-10-2021 20:40:01 
Duration Download Forstok 13.101948976517 Detik
Duration Looping 700 Data 128.78330278397 Detik 
Total Duration 128.78340888023 Detik 
------------------------- 
Tanggal: 16-10-2021 20:45:01 
Duration Download Forstok 14.568491220474 Detik
Duration Looping 700 Data 127.39809203148 Detik 
Total Duration 127.39820313454 Detik 
------------------------- 
Tanggal: 16-10-2021 20:50:01 
Duration Download Forstok 11.72070980072 Detik
Duration Looping 700 Data 130.57203793526 Detik 
Total Duration 130.57213592529 Detik 
------------------------- 
Tanggal: 16-10-2021 20:55:01 
Duration Download Forstok 19.153786897659 Detik
Duration Looping 700 Data 135.47782492638 Detik 
Total Duration 135.47794294357 Detik 
------------------------- 
Tanggal: 16-10-2021 21:00:01 
Duration Download Forstok 10.977741003036 Detik
Duration Looping 700 Data 128.49076390266 Detik 
Total Duration 128.49086999893 Detik 
------------------------- 
Tanggal: 16-10-2021 21:05:01 
Duration Download Forstok 18.625632047653 Detik
Duration Looping 700 Data 135.63888311386 Detik 
Total Duration 135.6389670372 Detik 
------------------------- 
Tanggal: 16-10-2021 21:10:01 
Duration Download Forstok 11.238042116165 Detik
Duration Looping 700 Data 127.932046175 Detik 
Total Duration 127.93216109276 Detik 
------------------------- 
Tanggal: 16-10-2021 21:15:01 
Duration Download Forstok 17.013443946838 Detik
Duration Looping 700 Data 130.21315598488 Detik 
Total Duration 130.21326398849 Detik 
------------------------- 
Tanggal: 16-10-2021 21:20:01 
Duration Download Forstok 11.771502971649 Detik
Duration Looping 700 Data 130.20023083687 Detik 
Total Duration 130.20035791397 Detik 
------------------------- 
Tanggal: 16-10-2021 21:25:01 
Duration Download Forstok 15.350439071655 Detik
Duration Looping 700 Data 128.82576394081 Detik 
Total Duration 128.82587695122 Detik 
------------------------- 
Tanggal: 16-10-2021 21:30:01 
Duration Download Forstok 15.122798919678 Detik
Duration Looping 700 Data 131.14105391502 Detik 
Total Duration 131.14116501808 Detik 
------------------------- 
Tanggal: 16-10-2021 21:35:01 
Duration Download Forstok 21.150475025177 Detik
Duration Looping 700 Data 141.98057508469 Detik 
Total Duration 141.98068499565 Detik 
------------------------- 
Tanggal: 16-10-2021 21:40:01 
Duration Download Forstok 11.733806848526 Detik
Duration Looping 700 Data 129.5284318924 Detik 
Total Duration 129.52853703499 Detik 
------------------------- 
Tanggal: 16-10-2021 21:45:01 
Duration Download Forstok 16.849988937378 Detik
Duration Looping 700 Data 144.33605980873 Detik 
Total Duration 144.3361749649 Detik 
------------------------- 
Tanggal: 16-10-2021 21:50:01 
Duration Download Forstok 14.077832937241 Detik
Duration Looping 700 Data 129.79369282722 Detik 
Total Duration 129.79380679131 Detik 
------------------------- 
Tanggal: 16-10-2021 21:55:01 
Duration Download Forstok 18.070472002029 Detik
Duration Looping 700 Data 138.58579802513 Detik 
Total Duration 138.58590602875 Detik 
------------------------- 
Tanggal: 16-10-2021 22:00:01 
Duration Download Forstok 10.740304946899 Detik
Duration Looping 700 Data 128.7322371006 Detik 
Total Duration 128.73233890533 Detik 
------------------------- 
Tanggal: 16-10-2021 22:05:01 
Duration Download Forstok 16.504305124283 Detik
Duration Looping 700 Data 130.25740599632 Detik 
Total Duration 130.25751018524 Detik 
------------------------- 
Tanggal: 16-10-2021 22:10:02 
Duration Download Forstok 20.889111995697 Detik
Duration Looping 700 Data 136.33271884918 Detik 
Total Duration 136.33282995224 Detik 
------------------------- 
Tanggal: 16-10-2021 22:15:01 
Duration Download Forstok 16.029350042343 Detik
Duration Looping 700 Data 135.30943202972 Detik 
Total Duration 135.3095459938 Detik 
------------------------- 
Tanggal: 16-10-2021 22:20:01 
Duration Download Forstok 12.059897184372 Detik
Duration Looping 700 Data 136.45238518715 Detik 
Total Duration 136.45249319077 Detik 
------------------------- 
Tanggal: 16-10-2021 22:25:01 
Duration Download Forstok 15.036326169968 Detik
Duration Looping 700 Data 126.98125004768 Detik 
Total Duration 126.98136401176 Detik 
------------------------- 
Tanggal: 16-10-2021 22:30:01 
Duration Download Forstok 12.291699886322 Detik
Duration Looping 700 Data 137.32814478874 Detik 
Total Duration 137.32823586464 Detik 
------------------------- 
Tanggal: 16-10-2021 22:35:01 
Duration Download Forstok 19.942758083344 Detik
Duration Looping 700 Data 136.99313211441 Detik 
Total Duration 136.99325013161 Detik 
------------------------- 
Tanggal: 16-10-2021 22:40:01 
Duration Download Forstok 11.559163808823 Detik
Duration Looping 700 Data 126.69295883179 Detik 
Total Duration 126.69307398796 Detik 
------------------------- 
Tanggal: 16-10-2021 22:45:01 
Duration Download Forstok 23.939095973969 Detik
Duration Looping 700 Data 138.53129696846 Detik 
Total Duration 138.5314040184 Detik 
------------------------- 
Tanggal: 16-10-2021 22:50:01 
Duration Download Forstok 11.992006063461 Detik
Duration Looping 700 Data 123.13016104698 Detik 
Total Duration 123.13028621674 Detik 
------------------------- 
Tanggal: 16-10-2021 22:55:01 
Duration Download Forstok 21.10777592659 Detik
Duration Looping 700 Data 142.4597120285 Detik 
Total Duration 142.45982694626 Detik 
------------------------- 
Tanggal: 16-10-2021 23:00:01 
Duration Download Forstok 11.323369979858 Detik
Duration Looping 700 Data 125.86950683594 Detik 
Total Duration 125.86961388588 Detik 
------------------------- 
Tanggal: 16-10-2021 23:05:01 
Duration Download Forstok 15.053683996201 Detik
Duration Looping 700 Data 132.63098406792 Detik 
Total Duration 132.63109302521 Detik 
------------------------- 
Tanggal: 16-10-2021 23:10:01 
Duration Download Forstok 22.364518880844 Detik
Duration Looping 700 Data 138.14185595512 Detik 
Total Duration 138.14192795753 Detik 
------------------------- 
Tanggal: 16-10-2021 23:15:01 
Duration Download Forstok 22.875782966614 Detik
Duration Looping 700 Data 143.05545091629 Detik 
Total Duration 143.0555639267 Detik 
------------------------- 
Tanggal: 16-10-2021 23:20:02 
Duration Download Forstok 11.43408203125 Detik
Duration Looping 700 Data 126.01324105263 Detik 
Total Duration 126.01332902908 Detik 
------------------------- 
Tanggal: 16-10-2021 23:25:01 
Duration Download Forstok 20.535153865814 Detik
Duration Looping 700 Data 130.48197484016 Detik 
Total Duration 130.48208594322 Detik 
------------------------- 
Tanggal: 16-10-2021 23:30:01 
Duration Download Forstok 12.946332931519 Detik
Duration Looping 700 Data 128.28865504265 Detik 
Total Duration 128.28876399994 Detik 
------------------------- 
Tanggal: 16-10-2021 23:35:01 
Duration Download Forstok 22.858971118927 Detik
Duration Looping 700 Data 142.34816813469 Detik 
Total Duration 142.34828710556 Detik 
------------------------- 
Tanggal: 16-10-2021 23:40:02 
Duration Download Forstok 13.893186092377 Detik
Duration Looping 700 Data 131.60048413277 Detik 
Total Duration 131.60059309006 Detik 
------------------------- 
Tanggal: 16-10-2021 23:45:01 
Duration Download Forstok 19.070207118988 Detik
Duration Looping 700 Data 133.95376396179 Detik 
Total Duration 133.95387911797 Detik 
------------------------- 
Tanggal: 16-10-2021 23:50:01 
Duration Download Forstok 14.676143884659 Detik
Duration Looping 700 Data 132.77140402794 Detik 
Total Duration 132.77151799202 Detik 
------------------------- 
Tanggal: 16-10-2021 23:55:01 
Duration Download Forstok 20.276405096054 Detik
Duration Looping 700 Data 137.37441205978 Detik 
Total Duration 137.3745071888 Detik 
------------------------- 
