Tanggal: 20-03-2022 00:00:01 
Duration Download Forstok 13.245853900909 Detik
Duration Looping 700 Data 594.48941302299 Detik 
Total Duration 594.49045395851 Detik 
------------------------- 
Tanggal: 20-03-2022 00:10:01 
Duration Download Forstok 13.796961069107 Detik
Duration Looping 700 Data 168.2154378891 Detik 
Total Duration 168.21555304527 Detik 
------------------------- 
Tanggal: 20-03-2022 00:15:01 
Duration Download Forstok 19.79004907608 Detik
Duration Looping 700 Data 172.49729800224 Detik 
Total Duration 172.49741911888 Detik 
------------------------- 
Tanggal: 20-03-2022 00:20:01 
Duration Download Forstok 16.271928787231 Detik
Duration Looping 700 Data 174.89596986771 Detik 
Total Duration 174.896078825 Detik 
------------------------- 
Tanggal: 20-03-2022 00:25:01 
Duration Download Forstok 13.667885065079 Detik
Duration Looping 700 Data 165.78437113762 Detik 
Total Duration 165.78448200226 Detik 
------------------------- 
Tanggal: 20-03-2022 00:30:01 
Duration Download Forstok 14.149058103561 Detik
Duration Looping 700 Data 178.72232317924 Detik 
Total Duration 178.72899508476 Detik 
------------------------- 
Tanggal: 20-03-2022 00:35:01 
Duration Download Forstok 21.286871910095 Detik
Duration Looping 700 Data 187.78496098518 Detik 
Total Duration 187.78508400917 Detik 
------------------------- 
Tanggal: 20-03-2022 00:40:01 
Duration Download Forstok 12.364701986313 Detik
Duration Looping 700 Data 167.71771216393 Detik 
Total Duration 167.71783614159 Detik 
------------------------- 
Tanggal: 20-03-2022 00:45:01 
Duration Download Forstok 20.957722187042 Detik
Duration Looping 700 Data 175.03490400314 Detik 
Total Duration 175.03502011299 Detik 
------------------------- 
Tanggal: 20-03-2022 00:50:01 
Duration Download Forstok 16.943301200867 Detik
Duration Looping 700 Data 173.80119800568 Detik 
Total Duration 173.80131411552 Detik 
------------------------- 
Tanggal: 20-03-2022 00:55:01 
Duration Download Forstok 16.792461872101 Detik
Duration Looping 700 Data 189.20431995392 Detik 
Total Duration 189.20443296432 Detik 
------------------------- 
Tanggal: 20-03-2022 01:00:01 
Duration Download Forstok 16.548965930939 Detik
Duration Looping 700 Data 172.52994298935 Detik 
Total Duration 172.53008985519 Detik 
------------------------- 
Tanggal: 20-03-2022 01:05:01 
Duration Download Forstok 30.292857885361 Detik
Duration Looping 700 Data 188.32249999046 Detik 
Total Duration 188.3226339817 Detik 
------------------------- 
Tanggal: 20-03-2022 01:10:01 
Duration Download Forstok 13.121973991394 Detik
Duration Looping 700 Data 175.68141698837 Detik 
Total Duration 175.68152499199 Detik 
------------------------- 
Tanggal: 20-03-2022 01:15:01 
Duration Download Forstok 21.650595188141 Detik
Duration Looping 700 Data 183.36284017563 Detik 
Total Duration 183.36296105385 Detik 
------------------------- 
Tanggal: 20-03-2022 01:20:01 
Duration Download Forstok 13.549244880676 Detik
Duration Looping 700 Data 175.99674892426 Detik 
Total Duration 175.99686789513 Detik 
------------------------- 
Tanggal: 20-03-2022 01:25:01 
Duration Download Forstok 17.826196908951 Detik
Duration Looping 700 Data 178.2927968502 Detik 
Total Duration 178.29905581474 Detik 
------------------------- 
Tanggal: 20-03-2022 01:30:01 
Duration Download Forstok 16.912675857544 Detik
Duration Looping 700 Data 168.19682097435 Detik 
Total Duration 168.19696688652 Detik 
------------------------- 
Tanggal: 20-03-2022 01:35:01 
Duration Download Forstok 21.504312038422 Detik
Duration Looping 700 Data 172.82896399498 Detik 
Total Duration 172.82911992073 Detik 
------------------------- 
Tanggal: 20-03-2022 01:40:01 
Duration Download Forstok 13.540663003922 Detik
Duration Looping 700 Data 168.42672896385 Detik 
Total Duration 168.42684292793 Detik 
------------------------- 
Tanggal: 20-03-2022 01:45:01 
Duration Download Forstok 17.449299097061 Detik
Duration Looping 700 Data 168.41532111168 Detik 
Total Duration 168.41544222832 Detik 
------------------------- 
Tanggal: 20-03-2022 01:50:01 
Duration Download Forstok 12.898932933807 Detik
Duration Looping 700 Data 165.10241484642 Detik 
Total Duration 165.10254693031 Detik 
------------------------- 
Tanggal: 20-03-2022 01:55:01 
Duration Download Forstok 13.122396945953 Detik
Duration Looping 700 Data 173.64019608498 Detik 
Total Duration 173.64031910896 Detik 
------------------------- 
Tanggal: 20-03-2022 02:00:02 
Duration Download Forstok 19.832434177399 Detik
Duration Looping 700 Data 177.55691313744 Detik 
Total Duration 177.55704808235 Detik 
------------------------- 
Tanggal: 20-03-2022 02:05:01 
Duration Download Forstok 21.322094917297 Detik
Duration Looping 700 Data 178.36662793159 Detik 
Total Duration 178.36674785614 Detik 
------------------------- 
Tanggal: 20-03-2022 02:10:01 
Duration Download Forstok 16.701231002808 Detik
Duration Looping 700 Data 170.59378004074 Detik 
Total Duration 170.59390211105 Detik 
------------------------- 
Tanggal: 20-03-2022 02:15:01 
Duration Download Forstok 16.267733097076 Detik
Duration Looping 700 Data 170.81832408905 Detik 
Total Duration 170.8184800148 Detik 
------------------------- 
Tanggal: 20-03-2022 02:20:01 
Duration Download Forstok 15.92534995079 Detik
Duration Looping 700 Data 166.6782848835 Detik 
Total Duration 166.67841386795 Detik 
------------------------- 
Tanggal: 20-03-2022 02:25:02 
Duration Download Forstok 15.921494007111 Detik
Duration Looping 700 Data 171.29416704178 Detik 
Total Duration 171.29428601265 Detik 
------------------------- 
Tanggal: 20-03-2022 02:30:01 
Duration Download Forstok 17.675359010696 Detik
Duration Looping 700 Data 179.79834294319 Detik 
Total Duration 179.79845786095 Detik 
------------------------- 
Tanggal: 20-03-2022 02:35:01 
Duration Download Forstok 19.56379699707 Detik
Duration Looping 700 Data 176.1273188591 Detik 
Total Duration 176.12744283676 Detik 
------------------------- 
Tanggal: 20-03-2022 02:40:01 
Duration Download Forstok 16.600197792053 Detik
Duration Looping 700 Data 168.03327798843 Detik 
Total Duration 168.03340888023 Detik 
------------------------- 
Tanggal: 20-03-2022 02:45:01 
Duration Download Forstok 19.240497112274 Detik
Duration Looping 700 Data 169.40996193886 Detik 
Total Duration 169.41008615494 Detik 
------------------------- 
Tanggal: 20-03-2022 02:50:01 
Duration Download Forstok 13.928529977798 Detik
Duration Looping 700 Data 179.22239208221 Detik 
Total Duration 179.22251200676 Detik 
------------------------- 
Tanggal: 20-03-2022 02:55:01 
Duration Download Forstok 13.72727394104 Detik
Duration Looping 700 Data 168.08519911766 Detik 
Total Duration 168.08531188965 Detik 
------------------------- 
Tanggal: 20-03-2022 03:00:01 
Duration Download Forstok 13.548584222794 Detik
Duration Looping 700 Data 168.68579006195 Detik 
Total Duration 168.68590402603 Detik 
------------------------- 
Tanggal: 20-03-2022 03:05:01 
Duration Download Forstok 15.531315088272 Detik
Duration Looping 700 Data 175.2099981308 Detik 
Total Duration 175.2101149559 Detik 
------------------------- 
Tanggal: 20-03-2022 03:10:01 
Duration Download Forstok 17.407764911652 Detik
Duration Looping 700 Data 173.78191494942 Detik 
Total Duration 173.78203701973 Detik 
------------------------- 
Tanggal: 20-03-2022 03:15:01 
Duration Download Forstok 21.456284046173 Detik
Duration Looping 700 Data 179.87173604965 Detik 
Total Duration 179.8718559742 Detik 
------------------------- 
Tanggal: 20-03-2022 03:20:01 
Duration Download Forstok 19.277323961258 Detik
Duration Looping 700 Data 175.38171696663 Detik 
Total Duration 175.38183903694 Detik 
------------------------- 
Tanggal: 20-03-2022 03:25:01 
Duration Download Forstok 14.823849916458 Detik
Duration Looping 700 Data 181.16444993019 Detik 
Total Duration 181.16457796097 Detik 
------------------------- 
Tanggal: 20-03-2022 03:30:01 
Duration Download Forstok 11.699913024902 Detik
Duration Looping 700 Data 168.23840308189 Detik 
Total Duration 168.23851895332 Detik 
------------------------- 
Tanggal: 20-03-2022 03:35:01 
Duration Download Forstok 22.633531093597 Detik
Duration Looping 700 Data 177.1628010273 Detik 
Total Duration 177.16291594505 Detik 
------------------------- 
Tanggal: 20-03-2022 03:40:01 
Duration Download Forstok 12.485913038254 Detik
Duration Looping 700 Data 167.90517807007 Detik 
Total Duration 167.90530800819 Detik 
------------------------- 
Tanggal: 20-03-2022 03:45:01 
Duration Download Forstok 22.83234000206 Detik
Duration Looping 700 Data 181.47615408897 Detik 
Total Duration 181.47626209259 Detik 
------------------------- 
Tanggal: 20-03-2022 03:50:02 
Duration Download Forstok 16.993836164474 Detik
Duration Looping 700 Data 166.83852601051 Detik 
Total Duration 166.83865118027 Detik 
------------------------- 
Tanggal: 20-03-2022 03:55:01 
Duration Download Forstok 13.371500968933 Detik
Duration Looping 700 Data 166.2715818882 Detik 
Total Duration 166.27169704437 Detik 
------------------------- 
Tanggal: 20-03-2022 04:00:01 
Duration Download Forstok 13.116552114487 Detik
Duration Looping 700 Data 165.10614705086 Detik 
Total Duration 165.1062669754 Detik 
------------------------- 
Tanggal: 20-03-2022 04:05:01 
Duration Download Forstok 24.54881310463 Detik
Duration Looping 700 Data 173.72188711166 Detik 
Total Duration 173.72200512886 Detik 
------------------------- 
Tanggal: 20-03-2022 04:10:01 
Duration Download Forstok 14.288317203522 Detik
Duration Looping 700 Data 184.79244709015 Detik 
Total Duration 184.79256105423 Detik 
------------------------- 
Tanggal: 20-03-2022 04:15:01 
Duration Download Forstok 16.85573887825 Detik
Duration Looping 700 Data 173.23287391663 Detik 
Total Duration 173.23299598694 Detik 
------------------------- 
Tanggal: 20-03-2022 04:20:01 
Duration Download Forstok 14.268738985062 Detik
Duration Looping 700 Data 163.79879689217 Detik 
Total Duration 163.79891490936 Detik 
------------------------- 
Tanggal: 20-03-2022 04:25:01 
Duration Download Forstok 14.321655035019 Detik
Duration Looping 700 Data 165.1659681797 Detik 
Total Duration 165.16609120369 Detik 
------------------------- 
Tanggal: 20-03-2022 04:30:01 
Duration Download Forstok 16.29953622818 Detik
Duration Looping 700 Data 171.81065821648 Detik 
Total Duration 171.81077218056 Detik 
------------------------- 
Tanggal: 20-03-2022 04:35:02 
Duration Download Forstok 23.163398981094 Detik
Duration Looping 700 Data 177.62294101715 Detik 
Total Duration 177.6230700016 Detik 
------------------------- 
Tanggal: 20-03-2022 04:40:01 
Duration Download Forstok 12.06428194046 Detik
Duration Looping 700 Data 167.41651201248 Detik 
Total Duration 167.41662788391 Detik 
------------------------- 
Tanggal: 20-03-2022 04:45:01 
Duration Download Forstok 24.932214021683 Detik
Duration Looping 700 Data 179.76849889755 Detik 
Total Duration 179.76861405373 Detik 
------------------------- 
Tanggal: 20-03-2022 04:50:01 
Duration Download Forstok 13.634577989578 Detik
Duration Looping 700 Data 163.85753512383 Detik 
Total Duration 163.85764813423 Detik 
------------------------- 
Tanggal: 20-03-2022 04:55:01 
Duration Download Forstok 17.934829950333 Detik
Duration Looping 700 Data 167.46344804764 Detik 
Total Duration 167.46356892586 Detik 
------------------------- 
Tanggal: 20-03-2022 05:00:01 
Duration Download Forstok 13.327075004578 Detik
Duration Looping 700 Data 165.11624479294 Detik 
Total Duration 165.116355896 Detik 
------------------------- 
Tanggal: 20-03-2022 05:05:01 
Duration Download Forstok 22.563853979111 Detik
Duration Looping 700 Data 172.75691795349 Detik 
Total Duration 172.7570309639 Detik 
------------------------- 
Tanggal: 20-03-2022 05:10:01 
Duration Download Forstok 15.445904970169 Detik
Duration Looping 700 Data 168.14441299438 Detik 
Total Duration 168.14453887939 Detik 
------------------------- 
Tanggal: 20-03-2022 05:15:01 
Duration Download Forstok 19.450357913971 Detik
Duration Looping 700 Data 175.51550507545 Detik 
Total Duration 175.51562094688 Detik 
------------------------- 
Tanggal: 20-03-2022 05:20:01 
Duration Download Forstok 13.264135122299 Detik
Duration Looping 700 Data 165.61892604828 Detik 
Total Duration 165.61905002594 Detik 
------------------------- 
Tanggal: 20-03-2022 05:25:01 
Duration Download Forstok 16.810091972351 Detik
Duration Looping 700 Data 175.97246313095 Detik 
Total Duration 175.97257804871 Detik 
------------------------- 
Tanggal: 20-03-2022 05:30:01 
Duration Download Forstok 14.023500919342 Detik
Duration Looping 700 Data 179.12715792656 Detik 
Total Duration 179.12726402283 Detik 
------------------------- 
Tanggal: 20-03-2022 05:35:01 
Duration Download Forstok 18.845281124115 Detik
Duration Looping 700 Data 174.69434499741 Detik 
Total Duration 174.69446396828 Detik 
------------------------- 
Tanggal: 20-03-2022 05:40:01 
Duration Download Forstok 18.772336959839 Detik
Duration Looping 700 Data 167.87651801109 Detik 
Total Duration 167.87663888931 Detik 
------------------------- 
Tanggal: 20-03-2022 05:45:01 
Duration Download Forstok 14.179651021957 Detik
Duration Looping 700 Data 176.2475810051 Detik 
Total Duration 176.24769496918 Detik 
------------------------- 
Tanggal: 20-03-2022 05:50:01 
Duration Download Forstok 13.544222831726 Detik
Duration Looping 700 Data 169.21341300011 Detik 
Total Duration 169.21352291107 Detik 
------------------------- 
Tanggal: 20-03-2022 05:55:01 
Duration Download Forstok 19.448434114456 Detik
Duration Looping 700 Data 207.31064105034 Detik 
Total Duration 207.31075310707 Detik 
------------------------- 
Tanggal: 20-03-2022 06:00:01 
Duration Download Forstok 16.474076032639 Detik
Duration Looping 700 Data 183.95963191986 Detik 
Total Duration 183.95974397659 Detik 
------------------------- 
Tanggal: 20-03-2022 06:05:01 
Duration Download Forstok 22.230057954788 Detik
Duration Looping 700 Data 174.93544006348 Detik 
Total Duration 174.93554711342 Detik 
------------------------- 
Tanggal: 20-03-2022 06:10:01 
Duration Download Forstok 14.419711112976 Detik
Duration Looping 700 Data 168.4979121685 Detik 
Total Duration 168.49803304672 Detik 
------------------------- 
Tanggal: 20-03-2022 06:15:01 
Duration Download Forstok 14.818268060684 Detik
Duration Looping 700 Data 186.82689595222 Detik 
Total Duration 186.82701897621 Detik 
------------------------- 
Tanggal: 20-03-2022 06:20:01 
Duration Download Forstok 14.388459205627 Detik
Duration Looping 700 Data 178.42058515549 Detik 
Total Duration 178.42070698738 Detik 
------------------------- 
Tanggal: 20-03-2022 06:25:01 
Duration Download Forstok 20.266258955002 Detik
Duration Looping 700 Data 169.86985087395 Detik 
Total Duration 169.86999893188 Detik 
------------------------- 
Tanggal: 20-03-2022 06:30:01 
Duration Download Forstok 14.652424097061 Detik
Duration Looping 700 Data 166.1819460392 Detik 
Total Duration 166.18208813667 Detik 
------------------------- 
Tanggal: 20-03-2022 06:35:01 
Duration Download Forstok 18.710376977921 Detik
Duration Looping 700 Data 167.77244091034 Detik 
Total Duration 167.7725789547 Detik 
------------------------- 
Tanggal: 20-03-2022 06:40:01 
Duration Download Forstok 14.426651954651 Detik
Duration Looping 700 Data 163.56415700912 Detik 
Total Duration 163.56427884102 Detik 
------------------------- 
Tanggal: 20-03-2022 06:45:02 
Duration Download Forstok 21.089523077011 Detik
Duration Looping 700 Data 181.79224205017 Detik 
Total Duration 181.79235196114 Detik 
------------------------- 
Tanggal: 20-03-2022 06:50:01 
Duration Download Forstok 17.502688169479 Detik
Duration Looping 700 Data 170.84185910225 Detik 
Total Duration 170.84197211266 Detik 
------------------------- 
Tanggal: 20-03-2022 06:55:01 
Duration Download Forstok 14.668999195099 Detik
Duration Looping 700 Data 169.26107501984 Detik 
Total Duration 169.26119112968 Detik 
------------------------- 
Tanggal: 20-03-2022 07:00:01 
Duration Download Forstok 16.426964044571 Detik
Duration Looping 700 Data 179.23921990395 Detik 
Total Duration 179.23933792114 Detik 
------------------------- 
Tanggal: 20-03-2022 07:05:01 
Duration Download Forstok 26.773934841156 Detik
Duration Looping 700 Data 196.18620085716 Detik 
Total Duration 196.18632292747 Detik 
------------------------- 
Tanggal: 20-03-2022 07:10:01 
Duration Download Forstok 15.527171134949 Detik
Duration Looping 700 Data 171.20185399055 Detik 
Total Duration 171.20198392868 Detik 
------------------------- 
Tanggal: 20-03-2022 07:15:01 
Duration Download Forstok 15.112832069397 Detik
Duration Looping 700 Data 166.95177006721 Detik 
Total Duration 166.95195603371 Detik 
------------------------- 
Tanggal: 20-03-2022 07:20:01 
Duration Download Forstok 11.662605047226 Detik
Duration Looping 700 Data 194.67576003075 Detik 
Total Duration 194.67587399483 Detik 
------------------------- 
Tanggal: 20-03-2022 07:25:01 
Duration Download Forstok 12.94797205925 Detik
Duration Looping 700 Data 169.13844394684 Detik 
Total Duration 169.13856005669 Detik 
------------------------- 
Tanggal: 20-03-2022 07:30:01 
Duration Download Forstok 15.098753929138 Detik
Duration Looping 700 Data 166.38408589363 Detik 
Total Duration 166.38420891762 Detik 
------------------------- 
Tanggal: 20-03-2022 07:35:01 
Duration Download Forstok 19.178440093994 Detik
Duration Looping 700 Data 179.73003721237 Detik 
Total Duration 179.73015117645 Detik 
------------------------- 
Tanggal: 20-03-2022 07:40:01 
Duration Download Forstok 14.490514039993 Detik
Duration Looping 700 Data 165.21544599533 Detik 
Total Duration 165.21558213234 Detik 
------------------------- 
Tanggal: 20-03-2022 07:45:01 
Duration Download Forstok 18.019073009491 Detik
Duration Looping 700 Data 176.25741291046 Detik 
Total Duration 176.25753593445 Detik 
------------------------- 
Tanggal: 20-03-2022 07:50:01 
Duration Download Forstok 21.308091163635 Detik
Duration Looping 700 Data 178.25523710251 Detik 
Total Duration 178.25536298752 Detik 
------------------------- 
Tanggal: 20-03-2022 07:55:01 
Duration Download Forstok 13.608854055405 Detik
Duration Looping 700 Data 171.90446615219 Detik 
Total Duration 171.90458798409 Detik 
------------------------- 
Tanggal: 20-03-2022 08:00:01 
Duration Download Forstok 15.561555862427 Detik
Duration Looping 700 Data 192.91509890556 Detik 
Total Duration 192.9152109623 Detik 
------------------------- 
Tanggal: 20-03-2022 08:05:01 
Duration Download Forstok 25.98898601532 Detik
Duration Looping 700 Data 187.28282308578 Detik 
Total Duration 187.28294110298 Detik 
------------------------- 
Tanggal: 20-03-2022 08:10:02 
Duration Download Forstok 19.03339099884 Detik
Duration Looping 700 Data 170.78530502319 Detik 
Total Duration 170.78542208672 Detik 
------------------------- 
Tanggal: 20-03-2022 08:15:02 
Duration Download Forstok 18.668444156647 Detik
Duration Looping 700 Data 175.40473103523 Detik 
Total Duration 175.40483999252 Detik 
------------------------- 
Tanggal: 20-03-2022 08:20:01 
Duration Download Forstok 17.698668956757 Detik
Duration Looping 700 Data 171.51102805138 Detik 
Total Duration 171.51114106178 Detik 
------------------------- 
Tanggal: 20-03-2022 08:25:01 
Duration Download Forstok 14.501546859741 Detik
Duration Looping 700 Data 169.32578396797 Detik 
Total Duration 169.32590794563 Detik 
------------------------- 
Tanggal: 20-03-2022 08:30:01 
Duration Download Forstok 18.443837881088 Detik
Duration Looping 700 Data 189.79832601547 Detik 
Total Duration 189.79844689369 Detik 
------------------------- 
Tanggal: 20-03-2022 08:35:01 
Duration Download Forstok 19.976199865341 Detik
Duration Looping 700 Data 195.97017598152 Detik 
Total Duration 195.97029185295 Detik 
------------------------- 
Tanggal: 20-03-2022 08:40:01 
Duration Download Forstok 14.465995073318 Detik
Duration Looping 700 Data 173.61060905457 Detik 
Total Duration 173.61073207855 Detik 
------------------------- 
Tanggal: 20-03-2022 08:45:01 
Duration Download Forstok 20.729497909546 Detik
Duration Looping 700 Data 174.08160805702 Detik 
Total Duration 174.08172893524 Detik 
------------------------- 
Tanggal: 20-03-2022 08:50:01 
Duration Download Forstok 14.337887048721 Detik
Duration Looping 700 Data 171.77624201775 Detik 
Total Duration 171.77636504173 Detik 
------------------------- 
Tanggal: 20-03-2022 08:55:01 
Duration Download Forstok 19.269988059998 Detik
Duration Looping 700 Data 176.77986907959 Detik 
Total Duration 176.77999997139 Detik 
------------------------- 
Tanggal: 20-03-2022 09:00:01 
Duration Download Forstok 15.247427940369 Detik
Duration Looping 700 Data 178.30750393867 Detik 
Total Duration 178.30762481689 Detik 
------------------------- 
Tanggal: 20-03-2022 09:05:01 
Duration Download Forstok 25.117048978806 Detik
Duration Looping 700 Data 178.32049298286 Detik 
Total Duration 178.3206140995 Detik 
------------------------- 
Tanggal: 20-03-2022 09:10:01 
Duration Download Forstok 18.309301137924 Detik
Duration Looping 700 Data 175.09468817711 Detik 
Total Duration 175.09480500221 Detik 
------------------------- 
Tanggal: 20-03-2022 09:15:01 
Duration Download Forstok 16.728265047073 Detik
Duration Looping 700 Data 179.92716813087 Detik 
Total Duration 179.92729020119 Detik 
------------------------- 
Tanggal: 20-03-2022 09:20:01 
Duration Download Forstok 11.944267988205 Detik
Duration Looping 700 Data 166.02908492088 Detik 
Total Duration 166.02920484543 Detik 
------------------------- 
Tanggal: 20-03-2022 09:25:01 
Duration Download Forstok 12.114134073257 Detik
Duration Looping 700 Data 175.83119893074 Detik 
Total Duration 175.83133196831 Detik 
------------------------- 
Tanggal: 20-03-2022 09:30:01 
Duration Download Forstok 16.797678232193 Detik
Duration Looping 700 Data 173.80970621109 Detik 
Total Duration 173.80987501144 Detik 
------------------------- 
Tanggal: 20-03-2022 09:35:01 
Duration Download Forstok 22.017645835876 Detik
Duration Looping 700 Data 177.86724996567 Detik 
Total Duration 177.86736989021 Detik 
------------------------- 
Tanggal: 20-03-2022 09:40:01 
Duration Download Forstok 14.234102010727 Detik
Duration Looping 700 Data 172.09541106224 Detik 
Total Duration 172.09553194046 Detik 
------------------------- 
Tanggal: 20-03-2022 09:45:01 
Duration Download Forstok 15.968816995621 Detik
Duration Looping 700 Data 177.51175808907 Detik 
Total Duration 177.51189303398 Detik 
------------------------- 
Tanggal: 20-03-2022 09:50:01 
Duration Download Forstok 12.433711051941 Detik
Duration Looping 700 Data 171.25550293922 Detik 
Total Duration 171.25562500954 Detik 
------------------------- 
Tanggal: 20-03-2022 09:55:01 
Duration Download Forstok 16.076861858368 Detik
Duration Looping 700 Data 176.17542695999 Detik 
Total Duration 176.17554783821 Detik 
------------------------- 
Tanggal: 20-03-2022 10:00:01 
Duration Download Forstok 14.99663901329 Detik
Duration Looping 700 Data 178.08523893356 Detik 
Total Duration 178.08533406258 Detik 
------------------------- 
Tanggal: 20-03-2022 10:05:01 
Duration Download Forstok 20.187817811966 Detik
Duration Looping 700 Data 175.99017500877 Detik 
Total Duration 175.99030089378 Detik 
------------------------- 
Tanggal: 20-03-2022 10:10:01 
Duration Download Forstok 16.103551864624 Detik
Duration Looping 700 Data 172.68163585663 Detik 
Total Duration 172.68173193932 Detik 
------------------------- 
Tanggal: 20-03-2022 10:15:01 
Duration Download Forstok 21.422189950943 Detik
Duration Looping 700 Data 189.85633897781 Detik 
Total Duration 189.85645699501 Detik 
------------------------- 
Tanggal: 20-03-2022 10:20:01 
Duration Download Forstok 23.853334903717 Detik
Duration Looping 700 Data 185.62714886665 Detik 
Total Duration 185.62726783752 Detik 
------------------------- 
Tanggal: 20-03-2022 10:25:01 
Duration Download Forstok 14.162503004074 Detik
Duration Looping 700 Data 179.03056097031 Detik 
Total Duration 179.03068590164 Detik 
------------------------- 
Tanggal: 20-03-2022 10:30:01 
Duration Download Forstok 17.872225999832 Detik
Duration Looping 700 Data 179.23217201233 Detik 
Total Duration 179.23228693008 Detik 
------------------------- 
Tanggal: 20-03-2022 10:35:01 
Duration Download Forstok 16.185754060745 Detik
Duration Looping 700 Data 173.93877100945 Detik 
Total Duration 173.93889594078 Detik 
------------------------- 
Tanggal: 20-03-2022 10:40:01 
Duration Download Forstok 15.662086963654 Detik
Duration Looping 700 Data 177.65783691406 Detik 
Total Duration 177.65795779228 Detik 
------------------------- 
Tanggal: 20-03-2022 10:45:01 
Duration Download Forstok 19.089738130569 Detik
Duration Looping 700 Data 180.14623403549 Detik 
Total Duration 180.14638710022 Detik 
------------------------- 
Tanggal: 20-03-2022 10:50:01 
Duration Download Forstok 18.595129013062 Detik
Duration Looping 700 Data 178.20592403412 Detik 
Total Duration 178.20604705811 Detik 
------------------------- 
Tanggal: 20-03-2022 10:55:01 
Duration Download Forstok 15.012663841248 Detik
Duration Looping 700 Data 175.99842095375 Detik 
Total Duration 175.99854493141 Detik 
------------------------- 
Tanggal: 20-03-2022 11:00:01 
Duration Download Forstok 12.688560962677 Detik
Duration Looping 700 Data 175.90634012222 Detik 
Total Duration 175.90645813942 Detik 
------------------------- 
Tanggal: 20-03-2022 11:05:01 
Duration Download Forstok 20.228348016739 Detik
Duration Looping 700 Data 176.24870204926 Detik 
Total Duration 176.24882507324 Detik 
------------------------- 
Tanggal: 20-03-2022 11:10:01 
Duration Download Forstok 17.106081008911 Detik
Duration Looping 700 Data 176.52729797363 Detik 
Total Duration 176.52741503716 Detik 
------------------------- 
Tanggal: 20-03-2022 11:15:01 
Duration Download Forstok 21.671678066254 Detik
Duration Looping 700 Data 179.15056109428 Detik 
Total Duration 179.15068817139 Detik 
------------------------- 
Tanggal: 20-03-2022 11:20:01 
Duration Download Forstok 18.025436162949 Detik
Duration Looping 700 Data 175.96890616417 Detik 
Total Duration 175.96899414062 Detik 
------------------------- 
Tanggal: 20-03-2022 11:25:01 
Duration Download Forstok 15.007765054703 Detik
Duration Looping 700 Data 181.21407103539 Detik 
Total Duration 181.21419501305 Detik 
------------------------- 
Tanggal: 20-03-2022 11:30:01 
Duration Download Forstok 15.351197957993 Detik
Duration Looping 700 Data 170.4243490696 Detik 
Total Duration 170.42446994781 Detik 
------------------------- 
Tanggal: 20-03-2022 11:35:01 
Duration Download Forstok 23.871963977814 Detik
Duration Looping 700 Data 180.86893486977 Detik 
Total Duration 180.8690559864 Detik 
------------------------- 
Tanggal: 20-03-2022 11:40:01 
Duration Download Forstok 17.378019809723 Detik
Duration Looping 700 Data 175.58046102524 Detik 
Total Duration 175.58057785034 Detik 
------------------------- 
Tanggal: 20-03-2022 11:45:01 
Duration Download Forstok 20.883167982101 Detik
Duration Looping 700 Data 179.30802202225 Detik 
Total Duration 179.30814290047 Detik 
------------------------- 
Tanggal: 20-03-2022 11:50:01 
Duration Download Forstok 17.197875022888 Detik
Duration Looping 700 Data 175.49724197388 Detik 
Total Duration 175.49736595154 Detik 
------------------------- 
Tanggal: 20-03-2022 11:55:01 
Duration Download Forstok 13.991308927536 Detik
Duration Looping 700 Data 175.51255702972 Detik 
Total Duration 175.51268100739 Detik 
------------------------- 
Tanggal: 20-03-2022 12:00:01 
Duration Download Forstok 18.580435037613 Detik
Duration Looping 700 Data 175.1594440937 Detik 
Total Duration 175.15956401825 Detik 
------------------------- 
Tanggal: 20-03-2022 12:05:01 
Duration Download Forstok 25.546499967575 Detik
Duration Looping 700 Data 192.43798804283 Detik 
Total Duration 192.43811297417 Detik 
------------------------- 
Tanggal: 20-03-2022 12:10:01 
Duration Download Forstok 15.884698867798 Detik
Duration Looping 700 Data 176.41246891022 Detik 
Total Duration 176.41260290146 Detik 
------------------------- 
Tanggal: 20-03-2022 12:15:01 
Duration Download Forstok 16.010500192642 Detik
Duration Looping 700 Data 179.60646319389 Detik 
Total Duration 179.60658407211 Detik 
------------------------- 
Tanggal: 20-03-2022 12:20:01 
Duration Download Forstok 14.113312005997 Detik
Duration Looping 700 Data 173.54217195511 Detik 
Total Duration 173.54229402542 Detik 
------------------------- 
Tanggal: 20-03-2022 12:25:01 
Duration Download Forstok 17.895478010178 Detik
Duration Looping 700 Data 193.23742389679 Detik 
Total Duration 193.23754310608 Detik 
------------------------- 
Tanggal: 20-03-2022 12:30:01 
Duration Download Forstok 16.647650957108 Detik
Duration Looping 700 Data 180.08427000046 Detik 
Total Duration 180.08440113068 Detik 
------------------------- 
Tanggal: 20-03-2022 12:35:02 
Duration Download Forstok 21.190232038498 Detik
Duration Looping 700 Data 189.50773906708 Detik 
Total Duration 189.50786089897 Detik 
------------------------- 
Tanggal: 20-03-2022 12:40:01 
Duration Download Forstok 17.31710100174 Detik
Duration Looping 700 Data 179.34026193619 Detik 
Total Duration 179.34038996696 Detik 
------------------------- 
Tanggal: 20-03-2022 12:45:01 
Duration Download Forstok 20.110449075699 Detik
Duration Looping 700 Data 182.89337706566 Detik 
Total Duration 182.89350104332 Detik 
------------------------- 
Tanggal: 20-03-2022 12:50:01 
Duration Download Forstok 13.948415994644 Detik
Duration Looping 700 Data 175.82991909981 Detik 
Total Duration 175.83001899719 Detik 
------------------------- 
Tanggal: 20-03-2022 12:55:01 
Duration Download Forstok 14.329669952393 Detik
Duration Looping 700 Data 176.14118003845 Detik 
Total Duration 176.14129900932 Detik 
------------------------- 
Tanggal: 20-03-2022 13:00:01 
Duration Download Forstok 14.650665044785 Detik
Duration Looping 700 Data 176.09295010567 Detik 
Total Duration 176.09307193756 Detik 
------------------------- 
Tanggal: 20-03-2022 13:05:01 
Duration Download Forstok 25.473984003067 Detik
Duration Looping 700 Data 186.26181292534 Detik 
Total Duration 186.26191687584 Detik 
------------------------- 
Tanggal: 20-03-2022 13:10:01 
Duration Download Forstok 13.454133987427 Detik
Duration Looping 700 Data 167.42182993889 Detik 
Total Duration 167.42195296288 Detik 
------------------------- 
Tanggal: 20-03-2022 13:15:01 
Duration Download Forstok 17.836183786392 Detik
Duration Looping 700 Data 175.44322991371 Detik 
Total Duration 175.44336485863 Detik 
------------------------- 
Tanggal: 20-03-2022 13:20:02 
Duration Download Forstok 13.168003082275 Detik
Duration Looping 700 Data 176.63177704811 Detik 
Total Duration 176.63189601898 Detik 
------------------------- 
Tanggal: 20-03-2022 13:25:01 
Duration Download Forstok 19.766643047333 Detik
Duration Looping 700 Data 177.24323701859 Detik 
Total Duration 177.24336194992 Detik 
------------------------- 
Tanggal: 20-03-2022 13:30:01 
Duration Download Forstok 13.957031965256 Detik
Duration Looping 700 Data 183.47375106812 Detik 
Total Duration 183.47387003899 Detik 
------------------------- 
Tanggal: 20-03-2022 13:35:01 
Duration Download Forstok 17.635730981827 Detik
Duration Looping 700 Data 173.1226978302 Detik 
Total Duration 173.12283277512 Detik 
------------------------- 
Tanggal: 20-03-2022 13:40:01 
Duration Download Forstok 18.141927957535 Detik
Duration Looping 700 Data 178.01326084137 Detik 
Total Duration 178.01337981224 Detik 
------------------------- 
Tanggal: 20-03-2022 13:45:01 
Duration Download Forstok 25.610404968262 Detik
Duration Looping 700 Data 180.38777685165 Detik 
Total Duration 180.38790488243 Detik 
------------------------- 
Tanggal: 20-03-2022 13:50:01 
Duration Download Forstok 17.227204084396 Detik
Duration Looping 700 Data 183.59131193161 Detik 
Total Duration 183.59143090248 Detik 
------------------------- 
Tanggal: 20-03-2022 13:55:01 
Duration Download Forstok 15.559956789017 Detik
Duration Looping 700 Data 168.8706009388 Detik 
Total Duration 168.87072396278 Detik 
------------------------- 
Tanggal: 20-03-2022 14:00:01 
Duration Download Forstok 18.586490154266 Detik
Duration Looping 700 Data 179.83212208748 Detik 
Total Duration 179.83228802681 Detik 
------------------------- 
Tanggal: 20-03-2022 14:05:01 
Duration Download Forstok 26.497241973877 Detik
Duration Looping 700 Data 180.41064095497 Detik 
Total Duration 180.41078400612 Detik 
------------------------- 
Tanggal: 20-03-2022 14:10:01 
Duration Download Forstok 17.681640148163 Detik
Duration Looping 700 Data 175.89196205139 Detik 
Total Duration 175.89206910133 Detik 
------------------------- 
Tanggal: 20-03-2022 14:15:01 
Duration Download Forstok 20.477424144745 Detik
Duration Looping 700 Data 179.18372702599 Detik 
Total Duration 179.18384718895 Detik 
------------------------- 
Tanggal: 20-03-2022 14:20:01 
Duration Download Forstok 14.355525970459 Detik
Duration Looping 700 Data 176.0783970356 Detik 
Total Duration 176.07851696014 Detik 
------------------------- 
Tanggal: 20-03-2022 14:25:01 
Duration Download Forstok 16.606610059738 Detik
Duration Looping 700 Data 177.60273098946 Detik 
Total Duration 177.60284686089 Detik 
------------------------- 
Tanggal: 20-03-2022 14:30:01 
Duration Download Forstok 17.320084095001 Detik
Duration Looping 700 Data 177.87850499153 Detik 
Total Duration 177.87863016129 Detik 
------------------------- 
Tanggal: 20-03-2022 14:35:01 
Duration Download Forstok 18.153081893921 Detik
Duration Looping 700 Data 179.46210694313 Detik 
Total Duration 179.46222901344 Detik 
------------------------- 
Tanggal: 20-03-2022 14:40:01 
Duration Download Forstok 16.776877880096 Detik
Duration Looping 700 Data 173.05834197998 Detik 
Total Duration 173.0584590435 Detik 
------------------------- 
Tanggal: 20-03-2022 14:45:01 
Duration Download Forstok 17.904825925827 Detik
Duration Looping 700 Data 176.31412506104 Detik 
Total Duration 176.31424307823 Detik 
------------------------- 
Tanggal: 20-03-2022 14:50:01 
Duration Download Forstok 17.085874795914 Detik
Duration Looping 700 Data 175.37233996391 Detik 
Total Duration 175.37246179581 Detik 
------------------------- 
Tanggal: 20-03-2022 14:55:01 
Duration Download Forstok 14.958419799805 Detik
Duration Looping 700 Data 175.01863098145 Detik 
Total Duration 175.01874995232 Detik 
------------------------- 
Tanggal: 20-03-2022 15:00:01 
Duration Download Forstok 12.608951091766 Detik
Duration Looping 700 Data 172.45881295204 Detik 
Total Duration 172.45893502235 Detik 
------------------------- 
Tanggal: 20-03-2022 15:05:01 
Duration Download Forstok 31.220872879028 Detik
Duration Looping 700 Data 186.74473810196 Detik 
Total Duration 186.7448759079 Detik 
------------------------- 
Tanggal: 20-03-2022 15:10:01 
Duration Download Forstok 18.555759906769 Detik
Duration Looping 700 Data 185.02554583549 Detik 
Total Duration 185.02566599846 Detik 
------------------------- 
Tanggal: 20-03-2022 15:15:01 
Duration Download Forstok 26.502143144608 Detik
Duration Looping 700 Data 180.88613319397 Detik 
Total Duration 180.88626217842 Detik 
------------------------- 
Tanggal: 20-03-2022 15:20:01 
Duration Download Forstok 12.394721031189 Detik
Duration Looping 700 Data 178.29005789757 Detik 
Total Duration 178.29018497467 Detik 
------------------------- 
Tanggal: 20-03-2022 15:25:01 
Duration Download Forstok 12.985205888748 Detik
Duration Looping 700 Data 168.55697488785 Detik 
Total Duration 168.5570909977 Detik 
------------------------- 
Tanggal: 20-03-2022 15:30:01 
Duration Download Forstok 12.884033918381 Detik
Duration Looping 700 Data 173.19081091881 Detik 
Total Duration 173.19092679024 Detik 
------------------------- 
Tanggal: 20-03-2022 15:35:01 
Duration Download Forstok 21.18882393837 Detik
Duration Looping 700 Data 176.36092400551 Detik 
Total Duration 176.36103987694 Detik 
------------------------- 
Tanggal: 20-03-2022 15:40:01 
Duration Download Forstok 17.220127105713 Detik
Duration Looping 700 Data 176.80330705643 Detik 
Total Duration 176.80343413353 Detik 
------------------------- 
Tanggal: 20-03-2022 15:45:01 
Duration Download Forstok 21.767471075058 Detik
Duration Looping 700 Data 176.81945300102 Detik 
Total Duration 176.81957411766 Detik 
------------------------- 
Tanggal: 20-03-2022 15:50:01 
Duration Download Forstok 12.68284702301 Detik
Duration Looping 700 Data 173.1719930172 Detik 
Total Duration 173.17211508751 Detik 
------------------------- 
Tanggal: 20-03-2022 15:55:01 
Duration Download Forstok 19.167659044266 Detik
Duration Looping 700 Data 181.77944302559 Detik 
Total Duration 181.77956199646 Detik 
------------------------- 
Tanggal: 20-03-2022 16:00:01 
Duration Download Forstok 16.818747997284 Detik
Duration Looping 700 Data 176.83292007446 Detik 
Total Duration 176.83304309845 Detik 
------------------------- 
Tanggal: 20-03-2022 16:05:01 
Duration Download Forstok 24.678777933121 Detik
Duration Looping 700 Data 196.47580289841 Detik 
Total Duration 196.47591590881 Detik 
------------------------- 
Tanggal: 20-03-2022 16:10:01 
Duration Download Forstok 13.278190135956 Detik
Duration Looping 700 Data 175.23871207237 Detik 
Total Duration 175.23883104324 Detik 
------------------------- 
Tanggal: 20-03-2022 16:15:01 
Duration Download Forstok 17.164683103561 Detik
Duration Looping 700 Data 178.60438609123 Detik 
Total Duration 178.60451197624 Detik 
------------------------- 
Tanggal: 20-03-2022 16:20:01 
Duration Download Forstok 23.278913021088 Detik
Duration Looping 700 Data 183.53059411049 Detik 
Total Duration 183.53072094917 Detik 
------------------------- 
Tanggal: 20-03-2022 16:25:02 
Duration Download Forstok 13.782230138779 Detik
Duration Looping 700 Data 172.09810614586 Detik 
Total Duration 172.09823393822 Detik 
------------------------- 
Tanggal: 20-03-2022 16:30:01 
Duration Download Forstok 23.607537984848 Detik
Duration Looping 700 Data 182.61798405647 Detik 
Total Duration 182.61810398102 Detik 
------------------------- 
Tanggal: 20-03-2022 16:35:01 
Duration Download Forstok 15.820838212967 Detik
Duration Looping 700 Data 169.77143621445 Detik 
Total Duration 169.77155303955 Detik 
------------------------- 
Tanggal: 20-03-2022 16:40:01 
Duration Download Forstok 15.245525121689 Detik
Duration Looping 700 Data 169.88676810265 Detik 
Total Duration 169.88688397408 Detik 
------------------------- 
Tanggal: 20-03-2022 16:45:01 
Duration Download Forstok 15.746999979019 Detik
Duration Looping 700 Data 180.02578401566 Detik 
Total Duration 180.0259001255 Detik 
------------------------- 
Tanggal: 20-03-2022 16:50:01 
Duration Download Forstok 19.074196100235 Detik
Duration Looping 700 Data 182.59606194496 Detik 
Total Duration 182.59618902206 Detik 
------------------------- 
Tanggal: 20-03-2022 16:55:01 
Duration Download Forstok 13.912707090378 Detik
Duration Looping 700 Data 175.10873699188 Detik 
Total Duration 175.10886096954 Detik 
------------------------- 
Tanggal: 20-03-2022 17:00:01 
Duration Download Forstok 16.129150152206 Detik
Duration Looping 700 Data 172.42080998421 Detik 
Total Duration 172.42093801498 Detik 
------------------------- 
Tanggal: 20-03-2022 17:05:01 
Duration Download Forstok 26.058609008789 Detik
Duration Looping 700 Data 195.27227497101 Detik 
Total Duration 195.27243494987 Detik 
------------------------- 
Tanggal: 20-03-2022 17:10:01 
Duration Download Forstok 16.207006931305 Detik
Duration Looping 700 Data 178.92745089531 Detik 
Total Duration 178.92756986618 Detik 
------------------------- 
Tanggal: 20-03-2022 17:15:01 
Duration Download Forstok 17.351405858994 Detik
Duration Looping 700 Data 171.65147280693 Detik 
Total Duration 171.65164089203 Detik 
------------------------- 
Tanggal: 20-03-2022 17:20:01 
Duration Download Forstok 12.396027088165 Detik
Duration Looping 700 Data 175.85951304436 Detik 
Total Duration 175.85960006714 Detik 
------------------------- 
Tanggal: 20-03-2022 17:25:01 
Duration Download Forstok 17.433812856674 Detik
Duration Looping 700 Data 180.59225583076 Detik 
Total Duration 180.59238886833 Detik 
------------------------- 
Tanggal: 20-03-2022 17:30:01 
Duration Download Forstok 17.603228807449 Detik
Duration Looping 700 Data 176.83805394173 Detik 
Total Duration 176.83817696571 Detik 
------------------------- 
Tanggal: 20-03-2022 17:35:01 
Duration Download Forstok 19.910045146942 Detik
Duration Looping 700 Data 178.14048814774 Detik 
Total Duration 178.14064407349 Detik 
------------------------- 
Tanggal: 20-03-2022 17:40:01 
Duration Download Forstok 14.947191953659 Detik
Duration Looping 700 Data 178.41255688667 Detik 
Total Duration 178.41267490387 Detik 
------------------------- 
Tanggal: 20-03-2022 17:45:01 
Duration Download Forstok 22.029069185257 Detik
Duration Looping 700 Data 179.52903103828 Detik 
Total Duration 179.5291531086 Detik 
------------------------- 
Tanggal: 20-03-2022 17:50:01 
Duration Download Forstok 24.294447898865 Detik
Duration Looping 700 Data 180.22777485847 Detik 
Total Duration 180.22790598869 Detik 
------------------------- 
Tanggal: 20-03-2022 17:55:01 
Duration Download Forstok 16.155402183533 Detik
Duration Looping 700 Data 172.17624497414 Detik 
Total Duration 172.17635703087 Detik 
------------------------- 
Tanggal: 20-03-2022 18:00:01 
Duration Download Forstok 16.756414175034 Detik
Duration Looping 700 Data 170.26928710938 Detik 
Total Duration 170.26940512657 Detik 
------------------------- 
Tanggal: 20-03-2022 18:05:01 
Duration Download Forstok 31.454359054565 Detik
Duration Looping 700 Data 189.84910798073 Detik 
Total Duration 189.84922504425 Detik 
------------------------- 
Tanggal: 20-03-2022 18:10:01 
Duration Download Forstok 15.333183050156 Detik
Duration Looping 700 Data 185.28351902962 Detik 
Total Duration 185.2836329937 Detik 
------------------------- 
Tanggal: 20-03-2022 18:15:01 
Duration Download Forstok 22.543453931808 Detik
Duration Looping 700 Data 173.57917284966 Detik 
Total Duration 173.57929682732 Detik 
------------------------- 
Tanggal: 20-03-2022 18:20:02 
Duration Download Forstok 13.969908952713 Detik
Duration Looping 700 Data 166.91900897026 Detik 
Total Duration 166.9191300869 Detik 
------------------------- 
Tanggal: 20-03-2022 18:25:01 
Duration Download Forstok 12.829519033432 Detik
Duration Looping 700 Data 172.40602397919 Detik 
Total Duration 172.40614509583 Detik 
------------------------- 
Tanggal: 20-03-2022 18:30:01 
Duration Download Forstok 21.833750009537 Detik
Duration Looping 700 Data 174.27606701851 Detik 
Total Duration 174.27618908882 Detik 
------------------------- 
Tanggal: 20-03-2022 18:35:01 
Duration Download Forstok 22.421322107315 Detik
Duration Looping 700 Data 189.3679292202 Detik 
Total Duration 189.36804914474 Detik 
------------------------- 
Tanggal: 20-03-2022 18:40:01 
Duration Download Forstok 17.707803964615 Detik
Duration Looping 700 Data 171.58721899986 Detik 
Total Duration 171.58733487129 Detik 
------------------------- 
Tanggal: 20-03-2022 18:45:01 
Duration Download Forstok 19.255145072937 Detik
Duration Looping 700 Data 178.77979207039 Detik 
Total Duration 178.77991199493 Detik 
------------------------- 
Tanggal: 20-03-2022 18:50:01 
Duration Download Forstok 16.617264032364 Detik
Duration Looping 700 Data 181.32723999023 Detik 
Total Duration 181.32736206055 Detik 
------------------------- 
Tanggal: 20-03-2022 18:55:01 
Duration Download Forstok 15.96855711937 Detik
Duration Looping 700 Data 175.51183700562 Detik 
Total Duration 175.51195502281 Detik 
------------------------- 
Tanggal: 20-03-2022 19:00:01 
Duration Download Forstok 14.439460992813 Detik
Duration Looping 700 Data 172.82177019119 Detik 
Total Duration 172.82189798355 Detik 
------------------------- 
Tanggal: 20-03-2022 19:05:01 
Duration Download Forstok 28.560216188431 Detik
Duration Looping 700 Data 195.16408514977 Detik 
Total Duration 195.1642100811 Detik 
------------------------- 
Tanggal: 20-03-2022 19:10:01 
Duration Download Forstok 20.797839164734 Detik
Duration Looping 700 Data 176.87179803848 Detik 
Total Duration 176.87191796303 Detik 
------------------------- 
Tanggal: 20-03-2022 19:15:01 
Duration Download Forstok 17.324661970139 Detik
Duration Looping 700 Data 182.13682603836 Detik 
Total Duration 182.13694310188 Detik 
------------------------- 
Tanggal: 20-03-2022 19:20:01 
Duration Download Forstok 14.577713012695 Detik
Duration Looping 700 Data 172.09683513641 Detik 
Total Duration 172.0969440937 Detik 
------------------------- 
Tanggal: 20-03-2022 19:25:01 
Duration Download Forstok 14.400104045868 Detik
Duration Looping 700 Data 172.02296900749 Detik 
Total Duration 172.02308511734 Detik 
------------------------- 
Tanggal: 20-03-2022 19:30:01 
Duration Download Forstok 17.735116004944 Detik
Duration Looping 700 Data 173.62270402908 Detik 
Total Duration 173.6228260994 Detik 
------------------------- 
Tanggal: 20-03-2022 19:35:01 
Duration Download Forstok 23.260984182358 Detik
Duration Looping 700 Data 175.21447110176 Detik 
Total Duration 175.2145960331 Detik 
------------------------- 
Tanggal: 20-03-2022 19:40:01 
Duration Download Forstok 19.240439891815 Detik
Duration Looping 700 Data 184.1339468956 Detik 
Total Duration 184.13406991959 Detik 
------------------------- 
Tanggal: 20-03-2022 19:45:01 
Duration Download Forstok 23.043783903122 Detik
Duration Looping 700 Data 186.47269701958 Detik 
Total Duration 186.47287797928 Detik 
------------------------- 
Tanggal: 20-03-2022 19:50:01 
Duration Download Forstok 18.824247121811 Detik
Duration Looping 700 Data 177.30704402924 Detik 
Total Duration 177.30716705322 Detik 
------------------------- 
Tanggal: 20-03-2022 19:55:01 
Duration Download Forstok 13.555910110474 Detik
Duration Looping 700 Data 171.61492705345 Detik 
Total Duration 171.61504292488 Detik 
------------------------- 
Tanggal: 20-03-2022 20:00:01 
Duration Download Forstok 18.391209125519 Detik
Duration Looping 700 Data 177.790402174 Detik 
Total Duration 177.79051303864 Detik 
------------------------- 
Tanggal: 20-03-2022 20:05:01 
Duration Download Forstok 23.996721029282 Detik
Duration Looping 700 Data 186.64394903183 Detik 
Total Duration 186.64406299591 Detik 
------------------------- 
Tanggal: 20-03-2022 20:10:01 
Duration Download Forstok 16.779829025269 Detik
Duration Looping 700 Data 181.15491008759 Detik 
Total Duration 181.15503001213 Detik 
------------------------- 
Tanggal: 20-03-2022 20:15:01 
Duration Download Forstok 18.160531997681 Detik
Duration Looping 700 Data 176.77849411964 Detik 
Total Duration 176.77861189842 Detik 
------------------------- 
Tanggal: 20-03-2022 20:20:01 
Duration Download Forstok 14.15703701973 Detik
Duration Looping 700 Data 172.06075000763 Detik 
Total Duration 172.0608689785 Detik 
------------------------- 
Tanggal: 20-03-2022 20:25:01 
Duration Download Forstok 14.765486955643 Detik
Duration Looping 700 Data 177.81671190262 Detik 
Total Duration 177.81683397293 Detik 
------------------------- 
Tanggal: 20-03-2022 20:30:01 
Duration Download Forstok 25.168365955353 Detik
Duration Looping 700 Data 189.29614186287 Detik 
Total Duration 189.29626703262 Detik 
------------------------- 
Tanggal: 20-03-2022 20:35:01 
Duration Download Forstok 18.596590995789 Detik
Duration Looping 700 Data 172.63355898857 Detik 
Total Duration 172.63366913795 Detik 
------------------------- 
Tanggal: 20-03-2022 20:40:01 
Duration Download Forstok 16.05448102951 Detik
Duration Looping 700 Data 179.81240200996 Detik 
Total Duration 179.81252789497 Detik 
------------------------- 
Tanggal: 20-03-2022 20:45:01 
Duration Download Forstok 15.518978118896 Detik
Duration Looping 700 Data 176.67779397964 Detik 
Total Duration 176.67791700363 Detik 
------------------------- 
Tanggal: 20-03-2022 20:50:01 
Duration Download Forstok 13.002581834793 Detik
Duration Looping 700 Data 174.53105783463 Detik 
Total Duration 174.53118896484 Detik 
------------------------- 
Tanggal: 20-03-2022 20:55:02 
Duration Download Forstok 15.527493953705 Detik
Duration Looping 700 Data 174.46603107452 Detik 
Total Duration 174.46614408493 Detik 
------------------------- 
Tanggal: 20-03-2022 21:00:01 
Duration Download Forstok 15.988677024841 Detik
Duration Looping 700 Data 172.42066311836 Detik 
Total Duration 172.42079401016 Detik 
------------------------- 
Tanggal: 20-03-2022 21:05:01 
Duration Download Forstok 26.785490989685 Detik
Duration Looping 700 Data 198.69913005829 Detik 
Total Duration 198.69924998283 Detik 
------------------------- 
Tanggal: 20-03-2022 21:10:01 
Duration Download Forstok 16.182184934616 Detik
Duration Looping 700 Data 175.31328678131 Detik 
Total Duration 175.31340885162 Detik 
------------------------- 
Tanggal: 20-03-2022 21:15:01 
Duration Download Forstok 20.349360227585 Detik
Duration Looping 700 Data 179.3469440937 Detik 
Total Duration 179.34706807137 Detik 
------------------------- 
Tanggal: 20-03-2022 21:20:01 
Duration Download Forstok 14.989973068237 Detik
Duration Looping 700 Data 180.40741801262 Detik 
Total Duration 180.40753507614 Detik 
------------------------- 
Tanggal: 20-03-2022 21:25:01 
Duration Download Forstok 14.417520046234 Detik
Duration Looping 700 Data 174.00073313713 Detik 
Total Duration 174.000852108 Detik 
------------------------- 
Tanggal: 20-03-2022 21:30:01 
Duration Download Forstok 18.775730848312 Detik
Duration Looping 700 Data 179.13637089729 Detik 
Total Duration 179.13649201393 Detik 
------------------------- 
Tanggal: 20-03-2022 21:35:01 
Duration Download Forstok 20.406975984573 Detik
Duration Looping 700 Data 187.22438001633 Detik 
Total Duration 187.22449994087 Detik 
------------------------- 
Tanggal: 20-03-2022 21:40:01 
Duration Download Forstok 16.047754049301 Detik
Duration Looping 700 Data 180.1335041523 Detik 
Total Duration 180.13362216949 Detik 
------------------------- 
Tanggal: 20-03-2022 21:45:01 
Duration Download Forstok 18.677277088165 Detik
Duration Looping 700 Data 177.98172807693 Detik 
Total Duration 177.98190307617 Detik 
------------------------- 
Tanggal: 20-03-2022 21:50:01 
Duration Download Forstok 16.518864870071 Detik
Duration Looping 700 Data 177.53686904907 Detik 
Total Duration 177.53699302673 Detik 
------------------------- 
Tanggal: 20-03-2022 21:55:01 
Duration Download Forstok 14.482926845551 Detik
Duration Looping 700 Data 171.60668587685 Detik 
Total Duration 171.60681390762 Detik 
------------------------- 
Tanggal: 20-03-2022 22:00:01 
Duration Download Forstok 26.323617935181 Detik
Duration Looping 700 Data 186.76657295227 Detik 
Total Duration 186.76668715477 Detik 
------------------------- 
Tanggal: 20-03-2022 22:05:01 
Duration Download Forstok 26.0576608181 Detik
Duration Looping 700 Data 197.41105079651 Detik 
Total Duration 197.4111828804 Detik 
------------------------- 
Tanggal: 20-03-2022 22:10:01 
Duration Download Forstok 14.340370893478 Detik
Duration Looping 700 Data 177.03343296051 Detik 
Total Duration 177.03355383873 Detik 
------------------------- 
Tanggal: 20-03-2022 22:15:01 
Duration Download Forstok 27.024352073669 Detik
Duration Looping 700 Data 184.00170588493 Detik 
Total Duration 184.00182795525 Detik 
------------------------- 
Tanggal: 20-03-2022 22:20:01 
Duration Download Forstok 15.44591999054 Detik
Duration Looping 700 Data 173.130423069 Detik 
Total Duration 173.13053703308 Detik 
------------------------- 
Tanggal: 20-03-2022 22:25:01 
Duration Download Forstok 15.897843837738 Detik
Duration Looping 700 Data 171.74215102196 Detik 
Total Duration 171.74227285385 Detik 
------------------------- 
Tanggal: 20-03-2022 22:30:01 
Duration Download Forstok 13.538198947906 Detik
Duration Looping 700 Data 183.37376999855 Detik 
Total Duration 183.37388396263 Detik 
------------------------- 
Tanggal: 20-03-2022 22:35:01 
Duration Download Forstok 17.053936958313 Detik
Duration Looping 700 Data 182.43552112579 Detik 
Total Duration 182.43564295769 Detik 
------------------------- 
Tanggal: 20-03-2022 22:40:02 
Duration Download Forstok 14.277542114258 Detik
Duration Looping 700 Data 171.8836619854 Detik 
Total Duration 171.88377213478 Detik 
------------------------- 
Tanggal: 20-03-2022 22:45:01 
Duration Download Forstok 17.173903942108 Detik
Duration Looping 700 Data 173.17432594299 Detik 
Total Duration 173.17445397377 Detik 
------------------------- 
Tanggal: 20-03-2022 22:50:01 
Duration Download Forstok 15.045633077621 Detik
Duration Looping 700 Data 173.65890216827 Detik 
Total Duration 173.6590590477 Detik 
------------------------- 
Tanggal: 20-03-2022 22:55:01 
Duration Download Forstok 13.649835109711 Detik
Duration Looping 700 Data 168.66597414017 Detik 
Total Duration 168.66610312462 Detik 
------------------------- 
Tanggal: 20-03-2022 23:00:01 
Duration Download Forstok 11.661726951599 Detik
Duration Looping 700 Data 181.39091777802 Detik 
Total Duration 181.39104390144 Detik 
------------------------- 
Tanggal: 20-03-2022 23:05:01 
Duration Download Forstok 22.110985040665 Detik
Duration Looping 700 Data 194.29725980759 Detik 
Total Duration 194.29738593102 Detik 
------------------------- 
Tanggal: 20-03-2022 23:10:01 
Duration Download Forstok 16.384350061417 Detik
Duration Looping 700 Data 180.0515358448 Detik 
Total Duration 180.05165886879 Detik 
------------------------- 
Tanggal: 20-03-2022 23:15:01 
Duration Download Forstok 17.802828073502 Detik
Duration Looping 700 Data 183.35739803314 Detik 
Total Duration 183.35752606392 Detik 
------------------------- 
Tanggal: 20-03-2022 23:20:01 
Duration Download Forstok 16.699731111526 Detik
Duration Looping 700 Data 180.85771512985 Detik 
Total Duration 180.85784006119 Detik 
------------------------- 
Tanggal: 20-03-2022 23:25:01 
Duration Download Forstok 12.754365921021 Detik
Duration Looping 700 Data 170.48721981049 Detik 
Total Duration 170.48734593391 Detik 
------------------------- 
Tanggal: 20-03-2022 23:30:01 
Duration Download Forstok 13.430881977081 Detik
Duration Looping 700 Data 177.31015300751 Detik 
Total Duration 177.31027007103 Detik 
------------------------- 
Tanggal: 20-03-2022 23:35:01 
Duration Download Forstok 20.358429908752 Detik
Duration Looping 700 Data 179.24687886238 Detik 
Total Duration 179.24700689316 Detik 
------------------------- 
Tanggal: 20-03-2022 23:40:01 
Duration Download Forstok 15.732825040817 Detik
Duration Looping 700 Data 175.82209300995 Detik 
Total Duration 175.82221508026 Detik 
------------------------- 
Tanggal: 20-03-2022 23:45:01 
Duration Download Forstok 17.314743041992 Detik
Duration Looping 700 Data 175.55057406425 Detik 
Total Duration 175.55069112778 Detik 
------------------------- 
Tanggal: 20-03-2022 23:50:01 
Duration Download Forstok 12.886213779449 Detik
Duration Looping 700 Data 168.69441699982 Detik 
Total Duration 168.69454979897 Detik 
------------------------- 
Tanggal: 20-03-2022 23:55:01 
Duration Download Forstok 18.634807825089 Detik
Duration Looping 700 Data 181.81029582024 Detik 
Total Duration 181.8104197979 Detik 
------------------------- 
