Tanggal: 29-03-2022 00:00:02 
Duration Download Forstok 22.099319934845 Detik
Duration Looping 700 Data 598.95268106461 Detik 
Total Duration 598.95342707634 Detik 
------------------------- 
Tanggal: 29-03-2022 00:10:01 
Duration Download Forstok 24.368665933609 Detik
Duration Looping 700 Data 192.32151579857 Detik 
Total Duration 192.32162690163 Detik 
------------------------- 
Tanggal: 29-03-2022 00:15:01 
Duration Download Forstok 16.482497930527 Detik
Duration Looping 700 Data 174.15849399567 Detik 
Total Duration 174.1586151123 Detik 
------------------------- 
Tanggal: 29-03-2022 00:20:02 
Duration Download Forstok 11.648139953613 Detik
Duration Looping 700 Data 175.74673604965 Detik 
Total Duration 175.74685192108 Detik 
------------------------- 
Tanggal: 29-03-2022 00:25:01 
Duration Download Forstok 15.472123146057 Detik
Duration Looping 700 Data 172.71092700958 Detik 
Total Duration 172.71183013916 Detik 
------------------------- 
Tanggal: 29-03-2022 00:30:01 
Duration Download Forstok 13.161805152893 Detik
Duration Looping 700 Data 172.0547580719 Detik 
Total Duration 172.05486917496 Detik 
------------------------- 
Tanggal: 29-03-2022 00:35:01 
Duration Download Forstok 18.131186008453 Detik
Duration Looping 700 Data 205.67370200157 Detik 
Total Duration 205.67380809784 Detik 
------------------------- 
Tanggal: 29-03-2022 00:40:01 
Duration Download Forstok 18.259728193283 Detik
Duration Looping 700 Data 182.66251516342 Detik 
Total Duration 182.66263008118 Detik 
------------------------- 
Tanggal: 29-03-2022 00:45:01 
Duration Download Forstok 19.047436952591 Detik
Duration Looping 700 Data 186.24853682518 Detik 
Total Duration 186.24865889549 Detik 
------------------------- 
Tanggal: 29-03-2022 00:50:01 
Duration Download Forstok 12.756182909012 Detik
Duration Looping 700 Data 175.6430079937 Detik 
Total Duration 175.64312005043 Detik 
------------------------- 
Tanggal: 29-03-2022 00:55:01 
Duration Download Forstok 15.67814707756 Detik
Duration Looping 700 Data 175.99106812477 Detik 
Total Duration 175.99118518829 Detik 
------------------------- 
Tanggal: 29-03-2022 01:00:01 
Duration Download Forstok 20.556984186172 Detik
Duration Looping 700 Data 175.33454322815 Detik 
Total Duration 175.33466219902 Detik 
------------------------- 
Tanggal: 29-03-2022 01:05:01 
Duration Download Forstok 17.742511987686 Detik
Duration Looping 700 Data 171.32669782639 Detik 
Total Duration 171.32681703568 Detik 
------------------------- 
Tanggal: 29-03-2022 01:10:01 
Duration Download Forstok 13.853047132492 Detik
Duration Looping 700 Data 172.69773316383 Detik 
Total Duration 172.69786000252 Detik 
------------------------- 
Tanggal: 29-03-2022 01:15:01 
Duration Download Forstok 22.091860055923 Detik
Duration Looping 700 Data 176.81032204628 Detik 
Total Duration 176.81044507027 Detik 
------------------------- 
Tanggal: 29-03-2022 01:20:01 
Duration Download Forstok 13.342742919922 Detik
Duration Looping 700 Data 178.94573879242 Detik 
Total Duration 178.94585180283 Detik 
------------------------- 
Tanggal: 29-03-2022 01:25:01 
Duration Download Forstok 18.235422134399 Detik
Duration Looping 700 Data 187.84837198257 Detik 
Total Duration 187.84848308563 Detik 
------------------------- 
Tanggal: 29-03-2022 01:30:01 
Duration Download Forstok 13.673406124115 Detik
Duration Looping 700 Data 175.87167000771 Detik 
Total Duration 175.87178397179 Detik 
------------------------- 
Tanggal: 29-03-2022 01:35:01 
Duration Download Forstok 23.766256093979 Detik
Duration Looping 700 Data 178.8601360321 Detik 
Total Duration 178.8602540493 Detik 
------------------------- 
Tanggal: 29-03-2022 01:40:01 
Duration Download Forstok 16.913437843323 Detik
Duration Looping 700 Data 173.77972483635 Detik 
Total Duration 173.7798678875 Detik 
------------------------- 
Tanggal: 29-03-2022 01:45:01 
Duration Download Forstok 17.988677024841 Detik
Duration Looping 700 Data 176.85419106483 Detik 
Total Duration 176.85430407524 Detik 
------------------------- 
Tanggal: 29-03-2022 01:50:01 
Duration Download Forstok 12.057918071747 Detik
Duration Looping 700 Data 169.84479594231 Detik 
Total Duration 169.84491801262 Detik 
------------------------- 
Tanggal: 29-03-2022 01:55:01 
Duration Download Forstok 13.310006141663 Detik
Duration Looping 700 Data 174.48951411247 Detik 
Total Duration 174.48963499069 Detik 
------------------------- 
Tanggal: 29-03-2022 02:00:01 
Duration Download Forstok 15.43273806572 Detik
Duration Looping 700 Data 177.62582707405 Detik 
Total Duration 177.62595200539 Detik 
------------------------- 
Tanggal: 29-03-2022 02:05:01 
Duration Download Forstok 18.203903913498 Detik
Duration Looping 700 Data 195.13195109367 Detik 
Total Duration 195.13208413124 Detik 
------------------------- 
Tanggal: 29-03-2022 02:10:01 
Duration Download Forstok 16.756176948547 Detik
Duration Looping 700 Data 183.69455504417 Detik 
Total Duration 183.6946709156 Detik 
------------------------- 
Tanggal: 29-03-2022 02:15:01 
Duration Download Forstok 17.413568019867 Detik
Duration Looping 700 Data 183.62865996361 Detik 
Total Duration 183.62877392769 Detik 
------------------------- 
Tanggal: 29-03-2022 02:20:01 
Duration Download Forstok 14.095366001129 Detik
Duration Looping 700 Data 169.31754398346 Detik 
Total Duration 169.31767487526 Detik 
------------------------- 
Tanggal: 29-03-2022 02:25:01 
Duration Download Forstok 18.68918800354 Detik
Duration Looping 700 Data 173.04599308968 Detik 
Total Duration 173.04611110687 Detik 
------------------------- 
Tanggal: 29-03-2022 02:30:01 
Duration Download Forstok 16.883697032928 Detik
Duration Looping 700 Data 172.53346085548 Detik 
Total Duration 172.53358793259 Detik 
------------------------- 
Tanggal: 29-03-2022 02:35:01 
Duration Download Forstok 22.669605970383 Detik
Duration Looping 700 Data 181.16886091232 Detik 
Total Duration 181.16897988319 Detik 
------------------------- 
Tanggal: 29-03-2022 02:40:01 
Duration Download Forstok 13.347715854645 Detik
Duration Looping 700 Data 192.11865592003 Detik 
Total Duration 192.11877679825 Detik 
------------------------- 
Tanggal: 29-03-2022 02:45:01 
Duration Download Forstok 15.742254972458 Detik
Duration Looping 700 Data 172.95920109749 Detik 
Total Duration 172.95932197571 Detik 
------------------------- 
Tanggal: 29-03-2022 02:50:01 
Duration Download Forstok 12.758173942566 Detik
Duration Looping 700 Data 167.23327088356 Detik 
Total Duration 167.23340201378 Detik 
------------------------- 
Tanggal: 29-03-2022 02:55:01 
Duration Download Forstok 12.410784959793 Detik
Duration Looping 700 Data 175.25171089172 Detik 
Total Duration 175.25182890892 Detik 
------------------------- 
Tanggal: 29-03-2022 03:00:01 
Duration Download Forstok 14.6447660923 Detik
Duration Looping 700 Data 189.26055312157 Detik 
Total Duration 189.26067113876 Detik 
------------------------- 
Tanggal: 29-03-2022 03:05:01 
Duration Download Forstok 28.995893001556 Detik
Duration Looping 700 Data 217.44872093201 Detik 
Total Duration 217.44883799553 Detik 
------------------------- 
Tanggal: 29-03-2022 03:10:01 
Duration Download Forstok 13.731485128403 Detik
Duration Looping 700 Data 175.27385306358 Detik 
Total Duration 175.27398300171 Detik 
------------------------- 
Tanggal: 29-03-2022 03:15:02 
Duration Download Forstok 16.384635925293 Detik
Duration Looping 700 Data 171.09227490425 Detik 
Total Duration 171.09239912033 Detik 
------------------------- 
Tanggal: 29-03-2022 03:20:01 
Duration Download Forstok 14.354731082916 Detik
Duration Looping 700 Data 169.31360912323 Detik 
Total Duration 169.31372690201 Detik 
------------------------- 
Tanggal: 29-03-2022 03:25:01 
Duration Download Forstok 15.263429880142 Detik
Duration Looping 700 Data 172.85151481628 Detik 
Total Duration 172.85162997246 Detik 
------------------------- 
Tanggal: 29-03-2022 03:30:01 
Duration Download Forstok 13.771759986877 Detik
Duration Looping 700 Data 188.4901881218 Detik 
Total Duration 188.49030303955 Detik 
------------------------- 
Tanggal: 29-03-2022 03:35:01 
Duration Download Forstok 15.361709117889 Detik
Duration Looping 700 Data 174.94508600235 Detik 
Total Duration 174.94520807266 Detik 
------------------------- 
Tanggal: 29-03-2022 03:40:01 
Duration Download Forstok 14.431086063385 Detik
Duration Looping 700 Data 178.13405895233 Detik 
Total Duration 178.13418388367 Detik 
------------------------- 
Tanggal: 29-03-2022 03:45:01 
Duration Download Forstok 19.033345937729 Detik
Duration Looping 700 Data 175.13499093056 Detik 
Total Duration 175.13510704041 Detik 
------------------------- 
Tanggal: 29-03-2022 03:50:01 
Duration Download Forstok 12.785254001617 Detik
Duration Looping 700 Data 168.73412299156 Detik 
Total Duration 168.73424100876 Detik 
------------------------- 
Tanggal: 29-03-2022 03:55:01 
Duration Download Forstok 12.935336828232 Detik
Duration Looping 700 Data 167.54758381844 Detik 
Total Duration 167.54770588875 Detik 
------------------------- 
Tanggal: 29-03-2022 04:00:01 
Duration Download Forstok 11.80509185791 Detik
Duration Looping 700 Data 173.8554520607 Detik 
Total Duration 173.85561299324 Detik 
------------------------- 
Tanggal: 29-03-2022 04:05:01 
Duration Download Forstok 22.369963169098 Detik
Duration Looping 700 Data 184.18504309654 Detik 
Total Duration 184.18515706062 Detik 
------------------------- 
Tanggal: 29-03-2022 04:10:01 
Duration Download Forstok 13.628309965134 Detik
Duration Looping 700 Data 173.80166196823 Detik 
Total Duration 173.80177903175 Detik 
------------------------- 
Tanggal: 29-03-2022 04:15:01 
Duration Download Forstok 14.763693809509 Detik
Duration Looping 700 Data 172.4712870121 Detik 
Total Duration 172.4714038372 Detik 
------------------------- 
Tanggal: 29-03-2022 04:20:01 
Duration Download Forstok 17.407241106033 Detik
Duration Looping 700 Data 173.64587116241 Detik 
Total Duration 173.64598608017 Detik 
------------------------- 
Tanggal: 29-03-2022 04:25:02 
Duration Download Forstok 13.660737991333 Detik
Duration Looping 700 Data 178.05679798126 Detik 
Total Duration 178.05692195892 Detik 
------------------------- 
Tanggal: 29-03-2022 04:30:01 
Duration Download Forstok 12.559877872467 Detik
Duration Looping 700 Data 168.25702595711 Detik 
Total Duration 168.25714087486 Detik 
------------------------- 
Tanggal: 29-03-2022 04:35:01 
Duration Download Forstok 19.606125831604 Detik
Duration Looping 700 Data 178.87678980827 Detik 
Total Duration 178.87690401077 Detik 
------------------------- 
Tanggal: 29-03-2022 04:40:01 
Duration Download Forstok 15.889643192291 Detik
Duration Looping 700 Data 170.70758605003 Detik 
Total Duration 170.70770406723 Detik 
------------------------- 
Tanggal: 29-03-2022 04:45:01 
Duration Download Forstok 18.258363008499 Detik
Duration Looping 700 Data 184.65294981003 Detik 
Total Duration 184.65306687355 Detik 
------------------------- 
Tanggal: 29-03-2022 04:50:01 
Duration Download Forstok 20.719710111618 Detik
Duration Looping 700 Data 181.20933008194 Detik 
Total Duration 181.20944213867 Detik 
------------------------- 
Tanggal: 29-03-2022 04:55:01 
Duration Download Forstok 14.271687984467 Detik
Duration Looping 700 Data 168.82459712029 Detik 
Total Duration 168.82472705841 Detik 
------------------------- 
Tanggal: 29-03-2022 05:00:01 
Duration Download Forstok 15.088958978653 Detik
Duration Looping 700 Data 172.23499202728 Detik 
Total Duration 172.23511600494 Detik 
------------------------- 
Tanggal: 29-03-2022 05:05:01 
Duration Download Forstok 24.530523061752 Detik
Duration Looping 700 Data 185.70435905457 Detik 
Total Duration 185.70448589325 Detik 
------------------------- 
Tanggal: 29-03-2022 05:10:01 
Duration Download Forstok 14.114455938339 Detik
Duration Looping 700 Data 179.30675196648 Detik 
Total Duration 179.30687189102 Detik 
------------------------- 
Tanggal: 29-03-2022 05:15:01 
Duration Download Forstok 23.872451066971 Detik
Duration Looping 700 Data 187.16513204575 Detik 
Total Duration 187.16525197029 Detik 
------------------------- 
Tanggal: 29-03-2022 05:20:01 
Duration Download Forstok 16.35559797287 Detik
Duration Looping 700 Data 170.56255793571 Detik 
Total Duration 170.56267595291 Detik 
------------------------- 
Tanggal: 29-03-2022 05:25:01 
Duration Download Forstok 13.809623003006 Detik
Duration Looping 700 Data 173.34950900078 Detik 
Total Duration 173.34962701797 Detik 
------------------------- 
Tanggal: 29-03-2022 05:30:01 
Duration Download Forstok 14.064823865891 Detik
Duration Looping 700 Data 173.71572089195 Detik 
Total Duration 173.71584200859 Detik 
------------------------- 
Tanggal: 29-03-2022 05:35:01 
Duration Download Forstok 17.200845003128 Detik
Duration Looping 700 Data 175.14433217049 Detik 
Total Duration 175.14446210861 Detik 
------------------------- 
Tanggal: 29-03-2022 05:40:01 
Duration Download Forstok 13.382164955139 Detik
Duration Looping 700 Data 178.38070702553 Detik 
Total Duration 178.38082695007 Detik 
------------------------- 
Tanggal: 29-03-2022 05:45:01 
Duration Download Forstok 14.529358863831 Detik
Duration Looping 700 Data 177.22812700272 Detik 
Total Duration 177.2282409668 Detik 
------------------------- 
Tanggal: 29-03-2022 05:50:01 
Duration Download Forstok 12.881672143936 Detik
Duration Looping 700 Data 182.97941303253 Detik 
Total Duration 182.97952508926 Detik 
------------------------- 
Tanggal: 29-03-2022 05:55:01 
Duration Download Forstok 12.28213596344 Detik
Duration Looping 700 Data 179.67012691498 Detik 
Total Duration 179.67023801804 Detik 
------------------------- 
Tanggal: 29-03-2022 06:00:01 
Duration Download Forstok 12.949109077454 Detik
Duration Looping 700 Data 169.72018408775 Detik 
Total Duration 169.72030210495 Detik 
------------------------- 
Tanggal: 29-03-2022 06:05:01 
Duration Download Forstok 19.965547084808 Detik
Duration Looping 700 Data 179.19098806381 Detik 
Total Duration 179.19110798836 Detik 
------------------------- 
Tanggal: 29-03-2022 06:10:01 
Duration Download Forstok 13.756609916687 Detik
Duration Looping 700 Data 172.90984296799 Detik 
Total Duration 172.90995788574 Detik 
------------------------- 
Tanggal: 29-03-2022 06:15:01 
Duration Download Forstok 14.451128005981 Detik
Duration Looping 700 Data 174.04725313187 Detik 
Total Duration 174.04736804962 Detik 
------------------------- 
Tanggal: 29-03-2022 06:20:01 
Duration Download Forstok 14.151916980743 Detik
Duration Looping 700 Data 174.08931994438 Detik 
Total Duration 174.08943915367 Detik 
------------------------- 
Tanggal: 29-03-2022 06:25:01 
Duration Download Forstok 11.228270053864 Detik
Duration Looping 700 Data 167.38269019127 Detik 
Total Duration 167.38281011581 Detik 
------------------------- 
Tanggal: 29-03-2022 06:30:01 
Duration Download Forstok 17.544765949249 Detik
Duration Looping 700 Data 178.6257648468 Detik 
Total Duration 178.62589097023 Detik 
------------------------- 
Tanggal: 29-03-2022 06:35:01 
Duration Download Forstok 20.522032976151 Detik
Duration Looping 700 Data 174.20523905754 Detik 
Total Duration 174.20536112785 Detik 
------------------------- 
Tanggal: 29-03-2022 06:40:01 
Duration Download Forstok 17.053933858871 Detik
Duration Looping 700 Data 178.61134290695 Detik 
Total Duration 178.6114590168 Detik 
------------------------- 
Tanggal: 29-03-2022 06:45:01 
Duration Download Forstok 17.568171024323 Detik
Duration Looping 700 Data 175.73995804787 Detik 
Total Duration 175.74007487297 Detik 
------------------------- 
Tanggal: 29-03-2022 06:50:01 
Duration Download Forstok 12.842316865921 Detik
Duration Looping 700 Data 185.62489080429 Detik 
Total Duration 185.62500095367 Detik 
------------------------- 
Tanggal: 29-03-2022 06:55:01 
Duration Download Forstok 12.328957080841 Detik
Duration Looping 700 Data 174.43397498131 Detik 
Total Duration 174.4340929985 Detik 
------------------------- 
Tanggal: 29-03-2022 07:00:01 
Duration Download Forstok 15.104274988174 Detik
Duration Looping 700 Data 176.78383588791 Detik 
Total Duration 176.78395199776 Detik 
------------------------- 
Tanggal: 29-03-2022 07:05:01 
Duration Download Forstok 26.075773954391 Detik
Duration Looping 700 Data 185.40589404106 Detik 
Total Duration 185.40601491928 Detik 
------------------------- 
Tanggal: 29-03-2022 07:10:01 
Duration Download Forstok 16.745640993118 Detik
Duration Looping 700 Data 182.19127488136 Detik 
Total Duration 182.19140195847 Detik 
------------------------- 
Tanggal: 29-03-2022 07:15:01 
Duration Download Forstok 15.684083938599 Detik
Duration Looping 700 Data 171.81874513626 Detik 
Total Duration 171.81886792183 Detik 
------------------------- 
Tanggal: 29-03-2022 07:20:01 
Duration Download Forstok 13.509401798248 Detik
Duration Looping 700 Data 174.99736499786 Detik 
Total Duration 174.99748682976 Detik 
------------------------- 
Tanggal: 29-03-2022 07:25:01 
Duration Download Forstok 13.764280080795 Detik
Duration Looping 700 Data 167.58890390396 Detik 
Total Duration 167.58902001381 Detik 
------------------------- 
Tanggal: 29-03-2022 07:30:01 
Duration Download Forstok 12.854547023773 Detik
Duration Looping 700 Data 167.70581316948 Detik 
Total Duration 167.70593619347 Detik 
------------------------- 
Tanggal: 29-03-2022 07:35:01 
Duration Download Forstok 15.878209114075 Detik
Duration Looping 700 Data 169.17067313194 Detik 
Total Duration 169.17078995705 Detik 
------------------------- 
Tanggal: 29-03-2022 07:40:01 
Duration Download Forstok 17.042163133621 Detik
Duration Looping 700 Data 175.99425697327 Detik 
Total Duration 175.99437117577 Detik 
------------------------- 
Tanggal: 29-03-2022 07:45:01 
Duration Download Forstok 13.862244844437 Detik
Duration Looping 700 Data 170.66493487358 Detik 
Total Duration 170.66505599022 Detik 
------------------------- 
Tanggal: 29-03-2022 07:50:01 
Duration Download Forstok 15.994463205338 Detik
Duration Looping 700 Data 194.26236820221 Detik 
Total Duration 194.26249408722 Detik 
------------------------- 
Tanggal: 29-03-2022 07:55:01 
Duration Download Forstok 14.328083992004 Detik
Duration Looping 700 Data 176.70064210892 Detik 
Total Duration 176.70075798035 Detik 
------------------------- 
Tanggal: 29-03-2022 08:00:01 
Duration Download Forstok 15.640639066696 Detik
Duration Looping 700 Data 178.10079717636 Detik 
Total Duration 178.10092020035 Detik 
------------------------- 
Tanggal: 29-03-2022 08:05:01 
Duration Download Forstok 30.283339977264 Detik
Duration Looping 700 Data 195.50042200089 Detik 
Total Duration 195.50055193901 Detik 
------------------------- 
Tanggal: 29-03-2022 08:10:01 
Duration Download Forstok 14.826766014099 Detik
Duration Looping 700 Data 182.07302498817 Detik 
Total Duration 182.07313919067 Detik 
------------------------- 
Tanggal: 29-03-2022 08:15:01 
Duration Download Forstok 14.143306016922 Detik
Duration Looping 700 Data 175.70484089851 Detik 
Total Duration 175.7049407959 Detik 
------------------------- 
Tanggal: 29-03-2022 08:20:02 
Duration Download Forstok 18.573285102844 Detik
Duration Looping 700 Data 179.65124201775 Detik 
Total Duration 179.65135908127 Detik 
------------------------- 
Tanggal: 29-03-2022 08:25:01 
Duration Download Forstok 11.964068174362 Detik
Duration Looping 700 Data 182.49150204659 Detik 
Total Duration 182.49162817001 Detik 
------------------------- 
Tanggal: 29-03-2022 08:30:02 
Duration Download Forstok 12.876405000687 Detik
Duration Looping 700 Data 183.65673017502 Detik 
Total Duration 183.65686011314 Detik 
------------------------- 
Tanggal: 29-03-2022 08:35:01 
Duration Download Forstok 19.344544887543 Detik
Duration Looping 700 Data 195.82379388809 Detik 
Total Duration 195.82388687134 Detik 
------------------------- 
Tanggal: 29-03-2022 08:40:01 
Duration Download Forstok 17.165626049042 Detik
Duration Looping 700 Data 196.27321100235 Detik 
Total Duration 196.27332782745 Detik 
------------------------- 
Tanggal: 29-03-2022 08:45:01 
Duration Download Forstok 20.585078001022 Detik
Duration Looping 700 Data 189.99915289879 Detik 
Total Duration 189.99924397469 Detik 
------------------------- 
Tanggal: 29-03-2022 08:50:01 
Duration Download Forstok 18.970125198364 Detik
Duration Looping 700 Data 197.88128399849 Detik 
Total Duration 197.88139605522 Detik 
------------------------- 
Tanggal: 29-03-2022 08:55:01 
Duration Download Forstok 13.994654178619 Detik
Duration Looping 700 Data 189.2196969986 Detik 
Total Duration 189.21981716156 Detik 
------------------------- 
Tanggal: 29-03-2022 09:00:01 
Duration Download Forstok 20.422642946243 Detik
Duration Looping 700 Data 198.57111597061 Detik 
Total Duration 198.57122612 Detik 
------------------------- 
Tanggal: 29-03-2022 09:05:01 
Duration Download Forstok 24.19670009613 Detik
Duration Looping 700 Data 204.8634159565 Detik 
Total Duration 204.86353302002 Detik 
------------------------- 
Tanggal: 29-03-2022 09:10:01 
Duration Download Forstok 15.580776929855 Detik
Duration Looping 700 Data 191.02261304855 Detik 
Total Duration 191.02273392677 Detik 
------------------------- 
Tanggal: 29-03-2022 09:15:01 
Duration Download Forstok 13.754703044891 Detik
Duration Looping 700 Data 189.52834296227 Detik 
Total Duration 189.52846217155 Detik 
------------------------- 
Tanggal: 29-03-2022 09:20:01 
Duration Download Forstok 13.733904838562 Detik
Duration Looping 700 Data 186.90743398666 Detik 
Total Duration 186.907558918 Detik 
------------------------- 
Tanggal: 29-03-2022 09:25:01 
Duration Download Forstok 12.091906785965 Detik
Duration Looping 700 Data 187.23365998268 Detik 
Total Duration 187.23374581337 Detik 
------------------------- 
Tanggal: 29-03-2022 09:30:01 
Duration Download Forstok 17.451327085495 Detik
Duration Looping 700 Data 191.57296705246 Detik 
Total Duration 191.57311105728 Detik 
------------------------- 
Tanggal: 29-03-2022 09:35:01 
Duration Download Forstok 17.951904058456 Detik
Duration Looping 700 Data 190.8874540329 Detik 
Total Duration 190.88755202293 Detik 
------------------------- 
Tanggal: 29-03-2022 09:40:02 
Duration Download Forstok 13.385497093201 Detik
Duration Looping 700 Data 182.20857906342 Detik 
Total Duration 182.20869112015 Detik 
------------------------- 
Tanggal: 29-03-2022 09:45:01 
Duration Download Forstok 23.729044914246 Detik
Duration Looping 700 Data 194.04286599159 Detik 
Total Duration 194.04295706749 Detik 
------------------------- 
Tanggal: 29-03-2022 09:50:01 
Duration Download Forstok 15.4708070755 Detik
Duration Looping 700 Data 191.67788290977 Detik 
Total Duration 191.67799305916 Detik 
------------------------- 
Tanggal: 29-03-2022 09:55:01 
Duration Download Forstok 14.502867221832 Detik
Duration Looping 700 Data 187.16938018799 Detik 
Total Duration 187.16947412491 Detik 
------------------------- 
Tanggal: 29-03-2022 10:00:01 
Duration Download Forstok 17.912028074265 Detik
Duration Looping 700 Data 188.39629411697 Detik 
Total Duration 188.3964099884 Detik 
------------------------- 
Tanggal: 29-03-2022 10:05:01 
Duration Download Forstok 33.201361894608 Detik
Duration Looping 700 Data 201.98718500137 Detik 
Total Duration 201.98728489876 Detik 
------------------------- 
Tanggal: 29-03-2022 10:10:01 
Duration Download Forstok 14.229681015015 Detik
Duration Looping 700 Data 187.57133793831 Detik 
Total Duration 187.57142806053 Detik 
------------------------- 
Tanggal: 29-03-2022 10:15:01 
Duration Download Forstok 18.57138800621 Detik
Duration Looping 700 Data 196.91496610641 Detik 
Total Duration 196.9150891304 Detik 
------------------------- 
Tanggal: 29-03-2022 10:20:01 
Duration Download Forstok 15.605489015579 Detik
Duration Looping 700 Data 192.64528989792 Detik 
Total Duration 192.64541196823 Detik 
------------------------- 
Tanggal: 29-03-2022 10:25:01 
Duration Download Forstok 14.804413080215 Detik
Duration Looping 700 Data 192.83498811722 Detik 
Total Duration 192.83510708809 Detik 
------------------------- 
Tanggal: 29-03-2022 10:30:01 
Duration Download Forstok 16.687205076218 Detik
Duration Looping 700 Data 193.14593601227 Detik 
Total Duration 193.1460621357 Detik 
------------------------- 
Tanggal: 29-03-2022 10:35:01 
Duration Download Forstok 24.65664100647 Detik
Duration Looping 700 Data 195.79330897331 Detik 
Total Duration 195.79342794418 Detik 
------------------------- 
Tanggal: 29-03-2022 10:40:01 
Duration Download Forstok 15.761316776276 Detik
Duration Looping 700 Data 183.52234792709 Detik 
Total Duration 183.52246189117 Detik 
------------------------- 
Tanggal: 29-03-2022 10:45:01 
Duration Download Forstok 30.772840976715 Detik
Duration Looping 700 Data 201.02733206749 Detik 
Total Duration 201.02747106552 Detik 
------------------------- 
Tanggal: 29-03-2022 10:50:01 
Duration Download Forstok 18.579199075699 Detik
Duration Looping 700 Data 188.0540060997 Detik 
Total Duration 188.0541241169 Detik 
------------------------- 
Tanggal: 29-03-2022 10:55:01 
Duration Download Forstok 0.38841485977173 Detik
Tanggal: 29-03-2022 11:00:01 
Duration Download Forstok 0.9780638217926 Detik
Tanggal: 29-03-2022 11:05:01 
Duration Download Forstok 0.35343098640442 Detik
Tanggal: 29-03-2022 11:10:01 
Duration Download Forstok 16.874205112457 Detik
Duration Looping 700 Data 203.44316220284 Detik 
Total Duration 203.44328117371 Detik 
------------------------- 
Tanggal: 29-03-2022 11:15:01 
Duration Download Forstok 16.791194915771 Detik
Duration Looping 700 Data 193.63917994499 Detik 
Total Duration 193.63929080963 Detik 
------------------------- 
Tanggal: 29-03-2022 11:20:01 
Duration Download Forstok 14.879669189453 Detik
Duration Looping 700 Data 198.56879210472 Detik 
Total Duration 198.56890320778 Detik 
------------------------- 
Tanggal: 29-03-2022 11:25:01 
Duration Download Forstok 14.303416967392 Detik
Duration Looping 700 Data 186.8967320919 Detik 
Total Duration 186.89685606956 Detik 
------------------------- 
Tanggal: 29-03-2022 11:30:02 
Duration Download Forstok 18.887546062469 Detik
Duration Looping 700 Data 195.0337240696 Detik 
Total Duration 195.03384900093 Detik 
------------------------- 
Tanggal: 29-03-2022 11:35:01 
Duration Download Forstok 22.290736913681 Detik
Duration Looping 700 Data 194.56323695183 Detik 
Total Duration 194.56334710121 Detik 
------------------------- 
Tanggal: 29-03-2022 11:40:01 
Duration Download Forstok 20.947173118591 Detik
Duration Looping 700 Data 195.16049599648 Detik 
Total Duration 195.16060209274 Detik 
------------------------- 
Tanggal: 29-03-2022 11:45:01 
Duration Download Forstok 15.460471868515 Detik
Duration Looping 700 Data 197.02341294289 Detik 
Total Duration 197.02350401878 Detik 
------------------------- 
Tanggal: 29-03-2022 11:50:01 
Duration Download Forstok 22.859893083572 Detik
Duration Looping 700 Data 208.0242331028 Detik 
Total Duration 208.02434206009 Detik 
------------------------- 
Tanggal: 29-03-2022 11:55:01 
Duration Download Forstok 12.600161075592 Detik
Duration Looping 700 Data 189.93935012817 Detik 
Total Duration 189.93948507309 Detik 
------------------------- 
Tanggal: 29-03-2022 12:00:01 
Duration Download Forstok 14.711915016174 Detik
Duration Looping 700 Data 193.57076191902 Detik 
Total Duration 193.57087492943 Detik 
------------------------- 
Tanggal: 29-03-2022 12:05:01 
Duration Download Forstok 28.445249080658 Detik
Duration Looping 700 Data 199.33666110039 Detik 
Total Duration 199.33678197861 Detik 
------------------------- 
Tanggal: 29-03-2022 12:10:01 
Duration Download Forstok 15.178025007248 Detik
Duration Looping 700 Data 196.17215800285 Detik 
Total Duration 196.17224907875 Detik 
------------------------- 
Tanggal: 29-03-2022 12:15:01 
Duration Download Forstok 14.360889196396 Detik
Duration Looping 700 Data 191.1867082119 Detik 
Total Duration 191.18682718277 Detik 
------------------------- 
Tanggal: 29-03-2022 12:20:01 
Duration Download Forstok 13.649312973022 Detik
Duration Looping 700 Data 180.87362003326 Detik 
Total Duration 180.87374210358 Detik 
------------------------- 
Tanggal: 29-03-2022 12:25:01 
Duration Download Forstok 13.695357084274 Detik
Duration Looping 700 Data 189.72538805008 Detik 
Total Duration 189.72550797462 Detik 
------------------------- 
Tanggal: 29-03-2022 12:30:01 
Duration Download Forstok 21.863024950027 Detik
Duration Looping 700 Data 193.88409280777 Detik 
Total Duration 193.88420581818 Detik 
------------------------- 
Tanggal: 29-03-2022 12:35:01 
Duration Download Forstok 18.769330024719 Detik
Duration Looping 700 Data 189.19555306435 Detik 
Total Duration 189.19569897652 Detik 
------------------------- 
Tanggal: 29-03-2022 12:40:01 
Duration Download Forstok 15.325881958008 Detik
Duration Looping 700 Data 186.21834993362 Detik 
Total Duration 186.21848988533 Detik 
------------------------- 
Tanggal: 29-03-2022 12:45:01 
Duration Download Forstok 19.537515878677 Detik
Duration Looping 700 Data 191.41078090668 Detik 
Total Duration 191.4109017849 Detik 
------------------------- 
Tanggal: 29-03-2022 12:50:01 
Duration Download Forstok 16.948548078537 Detik
Duration Looping 700 Data 187.78644394875 Detik 
Total Duration 187.78658103943 Detik 
------------------------- 
Tanggal: 29-03-2022 12:55:01 
Duration Download Forstok 14.804218053818 Detik
Duration Looping 700 Data 184.93019795418 Detik 
Total Duration 184.93031907082 Detik 
------------------------- 
Tanggal: 29-03-2022 13:00:01 
Duration Download Forstok 14.679433107376 Detik
Duration Looping 700 Data 183.9788069725 Detik 
Total Duration 183.9789249897 Detik 
------------------------- 
Tanggal: 29-03-2022 13:05:01 
Duration Download Forstok 28.85337805748 Detik
Duration Looping 700 Data 200.11940097809 Detik 
Total Duration 200.11949586868 Detik 
------------------------- 
Tanggal: 29-03-2022 13:10:01 
Duration Download Forstok 23.790741920471 Detik
Duration Looping 700 Data 200.60566902161 Detik 
Total Duration 200.60578489304 Detik 
------------------------- 
Tanggal: 29-03-2022 13:15:01 
Duration Download Forstok 32.212347984314 Detik
Duration Looping 700 Data 209.62386989594 Detik 
Total Duration 209.62399482727 Detik 
------------------------- 
Tanggal: 29-03-2022 13:20:01 
Duration Download Forstok 12.540061950684 Detik
Duration Looping 700 Data 190.78454899788 Detik 
Total Duration 190.78464007378 Detik 
------------------------- 
Tanggal: 29-03-2022 13:25:01 
Duration Download Forstok 16.830038070679 Detik
Duration Looping 700 Data 189.57852196693 Detik 
Total Duration 189.57863712311 Detik 
------------------------- 
Tanggal: 29-03-2022 13:30:02 
Duration Download Forstok 22.56361413002 Detik
Duration Looping 700 Data 197.2105782032 Detik 
Total Duration 197.21067905426 Detik 
------------------------- 
Tanggal: 29-03-2022 13:35:01 
Duration Download Forstok 19.576498031616 Detik
Duration Looping 700 Data 199.78836798668 Detik 
Total Duration 199.78848290443 Detik 
------------------------- 
Tanggal: 29-03-2022 13:40:01 
Duration Download Forstok 14.835511207581 Detik
Duration Looping 700 Data 194.26037502289 Detik 
Total Duration 194.26046514511 Detik 
------------------------- 
Tanggal: 29-03-2022 13:45:01 
Duration Download Forstok 14.856122016907 Detik
Duration Looping 700 Data 191.21413683891 Detik 
Total Duration 191.2142469883 Detik 
------------------------- 
Tanggal: 29-03-2022 13:50:01 
Duration Download Forstok 13.658272981644 Detik
Duration Looping 700 Data 192.63727092743 Detik 
Total Duration 192.63736796379 Detik 
------------------------- 
Tanggal: 29-03-2022 13:55:01 
Duration Download Forstok 13.037410974503 Detik
Duration Looping 700 Data 189.86765503883 Detik 
Total Duration 189.86778092384 Detik 
------------------------- 
Tanggal: 29-03-2022 14:00:01 
Duration Download Forstok 15.360754966736 Detik
Duration Looping 700 Data 204.69151806831 Detik 
Total Duration 204.69160890579 Detik 
------------------------- 
Tanggal: 29-03-2022 14:05:01 
Duration Download Forstok 19.977054834366 Detik
Duration Looping 700 Data 202.63405585289 Detik 
Total Duration 202.63416481018 Detik 
------------------------- 
Tanggal: 29-03-2022 14:10:01 
Duration Download Forstok 18.59379696846 Detik
Duration Looping 700 Data 202.2062189579 Detik 
Total Duration 202.20634794235 Detik 
------------------------- 
Tanggal: 29-03-2022 14:15:01 
Duration Download Forstok 22.836436986923 Detik
Duration Looping 700 Data 206.38705301285 Detik 
Total Duration 206.38714599609 Detik 
------------------------- 
Tanggal: 29-03-2022 14:20:01 
Duration Download Forstok 16.048762083054 Detik
Duration Looping 700 Data 194.86284208298 Detik 
Total Duration 194.86297607422 Detik 
------------------------- 
Tanggal: 29-03-2022 14:25:01 
Duration Download Forstok 15.687479972839 Detik
Duration Looping 700 Data 194.37329101562 Detik 
Total Duration 194.37341308594 Detik 
------------------------- 
Tanggal: 29-03-2022 14:30:01 
Duration Download Forstok 20.424221038818 Detik
Duration Looping 700 Data 193.73992395401 Detik 
Total Duration 193.74002408981 Detik 
------------------------- 
Tanggal: 29-03-2022 14:35:01 
Duration Download Forstok 17.990705966949 Detik
Duration Looping 700 Data 197.01072001457 Detik 
Total Duration 197.01082801819 Detik 
------------------------- 
Tanggal: 29-03-2022 14:40:01 
Duration Download Forstok 14.434252023697 Detik
Duration Looping 700 Data 193.50569200516 Detik 
Total Duration 193.50580716133 Detik 
------------------------- 
Tanggal: 29-03-2022 14:45:01 
Duration Download Forstok 18.210995912552 Detik
Duration Looping 700 Data 202.3269970417 Detik 
Total Duration 202.32711791992 Detik 
------------------------- 
Tanggal: 29-03-2022 14:50:01 
Duration Download Forstok 16.577209949493 Detik
Duration Looping 700 Data 199.34369802475 Detik 
Total Duration 199.34380507469 Detik 
------------------------- 
Tanggal: 29-03-2022 14:55:01 
Duration Download Forstok 17.997596979141 Detik
Duration Looping 700 Data 200.21664595604 Detik 
Total Duration 200.2167339325 Detik 
------------------------- 
Tanggal: 29-03-2022 15:00:01 
Duration Download Forstok 18.396003007889 Detik
Duration Looping 700 Data 200.52459812164 Detik 
Total Duration 200.52471899986 Detik 
------------------------- 
Tanggal: 29-03-2022 15:05:01 
Duration Download Forstok 29.649560928345 Detik
Duration Looping 700 Data 210.5179579258 Detik 
Total Duration 210.51808094978 Detik 
------------------------- 
Tanggal: 29-03-2022 15:10:01 
Duration Download Forstok 22.457998991013 Detik
Duration Looping 700 Data 202.4339659214 Detik 
Total Duration 202.43409395218 Detik 
------------------------- 
Tanggal: 29-03-2022 15:15:01 
Duration Download Forstok 19.020235061646 Detik
Duration Looping 700 Data 201.9823589325 Detik 
Total Duration 201.98247098923 Detik 
------------------------- 
Tanggal: 29-03-2022 15:20:01 
Duration Download Forstok 24.631012916565 Detik
Duration Looping 700 Data 199.10027694702 Detik 
Total Duration 199.1004140377 Detik 
------------------------- 
Tanggal: 29-03-2022 15:25:01 
Duration Download Forstok 14.340526103973 Detik
Duration Looping 700 Data 188.23761296272 Detik 
Total Duration 188.23772096634 Detik 
------------------------- 
Tanggal: 29-03-2022 15:30:01 
Duration Download Forstok 14.535518884659 Detik
Duration Looping 700 Data 198.57151579857 Detik 
Total Duration 198.57160592079 Detik 
------------------------- 
Tanggal: 29-03-2022 15:35:01 
Duration Download Forstok 29.939425945282 Detik
Duration Looping 700 Data 208.80764102936 Detik 
Total Duration 208.80779600143 Detik 
------------------------- 
Tanggal: 29-03-2022 15:40:01 
Duration Download Forstok 15.584661006927 Detik
Duration Looping 700 Data 191.55256485939 Detik 
Total Duration 191.5526869297 Detik 
------------------------- 
Tanggal: 29-03-2022 15:45:01 
Duration Download Forstok 27.788820028305 Detik
Duration Looping 700 Data 206.63497710228 Detik 
Total Duration 206.63507914543 Detik 
------------------------- 
Tanggal: 29-03-2022 15:50:01 
Duration Download Forstok 19.143291950226 Detik
Duration Looping 700 Data 194.321819067 Detik 
Total Duration 194.32195997238 Detik 
------------------------- 
Tanggal: 29-03-2022 15:55:01 
Duration Download Forstok 17.885219097137 Detik
Duration Looping 700 Data 197.19713616371 Detik 
Total Duration 197.19724416733 Detik 
------------------------- 
Tanggal: 29-03-2022 16:00:01 
Duration Download Forstok 27.705843925476 Detik
Duration Looping 700 Data 205.42706489563 Detik 
Total Duration 205.42719388008 Detik 
------------------------- 
Tanggal: 29-03-2022 16:05:01 
Duration Download Forstok 41.016090869904 Detik
Duration Looping 700 Data 213.91480398178 Detik 
Total Duration 213.91492390633 Detik 
------------------------- 
Tanggal: 29-03-2022 16:10:01 
Duration Download Forstok 17.11844086647 Detik
Duration Looping 700 Data 193.90304493904 Detik 
Total Duration 193.90314388275 Detik 
------------------------- 
Tanggal: 29-03-2022 16:15:01 
Duration Download Forstok 21.423763990402 Detik
Duration Looping 700 Data 199.51916003227 Detik 
Total Duration 199.51928091049 Detik 
------------------------- 
Tanggal: 29-03-2022 16:20:01 
Duration Download Forstok 17.052047014236 Detik
Duration Looping 700 Data 193.2839679718 Detik 
Total Duration 193.28404903412 Detik 
------------------------- 
Tanggal: 29-03-2022 16:25:01 
Duration Download Forstok 26.2177298069 Detik
Duration Looping 700 Data 207.01892590523 Detik 
Total Duration 207.01904582977 Detik 
------------------------- 
Tanggal: 29-03-2022 16:30:01 
Duration Download Forstok 21.147248983383 Detik
Duration Looping 700 Data 200.25129199028 Detik 
Total Duration 200.25137805939 Detik 
------------------------- 
Tanggal: 29-03-2022 16:35:01 
Duration Download Forstok 16.819296836853 Detik
Duration Looping 700 Data 196.84275102615 Detik 
Total Duration 196.84287881851 Detik 
------------------------- 
Tanggal: 29-03-2022 16:40:02 
Duration Download Forstok 22.117340087891 Detik
Duration Looping 700 Data 206.55283904076 Detik 
Total Duration 206.55296111107 Detik 
------------------------- 
Tanggal: 29-03-2022 16:45:01 
Duration Download Forstok 18.491537809372 Detik
Duration Looping 700 Data 195.6539478302 Detik 
Total Duration 195.65407299995 Detik 
------------------------- 
Tanggal: 29-03-2022 16:50:01 
Duration Download Forstok 34.905503988266 Detik
Duration Looping 700 Data 216.18011593819 Detik 
Total Duration 216.18023705482 Detik 
------------------------- 
Tanggal: 29-03-2022 16:55:01 
Duration Download Forstok 16.52424120903 Detik
Duration Looping 700 Data 205.55431008339 Detik 
Total Duration 205.5544090271 Detik 
------------------------- 
Tanggal: 29-03-2022 17:00:01 
Duration Download Forstok 36.031794786453 Detik
Duration Looping 700 Data 214.19065499306 Detik 
Total Duration 214.19076085091 Detik 
------------------------- 
Tanggal: 29-03-2022 17:05:01 
Duration Download Forstok 15.824087142944 Detik
Duration Looping 700 Data 199.99029517174 Detik 
Total Duration 199.99047207832 Detik 
------------------------- 
Tanggal: 29-03-2022 17:10:01 
Duration Download Forstok 43.510063171387 Detik
Duration Looping 700 Data 210.28259897232 Detik 
Total Duration 210.28269815445 Detik 
------------------------- 
Tanggal: 29-03-2022 17:15:01 
Duration Download Forstok 23.019886016846 Detik
Duration Looping 700 Data 198.29089593887 Detik 
Total Duration 198.2910220623 Detik 
------------------------- 
Tanggal: 29-03-2022 17:20:01 
Duration Download Forstok 22.67305803299 Detik
Duration Looping 700 Data 191.23953914642 Detik 
Total Duration 191.23965716362 Detik 
------------------------- 
Tanggal: 29-03-2022 17:25:01 
Duration Download Forstok 25.480685949326 Detik
Duration Looping 700 Data 190.55358099937 Detik 
Total Duration 190.55368995667 Detik 
------------------------- 
Tanggal: 29-03-2022 17:30:01 
Duration Download Forstok 23.605861902237 Detik
Duration Looping 700 Data 197.30847001076 Detik 
Total Duration 197.30858302116 Detik 
------------------------- 
Tanggal: 29-03-2022 17:35:01 
Duration Download Forstok 27.042860984802 Detik
Duration Looping 700 Data 194.2435901165 Detik 
Total Duration 194.24370503426 Detik 
------------------------- 
Tanggal: 29-03-2022 17:40:01 
Duration Download Forstok 21.767405033112 Detik
Duration Looping 700 Data 190.2531440258 Detik 
Total Duration 190.25325798988 Detik 
------------------------- 
Tanggal: 29-03-2022 17:45:01 
Duration Download Forstok 17.629314899445 Detik
Duration Looping 700 Data 184.76596999168 Detik 
Total Duration 184.7660779953 Detik 
------------------------- 
Tanggal: 29-03-2022 17:50:01 
Duration Download Forstok 21.568677186966 Detik
Duration Looping 700 Data 193.08080601692 Detik 
Total Duration 193.08092999458 Detik 
------------------------- 
Tanggal: 29-03-2022 17:55:01 
Duration Download Forstok 17.193734169006 Detik
Duration Looping 700 Data 193.32967615128 Detik 
Total Duration 193.32980799675 Detik 
------------------------- 
Tanggal: 29-03-2022 18:00:01 
Duration Download Forstok 18.118813991547 Detik
Duration Looping 700 Data 188.95888781548 Detik 
Total Duration 188.95901203156 Detik 
------------------------- 
Tanggal: 29-03-2022 18:05:01 
Duration Download Forstok 21.061496019363 Detik
Duration Looping 700 Data 186.91312789917 Detik 
Total Duration 186.91324591637 Detik 
------------------------- 
Tanggal: 29-03-2022 18:10:01 
Duration Download Forstok 14.363430976868 Detik
Duration Looping 700 Data 186.98633503914 Detik 
Total Duration 186.98645997047 Detik 
------------------------- 
Tanggal: 29-03-2022 18:15:01 
Duration Download Forstok 20.649250984192 Detik
Duration Looping 700 Data 194.53208899498 Detik 
Total Duration 194.53220391273 Detik 
------------------------- 
Tanggal: 29-03-2022 18:20:01 
Duration Download Forstok 14.844553947449 Detik
Duration Looping 700 Data 185.52699708939 Detik 
Total Duration 185.52711892128 Detik 
------------------------- 
Tanggal: 29-03-2022 18:25:01 
Duration Download Forstok 12.79604101181 Detik
Duration Looping 700 Data 181.0060749054 Detik 
Total Duration 181.00621700287 Detik 
------------------------- 
Tanggal: 29-03-2022 18:30:01 
Duration Download Forstok 13.6801841259 Detik
Duration Looping 700 Data 184.23121905327 Detik 
Total Duration 184.23134016991 Detik 
------------------------- 
Tanggal: 29-03-2022 18:35:01 
Duration Download Forstok 19.081644058228 Detik
Duration Looping 700 Data 193.76930499077 Detik 
Total Duration 193.7695081234 Detik 
------------------------- 
Tanggal: 29-03-2022 18:40:01 
Duration Download Forstok 18.944575071335 Detik
Duration Looping 700 Data 191.62851214409 Detik 
Total Duration 191.62862110138 Detik 
------------------------- 
Tanggal: 29-03-2022 18:45:01 
Duration Download Forstok 16.527415990829 Detik
Duration Looping 700 Data 185.34256386757 Detik 
Total Duration 185.34268283844 Detik 
------------------------- 
Tanggal: 29-03-2022 18:50:01 
Duration Download Forstok 15.391499996185 Detik
Duration Looping 700 Data 185.08035802841 Detik 
Total Duration 185.08047604561 Detik 
------------------------- 
Tanggal: 29-03-2022 18:55:01 
Duration Download Forstok 19.715375185013 Detik
Duration Looping 700 Data 190.09457707405 Detik 
Total Duration 190.09469914436 Detik 
------------------------- 
Tanggal: 29-03-2022 19:00:01 
Duration Download Forstok 20.993256807327 Detik
Duration Looping 700 Data 191.46187281609 Detik 
Total Duration 191.46199297905 Detik 
------------------------- 
Tanggal: 29-03-2022 19:05:01 
Duration Download Forstok 26.463549137115 Detik
Duration Looping 700 Data 188.16889500618 Detik 
Total Duration 188.16900706291 Detik 
------------------------- 
Tanggal: 29-03-2022 19:10:01 
Duration Download Forstok 14.733640909195 Detik
Duration Looping 700 Data 176.73856091499 Detik 
Total Duration 176.73868489265 Detik 
------------------------- 
Tanggal: 29-03-2022 19:15:01 
Duration Download Forstok 15.040358066559 Detik
Duration Looping 700 Data 177.88996195793 Detik 
Total Duration 177.89008402824 Detik 
------------------------- 
Tanggal: 29-03-2022 19:20:01 
Duration Download Forstok 15.337719917297 Detik
Duration Looping 700 Data 183.0218091011 Detik 
Total Duration 183.02192807198 Detik 
------------------------- 
Tanggal: 29-03-2022 19:25:01 
Duration Download Forstok 15.463757991791 Detik
Duration Looping 700 Data 187.8523068428 Detik 
Total Duration 187.85242986679 Detik 
------------------------- 
Tanggal: 29-03-2022 19:30:01 
Duration Download Forstok 12.920169830322 Detik
Duration Looping 700 Data 185.44771695137 Detik 
Total Duration 185.44783186913 Detik 
------------------------- 
Tanggal: 29-03-2022 19:35:01 
Duration Download Forstok 20.075829982758 Detik
Duration Looping 700 Data 181.87106800079 Detik 
Total Duration 181.87119579315 Detik 
------------------------- 
Tanggal: 29-03-2022 19:40:01 
Duration Download Forstok 14.601368188858 Detik
Duration Looping 700 Data 186.027312994 Detik 
Total Duration 186.02743411064 Detik 
------------------------- 
Tanggal: 29-03-2022 19:45:01 
Duration Download Forstok 19.926862001419 Detik
Duration Looping 700 Data 183.27942299843 Detik 
Total Duration 183.27954101562 Detik 
------------------------- 
Tanggal: 29-03-2022 19:50:01 
Duration Download Forstok 17.603568077087 Detik
Duration Looping 700 Data 185.52459406853 Detik 
Total Duration 185.52471017838 Detik 
------------------------- 
Tanggal: 29-03-2022 19:55:01 
Duration Download Forstok 15.78058218956 Detik
Duration Looping 700 Data 184.07597708702 Detik 
Total Duration 184.07610106468 Detik 
------------------------- 
Tanggal: 29-03-2022 20:00:01 
Duration Download Forstok 19.925178050995 Detik
Duration Looping 700 Data 184.96426296234 Detik 
Total Duration 184.96438789368 Detik 
------------------------- 
Tanggal: 29-03-2022 20:05:01 
Duration Download Forstok 22.406658172607 Detik
Duration Looping 700 Data 186.50510621071 Detik 
Total Duration 186.50522613525 Detik 
------------------------- 
Tanggal: 29-03-2022 20:10:01 
Duration Download Forstok 20.765908002853 Detik
Duration Looping 700 Data 190.84173297882 Detik 
Total Duration 190.84185194969 Detik 
------------------------- 
Tanggal: 29-03-2022 20:15:01 
Duration Download Forstok 17.397024154663 Detik
Duration Looping 700 Data 188.89880299568 Detik 
Total Duration 188.8989200592 Detik 
------------------------- 
Tanggal: 29-03-2022 20:20:01 
Duration Download Forstok 16.641283035278 Detik
Duration Looping 700 Data 180.38318610191 Detik 
Total Duration 180.38330101967 Detik 
------------------------- 
Tanggal: 29-03-2022 20:25:01 
Duration Download Forstok 12.803500890732 Detik
Duration Looping 700 Data 178.90186405182 Detik 
Total Duration 178.90198302269 Detik 
------------------------- 
Tanggal: 29-03-2022 20:30:02 
Duration Download Forstok 13.291999101639 Detik
Duration Looping 700 Data 180.70866703987 Detik 
Total Duration 180.70883703232 Detik 
------------------------- 
Tanggal: 29-03-2022 20:35:01 
Duration Download Forstok 18.331284999847 Detik
Duration Looping 700 Data 192.20739507675 Detik 
Total Duration 192.20749092102 Detik 
------------------------- 
Tanggal: 29-03-2022 20:40:01 
Duration Download Forstok 15.711055994034 Detik
Duration Looping 700 Data 184.4666121006 Detik 
Total Duration 184.46673321724 Detik 
------------------------- 
Tanggal: 29-03-2022 20:45:01 
Duration Download Forstok 17.506368875504 Detik
Duration Looping 700 Data 193.30899691582 Detik 
Total Duration 193.30911493301 Detik 
------------------------- 
Tanggal: 29-03-2022 20:50:01 
Duration Download Forstok 22.670662164688 Detik
Duration Looping 700 Data 188.38285017014 Detik 
Total Duration 188.38296604156 Detik 
------------------------- 
Tanggal: 29-03-2022 20:55:01 
Duration Download Forstok 15.242938995361 Detik
Duration Looping 700 Data 183.10215902328 Detik 
Total Duration 183.10236692429 Detik 
------------------------- 
Tanggal: 29-03-2022 21:00:02 
Duration Download Forstok 23.984265089035 Detik
Duration Looping 700 Data 200.1459441185 Detik 
Total Duration 200.14603090286 Detik 
------------------------- 
Tanggal: 29-03-2022 21:05:01 
Duration Download Forstok 31.94068813324 Detik
Duration Looping 700 Data 201.34657716751 Detik 
Total Duration 201.34666705132 Detik 
------------------------- 
Tanggal: 29-03-2022 21:10:01 
Duration Download Forstok 16.248800992966 Detik
Duration Looping 700 Data 186.18115496635 Detik 
Total Duration 186.18126988411 Detik 
------------------------- 
Tanggal: 29-03-2022 21:15:02 
Duration Download Forstok 20.813203811646 Detik
Duration Looping 700 Data 190.34545278549 Detik 
Total Duration 190.34557294846 Detik 
------------------------- 
Tanggal: 29-03-2022 21:20:01 
Duration Download Forstok 14.194700956345 Detik
Duration Looping 700 Data 179.54388999939 Detik 
Total Duration 179.54399085045 Detik 
------------------------- 
Tanggal: 29-03-2022 21:25:01 
Duration Download Forstok 18.101738929749 Detik
Duration Looping 700 Data 186.71692991257 Detik 
Total Duration 186.71704792976 Detik 
------------------------- 
Tanggal: 29-03-2022 21:30:01 
Duration Download Forstok 15.273268938065 Detik
Duration Looping 700 Data 180.71537208557 Detik 
Total Duration 180.71549510956 Detik 
------------------------- 
Tanggal: 29-03-2022 21:35:01 
Duration Download Forstok 24.191983938217 Detik
Duration Looping 700 Data 193.51329112053 Detik 
Total Duration 193.51341295242 Detik 
------------------------- 
Tanggal: 29-03-2022 21:40:01 
Duration Download Forstok 15.429934978485 Detik
Duration Looping 700 Data 186.42140603065 Detik 
Total Duration 186.42153596878 Detik 
------------------------- 
Tanggal: 29-03-2022 21:45:01 
Duration Download Forstok 18.146255016327 Detik
Duration Looping 700 Data 178.2326631546 Detik 
Total Duration 178.23275899887 Detik 
------------------------- 
Tanggal: 29-03-2022 21:50:01 
Duration Download Forstok 14.890069007874 Detik
Duration Looping 700 Data 174.17510890961 Detik 
Total Duration 174.17522382736 Detik 
------------------------- 
Tanggal: 29-03-2022 21:55:01 
Duration Download Forstok 11.962317943573 Detik
Duration Looping 700 Data 175.3666009903 Detik 
Total Duration 175.36671710014 Detik 
------------------------- 
Tanggal: 29-03-2022 22:00:01 
Duration Download Forstok 14.225831985474 Detik
Duration Looping 700 Data 179.47947311401 Detik 
Total Duration 179.47959518433 Detik 
------------------------- 
Tanggal: 29-03-2022 22:05:01 
Duration Download Forstok 16.658895969391 Detik
Duration Looping 700 Data 186.6638481617 Detik 
Total Duration 186.66397404671 Detik 
------------------------- 
Tanggal: 29-03-2022 22:10:01 
Duration Download Forstok 35.633960962296 Detik
Duration Looping 700 Data 219.51051497459 Detik 
Total Duration 219.51063299179 Detik 
------------------------- 
Tanggal: 29-03-2022 22:15:01 
Duration Download Forstok 18.712314128876 Detik
Duration Looping 700 Data 181.41490697861 Detik 
Total Duration 181.41502714157 Detik 
------------------------- 
Tanggal: 29-03-2022 22:20:01 
Duration Download Forstok 21.817375183105 Detik
Duration Looping 700 Data 191.29372096062 Detik 
Total Duration 191.29385209084 Detik 
------------------------- 
Tanggal: 29-03-2022 22:25:01 
Duration Download Forstok 14.945173025131 Detik
Duration Looping 700 Data 194.52897381783 Detik 
Total Duration 194.52908992767 Detik 
------------------------- 
Tanggal: 29-03-2022 22:30:01 
Duration Download Forstok 33.227578878403 Detik
Duration Looping 700 Data 192.89634990692 Detik 
Total Duration 192.89647102356 Detik 
------------------------- 
Tanggal: 29-03-2022 22:35:01 
Duration Download Forstok 20.077944040298 Detik
Duration Looping 700 Data 181.23471903801 Detik 
Total Duration 181.23483681679 Detik 
------------------------- 
Tanggal: 29-03-2022 22:40:01 
Duration Download Forstok 31.91933298111 Detik
Duration Looping 700 Data 194.03488111496 Detik 
Total Duration 194.03500294685 Detik 
------------------------- 
Tanggal: 29-03-2022 22:45:01 
Duration Download Forstok 16.202214956284 Detik
Duration Looping 700 Data 176.09241485596 Detik 
Total Duration 176.09253978729 Detik 
------------------------- 
Tanggal: 29-03-2022 22:50:01 
Duration Download Forstok 14.094218969345 Detik
Duration Looping 700 Data 178.26856708527 Detik 
Total Duration 178.26868486404 Detik 
------------------------- 
Tanggal: 29-03-2022 22:55:01 
Duration Download Forstok 12.497526884079 Detik
Duration Looping 700 Data 175.21693706512 Detik 
Total Duration 175.21703195572 Detik 
------------------------- 
Tanggal: 29-03-2022 23:00:01 
Duration Download Forstok 25.638678073883 Detik
Duration Looping 700 Data 182.80323314667 Detik 
Total Duration 182.80334806442 Detik 
------------------------- 
Tanggal: 29-03-2022 23:05:01 
Duration Download Forstok 30.951725959778 Detik
Duration Looping 700 Data 190.61477899551 Detik 
Total Duration 190.61489796638 Detik 
------------------------- 
Tanggal: 29-03-2022 23:10:01 
Duration Download Forstok 20.634109020233 Detik
Duration Looping 700 Data 188.52625012398 Detik 
Total Duration 188.52637195587 Detik 
------------------------- 
Tanggal: 29-03-2022 23:15:01 
Duration Download Forstok 17.8386759758 Detik
Duration Looping 700 Data 174.69348692894 Detik 
Total Duration 174.69361305237 Detik 
------------------------- 
Tanggal: 29-03-2022 23:20:01 
Duration Download Forstok 14.165910959244 Detik
Duration Looping 700 Data 170.33361411095 Detik 
Total Duration 170.33374500275 Detik 
------------------------- 
Tanggal: 29-03-2022 23:25:01 
Duration Download Forstok 17.553925991058 Detik
Duration Looping 700 Data 179.19890809059 Detik 
Total Duration 179.19903302193 Detik 
------------------------- 
Tanggal: 29-03-2022 23:30:01 
Duration Download Forstok 16.897494077682 Detik
Duration Looping 700 Data 177.91128396988 Detik 
Total Duration 177.91139912605 Detik 
------------------------- 
Tanggal: 29-03-2022 23:35:01 
Duration Download Forstok 20.26904797554 Detik
Duration Looping 700 Data 194.18764305115 Detik 
Total Duration 194.18774008751 Detik 
------------------------- 
Tanggal: 29-03-2022 23:40:01 
Duration Download Forstok 19.328525066376 Detik
Duration Looping 700 Data 184.15140604973 Detik 
Total Duration 184.15149497986 Detik 
------------------------- 
Tanggal: 29-03-2022 23:45:01 
Duration Download Forstok 18.151688814163 Detik
Duration Looping 700 Data 177.90163588524 Detik 
Total Duration 177.90175485611 Detik 
------------------------- 
Tanggal: 29-03-2022 23:50:01 
Duration Download Forstok 15.60733795166 Detik
Duration Looping 700 Data 184.18522787094 Detik 
Total Duration 184.18533706665 Detik 
------------------------- 
Tanggal: 29-03-2022 23:55:01 
Duration Download Forstok 22.281928062439 Detik
Duration Looping 700 Data 181.23308992386 Detik 
Total Duration 181.23320794106 Detik 
------------------------- 
