Tanggal: 20-05-2022 00:00:01 
Duration Download Forstok 20.194670915604 Detik
Duration Looping 500 Data 625.25205993652 Detik 
Total Duration 625.25306582451 Detik 
------------------------- 
Tanggal: 20-05-2022 00:15:01 
Duration Download Forstok 21.113034009933 Detik
Duration Looping 500 Data 159.07965302467 Detik 
Total Duration 159.07976388931 Detik 
------------------------- 
Tanggal: 20-05-2022 00:20:01 
Duration Download Forstok 12.1042740345 Detik
Duration Looping 500 Data 159.3326280117 Detik 
Total Duration 159.33363604546 Detik 
------------------------- 
Tanggal: 20-05-2022 00:25:01 
Duration Download Forstok 13.072955131531 Detik
Duration Looping 500 Data 142.5814371109 Detik 
Total Duration 142.58155894279 Detik 
------------------------- 
Tanggal: 20-05-2022 00:30:01 
Duration Download Forstok 14.401237010956 Detik
Duration Looping 500 Data 146.69277906418 Detik 
Total Duration 146.69290614128 Detik 
------------------------- 
Tanggal: 20-05-2022 00:35:01 
Duration Download Forstok 15.269798994064 Detik
Duration Looping 500 Data 147.20199799538 Detik 
Total Duration 147.20211195946 Detik 
------------------------- 
Tanggal: 20-05-2022 00:40:01 
Duration Download Forstok 11.408742189407 Detik
Duration Looping 500 Data 142.05300211906 Detik 
Total Duration 142.05312919617 Detik 
------------------------- 
Tanggal: 20-05-2022 00:45:02 
Duration Download Forstok 23.013895988464 Detik
Duration Looping 500 Data 174.94269299507 Detik 
Total Duration 174.94282913208 Detik 
------------------------- 
Tanggal: 20-05-2022 00:50:01 
Duration Download Forstok 15.799417972565 Detik
Duration Looping 500 Data 144.27478599548 Detik 
Total Duration 144.27494192123 Detik 
------------------------- 
Tanggal: 20-05-2022 00:55:01 
Duration Download Forstok 18.509897947311 Detik
Duration Looping 500 Data 149.10607099533 Detik 
Total Duration 149.10619592667 Detik 
------------------------- 
Tanggal: 20-05-2022 01:00:01 
Duration Download Forstok 12.559901952744 Detik
Duration Looping 500 Data 140.82264995575 Detik 
Total Duration 140.82276797295 Detik 
------------------------- 
Tanggal: 20-05-2022 01:05:01 
Duration Download Forstok 27.778408050537 Detik
Duration Looping 500 Data 165.53520298004 Detik 
Total Duration 165.5353269577 Detik 
------------------------- 
Tanggal: 20-05-2022 01:10:01 
Duration Download Forstok 11.456326961517 Detik
Duration Looping 500 Data 137.23762798309 Detik 
Total Duration 137.23774504662 Detik 
------------------------- 
Tanggal: 20-05-2022 01:15:01 
Duration Download Forstok 13.164610147476 Detik
Duration Looping 500 Data 144.99554109573 Detik 
Total Duration 144.99564504623 Detik 
------------------------- 
Tanggal: 20-05-2022 01:20:01 
Duration Download Forstok 13.282225847244 Detik
Duration Looping 500 Data 144.17055082321 Detik 
Total Duration 144.17068696022 Detik 
------------------------- 
Tanggal: 20-05-2022 01:25:01 
Duration Download Forstok 13.082347154617 Detik
Duration Looping 500 Data 143.42953205109 Detik 
Total Duration 143.42965102196 Detik 
------------------------- 
Tanggal: 20-05-2022 01:30:01 
Duration Download Forstok 12.315706014633 Detik
Duration Looping 500 Data 152.12653493881 Detik 
Total Duration 152.12666511536 Detik 
------------------------- 
Tanggal: 20-05-2022 01:35:01 
Duration Download Forstok 12.861684083939 Detik
Duration Looping 500 Data 137.87669110298 Detik 
Total Duration 137.87680888176 Detik 
------------------------- 
Tanggal: 20-05-2022 01:40:01 
Duration Download Forstok 16.246371984482 Detik
Duration Looping 500 Data 144.26530504227 Detik 
Total Duration 144.26542592049 Detik 
------------------------- 
Tanggal: 20-05-2022 01:45:01 
Duration Download Forstok 16.390165090561 Detik
Duration Looping 500 Data 150.85892701149 Detik 
Total Duration 150.85904788971 Detik 
------------------------- 
Tanggal: 20-05-2022 01:50:01 
Duration Download Forstok 10.572361946106 Detik
Duration Looping 500 Data 139.96166396141 Detik 
Total Duration 139.96178603172 Detik 
------------------------- 
Tanggal: 20-05-2022 01:55:01 
Duration Download Forstok 9.719831943512 Detik
Duration Looping 500 Data 138.65122795105 Detik 
Total Duration 138.65135407448 Detik 
------------------------- 
Tanggal: 20-05-2022 02:00:01 
Duration Download Forstok 9.9041240215302 Detik
Duration Looping 500 Data 145.22613501549 Detik 
Total Duration 145.22630214691 Detik 
------------------------- 
Tanggal: 20-05-2022 02:05:01 
Duration Download Forstok 37.814164161682 Detik
Duration Looping 500 Data 166.07838106155 Detik 
Total Duration 166.07854104042 Detik 
------------------------- 
Tanggal: 20-05-2022 02:10:01 
Duration Download Forstok 10.706250190735 Detik
Duration Looping 500 Data 138.64905309677 Detik 
Total Duration 138.64918422699 Detik 
------------------------- 
Tanggal: 20-05-2022 02:15:01 
Duration Download Forstok 13.245337963104 Detik
Duration Looping 500 Data 154.95273685455 Detik 
Total Duration 154.95285391808 Detik 
------------------------- 
Tanggal: 20-05-2022 02:20:01 
Duration Download Forstok 11.88017988205 Detik
Duration Looping 500 Data 142.50974297523 Detik 
Total Duration 142.50986099243 Detik 
------------------------- 
Tanggal: 20-05-2022 02:25:01 
Duration Download Forstok 9.1836431026459 Detik
Duration Looping 500 Data 141.30204296112 Detik 
Total Duration 141.30217504501 Detik 
------------------------- 
Tanggal: 20-05-2022 02:30:01 
Duration Download Forstok 8.9852418899536 Detik
Duration Looping 500 Data 139.17422699928 Detik 
Total Duration 139.17435097694 Detik 
------------------------- 
Tanggal: 20-05-2022 02:35:01 
Duration Download Forstok 13.107038021088 Detik
Duration Looping 500 Data 146.44747400284 Detik 
Total Duration 146.44762921333 Detik 
------------------------- 
Tanggal: 20-05-2022 02:40:01 
Duration Download Forstok 12.088006973267 Detik
Duration Looping 500 Data 140.07575106621 Detik 
Total Duration 140.07587718964 Detik 
------------------------- 
Tanggal: 20-05-2022 02:45:01 
Duration Download Forstok 21.665750026703 Detik
Duration Looping 500 Data 149.76979994774 Detik 
Total Duration 149.76993012428 Detik 
------------------------- 
Tanggal: 20-05-2022 02:50:01 
Duration Download Forstok 11.97068810463 Detik
Duration Looping 500 Data 136.77804303169 Detik 
Total Duration 136.77816915512 Detik 
------------------------- 
Tanggal: 20-05-2022 02:55:01 
Duration Download Forstok 10.246168136597 Detik
Duration Looping 500 Data 134.98598504066 Detik 
Total Duration 134.98610711098 Detik 
------------------------- 
Tanggal: 20-05-2022 03:00:01 
Duration Download Forstok 9.9849011898041 Detik
Duration Looping 500 Data 137.21722817421 Detik 
Total Duration 137.21735405922 Detik 
------------------------- 
Tanggal: 20-05-2022 03:05:01 
Duration Download Forstok 29.074313879013 Detik
Duration Looping 500 Data 161.91429686546 Detik 
Total Duration 161.91442394257 Detik 
------------------------- 
Tanggal: 20-05-2022 03:10:01 
Duration Download Forstok 10.037870883942 Detik
Duration Looping 500 Data 140.85884284973 Detik 
Total Duration 140.85896706581 Detik 
------------------------- 
Tanggal: 20-05-2022 03:15:02 
Duration Download Forstok 11.434174060822 Detik
Duration Looping 500 Data 138.37405014038 Detik 
Total Duration 138.37416911125 Detik 
------------------------- 
Tanggal: 20-05-2022 03:20:01 
Duration Download Forstok 10.679630994797 Detik
Duration Looping 500 Data 153.415102005 Detik 
Total Duration 153.41521906853 Detik 
------------------------- 
Tanggal: 20-05-2022 03:25:02 
Duration Download Forstok 11.4610850811 Detik
Duration Looping 500 Data 133.86091804504 Detik 
Total Duration 133.8610291481 Detik 
------------------------- 
Tanggal: 20-05-2022 03:30:01 
Duration Download Forstok 8.853903055191 Detik
Duration Looping 500 Data 145.26436114311 Detik 
Total Duration 145.26448106766 Detik 
------------------------- 
Tanggal: 20-05-2022 03:35:01 
Duration Download Forstok 17.882990121841 Detik
Duration Looping 500 Data 146.41128396988 Detik 
Total Duration 146.41140007973 Detik 
------------------------- 
Tanggal: 20-05-2022 03:40:01 
Duration Download Forstok 8.9642269611359 Detik
Duration Looping 500 Data 134.60198187828 Detik 
Total Duration 134.60209107399 Detik 
------------------------- 
Tanggal: 20-05-2022 03:45:01 
Duration Download Forstok 14.555529117584 Detik
Duration Looping 500 Data 143.52810811996 Detik 
Total Duration 143.52822399139 Detik 
------------------------- 
Tanggal: 20-05-2022 03:50:01 
Duration Download Forstok 10.416822910309 Detik
Duration Looping 500 Data 136.98701310158 Detik 
Total Duration 136.98713111877 Detik 
------------------------- 
Tanggal: 20-05-2022 03:55:01 
Duration Download Forstok 10.451500892639 Detik
Duration Looping 500 Data 136.41160082817 Detik 
Total Duration 136.41171693802 Detik 
------------------------- 
Tanggal: 20-05-2022 04:00:01 
Duration Download Forstok 11.575872182846 Detik
Duration Looping 500 Data 144.08940315247 Detik 
Total Duration 144.08952498436 Detik 
------------------------- 
Tanggal: 20-05-2022 04:05:01 
Duration Download Forstok 20.437172889709 Detik
Duration Looping 500 Data 143.41503286362 Detik 
Total Duration 143.41514396667 Detik 
------------------------- 
Tanggal: 20-05-2022 04:10:01 
Duration Download Forstok 12.301954030991 Detik
Duration Looping 500 Data 146.91209411621 Detik 
Total Duration 146.91220211983 Detik 
------------------------- 
Tanggal: 20-05-2022 04:15:01 
Duration Download Forstok 12.893043041229 Detik
Duration Looping 500 Data 148.60643386841 Detik 
Total Duration 148.60655498505 Detik 
------------------------- 
Tanggal: 20-05-2022 04:20:01 
Duration Download Forstok 11.129879951477 Detik
Duration Looping 500 Data 137.52027106285 Detik 
Total Duration 137.52038407326 Detik 
------------------------- 
Tanggal: 20-05-2022 04:25:01 
Duration Download Forstok 9.339781999588 Detik
Duration Looping 500 Data 144.25318002701 Detik 
Total Duration 144.25328993797 Detik 
------------------------- 
Tanggal: 20-05-2022 04:30:01 
Duration Download Forstok 11.546894073486 Detik
Duration Looping 500 Data 134.81498408318 Detik 
Total Duration 134.81509804726 Detik 
------------------------- 
Tanggal: 20-05-2022 04:35:01 
Duration Download Forstok 9.6730880737305 Detik
Duration Looping 500 Data 136.15674591064 Detik 
Total Duration 136.15685200691 Detik 
------------------------- 
Tanggal: 20-05-2022 04:40:01 
Duration Download Forstok 10.94220995903 Detik
Duration Looping 500 Data 138.5215909481 Detik 
Total Duration 138.5217089653 Detik 
------------------------- 
Tanggal: 20-05-2022 04:45:01 
Duration Download Forstok 10.327749967575 Detik
Duration Looping 500 Data 134.66051602364 Detik 
Total Duration 134.66062998772 Detik 
------------------------- 
Tanggal: 20-05-2022 04:50:01 
Duration Download Forstok 10.61980009079 Detik
Duration Looping 500 Data 136.9354660511 Detik 
Total Duration 136.93558907509 Detik 
------------------------- 
Tanggal: 20-05-2022 04:55:01 
Duration Download Forstok 10.222676992416 Detik
Duration Looping 500 Data 153.05783200264 Detik 
Total Duration 153.05795288086 Detik 
------------------------- 
Tanggal: 20-05-2022 05:00:01 
Duration Download Forstok 13.954921007156 Detik
Duration Looping 500 Data 146.46509003639 Detik 
Total Duration 146.46520805359 Detik 
------------------------- 
Tanggal: 20-05-2022 05:05:01 
Duration Download Forstok 10.56720995903 Detik
Duration Looping 500 Data 134.23677492142 Detik 
Total Duration 134.23688602448 Detik 
------------------------- 
Tanggal: 20-05-2022 05:10:01 
Duration Download Forstok 9.4425959587097 Detik
Duration Looping 500 Data 133.89075994492 Detik 
Total Duration 133.89087295532 Detik 
------------------------- 
Tanggal: 20-05-2022 05:15:01 
Duration Download Forstok 9.4613220691681 Detik
Duration Looping 500 Data 152.70666408539 Detik 
Total Duration 152.70679211617 Detik 
------------------------- 
Tanggal: 20-05-2022 05:20:01 
Duration Download Forstok 10.00180721283 Detik
Duration Looping 500 Data 139.11950302124 Detik 
Total Duration 139.11961698532 Detik 
------------------------- 
Tanggal: 20-05-2022 05:25:01 
Duration Download Forstok 8.5565319061279 Detik
Duration Looping 500 Data 137.09813785553 Detik 
Total Duration 137.09825086594 Detik 
------------------------- 
Tanggal: 20-05-2022 05:30:02 
Duration Download Forstok 15.725831031799 Detik
Duration Looping 500 Data 143.45794606209 Detik 
Total Duration 143.4580540657 Detik 
------------------------- 
Tanggal: 20-05-2022 05:35:01 
Duration Download Forstok 9.2901079654694 Detik
Duration Looping 500 Data 135.31091403961 Detik 
Total Duration 135.31102514267 Detik 
------------------------- 
Tanggal: 20-05-2022 05:40:01 
Duration Download Forstok 10.451130151749 Detik
Duration Looping 500 Data 134.48206710815 Detik 
Total Duration 134.48217701912 Detik 
------------------------- 
Tanggal: 20-05-2022 05:45:01 
Duration Download Forstok 9.7818341255188 Detik
Duration Looping 500 Data 136.92638111115 Detik 
Total Duration 136.92649912834 Detik 
------------------------- 
Tanggal: 20-05-2022 05:50:01 
Duration Download Forstok 10.757421970367 Detik
Duration Looping 500 Data 144.28485512733 Detik 
Total Duration 144.28497600555 Detik 
------------------------- 
Tanggal: 20-05-2022 05:55:01 
Duration Download Forstok 10.74293088913 Detik
Duration Looping 500 Data 134.27387094498 Detik 
Total Duration 134.27399277687 Detik 
------------------------- 
Tanggal: 20-05-2022 06:00:01 
Duration Download Forstok 9.8308129310608 Detik
Duration Looping 500 Data 145.60094404221 Detik 
Total Duration 145.60106992722 Detik 
------------------------- 
Tanggal: 20-05-2022 06:05:01 
Duration Download Forstok 11.186460971832 Detik
Duration Looping 500 Data 144.52114701271 Detik 
Total Duration 144.52126097679 Detik 
------------------------- 
Tanggal: 20-05-2022 06:10:01 
Duration Download Forstok 9.2728340625763 Detik
Duration Looping 500 Data 137.94015312195 Detik 
Total Duration 137.94027900696 Detik 
------------------------- 
Tanggal: 20-05-2022 06:15:01 
Duration Download Forstok 10.358317136765 Detik
Duration Looping 500 Data 134.89669203758 Detik 
Total Duration 134.89680695534 Detik 
------------------------- 
Tanggal: 20-05-2022 06:20:01 
Duration Download Forstok 9.1859180927277 Detik
Duration Looping 500 Data 138.99161911011 Detik 
Total Duration 138.99174594879 Detik 
------------------------- 
Tanggal: 20-05-2022 06:25:01 
Duration Download Forstok 10.107894897461 Detik
Duration Looping 500 Data 136.87672591209 Detik 
Total Duration 136.8768517971 Detik 
------------------------- 
Tanggal: 20-05-2022 06:30:01 
Duration Download Forstok 11.910480976105 Detik
Duration Looping 500 Data 151.8484890461 Detik 
Total Duration 151.84860396385 Detik 
------------------------- 
Tanggal: 20-05-2022 06:35:01 
Duration Download Forstok 9.1550960540771 Detik
Duration Looping 500 Data 139.71974420547 Detik 
Total Duration 139.71986699104 Detik 
------------------------- 
Tanggal: 20-05-2022 06:40:01 
Duration Download Forstok 9.1938719749451 Detik
Duration Looping 500 Data 137.73740196228 Detik 
Total Duration 137.73752093315 Detik 
------------------------- 
Tanggal: 20-05-2022 06:45:01 
Duration Download Forstok 8.6339221000671 Detik
Duration Looping 500 Data 143.85766196251 Detik 
Total Duration 143.85779905319 Detik 
------------------------- 
Tanggal: 20-05-2022 06:50:01 
Duration Download Forstok 10.837819814682 Detik
Duration Looping 500 Data 144.60926699638 Detik 
Total Duration 144.60939288139 Detik 
------------------------- 
Tanggal: 20-05-2022 06:55:01 
Duration Download Forstok 11.955207109451 Detik
Duration Looping 500 Data 136.8126680851 Detik 
Total Duration 136.81278514862 Detik 
------------------------- 
Tanggal: 20-05-2022 07:00:02 
Duration Download Forstok 8.964812040329 Detik
Duration Looping 500 Data 137.37839198112 Detik 
Total Duration 137.37852096558 Detik 
------------------------- 
Tanggal: 20-05-2022 07:05:01 
Duration Download Forstok 9.2952671051025 Detik
Duration Looping 500 Data 137.27340912819 Detik 
Total Duration 137.27357697487 Detik 
------------------------- 
Tanggal: 20-05-2022 07:10:01 
Duration Download Forstok 9.918084859848 Detik
Duration Looping 500 Data 138.76652479172 Detik 
Total Duration 138.7666618824 Detik 
------------------------- 
Tanggal: 20-05-2022 07:15:01 
Duration Download Forstok 9.5114560127258 Detik
Duration Looping 500 Data 148.07547307014 Detik 
Total Duration 148.0756020546 Detik 
------------------------- 
Tanggal: 20-05-2022 07:20:01 
Duration Download Forstok 10.378806829453 Detik
Duration Looping 500 Data 138.12905502319 Detik 
Total Duration 138.12917304039 Detik 
------------------------- 
Tanggal: 20-05-2022 07:25:01 
Duration Download Forstok 8.9576001167297 Detik
Duration Looping 500 Data 138.59421205521 Detik 
Total Duration 138.59433507919 Detik 
------------------------- 
Tanggal: 20-05-2022 07:30:02 
Duration Download Forstok 8.6281569004059 Detik
Duration Looping 500 Data 144.17273902893 Detik 
Total Duration 144.17286109924 Detik 
------------------------- 
Tanggal: 20-05-2022 07:35:01 
Duration Download Forstok 11.376722097397 Detik
Duration Looping 500 Data 137.93083405495 Detik 
Total Duration 137.93096590042 Detik 
------------------------- 
Tanggal: 20-05-2022 07:40:01 
Duration Download Forstok 11.638824939728 Detik
Duration Looping 500 Data 140.98666906357 Detik 
Total Duration 140.98679590225 Detik 
------------------------- 
Tanggal: 20-05-2022 07:45:01 
Duration Download Forstok 10.054676055908 Detik
Duration Looping 500 Data 148.57969999313 Detik 
Total Duration 148.57982587814 Detik 
------------------------- 
Tanggal: 20-05-2022 07:50:01 
Duration Download Forstok 11.669529914856 Detik
Duration Looping 500 Data 140.30939006805 Detik 
Total Duration 140.30951309204 Detik 
------------------------- 
Tanggal: 20-05-2022 07:55:01 
Duration Download Forstok 12.662292957306 Detik
Duration Looping 500 Data 142.98934292793 Detik 
Total Duration 142.98946809769 Detik 
------------------------- 
Tanggal: 20-05-2022 08:00:01 
Duration Download Forstok 11.692769050598 Detik
Duration Looping 500 Data 151.7789080143 Detik 
Total Duration 151.77902817726 Detik 
------------------------- 
Tanggal: 20-05-2022 08:05:01 
Duration Download Forstok 9.9345500469208 Detik
Duration Looping 500 Data 150.17747306824 Detik 
Total Duration 150.17763519287 Detik 
------------------------- 
Tanggal: 20-05-2022 08:10:01 
Duration Download Forstok 11.759424209595 Detik
Duration Looping 500 Data 145.92028617859 Detik 
Total Duration 145.92041015625 Detik 
------------------------- 
Tanggal: 20-05-2022 08:15:01 
Duration Download Forstok 10.909363031387 Detik
Duration Looping 500 Data 151.06985092163 Detik 
Total Duration 151.06995511055 Detik 
------------------------- 
Tanggal: 20-05-2022 08:20:01 
Duration Download Forstok 9.3271880149841 Detik
Duration Looping 500 Data 147.24100112915 Detik 
Total Duration 147.24114012718 Detik 
------------------------- 
Tanggal: 20-05-2022 08:25:01 
Duration Download Forstok 11.297719955444 Detik
Duration Looping 500 Data 147.14885997772 Detik 
Total Duration 147.1490418911 Detik 
------------------------- 
Tanggal: 20-05-2022 08:30:01 
Duration Download Forstok 11.1821641922 Detik
Duration Looping 500 Data 165.5906150341 Detik 
Total Duration 165.59077000618 Detik 
------------------------- 
Tanggal: 20-05-2022 08:35:01 
Duration Download Forstok 10.953920841217 Detik
Duration Looping 500 Data 158.86745095253 Detik 
Total Duration 158.86759781837 Detik 
------------------------- 
Tanggal: 20-05-2022 08:40:01 
Duration Download Forstok 11.113643169403 Detik
Duration Looping 500 Data 161.94988107681 Detik 
Total Duration 161.9500169754 Detik 
------------------------- 
Tanggal: 20-05-2022 08:45:01 
Duration Download Forstok 11.042186975479 Detik
Duration Looping 500 Data 172.34600496292 Detik 
Total Duration 172.34611582756 Detik 
------------------------- 
Tanggal: 20-05-2022 08:50:01 
Duration Download Forstok 10.712290048599 Detik
Duration Looping 500 Data 166.31379008293 Detik 
Total Duration 166.31391906738 Detik 
------------------------- 
Tanggal: 20-05-2022 08:55:01 
Duration Download Forstok 11.41587305069 Detik
Duration Looping 500 Data 151.21138191223 Detik 
Total Duration 151.21148395538 Detik 
------------------------- 
Tanggal: 20-05-2022 09:00:01 
Duration Download Forstok 12.373615026474 Detik
Duration Looping 500 Data 159.34331512451 Detik 
Total Duration 159.34345912933 Detik 
------------------------- 
Tanggal: 20-05-2022 09:05:01 
Duration Download Forstok 9.4372940063477 Detik
Duration Looping 500 Data 158.02831912041 Detik 
Total Duration 158.02842307091 Detik 
------------------------- 
Tanggal: 20-05-2022 09:10:02 
Duration Download Forstok 12.456316947937 Detik
Duration Looping 500 Data 154.85100507736 Detik 
Total Duration 154.85112190247 Detik 
------------------------- 
Tanggal: 20-05-2022 09:15:01 
Duration Download Forstok 9.6166989803314 Detik
Duration Looping 500 Data 155.79178285599 Detik 
Total Duration 155.79191803932 Detik 
------------------------- 
Tanggal: 20-05-2022 09:20:01 
Duration Download Forstok 13.368155002594 Detik
Duration Looping 500 Data 157.59837007523 Detik 
Total Duration 157.59846401215 Detik 
------------------------- 
Tanggal: 20-05-2022 09:25:01 
Duration Download Forstok 9.5374491214752 Detik
Duration Looping 500 Data 155.34729909897 Detik 
Total Duration 155.34743714333 Detik 
------------------------- 
Tanggal: 20-05-2022 09:30:01 
Duration Download Forstok 11.250743865967 Detik
Duration Looping 500 Data 157.78657102585 Detik 
Total Duration 157.78665995598 Detik 
------------------------- 
Tanggal: 20-05-2022 09:35:01 
Duration Download Forstok 11.199381113052 Detik
Duration Looping 500 Data 158.83360409737 Detik 
Total Duration 158.8337290287 Detik 
------------------------- 
Tanggal: 20-05-2022 09:40:01 
Duration Download Forstok 11.605555057526 Detik
Duration Looping 500 Data 155.48652791977 Detik 
Total Duration 155.48665690422 Detik 
------------------------- 
Tanggal: 20-05-2022 09:45:01 
Duration Download Forstok 11.09813117981 Detik
Duration Looping 500 Data 158.83667802811 Detik 
Total Duration 158.83681416512 Detik 
------------------------- 
Tanggal: 20-05-2022 09:50:01 
Duration Download Forstok 11.900401115417 Detik
Duration Looping 500 Data 161.82324314117 Detik 
Total Duration 161.82334017754 Detik 
------------------------- 
Tanggal: 20-05-2022 09:55:01 
Duration Download Forstok 8.8844511508942 Detik
Duration Looping 500 Data 152.42263007164 Detik 
Total Duration 152.4227540493 Detik 
------------------------- 
Tanggal: 20-05-2022 10:00:01 
Duration Download Forstok 11.561354875565 Detik
Duration Looping 500 Data 158.81412196159 Detik 
Total Duration 158.81422686577 Detik 
------------------------- 
Tanggal: 20-05-2022 10:05:01 
Duration Download Forstok 27.09941983223 Detik
Duration Looping 500 Data 173.38490605354 Detik 
Total Duration 173.38504886627 Detik 
------------------------- 
Tanggal: 20-05-2022 10:10:01 
Duration Download Forstok 13.629957914352 Detik
Duration Looping 500 Data 157.31439900398 Detik 
Total Duration 157.3145198822 Detik 
------------------------- 
Tanggal: 20-05-2022 10:15:01 
Duration Download Forstok 11.008978843689 Detik
Duration Looping 500 Data 157.27724099159 Detik 
Total Duration 157.27737092972 Detik 
------------------------- 
Tanggal: 20-05-2022 10:20:01 
Duration Download Forstok 11.487250804901 Detik
Duration Looping 500 Data 156.64917898178 Detik 
Total Duration 156.64929580688 Detik 
------------------------- 
Tanggal: 20-05-2022 10:25:01 
Duration Download Forstok 10.368392944336 Detik
Duration Looping 500 Data 156.2957508564 Detik 
Total Duration 156.29589605331 Detik 
------------------------- 
Tanggal: 20-05-2022 10:30:01 
Duration Download Forstok 14.117005825043 Detik
Duration Looping 500 Data 169.15945696831 Detik 
Total Duration 169.15957999229 Detik 
------------------------- 
Tanggal: 20-05-2022 10:35:01 
Duration Download Forstok 22.832221031189 Detik
Duration Looping 500 Data 165.32607293129 Detik 
Total Duration 165.32620310783 Detik 
------------------------- 
Tanggal: 20-05-2022 10:40:01 
Duration Download Forstok 15.502139806747 Detik
Duration Looping 500 Data 163.45316290855 Detik 
Total Duration 163.45329594612 Detik 
------------------------- 
Tanggal: 20-05-2022 10:45:01 
Duration Download Forstok 23.178436994553 Detik
Duration Looping 500 Data 170.68321013451 Detik 
Total Duration 170.68332910538 Detik 
------------------------- 
Tanggal: 20-05-2022 10:50:02 
Duration Download Forstok 14.499088048935 Detik
Duration Looping 500 Data 158.66161108017 Detik 
Total Duration 158.66172289848 Detik 
------------------------- 
Tanggal: 20-05-2022 10:55:01 
Duration Download Forstok 12.58015203476 Detik
Duration Looping 500 Data 151.82498908043 Detik 
Total Duration 151.82513308525 Detik 
------------------------- 
Tanggal: 20-05-2022 11:00:01 
Duration Download Forstok 19.618766069412 Detik
Duration Looping 500 Data 169.06498289108 Detik 
Total Duration 169.06510591507 Detik 
------------------------- 
Tanggal: 20-05-2022 11:05:01 
Duration Download Forstok 28.795721054077 Detik
Duration Looping 500 Data 174.79913592339 Detik 
Total Duration 174.799243927 Detik 
------------------------- 
Tanggal: 20-05-2022 11:10:01 
Duration Download Forstok 10.919308185577 Detik
Duration Looping 500 Data 155.35239219666 Detik 
Total Duration 155.35248804092 Detik 
------------------------- 
Tanggal: 20-05-2022 11:15:01 
Duration Download Forstok 13.793637990952 Detik
Duration Looping 500 Data 157.95236897469 Detik 
Total Duration 157.95249986649 Detik 
------------------------- 
Tanggal: 20-05-2022 11:20:01 
Duration Download Forstok 10.500483036041 Detik
Duration Looping 500 Data 153.0865790844 Detik 
Total Duration 153.08666920662 Detik 
------------------------- 
Tanggal: 20-05-2022 11:25:01 
Duration Download Forstok 10.775823831558 Detik
Duration Looping 500 Data 154.68951582909 Detik 
Total Duration 154.68964791298 Detik 
------------------------- 
Tanggal: 20-05-2022 11:30:01 
Duration Download Forstok 11.958841085434 Detik
Duration Looping 500 Data 152.90183615685 Detik 
Total Duration 152.90192818642 Detik 
------------------------- 
Tanggal: 20-05-2022 11:35:01 
Duration Download Forstok 19.684520959854 Detik
Duration Looping 500 Data 162.77670311928 Detik 
Total Duration 162.77678799629 Detik 
------------------------- 
Tanggal: 20-05-2022 11:40:01 
Duration Download Forstok 11.655849933624 Detik
Duration Looping 500 Data 149.98172092438 Detik 
Total Duration 149.98181796074 Detik 
------------------------- 
Tanggal: 20-05-2022 11:45:01 
Duration Download Forstok 21.333958864212 Detik
Duration Looping 500 Data 157.04446697235 Detik 
Total Duration 157.0445868969 Detik 
------------------------- 
Tanggal: 20-05-2022 11:50:01 
Duration Download Forstok 12.764733791351 Detik
Duration Looping 500 Data 145.93089795113 Detik 
Total Duration 145.93104195595 Detik 
------------------------- 
Tanggal: 20-05-2022 11:55:01 
Duration Download Forstok 17.20269203186 Detik
Duration Looping 500 Data 158.40744519234 Detik 
Total Duration 158.40756106377 Detik 
------------------------- 
Tanggal: 20-05-2022 12:00:01 
Duration Download Forstok 11.480579853058 Detik
Duration Looping 500 Data 143.52797603607 Detik 
Total Duration 143.52811694145 Detik 
------------------------- 
Tanggal: 20-05-2022 12:05:01 
Duration Download Forstok 22.29459810257 Detik
Duration Looping 500 Data 156.13529205322 Detik 
Total Duration 156.13541316986 Detik 
------------------------- 
Tanggal: 20-05-2022 12:10:01 
Duration Download Forstok 12.818964958191 Detik
Duration Looping 500 Data 144.75552892685 Detik 
Total Duration 144.75566601753 Detik 
------------------------- 
Tanggal: 20-05-2022 12:15:01 
Duration Download Forstok 18.37729382515 Detik
Duration Looping 500 Data 160.627617836 Detik 
Total Duration 160.62774181366 Detik 
------------------------- 
Tanggal: 20-05-2022 12:20:01 
Duration Download Forstok 17.052253007889 Detik
Duration Looping 500 Data 158.52846288681 Detik 
Total Duration 158.52858400345 Detik 
------------------------- 
Tanggal: 20-05-2022 12:25:01 
Duration Download Forstok 9.8572731018066 Detik
Duration Looping 500 Data 142.66858100891 Detik 
Total Duration 142.66869997978 Detik 
------------------------- 
Tanggal: 20-05-2022 12:30:01 
Duration Download Forstok 13.912618875504 Detik
Duration Looping 500 Data 151.1784889698 Detik 
Total Duration 151.17860984802 Detik 
------------------------- 
Tanggal: 20-05-2022 12:35:01 
Duration Download Forstok 14.093502998352 Detik
Duration Looping 500 Data 155.96100211143 Detik 
Total Duration 155.96114397049 Detik 
------------------------- 
Tanggal: 20-05-2022 12:40:01 
Duration Download Forstok 13.133520126343 Detik
Duration Looping 500 Data 149.56109404564 Detik 
Total Duration 149.56121706963 Detik 
------------------------- 
Tanggal: 20-05-2022 12:45:01 
Duration Download Forstok 14.265207052231 Detik
Duration Looping 500 Data 149.28763389587 Detik 
Total Duration 149.28776407242 Detik 
------------------------- 
Tanggal: 20-05-2022 12:50:01 
Duration Download Forstok 17.950592041016 Detik
Duration Looping 500 Data 156.47465801239 Detik 
Total Duration 156.47478199005 Detik 
------------------------- 
Tanggal: 20-05-2022 12:55:01 
Duration Download Forstok 13.153831958771 Detik
Duration Looping 500 Data 148.09684681892 Detik 
Total Duration 148.09697079659 Detik 
------------------------- 
Tanggal: 20-05-2022 13:00:01 
Duration Download Forstok 12.564229011536 Detik
Duration Looping 500 Data 152.0460870266 Detik 
Total Duration 152.04620695114 Detik 
------------------------- 
Tanggal: 20-05-2022 13:05:01 
Duration Download Forstok 33.78683590889 Detik
Duration Looping 500 Data 172.26811599731 Detik 
Total Duration 172.26824188232 Detik 
------------------------- 
Tanggal: 20-05-2022 13:10:01 
Duration Download Forstok 18.96085190773 Detik
Duration Looping 500 Data 163.69386601448 Detik 
Total Duration 163.69396686554 Detik 
------------------------- 
Tanggal: 20-05-2022 13:15:01 
Duration Download Forstok 14.022044897079 Detik
Duration Looping 500 Data 159.13819384575 Detik 
Total Duration 159.13833379745 Detik 
------------------------- 
Tanggal: 20-05-2022 13:20:01 
Duration Download Forstok 11.848739147186 Detik
Duration Looping 500 Data 159.99723100662 Detik 
Total Duration 159.99744009972 Detik 
------------------------- 
Tanggal: 20-05-2022 13:25:01 
Duration Download Forstok 12.578716993332 Detik
Duration Looping 500 Data 153.94509601593 Detik 
Total Duration 153.94519901276 Detik 
------------------------- 
Tanggal: 20-05-2022 13:30:01 
Duration Download Forstok 9.6592509746552 Detik
Duration Looping 500 Data 153.83575701714 Detik 
Total Duration 153.83584594727 Detik 
------------------------- 
Tanggal: 20-05-2022 13:35:01 
Duration Download Forstok 16.520885944366 Detik
Duration Looping 500 Data 167.23567605019 Detik 
Total Duration 167.23580098152 Detik 
------------------------- 
Tanggal: 20-05-2022 13:40:02 
Duration Download Forstok 13.758997917175 Detik
Duration Looping 500 Data 164.74023485184 Detik 
Total Duration 164.74035787582 Detik 
------------------------- 
Tanggal: 20-05-2022 13:45:01 
Duration Download Forstok 16.624101161957 Detik
Duration Looping 500 Data 157.52500200272 Detik 
Total Duration 157.52512121201 Detik 
------------------------- 
Tanggal: 20-05-2022 13:50:01 
Duration Download Forstok 19.016124010086 Detik
Duration Looping 500 Data 164.29090809822 Detik 
Total Duration 164.29099607468 Detik 
------------------------- 
Tanggal: 20-05-2022 13:55:01 
Duration Download Forstok 11.301726102829 Detik
Duration Looping 500 Data 145.56537818909 Detik 
Total Duration 145.56548309326 Detik 
------------------------- 
Tanggal: 20-05-2022 14:00:01 
Duration Download Forstok 16.726945877075 Detik
Duration Looping 500 Data 160.20128488541 Detik 
Total Duration 160.20138597488 Detik 
------------------------- 
Tanggal: 20-05-2022 14:05:01 
Duration Download Forstok 26.612044095993 Detik
Duration Looping 500 Data 168.6900908947 Detik 
Total Duration 168.69017791748 Detik 
------------------------- 
Tanggal: 20-05-2022 14:10:01 
Duration Download Forstok 24.944784164429 Detik
Duration Looping 500 Data 162.99869298935 Detik 
Total Duration 162.99882316589 Detik 
------------------------- 
Tanggal: 20-05-2022 14:15:01 
Duration Download Forstok 22.311209917068 Detik
Duration Looping 500 Data 162.43869185448 Detik 
Total Duration 162.43886494637 Detik 
------------------------- 
Tanggal: 20-05-2022 14:20:02 
Duration Download Forstok 14.581264019012 Detik
Duration Looping 500 Data 160.9056699276 Detik 
Total Duration 160.90579199791 Detik 
------------------------- 
Tanggal: 20-05-2022 14:25:02 
Duration Download Forstok 12.979677915573 Detik
Duration Looping 500 Data 154.92983198166 Detik 
Total Duration 154.93000483513 Detik 
------------------------- 
Tanggal: 20-05-2022 14:30:01 
Duration Download Forstok 12.05334687233 Detik
Duration Looping 500 Data 164.53090000153 Detik 
Total Duration 164.53103590012 Detik 
------------------------- 
Tanggal: 20-05-2022 14:35:01 
Duration Download Forstok 24.337172985077 Detik
Duration Looping 500 Data 166.19691109657 Detik 
Total Duration 166.19700598717 Detik 
------------------------- 
Tanggal: 20-05-2022 14:40:01 
Duration Download Forstok 12.213224887848 Detik
Duration Looping 500 Data 154.57988190651 Detik 
Total Duration 154.58000707626 Detik 
------------------------- 
Tanggal: 20-05-2022 14:45:02 
Duration Download Forstok 15.430766820908 Detik
Duration Looping 500 Data 155.80303883553 Detik 
Total Duration 155.80315685272 Detik 
------------------------- 
Tanggal: 20-05-2022 14:50:01 
Duration Download Forstok 18.789994955063 Detik
Duration Looping 500 Data 163.09746909142 Detik 
Total Duration 163.0975689888 Detik 
------------------------- 
Tanggal: 20-05-2022 14:55:01 
Duration Download Forstok 9.2093079090118 Detik
Duration Looping 500 Data 146.79131412506 Detik 
Total Duration 146.7914390564 Detik 
------------------------- 
Tanggal: 20-05-2022 15:00:01 
Duration Download Forstok 37.994844913483 Detik
Duration Looping 500 Data 181.38601207733 Detik 
Total Duration 181.38616991043 Detik 
------------------------- 
Tanggal: 20-05-2022 15:05:01 
Duration Download Forstok 34.521394968033 Detik
Duration Looping 500 Data 179.96117305756 Detik 
Total Duration 179.96129703522 Detik 
------------------------- 
Tanggal: 20-05-2022 15:10:01 
Duration Download Forstok 11.211270809174 Detik
Duration Looping 500 Data 153.59446001053 Detik 
Total Duration 153.59458088875 Detik 
------------------------- 
Tanggal: 20-05-2022 15:15:01 
Duration Download Forstok 18.048811912537 Detik
Duration Looping 500 Data 163.95841479301 Detik 
Total Duration 163.95853900909 Detik 
------------------------- 
Tanggal: 20-05-2022 15:20:01 
Duration Download Forstok 13.703868865967 Detik
Duration Looping 500 Data 153.94688200951 Detik 
Total Duration 153.94700884819 Detik 
------------------------- 
Tanggal: 20-05-2022 15:25:01 
Duration Download Forstok 9.7062377929688 Detik
Duration Looping 500 Data 147.6176738739 Detik 
Total Duration 147.61779594421 Detik 
------------------------- 
Tanggal: 20-05-2022 15:30:01 
Duration Download Forstok 12.879640817642 Detik
Duration Looping 500 Data 157.34862089157 Detik 
Total Duration 157.34875178337 Detik 
------------------------- 
Tanggal: 20-05-2022 15:35:01 
Duration Download Forstok 35.689250946045 Detik
Duration Looping 500 Data 180.38465595245 Detik 
Total Duration 180.38476991653 Detik 
------------------------- 
Tanggal: 20-05-2022 15:40:01 
Duration Download Forstok 18.592845916748 Detik
Duration Looping 500 Data 160.97891783714 Detik 
Total Duration 160.97903990746 Detik 
------------------------- 
Tanggal: 20-05-2022 15:45:01 
Duration Download Forstok 19.577346086502 Detik
Duration Looping 500 Data 163.5875852108 Detik 
Total Duration 163.58770799637 Detik 
------------------------- 
Tanggal: 20-05-2022 15:50:02 
Duration Download Forstok 9.8917279243469 Detik
Duration Looping 500 Data 154.45568490028 Detik 
Total Duration 154.45581889153 Detik 
------------------------- 
Tanggal: 20-05-2022 15:55:01 
Duration Download Forstok 21.042881965637 Detik
Duration Looping 500 Data 172.0311729908 Detik 
Total Duration 172.03131699562 Detik 
------------------------- 
Tanggal: 20-05-2022 16:00:01 
Duration Download Forstok 12.930500030518 Detik
Duration Looping 500 Data 162.08258605003 Detik 
Total Duration 162.08271408081 Detik 
------------------------- 
Tanggal: 20-05-2022 16:05:01 
Duration Download Forstok 23.375106096268 Detik
Duration Looping 500 Data 164.01942205429 Detik 
Total Duration 164.01954507828 Detik 
------------------------- 
Tanggal: 20-05-2022 16:10:01 
Duration Download Forstok 10.983135938644 Detik
Duration Looping 500 Data 161.13506698608 Detik 
Total Duration 161.13522696495 Detik 
------------------------- 
Tanggal: 20-05-2022 16:15:01 
Duration Download Forstok 12.410733938217 Detik
Duration Looping 500 Data 158.51706409454 Detik 
Total Duration 158.51718997955 Detik 
------------------------- 
Tanggal: 20-05-2022 16:20:01 
Duration Download Forstok 12.286828041077 Detik
Duration Looping 500 Data 165.80119109154 Detik 
Total Duration 165.80129599571 Detik 
------------------------- 
Tanggal: 20-05-2022 16:25:01 
Duration Download Forstok 11.530580043793 Detik
Duration Looping 500 Data 162.44117999077 Detik 
Total Duration 162.4412920475 Detik 
------------------------- 
Tanggal: 20-05-2022 16:30:01 
Duration Download Forstok 14.349130153656 Detik
Duration Looping 500 Data 161.33990001678 Detik 
Total Duration 161.34005904198 Detik 
------------------------- 
Tanggal: 20-05-2022 16:35:01 
Duration Download Forstok 16.979187965393 Detik
Duration Looping 500 Data 160.2830889225 Detik 
Total Duration 160.28321695328 Detik 
------------------------- 
Tanggal: 20-05-2022 16:40:01 
Duration Download Forstok 11.346963882446 Detik
Duration Looping 500 Data 160.97870397568 Detik 
Total Duration 160.97882699966 Detik 
------------------------- 
Tanggal: 20-05-2022 16:45:01 
Duration Download Forstok 12.865717887878 Detik
Duration Looping 500 Data 161.36571598053 Detik 
Total Duration 161.36579990387 Detik 
------------------------- 
Tanggal: 20-05-2022 16:50:01 
Duration Download Forstok 11.120834827423 Detik
Duration Looping 500 Data 164.88424086571 Detik 
Total Duration 164.88436079025 Detik 
------------------------- 
Tanggal: 20-05-2022 16:55:01 
Duration Download Forstok 11.35014295578 Detik
Duration Looping 500 Data 158.16724610329 Detik 
Total Duration 158.16736292839 Detik 
------------------------- 
Tanggal: 20-05-2022 17:00:01 
Duration Download Forstok 9.6604750156403 Detik
Duration Looping 500 Data 161.43360304832 Detik 
Total Duration 161.43370103836 Detik 
------------------------- 
Tanggal: 20-05-2022 17:05:01 
Duration Download Forstok 23.97847700119 Detik
Duration Looping 500 Data 168.85455203056 Detik 
Total Duration 168.85466194153 Detik 
------------------------- 
Tanggal: 20-05-2022 17:10:01 
Duration Download Forstok 11.588985919952 Detik
Duration Looping 500 Data 157.99845099449 Detik 
Total Duration 157.99857902527 Detik 
------------------------- 
Tanggal: 20-05-2022 17:15:01 
Duration Download Forstok 15.812552928925 Detik
Duration Looping 500 Data 155.52059197426 Detik 
Total Duration 155.52072095871 Detik 
------------------------- 
Tanggal: 20-05-2022 17:20:01 
Duration Download Forstok 11.66819190979 Detik
Duration Looping 500 Data 149.01137709618 Detik 
Total Duration 149.01151490211 Detik 
------------------------- 
Tanggal: 20-05-2022 17:25:01 
Duration Download Forstok 11.627282857895 Detik
Duration Looping 500 Data 145.20228099823 Detik 
Total Duration 145.20240497589 Detik 
------------------------- 
Tanggal: 20-05-2022 17:30:01 
Duration Download Forstok 12.532593011856 Detik
Duration Looping 500 Data 147.87301802635 Detik 
Total Duration 147.87314200401 Detik 
------------------------- 
Tanggal: 20-05-2022 17:35:01 
Duration Download Forstok 12.783824920654 Detik
Duration Looping 500 Data 149.41664505005 Detik 
Total Duration 149.41676306725 Detik 
------------------------- 
Tanggal: 20-05-2022 17:40:01 
Duration Download Forstok 9.9257159233093 Detik
Duration Looping 500 Data 142.54578089714 Detik 
Total Duration 142.54590201378 Detik 
------------------------- 
Tanggal: 20-05-2022 17:45:01 
Duration Download Forstok 14.523442029953 Detik
Duration Looping 500 Data 146.09334206581 Detik 
Total Duration 146.09347105026 Detik 
------------------------- 
Tanggal: 20-05-2022 17:50:01 
Duration Download Forstok 12.778964996338 Detik
Duration Looping 500 Data 155.67443799973 Detik 
Total Duration 155.67457413673 Detik 
------------------------- 
Tanggal: 20-05-2022 17:55:01 
Duration Download Forstok 10.617395877838 Detik
Duration Looping 500 Data 144.21490097046 Detik 
Total Duration 144.21502494812 Detik 
------------------------- 
Tanggal: 20-05-2022 18:00:01 
Duration Download Forstok 11.87907910347 Detik
Duration Looping 500 Data 143.88719820976 Detik 
Total Duration 143.88733100891 Detik 
------------------------- 
Tanggal: 20-05-2022 18:05:01 
Duration Download Forstok 14.383857011795 Detik
Duration Looping 500 Data 149.25794816017 Detik 
Total Duration 149.25806808472 Detik 
------------------------- 
Tanggal: 20-05-2022 18:10:02 
Duration Download Forstok 10.251363992691 Detik
Duration Looping 500 Data 147.19558095932 Detik 
Total Duration 147.19570708275 Detik 
------------------------- 
Tanggal: 20-05-2022 18:15:01 
Duration Download Forstok 14.382356882095 Detik
Duration Looping 500 Data 148.45264983177 Detik 
Total Duration 148.45276689529 Detik 
------------------------- 
Tanggal: 20-05-2022 18:20:01 
Duration Download Forstok 14.570571184158 Detik
Duration Looping 500 Data 146.50720500946 Detik 
Total Duration 146.50735712051 Detik 
------------------------- 
Tanggal: 20-05-2022 18:25:01 
Duration Download Forstok 17.59588098526 Detik
Duration Looping 500 Data 148.72501587868 Detik 
Total Duration 148.72515797615 Detik 
------------------------- 
Tanggal: 20-05-2022 18:30:01 
Duration Download Forstok 10.263276815414 Detik
Duration Looping 500 Data 143.34147500992 Detik 
Total Duration 143.34159994125 Detik 
------------------------- 
Tanggal: 20-05-2022 18:35:01 
Duration Download Forstok 9.7414569854736 Detik
Duration Looping 500 Data 137.302724123 Detik 
Total Duration 137.30284714699 Detik 
------------------------- 
Tanggal: 20-05-2022 18:40:01 
Duration Download Forstok 9.4167728424072 Detik
Duration Looping 500 Data 142.22556900978 Detik 
Total Duration 142.22568893433 Detik 
------------------------- 
Tanggal: 20-05-2022 18:45:01 
Duration Download Forstok 12.514698982239 Detik
Duration Looping 500 Data 141.42486095428 Detik 
Total Duration 141.42498588562 Detik 
------------------------- 
Tanggal: 20-05-2022 18:50:01 
Duration Download Forstok 12.838433980942 Detik
Duration Looping 500 Data 145.48242783546 Detik 
Total Duration 145.48252892494 Detik 
------------------------- 
Tanggal: 20-05-2022 18:55:02 
Duration Download Forstok 13.829769849777 Detik
Duration Looping 500 Data 147.26719284058 Detik 
Total Duration 147.26731491089 Detik 
------------------------- 
Tanggal: 20-05-2022 19:00:01 
Duration Download Forstok 15.85760307312 Detik
Duration Looping 500 Data 145.78810310364 Detik 
Total Duration 145.78823709488 Detik 
------------------------- 
Tanggal: 20-05-2022 19:05:01 
Duration Download Forstok 21.916175127029 Detik
Duration Looping 500 Data 153.29147815704 Detik 
Total Duration 153.29159212112 Detik 
------------------------- 
Tanggal: 20-05-2022 19:10:01 
Duration Download Forstok 10.386785984039 Detik
Duration Looping 500 Data 144.12861394882 Detik 
Total Duration 144.12871789932 Detik 
------------------------- 
Tanggal: 20-05-2022 19:15:01 
Duration Download Forstok 16.158630132675 Detik
Duration Looping 500 Data 149.30356907845 Detik 
Total Duration 149.30368208885 Detik 
------------------------- 
Tanggal: 20-05-2022 19:20:01 
Duration Download Forstok 9.9399409294128 Detik
Duration Looping 500 Data 141.20065498352 Detik 
Total Duration 141.20077800751 Detik 
------------------------- 
Tanggal: 20-05-2022 19:25:01 
Duration Download Forstok 10.513608932495 Detik
Duration Looping 500 Data 138.37948799133 Detik 
Total Duration 138.3796069622 Detik 
------------------------- 
Tanggal: 20-05-2022 19:30:01 
Duration Download Forstok 12.249220132828 Detik
Duration Looping 500 Data 144.65678906441 Detik 
Total Duration 144.65690898895 Detik 
------------------------- 
Tanggal: 20-05-2022 19:35:01 
Duration Download Forstok 16.608612060547 Detik
Duration Looping 500 Data 147.74282217026 Detik 
Total Duration 147.74293708801 Detik 
------------------------- 
Tanggal: 20-05-2022 19:40:01 
Duration Download Forstok 10.34077000618 Detik
Duration Looping 500 Data 143.07858920097 Detik 
Total Duration 143.07870697975 Detik 
------------------------- 
Tanggal: 20-05-2022 19:45:01 
Duration Download Forstok 16.880005121231 Detik
Duration Looping 500 Data 147.32981014252 Detik 
Total Duration 147.32996320724 Detik 
------------------------- 
Tanggal: 20-05-2022 19:50:01 
Duration Download Forstok 9.6591391563416 Detik
Duration Looping 500 Data 142.93625116348 Detik 
Total Duration 142.93640303612 Detik 
------------------------- 
Tanggal: 20-05-2022 19:55:01 
Duration Download Forstok 10.043587207794 Detik
Duration Looping 500 Data 144.01097822189 Detik 
Total Duration 144.01110911369 Detik 
------------------------- 
Tanggal: 20-05-2022 20:00:01 
Duration Download Forstok 14.331231832504 Detik
Duration Looping 500 Data 151.23400688171 Detik 
Total Duration 151.23411989212 Detik 
------------------------- 
Tanggal: 20-05-2022 20:05:01 
Duration Download Forstok 12.113857030869 Detik
Duration Looping 500 Data 145.30046987534 Detik 
Total Duration 145.30058193207 Detik 
------------------------- 
Tanggal: 20-05-2022 20:10:01 
Duration Download Forstok 11.377861976624 Detik
Duration Looping 500 Data 142.17291808128 Detik 
Total Duration 142.17310905457 Detik 
------------------------- 
Tanggal: 20-05-2022 20:15:01 
Duration Download Forstok 20.753361940384 Detik
Duration Looping 500 Data 150.6397998333 Detik 
Total Duration 150.63991785049 Detik 
------------------------- 
Tanggal: 20-05-2022 20:20:01 
Duration Download Forstok 8.8989381790161 Detik
Duration Looping 500 Data 145.90107417107 Detik 
Total Duration 145.90119314194 Detik 
------------------------- 
Tanggal: 20-05-2022 20:25:01 
Duration Download Forstok 13.015487909317 Detik
Duration Looping 500 Data 141.10974502563 Detik 
Total Duration 141.10987091064 Detik 
------------------------- 
Tanggal: 20-05-2022 20:30:01 
Duration Download Forstok 12.307502031326 Detik
Duration Looping 500 Data 144.59881401062 Detik 
Total Duration 144.59893798828 Detik 
------------------------- 
Tanggal: 20-05-2022 20:35:01 
Duration Download Forstok 10.902631998062 Detik
Duration Looping 500 Data 145.23325395584 Detik 
Total Duration 145.23337197304 Detik 
------------------------- 
Tanggal: 20-05-2022 20:40:01 
Duration Download Forstok 10.779442071915 Detik
Duration Looping 500 Data 142.99386906624 Detik 
Total Duration 142.99398612976 Detik 
------------------------- 
Tanggal: 20-05-2022 20:45:01 
Duration Download Forstok 12.136528968811 Detik
Duration Looping 500 Data 141.42050695419 Detik 
Total Duration 141.42074608803 Detik 
------------------------- 
Tanggal: 20-05-2022 20:50:02 
Duration Download Forstok 18.476600885391 Detik
Duration Looping 500 Data 147.77890086174 Detik 
Total Duration 147.77901887894 Detik 
------------------------- 
Tanggal: 20-05-2022 20:55:01 
Duration Download Forstok 10.27464389801 Detik
Duration Looping 500 Data 138.7836368084 Detik 
Total Duration 138.7837638855 Detik 
------------------------- 
Tanggal: 20-05-2022 21:00:01 
Duration Download Forstok 12.090543985367 Detik
Duration Looping 500 Data 141.246945858 Detik 
Total Duration 141.24707388878 Detik 
------------------------- 
Tanggal: 20-05-2022 21:05:01 
Duration Download Forstok 9.1679928302765 Detik
Duration Looping 500 Data 139.06773900986 Detik 
Total Duration 139.06785678864 Detik 
------------------------- 
Tanggal: 20-05-2022 21:10:01 
Duration Download Forstok 12.015673875809 Detik
Duration Looping 500 Data 147.81568098068 Detik 
Total Duration 147.8158018589 Detik 
------------------------- 
Tanggal: 20-05-2022 21:15:01 
Duration Download Forstok 12.5453748703 Detik
Duration Looping 500 Data 143.21368980408 Detik 
Total Duration 143.21382284164 Detik 
------------------------- 
Tanggal: 20-05-2022 21:20:01 
Duration Download Forstok 9.6306350231171 Detik
Duration Looping 500 Data 144.31692910194 Detik 
Total Duration 144.31705307961 Detik 
------------------------- 
Tanggal: 20-05-2022 21:25:01 
Duration Download Forstok 10.984399080276 Detik
Duration Looping 500 Data 143.02294015884 Detik 
Total Duration 143.02305817604 Detik 
------------------------- 
Tanggal: 20-05-2022 21:30:01 
Duration Download Forstok 11.207639932632 Detik
Duration Looping 500 Data 144.76380491257 Detik 
Total Duration 144.76394796371 Detik 
------------------------- 
Tanggal: 20-05-2022 21:35:01 
Duration Download Forstok 10.343641996384 Detik
Duration Looping 500 Data 144.39655900002 Detik 
Total Duration 144.39666604996 Detik 
------------------------- 
Tanggal: 20-05-2022 21:40:01 
Duration Download Forstok 9.6685650348663 Detik
Duration Looping 500 Data 141.84714102745 Detik 
Total Duration 141.8472700119 Detik 
------------------------- 
Tanggal: 20-05-2022 21:45:01 
Duration Download Forstok 22.993074893951 Detik
Duration Looping 500 Data 151.50926780701 Detik 
Total Duration 151.50939488411 Detik 
------------------------- 
Tanggal: 20-05-2022 21:50:01 
Duration Download Forstok 11.983736038208 Detik
Duration Looping 500 Data 143.8881380558 Detik 
Total Duration 143.88825583458 Detik 
------------------------- 
Tanggal: 20-05-2022 21:55:01 
Duration Download Forstok 13.135068893433 Detik
Duration Looping 500 Data 146.77148199081 Detik 
Total Duration 146.7716178894 Detik 
------------------------- 
Tanggal: 20-05-2022 22:00:01 
Duration Download Forstok 13.408742904663 Detik
Duration Looping 500 Data 148.99439883232 Detik 
Total Duration 148.9945268631 Detik 
------------------------- 
Tanggal: 20-05-2022 22:05:01 
Duration Download Forstok 10.763101100922 Detik
Duration Looping 500 Data 141.18812417984 Detik 
Total Duration 141.18824410439 Detik 
------------------------- 
Tanggal: 20-05-2022 22:10:01 
Duration Download Forstok 9.5426490306854 Detik
Duration Looping 500 Data 142.59405398369 Detik 
Total Duration 142.59418106079 Detik 
------------------------- 
Tanggal: 20-05-2022 22:15:01 
Duration Download Forstok 22.059541940689 Detik
Duration Looping 500 Data 154.36287713051 Detik 
Total Duration 154.36300897598 Detik 
------------------------- 
Tanggal: 20-05-2022 22:20:01 
Duration Download Forstok 11.886435031891 Detik
Duration Looping 500 Data 146.82837700844 Detik 
Total Duration 146.82851004601 Detik 
------------------------- 
Tanggal: 20-05-2022 22:25:01 
Duration Download Forstok 12.394050121307 Detik
Duration Looping 500 Data 145.73778390884 Detik 
Total Duration 145.737885952 Detik 
------------------------- 
Tanggal: 20-05-2022 22:30:01 
Duration Download Forstok 8.779317855835 Detik
Duration Looping 500 Data 140.53401184082 Detik 
Total Duration 140.53411579132 Detik 
------------------------- 
Tanggal: 20-05-2022 22:35:01 
Duration Download Forstok 11.159962892532 Detik
Duration Looping 500 Data 138.79072904587 Detik 
Total Duration 138.79083895683 Detik 
------------------------- 
Tanggal: 20-05-2022 22:40:01 
Duration Download Forstok 9.6877551078796 Detik
Duration Looping 500 Data 140.03222203255 Detik 
Total Duration 140.03232312202 Detik 
------------------------- 
Tanggal: 20-05-2022 22:45:01 
Duration Download Forstok 18.856065988541 Detik
Duration Looping 500 Data 149.17249011993 Detik 
Total Duration 149.17261910439 Detik 
------------------------- 
Tanggal: 20-05-2022 22:50:01 
Duration Download Forstok 10.798112869263 Detik
Duration Looping 500 Data 144.49335980415 Detik 
Total Duration 144.49349594116 Detik 
------------------------- 
Tanggal: 20-05-2022 22:55:01 
Duration Download Forstok 10.754491090775 Detik
Duration Looping 500 Data 138.73812103271 Detik 
Total Duration 138.73825597763 Detik 
------------------------- 
Tanggal: 20-05-2022 23:00:01 
Duration Download Forstok 12.765061855316 Detik
Duration Looping 500 Data 145.59808683395 Detik 
Total Duration 145.59821796417 Detik 
------------------------- 
Tanggal: 20-05-2022 23:05:01 
Duration Download Forstok 12.363416910172 Detik
Duration Looping 500 Data 143.72905898094 Detik 
Total Duration 143.72917699814 Detik 
------------------------- 
Tanggal: 20-05-2022 23:10:01 
Duration Download Forstok 14.153676986694 Detik
Duration Looping 500 Data 142.76658010483 Detik 
Total Duration 142.76670098305 Detik 
------------------------- 
Tanggal: 20-05-2022 23:15:01 
Duration Download Forstok 11.398817062378 Detik
Duration Looping 500 Data 139.49074697495 Detik 
Total Duration 139.49085593224 Detik 
------------------------- 
Tanggal: 20-05-2022 23:20:01 
Duration Download Forstok 12.952022075653 Detik
Duration Looping 500 Data 145.42833709717 Detik 
Total Duration 145.42847204208 Detik 
------------------------- 
Tanggal: 20-05-2022 23:25:01 
Duration Download Forstok 9.4659578800201 Detik
Duration Looping 500 Data 138.62401294708 Detik 
Total Duration 138.62414097786 Detik 
------------------------- 
Tanggal: 20-05-2022 23:30:01 
Duration Download Forstok 12.483541965485 Detik
Duration Looping 500 Data 150.00176000595 Detik 
Total Duration 150.00188302994 Detik 
------------------------- 
Tanggal: 20-05-2022 23:35:01 
Duration Download Forstok 11.37100815773 Detik
Duration Looping 500 Data 144.00942707062 Detik 
Total Duration 144.00954508781 Detik 
------------------------- 
Tanggal: 20-05-2022 23:40:01 
Duration Download Forstok 15.969939231873 Detik
Duration Looping 500 Data 148.85884523392 Detik 
Total Duration 148.85897421837 Detik 
------------------------- 
Tanggal: 20-05-2022 23:45:01 
Duration Download Forstok 13.043797016144 Detik
Duration Looping 500 Data 141.75921416283 Detik 
Total Duration 141.75933218002 Detik 
------------------------- 
Tanggal: 20-05-2022 23:50:01 
Duration Download Forstok 9.4661900997162 Detik
Duration Looping 500 Data 139.91453289986 Detik 
Total Duration 139.91464304924 Detik 
------------------------- 
Tanggal: 20-05-2022 23:55:01 
Duration Download Forstok 12.844020843506 Detik
Duration Looping 500 Data 138.40729999542 Detik 
Total Duration 138.40741682053 Detik 
------------------------- 
