Tanggal: 19-07-2022 00:00:01 
Duration Download Forstok 22.813394069672 Detik
Duration Looping 500 Data 773.11966514587 Detik 
Total Duration 773.15029716492 Detik 
------------------------- 
Tanggal: 19-07-2022 00:15:01 
Duration Download Forstok 14.265669107437 Detik
Duration Looping 500 Data 162.39275813103 Detik 
Total Duration 162.42545795441 Detik 
------------------------- 
Tanggal: 19-07-2022 00:20:01 
Duration Download Forstok 14.035812854767 Detik
Duration Looping 500 Data 160.50185394287 Detik 
Total Duration 160.525785923 Detik 
------------------------- 
Tanggal: 19-07-2022 00:25:01 
Duration Download Forstok 10.668819189072 Detik
Duration Looping 500 Data 154.34297204018 Detik 
Total Duration 154.3651471138 Detik 
------------------------- 
Tanggal: 19-07-2022 00:30:01 
Duration Download Forstok 14.428955078125 Detik
Duration Looping 500 Data 155.41342496872 Detik 
Total Duration 155.44091796875 Detik 
------------------------- 
Tanggal: 19-07-2022 00:35:01 
Duration Download Forstok 12.349634885788 Detik
Duration Looping 500 Data 151.87415194511 Detik 
Total Duration 151.89918494225 Detik 
------------------------- 
Tanggal: 19-07-2022 00:40:01 
Duration Download Forstok 11.054513931274 Detik
Duration Looping 500 Data 159.78295302391 Detik 
Total Duration 159.80770897865 Detik 
------------------------- 
Tanggal: 19-07-2022 00:45:01 
Duration Download Forstok 14.196331977844 Detik
Duration Looping 500 Data 161.91344499588 Detik 
Total Duration 161.93715596199 Detik 
------------------------- 
Tanggal: 19-07-2022 00:50:01 
Duration Download Forstok 12.778460025787 Detik
Duration Looping 500 Data 162.07232809067 Detik 
Total Duration 162.10156321526 Detik 
------------------------- 
Tanggal: 19-07-2022 00:55:02 
Duration Download Forstok 12.989879846573 Detik
Duration Looping 500 Data 180.76494002342 Detik 
Total Duration 180.78798484802 Detik 
------------------------- 
Tanggal: 19-07-2022 01:00:01 
Duration Download Forstok 11.945150136948 Detik
Duration Looping 500 Data 151.49554109573 Detik 
Total Duration 151.51881098747 Detik 
------------------------- 
Tanggal: 19-07-2022 01:05:01 
Duration Download Forstok 13.463460922241 Detik
Duration Looping 500 Data 158.4116590023 Detik 
Total Duration 158.43589401245 Detik 
------------------------- 
Tanggal: 19-07-2022 01:10:01 
Duration Download Forstok 11.922935009003 Detik
Duration Looping 500 Data 152.73940396309 Detik 
Total Duration 152.76388287544 Detik 
------------------------- 
Tanggal: 19-07-2022 01:15:01 
Duration Download Forstok 14.589034080505 Detik
Duration Looping 500 Data 154.03709602356 Detik 
Total Duration 154.06144499779 Detik 
------------------------- 
Tanggal: 19-07-2022 01:20:01 
Duration Download Forstok 11.626606941223 Detik
Duration Looping 500 Data 154.58700990677 Detik 
Total Duration 154.61075496674 Detik 
------------------------- 
Tanggal: 19-07-2022 01:25:01 
Duration Download Forstok 10.163511037827 Detik
Duration Looping 500 Data 150.60809707642 Detik 
Total Duration 150.63260602951 Detik 
------------------------- 
Tanggal: 19-07-2022 01:30:01 
Duration Download Forstok 12.118046998978 Detik
Duration Looping 500 Data 152.67919921875 Detik 
Total Duration 152.70301103592 Detik 
------------------------- 
Tanggal: 19-07-2022 01:35:01 
Duration Download Forstok 10.61501288414 Detik
Duration Looping 500 Data 159.42707896233 Detik 
Total Duration 159.45060491562 Detik 
------------------------- 
Tanggal: 19-07-2022 01:40:01 
Duration Download Forstok 11.014720916748 Detik
Duration Looping 500 Data 157.7464029789 Detik 
Total Duration 157.77048993111 Detik 
------------------------- 
Tanggal: 19-07-2022 01:45:01 
Duration Download Forstok 12.802706003189 Detik
Duration Looping 500 Data 154.43226289749 Detik 
Total Duration 154.45659089088 Detik 
------------------------- 
Tanggal: 19-07-2022 01:50:01 
Duration Download Forstok 13.038046836853 Detik
Duration Looping 500 Data 162.86857891083 Detik 
Total Duration 162.89369082451 Detik 
------------------------- 
Tanggal: 19-07-2022 01:55:01 
Duration Download Forstok 10.278078079224 Detik
Duration Looping 500 Data 155.57852101326 Detik 
Total Duration 155.60262203217 Detik 
------------------------- 
Tanggal: 19-07-2022 02:00:01 
Duration Download Forstok 12.819659948349 Detik
Duration Looping 500 Data 160.41781187057 Detik 
Total Duration 160.44118404388 Detik 
------------------------- 
Tanggal: 19-07-2022 02:05:01 
Duration Download Forstok 20.887900114059 Detik
Duration Looping 500 Data 164.63858890533 Detik 
Total Duration 164.66235399246 Detik 
------------------------- 
Tanggal: 19-07-2022 02:10:01 
Duration Download Forstok 13.397886037827 Detik
Duration Looping 500 Data 159.05273199081 Detik 
Total Duration 159.075496912 Detik 
------------------------- 
Tanggal: 19-07-2022 02:15:01 
Duration Download Forstok 14.402212142944 Detik
Duration Looping 500 Data 157.56745696068 Detik 
Total Duration 157.59091997147 Detik 
------------------------- 
Tanggal: 19-07-2022 02:20:01 
Duration Download Forstok 14.205662965775 Detik
Duration Looping 500 Data 164.45724606514 Detik 
Total Duration 164.48077607155 Detik 
------------------------- 
Tanggal: 19-07-2022 02:25:01 
Duration Download Forstok 11.177149057388 Detik
Duration Looping 500 Data 149.73763298988 Detik 
Total Duration 149.76032495499 Detik 
------------------------- 
Tanggal: 19-07-2022 02:30:02 
Duration Download Forstok 10.935761928558 Detik
Duration Looping 500 Data 154.60910987854 Detik 
Total Duration 154.63037896156 Detik 
------------------------- 
Tanggal: 19-07-2022 02:35:01 
Duration Download Forstok 9.817901134491 Detik
Duration Looping 500 Data 156.38066792488 Detik 
Total Duration 156.40417194366 Detik 
------------------------- 
Tanggal: 19-07-2022 02:40:01 
Duration Download Forstok 11.020023822784 Detik
Duration Looping 500 Data 159.28963184357 Detik 
Total Duration 159.31321597099 Detik 
------------------------- 
Tanggal: 19-07-2022 02:45:01 
Duration Download Forstok 12.877346038818 Detik
Duration Looping 500 Data 159.03128099442 Detik 
Total Duration 159.05549907684 Detik 
------------------------- 
Tanggal: 19-07-2022 02:50:01 
Duration Download Forstok 14.080760002136 Detik
Duration Looping 500 Data 153.8143761158 Detik 
Total Duration 153.83822417259 Detik 
------------------------- 
Tanggal: 19-07-2022 02:55:01 
Duration Download Forstok 9.8263669013977 Detik
Duration Looping 500 Data 148.78986907005 Detik 
Total Duration 148.8140130043 Detik 
------------------------- 
Tanggal: 19-07-2022 03:00:01 
Duration Download Forstok 11.824187994003 Detik
Duration Looping 500 Data 156.45286202431 Detik 
Total Duration 156.47664809227 Detik 
------------------------- 
Tanggal: 19-07-2022 03:05:01 
Duration Download Forstok 25.988821029663 Detik
Duration Looping 500 Data 170.57416415215 Detik 
Total Duration 170.59834504128 Detik 
------------------------- 
Tanggal: 19-07-2022 03:10:01 
Duration Download Forstok 11.24091386795 Detik
Duration Looping 500 Data 157.59688997269 Detik 
Total Duration 157.6257917881 Detik 
------------------------- 
Tanggal: 19-07-2022 03:15:01 
Duration Download Forstok 13.250056028366 Detik
Duration Looping 500 Data 156.85783195496 Detik 
Total Duration 156.88194608688 Detik 
------------------------- 
Tanggal: 19-07-2022 03:20:01 
Duration Download Forstok 10.345410108566 Detik
Duration Looping 500 Data 159.28131699562 Detik 
Total Duration 159.30565309525 Detik 
------------------------- 
Tanggal: 19-07-2022 03:25:01 
Duration Download Forstok 14.149067878723 Detik
Duration Looping 500 Data 152.78949999809 Detik 
Total Duration 152.81340098381 Detik 
------------------------- 
Tanggal: 19-07-2022 03:30:01 
Duration Download Forstok 11.720378875732 Detik
Duration Looping 500 Data 156.17196083069 Detik 
Total Duration 156.19588899612 Detik 
------------------------- 
Tanggal: 19-07-2022 03:35:01 
Duration Download Forstok 11.491597890854 Detik
Duration Looping 500 Data 153.44976401329 Detik 
Total Duration 153.47341489792 Detik 
------------------------- 
Tanggal: 19-07-2022 03:40:01 
Duration Download Forstok 19.313559055328 Detik
Duration Looping 500 Data 161.78592610359 Detik 
Total Duration 161.81093597412 Detik 
------------------------- 
Tanggal: 19-07-2022 03:45:01 
Duration Download Forstok 13.150758981705 Detik
Duration Looping 500 Data 167.23946094513 Detik 
Total Duration 167.26349496841 Detik 
------------------------- 
Tanggal: 19-07-2022 03:50:01 
Duration Download Forstok 13.264897823334 Detik
Duration Looping 500 Data 158.42919683456 Detik 
Total Duration 158.45426297188 Detik 
------------------------- 
Tanggal: 19-07-2022 03:55:01 
Duration Download Forstok 12.704210042953 Detik
Duration Looping 500 Data 160.85845398903 Detik 
Total Duration 160.88217306137 Detik 
------------------------- 
Tanggal: 19-07-2022 04:00:01 
Duration Download Forstok 17.598870992661 Detik
Duration Looping 500 Data 157.9389629364 Detik 
Total Duration 157.96269607544 Detik 
------------------------- 
Tanggal: 19-07-2022 04:05:01 
Duration Download Forstok 21.637703895569 Detik
Duration Looping 500 Data 167.47648906708 Detik 
Total Duration 167.50001692772 Detik 
------------------------- 
Tanggal: 19-07-2022 04:10:01 
Duration Download Forstok 11.151271820068 Detik
Duration Looping 500 Data 153.91638088226 Detik 
Total Duration 153.94123697281 Detik 
------------------------- 
Tanggal: 19-07-2022 04:15:01 
Duration Download Forstok 13.74823307991 Detik
Duration Looping 500 Data 157.47117710114 Detik 
Total Duration 157.49532413483 Detik 
------------------------- 
Tanggal: 19-07-2022 04:20:01 
Duration Download Forstok 10.96456694603 Detik
Duration Looping 500 Data 155.21978592873 Detik 
Total Duration 155.24435591698 Detik 
------------------------- 
Tanggal: 19-07-2022 04:25:01 
Duration Download Forstok 11.249499797821 Detik
Duration Looping 500 Data 155.28243899345 Detik 
Total Duration 155.30668592453 Detik 
------------------------- 
Tanggal: 19-07-2022 04:30:01 
Duration Download Forstok 12.590448141098 Detik
Duration Looping 500 Data 152.85138607025 Detik 
Total Duration 152.87512016296 Detik 
------------------------- 
Tanggal: 19-07-2022 04:35:01 
Duration Download Forstok 11.146631002426 Detik
Duration Looping 500 Data 151.77627706528 Detik 
Total Duration 151.80009293556 Detik 
------------------------- 
Tanggal: 19-07-2022 04:40:01 
Duration Download Forstok 13.372622013092 Detik
Duration Looping 500 Data 155.38158416748 Detik 
Total Duration 155.40665102005 Detik 
------------------------- 
Tanggal: 19-07-2022 04:45:01 
Duration Download Forstok 13.308387994766 Detik
Duration Looping 500 Data 160.04673409462 Detik 
Total Duration 160.07108306885 Detik 
------------------------- 
Tanggal: 19-07-2022 04:50:01 
Duration Download Forstok 11.123049974442 Detik
Duration Looping 500 Data 151.76275706291 Detik 
Total Duration 151.78721308708 Detik 
------------------------- 
Tanggal: 19-07-2022 04:55:01 
Duration Download Forstok 12.481113910675 Detik
Duration Looping 500 Data 162.00088906288 Detik 
Total Duration 162.02563905716 Detik 
------------------------- 
Tanggal: 19-07-2022 05:00:01 
Duration Download Forstok 12.108685016632 Detik
Duration Looping 500 Data 162.27481198311 Detik 
Total Duration 162.30003118515 Detik 
------------------------- 
Tanggal: 19-07-2022 05:05:01 
Duration Download Forstok 20.15864109993 Detik
Duration Looping 500 Data 165.36938691139 Detik 
Total Duration 165.3936150074 Detik 
------------------------- 
Tanggal: 19-07-2022 05:10:01 
Duration Download Forstok 13.995160102844 Detik
Duration Looping 500 Data 161.40499401093 Detik 
Total Duration 161.42995905876 Detik 
------------------------- 
Tanggal: 19-07-2022 05:15:01 
Duration Download Forstok 13.359878063202 Detik
Duration Looping 500 Data 159.65745806694 Detik 
Total Duration 159.68156814575 Detik 
------------------------- 
Tanggal: 19-07-2022 05:20:01 
Duration Download Forstok 11.600221157074 Detik
Duration Looping 500 Data 159.1915230751 Detik 
Total Duration 159.21555614471 Detik 
------------------------- 
Tanggal: 19-07-2022 05:25:01 
Duration Download Forstok 10.796569108963 Detik
Duration Looping 500 Data 150.87492394447 Detik 
Total Duration 150.89907503128 Detik 
------------------------- 
Tanggal: 19-07-2022 05:30:01 
Duration Download Forstok 11.244776010513 Detik
Duration Looping 500 Data 159.3280570507 Detik 
Total Duration 159.35240912437 Detik 
------------------------- 
Tanggal: 19-07-2022 05:35:01 
Duration Download Forstok 15.937240839005 Detik
Duration Looping 500 Data 153.66982102394 Detik 
Total Duration 153.69301891327 Detik 
------------------------- 
Tanggal: 19-07-2022 05:40:01 
Duration Download Forstok 15.491358995438 Detik
Duration Looping 500 Data 171.88188791275 Detik 
Total Duration 171.90518498421 Detik 
------------------------- 
Tanggal: 19-07-2022 05:45:01 
Duration Download Forstok 11.883148908615 Detik
Duration Looping 500 Data 176.85748910904 Detik 
Total Duration 176.88713788986 Detik 
------------------------- 
Tanggal: 19-07-2022 05:50:01 
Duration Download Forstok 11.257067918777 Detik
Duration Looping 500 Data 154.34060788155 Detik 
Total Duration 154.36438584328 Detik 
------------------------- 
Tanggal: 19-07-2022 05:55:01 
Duration Download Forstok 10.934605836868 Detik
Duration Looping 500 Data 155.8580160141 Detik 
Total Duration 155.88264298439 Detik 
------------------------- 
Tanggal: 19-07-2022 06:00:01 
Duration Download Forstok 11.229074001312 Detik
Duration Looping 500 Data 150.05434703827 Detik 
Total Duration 150.07864785194 Detik 
------------------------- 
Tanggal: 19-07-2022 06:05:01 
Duration Download Forstok 23.438948869705 Detik
Duration Looping 500 Data 165.8069870472 Detik 
Total Duration 165.83420085907 Detik 
------------------------- 
Tanggal: 19-07-2022 06:10:01 
Duration Download Forstok 10.730901956558 Detik
Duration Looping 500 Data 147.65872979164 Detik 
Total Duration 147.68227982521 Detik 
------------------------- 
Tanggal: 19-07-2022 06:15:01 
Duration Download Forstok 14.238657951355 Detik
Duration Looping 500 Data 158.03393983841 Detik 
Total Duration 158.06154298782 Detik 
------------------------- 
Tanggal: 19-07-2022 06:20:02 
Duration Download Forstok 13.98106098175 Detik
Duration Looping 500 Data 155.797549963 Detik 
Total Duration 155.82167887688 Detik 
------------------------- 
Tanggal: 19-07-2022 06:25:01 
Duration Download Forstok 11.062568902969 Detik
Duration Looping 500 Data 151.16208291054 Detik 
Total Duration 151.18743896484 Detik 
------------------------- 
Tanggal: 19-07-2022 06:30:01 
Duration Download Forstok 11.340337991714 Detik
Duration Looping 500 Data 152.6792049408 Detik 
Total Duration 152.7027900219 Detik 
------------------------- 
Tanggal: 19-07-2022 06:35:01 
Duration Download Forstok 11.299572944641 Detik
Duration Looping 500 Data 158.37497806549 Detik 
Total Duration 158.39895796776 Detik 
------------------------- 
Tanggal: 19-07-2022 06:40:01 
Duration Download Forstok 11.38217997551 Detik
Duration Looping 500 Data 163.41201591492 Detik 
Total Duration 163.43767285347 Detik 
------------------------- 
Tanggal: 19-07-2022 06:45:01 
Duration Download Forstok 12.456421852112 Detik
Duration Looping 500 Data 161.31368303299 Detik 
Total Duration 161.33781886101 Detik 
------------------------- 
Tanggal: 19-07-2022 06:50:01 
Duration Download Forstok 10.705849885941 Detik
Duration Looping 500 Data 149.85546088219 Detik 
Total Duration 149.87936687469 Detik 
------------------------- 
Tanggal: 19-07-2022 06:55:01 
Duration Download Forstok 11.108203887939 Detik
Duration Looping 500 Data 148.50707197189 Detik 
Total Duration 148.53188204765 Detik 
------------------------- 
Tanggal: 19-07-2022 07:00:01 
Duration Download Forstok 10.933203220367 Detik
Duration Looping 500 Data 151.1497862339 Detik 
Total Duration 151.17452406883 Detik 
------------------------- 
Tanggal: 19-07-2022 07:05:02 
Duration Download Forstok 18.661069154739 Detik
Duration Looping 500 Data 165.30747795105 Detik 
Total Duration 165.33546304703 Detik 
------------------------- 
Tanggal: 19-07-2022 07:10:01 
Duration Download Forstok 11.793474912643 Detik
Duration Looping 500 Data 155.95226597786 Detik 
Total Duration 155.97736501694 Detik 
------------------------- 
Tanggal: 19-07-2022 07:15:01 
Duration Download Forstok 14.720913171768 Detik
Duration Looping 500 Data 161.72276115417 Detik 
Total Duration 161.74640202522 Detik 
------------------------- 
Tanggal: 19-07-2022 07:20:01 
Duration Download Forstok 12.720643997192 Detik
Duration Looping 500 Data 160.646007061 Detik 
Total Duration 160.67060208321 Detik 
------------------------- 
Tanggal: 19-07-2022 07:25:01 
Duration Download Forstok 12.91238284111 Detik
Duration Looping 500 Data 156.55946803093 Detik 
Total Duration 156.5870988369 Detik 
------------------------- 
Tanggal: 19-07-2022 07:30:01 
Duration Download Forstok 12.008100986481 Detik
Duration Looping 500 Data 151.01332712173 Detik 
Total Duration 151.03700900078 Detik 
------------------------- 
Tanggal: 19-07-2022 07:35:01 
Duration Download Forstok 12.178805112839 Detik
Duration Looping 500 Data 150.45625400543 Detik 
Total Duration 150.47934103012 Detik 
------------------------- 
Tanggal: 19-07-2022 07:40:01 
Duration Download Forstok 12.248230934143 Detik
Duration Looping 500 Data 150.63376498222 Detik 
Total Duration 150.65854215622 Detik 
------------------------- 
Tanggal: 19-07-2022 07:45:01 
Duration Download Forstok 11.346961021423 Detik
Duration Looping 500 Data 157.59346103668 Detik 
Total Duration 157.61734294891 Detik 
------------------------- 
Tanggal: 19-07-2022 07:50:01 
Duration Download Forstok 10.03315281868 Detik
Duration Looping 500 Data 149.51080393791 Detik 
Total Duration 149.53386497498 Detik 
------------------------- 
Tanggal: 19-07-2022 07:55:01 
Duration Download Forstok 11.868108034134 Detik
Duration Looping 500 Data 150.53582811356 Detik 
Total Duration 150.56170701981 Detik 
------------------------- 
Tanggal: 19-07-2022 08:00:01 
Duration Download Forstok 11.745350837708 Detik
Duration Looping 500 Data 156.59307789803 Detik 
Total Duration 156.61762690544 Detik 
------------------------- 
Tanggal: 19-07-2022 08:05:01 
Duration Download Forstok 18.799194812775 Detik
Duration Looping 500 Data 167.11944890022 Detik 
Tanggal: 19-07-2022 08:10:01 
Duration Download Forstok 11.147591114044 Detik
Duration Looping 500 Data 157.87584805489 Detik 
Total Duration 157.90349197388 Detik 
------------------------- 
Tanggal: 19-07-2022 08:15:01 
Duration Download Forstok 12.870810031891 Detik
Duration Looping 500 Data 162.05489397049 Detik 
Total Duration 162.0774538517 Detik 
------------------------- 
Tanggal: 19-07-2022 08:20:01 
Duration Download Forstok 10.836016893387 Detik
Duration Looping 500 Data 156.92595887184 Detik 
Total Duration 156.94893693924 Detik 
------------------------- 
Tanggal: 19-07-2022 08:25:01 
Duration Download Forstok 9.5559530258179 Detik
Duration Looping 500 Data 161.66732811928 Detik 
Tanggal: 19-07-2022 08:30:01 
Duration Download Forstok 11.900192022324 Detik
Duration Looping 500 Data 163.55636405945 Detik 
Tanggal: 19-07-2022 08:35:01 
Duration Download Forstok 11.846405982971 Detik
Duration Looping 500 Data 175.79609799385 Detik 
Tanggal: 19-07-2022 08:40:01 
Duration Download Forstok 12.70852804184 Detik
Duration Looping 500 Data 178.91428089142 Detik 
Tanggal: 19-07-2022 08:45:01 
Duration Download Forstok 12.973252773285 Detik
Duration Looping 500 Data 179.39995789528 Detik 
Tanggal: 19-07-2022 08:50:01 
Duration Download Forstok 12.287037134171 Detik
Duration Looping 500 Data 171.21574902534 Detik 
Tanggal: 19-07-2022 08:55:02 
Duration Download Forstok 10.770871162415 Detik
Duration Looping 500 Data 162.97490811348 Detik 
Tanggal: 19-07-2022 09:00:01 
Duration Download Forstok 16.296097040176 Detik
Duration Looping 500 Data 172.56549906731 Detik 
Tanggal: 19-07-2022 09:05:01 
Duration Download Forstok 13.076746940613 Detik
Duration Looping 500 Data 166.41947388649 Detik 
Tanggal: 19-07-2022 09:10:01 
Duration Download Forstok 10.112422227859 Detik
Duration Looping 500 Data 170.65511012077 Detik 
Tanggal: 19-07-2022 09:15:01 
Duration Download Forstok 10.572154998779 Detik
Duration Looping 500 Data 167.5189230442 Detik 
Tanggal: 19-07-2022 09:20:01 
Duration Download Forstok 11.128081083298 Detik
Duration Looping 500 Data 170.36475014687 Detik 
Tanggal: 19-07-2022 09:25:01 
Duration Download Forstok 12.38093495369 Detik
Duration Looping 500 Data 165.86092281342 Detik 
Tanggal: 19-07-2022 09:30:01 
Duration Download Forstok 10.393460035324 Detik
Duration Looping 500 Data 168.55171918869 Detik 
Tanggal: 19-07-2022 09:35:01 
Duration Download Forstok 11.857866048813 Detik
Duration Looping 500 Data 166.15790390968 Detik 
Tanggal: 19-07-2022 09:40:01 
Duration Download Forstok 18.292412042618 Detik
Duration Looping 500 Data 173.32943296432 Detik 
Tanggal: 19-07-2022 09:45:01 
Duration Download Forstok 11.599949121475 Detik
Duration Looping 500 Data 173.0886361599 Detik 
Tanggal: 19-07-2022 09:50:02 
Duration Download Forstok 13.195238113403 Detik
Duration Looping 500 Data 165.20357513428 Detik 
Tanggal: 19-07-2022 09:55:01 
Duration Download Forstok 10.476353883743 Detik
Duration Looping 500 Data 180.67435693741 Detik 
Tanggal: 19-07-2022 10:00:01 
Duration Download Forstok 12.604115009308 Detik
Duration Looping 500 Data 186.15013194084 Detik 
Tanggal: 19-07-2022 10:05:01 
Duration Download Forstok 21.693821907043 Detik
Duration Looping 500 Data 175.8870408535 Detik 
Tanggal: 19-07-2022 10:10:01 
Duration Download Forstok 13.009794950485 Detik
Duration Looping 500 Data 169.25612807274 Detik 
Tanggal: 19-07-2022 10:15:01 
Duration Download Forstok 10.222345113754 Detik
Duration Looping 500 Data 177.28222608566 Detik 
Tanggal: 19-07-2022 10:20:01 
Duration Download Forstok 13.425743818283 Detik
Duration Looping 500 Data 171.42323184013 Detik 
Tanggal: 19-07-2022 10:25:01 
Duration Download Forstok 8.5197880268097 Detik
Duration Looping 500 Data 167.49128293991 Detik 
Tanggal: 19-07-2022 10:30:01 
Duration Download Forstok 9.7248380184174 Detik
Duration Looping 500 Data 169.89603900909 Detik 
Tanggal: 19-07-2022 10:35:01 
Duration Download Forstok 11.002531051636 Detik
Duration Looping 500 Data 168.53451108932 Detik 
Tanggal: 19-07-2022 10:40:01 
Duration Download Forstok 11.561475992203 Detik
Duration Looping 500 Data 162.67162179947 Detik 
Tanggal: 19-07-2022 10:45:01 
Duration Download Forstok 12.496364831924 Detik
Duration Looping 500 Data 173.67792677879 Detik 
Tanggal: 19-07-2022 10:50:01 
Duration Download Forstok 12.808732032776 Detik
Duration Looping 500 Data 166.57362389565 Detik 
Tanggal: 19-07-2022 10:55:01 
Duration Download Forstok 11.381251096725 Detik
Duration Looping 500 Data 169.70821619034 Detik 
Tanggal: 19-07-2022 11:00:01 
Duration Download Forstok 10.948848962784 Detik
Duration Looping 500 Data 168.66615891457 Detik 
Tanggal: 19-07-2022 11:05:01 
Duration Download Forstok 28.4591319561 Detik
Duration Looping 500 Data 191.77869296074 Detik 
Tanggal: 19-07-2022 11:10:01 
Duration Download Forstok 9.6980400085449 Detik
Duration Looping 500 Data 166.04578709602 Detik 
Tanggal: 19-07-2022 11:15:01 
Duration Download Forstok 11.981781005859 Detik
Duration Looping 500 Data 174.84287214279 Detik 
Tanggal: 19-07-2022 11:20:01 
Duration Download Forstok 11.064757108688 Detik
Duration Looping 500 Data 189.22545409203 Detik 
Tanggal: 19-07-2022 11:25:01 
Duration Download Forstok 11.381016969681 Detik
Duration Looping 500 Data 175.22312116623 Detik 
Tanggal: 19-07-2022 11:30:01 
Duration Download Forstok 11.652378082275 Detik
Duration Looping 500 Data 172.20832395554 Detik 
Tanggal: 19-07-2022 11:35:01 
Duration Download Forstok 9.8153648376465 Detik
Duration Looping 500 Data 165.82619285583 Detik 
Tanggal: 19-07-2022 11:40:01 
Duration Download Forstok 14.019449949265 Detik
Duration Looping 500 Data 192.49580788612 Detik 
Tanggal: 19-07-2022 11:45:01 
Duration Download Forstok 11.585545063019 Detik
Duration Looping 500 Data 170.59047102928 Detik 
Tanggal: 19-07-2022 11:50:01 
Duration Download Forstok 17.099711894989 Detik
Duration Looping 500 Data 176.0879740715 Detik 
Tanggal: 19-07-2022 11:55:01 
Duration Download Forstok 9.5980508327484 Detik
Duration Looping 500 Data 169.38865184784 Detik 
Tanggal: 19-07-2022 12:00:01 
Duration Download Forstok 13.631848096848 Detik
Duration Looping 500 Data 171.32397913933 Detik 
Tanggal: 19-07-2022 12:05:01 
Duration Download Forstok 11.468545913696 Detik
Duration Looping 500 Data 161.99277591705 Detik 
Tanggal: 19-07-2022 12:10:01 
Duration Download Forstok 13.06632399559 Detik
Duration Looping 500 Data 157.6422970295 Detik 
Tanggal: 19-07-2022 12:15:01 
Duration Download Forstok 11.901963949203 Detik
Duration Looping 500 Data 164.44561386108 Detik 
Tanggal: 19-07-2022 12:20:01 
Duration Download Forstok 12.27942109108 Detik
Duration Looping 500 Data 164.14270401001 Detik 
Tanggal: 19-07-2022 12:25:01 
Duration Download Forstok 10.945833921432 Detik
Duration Looping 500 Data 158.7392771244 Detik 
Tanggal: 19-07-2022 12:30:01 
Duration Download Forstok 12.936864852905 Detik
Duration Looping 500 Data 155.04842281342 Detik 
Tanggal: 19-07-2022 12:35:01 
Duration Download Forstok 10.488126039505 Detik
Duration Looping 500 Data 157.30344796181 Detik 
Tanggal: 19-07-2022 12:40:01 
Duration Download Forstok 11.511130094528 Detik
Duration Looping 500 Data 156.2496099472 Detik 
Tanggal: 19-07-2022 12:45:01 
Duration Download Forstok 12.910659074783 Detik
Duration Looping 500 Data 161.49872612953 Detik 
Tanggal: 19-07-2022 12:50:01 
Duration Download Forstok 14.602709054947 Detik
Duration Looping 500 Data 161.98145604134 Detik 
Tanggal: 19-07-2022 12:55:01 
Duration Download Forstok 9.4576389789581 Detik
Duration Looping 500 Data 149.36335706711 Detik 
Tanggal: 19-07-2022 13:00:01 
Duration Download Forstok 18.195301055908 Detik
Duration Looping 500 Data 168.16740202904 Detik 
Tanggal: 19-07-2022 13:05:01 
Duration Download Forstok 12.201770782471 Detik
Duration Looping 500 Data 162.12074184418 Detik 
Tanggal: 19-07-2022 13:10:01 
Duration Download Forstok 11.523290872574 Detik
Duration Looping 500 Data 162.72861504555 Detik 
Tanggal: 19-07-2022 13:15:01 
Duration Download Forstok 13.008292913437 Detik
Duration Looping 500 Data 183.80050492287 Detik 
Tanggal: 19-07-2022 13:20:01 
Duration Download Forstok 13.586721897125 Detik
Duration Looping 500 Data 178.27011990547 Detik 
Tanggal: 19-07-2022 13:25:01 
Duration Download Forstok 12.285992145538 Detik
Duration Looping 500 Data 168.06822896004 Detik 
Tanggal: 19-07-2022 13:30:01 
Duration Download Forstok 12.112488031387 Detik
Duration Looping 500 Data 167.76304101944 Detik 
Tanggal: 19-07-2022 13:35:01 
Duration Download Forstok 11.196753978729 Detik
Duration Looping 500 Data 163.99489688873 Detik 
Tanggal: 19-07-2022 13:40:01 
Duration Download Forstok 11.354978084564 Detik
Duration Looping 500 Data 177.56893014908 Detik 
Tanggal: 19-07-2022 13:45:01 
Duration Download Forstok 11.394711017609 Detik
Duration Looping 500 Data 159.53643488884 Detik 
Tanggal: 19-07-2022 13:50:01 
Duration Download Forstok 12.004975795746 Detik
Duration Looping 500 Data 164.21093988419 Detik 
Tanggal: 19-07-2022 13:55:02 
Duration Download Forstok 10.052137851715 Detik
Duration Looping 500 Data 159.879144907 Detik 
Tanggal: 19-07-2022 14:00:01 
Duration Download Forstok 16.071906805038 Detik
Duration Looping 500 Data 172.99540400505 Detik 
Tanggal: 19-07-2022 14:05:01 
Duration Download Forstok 13.649147987366 Detik
Duration Looping 500 Data 164.38170409203 Detik 
Tanggal: 19-07-2022 14:10:01 
Duration Download Forstok 14.622610092163 Detik
Duration Looping 500 Data 167.12969112396 Detik 
Tanggal: 19-07-2022 14:15:01 
Duration Download Forstok 12.217242002487 Detik
Duration Looping 500 Data 164.74453997612 Detik 
Tanggal: 19-07-2022 14:20:01 
Duration Download Forstok 14.235877990723 Detik
Duration Looping 500 Data 174.51677107811 Detik 
Tanggal: 19-07-2022 14:25:01 
Duration Download Forstok 9.8508141040802 Detik
Duration Looping 500 Data 162.83833098412 Detik 
Tanggal: 19-07-2022 14:30:01 
Duration Download Forstok 10.906907081604 Detik
Duration Looping 500 Data 169.48574995995 Detik 
Tanggal: 19-07-2022 14:35:01 
Duration Download Forstok 11.686636924744 Detik
Duration Looping 500 Data 166.76599192619 Detik 
Tanggal: 19-07-2022 14:40:01 
Duration Download Forstok 12.393699884415 Detik
Duration Looping 500 Data 183.72190093994 Detik 
Tanggal: 19-07-2022 14:45:01 
Duration Download Forstok 13.822729825974 Detik
Duration Looping 500 Data 170.82699990273 Detik 
Tanggal: 19-07-2022 14:50:02 
Duration Download Forstok 13.192070007324 Detik
Duration Looping 500 Data 168.80036211014 Detik 
Tanggal: 19-07-2022 14:55:01 
Duration Download Forstok 11.384358167648 Detik
Duration Looping 500 Data 163.47368216515 Detik 
Tanggal: 19-07-2022 15:00:01 
Duration Download Forstok 14.901744842529 Detik
Duration Looping 500 Data 176.43007493019 Detik 
Tanggal: 19-07-2022 15:05:01 
Duration Download Forstok 12.951464891434 Detik
Duration Looping 500 Data 169.93857192993 Detik 
Tanggal: 19-07-2022 15:10:01 
Duration Download Forstok 11.376854896545 Detik
Duration Looping 500 Data 164.12590503693 Detik 
Tanggal: 19-07-2022 15:15:01 
Duration Download Forstok 14.38765001297 Detik
Duration Looping 500 Data 171.74873995781 Detik 
Tanggal: 19-07-2022 15:20:01 
Duration Download Forstok 12.534094810486 Detik
Duration Looping 500 Data 174.20947194099 Detik 
Tanggal: 19-07-2022 15:25:01 
Duration Download Forstok 11.938975811005 Detik
Duration Looping 500 Data 163.78552293777 Detik 
Tanggal: 19-07-2022 15:30:01 
Duration Download Forstok 11.058640003204 Detik
Duration Looping 500 Data 178.12420201302 Detik 
Tanggal: 19-07-2022 15:35:02 
Duration Download Forstok 17.019309997559 Detik
Duration Looping 500 Data 170.84885406494 Detik 
Tanggal: 19-07-2022 15:40:01 
Duration Download Forstok 14.522032022476 Detik
Duration Looping 500 Data 171.72621107101 Detik 
Tanggal: 19-07-2022 15:45:01 
Duration Download Forstok 13.990449905396 Detik
Duration Looping 500 Data 171.86340880394 Detik 
Tanggal: 19-07-2022 15:50:01 
Duration Download Forstok 11.501692056656 Detik
Duration Looping 500 Data 167.2536380291 Detik 
Tanggal: 19-07-2022 15:55:01 
Duration Download Forstok 15.243894100189 Detik
Duration Looping 500 Data 172.62521004677 Detik 
Tanggal: 19-07-2022 16:00:01 
Duration Download Forstok 25.140457868576 Detik
Duration Looping 500 Data 183.65115904808 Detik 
Tanggal: 19-07-2022 16:05:01 
Duration Download Forstok 18.669162034988 Detik
Duration Looping 500 Data 169.9278421402 Detik 
Tanggal: 19-07-2022 16:10:01 
Duration Download Forstok 19.892353057861 Detik
Duration Looping 500 Data 177.02165484428 Detik 
Tanggal: 19-07-2022 16:15:01 
Duration Download Forstok 16.53401684761 Detik
Duration Looping 500 Data 175.79462885857 Detik 
Tanggal: 19-07-2022 16:20:01 
Duration Download Forstok 12.48607301712 Detik
Duration Looping 500 Data 165.46320199966 Detik 
Total Duration 165.49099993706 Detik 
------------------------- 
Tanggal: 19-07-2022 16:25:01 
Duration Download Forstok 27.965417861938 Detik
Duration Looping 500 Data 188.2450158596 Detik 
Total Duration 188.28016805649 Detik 
------------------------- 
Tanggal: 19-07-2022 16:30:01 
Duration Download Forstok 22.443164110184 Detik
Duration Looping 500 Data 178.95363306999 Detik 
Total Duration 178.98558115959 Detik 
------------------------- 
Tanggal: 19-07-2022 16:35:01 
Duration Download Forstok 17.53383898735 Detik
Duration Looping 500 Data 168.78353404999 Detik 
Total Duration 168.81796598434 Detik 
------------------------- 
Tanggal: 19-07-2022 16:40:01 
Duration Download Forstok 15.748003005981 Detik
Duration Looping 500 Data 169.48794484138 Detik 
Total Duration 169.53109884262 Detik 
------------------------- 
Tanggal: 19-07-2022 16:45:01 
Duration Download Forstok 15.783529043198 Detik
Duration Looping 500 Data 166.74018311501 Detik 
Total Duration 166.76561808586 Detik 
------------------------- 
Tanggal: 19-07-2022 16:50:01 
Duration Download Forstok 13.509916067123 Detik
Duration Looping 500 Data 173.27128601074 Detik 
Total Duration 173.30850601196 Detik 
------------------------- 
Tanggal: 19-07-2022 16:55:01 
Duration Download Forstok 17.818303108215 Detik
Duration Looping 500 Data 168.55453395844 Detik 
Total Duration 168.58441996574 Detik 
------------------------- 
Tanggal: 19-07-2022 17:00:01 
Duration Download Forstok 16.452235937119 Detik
Duration Looping 500 Data 176.92366194725 Detik 
Total Duration 176.95409798622 Detik 
------------------------- 
Tanggal: 19-07-2022 17:05:01 
Duration Download Forstok 11.809841156006 Detik
Duration Looping 500 Data 165.71494317055 Detik 
Total Duration 165.76149106026 Detik 
------------------------- 
Tanggal: 19-07-2022 17:10:01 
Duration Download Forstok 13.29079914093 Detik
Duration Looping 500 Data 165.94092607498 Detik 
Total Duration 165.992800951 Detik 
------------------------- 
Tanggal: 19-07-2022 17:15:01 
Duration Download Forstok 12.81475687027 Detik
Duration Looping 500 Data 159.41361904144 Detik 
Total Duration 159.4439740181 Detik 
------------------------- 
Tanggal: 19-07-2022 17:20:01 
Duration Download Forstok 13.912598133087 Detik
Duration Looping 500 Data 167.22563099861 Detik 
Total Duration 167.25423717499 Detik 
------------------------- 
Tanggal: 19-07-2022 17:25:01 
Duration Download Forstok 10.911113977432 Detik
Duration Looping 500 Data 157.02900695801 Detik 
Total Duration 157.09480595589 Detik 
------------------------- 
Tanggal: 19-07-2022 17:30:01 
Duration Download Forstok 13.13099193573 Detik
Duration Looping 500 Data 164.23400211334 Detik 
Total Duration 164.26554298401 Detik 
------------------------- 
Tanggal: 19-07-2022 17:35:01 
Duration Download Forstok 12.582649946213 Detik
Duration Looping 500 Data 155.13352203369 Detik 
Total Duration 155.16076588631 Detik 
------------------------- 
Tanggal: 19-07-2022 17:40:01 
Duration Download Forstok 12.624801874161 Detik
Duration Looping 500 Data 160.26305103302 Detik 
Total Duration 160.28710794449 Detik 
------------------------- 
Tanggal: 19-07-2022 17:45:01 
Duration Download Forstok 13.049769163132 Detik
Duration Looping 500 Data 158.24552297592 Detik 
Total Duration 158.27260613441 Detik 
------------------------- 
Tanggal: 19-07-2022 17:50:01 
Duration Download Forstok 12.071707010269 Detik
Duration Looping 500 Data 156.69116806984 Detik 
Total Duration 156.7169611454 Detik 
------------------------- 
Tanggal: 19-07-2022 17:55:01 
Duration Download Forstok 9.7826671600342 Detik
Duration Looping 500 Data 154.95697808266 Detik 
Total Duration 154.9818611145 Detik 
------------------------- 
Tanggal: 19-07-2022 18:00:01 
Duration Download Forstok 15.267347097397 Detik
Duration Looping 500 Data 161.27497410774 Detik 
Total Duration 161.3033080101 Detik 
------------------------- 
Tanggal: 19-07-2022 18:05:01 
Duration Download Forstok 11.683557987213 Detik
Duration Looping 500 Data 153.71657896042 Detik 
Total Duration 153.74182391167 Detik 
------------------------- 
Tanggal: 19-07-2022 18:10:01 
Duration Download Forstok 12.270887851715 Detik
Duration Looping 500 Data 159.6651828289 Detik 
Total Duration 159.68933582306 Detik 
------------------------- 
Tanggal: 19-07-2022 18:15:01 
Duration Download Forstok 12.177545070648 Detik
Duration Looping 500 Data 152.29938101768 Detik 
Total Duration 152.32542109489 Detik 
------------------------- 
Tanggal: 19-07-2022 18:20:02 
Duration Download Forstok 10.861387014389 Detik
Duration Looping 500 Data 149.98194408417 Detik 
Total Duration 150.00657701492 Detik 
------------------------- 
Tanggal: 19-07-2022 18:25:01 
Duration Download Forstok 12.311510801315 Detik
Duration Looping 500 Data 151.08371186256 Detik 
Total Duration 151.11061096191 Detik 
------------------------- 
Tanggal: 19-07-2022 18:30:01 
Duration Download Forstok 20.299915075302 Detik
Duration Looping 500 Data 163.34754014015 Detik 
Total Duration 163.37932705879 Detik 
------------------------- 
Tanggal: 19-07-2022 18:35:01 
Duration Download Forstok 11.854089021683 Detik
Duration Looping 500 Data 161.05451893806 Detik 
Total Duration 161.08333492279 Detik 
------------------------- 
Tanggal: 19-07-2022 18:40:01 
Duration Download Forstok 10.641987085342 Detik
Duration Looping 500 Data 157.85369110107 Detik 
Total Duration 157.88810706139 Detik 
------------------------- 
Tanggal: 19-07-2022 18:45:01 
Duration Download Forstok 13.903614997864 Detik
Duration Looping 500 Data 160.22628307343 Detik 
Total Duration 160.25672101974 Detik 
------------------------- 
Tanggal: 19-07-2022 18:50:01 
Duration Download Forstok 10.633725881577 Detik
Duration Looping 500 Data 153.75499892235 Detik 
Total Duration 153.79304385185 Detik 
------------------------- 
Tanggal: 19-07-2022 18:55:00 
Duration Download Forstok 10.645226955414 Detik
Duration Looping 500 Data 158.32804703712 Detik 
Total Duration 158.36125898361 Detik 
------------------------- 
Tanggal: 19-07-2022 19:00:01 
Duration Download Forstok 14.683058977127 Detik
Duration Looping 500 Data 156.66604399681 Detik 
Total Duration 156.69053316116 Detik 
------------------------- 
Tanggal: 19-07-2022 19:05:01 
Duration Download Forstok 11.17412686348 Detik
Duration Looping 500 Data 158.00100302696 Detik 
Total Duration 158.02511906624 Detik 
------------------------- 
Tanggal: 19-07-2022 19:10:01 
Duration Download Forstok 10.403766870499 Detik
Duration Looping 500 Data 153.25663805008 Detik 
Tanggal: 19-07-2022 19:15:01 
Duration Download Forstok 15.471240997314 Detik
Duration Looping 500 Data 169.10119605064 Detik 
Tanggal: 19-07-2022 19:20:01 
Duration Download Forstok 14.844041824341 Detik
Duration Looping 500 Data 160.40411305428 Detik 
Tanggal: 19-07-2022 19:25:01 
Duration Download Forstok 14.301934957504 Detik
Duration Looping 500 Data 160.90047001839 Detik 
Tanggal: 19-07-2022 19:30:01 
Duration Download Forstok 11.155063867569 Detik
Duration Looping 500 Data 152.54463887215 Detik 
Tanggal: 19-07-2022 19:35:01 
Duration Download Forstok 15.02147102356 Detik
Duration Looping 500 Data 154.30558395386 Detik 
Tanggal: 19-07-2022 19:40:01 
Duration Download Forstok 12.155302047729 Detik
Duration Looping 500 Data 153.55356001854 Detik 
Tanggal: 19-07-2022 19:45:01 
Duration Download Forstok 12.590682029724 Detik
Duration Looping 500 Data 160.8167719841 Detik 
Tanggal: 19-07-2022 19:50:02 
Duration Download Forstok 16.647491931915 Detik
Duration Looping 500 Data 158.94191479683 Detik 
Tanggal: 19-07-2022 19:55:01 
Duration Download Forstok 11.235967159271 Detik
Duration Looping 500 Data 150.40675997734 Detik 
Tanggal: 19-07-2022 20:00:01 
Duration Download Forstok 13.066165924072 Detik
Duration Looping 500 Data 157.31884789467 Detik 
Tanggal: 19-07-2022 20:05:01 
Duration Download Forstok 12.861399888992 Detik
Duration Looping 500 Data 154.98045992851 Detik 
Tanggal: 19-07-2022 20:10:01 
Duration Download Forstok 12.368010044098 Detik
Duration Looping 500 Data 157.12073802948 Detik 
Tanggal: 19-07-2022 20:15:01 
Duration Download Forstok 13.128992080688 Detik
Duration Looping 500 Data 160.08736109734 Detik 
Tanggal: 19-07-2022 20:20:01 
Duration Download Forstok 11.427906990051 Detik
Duration Looping 500 Data 162.02345991135 Detik 
Tanggal: 19-07-2022 20:25:01 
Duration Download Forstok 12.819246053696 Detik
Duration Looping 500 Data 152.81903600693 Detik 
Tanggal: 19-07-2022 20:30:01 
Duration Download Forstok 12.38455915451 Detik
Duration Looping 500 Data 157.51741313934 Detik 
Tanggal: 19-07-2022 20:35:01 
Duration Download Forstok 11.578969955444 Detik
Duration Looping 500 Data 157.27981615067 Detik 
Tanggal: 19-07-2022 20:40:01 
Duration Download Forstok 11.191380977631 Detik
Duration Looping 500 Data 160.39229393005 Detik 
Tanggal: 19-07-2022 20:45:01 
Duration Download Forstok 14.271631002426 Detik
Duration Looping 500 Data 154.01124310493 Detik 
Tanggal: 19-07-2022 20:50:01 
Duration Download Forstok 12.212975025177 Detik
Duration Looping 500 Data 157.80375003815 Detik 
Tanggal: 19-07-2022 20:55:01 
Duration Download Forstok 11.22244310379 Detik
Duration Looping 500 Data 152.46899414062 Detik 
Tanggal: 19-07-2022 21:00:01 
Duration Download Forstok 16.437772035599 Detik
Duration Looping 500 Data 171.19125986099 Detik 
Tanggal: 19-07-2022 21:05:01 
Duration Download Forstok 11.792680978775 Detik
Duration Looping 500 Data 151.44234609604 Detik 
Tanggal: 19-07-2022 21:10:01 
Duration Download Forstok 12.079478979111 Detik
Duration Looping 500 Data 158.67607688904 Detik 
Tanggal: 19-07-2022 21:15:01 
Duration Download Forstok 14.584608078003 Detik
Duration Looping 500 Data 161.04670906067 Detik 
Tanggal: 19-07-2022 21:20:01 
Duration Download Forstok 11.53902888298 Detik
Duration Looping 500 Data 162.84015893936 Detik 
Tanggal: 19-07-2022 21:25:01 
Duration Download Forstok 10.643789052963 Detik
Duration Looping 500 Data 155.35925602913 Detik 
Tanggal: 19-07-2022 21:30:01 
Duration Download Forstok 12.508866071701 Detik
Duration Looping 500 Data 161.58856606483 Detik 
Tanggal: 19-07-2022 21:35:01 
Duration Download Forstok 11.191801071167 Detik
Duration Looping 500 Data 160.78272509575 Detik 
Tanggal: 19-07-2022 21:40:01 
Duration Download Forstok 10.900744915009 Detik
Duration Looping 500 Data 153.85682892799 Detik 
Tanggal: 19-07-2022 21:45:01 
Duration Download Forstok 15.365725040436 Detik
Duration Looping 500 Data 157.94333291054 Detik 
Tanggal: 19-07-2022 21:50:01 
Duration Download Forstok 13.961585998535 Detik
Duration Looping 500 Data 158.32902812958 Detik 
Tanggal: 19-07-2022 21:55:01 
Duration Download Forstok 12.482336044312 Detik
Duration Looping 500 Data 169.15607023239 Detik 
Tanggal: 19-07-2022 22:00:01 
Duration Download Forstok 10.689592123032 Detik
Duration Looping 500 Data 156.47949814796 Detik 
Tanggal: 19-07-2022 22:05:01 
Duration Download Forstok 10.208961009979 Detik
Duration Looping 500 Data 151.00575590134 Detik 
Tanggal: 19-07-2022 22:10:01 
Duration Download Forstok 14.623754024506 Detik
Duration Looping 500 Data 156.96783590317 Detik 
Tanggal: 19-07-2022 22:15:01 
Duration Download Forstok 12.79606294632 Detik
Duration Looping 500 Data 157.10823297501 Detik 
Tanggal: 19-07-2022 22:20:01 
Duration Download Forstok 11.130406141281 Detik
Duration Looping 500 Data 159.58563899994 Detik 
Tanggal: 19-07-2022 22:25:01 
Duration Download Forstok 15.856798887253 Detik
Duration Looping 500 Data 161.60214304924 Detik 
Tanggal: 19-07-2022 22:30:01 
Duration Download Forstok 11.318843126297 Detik
Duration Looping 500 Data 153.79292106628 Detik 
Tanggal: 19-07-2022 22:35:01 
Duration Download Forstok 11.883114814758 Detik
Duration Looping 500 Data 152.42409586906 Detik 
Tanggal: 19-07-2022 22:40:01 
Duration Download Forstok 13.678694009781 Detik
Duration Looping 500 Data 155.78509283066 Detik 
Tanggal: 19-07-2022 22:45:01 
Duration Download Forstok 14.27597284317 Detik
Duration Looping 500 Data 154.55674481392 Detik 
Tanggal: 19-07-2022 22:50:01 
Duration Download Forstok 11.933786153793 Detik
Duration Looping 500 Data 159.82506012917 Detik 
Tanggal: 19-07-2022 22:55:01 
Duration Download Forstok 11.526269197464 Detik
Duration Looping 500 Data 153.38939905167 Detik 
Tanggal: 19-07-2022 23:00:01 
Duration Download Forstok 21.148858070374 Detik
Duration Looping 500 Data 165.48158192635 Detik 
Tanggal: 19-07-2022 23:05:01 
Duration Download Forstok 11.07516002655 Detik
Duration Looping 500 Data 150.35639595985 Detik 
Tanggal: 19-07-2022 23:10:01 
Duration Download Forstok 13.369973182678 Detik
Duration Looping 500 Data 159.14454007149 Detik 
Tanggal: 19-07-2022 23:15:01 
Duration Download Forstok 12.264430046082 Detik
Duration Looping 500 Data 156.73761606216 Detik 
Tanggal: 19-07-2022 23:20:01 
Duration Download Forstok 12.093965053558 Detik
Duration Looping 500 Data 163.15594291687 Detik 
Tanggal: 19-07-2022 23:25:01 
Duration Download Forstok 12.943818807602 Detik
Duration Looping 500 Data 155.81556081772 Detik 
Tanggal: 19-07-2022 23:30:01 
Duration Download Forstok 16.95255613327 Detik
Duration Looping 500 Data 163.6420981884 Detik 
Tanggal: 19-07-2022 23:35:01 
Duration Download Forstok 11.187925100327 Detik
Duration Looping 500 Data 158.79830598831 Detik 
Tanggal: 19-07-2022 23:40:01 
Duration Download Forstok 11.093350172043 Detik
Duration Looping 500 Data 157.81188106537 Detik 
Tanggal: 19-07-2022 23:45:01 
Duration Download Forstok 14.365412950516 Detik
Duration Looping 500 Data 154.51252102852 Detik 
Tanggal: 19-07-2022 23:50:01 
Duration Download Forstok 12.226428985596 Detik
Duration Looping 500 Data 154.35602807999 Detik 
Tanggal: 19-07-2022 23:55:01 
Duration Download Forstok 11.392678976059 Detik
Duration Looping 500 Data 161.03891205788 Detik 
