Tanggal: 01-02-2022 00:00:01 
Duration Download Forstok 16.312368869781 Detik
Duration Looping 700 Data 581.10618185997 Detik 
Total Duration 581.1069829464 Detik 
------------------------- 
Tanggal: 01-02-2022 00:10:01 
Duration Download Forstok 12.062963962555 Detik
Duration Looping 700 Data 170.29131889343 Detik 
Total Duration 170.29143309593 Detik 
------------------------- 
Tanggal: 01-02-2022 00:15:01 
Duration Download Forstok 17.590340852737 Detik
Duration Looping 700 Data 193.42867994308 Detik 
Total Duration 193.42875099182 Detik 
------------------------- 
Tanggal: 01-02-2022 00:20:01 
Duration Download Forstok 12.394556999207 Detik
Duration Looping 700 Data 153.76998615265 Detik 
Total Duration 153.77009010315 Detik 
------------------------- 
Tanggal: 01-02-2022 00:25:01 
Duration Download Forstok 11.643549203873 Detik
Duration Looping 700 Data 162.03023600578 Detik 
Total Duration 162.03033804893 Detik 
------------------------- 
Tanggal: 01-02-2022 00:30:01 
Duration Download Forstok 13.331948041916 Detik
Duration Looping 700 Data 159.89494681358 Detik 
Total Duration 159.89505290985 Detik 
------------------------- 
Tanggal: 01-02-2022 00:35:01 
Duration Download Forstok 17.818660974503 Detik
Duration Looping 700 Data 163.79685091972 Detik 
Total Duration 163.7969648838 Detik 
------------------------- 
Tanggal: 01-02-2022 00:40:01 
Duration Download Forstok 11.809308052063 Detik
Duration Looping 700 Data 162.03626513481 Detik 
Total Duration 162.03638410568 Detik 
------------------------- 
Tanggal: 01-02-2022 00:45:01 
Duration Download Forstok 16.645204782486 Detik
Duration Looping 700 Data 164.49274396896 Detik 
Total Duration 164.49285387993 Detik 
------------------------- 
Tanggal: 01-02-2022 00:50:01 
Duration Download Forstok 12.771172046661 Detik
Duration Looping 700 Data 163.70558404922 Detik 
Total Duration 163.70569491386 Detik 
------------------------- 
Tanggal: 01-02-2022 00:55:02 
Duration Download Forstok 11.495480060577 Detik
Duration Looping 700 Data 159.90163111687 Detik 
Total Duration 159.90174794197 Detik 
------------------------- 
Tanggal: 01-02-2022 01:00:01 
Duration Download Forstok 12.633689880371 Detik
Duration Looping 700 Data 162.50358605385 Detik 
Total Duration 162.50369501114 Detik 
------------------------- 
Tanggal: 01-02-2022 01:05:01 
Duration Download Forstok 21.745325088501 Detik
Duration Looping 700 Data 163.59485411644 Detik 
Total Duration 163.5949640274 Detik 
------------------------- 
Tanggal: 01-02-2022 01:10:02 
Duration Download Forstok 11.880317211151 Detik
Duration Looping 700 Data 170.85131311417 Detik 
Total Duration 170.85142421722 Detik 
------------------------- 
Tanggal: 01-02-2022 01:15:01 
Duration Download Forstok 20.32880282402 Detik
Duration Looping 700 Data 179.13613080978 Detik 
Total Duration 179.1362388134 Detik 
------------------------- 
Tanggal: 01-02-2022 01:20:01 
Duration Download Forstok 12.700886011124 Detik
Duration Looping 700 Data 159.59072995186 Detik 
Total Duration 159.59084296227 Detik 
------------------------- 
Tanggal: 01-02-2022 01:25:01 
Duration Download Forstok 11.228704929352 Detik
Duration Looping 700 Data 159.11840701103 Detik 
Total Duration 159.11856508255 Detik 
------------------------- 
Tanggal: 01-02-2022 01:30:01 
Duration Download Forstok 14.63077712059 Detik
Duration Looping 700 Data 161.34202599525 Detik 
Total Duration 161.34212398529 Detik 
------------------------- 
Tanggal: 01-02-2022 01:35:01 
Duration Download Forstok 19.033317089081 Detik
Duration Looping 700 Data 163.69366598129 Detik 
Total Duration 163.69377803802 Detik 
------------------------- 
Tanggal: 01-02-2022 01:40:01 
Duration Download Forstok 13.63062787056 Detik
Duration Looping 700 Data 158.89104700089 Detik 
Total Duration 158.89116501808 Detik 
------------------------- 
Tanggal: 01-02-2022 01:45:01 
Duration Download Forstok 16.935207843781 Detik
Duration Looping 700 Data 161.81248497963 Detik 
Total Duration 161.81260490417 Detik 
------------------------- 
Tanggal: 01-02-2022 01:50:01 
Duration Download Forstok 13.726686954498 Detik
Duration Looping 700 Data 155.73518490791 Detik 
Total Duration 155.73529410362 Detik 
------------------------- 
Tanggal: 01-02-2022 01:55:01 
Duration Download Forstok 11.516565084457 Detik
Duration Looping 700 Data 153.75208497047 Detik 
Total Duration 153.75224399567 Detik 
------------------------- 
Tanggal: 01-02-2022 02:00:01 
Duration Download Forstok 13.383815050125 Detik
Duration Looping 700 Data 155.73958015442 Detik 
Total Duration 155.73965811729 Detik 
------------------------- 
Tanggal: 01-02-2022 02:05:01 
Duration Download Forstok 19.307583093643 Detik
Duration Looping 700 Data 173.22336792946 Detik 
Total Duration 173.22348189354 Detik 
------------------------- 
Tanggal: 01-02-2022 02:10:01 
Duration Download Forstok 13.424647092819 Detik
Duration Looping 700 Data 158.89028120041 Detik 
Total Duration 158.89040207863 Detik 
------------------------- 
Tanggal: 01-02-2022 02:15:01 
Duration Download Forstok 18.313420057297 Detik
Duration Looping 700 Data 172.34548401833 Detik 
Total Duration 172.34559512138 Detik 
------------------------- 
Tanggal: 01-02-2022 02:20:01 
Duration Download Forstok 14.890632867813 Detik
Duration Looping 700 Data 160.79428195953 Detik 
Total Duration 160.79438996315 Detik 
------------------------- 
Tanggal: 01-02-2022 02:25:01 
Duration Download Forstok 15.507430076599 Detik
Duration Looping 700 Data 168.26502299309 Detik 
Total Duration 168.26513314247 Detik 
------------------------- 
Tanggal: 01-02-2022 02:30:01 
Duration Download Forstok 15.450820922852 Detik
Duration Looping 700 Data 163.29369688034 Detik 
Total Duration 163.2938170433 Detik 
------------------------- 
Tanggal: 01-02-2022 02:35:01 
Duration Download Forstok 19.007342815399 Detik
Duration Looping 700 Data 160.23137402534 Detik 
Total Duration 160.23147892952 Detik 
------------------------- 
Tanggal: 01-02-2022 02:40:01 
Duration Download Forstok 16.112169027328 Detik
Duration Looping 700 Data 161.52125000954 Detik 
Total Duration 161.52139496803 Detik 
------------------------- 
Tanggal: 01-02-2022 02:45:01 
Duration Download Forstok 17.030045986176 Detik
Duration Looping 700 Data 169.08463311195 Detik 
Total Duration 169.08474802971 Detik 
------------------------- 
Tanggal: 01-02-2022 02:50:01 
Duration Download Forstok 16.211761951447 Detik
Duration Looping 700 Data 160.14141583443 Detik 
Total Duration 160.14150691032 Detik 
------------------------- 
Tanggal: 01-02-2022 02:55:01 
Duration Download Forstok 18.343228816986 Detik
Duration Looping 700 Data 158.92705583572 Detik 
Total Duration 158.92719483376 Detik 
------------------------- 
Tanggal: 01-02-2022 03:00:01 
Duration Download Forstok 14.652909994125 Detik
Duration Looping 700 Data 159.76480293274 Detik 
Total Duration 159.76492214203 Detik 
------------------------- 
Tanggal: 01-02-2022 03:05:01 
Duration Download Forstok 25.557506084442 Detik
Duration Looping 700 Data 171.70743513107 Detik 
Total Duration 171.70754003525 Detik 
------------------------- 
Tanggal: 01-02-2022 03:10:01 
Duration Download Forstok 17.534422159195 Detik
Duration Looping 700 Data 163.64918518066 Detik 
Total Duration 163.64929914474 Detik 
------------------------- 
Tanggal: 01-02-2022 03:15:01 
Duration Download Forstok 21.800726890564 Detik
Duration Looping 700 Data 165.78133296967 Detik 
Total Duration 165.78144693375 Detik 
------------------------- 
Tanggal: 01-02-2022 03:20:01 
Duration Download Forstok 14.464914083481 Detik
Duration Looping 700 Data 167.89196586609 Detik 
Total Duration 167.89207005501 Detik 
------------------------- 
Tanggal: 01-02-2022 03:25:01 
Duration Download Forstok 15.867750883102 Detik
Duration Looping 700 Data 165.78354692459 Detik 
Total Duration 165.78365588188 Detik 
------------------------- 
Tanggal: 01-02-2022 03:30:02 
Duration Download Forstok 13.462335824966 Detik
Duration Looping 700 Data 162.21255278587 Detik 
Total Duration 162.21265983582 Detik 
------------------------- 
Tanggal: 01-02-2022 03:35:01 
Duration Download Forstok 22.5580971241 Detik
Duration Looping 700 Data 171.41320204735 Detik 
Total Duration 171.41331005096 Detik 
------------------------- 
Tanggal: 01-02-2022 03:40:01 
Duration Download Forstok 14.636743068695 Detik
Duration Looping 700 Data 160.74439787865 Detik 
Total Duration 160.74450492859 Detik 
------------------------- 
Tanggal: 01-02-2022 03:45:01 
Duration Download Forstok 19.247600078583 Detik
Duration Looping 700 Data 164.98403811455 Detik 
Total Duration 164.98414492607 Detik 
------------------------- 
Tanggal: 01-02-2022 03:50:01 
Duration Download Forstok 14.369934082031 Detik
Duration Looping 700 Data 159.05478000641 Detik 
Total Duration 159.05488014221 Detik 
------------------------- 
Tanggal: 01-02-2022 03:55:01 
Duration Download Forstok 13.391176939011 Detik
Duration Looping 700 Data 162.4542620182 Detik 
Total Duration 162.45437002182 Detik 
------------------------- 
Tanggal: 01-02-2022 04:00:01 
Duration Download Forstok 15.319448947906 Detik
Duration Looping 700 Data 163.61328601837 Detik 
Total Duration 163.61339497566 Detik 
------------------------- 
Tanggal: 01-02-2022 04:05:01 
Duration Download Forstok 27.345129966736 Detik
Duration Looping 700 Data 178.70835399628 Detik 
Total Duration 178.70846295357 Detik 
------------------------- 
Tanggal: 01-02-2022 04:10:01 
Duration Download Forstok 18.210901975632 Detik
Duration Looping 700 Data 166.40417504311 Detik 
Total Duration 166.40428304672 Detik 
------------------------- 
Tanggal: 01-02-2022 04:15:01 
Duration Download Forstok 19.286586046219 Detik
Duration Looping 700 Data 173.93365287781 Detik 
Total Duration 173.933770895 Detik 
------------------------- 
Tanggal: 01-02-2022 04:20:01 
Duration Download Forstok 14.52707195282 Detik
Duration Looping 700 Data 168.6543610096 Detik 
Total Duration 168.65446305275 Detik 
------------------------- 
Tanggal: 01-02-2022 04:25:01 
Duration Download Forstok 15.191598892212 Detik
Duration Looping 700 Data 156.38721084595 Detik 
Total Duration 156.38731384277 Detik 
------------------------- 
Tanggal: 01-02-2022 04:30:01 
Duration Download Forstok 15.049681901932 Detik
Duration Looping 700 Data 159.26782894135 Detik 
Total Duration 159.26794195175 Detik 
------------------------- 
Tanggal: 01-02-2022 04:35:01 
Duration Download Forstok 16.213399887085 Detik
Duration Looping 700 Data 170.83505797386 Detik 
Total Duration 170.83516788483 Detik 
------------------------- 
Tanggal: 01-02-2022 04:40:01 
Duration Download Forstok 14.226411819458 Detik
Duration Looping 700 Data 155.37150287628 Detik 
Total Duration 155.37160801888 Detik 
------------------------- 
Tanggal: 01-02-2022 04:45:01 
Duration Download Forstok 19.861028909683 Detik
Duration Looping 700 Data 170.86793708801 Detik 
Total Duration 170.86804509163 Detik 
------------------------- 
Tanggal: 01-02-2022 04:50:02 
Duration Download Forstok 16.144444942474 Detik
Duration Looping 700 Data 160.99704694748 Detik 
Total Duration 160.99716591835 Detik 
------------------------- 
Tanggal: 01-02-2022 04:55:01 
Duration Download Forstok 15.793159008026 Detik
Duration Looping 700 Data 161.08502316475 Detik 
Total Duration 161.08513116837 Detik 
------------------------- 
Tanggal: 01-02-2022 05:00:01 
Duration Download Forstok 20.295923948288 Detik
Duration Looping 700 Data 176.03112077713 Detik 
Total Duration 176.03123188019 Detik 
------------------------- 
Tanggal: 01-02-2022 05:05:01 
Duration Download Forstok 16.83020401001 Detik
Duration Looping 700 Data 184.76295518875 Detik 
Total Duration 184.76306700706 Detik 
------------------------- 
Tanggal: 01-02-2022 05:10:01 
Duration Download Forstok 13.251849889755 Detik
Duration Looping 700 Data 158.89653992653 Detik 
Total Duration 158.89667201042 Detik 
------------------------- 
Tanggal: 01-02-2022 05:15:01 
Duration Download Forstok 18.403192043304 Detik
Duration Looping 700 Data 164.75839591026 Detik 
Total Duration 164.75850987434 Detik 
------------------------- 
Tanggal: 01-02-2022 05:20:01 
Duration Download Forstok 14.647958993912 Detik
Duration Looping 700 Data 162.84474420547 Detik 
Total Duration 162.84484910965 Detik 
------------------------- 
Tanggal: 01-02-2022 05:25:01 
Duration Download Forstok 14.81693983078 Detik
Duration Looping 700 Data 159.0187458992 Detik 
Total Duration 159.01885795593 Detik 
------------------------- 
Tanggal: 01-02-2022 05:30:01 
Duration Download Forstok 15.473332881927 Detik
Duration Looping 700 Data 157.00915408134 Detik 
Total Duration 157.00926804543 Detik 
------------------------- 
Tanggal: 01-02-2022 05:35:01 
Duration Download Forstok 19.3960750103 Detik
Duration Looping 700 Data 166.74450588226 Detik 
Total Duration 166.744617939 Detik 
------------------------- 
Tanggal: 01-02-2022 05:40:01 
Duration Download Forstok 15.067566156387 Detik
Duration Looping 700 Data 162.34712696075 Detik 
Total Duration 162.34724116325 Detik 
------------------------- 
Tanggal: 01-02-2022 05:45:01 
Duration Download Forstok 21.938055992126 Detik
Duration Looping 700 Data 167.51843190193 Detik 
Total Duration 167.51855802536 Detik 
------------------------- 
Tanggal: 01-02-2022 05:50:01 
Duration Download Forstok 16.545627117157 Detik
Duration Looping 700 Data 166.65044498444 Detik 
Total Duration 166.65055513382 Detik 
------------------------- 
Tanggal: 01-02-2022 05:55:01 
Duration Download Forstok 13.82758307457 Detik
Duration Looping 700 Data 164.17404484749 Detik 
Total Duration 164.17416191101 Detik 
------------------------- 
Tanggal: 01-02-2022 06:00:01 
Duration Download Forstok 14.707790851593 Detik
Duration Looping 700 Data 156.17365503311 Detik 
Total Duration 156.17376685143 Detik 
------------------------- 
Tanggal: 01-02-2022 06:05:01 
Duration Download Forstok 20.100615024567 Detik
Duration Looping 700 Data 170.1134121418 Detik 
Total Duration 170.11352109909 Detik 
------------------------- 
Tanggal: 01-02-2022 06:10:01 
Duration Download Forstok 15.244171142578 Detik
Duration Looping 700 Data 161.44253206253 Detik 
Total Duration 161.44264507294 Detik 
------------------------- 
Tanggal: 01-02-2022 06:15:01 
Duration Download Forstok 15.428291082382 Detik
Duration Looping 700 Data 161.39609694481 Detik 
Total Duration 161.39621114731 Detik 
------------------------- 
Tanggal: 01-02-2022 06:20:01 
Duration Download Forstok 17.058012008667 Detik
Duration Looping 700 Data 166.56329488754 Detik 
Total Duration 166.56338095665 Detik 
------------------------- 
Tanggal: 01-02-2022 06:25:01 
Duration Download Forstok 14.286773920059 Detik
Duration Looping 700 Data 160.9236228466 Detik 
Total Duration 160.9237408638 Detik 
------------------------- 
Tanggal: 01-02-2022 06:30:01 
Duration Download Forstok 16.021640062332 Detik
Duration Looping 700 Data 162.81746101379 Detik 
Total Duration 162.81757092476 Detik 
------------------------- 
Tanggal: 01-02-2022 06:35:01 
Duration Download Forstok 22.255692958832 Detik
Duration Looping 700 Data 164.27020406723 Detik 
Total Duration 164.27031207085 Detik 
------------------------- 
Tanggal: 01-02-2022 06:40:01 
Duration Download Forstok 14.600643157959 Detik
Duration Looping 700 Data 163.95433807373 Detik 
Total Duration 163.95444107056 Detik 
------------------------- 
Tanggal: 01-02-2022 06:45:01 
Duration Download Forstok 22.088289022446 Detik
Duration Looping 700 Data 174.28221511841 Detik 
Total Duration 174.28233194351 Detik 
------------------------- 
Tanggal: 01-02-2022 06:50:01 
Duration Download Forstok 16.232570171356 Detik
Duration Looping 700 Data 179.40016198158 Detik 
Total Duration 179.4002430439 Detik 
------------------------- 
Tanggal: 01-02-2022 06:55:01 
Duration Download Forstok 13.01241517067 Detik
Duration Looping 700 Data 166.33229899406 Detik 
Total Duration 166.33240699768 Detik 
------------------------- 
Tanggal: 01-02-2022 07:00:02 
Duration Download Forstok 15.993530988693 Detik
Duration Looping 700 Data 160.88108110428 Detik 
Total Duration 160.88118600845 Detik 
------------------------- 
Tanggal: 01-02-2022 07:05:02 
Duration Download Forstok 22.246094942093 Detik
Duration Looping 700 Data 171.86280202866 Detik 
Total Duration 171.86290788651 Detik 
------------------------- 
Tanggal: 01-02-2022 07:10:01 
Duration Download Forstok 14.596030950546 Detik
Duration Looping 700 Data 167.76565408707 Detik 
Total Duration 167.76581096649 Detik 
------------------------- 
Tanggal: 01-02-2022 07:15:01 
Duration Download Forstok 16.070116043091 Detik
Duration Looping 700 Data 163.02769804001 Detik 
Total Duration 163.02780485153 Detik 
------------------------- 
Tanggal: 01-02-2022 07:20:01 
Duration Download Forstok 15.773307085037 Detik
Duration Looping 700 Data 161.71083211899 Detik 
Total Duration 161.71094894409 Detik 
------------------------- 
Tanggal: 01-02-2022 07:25:01 
Duration Download Forstok 13.494472980499 Detik
Duration Looping 700 Data 157.05591988564 Detik 
Total Duration 157.05602407455 Detik 
------------------------- 
Tanggal: 01-02-2022 07:30:01 
Duration Download Forstok 14.714428901672 Detik
Duration Looping 700 Data 162.09892487526 Detik 
Total Duration 162.09902906418 Detik 
------------------------- 
Tanggal: 01-02-2022 07:35:01 
Duration Download Forstok 19.132052898407 Detik
Duration Looping 700 Data 167.2157740593 Detik 
Total Duration 167.21588206291 Detik 
------------------------- 
Tanggal: 01-02-2022 07:40:01 
Duration Download Forstok 17.343378067017 Detik
Duration Looping 700 Data 175.05726099014 Detik 
Total Duration 175.05737185478 Detik 
------------------------- 
Tanggal: 01-02-2022 07:45:01 
Duration Download Forstok 18.652356863022 Detik
Duration Looping 700 Data 162.4925699234 Detik 
Total Duration 162.49267888069 Detik 
------------------------- 
Tanggal: 01-02-2022 07:50:01 
Duration Download Forstok 18.642860889435 Detik
Duration Looping 700 Data 160.63358402252 Detik 
Total Duration 160.63369297981 Detik 
------------------------- 
Tanggal: 01-02-2022 07:55:01 
Duration Download Forstok 14.884616851807 Detik
Duration Looping 700 Data 158.87190389633 Detik 
Total Duration 158.87202095985 Detik 
------------------------- 
Tanggal: 01-02-2022 08:00:01 
Duration Download Forstok 16.07292509079 Detik
Duration Looping 700 Data 166.95156002045 Detik 
Total Duration 166.9516711235 Detik 
------------------------- 
Tanggal: 01-02-2022 08:05:01 
Duration Download Forstok 21.86478805542 Detik
Duration Looping 700 Data 175.60525298119 Detik 
Total Duration 175.60535907745 Detik 
------------------------- 
Tanggal: 01-02-2022 08:10:01 
Duration Download Forstok 15.040573120117 Detik
Duration Looping 700 Data 163.04142403603 Detik 
Total Duration 163.04154706001 Detik 
------------------------- 
Tanggal: 01-02-2022 08:15:01 
Duration Download Forstok 20.711035013199 Detik
Duration Looping 700 Data 169.37315392494 Detik 
Total Duration 169.37326288223 Detik 
------------------------- 
Tanggal: 01-02-2022 08:20:01 
Duration Download Forstok 17.96560883522 Detik
Duration Looping 700 Data 165.20101594925 Detik 
Total Duration 165.20112299919 Detik 
------------------------- 
Tanggal: 01-02-2022 08:25:01 
Duration Download Forstok 16.169659137726 Detik
Duration Looping 700 Data 171.64282011986 Detik 
Total Duration 171.64292216301 Detik 
------------------------- 
Tanggal: 01-02-2022 08:30:01 
Duration Download Forstok 14.093458175659 Detik
Duration Looping 700 Data 168.86926007271 Detik 
Total Duration 168.86938500404 Detik 
------------------------- 
Tanggal: 01-02-2022 08:35:01 
Duration Download Forstok 21.355545043945 Detik
Duration Looping 700 Data 164.49202489853 Detik 
Total Duration 164.49212884903 Detik 
------------------------- 
Tanggal: 01-02-2022 08:40:01 
Duration Download Forstok 16.284286022186 Detik
Duration Looping 700 Data 162.67823600769 Detik 
Total Duration 162.67834711075 Detik 
------------------------- 
Tanggal: 01-02-2022 08:45:01 
Duration Download Forstok 19.79275894165 Detik
Duration Looping 700 Data 172.51321196556 Detik 
Total Duration 172.51332211494 Detik 
------------------------- 
Tanggal: 01-02-2022 08:50:02 
Duration Download Forstok 12.761779069901 Detik
Duration Looping 700 Data 161.84542918205 Detik 
Total Duration 161.84554505348 Detik 
------------------------- 
Tanggal: 01-02-2022 08:55:01 
Duration Download Forstok 13.21772480011 Detik
Duration Looping 700 Data 157.55852484703 Detik 
Total Duration 157.55863189697 Detik 
------------------------- 
Tanggal: 01-02-2022 09:00:01 
Duration Download Forstok 15.795315027237 Detik
Duration Looping 700 Data 161.96886587143 Detik 
Total Duration 161.96896505356 Detik 
------------------------- 
Tanggal: 01-02-2022 09:05:01 
Duration Download Forstok 26.22453212738 Detik
Duration Looping 700 Data 174.79545998573 Detik 
Total Duration 174.79557514191 Detik 
------------------------- 
Tanggal: 01-02-2022 09:10:01 
Duration Download Forstok 16.090486049652 Detik
Duration Looping 700 Data 161.82827019691 Detik 
Total Duration 161.82838010788 Detik 
------------------------- 
Tanggal: 01-02-2022 09:15:01 
Duration Download Forstok 15.875462055206 Detik
Duration Looping 700 Data 168.97886610031 Detik 
Total Duration 168.97896814346 Detik 
------------------------- 
Tanggal: 01-02-2022 09:20:01 
Duration Download Forstok 14.92901301384 Detik
Duration Looping 700 Data 163.78658914566 Detik 
Total Duration 163.78670716286 Detik 
------------------------- 
Tanggal: 01-02-2022 09:25:01 
Duration Download Forstok 14.472354888916 Detik
Duration Looping 700 Data 157.13042402267 Detik 
Total Duration 157.1305308342 Detik 
------------------------- 
Tanggal: 01-02-2022 09:30:01 
Duration Download Forstok 14.147531986237 Detik
Duration Looping 700 Data 169.05290603638 Detik 
Total Duration 169.05301213264 Detik 
------------------------- 
Tanggal: 01-02-2022 09:35:01 
Duration Download Forstok 22.386816978455 Detik
Duration Looping 700 Data 166.49287700653 Detik 
Total Duration 166.49299097061 Detik 
------------------------- 
Tanggal: 01-02-2022 09:40:01 
Duration Download Forstok 15.106066942215 Detik
Duration Looping 700 Data 159.21759581566 Detik 
Total Duration 159.21770191193 Detik 
------------------------- 
Tanggal: 01-02-2022 09:45:01 
Duration Download Forstok 16.874706983566 Detik
Duration Looping 700 Data 163.32847189903 Detik 
Total Duration 163.3285779953 Detik 
------------------------- 
Tanggal: 01-02-2022 09:50:01 
Duration Download Forstok 15.699026107788 Detik
Duration Looping 700 Data 169.16924905777 Detik 
Total Duration 169.1693611145 Detik 
------------------------- 
Tanggal: 01-02-2022 09:55:01 
Duration Download Forstok 16.608187913895 Detik
Duration Looping 700 Data 168.34088301659 Detik 
Total Duration 168.34099698067 Detik 
------------------------- 
Tanggal: 01-02-2022 10:00:01 
Duration Download Forstok 14.62196803093 Detik
Duration Looping 700 Data 163.01386809349 Detik 
Total Duration 163.01397395134 Detik 
------------------------- 
Tanggal: 01-02-2022 10:05:01 
Duration Download Forstok 22.497317075729 Detik
Duration Looping 700 Data 172.45737099648 Detik 
Total Duration 172.45747995377 Detik 
------------------------- 
Tanggal: 01-02-2022 10:10:01 
Duration Download Forstok 14.477880954742 Detik
Duration Looping 700 Data 166.0358479023 Detik 
Total Duration 166.03594994545 Detik 
------------------------- 
Tanggal: 01-02-2022 10:15:01 
Duration Download Forstok 13.412647008896 Detik
Duration Looping 700 Data 162.44590187073 Detik 
Total Duration 162.44600987434 Detik 
------------------------- 
Tanggal: 01-02-2022 10:20:01 
Duration Download Forstok 14.049344778061 Detik
Duration Looping 700 Data 163.08902978897 Detik 
Total Duration 163.08913993835 Detik 
------------------------- 
Tanggal: 01-02-2022 10:25:01 
Duration Download Forstok 11.222724914551 Detik
Duration Looping 700 Data 168.16381883621 Detik 
Total Duration 168.16392397881 Detik 
------------------------- 
Tanggal: 01-02-2022 10:30:01 
Duration Download Forstok 14.089282989502 Detik
Duration Looping 700 Data 165.00072002411 Detik 
Total Duration 165.00083804131 Detik 
------------------------- 
Tanggal: 01-02-2022 10:35:01 
Duration Download Forstok 24.391566038132 Detik
Duration Looping 700 Data 181.22190904617 Detik 
Total Duration 181.22202801704 Detik 
------------------------- 
Tanggal: 01-02-2022 10:40:01 
Duration Download Forstok 14.70099401474 Detik
Duration Looping 700 Data 166.24621295929 Detik 
Total Duration 166.24633598328 Detik 
------------------------- 
Tanggal: 01-02-2022 10:45:02 
Duration Download Forstok 15.679019927979 Detik
Duration Looping 700 Data 160.6528301239 Detik 
Total Duration 160.65293192863 Detik 
------------------------- 
Tanggal: 01-02-2022 10:50:01 
Duration Download Forstok 13.321269989014 Detik
Duration Looping 700 Data 159.89029312134 Detik 
Total Duration 159.89039897919 Detik 
------------------------- 
Tanggal: 01-02-2022 10:55:02 
Duration Download Forstok 11.733894109726 Detik
Duration Looping 700 Data 159.77125310898 Detik 
Total Duration 159.77136397362 Detik 
------------------------- 
Tanggal: 01-02-2022 11:00:01 
Duration Download Forstok 13.560903072357 Detik
Duration Looping 700 Data 162.16946291924 Detik 
Total Duration 162.16956591606 Detik 
------------------------- 
Tanggal: 01-02-2022 11:05:01 
Duration Download Forstok 15.371325969696 Detik
Duration Looping 700 Data 170.24661183357 Detik 
Total Duration 170.24672794342 Detik 
------------------------- 
Tanggal: 01-02-2022 11:10:01 
Duration Download Forstok 14.522723913193 Detik
Duration Looping 700 Data 175.99016094208 Detik 
Total Duration 175.99026894569 Detik 
------------------------- 
Tanggal: 01-02-2022 11:15:01 
Duration Download Forstok 16.779508113861 Detik
Duration Looping 700 Data 174.06644105911 Detik 
Total Duration 174.06655216217 Detik 
------------------------- 
Tanggal: 01-02-2022 11:20:01 
Duration Download Forstok 11.867491960526 Detik
Duration Looping 700 Data 159.33003401756 Detik 
Total Duration 159.3301448822 Detik 
------------------------- 
Tanggal: 01-02-2022 11:25:01 
Duration Download Forstok 11.070045948029 Detik
Duration Looping 700 Data 164.25272417068 Detik 
Total Duration 164.25283813477 Detik 
------------------------- 
Tanggal: 01-02-2022 11:30:01 
Duration Download Forstok 14.376094102859 Detik
Duration Looping 700 Data 165.22560501099 Detik 
Total Duration 165.22570800781 Detik 
------------------------- 
Tanggal: 01-02-2022 11:35:01 
Duration Download Forstok 16.320574045181 Detik
Duration Looping 700 Data 167.42673492432 Detik 
Total Duration 167.42685198784 Detik 
------------------------- 
Tanggal: 01-02-2022 11:40:01 
Duration Download Forstok 12.013211011887 Detik
Duration Looping 700 Data 158.49310612679 Detik 
Total Duration 158.49322509766 Detik 
------------------------- 
Tanggal: 01-02-2022 11:45:01 
Duration Download Forstok 15.184076070786 Detik
Duration Looping 700 Data 175.14190411568 Detik 
Total Duration 175.14201593399 Detik 
------------------------- 
Tanggal: 01-02-2022 11:50:01 
Duration Download Forstok 12.431479930878 Detik
Duration Looping 700 Data 159.09382104874 Detik 
Total Duration 159.09390091896 Detik 
------------------------- 
Tanggal: 01-02-2022 11:55:01 
Duration Download Forstok 10.731428861618 Detik
Duration Looping 700 Data 162.83241081238 Detik 
Total Duration 162.83251786232 Detik 
------------------------- 
Tanggal: 01-02-2022 12:00:01 
Duration Download Forstok 13.358021974564 Detik
Duration Looping 700 Data 162.54770493507 Detik 
Total Duration 162.54781293869 Detik 
------------------------- 
Tanggal: 01-02-2022 12:05:01 
Duration Download Forstok 15.709160089493 Detik
Duration Looping 700 Data 169.64950799942 Detik 
Total Duration 169.64962911606 Detik 
------------------------- 
Tanggal: 01-02-2022 12:10:01 
Duration Download Forstok 13.507673025131 Detik
Duration Looping 700 Data 162.35282492638 Detik 
Total Duration 162.35293793678 Detik 
------------------------- 
Tanggal: 01-02-2022 12:15:01 
Duration Download Forstok 15.249897956848 Detik
Duration Looping 700 Data 163.60119485855 Detik 
Total Duration 163.60130381584 Detik 
------------------------- 
Tanggal: 01-02-2022 12:20:01 
Duration Download Forstok 13.155755996704 Detik
Duration Looping 700 Data 159.19379997253 Detik 
Total Duration 159.1939098835 Detik 
------------------------- 
Tanggal: 01-02-2022 12:25:01 
Duration Download Forstok 12.873836994171 Detik
Duration Looping 700 Data 165.6844060421 Detik 
Total Duration 165.6845240593 Detik 
------------------------- 
Tanggal: 01-02-2022 12:30:01 
Duration Download Forstok 13.925119161606 Detik
Duration Looping 700 Data 164.50378918648 Detik 
Total Duration 164.50390315056 Detik 
------------------------- 
Tanggal: 01-02-2022 12:35:01 
Duration Download Forstok 23.992311000824 Detik
Duration Looping 700 Data 168.59582400322 Detik 
Total Duration 168.59593701363 Detik 
------------------------- 
Tanggal: 01-02-2022 12:40:01 
Duration Download Forstok 14.684556007385 Detik
Duration Looping 700 Data 158.19741797447 Detik 
Total Duration 158.19752502441 Detik 
------------------------- 
Tanggal: 01-02-2022 12:45:01 
Duration Download Forstok 15.96031999588 Detik
Duration Looping 700 Data 171.0242729187 Detik 
Total Duration 171.02438402176 Detik 
------------------------- 
Tanggal: 01-02-2022 12:50:01 
Duration Download Forstok 11.429326057434 Detik
Duration Looping 700 Data 164.29496002197 Detik 
Total Duration 164.29506802559 Detik 
------------------------- 
Tanggal: 01-02-2022 12:55:01 
Duration Download Forstok 13.987325906754 Detik
Duration Looping 700 Data 158.18389797211 Detik 
Total Duration 158.18400812149 Detik 
------------------------- 
Tanggal: 01-02-2022 13:00:01 
Duration Download Forstok 15.133844137192 Detik
Duration Looping 700 Data 173.15447211266 Detik 
Total Duration 173.15461015701 Detik 
------------------------- 
Tanggal: 01-02-2022 13:05:01 
Duration Download Forstok 18.160929918289 Detik
Duration Looping 700 Data 172.11794304848 Detik 
Total Duration 172.11805701256 Detik 
------------------------- 
Tanggal: 01-02-2022 13:10:01 
Duration Download Forstok 12.48782992363 Detik
Duration Looping 700 Data 167.15412712097 Detik 
Total Duration 167.15423607826 Detik 
------------------------- 
Tanggal: 01-02-2022 13:15:01 
Duration Download Forstok 14.902503967285 Detik
Duration Looping 700 Data 174.03317785263 Detik 
Total Duration 174.03329491615 Detik 
------------------------- 
Tanggal: 01-02-2022 13:20:01 
Duration Download Forstok 13.117083072662 Detik
Duration Looping 700 Data 165.33379101753 Detik 
Total Duration 165.33388710022 Detik 
------------------------- 
Tanggal: 01-02-2022 13:25:01 
Duration Download Forstok 15.073641061783 Detik
Duration Looping 700 Data 166.62256407738 Detik 
Total Duration 166.62267994881 Detik 
------------------------- 
Tanggal: 01-02-2022 13:30:01 
Duration Download Forstok 12.841980934143 Detik
Duration Looping 700 Data 159.3691599369 Detik 
Total Duration 159.36928296089 Detik 
------------------------- 
Tanggal: 01-02-2022 13:35:01 
Duration Download Forstok 20.791260957718 Detik
Duration Looping 700 Data 172.47722101212 Detik 
Total Duration 172.47732591629 Detik 
------------------------- 
Tanggal: 01-02-2022 13:40:01 
Duration Download Forstok 14.599298000336 Detik
Duration Looping 700 Data 160.34647679329 Detik 
Total Duration 160.34663295746 Detik 
------------------------- 
Tanggal: 01-02-2022 13:45:01 
Duration Download Forstok 16.387056112289 Detik
Duration Looping 700 Data 174.6251411438 Detik 
Total Duration 174.62525296211 Detik 
------------------------- 
Tanggal: 01-02-2022 13:50:01 
Duration Download Forstok 14.482959985733 Detik
Duration Looping 700 Data 163.64564704895 Detik 
Total Duration 163.64576411247 Detik 
------------------------- 
Tanggal: 01-02-2022 13:55:01 
Duration Download Forstok 10.977998971939 Detik
Duration Looping 700 Data 167.69029688835 Detik 
Total Duration 167.69040703773 Detik 
------------------------- 
Tanggal: 01-02-2022 14:00:01 
Duration Download Forstok 12.647958040237 Detik
Duration Looping 700 Data 157.8481938839 Detik 
Total Duration 157.84831094742 Detik 
------------------------- 
Tanggal: 01-02-2022 14:05:01 
Duration Download Forstok 20.474213123322 Detik
Duration Looping 700 Data 166.18029999733 Detik 
Total Duration 166.18041110039 Detik 
------------------------- 
Tanggal: 01-02-2022 14:10:01 
Duration Download Forstok 17.900989055634 Detik
Duration Looping 700 Data 169.013463974 Detik 
Total Duration 169.01357603073 Detik 
------------------------- 
Tanggal: 01-02-2022 14:15:01 
Duration Download Forstok 21.146088838577 Detik
Duration Looping 700 Data 173.88024902344 Detik 
Total Duration 173.88036799431 Detik 
------------------------- 
Tanggal: 01-02-2022 14:20:01 
Duration Download Forstok 11.813308954239 Detik
Duration Looping 700 Data 160.49266695976 Detik 
Total Duration 160.49276900291 Detik 
------------------------- 
Tanggal: 01-02-2022 14:25:01 
Duration Download Forstok 12.773609876633 Detik
Duration Looping 700 Data 156.05724692345 Detik 
Total Duration 156.05737280846 Detik 
------------------------- 
Tanggal: 01-02-2022 14:30:01 
Duration Download Forstok 14.396950006485 Detik
Duration Looping 700 Data 165.83867287636 Detik 
Total Duration 165.83878087997 Detik 
------------------------- 
Tanggal: 01-02-2022 14:35:01 
Duration Download Forstok 20.524786233902 Detik
Duration Looping 700 Data 173.66629123688 Detik 
Total Duration 173.66641020775 Detik 
------------------------- 
Tanggal: 01-02-2022 14:40:01 
Duration Download Forstok 12.781839847565 Detik
Duration Looping 700 Data 163.4833278656 Detik 
Total Duration 163.48344492912 Detik 
------------------------- 
Tanggal: 01-02-2022 14:45:01 
Duration Download Forstok 17.56530213356 Detik
Duration Looping 700 Data 165.31515693665 Detik 
Total Duration 165.31526613235 Detik 
------------------------- 
Tanggal: 01-02-2022 14:50:01 
Duration Download Forstok 11.746887207031 Detik
Duration Looping 700 Data 171.96660900116 Detik 
Total Duration 171.96671915054 Detik 
------------------------- 
Tanggal: 01-02-2022 14:55:01 
Duration Download Forstok 12.676069974899 Detik
Duration Looping 700 Data 158.85553693771 Detik 
Total Duration 158.8556470871 Detik 
------------------------- 
Tanggal: 01-02-2022 15:00:01 
Duration Download Forstok 13.409452199936 Detik
Duration Looping 700 Data 166.32469916344 Detik 
Total Duration 166.32480406761 Detik 
------------------------- 
Tanggal: 01-02-2022 15:05:01 
Duration Download Forstok 20.412498950958 Detik
Duration Looping 700 Data 165.76077604294 Detik 
Total Duration 165.76088809967 Detik 
------------------------- 
Tanggal: 01-02-2022 15:10:01 
Duration Download Forstok 13.378570079803 Detik
Duration Looping 700 Data 162.25461101532 Detik 
Total Duration 162.25472092628 Detik 
------------------------- 
Tanggal: 01-02-2022 15:15:01 
Duration Download Forstok 14.22140789032 Detik
Duration Looping 700 Data 163.26715397835 Detik 
Total Duration 163.26726102829 Detik 
------------------------- 
Tanggal: 01-02-2022 15:20:01 
Duration Download Forstok 14.944968938828 Detik
Duration Looping 700 Data 165.48481893539 Detik 
Total Duration 165.48492693901 Detik 
------------------------- 
Tanggal: 01-02-2022 15:25:01 
Duration Download Forstok 13.008937120438 Detik
Duration Looping 700 Data 161.89928007126 Detik 
Total Duration 161.89939713478 Detik 
------------------------- 
Tanggal: 01-02-2022 15:30:01 
Duration Download Forstok 14.407152891159 Detik
Duration Looping 700 Data 167.1614689827 Detik 
Total Duration 167.16160392761 Detik 
------------------------- 
Tanggal: 01-02-2022 15:35:01 
Duration Download Forstok 14.244976043701 Detik
Duration Looping 700 Data 160.51668405533 Detik 
Total Duration 160.51679086685 Detik 
------------------------- 
Tanggal: 01-02-2022 15:40:01 
Duration Download Forstok 13.692356109619 Detik
Duration Looping 700 Data 160.10762405396 Detik 
Total Duration 160.10774207115 Detik 
------------------------- 
Tanggal: 01-02-2022 15:45:01 
Duration Download Forstok 18.300849914551 Detik
Duration Looping 700 Data 164.81925702095 Detik 
Total Duration 164.81936693192 Detik 
------------------------- 
Tanggal: 01-02-2022 15:50:01 
Duration Download Forstok 11.798268795013 Detik
Duration Looping 700 Data 158.54776978493 Detik 
Total Duration 158.54788279533 Detik 
------------------------- 
Tanggal: 01-02-2022 15:55:01 
Duration Download Forstok 13.430993080139 Detik
Duration Looping 700 Data 161.18090200424 Detik 
Total Duration 161.18102288246 Detik 
------------------------- 
Tanggal: 01-02-2022 16:00:01 
Duration Download Forstok 13.991362094879 Detik
Duration Looping 700 Data 169.42040896416 Detik 
Total Duration 169.42054009438 Detik 
------------------------- 
Tanggal: 01-02-2022 16:05:01 
Duration Download Forstok 19.324156999588 Detik
Duration Looping 700 Data 168.61377215385 Detik 
Total Duration 168.61388015747 Detik 
------------------------- 
Tanggal: 01-02-2022 16:10:01 
Duration Download Forstok 14.850540876389 Detik
Duration Looping 700 Data 163.07677602768 Detik 
Total Duration 163.07688999176 Detik 
------------------------- 
Tanggal: 01-02-2022 16:15:01 
Duration Download Forstok 16.529556035995 Detik
Duration Looping 700 Data 170.15098595619 Detik 
Total Duration 170.15110898018 Detik 
------------------------- 
Tanggal: 01-02-2022 16:20:01 
Duration Download Forstok 14.138644933701 Detik
Duration Looping 700 Data 166.49421310425 Detik 
Total Duration 166.4943048954 Detik 
------------------------- 
Tanggal: 01-02-2022 16:25:01 
Duration Download Forstok 14.482025146484 Detik
Duration Looping 700 Data 176.27399706841 Detik 
Total Duration 176.27411198616 Detik 
------------------------- 
Tanggal: 01-02-2022 16:30:01 
Duration Download Forstok 15.827183961868 Detik
Duration Looping 700 Data 163.36615085602 Detik 
Total Duration 163.3662610054 Detik 
------------------------- 
Tanggal: 01-02-2022 16:35:01 
Duration Download Forstok 21.881510019302 Detik
Duration Looping 700 Data 175.56992697716 Detik 
Total Duration 175.57004189491 Detik 
------------------------- 
Tanggal: 01-02-2022 16:40:01 
Duration Download Forstok 15.127249002457 Detik
Duration Looping 700 Data 183.05229115486 Detik 
Total Duration 183.05240011215 Detik 
------------------------- 
Tanggal: 01-02-2022 16:45:01 
Duration Download Forstok 14.481765985489 Detik
Duration Looping 700 Data 179.79857707024 Detik 
Total Duration 179.79869103432 Detik 
------------------------- 
Tanggal: 01-02-2022 16:50:01 
Duration Download Forstok 11.572231054306 Detik
Duration Looping 700 Data 164.62197494507 Detik 
Total Duration 164.62207698822 Detik 
------------------------- 
Tanggal: 01-02-2022 16:55:01 
Duration Download Forstok 11.040099143982 Detik
Duration Looping 700 Data 158.02269911766 Detik 
Total Duration 158.02280902863 Detik 
------------------------- 
Tanggal: 01-02-2022 17:00:02 
Duration Download Forstok 14.518010139465 Detik
Duration Looping 700 Data 169.13779115677 Detik 
Total Duration 169.13790202141 Detik 
------------------------- 
Tanggal: 01-02-2022 17:05:01 
Duration Download Forstok 24.308463096619 Detik
Duration Looping 700 Data 174.08386707306 Detik 
Total Duration 174.08397507668 Detik 
------------------------- 
Tanggal: 01-02-2022 17:10:01 
Duration Download Forstok 11.94188284874 Detik
Duration Looping 700 Data 167.04482102394 Detik 
Total Duration 167.04493689537 Detik 
------------------------- 
Tanggal: 01-02-2022 17:15:01 
Duration Download Forstok 18.635365009308 Detik
Duration Looping 700 Data 168.58432006836 Detik 
Total Duration 168.58442807198 Detik 
------------------------- 
Tanggal: 01-02-2022 17:20:01 
Duration Download Forstok 11.741626024246 Detik
Duration Looping 700 Data 163.17271089554 Detik 
Total Duration 163.17281889915 Detik 
------------------------- 
Tanggal: 01-02-2022 17:25:01 
Duration Download Forstok 11.406493186951 Detik
Duration Looping 700 Data 178.68189001083 Detik 
Total Duration 178.6820499897 Detik 
------------------------- 
Tanggal: 01-02-2022 17:30:01 
Duration Download Forstok 11.860666036606 Detik
Duration Looping 700 Data 161.61928510666 Detik 
Total Duration 161.61939907074 Detik 
------------------------- 
Tanggal: 01-02-2022 17:35:01 
Duration Download Forstok 21.487405061722 Detik
Duration Looping 700 Data 171.00530695915 Detik 
Total Duration 171.00542211533 Detik 
------------------------- 
Tanggal: 01-02-2022 17:40:01 
Duration Download Forstok 11.623487949371 Detik
Duration Looping 700 Data 188.52394890785 Detik 
Total Duration 188.52406406403 Detik 
------------------------- 
Tanggal: 01-02-2022 17:45:01 
Duration Download Forstok 20.006011009216 Detik
Duration Looping 700 Data 167.43792915344 Detik 
Total Duration 167.43804097176 Detik 
------------------------- 
Tanggal: 01-02-2022 17:50:01 
Duration Download Forstok 14.619072914124 Detik
Duration Looping 700 Data 158.95985412598 Detik 
Total Duration 158.95996999741 Detik 
------------------------- 
Tanggal: 01-02-2022 17:55:01 
Duration Download Forstok 12.91574215889 Detik
Duration Looping 700 Data 163.12583804131 Detik 
Total Duration 163.12598514557 Detik 
------------------------- 
Tanggal: 01-02-2022 18:00:01 
Duration Download Forstok 17.432693004608 Detik
Duration Looping 700 Data 161.64650416374 Detik 
Total Duration 161.64662909508 Detik 
------------------------- 
Tanggal: 01-02-2022 18:05:01 
Duration Download Forstok 15.693173885345 Detik
Duration Looping 700 Data 158.80108594894 Detik 
Total Duration 158.80119585991 Detik 
------------------------- 
Tanggal: 01-02-2022 18:10:01 
Duration Download Forstok 13.887361049652 Detik
Duration Looping 700 Data 160.79095816612 Detik 
Total Duration 160.79107022285 Detik 
------------------------- 
Tanggal: 01-02-2022 18:15:01 
Duration Download Forstok 14.45952796936 Detik
Duration Looping 700 Data 162.35269212723 Detik 
Total Duration 162.35281300545 Detik 
------------------------- 
Tanggal: 01-02-2022 18:20:01 
Duration Download Forstok 15.286300182343 Detik
Duration Looping 700 Data 162.72464299202 Detik 
Total Duration 162.7247531414 Detik 
------------------------- 
Tanggal: 01-02-2022 18:25:01 
Duration Download Forstok 11.90211391449 Detik
Duration Looping 700 Data 168.41798377037 Detik 
Total Duration 168.41812181473 Detik 
------------------------- 
Tanggal: 01-02-2022 18:30:01 
Duration Download Forstok 14.666473150253 Detik
Duration Looping 700 Data 170.64884519577 Detik 
Total Duration 170.64895319939 Detik 
------------------------- 
Tanggal: 01-02-2022 18:35:01 
Duration Download Forstok 22.173956155777 Detik
Duration Looping 700 Data 173.2817530632 Detik 
Total Duration 173.28186511993 Detik 
------------------------- 
Tanggal: 01-02-2022 18:40:01 
Duration Download Forstok 13.163316011429 Detik
Duration Looping 700 Data 160.79096412659 Detik 
Total Duration 160.79107499123 Detik 
------------------------- 
Tanggal: 01-02-2022 18:45:01 
Duration Download Forstok 17.765302181244 Detik
Duration Looping 700 Data 175.3664700985 Detik 
Total Duration 175.36658215523 Detik 
------------------------- 
Tanggal: 01-02-2022 18:50:01 
Duration Download Forstok 16.412091970444 Detik
Duration Looping 700 Data 163.6282980442 Detik 
Total Duration 163.62841010094 Detik 
------------------------- 
Tanggal: 01-02-2022 18:55:01 
Duration Download Forstok 13.292835950851 Detik
Duration Looping 700 Data 163.36488485336 Detik 
Total Duration 163.36499595642 Detik 
------------------------- 
Tanggal: 01-02-2022 19:00:01 
Duration Download Forstok 14.515811920166 Detik
Duration Looping 700 Data 163.91390991211 Detik 
Total Duration 163.91403007507 Detik 
------------------------- 
Tanggal: 01-02-2022 19:05:01 
Duration Download Forstok 18.348488807678 Detik
Duration Looping 700 Data 162.99956703186 Detik 
Total Duration 162.99968481064 Detik 
------------------------- 
Tanggal: 01-02-2022 19:10:01 
Duration Download Forstok 15.039799928665 Detik
Duration Looping 700 Data 177.91875195503 Detik 
Total Duration 177.91891312599 Detik 
------------------------- 
Tanggal: 01-02-2022 19:15:01 
Duration Download Forstok 16.022084236145 Detik
Duration Looping 700 Data 165.73206400871 Detik 
Total Duration 165.7321741581 Detik 
------------------------- 
Tanggal: 01-02-2022 19:20:01 
Duration Download Forstok 13.51567196846 Detik
Duration Looping 700 Data 167.90768098831 Detik 
Total Duration 167.90779185295 Detik 
------------------------- 
Tanggal: 01-02-2022 19:25:01 
Duration Download Forstok 15.107753992081 Detik
Duration Looping 700 Data 177.66607499123 Detik 
Total Duration 177.66618585587 Detik 
------------------------- 
Tanggal: 01-02-2022 19:30:01 
Duration Download Forstok 11.377501964569 Detik
Duration Looping 700 Data 165.17920207977 Detik 
Total Duration 165.17931699753 Detik 
------------------------- 
Tanggal: 01-02-2022 19:35:01 
Duration Download Forstok 20.065514087677 Detik
Duration Looping 700 Data 171.77116894722 Detik 
Total Duration 171.77128410339 Detik 
------------------------- 
Tanggal: 01-02-2022 19:40:01 
Duration Download Forstok 13.368988990784 Detik
Duration Looping 700 Data 167.79659700394 Detik 
Total Duration 167.79672718048 Detik 
------------------------- 
Tanggal: 01-02-2022 19:45:01 
Duration Download Forstok 12.708976984024 Detik
Duration Looping 700 Data 161.43242812157 Detik 
Total Duration 161.43253707886 Detik 
------------------------- 
Tanggal: 01-02-2022 19:50:01 
Duration Download Forstok 14.610846996307 Detik
Duration Looping 700 Data 163.80044198036 Detik 
Total Duration 163.80057787895 Detik 
------------------------- 
Tanggal: 01-02-2022 19:55:01 
Duration Download Forstok 13.585714101791 Detik
Duration Looping 700 Data 167.90728497505 Detik 
Total Duration 167.90740394592 Detik 
------------------------- 
Tanggal: 01-02-2022 20:00:01 
Duration Download Forstok 14.966136932373 Detik
Duration Looping 700 Data 164.03235602379 Detik 
Total Duration 164.03246998787 Detik 
------------------------- 
Tanggal: 01-02-2022 20:05:01 
Duration Download Forstok 18.976814031601 Detik
Duration Looping 700 Data 170.408659935 Detik 
Total Duration 170.40876793861 Detik 
------------------------- 
Tanggal: 01-02-2022 20:10:01 
Duration Download Forstok 15.575105905533 Detik
Duration Looping 700 Data 161.24120593071 Detik 
Total Duration 161.24131798744 Detik 
------------------------- 
Tanggal: 01-02-2022 20:15:01 
Duration Download Forstok 14.519832849503 Detik
Duration Looping 700 Data 162.47256183624 Detik 
Total Duration 162.47269392014 Detik 
------------------------- 
Tanggal: 01-02-2022 20:20:01 
Duration Download Forstok 11.682745933533 Detik
Duration Looping 700 Data 160.27150011063 Detik 
Total Duration 160.27160716057 Detik 
------------------------- 
Tanggal: 01-02-2022 20:25:01 
Duration Download Forstok 12.232441902161 Detik
Duration Looping 700 Data 161.55363798141 Detik 
Total Duration 161.55375099182 Detik 
------------------------- 
Tanggal: 01-02-2022 20:30:01 
Duration Download Forstok 20.974006891251 Detik
Duration Looping 700 Data 178.88060498238 Detik 
Total Duration 178.88071012497 Detik 
------------------------- 
Tanggal: 01-02-2022 20:35:01 
Duration Download Forstok 17.235542058945 Detik
Duration Looping 700 Data 163.58910703659 Detik 
Total Duration 163.58921504021 Detik 
------------------------- 
Tanggal: 01-02-2022 20:40:01 
Duration Download Forstok 11.429918050766 Detik
Duration Looping 700 Data 157.61631202698 Detik 
Total Duration 157.61642408371 Detik 
------------------------- 
Tanggal: 01-02-2022 20:45:01 
Duration Download Forstok 19.649615049362 Detik
Duration Looping 700 Data 166.9213578701 Detik 
Total Duration 166.92147898674 Detik 
------------------------- 
Tanggal: 01-02-2022 20:50:01 
Duration Download Forstok 13.385090827942 Detik
Duration Looping 700 Data 163.39223885536 Detik 
Total Duration 163.39235281944 Detik 
------------------------- 
Tanggal: 01-02-2022 20:55:01 
Duration Download Forstok 13.436574935913 Detik
Duration Looping 700 Data 157.64770388603 Detik 
Total Duration 157.64780783653 Detik 
------------------------- 
Tanggal: 01-02-2022 21:00:01 
Duration Download Forstok 13.412477970123 Detik
Duration Looping 700 Data 173.13972806931 Detik 
Total Duration 173.13984012604 Detik 
------------------------- 
Tanggal: 01-02-2022 21:05:01 
Duration Download Forstok 20.0446870327 Detik
Duration Looping 700 Data 170.64286494255 Detik 
Total Duration 170.64297580719 Detik 
------------------------- 
Tanggal: 01-02-2022 21:10:01 
Duration Download Forstok 13.100430011749 Detik
Duration Looping 700 Data 162.99430418015 Detik 
Total Duration 162.99442911148 Detik 
------------------------- 
Tanggal: 01-02-2022 21:15:01 
Duration Download Forstok 13.725434064865 Detik
Duration Looping 700 Data 163.77637004852 Detik 
Total Duration 163.77647590637 Detik 
------------------------- 
Tanggal: 01-02-2022 21:20:01 
Duration Download Forstok 13.984347105026 Detik
Duration Looping 700 Data 169.3951280117 Detik 
Total Duration 169.39523720741 Detik 
------------------------- 
Tanggal: 01-02-2022 21:25:01 
Duration Download Forstok 12.006105899811 Detik
Duration Looping 700 Data 164.70946097374 Detik 
Total Duration 164.70957994461 Detik 
------------------------- 
Tanggal: 01-02-2022 21:30:02 
Duration Download Forstok 13.474518060684 Detik
Duration Looping 700 Data 169.77719521523 Detik 
Total Duration 169.77730607986 Detik 
------------------------- 
Tanggal: 01-02-2022 21:35:01 
Duration Download Forstok 20.68369603157 Detik
Duration Looping 700 Data 175.07998919487 Detik 
Total Duration 175.08012509346 Detik 
------------------------- 
Tanggal: 01-02-2022 21:40:01 
Duration Download Forstok 14.163611888885 Detik
Duration Looping 700 Data 162.40187191963 Detik 
Total Duration 162.40200901031 Detik 
------------------------- 
Tanggal: 01-02-2022 21:45:01 
Duration Download Forstok 10.953357934952 Detik
Duration Looping 700 Data 155.82715797424 Detik 
Total Duration 155.82727003098 Detik 
------------------------- 
Tanggal: 01-02-2022 21:50:01 
Duration Download Forstok 12.5194439888 Detik
Duration Looping 700 Data 157.40615200996 Detik 
Total Duration 157.40627193451 Detik 
------------------------- 
Tanggal: 01-02-2022 21:55:01 
Duration Download Forstok 12.083283901215 Detik
Duration Looping 700 Data 159.41963291168 Detik 
Total Duration 159.41975593567 Detik 
------------------------- 
Tanggal: 01-02-2022 22:00:01 
Duration Download Forstok 12.362738132477 Detik
Duration Looping 700 Data 161.85717010498 Detik 
Total Duration 161.85727906227 Detik 
------------------------- 
Tanggal: 01-02-2022 22:05:01 
Duration Download Forstok 14.56374001503 Detik
Duration Looping 700 Data 157.63154101372 Detik 
Total Duration 157.63165020943 Detik 
------------------------- 
Tanggal: 01-02-2022 22:10:01 
Duration Download Forstok 15.887466907501 Detik
Duration Looping 700 Data 165.30682897568 Detik 
Total Duration 165.30693387985 Detik 
------------------------- 
Tanggal: 01-02-2022 22:15:01 
Duration Download Forstok 15.475750923157 Detik
Duration Looping 700 Data 168.10525679588 Detik 
Total Duration 168.10536885262 Detik 
------------------------- 
Tanggal: 01-02-2022 22:20:01 
Duration Download Forstok 14.0961830616 Detik
Duration Looping 700 Data 159.84240698814 Detik 
Total Duration 159.84251999855 Detik 
------------------------- 
Tanggal: 01-02-2022 22:25:01 
Duration Download Forstok 12.167627096176 Detik
Duration Looping 700 Data 156.84008717537 Detik 
Total Duration 156.84019804001 Detik 
------------------------- 
Tanggal: 01-02-2022 22:30:01 
Duration Download Forstok 12.228718042374 Detik
Duration Looping 700 Data 155.77163100243 Detik 
Total Duration 155.77173686028 Detik 
------------------------- 
Tanggal: 01-02-2022 22:35:01 
Duration Download Forstok 18.347230911255 Detik
Duration Looping 700 Data 164.5235619545 Detik 
Total Duration 164.52367186546 Detik 
------------------------- 
Tanggal: 01-02-2022 22:40:01 
Duration Download Forstok 12.941143035889 Detik
Duration Looping 700 Data 159.90544319153 Detik 
Total Duration 159.90555119514 Detik 
------------------------- 
Tanggal: 01-02-2022 22:45:01 
Duration Download Forstok 19.188141107559 Detik
Duration Looping 700 Data 166.50647902489 Detik 
Total Duration 166.50658917427 Detik 
------------------------- 
Tanggal: 01-02-2022 22:50:01 
Duration Download Forstok 16.392117977142 Detik
Duration Looping 700 Data 173.66237187386 Detik 
Total Duration 173.66248703003 Detik 
------------------------- 
Tanggal: 01-02-2022 22:55:01 
Duration Download Forstok 12.540204048157 Detik
Duration Looping 700 Data 164.66110396385 Detik 
Total Duration 164.66121387482 Detik 
------------------------- 
Tanggal: 01-02-2022 23:00:01 
Duration Download Forstok 19.598065853119 Detik
Duration Looping 700 Data 163.42107582092 Detik 
Total Duration 163.42118191719 Detik 
------------------------- 
Tanggal: 01-02-2022 23:05:01 
Duration Download Forstok 15.821048974991 Detik
Duration Looping 700 Data 161.04721784592 Detik 
Total Duration 161.04732489586 Detik 
------------------------- 
Tanggal: 01-02-2022 23:10:01 
Duration Download Forstok 13.012161016464 Detik
Duration Looping 700 Data 159.25549197197 Detik 
Total Duration 159.25559902191 Detik 
------------------------- 
Tanggal: 01-02-2022 23:15:01 
Duration Download Forstok 15.488744974136 Detik
Duration Looping 700 Data 158.95223379135 Detik 
Total Duration 158.9523499012 Detik 
------------------------- 
Tanggal: 01-02-2022 23:20:01 
Duration Download Forstok 13.645009994507 Detik
Duration Looping 700 Data 177.92315602303 Detik 
Total Duration 177.92326307297 Detik 
------------------------- 
Tanggal: 01-02-2022 23:25:01 
Duration Download Forstok 11.479339838028 Detik
Duration Looping 700 Data 158.88379096985 Detik 
Total Duration 158.88389992714 Detik 
------------------------- 
Tanggal: 01-02-2022 23:30:01 
Duration Download Forstok 16.339324951172 Detik
Duration Looping 700 Data 158.38956308365 Detik 
Total Duration 158.38968110085 Detik 
------------------------- 
Tanggal: 01-02-2022 23:35:01 
Duration Download Forstok 22.576620101929 Detik
Duration Looping 700 Data 168.44435119629 Detik 
Total Duration 168.44446921349 Detik 
------------------------- 
Tanggal: 01-02-2022 23:40:01 
Duration Download Forstok 15.059298992157 Detik
Duration Looping 700 Data 167.07313895226 Detik 
Total Duration 167.07324910164 Detik 
------------------------- 
Tanggal: 01-02-2022 23:45:01 
Duration Download Forstok 15.447593927383 Detik
Duration Looping 700 Data 167.39941692352 Detik 
Total Duration 167.39953279495 Detik 
------------------------- 
Tanggal: 01-02-2022 23:50:01 
Duration Download Forstok 11.901767015457 Detik
Duration Looping 700 Data 154.07372689247 Detik 
Total Duration 154.07385182381 Detik 
------------------------- 
Tanggal: 01-02-2022 23:55:01 
Duration Download Forstok 11.840204954147 Detik
Duration Looping 700 Data 152.71644496918 Detik 
Total Duration 152.71655488014 Detik 
------------------------- 
