Tanggal: 24-04-2022 00:00:01 
Duration Download Forstok 33.646754980087 Detik
Duration Looping 500 Data 633.711550951 Detik 
Total Duration 633.71517014503 Detik 
------------------------- 
Tanggal: 24-04-2022 00:15:01 
Duration Download Forstok 21.787336111069 Detik
Duration Looping 500 Data 154.03314805031 Detik 
Total Duration 154.0332660675 Detik 
------------------------- 
Tanggal: 24-04-2022 00:20:01 
Duration Download Forstok 39.58061003685 Detik
Duration Looping 500 Data 163.35367107391 Detik 
Total Duration 163.35381388664 Detik 
------------------------- 
Tanggal: 24-04-2022 00:25:01 
Duration Download Forstok 18.606491088867 Detik
Duration Looping 500 Data 136.52077198029 Detik 
Total Duration 136.52167892456 Detik 
------------------------- 
Tanggal: 24-04-2022 00:30:01 
Duration Download Forstok 21.71165394783 Detik
Duration Looping 500 Data 148.46044683456 Detik 
Total Duration 148.46056485176 Detik 
------------------------- 
Tanggal: 24-04-2022 00:35:01 
Duration Download Forstok 20.006775856018 Detik
Duration Looping 500 Data 152.98972296715 Detik 
Total Duration 152.98983502388 Detik 
------------------------- 
Tanggal: 24-04-2022 00:40:01 
Duration Download Forstok 27.416118860245 Detik
Duration Looping 500 Data 150.52959394455 Detik 
Total Duration 150.52971291542 Detik 
------------------------- 
Tanggal: 24-04-2022 00:45:01 
Duration Download Forstok 18.462841033936 Detik
Duration Looping 500 Data 147.07332992554 Detik 
Total Duration 147.07345986366 Detik 
------------------------- 
Tanggal: 24-04-2022 00:50:01 
Duration Download Forstok 25.150909900665 Detik
Duration Looping 500 Data 154.5758728981 Detik 
Total Duration 154.57598805428 Detik 
------------------------- 
Tanggal: 24-04-2022 00:55:01 
Duration Download Forstok 23.737281799316 Detik
Duration Looping 500 Data 144.35443997383 Detik 
Total Duration 144.35456681252 Detik 
------------------------- 
Tanggal: 24-04-2022 01:00:01 
Duration Download Forstok 17.447689056396 Detik
Duration Looping 500 Data 156.77006101608 Detik 
Total Duration 156.77017998695 Detik 
------------------------- 
Tanggal: 24-04-2022 01:05:01 
Duration Download Forstok 20.921344995499 Detik
Duration Looping 500 Data 140.92784285545 Detik 
Total Duration 140.92795586586 Detik 
------------------------- 
Tanggal: 24-04-2022 01:10:01 
Duration Download Forstok 43.48464012146 Detik
Duration Looping 500 Data 169.60915398598 Detik 
Total Duration 169.6092710495 Detik 
------------------------- 
Tanggal: 24-04-2022 01:15:01 
Duration Download Forstok 26.264043092728 Detik
Duration Looping 500 Data 158.7920320034 Detik 
Total Duration 158.79216814041 Detik 
------------------------- 
Tanggal: 24-04-2022 01:20:02 
Duration Download Forstok 29.494432926178 Detik
Duration Looping 500 Data 160.88453197479 Detik 
Total Duration 160.88464808464 Detik 
------------------------- 
Tanggal: 24-04-2022 01:25:01 
Duration Download Forstok 16.611283779144 Detik
Duration Looping 500 Data 156.18580698967 Detik 
Total Duration 156.18593382835 Detik 
------------------------- 
Tanggal: 24-04-2022 01:30:01 
Duration Download Forstok 20.739323139191 Detik
Duration Looping 500 Data 139.56058001518 Detik 
Total Duration 139.56069803238 Detik 
------------------------- 
Tanggal: 24-04-2022 01:35:01 
Duration Download Forstok 36.709672212601 Detik
Duration Looping 500 Data 160.33033514023 Detik 
Total Duration 160.33044910431 Detik 
------------------------- 
Tanggal: 24-04-2022 01:40:01 
Duration Download Forstok 26.881237030029 Detik
Duration Looping 500 Data 144.44131994247 Detik 
Total Duration 144.44144010544 Detik 
------------------------- 
Tanggal: 24-04-2022 01:45:01 
Duration Download Forstok 27.676038980484 Detik
Duration Looping 500 Data 153.16628909111 Detik 
Total Duration 153.16643309593 Detik 
------------------------- 
Tanggal: 24-04-2022 01:50:01 
Duration Download Forstok 14.966336965561 Detik
Duration Looping 500 Data 142.68526506424 Detik 
Total Duration 142.68537807465 Detik 
------------------------- 
Tanggal: 24-04-2022 01:55:01 
Duration Download Forstok 14.87996006012 Detik
Duration Looping 500 Data 133.54085302353 Detik 
Total Duration 133.54096794128 Detik 
------------------------- 
Tanggal: 24-04-2022 02:00:01 
Duration Download Forstok 21.50757598877 Detik
Duration Looping 500 Data 144.83287620544 Detik 
Total Duration 144.83299398422 Detik 
------------------------- 
Tanggal: 24-04-2022 02:05:01 
Duration Download Forstok 15.786509990692 Detik
Duration Looping 500 Data 140.52658104897 Detik 
Total Duration 140.52670407295 Detik 
------------------------- 
Tanggal: 24-04-2022 02:10:01 
Duration Download Forstok 54.426864862442 Detik
Duration Looping 500 Data 171.25501585007 Detik 
Total Duration 171.25514292717 Detik 
------------------------- 
Tanggal: 24-04-2022 02:15:01 
Duration Download Forstok 32.150012969971 Detik
Duration Looping 500 Data 150.77788305283 Detik 
Total Duration 150.7780020237 Detik 
------------------------- 
Tanggal: 24-04-2022 02:20:01 
Duration Download Forstok 46.340270042419 Detik
Duration Looping 500 Data 170.06499004364 Detik 
Total Duration 170.06513786316 Detik 
------------------------- 
Tanggal: 24-04-2022 02:25:01 
Duration Download Forstok 13.797981023788 Detik
Duration Looping 500 Data 135.51835489273 Detik 
Total Duration 135.51847195625 Detik 
------------------------- 
Tanggal: 24-04-2022 02:30:01 
Duration Download Forstok 32.484565973282 Detik
Duration Looping 500 Data 156.50810289383 Detik 
Total Duration 156.50823187828 Detik 
------------------------- 
Tanggal: 24-04-2022 02:35:01 
Duration Download Forstok 16.469172954559 Detik
Duration Looping 500 Data 136.06667590141 Detik 
Total Duration 136.06679081917 Detik 
------------------------- 
Tanggal: 24-04-2022 02:40:01 
Duration Download Forstok 23.043204069138 Detik
Duration Looping 500 Data 140.44868993759 Detik 
Total Duration 140.44880390167 Detik 
------------------------- 
Tanggal: 24-04-2022 02:45:01 
Duration Download Forstok 17.641847848892 Detik
Duration Looping 500 Data 138.19340991974 Detik 
Total Duration 138.19352698326 Detik 
------------------------- 
Tanggal: 24-04-2022 02:50:01 
Duration Download Forstok 23.768139123917 Detik
Duration Looping 500 Data 140.93063402176 Detik 
Total Duration 140.93075108528 Detik 
------------------------- 
Tanggal: 24-04-2022 02:55:02 
Duration Download Forstok 17.461976051331 Detik
Duration Looping 500 Data 150.65128517151 Detik 
Total Duration 150.65140414238 Detik 
------------------------- 
Tanggal: 24-04-2022 03:00:01 
Duration Download Forstok 29.71488404274 Detik
Duration Looping 500 Data 150.55550289154 Detik 
Total Duration 150.55561494827 Detik 
------------------------- 
Tanggal: 24-04-2022 03:05:01 
Duration Download Forstok 16.764597892761 Detik
Duration Looping 500 Data 145.33085107803 Detik 
Total Duration 145.33095288277 Detik 
------------------------- 
Tanggal: 24-04-2022 03:10:01 
Duration Download Forstok 50.301464080811 Detik
Duration Looping 500 Data 175.14519786835 Detik 
Total Duration 175.14531087875 Detik 
------------------------- 
Tanggal: 24-04-2022 03:15:01 
Duration Download Forstok 21.7638630867 Detik
Duration Looping 500 Data 139.91235804558 Detik 
Total Duration 139.91247296333 Detik 
------------------------- 
Tanggal: 24-04-2022 03:20:01 
Duration Download Forstok 21.160696983337 Detik
Duration Looping 500 Data 146.84062004089 Detik 
Total Duration 146.84075903893 Detik 
------------------------- 
Tanggal: 24-04-2022 03:25:01 
Duration Download Forstok 15.66524720192 Detik
Duration Looping 500 Data 143.02776408195 Detik 
Total Duration 143.02789211273 Detik 
------------------------- 
Tanggal: 24-04-2022 03:30:01 
Duration Download Forstok 10.294914960861 Detik
Duration Looping 500 Data 132.66876101494 Detik 
Total Duration 132.66887402534 Detik 
------------------------- 
Tanggal: 24-04-2022 03:35:01 
Duration Download Forstok 24.988970994949 Detik
Duration Looping 500 Data 149.18659806252 Detik 
Total Duration 149.18671011925 Detik 
------------------------- 
Tanggal: 24-04-2022 03:40:01 
Duration Download Forstok 21.810461044312 Detik
Duration Looping 500 Data 142.80332016945 Detik 
Total Duration 142.80347394943 Detik 
------------------------- 
Tanggal: 24-04-2022 03:45:01 
Duration Download Forstok 37.05219912529 Detik
Duration Looping 500 Data 155.92319917679 Detik 
Total Duration 155.92331314087 Detik 
------------------------- 
Tanggal: 24-04-2022 03:50:01 
Duration Download Forstok 12.646872997284 Detik
Duration Looping 500 Data 136.81680703163 Detik 
Total Duration 136.81692314148 Detik 
------------------------- 
Tanggal: 24-04-2022 03:55:01 
Duration Download Forstok 17.45644402504 Detik
Duration Looping 500 Data 139.30869007111 Detik 
Total Duration 139.30880403519 Detik 
------------------------- 
Tanggal: 24-04-2022 04:00:01 
Duration Download Forstok 25.421148061752 Detik
Duration Looping 500 Data 148.83637619019 Detik 
Total Duration 148.83649301529 Detik 
------------------------- 
Tanggal: 24-04-2022 04:05:01 
Duration Download Forstok 21.417949914932 Detik
Duration Looping 500 Data 150.00387597084 Detik 
Total Duration 150.00400280952 Detik 
------------------------- 
Tanggal: 24-04-2022 04:10:01 
Duration Download Forstok 28.589890003204 Detik
Duration Looping 500 Data 150.20602583885 Detik 
Total Duration 150.2061419487 Detik 
------------------------- 
Tanggal: 24-04-2022 04:15:01 
Duration Download Forstok 33.831449985504 Detik
Duration Looping 500 Data 177.05259180069 Detik 
Total Duration 177.05271100998 Detik 
------------------------- 
Tanggal: 24-04-2022 04:20:01 
Duration Download Forstok 34.18116402626 Detik
Duration Looping 500 Data 157.08765292168 Detik 
Total Duration 157.08776307106 Detik 
------------------------- 
Tanggal: 24-04-2022 04:25:01 
Duration Download Forstok 17.575510025024 Detik
Duration Looping 500 Data 141.0698029995 Detik 
Total Duration 141.06993603706 Detik 
------------------------- 
Tanggal: 24-04-2022 04:30:01 
Duration Download Forstok 22.760537147522 Detik
Duration Looping 500 Data 146.47410511971 Detik 
Total Duration 146.4742231369 Detik 
------------------------- 
Tanggal: 24-04-2022 04:35:01 
Duration Download Forstok 23.859623908997 Detik
Duration Looping 500 Data 148.63092398643 Detik 
Total Duration 148.63104081154 Detik 
------------------------- 
Tanggal: 24-04-2022 04:40:01 
Duration Download Forstok 21.772212028503 Detik
Duration Looping 500 Data 145.95984506607 Detik 
Total Duration 145.9599609375 Detik 
------------------------- 
Tanggal: 24-04-2022 04:45:01 
Duration Download Forstok 23.868375062943 Detik
Duration Looping 500 Data 152.69747304916 Detik 
Total Duration 152.69763493538 Detik 
------------------------- 
Tanggal: 24-04-2022 04:50:01 
Duration Download Forstok 21.634346961975 Detik
Duration Looping 500 Data 144.7818980217 Detik 
Total Duration 144.78201603889 Detik 
------------------------- 
Tanggal: 24-04-2022 04:55:01 
Duration Download Forstok 14.979882001877 Detik
Duration Looping 500 Data 134.07778286934 Detik 
Total Duration 134.07790088654 Detik 
------------------------- 
Tanggal: 24-04-2022 05:00:01 
Duration Download Forstok 16.133888959885 Detik
Duration Looping 500 Data 137.30929398537 Detik 
Total Duration 137.30940699577 Detik 
------------------------- 
Tanggal: 24-04-2022 05:05:01 
Duration Download Forstok 18.610668897629 Detik
Duration Looping 500 Data 139.34559392929 Detik 
Total Duration 139.34571099281 Detik 
------------------------- 
Tanggal: 24-04-2022 05:10:01 
Duration Download Forstok 40.872884988785 Detik
Duration Looping 500 Data 165.17490100861 Detik 
Total Duration 165.17502403259 Detik 
------------------------- 
Tanggal: 24-04-2022 05:15:01 
Duration Download Forstok 31.171041965485 Detik
Duration Looping 500 Data 156.02685594559 Detik 
Total Duration 156.02697300911 Detik 
------------------------- 
Tanggal: 24-04-2022 05:20:01 
Duration Download Forstok 35.220510959625 Detik
Duration Looping 500 Data 156.97591686249 Detik 
Total Duration 156.97603297234 Detik 
------------------------- 
Tanggal: 24-04-2022 05:25:01 
Duration Download Forstok 15.933794021606 Detik
Duration Looping 500 Data 136.447920084 Detik 
Total Duration 136.44803404808 Detik 
------------------------- 
Tanggal: 24-04-2022 05:30:01 
Duration Download Forstok 25.519568920135 Detik
Duration Looping 500 Data 147.84989500046 Detik 
Total Duration 147.85001397133 Detik 
------------------------- 
Tanggal: 24-04-2022 05:35:01 
Duration Download Forstok 16.627527952194 Detik
Duration Looping 500 Data 142.01924395561 Detik 
Total Duration 142.01936388016 Detik 
------------------------- 
Tanggal: 24-04-2022 05:40:01 
Duration Download Forstok 24.906769990921 Detik
Duration Looping 500 Data 148.78996300697 Detik 
Total Duration 148.79009103775 Detik 
------------------------- 
Tanggal: 24-04-2022 05:45:01 
Duration Download Forstok 28.541860103607 Detik
Duration Looping 500 Data 151.07420301437 Detik 
Total Duration 151.07433414459 Detik 
------------------------- 
Tanggal: 24-04-2022 05:50:01 
Duration Download Forstok 22.690709114075 Detik
Duration Looping 500 Data 162.54036211967 Detik 
Total Duration 162.54048204422 Detik 
------------------------- 
Tanggal: 24-04-2022 05:55:01 
Duration Download Forstok 35.006602048874 Detik
Duration Looping 500 Data 152.20063996315 Detik 
Total Duration 152.20075392723 Detik 
------------------------- 
Tanggal: 24-04-2022 06:00:01 
Duration Download Forstok 21.250823020935 Detik
Duration Looping 500 Data 143.02006316185 Detik 
Total Duration 143.02017903328 Detik 
------------------------- 
Tanggal: 24-04-2022 06:05:01 
Duration Download Forstok 46.619478940964 Detik
Duration Looping 500 Data 164.72461009026 Detik 
Total Duration 164.7247300148 Detik 
------------------------- 
Tanggal: 24-04-2022 06:10:01 
Duration Download Forstok 29.181550979614 Detik
Duration Looping 500 Data 149.57801103592 Detik 
Total Duration 149.57813096046 Detik 
------------------------- 
Tanggal: 24-04-2022 06:15:01 
Duration Download Forstok 28.904057979584 Detik
Duration Looping 500 Data 146.44019412994 Detik 
Total Duration 146.44031000137 Detik 
------------------------- 
Tanggal: 24-04-2022 06:20:01 
Duration Download Forstok 15.469949007034 Detik
Duration Looping 500 Data 136.60457897186 Detik 
Total Duration 136.60469698906 Detik 
------------------------- 
Tanggal: 24-04-2022 06:25:01 
Duration Download Forstok 13.067795991898 Detik
Duration Looping 500 Data 135.66434407234 Detik 
Total Duration 135.66446495056 Detik 
------------------------- 
Tanggal: 24-04-2022 06:30:01 
Duration Download Forstok 20.774671077728 Detik
Duration Looping 500 Data 149.73236203194 Detik 
Total Duration 149.73247599602 Detik 
------------------------- 
Tanggal: 24-04-2022 06:35:01 
Duration Download Forstok 28.664755105972 Detik
Duration Looping 500 Data 145.66617894173 Detik 
Total Duration 145.66629505157 Detik 
------------------------- 
Tanggal: 24-04-2022 06:40:01 
Duration Download Forstok 22.935616016388 Detik
Duration Looping 500 Data 140.83776402473 Detik 
Total Duration 140.83788394928 Detik 
------------------------- 
Tanggal: 24-04-2022 06:45:01 
Duration Download Forstok 18.078738212585 Detik
Duration Looping 500 Data 139.82212615013 Detik 
Total Duration 139.82224416733 Detik 
------------------------- 
Tanggal: 24-04-2022 06:50:01 
Duration Download Forstok 22.308830976486 Detik
Duration Looping 500 Data 143.90877199173 Detik 
Total Duration 143.90888500214 Detik 
------------------------- 
Tanggal: 24-04-2022 06:55:01 
Duration Download Forstok 14.072113037109 Detik
Duration Looping 500 Data 132.5040910244 Detik 
Total Duration 132.50421690941 Detik 
------------------------- 
Tanggal: 24-04-2022 07:00:01 
Duration Download Forstok 27.575155973434 Detik
Duration Looping 500 Data 150.92228913307 Detik 
Total Duration 150.92239999771 Detik 
------------------------- 
Tanggal: 24-04-2022 07:05:01 
Duration Download Forstok 16.52583193779 Detik
Duration Looping 500 Data 136.84935498238 Detik 
Total Duration 136.84951090813 Detik 
------------------------- 
Tanggal: 24-04-2022 07:10:01 
Duration Download Forstok 40.795193195343 Detik
Duration Looping 500 Data 157.07127404213 Detik 
Total Duration 157.07138299942 Detik 
------------------------- 
Tanggal: 24-04-2022 07:15:01 
Duration Download Forstok 34.776736974716 Detik
Duration Looping 500 Data 157.02486109734 Detik 
Total Duration 157.02497911453 Detik 
------------------------- 
Tanggal: 24-04-2022 07:20:01 
Duration Download Forstok 20.326057910919 Detik
Duration Looping 500 Data 141.24215888977 Detik 
Total Duration 141.24227190018 Detik 
------------------------- 
Tanggal: 24-04-2022 07:25:01 
Duration Download Forstok 11.509345054626 Detik
Duration Looping 500 Data 133.32131409645 Detik 
Total Duration 133.32144212723 Detik 
------------------------- 
Tanggal: 24-04-2022 07:30:02 
Duration Download Forstok 16.902395963669 Detik
Duration Looping 500 Data 148.4608039856 Detik 
Total Duration 148.46092677116 Detik 
------------------------- 
Tanggal: 24-04-2022 07:35:01 
Duration Download Forstok 34.528124809265 Detik
Duration Looping 500 Data 162.25641894341 Detik 
Total Duration 162.25653886795 Detik 
------------------------- 
Tanggal: 24-04-2022 07:40:01 
Duration Download Forstok 19.493233203888 Detik
Duration Looping 500 Data 141.57006502151 Detik 
Total Duration 141.57018518448 Detik 
------------------------- 
Tanggal: 24-04-2022 07:45:01 
Duration Download Forstok 28.597301959991 Detik
Duration Looping 500 Data 146.65138602257 Detik 
Total Duration 146.65150499344 Detik 
------------------------- 
Tanggal: 24-04-2022 07:50:01 
Duration Download Forstok 21.385381937027 Detik
Duration Looping 500 Data 152.31554579735 Detik 
Total Duration 152.3156619072 Detik 
------------------------- 
Tanggal: 24-04-2022 07:55:01 
Duration Download Forstok 23.433501005173 Detik
Duration Looping 500 Data 145.81880688667 Detik 
Total Duration 145.81895685196 Detik 
------------------------- 
Tanggal: 24-04-2022 08:00:01 
Duration Download Forstok 24.717757940292 Detik
Duration Looping 500 Data 148.81874489784 Detik 
Total Duration 148.8188688755 Detik 
------------------------- 
Tanggal: 24-04-2022 08:05:01 
Duration Download Forstok 40.575787067413 Detik
Duration Looping 500 Data 168.12098002434 Detik 
Total Duration 168.12112116814 Detik 
------------------------- 
Tanggal: 24-04-2022 08:10:01 
Duration Download Forstok 22.265362024307 Detik
Duration Looping 500 Data 140.10692596436 Detik 
Total Duration 140.10703611374 Detik 
------------------------- 
Tanggal: 24-04-2022 08:15:01 
Duration Download Forstok 19.907059907913 Detik
Duration Looping 500 Data 139.52045583725 Detik 
Total Duration 139.52057480812 Detik 
------------------------- 
Tanggal: 24-04-2022 08:20:01 
Duration Download Forstok 22.676118850708 Detik
Duration Looping 500 Data 143.22694301605 Detik 
Total Duration 143.22706103325 Detik 
------------------------- 
Tanggal: 24-04-2022 08:25:01 
Duration Download Forstok 13.278111934662 Detik
Duration Looping 500 Data 134.1102077961 Detik 
Total Duration 134.11033082008 Detik 
------------------------- 
Tanggal: 24-04-2022 08:30:01 
Duration Download Forstok 31.036672115326 Detik
Duration Looping 500 Data 156.3939011097 Detik 
Total Duration 156.39401507378 Detik 
------------------------- 
Tanggal: 24-04-2022 08:35:01 
Duration Download Forstok 18.237599849701 Detik
Duration Looping 500 Data 137.00430107117 Detik 
Total Duration 137.00441503525 Detik 
------------------------- 
Tanggal: 24-04-2022 08:40:01 
Duration Download Forstok 17.88797211647 Detik
Duration Looping 500 Data 138.38103699684 Detik 
Total Duration 138.38115096092 Detik 
------------------------- 
Tanggal: 24-04-2022 08:45:01 
Duration Download Forstok 23.839410066605 Detik
Duration Looping 500 Data 144.51754403114 Detik 
Total Duration 144.51766896248 Detik 
------------------------- 
Tanggal: 24-04-2022 08:50:01 
Duration Download Forstok 14.458540916443 Detik
Duration Looping 500 Data 132.57909107208 Detik 
Total Duration 132.57920885086 Detik 
------------------------- 
Tanggal: 24-04-2022 08:55:01 
Duration Download Forstok 18.234179973602 Detik
Duration Looping 500 Data 137.58750915527 Detik 
Total Duration 137.58762407303 Detik 
------------------------- 
Tanggal: 24-04-2022 09:00:01 
Duration Download Forstok 33.96738910675 Detik
Duration Looping 500 Data 154.3757891655 Detik 
Total Duration 154.3759021759 Detik 
------------------------- 
Tanggal: 24-04-2022 09:05:01 
Duration Download Forstok 15.453909158707 Detik
Duration Looping 500 Data 141.01951313019 Detik 
Total Duration 141.01962709427 Detik 
------------------------- 
Tanggal: 24-04-2022 09:10:02 
Duration Download Forstok 51.934617042542 Detik
Duration Looping 500 Data 181.55516290665 Detik 
Total Duration 181.5552880764 Detik 
------------------------- 
Tanggal: 24-04-2022 09:15:01 
Duration Download Forstok 25.973154067993 Detik
Duration Looping 500 Data 149.4014480114 Detik 
Total Duration 149.40156507492 Detik 
------------------------- 
Tanggal: 24-04-2022 09:20:01 
Duration Download Forstok 17.969882965088 Detik
Duration Looping 500 Data 145.92379903793 Detik 
Total Duration 145.9239180088 Detik 
------------------------- 
Tanggal: 24-04-2022 09:25:01 
Duration Download Forstok 12.124022960663 Detik
Duration Looping 500 Data 140.82279896736 Detik 
Total Duration 140.82291293144 Detik 
------------------------- 
Tanggal: 24-04-2022 09:30:01 
Duration Download Forstok 34.092887163162 Detik
Duration Looping 500 Data 159.68198609352 Detik 
Total Duration 159.68212509155 Detik 
------------------------- 
Tanggal: 24-04-2022 09:35:01 
Duration Download Forstok 22.100489139557 Detik
Duration Looping 500 Data 145.88231897354 Detik 
Total Duration 145.8824441433 Detik 
------------------------- 
Tanggal: 24-04-2022 09:40:01 
Duration Download Forstok 20.312074899673 Detik
Duration Looping 500 Data 148.3307158947 Detik 
Total Duration 148.33083796501 Detik 
------------------------- 
Tanggal: 24-04-2022 09:45:01 
Duration Download Forstok 26.292567968369 Detik
Duration Looping 500 Data 153.11970210075 Detik 
Total Duration 153.11982393265 Detik 
------------------------- 
Tanggal: 24-04-2022 09:50:01 
Duration Download Forstok 38.950692176819 Detik
Duration Looping 500 Data 163.8247461319 Detik 
Total Duration 163.82485795021 Detik 
------------------------- 
Tanggal: 24-04-2022 09:55:01 
Duration Download Forstok 21.062644004822 Detik
Duration Looping 500 Data 141.44563913345 Detik 
Total Duration 141.44575500488 Detik 
------------------------- 
Tanggal: 24-04-2022 10:00:01 
Duration Download Forstok 26.663501977921 Detik
Duration Looping 500 Data 152.26486897469 Detik 
Total Duration 152.26498293877 Detik 
------------------------- 
Tanggal: 24-04-2022 10:05:01 
Duration Download Forstok 16.334223985672 Detik
Duration Looping 500 Data 141.36620593071 Detik 
Total Duration 141.36632585526 Detik 
------------------------- 
Tanggal: 24-04-2022 10:10:01 
Duration Download Forstok 42.256864070892 Detik
Duration Looping 500 Data 171.20553898811 Detik 
Total Duration 171.20565509796 Detik 
------------------------- 
Tanggal: 24-04-2022 10:15:01 
Duration Download Forstok 21.182225942612 Detik
Duration Looping 500 Data 150.59695100784 Detik 
Total Duration 150.59706807137 Detik 
------------------------- 
Tanggal: 24-04-2022 10:20:01 
Duration Download Forstok 36.327260017395 Detik
Duration Looping 500 Data 159.02097702026 Detik 
Total Duration 159.02109694481 Detik 
------------------------- 
Tanggal: 24-04-2022 10:25:01 
Duration Download Forstok 14.65881896019 Detik
Duration Looping 500 Data 133.63367199898 Detik 
Total Duration 133.63379693031 Detik 
------------------------- 
Tanggal: 24-04-2022 10:30:01 
Duration Download Forstok 33.443604946136 Detik
Duration Looping 500 Data 153.74936795235 Detik 
Total Duration 153.74948906898 Detik 
------------------------- 
Tanggal: 24-04-2022 10:35:01 
Duration Download Forstok 17.470018863678 Detik
Duration Looping 500 Data 147.15762996674 Detik 
Total Duration 147.15774989128 Detik 
------------------------- 
Tanggal: 24-04-2022 10:40:01 
Duration Download Forstok 34.421133995056 Detik
Duration Looping 500 Data 159.37522697449 Detik 
Total Duration 159.37533783913 Detik 
------------------------- 
Tanggal: 24-04-2022 10:45:01 
Duration Download Forstok 25.050945997238 Detik
Duration Looping 500 Data 147.52626991272 Detik 
Total Duration 147.52640104294 Detik 
------------------------- 
Tanggal: 24-04-2022 10:50:01 
Duration Download Forstok 24.828099012375 Detik
Duration Looping 500 Data 146.04304599762 Detik 
Total Duration 146.04315900803 Detik 
------------------------- 
Tanggal: 24-04-2022 10:55:01 
Duration Download Forstok 19.237745046616 Detik
Duration Looping 500 Data 145.96218109131 Detik 
Total Duration 145.96229600906 Detik 
------------------------- 
Tanggal: 24-04-2022 11:00:01 
Duration Download Forstok 49.936795949936 Detik
Duration Looping 500 Data 171.49894690514 Detik 
Total Duration 171.49907112122 Detik 
------------------------- 
Tanggal: 24-04-2022 11:05:01 
Duration Download Forstok 22.959526062012 Detik
Duration Looping 500 Data 147.80950307846 Detik 
Total Duration 147.80961513519 Detik 
------------------------- 
Tanggal: 24-04-2022 11:10:01 
Duration Download Forstok 39.33139705658 Detik
Duration Looping 500 Data 166.96880292892 Detik 
Total Duration 166.96893501282 Detik 
------------------------- 
Tanggal: 24-04-2022 11:15:01 
Duration Download Forstok 23.565812110901 Detik
Duration Looping 500 Data 148.16570210457 Detik 
Total Duration 148.16581606865 Detik 
------------------------- 
Tanggal: 24-04-2022 11:20:01 
Duration Download Forstok 37.547722101212 Detik
Duration Looping 500 Data 159.62618899345 Detik 
Total Duration 159.62630605698 Detik 
------------------------- 
Tanggal: 24-04-2022 11:25:01 
Duration Download Forstok 15.09122300148 Detik
Duration Looping 500 Data 133.53188109398 Detik 
Total Duration 133.53199505806 Detik 
------------------------- 
Tanggal: 24-04-2022 11:30:01 
Duration Download Forstok 34.96991109848 Detik
Duration Looping 500 Data 153.39689898491 Detik 
Total Duration 153.39701390266 Detik 
------------------------- 
Tanggal: 24-04-2022 11:35:01 
Duration Download Forstok 20.150905132294 Detik
Duration Looping 500 Data 142.08462810516 Detik 
Total Duration 142.08475017548 Detik 
------------------------- 
Tanggal: 24-04-2022 11:40:01 
Duration Download Forstok 24.180699110031 Detik
Duration Looping 500 Data 147.34325909615 Detik 
Total Duration 147.34337711334 Detik 
------------------------- 
Tanggal: 24-04-2022 11:45:01 
Duration Download Forstok 28.864547967911 Detik
Duration Looping 500 Data 150.17724108696 Detik 
Total Duration 150.17735600471 Detik 
------------------------- 
Tanggal: 24-04-2022 11:50:01 
Duration Download Forstok 22.168262004852 Detik
Duration Looping 500 Data 150.96975493431 Detik 
Total Duration 150.96987509727 Detik 
------------------------- 
Tanggal: 24-04-2022 11:55:01 
Duration Download Forstok 19.682905197144 Detik
Duration Looping 500 Data 137.40917921066 Detik 
Total Duration 137.40929913521 Detik 
------------------------- 
Tanggal: 24-04-2022 12:00:01 
Duration Download Forstok 59.950053930283 Detik
Tanggal: 24-04-2022 12:05:01 
Duration Download Forstok 20.101881027222 Detik
Duration Looping 500 Data 140.12635302544 Detik 
Total Duration 140.12647604942 Detik 
------------------------- 
Tanggal: 24-04-2022 12:10:01 
Duration Download Forstok 47.483247041702 Detik
Duration Looping 500 Data 175.11613512039 Detik 
Total Duration 175.1162610054 Detik 
------------------------- 
Tanggal: 24-04-2022 12:15:01 
Duration Download Forstok 33.273381948471 Detik
Duration Looping 500 Data 156.52618288994 Detik 
Total Duration 156.52629899979 Detik 
------------------------- 
Tanggal: 24-04-2022 12:20:01 
Duration Download Forstok 59.456398963928 Detik
Tanggal: 24-04-2022 12:25:01 
Duration Download Forstok 16.265918970108 Detik
Duration Looping 500 Data 143.3422460556 Detik 
Total Duration 143.34236598015 Detik 
------------------------- 
Tanggal: 24-04-2022 12:30:01 
Duration Download Forstok 30.129621982574 Detik
Duration Looping 500 Data 156.11704206467 Detik 
Total Duration 156.1171309948 Detik 
------------------------- 
Tanggal: 24-04-2022 12:35:01 
Duration Download Forstok 24.027082920074 Detik
Duration Looping 500 Data 156.72243499756 Detik 
Total Duration 156.72255682945 Detik 
------------------------- 
Tanggal: 24-04-2022 12:40:01 
Duration Download Forstok 22.181189060211 Detik
Duration Looping 500 Data 141.89740300179 Detik 
Total Duration 141.89748716354 Detik 
------------------------- 
Tanggal: 24-04-2022 12:45:01 
Duration Download Forstok 18.859471082687 Detik
Duration Looping 500 Data 141.86064791679 Detik 
Total Duration 141.86076498032 Detik 
------------------------- 
Tanggal: 24-04-2022 12:50:01 
Duration Download Forstok 32.662226915359 Detik
Duration Looping 500 Data 149.84918308258 Detik 
Total Duration 149.8493039608 Detik 
------------------------- 
Tanggal: 24-04-2022 12:55:01 
Duration Download Forstok 15.207991123199 Detik
Duration Looping 500 Data 138.97006702423 Detik 
Total Duration 138.9701859951 Detik 
------------------------- 
Tanggal: 24-04-2022 13:00:01 
Duration Download Forstok 29.002985954285 Detik
Duration Looping 500 Data 151.08055496216 Detik 
Total Duration 151.08067202568 Detik 
------------------------- 
Tanggal: 24-04-2022 13:05:01 
Duration Download Forstok 18.300668001175 Detik
Duration Looping 500 Data 141.26191902161 Detik 
Total Duration 141.26204609871 Detik 
------------------------- 
Tanggal: 24-04-2022 13:10:01 
Duration Download Forstok 59.42712688446 Detik
Duration Looping 500 Data 184.47418498993 Detik 
Total Duration 184.47430586815 Detik 
------------------------- 
Tanggal: 24-04-2022 13:15:01 
Duration Download Forstok 20.614575862885 Detik
Duration Looping 500 Data 146.44218182564 Detik 
Total Duration 146.4423058033 Detik 
------------------------- 
Tanggal: 24-04-2022 13:20:01 
Duration Download Forstok 35.223313093185 Detik
Duration Looping 500 Data 158.14274001122 Detik 
Total Duration 158.14284706116 Detik 
------------------------- 
Tanggal: 24-04-2022 13:25:01 
Duration Download Forstok 17.318814992905 Detik
Duration Looping 500 Data 133.28771519661 Detik 
Total Duration 133.28783321381 Detik 
------------------------- 
Tanggal: 24-04-2022 13:30:01 
Duration Download Forstok 33.970812797546 Detik
Duration Looping 500 Data 154.19410300255 Detik 
Total Duration 154.19422197342 Detik 
------------------------- 
Tanggal: 24-04-2022 13:35:01 
Duration Download Forstok 17.281615972519 Detik
Duration Looping 500 Data 141.44037985802 Detik 
Total Duration 141.44049501419 Detik 
------------------------- 
Tanggal: 24-04-2022 13:40:01 
Duration Download Forstok 39.175487995148 Detik
Duration Looping 500 Data 164.37843704224 Detik 
Total Duration 164.37855505943 Detik 
------------------------- 
Tanggal: 24-04-2022 13:45:01 
Duration Download Forstok 23.844300985336 Detik
Duration Looping 500 Data 152.66360211372 Detik 
Total Duration 152.66371512413 Detik 
------------------------- 
Tanggal: 24-04-2022 13:50:01 
Duration Download Forstok 27.19163107872 Detik
Duration Looping 500 Data 146.84572720528 Detik 
Total Duration 146.84584116936 Detik 
------------------------- 
Tanggal: 24-04-2022 13:55:01 
Duration Download Forstok 17.238988876343 Detik
Duration Looping 500 Data 135.9489569664 Detik 
Total Duration 135.94911599159 Detik 
------------------------- 
Tanggal: 24-04-2022 14:00:01 
Duration Download Forstok 41.045076131821 Detik
Duration Looping 500 Data 164.93071818352 Detik 
Total Duration 164.93083715439 Detik 
------------------------- 
Tanggal: 24-04-2022 14:05:01 
Duration Download Forstok 33.32738494873 Detik
Duration Looping 500 Data 156.15474200249 Detik 
Total Duration 156.15485596657 Detik 
------------------------- 
Tanggal: 24-04-2022 14:10:01 
Duration Download Forstok 59.11919093132 Detik
Tanggal: 24-04-2022 14:15:01 
Duration Download Forstok 19.229403972626 Detik
Duration Looping 500 Data 149.96731901169 Detik 
Total Duration 149.96743702888 Detik 
------------------------- 
Tanggal: 24-04-2022 14:20:01 
Duration Download Forstok 51.678139925003 Detik
Duration Looping 500 Data 177.33619594574 Detik 
Total Duration 177.33630895615 Detik 
------------------------- 
Tanggal: 24-04-2022 14:25:01 
Duration Download Forstok 18.260836839676 Detik
Duration Looping 500 Data 140.69329500198 Detik 
Total Duration 140.6934158802 Detik 
------------------------- 
Tanggal: 24-04-2022 14:30:01 
Duration Download Forstok 37.707928180695 Detik
Duration Looping 500 Data 158.60458803177 Detik 
Total Duration 158.60474419594 Detik 
------------------------- 
Tanggal: 24-04-2022 14:35:01 
Duration Download Forstok 27.299054861069 Detik
Duration Looping 500 Data 149.49769687653 Detik 
Total Duration 149.49781084061 Detik 
------------------------- 
Tanggal: 24-04-2022 14:40:01 
Duration Download Forstok 31.951164007187 Detik
Duration Looping 500 Data 155.12849998474 Detik 
Total Duration 155.12861704826 Detik 
------------------------- 
Tanggal: 24-04-2022 14:45:01 
Duration Download Forstok 19.316748142242 Detik
Duration Looping 500 Data 153.62474608421 Detik 
Total Duration 153.6248691082 Detik 
------------------------- 
Tanggal: 24-04-2022 14:50:01 
Duration Download Forstok 40.282822132111 Detik
Duration Looping 500 Data 163.90833115578 Detik 
Total Duration 163.90846014023 Detik 
------------------------- 
Tanggal: 24-04-2022 14:55:01 
Duration Download Forstok 20.822731018066 Detik
Duration Looping 500 Data 137.47569799423 Detik 
Total Duration 137.47581601143 Detik 
------------------------- 
Tanggal: 24-04-2022 15:00:01 
Duration Download Forstok 32.928331851959 Detik
Duration Looping 500 Data 151.57065486908 Detik 
Total Duration 151.57077097893 Detik 
------------------------- 
Tanggal: 24-04-2022 15:05:01 
Duration Download Forstok 22.547312021255 Detik
Duration Looping 500 Data 143.33321404457 Detik 
Total Duration 143.33332514763 Detik 
------------------------- 
Tanggal: 24-04-2022 15:10:01 
Duration Download Forstok 40.37219285965 Detik
Duration Looping 500 Data 158.25532078743 Detik 
Total Duration 158.25543785095 Detik 
------------------------- 
Tanggal: 24-04-2022 15:15:01 
Duration Download Forstok 20.609351158142 Detik
Duration Looping 500 Data 141.75238204002 Detik 
Total Duration 141.75250506401 Detik 
------------------------- 
Tanggal: 24-04-2022 15:20:01 
Duration Download Forstok 57.306821107864 Detik
Duration Looping 500 Data 176.86143898964 Detik 
Total Duration 176.86155319214 Detik 
------------------------- 
Tanggal: 24-04-2022 15:25:01 
Duration Download Forstok 25.938612937927 Detik
Duration Looping 500 Data 151.82978606224 Detik 
Total Duration 151.82990908623 Detik 
------------------------- 
Tanggal: 24-04-2022 15:30:01 
Duration Download Forstok 35.733122110367 Detik
Duration Looping 500 Data 158.51220607758 Detik 
Total Duration 158.51231813431 Detik 
------------------------- 
Tanggal: 24-04-2022 15:35:01 
Duration Download Forstok 20.733702898026 Detik
Duration Looping 500 Data 138.28969597816 Detik 
Total Duration 138.28981304169 Detik 
------------------------- 
Tanggal: 24-04-2022 15:40:01 
Duration Download Forstok 53.460557937622 Detik
Duration Looping 500 Data 178.07103800774 Detik 
Total Duration 178.07115888596 Detik 
------------------------- 
Tanggal: 24-04-2022 15:45:01 
Duration Download Forstok 25.261667013168 Detik
Duration Looping 500 Data 145.27558112144 Detik 
Total Duration 145.27569699287 Detik 
------------------------- 
Tanggal: 24-04-2022 15:50:01 
Duration Download Forstok 20.14981508255 Detik
Duration Looping 500 Data 147.87261509895 Detik 
Total Duration 147.87273907661 Detik 
------------------------- 
Tanggal: 24-04-2022 15:55:01 
Duration Download Forstok 15.264181852341 Detik
Duration Looping 500 Data 133.95257401466 Detik 
Total Duration 133.9526848793 Detik 
------------------------- 
Tanggal: 24-04-2022 16:00:01 
Duration Download Forstok 30.410017967224 Detik
Duration Looping 500 Data 150.50092291832 Detik 
Total Duration 150.50103497505 Detik 
------------------------- 
Tanggal: 24-04-2022 16:05:01 
Duration Download Forstok 17.670951128006 Detik
Duration Looping 500 Data 137.5620610714 Detik 
Total Duration 137.56218314171 Detik 
------------------------- 
Tanggal: 24-04-2022 16:10:01 
Duration Download Forstok 59.309937953949 Detik
Tanggal: 24-04-2022 16:15:01 
Duration Download Forstok 26.106158018112 Detik
Duration Looping 500 Data 144.81849002838 Detik 
Total Duration 144.81860494614 Detik 
------------------------- 
Tanggal: 24-04-2022 16:20:01 
Duration Download Forstok 33.50517988205 Detik
Duration Looping 500 Data 161.12094807625 Detik 
Total Duration 161.12107586861 Detik 
------------------------- 
Tanggal: 24-04-2022 16:25:01 
Duration Download Forstok 24.963407039642 Detik
Duration Looping 500 Data 161.98150491714 Detik 
Total Duration 161.98162508011 Detik 
------------------------- 
Tanggal: 24-04-2022 16:30:01 
Duration Download Forstok 20.786473035812 Detik
Duration Looping 500 Data 154.11158418655 Detik 
Total Duration 154.1116771698 Detik 
------------------------- 
Tanggal: 24-04-2022 16:35:01 
Duration Download Forstok 20.069658994675 Detik
Duration Looping 500 Data 143.89768099785 Detik 
Total Duration 143.89780497551 Detik 
------------------------- 
Tanggal: 24-04-2022 16:40:01 
Duration Download Forstok 50.312311887741 Detik
Duration Looping 500 Data 169.67619180679 Detik 
Total Duration 169.67630600929 Detik 
------------------------- 
Tanggal: 24-04-2022 16:45:01 
Duration Download Forstok 19.355166196823 Detik
Duration Looping 500 Data 138.42094397545 Detik 
Total Duration 138.4210600853 Detik 
------------------------- 
Tanggal: 24-04-2022 16:50:01 
Duration Download Forstok 28.464791059494 Detik
Duration Looping 500 Data 148.28164410591 Detik 
Total Duration 148.28176403046 Detik 
------------------------- 
Tanggal: 24-04-2022 16:55:02 
Duration Download Forstok 19.975484132767 Detik
Duration Looping 500 Data 136.0684030056 Detik 
Total Duration 136.06856298447 Detik 
------------------------- 
Tanggal: 24-04-2022 17:00:01 
Duration Download Forstok 25.33163690567 Detik
Duration Looping 500 Data 146.71262407303 Detik 
Total Duration 146.71274709702 Detik 
------------------------- 
Tanggal: 24-04-2022 17:05:01 
Duration Download Forstok 44.856177091599 Detik
Duration Looping 500 Data 164.6442220211 Detik 
Total Duration 164.64433288574 Detik 
------------------------- 
Tanggal: 24-04-2022 17:10:01 
Duration Download Forstok 55.897768974304 Detik
Duration Looping 500 Data 176.70882105827 Detik 
Total Duration 176.70894098282 Detik 
------------------------- 
Tanggal: 24-04-2022 17:15:01 
Duration Download Forstok 29.117745876312 Detik
Duration Looping 500 Data 149.46931695938 Detik 
Total Duration 149.46943378448 Detik 
------------------------- 
Tanggal: 24-04-2022 17:20:01 
Duration Download Forstok 43.636021137238 Detik
Duration Looping 500 Data 165.48496198654 Detik 
Total Duration 165.48511505127 Detik 
------------------------- 
Tanggal: 24-04-2022 17:25:01 
Duration Download Forstok 24.002953052521 Detik
Duration Looping 500 Data 144.75457811356 Detik 
Total Duration 144.75468993187 Detik 
------------------------- 
Tanggal: 24-04-2022 17:30:01 
Duration Download Forstok 32.456665992737 Detik
Duration Looping 500 Data 150.1534280777 Detik 
Total Duration 150.15355610847 Detik 
------------------------- 
Tanggal: 24-04-2022 17:35:01 
Duration Download Forstok 15.64652299881 Detik
Duration Looping 500 Data 138.05240416527 Detik 
Total Duration 138.0525290966 Detik 
------------------------- 
Tanggal: 24-04-2022 17:40:01 
Duration Download Forstok 36.039000034332 Detik
Duration Looping 500 Data 155.86343383789 Detik 
Total Duration 155.86355686188 Detik 
------------------------- 
Tanggal: 24-04-2022 17:45:01 
Duration Download Forstok 43.007177829742 Detik
Duration Looping 500 Data 163.4538269043 Detik 
Total Duration 163.45394182205 Detik 
------------------------- 
Tanggal: 24-04-2022 17:50:01 
Duration Download Forstok 37.648396968842 Detik
Duration Looping 500 Data 155.12067699432 Detik 
Total Duration 155.12079286575 Detik 
------------------------- 
Tanggal: 24-04-2022 17:55:02 
Duration Download Forstok 18.993829011917 Detik
Duration Looping 500 Data 145.15259218216 Detik 
Total Duration 145.15271115303 Detik 
------------------------- 
Tanggal: 24-04-2022 18:00:01 
Duration Download Forstok 29.78173494339 Detik
Duration Looping 500 Data 149.60867214203 Detik 
Total Duration 149.60878801346 Detik 
------------------------- 
Tanggal: 24-04-2022 18:05:01 
Duration Download Forstok 22.437553882599 Detik
Duration Looping 500 Data 147.28496694565 Detik 
Total Duration 147.28508901596 Detik 
------------------------- 
Tanggal: 24-04-2022 18:10:01 
Duration Download Forstok 45.604663133621 Detik
Duration Looping 500 Data 165.10975217819 Detik 
Total Duration 165.10988402367 Detik 
------------------------- 
Tanggal: 24-04-2022 18:15:01 
Duration Download Forstok 28.538995027542 Detik
Duration Looping 500 Data 147.73871898651 Detik 
Total Duration 147.73887300491 Detik 
------------------------- 
Tanggal: 24-04-2022 18:20:01 
Duration Download Forstok 35.269757032394 Detik
Duration Looping 500 Data 162.55599498749 Detik 
Total Duration 162.55608296394 Detik 
------------------------- 
Tanggal: 24-04-2022 18:25:01 
Duration Download Forstok 17.137094974518 Detik
Duration Looping 500 Data 132.48342204094 Detik 
Total Duration 132.48354387283 Detik 
------------------------- 
Tanggal: 24-04-2022 18:30:01 
Duration Download Forstok 17.564746141434 Detik
Duration Looping 500 Data 138.25717020035 Detik 
Total Duration 138.25728011131 Detik 
------------------------- 
Tanggal: 24-04-2022 18:35:01 
Duration Download Forstok 21.979388952255 Detik
Duration Looping 500 Data 141.37890100479 Detik 
Total Duration 141.37900805473 Detik 
------------------------- 
Tanggal: 24-04-2022 18:40:01 
Duration Download Forstok 20.273494958878 Detik
Duration Looping 500 Data 140.04158115387 Detik 
Total Duration 140.04169917107 Detik 
------------------------- 
Tanggal: 24-04-2022 18:45:01 
Duration Download Forstok 35.259598970413 Detik
Duration Looping 500 Data 152.77078509331 Detik 
Total Duration 152.77089500427 Detik 
------------------------- 
Tanggal: 24-04-2022 18:50:01 
Duration Download Forstok 41.30888915062 Detik
Duration Looping 500 Data 160.5428750515 Detik 
Total Duration 160.54299211502 Detik 
------------------------- 
Tanggal: 24-04-2022 18:55:01 
Duration Download Forstok 19.136903047562 Detik
Duration Looping 500 Data 151.59400105476 Detik 
Total Duration 151.59412908554 Detik 
------------------------- 
Tanggal: 24-04-2022 19:00:01 
Duration Download Forstok 18.627646207809 Detik
Duration Looping 500 Data 141.7824242115 Detik 
Total Duration 141.78253912926 Detik 
------------------------- 
Tanggal: 24-04-2022 19:05:01 
Duration Download Forstok 14.950279951096 Detik
Duration Looping 500 Data 134.05528593063 Detik 
Total Duration 134.05540394783 Detik 
------------------------- 
Tanggal: 24-04-2022 19:10:01 
Duration Download Forstok 44.677718162537 Detik
Duration Looping 500 Data 175.05496811867 Detik 
Total Duration 175.05509018898 Detik 
------------------------- 
Tanggal: 24-04-2022 19:15:01 
Duration Download Forstok 27.298375844955 Detik
Duration Looping 500 Data 149.80830383301 Detik 
Total Duration 149.80842804909 Detik 
------------------------- 
Tanggal: 24-04-2022 19:20:01 
Duration Download Forstok 39.018327951431 Detik
Duration Looping 500 Data 157.45411205292 Detik 
Total Duration 157.45422887802 Detik 
------------------------- 
Tanggal: 24-04-2022 19:25:01 
Duration Download Forstok 17.788099050522 Detik
Duration Looping 500 Data 145.23088598251 Detik 
Total Duration 145.23100304604 Detik 
------------------------- 
Tanggal: 24-04-2022 19:30:01 
Duration Download Forstok 42.813982009888 Detik
Duration Looping 500 Data 159.73555397987 Detik 
Total Duration 159.73567485809 Detik 
------------------------- 
Tanggal: 24-04-2022 19:35:01 
Duration Download Forstok 14.732758998871 Detik
Duration Looping 500 Data 132.35295200348 Detik 
Total Duration 132.35306787491 Detik 
------------------------- 
Tanggal: 24-04-2022 19:40:01 
Duration Download Forstok 52.948599815369 Detik
Duration Looping 500 Data 173.8543138504 Detik 
Total Duration 173.85442590714 Detik 
------------------------- 
Tanggal: 24-04-2022 19:45:01 
Duration Download Forstok 28.962504148483 Detik
Duration Looping 500 Data 150.04898619652 Detik 
Total Duration 150.04910302162 Detik 
------------------------- 
Tanggal: 24-04-2022 19:50:01 
Duration Download Forstok 28.558609008789 Detik
Duration Looping 500 Data 150.68331003189 Detik 
Total Duration 150.68342399597 Detik 
------------------------- 
Tanggal: 24-04-2022 19:55:01 
Duration Download Forstok 25.519241094589 Detik
Duration Looping 500 Data 147.73198103905 Detik 
Total Duration 147.73212409019 Detik 
------------------------- 
Tanggal: 24-04-2022 20:00:01 
Duration Download Forstok 26.966211080551 Detik
Duration Looping 500 Data 161.23778295517 Detik 
Total Duration 161.23795199394 Detik 
------------------------- 
Tanggal: 24-04-2022 20:05:01 
Duration Download Forstok 19.580914020538 Detik
Duration Looping 500 Data 141.73598098755 Detik 
Total Duration 141.73609280586 Detik 
------------------------- 
Tanggal: 24-04-2022 20:10:01 
Duration Download Forstok 57.124580860138 Detik
Duration Looping 500 Data 179.49103689194 Detik 
Total Duration 179.49115490913 Detik 
------------------------- 
Tanggal: 24-04-2022 20:15:01 
Duration Download Forstok 27.174642086029 Detik
Duration Looping 500 Data 151.80660104752 Detik 
Total Duration 151.8067150116 Detik 
------------------------- 
Tanggal: 24-04-2022 20:20:01 
Duration Download Forstok 43.163022994995 Detik
Duration Looping 500 Data 165.60284686089 Detik 
Total Duration 165.60296392441 Detik 
------------------------- 
Tanggal: 24-04-2022 20:25:01 
Duration Download Forstok 14.414307117462 Detik
Duration Looping 500 Data 131.32559609413 Detik 
Total Duration 131.32571196556 Detik 
------------------------- 
Tanggal: 24-04-2022 20:30:01 
Duration Download Forstok 34.593746900558 Detik
Duration Looping 500 Data 164.31469488144 Detik 
Total Duration 164.31481003761 Detik 
------------------------- 
Tanggal: 24-04-2022 20:35:01 
Duration Download Forstok 15.807359933853 Detik
Duration Looping 500 Data 132.96899199486 Detik 
Total Duration 132.9691119194 Detik 
------------------------- 
Tanggal: 24-04-2022 20:40:01 
Duration Download Forstok 36.797044992447 Detik
Duration Looping 500 Data 155.68426895142 Detik 
Total Duration 155.68438196182 Detik 
------------------------- 
Tanggal: 24-04-2022 20:45:01 
Duration Download Forstok 24.256899118423 Detik
Duration Looping 500 Data 141.84653806686 Detik 
Total Duration 141.84667110443 Detik 
------------------------- 
Tanggal: 24-04-2022 20:50:01 
Duration Download Forstok 21.310323953629 Detik
Duration Looping 500 Data 141.19030785561 Detik 
Total Duration 141.19042491913 Detik 
------------------------- 
Tanggal: 24-04-2022 20:55:01 
Duration Download Forstok 26.056617975235 Detik
Duration Looping 500 Data 144.87522792816 Detik 
Total Duration 144.87535095215 Detik 
------------------------- 
Tanggal: 24-04-2022 21:00:01 
Duration Download Forstok 41.645492076874 Detik
Duration Looping 500 Data 163.53150892258 Detik 
Total Duration 163.53162503242 Detik 
------------------------- 
Tanggal: 24-04-2022 21:05:01 
Duration Download Forstok 19.890933036804 Detik
Duration Looping 500 Data 138.19961309433 Detik 
Total Duration 138.19973993301 Detik 
------------------------- 
Tanggal: 24-04-2022 21:10:01 
Duration Download Forstok 38.303164958954 Detik
Duration Looping 500 Data 162.00178098679 Detik 
Total Duration 162.00190401077 Detik 
------------------------- 
Tanggal: 24-04-2022 21:15:01 
Duration Download Forstok 22.194107055664 Detik
Duration Looping 500 Data 147.47592520714 Detik 
Total Duration 147.47605204582 Detik 
------------------------- 
Tanggal: 24-04-2022 21:20:01 
Duration Download Forstok 59.404769897461 Detik
Tanggal: 24-04-2022 21:25:01 
Duration Download Forstok 20.62025308609 Detik
Duration Looping 500 Data 146.48383498192 Detik 
Total Duration 146.48395204544 Detik 
------------------------- 
Tanggal: 24-04-2022 21:30:01 
Duration Download Forstok 39.796434164047 Detik
Duration Looping 500 Data 155.08270001411 Detik 
Total Duration 155.08282113075 Detik 
------------------------- 
Tanggal: 24-04-2022 21:35:01 
Duration Download Forstok 24.866286993027 Detik
Duration Looping 500 Data 145.35557198524 Detik 
Total Duration 145.35569000244 Detik 
------------------------- 
Tanggal: 24-04-2022 21:40:01 
Duration Download Forstok 26.458661079407 Detik
Duration Looping 500 Data 150.76168012619 Detik 
Total Duration 150.76179695129 Detik 
------------------------- 
Tanggal: 24-04-2022 21:45:01 
Duration Download Forstok 33.046502828598 Detik
Duration Looping 500 Data 159.87931084633 Detik 
Total Duration 159.87942886353 Detik 
------------------------- 
Tanggal: 24-04-2022 21:50:01 
Duration Download Forstok 37.089555978775 Detik
Duration Looping 500 Data 159.16707491875 Detik 
Total Duration 159.1672039032 Detik 
------------------------- 
Tanggal: 24-04-2022 21:55:01 
Duration Download Forstok 14.918120861053 Detik
Duration Looping 500 Data 134.56452178955 Detik 
Total Duration 134.56463599205 Detik 
------------------------- 
Tanggal: 24-04-2022 22:00:01 
Duration Download Forstok 32.150020837784 Detik
Duration Looping 500 Data 153.42093300819 Detik 
Total Duration 153.42105484009 Detik 
------------------------- 
Tanggal: 24-04-2022 22:05:01 
Duration Download Forstok 24.841762065887 Detik
Duration Looping 500 Data 143.54876112938 Detik 
Total Duration 143.5488820076 Detik 
------------------------- 
Tanggal: 24-04-2022 22:10:01 
Duration Download Forstok 27.403542995453 Detik
Duration Looping 500 Data 144.94192218781 Detik 
Total Duration 144.94204211235 Detik 
------------------------- 
Tanggal: 24-04-2022 22:15:01 
Duration Download Forstok 28.896501064301 Detik
Duration Looping 500 Data 148.12615299225 Detik 
Total Duration 148.12626791 Detik 
------------------------- 
Tanggal: 24-04-2022 22:20:01 
Duration Download Forstok 33.134974956512 Detik
Duration Looping 500 Data 150.27953481674 Detik 
Total Duration 150.27964901924 Detik 
------------------------- 
Tanggal: 24-04-2022 22:25:01 
Duration Download Forstok 14.328620910645 Detik
Duration Looping 500 Data 129.55274200439 Detik 
Total Duration 129.55296397209 Detik 
------------------------- 
Tanggal: 24-04-2022 22:30:01 
Duration Download Forstok 38.304412841797 Detik
Duration Looping 500 Data 155.23351597786 Detik 
Total Duration 155.2336268425 Detik 
------------------------- 
Tanggal: 24-04-2022 22:35:01 
Duration Download Forstok 18.939376831055 Detik
Duration Looping 500 Data 154.29286980629 Detik 
Total Duration 154.29298686981 Detik 
------------------------- 
Tanggal: 24-04-2022 22:40:01 
Duration Download Forstok 27.415684938431 Detik
Duration Looping 500 Data 165.28220582008 Detik 
Total Duration 165.28232884407 Detik 
------------------------- 
Tanggal: 24-04-2022 22:45:01 
Duration Download Forstok 26.262390136719 Detik
Duration Looping 500 Data 146.43127417564 Detik 
Total Duration 146.43139219284 Detik 
------------------------- 
Tanggal: 24-04-2022 22:50:01 
Duration Download Forstok 30.728544950485 Detik
Duration Looping 500 Data 147.7509329319 Detik 
Total Duration 147.75104999542 Detik 
------------------------- 
Tanggal: 24-04-2022 22:55:01 
Duration Download Forstok 14.099622964859 Detik
Duration Looping 500 Data 134.64888310432 Detik 
Total Duration 134.64905500412 Detik 
------------------------- 
Tanggal: 24-04-2022 23:00:01 
Duration Download Forstok 31.905328989029 Detik
Duration Looping 500 Data 156.04266190529 Detik 
Total Duration 156.04275298119 Detik 
------------------------- 
Tanggal: 24-04-2022 23:05:01 
Duration Download Forstok 17.139678955078 Detik
Duration Looping 500 Data 151.29530096054 Detik 
Total Duration 151.29541897774 Detik 
------------------------- 
Tanggal: 24-04-2022 23:10:01 
Duration Download Forstok 59.36038517952 Detik
Tanggal: 24-04-2022 23:15:01 
Duration Download Forstok 24.073990106583 Detik
Duration Looping 500 Data 152.85033011436 Detik 
Total Duration 152.85044717789 Detik 
------------------------- 
Tanggal: 24-04-2022 23:20:02 
Duration Download Forstok 52.153923034668 Detik
Duration Looping 500 Data 169.64169716835 Detik 
Total Duration 169.64181613922 Detik 
------------------------- 
Tanggal: 24-04-2022 23:25:01 
Duration Download Forstok 18.372826099396 Detik
Duration Looping 500 Data 138.85602998734 Detik 
Total Duration 138.85614919662 Detik 
------------------------- 
Tanggal: 24-04-2022 23:30:01 
Duration Download Forstok 37.969686031342 Detik
Duration Looping 500 Data 154.04387712479 Detik 
Total Duration 154.04399108887 Detik 
------------------------- 
Tanggal: 24-04-2022 23:35:01 
Duration Download Forstok 29.829796075821 Detik
Duration Looping 500 Data 152.06819200516 Detik 
Total Duration 152.06831288338 Detik 
------------------------- 
Tanggal: 24-04-2022 23:40:02 
Duration Download Forstok 34.218796014786 Detik
Duration Looping 500 Data 158.98153710365 Detik 
Total Duration 158.98165798187 Detik 
------------------------- 
Tanggal: 24-04-2022 23:45:01 
Duration Download Forstok 31.486563205719 Detik
Duration Looping 500 Data 150.28147506714 Detik 
Total Duration 150.28159618378 Detik 
------------------------- 
Tanggal: 24-04-2022 23:50:01 
Duration Download Forstok 26.709692001343 Detik
Duration Looping 500 Data 146.00555896759 Detik 
Total Duration 146.00568890572 Detik 
------------------------- 
Tanggal: 24-04-2022 23:55:01 
Duration Download Forstok 15.465595960617 Detik
Duration Looping 500 Data 135.50523805618 Detik 
Total Duration 135.5053730011 Detik 
------------------------- 
