Tanggal: 10-10-2021 00:00:01 
Duration Download Forstok 10.459254980087 Detik
Tanggal: 10-10-2021 00:05:01 
Duration Download Forstok 16.45480298996 Detik
Duration Looping 700 Data 299.11395096779 Detik 
Total Duration 299.11405682564 Detik 
------------------------- 
Tanggal: 10-10-2021 00:10:00 
Duration Looping 700 Data 599.46218895912 Detik 
Total Duration 599.46229410172 Detik 
------------------------- 
Duration Download Forstok 19.968067884445 Detik
Duration Looping 700 Data 129.05973696709 Detik 
Total Duration 129.05991101265 Detik 
------------------------- 
Tanggal: 10-10-2021 00:15:01 
Duration Download Forstok 14.088483095169 Detik
Duration Looping 700 Data 133.17442703247 Detik 
Total Duration 133.1745531559 Detik 
------------------------- 
Tanggal: 10-10-2021 00:20:01 
Duration Download Forstok 10.776484966278 Detik
Duration Looping 700 Data 139.38199996948 Detik 
Total Duration 139.38210487366 Detik 
------------------------- 
Tanggal: 10-10-2021 00:25:01 
Duration Download Forstok 15.266680002213 Detik
Duration Looping 700 Data 138.99399399757 Detik 
Total Duration 138.99410200119 Detik 
------------------------- 
Tanggal: 10-10-2021 00:30:01 
Duration Download Forstok 13.106018066406 Detik
Duration Looping 700 Data 121.03047800064 Detik 
Total Duration 121.03057813644 Detik 
------------------------- 
Tanggal: 10-10-2021 00:35:01 
Duration Download Forstok 17.715476989746 Detik
Duration Looping 700 Data 135.75902891159 Detik 
Total Duration 135.75914502144 Detik 
------------------------- 
Tanggal: 10-10-2021 00:40:01 
Duration Download Forstok 10.687481880188 Detik
Duration Looping 700 Data 134.5233168602 Detik 
Total Duration 134.52343797684 Detik 
------------------------- 
Tanggal: 10-10-2021 00:45:01 
Duration Download Forstok 18.836921930313 Detik
Duration Looping 700 Data 141.81582403183 Detik 
Total Duration 141.81593585014 Detik 
------------------------- 
Tanggal: 10-10-2021 00:50:01 
Duration Download Forstok 11.346777915955 Detik
Duration Looping 700 Data 127.35178780556 Detik 
Total Duration 127.35190296173 Detik 
------------------------- 
Tanggal: 10-10-2021 00:55:01 
Duration Download Forstok 16.087142944336 Detik
Duration Looping 700 Data 149.44748091698 Detik 
Total Duration 149.4475979805 Detik 
------------------------- 
Tanggal: 10-10-2021 01:00:01 
Duration Download Forstok 11.428167104721 Detik
Duration Looping 700 Data 120.31396198273 Detik 
Total Duration 120.31405210495 Detik 
------------------------- 
Tanggal: 10-10-2021 01:05:01 
Duration Download Forstok 16.055056810379 Detik
Duration Looping 700 Data 147.43551087379 Detik 
Total Duration 147.43561983109 Detik 
------------------------- 
Tanggal: 10-10-2021 01:10:01 
Duration Download Forstok 23.091809988022 Detik
Duration Looping 700 Data 133.08971881866 Detik 
Total Duration 133.08982300758 Detik 
------------------------- 
Tanggal: 10-10-2021 01:15:01 
Duration Download Forstok 14.110012054443 Detik
Duration Looping 700 Data 123.34444189072 Detik 
Total Duration 123.34454798698 Detik 
------------------------- 
Tanggal: 10-10-2021 01:20:01 
Duration Download Forstok 13.745651006699 Detik
Duration Looping 700 Data 124.71934604645 Detik 
Total Duration 124.71944189072 Detik 
------------------------- 
Tanggal: 10-10-2021 01:25:01 
Duration Download Forstok 13.494817018509 Detik
Duration Looping 700 Data 126.0686378479 Detik 
Total Duration 126.07288980484 Detik 
------------------------- 
Tanggal: 10-10-2021 01:30:01 
Duration Download Forstok 11.450187921524 Detik
Duration Looping 700 Data 119.83778786659 Detik 
Total Duration 119.83788990974 Detik 
------------------------- 
Tanggal: 10-10-2021 01:35:01 
Duration Download Forstok 21.907925128937 Detik
Duration Looping 700 Data 131.92289209366 Detik 
Total Duration 131.92300105095 Detik 
------------------------- 
Tanggal: 10-10-2021 01:40:01 
Duration Download Forstok 13.735345125198 Detik
Duration Looping 700 Data 126.49932003021 Detik 
Total Duration 126.49943614006 Detik 
------------------------- 
Tanggal: 10-10-2021 01:45:01 
Duration Download Forstok 16.485267877579 Detik
Duration Looping 700 Data 143.01318597794 Detik 
Total Duration 143.01330304146 Detik 
------------------------- 
Tanggal: 10-10-2021 01:50:01 
Duration Download Forstok 11.079031944275 Detik
Duration Looping 700 Data 125.71402192116 Detik 
Total Duration 125.7141289711 Detik 
------------------------- 
Tanggal: 10-10-2021 01:55:01 
Duration Download Forstok 16.018202066422 Detik
Duration Looping 700 Data 130.08717489243 Detik 
Total Duration 130.08727407455 Detik 
------------------------- 
Tanggal: 10-10-2021 02:00:01 
Duration Download Forstok 12.800242900848 Detik
Duration Looping 700 Data 132.93168997765 Detik 
Total Duration 132.93179583549 Detik 
------------------------- 
Tanggal: 10-10-2021 02:05:01 
Duration Download Forstok 19.931213855743 Detik
Duration Looping 700 Data 127.78940796852 Detik 
Total Duration 127.78951597214 Detik 
------------------------- 
Tanggal: 10-10-2021 02:10:01 
Duration Download Forstok 16.574457883835 Detik
Duration Looping 700 Data 141.38259482384 Detik 
Total Duration 141.38345479965 Detik 
------------------------- 
Tanggal: 10-10-2021 02:15:01 
Duration Download Forstok 15.548125982285 Detik
Duration Looping 700 Data 133.15066695213 Detik 
Total Duration 133.15077495575 Detik 
------------------------- 
Tanggal: 10-10-2021 02:20:01 
Duration Download Forstok 10.119174957275 Detik
Duration Looping 700 Data 135.25253891945 Detik 
Total Duration 135.25265407562 Detik 
------------------------- 
Tanggal: 10-10-2021 02:25:01 
Duration Download Forstok 14.576508045197 Detik
Duration Looping 700 Data 122.70367002487 Detik 
Total Duration 122.70379400253 Detik 
------------------------- 
Tanggal: 10-10-2021 02:30:01 
Duration Download Forstok 9.4012141227722 Detik
Duration Looping 700 Data 126.35426211357 Detik 
Total Duration 126.35447192192 Detik 
------------------------- 
Tanggal: 10-10-2021 02:35:01 
Duration Download Forstok 20.943972110748 Detik
Duration Looping 700 Data 131.11345100403 Detik 
Total Duration 131.11357402802 Detik 
------------------------- 
Tanggal: 10-10-2021 02:40:01 
Duration Download Forstok 12.709979057312 Detik
Duration Looping 700 Data 123.70063591003 Detik 
Total Duration 123.70074486732 Detik 
------------------------- 
Tanggal: 10-10-2021 02:45:01 
Duration Download Forstok 17.355571985245 Detik
Duration Looping 700 Data 127.94275999069 Detik 
Total Duration 127.94286704063 Detik 
------------------------- 
Tanggal: 10-10-2021 02:50:01 
Duration Download Forstok 11.374403953552 Detik
Duration Looping 700 Data 118.01406502724 Detik 
Total Duration 118.0141711235 Detik 
------------------------- 
Tanggal: 10-10-2021 02:55:01 
Duration Download Forstok 15.97639298439 Detik
Duration Looping 700 Data 125.23790001869 Detik 
Total Duration 125.23801708221 Detik 
------------------------- 
Tanggal: 10-10-2021 03:00:01 
Duration Download Forstok 13.366715908051 Detik
Duration Looping 700 Data 123.09529089928 Detik 
Total Duration 123.09539890289 Detik 
------------------------- 
Tanggal: 10-10-2021 03:05:01 
Duration Download Forstok 14.2069439888 Detik
Duration Looping 700 Data 123.52733516693 Detik 
Total Duration 123.52741503716 Detik 
------------------------- 
Tanggal: 10-10-2021 03:10:01 
Duration Download Forstok 19.699373006821 Detik
Duration Looping 700 Data 134.40557694435 Detik 
Total Duration 134.40565299988 Detik 
------------------------- 
Tanggal: 10-10-2021 03:15:01 
Duration Download Forstok 18.331931114197 Detik
Duration Looping 700 Data 128.98107814789 Detik 
Total Duration 128.98119306564 Detik 
------------------------- 
Tanggal: 10-10-2021 03:20:01 
Duration Download Forstok 11.093090057373 Detik
Duration Looping 700 Data 127.1064760685 Detik 
Total Duration 127.10658597946 Detik 
------------------------- 
Tanggal: 10-10-2021 03:25:01 
Duration Download Forstok 15.732248067856 Detik
Duration Looping 700 Data 121.25379705429 Detik 
Total Duration 121.25390601158 Detik 
------------------------- 
Tanggal: 10-10-2021 03:30:01 
Duration Download Forstok 9.8224270343781 Detik
Duration Looping 700 Data 123.38122916222 Detik 
Total Duration 123.3813431263 Detik 
------------------------- 
Tanggal: 10-10-2021 03:35:01 
Duration Download Forstok 17.620083808899 Detik
Duration Looping 700 Data 157.72822594643 Detik 
Total Duration 157.72833800316 Detik 
------------------------- 
Tanggal: 10-10-2021 03:40:01 
Duration Download Forstok 10.780072927475 Detik
Duration Looping 700 Data 125.18798899651 Detik 
Total Duration 125.18811392784 Detik 
------------------------- 
Tanggal: 10-10-2021 03:45:01 
Duration Download Forstok 22.349729061127 Detik
Duration Looping 700 Data 127.02343606949 Detik 
Total Duration 127.02354717255 Detik 
------------------------- 
Tanggal: 10-10-2021 03:50:01 
Duration Download Forstok 10.375164031982 Detik
Duration Looping 700 Data 122.15992212296 Detik 
Total Duration 122.1600291729 Detik 
------------------------- 
Tanggal: 10-10-2021 03:55:01 
Duration Download Forstok 19.674487829208 Detik
Duration Looping 700 Data 137.40480589867 Detik 
Total Duration 137.40491700172 Detik 
------------------------- 
Tanggal: 10-10-2021 04:00:01 
Duration Download Forstok 12.682070970535 Detik
Duration Looping 700 Data 132.82989215851 Detik 
Total Duration 132.83000016212 Detik 
------------------------- 
Tanggal: 10-10-2021 04:05:01 
Duration Download Forstok 14.949419975281 Detik
Duration Looping 700 Data 138.67351579666 Detik 
Total Duration 138.67362594604 Detik 
------------------------- 
Tanggal: 10-10-2021 04:10:01 
Duration Download Forstok 14.12850189209 Detik
Duration Looping 700 Data 128.99015593529 Detik 
Total Duration 128.99026584625 Detik 
------------------------- 
Tanggal: 10-10-2021 04:15:02 
Duration Download Forstok 13.855292081833 Detik
Duration Looping 700 Data 124.93932318687 Detik 
Total Duration 124.93943715096 Detik 
------------------------- 
Tanggal: 10-10-2021 04:20:01 
Duration Download Forstok 9.9300701618195 Detik
Duration Looping 700 Data 122.21337008476 Detik 
Total Duration 122.21348118782 Detik 
------------------------- 
Tanggal: 10-10-2021 04:25:01 
Duration Download Forstok 18.180881023407 Detik
Duration Looping 700 Data 128.42228293419 Detik 
Total Duration 128.4223959446 Detik 
------------------------- 
Tanggal: 10-10-2021 04:30:01 
Duration Download Forstok 9.5891628265381 Detik
Duration Looping 700 Data 130.90008687973 Detik 
Total Duration 130.90019702911 Detik 
------------------------- 
Tanggal: 10-10-2021 04:35:01 
Duration Download Forstok 19.064430952072 Detik
Duration Looping 700 Data 123.86745595932 Detik 
Total Duration 123.86757493019 Detik 
------------------------- 
Tanggal: 10-10-2021 04:40:01 
Duration Download Forstok 13.472524881363 Detik
Duration Looping 700 Data 124.25159096718 Detik 
Total Duration 124.25169682503 Detik 
------------------------- 
Tanggal: 10-10-2021 04:45:01 
Duration Download Forstok 15.300465106964 Detik
Duration Looping 700 Data 122.91659212112 Detik 
Total Duration 122.91670203209 Detik 
------------------------- 
Tanggal: 10-10-2021 04:50:01 
Duration Download Forstok 9.7969100475311 Detik
Duration Looping 700 Data 114.27035188675 Detik 
Total Duration 114.27045106888 Detik 
------------------------- 
Tanggal: 10-10-2021 04:55:01 
Duration Download Forstok 20.919775009155 Detik
Duration Looping 700 Data 133.70209217072 Detik 
Total Duration 133.7022061348 Detik 
------------------------- 
Tanggal: 10-10-2021 05:00:01 
Duration Download Forstok 11.464704990387 Detik
Duration Looping 700 Data 121.00492882729 Detik 
Total Duration 121.00503587723 Detik 
------------------------- 
Tanggal: 10-10-2021 05:05:01 
Duration Download Forstok 17.238127946854 Detik
Duration Looping 700 Data 124.39843511581 Detik 
Total Duration 124.3985440731 Detik 
------------------------- 
Tanggal: 10-10-2021 05:10:01 
Duration Download Forstok 12.863903045654 Detik
Duration Looping 700 Data 118.76195406914 Detik 
Total Duration 118.76205301285 Detik 
------------------------- 
Tanggal: 10-10-2021 05:15:01 
Duration Download Forstok 16.963895797729 Detik
Duration Looping 700 Data 137.22126197815 Detik 
Total Duration 137.22137999535 Detik 
------------------------- 
Tanggal: 10-10-2021 05:20:01 
Duration Download Forstok 11.141982078552 Detik
Duration Looping 700 Data 129.3191819191 Detik 
Total Duration 129.31929707527 Detik 
------------------------- 
Tanggal: 10-10-2021 05:25:01 
Duration Download Forstok 17.587749958038 Detik
Duration Looping 700 Data 126.21741080284 Detik 
Total Duration 126.21751785278 Detik 
------------------------- 
Tanggal: 10-10-2021 05:30:01 
Duration Download Forstok 11.204319953918 Detik
Duration Looping 700 Data 126.29345011711 Detik 
Total Duration 126.29356813431 Detik 
------------------------- 
Tanggal: 10-10-2021 05:35:01 
Duration Download Forstok 18.429833889008 Detik
Duration Looping 700 Data 124.26548194885 Detik 
Total Duration 124.26559901237 Detik 
------------------------- 
Tanggal: 10-10-2021 05:40:01 
Duration Download Forstok 22.960067987442 Detik
Duration Looping 700 Data 130.5814371109 Detik 
Total Duration 130.58157896996 Detik 
------------------------- 
Tanggal: 10-10-2021 05:45:01 
Duration Download Forstok 20.978277921677 Detik
Duration Looping 700 Data 132.29822897911 Detik 
Total Duration 132.29833602905 Detik 
------------------------- 
Tanggal: 10-10-2021 05:50:01 
Duration Download Forstok 12.429116010666 Detik
Duration Looping 700 Data 126.93128299713 Detik 
Total Duration 126.93138885498 Detik 
------------------------- 
Tanggal: 10-10-2021 05:55:01 
Duration Download Forstok 20.257074117661 Detik
Duration Looping 700 Data 131.54311299324 Detik 
Total Duration 131.54323005676 Detik 
------------------------- 
Tanggal: 10-10-2021 06:00:01 
Duration Download Forstok 11.422281980515 Detik
Duration Looping 700 Data 116.16305184364 Detik 
Total Duration 116.1631538868 Detik 
------------------------- 
Tanggal: 10-10-2021 06:05:01 
Duration Download Forstok 17.661664962769 Detik
Duration Looping 700 Data 124.34635806084 Detik 
Total Duration 124.34646391869 Detik 
------------------------- 
Tanggal: 10-10-2021 06:10:01 
Duration Download Forstok 21.15576505661 Detik
Duration Looping 700 Data 136.01083087921 Detik 
Total Duration 136.01094388962 Detik 
------------------------- 
Tanggal: 10-10-2021 06:15:01 
Duration Download Forstok 15.141602993011 Detik
Duration Looping 700 Data 119.58711600304 Detik 
Total Duration 119.58722186089 Detik 
------------------------- 
Tanggal: 10-10-2021 06:20:01 
Duration Download Forstok 12.810320854187 Detik
Duration Looping 700 Data 131.13172197342 Detik 
Total Duration 131.13183403015 Detik 
------------------------- 
Tanggal: 10-10-2021 06:25:01 
Duration Download Forstok 17.730017900467 Detik
Duration Looping 700 Data 123.56051492691 Detik 
Total Duration 123.56062293053 Detik 
------------------------- 
Tanggal: 10-10-2021 06:30:01 
Duration Download Forstok 13.455612897873 Detik
Duration Looping 700 Data 119.31109595299 Detik 
Total Duration 119.3111948967 Detik 
------------------------- 
Tanggal: 10-10-2021 06:35:02 
Duration Download Forstok 20.130633115768 Detik
Duration Looping 700 Data 136.76739692688 Detik 
Total Duration 136.76750993729 Detik 
------------------------- 
Tanggal: 10-10-2021 06:40:01 
Duration Download Forstok 12.781851053238 Detik
Duration Looping 700 Data 125.25030207634 Detik 
Total Duration 125.2504029274 Detik 
------------------------- 
Tanggal: 10-10-2021 06:45:01 
Duration Download Forstok 16.370900154114 Detik
Duration Looping 700 Data 124.46627616882 Detik 
Total Duration 124.46637701988 Detik 
------------------------- 
Tanggal: 10-10-2021 06:50:01 
Duration Download Forstok 12.979285955429 Detik
Duration Looping 700 Data 120.98604798317 Detik 
Total Duration 120.98615813255 Detik 
------------------------- 
Tanggal: 10-10-2021 06:55:02 
Duration Download Forstok 17.626199960709 Detik
Duration Looping 700 Data 123.25940394402 Detik 
Total Duration 123.25951695442 Detik 
------------------------- 
Tanggal: 10-10-2021 07:00:01 
Duration Download Forstok 60.00931596756 Detik
Tanggal: 10-10-2021 07:05:01 
Duration Download Forstok 59.622579813004 Detik
Tanggal: 10-10-2021 07:10:01 
Duration Download Forstok 13.960540056229 Detik
Duration Looping 700 Data 121.72490501404 Detik 
Total Duration 121.72502708435 Detik 
------------------------- 
Tanggal: 10-10-2021 07:15:01 
Duration Download Forstok 19.489207983017 Detik
Duration Looping 700 Data 127.5606238842 Detik 
Total Duration 127.56070494652 Detik 
------------------------- 
Tanggal: 10-10-2021 07:20:01 
Duration Download Forstok 12.13746714592 Detik
Duration Looping 700 Data 121.71400213242 Detik 
Total Duration 121.71412014961 Detik 
------------------------- 
Tanggal: 10-10-2021 07:25:01 
Duration Download Forstok 19.944509029388 Detik
Duration Looping 700 Data 138.89115905762 Detik 
Total Duration 138.8912730217 Detik 
------------------------- 
Tanggal: 10-10-2021 07:30:01 
Duration Download Forstok 11.789848089218 Detik
Duration Looping 700 Data 114.84544706345 Detik 
Total Duration 114.84554505348 Detik 
------------------------- 
Tanggal: 10-10-2021 07:35:01 
Duration Download Forstok 17.303807973862 Detik
Duration Looping 700 Data 129.83751702309 Detik 
Total Duration 129.83759999275 Detik 
------------------------- 
Tanggal: 10-10-2021 07:40:01 
Duration Download Forstok 13.188858985901 Detik
Duration Looping 700 Data 133.90528321266 Detik 
Total Duration 133.90540003777 Detik 
------------------------- 
Tanggal: 10-10-2021 07:45:01 
Duration Download Forstok 15.562355041504 Detik
Duration Looping 700 Data 123.08387494087 Detik 
Total Duration 123.08399891853 Detik 
------------------------- 
Tanggal: 10-10-2021 07:50:01 
Duration Download Forstok 13.406112909317 Detik
Duration Looping 700 Data 119.56499505043 Detik 
Total Duration 119.56508898735 Detik 
------------------------- 
Tanggal: 10-10-2021 07:55:01 
Duration Download Forstok 14.864817142487 Detik
Duration Looping 700 Data 135.29959511757 Detik 
Total Duration 135.29970312119 Detik 
------------------------- 
Tanggal: 10-10-2021 08:00:01 
Duration Download Forstok 14.951494932175 Detik
Duration Looping 700 Data 138.81067585945 Detik 
Total Duration 138.81078505516 Detik 
------------------------- 
Tanggal: 10-10-2021 08:05:01 
Duration Download Forstok 16.585636854172 Detik
Duration Looping 700 Data 122.9192199707 Detik 
Total Duration 122.9193239212 Detik 
------------------------- 
Tanggal: 10-10-2021 08:10:01 
Duration Download Forstok 17.739356040955 Detik
Duration Looping 700 Data 128.91076397896 Detik 
Total Duration 128.9108710289 Detik 
------------------------- 
Tanggal: 10-10-2021 08:15:01 
Duration Download Forstok 22.598655939102 Detik
Duration Looping 700 Data 129.89884901047 Detik 
Total Duration 129.89896297455 Detik 
------------------------- 
Tanggal: 10-10-2021 08:20:01 
Duration Download Forstok 13.861767053604 Detik
Duration Looping 700 Data 126.10152196884 Detik 
Total Duration 126.10163617134 Detik 
------------------------- 
Tanggal: 10-10-2021 08:25:01 
Duration Download Forstok 15.678027868271 Detik
Duration Looping 700 Data 122.71509885788 Detik 
Total Duration 122.71520495415 Detik 
------------------------- 
Tanggal: 10-10-2021 08:30:01 
Duration Download Forstok 11.419578075409 Detik
Duration Looping 700 Data 116.66841101646 Detik 
Total Duration 116.66851115227 Detik 
------------------------- 
Tanggal: 10-10-2021 08:35:01 
Duration Download Forstok 16.052311897278 Detik
Duration Looping 700 Data 124.77391004562 Detik 
Total Duration 124.77401399612 Detik 
------------------------- 
Tanggal: 10-10-2021 08:40:01 
Duration Download Forstok 13.858905076981 Detik
Duration Looping 700 Data 118.72055888176 Detik 
Total Duration 118.7206568718 Detik 
------------------------- 
Tanggal: 10-10-2021 08:45:01 
Duration Download Forstok 23.713757038116 Detik
Duration Looping 700 Data 127.49082708359 Detik 
Total Duration 127.49092912674 Detik 
------------------------- 
Tanggal: 10-10-2021 08:50:01 
Duration Download Forstok 13.399678945541 Detik
Duration Looping 700 Data 119.37502193451 Detik 
Total Duration 119.37512588501 Detik 
------------------------- 
Tanggal: 10-10-2021 08:55:01 
Duration Download Forstok 21.19241809845 Detik
Duration Looping 700 Data 138.30471897125 Detik 
Total Duration 138.30484104156 Detik 
------------------------- 
Tanggal: 10-10-2021 09:00:01 
Duration Download Forstok 14.982437849045 Detik
Duration Looping 700 Data 122.61049485207 Detik 
Total Duration 122.61060094833 Detik 
------------------------- 
Tanggal: 10-10-2021 09:05:01 
Duration Download Forstok 21.536864995956 Detik
Duration Looping 700 Data 132.42259120941 Detik 
Total Duration 132.42270112038 Detik 
------------------------- 
Tanggal: 10-10-2021 09:10:01 
Duration Download Forstok 22.29651594162 Detik
Duration Looping 700 Data 128.74704384804 Detik 
Total Duration 128.74715089798 Detik 
------------------------- 
Tanggal: 10-10-2021 09:15:01 
Duration Download Forstok 20.175017118454 Detik
Duration Looping 700 Data 129.51078510284 Detik 
Total Duration 129.51089811325 Detik 
------------------------- 
Tanggal: 10-10-2021 09:20:01 
Duration Download Forstok 11.259299993515 Detik
Duration Looping 700 Data 121.50074315071 Detik 
Total Duration 121.5008649826 Detik 
------------------------- 
Tanggal: 10-10-2021 09:25:01 
Duration Download Forstok 22.018214941025 Detik
Duration Looping 700 Data 130.05547404289 Detik 
Total Duration 130.055560112 Detik 
------------------------- 
Tanggal: 10-10-2021 09:30:01 
Duration Download Forstok 15.340832948685 Detik
Duration Looping 700 Data 122.9123840332 Detik 
Total Duration 122.91248893738 Detik 
------------------------- 
Tanggal: 10-10-2021 09:35:01 
Duration Download Forstok 18.802947998047 Detik
Duration Looping 700 Data 136.12453913689 Detik 
Total Duration 136.12465715408 Detik 
------------------------- 
Tanggal: 10-10-2021 09:40:01 
Duration Download Forstok 17.206057071686 Detik
Duration Looping 700 Data 126.91654801369 Detik 
Total Duration 126.91665506363 Detik 
------------------------- 
Tanggal: 10-10-2021 09:45:01 
Duration Download Forstok 16.659602880478 Detik
Duration Looping 700 Data 130.56592583656 Detik 
Total Duration 130.56605195999 Detik 
------------------------- 
Tanggal: 10-10-2021 09:50:01 
Duration Download Forstok 13.157464027405 Detik
Duration Looping 700 Data 116.6800570488 Detik 
Total Duration 116.68015813828 Detik 
------------------------- 
Tanggal: 10-10-2021 09:55:01 
Duration Download Forstok 20.6186439991 Detik
Duration Looping 700 Data 127.86527204514 Detik 
Total Duration 127.86538505554 Detik 
------------------------- 
Tanggal: 10-10-2021 10:00:01 
Duration Download Forstok 14.346339941025 Detik
Duration Looping 700 Data 125.74404382706 Detik 
Total Duration 125.744150877 Detik 
------------------------- 
Tanggal: 10-10-2021 10:05:01 
Duration Download Forstok 23.304918050766 Detik
Duration Looping 700 Data 130.0370759964 Detik 
Total Duration 130.03718209267 Detik 
------------------------- 
Tanggal: 10-10-2021 10:10:01 
Duration Download Forstok 23.26353096962 Detik
Duration Looping 700 Data 138.59621977806 Detik 
Total Duration 138.59632778168 Detik 
------------------------- 
Tanggal: 10-10-2021 10:15:01 
Duration Download Forstok 17.834605932236 Detik
Duration Looping 700 Data 128.38197112083 Detik 
Total Duration 128.38208413124 Detik 
------------------------- 
Tanggal: 10-10-2021 10:20:01 
Duration Download Forstok 12.773746013641 Detik
Duration Looping 700 Data 121.15817594528 Detik 
Total Duration 121.15829396248 Detik 
------------------------- 
Tanggal: 10-10-2021 10:25:01 
Duration Download Forstok 18.30033993721 Detik
Duration Looping 700 Data 123.30076289177 Detik 
Total Duration 123.3008749485 Detik 
------------------------- 
Tanggal: 10-10-2021 10:30:01 
Duration Download Forstok 12.055845975876 Detik
Duration Looping 700 Data 119.02860093117 Detik 
Total Duration 119.02870297432 Detik 
------------------------- 
Tanggal: 10-10-2021 10:35:01 
Duration Download Forstok 17.17678809166 Detik
Duration Looping 700 Data 126.0840690136 Detik 
Total Duration 126.08420610428 Detik 
------------------------- 
Tanggal: 10-10-2021 10:40:01 
Duration Download Forstok 14.876327991486 Detik
Duration Looping 700 Data 123.59260106087 Detik 
Total Duration 123.59270596504 Detik 
------------------------- 
Tanggal: 10-10-2021 10:45:01 
Duration Download Forstok 20.213244915009 Detik
Duration Looping 700 Data 145.14507889748 Detik 
Total Duration 145.1452050209 Detik 
------------------------- 
Tanggal: 10-10-2021 10:50:01 
Duration Download Forstok 16.414011955261 Detik
Duration Looping 700 Data 127.6881980896 Detik 
Total Duration 127.68832492828 Detik 
------------------------- 
Tanggal: 10-10-2021 10:55:01 
Duration Download Forstok 19.193958997726 Detik
Duration Looping 700 Data 132.27545285225 Detik 
Total Duration 132.27557301521 Detik 
------------------------- 
Tanggal: 10-10-2021 11:00:01 
Duration Download Forstok 14.923707962036 Detik
Duration Looping 700 Data 121.21761202812 Detik 
Total Duration 121.21772003174 Detik 
------------------------- 
Tanggal: 10-10-2021 11:05:01 
Duration Download Forstok 24.080088853836 Detik
Duration Looping 700 Data 131.35951590538 Detik 
Total Duration 131.359623909 Detik 
------------------------- 
Tanggal: 10-10-2021 11:10:01 
Duration Download Forstok 22.43985080719 Detik
Duration Looping 700 Data 136.1744890213 Detik 
Total Duration 136.17459988594 Detik 
------------------------- 
Tanggal: 10-10-2021 11:15:01 
Duration Download Forstok 14.75745511055 Detik
Duration Looping 700 Data 129.05378699303 Detik 
Total Duration 129.0539059639 Detik 
------------------------- 
Tanggal: 10-10-2021 11:20:01 
Duration Download Forstok 11.185232877731 Detik
Duration Looping 700 Data 122.67154788971 Detik 
Total Duration 122.67165803909 Detik 
------------------------- 
Tanggal: 10-10-2021 11:25:01 
Duration Download Forstok 19.420839071274 Detik
Duration Looping 700 Data 137.00325894356 Detik 
Total Duration 137.00337791443 Detik 
------------------------- 
Tanggal: 10-10-2021 11:30:01 
Duration Download Forstok 13.293743848801 Detik
Duration Looping 700 Data 120.04960989952 Detik 
Total Duration 120.04968881607 Detik 
------------------------- 
Tanggal: 10-10-2021 11:35:01 
Duration Download Forstok 16.381357908249 Detik
Duration Looping 700 Data 127.39790487289 Detik 
Total Duration 127.39801001549 Detik 
------------------------- 
Tanggal: 10-10-2021 11:40:01 
Duration Download Forstok 11.770416021347 Detik
Duration Looping 700 Data 118.8776049614 Detik 
Total Duration 118.87770390511 Detik 
------------------------- 
Tanggal: 10-10-2021 11:45:01 
Duration Download Forstok 20.28449511528 Detik
Duration Looping 700 Data 127.24212217331 Detik 
Total Duration 127.24222707748 Detik 
------------------------- 
Tanggal: 10-10-2021 11:50:01 
Duration Download Forstok 15.071390867233 Detik
Duration Looping 700 Data 122.52778697014 Detik 
Total Duration 122.52789092064 Detik 
------------------------- 
Tanggal: 10-10-2021 11:55:01 
Duration Download Forstok 22.915761947632 Detik
Duration Looping 700 Data 131.80552601814 Detik 
Total Duration 131.80564713478 Detik 
------------------------- 
Tanggal: 10-10-2021 12:00:01 
Duration Download Forstok 15.039341926575 Detik
Duration Looping 700 Data 127.82912993431 Detik 
Total Duration 127.82923293114 Detik 
------------------------- 
Tanggal: 10-10-2021 12:05:01 
Duration Download Forstok 18.238851070404 Detik
Duration Looping 700 Data 127.2987601757 Detik 
Total Duration 127.29887914658 Detik 
------------------------- 
Tanggal: 10-10-2021 12:10:01 
Duration Download Forstok 17.437634944916 Detik
Duration Looping 700 Data 120.33669090271 Detik 
Total Duration 120.33679699898 Detik 
------------------------- 
Tanggal: 10-10-2021 12:15:01 
Duration Download Forstok 17.83678483963 Detik
Duration Looping 700 Data 123.78906583786 Detik 
Total Duration 123.78918004036 Detik 
------------------------- 
Tanggal: 10-10-2021 12:20:01 
Duration Download Forstok 12.356477975845 Detik
Duration Looping 700 Data 121.89358186722 Detik 
Total Duration 121.89370584488 Detik 
------------------------- 
Tanggal: 10-10-2021 12:25:01 
Duration Download Forstok 19.863193035126 Detik
Duration Looping 700 Data 127.93960404396 Detik 
Total Duration 127.93972301483 Detik 
------------------------- 
Tanggal: 10-10-2021 12:30:01 
Duration Download Forstok 11.906078100204 Detik
Duration Looping 700 Data 115.08273816109 Detik 
Total Duration 115.08283305168 Detik 
------------------------- 
Tanggal: 10-10-2021 12:35:01 
Duration Download Forstok 23.277614831924 Detik
Duration Looping 700 Data 132.05850195885 Detik 
Total Duration 132.05861282349 Detik 
------------------------- 
Tanggal: 10-10-2021 12:40:01 
Duration Download Forstok 15.375238180161 Detik
Duration Looping 700 Data 121.35548901558 Detik 
Total Duration 121.35559511185 Detik 
------------------------- 
Tanggal: 10-10-2021 12:45:01 
Duration Download Forstok 18.711649894714 Detik
Duration Looping 700 Data 128.51040291786 Detik 
Total Duration 128.51051688194 Detik 
------------------------- 
Tanggal: 10-10-2021 12:50:01 
Duration Download Forstok 14.302552938461 Detik
Duration Looping 700 Data 121.50730800629 Detik 
Total Duration 121.5074160099 Detik 
------------------------- 
Tanggal: 10-10-2021 12:55:01 
Duration Download Forstok 20.917799949646 Detik
Duration Looping 700 Data 129.5651640892 Detik 
Total Duration 129.56529808044 Detik 
------------------------- 
Tanggal: 10-10-2021 13:00:01 
Duration Download Forstok 13.377700090408 Detik
Duration Looping 700 Data 125.78929018974 Detik 
Total Duration 125.78940296173 Detik 
------------------------- 
Tanggal: 10-10-2021 13:05:01 
Duration Download Forstok 16.343621015549 Detik
Duration Looping 700 Data 124.26181697845 Detik 
Total Duration 124.26200199127 Detik 
------------------------- 
Tanggal: 10-10-2021 13:10:01 
Duration Download Forstok 21.619804143906 Detik
Duration Looping 700 Data 125.51686310768 Detik 
Total Duration 125.51697397232 Detik 
------------------------- 
Tanggal: 10-10-2021 13:15:01 
Duration Download Forstok 23.06453704834 Detik
Duration Looping 700 Data 131.46770811081 Detik 
Total Duration 131.46781611443 Detik 
------------------------- 
Tanggal: 10-10-2021 13:20:01 
Duration Download Forstok 13.224617004395 Detik
Duration Looping 700 Data 117.79404211044 Detik 
Total Duration 117.79414200783 Detik 
------------------------- 
Tanggal: 10-10-2021 13:25:01 
Duration Download Forstok 21.700286149979 Detik
Duration Looping 700 Data 133.05833506584 Detik 
Total Duration 133.05844497681 Detik 
------------------------- 
Tanggal: 10-10-2021 13:30:01 
Duration Download Forstok 13.002834796906 Detik
Duration Looping 700 Data 127.49772286415 Detik 
Total Duration 127.49783992767 Detik 
------------------------- 
Tanggal: 10-10-2021 13:35:01 
Duration Download Forstok 16.888651847839 Detik
Duration Looping 700 Data 137.14660096169 Detik 
Total Duration 137.14671587944 Detik 
------------------------- 
Tanggal: 10-10-2021 13:40:01 
Duration Download Forstok 14.777666091919 Detik
Duration Looping 700 Data 128.03643012047 Detik 
Total Duration 128.03653907776 Detik 
------------------------- 
Tanggal: 10-10-2021 13:45:01 
Duration Download Forstok 16.226569890976 Detik
Duration Looping 700 Data 126.98129200935 Detik 
Total Duration 126.98140001297 Detik 
------------------------- 
Tanggal: 10-10-2021 13:50:01 
Duration Download Forstok 15.917408943176 Detik
Duration Looping 700 Data 124.02288603783 Detik 
Total Duration 124.02299690247 Detik 
------------------------- 
Tanggal: 10-10-2021 13:55:01 
Duration Download Forstok 19.673986911774 Detik
Duration Looping 700 Data 131.35057997704 Detik 
Total Duration 131.35069298744 Detik 
------------------------- 
Tanggal: 10-10-2021 14:00:01 
Duration Download Forstok 13.186959981918 Detik
Duration Looping 700 Data 121.27263498306 Detik 
Total Duration 121.27274084091 Detik 
------------------------- 
Tanggal: 10-10-2021 14:05:01 
Duration Download Forstok 21.00949716568 Detik
Duration Looping 700 Data 147.99924898148 Detik 
Total Duration 147.99935698509 Detik 
------------------------- 
Tanggal: 10-10-2021 14:10:01 
Duration Download Forstok 18.043044090271 Detik
Duration Looping 700 Data 130.6712770462 Detik 
Total Duration 130.67138504982 Detik 
------------------------- 
Tanggal: 10-10-2021 14:15:01 
Duration Download Forstok 18.93417596817 Detik
Duration Looping 700 Data 128.63664889336 Detik 
Total Duration 128.6367688179 Detik 
------------------------- 
Tanggal: 10-10-2021 14:20:01 
Duration Download Forstok 15.175300121307 Detik
Duration Looping 700 Data 127.54601693153 Detik 
Total Duration 127.54612207413 Detik 
------------------------- 
Tanggal: 10-10-2021 14:25:01 
Duration Download Forstok 18.335966825485 Detik
Duration Looping 700 Data 129.42227983475 Detik 
Total Duration 129.42239689827 Detik 
------------------------- 
Tanggal: 10-10-2021 14:30:01 
Duration Download Forstok 15.101067066193 Detik
Duration Looping 700 Data 123.70366001129 Detik 
Total Duration 123.70376896858 Detik 
------------------------- 
Tanggal: 10-10-2021 14:35:01 
Duration Download Forstok 20.762151956558 Detik
Duration Looping 700 Data 134.55761790276 Detik 
Total Duration 134.55770301819 Detik 
------------------------- 
Tanggal: 10-10-2021 14:40:01 
Duration Download Forstok 14.254731893539 Detik
Duration Looping 700 Data 131.25194597244 Detik 
Total Duration 131.25205993652 Detik 
------------------------- 
Tanggal: 10-10-2021 14:45:01 
Duration Download Forstok 19.370444059372 Detik
Duration Looping 700 Data 127.03073906898 Detik 
Total Duration 127.03091216087 Detik 
------------------------- 
Tanggal: 10-10-2021 14:50:02 
Duration Download Forstok 22.555785179138 Detik
Duration Looping 700 Data 130.93543219566 Detik 
Total Duration 130.93554210663 Detik 
------------------------- 
Tanggal: 10-10-2021 14:55:01 
Duration Download Forstok 18.316752195358 Detik
Duration Looping 700 Data 123.70575404167 Detik 
Total Duration 123.7058801651 Detik 
------------------------- 
Tanggal: 10-10-2021 15:00:01 
Duration Download Forstok 12.378556966782 Detik
Duration Looping 700 Data 122.22510504723 Detik 
Total Duration 122.22524189949 Detik 
------------------------- 
Tanggal: 10-10-2021 15:05:01 
Duration Download Forstok 17.433559894562 Detik
Duration Looping 700 Data 128.00626683235 Detik 
Total Duration 128.00638389587 Detik 
------------------------- 
Tanggal: 10-10-2021 15:10:01 
Duration Download Forstok 29.294998884201 Detik
Duration Looping 700 Data 142.32394194603 Detik 
Total Duration 142.32406306267 Detik 
------------------------- 
Tanggal: 10-10-2021 15:15:01 
Duration Download Forstok 17.186272144318 Detik
Duration Looping 700 Data 123.67667913437 Detik 
Total Duration 123.67676019669 Detik 
------------------------- 
Tanggal: 10-10-2021 15:20:01 
Duration Download Forstok 13.46804189682 Detik
Duration Looping 700 Data 124.4749879837 Detik 
Total Duration 124.47509288788 Detik 
------------------------- 
Tanggal: 10-10-2021 15:25:01 
Duration Download Forstok 16.754040002823 Detik
Duration Looping 700 Data 132.92797017097 Detik 
Total Duration 132.92814016342 Detik 
------------------------- 
Tanggal: 10-10-2021 15:30:01 
Duration Download Forstok 14.081684827805 Detik
Duration Looping 700 Data 125.54917383194 Detik 
Total Duration 125.54927587509 Detik 
------------------------- 
Tanggal: 10-10-2021 15:35:01 
Duration Download Forstok 23.948472976685 Detik
Duration Looping 700 Data 133.87649202347 Detik 
Total Duration 133.87658286095 Detik 
------------------------- 
Tanggal: 10-10-2021 15:40:02 
Duration Download Forstok 13.223370075226 Detik
Duration Looping 700 Data 121.14720892906 Detik 
Total Duration 121.14732408524 Detik 
------------------------- 
Tanggal: 10-10-2021 15:45:01 
Duration Download Forstok 27.932836055756 Detik
Duration Looping 700 Data 139.48115110397 Detik 
Total Duration 139.48129200935 Detik 
------------------------- 
Tanggal: 10-10-2021 15:50:01 
Duration Download Forstok 16.043271064758 Detik
Duration Looping 700 Data 127.40316987038 Detik 
Total Duration 127.40327596664 Detik 
------------------------- 
Tanggal: 10-10-2021 15:55:01 
Duration Download Forstok 21.549819946289 Detik
Duration Looping 700 Data 132.31197094917 Detik 
Total Duration 132.31206083298 Detik 
------------------------- 
Tanggal: 10-10-2021 16:00:01 
Duration Download Forstok 17.618123054504 Detik
Duration Looping 700 Data 122.27669906616 Detik 
Total Duration 122.27680301666 Detik 
------------------------- 
Tanggal: 10-10-2021 16:05:01 
Duration Download Forstok 19.473117113113 Detik
Duration Looping 700 Data 129.57191205025 Detik 
Total Duration 129.57203412056 Detik 
------------------------- 
Tanggal: 10-10-2021 16:10:01 
Duration Download Forstok 23.632489919662 Detik
Duration Looping 700 Data 140.30518698692 Detik 
Total Duration 140.30531191826 Detik 
------------------------- 
Tanggal: 10-10-2021 16:15:01 
Duration Download Forstok 16.013107061386 Detik
Duration Looping 700 Data 126.35867905617 Detik 
Total Duration 126.35878705978 Detik 
------------------------- 
Tanggal: 10-10-2021 16:20:01 
Duration Download Forstok 14.638168811798 Detik
Duration Looping 700 Data 129.08910083771 Detik 
Total Duration 129.08921194077 Detik 
------------------------- 
Tanggal: 10-10-2021 16:25:01 
Duration Download Forstok 21.024720907211 Detik
Duration Looping 700 Data 139.7553050518 Detik 
Total Duration 139.75542593002 Detik 
------------------------- 
Tanggal: 10-10-2021 16:30:01 
Duration Download Forstok 15.375794172287 Detik
Duration Looping 700 Data 119.16410398483 Detik 
Total Duration 119.16420602798 Detik 
------------------------- 
Tanggal: 10-10-2021 16:35:01 
Duration Download Forstok 21.362300872803 Detik
Duration Looping 700 Data 130.29010391235 Detik 
Total Duration 130.29021883011 Detik 
------------------------- 
Tanggal: 10-10-2021 16:40:01 
Duration Download Forstok 17.023268938065 Detik
Duration Looping 700 Data 125.2603969574 Detik 
Total Duration 125.26051497459 Detik 
------------------------- 
Tanggal: 10-10-2021 16:45:01 
Duration Download Forstok 23.601681947708 Detik
Duration Looping 700 Data 130.64972305298 Detik 
Total Duration 130.64983296394 Detik 
------------------------- 
Tanggal: 10-10-2021 16:50:01 
Duration Download Forstok 15.430128097534 Detik
Duration Looping 700 Data 123.98982310295 Detik 
Total Duration 123.98993206024 Detik 
------------------------- 
Tanggal: 10-10-2021 16:55:02 
Duration Download Forstok 15.642663002014 Detik
Duration Looping 700 Data 129.16195988655 Detik 
Total Duration 129.16207909584 Detik 
------------------------- 
Tanggal: 10-10-2021 17:00:01 
Duration Download Forstok 11.606482028961 Detik
Duration Looping 700 Data 122.28886604309 Detik 
Total Duration 122.28898406029 Detik 
------------------------- 
Tanggal: 10-10-2021 17:05:01 
Duration Download Forstok 21.831476926804 Detik
Duration Looping 700 Data 130.22441387177 Detik 
Total Duration 130.22452306747 Detik 
------------------------- 
Tanggal: 10-10-2021 17:10:01 
Duration Download Forstok 21.099792003632 Detik
Duration Looping 700 Data 127.60118794441 Detik 
Total Duration 127.60128092766 Detik 
------------------------- 
Tanggal: 10-10-2021 17:15:01 
Duration Download Forstok 14.334719896317 Detik
Duration Looping 700 Data 125.56239390373 Detik 
Total Duration 125.56250286102 Detik 
------------------------- 
Tanggal: 10-10-2021 17:20:01 
Duration Download Forstok 12.216753005981 Detik
Duration Looping 700 Data 121.87151312828 Detik 
Total Duration 121.87164711952 Detik 
------------------------- 
Tanggal: 10-10-2021 17:25:01 
Duration Download Forstok 19.453911781311 Detik
Duration Looping 700 Data 130.11436986923 Detik 
Total Duration 130.11447882652 Detik 
------------------------- 
Tanggal: 10-10-2021 17:30:01 
Duration Download Forstok 13.503572225571 Detik
Duration Looping 700 Data 126.49705410004 Detik 
Total Duration 126.49712705612 Detik 
------------------------- 
Tanggal: 10-10-2021 17:35:01 
Duration Download Forstok 20.426680088043 Detik
Duration Looping 700 Data 129.85717701912 Detik 
Total Duration 129.85728096962 Detik 
------------------------- 
Tanggal: 10-10-2021 17:40:01 
Duration Download Forstok 32.022362947464 Detik
Duration Looping 700 Data 136.90966582298 Detik 
Total Duration 136.90976881981 Detik 
------------------------- 
Tanggal: 10-10-2021 17:45:01 
Duration Download Forstok 24.594959974289 Detik
Duration Looping 700 Data 143.06962680817 Detik 
Total Duration 143.0697388649 Detik 
------------------------- 
Tanggal: 10-10-2021 17:50:01 
Duration Download Forstok 13.597618103027 Detik
Duration Looping 700 Data 117.90868902206 Detik 
Total Duration 117.90878891945 Detik 
------------------------- 
Tanggal: 10-10-2021 17:55:01 
Duration Download Forstok 18.379460096359 Detik
Duration Looping 700 Data 123.57942199707 Detik 
Total Duration 123.57953310013 Detik 
------------------------- 
Tanggal: 10-10-2021 18:00:01 
Duration Download Forstok 16.466633081436 Detik
Duration Looping 700 Data 123.67222905159 Detik 
Total Duration 123.67233705521 Detik 
------------------------- 
Tanggal: 10-10-2021 18:05:01 
Duration Download Forstok 26.364458084106 Detik
Duration Looping 700 Data 130.75391316414 Detik 
Total Duration 130.75402212143 Detik 
------------------------- 
Tanggal: 10-10-2021 18:10:01 
Duration Download Forstok 21.094154119492 Detik
Duration Looping 700 Data 133.30015397072 Detik 
Total Duration 133.30025601387 Detik 
------------------------- 
Tanggal: 10-10-2021 18:15:01 
Duration Download Forstok 22.810169935226 Detik
Duration Looping 700 Data 128.29320383072 Detik 
Total Duration 128.29331994057 Detik 
------------------------- 
Tanggal: 10-10-2021 18:20:01 
Duration Download Forstok 13.488761901855 Detik
Duration Looping 700 Data 126.41348195076 Detik 
Total Duration 126.41358590126 Detik 
------------------------- 
Tanggal: 10-10-2021 18:25:01 
Duration Download Forstok 19.138269901276 Detik
Duration Looping 700 Data 127.68360900879 Detik 
Total Duration 127.68371796608 Detik 
------------------------- 
Tanggal: 10-10-2021 18:30:01 
Duration Download Forstok 14.478173971176 Detik
Duration Looping 700 Data 126.2384428978 Detik 
Total Duration 126.23856496811 Detik 
------------------------- 
Tanggal: 10-10-2021 18:35:01 
Duration Download Forstok 23.392468929291 Detik
Duration Looping 700 Data 145.78033590317 Detik 
Total Duration 145.78043889999 Detik 
------------------------- 
Tanggal: 10-10-2021 18:40:01 
Duration Download Forstok 16.070739030838 Detik
Duration Looping 700 Data 127.13516497612 Detik 
Total Duration 127.13527417183 Detik 
------------------------- 
Tanggal: 10-10-2021 18:45:01 
Duration Download Forstok 17.943492889404 Detik
Duration Looping 700 Data 136.62399506569 Detik 
Total Duration 136.62409806252 Detik 
------------------------- 
Tanggal: 10-10-2021 18:50:01 
Duration Download Forstok 13.251596927643 Detik
Duration Looping 700 Data 121.12368988991 Detik 
Total Duration 121.12379908562 Detik 
------------------------- 
Tanggal: 10-10-2021 18:55:01 
Duration Download Forstok 24.325246095657 Detik
Duration Looping 700 Data 140.05082297325 Detik 
Total Duration 140.05090498924 Detik 
------------------------- 
Tanggal: 10-10-2021 19:00:01 
Duration Download Forstok 15.788059949875 Detik
Duration Looping 700 Data 129.35323596001 Detik 
Total Duration 129.35334587097 Detik 
------------------------- 
Tanggal: 10-10-2021 19:05:02 
Duration Download Forstok 14.303359985352 Detik
Duration Looping 700 Data 125.110060215 Detik 
Total Duration 125.11018300056 Detik 
------------------------- 
Tanggal: 10-10-2021 19:10:01 
Duration Download Forstok 19.832450866699 Detik
Duration Looping 700 Data 132.20114183426 Detik 
Total Duration 132.2012488842 Detik 
------------------------- 
Tanggal: 10-10-2021 19:15:01 
Duration Download Forstok 24.397243022919 Detik
Duration Looping 700 Data 133.01369094849 Detik 
Total Duration 133.01380801201 Detik 
------------------------- 
Tanggal: 10-10-2021 19:20:01 
Duration Download Forstok 14.217945814133 Detik
Duration Looping 700 Data 125.11078882217 Detik 
Total Duration 125.11090087891 Detik 
------------------------- 
Tanggal: 10-10-2021 19:25:01 
Duration Download Forstok 17.348379850388 Detik
Duration Looping 700 Data 132.84249091148 Detik 
Total Duration 132.84260797501 Detik 
------------------------- 
Tanggal: 10-10-2021 19:30:02 
Duration Download Forstok 13.461318969727 Detik
Duration Looping 700 Data 122.89901804924 Detik 
Total Duration 122.89912796021 Detik 
------------------------- 
Tanggal: 10-10-2021 19:35:01 
Duration Download Forstok 22.215207099915 Detik
Duration Looping 700 Data 144.66117596626 Detik 
Total Duration 144.66127896309 Detik 
------------------------- 
Tanggal: 10-10-2021 19:40:01 
Duration Download Forstok 22.599437952042 Detik
Duration Looping 700 Data 130.28687596321 Detik 
Total Duration 130.28698706627 Detik 
------------------------- 
Tanggal: 10-10-2021 19:45:01 
Duration Download Forstok 19.139946937561 Detik
Duration Looping 700 Data 132.52227592468 Detik 
Total Duration 132.52239990234 Detik 
------------------------- 
Tanggal: 10-10-2021 19:50:01 
Duration Download Forstok 15.645375013351 Detik
Duration Looping 700 Data 122.30504202843 Detik 
Total Duration 122.30514788628 Detik 
------------------------- 
Tanggal: 10-10-2021 19:55:01 
Duration Download Forstok 21.625977039337 Detik
Duration Looping 700 Data 141.23095393181 Detik 
Total Duration 141.23106598854 Detik 
------------------------- 
Tanggal: 10-10-2021 20:00:01 
Duration Download Forstok 14.72859287262 Detik
Duration Looping 700 Data 124.32800889015 Detik 
Total Duration 124.32811808586 Detik 
------------------------- 
Tanggal: 10-10-2021 20:05:01 
Duration Download Forstok 15.260499000549 Detik
Duration Looping 700 Data 125.95025801659 Detik 
Total Duration 125.9503660202 Detik 
------------------------- 
Tanggal: 10-10-2021 20:10:01 
Duration Download Forstok 26.897415876389 Detik
Duration Looping 700 Data 142.77181100845 Detik 
Total Duration 142.77191591263 Detik 
------------------------- 
Tanggal: 10-10-2021 20:15:01 
Duration Download Forstok 20.10835814476 Detik
Duration Looping 700 Data 139.28851103783 Detik 
Total Duration 139.28862810135 Detik 
------------------------- 
Tanggal: 10-10-2021 20:20:01 
Duration Download Forstok 12.641664028168 Detik
Duration Looping 700 Data 124.39687919617 Detik 
Total Duration 124.39698719978 Detik 
------------------------- 
Tanggal: 10-10-2021 20:25:01 
Duration Download Forstok 16.827554941177 Detik
Duration Looping 700 Data 130.0710568428 Detik 
Total Duration 130.07116293907 Detik 
------------------------- 
Tanggal: 10-10-2021 20:30:01 
Duration Download Forstok 13.378762960434 Detik
Duration Looping 700 Data 127.21040606499 Detik 
Total Duration 127.21051597595 Detik 
------------------------- 
Tanggal: 10-10-2021 20:35:01 
Duration Download Forstok 27.859700918198 Detik
Duration Looping 700 Data 140.74547386169 Detik 
Total Duration 140.74557495117 Detik 
------------------------- 
Tanggal: 10-10-2021 20:40:01 
Duration Download Forstok 13.662951946259 Detik
Duration Looping 700 Data 121.77363586426 Detik 
Total Duration 121.7737429142 Detik 
------------------------- 
Tanggal: 10-10-2021 20:45:01 
Duration Download Forstok 22.726741075516 Detik
Duration Looping 700 Data 130.79435300827 Detik 
Total Duration 130.79445695877 Detik 
------------------------- 
Tanggal: 10-10-2021 20:50:01 
Duration Download Forstok 11.799618959427 Detik
Duration Looping 700 Data 131.00182700157 Detik 
Total Duration 131.00194001198 Detik 
------------------------- 
Tanggal: 10-10-2021 20:55:01 
Duration Download Forstok 17.423062086105 Detik
Duration Looping 700 Data 126.74960589409 Detik 
Total Duration 126.7497150898 Detik 
------------------------- 
Tanggal: 10-10-2021 21:00:01 
Duration Download Forstok 13.028712034225 Detik
Duration Looping 700 Data 119.759775877 Detik 
Total Duration 119.75990390778 Detik 
------------------------- 
Tanggal: 10-10-2021 21:05:01 
Duration Download Forstok 19.775780916214 Detik
Duration Looping 700 Data 128.44661283493 Detik 
Total Duration 128.44671487808 Detik 
------------------------- 
Tanggal: 10-10-2021 21:10:01 
Duration Download Forstok 27.643959999084 Detik
Duration Looping 700 Data 134.22117710114 Detik 
Total Duration 134.22127699852 Detik 
------------------------- 
Tanggal: 10-10-2021 21:15:01 
Duration Download Forstok 20.575294971466 Detik
Duration Looping 700 Data 129.44750785828 Detik 
Total Duration 129.44762897491 Detik 
------------------------- 
Tanggal: 10-10-2021 21:20:01 
Duration Download Forstok 14.595308065414 Detik
Duration Looping 700 Data 123.82890701294 Detik 
Total Duration 123.82901501656 Detik 
------------------------- 
Tanggal: 10-10-2021 21:25:01 
Duration Download Forstok 18.007977962494 Detik
Duration Looping 700 Data 123.58451485634 Detik 
Total Duration 123.58463692665 Detik 
------------------------- 
Tanggal: 10-10-2021 21:30:02 
Duration Download Forstok 12.265926122665 Detik
Duration Looping 700 Data 122.38145112991 Detik 
Total Duration 122.38156795502 Detik 
------------------------- 
Tanggal: 10-10-2021 21:35:01 
Duration Download Forstok 14.518035888672 Detik
Duration Looping 700 Data 125.10246682167 Detik 
Total Duration 125.1025788784 Detik 
------------------------- 
Tanggal: 10-10-2021 21:40:01 
Duration Download Forstok 24.473140954971 Detik
Duration Looping 700 Data 137.34826493263 Detik 
Total Duration 137.34837579727 Detik 
------------------------- 
Tanggal: 10-10-2021 21:45:01 
Duration Download Forstok 17.584142923355 Detik
Duration Looping 700 Data 125.95191693306 Detik 
Total Duration 125.95202898979 Detik 
------------------------- 
Tanggal: 10-10-2021 21:50:01 
Duration Download Forstok 13.738086938858 Detik
Duration Looping 700 Data 117.78446698189 Detik 
Total Duration 117.7845749855 Detik 
------------------------- 
Tanggal: 10-10-2021 21:55:01 
Duration Download Forstok 19.423538923264 Detik
Duration Looping 700 Data 123.98578691483 Detik 
Total Duration 123.98589301109 Detik 
------------------------- 
Tanggal: 10-10-2021 22:00:01 
Duration Download Forstok 13.936761140823 Detik
Duration Looping 700 Data 119.47810912132 Detik 
Total Duration 119.47820115089 Detik 
------------------------- 
Tanggal: 10-10-2021 22:05:01 
Duration Download Forstok 18.345866918564 Detik
Duration Looping 700 Data 123.55019807816 Detik 
Total Duration 123.55031704903 Detik 
------------------------- 
Tanggal: 10-10-2021 22:10:01 
Duration Download Forstok 20.079827070236 Detik
Duration Looping 700 Data 128.93838596344 Detik 
Total Duration 128.93849897385 Detik 
------------------------- 
Tanggal: 10-10-2021 22:15:01 
Duration Download Forstok 15.984135150909 Detik
Duration Looping 700 Data 123.28916811943 Detik 
Total Duration 123.28929615021 Detik 
------------------------- 
Tanggal: 10-10-2021 22:20:01 
Duration Download Forstok 12.30554485321 Detik
Duration Looping 700 Data 125.31858801842 Detik 
Total Duration 125.31869482994 Detik 
------------------------- 
Tanggal: 10-10-2021 22:25:01 
Duration Download Forstok 21.814203023911 Detik
Duration Looping 700 Data 130.66210317612 Detik 
Total Duration 130.66221618652 Detik 
------------------------- 
Tanggal: 10-10-2021 22:30:01 
Duration Download Forstok 13.287886142731 Detik
Duration Looping 700 Data 120.36853718758 Detik 
Total Duration 120.36864113808 Detik 
------------------------- 
Tanggal: 10-10-2021 22:35:01 
Duration Download Forstok 14.999614953995 Detik
Duration Looping 700 Data 132.31350708008 Detik 
Total Duration 132.31362509727 Detik 
------------------------- 
Tanggal: 10-10-2021 22:40:01 
Duration Download Forstok 13.406597137451 Detik
Duration Looping 700 Data 130.89134216309 Detik 
Total Duration 130.89144515991 Detik 
------------------------- 
Tanggal: 10-10-2021 22:45:01 
Duration Download Forstok 22.597312927246 Detik
Duration Looping 700 Data 133.06843805313 Detik 
Total Duration 133.06854987144 Detik 
------------------------- 
Tanggal: 10-10-2021 22:50:01 
Duration Download Forstok 15.007982969284 Detik
Duration Looping 700 Data 127.4765560627 Detik 
Total Duration 127.47666716576 Detik 
------------------------- 
Tanggal: 10-10-2021 22:55:01 
Duration Download Forstok 13.962136030197 Detik
Duration Looping 700 Data 122.62714004517 Detik 
Total Duration 122.62725305557 Detik 
------------------------- 
Tanggal: 10-10-2021 23:00:01 
Duration Download Forstok 14.452732086182 Detik
Duration Looping 700 Data 126.63060498238 Detik 
Total Duration 126.63071298599 Detik 
------------------------- 
Tanggal: 10-10-2021 23:05:01 
Duration Download Forstok 16.951480150223 Detik
Duration Looping 700 Data 133.83912301064 Detik 
Total Duration 133.83924412727 Detik 
------------------------- 
Tanggal: 10-10-2021 23:10:01 
Duration Download Forstok 24.680735111237 Detik
Duration Looping 700 Data 141.7911901474 Detik 
Total Duration 141.79130101204 Detik 
------------------------- 
Tanggal: 10-10-2021 23:15:01 
Duration Download Forstok 19.316294908524 Detik
Duration Looping 700 Data 126.45944595337 Detik 
Total Duration 126.45952892303 Detik 
------------------------- 
Tanggal: 10-10-2021 23:20:01 
Duration Download Forstok 13.598392963409 Detik
Duration Looping 700 Data 125.20963692665 Detik 
Total Duration 125.20975184441 Detik 
------------------------- 
Tanggal: 10-10-2021 23:25:01 
Duration Download Forstok 19.269240140915 Detik
Duration Looping 700 Data 127.56548309326 Detik 
Total Duration 127.56559705734 Detik 
------------------------- 
Tanggal: 10-10-2021 23:30:01 
Duration Download Forstok 13.129509925842 Detik
Duration Looping 700 Data 144.21421003342 Detik 
Total Duration 144.21432805061 Detik 
------------------------- 
Tanggal: 10-10-2021 23:35:01 
Duration Download Forstok 22.370197057724 Detik
Duration Looping 700 Data 133.38492202759 Detik 
Total Duration 133.38503694534 Detik 
------------------------- 
Tanggal: 10-10-2021 23:40:01 
Duration Download Forstok 26.273943901062 Detik
Duration Looping 700 Data 158.24897098541 Detik 
Total Duration 158.24908399582 Detik 
------------------------- 
Tanggal: 10-10-2021 23:45:01 
Duration Download Forstok 20.018718957901 Detik
Duration Looping 700 Data 136.96130394936 Detik 
Total Duration 136.96142601967 Detik 
------------------------- 
Tanggal: 10-10-2021 23:50:01 
Duration Download Forstok 11.754110097885 Detik
Duration Looping 700 Data 119.78673315048 Detik 
Total Duration 119.78683209419 Detik 
------------------------- 
Tanggal: 10-10-2021 23:55:01 
Duration Download Forstok 16.424893856049 Detik
Duration Looping 700 Data 125.84643292427 Detik 
Total Duration 125.84654688835 Detik 
------------------------- 
