Tanggal: 11-11-2021 00:00:01 
Duration Download Forstok 11.832446098328 Detik
Tanggal: 11-11-2021 00:05:01 
Duration Download Forstok 14.513431072235 Detik
Tanggal: 11-11-2021 00:10:01 
Duration Looping 700 Data 607.41189289093 Detik 
Total Duration 607.41200208664 Detik 
------------------------- 
Duration Looping 700 Data 307.58562898636 Detik 
Total Duration 307.58573412895 Detik 
------------------------- 
Duration Download Forstok 14.274060964584 Detik
Duration Looping 700 Data 144.22162795067 Detik 
Total Duration 144.22170495987 Detik 
------------------------- 
Tanggal: 11-11-2021 00:15:01 
Duration Download Forstok 13.841632127762 Detik
Duration Looping 700 Data 141.37747311592 Detik 
Total Duration 141.37761211395 Detik 
------------------------- 
Tanggal: 11-11-2021 00:20:01 
Duration Download Forstok 13.787930011749 Detik
Duration Looping 700 Data 139.52418494225 Detik 
Total Duration 139.52429389954 Detik 
------------------------- 
Tanggal: 11-11-2021 00:25:02 
Duration Download Forstok 15.453380823135 Detik
Duration Looping 700 Data 152.52817893028 Detik 
Total Duration 152.53401994705 Detik 
------------------------- 
Tanggal: 11-11-2021 00:30:02 
Duration Download Forstok 26.082185029984 Detik
Duration Looping 700 Data 147.9730451107 Detik 
Total Duration 147.97315311432 Detik 
------------------------- 
Tanggal: 11-11-2021 00:35:01 
Duration Download Forstok 13.415848970413 Detik
Duration Looping 700 Data 160.82491588593 Detik 
Total Duration 160.82503581047 Detik 
------------------------- 
Tanggal: 11-11-2021 00:40:01 
Duration Download Forstok 15.648094892502 Detik
Duration Looping 700 Data 141.8867688179 Detik 
Total Duration 141.88688087463 Detik 
------------------------- 
Tanggal: 11-11-2021 00:45:01 
Duration Download Forstok 14.469454050064 Detik
Duration Looping 700 Data 147.11727309227 Detik 
Total Duration 147.1173889637 Detik 
------------------------- 
Tanggal: 11-11-2021 00:50:02 
Duration Download Forstok 13.256453037262 Detik
Duration Looping 700 Data 133.60395002365 Detik 
Total Duration 133.6040661335 Detik 
------------------------- 
Tanggal: 11-11-2021 00:55:01 
Duration Download Forstok 14.432746171951 Detik
Duration Looping 700 Data 137.47858715057 Detik 
Total Duration 137.4787042141 Detik 
------------------------- 
Tanggal: 11-11-2021 01:00:01 
Duration Download Forstok 14.256147861481 Detik
Duration Looping 700 Data 137.3549849987 Detik 
Total Duration 137.35509586334 Detik 
------------------------- 
Tanggal: 11-11-2021 01:05:01 
Duration Download Forstok 15.767966985703 Detik
Duration Looping 700 Data 160.85284090042 Detik 
Total Duration 160.85295200348 Detik 
------------------------- 
Tanggal: 11-11-2021 01:10:01 
Duration Download Forstok 12.450229167938 Detik
Duration Looping 700 Data 135.90252614021 Detik 
Total Duration 135.90263605118 Detik 
------------------------- 
Tanggal: 11-11-2021 01:15:01 
Duration Download Forstok 23.836318969727 Detik
Duration Looping 700 Data 149.06681895256 Detik 
Total Duration 149.06693506241 Detik 
------------------------- 
Tanggal: 11-11-2021 01:20:01 
Duration Download Forstok 15.041664838791 Detik
Duration Looping 700 Data 138.06051898003 Detik 
Total Duration 138.06062698364 Detik 
------------------------- 
Tanggal: 11-11-2021 01:25:01 
Duration Download Forstok 15.000802993774 Detik
Duration Looping 700 Data 141.51041793823 Detik 
Total Duration 141.51053214073 Detik 
------------------------- 
Tanggal: 11-11-2021 01:30:01 
Duration Download Forstok 10.983860969543 Detik
Duration Looping 700 Data 134.23741793633 Detik 
Total Duration 134.23753285408 Detik 
------------------------- 
Tanggal: 11-11-2021 01:35:01 
Duration Download Forstok 12.061764955521 Detik
Duration Looping 700 Data 148.01787900925 Detik 
Total Duration 148.01795601845 Detik 
------------------------- 
Tanggal: 11-11-2021 01:40:01 
Duration Download Forstok 12.906648159027 Detik
Duration Looping 700 Data 135.48802495003 Detik 
Total Duration 135.48813796043 Detik 
------------------------- 
Tanggal: 11-11-2021 01:45:01 
Duration Download Forstok 16.038559913635 Detik
Duration Looping 700 Data 138.45204591751 Detik 
Total Duration 138.45216298103 Detik 
------------------------- 
Tanggal: 11-11-2021 01:50:01 
Duration Download Forstok 10.921875953674 Detik
Duration Looping 700 Data 129.21037983894 Detik 
Total Duration 129.21049594879 Detik 
------------------------- 
Tanggal: 11-11-2021 01:55:01 
Duration Download Forstok 19.57212805748 Detik
Duration Looping 700 Data 151.11203789711 Detik 
Total Duration 151.11215806007 Detik 
------------------------- 
Tanggal: 11-11-2021 02:00:01 
Duration Download Forstok 14.406937837601 Detik
Duration Looping 700 Data 138.58050584793 Detik 
Total Duration 138.58062195778 Detik 
------------------------- 
Tanggal: 11-11-2021 02:05:01 
Duration Download Forstok 11.95828795433 Detik
Duration Looping 700 Data 131.92371606827 Detik 
Total Duration 131.92382502556 Detik 
------------------------- 
Tanggal: 11-11-2021 02:10:01 
Duration Download Forstok 14.160385131836 Detik
Duration Looping 700 Data 132.8267531395 Detik 
Total Duration 132.82687020302 Detik 
------------------------- 
Tanggal: 11-11-2021 02:15:01 
Duration Download Forstok 11.457940101624 Detik
Duration Looping 700 Data 128.3295879364 Detik 
Total Duration 128.32973408699 Detik 
------------------------- 
Tanggal: 11-11-2021 02:20:01 
Duration Download Forstok 12.79697394371 Detik
Duration Looping 700 Data 134.83821487427 Detik 
Total Duration 134.83833384514 Detik 
------------------------- 
Tanggal: 11-11-2021 02:25:01 
Duration Download Forstok 14.937013149261 Detik
Duration Looping 700 Data 151.45205903053 Detik 
Total Duration 151.45217299461 Detik 
------------------------- 
Tanggal: 11-11-2021 02:30:01 
Duration Download Forstok 11.365072965622 Detik
Duration Looping 700 Data 134.86825108528 Detik 
Total Duration 134.86837792397 Detik 
------------------------- 
Tanggal: 11-11-2021 02:35:01 
Duration Download Forstok 13.963207960129 Detik
Duration Looping 700 Data 138.15313100815 Detik 
Total Duration 138.15325498581 Detik 
------------------------- 
Tanggal: 11-11-2021 02:40:01 
Duration Download Forstok 11.307026863098 Detik
Duration Looping 700 Data 135.96966004372 Detik 
Total Duration 135.9697740078 Detik 
------------------------- 
Tanggal: 11-11-2021 02:45:01 
Duration Download Forstok 12.649322032928 Detik
Duration Looping 700 Data 142.88328695297 Detik 
Total Duration 142.88340997696 Detik 
------------------------- 
Tanggal: 11-11-2021 02:50:01 
Duration Download Forstok 13.990921020508 Detik
Duration Looping 700 Data 136.03726100922 Detik 
Total Duration 136.03738307953 Detik 
------------------------- 
Tanggal: 11-11-2021 02:55:01 
Duration Download Forstok 11.170579910278 Detik
Duration Looping 700 Data 128.80656599998 Detik 
Total Duration 128.80668091774 Detik 
------------------------- 
Tanggal: 11-11-2021 03:00:01 
Duration Download Forstok 11.831050157547 Detik
Duration Looping 700 Data 131.07305598259 Detik 
Total Duration 131.07316994667 Detik 
------------------------- 
Tanggal: 11-11-2021 03:05:01 
Duration Download Forstok 14.984026908875 Detik
Duration Looping 700 Data 130.5283870697 Detik 
Total Duration 130.52851605415 Detik 
------------------------- 
Tanggal: 11-11-2021 03:10:01 
Duration Download Forstok 12.719743967056 Detik
Duration Looping 700 Data 132.00901794434 Detik 
Total Duration 132.00913500786 Detik 
------------------------- 
Tanggal: 11-11-2021 03:15:01 
Duration Download Forstok 13.665657043457 Detik
Duration Looping 700 Data 131.45044016838 Detik 
Total Duration 131.45055317879 Detik 
------------------------- 
Tanggal: 11-11-2021 03:20:01 
Duration Download Forstok 10.824429988861 Detik
Duration Looping 700 Data 128.44593286514 Detik 
Total Duration 128.44609594345 Detik 
------------------------- 
Tanggal: 11-11-2021 03:25:01 
Duration Download Forstok 10.645843982697 Detik
Duration Looping 700 Data 126.62553787231 Detik 
Total Duration 126.62565088272 Detik 
------------------------- 
Tanggal: 11-11-2021 03:30:01 
Duration Download Forstok 11.178876876831 Detik
Duration Looping 700 Data 126.64777684212 Detik 
Total Duration 126.6478869915 Detik 
------------------------- 
Tanggal: 11-11-2021 03:35:01 
Duration Download Forstok 10.549484968185 Detik
Duration Looping 700 Data 126.77351808548 Detik 
Total Duration 126.77362990379 Detik 
------------------------- 
Tanggal: 11-11-2021 03:40:01 
Duration Download Forstok 13.558533191681 Detik
Duration Looping 700 Data 135.91935014725 Detik 
Total Duration 135.91946601868 Detik 
------------------------- 
Tanggal: 11-11-2021 03:45:01 
Duration Download Forstok 11.599239110947 Detik
Duration Looping 700 Data 132.66475892067 Detik 
Total Duration 132.66487693787 Detik 
------------------------- 
Tanggal: 11-11-2021 03:50:01 
Duration Download Forstok 10.54554605484 Detik
Duration Looping 700 Data 129.66791701317 Detik 
Total Duration 129.66802716255 Detik 
------------------------- 
Tanggal: 11-11-2021 03:55:01 
Duration Download Forstok 12.857089042664 Detik
Duration Looping 700 Data 137.41770195961 Detik 
Total Duration 137.41781997681 Detik 
------------------------- 
Tanggal: 11-11-2021 04:00:01 
Duration Download Forstok 15.684345006943 Detik
Duration Looping 700 Data 144.21422600746 Detik 
Total Duration 144.21434903145 Detik 
------------------------- 
Tanggal: 11-11-2021 04:05:01 
Duration Download Forstok 12.94634103775 Detik
Duration Looping 700 Data 133.35122013092 Detik 
Total Duration 133.35132598877 Detik 
------------------------- 
Tanggal: 11-11-2021 04:10:01 
Duration Download Forstok 13.854867935181 Detik
Duration Looping 700 Data 128.74862003326 Detik 
Total Duration 128.74873304367 Detik 
------------------------- 
Tanggal: 11-11-2021 04:15:01 
Duration Download Forstok 15.988349914551 Detik
Duration Looping 700 Data 135.93400287628 Detik 
Total Duration 135.93411707878 Detik 
------------------------- 
Tanggal: 11-11-2021 04:20:01 
Duration Download Forstok 17.327276945114 Detik
Duration Looping 700 Data 134.67601394653 Detik 
Total Duration 134.67612504959 Detik 
------------------------- 
Tanggal: 11-11-2021 04:25:01 
Duration Download Forstok 10.89567899704 Detik
Duration Looping 700 Data 130.65131902695 Detik 
Total Duration 130.65142989159 Detik 
------------------------- 
Tanggal: 11-11-2021 04:30:01 
Duration Download Forstok 10.176876068115 Detik
Duration Looping 700 Data 125.15837001801 Detik 
Total Duration 125.15845513344 Detik 
------------------------- 
Tanggal: 11-11-2021 04:35:01 
Duration Download Forstok 13.74339389801 Detik
Duration Looping 700 Data 136.61117386818 Detik 
Total Duration 136.61128783226 Detik 
------------------------- 
Tanggal: 11-11-2021 04:40:01 
Duration Download Forstok 11.380208015442 Detik
Duration Looping 700 Data 130.23022794724 Detik 
Total Duration 130.23034000397 Detik 
------------------------- 
Tanggal: 11-11-2021 04:45:01 
Duration Download Forstok 11.074414014816 Detik
Duration Looping 700 Data 126.26411700249 Detik 
Total Duration 126.26423001289 Detik 
------------------------- 
Tanggal: 11-11-2021 04:50:01 
Duration Download Forstok 11.697010993958 Detik
Duration Looping 700 Data 129.22141599655 Detik 
Total Duration 129.22151303291 Detik 
------------------------- 
Tanggal: 11-11-2021 04:55:02 
Duration Download Forstok 10.678947925568 Detik
Duration Looping 700 Data 144.03121709824 Detik 
Total Duration 144.03132605553 Detik 
------------------------- 
Tanggal: 11-11-2021 05:00:01 
Duration Download Forstok 10.812402963638 Detik
Duration Looping 700 Data 133.65142083168 Detik 
Total Duration 133.65152692795 Detik 
------------------------- 
Tanggal: 11-11-2021 05:05:01 
Duration Download Forstok 14.404719829559 Detik
Duration Looping 700 Data 129.69656682014 Detik 
Total Duration 129.69667291641 Detik 
------------------------- 
Tanggal: 11-11-2021 05:10:01 
Duration Download Forstok 12.291344881058 Detik
Duration Looping 700 Data 127.69288396835 Detik 
Total Duration 127.69299507141 Detik 
------------------------- 
Tanggal: 11-11-2021 05:15:01 
Duration Download Forstok 13.255063056946 Detik
Duration Looping 700 Data 133.17978000641 Detik 
Total Duration 133.17990398407 Detik 
------------------------- 
Tanggal: 11-11-2021 05:20:01 
Duration Download Forstok 12.991734027863 Detik
Duration Looping 700 Data 131.8731098175 Detik 
Total Duration 131.87322187424 Detik 
------------------------- 
Tanggal: 11-11-2021 05:25:01 
Duration Download Forstok 12.508559942245 Detik
Duration Looping 700 Data 127.5466299057 Detik 
Total Duration 127.54674100876 Detik 
------------------------- 
Tanggal: 11-11-2021 05:30:01 
Duration Download Forstok 13.073382854462 Detik
Duration Looping 700 Data 131.5821158886 Detik 
Total Duration 131.58222603798 Detik 
------------------------- 
Tanggal: 11-11-2021 05:35:01 
Duration Download Forstok 12.501852989197 Detik
Duration Looping 700 Data 134.50798201561 Detik 
Total Duration 134.50809502602 Detik 
------------------------- 
Tanggal: 11-11-2021 05:40:01 
Duration Download Forstok 10.706454992294 Detik
Duration Looping 700 Data 143.70446300507 Detik 
Total Duration 143.70457816124 Detik 
------------------------- 
Tanggal: 11-11-2021 05:45:02 
Duration Download Forstok 14.088356018066 Detik
Duration Looping 700 Data 132.68250513077 Detik 
Total Duration 132.68261694908 Detik 
------------------------- 
Tanggal: 11-11-2021 05:50:01 
Duration Download Forstok 11.037868022919 Detik
Duration Looping 700 Data 131.20713591576 Detik 
Total Duration 131.20725107193 Detik 
------------------------- 
Tanggal: 11-11-2021 05:55:01 
Duration Download Forstok 13.186305999756 Detik
Duration Looping 700 Data 137.15675401688 Detik 
Total Duration 137.15687179565 Detik 
------------------------- 
Tanggal: 11-11-2021 06:00:01 
Duration Download Forstok 13.668027877808 Detik
Duration Looping 700 Data 135.32129597664 Detik 
Total Duration 135.32141089439 Detik 
------------------------- 
Tanggal: 11-11-2021 06:05:01 
Duration Download Forstok 13.820271015167 Detik
Duration Looping 700 Data 127.69471287727 Detik 
Total Duration 127.6948299408 Detik 
------------------------- 
Tanggal: 11-11-2021 06:10:01 
Duration Download Forstok 10.469340085983 Detik
Duration Looping 700 Data 124.74971103668 Detik 
Total Duration 124.74982309341 Detik 
------------------------- 
Tanggal: 11-11-2021 06:15:01 
Duration Download Forstok 14.216788053513 Detik
Duration Looping 700 Data 137.46055006981 Detik 
Total Duration 137.46067094803 Detik 
------------------------- 
Tanggal: 11-11-2021 06:20:01 
Duration Download Forstok 11.346616029739 Detik
Duration Looping 700 Data 128.9372279644 Detik 
Total Duration 128.93734097481 Detik 
------------------------- 
Tanggal: 11-11-2021 06:25:01 
Duration Download Forstok 11.840362071991 Detik
Duration Looping 700 Data 131.74754691124 Detik 
Total Duration 131.74766302109 Detik 
------------------------- 
Tanggal: 11-11-2021 06:30:02 
Duration Download Forstok 10.90927195549 Detik
Duration Looping 700 Data 129.11367702484 Detik 
Total Duration 129.11377596855 Detik 
------------------------- 
Tanggal: 11-11-2021 06:35:01 
Duration Download Forstok 13.134980916977 Detik
Duration Looping 700 Data 137.89390492439 Detik 
Total Duration 137.89402484894 Detik 
------------------------- 
Tanggal: 11-11-2021 06:40:01 
Duration Download Forstok 11.875683069229 Detik
Duration Looping 700 Data 127.99010109901 Detik 
Total Duration 127.99022507668 Detik 
------------------------- 
Tanggal: 11-11-2021 06:45:01 
Duration Download Forstok 12.823037147522 Detik
Duration Looping 700 Data 139.27308106422 Detik 
Total Duration 139.27320098877 Detik 
------------------------- 
Tanggal: 11-11-2021 06:50:02 
Duration Download Forstok 12.426129102707 Detik
Duration Looping 700 Data 138.63104009628 Detik 
Total Duration 138.63115906715 Detik 
------------------------- 
Tanggal: 11-11-2021 06:55:01 
Duration Download Forstok 13.353214025497 Detik
Duration Looping 700 Data 138.9040491581 Detik 
Total Duration 138.90414404869 Detik 
------------------------- 
Tanggal: 11-11-2021 07:00:01 
Duration Download Forstok 10.478178024292 Detik
Duration Looping 700 Data 133.3355178833 Detik 
Total Duration 133.33562803268 Detik 
------------------------- 
Tanggal: 11-11-2021 07:05:01 
Duration Download Forstok 12.791739940643 Detik
Duration Looping 700 Data 126.88878798485 Detik 
Total Duration 126.88891291618 Detik 
------------------------- 
Tanggal: 11-11-2021 07:10:01 
Duration Download Forstok 16.26349902153 Detik
Duration Looping 700 Data 148.8860309124 Detik 
Total Duration 148.88617897034 Detik 
------------------------- 
Tanggal: 11-11-2021 07:15:01 
Duration Download Forstok 9.8841090202332 Detik
Duration Looping 700 Data 132.60628700256 Detik 
Total Duration 132.60642004013 Detik 
------------------------- 
Tanggal: 11-11-2021 07:20:01 
Duration Download Forstok 12.208410024643 Detik
Duration Looping 700 Data 134.30026102066 Detik 
Total Duration 134.30037093163 Detik 
------------------------- 
Tanggal: 11-11-2021 07:25:01 
Duration Download Forstok 11.226054906845 Detik
Duration Looping 700 Data 143.40108585358 Detik 
Total Duration 143.40120792389 Detik 
------------------------- 
Tanggal: 11-11-2021 07:30:01 
Duration Download Forstok 16.753947019577 Detik
Duration Looping 700 Data 134.83891797066 Detik 
Total Duration 134.83902812004 Detik 
------------------------- 
Tanggal: 11-11-2021 07:35:01 
Duration Download Forstok 12.981897115707 Detik
Duration Looping 700 Data 135.03896212578 Detik 
Total Duration 135.03907608986 Detik 
------------------------- 
Tanggal: 11-11-2021 07:40:01 
Duration Download Forstok 13.297508955002 Detik
Duration Looping 700 Data 143.30370998383 Detik 
Total Duration 143.30382585526 Detik 
------------------------- 
Tanggal: 11-11-2021 07:45:01 
Duration Download Forstok 13.251924037933 Detik
Duration Looping 700 Data 129.94359588623 Detik 
Total Duration 129.94370889664 Detik 
------------------------- 
Tanggal: 11-11-2021 07:50:01 
Duration Download Forstok 10.917489051819 Detik
Duration Looping 700 Data 143.10729813576 Detik 
Total Duration 143.10739803314 Detik 
------------------------- 
Tanggal: 11-11-2021 07:55:01 
Duration Download Forstok 10.838726997375 Detik
Duration Looping 700 Data 129.19154977798 Detik 
Total Duration 129.19166779518 Detik 
------------------------- 
Tanggal: 11-11-2021 08:00:01 
Duration Download Forstok 14.389304876328 Detik
Duration Looping 700 Data 132.16948890686 Detik 
Total Duration 132.16960883141 Detik 
------------------------- 
Tanggal: 11-11-2021 08:05:01 
Duration Download Forstok 11.038995027542 Detik
Duration Looping 700 Data 134.59053421021 Detik 
Total Duration 134.59065008163 Detik 
------------------------- 
Tanggal: 11-11-2021 08:10:01 
Duration Download Forstok 11.451913833618 Detik
Duration Looping 700 Data 127.48335599899 Detik 
Total Duration 127.48347687721 Detik 
------------------------- 
Tanggal: 11-11-2021 08:15:02 
Duration Download Forstok 11.217886924744 Detik
Duration Looping 700 Data 135.88912701607 Detik 
Total Duration 135.88924598694 Detik 
------------------------- 
Tanggal: 11-11-2021 08:20:01 
Duration Download Forstok 10.430521011353 Detik
Duration Looping 700 Data 129.27123904228 Detik 
Total Duration 129.27134799957 Detik 
------------------------- 
Tanggal: 11-11-2021 08:25:01 
Duration Download Forstok 13.615010023117 Detik
Duration Looping 700 Data 131.73773789406 Detik 
Total Duration 131.73782682419 Detik 
------------------------- 
Tanggal: 11-11-2021 08:30:01 
Duration Download Forstok 11.333175182343 Detik
Duration Looping 700 Data 133.10736298561 Detik 
Total Duration 133.10747909546 Detik 
------------------------- 
Tanggal: 11-11-2021 08:35:01 
Duration Download Forstok 11.743047952652 Detik
Duration Looping 700 Data 134.42724990845 Detik 
Total Duration 134.42737102509 Detik 
------------------------- 
Tanggal: 11-11-2021 08:40:01 
Duration Download Forstok 12.967983961105 Detik
Duration Looping 700 Data 140.30442905426 Detik 
Total Duration 140.30453705788 Detik 
------------------------- 
Tanggal: 11-11-2021 08:45:01 
Duration Download Forstok 12.652375936508 Detik
Duration Looping 700 Data 139.38979792595 Detik 
Total Duration 139.38990688324 Detik 
------------------------- 
Tanggal: 11-11-2021 08:50:00 
Duration Download Forstok 14.358082056046 Detik
Duration Looping 700 Data 137.70545196533 Detik 
Total Duration 137.70556211472 Detik 
------------------------- 
Tanggal: 11-11-2021 08:55:01 
Duration Download Forstok 13.637033939362 Detik
Duration Looping 700 Data 136.75526809692 Detik 
Total Duration 136.75537896156 Detik 
------------------------- 
Tanggal: 11-11-2021 09:00:01 
Duration Download Forstok 14.991492033005 Detik
Duration Looping 700 Data 140.74937605858 Detik 
Total Duration 140.74949598312 Detik 
------------------------- 
Tanggal: 11-11-2021 09:05:01 
Duration Download Forstok 21.724632024765 Detik
Duration Looping 700 Data 148.66578292847 Detik 
Total Duration 148.66590690613 Detik 
------------------------- 
Tanggal: 11-11-2021 09:10:00 
Duration Download Forstok 12.959151983261 Detik
Duration Looping 700 Data 138.07622003555 Detik 
Total Duration 138.07633495331 Detik 
------------------------- 
Tanggal: 11-11-2021 09:15:01 
Duration Download Forstok 10.045292139053 Detik
Duration Looping 700 Data 134.31601810455 Detik 
Total Duration 134.31613206863 Detik 
------------------------- 
Tanggal: 11-11-2021 09:20:01 
Duration Download Forstok 13.892669916153 Detik
Duration Looping 700 Data 141.31023192406 Detik 
Total Duration 141.31034684181 Detik 
------------------------- 
Tanggal: 11-11-2021 09:25:01 
Duration Download Forstok 13.111778020859 Detik
Duration Looping 700 Data 143.12932801247 Detik 
Total Duration 143.12943696976 Detik 
------------------------- 
Tanggal: 11-11-2021 09:30:01 
Duration Download Forstok 12.777520895004 Detik
Duration Looping 700 Data 137.71869707108 Detik 
Total Duration 137.7188129425 Detik 
------------------------- 
Tanggal: 11-11-2021 09:35:01 
Duration Download Forstok 13.45986700058 Detik
Duration Looping 700 Data 138.74735093117 Detik 
Total Duration 138.74759411812 Detik 
------------------------- 
Tanggal: 11-11-2021 09:40:01 
Duration Download Forstok 13.550658941269 Detik
Duration Looping 700 Data 144.51781201363 Detik 
Total Duration 144.51792693138 Detik 
------------------------- 
Tanggal: 11-11-2021 09:45:01 
Duration Download Forstok 13.093317985535 Detik
Duration Looping 700 Data 137.86969399452 Detik 
Total Duration 137.86979913712 Detik 
------------------------- 
Tanggal: 11-11-2021 09:50:01 
Duration Download Forstok 14.289186954498 Detik
Duration Looping 700 Data 141.21807813644 Detik 
Total Duration 141.2181930542 Detik 
------------------------- 
Tanggal: 11-11-2021 09:55:01 
Duration Download Forstok 12.156828165054 Detik
Duration Looping 700 Data 138.98401117325 Detik 
Total Duration 138.98412704468 Detik 
------------------------- 
Tanggal: 11-11-2021 10:00:01 
Duration Download Forstok 12.142528057098 Detik
Duration Looping 700 Data 140.22972297668 Detik 
Total Duration 140.22984600067 Detik 
------------------------- 
Tanggal: 11-11-2021 10:05:01 
Duration Download Forstok 14.186956167221 Detik
Duration Looping 700 Data 143.0518040657 Detik 
Total Duration 143.0519220829 Detik 
------------------------- 
Tanggal: 11-11-2021 10:10:01 
Duration Download Forstok 20.157777070999 Detik
Duration Looping 700 Data 143.43136906624 Detik 
Total Duration 143.43146705627 Detik 
------------------------- 
Tanggal: 11-11-2021 10:15:01 
Duration Download Forstok 10.930010080338 Detik
Duration Looping 700 Data 138.28887605667 Detik 
Total Duration 138.28901410103 Detik 
------------------------- 
Tanggal: 11-11-2021 10:20:01 
Duration Download Forstok 11.821311950684 Detik
Duration Looping 700 Data 146.08607792854 Detik 
Total Duration 146.08622598648 Detik 
------------------------- 
Tanggal: 11-11-2021 10:25:01 
Duration Download Forstok 13.037132978439 Detik
Duration Looping 700 Data 144.89274096489 Detik 
Total Duration 144.89285993576 Detik 
------------------------- 
Tanggal: 11-11-2021 10:30:01 
Duration Download Forstok 15.549607992172 Detik
Duration Looping 700 Data 147.03843593597 Detik 
Total Duration 147.03855490685 Detik 
------------------------- 
Tanggal: 11-11-2021 10:35:01 
Duration Download Forstok 11.191272974014 Detik
Duration Looping 700 Data 141.56385397911 Detik 
Total Duration 141.56393694878 Detik 
------------------------- 
Tanggal: 11-11-2021 10:40:01 
Duration Download Forstok 15.350650072098 Detik
Duration Looping 700 Data 143.12449216843 Detik 
Total Duration 143.12461304665 Detik 
------------------------- 
Tanggal: 11-11-2021 10:45:01 
Duration Download Forstok 13.062399148941 Detik
Duration Looping 700 Data 148.58672404289 Detik 
Total Duration 148.58680605888 Detik 
------------------------- 
Tanggal: 11-11-2021 10:50:01 
Duration Download Forstok 11.154968976974 Detik
Duration Looping 700 Data 142.02312016487 Detik 
Total Duration 142.02322506905 Detik 
------------------------- 
Tanggal: 11-11-2021 10:55:01 
Duration Download Forstok 12.725978851318 Detik
Duration Looping 700 Data 141.42170095444 Detik 
Total Duration 141.42178893089 Detik 
------------------------- 
Tanggal: 11-11-2021 11:00:01 
Duration Download Forstok 11.606328010559 Detik
Duration Looping 700 Data 144.6929910183 Detik 
Total Duration 144.69310498238 Detik 
------------------------- 
Tanggal: 11-11-2021 11:05:01 
Duration Download Forstok 15.212022066116 Detik
Duration Looping 700 Data 139.97759985924 Detik 
Total Duration 139.97769498825 Detik 
------------------------- 
Tanggal: 11-11-2021 11:10:01 
Duration Download Forstok 20.576263904572 Detik
Duration Looping 700 Data 147.7457408905 Detik 
Total Duration 147.74582791328 Detik 
------------------------- 
Tanggal: 11-11-2021 11:15:01 
Duration Download Forstok 12.813241958618 Detik
Duration Looping 700 Data 141.83166980743 Detik 
Total Duration 141.83178687096 Detik 
------------------------- 
Tanggal: 11-11-2021 11:20:02 
Duration Download Forstok 13.989211082458 Detik
Duration Looping 700 Data 141.32206606865 Detik 
Total Duration 141.32218003273 Detik 
------------------------- 
Tanggal: 11-11-2021 11:25:01 
Duration Download Forstok 13.675123929977 Detik
Duration Looping 700 Data 145.04777598381 Detik 
Total Duration 145.04788994789 Detik 
------------------------- 
Tanggal: 11-11-2021 11:30:01 
Duration Download Forstok 13.23202085495 Detik
Duration Looping 700 Data 134.84290099144 Detik 
Total Duration 134.84302091599 Detik 
------------------------- 
Tanggal: 11-11-2021 11:35:01 
Duration Download Forstok 14.181252002716 Detik
Duration Looping 700 Data 142.44463515282 Detik 
Total Duration 142.44473600388 Detik 
------------------------- 
Tanggal: 11-11-2021 11:40:01 
Duration Download Forstok 13.682979106903 Detik
Duration Looping 700 Data 145.0800139904 Detik 
Total Duration 145.08015108109 Detik 
------------------------- 
Tanggal: 11-11-2021 11:45:01 
Duration Download Forstok 13.509917020798 Detik
Duration Looping 700 Data 152.13262009621 Detik 
Total Duration 152.1327290535 Detik 
------------------------- 
Tanggal: 11-11-2021 11:50:01 
Duration Download Forstok 10.858505010605 Detik
Duration Looping 700 Data 134.76086902618 Detik 
Total Duration 134.76095700264 Detik 
------------------------- 
Tanggal: 11-11-2021 11:55:01 
Duration Download Forstok 13.360858917236 Detik
Duration Looping 700 Data 140.71790909767 Detik 
Total Duration 140.71802210808 Detik 
------------------------- 
Tanggal: 11-11-2021 12:00:01 
Duration Download Forstok 12.324306964874 Detik
Duration Looping 700 Data 145.36869812012 Detik 
Total Duration 145.36880898476 Detik 
------------------------- 
Tanggal: 11-11-2021 12:05:01 
Duration Download Forstok 14.534334182739 Detik
Duration Looping 700 Data 135.69484019279 Detik 
Total Duration 135.69496417046 Detik 
------------------------- 
Tanggal: 11-11-2021 12:10:01 
Duration Download Forstok 12.268674850464 Detik
Duration Looping 700 Data 137.38934588432 Detik 
Total Duration 137.38948488235 Detik 
------------------------- 
Tanggal: 11-11-2021 12:15:01 
Duration Download Forstok 11.779735803604 Detik
Duration Looping 700 Data 133.04950094223 Detik 
Total Duration 133.04958701134 Detik 
------------------------- 
Tanggal: 11-11-2021 12:20:01 
Duration Download Forstok 12.386533021927 Detik
Duration Looping 700 Data 136.50564599037 Detik 
Total Duration 136.50576210022 Detik 
------------------------- 
Tanggal: 11-11-2021 12:25:01 
Duration Download Forstok 13.920435905457 Detik
Duration Looping 700 Data 137.77174496651 Detik 
Total Duration 137.77186703682 Detik 
------------------------- 
Tanggal: 11-11-2021 12:30:00 
Duration Download Forstok 12.359970808029 Detik
Duration Looping 700 Data 136.66338992119 Detik 
Total Duration 136.66350293159 Detik 
------------------------- 
Tanggal: 11-11-2021 12:35:01 
Duration Download Forstok 11.774813175201 Detik
Duration Looping 700 Data 135.10230708122 Detik 
Total Duration 135.10242199898 Detik 
------------------------- 
Tanggal: 11-11-2021 12:40:01 
Duration Download Forstok 13.722225189209 Detik
Duration Looping 700 Data 136.17593717575 Detik 
Total Duration 136.17603302002 Detik 
------------------------- 
Tanggal: 11-11-2021 12:45:01 
Duration Download Forstok 10.665663003922 Detik
Duration Looping 700 Data 133.40047383308 Detik 
Total Duration 133.40058994293 Detik 
------------------------- 
Tanggal: 11-11-2021 12:50:01 
Duration Download Forstok 12.780669927597 Detik
Duration Looping 700 Data 130.240858078 Detik 
Total Duration 130.2409620285 Detik 
------------------------- 
Tanggal: 11-11-2021 12:55:01 
Duration Download Forstok 11.725410938263 Detik
Duration Looping 700 Data 134.18636488914 Detik 
Total Duration 134.18647098541 Detik 
------------------------- 
Tanggal: 11-11-2021 13:00:01 
Duration Download Forstok 10.863063097 Detik
Duration Looping 700 Data 137.2991669178 Detik 
Total Duration 137.29926395416 Detik 
------------------------- 
Tanggal: 11-11-2021 13:05:01 
Duration Download Forstok 12.240697860718 Detik
Duration Looping 700 Data 138.89170503616 Detik 
Total Duration 138.89178299904 Detik 
------------------------- 
Tanggal: 11-11-2021 13:10:01 
Duration Download Forstok 17.914772987366 Detik
Duration Looping 700 Data 143.58862280846 Detik 
Total Duration 143.5887298584 Detik 
------------------------- 
Tanggal: 11-11-2021 13:15:01 
Duration Download Forstok 14.950420856476 Detik
Duration Looping 700 Data 140.53696298599 Detik 
Total Duration 140.53708100319 Detik 
------------------------- 
Tanggal: 11-11-2021 13:20:01 
Duration Download Forstok 13.613515138626 Detik
Duration Looping 700 Data 140.5244371891 Detik 
Total Duration 140.52455401421 Detik 
------------------------- 
Tanggal: 11-11-2021 13:25:01 
Duration Download Forstok 12.597336053848 Detik
Duration Looping 700 Data 141.30287909508 Detik 
Total Duration 141.30299210548 Detik 
------------------------- 
Tanggal: 11-11-2021 13:30:01 
Duration Download Forstok 12.08505821228 Detik
Duration Looping 700 Data 139.52190709114 Detik 
Total Duration 139.52200102806 Detik 
------------------------- 
Tanggal: 11-11-2021 13:35:01 
Duration Download Forstok 16.602710962296 Detik
Duration Looping 700 Data 144.19667506218 Detik 
Total Duration 144.19681096077 Detik 
------------------------- 
Tanggal: 11-11-2021 13:40:01 
Duration Download Forstok 16.50235080719 Detik
Duration Looping 700 Data 142.8170068264 Detik 
Total Duration 142.81709384918 Detik 
------------------------- 
Tanggal: 11-11-2021 13:45:01 
Duration Download Forstok 13.72602391243 Detik
Duration Looping 700 Data 137.60418701172 Detik 
Total Duration 137.60431098938 Detik 
------------------------- 
Tanggal: 11-11-2021 13:50:01 
Duration Download Forstok 12.558449983597 Detik
Duration Looping 700 Data 137.45395708084 Detik 
Total Duration 137.45406794548 Detik 
------------------------- 
Tanggal: 11-11-2021 13:55:01 
Duration Download Forstok 21.811525821686 Detik
Duration Looping 700 Data 152.02425694466 Detik 
Total Duration 152.02436685562 Detik 
------------------------- 
Tanggal: 11-11-2021 14:00:01 
Duration Download Forstok 13.779510974884 Detik
Duration Looping 700 Data 140.30723905563 Detik 
Total Duration 140.30735087395 Detik 
------------------------- 
Tanggal: 11-11-2021 14:05:01 
Duration Download Forstok 14.297006130219 Detik
Duration Looping 700 Data 141.1048579216 Detik 
Total Duration 141.10495114326 Detik 
------------------------- 
Tanggal: 11-11-2021 14:10:01 
Duration Download Forstok 13.039399862289 Detik
Duration Looping 700 Data 134.06914186478 Detik 
Total Duration 134.06926107407 Detik 
------------------------- 
Tanggal: 11-11-2021 14:15:01 
Duration Download Forstok 11.772766113281 Detik
Duration Looping 700 Data 140.27990102768 Detik 
Total Duration 140.2800180912 Detik 
------------------------- 
Tanggal: 11-11-2021 14:20:01 
Duration Download Forstok 11.517238140106 Detik
Duration Looping 700 Data 136.32041501999 Detik 
Total Duration 136.32053613663 Detik 
------------------------- 
Tanggal: 11-11-2021 14:25:01 
Duration Download Forstok 13.052505016327 Detik
Duration Looping 700 Data 137.14880609512 Detik 
Total Duration 137.14891004562 Detik 
------------------------- 
Tanggal: 11-11-2021 14:30:01 
Duration Download Forstok 11.635364055634 Detik
Duration Looping 700 Data 136.99810409546 Detik 
Total Duration 136.99819111824 Detik 
------------------------- 
Tanggal: 11-11-2021 14:35:01 
Duration Download Forstok 12.783938169479 Detik
Duration Looping 700 Data 134.91835212708 Detik 
Total Duration 134.91846609116 Detik 
------------------------- 
Tanggal: 11-11-2021 14:40:01 
Duration Download Forstok 11.922327041626 Detik
Duration Looping 700 Data 137.47315192223 Detik 
Total Duration 137.4732670784 Detik 
------------------------- 
Tanggal: 11-11-2021 14:45:01 
Duration Download Forstok 12.642843961716 Detik
Duration Looping 700 Data 135.85704398155 Detik 
Total Duration 135.85715889931 Detik 
------------------------- 
Tanggal: 11-11-2021 14:50:01 
Duration Download Forstok 13.388247013092 Detik
Duration Looping 700 Data 134.51925396919 Detik 
Total Duration 134.5193669796 Detik 
------------------------- 
Tanggal: 11-11-2021 14:55:01 
Duration Download Forstok 16.671984910965 Detik
Duration Looping 700 Data 141.73980402946 Detik 
Total Duration 141.73992490768 Detik 
------------------------- 
Tanggal: 11-11-2021 15:00:01 
Duration Download Forstok 11.126482963562 Detik
Duration Looping 700 Data 147.39112281799 Detik 
Total Duration 147.39127182961 Detik 
------------------------- 
Tanggal: 11-11-2021 15:05:01 
Duration Download Forstok 13.646013021469 Detik
Duration Looping 700 Data 138.91792821884 Detik 
Total Duration 138.9180431366 Detik 
------------------------- 
Tanggal: 11-11-2021 15:10:01 
Duration Download Forstok 14.496975898743 Detik
Duration Looping 700 Data 134.6476149559 Detik 
Total Duration 134.6477329731 Detik 
------------------------- 
Tanggal: 11-11-2021 15:15:01 
Duration Download Forstok 14.687975168228 Detik
Duration Looping 700 Data 143.45833301544 Detik 
Total Duration 143.45841097832 Detik 
------------------------- 
Tanggal: 11-11-2021 15:20:01 
Duration Download Forstok 10.969292879105 Detik
Duration Looping 700 Data 136.48573279381 Detik 
Total Duration 136.48583889008 Detik 
------------------------- 
Tanggal: 11-11-2021 15:25:01 
Duration Download Forstok 11.324033021927 Detik
Duration Looping 700 Data 132.92295193672 Detik 
Total Duration 132.92303514481 Detik 
------------------------- 
Tanggal: 11-11-2021 15:30:01 
Duration Download Forstok 13.148773908615 Detik
Duration Looping 700 Data 141.68097090721 Detik 
Total Duration 141.68110585213 Detik 
------------------------- 
Tanggal: 11-11-2021 15:35:01 
Duration Download Forstok 11.487919807434 Detik
Duration Looping 700 Data 140.91706585884 Detik 
Total Duration 140.91718101501 Detik 
------------------------- 
Tanggal: 11-11-2021 15:40:01 
Duration Download Forstok 11.582772016525 Detik
Duration Looping 700 Data 139.12853980064 Detik 
Total Duration 139.12866282463 Detik 
------------------------- 
Tanggal: 11-11-2021 15:45:01 
Duration Download Forstok 13.137217998505 Detik
Duration Looping 700 Data 139.76598215103 Detik 
Total Duration 139.76614809036 Detik 
------------------------- 
Tanggal: 11-11-2021 15:50:01 
Duration Download Forstok 12.80330491066 Detik
Duration Looping 700 Data 136.25285887718 Detik 
Total Duration 136.25297188759 Detik 
------------------------- 
Tanggal: 11-11-2021 15:55:01 
Duration Download Forstok 13.758718967438 Detik
Duration Looping 700 Data 141.8547680378 Detik 
Total Duration 141.85485005379 Detik 
------------------------- 
Tanggal: 11-11-2021 16:00:01 
Duration Download Forstok 13.046225070953 Detik
Duration Looping 700 Data 160.20793700218 Detik 
Total Duration 160.20801305771 Detik 
------------------------- 
Tanggal: 11-11-2021 16:05:01 
Duration Download Forstok 16.530463218689 Detik
Duration Looping 700 Data 142.22194910049 Detik 
Total Duration 142.22206306458 Detik 
------------------------- 
Tanggal: 11-11-2021 16:10:01 
Duration Download Forstok 12.727255105972 Detik
Duration Looping 700 Data 135.41954398155 Detik 
Total Duration 135.41965317726 Detik 
------------------------- 
Tanggal: 11-11-2021 16:15:01 
Duration Download Forstok 11.967761993408 Detik
Duration Looping 700 Data 139.13116693497 Detik 
Total Duration 139.13125705719 Detik 
------------------------- 
Tanggal: 11-11-2021 16:20:01 
Duration Download Forstok 11.026095867157 Detik
Duration Looping 700 Data 138.77392888069 Detik 
Total Duration 138.77400898933 Detik 
------------------------- 
Tanggal: 11-11-2021 16:25:01 
Duration Download Forstok 12.256116867065 Detik
Duration Looping 700 Data 142.78677606583 Detik 
Total Duration 142.78686404228 Detik 
------------------------- 
Tanggal: 11-11-2021 16:30:01 
Duration Download Forstok 11.482578039169 Detik
Duration Looping 700 Data 144.16726016998 Detik 
Total Duration 144.16737318039 Detik 
------------------------- 
Tanggal: 11-11-2021 16:35:01 
Duration Download Forstok 13.61102604866 Detik
Duration Looping 700 Data 142.80081796646 Detik 
Total Duration 142.80094003677 Detik 
------------------------- 
Tanggal: 11-11-2021 16:40:01 
Duration Download Forstok 11.670172214508 Detik
Duration Looping 700 Data 141.21895122528 Detik 
Total Duration 141.21906399727 Detik 
------------------------- 
Tanggal: 11-11-2021 16:45:01 
Duration Download Forstok 11.725111961365 Detik
Duration Looping 700 Data 139.29645991325 Detik 
Total Duration 139.29658079147 Detik 
------------------------- 
Tanggal: 11-11-2021 16:50:02 
Duration Download Forstok 12.437455892563 Detik
Duration Looping 700 Data 143.71267104149 Detik 
Total Duration 143.71278309822 Detik 
------------------------- 
Tanggal: 11-11-2021 16:55:01 
Duration Download Forstok 13.460648059845 Detik
Duration Looping 700 Data 144.04526400566 Detik 
Total Duration 144.04536104202 Detik 
------------------------- 
Tanggal: 11-11-2021 17:00:01 
Duration Download Forstok 13.593032836914 Detik
Duration Looping 700 Data 144.18455791473 Detik 
Total Duration 144.18467187881 Detik 
------------------------- 
Tanggal: 11-11-2021 17:05:01 
Duration Download Forstok 13.487571001053 Detik
Duration Looping 700 Data 139.80776500702 Detik 
Total Duration 139.80787301064 Detik 
------------------------- 
Tanggal: 11-11-2021 17:10:00 
Duration Download Forstok 12.543735980988 Detik
Duration Looping 700 Data 139.4160759449 Detik 
Total Duration 139.41615700722 Detik 
------------------------- 
Tanggal: 11-11-2021 17:15:01 
Duration Download Forstok 9.4395520687103 Detik
Duration Looping 700 Data 137.21163105965 Detik 
Total Duration 137.21173596382 Detik 
------------------------- 
Tanggal: 11-11-2021 17:20:01 
Duration Download Forstok 9.7914299964905 Detik
Duration Looping 700 Data 137.58240795135 Detik 
Total Duration 137.58251786232 Detik 
------------------------- 
Tanggal: 11-11-2021 17:25:01 
Duration Download Forstok 12.496788024902 Detik
Duration Looping 700 Data 135.42627906799 Detik 
Total Duration 135.42639613152 Detik 
------------------------- 
Tanggal: 11-11-2021 17:30:01 
Duration Download Forstok 16.692826986313 Detik
Duration Looping 700 Data 153.89117503166 Detik 
Total Duration 153.89129185677 Detik 
------------------------- 
Tanggal: 11-11-2021 17:35:01 
Duration Download Forstok 13.237495183945 Detik
Duration Looping 700 Data 139.02428221703 Detik 
Total Duration 139.02437901497 Detik 
------------------------- 
Tanggal: 11-11-2021 17:40:01 
Duration Download Forstok 10.781751155853 Detik
Duration Looping 700 Data 142.72930598259 Detik 
Total Duration 142.72941207886 Detik 
------------------------- 
Tanggal: 11-11-2021 17:45:01 
Duration Download Forstok 11.279252052307 Detik
Duration Looping 700 Data 134.30903196335 Detik 
Total Duration 134.30915784836 Detik 
------------------------- 
Tanggal: 11-11-2021 17:50:01 
Duration Download Forstok 14.333594083786 Detik
Duration Looping 700 Data 135.69538092613 Detik 
Total Duration 135.69549489021 Detik 
------------------------- 
Tanggal: 11-11-2021 17:55:01 
Duration Download Forstok 12.198127031326 Detik
Duration Looping 700 Data 137.96918702126 Detik 
Total Duration 137.96928596497 Detik 
------------------------- 
Tanggal: 11-11-2021 18:00:01 
Duration Download Forstok 14.558609962463 Detik
Duration Looping 700 Data 144.61484980583 Detik 
Total Duration 144.61496496201 Detik 
------------------------- 
Tanggal: 11-11-2021 18:05:01 
Duration Download Forstok 13.375121116638 Detik
Duration Looping 700 Data 134.33030700684 Detik 
Total Duration 134.33041810989 Detik 
------------------------- 
Tanggal: 11-11-2021 18:10:01 
Duration Download Forstok 13.465901136398 Detik
Duration Looping 700 Data 139.45512604713 Detik 
Total Duration 139.45524001122 Detik 
------------------------- 
Tanggal: 11-11-2021 18:15:01 
Duration Download Forstok 13.741649150848 Detik
Duration Looping 700 Data 140.81795716286 Detik 
Total Duration 140.81807613373 Detik 
------------------------- 
Tanggal: 11-11-2021 18:20:01 
Duration Download Forstok 13.056091070175 Detik
Duration Looping 700 Data 138.17021799088 Detik 
Total Duration 138.17033886909 Detik 
------------------------- 
Tanggal: 11-11-2021 18:25:01 
Duration Download Forstok 12.933132886887 Detik
Duration Looping 700 Data 139.00696587563 Detik 
Total Duration 139.00708580017 Detik 
------------------------- 
Tanggal: 11-11-2021 18:30:01 
Duration Download Forstok 12.266020059586 Detik
Duration Looping 700 Data 133.94043207169 Detik 
Total Duration 133.94054603577 Detik 
------------------------- 
Tanggal: 11-11-2021 18:35:01 
Duration Download Forstok 13.501980781555 Detik
Duration Looping 700 Data 146.12913179398 Detik 
Total Duration 146.12925291061 Detik 
------------------------- 
Tanggal: 11-11-2021 18:40:01 
Duration Download Forstok 13.41841006279 Detik
Duration Looping 700 Data 138.09496903419 Detik 
Total Duration 138.09508109093 Detik 
------------------------- 
Tanggal: 11-11-2021 18:45:01 
Duration Download Forstok 13.25088095665 Detik
Duration Looping 700 Data 141.60964298248 Detik 
Total Duration 141.60975599289 Detik 
------------------------- 
Tanggal: 11-11-2021 18:50:01 
Duration Download Forstok 10.873540878296 Detik
Duration Looping 700 Data 132.1806538105 Detik 
Total Duration 132.18075299263 Detik 
------------------------- 
Tanggal: 11-11-2021 18:55:01 
Duration Download Forstok 11.858337879181 Detik
Duration Looping 700 Data 136.80943989754 Detik 
Total Duration 136.80955290794 Detik 
------------------------- 
Tanggal: 11-11-2021 19:00:01 
Duration Download Forstok 13.063815116882 Detik
Duration Looping 700 Data 141.76654601097 Detik 
Total Duration 141.76665997505 Detik 
------------------------- 
Tanggal: 11-11-2021 19:05:01 
Duration Download Forstok 12.197968006134 Detik
Duration Looping 700 Data 144.61035990715 Detik 
Total Duration 144.61047697067 Detik 
------------------------- 
Tanggal: 11-11-2021 19:10:01 
Duration Download Forstok 12.699392080307 Detik
Duration Looping 700 Data 137.3143761158 Detik 
Total Duration 137.31452512741 Detik 
------------------------- 
Tanggal: 11-11-2021 19:15:01 
Duration Download Forstok 10.328809022903 Detik
Duration Looping 700 Data 135.26309299469 Detik 
Total Duration 135.26322007179 Detik 
------------------------- 
Tanggal: 11-11-2021 19:20:01 
Duration Download Forstok 15.293632984161 Detik
Duration Looping 700 Data 148.44801688194 Detik 
Total Duration 148.44812679291 Detik 
------------------------- 
Tanggal: 11-11-2021 19:25:01 
Duration Download Forstok 11.310757160187 Detik
Duration Looping 700 Data 138.28665804863 Detik 
Total Duration 138.28678107262 Detik 
------------------------- 
Tanggal: 11-11-2021 19:30:01 
Duration Download Forstok 12.484110116959 Detik
Duration Looping 700 Data 145.42338299751 Detik 
Total Duration 145.42349410057 Detik 
------------------------- 
Tanggal: 11-11-2021 19:35:01 
Duration Download Forstok 11.871235132217 Detik
Duration Looping 700 Data 142.92068696022 Detik 
Total Duration 142.92076611519 Detik 
------------------------- 
Tanggal: 11-11-2021 19:40:01 
Duration Download Forstok 13.844595909119 Detik
Duration Looping 700 Data 141.88090395927 Detik 
Total Duration 141.8810210228 Detik 
------------------------- 
Tanggal: 11-11-2021 19:45:01 
Duration Download Forstok 11.999760866165 Detik
Duration Looping 700 Data 136.51689887047 Detik 
Total Duration 136.51705598831 Detik 
------------------------- 
Tanggal: 11-11-2021 19:50:01 
Duration Download Forstok 13.016811847687 Detik
Duration Looping 700 Data 139.81197094917 Detik 
Total Duration 139.8120868206 Detik 
------------------------- 
Tanggal: 11-11-2021 19:55:01 
Duration Download Forstok 10.57922911644 Detik
Duration Looping 700 Data 134.39740300179 Detik 
Total Duration 134.39751410484 Detik 
------------------------- 
Tanggal: 11-11-2021 20:00:01 
Duration Download Forstok 12.82032585144 Detik
Duration Looping 700 Data 140.26478981972 Detik 
Total Duration 140.2648859024 Detik 
------------------------- 
Tanggal: 11-11-2021 20:05:01 
Duration Download Forstok 17.125373125076 Detik
Duration Looping 700 Data 138.51453304291 Detik 
Total Duration 138.51465296745 Detik 
------------------------- 
Tanggal: 11-11-2021 20:10:01 
Duration Download Forstok 13.363219976425 Detik
Duration Looping 700 Data 136.17504286766 Detik 
Total Duration 136.17512798309 Detik 
------------------------- 
Tanggal: 11-11-2021 20:15:01 
Duration Download Forstok 12.155124187469 Detik
Duration Looping 700 Data 148.68770217896 Detik 
Total Duration 148.68782019615 Detik 
------------------------- 
Tanggal: 11-11-2021 20:20:01 
Duration Download Forstok 14.703402996063 Detik
Duration Looping 700 Data 142.03133583069 Detik 
Total Duration 142.03144192696 Detik 
------------------------- 
Tanggal: 11-11-2021 20:25:01 
Duration Download Forstok 13.196687936783 Detik
Duration Looping 700 Data 138.04862689972 Detik 
Total Duration 138.04873394966 Detik 
------------------------- 
Tanggal: 11-11-2021 20:30:01 
Duration Download Forstok 12.673046827316 Detik
Duration Looping 700 Data 138.05366897583 Detik 
Total Duration 138.05378293991 Detik 
------------------------- 
Tanggal: 11-11-2021 20:35:01 
Duration Download Forstok 12.992913961411 Detik
Duration Looping 700 Data 138.59765291214 Detik 
Total Duration 138.5977678299 Detik 
------------------------- 
Tanggal: 11-11-2021 20:40:01 
Duration Download Forstok 12.338840961456 Detik
Duration Looping 700 Data 142.14337587357 Detik 
Total Duration 142.1434879303 Detik 
------------------------- 
Tanggal: 11-11-2021 20:45:01 
Duration Download Forstok 11.997371912003 Detik
Duration Looping 700 Data 136.60839700699 Detik 
Total Duration 136.60851693153 Detik 
------------------------- 
Tanggal: 11-11-2021 20:50:01 
Duration Download Forstok 18.722116947174 Detik
Duration Looping 700 Data 144.58568787575 Detik 
Total Duration 144.5858027935 Detik 
------------------------- 
Tanggal: 11-11-2021 20:55:01 
Duration Download Forstok 11.876294851303 Detik
Duration Looping 700 Data 142.09423184395 Detik 
Total Duration 142.09435296059 Detik 
------------------------- 
Tanggal: 11-11-2021 21:00:01 
Duration Download Forstok 13.979840993881 Detik
Duration Looping 700 Data 145.66176390648 Detik 
Total Duration 145.66187691689 Detik 
------------------------- 
Tanggal: 11-11-2021 21:05:01 
Duration Download Forstok 13.77482008934 Detik
Duration Looping 700 Data 137.94574809074 Detik 
Total Duration 137.94582915306 Detik 
------------------------- 
Tanggal: 11-11-2021 21:10:01 
Duration Download Forstok 12.769215106964 Detik
Duration Looping 700 Data 141.47813510895 Detik 
Total Duration 141.47824811935 Detik 
------------------------- 
Tanggal: 11-11-2021 21:15:02 
Duration Download Forstok 12.710472106934 Detik
Duration Looping 700 Data 139.71088719368 Detik 
Total Duration 139.71097517014 Detik 
------------------------- 
Tanggal: 11-11-2021 21:20:01 
Duration Download Forstok 13.318932056427 Detik
Duration Looping 700 Data 139.69849085808 Detik 
Total Duration 139.69862294197 Detik 
------------------------- 
Tanggal: 11-11-2021 21:25:01 
Duration Download Forstok 13.835584878922 Detik
Duration Looping 700 Data 135.90939807892 Detik 
Total Duration 135.90952801704 Detik 
------------------------- 
Tanggal: 11-11-2021 21:30:01 
Duration Download Forstok 11.148782014847 Detik
Duration Looping 700 Data 133.04515600204 Detik 
Total Duration 133.04526805878 Detik 
------------------------- 
Tanggal: 11-11-2021 21:35:01 
Duration Download Forstok 15.313941955566 Detik
Duration Looping 700 Data 140.48296809196 Detik 
Total Duration 140.48308300972 Detik 
------------------------- 
Tanggal: 11-11-2021 21:40:01 
Duration Download Forstok 13.65123796463 Detik
Duration Looping 700 Data 143.2113969326 Detik 
Total Duration 143.21151399612 Detik 
------------------------- 
Tanggal: 11-11-2021 21:45:02 
Duration Download Forstok 13.922909021378 Detik
Duration Looping 700 Data 136.49691605568 Detik 
Total Duration 136.4970369339 Detik 
------------------------- 
Tanggal: 11-11-2021 21:50:01 
Duration Download Forstok 19.910743951797 Detik
Duration Looping 700 Data 144.84036803246 Detik 
Total Duration 144.84050703049 Detik 
------------------------- 
Tanggal: 11-11-2021 21:55:01 
Duration Download Forstok 11.197703123093 Detik
Duration Looping 700 Data 141.06007599831 Detik 
Total Duration 141.06085109711 Detik 
------------------------- 
Tanggal: 11-11-2021 22:00:01 
Duration Download Forstok 13.87677192688 Detik
Duration Looping 700 Data 151.33150005341 Detik 
Total Duration 151.33161902428 Detik 
------------------------- 
Tanggal: 11-11-2021 22:05:01 
Duration Download Forstok 11.560324907303 Detik
Duration Looping 700 Data 142.21196007729 Detik 
Total Duration 142.21207308769 Detik 
------------------------- 
Tanggal: 11-11-2021 22:10:01 
Duration Download Forstok 11.422435045242 Detik
Duration Looping 700 Data 132.73255705833 Detik 
Total Duration 132.73265695572 Detik 
------------------------- 
Tanggal: 11-11-2021 22:15:01 
Duration Download Forstok 12.909780025482 Detik
Duration Looping 700 Data 139.78087711334 Detik 
Total Duration 139.78100013733 Detik 
------------------------- 
Tanggal: 11-11-2021 22:20:01 
Duration Download Forstok 15.429626941681 Detik
Duration Looping 700 Data 146.46462607384 Detik 
Total Duration 146.46472096443 Detik 
------------------------- 
Tanggal: 11-11-2021 22:25:01 
Duration Download Forstok 13.055120944977 Detik
Duration Looping 700 Data 145.91806793213 Detik 
Total Duration 145.91818594933 Detik 
------------------------- 
Tanggal: 11-11-2021 22:30:01 
Duration Download Forstok 11.204767942429 Detik
Duration Looping 700 Data 133.07249498367 Detik 
Total Duration 133.07263803482 Detik 
------------------------- 
Tanggal: 11-11-2021 22:35:01 
Duration Download Forstok 14.522005081177 Detik
Duration Looping 700 Data 149.06451106071 Detik 
Total Duration 149.0646340847 Detik 
------------------------- 
Tanggal: 11-11-2021 22:40:01 
Duration Download Forstok 12.186321020126 Detik
Duration Looping 700 Data 135.97118496895 Detik 
Total Duration 135.9713010788 Detik 
------------------------- 
Tanggal: 11-11-2021 22:45:01 
Duration Download Forstok 10.727926015854 Detik
Duration Looping 700 Data 138.09645605087 Detik 
Total Duration 138.09654712677 Detik 
------------------------- 
Tanggal: 11-11-2021 22:50:02 
Duration Download Forstok 12.420084953308 Detik
Duration Looping 700 Data 132.83491611481 Detik 
Total Duration 132.83502912521 Detik 
------------------------- 
Tanggal: 11-11-2021 22:55:01 
Duration Download Forstok 10.866097927094 Detik
Duration Looping 700 Data 131.87181806564 Detik 
Total Duration 131.87193608284 Detik 
------------------------- 
Tanggal: 11-11-2021 23:00:01 
Duration Download Forstok 12.953862905502 Detik
Duration Looping 700 Data 139.19273400307 Detik 
Total Duration 139.1928460598 Detik 
------------------------- 
Tanggal: 11-11-2021 23:05:01 
Duration Download Forstok 13.011735916138 Detik
Duration Looping 700 Data 131.75495290756 Detik 
Total Duration 131.75506687164 Detik 
------------------------- 
Tanggal: 11-11-2021 23:10:01 
Duration Download Forstok 11.886162042618 Detik
Duration Looping 700 Data 129.45801901817 Detik 
Total Duration 129.45811295509 Detik 
------------------------- 
Tanggal: 11-11-2021 23:15:01 
Duration Download Forstok 11.322691202164 Detik
Duration Looping 700 Data 135.74386501312 Detik 
Total Duration 135.74398207664 Detik 
------------------------- 
Tanggal: 11-11-2021 23:20:01 
Duration Download Forstok 14.654494047165 Detik
Duration Looping 700 Data 135.51661300659 Detik 
Total Duration 135.51672697067 Detik 
------------------------- 
Tanggal: 11-11-2021 23:25:01 
Duration Download Forstok 11.260231018066 Detik
Duration Looping 700 Data 130.00759196281 Detik 
Total Duration 130.00771284103 Detik 
------------------------- 
Tanggal: 11-11-2021 23:30:01 
Duration Download Forstok 13.313087940216 Detik
Duration Looping 700 Data 134.2645418644 Detik 
Total Duration 134.26465797424 Detik 
------------------------- 
Tanggal: 11-11-2021 23:35:01 
Duration Download Forstok 11.884096860886 Detik
Duration Looping 700 Data 138.1272778511 Detik 
Total Duration 138.12736296654 Detik 
------------------------- 
Tanggal: 11-11-2021 23:40:01 
Duration Download Forstok 15.377683162689 Detik
Duration Looping 700 Data 144.4788711071 Detik 
Total Duration 144.47899508476 Detik 
------------------------- 
Tanggal: 11-11-2021 23:45:01 
Duration Download Forstok 10.044571876526 Detik
Duration Looping 700 Data 132.48295307159 Detik 
Total Duration 132.48307490349 Detik 
------------------------- 
Tanggal: 11-11-2021 23:50:01 
Duration Download Forstok 11.441430091858 Detik
Duration Looping 700 Data 136.06022405624 Detik 
Total Duration 136.06033802032 Detik 
------------------------- 
Tanggal: 11-11-2021 23:55:01 
Duration Download Forstok 10.8662109375 Detik
Duration Looping 700 Data 137.01539587975 Detik 
Total Duration 137.01551604271 Detik 
------------------------- 
