Tanggal: 25-11-2021 00:00:01 
Duration Download Forstok 12.514961957932 Detik
Tanggal: 25-11-2021 00:05:01 
Duration Download Forstok 16.833005905151 Detik
Tanggal: 25-11-2021 00:10:01 
Duration Download Forstok 10.942734003067 Detik
Duration Looping 700 Data 626.83882284164 Detik 
Total Duration 626.83893299103 Detik 
------------------------- 
Duration Looping 700 Data 328.79155707359 Detik 
Total Duration 328.79164290428 Detik 
------------------------- 
Duration Looping 700 Data 159.39039206505 Detik 
Total Duration 159.39108991623 Detik 
------------------------- 
Tanggal: 25-11-2021 00:15:01 
Duration Download Forstok 14.911858797073 Detik
Duration Looping 700 Data 143.43507385254 Detik 
Total Duration 143.43518781662 Detik 
------------------------- 
Tanggal: 25-11-2021 00:20:01 
Duration Download Forstok 11.419888973236 Detik
Duration Looping 700 Data 144.35659694672 Detik 
Total Duration 144.35671210289 Detik 
------------------------- 
Tanggal: 25-11-2021 00:25:02 
Duration Download Forstok 12.313763856888 Detik
Duration Looping 700 Data 163.4740459919 Detik 
Total Duration 163.47478890419 Detik 
------------------------- 
Tanggal: 25-11-2021 00:30:01 
Duration Download Forstok 12.365216970444 Detik
Duration Looping 700 Data 141.787088871 Detik 
Total Duration 141.7872159481 Detik 
------------------------- 
Tanggal: 25-11-2021 00:35:01 
Duration Download Forstok 10.856635093689 Detik
Duration Looping 700 Data 137.55381608009 Detik 
Total Duration 137.55389690399 Detik 
------------------------- 
Tanggal: 25-11-2021 00:40:01 
Duration Download Forstok 11.246661186218 Detik
Duration Looping 700 Data 158.3741440773 Detik 
Total Duration 158.37426614761 Detik 
------------------------- 
Tanggal: 25-11-2021 00:45:01 
Duration Download Forstok 11.718457937241 Detik
Duration Looping 700 Data 144.42333292961 Detik 
Total Duration 144.42345499992 Detik 
------------------------- 
Tanggal: 25-11-2021 00:50:01 
Duration Download Forstok 10.322085857391 Detik
Duration Looping 700 Data 145.23497986794 Detik 
Total Duration 145.23512792587 Detik 
------------------------- 
Tanggal: 25-11-2021 00:55:01 
Duration Download Forstok 9.6717638969421 Detik
Duration Looping 700 Data 138.66909694672 Detik 
Total Duration 138.66921710968 Detik 
------------------------- 
Tanggal: 25-11-2021 01:00:02 
Duration Download Forstok 12.130244970322 Detik
Duration Looping 700 Data 142.72179794312 Detik 
Total Duration 142.72190999985 Detik 
------------------------- 
Tanggal: 25-11-2021 01:05:01 
Duration Download Forstok 17.657011985779 Detik
Duration Looping 700 Data 144.88564586639 Detik 
Total Duration 144.8857588768 Detik 
------------------------- 
Tanggal: 25-11-2021 01:10:01 
Duration Download Forstok 11.509163141251 Detik
Duration Looping 700 Data 133.4774620533 Detik 
Total Duration 133.47759103775 Detik 
------------------------- 
Tanggal: 25-11-2021 01:15:01 
Duration Download Forstok 13.610091924667 Detik
Duration Looping 700 Data 140.6173620224 Detik 
Total Duration 140.61749196053 Detik 
------------------------- 
Tanggal: 25-11-2021 01:20:01 
Duration Download Forstok 11.446997880936 Detik
Duration Looping 700 Data 138.61357879639 Detik 
Total Duration 138.61373090744 Detik 
------------------------- 
Tanggal: 25-11-2021 01:25:01 
Duration Download Forstok 12.28689289093 Detik
Duration Looping 700 Data 150.7298579216 Detik 
Total Duration 150.72997188568 Detik 
------------------------- 
Tanggal: 25-11-2021 01:30:01 
Duration Download Forstok 12.635292053223 Detik
Duration Looping 700 Data 147.38378810883 Detik 
Total Duration 147.38390517235 Detik 
------------------------- 
Tanggal: 25-11-2021 01:35:01 
Duration Download Forstok 11.046944856644 Detik
Duration Looping 700 Data 150.20462989807 Detik 
Total Duration 150.20474791527 Detik 
------------------------- 
Tanggal: 25-11-2021 01:40:01 
Duration Download Forstok 11.329279899597 Detik
Duration Looping 700 Data 141.40006995201 Detik 
Total Duration 141.40018582344 Detik 
------------------------- 
Tanggal: 25-11-2021 01:45:01 
Duration Download Forstok 11.188079833984 Detik
Duration Looping 700 Data 133.31357097626 Detik 
Total Duration 133.31368589401 Detik 
------------------------- 
Tanggal: 25-11-2021 01:50:02 
Duration Download Forstok 9.5271799564362 Detik
Duration Looping 700 Data 131.07840800285 Detik 
Total Duration 131.07852292061 Detik 
------------------------- 
Tanggal: 25-11-2021 01:55:01 
Duration Download Forstok 12.02081990242 Detik
Duration Looping 700 Data 144.51375484467 Detik 
Total Duration 144.51389288902 Detik 
------------------------- 
Tanggal: 25-11-2021 02:00:01 
Duration Download Forstok 10.911602020264 Detik
Duration Looping 700 Data 140.68489122391 Detik 
Total Duration 140.68500709534 Detik 
------------------------- 
Tanggal: 25-11-2021 02:05:01 
Duration Download Forstok 13.693082094193 Detik
Duration Looping 700 Data 138.11164593697 Detik 
Total Duration 138.11176300049 Detik 
------------------------- 
Tanggal: 25-11-2021 02:10:01 
Duration Download Forstok 9.5764770507812 Detik
Duration Looping 700 Data 135.05346703529 Detik 
Total Duration 135.05358409882 Detik 
------------------------- 
Tanggal: 25-11-2021 02:15:01 
Duration Download Forstok 13.262726068497 Detik
Duration Looping 700 Data 151.82613897324 Detik 
Total Duration 151.82625603676 Detik 
------------------------- 
Tanggal: 25-11-2021 02:20:01 
Duration Download Forstok 10.843032836914 Detik
Duration Looping 700 Data 135.352216959 Detik 
Total Duration 135.3523440361 Detik 
------------------------- 
Tanggal: 25-11-2021 02:25:01 
Duration Download Forstok 10.685083866119 Detik
Duration Looping 700 Data 135.86823296547 Detik 
Total Duration 135.86834907532 Detik 
------------------------- 
Tanggal: 25-11-2021 02:30:01 
Duration Download Forstok 9.6061170101166 Detik
Duration Looping 700 Data 138.86576700211 Detik 
Total Duration 138.86589598656 Detik 
------------------------- 
Tanggal: 25-11-2021 02:35:01 
Duration Download Forstok 10.428712129593 Detik
Duration Looping 700 Data 136.71513795853 Detik 
Total Duration 136.71526098251 Detik 
------------------------- 
Tanggal: 25-11-2021 02:40:01 
Duration Download Forstok 10.117167949677 Detik
Duration Looping 700 Data 137.95058703423 Detik 
Total Duration 137.95073795319 Detik 
------------------------- 
Tanggal: 25-11-2021 02:45:01 
Duration Download Forstok 12.41761803627 Detik
Duration Looping 700 Data 138.71154212952 Detik 
Total Duration 138.71169900894 Detik 
------------------------- 
Tanggal: 25-11-2021 02:50:01 
Duration Download Forstok 11.12291097641 Detik
Duration Looping 700 Data 132.55814313889 Detik 
Total Duration 132.55826306343 Detik 
------------------------- 
Tanggal: 25-11-2021 02:55:01 
Duration Download Forstok 11.11595082283 Detik
Duration Looping 700 Data 140.79192185402 Detik 
Total Duration 140.79204201698 Detik 
------------------------- 
Tanggal: 25-11-2021 03:00:01 
Duration Download Forstok 10.371840000153 Detik
Duration Looping 700 Data 141.26699113846 Detik 
Total Duration 141.26711297035 Detik 
------------------------- 
Tanggal: 25-11-2021 03:05:01 
Duration Download Forstok 21.354874134064 Detik
Duration Looping 700 Data 143.94774508476 Detik 
Total Duration 143.94785809517 Detik 
------------------------- 
Tanggal: 25-11-2021 03:10:01 
Duration Download Forstok 10.627331972122 Detik
Duration Looping 700 Data 132.3198120594 Detik 
Total Duration 132.31992912292 Detik 
------------------------- 
Tanggal: 25-11-2021 03:15:01 
Duration Download Forstok 14.515525817871 Detik
Duration Looping 700 Data 138.37155294418 Detik 
Total Duration 138.37167191505 Detik 
------------------------- 
Tanggal: 25-11-2021 03:20:01 
Duration Download Forstok 11.253051042557 Detik
Duration Looping 700 Data 139.88227987289 Detik 
Total Duration 139.8823928833 Detik 
------------------------- 
Tanggal: 25-11-2021 03:25:01 
Duration Download Forstok 9.7448120117188 Detik
Duration Looping 700 Data 131.05521702766 Detik 
Total Duration 131.05534100533 Detik 
------------------------- 
Tanggal: 25-11-2021 03:30:01 
Duration Download Forstok 59.956820964813 Detik
Tanggal: 25-11-2021 03:35:01 
Duration Download Forstok 12.928261995316 Detik
Duration Looping 700 Data 137.39471888542 Detik 
Total Duration 137.39483904839 Detik 
------------------------- 
Tanggal: 25-11-2021 03:40:01 
Duration Download Forstok 9.552622795105 Detik
Duration Looping 700 Data 137.36206889153 Detik 
Total Duration 137.3621878624 Detik 
------------------------- 
Tanggal: 25-11-2021 03:45:01 
Duration Download Forstok 15.326589107513 Detik
Duration Looping 700 Data 142.59857916832 Detik 
Total Duration 142.59869909286 Detik 
------------------------- 
Tanggal: 25-11-2021 03:50:01 
Duration Download Forstok 10.165173053741 Detik
Duration Looping 700 Data 138.00862598419 Detik 
Total Duration 138.00874400139 Detik 
------------------------- 
Tanggal: 25-11-2021 03:55:01 
Duration Download Forstok 9.4833328723907 Detik
Duration Looping 700 Data 132.72479891777 Detik 
Total Duration 132.72491192818 Detik 
------------------------- 
Tanggal: 25-11-2021 04:00:01 
Duration Download Forstok 11.061079978943 Detik
Duration Looping 700 Data 152.73905301094 Detik 
Total Duration 152.73920583725 Detik 
------------------------- 
Tanggal: 25-11-2021 04:05:01 
Duration Download Forstok 13.591125011444 Detik
Duration Looping 700 Data 142.21157598495 Detik 
Total Duration 142.21169090271 Detik 
------------------------- 
Tanggal: 25-11-2021 04:10:01 
Duration Download Forstok 9.9746642112732 Detik
Duration Looping 700 Data 149.04645013809 Detik 
Total Duration 149.04656100273 Detik 
------------------------- 
Tanggal: 25-11-2021 04:15:02 
Duration Download Forstok 11.194130897522 Detik
Duration Looping 700 Data 139.85847187042 Detik 
Total Duration 139.85859298706 Detik 
------------------------- 
Tanggal: 25-11-2021 04:20:01 
Duration Download Forstok 10.851268053055 Detik
Duration Looping 700 Data 138.64648199081 Detik 
Total Duration 138.64659810066 Detik 
------------------------- 
Tanggal: 25-11-2021 04:25:01 
Duration Download Forstok 11.111289978027 Detik
Duration Looping 700 Data 149.61721110344 Detik 
Total Duration 149.61732602119 Detik 
------------------------- 
Tanggal: 25-11-2021 04:30:01 
Duration Download Forstok 10.918038129807 Detik
Duration Looping 700 Data 135.74714899063 Detik 
Total Duration 135.74728703499 Detik 
------------------------- 
Tanggal: 25-11-2021 04:35:01 
Duration Download Forstok 10.189460039139 Detik
Duration Looping 700 Data 136.21566390991 Detik 
Total Duration 136.21578598022 Detik 
------------------------- 
Tanggal: 25-11-2021 04:40:01 
Duration Download Forstok 10.670753955841 Detik
Duration Looping 700 Data 137.49887299538 Detik 
Total Duration 137.49898815155 Detik 
------------------------- 
Tanggal: 25-11-2021 04:45:01 
Duration Download Forstok 11.134057998657 Detik
Duration Looping 700 Data 134.32555603981 Detik 
Total Duration 134.3256778717 Detik 
------------------------- 
Tanggal: 25-11-2021 04:50:01 
Duration Download Forstok 11.686419010162 Detik
Duration Looping 700 Data 140.42775297165 Detik 
Total Duration 140.42788290977 Detik 
------------------------- 
Tanggal: 25-11-2021 04:55:01 
Duration Download Forstok 10.779414892197 Detik
Duration Looping 700 Data 136.97602200508 Detik 
Total Duration 136.97614192963 Detik 
------------------------- 
Tanggal: 25-11-2021 05:00:01 
Duration Download Forstok 11.319019079208 Detik
Duration Looping 700 Data 143.90437197685 Detik 
Total Duration 143.90447688103 Detik 
------------------------- 
Tanggal: 25-11-2021 05:05:01 
Duration Download Forstok 18.121572971344 Detik
Duration Looping 700 Data 143.28275609016 Detik 
Total Duration 143.2828669548 Detik 
------------------------- 
Tanggal: 25-11-2021 05:10:01 
Duration Download Forstok 10.558725833893 Detik
Duration Looping 700 Data 133.07943797112 Detik 
Total Duration 133.07955098152 Detik 
------------------------- 
Tanggal: 25-11-2021 05:15:01 
Duration Download Forstok 11.379589080811 Detik
Duration Looping 700 Data 140.79822301865 Detik 
Total Duration 140.79834008217 Detik 
------------------------- 
Tanggal: 25-11-2021 05:20:01 
Duration Download Forstok 11.139432907104 Detik
Duration Looping 700 Data 137.49592804909 Detik 
Total Duration 137.49603796005 Detik 
------------------------- 
Tanggal: 25-11-2021 05:25:01 
Duration Download Forstok 10.59787607193 Detik
Duration Looping 700 Data 140.60473895073 Detik 
Total Duration 140.60485386848 Detik 
------------------------- 
Tanggal: 25-11-2021 05:30:01 
Duration Download Forstok 11.95639705658 Detik
Duration Looping 700 Data 138.82485699654 Detik 
Total Duration 138.8249938488 Detik 
------------------------- 
Tanggal: 25-11-2021 05:35:01 
Duration Download Forstok 9.9321219921112 Detik
Duration Looping 700 Data 135.05790305138 Detik 
Total Duration 135.05802202225 Detik 
------------------------- 
Tanggal: 25-11-2021 05:40:01 
Duration Download Forstok 11.501832962036 Detik
Duration Looping 700 Data 138.06971788406 Detik 
Total Duration 138.06982898712 Detik 
------------------------- 
Tanggal: 25-11-2021 05:45:02 
Duration Download Forstok 13.644864082336 Detik
Duration Looping 700 Data 140.01171302795 Detik 
Total Duration 140.0118060112 Detik 
------------------------- 
Tanggal: 25-11-2021 05:50:01 
Duration Download Forstok 12.303708076477 Detik
Duration Looping 700 Data 135.83666205406 Detik 
Total Duration 135.8367869854 Detik 
------------------------- 
Tanggal: 25-11-2021 05:55:01 
Duration Download Forstok 10.753979921341 Detik
Duration Looping 700 Data 137.06016683578 Detik 
Total Duration 137.0602478981 Detik 
------------------------- 
Tanggal: 25-11-2021 06:00:01 
Duration Download Forstok 11.192630052567 Detik
Duration Looping 700 Data 140.08171200752 Detik 
Total Duration 140.08182811737 Detik 
------------------------- 
Tanggal: 25-11-2021 06:05:01 
Duration Download Forstok 19.511201143265 Detik
Duration Looping 700 Data 141.00034618378 Detik 
Total Duration 141.00046110153 Detik 
------------------------- 
Tanggal: 25-11-2021 06:10:01 
Duration Download Forstok 11.842696905136 Detik
Duration Looping 700 Data 133.53270292282 Detik 
Total Duration 133.5328168869 Detik 
------------------------- 
Tanggal: 25-11-2021 06:15:01 
Duration Download Forstok 10.489496946335 Detik
Duration Looping 700 Data 152.76859688759 Detik 
Total Duration 152.76872181892 Detik 
------------------------- 
Tanggal: 25-11-2021 06:20:01 
Duration Download Forstok 13.198456048965 Detik
Duration Looping 700 Data 145.07668590546 Detik 
Total Duration 145.07679700851 Detik 
------------------------- 
Tanggal: 25-11-2021 06:25:01 
Duration Download Forstok 10.680570840836 Detik
Duration Looping 700 Data 132.97258996964 Detik 
Total Duration 132.9726998806 Detik 
------------------------- 
Tanggal: 25-11-2021 06:30:01 
Duration Download Forstok 59.300962209702 Detik
Tanggal: 25-11-2021 06:35:01 
Duration Download Forstok 15.306226015091 Detik
Duration Looping 700 Data 140.63475012779 Detik 
Total Duration 140.63486003876 Detik 
------------------------- 
Tanggal: 25-11-2021 06:40:01 
Duration Download Forstok 9.7948410511017 Detik
Duration Looping 700 Data 143.74974298477 Detik 
Total Duration 143.74985289574 Detik 
------------------------- 
Tanggal: 25-11-2021 06:45:01 
Duration Download Forstok 14.839902162552 Detik
Duration Looping 700 Data 142.62315297127 Detik 
Total Duration 142.62330794334 Detik 
------------------------- 
Tanggal: 25-11-2021 06:50:01 
Duration Download Forstok 6.6391558647156 Detik
Tanggal: 25-11-2021 06:55:01 
Duration Download Forstok 59.095453023911 Detik
Tanggal: 25-11-2021 07:00:01 
Duration Download Forstok 11.504804134369 Detik
Duration Looping 700 Data 137.36606121063 Detik 
Total Duration 137.3661801815 Detik 
------------------------- 
Tanggal: 25-11-2021 07:05:01 
Duration Download Forstok 16.130989074707 Detik
Duration Looping 700 Data 148.00865697861 Detik 
Total Duration 148.00877189636 Detik 
------------------------- 
Tanggal: 25-11-2021 07:10:01 
Duration Download Forstok 11.035860061646 Detik
Duration Looping 700 Data 132.70127892494 Detik 
Total Duration 132.70138692856 Detik 
------------------------- 
Tanggal: 25-11-2021 07:15:01 
Duration Download Forstok 14.495497941971 Detik
Duration Looping 700 Data 147.99121785164 Detik 
Total Duration 147.99133586884 Detik 
------------------------- 
Tanggal: 25-11-2021 07:20:01 
Duration Download Forstok 10.993219137192 Detik
Duration Looping 700 Data 139.8501200676 Detik 
Total Duration 139.85023403168 Detik 
------------------------- 
Tanggal: 25-11-2021 07:25:01 
Duration Download Forstok 12.671643972397 Detik
Duration Looping 700 Data 154.7308511734 Detik 
Total Duration 154.73101019859 Detik 
------------------------- 
Tanggal: 25-11-2021 07:30:01 
Duration Download Forstok 11.88553404808 Detik
Duration Looping 700 Data 152.8036570549 Detik 
Total Duration 152.80376791954 Detik 
------------------------- 
Tanggal: 25-11-2021 07:35:01 
Duration Download Forstok 10.412424087524 Detik
Duration Looping 700 Data 133.51574897766 Detik 
Total Duration 133.51587700844 Detik 
------------------------- 
Tanggal: 25-11-2021 07:40:01 
Duration Download Forstok 11.394554853439 Detik
Duration Looping 700 Data 136.41677188873 Detik 
Total Duration 136.41688680649 Detik 
------------------------- 
Tanggal: 25-11-2021 07:45:01 
Duration Download Forstok 12.429819107056 Detik
Duration Looping 700 Data 138.85991811752 Detik 
Total Duration 138.86003613472 Detik 
------------------------- 
Tanggal: 25-11-2021 07:50:01 
Duration Download Forstok 12.934866905212 Detik
Duration Looping 700 Data 141.44024300575 Detik 
Total Duration 141.44035387039 Detik 
------------------------- 
Tanggal: 25-11-2021 07:55:01 
Duration Download Forstok 11.133131980896 Detik
Duration Looping 700 Data 133.91396999359 Detik 
Total Duration 133.91408205032 Detik 
------------------------- 
Tanggal: 25-11-2021 08:00:01 
Duration Download Forstok 11.106320858002 Detik
Duration Looping 700 Data 137.11724591255 Detik 
Total Duration 137.11736392975 Detik 
------------------------- 
Tanggal: 25-11-2021 08:05:01 
Duration Download Forstok 15.461114883423 Detik
Duration Looping 700 Data 142.64481186867 Detik 
Total Duration 142.64492297173 Detik 
------------------------- 
Tanggal: 25-11-2021 08:10:01 
Duration Download Forstok 11.071244001389 Detik
Duration Looping 700 Data 136.24490904808 Detik 
Total Duration 136.2450261116 Detik 
------------------------- 
Tanggal: 25-11-2021 08:15:01 
Duration Download Forstok 15.676304101944 Detik
Duration Looping 700 Data 143.070551157 Detik 
Total Duration 143.07067203522 Detik 
------------------------- 
Tanggal: 25-11-2021 08:20:01 
Duration Download Forstok 9.7035830020905 Detik
Duration Looping 700 Data 136.88206195831 Detik 
Total Duration 136.88217496872 Detik 
------------------------- 
Tanggal: 25-11-2021 08:25:01 
Duration Download Forstok 12.741084098816 Detik
Duration Looping 700 Data 135.74699306488 Detik 
Total Duration 135.74710702896 Detik 
------------------------- 
Tanggal: 25-11-2021 08:30:01 
Duration Download Forstok 10.588015079498 Detik
Duration Looping 700 Data 146.43400096893 Detik 
Total Duration 146.4341108799 Detik 
------------------------- 
Tanggal: 25-11-2021 08:35:01 
Duration Download Forstok 12.286133050919 Detik
Duration Looping 700 Data 147.68155002594 Detik 
Total Duration 147.68165493011 Detik 
------------------------- 
Tanggal: 25-11-2021 08:40:01 
Duration Download Forstok 13.700936079025 Detik
Duration Looping 700 Data 144.26202011108 Detik 
Total Duration 144.26212000847 Detik 
------------------------- 
Tanggal: 25-11-2021 08:45:01 
Duration Download Forstok 9.9875950813293 Detik
Duration Looping 700 Data 142.28898406029 Detik 
Total Duration 142.28910708427 Detik 
------------------------- 
Tanggal: 25-11-2021 08:50:01 
Duration Download Forstok 10.41567492485 Detik
Duration Looping 700 Data 136.98452091217 Detik 
Total Duration 136.98464894295 Detik 
------------------------- 
Tanggal: 25-11-2021 08:55:02 
Duration Download Forstok 10.824577093124 Detik
Duration Looping 700 Data 139.53450107574 Detik 
Total Duration 139.53460597992 Detik 
------------------------- 
Tanggal: 25-11-2021 09:00:01 
Duration Download Forstok 10.638555049896 Detik
Duration Looping 700 Data 144.22890400887 Detik 
Total Duration 144.2290019989 Detik 
------------------------- 
Tanggal: 25-11-2021 09:05:01 
Duration Download Forstok 27.395689964294 Detik
Duration Looping 700 Data 156.11914205551 Detik 
Total Duration 156.11925697327 Detik 
------------------------- 
Tanggal: 25-11-2021 09:10:01 
Duration Download Forstok 9.4140410423279 Detik
Duration Looping 700 Data 138.65082287788 Detik 
Total Duration 138.65090894699 Detik 
------------------------- 
Tanggal: 25-11-2021 09:15:01 
Duration Download Forstok 13.385756015778 Detik
Duration Looping 700 Data 148.01497602463 Detik 
Total Duration 148.01509714127 Detik 
------------------------- 
Tanggal: 25-11-2021 09:20:01 
Duration Download Forstok 9.9475541114807 Detik
Duration Looping 700 Data 139.4395301342 Detik 
Total Duration 139.43964314461 Detik 
------------------------- 
Tanggal: 25-11-2021 09:25:01 
Duration Download Forstok 10.939614057541 Detik
Duration Looping 700 Data 139.84167504311 Detik 
Total Duration 139.84180402756 Detik 
------------------------- 
Tanggal: 25-11-2021 09:30:01 
Duration Download Forstok 13.308368206024 Detik
Duration Looping 700 Data 141.61531615257 Detik 
Total Duration 141.61543703079 Detik 
------------------------- 
Tanggal: 25-11-2021 09:35:01 
Duration Download Forstok 16.95713186264 Detik
Duration Looping 700 Data 147.50065493584 Detik 
Total Duration 147.50079989433 Detik 
------------------------- 
Tanggal: 25-11-2021 09:40:01 
Duration Download Forstok 11.977005958557 Detik
Duration Looping 700 Data 140.70738601685 Detik 
Total Duration 140.70750594139 Detik 
------------------------- 
Tanggal: 25-11-2021 09:45:01 
Duration Download Forstok 11.448401927948 Detik
Duration Looping 700 Data 142.17767190933 Detik 
Total Duration 142.17778992653 Detik 
------------------------- 
Tanggal: 25-11-2021 09:50:01 
Duration Download Forstok 12.521646022797 Detik
Duration Looping 700 Data 140.54820513725 Detik 
Total Duration 140.54830408096 Detik 
------------------------- 
Tanggal: 25-11-2021 09:55:01 
Duration Download Forstok 10.925903081894 Detik
Duration Looping 700 Data 139.55423212051 Detik 
Total Duration 139.55434608459 Detik 
------------------------- 
Tanggal: 25-11-2021 10:00:01 
Duration Download Forstok 11.557102918625 Detik
Duration Looping 700 Data 144.15635299683 Detik 
Total Duration 144.15647292137 Detik 
------------------------- 
Tanggal: 25-11-2021 10:05:01 
Duration Download Forstok 17.997306108475 Detik
Duration Looping 700 Data 152.45496106148 Detik 
Total Duration 152.455037117 Detik 
------------------------- 
Tanggal: 25-11-2021 10:10:01 
Duration Download Forstok 11.461920022964 Detik
Duration Looping 700 Data 145.64309406281 Detik 
Total Duration 145.64318394661 Detik 
------------------------- 
Tanggal: 25-11-2021 10:15:01 
Duration Download Forstok 13.623938083649 Detik
Duration Looping 700 Data 147.57491898537 Detik 
Total Duration 147.57503604889 Detik 
------------------------- 
Tanggal: 25-11-2021 10:20:01 
Duration Download Forstok 13.426614999771 Detik
Duration Looping 700 Data 162.64602899551 Detik 
Total Duration 162.64613413811 Detik 
------------------------- 
Tanggal: 25-11-2021 10:25:01 
Duration Download Forstok 11.541559934616 Detik
Duration Looping 700 Data 141.51072192192 Detik 
Total Duration 141.51084208488 Detik 
------------------------- 
Tanggal: 25-11-2021 10:30:01 
Duration Download Forstok 12.041640996933 Detik
Duration Looping 700 Data 141.57692885399 Detik 
Total Duration 141.57704305649 Detik 
------------------------- 
Tanggal: 25-11-2021 10:35:01 
Duration Download Forstok 12.735922813416 Detik
Duration Looping 700 Data 142.55465102196 Detik 
Total Duration 142.55476689339 Detik 
------------------------- 
Tanggal: 25-11-2021 10:40:01 
Duration Download Forstok 12.416876077652 Detik
Duration Looping 700 Data 149.23045396805 Detik 
Total Duration 149.23056602478 Detik 
------------------------- 
Tanggal: 25-11-2021 10:45:01 
Duration Download Forstok 13.833526134491 Detik
Duration Looping 700 Data 146.3952331543 Detik 
Total Duration 146.39535212517 Detik 
------------------------- 
Tanggal: 25-11-2021 10:50:01 
Duration Download Forstok 11.110865116119 Detik
Duration Looping 700 Data 139.41216492653 Detik 
Total Duration 139.41228795052 Detik 
------------------------- 
Tanggal: 25-11-2021 10:55:01 
Duration Download Forstok 10.353140830994 Detik
Duration Looping 700 Data 140.08377981186 Detik 
Total Duration 140.08386898041 Detik 
------------------------- 
Tanggal: 25-11-2021 11:00:01 
Duration Download Forstok 10.437378883362 Detik
Duration Looping 700 Data 145.5111978054 Detik 
Total Duration 145.51131296158 Detik 
------------------------- 
Tanggal: 25-11-2021 11:05:01 
Duration Download Forstok 16.965390920639 Detik
Duration Looping 700 Data 166.71323800087 Detik 
Total Duration 166.71336388588 Detik 
------------------------- 
Tanggal: 25-11-2021 11:10:01 
Duration Download Forstok 11.382361888885 Detik
Duration Looping 700 Data 142.95886898041 Detik 
Total Duration 142.9589779377 Detik 
------------------------- 
Tanggal: 25-11-2021 11:15:01 
Duration Download Forstok 11.893476963043 Detik
Duration Looping 700 Data 145.00088691711 Detik 
Total Duration 145.00102186203 Detik 
------------------------- 
Tanggal: 25-11-2021 11:20:01 
Duration Download Forstok 11.396117925644 Detik
Duration Looping 700 Data 143.11075091362 Detik 
Total Duration 143.1108250618 Detik 
------------------------- 
Tanggal: 25-11-2021 11:25:01 
Duration Download Forstok 12.335042953491 Detik
Duration Looping 700 Data 143.99970793724 Detik 
Total Duration 143.99979901314 Detik 
------------------------- 
Tanggal: 25-11-2021 11:30:01 
Duration Download Forstok 12.407006025314 Detik
Duration Looping 700 Data 142.47868514061 Detik 
Total Duration 142.47879314423 Detik 
------------------------- 
Tanggal: 25-11-2021 11:35:01 
Duration Download Forstok 15.715266942978 Detik
Duration Looping 700 Data 146.338367939 Detik 
Total Duration 146.33848309517 Detik 
------------------------- 
Tanggal: 25-11-2021 11:40:02 
Duration Download Forstok 10.613389015198 Detik
Duration Looping 700 Data 148.63372993469 Detik 
Total Duration 148.63384103775 Detik 
------------------------- 
Tanggal: 25-11-2021 11:45:01 
Duration Download Forstok 13.741250991821 Detik
Duration Looping 700 Data 148.74525284767 Detik 
Total Duration 148.74534988403 Detik 
------------------------- 
Tanggal: 25-11-2021 11:50:00 
Duration Download Forstok 13.859826803207 Detik
Duration Looping 700 Data 141.29690289497 Detik 
Total Duration 141.29701781273 Detik 
------------------------- 
Tanggal: 25-11-2021 11:55:01 
Duration Download Forstok 11.400531053543 Detik
Duration Looping 700 Data 144.36440587044 Detik 
Total Duration 144.36451292038 Detik 
------------------------- 
Tanggal: 25-11-2021 12:00:01 
Duration Download Forstok 12.321165084839 Detik
Duration Looping 700 Data 146.93711209297 Detik 
Total Duration 146.93723011017 Detik 
------------------------- 
Tanggal: 25-11-2021 12:05:01 
Duration Download Forstok 20.158821105957 Detik
Duration Looping 700 Data 156.00410699844 Detik 
Total Duration 156.00421404839 Detik 
------------------------- 
Tanggal: 25-11-2021 12:10:01 
Duration Download Forstok 12.063601970673 Detik
Duration Looping 700 Data 141.67229485512 Detik 
Total Duration 141.67239999771 Detik 
------------------------- 
Tanggal: 25-11-2021 12:15:01 
Duration Download Forstok 11.996856927872 Detik
Duration Looping 700 Data 140.37548685074 Detik 
Total Duration 140.37556886673 Detik 
------------------------- 
Tanggal: 25-11-2021 12:20:01 
Duration Download Forstok 10.015372991562 Detik
Duration Looping 700 Data 141.94758605957 Detik 
Total Duration 141.94770312309 Detik 
------------------------- 
Tanggal: 25-11-2021 12:25:01 
Duration Download Forstok 11.362272977829 Detik
Duration Looping 700 Data 138.46504592896 Detik 
Total Duration 138.46514296532 Detik 
------------------------- 
Tanggal: 25-11-2021 12:30:01 
Duration Download Forstok 14.373024940491 Detik
Duration Looping 700 Data 143.05647993088 Detik 
Total Duration 143.05660295486 Detik 
------------------------- 
Tanggal: 25-11-2021 12:35:01 
Duration Download Forstok 14.465371131897 Detik
Duration Looping 700 Data 141.78164100647 Detik 
Total Duration 141.78175902367 Detik 
------------------------- 
Tanggal: 25-11-2021 12:40:01 
Duration Download Forstok 11.903512954712 Detik
Duration Looping 700 Data 138.26391100883 Detik 
Total Duration 138.26402401924 Detik 
------------------------- 
Tanggal: 25-11-2021 12:45:01 
Duration Download Forstok 14.443502902985 Detik
Duration Looping 700 Data 145.25547385216 Detik 
Total Duration 145.25558996201 Detik 
------------------------- 
Tanggal: 25-11-2021 12:50:01 
Duration Download Forstok 12.770816087723 Detik
Duration Looping 700 Data 139.6283249855 Detik 
Total Duration 139.62844514847 Detik 
------------------------- 
Tanggal: 25-11-2021 12:55:01 
Duration Download Forstok 11.758265018463 Detik
Duration Looping 700 Data 138.16962385178 Detik 
Total Duration 138.16971802711 Detik 
------------------------- 
Tanggal: 25-11-2021 13:00:01 
Duration Download Forstok 14.127534866333 Detik
Duration Looping 700 Data 151.0999610424 Detik 
Total Duration 151.10008406639 Detik 
------------------------- 
Tanggal: 25-11-2021 13:05:01 
Duration Download Forstok 18.932116031647 Detik
Duration Looping 700 Data 156.22395706177 Detik 
Total Duration 156.22407507896 Detik 
------------------------- 
Tanggal: 25-11-2021 13:10:01 
Duration Download Forstok 12.005702018738 Detik
Duration Looping 700 Data 140.78518509865 Detik 
Total Duration 140.7853000164 Detik 
------------------------- 
Tanggal: 25-11-2021 13:15:01 
Duration Download Forstok 18.522133827209 Detik
Duration Looping 700 Data 150.43594288826 Detik 
Total Duration 150.43603277206 Detik 
------------------------- 
Tanggal: 25-11-2021 13:20:01 
Duration Download Forstok 10.77135515213 Detik
Duration Looping 700 Data 146.71127009392 Detik 
Total Duration 146.71136307716 Detik 
------------------------- 
Tanggal: 25-11-2021 13:25:01 
Duration Download Forstok 13.533652067184 Detik
Duration Looping 700 Data 144.62852501869 Detik 
Total Duration 144.62863302231 Detik 
------------------------- 
Tanggal: 25-11-2021 13:30:01 
Duration Download Forstok 12.253705978394 Detik
Duration Looping 700 Data 147.65304589272 Detik 
Total Duration 147.65314006805 Detik 
------------------------- 
Tanggal: 25-11-2021 13:35:01 
Duration Download Forstok 18.743375062943 Detik
Duration Looping 700 Data 148.6890399456 Detik 
Total Duration 148.68913412094 Detik 
------------------------- 
Tanggal: 25-11-2021 13:40:01 
Duration Download Forstok 13.653916120529 Detik
Duration Looping 700 Data 145.87235212326 Detik 
Total Duration 145.8724501133 Detik 
------------------------- 
Tanggal: 25-11-2021 13:45:01 
Duration Download Forstok 15.760035991669 Detik
Duration Looping 700 Data 147.28623795509 Detik 
Total Duration 147.28634500504 Detik 
------------------------- 
Tanggal: 25-11-2021 13:50:01 
Duration Download Forstok 12.887619972229 Detik
Duration Looping 700 Data 140.19050002098 Detik 
Total Duration 140.19058489799 Detik 
------------------------- 
Tanggal: 25-11-2021 13:55:01 
Duration Download Forstok 10.354207992554 Detik
Duration Looping 700 Data 141.53493309021 Detik 
Total Duration 141.53506207466 Detik 
------------------------- 
Tanggal: 25-11-2021 14:00:01 
Duration Download Forstok 11.844429969788 Detik
Duration Looping 700 Data 144.20839905739 Detik 
Total Duration 144.20851397514 Detik 
------------------------- 
Tanggal: 25-11-2021 14:05:01 
Duration Download Forstok 19.961717128754 Detik
Duration Looping 700 Data 155.48105192184 Detik 
Total Duration 155.48115110397 Detik 
------------------------- 
Tanggal: 25-11-2021 14:10:01 
Duration Download Forstok 13.874804973602 Detik
Duration Looping 700 Data 140.66578698158 Detik 
Total Duration 140.66587901115 Detik 
------------------------- 
Tanggal: 25-11-2021 14:15:01 
Duration Download Forstok 14.551367998123 Detik
Duration Looping 700 Data 144.28473901749 Detik 
Total Duration 144.28488206863 Detik 
------------------------- 
Tanggal: 25-11-2021 14:20:01 
Duration Download Forstok 10.609508991241 Detik
Duration Looping 700 Data 141.31426310539 Detik 
Total Duration 141.31436610222 Detik 
------------------------- 
Tanggal: 25-11-2021 14:25:01 
Duration Download Forstok 10.327836990356 Detik
Duration Looping 700 Data 139.38980007172 Detik 
Total Duration 139.38988089561 Detik 
------------------------- 
Tanggal: 25-11-2021 14:30:01 
Duration Download Forstok 13.802621841431 Detik
Duration Looping 700 Data 155.21634697914 Detik 
Total Duration 155.21646094322 Detik 
------------------------- 
Tanggal: 25-11-2021 14:35:01 
Duration Download Forstok 16.994578838348 Detik
Duration Looping 700 Data 145.80935001373 Detik 
Total Duration 145.8094689846 Detik 
------------------------- 
Tanggal: 25-11-2021 14:40:01 
Duration Download Forstok 10.876804113388 Detik
Duration Looping 700 Data 148.75620603561 Detik 
Total Duration 148.75630617142 Detik 
------------------------- 
Tanggal: 25-11-2021 14:45:01 
Duration Download Forstok 15.929008960724 Detik
Duration Looping 700 Data 149.5699429512 Detik 
Total Duration 149.57006287575 Detik 
------------------------- 
Tanggal: 25-11-2021 14:50:01 
Duration Download Forstok 12.701480865479 Detik
Duration Looping 700 Data 142.23242688179 Detik 
Total Duration 142.23256897926 Detik 
------------------------- 
Tanggal: 25-11-2021 14:55:02 
Duration Download Forstok 12.392297029495 Detik
Duration Looping 700 Data 146.11467194557 Detik 
Total Duration 146.11476397514 Detik 
------------------------- 
Tanggal: 25-11-2021 15:00:01 
Duration Download Forstok 16.162872076035 Detik
Duration Looping 700 Data 150.15912699699 Detik 
Total Duration 150.15927195549 Detik 
------------------------- 
Tanggal: 25-11-2021 15:05:01 
Duration Download Forstok 20.064562797546 Detik
Duration Looping 700 Data 151.84241199493 Detik 
Total Duration 151.84251689911 Detik 
------------------------- 
Tanggal: 25-11-2021 15:10:01 
Duration Download Forstok 10.870556116104 Detik
Duration Looping 700 Data 140.70839095116 Detik 
Total Duration 140.70851492882 Detik 
------------------------- 
Tanggal: 25-11-2021 15:15:01 
Duration Download Forstok 11.907274961472 Detik
Duration Looping 700 Data 140.40253901482 Detik 
Total Duration 140.40267395973 Detik 
------------------------- 
Tanggal: 25-11-2021 15:20:01 
Duration Download Forstok 13.396050930023 Detik
Duration Looping 700 Data 145.35010290146 Detik 
Total Duration 145.35022687912 Detik 
------------------------- 
Tanggal: 25-11-2021 15:25:01 
Duration Download Forstok 11.810254096985 Detik
Duration Looping 700 Data 143.53653907776 Detik 
Total Duration 143.53663110733 Detik 
------------------------- 
Tanggal: 25-11-2021 15:30:01 
Duration Download Forstok 12.788393974304 Detik
Duration Looping 700 Data 144.61354899406 Detik 
Total Duration 144.61366605759 Detik 
------------------------- 
Tanggal: 25-11-2021 15:35:01 
Duration Download Forstok 22.756185054779 Detik
Duration Looping 700 Data 153.95756793022 Detik 
Total Duration 153.95764803886 Detik 
------------------------- 
Tanggal: 25-11-2021 15:40:01 
Duration Download Forstok 13.309737205505 Detik
Duration Looping 700 Data 145.83494019508 Detik 
Total Duration 145.83505415916 Detik 
------------------------- 
Tanggal: 25-11-2021 15:45:01 
Duration Download Forstok 15.268590211868 Detik
Duration Looping 700 Data 149.45132613182 Detik 
Total Duration 149.45140600204 Detik 
------------------------- 
Tanggal: 25-11-2021 15:50:01 
Duration Download Forstok 12.612656116486 Detik
Duration Looping 700 Data 140.77676796913 Detik 
Total Duration 140.77688097954 Detik 
------------------------- 
Tanggal: 25-11-2021 15:55:01 
Duration Download Forstok 12.564702987671 Detik
Duration Looping 700 Data 143.01277494431 Detik 
Total Duration 143.01289391518 Detik 
------------------------- 
Tanggal: 25-11-2021 16:00:01 
Duration Download Forstok 15.848972797394 Detik
Duration Looping 700 Data 152.10877680779 Detik 
Total Duration 152.10889196396 Detik 
------------------------- 
Tanggal: 25-11-2021 16:05:01 
Duration Download Forstok 17.949299097061 Detik
Duration Looping 700 Data 156.4087741375 Detik 
Total Duration 156.40889501572 Detik 
------------------------- 
Tanggal: 25-11-2021 16:10:01 
Duration Download Forstok 15.206333875656 Detik
Duration Looping 700 Data 146.58086180687 Detik 
Total Duration 146.58093380928 Detik 
------------------------- 
Tanggal: 25-11-2021 16:15:01 
Duration Download Forstok 13.7975730896 Detik
Duration Looping 700 Data 147.81735515594 Detik 
Total Duration 147.81747508049 Detik 
------------------------- 
Tanggal: 25-11-2021 16:20:01 
Duration Download Forstok 12.81184387207 Detik
Duration Looping 700 Data 147.27080106735 Detik 
Total Duration 147.27092385292 Detik 
------------------------- 
Tanggal: 25-11-2021 16:25:01 
Duration Download Forstok 12.193009853363 Detik
Duration Looping 700 Data 146.95174503326 Detik 
Total Duration 146.95185995102 Detik 
------------------------- 
Tanggal: 25-11-2021 16:30:01 
Duration Download Forstok 12.894885063171 Detik
Duration Looping 700 Data 148.02676320076 Detik 
Total Duration 148.02688503265 Detik 
------------------------- 
Tanggal: 25-11-2021 16:35:01 
Duration Download Forstok 21.672033071518 Detik
Duration Looping 700 Data 156.80796909332 Detik 
Total Duration 156.80805301666 Detik 
------------------------- 
Tanggal: 25-11-2021 16:40:01 
Duration Download Forstok 11.160607814789 Detik
Duration Looping 700 Data 149.44306898117 Detik 
Total Duration 149.44320392609 Detik 
------------------------- 
Tanggal: 25-11-2021 16:45:01 
Duration Download Forstok 15.083423137665 Detik
Duration Looping 700 Data 148.63813900948 Detik 
Total Duration 148.63827109337 Detik 
------------------------- 
Tanggal: 25-11-2021 16:50:01 
Duration Download Forstok 12.331595897675 Detik
Duration Looping 700 Data 141.93539381027 Detik 
Total Duration 141.93552684784 Detik 
------------------------- 
Tanggal: 25-11-2021 16:55:01 
Duration Download Forstok 12.322469949722 Detik
Duration Looping 700 Data 143.5774269104 Detik 
Total Duration 143.57754397392 Detik 
------------------------- 
Tanggal: 25-11-2021 17:00:01 
Duration Download Forstok 12.71578001976 Detik
Duration Looping 700 Data 145.60534906387 Detik 
Total Duration 145.60545897484 Detik 
------------------------- 
Tanggal: 25-11-2021 17:05:01 
Duration Download Forstok 20.586237192154 Detik
Duration Looping 700 Data 150.54472923279 Detik 
Total Duration 150.54484605789 Detik 
------------------------- 
Tanggal: 25-11-2021 17:10:01 
Duration Download Forstok 11.228970050812 Detik
Duration Looping 700 Data 137.85931801796 Detik 
Total Duration 137.85943603516 Detik 
------------------------- 
Tanggal: 25-11-2021 17:15:01 
Duration Download Forstok 13.346012115479 Detik
Duration Looping 700 Data 149.54359912872 Detik 
Total Duration 149.54371118546 Detik 
------------------------- 
Tanggal: 25-11-2021 17:20:01 
Duration Download Forstok 13.115833997726 Detik
Duration Looping 700 Data 143.31407690048 Detik 
Total Duration 143.31419086456 Detik 
------------------------- 
Tanggal: 25-11-2021 17:25:01 
Duration Download Forstok 11.514280080795 Detik
Duration Looping 700 Data 139.47847509384 Detik 
Total Duration 139.47859120369 Detik 
------------------------- 
Tanggal: 25-11-2021 17:30:01 
Duration Download Forstok 11.084100008011 Detik
Duration Looping 700 Data 137.17682290077 Detik 
Total Duration 137.1769349575 Detik 
------------------------- 
Tanggal: 25-11-2021 17:35:01 
Duration Download Forstok 21.74782705307 Detik
Duration Looping 700 Data 147.38494706154 Detik 
Total Duration 147.38506817818 Detik 
------------------------- 
Tanggal: 25-11-2021 17:40:01 
Duration Download Forstok 11.901207923889 Detik
Duration Looping 700 Data 145.87154006958 Detik 
Total Duration 145.87165093422 Detik 
------------------------- 
Tanggal: 25-11-2021 17:45:01 
Duration Download Forstok 16.83239197731 Detik
Duration Looping 700 Data 152.69782590866 Detik 
Total Duration 152.69792890549 Detik 
------------------------- 
Tanggal: 25-11-2021 17:50:01 
Duration Download Forstok 14.099458932877 Detik
Duration Looping 700 Data 139.32446289062 Detik 
Total Duration 139.32457089424 Detik 
------------------------- 
Tanggal: 25-11-2021 17:55:01 
Duration Download Forstok 10.376173019409 Detik
Duration Looping 700 Data 134.06717991829 Detik 
Total Duration 134.06729698181 Detik 
------------------------- 
Tanggal: 25-11-2021 18:00:01 
Duration Download Forstok 12.385372877121 Detik
Duration Looping 700 Data 138.445114851 Detik 
Total Duration 138.44523882866 Detik 
------------------------- 
Tanggal: 25-11-2021 18:05:01 
Duration Download Forstok 18.350021123886 Detik
Duration Looping 700 Data 144.85721302032 Detik 
Total Duration 144.85733413696 Detik 
------------------------- 
Tanggal: 25-11-2021 18:10:01 
Duration Download Forstok 14.234377861023 Detik
Duration Looping 700 Data 137.5180850029 Detik 
Total Duration 137.5181889534 Detik 
------------------------- 
Tanggal: 25-11-2021 18:15:01 
Duration Download Forstok 13.065267086029 Detik
Duration Looping 700 Data 139.39475512505 Detik 
Total Duration 139.39485907555 Detik 
------------------------- 
Tanggal: 25-11-2021 18:20:01 
Duration Download Forstok 12.520395994186 Detik
Duration Looping 700 Data 144.34037089348 Detik 
Total Duration 144.340487957 Detik 
------------------------- 
Tanggal: 25-11-2021 18:25:01 
Duration Download Forstok 12.986991882324 Detik
Duration Looping 700 Data 136.37389397621 Detik 
Total Duration 136.37401294708 Detik 
------------------------- 
Tanggal: 25-11-2021 18:30:01 
Duration Download Forstok 12.598519086838 Detik
Duration Looping 700 Data 145.14711403847 Detik 
Total Duration 145.1472260952 Detik 
------------------------- 
Tanggal: 25-11-2021 18:35:01 
Duration Download Forstok 20.421077013016 Detik
Duration Looping 700 Data 144.8369371891 Detik 
Total Duration 144.83706712723 Detik 
------------------------- 
Tanggal: 25-11-2021 18:40:01 
Duration Download Forstok 12.252024888992 Detik
Duration Looping 700 Data 135.89105701447 Detik 
Total Duration 135.89116692543 Detik 
------------------------- 
Tanggal: 25-11-2021 18:45:01 
Duration Download Forstok 17.34770488739 Detik
Duration Looping 700 Data 147.03028988838 Detik 
Total Duration 147.03040885925 Detik 
------------------------- 
Tanggal: 25-11-2021 18:50:02 
Duration Download Forstok 12.73514509201 Detik
Duration Looping 700 Data 139.09641003609 Detik 
Total Duration 139.09652304649 Detik 
------------------------- 
Tanggal: 25-11-2021 18:55:01 
Duration Download Forstok 10.61802482605 Detik
Duration Looping 700 Data 137.2591919899 Detik 
Total Duration 137.25931501389 Detik 
------------------------- 
Tanggal: 25-11-2021 19:00:01 
Duration Download Forstok 13.182952880859 Detik
Duration Looping 700 Data 139.85307192802 Detik 
Total Duration 139.85318303108 Detik 
------------------------- 
Tanggal: 25-11-2021 19:05:01 
Duration Download Forstok 19.586140155792 Detik
Duration Looping 700 Data 142.75647306442 Detik 
Total Duration 142.75659108162 Detik 
------------------------- 
Tanggal: 25-11-2021 19:10:01 
Duration Download Forstok 11.001317977905 Detik
Duration Looping 700 Data 137.28804683685 Detik 
Total Duration 137.28812479973 Detik 
------------------------- 
Tanggal: 25-11-2021 19:15:01 
Duration Download Forstok 15.245229959488 Detik
Duration Looping 700 Data 138.78922700882 Detik 
Total Duration 138.78934597969 Detik 
------------------------- 
Tanggal: 25-11-2021 19:20:01 
Duration Download Forstok 15.316770076752 Detik
Duration Looping 700 Data 139.35423994064 Detik 
Total Duration 139.35435700417 Detik 
------------------------- 
Tanggal: 25-11-2021 19:25:01 
Duration Download Forstok 13.88770198822 Detik
Duration Looping 700 Data 142.28365111351 Detik 
Total Duration 142.28377008438 Detik 
------------------------- 
Tanggal: 25-11-2021 19:30:01 
Duration Download Forstok 12.131227016449 Detik
Duration Looping 700 Data 133.79514789581 Detik 
Total Duration 133.79526400566 Detik 
------------------------- 
Tanggal: 25-11-2021 19:35:01 
Duration Download Forstok 14.603749990463 Detik
Duration Looping 700 Data 137.6694009304 Detik 
Total Duration 137.66951799393 Detik 
------------------------- 
Tanggal: 25-11-2021 19:40:01 
Duration Download Forstok 13.187265872955 Detik
Duration Looping 700 Data 141.73308181763 Detik 
Total Duration 141.73319482803 Detik 
------------------------- 
Tanggal: 25-11-2021 19:45:01 
Duration Download Forstok 19.126992940903 Detik
Duration Looping 700 Data 143.8466989994 Detik 
Total Duration 143.8468310833 Detik 
------------------------- 
Tanggal: 25-11-2021 19:50:01 
Duration Download Forstok 13.832991123199 Detik
Duration Looping 700 Data 135.39586496353 Detik 
Total Duration 135.39598608017 Detik 
------------------------- 
Tanggal: 25-11-2021 19:55:01 
Duration Download Forstok 11.664108991623 Detik
Duration Looping 700 Data 137.3414978981 Detik 
Total Duration 137.34161400795 Detik 
------------------------- 
Tanggal: 25-11-2021 20:00:01 
Duration Download Forstok 13.799483060837 Detik
Duration Looping 700 Data 144.08030509949 Detik 
Total Duration 144.08042120934 Detik 
------------------------- 
Tanggal: 25-11-2021 20:05:01 
Duration Download Forstok 21.803394079208 Detik
Duration Looping 700 Data 146.75222420692 Detik 
Total Duration 146.75233817101 Detik 
------------------------- 
Tanggal: 25-11-2021 20:10:01 
Duration Download Forstok 16.885146856308 Detik
Duration Looping 700 Data 138.75027799606 Detik 
Total Duration 138.75038599968 Detik 
------------------------- 
Tanggal: 25-11-2021 20:15:01 
Duration Download Forstok 13.887856006622 Detik
Duration Looping 700 Data 137.74227905273 Detik 
Total Duration 137.74239015579 Detik 
------------------------- 
Tanggal: 25-11-2021 20:20:01 
Duration Download Forstok 15.604676961899 Detik
Duration Looping 700 Data 140.67806386948 Detik 
Total Duration 140.67817306519 Detik 
------------------------- 
Tanggal: 25-11-2021 20:25:01 
Duration Download Forstok 13.438422203064 Detik
Duration Looping 700 Data 135.46075820923 Detik 
Total Duration 135.4608771801 Detik 
------------------------- 
Tanggal: 25-11-2021 20:30:01 
Duration Download Forstok 10.52524805069 Detik
Duration Looping 700 Data 133.32133102417 Detik 
Total Duration 133.32145404816 Detik 
------------------------- 
Tanggal: 25-11-2021 20:35:01 
Duration Download Forstok 20.801667928696 Detik
Duration Looping 700 Data 143.97374296188 Detik 
Total Duration 143.97389602661 Detik 
------------------------- 
Tanggal: 25-11-2021 20:40:01 
Duration Download Forstok 12.773267030716 Detik
Duration Looping 700 Data 139.87527489662 Detik 
Total Duration 139.87538290024 Detik 
------------------------- 
Tanggal: 25-11-2021 20:45:01 
Duration Download Forstok 15.417618989944 Detik
Duration Looping 700 Data 142.23883605003 Detik 
Total Duration 142.23899197578 Detik 
------------------------- 
Tanggal: 25-11-2021 20:50:01 
Duration Download Forstok 10.649500131607 Detik
Duration Looping 700 Data 135.44266104698 Detik 
Total Duration 135.44274401665 Detik 
------------------------- 
Tanggal: 25-11-2021 20:55:01 
Duration Download Forstok 13.388947963715 Detik
Duration Looping 700 Data 137.94824385643 Detik 
Total Duration 137.94836592674 Detik 
------------------------- 
Tanggal: 25-11-2021 21:00:01 
Duration Download Forstok 13.055562973022 Detik
Duration Looping 700 Data 150.89107704163 Detik 
Total Duration 150.89119291306 Detik 
------------------------- 
Tanggal: 25-11-2021 21:05:01 
Duration Download Forstok 22.902189016342 Detik
Duration Looping 700 Data 152.4761800766 Detik 
Total Duration 152.47630214691 Detik 
------------------------- 
Tanggal: 25-11-2021 21:10:01 
Duration Download Forstok 13.760949850082 Detik
Duration Looping 700 Data 135.11231589317 Detik 
Total Duration 135.1124329567 Detik 
------------------------- 
Tanggal: 25-11-2021 21:15:01 
Duration Download Forstok 12.335852146149 Detik
Duration Looping 700 Data 134.82751297951 Detik 
Total Duration 134.82762503624 Detik 
------------------------- 
Tanggal: 25-11-2021 21:20:01 
Duration Download Forstok 15.647973060608 Detik
Duration Looping 700 Data 151.18240118027 Detik 
Total Duration 151.18251419067 Detik 
------------------------- 
Tanggal: 25-11-2021 21:25:01 
Duration Download Forstok 12.282361030579 Detik
Duration Looping 700 Data 135.10337686539 Detik 
Total Duration 135.10349082947 Detik 
------------------------- 
Tanggal: 25-11-2021 21:30:01 
Duration Download Forstok 11.32212305069 Detik
Duration Looping 700 Data 151.5507440567 Detik 
Total Duration 151.55086016655 Detik 
------------------------- 
Tanggal: 25-11-2021 21:35:01 
Duration Download Forstok 16.824393987656 Detik
Duration Looping 700 Data 141.4920539856 Detik 
Total Duration 141.49217891693 Detik 
------------------------- 
Tanggal: 25-11-2021 21:40:01 
Duration Download Forstok 14.987935066223 Detik
Duration Looping 700 Data 140.99226117134 Detik 
Total Duration 140.99238395691 Detik 
------------------------- 
Tanggal: 25-11-2021 21:45:02 
Duration Download Forstok 15.461790084839 Detik
Duration Looping 700 Data 138.2377641201 Detik 
Total Duration 138.23787999153 Detik 
------------------------- 
Tanggal: 25-11-2021 21:50:01 
Duration Download Forstok 12.33035492897 Detik
Duration Looping 700 Data 139.66900706291 Detik 
Total Duration 139.66911792755 Detik 
------------------------- 
Tanggal: 25-11-2021 21:55:01 
Duration Download Forstok 12.865068912506 Detik
Duration Looping 700 Data 136.90534901619 Detik 
Total Duration 136.90544080734 Detik 
------------------------- 
Tanggal: 25-11-2021 22:00:01 
Duration Download Forstok 11.759078025818 Detik
Duration Looping 700 Data 138.62549614906 Detik 
Total Duration 138.62561106682 Detik 
------------------------- 
Tanggal: 25-11-2021 22:05:01 
Duration Download Forstok 17.227277994156 Detik
Duration Looping 700 Data 146.56415510178 Detik 
Total Duration 146.56426811218 Detik 
------------------------- 
Tanggal: 25-11-2021 22:10:01 
Duration Download Forstok 13.031209945679 Detik
Duration Looping 700 Data 135.73305392265 Detik 
Total Duration 135.73317408562 Detik 
------------------------- 
Tanggal: 25-11-2021 22:15:01 
Duration Download Forstok 19.182720899582 Detik
Duration Looping 700 Data 141.995844841 Detik 
Total Duration 141.99597382545 Detik 
------------------------- 
Tanggal: 25-11-2021 22:20:01 
Duration Download Forstok 17.165895938873 Detik
Duration Looping 700 Data 142.84425187111 Detik 
Total Duration 142.84435486794 Detik 
------------------------- 
Tanggal: 25-11-2021 22:25:01 
Duration Download Forstok 11.082695960999 Detik
Duration Looping 700 Data 150.1268260479 Detik 
Total Duration 150.12694406509 Detik 
------------------------- 
Tanggal: 25-11-2021 22:30:01 
Duration Download Forstok 15.207862138748 Detik
Duration Looping 700 Data 135.59051609039 Detik 
Total Duration 135.59063816071 Detik 
------------------------- 
Tanggal: 25-11-2021 22:35:01 
Duration Download Forstok 18.568917989731 Detik
Duration Looping 700 Data 140.11780595779 Detik 
Total Duration 140.11792087555 Detik 
------------------------- 
Tanggal: 25-11-2021 22:40:01 
Duration Download Forstok 15.031653881073 Detik
Duration Looping 700 Data 156.23737311363 Detik 
Total Duration 156.23748493195 Detik 
------------------------- 
Tanggal: 25-11-2021 22:45:01 
Duration Download Forstok 15.85518693924 Detik
Duration Looping 700 Data 158.67954397202 Detik 
Total Duration 158.67965698242 Detik 
------------------------- 
Tanggal: 25-11-2021 22:50:01 
Duration Download Forstok 10.751264095306 Detik
Duration Looping 700 Data 129.77446317673 Detik 
Total Duration 129.77460408211 Detik 
------------------------- 
Tanggal: 25-11-2021 22:55:01 
Duration Download Forstok 10.97770190239 Detik
Duration Looping 700 Data 131.62913799286 Detik 
Total Duration 131.62925291061 Detik 
------------------------- 
Tanggal: 25-11-2021 23:00:01 
Duration Download Forstok 9.973128080368 Detik
Duration Looping 700 Data 135.20281910896 Detik 
Total Duration 135.20292806625 Detik 
------------------------- 
Tanggal: 25-11-2021 23:05:01 
Duration Download Forstok 20.360991001129 Detik
Duration Looping 700 Data 143.53981614113 Detik 
Total Duration 143.53993201256 Detik 
------------------------- 
Tanggal: 25-11-2021 23:10:01 
Duration Download Forstok 16.061798095703 Detik
Duration Looping 700 Data 141.44242191315 Detik 
Total Duration 141.44253706932 Detik 
------------------------- 
Tanggal: 25-11-2021 23:15:01 
Duration Download Forstok 19.034320831299 Detik
Duration Looping 700 Data 149.71194696426 Detik 
Total Duration 149.7120718956 Detik 
------------------------- 
Tanggal: 25-11-2021 23:20:01 
Duration Download Forstok 14.375102996826 Detik
Duration Looping 700 Data 152.50786089897 Detik 
Total Duration 152.50797009468 Detik 
------------------------- 
Tanggal: 25-11-2021 23:25:01 
Duration Download Forstok 13.465043067932 Detik
Duration Looping 700 Data 137.0599360466 Detik 
Total Duration 137.06005191803 Detik 
------------------------- 
Tanggal: 25-11-2021 23:30:01 
Duration Download Forstok 15.606215000153 Detik
Duration Looping 700 Data 153.14726781845 Detik 
Total Duration 153.14738583565 Detik 
------------------------- 
Tanggal: 25-11-2021 23:35:01 
Duration Download Forstok 22.883323192596 Detik
Duration Looping 700 Data 157.58828115463 Detik 
Total Duration 157.58839821815 Detik 
------------------------- 
Tanggal: 25-11-2021 23:40:01 
Duration Download Forstok 12.14207983017 Detik
Duration Looping 700 Data 135.07907295227 Detik 
Total Duration 135.07918095589 Detik 
------------------------- 
Tanggal: 25-11-2021 23:45:01 
Duration Download Forstok 15.388827800751 Detik
Duration Looping 700 Data 144.12135386467 Detik 
Total Duration 144.12147188187 Detik 
------------------------- 
Tanggal: 25-11-2021 23:50:01 
Duration Download Forstok 15.887051105499 Detik
Duration Looping 700 Data 139.54296588898 Detik 
Total Duration 139.54307794571 Detik 
------------------------- 
Tanggal: 25-11-2021 23:55:01 
Duration Download Forstok 10.844695806503 Detik
Duration Looping 700 Data 134.21154284477 Detik 
Total Duration 134.2116727829 Detik 
------------------------- 
