Tanggal: 18-08-2022 00:00:01 
Duration Download Forstok 15.177187919617 Detik
Duration Looping 500 Data 813.05531191826 Detik 
Total Duration 813.08431696892 Detik 
------------------------- 
Tanggal: 18-08-2022 00:15:01 
Duration Download Forstok 15.509903907776 Detik
Duration Looping 500 Data 175.6654419899 Detik 
Total Duration 175.6932220459 Detik 
------------------------- 
Tanggal: 18-08-2022 00:20:01 
Duration Download Forstok 12.730431079865 Detik
Duration Looping 500 Data 154.60426402092 Detik 
Total Duration 154.63172602654 Detik 
------------------------- 
Tanggal: 18-08-2022 00:25:01 
Duration Download Forstok 12.88009595871 Detik
Duration Looping 500 Data 161.28704810143 Detik 
Total Duration 161.31454992294 Detik 
------------------------- 
Tanggal: 18-08-2022 00:30:01 
Duration Download Forstok 15.791985034943 Detik
Duration Looping 500 Data 158.86453294754 Detik 
Total Duration 158.88963913918 Detik 
------------------------- 
Tanggal: 18-08-2022 00:35:01 
Duration Download Forstok 9.8341269493103 Detik
Duration Looping 500 Data 148.80630087852 Detik 
Total Duration 148.83517599106 Detik 
------------------------- 
Tanggal: 18-08-2022 00:40:01 
Duration Download Forstok 13.624514818192 Detik
Duration Looping 500 Data 157.10752892494 Detik 
Total Duration 157.13423991203 Detik 
------------------------- 
Tanggal: 18-08-2022 00:45:01 
Duration Download Forstok 13.17839884758 Detik
Duration Looping 500 Data 160.74835085869 Detik 
Total Duration 160.77733492851 Detik 
------------------------- 
Tanggal: 18-08-2022 00:50:01 
Duration Download Forstok 13.800108909607 Detik
Duration Looping 500 Data 152.46990084648 Detik 
Total Duration 152.49549984932 Detik 
------------------------- 
Tanggal: 18-08-2022 00:55:01 
Duration Download Forstok 16.150310993195 Detik
Duration Looping 500 Data 153.45782089233 Detik 
Total Duration 153.48545002937 Detik 
------------------------- 
Tanggal: 18-08-2022 01:00:01 
Duration Download Forstok 11.436398983002 Detik
Duration Looping 500 Data 159.84335803986 Detik 
Total Duration 159.86855697632 Detik 
------------------------- 
Tanggal: 18-08-2022 01:05:01 
Duration Download Forstok 11.852367162704 Detik
Duration Looping 500 Data 149.56202507019 Detik 
Total Duration 149.58734416962 Detik 
------------------------- 
Tanggal: 18-08-2022 01:10:01 
Duration Download Forstok 10.210533857346 Detik
Duration Looping 500 Data 145.94402194023 Detik 
Total Duration 145.97008299828 Detik 
------------------------- 
Tanggal: 18-08-2022 01:15:01 
Duration Download Forstok 16.450369119644 Detik
Duration Looping 500 Data 177.55300092697 Detik 
Total Duration 177.58212900162 Detik 
------------------------- 
Tanggal: 18-08-2022 01:20:01 
Duration Download Forstok 11.381558895111 Detik
Duration Looping 500 Data 148.13691496849 Detik 
Total Duration 148.1614818573 Detik 
------------------------- 
Tanggal: 18-08-2022 01:25:01 
Duration Download Forstok 12.418250083923 Detik
Duration Looping 500 Data 156.29252409935 Detik 
Total Duration 156.31876516342 Detik 
------------------------- 
Tanggal: 18-08-2022 01:30:01 
Duration Download Forstok 12.642503976822 Detik
Duration Looping 500 Data 155.87907981873 Detik 
Total Duration 155.90541887283 Detik 
------------------------- 
Tanggal: 18-08-2022 01:35:01 
Duration Download Forstok 9.6944551467896 Detik
Duration Looping 500 Data 148.17098712921 Detik 
Total Duration 148.1967561245 Detik 
------------------------- 
Tanggal: 18-08-2022 01:40:01 
Duration Download Forstok 11.350224971771 Detik
Duration Looping 500 Data 149.83092999458 Detik 
Total Duration 149.85667395592 Detik 
------------------------- 
Tanggal: 18-08-2022 01:45:01 
Duration Download Forstok 10.744117975235 Detik
Duration Looping 500 Data 153.85757994652 Detik 
Total Duration 153.88606190681 Detik 
------------------------- 
Tanggal: 18-08-2022 01:50:01 
Duration Download Forstok 12.875374794006 Detik
Duration Looping 500 Data 160.4266769886 Detik 
Total Duration 160.45177793503 Detik 
------------------------- 
Tanggal: 18-08-2022 01:55:01 
Duration Download Forstok 10.321704864502 Detik
Duration Looping 500 Data 169.247838974 Detik 
Total Duration 169.27356886864 Detik 
------------------------- 
Tanggal: 18-08-2022 02:00:01 
Duration Download Forstok 12.077323913574 Detik
Duration Looping 500 Data 157.39263105392 Detik 
Total Duration 157.41876888275 Detik 
------------------------- 
Tanggal: 18-08-2022 02:05:02 
Duration Download Forstok 13.971379995346 Detik
Duration Looping 500 Data 155.29397916794 Detik 
Total Duration 155.3262360096 Detik 
------------------------- 
Tanggal: 18-08-2022 02:10:01 
Duration Download Forstok 12.820023059845 Detik
Duration Looping 500 Data 149.52443003654 Detik 
Total Duration 149.548361063 Detik 
------------------------- 
Tanggal: 18-08-2022 02:15:01 
Duration Download Forstok 14.560820817947 Detik
Duration Looping 500 Data 154.91193199158 Detik 
Total Duration 154.93808794022 Detik 
------------------------- 
Tanggal: 18-08-2022 02:20:01 
Duration Download Forstok 11.566620826721 Detik
Duration Looping 500 Data 146.44613599777 Detik 
Total Duration 146.47154593468 Detik 
------------------------- 
Tanggal: 18-08-2022 02:25:01 
Duration Download Forstok 14.860502958298 Detik
Duration Looping 500 Data 148.5591070652 Detik 
Total Duration 148.5850288868 Detik 
------------------------- 
Tanggal: 18-08-2022 02:30:01 
Duration Download Forstok 11.414440155029 Detik
Duration Looping 500 Data 158.71490120888 Detik 
Total Duration 158.7405500412 Detik 
------------------------- 
Tanggal: 18-08-2022 02:35:01 
Duration Download Forstok 9.4722921848297 Detik
Duration Looping 500 Data 147.37378501892 Detik 
Total Duration 147.39908313751 Detik 
------------------------- 
Tanggal: 18-08-2022 02:40:01 
Duration Download Forstok 9.6913290023804 Detik
Duration Looping 500 Data 144.09195303917 Detik 
Total Duration 144.11778688431 Detik 
------------------------- 
Tanggal: 18-08-2022 02:45:01 
Duration Download Forstok 11.517206192017 Detik
Duration Looping 500 Data 165.83109211922 Detik 
Total Duration 165.85752010345 Detik 
------------------------- 
Tanggal: 18-08-2022 02:50:01 
Duration Download Forstok 14.819216012955 Detik
Duration Looping 500 Data 156.16178798676 Detik 
Total Duration 156.18803906441 Detik 
------------------------- 
Tanggal: 18-08-2022 02:55:01 
Duration Download Forstok 14.764726877213 Detik
Duration Looping 500 Data 151.33633685112 Detik 
Total Duration 151.36240100861 Detik 
------------------------- 
Tanggal: 18-08-2022 03:00:01 
Duration Download Forstok 11.868271112442 Detik
Duration Looping 500 Data 152.88035511971 Detik 
Total Duration 152.90533614159 Detik 
------------------------- 
Tanggal: 18-08-2022 03:05:01 
Duration Download Forstok 11.77610707283 Detik
Duration Looping 500 Data 148.86416101456 Detik 
Total Duration 148.89047718048 Detik 
------------------------- 
Tanggal: 18-08-2022 03:10:01 
Duration Download Forstok 12.098693847656 Detik
Duration Looping 500 Data 151.08411407471 Detik 
Total Duration 151.10834598541 Detik 
------------------------- 
Tanggal: 18-08-2022 03:15:01 
Duration Download Forstok 15.235908031464 Detik
Duration Looping 500 Data 154.63881611824 Detik 
Total Duration 154.6643910408 Detik 
------------------------- 
Tanggal: 18-08-2022 03:20:01 
Duration Download Forstok 12.057242870331 Detik
Duration Looping 500 Data 150.96571397781 Detik 
Total Duration 150.99240899086 Detik 
------------------------- 
Tanggal: 18-08-2022 03:25:01 
Duration Download Forstok 11.209095954895 Detik
Duration Looping 500 Data 153.38183403015 Detik 
Total Duration 153.40774703026 Detik 
------------------------- 
Tanggal: 18-08-2022 03:30:01 
Duration Download Forstok 13.946838140488 Detik
Duration Looping 500 Data 158.32380819321 Detik 
Total Duration 158.34971618652 Detik 
------------------------- 
Tanggal: 18-08-2022 03:35:01 
Duration Download Forstok 14.769994020462 Detik
Duration Looping 500 Data 147.31017279625 Detik 
Total Duration 147.33597493172 Detik 
------------------------- 
Tanggal: 18-08-2022 03:40:01 
Duration Download Forstok 13.394515037537 Detik
Duration Looping 500 Data 168.59674692154 Detik 
Total Duration 168.6219959259 Detik 
------------------------- 
Tanggal: 18-08-2022 03:45:01 
Duration Download Forstok 13.720501184464 Detik
Duration Looping 500 Data 155.8700530529 Detik 
Total Duration 155.89938306808 Detik 
------------------------- 
Tanggal: 18-08-2022 03:50:01 
Duration Download Forstok 16.712095022202 Detik
Duration Looping 500 Data 154.45788002014 Detik 
Total Duration 154.48400902748 Detik 
------------------------- 
Tanggal: 18-08-2022 03:55:01 
Duration Download Forstok 12.061851024628 Detik
Duration Looping 500 Data 144.97288894653 Detik 
Total Duration 144.99822902679 Detik 
------------------------- 
Tanggal: 18-08-2022 04:00:01 
Duration Download Forstok 13.568849802017 Detik
Duration Looping 500 Data 154.50715088844 Detik 
Total Duration 154.53208088875 Detik 
------------------------- 
Tanggal: 18-08-2022 04:05:01 
Duration Download Forstok 19.051764011383 Detik
Duration Looping 500 Data 151.12578201294 Detik 
Total Duration 151.15096306801 Detik 
------------------------- 
Tanggal: 18-08-2022 04:10:01 
Duration Download Forstok 13.618216991425 Detik
Duration Looping 500 Data 151.23730516434 Detik 
Total Duration 151.2634601593 Detik 
------------------------- 
Tanggal: 18-08-2022 04:15:01 
Duration Download Forstok 11.700198888779 Detik
Duration Looping 500 Data 144.49430179596 Detik 
Total Duration 144.52208590508 Detik 
------------------------- 
Tanggal: 18-08-2022 04:20:01 
Duration Download Forstok 10.417120218277 Detik
Duration Looping 500 Data 143.80485510826 Detik 
Total Duration 143.83043718338 Detik 
------------------------- 
Tanggal: 18-08-2022 04:25:01 
Duration Download Forstok 9.7684731483459 Detik
Duration Looping 500 Data 153.39644098282 Detik 
Total Duration 153.4214630127 Detik 
------------------------- 
Tanggal: 18-08-2022 04:30:01 
Duration Download Forstok 11.332818984985 Detik
Duration Looping 500 Data 165.10566806793 Detik 
Total Duration 165.13167285919 Detik 
------------------------- 
Tanggal: 18-08-2022 04:35:01 
Duration Download Forstok 10.908285140991 Detik
Duration Looping 500 Data 153.67467713356 Detik 
Total Duration 153.70356011391 Detik 
------------------------- 
Tanggal: 18-08-2022 04:40:01 
Duration Download Forstok 11.932425022125 Detik
Duration Looping 500 Data 146.55868601799 Detik 
Total Duration 146.58455610275 Detik 
------------------------- 
Tanggal: 18-08-2022 04:45:01 
Duration Download Forstok 11.626376152039 Detik
Duration Looping 500 Data 148.59754014015 Detik 
Total Duration 148.62300515175 Detik 
------------------------- 
Tanggal: 18-08-2022 04:50:01 
Duration Download Forstok 15.142390012741 Detik
Duration Looping 500 Data 158.74391412735 Detik 
Total Duration 158.76963710785 Detik 
------------------------- 
Tanggal: 18-08-2022 04:55:01 
Duration Download Forstok 10.026360988617 Detik
Duration Looping 500 Data 158.46482205391 Detik 
Total Duration 158.49358797073 Detik 
------------------------- 
Tanggal: 18-08-2022 05:00:01 
Duration Download Forstok 11.330050945282 Detik
Duration Looping 500 Data 147.23782706261 Detik 
Total Duration 147.2627120018 Detik 
------------------------- 
Tanggal: 18-08-2022 05:05:01 
Duration Download Forstok 11.398468971252 Detik
Duration Looping 500 Data 151.73693108559 Detik 
Total Duration 151.76525712013 Detik 
------------------------- 
Tanggal: 18-08-2022 05:10:01 
Duration Download Forstok 15.490247011185 Detik
Duration Looping 500 Data 167.34840798378 Detik 
Total Duration 167.37652993202 Detik 
------------------------- 
Tanggal: 18-08-2022 05:15:01 
Duration Download Forstok 11.796997070312 Detik
Duration Looping 500 Data 145.23839902878 Detik 
Total Duration 145.26410388947 Detik 
------------------------- 
Tanggal: 18-08-2022 05:20:01 
Duration Download Forstok 20.523478984833 Detik
Duration Looping 500 Data 153.68950009346 Detik 
Total Duration 153.7141149044 Detik 
------------------------- 
Tanggal: 18-08-2022 05:25:01 
Duration Download Forstok 12.180855989456 Detik
Duration Looping 500 Data 144.2917470932 Detik 
Total Duration 144.31761312485 Detik 
------------------------- 
Tanggal: 18-08-2022 05:30:01 
Duration Download Forstok 13.923409938812 Detik
Duration Looping 500 Data 156.22143578529 Detik 
Total Duration 156.24603891373 Detik 
------------------------- 
Tanggal: 18-08-2022 05:35:01 
Duration Download Forstok 15.415848970413 Detik
Duration Looping 500 Data 149.86460781097 Detik 
Total Duration 149.89166092873 Detik 
------------------------- 
Tanggal: 18-08-2022 05:40:01 
Duration Download Forstok 12.910830974579 Detik
Duration Looping 500 Data 154.7457511425 Detik 
Total Duration 154.76930618286 Detik 
------------------------- 
Tanggal: 18-08-2022 05:45:01 
Duration Download Forstok 14.164676904678 Detik
Duration Looping 500 Data 164.88631296158 Detik 
Total Duration 164.91211104393 Detik 
------------------------- 
Tanggal: 18-08-2022 05:50:01 
Duration Download Forstok 18.417555093765 Detik
Duration Looping 500 Data 171.97156095505 Detik 
Total Duration 171.99608898163 Detik 
------------------------- 
Tanggal: 18-08-2022 05:55:01 
Duration Download Forstok 12.188313961029 Detik
Duration Looping 500 Data 151.24998497963 Detik 
Total Duration 151.27453589439 Detik 
------------------------- 
Tanggal: 18-08-2022 06:00:01 
Duration Download Forstok 12.544137954712 Detik
Duration Looping 500 Data 152.42964506149 Detik 
Total Duration 152.45970892906 Detik 
------------------------- 
Tanggal: 18-08-2022 06:05:01 
Duration Download Forstok 16.752156019211 Detik
Duration Looping 500 Data 154.55509090424 Detik 
Total Duration 154.58124685287 Detik 
------------------------- 
Tanggal: 18-08-2022 06:10:01 
Duration Download Forstok 12.165061950684 Detik
Duration Looping 500 Data 153.62363290787 Detik 
Total Duration 153.65017294884 Detik 
------------------------- 
Tanggal: 18-08-2022 06:15:01 
Duration Download Forstok 11.452569007874 Detik
Duration Looping 500 Data 145.5885579586 Detik 
Total Duration 145.61431908607 Detik 
------------------------- 
Tanggal: 18-08-2022 06:20:02 
Duration Download Forstok 12.091212034225 Detik
Duration Looping 500 Data 161.98768806458 Detik 
Total Duration 162.01367092133 Detik 
------------------------- 
Tanggal: 18-08-2022 06:25:01 
Duration Download Forstok 13.745113134384 Detik
Duration Looping 500 Data 152.84227800369 Detik 
Total Duration 152.8681910038 Detik 
------------------------- 
Tanggal: 18-08-2022 06:30:01 
Duration Download Forstok 9.5976409912109 Detik
Duration Looping 500 Data 146.15567302704 Detik 
Total Duration 146.18187785149 Detik 
------------------------- 
Tanggal: 18-08-2022 06:35:01 
Duration Download Forstok 10.454457044601 Detik
Duration Looping 500 Data 146.21954417229 Detik 
Total Duration 146.24589300156 Detik 
------------------------- 
Tanggal: 18-08-2022 06:40:01 
Duration Download Forstok 10.567765951157 Detik
Duration Looping 500 Data 147.84183287621 Detik 
Total Duration 147.86693191528 Detik 
------------------------- 
Tanggal: 18-08-2022 06:45:01 
Duration Download Forstok 13.0633020401 Detik
Duration Looping 500 Data 162.377794981 Detik 
Total Duration 162.40373206139 Detik 
------------------------- 
Tanggal: 18-08-2022 06:50:01 
Duration Download Forstok 9.1461889743805 Detik
Duration Looping 500 Data 148.36796498299 Detik 
Total Duration 148.39426112175 Detik 
------------------------- 
Tanggal: 18-08-2022 06:55:01 
Duration Download Forstok 12.396718025208 Detik
Duration Looping 500 Data 146.15510296822 Detik 
Total Duration 146.18175411224 Detik 
------------------------- 
Tanggal: 18-08-2022 07:00:01 
Duration Download Forstok 14.382641077042 Detik
Duration Looping 500 Data 151.71852517128 Detik 
Total Duration 151.74384617805 Detik 
------------------------- 
Tanggal: 18-08-2022 07:05:01 
Duration Download Forstok 11.00571513176 Detik
Duration Looping 500 Data 147.95084404945 Detik 
Total Duration 147.97669696808 Detik 
------------------------- 
Tanggal: 18-08-2022 07:10:01 
Duration Download Forstok 9.6664910316467 Detik
Duration Looping 500 Data 149.09016084671 Detik 
Total Duration 149.11607193947 Detik 
------------------------- 
Tanggal: 18-08-2022 07:15:01 
Duration Download Forstok 12.809117078781 Detik
Duration Looping 500 Data 155.22436904907 Detik 
Total Duration 155.25435614586 Detik 
------------------------- 
Tanggal: 18-08-2022 07:20:01 
Duration Download Forstok 10.952811002731 Detik
Duration Looping 500 Data 156.93592095375 Detik 
Total Duration 156.96104311943 Detik 
------------------------- 
Tanggal: 18-08-2022 07:25:01 
Duration Download Forstok 10.256490945816 Detik
Duration Looping 500 Data 152.41482686996 Detik 
Total Duration 152.44378089905 Detik 
------------------------- 
Tanggal: 18-08-2022 07:30:01 
Duration Download Forstok 13.010432004929 Detik
Duration Looping 500 Data 150.77660989761 Detik 
Total Duration 150.80055880547 Detik 
------------------------- 
Tanggal: 18-08-2022 07:35:01 
Duration Download Forstok 9.2835421562195 Detik
Duration Looping 500 Data 148.92520713806 Detik 
Total Duration 148.95080518723 Detik 
------------------------- 
Tanggal: 18-08-2022 07:40:01 
Duration Download Forstok 12.920064926147 Detik
Duration Looping 500 Data 164.01612210274 Detik 
Total Duration 164.0425760746 Detik 
------------------------- 
Tanggal: 18-08-2022 07:45:01 
Duration Download Forstok 13.509376049042 Detik
Duration Looping 500 Data 153.08696699142 Detik 
Total Duration 153.11238217354 Detik 
------------------------- 
Tanggal: 18-08-2022 07:50:01 
Duration Download Forstok 11.289304971695 Detik
Duration Looping 500 Data 152.42600893974 Detik 
Total Duration 152.45234107971 Detik 
------------------------- 
Tanggal: 18-08-2022 07:55:01 
Duration Download Forstok 12.665539979935 Detik
Duration Looping 500 Data 156.23259401321 Detik 
Total Duration 156.25813102722 Detik 
------------------------- 
Tanggal: 18-08-2022 08:00:01 
Duration Download Forstok 13.512531995773 Detik
Duration Looping 500 Data 157.0918648243 Detik 
Total Duration 157.11644291878 Detik 
------------------------- 
Tanggal: 18-08-2022 08:05:01 
Duration Download Forstok 13.821045160294 Detik
Duration Looping 500 Data 150.07921504974 Detik 
Total Duration 150.10479712486 Detik 
------------------------- 
Tanggal: 18-08-2022 08:10:01 
Duration Download Forstok 9.9503319263458 Detik
Duration Looping 500 Data 153.55246710777 Detik 
Total Duration 153.57928609848 Detik 
------------------------- 
Tanggal: 18-08-2022 08:15:01 
Duration Download Forstok 14.064064979553 Detik
Duration Looping 500 Data 159.83313798904 Detik 
Total Duration 159.85804986954 Detik 
------------------------- 
Tanggal: 18-08-2022 08:20:01 
Duration Download Forstok 16.99298286438 Detik
Duration Looping 500 Data 164.47673201561 Detik 
Total Duration 164.50086283684 Detik 
------------------------- 
Tanggal: 18-08-2022 08:25:02 
Duration Download Forstok 8.866231918335 Detik
Duration Looping 500 Data 151.22704792023 Detik 
Tanggal: 18-08-2022 08:30:01 
Duration Download Forstok 18.542804956436 Detik
Duration Looping 500 Data 171.68139505386 Detik 
Tanggal: 18-08-2022 08:35:01 
Duration Download Forstok 13.526942968369 Detik
Duration Looping 500 Data 167.1878721714 Detik 
Tanggal: 18-08-2022 08:40:01 
Duration Download Forstok 14.33925819397 Detik
Duration Looping 500 Data 179.80561304092 Detik 
Tanggal: 18-08-2022 08:45:01 
Duration Download Forstok 12.707627058029 Detik
Duration Looping 500 Data 175.88492393494 Detik 
Tanggal: 18-08-2022 08:50:01 
Duration Download Forstok 11.911265134811 Detik
Duration Looping 500 Data 185.92672300339 Detik 
Tanggal: 18-08-2022 08:55:01 
Duration Download Forstok 11.506519079208 Detik
Duration Looping 500 Data 184.17704796791 Detik 
Tanggal: 18-08-2022 09:00:01 
Duration Download Forstok 15.517153024673 Detik
Duration Looping 500 Data 184.884567976 Detik 
Tanggal: 18-08-2022 09:05:01 
Duration Download Forstok 16.731787919998 Detik
Duration Looping 500 Data 172.58763694763 Detik 
Tanggal: 18-08-2022 09:10:01 
Duration Download Forstok 15.326951026917 Detik
Duration Looping 500 Data 174.97184514999 Detik 
Tanggal: 18-08-2022 09:15:01 
Duration Download Forstok 11.993193149567 Detik
Duration Looping 500 Data 169.00099897385 Detik 
Tanggal: 18-08-2022 09:20:01 
Duration Download Forstok 16.652493000031 Detik
Duration Looping 500 Data 172.26747393608 Detik 
Tanggal: 18-08-2022 09:25:02 
Duration Download Forstok 17.449007987976 Detik
Duration Looping 500 Data 171.46471714973 Detik 
Tanggal: 18-08-2022 09:30:01 
Duration Download Forstok 16.478214025497 Detik
Duration Looping 500 Data 177.12249183655 Detik 
Tanggal: 18-08-2022 09:35:01 
Duration Download Forstok 14.48686504364 Detik
Duration Looping 500 Data 172.28986692429 Detik 
Tanggal: 18-08-2022 09:40:01 
Duration Download Forstok 9.5627300739288 Detik
Duration Looping 500 Data 162.32468914986 Detik 
Tanggal: 18-08-2022 09:45:01 
Duration Download Forstok 17.521776914597 Detik
Duration Looping 500 Data 172.54699492455 Detik 
Tanggal: 18-08-2022 09:50:01 
Duration Download Forstok 10.934437990189 Detik
Duration Looping 500 Data 168.58766412735 Detik 
Tanggal: 18-08-2022 09:55:01 
Duration Download Forstok 14.873332023621 Detik
Duration Looping 500 Data 171.24118494987 Detik 
Tanggal: 18-08-2022 10:00:01 
Duration Download Forstok 15.585508108139 Detik
Duration Looping 500 Data 170.23246097565 Detik 
Tanggal: 18-08-2022 10:05:01 
Duration Download Forstok 11.593949079514 Detik
Duration Looping 500 Data 173.80815601349 Detik 
Tanggal: 18-08-2022 10:10:01 
Duration Download Forstok 20.04907989502 Detik
Duration Looping 500 Data 193.39134383202 Detik 
Tanggal: 18-08-2022 10:15:01 
Duration Download Forstok 17.487179994583 Detik
Duration Looping 500 Data 189.09786295891 Detik 
Tanggal: 18-08-2022 10:20:01 
Duration Download Forstok 14.295503139496 Detik
Duration Looping 500 Data 177.89747595787 Detik 
Tanggal: 18-08-2022 10:25:02 
Duration Download Forstok 11.173753023148 Detik
Duration Looping 500 Data 173.37505507469 Detik 
Tanggal: 18-08-2022 10:30:01 
Duration Download Forstok 10.23144698143 Detik
Duration Looping 500 Data 174.84913611412 Detik 
Tanggal: 18-08-2022 10:35:01 
Duration Download Forstok 9.161376953125 Detik
Duration Looping 500 Data 165.15445303917 Detik 
Tanggal: 18-08-2022 10:40:01 
Duration Download Forstok 12.398465871811 Detik
Duration Looping 500 Data 180.23835086823 Detik 
Tanggal: 18-08-2022 10:45:01 
Duration Download Forstok 10.389588117599 Detik
Duration Looping 500 Data 174.33996701241 Detik 
Tanggal: 18-08-2022 10:50:01 
Duration Download Forstok 12.253926038742 Detik
Duration Looping 500 Data 175.64065408707 Detik 
Tanggal: 18-08-2022 10:55:01 
Duration Download Forstok 8.9731481075287 Detik
Duration Looping 500 Data 161.26329302788 Detik 
Tanggal: 18-08-2022 11:00:01 
Duration Download Forstok 19.036253929138 Detik
Duration Looping 500 Data 188.6797170639 Detik 
Tanggal: 18-08-2022 11:05:01 
Duration Download Forstok 14.708719015121 Detik
Duration Looping 500 Data 175.30594706535 Detik 
Tanggal: 18-08-2022 11:10:01 
Duration Download Forstok 13.764054059982 Detik
Duration Looping 500 Data 172.62159514427 Detik 
Tanggal: 18-08-2022 11:15:01 
Duration Download Forstok 11.515839099884 Detik
Duration Looping 500 Data 165.43035316467 Detik 
Tanggal: 18-08-2022 11:20:01 
Duration Download Forstok 10.085712909698 Detik
Duration Looping 500 Data 170.05305099487 Detik 
Tanggal: 18-08-2022 11:25:01 
Duration Download Forstok 9.6827480792999 Detik
Duration Looping 500 Data 171.8939499855 Detik 
Tanggal: 18-08-2022 11:30:01 
Duration Download Forstok 10.219315052032 Detik
Duration Looping 500 Data 166.64350891113 Detik 
Tanggal: 18-08-2022 11:35:01 
Duration Download Forstok 12.415379047394 Detik
Duration Looping 500 Data 179.38514614105 Detik 
Tanggal: 18-08-2022 11:40:01 
Duration Download Forstok 11.349117040634 Detik
Duration Looping 500 Data 176.16413187981 Detik 
Tanggal: 18-08-2022 11:45:02 
Duration Download Forstok 14.556389093399 Detik
Duration Looping 500 Data 175.38932919502 Detik 
Tanggal: 18-08-2022 11:50:01 
Duration Download Forstok 17.665515184402 Detik
Duration Looping 500 Data 182.62952613831 Detik 
Tanggal: 18-08-2022 11:55:01 
Duration Download Forstok 12.317088127136 Detik
Duration Looping 500 Data 167.59125709534 Detik 
Tanggal: 18-08-2022 12:00:01 
Duration Download Forstok 13.149024009705 Detik
Duration Looping 500 Data 186.42455816269 Detik 
Tanggal: 18-08-2022 12:05:01 
Duration Download Forstok 9.5352959632874 Detik
Duration Looping 500 Data 152.24388599396 Detik 
Tanggal: 18-08-2022 12:10:01 
Duration Download Forstok 10.02922296524 Detik
Duration Looping 500 Data 151.79541110992 Detik 
Tanggal: 18-08-2022 12:15:01 
Duration Download Forstok 25.424150943756 Detik
Duration Looping 500 Data 173.64636397362 Detik 
Tanggal: 18-08-2022 12:20:01 
Duration Download Forstok 12.330778121948 Detik
Duration Looping 500 Data 162.61694693565 Detik 
Tanggal: 18-08-2022 12:25:01 
Duration Download Forstok 9.4992220401764 Detik
Duration Looping 500 Data 163.4610850811 Detik 
Tanggal: 18-08-2022 12:30:01 
Duration Download Forstok 15.45047211647 Detik
Duration Looping 500 Data 159.82649111748 Detik 
Tanggal: 18-08-2022 12:35:01 
Duration Download Forstok 9.8220450878143 Detik
Duration Looping 500 Data 163.084400177 Detik 
Tanggal: 18-08-2022 12:40:01 
Duration Download Forstok 14.511413097382 Detik
Duration Looping 500 Data 161.64166307449 Detik 
Tanggal: 18-08-2022 12:45:01 
Duration Download Forstok 7.8942959308624 Detik
Duration Looping 500 Data 155.3439540863 Detik 
Tanggal: 18-08-2022 12:50:01 
Duration Download Forstok 16.77744102478 Detik
Duration Looping 500 Data 160.7000041008 Detik 
Tanggal: 18-08-2022 12:55:01 
Duration Download Forstok 9.3895711898804 Detik
Duration Looping 500 Data 157.11956214905 Detik 
Tanggal: 18-08-2022 13:00:01 
Duration Download Forstok 15.687913894653 Detik
Duration Looping 500 Data 164.02978897095 Detik 
Tanggal: 18-08-2022 13:05:01 
Duration Download Forstok 10.96855711937 Detik
Duration Looping 500 Data 164.81960511208 Detik 
Tanggal: 18-08-2022 13:10:01 
Duration Download Forstok 14.696684837341 Detik
Duration Looping 500 Data 181.92361998558 Detik 
Tanggal: 18-08-2022 13:15:01 
Duration Download Forstok 12.640872001648 Detik
Duration Looping 500 Data 195.29284405708 Detik 
Tanggal: 18-08-2022 13:20:01 
Duration Download Forstok 12.848365068436 Detik
Duration Looping 500 Data 184.34655404091 Detik 
Tanggal: 18-08-2022 13:25:01 
Duration Download Forstok 9.6511170864105 Detik
Duration Looping 500 Data 179.30789804459 Detik 
Tanggal: 18-08-2022 13:30:01 
Duration Download Forstok 13.649527072906 Detik
Duration Looping 500 Data 188.83993506432 Detik 
Tanggal: 18-08-2022 13:35:01 
Duration Download Forstok 10.138536930084 Detik
Duration Looping 500 Data 178.10667300224 Detik 
Tanggal: 18-08-2022 13:40:01 
Duration Download Forstok 10.980125188828 Detik
Duration Looping 500 Data 178.30583906174 Detik 
Tanggal: 18-08-2022 13:45:01 
Duration Download Forstok 18.318423986435 Detik
Duration Looping 500 Data 185.08474493027 Detik 
Tanggal: 18-08-2022 13:50:01 
Duration Download Forstok 17.556310892105 Detik
Duration Looping 500 Data 179.33085894585 Detik 
Tanggal: 18-08-2022 13:55:01 
Duration Download Forstok 10.064972162247 Detik
Duration Looping 500 Data 163.67966413498 Detik 
Tanggal: 18-08-2022 14:00:01 
Duration Download Forstok 9.1445841789246 Detik
Duration Looping 500 Data 173.27570414543 Detik 
Tanggal: 18-08-2022 14:05:01 
Duration Download Forstok 9.8378350734711 Detik
Duration Looping 500 Data 172.84661889076 Detik 
Tanggal: 18-08-2022 14:10:01 
Duration Download Forstok 10.058187007904 Detik
Duration Looping 500 Data 172.41562390327 Detik 
Tanggal: 18-08-2022 14:15:01 
Duration Download Forstok 14.671257972717 Detik
Duration Looping 500 Data 179.08563995361 Detik 
Tanggal: 18-08-2022 14:20:01 
Duration Download Forstok 12.9555580616 Detik
Duration Looping 500 Data 179.13685107231 Detik 
Tanggal: 18-08-2022 14:25:01 
Duration Download Forstok 12.53417301178 Detik
Duration Looping 500 Data 174.97330212593 Detik 
Tanggal: 18-08-2022 14:30:01 
Duration Download Forstok 12.106555938721 Detik
Duration Looping 500 Data 186.36401200294 Detik 
Tanggal: 18-08-2022 14:35:01 
Duration Download Forstok 10.647157907486 Detik
Duration Looping 500 Data 164.61112785339 Detik 
Tanggal: 18-08-2022 14:40:01 
Duration Download Forstok 13.660192966461 Detik
Duration Looping 500 Data 164.4046959877 Detik 
Tanggal: 18-08-2022 14:45:01 
Duration Download Forstok 13.093852996826 Detik
Duration Looping 500 Data 166.40087509155 Detik 
Tanggal: 18-08-2022 14:50:01 
Duration Download Forstok 13.37443113327 Detik
Duration Looping 500 Data 166.80982613564 Detik 
Tanggal: 18-08-2022 14:55:01 
Duration Download Forstok 11.184722900391 Detik
Duration Looping 500 Data 168.82252907753 Detik 
Tanggal: 18-08-2022 15:00:01 
Duration Download Forstok 11.687092065811 Detik
Duration Looping 500 Data 170.73216700554 Detik 
Tanggal: 18-08-2022 15:05:01 
Duration Download Forstok 10.699151039124 Detik
Duration Looping 500 Data 158.62346506119 Detik 
Tanggal: 18-08-2022 15:10:01 
Duration Download Forstok 17.532831192017 Detik
Duration Looping 500 Data 165.99256110191 Detik 
Tanggal: 18-08-2022 15:15:01 
Duration Download Forstok 12.926181077957 Detik
Duration Looping 500 Data 169.6357190609 Detik 
Tanggal: 18-08-2022 15:20:01 
Duration Download Forstok 11.815566062927 Detik
Duration Looping 500 Data 167.83388710022 Detik 
Tanggal: 18-08-2022 15:25:01 
Duration Download Forstok 9.9935369491577 Detik
Duration Looping 500 Data 163.08678889275 Detik 
Tanggal: 18-08-2022 15:30:01 
Duration Download Forstok 13.056213140488 Detik
Duration Looping 500 Data 174.19828915596 Detik 
Tanggal: 18-08-2022 15:35:01 
Duration Download Forstok 12.255270004272 Detik
Duration Looping 500 Data 168.26628780365 Detik 
Tanggal: 18-08-2022 15:40:01 
Duration Download Forstok 12.221868991852 Detik
Duration Looping 500 Data 168.81676602364 Detik 
Tanggal: 18-08-2022 15:45:01 
Duration Download Forstok 14.035794973373 Detik
Duration Looping 500 Data 188.02571082115 Detik 
Tanggal: 18-08-2022 15:50:01 
Duration Download Forstok 12.728363037109 Detik
Duration Looping 500 Data 168.99735808372 Detik 
Tanggal: 18-08-2022 15:55:00 
Duration Download Forstok 13.175757884979 Detik
Duration Looping 500 Data 169.02418589592 Detik 
Tanggal: 18-08-2022 16:00:01 
Duration Download Forstok 18.075721025467 Detik
Duration Looping 500 Data 190.5277569294 Detik 
Tanggal: 18-08-2022 16:05:01 
Duration Download Forstok 11.402888059616 Detik
Duration Looping 500 Data 177.16561698914 Detik 
Tanggal: 18-08-2022 16:10:01 
Duration Download Forstok 32.560616016388 Detik
Duration Looping 500 Data 199.22395992279 Detik 
Tanggal: 18-08-2022 16:15:01 
Duration Download Forstok 18.090616941452 Detik
Duration Looping 500 Data 194.45414113998 Detik 
Total Duration 194.48737502098 Detik 
------------------------- 
Tanggal: 18-08-2022 16:20:01 
Duration Download Forstok 12.155122041702 Detik
Duration Looping 500 Data 173.24024510384 Detik 
Total Duration 173.27701711655 Detik 
------------------------- 
Tanggal: 18-08-2022 16:25:01 
Duration Download Forstok 11.536641120911 Detik
Duration Looping 500 Data 176.68132305145 Detik 
Total Duration 176.72459602356 Detik 
------------------------- 
Tanggal: 18-08-2022 16:30:01 
Duration Download Forstok 13.738671779633 Detik
Duration Looping 500 Data 196.64054489136 Detik 
Total Duration 196.66683793068 Detik 
------------------------- 
Tanggal: 18-08-2022 16:35:01 
Duration Download Forstok 11.056934833527 Detik
Duration Looping 500 Data 164.38691687584 Detik 
Total Duration 164.41649794579 Detik 
------------------------- 
Tanggal: 18-08-2022 16:40:01 
Duration Download Forstok 18.367163896561 Detik
Duration Looping 500 Data 175.87009501457 Detik 
Total Duration 175.89965486526 Detik 
------------------------- 
Tanggal: 18-08-2022 16:45:01 
Duration Download Forstok 14.072346925735 Detik
Duration Looping 500 Data 176.5183160305 Detik 
Total Duration 176.56144404411 Detik 
------------------------- 
Tanggal: 18-08-2022 16:50:01 
Duration Download Forstok 17.801721096039 Detik
Duration Looping 500 Data 181.66285610199 Detik 
Total Duration 181.69332098961 Detik 
------------------------- 
Tanggal: 18-08-2022 16:55:01 
Duration Download Forstok 13.738503932953 Detik
Duration Looping 500 Data 171.14189100266 Detik 
Total Duration 171.17990207672 Detik 
------------------------- 
Tanggal: 18-08-2022 17:00:01 
Duration Download Forstok 18.900749921799 Detik
Duration Looping 500 Data 184.54775214195 Detik 
Total Duration 184.58114600182 Detik 
------------------------- 
Tanggal: 18-08-2022 17:05:01 
Duration Download Forstok 10.92279291153 Detik
Tanggal: 18-08-2022 17:10:01 
Duration Download Forstok 11.971290111542 Detik
Duration Looping 500 Data 163.30270910263 Detik 
Total Duration 163.33668017387 Detik 
------------------------- 
Tanggal: 18-08-2022 17:15:01 
Duration Download Forstok 12.976103067398 Detik
Duration Looping 500 Data 160.13160705566 Detik 
Total Duration 160.16079616547 Detik 
------------------------- 
Tanggal: 18-08-2022 17:20:01 
Duration Download Forstok 12.545099020004 Detik
Duration Looping 500 Data 161.06164383888 Detik 
Total Duration 161.08703589439 Detik 
------------------------- 
Tanggal: 18-08-2022 17:25:01 
Duration Download Forstok 11.586713075638 Detik
Duration Looping 500 Data 160.83693194389 Detik 
Total Duration 160.87889313698 Detik 
------------------------- 
Tanggal: 18-08-2022 17:30:02 
Duration Download Forstok 13.618180990219 Detik
Duration Looping 500 Data 163.73105406761 Detik 
Total Duration 163.75913405418 Detik 
------------------------- 
Tanggal: 18-08-2022 17:35:01 
Duration Download Forstok 11.336871147156 Detik
Duration Looping 500 Data 155.1480050087 Detik 
Total Duration 155.1755490303 Detik 
------------------------- 
Tanggal: 18-08-2022 17:40:01 
Duration Download Forstok 12.428337097168 Detik
Duration Looping 500 Data 154.68672800064 Detik 
Total Duration 154.71683216095 Detik 
------------------------- 
Tanggal: 18-08-2022 17:45:01 
Duration Download Forstok 14.664371967316 Detik
Duration Looping 500 Data 162.33278203011 Detik 
Total Duration 162.36023306847 Detik 
------------------------- 
Tanggal: 18-08-2022 17:50:01 
Duration Download Forstok 11.900917053223 Detik
Duration Looping 500 Data 156.17931103706 Detik 
Total Duration 156.20820188522 Detik 
------------------------- 
Tanggal: 18-08-2022 17:55:01 
Duration Download Forstok 11.298701047897 Detik
Duration Looping 500 Data 154.47371721268 Detik 
Total Duration 154.50181221962 Detik 
------------------------- 
Tanggal: 18-08-2022 18:00:01 
Duration Download Forstok 14.387212991714 Detik
Duration Looping 500 Data 160.84535002708 Detik 
Total Duration 160.87255597115 Detik 
------------------------- 
Tanggal: 18-08-2022 18:05:01 
Duration Download Forstok 10.062134027481 Detik
Duration Looping 500 Data 155.24249696732 Detik 
Total Duration 155.27473711967 Detik 
------------------------- 
Tanggal: 18-08-2022 18:10:01 
Duration Download Forstok 10.551588058472 Detik
Duration Looping 500 Data 160.50938606262 Detik 
Total Duration 160.53791713715 Detik 
------------------------- 
Tanggal: 18-08-2022 18:15:01 
Duration Download Forstok 14.999741077423 Detik
Duration Looping 500 Data 165.81751298904 Detik 
Total Duration 165.84315919876 Detik 
------------------------- 
Tanggal: 18-08-2022 18:20:01 
Duration Download Forstok 11.146255970001 Detik
Duration Looping 500 Data 164.84476494789 Detik 
Total Duration 164.87253117561 Detik 
------------------------- 
Tanggal: 18-08-2022 18:25:01 
Duration Download Forstok 11.058277130127 Detik
Duration Looping 500 Data 152.82489705086 Detik 
Total Duration 152.85026192665 Detik 
------------------------- 
Tanggal: 18-08-2022 18:30:01 
Duration Download Forstok 15.252670764923 Detik
Duration Looping 500 Data 160.55560088158 Detik 
Total Duration 160.58225297928 Detik 
------------------------- 
Tanggal: 18-08-2022 18:35:01 
Duration Download Forstok 13.402993202209 Detik
Duration Looping 500 Data 161.7258040905 Detik 
Total Duration 161.75050115585 Detik 
------------------------- 
Tanggal: 18-08-2022 18:40:01 
Duration Download Forstok 12.704945087433 Detik
Duration Looping 500 Data 161.91560912132 Detik 
Total Duration 161.94048404694 Detik 
------------------------- 
Tanggal: 18-08-2022 18:45:01 
Duration Download Forstok 13.717248916626 Detik
Duration Looping 500 Data 176.17981791496 Detik 
Total Duration 176.20570397377 Detik 
------------------------- 
Tanggal: 18-08-2022 18:50:01 
Duration Download Forstok 11.258459806442 Detik
Duration Looping 500 Data 159.12048888206 Detik 
Total Duration 159.14589381218 Detik 
------------------------- 
Tanggal: 18-08-2022 18:55:01 
Duration Download Forstok 10.230187892914 Detik
Duration Looping 500 Data 153.05601096153 Detik 
Total Duration 153.07977294922 Detik 
------------------------- 
Tanggal: 18-08-2022 19:00:01 
Duration Download Forstok 19.732753038406 Detik
Duration Looping 500 Data 172.74940800667 Detik 
Total Duration 172.77695012093 Detik 
------------------------- 
Tanggal: 18-08-2022 19:05:01 
Duration Download Forstok 10.972663879395 Detik
Duration Looping 500 Data 156.6198990345 Detik 
Total Duration 156.64612293243 Detik 
------------------------- 
Tanggal: 18-08-2022 19:10:01 
Duration Download Forstok 10.855396986008 Detik
Duration Looping 500 Data 160.20563697815 Detik 
Total Duration 160.2349011898 Detik 
------------------------- 
Tanggal: 18-08-2022 19:15:01 
Duration Download Forstok 11.337271928787 Detik
Duration Looping 500 Data 163.53186607361 Detik 
Total Duration 163.55907392502 Detik 
------------------------- 
Tanggal: 18-08-2022 19:20:01 
Duration Download Forstok 17.035389900208 Detik
Duration Looping 500 Data 168.85087990761 Detik 
Total Duration 168.88473892212 Detik 
------------------------- 
Tanggal: 18-08-2022 19:25:01 
Duration Download Forstok 10.659803152084 Detik
Duration Looping 500 Data 161.94765710831 Detik 
Total Duration 161.98250102997 Detik 
------------------------- 
Tanggal: 18-08-2022 19:30:01 
Duration Download Forstok 11.249171972275 Detik
Duration Looping 500 Data 160.53750896454 Detik 
Total Duration 160.5651550293 Detik 
------------------------- 
Tanggal: 18-08-2022 19:35:01 
Duration Download Forstok 12.489281177521 Detik
Duration Looping 500 Data 159.20791196823 Detik 
Total Duration 159.23375201225 Detik 
------------------------- 
Tanggal: 18-08-2022 19:40:01 
Duration Download Forstok 10.912114858627 Detik
Duration Looping 500 Data 157.50440382957 Detik 
Total Duration 157.53531503677 Detik 
------------------------- 
Tanggal: 18-08-2022 19:45:01 
Duration Download Forstok 12.875162124634 Detik
Duration Looping 500 Data 177.58870911598 Detik 
Total Duration 177.62820410728 Detik 
------------------------- 
Tanggal: 18-08-2022 19:50:01 
Duration Download Forstok 12.296683073044 Detik
Duration Looping 500 Data 166.14186310768 Detik 
Total Duration 166.16834402084 Detik 
------------------------- 
Tanggal: 18-08-2022 19:55:01 
Duration Download Forstok 11.115400075912 Detik
Duration Looping 500 Data 166.36654400826 Detik 
Total Duration 166.39344096184 Detik 
------------------------- 
Tanggal: 18-08-2022 20:00:01 
Duration Download Forstok 14.607328891754 Detik
Duration Looping 500 Data 166.3896420002 Detik 
Total Duration 166.41470003128 Detik 
------------------------- 
Tanggal: 18-08-2022 20:05:01 
Duration Download Forstok 9.9245510101318 Detik
Duration Looping 500 Data 157.20830488205 Detik 
Total Duration 157.23368287086 Detik 
------------------------- 
Tanggal: 18-08-2022 20:10:01 
Duration Download Forstok 13.359488964081 Detik
Duration Looping 500 Data 165.30413889885 Detik 
Total Duration 165.33272790909 Detik 
------------------------- 
Tanggal: 18-08-2022 20:15:01 
Duration Download Forstok 13.582594871521 Detik
Duration Looping 500 Data 168.2001888752 Detik 
Total Duration 168.23140788078 Detik 
------------------------- 
Tanggal: 18-08-2022 20:20:01 
Duration Download Forstok 11.970340013504 Detik
Duration Looping 500 Data 160.82025980949 Detik 
Total Duration 160.85176897049 Detik 
------------------------- 
Tanggal: 18-08-2022 20:25:01 
Duration Download Forstok 11.360601902008 Detik
Duration Looping 500 Data 157.82288694382 Detik 
Total Duration 157.85070180893 Detik 
------------------------- 
Tanggal: 18-08-2022 20:30:01 
Duration Download Forstok 32.049831151962 Detik
Duration Looping 500 Data 181.61813807487 Detik 
Total Duration 181.64872312546 Detik 
------------------------- 
Tanggal: 18-08-2022 20:35:01 
Duration Download Forstok 11.076308012009 Detik
Duration Looping 500 Data 160.8690969944 Detik 
Total Duration 160.89717411995 Detik 
------------------------- 
Tanggal: 18-08-2022 20:40:01 
Duration Download Forstok 14.152129173279 Detik
Duration Looping 500 Data 163.75991821289 Detik 
Total Duration 163.79025816917 Detik 
------------------------- 
Tanggal: 18-08-2022 20:45:01 
Duration Download Forstok 15.736428976059 Detik
Duration Looping 500 Data 167.94270300865 Detik 
Total Duration 167.96913790703 Detik 
------------------------- 
Tanggal: 18-08-2022 20:50:01 
Duration Download Forstok 13.671241998672 Detik
Duration Looping 500 Data 161.62710189819 Detik 
Total Duration 161.65396285057 Detik 
------------------------- 
Tanggal: 18-08-2022 20:55:01 
Duration Download Forstok 11.547302961349 Detik
Duration Looping 500 Data 163.79105591774 Detik 
Total Duration 163.82201004028 Detik 
------------------------- 
Tanggal: 18-08-2022 21:00:01 
Duration Download Forstok 18.639555931091 Detik
Duration Looping 500 Data 166.86699199677 Detik 
Total Duration 166.89491391182 Detik 
------------------------- 
Tanggal: 18-08-2022 21:05:01 
Duration Download Forstok 12.890848875046 Detik
Duration Looping 500 Data 165.84535884857 Detik 
Total Duration 165.87282085419 Detik 
------------------------- 
Tanggal: 18-08-2022 21:10:01 
Duration Download Forstok 14.746551990509 Detik
Duration Looping 500 Data 168.44174408913 Detik 
Total Duration 168.46888399124 Detik 
------------------------- 
Tanggal: 18-08-2022 21:15:01 
Duration Download Forstok 15.023719072342 Detik
Duration Looping 500 Data 167.46220302582 Detik 
Total Duration 167.48896193504 Detik 
------------------------- 
Tanggal: 18-08-2022 21:20:01 
Duration Download Forstok 11.388235092163 Detik
Duration Looping 500 Data 166.0280148983 Detik 
Total Duration 166.05716490746 Detik 
------------------------- 
Tanggal: 18-08-2022 21:25:01 
Duration Download Forstok 11.262116909027 Detik
Duration Looping 500 Data 166.15003991127 Detik 
Total Duration 166.18033599854 Detik 
------------------------- 
Tanggal: 18-08-2022 21:30:01 
Duration Download Forstok 13.757327079773 Detik
Duration Looping 500 Data 162.27762508392 Detik 
Total Duration 162.30296206474 Detik 
------------------------- 
Tanggal: 18-08-2022 21:35:01 
Duration Download Forstok 18.795827865601 Detik
Duration Looping 500 Data 165.81607985497 Detik 
Total Duration 165.84189987183 Detik 
------------------------- 
Tanggal: 18-08-2022 21:40:01 
Duration Download Forstok 14.57067990303 Detik
Duration Looping 500 Data 167.14385104179 Detik 
Total Duration 167.16961789131 Detik 
------------------------- 
Tanggal: 18-08-2022 21:45:01 
Duration Download Forstok 24.96941781044 Detik
Duration Looping 500 Data 177.88725996017 Detik 
Total Duration 177.9134349823 Detik 
------------------------- 
Tanggal: 18-08-2022 21:50:01 
Duration Download Forstok 13.155643939972 Detik
Duration Looping 500 Data 161.58831691742 Detik 
Total Duration 161.61452198029 Detik 
------------------------- 
Tanggal: 18-08-2022 21:55:00 
Duration Download Forstok 11.512620210648 Detik
Duration Looping 500 Data 159.01514601707 Detik 
Total Duration 159.0415160656 Detik 
------------------------- 
Tanggal: 18-08-2022 22:00:01 
Duration Download Forstok 13.976492881775 Detik
Duration Looping 500 Data 168.96309399605 Detik 
Total Duration 168.98834085464 Detik 
------------------------- 
Tanggal: 18-08-2022 22:05:01 
Duration Download Forstok 13.863653182983 Detik
Duration Looping 500 Data 164.77050709724 Detik 
Total Duration 164.79729413986 Detik 
------------------------- 
Tanggal: 18-08-2022 22:10:01 
Duration Download Forstok 25.333134889603 Detik
Duration Looping 500 Data 185.23878288269 Detik 
Total Duration 185.26469397545 Detik 
------------------------- 
Tanggal: 18-08-2022 22:15:01 
Duration Download Forstok 13.660533905029 Detik
Duration Looping 500 Data 161.99051690102 Detik 
Total Duration 162.01437687874 Detik 
------------------------- 
Tanggal: 18-08-2022 22:20:01 
Duration Download Forstok 12.228854894638 Detik
Duration Looping 500 Data 166.70286893845 Detik 
Total Duration 166.7293510437 Detik 
------------------------- 
Tanggal: 18-08-2022 22:25:01 
Duration Download Forstok 12.18031001091 Detik
Duration Looping 500 Data 163.36443400383 Detik 
Total Duration 163.3898768425 Detik 
------------------------- 
Tanggal: 18-08-2022 22:30:01 
Duration Download Forstok 13.433254003525 Detik
Duration Looping 500 Data 164.63654303551 Detik 
Total Duration 164.66422200203 Detik 
------------------------- 
Tanggal: 18-08-2022 22:35:01 
Duration Download Forstok 12.341547012329 Detik
Duration Looping 500 Data 162.88608813286 Detik 
Total Duration 162.91163706779 Detik 
------------------------- 
Tanggal: 18-08-2022 22:40:01 
Duration Download Forstok 14.53984618187 Detik
Duration Looping 500 Data 164.7066411972 Detik 
Total Duration 164.73633909225 Detik 
------------------------- 
Tanggal: 18-08-2022 22:45:01 
Duration Download Forstok 11.217630147934 Detik
Duration Looping 500 Data 161.23111605644 Detik 
Total Duration 161.25766205788 Detik 
------------------------- 
Tanggal: 18-08-2022 22:50:01 
Duration Download Forstok 13.533025979996 Detik
Duration Looping 500 Data 170.05115818977 Detik 
Total Duration 170.07641410828 Detik 
------------------------- 
Tanggal: 18-08-2022 22:55:01 
Duration Download Forstok 10.00785112381 Detik
Duration Looping 500 Data 163.56931900978 Detik 
Total Duration 163.5955221653 Detik 
------------------------- 
Tanggal: 18-08-2022 23:00:01 
Duration Download Forstok 13.785376787186 Detik
Duration Looping 500 Data 163.52547287941 Detik 
Total Duration 163.55137300491 Detik 
------------------------- 
Tanggal: 18-08-2022 23:05:01 
Duration Download Forstok 14.192496061325 Detik
Duration Looping 500 Data 171.01375603676 Detik 
Total Duration 171.04143595695 Detik 
------------------------- 
Tanggal: 18-08-2022 23:10:01 
Duration Download Forstok 13.398633003235 Detik
Duration Looping 500 Data 170.04377794266 Detik 
Total Duration 170.06864690781 Detik 
------------------------- 
Tanggal: 18-08-2022 23:15:01 
Duration Download Forstok 14.739144086838 Detik
Duration Looping 500 Data 163.31475114822 Detik 
Total Duration 163.34044408798 Detik 
------------------------- 
Tanggal: 18-08-2022 23:20:01 
Duration Download Forstok 12.869549036026 Detik
Duration Looping 500 Data 160.73685097694 Detik 
Total Duration 160.76203083992 Detik 
------------------------- 
Tanggal: 18-08-2022 23:25:01 
Duration Download Forstok 8.9148669242859 Detik
Duration Looping 500 Data 158.91778492928 Detik 
Total Duration 158.94488286972 Detik 
------------------------- 
Tanggal: 18-08-2022 23:30:01 
Duration Download Forstok 12.689651966095 Detik
Duration Looping 500 Data 156.4135351181 Detik 
Total Duration 156.43874907494 Detik 
------------------------- 
Tanggal: 18-08-2022 23:35:01 
Duration Download Forstok 13.880633831024 Detik
Duration Looping 500 Data 165.9375898838 Detik 
Total Duration 165.96290493011 Detik 
------------------------- 
Tanggal: 18-08-2022 23:40:01 
Duration Download Forstok 9.3309049606323 Detik
Duration Looping 500 Data 157.16399288177 Detik 
Total Duration 157.18939208984 Detik 
------------------------- 
Tanggal: 18-08-2022 23:45:01 
Duration Download Forstok 14.859115839005 Detik
Duration Looping 500 Data 163.10959792137 Detik 
Total Duration 163.13542985916 Detik 
------------------------- 
Tanggal: 18-08-2022 23:50:01 
Duration Download Forstok 13.850782871246 Detik
Duration Looping 500 Data 163.44451904297 Detik 
Total Duration 163.47070598602 Detik 
------------------------- 
Tanggal: 18-08-2022 23:55:01 
Duration Download Forstok 8.7371158599854 Detik
Duration Looping 500 Data 156.85722398758 Detik 
Total Duration 156.88402986526 Detik 
------------------------- 
