Tanggal: 03-08-2022 00:00:01 
Duration Download Forstok 21.134390115738 Detik
Duration Looping 500 Data 1091.5716102123 Detik 
Total Duration 1091.6186110973 Detik 
------------------------- 
Tanggal: 03-08-2022 00:20:01 
Duration Download Forstok 13.249271154404 Detik
Duration Looping 500 Data 163.04975295067 Detik 
Total Duration 163.07754707336 Detik 
------------------------- 
Tanggal: 03-08-2022 00:25:01 
Duration Download Forstok 10.742866039276 Detik
Duration Looping 500 Data 150.63619208336 Detik 
Total Duration 150.66478490829 Detik 
------------------------- 
Tanggal: 03-08-2022 00:30:01 
Duration Download Forstok 23.153351068497 Detik
Duration Looping 500 Data 190.88366389275 Detik 
Total Duration 190.91186404228 Detik 
------------------------- 
Tanggal: 03-08-2022 00:35:01 
Duration Download Forstok 12.396828889847 Detik
Duration Looping 500 Data 162.45638298988 Detik 
Total Duration 162.48096704483 Detik 
------------------------- 
Tanggal: 03-08-2022 00:40:01 
Duration Download Forstok 11.821614980698 Detik
Duration Looping 500 Data 168.93871879578 Detik 
Total Duration 168.9634180069 Detik 
------------------------- 
Tanggal: 03-08-2022 00:45:01 
Duration Download Forstok 21.720856904984 Detik
Duration Looping 500 Data 175.09038305283 Detik 
Total Duration 175.11687493324 Detik 
------------------------- 
Tanggal: 03-08-2022 00:50:01 
Duration Download Forstok 12.232988119125 Detik
Duration Looping 500 Data 156.36721897125 Detik 
Total Duration 156.39310693741 Detik 
------------------------- 
Tanggal: 03-08-2022 00:55:01 
Duration Download Forstok 12.177836894989 Detik
Duration Looping 500 Data 171.38567304611 Detik 
Total Duration 171.41000199318 Detik 
------------------------- 
Tanggal: 03-08-2022 01:00:01 
Duration Download Forstok 12.939656972885 Detik
Duration Looping 500 Data 156.68895196915 Detik 
Total Duration 156.71391892433 Detik 
------------------------- 
Tanggal: 03-08-2022 01:05:01 
Duration Download Forstok 24.587449789047 Detik
Duration Looping 500 Data 166.49150180817 Detik 
Total Duration 166.51657485962 Detik 
------------------------- 
Tanggal: 03-08-2022 01:10:01 
Duration Download Forstok 12.674888134003 Detik
Duration Looping 500 Data 156.88619399071 Detik 
Total Duration 156.91260504723 Detik 
------------------------- 
Tanggal: 03-08-2022 01:15:01 
Duration Download Forstok 16.425323009491 Detik
Duration Looping 500 Data 173.08166408539 Detik 
Total Duration 173.1074681282 Detik 
------------------------- 
Tanggal: 03-08-2022 01:20:01 
Duration Download Forstok 11.562790155411 Detik
Duration Looping 500 Data 159.57753920555 Detik 
Total Duration 159.60130906105 Detik 
------------------------- 
Tanggal: 03-08-2022 01:25:01 
Duration Download Forstok 10.677737951279 Detik
Duration Looping 500 Data 157.47604990005 Detik 
Total Duration 157.50081706047 Detik 
------------------------- 
Tanggal: 03-08-2022 01:30:01 
Duration Download Forstok 16.996906995773 Detik
Duration Looping 500 Data 163.42317891121 Detik 
Total Duration 163.44734501839 Detik 
------------------------- 
Tanggal: 03-08-2022 01:35:01 
Duration Download Forstok 10.869786024094 Detik
Duration Looping 500 Data 155.36255407333 Detik 
Total Duration 155.38676404953 Detik 
------------------------- 
Tanggal: 03-08-2022 01:40:01 
Duration Download Forstok 11.848773956299 Detik
Duration Looping 500 Data 161.2377281189 Detik 
Total Duration 161.26227903366 Detik 
------------------------- 
Tanggal: 03-08-2022 01:45:01 
Duration Download Forstok 13.918421983719 Detik
Duration Looping 500 Data 157.7852499485 Detik 
Total Duration 157.80918693542 Detik 
------------------------- 
Tanggal: 03-08-2022 01:50:01 
Duration Download Forstok 13.86865401268 Detik
Duration Looping 500 Data 160.52237510681 Detik 
Total Duration 160.54635906219 Detik 
------------------------- 
Tanggal: 03-08-2022 01:55:01 
Duration Download Forstok 12.98279094696 Detik
Duration Looping 500 Data 154.53600692749 Detik 
Total Duration 154.56157302856 Detik 
------------------------- 
Tanggal: 03-08-2022 02:00:01 
Duration Download Forstok 20.341493844986 Detik
Duration Looping 500 Data 171.54350781441 Detik 
Total Duration 171.57142591476 Detik 
------------------------- 
Tanggal: 03-08-2022 02:05:01 
Duration Download Forstok 11.361816883087 Detik
Duration Looping 500 Data 168.35516500473 Detik 
Total Duration 168.38114380836 Detik 
------------------------- 
Tanggal: 03-08-2022 02:10:01 
Duration Download Forstok 10.732743024826 Detik
Duration Looping 500 Data 167.16923499107 Detik 
Total Duration 167.19336986542 Detik 
------------------------- 
Tanggal: 03-08-2022 02:15:01 
Duration Download Forstok 16.896420955658 Detik
Duration Looping 500 Data 163.64855694771 Detik 
Total Duration 163.67383694649 Detik 
------------------------- 
Tanggal: 03-08-2022 02:20:01 
Duration Download Forstok 14.072157859802 Detik
Duration Looping 500 Data 164.15453886986 Detik 
Total Duration 164.1781578064 Detik 
------------------------- 
Tanggal: 03-08-2022 02:25:01 
Duration Download Forstok 12.267970085144 Detik
Duration Looping 500 Data 158.25977516174 Detik 
Total Duration 158.28673315048 Detik 
------------------------- 
Tanggal: 03-08-2022 02:30:01 
Duration Download Forstok 12.28245806694 Detik
Duration Looping 500 Data 158.04496693611 Detik 
Total Duration 158.06911993027 Detik 
------------------------- 
Tanggal: 03-08-2022 02:35:01 
Duration Download Forstok 14.121934890747 Detik
Duration Looping 500 Data 158.88392996788 Detik 
Total Duration 158.90911984444 Detik 
------------------------- 
Tanggal: 03-08-2022 02:40:01 
Duration Download Forstok 14.859817028046 Detik
Duration Looping 500 Data 160.41788291931 Detik 
Total Duration 160.44182300568 Detik 
------------------------- 
Tanggal: 03-08-2022 02:45:01 
Duration Download Forstok 21.751977920532 Detik
Duration Looping 500 Data 167.49290800095 Detik 
Total Duration 167.51891493797 Detik 
------------------------- 
Tanggal: 03-08-2022 02:50:01 
Duration Download Forstok 11.645477056503 Detik
Duration Looping 500 Data 157.33001995087 Detik 
Total Duration 157.35622286797 Detik 
------------------------- 
Tanggal: 03-08-2022 02:55:01 
Duration Download Forstok 9.6206130981445 Detik
Duration Looping 500 Data 164.97878718376 Detik 
Total Duration 165.00460505486 Detik 
------------------------- 
Tanggal: 03-08-2022 03:00:01 
Duration Download Forstok 15.218416929245 Detik
Duration Looping 500 Data 166.44214987755 Detik 
Total Duration 166.46812987328 Detik 
------------------------- 
Tanggal: 03-08-2022 03:05:01 
Duration Download Forstok 23.370369911194 Detik
Duration Looping 500 Data 169.18359589577 Detik 
Total Duration 169.2088739872 Detik 
------------------------- 
Tanggal: 03-08-2022 03:10:01 
Duration Download Forstok 11.249374866486 Detik
Duration Looping 500 Data 156.41377687454 Detik 
Total Duration 156.43927502632 Detik 
------------------------- 
Tanggal: 03-08-2022 03:15:01 
Duration Download Forstok 13.238821983337 Detik
Duration Looping 500 Data 157.04340600967 Detik 
Total Duration 157.06935596466 Detik 
------------------------- 
Tanggal: 03-08-2022 03:20:01 
Duration Download Forstok 10.239511966705 Detik
Duration Looping 500 Data 159.15107989311 Detik 
Total Duration 159.17613601685 Detik 
------------------------- 
Tanggal: 03-08-2022 03:25:01 
Duration Download Forstok 9.9286079406738 Detik
Duration Looping 500 Data 161.72826600075 Detik 
Total Duration 161.75222301483 Detik 
------------------------- 
Tanggal: 03-08-2022 03:30:01 
Duration Download Forstok 18.250330924988 Detik
Duration Looping 500 Data 158.04936599731 Detik 
Total Duration 158.07253694534 Detik 
------------------------- 
Tanggal: 03-08-2022 03:35:01 
Duration Download Forstok 13.409692049026 Detik
Duration Looping 500 Data 154.95054388046 Detik 
Total Duration 154.97531890869 Detik 
------------------------- 
Tanggal: 03-08-2022 03:40:01 
Duration Download Forstok 11.959051132202 Detik
Duration Looping 500 Data 164.86124014854 Detik 
Total Duration 164.88574910164 Detik 
------------------------- 
Tanggal: 03-08-2022 03:45:01 
Duration Download Forstok 16.896966934204 Detik
Duration Looping 500 Data 177.98857402802 Detik 
Total Duration 178.01446485519 Detik 
------------------------- 
Tanggal: 03-08-2022 03:50:01 
Duration Download Forstok 11.672451019287 Detik
Duration Looping 500 Data 156.83220005035 Detik 
Total Duration 156.8564491272 Detik 
------------------------- 
Tanggal: 03-08-2022 03:55:01 
Duration Download Forstok 10.244079113007 Detik
Duration Looping 500 Data 158.9364900589 Detik 
Total Duration 158.96044015884 Detik 
------------------------- 
Tanggal: 03-08-2022 04:00:01 
Duration Download Forstok 21.989423036575 Detik
Duration Looping 500 Data 168.06512784958 Detik 
Total Duration 168.09031391144 Detik 
------------------------- 
Tanggal: 03-08-2022 04:05:01 
Duration Download Forstok 10.575397014618 Detik
Duration Looping 500 Data 153.12435698509 Detik 
Total Duration 153.1496078968 Detik 
------------------------- 
Tanggal: 03-08-2022 04:10:01 
Duration Download Forstok 13.707880973816 Detik
Duration Looping 500 Data 159.63037419319 Detik 
Total Duration 159.65595316887 Detik 
------------------------- 
Tanggal: 03-08-2022 04:15:01 
Duration Download Forstok 27.382051229477 Detik
Duration Looping 500 Data 171.56287503242 Detik 
Total Duration 171.58841705322 Detik 
------------------------- 
Tanggal: 03-08-2022 04:20:01 
Duration Download Forstok 14.922397136688 Detik
Duration Looping 500 Data 162.3062889576 Detik 
Total Duration 162.33081507683 Detik 
------------------------- 
Tanggal: 03-08-2022 04:25:01 
Duration Download Forstok 15.286106109619 Detik
Duration Looping 500 Data 158.76392698288 Detik 
Total Duration 158.78978919983 Detik 
------------------------- 
Tanggal: 03-08-2022 04:30:01 
Duration Download Forstok 15.652950048447 Detik
Duration Looping 500 Data 158.21199798584 Detik 
Total Duration 158.23707985878 Detik 
------------------------- 
Tanggal: 03-08-2022 04:35:01 
Duration Download Forstok 10.895804166794 Detik
Duration Looping 500 Data 150.52024316788 Detik 
Total Duration 150.54762101173 Detik 
------------------------- 
Tanggal: 03-08-2022 04:40:01 
Duration Download Forstok 18.467550039291 Detik
Duration Looping 500 Data 163.51736593246 Detik 
Total Duration 163.54127287865 Detik 
------------------------- 
Tanggal: 03-08-2022 04:45:01 
Duration Download Forstok 13.343383073807 Detik
Duration Looping 500 Data 162.86425709724 Detik 
Total Duration 162.88892102242 Detik 
------------------------- 
Tanggal: 03-08-2022 04:50:01 
Duration Download Forstok 12.008271932602 Detik
Duration Looping 500 Data 155.94446992874 Detik 
Total Duration 155.97192597389 Detik 
------------------------- 
Tanggal: 03-08-2022 04:55:01 
Duration Download Forstok 10.543519020081 Detik
Duration Looping 500 Data 150.88714504242 Detik 
Total Duration 150.91157197952 Detik 
------------------------- 
Tanggal: 03-08-2022 05:00:01 
Duration Download Forstok 12.872595071793 Detik
Duration Looping 500 Data 153.77548503876 Detik 
Total Duration 153.79887413979 Detik 
------------------------- 
Tanggal: 03-08-2022 05:05:01 
Duration Download Forstok 12.979654073715 Detik
Duration Looping 500 Data 150.96990609169 Detik 
Total Duration 150.99387097359 Detik 
------------------------- 
Tanggal: 03-08-2022 05:10:01 
Duration Download Forstok 14.737766027451 Detik
Duration Looping 500 Data 153.17123484612 Detik 
Total Duration 153.19456887245 Detik 
------------------------- 
Tanggal: 03-08-2022 05:15:01 
Duration Download Forstok 14.174979925156 Detik
Duration Looping 500 Data 151.6385269165 Detik 
Total Duration 151.6628921032 Detik 
------------------------- 
Tanggal: 03-08-2022 05:20:01 
Duration Download Forstok 10.154036045074 Detik
Duration Looping 500 Data 162.51158595085 Detik 
Total Duration 162.5354218483 Detik 
------------------------- 
Tanggal: 03-08-2022 05:25:01 
Duration Download Forstok 12.027594089508 Detik
Duration Looping 500 Data 155.42973709106 Detik 
Total Duration 155.45795416832 Detik 
------------------------- 
Tanggal: 03-08-2022 05:30:01 
Duration Download Forstok 15.161349058151 Detik
Duration Looping 500 Data 156.63797092438 Detik 
Total Duration 156.66204404831 Detik 
------------------------- 
Tanggal: 03-08-2022 05:35:01 
Duration Download Forstok 18.070442914963 Detik
Duration Looping 500 Data 160.03090906143 Detik 
Total Duration 160.05655097961 Detik 
------------------------- 
Tanggal: 03-08-2022 05:40:01 
Duration Download Forstok 13.169190883636 Detik
Duration Looping 500 Data 158.78893089294 Detik 
Total Duration 158.81384301186 Detik 
------------------------- 
Tanggal: 03-08-2022 05:45:01 
Duration Download Forstok 16.596929073334 Detik
Duration Looping 500 Data 157.05286693573 Detik 
Total Duration 157.07762098312 Detik 
------------------------- 
Tanggal: 03-08-2022 05:50:01 
Duration Download Forstok 11.523907184601 Detik
Duration Looping 500 Data 153.28546714783 Detik 
Total Duration 153.30919122696 Detik 
------------------------- 
Tanggal: 03-08-2022 05:55:01 
Duration Download Forstok 10.246526002884 Detik
Duration Looping 500 Data 150.08890891075 Detik 
Total Duration 150.11407899857 Detik 
------------------------- 
Tanggal: 03-08-2022 06:00:01 
Duration Download Forstok 10.716172933578 Detik
Duration Looping 500 Data 163.65989112854 Detik 
Total Duration 163.68882608414 Detik 
------------------------- 
Tanggal: 03-08-2022 06:05:02 
Duration Download Forstok 23.122199058533 Detik
Duration Looping 500 Data 162.59603095055 Detik 
Total Duration 162.62082886696 Detik 
------------------------- 
Tanggal: 03-08-2022 06:10:01 
Duration Download Forstok 12.473338842392 Detik
Duration Looping 500 Data 154.80197405815 Detik 
Total Duration 154.82608294487 Detik 
------------------------- 
Tanggal: 03-08-2022 06:15:01 
Duration Download Forstok 15.4710958004 Detik
Duration Looping 500 Data 156.18129491806 Detik 
Total Duration 156.20703101158 Detik 
------------------------- 
Tanggal: 03-08-2022 06:20:01 
Duration Download Forstok 12.470644950867 Detik
Duration Looping 500 Data 157.75931310654 Detik 
Total Duration 157.78389692307 Detik 
------------------------- 
Tanggal: 03-08-2022 06:25:01 
Duration Download Forstok 14.790107965469 Detik
Duration Looping 500 Data 160.2642121315 Detik 
Total Duration 160.28851509094 Detik 
------------------------- 
Tanggal: 03-08-2022 06:30:01 
Duration Download Forstok 13.187129974365 Detik
Duration Looping 500 Data 156.86469292641 Detik 
Total Duration 156.88907599449 Detik 
------------------------- 
Tanggal: 03-08-2022 06:35:01 
Duration Download Forstok 11.68940782547 Detik
Duration Looping 500 Data 161.26656389236 Detik 
Total Duration 161.29264903069 Detik 
------------------------- 
Tanggal: 03-08-2022 06:40:01 
Duration Download Forstok 10.849287033081 Detik
Duration Looping 500 Data 156.83827090263 Detik 
Total Duration 156.86264395714 Detik 
------------------------- 
Tanggal: 03-08-2022 06:45:01 
Duration Download Forstok 12.37496304512 Detik
Duration Looping 500 Data 157.11145687103 Detik 
Total Duration 157.1366379261 Detik 
------------------------- 
Tanggal: 03-08-2022 06:50:01 
Duration Download Forstok 13.021825790405 Detik
Duration Looping 500 Data 158.27171182632 Detik 
Total Duration 158.2976129055 Detik 
------------------------- 
Tanggal: 03-08-2022 06:55:01 
Duration Download Forstok 9.9037778377533 Detik
Duration Looping 500 Data 155.08024692535 Detik 
Total Duration 155.10561490059 Detik 
------------------------- 
Tanggal: 03-08-2022 07:00:01 
Duration Download Forstok 23.997488975525 Detik
Duration Looping 500 Data 178.40396690369 Detik 
Total Duration 178.42904996872 Detik 
------------------------- 
Tanggal: 03-08-2022 07:05:02 
Duration Download Forstok 13.876512050629 Detik
Duration Looping 500 Data 161.66576194763 Detik 
Total Duration 161.69377708435 Detik 
------------------------- 
Tanggal: 03-08-2022 07:10:01 
Duration Download Forstok 12.304175138474 Detik
Duration Looping 500 Data 152.6942460537 Detik 
Total Duration 152.71923518181 Detik 
------------------------- 
Tanggal: 03-08-2022 07:15:01 
Duration Download Forstok 14.336081027985 Detik
Duration Looping 500 Data 170.61672496796 Detik 
Total Duration 170.64248490334 Detik 
------------------------- 
Tanggal: 03-08-2022 07:20:01 
Duration Download Forstok 12.594976902008 Detik
Duration Looping 500 Data 156.73155212402 Detik 
Total Duration 156.75603890419 Detik 
------------------------- 
Tanggal: 03-08-2022 07:25:02 
Duration Download Forstok 9.8423018455505 Detik
Duration Looping 500 Data 149.02252697945 Detik 
Total Duration 149.04754185677 Detik 
------------------------- 
Tanggal: 03-08-2022 07:30:01 
Duration Download Forstok 12.17723608017 Detik
Duration Looping 500 Data 163.77041602135 Detik 
Total Duration 163.79505300522 Detik 
------------------------- 
Tanggal: 03-08-2022 07:35:01 
Duration Download Forstok 9.3991739749908 Detik
Duration Looping 500 Data 151.52645587921 Detik 
Total Duration 151.55077981949 Detik 
------------------------- 
Tanggal: 03-08-2022 07:40:01 
Duration Download Forstok 12.669811010361 Detik
Duration Looping 500 Data 153.87926602364 Detik 
Total Duration 153.90223503113 Detik 
------------------------- 
Tanggal: 03-08-2022 07:45:02 
Duration Download Forstok 11.666598796844 Detik
Duration Looping 500 Data 150.13866996765 Detik 
Total Duration 150.16359877586 Detik 
------------------------- 
Tanggal: 03-08-2022 07:50:01 
Duration Download Forstok 10.533070087433 Detik
Duration Looping 500 Data 153.60095500946 Detik 
Total Duration 153.62475299835 Detik 
------------------------- 
Tanggal: 03-08-2022 07:55:01 
Duration Download Forstok 9.898472070694 Detik
Duration Looping 500 Data 160.12104988098 Detik 
Tanggal: 03-08-2022 08:00:01 
Duration Download Forstok 10.462033987045 Detik
Duration Looping 500 Data 158.80194592476 Detik 
Tanggal: 03-08-2022 08:05:01 
Duration Download Forstok 9.673525094986 Detik
Duration Looping 500 Data 153.68971395493 Detik 
Tanggal: 03-08-2022 08:10:01 
Duration Download Forstok 15.513256072998 Detik
Duration Looping 500 Data 165.18660092354 Detik 
Tanggal: 03-08-2022 08:15:01 
Duration Download Forstok 15.363441944122 Detik
Duration Looping 500 Data 167.70336484909 Detik 
Tanggal: 03-08-2022 08:20:01 
Duration Download Forstok 13.206153869629 Detik
Duration Looping 500 Data 168.0457379818 Detik 
Tanggal: 03-08-2022 08:25:01 
Duration Download Forstok 10.179616212845 Detik
Duration Looping 500 Data 158.90609717369 Detik 
Tanggal: 03-08-2022 08:30:01 
Duration Download Forstok 21.801044940948 Detik
Duration Looping 500 Data 184.84613394737 Detik 
Tanggal: 03-08-2022 08:35:01 
Duration Download Forstok 10.890298128128 Detik
Duration Looping 500 Data 185.52050209045 Detik 
Tanggal: 03-08-2022 08:40:01 
Duration Download Forstok 12.85754108429 Detik
Duration Looping 500 Data 180.72596812248 Detik 
Tanggal: 03-08-2022 08:45:01 
Duration Download Forstok 13.692934036255 Detik
Duration Looping 500 Data 177.21986317635 Detik 
Tanggal: 03-08-2022 08:50:01 
Duration Download Forstok 16.321850061417 Detik
Duration Looping 500 Data 172.9767229557 Detik 
Tanggal: 03-08-2022 08:55:01 
Duration Download Forstok 13.490955114365 Detik
Duration Looping 500 Data 171.10923314095 Detik 
Tanggal: 03-08-2022 09:00:01 
Duration Download Forstok 15.516417980194 Detik
Duration Looping 500 Data 174.9884750843 Detik 
Tanggal: 03-08-2022 09:05:01 
Duration Download Forstok 10.562390089035 Detik
Duration Looping 500 Data 166.45083713531 Detik 
Tanggal: 03-08-2022 09:10:01 
Duration Download Forstok 11.774599075317 Detik
Duration Looping 500 Data 202.94647288322 Detik 
Tanggal: 03-08-2022 09:15:01 
Duration Download Forstok 18.30414390564 Detik
Duration Looping 500 Data 175.059278965 Detik 
Tanggal: 03-08-2022 09:20:01 
Duration Download Forstok 10.790051937103 Detik
Duration Looping 500 Data 169.28222799301 Detik 
Tanggal: 03-08-2022 09:25:01 
Duration Download Forstok 12.199677944183 Detik
Duration Looping 500 Data 175.06589198112 Detik 
Tanggal: 03-08-2022 09:30:01 
Duration Download Forstok 11.000658035278 Detik
Duration Looping 500 Data 172.70431900024 Detik 
Tanggal: 03-08-2022 09:35:01 
Duration Download Forstok 10.516273975372 Detik
Duration Looping 500 Data 169.83407402039 Detik 
Tanggal: 03-08-2022 09:40:02 
Duration Download Forstok 11.88005399704 Detik
Duration Looping 500 Data 172.89652609825 Detik 
Tanggal: 03-08-2022 09:45:01 
Duration Download Forstok 13.520699977875 Detik
Duration Looping 500 Data 176.98617911339 Detik 
Tanggal: 03-08-2022 09:50:01 
Duration Download Forstok 22.473670005798 Detik
Duration Looping 500 Data 198.28632187843 Detik 
Tanggal: 03-08-2022 09:55:01 
Duration Download Forstok 0.64903998374939 Detik
Tanggal: 03-08-2022 10:00:01 
Duration Download Forstok 10.579195022583 Detik
Duration Looping 500 Data 173.24824690819 Detik 
Tanggal: 03-08-2022 10:05:01 
Duration Download Forstok 12.782642126083 Detik
Duration Looping 500 Data 175.84413814545 Detik 
Tanggal: 03-08-2022 10:10:01 
Duration Download Forstok 12.178261995316 Detik
Duration Looping 500 Data 171.29933905602 Detik 
Tanggal: 03-08-2022 10:15:01 
Duration Download Forstok 13.863591909409 Detik
Duration Looping 500 Data 181.15232396126 Detik 
Tanggal: 03-08-2022 10:20:01 
Duration Download Forstok 13.174733161926 Detik
Duration Looping 500 Data 186.00369310379 Detik 
Tanggal: 03-08-2022 10:25:01 
Duration Download Forstok 10.731261014938 Detik
Duration Looping 500 Data 176.87712407112 Detik 
Tanggal: 03-08-2022 10:30:01 
Duration Download Forstok 19.262359142303 Detik
Duration Looping 500 Data 177.46981620789 Detik 
Tanggal: 03-08-2022 10:35:01 
Duration Download Forstok 13.54670715332 Detik
Duration Looping 500 Data 177.21249103546 Detik 
Tanggal: 03-08-2022 10:40:01 
Duration Download Forstok 10.298871994019 Detik
Duration Looping 500 Data 168.14902114868 Detik 
Tanggal: 03-08-2022 10:45:01 
Duration Download Forstok 13.728996038437 Detik
Duration Looping 500 Data 172.23068714142 Detik 
Tanggal: 03-08-2022 10:50:01 
Duration Download Forstok 11.894525051117 Detik
Duration Looping 500 Data 175.76064801216 Detik 
Tanggal: 03-08-2022 10:55:01 
Duration Download Forstok 10.057223081589 Detik
Duration Looping 500 Data 172.28305196762 Detik 
Tanggal: 03-08-2022 11:00:01 
Duration Download Forstok 12.174022912979 Detik
Duration Looping 500 Data 177.13017296791 Detik 
Tanggal: 03-08-2022 11:05:01 
Duration Download Forstok 10.378043174744 Detik
Duration Looping 500 Data 171.25067710876 Detik 
Tanggal: 03-08-2022 11:10:01 
Duration Download Forstok 12.187548875809 Detik
Duration Looping 500 Data 170.42653489113 Detik 
Tanggal: 03-08-2022 11:15:01 
Duration Download Forstok 21.834578037262 Detik
Duration Looping 500 Data 176.37121009827 Detik 
Tanggal: 03-08-2022 11:20:01 
Duration Download Forstok 10.725421190262 Detik
Duration Looping 500 Data 168.96279096603 Detik 
Tanggal: 03-08-2022 11:25:01 
Duration Download Forstok 9.2216148376465 Detik
Duration Looping 500 Data 170.77852296829 Detik 
Tanggal: 03-08-2022 11:30:01 
Duration Download Forstok 12.007720947266 Detik
Duration Looping 500 Data 174.11864900589 Detik 
Tanggal: 03-08-2022 11:35:01 
Duration Download Forstok 12.448705911636 Detik
Duration Looping 500 Data 177.04446005821 Detik 
Tanggal: 03-08-2022 11:40:01 
Duration Download Forstok 9.5610210895538 Detik
Duration Looping 500 Data 176.29266119003 Detik 
Tanggal: 03-08-2022 11:45:01 
Duration Download Forstok 12.658353805542 Detik
Duration Looping 500 Data 170.73461198807 Detik 
Tanggal: 03-08-2022 11:50:01 
Duration Download Forstok 18.018517971039 Detik
Duration Looping 500 Data 178.62843298912 Detik 
Tanggal: 03-08-2022 11:55:00 
Duration Download Forstok 12.034906864166 Detik
Duration Looping 500 Data 172.20366001129 Detik 
Tanggal: 03-08-2022 12:00:01 
Duration Download Forstok 23.752812862396 Detik
Duration Looping 500 Data 180.58326601982 Detik 
Tanggal: 03-08-2022 12:05:01 
Duration Download Forstok 12.131500959396 Detik
Duration Looping 500 Data 170.12630295753 Detik 
Tanggal: 03-08-2022 12:10:01 
Duration Download Forstok 11.320025920868 Detik
Duration Looping 500 Data 167.33749485016 Detik 
Tanggal: 03-08-2022 12:15:01 
Duration Download Forstok 14.0626308918 Detik
Duration Looping 500 Data 165.87128591537 Detik 
Tanggal: 03-08-2022 12:20:01 
Duration Download Forstok 17.695953130722 Detik
Duration Looping 500 Data 174.60054898262 Detik 
Tanggal: 03-08-2022 12:25:01 
Duration Download Forstok 10.012320995331 Detik
Duration Looping 500 Data 166.45812296867 Detik 
Tanggal: 03-08-2022 12:30:01 
Duration Download Forstok 14.875252962112 Detik
Duration Looping 500 Data 166.28392601013 Detik 
Tanggal: 03-08-2022 12:35:01 
Duration Download Forstok 9.9232029914856 Detik
Duration Looping 500 Data 160.80815315247 Detik 
Tanggal: 03-08-2022 12:40:01 
Duration Download Forstok 10.7680580616 Detik
Duration Looping 500 Data 160.60188388824 Detik 
Tanggal: 03-08-2022 12:45:01 
Duration Download Forstok 20.643436908722 Detik
Duration Looping 500 Data 174.36644697189 Detik 
Tanggal: 03-08-2022 12:50:01 
Duration Download Forstok 11.788560152054 Detik
Duration Looping 500 Data 159.75950908661 Detik 
Tanggal: 03-08-2022 12:55:01 
Duration Download Forstok 11.063017129898 Detik
Duration Looping 500 Data 160.96966719627 Detik 
Tanggal: 03-08-2022 13:00:01 
Duration Download Forstok 19.589598894119 Detik
Duration Looping 500 Data 179.15333199501 Detik 
Tanggal: 03-08-2022 13:05:01 
Duration Download Forstok 11.460155010223 Detik
Duration Looping 500 Data 177.6909301281 Detik 
Tanggal: 03-08-2022 13:10:01 
Duration Download Forstok 15.14538693428 Detik
Duration Looping 500 Data 175.60066699982 Detik 
Tanggal: 03-08-2022 13:15:01 
Duration Download Forstok 14.560981035233 Detik
Duration Looping 500 Data 175.06483101845 Detik 
Tanggal: 03-08-2022 13:20:01 
Duration Download Forstok 11.374981880188 Detik
Duration Looping 500 Data 176.18529295921 Detik 
Tanggal: 03-08-2022 13:25:01 
Duration Download Forstok 10.225250005722 Detik
Duration Looping 500 Data 171.08996701241 Detik 
Tanggal: 03-08-2022 13:30:01 
Duration Download Forstok 11.080604076385 Detik
Duration Looping 500 Data 181.42000007629 Detik 
Tanggal: 03-08-2022 13:35:01 
Duration Download Forstok 8.9381060600281 Detik
Duration Looping 500 Data 172.79662704468 Detik 
Tanggal: 03-08-2022 13:40:01 
Duration Download Forstok 11.82205080986 Detik
Duration Looping 500 Data 170.68068885803 Detik 
Tanggal: 03-08-2022 13:45:01 
Duration Download Forstok 16.029049158096 Detik
Duration Looping 500 Data 171.81947302818 Detik 
Tanggal: 03-08-2022 13:50:01 
Duration Download Forstok 12.747178077698 Detik
Duration Looping 500 Data 173.71137094498 Detik 
Tanggal: 03-08-2022 13:55:01 
Duration Download Forstok 11.84369802475 Detik
Duration Looping 500 Data 169.89417815208 Detik 
Tanggal: 03-08-2022 14:00:01 
Duration Download Forstok 13.391474962234 Detik
Duration Looping 500 Data 171.66269302368 Detik 
Tanggal: 03-08-2022 14:05:01 
Duration Download Forstok 20.047060012817 Detik
Duration Looping 500 Data 176.15784811974 Detik 
Tanggal: 03-08-2022 14:10:01 
Duration Download Forstok 12.23840713501 Detik
Duration Looping 500 Data 174.13460302353 Detik 
Tanggal: 03-08-2022 14:15:01 
Duration Download Forstok 12.439532995224 Detik
Duration Looping 500 Data 172.55389690399 Detik 
Tanggal: 03-08-2022 14:20:01 
Duration Download Forstok 9.9925129413605 Detik
Duration Looping 500 Data 166.62500405312 Detik 
Tanggal: 03-08-2022 14:25:01 
Duration Download Forstok 18.005941867828 Detik
Duration Looping 500 Data 177.70357584953 Detik 
Tanggal: 03-08-2022 14:30:01 
Duration Download Forstok 15.977813959122 Detik
Duration Looping 500 Data 174.26160907745 Detik 
Tanggal: 03-08-2022 14:35:01 
Duration Download Forstok 12.575598955154 Detik
Duration Looping 500 Data 168.82506108284 Detik 
Tanggal: 03-08-2022 14:40:01 
Duration Download Forstok 13.582926988602 Detik
Duration Looping 500 Data 169.11438322067 Detik 
Tanggal: 03-08-2022 14:45:01 
Duration Download Forstok 11.571079015732 Detik
Duration Looping 500 Data 173.25355005264 Detik 
Tanggal: 03-08-2022 14:50:01 
Duration Download Forstok 12.824069976807 Detik
Duration Looping 500 Data 166.95459914207 Detik 
Tanggal: 03-08-2022 14:55:01 
Duration Download Forstok 9.4551291465759 Detik
Duration Looping 500 Data 172.32489514351 Detik 
Tanggal: 03-08-2022 15:00:01 
Duration Download Forstok 12.630666971207 Detik
Duration Looping 500 Data 186.54095196724 Detik 
Tanggal: 03-08-2022 15:05:01 
Duration Download Forstok 12.531298875809 Detik
Duration Looping 500 Data 187.10396504402 Detik 
Tanggal: 03-08-2022 15:10:01 
Duration Download Forstok 12.298902988434 Detik
Duration Looping 500 Data 179.26788806915 Detik 
Tanggal: 03-08-2022 15:15:01 
Duration Download Forstok 14.610031843185 Detik
Duration Looping 500 Data 191.65302491188 Detik 
Tanggal: 03-08-2022 15:20:01 
Duration Download Forstok 12.614135980606 Detik
Duration Looping 500 Data 180.66890478134 Detik 
Tanggal: 03-08-2022 15:25:01 
Duration Download Forstok 10.679040908813 Detik
Duration Looping 500 Data 171.28306388855 Detik 
Tanggal: 03-08-2022 15:30:01 
Duration Download Forstok 13.94483590126 Detik
Duration Looping 500 Data 178.40477991104 Detik 
Tanggal: 03-08-2022 15:35:01 
Duration Download Forstok 11.626140117645 Detik
Duration Looping 500 Data 175.87013101578 Detik 
Tanggal: 03-08-2022 15:40:01 
Duration Download Forstok 14.128815889359 Detik
Duration Looping 500 Data 172.15839385986 Detik 
Tanggal: 03-08-2022 15:45:01 
Duration Download Forstok 16.289087057114 Detik
Duration Looping 500 Data 181.15789008141 Detik 
Tanggal: 03-08-2022 15:50:01 
Duration Download Forstok 13.320307970047 Detik
Duration Looping 500 Data 175.37968683243 Detik 
Tanggal: 03-08-2022 15:55:01 
Duration Download Forstok 9.9055759906769 Detik
Duration Looping 500 Data 168.3265311718 Detik 
Tanggal: 03-08-2022 16:00:02 
Duration Download Forstok 16.83411192894 Detik
Duration Looping 500 Data 180.84519910812 Detik 
Tanggal: 03-08-2022 16:05:01 
Duration Download Forstok 15.372756958008 Detik
Duration Looping 500 Data 168.42937898636 Detik 
Tanggal: 03-08-2022 16:10:01 
Duration Download Forstok 12.304105043411 Detik
Duration Looping 500 Data 169.02264595032 Detik 
Tanggal: 03-08-2022 16:15:01 
Duration Download Forstok 16.096529960632 Detik
Duration Looping 500 Data 168.96044588089 Detik 
Tanggal: 03-08-2022 16:20:01 
Duration Download Forstok 59.864448070526 Detik
Tanggal: 03-08-2022 16:25:01 
Duration Download Forstok 10.7996301651 Detik
Tanggal: 03-08-2022 16:30:01 
Duration Download Forstok 14.642987012863 Detik
Duration Looping 500 Data 175.31172180176 Detik 
Total Duration 175.34666490555 Detik 
------------------------- 
Tanggal: 03-08-2022 16:35:01 
Duration Download Forstok 12.909691810608 Detik
Duration Looping 500 Data 167.68243503571 Detik 
Total Duration 167.71202802658 Detik 
------------------------- 
Tanggal: 03-08-2022 16:40:01 
Duration Download Forstok 16.149797916412 Detik
Duration Looping 500 Data 167.65833687782 Detik 
Total Duration 167.69180989265 Detik 
------------------------- 
Tanggal: 03-08-2022 16:45:01 
Duration Download Forstok 13.705415010452 Detik
Duration Looping 500 Data 167.87751698494 Detik 
Total Duration 167.90604710579 Detik 
------------------------- 
Tanggal: 03-08-2022 16:50:01 
Duration Download Forstok 10.915576934814 Detik
Duration Looping 500 Data 171.53112697601 Detik 
Total Duration 171.56366491318 Detik 
------------------------- 
Tanggal: 03-08-2022 16:55:01 
Duration Download Forstok 10.732526063919 Detik
Duration Looping 500 Data 169.09918808937 Detik 
Total Duration 169.12843704224 Detik 
------------------------- 
Tanggal: 03-08-2022 17:00:01 
Duration Download Forstok 15.15980887413 Detik
Duration Looping 500 Data 167.88864278793 Detik 
Total Duration 167.9172577858 Detik 
------------------------- 
Tanggal: 03-08-2022 17:05:01 
Duration Download Forstok 10.370033025742 Detik
Duration Looping 500 Data 159.79122400284 Detik 
Total Duration 159.8220949173 Detik 
------------------------- 
Tanggal: 03-08-2022 17:10:01 
Duration Download Forstok 14.178593873978 Detik
Duration Looping 500 Data 166.91519999504 Detik 
Total Duration 166.94211006165 Detik 
------------------------- 
Tanggal: 03-08-2022 17:15:01 
Duration Download Forstok 17.032215118408 Detik
Duration Looping 500 Data 166.76146101952 Detik 
Total Duration 166.79579806328 Detik 
------------------------- 
Tanggal: 03-08-2022 17:20:01 
Duration Download Forstok 13.571920156479 Detik
Duration Looping 500 Data 166.41992902756 Detik 
Total Duration 166.44897794724 Detik 
------------------------- 
Tanggal: 03-08-2022 17:25:01 
Duration Download Forstok 9.7979109287262 Detik
Duration Looping 500 Data 154.13851690292 Detik 
Total Duration 154.16953492165 Detik 
------------------------- 
Tanggal: 03-08-2022 17:30:01 
Duration Download Forstok 23.062451124191 Detik
Duration Looping 500 Data 174.10554409027 Detik 
Total Duration 174.13253211975 Detik 
------------------------- 
Tanggal: 03-08-2022 17:35:01 
Duration Download Forstok 11.218204975128 Detik
Duration Looping 500 Data 162.87476992607 Detik 
Total Duration 162.90421390533 Detik 
------------------------- 
Tanggal: 03-08-2022 17:40:01 
Duration Download Forstok 13.066634178162 Detik
Duration Looping 500 Data 169.47676301003 Detik 
Total Duration 169.53310012817 Detik 
------------------------- 
Tanggal: 03-08-2022 17:45:01 
Duration Download Forstok 13.796780109406 Detik
Duration Looping 500 Data 159.86943101883 Detik 
Total Duration 159.89806413651 Detik 
------------------------- 
Tanggal: 03-08-2022 17:50:01 
Duration Download Forstok 11.751679897308 Detik
Duration Looping 500 Data 167.50637197495 Detik 
Total Duration 167.53120183945 Detik 
------------------------- 
Tanggal: 03-08-2022 17:55:01 
Duration Download Forstok 10.78911113739 Detik
Duration Looping 500 Data 156.80435800552 Detik 
Total Duration 156.83361101151 Detik 
------------------------- 
Tanggal: 03-08-2022 18:00:01 
Duration Download Forstok 24.707244873047 Detik
Duration Looping 500 Data 170.47139906883 Detik 
Total Duration 170.4955830574 Detik 
------------------------- 
Tanggal: 03-08-2022 18:05:01 
Duration Download Forstok 12.679539203644 Detik
Duration Looping 500 Data 161.20654416084 Detik 
Total Duration 161.23110604286 Detik 
------------------------- 
Tanggal: 03-08-2022 18:10:01 
Duration Download Forstok 15.077299833298 Detik
Duration Looping 500 Data 162.37729096413 Detik 
Total Duration 162.4029738903 Detik 
------------------------- 
Tanggal: 03-08-2022 18:15:01 
Duration Download Forstok 15.242439985275 Detik
Duration Looping 500 Data 167.49424600601 Detik 
Total Duration 167.52322411537 Detik 
------------------------- 
Tanggal: 03-08-2022 18:20:01 
Duration Download Forstok 11.639269113541 Detik
Duration Looping 500 Data 165.85784697533 Detik 
Total Duration 165.88366413116 Detik 
------------------------- 
Tanggal: 03-08-2022 18:25:01 
Duration Download Forstok 14.515002012253 Detik
Duration Looping 500 Data 155.81581401825 Detik 
Total Duration 155.84396982193 Detik 
------------------------- 
Tanggal: 03-08-2022 18:30:01 
Duration Download Forstok 17.631231784821 Detik
Duration Looping 500 Data 166.45290493965 Detik 
Total Duration 166.47777986526 Detik 
------------------------- 
Tanggal: 03-08-2022 18:35:01 
Duration Download Forstok 13.014307022095 Detik
Duration Looping 500 Data 166.39121103287 Detik 
Total Duration 166.41625189781 Detik 
------------------------- 
Tanggal: 03-08-2022 18:40:01 
Duration Download Forstok 15.19106221199 Detik
Duration Looping 500 Data 156.82153320312 Detik 
Total Duration 156.84446120262 Detik 
------------------------- 
Tanggal: 03-08-2022 18:45:01 
Duration Download Forstok 15.827277183533 Detik
Duration Looping 500 Data 168.47094702721 Detik 
Total Duration 168.4959051609 Detik 
------------------------- 
Tanggal: 03-08-2022 18:50:01 
Duration Download Forstok 11.813098907471 Detik
Duration Looping 500 Data 157.82567596436 Detik 
Total Duration 157.85324692726 Detik 
------------------------- 
Tanggal: 03-08-2022 18:55:01 
Duration Download Forstok 12.860800981522 Detik
Duration Looping 500 Data 160.07827711105 Detik 
Total Duration 160.10626792908 Detik 
------------------------- 
Tanggal: 03-08-2022 19:00:01 
Duration Download Forstok 11.275835990906 Detik
Duration Looping 500 Data 162.29902410507 Detik 
Total Duration 162.33154702187 Detik 
------------------------- 
Tanggal: 03-08-2022 19:05:02 
Duration Download Forstok 14.252228975296 Detik
Duration Looping 500 Data 157.74444794655 Detik 
Total Duration 157.76909589767 Detik 
------------------------- 
Tanggal: 03-08-2022 19:10:01 
Duration Download Forstok 10.753798961639 Detik
Duration Looping 500 Data 156.80007886887 Detik 
Total Duration 156.8282160759 Detik 
------------------------- 
Tanggal: 03-08-2022 19:15:01 
Duration Download Forstok 12.188165903091 Detik
Duration Looping 500 Data 159.94155907631 Detik 
Total Duration 159.969602108 Detik 
------------------------- 
Tanggal: 03-08-2022 19:20:01 
Duration Download Forstok 17.154680013657 Detik
Duration Looping 500 Data 162.3292798996 Detik 
Total Duration 162.35637402534 Detik 
------------------------- 
Tanggal: 03-08-2022 19:25:01 
Duration Download Forstok 12.441519975662 Detik
Duration Looping 500 Data 159.81990695 Detik 
Total Duration 159.84502196312 Detik 
------------------------- 
Tanggal: 03-08-2022 19:30:01 
Duration Download Forstok 26.952752113342 Detik
Duration Looping 500 Data 179.19649720192 Detik 
Total Duration 179.22111320496 Detik 
------------------------- 
Tanggal: 03-08-2022 19:35:01 
Duration Download Forstok 11.806910991669 Detik
Duration Looping 500 Data 158.31224107742 Detik 
Total Duration 158.33806991577 Detik 
------------------------- 
Tanggal: 03-08-2022 19:40:01 
Duration Download Forstok 11.992678880692 Detik
Duration Looping 500 Data 157.99888801575 Detik 
Total Duration 158.02228403091 Detik 
------------------------- 
Tanggal: 03-08-2022 19:45:01 
Duration Download Forstok 24.239234924316 Detik
Duration Looping 500 Data 169.00933003426 Detik 
Total Duration 169.0354180336 Detik 
------------------------- 
Tanggal: 03-08-2022 19:50:01 
Duration Download Forstok 15.026746034622 Detik
Duration Looping 500 Data 165.23709416389 Detik 
Tanggal: 03-08-2022 19:55:01 
Duration Download Forstok 12.840886116028 Detik
Duration Looping 500 Data 174.1390581131 Detik 
Tanggal: 03-08-2022 20:00:01 
Duration Download Forstok 14.39652299881 Detik
Duration Looping 500 Data 164.49994111061 Detik 
Tanggal: 03-08-2022 20:05:01 
Duration Download Forstok 14.337484836578 Detik
Duration Looping 500 Data 159.92653679848 Detik 
Tanggal: 03-08-2022 20:10:01 
Duration Download Forstok 11.193337202072 Detik
Duration Looping 500 Data 160.32316398621 Detik 
Tanggal: 03-08-2022 20:15:01 
Duration Download Forstok 18.421300888062 Detik
Duration Looping 500 Data 167.04868507385 Detik 
Tanggal: 03-08-2022 20:20:01 
Duration Download Forstok 11.091150999069 Detik
Duration Looping 500 Data 160.38851308823 Detik 
Tanggal: 03-08-2022 20:25:01 
Duration Download Forstok 9.6797940731049 Detik
Duration Looping 500 Data 153.00274586678 Detik 
Tanggal: 03-08-2022 20:30:01 
Duration Download Forstok 11.762199878693 Detik
Duration Looping 500 Data 156.26704597473 Detik 
Tanggal: 03-08-2022 20:35:01 
Duration Download Forstok 10.193860054016 Detik
Duration Looping 500 Data 156.30432200432 Detik 
Tanggal: 03-08-2022 20:40:01 
Duration Download Forstok 11.98391699791 Detik
Duration Looping 500 Data 156.00273799896 Detik 
Tanggal: 03-08-2022 20:45:01 
Duration Download Forstok 15.374552965164 Detik
Duration Looping 500 Data 183.15410089493 Detik 
Tanggal: 03-08-2022 20:50:01 
Duration Download Forstok 11.483721017838 Detik
Duration Looping 500 Data 155.95896482468 Detik 
Tanggal: 03-08-2022 20:55:01 
Duration Download Forstok 10.137919902802 Detik
Duration Looping 500 Data 163.26594400406 Detik 
Tanggal: 03-08-2022 21:00:01 
Duration Download Forstok 18.548494100571 Detik
Duration Looping 500 Data 168.07167696953 Detik 
Tanggal: 03-08-2022 21:05:01 
Duration Download Forstok 13.358016014099 Detik
Duration Looping 500 Data 166.31862807274 Detik 
Tanggal: 03-08-2022 21:10:01 
Duration Download Forstok 19.311473846436 Detik
Duration Looping 500 Data 169.71433901787 Detik 
Tanggal: 03-08-2022 21:15:01 
Duration Download Forstok 15.001473903656 Detik
Duration Looping 500 Data 164.22834277153 Detik 
Tanggal: 03-08-2022 21:20:01 
Duration Download Forstok 12.249157905579 Detik
Duration Looping 500 Data 162.50014686584 Detik 
Tanggal: 03-08-2022 21:25:01 
Duration Download Forstok 10.376461982727 Detik
Duration Looping 500 Data 156.02258515358 Detik 
Tanggal: 03-08-2022 21:30:01 
Duration Download Forstok 13.789454936981 Detik
Duration Looping 500 Data 161.31891107559 Detik 
Tanggal: 03-08-2022 21:35:01 
Duration Download Forstok 11.311029195786 Detik
Duration Looping 500 Data 158.56714606285 Detik 
Tanggal: 03-08-2022 21:40:01 
Duration Download Forstok 11.685021162033 Detik
Duration Looping 500 Data 162.43855714798 Detik 
Tanggal: 03-08-2022 21:45:01 
Duration Download Forstok 15.528665065765 Detik
Duration Looping 500 Data 160.84200406075 Detik 
Tanggal: 03-08-2022 21:50:01 
Duration Download Forstok 12.106131076813 Detik
Duration Looping 500 Data 160.92417097092 Detik 
Tanggal: 03-08-2022 21:55:01 
Duration Download Forstok 14.029036998749 Detik
Duration Looping 500 Data 167.79743003845 Detik 
Tanggal: 03-08-2022 22:00:01 
Duration Download Forstok 16.610334873199 Detik
Duration Looping 500 Data 164.06028389931 Detik 
Tanggal: 03-08-2022 22:05:02 
Duration Download Forstok 12.229938030243 Detik
Duration Looping 500 Data 163.50426721573 Detik 
Tanggal: 03-08-2022 22:10:01 
Duration Download Forstok 14.174877166748 Detik
Duration Looping 500 Data 163.22136116028 Detik 
Tanggal: 03-08-2022 22:15:01 
Duration Download Forstok 17.444895029068 Detik
Duration Looping 500 Data 162.22885107994 Detik 
Tanggal: 03-08-2022 22:20:01 
Duration Download Forstok 14.075454950333 Detik
Duration Looping 500 Data 171.64446997643 Detik 
Tanggal: 03-08-2022 22:25:01 
Duration Download Forstok 14.403782129288 Detik
Duration Looping 500 Data 166.01185798645 Detik 
Tanggal: 03-08-2022 22:30:01 
Duration Download Forstok 13.054847955704 Detik
Duration Looping 500 Data 157.57247614861 Detik 
Tanggal: 03-08-2022 22:35:01 
Duration Download Forstok 15.164694070816 Detik
Duration Looping 500 Data 163.3292889595 Detik 
Tanggal: 03-08-2022 22:40:01 
Duration Download Forstok 22.597395896912 Detik
Duration Looping 500 Data 167.06575703621 Detik 
Tanggal: 03-08-2022 22:45:01 
Duration Download Forstok 13.950958013535 Detik
Duration Looping 500 Data 164.50323009491 Detik 
Tanggal: 03-08-2022 22:50:01 
Duration Download Forstok 12.248285055161 Detik
Duration Looping 500 Data 169.84737992287 Detik 
Tanggal: 03-08-2022 22:55:01 
Duration Download Forstok 12.370177030563 Detik
Duration Looping 500 Data 156.88638997078 Detik 
Tanggal: 03-08-2022 23:00:02 
Duration Download Forstok 20.353380918503 Detik
Duration Looping 500 Data 166.45222687721 Detik 
Tanggal: 03-08-2022 23:05:02 
Duration Download Forstok 11.155606985092 Detik
Duration Looping 500 Data 154.37601399422 Detik 
Tanggal: 03-08-2022 23:10:01 
Duration Download Forstok 14.677556037903 Detik
Duration Looping 500 Data 163.44039702415 Detik 
Tanggal: 03-08-2022 23:15:01 
Duration Download Forstok 13.60119509697 Detik
Duration Looping 500 Data 159.81408309937 Detik 
Tanggal: 03-08-2022 23:20:01 
Duration Download Forstok 13.506421804428 Detik
Duration Looping 500 Data 164.89946293831 Detik 
Tanggal: 03-08-2022 23:25:01 
Duration Download Forstok 12.244547843933 Detik
Duration Looping 500 Data 157.3846449852 Detik 
Tanggal: 03-08-2022 23:30:01 
Duration Download Forstok 17.453304052353 Detik
Duration Looping 500 Data 165.07716298103 Detik 
Tanggal: 03-08-2022 23:35:01 
Duration Download Forstok 11.296919822693 Detik
Duration Looping 500 Data 159.03582191467 Detik 
Tanggal: 03-08-2022 23:40:01 
Duration Download Forstok 25.63668513298 Detik
Duration Looping 500 Data 175.23458313942 Detik 
Tanggal: 03-08-2022 23:45:01 
Duration Download Forstok 17.351865053177 Detik
Duration Looping 500 Data 167.65870499611 Detik 
Tanggal: 03-08-2022 23:50:01 
Duration Download Forstok 10.491817951202 Detik
Duration Looping 500 Data 160.00649881363 Detik 
Tanggal: 03-08-2022 23:55:01 
Duration Download Forstok 19.658751964569 Detik
Duration Looping 500 Data 169.75850105286 Detik 
