Tanggal: 23-03-2022 00:00:01 
Duration Download Forstok 19.648993968964 Detik
Duration Looping 700 Data 583.77906298637 Detik 
Total Duration 583.77980208397 Detik 
------------------------- 
Tanggal: 23-03-2022 00:10:01 
Duration Download Forstok 32.754423856735 Detik
Duration Looping 700 Data 192.95481085777 Detik 
Total Duration 192.95492291451 Detik 
------------------------- 
Tanggal: 23-03-2022 00:15:01 
Duration Download Forstok 23.187994003296 Detik
Duration Looping 700 Data 185.35655283928 Detik 
Total Duration 185.35671877861 Detik 
------------------------- 
Tanggal: 23-03-2022 00:20:01 
Duration Download Forstok 15.600996017456 Detik
Duration Looping 700 Data 178.86340618134 Detik 
Total Duration 178.86353302002 Detik 
------------------------- 
Tanggal: 23-03-2022 00:25:01 
Duration Download Forstok 22.306579113007 Detik
Duration Looping 700 Data 189.40468406677 Detik 
Total Duration 189.40483403206 Detik 
------------------------- 
Tanggal: 23-03-2022 00:30:01 
Duration Download Forstok 16.082242012024 Detik
Duration Looping 700 Data 200.53171205521 Detik 
Total Duration 200.53179097176 Detik 
------------------------- 
Tanggal: 23-03-2022 00:35:01 
Duration Download Forstok 19.614860057831 Detik
Duration Looping 700 Data 202.33015394211 Detik 
Total Duration 202.33025789261 Detik 
------------------------- 
Tanggal: 23-03-2022 00:40:01 
Duration Download Forstok 16.437318086624 Detik
Duration Looping 700 Data 181.93014001846 Detik 
Total Duration 181.9302649498 Detik 
------------------------- 
Tanggal: 23-03-2022 00:45:01 
Duration Download Forstok 21.360670089722 Detik
Duration Looping 700 Data 182.26515007019 Detik 
Total Duration 182.26526904106 Detik 
------------------------- 
Tanggal: 23-03-2022 00:50:01 
Duration Download Forstok 12.958957910538 Detik
Duration Looping 700 Data 176.16692900658 Detik 
Total Duration 176.16705203056 Detik 
------------------------- 
Tanggal: 23-03-2022 00:55:01 
Duration Download Forstok 15.950346946716 Detik
Duration Looping 700 Data 175.12605214119 Detik 
Total Duration 175.12613797188 Detik 
------------------------- 
Tanggal: 23-03-2022 01:00:01 
Duration Download Forstok 20.356338977814 Detik
Duration Looping 700 Data 178.68548297882 Detik 
Total Duration 178.68891406059 Detik 
------------------------- 
Tanggal: 23-03-2022 01:05:01 
Duration Download Forstok 27.966490983963 Detik
Duration Looping 700 Data 192.45064306259 Detik 
Total Duration 192.50420403481 Detik 
------------------------- 
Tanggal: 23-03-2022 01:10:01 
Duration Download Forstok 19.576652050018 Detik
Duration Looping 700 Data 193.6547460556 Detik 
Total Duration 193.6548640728 Detik 
------------------------- 
Tanggal: 23-03-2022 01:15:01 
Duration Download Forstok 20.277980089188 Detik
Duration Looping 700 Data 185.67616987228 Detik 
Total Duration 185.67629003525 Detik 
------------------------- 
Tanggal: 23-03-2022 01:20:01 
Duration Download Forstok 14.799349069595 Detik
Duration Looping 700 Data 178.89163899422 Detik 
Total Duration 178.89174294472 Detik 
------------------------- 
Tanggal: 23-03-2022 01:25:01 
Duration Download Forstok 15.232722043991 Detik
Duration Looping 700 Data 179.45056605339 Detik 
Total Duration 179.45065593719 Detik 
------------------------- 
Tanggal: 23-03-2022 01:30:01 
Duration Download Forstok 16.63809299469 Detik
Duration Looping 700 Data 173.2192709446 Detik 
Total Duration 173.21938896179 Detik 
------------------------- 
Tanggal: 23-03-2022 01:35:01 
Duration Download Forstok 34.361441135406 Detik
Duration Looping 700 Data 193.03183293343 Detik 
Total Duration 193.03197193146 Detik 
------------------------- 
Tanggal: 23-03-2022 01:40:01 
Duration Download Forstok 16.644790887833 Detik
Duration Looping 700 Data 206.50926685333 Detik 
Total Duration 206.50937700272 Detik 
------------------------- 
Tanggal: 23-03-2022 01:45:01 
Duration Download Forstok 17.468188047409 Detik
Duration Looping 700 Data 186.9508228302 Detik 
Total Duration 186.95094585419 Detik 
------------------------- 
Tanggal: 23-03-2022 01:50:01 
Duration Download Forstok 18.594511032104 Detik
Duration Looping 700 Data 181.16514897346 Detik 
Total Duration 181.16526699066 Detik 
------------------------- 
Tanggal: 23-03-2022 01:55:01 
Duration Download Forstok 19.354112863541 Detik
Duration Looping 700 Data 179.9955239296 Detik 
Total Duration 179.99564409256 Detik 
------------------------- 
Tanggal: 23-03-2022 02:00:01 
Duration Download Forstok 19.672164916992 Detik
Duration Looping 700 Data 186.59595704079 Detik 
Total Duration 186.59607410431 Detik 
------------------------- 
Tanggal: 23-03-2022 02:05:01 
Duration Download Forstok 23.283006191254 Detik
Duration Looping 700 Data 186.82006716728 Detik 
Total Duration 186.82018613815 Detik 
------------------------- 
Tanggal: 23-03-2022 02:10:01 
Duration Download Forstok 14.358867883682 Detik
Duration Looping 700 Data 168.95072698593 Detik 
Total Duration 168.95083808899 Detik 
------------------------- 
Tanggal: 23-03-2022 02:15:01 
Duration Download Forstok 24.344105005264 Detik
Duration Looping 700 Data 179.97790813446 Detik 
Total Duration 179.97801995277 Detik 
------------------------- 
Tanggal: 23-03-2022 02:20:01 
Duration Download Forstok 15.574111938477 Detik
Duration Looping 700 Data 182.53741598129 Detik 
Total Duration 182.53753805161 Detik 
------------------------- 
Tanggal: 23-03-2022 02:25:01 
Duration Download Forstok 13.989976167679 Detik
Duration Looping 700 Data 167.78434610367 Detik 
Total Duration 167.7844619751 Detik 
------------------------- 
Tanggal: 23-03-2022 02:30:01 
Duration Download Forstok 12.939067840576 Detik
Duration Looping 700 Data 173.66043591499 Detik 
Total Duration 173.66055679321 Detik 
------------------------- 
Tanggal: 23-03-2022 02:35:01 
Duration Download Forstok 20.928290843964 Detik
Duration Looping 700 Data 176.42568683624 Detik 
Total Duration 176.42580485344 Detik 
------------------------- 
Tanggal: 23-03-2022 02:40:01 
Duration Download Forstok 14.155523061752 Detik
Duration Looping 700 Data 171.73569607735 Detik 
Total Duration 171.7358250618 Detik 
------------------------- 
Tanggal: 23-03-2022 02:45:01 
Duration Download Forstok 25.003326892853 Detik
Duration Looping 700 Data 195.37366890907 Detik 
Total Duration 195.37378978729 Detik 
------------------------- 
Tanggal: 23-03-2022 02:50:01 
Duration Download Forstok 22.280112981796 Detik
Duration Looping 700 Data 185.69522595406 Detik 
Total Duration 185.69534301758 Detik 
------------------------- 
Tanggal: 23-03-2022 02:55:01 
Duration Download Forstok 14.318141937256 Detik
Duration Looping 700 Data 170.35337400436 Detik 
Total Duration 170.35348796844 Detik 
------------------------- 
Tanggal: 23-03-2022 03:00:02 
Duration Download Forstok 20.732982873917 Detik
Duration Looping 700 Data 181.702272892 Detik 
Total Duration 181.70239496231 Detik 
------------------------- 
Tanggal: 23-03-2022 03:05:01 
Duration Download Forstok 25.124876022339 Detik
Duration Looping 700 Data 184.66120219231 Detik 
Total Duration 184.66131305695 Detik 
------------------------- 
Tanggal: 23-03-2022 03:10:01 
Duration Download Forstok 13.13513302803 Detik
Duration Looping 700 Data 175.12001991272 Detik 
Total Duration 175.12017393112 Detik 
------------------------- 
Tanggal: 23-03-2022 03:15:01 
Duration Download Forstok 15.988822937012 Detik
Duration Looping 700 Data 174.08400583267 Detik 
Total Duration 174.08412504196 Detik 
------------------------- 
Tanggal: 23-03-2022 03:20:01 
Duration Download Forstok 16.38796710968 Detik
Duration Looping 700 Data 184.98046207428 Detik 
Total Duration 184.9805970192 Detik 
------------------------- 
Tanggal: 23-03-2022 03:25:01 
Duration Download Forstok 14.521493911743 Detik
Duration Looping 700 Data 171.5214869976 Detik 
Total Duration 171.52160406113 Detik 
------------------------- 
Tanggal: 23-03-2022 03:30:01 
Duration Download Forstok 10.970858097076 Detik
Duration Looping 700 Data 170.76010918617 Detik 
Total Duration 170.76023507118 Detik 
------------------------- 
Tanggal: 23-03-2022 03:35:01 
Duration Download Forstok 18.748777151108 Detik
Duration Looping 700 Data 176.68711495399 Detik 
Total Duration 176.68723917007 Detik 
------------------------- 
Tanggal: 23-03-2022 03:40:01 
Duration Download Forstok 18.661988973618 Detik
Duration Looping 700 Data 171.62050199509 Detik 
Total Duration 171.62063002586 Detik 
------------------------- 
Tanggal: 23-03-2022 03:45:01 
Duration Download Forstok 19.699428081512 Detik
Duration Looping 700 Data 184.63662099838 Detik 
Total Duration 184.63673901558 Detik 
------------------------- 
Tanggal: 23-03-2022 03:50:01 
Duration Download Forstok 15.823185920715 Detik
Duration Looping 700 Data 177.29988980293 Detik 
Total Duration 177.3000099659 Detik 
------------------------- 
Tanggal: 23-03-2022 03:55:01 
Duration Download Forstok 18.075977802277 Detik
Duration Looping 700 Data 185.89693379402 Detik 
Total Duration 185.89705586433 Detik 
------------------------- 
Tanggal: 23-03-2022 04:00:01 
Duration Download Forstok 12.846083879471 Detik
Duration Looping 700 Data 167.83482003212 Detik 
Total Duration 167.83494901657 Detik 
------------------------- 
Tanggal: 23-03-2022 04:05:01 
Duration Download Forstok 21.757360935211 Detik
Duration Looping 700 Data 180.97150588036 Detik 
Total Duration 180.97162294388 Detik 
------------------------- 
Tanggal: 23-03-2022 04:10:01 
Duration Download Forstok 16.592710018158 Detik
Duration Looping 700 Data 184.1898021698 Detik 
Total Duration 184.18992495537 Detik 
------------------------- 
Tanggal: 23-03-2022 04:15:01 
Duration Download Forstok 15.636105060577 Detik
Duration Looping 700 Data 171.26864218712 Detik 
Total Duration 171.26875901222 Detik 
------------------------- 
Tanggal: 23-03-2022 04:20:01 
Duration Download Forstok 15.922469139099 Detik
Duration Looping 700 Data 179.21411204338 Detik 
Total Duration 179.21422815323 Detik 
------------------------- 
Tanggal: 23-03-2022 04:25:01 
Duration Download Forstok 15.840753793716 Detik
Duration Looping 700 Data 200.41079998016 Detik 
Total Duration 200.41091179848 Detik 
------------------------- 
Tanggal: 23-03-2022 04:30:01 
Duration Download Forstok 19.516971111298 Detik
Duration Looping 700 Data 175.37076306343 Detik 
Total Duration 175.37087702751 Detik 
------------------------- 
Tanggal: 23-03-2022 04:35:01 
Duration Download Forstok 19.4850461483 Detik
Duration Looping 700 Data 171.72379302979 Detik 
Total Duration 171.72392201424 Detik 
------------------------- 
Tanggal: 23-03-2022 04:40:01 
Duration Download Forstok 19.083571910858 Detik
Duration Looping 700 Data 175.58156085014 Detik 
Total Duration 175.58167886734 Detik 
------------------------- 
Tanggal: 23-03-2022 04:45:01 
Duration Download Forstok 16.93833899498 Detik
Duration Looping 700 Data 181.79989290237 Detik 
Total Duration 181.8000228405 Detik 
------------------------- 
Tanggal: 23-03-2022 04:50:01 
Duration Download Forstok 25.18598985672 Detik
Duration Looping 700 Data 184.79228401184 Detik 
Total Duration 184.79239797592 Detik 
------------------------- 
Tanggal: 23-03-2022 04:55:01 
Duration Download Forstok 18.676865100861 Detik
Duration Looping 700 Data 179.90948414803 Detik 
Total Duration 179.90958404541 Detik 
------------------------- 
Tanggal: 23-03-2022 05:00:01 
Duration Download Forstok 13.687146902084 Detik
Duration Looping 700 Data 169.1449007988 Detik 
Total Duration 169.14502501488 Detik 
------------------------- 
Tanggal: 23-03-2022 05:05:01 
Duration Download Forstok 25.483039140701 Detik
Duration Looping 700 Data 186.36060905457 Detik 
Total Duration 186.36072206497 Detik 
------------------------- 
Tanggal: 23-03-2022 05:10:01 
Duration Download Forstok 16.330016136169 Detik
Duration Looping 700 Data 169.45990610123 Detik 
Total Duration 169.46002912521 Detik 
------------------------- 
Tanggal: 23-03-2022 05:15:01 
Duration Download Forstok 20.720453023911 Detik
Duration Looping 700 Data 173.29323101044 Detik 
Total Duration 173.29334306717 Detik 
------------------------- 
Tanggal: 23-03-2022 05:20:01 
Duration Download Forstok 12.452985048294 Detik
Duration Looping 700 Data 167.88069915771 Detik 
Total Duration 167.88082003593 Detik 
------------------------- 
Tanggal: 23-03-2022 05:25:01 
Duration Download Forstok 18.653699874878 Detik
Duration Looping 700 Data 172.82802295685 Detik 
Total Duration 172.82814407349 Detik 
------------------------- 
Tanggal: 23-03-2022 05:30:01 
Duration Download Forstok 16.507380962372 Detik
Duration Looping 700 Data 180.28839993477 Detik 
Total Duration 180.28851795197 Detik 
------------------------- 
Tanggal: 23-03-2022 05:35:01 
Duration Download Forstok 25.190443992615 Detik
Duration Looping 700 Data 179.61537718773 Detik 
Total Duration 179.6154961586 Detik 
------------------------- 
Tanggal: 23-03-2022 05:40:01 
Duration Download Forstok 26.777431964874 Detik
Duration Looping 700 Data 189.83435988426 Detik 
Total Duration 189.83448290825 Detik 
------------------------- 
Tanggal: 23-03-2022 05:45:01 
Duration Download Forstok 18.235584020615 Detik
Duration Looping 700 Data 170.48861408234 Detik 
Total Duration 170.48873400688 Detik 
------------------------- 
Tanggal: 23-03-2022 05:50:01 
Duration Download Forstok 13.78292298317 Detik
Duration Looping 700 Data 173.87095594406 Detik 
Total Duration 173.87107205391 Detik 
------------------------- 
Tanggal: 23-03-2022 05:55:01 
Duration Download Forstok 12.69796705246 Detik
Duration Looping 700 Data 164.11565804482 Detik 
Total Duration 164.11577510834 Detik 
------------------------- 
Tanggal: 23-03-2022 06:00:01 
Duration Download Forstok 16.464009046555 Detik
Duration Looping 700 Data 173.86622190475 Detik 
Total Duration 173.86634087563 Detik 
------------------------- 
Tanggal: 23-03-2022 06:05:01 
Duration Download Forstok 25.960404872894 Detik
Duration Looping 700 Data 195.85992598534 Detik 
Total Duration 195.86004590988 Detik 
------------------------- 
Tanggal: 23-03-2022 06:10:01 
Duration Download Forstok 17.412573099136 Detik
Duration Looping 700 Data 177.92331290245 Detik 
Total Duration 177.92343497276 Detik 
------------------------- 
Tanggal: 23-03-2022 06:15:01 
Duration Download Forstok 27.306365966797 Detik
Duration Looping 700 Data 185.00919389725 Detik 
Total Duration 185.00935006142 Detik 
------------------------- 
Tanggal: 23-03-2022 06:20:01 
Duration Download Forstok 18.765554189682 Detik
Duration Looping 700 Data 176.49881410599 Detik 
Total Duration 176.49894213676 Detik 
------------------------- 
Tanggal: 23-03-2022 06:25:01 
Duration Download Forstok 14.158535003662 Detik
Duration Looping 700 Data 172.34660482407 Detik 
Total Duration 172.34671998024 Detik 
------------------------- 
Tanggal: 23-03-2022 06:30:01 
Duration Download Forstok 13.484447956085 Detik
Duration Looping 700 Data 172.75500392914 Detik 
Total Duration 172.75512599945 Detik 
------------------------- 
Tanggal: 23-03-2022 06:35:01 
Duration Download Forstok 20.056396007538 Detik
Duration Looping 700 Data 193.57887792587 Detik 
Total Duration 193.58083200455 Detik 
------------------------- 
Tanggal: 23-03-2022 06:40:01 
Duration Download Forstok 17.933436155319 Detik
Duration Looping 700 Data 171.84406304359 Detik 
Total Duration 171.84418106079 Detik 
------------------------- 
Tanggal: 23-03-2022 06:45:01 
Duration Download Forstok 21.781462192535 Detik
Duration Looping 700 Data 177.59603309631 Detik 
Total Duration 177.59615302086 Detik 
------------------------- 
Tanggal: 23-03-2022 06:50:01 
Duration Download Forstok 12.905086994171 Detik
Duration Looping 700 Data 172.74753093719 Detik 
Total Duration 172.7476580143 Detik 
------------------------- 
Tanggal: 23-03-2022 06:55:01 
Duration Download Forstok 18.523377895355 Detik
Duration Looping 700 Data 185.14590001106 Detik 
Total Duration 185.14602208138 Detik 
------------------------- 
Tanggal: 23-03-2022 07:00:01 
Duration Download Forstok 21.358893156052 Detik
Duration Looping 700 Data 181.59547519684 Detik 
Total Duration 181.59559416771 Detik 
------------------------- 
Tanggal: 23-03-2022 07:05:01 
Duration Download Forstok 23.727177143097 Detik
Duration Looping 700 Data 179.81399416924 Detik 
Total Duration 179.81410312653 Detik 
------------------------- 
Tanggal: 23-03-2022 07:10:01 
Duration Download Forstok 16.656173944473 Detik
Duration Looping 700 Data 173.03567194939 Detik 
Total Duration 173.03578996658 Detik 
------------------------- 
Tanggal: 23-03-2022 07:15:01 
Duration Download Forstok 16.899297952652 Detik
Duration Looping 700 Data 176.01888608932 Detik 
Total Duration 176.01900100708 Detik 
------------------------- 
Tanggal: 23-03-2022 07:20:01 
Duration Download Forstok 15.173593044281 Detik
Duration Looping 700 Data 167.79154610634 Detik 
Total Duration 167.79167103767 Detik 
------------------------- 
Tanggal: 23-03-2022 07:25:01 
Duration Download Forstok 15.229959964752 Detik
Duration Looping 700 Data 182.67943191528 Detik 
Total Duration 182.67954301834 Detik 
------------------------- 
Tanggal: 23-03-2022 07:30:01 
Duration Download Forstok 18.426055908203 Detik
Duration Looping 700 Data 182.59749293327 Detik 
Total Duration 182.59761595726 Detik 
------------------------- 
Tanggal: 23-03-2022 07:35:02 
Duration Download Forstok 23.69878077507 Detik
Duration Looping 700 Data 187.8162779808 Detik 
Total Duration 187.81639480591 Detik 
------------------------- 
Tanggal: 23-03-2022 07:40:01 
Duration Download Forstok 14.765346050262 Detik
Duration Looping 700 Data 166.80372595787 Detik 
Total Duration 166.80383992195 Detik 
------------------------- 
Tanggal: 23-03-2022 07:45:01 
Duration Download Forstok 21.948035955429 Detik
Duration Looping 700 Data 183.19980812073 Detik 
Total Duration 183.19993495941 Detik 
------------------------- 
Tanggal: 23-03-2022 07:50:01 
Duration Download Forstok 17.742934942245 Detik
Duration Looping 700 Data 172.99008798599 Detik 
Total Duration 172.9902100563 Detik 
------------------------- 
Tanggal: 23-03-2022 07:55:01 
Duration Download Forstok 16.74002790451 Detik
Duration Looping 700 Data 181.84034800529 Detik 
Total Duration 181.84046792984 Detik 
------------------------- 
Tanggal: 23-03-2022 08:00:01 
Duration Download Forstok 20.137331962585 Detik
Duration Looping 700 Data 188.4861240387 Detik 
Total Duration 188.48624110222 Detik 
------------------------- 
Tanggal: 23-03-2022 08:05:01 
Duration Download Forstok 23.743072986603 Detik
Duration Looping 700 Data 189.48053216934 Detik 
Total Duration 189.48065805435 Detik 
------------------------- 
Tanggal: 23-03-2022 08:10:01 
Duration Download Forstok 15.495543956757 Detik
Duration Looping 700 Data 182.75843501091 Detik 
Total Duration 182.75855088234 Detik 
------------------------- 
Tanggal: 23-03-2022 08:15:01 
Duration Download Forstok 17.806241989136 Detik
Duration Looping 700 Data 183.06434392929 Detik 
Total Duration 183.06446695328 Detik 
------------------------- 
Tanggal: 23-03-2022 08:20:01 
Duration Download Forstok 17.51659488678 Detik
Duration Looping 700 Data 182.06264185905 Detik 
Total Duration 182.06277394295 Detik 
------------------------- 
Tanggal: 23-03-2022 08:25:01 
Duration Download Forstok 17.072791099548 Detik
Duration Looping 700 Data 177.37963819504 Detik 
Total Duration 177.37976503372 Detik 
------------------------- 
Tanggal: 23-03-2022 08:30:01 
Duration Download Forstok 21.539011955261 Detik
Duration Looping 700 Data 188.2102971077 Detik 
Total Duration 188.21042108536 Detik 
------------------------- 
Tanggal: 23-03-2022 08:35:02 
Duration Download Forstok 20.921144008636 Detik
Duration Looping 700 Data 189.44620513916 Detik 
Total Duration 189.44633507729 Detik 
------------------------- 
Tanggal: 23-03-2022 08:40:01 
Duration Download Forstok 14.324572086334 Detik
Duration Looping 700 Data 192.16445708275 Detik 
Total Duration 192.16459107399 Detik 
------------------------- 
Tanggal: 23-03-2022 08:45:01 
Duration Download Forstok 21.857059001923 Detik
Duration Looping 700 Data 189.10697698593 Detik 
Total Duration 189.10710000992 Detik 
------------------------- 
Tanggal: 23-03-2022 08:50:01 
Duration Download Forstok 16.672246932983 Detik
Duration Looping 700 Data 187.48526000977 Detik 
Total Duration 187.48539400101 Detik 
------------------------- 
Tanggal: 23-03-2022 08:55:01 
Duration Download Forstok 14.93360209465 Detik
Duration Looping 700 Data 175.13133001328 Detik 
Total Duration 175.13144111633 Detik 
------------------------- 
Tanggal: 23-03-2022 09:00:01 
Duration Download Forstok 22.961610078812 Detik
Duration Looping 700 Data 185.32871198654 Detik 
Total Duration 185.32882404327 Detik 
------------------------- 
Tanggal: 23-03-2022 09:05:01 
Duration Download Forstok 28.288679122925 Detik
Duration Looping 700 Data 191.50684213638 Detik 
Total Duration 191.50695919991 Detik 
------------------------- 
Tanggal: 23-03-2022 09:10:01 
Duration Download Forstok 21.02091884613 Detik
Duration Looping 700 Data 187.42615294456 Detik 
Total Duration 187.42628788948 Detik 
------------------------- 
Tanggal: 23-03-2022 09:15:01 
Duration Download Forstok 29.14574098587 Detik
Duration Looping 700 Data 200.60986709595 Detik 
Total Duration 200.60998892784 Detik 
------------------------- 
Tanggal: 23-03-2022 09:20:01 
Duration Download Forstok 19.993062019348 Detik
Duration Looping 700 Data 188.3075067997 Detik 
Total Duration 188.30763292313 Detik 
------------------------- 
Tanggal: 23-03-2022 09:25:01 
Duration Download Forstok 12.530705928802 Detik
Duration Looping 700 Data 181.64159202576 Detik 
Total Duration 181.64170598984 Detik 
------------------------- 
Tanggal: 23-03-2022 09:30:01 
Duration Download Forstok 14.365926980972 Detik
Duration Looping 700 Data 185.18402791023 Detik 
Total Duration 185.1841378212 Detik 
------------------------- 
Tanggal: 23-03-2022 09:35:01 
Duration Download Forstok 17.470424175262 Detik
Duration Looping 700 Data 188.64779400826 Detik 
Total Duration 188.64792203903 Detik 
------------------------- 
Tanggal: 23-03-2022 09:40:01 
Duration Download Forstok 14.922300100327 Detik
Duration Looping 700 Data 184.0285050869 Detik 
Total Duration 184.02862000465 Detik 
------------------------- 
Tanggal: 23-03-2022 09:45:01 
Duration Download Forstok 18.2533390522 Detik
Duration Looping 700 Data 186.41457605362 Detik 
Total Duration 186.41469097137 Detik 
------------------------- 
Tanggal: 23-03-2022 09:50:01 
Duration Download Forstok 14.708482980728 Detik
Duration Looping 700 Data 181.96572184563 Detik 
Total Duration 181.96583986282 Detik 
------------------------- 
Tanggal: 23-03-2022 09:55:01 
Duration Download Forstok 13.531852960587 Detik
Duration Looping 700 Data 181.30602693558 Detik 
Total Duration 181.30613994598 Detik 
------------------------- 
Tanggal: 23-03-2022 10:00:01 
Duration Download Forstok 17.011778116226 Detik
Duration Looping 700 Data 193.4621450901 Detik 
Total Duration 193.46228599548 Detik 
------------------------- 
Tanggal: 23-03-2022 10:05:01 
Duration Download Forstok 34.686215877533 Detik
Duration Looping 700 Data 205.47595000267 Detik 
Total Duration 205.47608089447 Detik 
------------------------- 
Tanggal: 23-03-2022 10:10:01 
Duration Download Forstok 14.602777957916 Detik
Duration Looping 700 Data 187.47984004021 Detik 
Total Duration 187.47993803024 Detik 
------------------------- 
Tanggal: 23-03-2022 10:15:01 
Duration Download Forstok 15.028101921082 Detik
Duration Looping 700 Data 186.02550387383 Detik 
Total Duration 186.02562689781 Detik 
------------------------- 
Tanggal: 23-03-2022 10:20:01 
Duration Download Forstok 15.2788438797 Detik
Duration Looping 700 Data 183.11177802086 Detik 
Total Duration 183.11189889908 Detik 
------------------------- 
Tanggal: 23-03-2022 10:25:01 
Duration Download Forstok 13.875139951706 Detik
Duration Looping 700 Data 186.71594500542 Detik 
Total Duration 186.7160358429 Detik 
------------------------- 
Tanggal: 23-03-2022 10:30:01 
Duration Download Forstok 15.2310090065 Detik
Duration Looping 700 Data 184.51513695717 Detik 
Total Duration 184.51525902748 Detik 
------------------------- 
Tanggal: 23-03-2022 10:35:01 
Duration Download Forstok 17.280398845673 Detik
Duration Looping 700 Data 185.46710896492 Detik 
Total Duration 185.4672088623 Detik 
------------------------- 
Tanggal: 23-03-2022 10:40:01 
Duration Download Forstok 15.779664039612 Detik
Duration Looping 700 Data 182.64853405952 Detik 
Total Duration 182.64864802361 Detik 
------------------------- 
Tanggal: 23-03-2022 10:45:01 
Duration Download Forstok 19.078501939774 Detik
Duration Looping 700 Data 193.81659984589 Detik 
Total Duration 193.81671881676 Detik 
------------------------- 
Tanggal: 23-03-2022 10:50:01 
Duration Download Forstok 17.250674962997 Detik
Duration Looping 700 Data 184.26828598976 Detik 
Total Duration 184.26838111877 Detik 
------------------------- 
Tanggal: 23-03-2022 10:55:01 
Duration Download Forstok 16.414897918701 Detik
Duration Looping 700 Data 186.27044796944 Detik 
Total Duration 186.2705681324 Detik 
------------------------- 
Tanggal: 23-03-2022 11:00:01 
Duration Download Forstok 13.506331920624 Detik
Duration Looping 700 Data 184.56630587578 Detik 
Total Duration 184.56640982628 Detik 
------------------------- 
Tanggal: 23-03-2022 11:05:01 
Duration Download Forstok 45.264361143112 Detik
Duration Looping 700 Data 212.36788916588 Detik 
Total Duration 212.36800503731 Detik 
------------------------- 
Tanggal: 23-03-2022 11:10:01 
Duration Download Forstok 55.61564707756 Detik
Duration Looping 700 Data 228.27690410614 Detik 
Total Duration 228.27700805664 Detik 
------------------------- 
Tanggal: 23-03-2022 11:15:01 
Duration Download Forstok 20.924302816391 Detik
Duration Looping 700 Data 191.55029988289 Detik 
Total Duration 191.550385952 Detik 
------------------------- 
Tanggal: 23-03-2022 11:20:01 
Duration Download Forstok 14.152388811111 Detik
Duration Looping 700 Data 191.95904493332 Detik 
Total Duration 191.95916700363 Detik 
------------------------- 
Tanggal: 23-03-2022 11:25:01 
Duration Download Forstok 13.955478906631 Detik
Duration Looping 700 Data 180.89268302917 Detik 
Total Duration 180.89279699326 Detik 
------------------------- 
Tanggal: 23-03-2022 11:30:01 
Duration Download Forstok 16.689445018768 Detik
Duration Looping 700 Data 196.05097603798 Detik 
Total Duration 196.05110192299 Detik 
------------------------- 
Tanggal: 23-03-2022 11:35:01 
Duration Download Forstok 17.309730052948 Detik
Duration Looping 700 Data 193.01174116135 Detik 
Total Duration 193.01182699203 Detik 
------------------------- 
Tanggal: 23-03-2022 11:40:01 
Duration Download Forstok 14.424772977829 Detik
Duration Looping 700 Data 185.96980714798 Detik 
Total Duration 185.9699280262 Detik 
------------------------- 
Tanggal: 23-03-2022 11:45:01 
Duration Download Forstok 20.573410987854 Detik
Duration Looping 700 Data 194.97415399551 Detik 
Total Duration 194.97428297997 Detik 
------------------------- 
Tanggal: 23-03-2022 11:50:01 
Duration Download Forstok 13.137318134308 Detik
Duration Looping 700 Data 184.37304115295 Detik 
Total Duration 184.37316799164 Detik 
------------------------- 
Tanggal: 23-03-2022 11:55:01 
Duration Download Forstok 13.950878858566 Detik
Duration Looping 700 Data 187.51485896111 Detik 
Total Duration 187.51497578621 Detik 
------------------------- 
Tanggal: 23-03-2022 12:00:01 
Duration Download Forstok 16.94772195816 Detik
Duration Looping 700 Data 194.27635598183 Detik 
Total Duration 194.27647995949 Detik 
------------------------- 
Tanggal: 23-03-2022 12:05:01 
Duration Download Forstok 25.698432207108 Detik
Duration Looping 700 Data 188.37093400955 Detik 
Total Duration 188.37103319168 Detik 
------------------------- 
Tanggal: 23-03-2022 12:10:01 
Duration Download Forstok 21.295724868774 Detik
Duration Looping 700 Data 184.88148093224 Detik 
Total Duration 184.88160705566 Detik 
------------------------- 
Tanggal: 23-03-2022 12:15:01 
Duration Download Forstok 19.228151082993 Detik
Duration Looping 700 Data 179.52224898338 Detik 
Total Duration 179.5223710537 Detik 
------------------------- 
Tanggal: 23-03-2022 12:20:01 
Duration Download Forstok 13.77685379982 Detik
Duration Looping 700 Data 177.0275118351 Detik 
Total Duration 177.02763199806 Detik 
------------------------- 
Tanggal: 23-03-2022 12:25:01 
Duration Download Forstok 15.473884105682 Detik
Duration Looping 700 Data 182.06716895103 Detik 
Total Duration 182.06725406647 Detik 
------------------------- 
Tanggal: 23-03-2022 12:30:01 
Duration Download Forstok 24.576429843903 Detik
Duration Looping 700 Data 190.41962504387 Detik 
Total Duration 190.41974687576 Detik 
------------------------- 
Tanggal: 23-03-2022 12:35:01 
Duration Download Forstok 20.150533914566 Detik
Duration Looping 700 Data 180.24369192123 Detik 
Total Duration 180.24381399155 Detik 
------------------------- 
Tanggal: 23-03-2022 12:40:01 
Duration Download Forstok 20.287795066833 Detik
Duration Looping 700 Data 180.37964010239 Detik 
Total Duration 180.37976312637 Detik 
------------------------- 
Tanggal: 23-03-2022 12:45:01 
Duration Download Forstok 14.742587089539 Detik
Duration Looping 700 Data 182.29936599731 Detik 
Total Duration 182.29949498177 Detik 
------------------------- 
Tanggal: 23-03-2022 12:50:01 
Duration Download Forstok 21.083369970322 Detik
Duration Looping 700 Data 180.85680985451 Detik 
Total Duration 180.85692501068 Detik 
------------------------- 
Tanggal: 23-03-2022 12:55:01 
Duration Download Forstok 12.488562107086 Detik
Duration Looping 700 Data 176.75727415085 Detik 
Total Duration 176.75739502907 Detik 
------------------------- 
Tanggal: 23-03-2022 13:00:01 
Duration Download Forstok 14.406194925308 Detik
Duration Looping 700 Data 179.32643294334 Detik 
Total Duration 179.32660102844 Detik 
------------------------- 
Tanggal: 23-03-2022 13:05:01 
Duration Download Forstok 26.104317903519 Detik
Duration Looping 700 Data 195.65079498291 Detik 
Total Duration 195.65092301369 Detik 
------------------------- 
Tanggal: 23-03-2022 13:10:01 
Duration Download Forstok 19.302338838577 Detik
Duration Looping 700 Data 189.40469694138 Detik 
Total Duration 189.40483498573 Detik 
------------------------- 
Tanggal: 23-03-2022 13:15:01 
Duration Download Forstok 18.009335041046 Detik
Duration Looping 700 Data 188.292552948 Detik 
Total Duration 188.29267692566 Detik 
------------------------- 
Tanggal: 23-03-2022 13:20:01 
Duration Download Forstok 17.979041099548 Detik
Duration Looping 700 Data 189.81598806381 Detik 
Total Duration 189.81610488892 Detik 
------------------------- 
Tanggal: 23-03-2022 13:25:01 
Duration Download Forstok 15.48885011673 Detik
Duration Looping 700 Data 187.96934890747 Detik 
Total Duration 187.96949100494 Detik 
------------------------- 
Tanggal: 23-03-2022 13:30:01 
Duration Download Forstok 13.853086948395 Detik
Duration Looping 700 Data 184.06560206413 Detik 
Total Duration 184.06572294235 Detik 
------------------------- 
Tanggal: 23-03-2022 13:35:01 
Duration Download Forstok 23.728291034698 Detik
Duration Looping 700 Data 190.1533780098 Detik 
Total Duration 190.15352320671 Detik 
------------------------- 
Tanggal: 23-03-2022 13:40:01 
Duration Download Forstok 14.655971050262 Detik
Duration Looping 700 Data 189.82357382774 Detik 
Total Duration 189.82370090485 Detik 
------------------------- 
Tanggal: 23-03-2022 13:45:01 
Duration Download Forstok 14.750814914703 Detik
Duration Looping 700 Data 191.01863288879 Detik 
Total Duration 191.01875782013 Detik 
------------------------- 
Tanggal: 23-03-2022 13:50:01 
Duration Download Forstok 16.568088769913 Detik
Duration Looping 700 Data 190.01994299889 Detik 
Total Duration 190.02006697655 Detik 
------------------------- 
Tanggal: 23-03-2022 13:55:01 
Duration Download Forstok 14.331587076187 Detik
Duration Looping 700 Data 181.65415215492 Detik 
Total Duration 181.65425610542 Detik 
------------------------- 
Tanggal: 23-03-2022 14:00:01 
Duration Download Forstok 15.700729846954 Detik
Duration Looping 700 Data 191.75428390503 Detik 
Total Duration 191.75441098213 Detik 
------------------------- 
Tanggal: 23-03-2022 14:05:01 
Duration Download Forstok 20.843499898911 Detik
Duration Looping 700 Data 189.23766207695 Detik 
Total Duration 189.23776388168 Detik 
------------------------- 
Tanggal: 23-03-2022 14:10:01 
Duration Download Forstok 14.555275917053 Detik
Duration Looping 700 Data 189.37952399254 Detik 
Total Duration 189.37962985039 Detik 
------------------------- 
Tanggal: 23-03-2022 14:15:01 
Duration Download Forstok 15.95198392868 Detik
Duration Looping 700 Data 193.86793279648 Detik 
Total Duration 193.86803793907 Detik 
------------------------- 
Tanggal: 23-03-2022 14:20:01 
Duration Download Forstok 13.974505186081 Detik
Duration Looping 700 Data 191.37485003471 Detik 
Total Duration 191.37495517731 Detik 
------------------------- 
Tanggal: 23-03-2022 14:25:00 
Duration Download Forstok 12.133311986923 Detik
Duration Looping 700 Data 188.14972090721 Detik 
Total Duration 188.14983105659 Detik 
------------------------- 
Tanggal: 23-03-2022 14:30:01 
Duration Download Forstok 13.386266946793 Detik
Duration Looping 700 Data 185.5082321167 Detik 
Total Duration 185.50837111473 Detik 
------------------------- 
Tanggal: 23-03-2022 14:35:01 
Duration Download Forstok 16.407045841217 Detik
Duration Looping 700 Data 189.16125202179 Detik 
Total Duration 189.16136097908 Detik 
------------------------- 
Tanggal: 23-03-2022 14:40:02 
Duration Download Forstok 14.966506958008 Detik
Duration Looping 700 Data 185.17243099213 Detik 
Total Duration 185.17255210876 Detik 
------------------------- 
Tanggal: 23-03-2022 14:45:01 
Duration Download Forstok 17.434206008911 Detik
Duration Looping 700 Data 192.46954703331 Detik 
Total Duration 192.46966195107 Detik 
------------------------- 
Tanggal: 23-03-2022 14:50:01 
Duration Download Forstok 15.471855163574 Detik
Duration Looping 700 Data 186.5730919838 Detik 
Total Duration 186.57318019867 Detik 
------------------------- 
Tanggal: 23-03-2022 14:55:01 
Duration Download Forstok 14.798264980316 Detik
Duration Looping 700 Data 187.95470809937 Detik 
Total Duration 187.95482611656 Detik 
------------------------- 
Tanggal: 23-03-2022 15:00:01 
Duration Download Forstok 20.610857963562 Detik
Duration Looping 700 Data 193.12659406662 Detik 
Total Duration 193.12671208382 Detik 
------------------------- 
Tanggal: 23-03-2022 15:05:01 
Duration Download Forstok 30.449860095978 Detik
Duration Looping 700 Data 199.41442108154 Detik 
Total Duration 199.41453909874 Detik 
------------------------- 
Tanggal: 23-03-2022 15:10:01 
Duration Download Forstok 18.235128879547 Detik
Duration Looping 700 Data 186.06890702248 Detik 
Total Duration 186.06900691986 Detik 
------------------------- 
Tanggal: 23-03-2022 15:15:01 
Duration Download Forstok 17.303801059723 Detik
Duration Looping 700 Data 182.74311494827 Detik 
Total Duration 182.74321508408 Detik 
------------------------- 
Tanggal: 23-03-2022 15:20:01 
Duration Download Forstok 14.82775592804 Detik
Duration Looping 700 Data 193.30704092979 Detik 
Total Duration 193.3071539402 Detik 
------------------------- 
Tanggal: 23-03-2022 15:25:01 
Duration Download Forstok 12.747973918915 Detik
Duration Looping 700 Data 183.6700258255 Detik 
Total Duration 183.6701669693 Detik 
------------------------- 
Tanggal: 23-03-2022 15:30:01 
Duration Download Forstok 15.022689819336 Detik
Duration Looping 700 Data 181.08094096184 Detik 
Total Duration 181.08106398582 Detik 
------------------------- 
Tanggal: 23-03-2022 15:35:01 
Duration Download Forstok 21.066926956177 Detik
Duration Looping 700 Data 191.73695611954 Detik 
Total Duration 191.73710298538 Detik 
------------------------- 
Tanggal: 23-03-2022 15:40:01 
Duration Download Forstok 13.681406974792 Detik
Duration Looping 700 Data 181.35818099976 Detik 
Total Duration 181.35831093788 Detik 
------------------------- 
Tanggal: 23-03-2022 15:45:01 
Duration Download Forstok 22.178884029388 Detik
Duration Looping 700 Data 193.9635951519 Detik 
Total Duration 193.96371102333 Detik 
------------------------- 
Tanggal: 23-03-2022 15:50:01 
Duration Download Forstok 17.858716964722 Detik
Duration Looping 700 Data 190.29077911377 Detik 
Total Duration 190.29088997841 Detik 
------------------------- 
Tanggal: 23-03-2022 15:55:01 
Duration Download Forstok 15.980382204056 Detik
Duration Looping 700 Data 186.32882809639 Detik 
Total Duration 186.32895708084 Detik 
------------------------- 
Tanggal: 23-03-2022 16:00:01 
Duration Download Forstok 17.969977855682 Detik
Duration Looping 700 Data 184.8253839016 Detik 
Total Duration 184.82549381256 Detik 
------------------------- 
Tanggal: 23-03-2022 16:05:01 
Duration Download Forstok 15.764846086502 Detik
Duration Looping 700 Data 181.78255319595 Detik 
Total Duration 181.78267407417 Detik 
------------------------- 
Tanggal: 23-03-2022 16:10:01 
Duration Download Forstok 19.899713993073 Detik
Duration Looping 700 Data 187.03387403488 Detik 
Total Duration 187.03397297859 Detik 
------------------------- 
Tanggal: 23-03-2022 16:15:01 
Duration Download Forstok 15.636817932129 Detik
Duration Looping 700 Data 189.75365686417 Detik 
Total Duration 189.75376486778 Detik 
------------------------- 
Tanggal: 23-03-2022 16:20:01 
Duration Download Forstok 14.810956954956 Detik
Duration Looping 700 Data 184.05042600632 Detik 
Total Duration 184.05055403709 Detik 
------------------------- 
Tanggal: 23-03-2022 16:25:01 
Duration Download Forstok 14.501688957214 Detik
Duration Looping 700 Data 187.37019896507 Detik 
Total Duration 187.37034296989 Detik 
------------------------- 
Tanggal: 23-03-2022 16:30:01 
Duration Download Forstok 14.235265016556 Detik
Duration Looping 700 Data 185.67769289017 Detik 
Total Duration 185.67779493332 Detik 
------------------------- 
Tanggal: 23-03-2022 16:35:01 
Duration Download Forstok 17.390313863754 Detik
Duration Looping 700 Data 200.18138384819 Detik 
Total Duration 200.18151092529 Detik 
------------------------- 
Tanggal: 23-03-2022 16:40:01 
Duration Download Forstok 14.523880958557 Detik
Duration Looping 700 Data 185.0782828331 Detik 
Total Duration 185.0784099102 Detik 
------------------------- 
Tanggal: 23-03-2022 16:45:02 
Duration Download Forstok 15.013138055801 Detik
Duration Looping 700 Data 183.95179915428 Detik 
Total Duration 183.95191001892 Detik 
------------------------- 
Tanggal: 23-03-2022 16:50:01 
Duration Download Forstok 16.186997890472 Detik
Duration Looping 700 Data 217.50054192543 Detik 
Total Duration 217.50066685677 Detik 
------------------------- 
Tanggal: 23-03-2022 16:55:01 
Duration Download Forstok 15.122951030731 Detik
Duration Looping 700 Data 186.60675907135 Detik 
Total Duration 186.60687208176 Detik 
------------------------- 
Tanggal: 23-03-2022 17:00:01 
Duration Download Forstok 14.715656995773 Detik
Duration Looping 700 Data 183.78770017624 Detik 
Total Duration 183.78782510757 Detik 
------------------------- 
Tanggal: 23-03-2022 17:05:01 
Duration Download Forstok 29.439546108246 Detik
Duration Looping 700 Data 195.47186303139 Detik 
Total Duration 195.47198414803 Detik 
------------------------- 
Tanggal: 23-03-2022 17:10:01 
Duration Download Forstok 18.279409885406 Detik
Duration Looping 700 Data 181.79684782028 Detik 
Total Duration 181.79696679115 Detik 
------------------------- 
Tanggal: 23-03-2022 17:15:01 
Duration Download Forstok 16.750490188599 Detik
Duration Looping 700 Data 178.55535817146 Detik 
Total Duration 178.55548000336 Detik 
------------------------- 
Tanggal: 23-03-2022 17:20:01 
Duration Download Forstok 15.413188934326 Detik
Duration Looping 700 Data 180.61332201958 Detik 
Total Duration 180.61343789101 Detik 
------------------------- 
Tanggal: 23-03-2022 17:25:01 
Duration Download Forstok 13.695208072662 Detik
Duration Looping 700 Data 174.34024906158 Detik 
Total Duration 174.34037804604 Detik 
------------------------- 
Tanggal: 23-03-2022 17:30:01 
Duration Download Forstok 20.760124921799 Detik
Duration Looping 700 Data 187.34309601784 Detik 
Total Duration 187.34322094917 Detik 
------------------------- 
Tanggal: 23-03-2022 17:35:01 
Duration Download Forstok 24.508487939835 Detik
Duration Looping 700 Data 189.62655186653 Detik 
Total Duration 189.62666296959 Detik 
------------------------- 
Tanggal: 23-03-2022 17:40:01 
Duration Download Forstok 13.473973035812 Detik
Duration Looping 700 Data 177.86044406891 Detik 
Total Duration 177.86057400703 Detik 
------------------------- 
Tanggal: 23-03-2022 17:45:01 
Duration Download Forstok 18.811717987061 Detik
Duration Looping 700 Data 183.47496199608 Detik 
Total Duration 183.47508096695 Detik 
------------------------- 
Tanggal: 23-03-2022 17:50:01 
Duration Download Forstok 17.769207954407 Detik
Duration Looping 700 Data 179.09943294525 Detik 
Total Duration 179.09956097603 Detik 
------------------------- 
Tanggal: 23-03-2022 17:55:01 
Duration Download Forstok 13.585566043854 Detik
Duration Looping 700 Data 173.51865792274 Detik 
Total Duration 173.51877903938 Detik 
------------------------- 
Tanggal: 23-03-2022 18:00:01 
Duration Download Forstok 17.756767988205 Detik
Duration Looping 700 Data 187.90868616104 Detik 
Total Duration 187.9088101387 Detik 
------------------------- 
Tanggal: 23-03-2022 18:05:01 
Duration Download Forstok 20.289524078369 Detik
Duration Looping 700 Data 180.50091314316 Detik 
Total Duration 180.50103092194 Detik 
------------------------- 
Tanggal: 23-03-2022 18:10:01 
Duration Download Forstok 16.363405942917 Detik
Duration Looping 700 Data 180.41593503952 Detik 
Total Duration 180.41605401039 Detik 
------------------------- 
Tanggal: 23-03-2022 18:15:01 
Duration Download Forstok 32.332492113113 Detik
Duration Looping 700 Data 192.12165999413 Detik 
Total Duration 192.121778965 Detik 
------------------------- 
Tanggal: 23-03-2022 18:20:01 
Duration Download Forstok 14.630810976028 Detik
Duration Looping 700 Data 173.59155201912 Detik 
Total Duration 173.5916659832 Detik 
------------------------- 
Tanggal: 23-03-2022 18:25:01 
Duration Download Forstok 14.69597196579 Detik
Duration Looping 700 Data 178.31786108017 Detik 
Total Duration 178.31798601151 Detik 
------------------------- 
Tanggal: 23-03-2022 18:30:01 
Duration Download Forstok 19.749084949493 Detik
Duration Looping 700 Data 191.73949289322 Detik 
Total Duration 191.7396569252 Detik 
------------------------- 
Tanggal: 23-03-2022 18:35:01 
Duration Download Forstok 14.558174133301 Detik
Duration Looping 700 Data 179.25454902649 Detik 
Total Duration 179.25466394424 Detik 
------------------------- 
Tanggal: 23-03-2022 18:40:01 
Duration Download Forstok 20.861251831055 Detik
Duration Looping 700 Data 179.57289481163 Detik 
Total Duration 179.57302093506 Detik 
------------------------- 
Tanggal: 23-03-2022 18:45:01 
Duration Download Forstok 15.351292848587 Detik
Duration Looping 700 Data 175.77246594429 Detik 
Total Duration 175.77258086205 Detik 
------------------------- 
Tanggal: 23-03-2022 18:50:01 
Duration Download Forstok 16.508316993713 Detik
Duration Looping 700 Data 171.81108093262 Detik 
Total Duration 171.81119799614 Detik 
------------------------- 
Tanggal: 23-03-2022 18:55:01 
Duration Download Forstok 14.64848613739 Detik
Duration Looping 700 Data 179.10183310509 Detik 
Total Duration 179.10196304321 Detik 
------------------------- 
Tanggal: 23-03-2022 19:00:01 
Duration Download Forstok 14.282981157303 Detik
Duration Looping 700 Data 172.30481219292 Detik 
Total Duration 172.30492997169 Detik 
------------------------- 
Tanggal: 23-03-2022 19:05:01 
Duration Download Forstok 23.744728803635 Detik
Duration Looping 700 Data 186.97603487968 Detik 
Total Duration 186.97612500191 Detik 
------------------------- 
Tanggal: 23-03-2022 19:10:01 
Duration Download Forstok 14.041949033737 Detik
Duration Looping 700 Data 171.73018312454 Detik 
Total Duration 171.7303071022 Detik 
------------------------- 
Tanggal: 23-03-2022 19:15:01 
Duration Download Forstok 15.901839971542 Detik
Duration Looping 700 Data 168.67520499229 Detik 
Total Duration 168.67533779144 Detik 
------------------------- 
Tanggal: 23-03-2022 19:20:01 
Duration Download Forstok 19.053704023361 Detik
Duration Looping 700 Data 175.60201406479 Detik 
Total Duration 175.60214304924 Detik 
------------------------- 
Tanggal: 23-03-2022 19:25:01 
Duration Download Forstok 13.257316112518 Detik
Duration Looping 700 Data 165.49258112907 Detik 
Total Duration 165.49269795418 Detik 
------------------------- 
Tanggal: 23-03-2022 19:30:01 
Duration Download Forstok 16.236788034439 Detik
Duration Looping 700 Data 179.16414093971 Detik 
Total Duration 179.16426301003 Detik 
------------------------- 
Tanggal: 23-03-2022 19:35:01 
Duration Download Forstok 15.60351395607 Detik
Duration Looping 700 Data 175.33433485031 Detik 
Total Duration 175.33442902565 Detik 
------------------------- 
Tanggal: 23-03-2022 19:40:01 
Duration Download Forstok 13.999775886536 Detik
Duration Looping 700 Data 181.56196904182 Detik 
Total Duration 181.56208491325 Detik 
------------------------- 
Tanggal: 23-03-2022 19:45:01 
Duration Download Forstok 17.451995134354 Detik
Duration Looping 700 Data 178.32960796356 Detik 
Total Duration 178.32973504066 Detik 
------------------------- 
Tanggal: 23-03-2022 19:50:01 
Duration Download Forstok 24.820931911469 Detik
Duration Looping 700 Data 189.35996890068 Detik 
Total Duration 189.36008095741 Detik 
------------------------- 
Tanggal: 23-03-2022 19:55:01 
Duration Download Forstok 12.810211896896 Detik
Duration Looping 700 Data 174.72533988953 Detik 
Total Duration 174.72545909882 Detik 
------------------------- 
Tanggal: 23-03-2022 20:00:01 
Duration Download Forstok 17.634039878845 Detik
Duration Looping 700 Data 179.67709708214 Detik 
Total Duration 179.67722797394 Detik 
------------------------- 
Tanggal: 23-03-2022 20:05:01 
Duration Download Forstok 25.859294891357 Detik
Duration Looping 700 Data 180.44306588173 Detik 
Total Duration 180.44318389893 Detik 
------------------------- 
Tanggal: 23-03-2022 20:10:01 
Duration Download Forstok 13.882984876633 Detik
Duration Looping 700 Data 172.61616706848 Detik 
Total Duration 172.61628484726 Detik 
------------------------- 
Tanggal: 23-03-2022 20:15:01 
Duration Download Forstok 14.885352134705 Detik
Duration Looping 700 Data 187.10136198997 Detik 
Total Duration 187.1015651226 Detik 
------------------------- 
Tanggal: 23-03-2022 20:20:01 
Duration Download Forstok 16.611435890198 Detik
Duration Looping 700 Data 176.67123389244 Detik 
Total Duration 176.67135596275 Detik 
------------------------- 
Tanggal: 23-03-2022 20:25:01 
Duration Download Forstok 17.018222808838 Detik
Duration Looping 700 Data 174.15066981316 Detik 
Total Duration 174.15079498291 Detik 
------------------------- 
Tanggal: 23-03-2022 20:30:01 
Duration Download Forstok 17.719910144806 Detik
Duration Looping 700 Data 178.02970719337 Detik 
Total Duration 178.02983403206 Detik 
------------------------- 
Tanggal: 23-03-2022 20:35:01 
Duration Download Forstok 17.319063186646 Detik
Duration Looping 700 Data 177.97853708267 Detik 
Total Duration 177.97868204117 Detik 
------------------------- 
Tanggal: 23-03-2022 20:40:01 
Duration Download Forstok 15.513167142868 Detik
Duration Looping 700 Data 177.97818517685 Detik 
Total Duration 177.97827601433 Detik 
------------------------- 
Tanggal: 23-03-2022 20:45:01 
Duration Download Forstok 17.297623157501 Detik
Duration Looping 700 Data 182.09730410576 Detik 
Total Duration 182.09741902351 Detik 
------------------------- 
Tanggal: 23-03-2022 20:50:01 
Duration Download Forstok 16.219237089157 Detik
Duration Looping 700 Data 176.87662386894 Detik 
Total Duration 176.8767490387 Detik 
------------------------- 
Tanggal: 23-03-2022 20:55:01 
Duration Download Forstok 16.812824964523 Detik
Duration Looping 700 Data 176.81252408028 Detik 
Total Duration 176.81264400482 Detik 
------------------------- 
Tanggal: 23-03-2022 21:00:01 
Duration Download Forstok 15.855917930603 Detik
Duration Looping 700 Data 174.25003004074 Detik 
Total Duration 174.25015497208 Detik 
------------------------- 
Tanggal: 23-03-2022 21:05:01 
Duration Download Forstok 20.522262096405 Detik
Duration Looping 700 Data 175.08664417267 Detik 
Total Duration 175.08676815033 Detik 
------------------------- 
Tanggal: 23-03-2022 21:10:01 
Duration Download Forstok 16.927377939224 Detik
Duration Looping 700 Data 194.27182102203 Detik 
Total Duration 194.27196788788 Detik 
------------------------- 
Tanggal: 23-03-2022 21:15:01 
Duration Download Forstok 23.906597137451 Detik
Duration Looping 700 Data 191.23220396042 Detik 
Total Duration 191.23231911659 Detik 
------------------------- 
Tanggal: 23-03-2022 21:20:01 
Duration Download Forstok 14.363302946091 Detik
Duration Looping 700 Data 171.57031798363 Detik 
Total Duration 171.57043504715 Detik 
------------------------- 
Tanggal: 23-03-2022 21:25:01 
Duration Download Forstok 12.796530008316 Detik
Duration Looping 700 Data 171.29262900352 Detik 
Total Duration 171.29276490211 Detik 
------------------------- 
Tanggal: 23-03-2022 21:30:01 
Duration Download Forstok 15.441987037659 Detik
Duration Looping 700 Data 181.94186401367 Detik 
Total Duration 181.94198107719 Detik 
------------------------- 
Tanggal: 23-03-2022 21:35:01 
Duration Download Forstok 24.834956884384 Detik
Duration Looping 700 Data 188.42119884491 Detik 
Total Duration 188.42131876945 Detik 
------------------------- 
Tanggal: 23-03-2022 21:40:01 
Duration Download Forstok 14.949518203735 Detik
Duration Looping 700 Data 175.37817001343 Detik 
Total Duration 175.37828207016 Detik 
------------------------- 
Tanggal: 23-03-2022 21:45:01 
Duration Download Forstok 18.027965068817 Detik
Duration Looping 700 Data 174.97927999496 Detik 
Total Duration 174.97940301895 Detik 
------------------------- 
Tanggal: 23-03-2022 21:50:01 
Duration Download Forstok 17.877483129501 Detik
Duration Looping 700 Data 179.1582710743 Detik 
Total Duration 179.15836811066 Detik 
------------------------- 
Tanggal: 23-03-2022 21:55:01 
Duration Download Forstok 21.652477025986 Detik
Duration Looping 700 Data 193.57095909119 Detik 
Total Duration 193.57107496262 Detik 
------------------------- 
Tanggal: 23-03-2022 22:00:01 
Duration Download Forstok 14.682003974915 Detik
Duration Looping 700 Data 186.2122399807 Detik 
Total Duration 186.21235585213 Detik 
------------------------- 
Tanggal: 23-03-2022 22:05:01 
Duration Download Forstok 28.71583199501 Detik
Duration Looping 700 Data 198.64230513573 Detik 
Total Duration 198.64247202873 Detik 
------------------------- 
Tanggal: 23-03-2022 22:10:01 
Duration Download Forstok 16.667020082474 Detik
Duration Looping 700 Data 175.28416013718 Detik 
Total Duration 175.28428006172 Detik 
------------------------- 
Tanggal: 23-03-2022 22:15:01 
Duration Download Forstok 18.301181077957 Detik
Duration Looping 700 Data 182.53022098541 Detik 
Total Duration 182.53033494949 Detik 
------------------------- 
Tanggal: 23-03-2022 22:20:01 
Duration Download Forstok 14.810803890228 Detik
Duration Looping 700 Data 174.05445504189 Detik 
Total Duration 174.05457401276 Detik 
------------------------- 
Tanggal: 23-03-2022 22:25:01 
Duration Download Forstok 13.668094158173 Detik
Duration Looping 700 Data 175.12979316711 Detik 
Total Duration 175.12990808487 Detik 
------------------------- 
Tanggal: 23-03-2022 22:30:01 
Duration Download Forstok 15.375454902649 Detik
Duration Looping 700 Data 172.08059501648 Detik 
Total Duration 172.08071494102 Detik 
------------------------- 
Tanggal: 23-03-2022 22:35:01 
Duration Download Forstok 20.462340116501 Detik
Duration Looping 700 Data 179.6064209938 Detik 
Total Duration 179.60654807091 Detik 
------------------------- 
Tanggal: 23-03-2022 22:40:01 
Duration Download Forstok 14.892877101898 Detik
Duration Looping 700 Data 177.7420270443 Detik 
Total Duration 177.74214696884 Detik 
------------------------- 
Tanggal: 23-03-2022 22:45:01 
Duration Download Forstok 19.662482023239 Detik
Duration Looping 700 Data 180.71197414398 Detik 
Total Duration 180.71209812164 Detik 
------------------------- 
Tanggal: 23-03-2022 22:50:01 
Duration Download Forstok 14.585724830627 Detik
Duration Looping 700 Data 173.33828496933 Detik 
Total Duration 173.33840489388 Detik 
------------------------- 
Tanggal: 23-03-2022 22:55:01 
Duration Download Forstok 14.544582128525 Detik
Duration Looping 700 Data 181.33932304382 Detik 
Total Duration 181.33944511414 Detik 
------------------------- 
Tanggal: 23-03-2022 23:00:01 
Duration Download Forstok 15.626304149628 Detik
Duration Looping 700 Data 178.58991599083 Detik 
Total Duration 178.59003305435 Detik 
------------------------- 
Tanggal: 23-03-2022 23:05:01 
Duration Download Forstok 26.135030984879 Detik
Duration Looping 700 Data 190.39348912239 Detik 
Total Duration 190.39360809326 Detik 
------------------------- 
Tanggal: 23-03-2022 23:10:01 
Duration Download Forstok 15.461277961731 Detik
Duration Looping 700 Data 176.21045303345 Detik 
Total Duration 176.21056294441 Detik 
------------------------- 
Tanggal: 23-03-2022 23:15:01 
Duration Download Forstok 16.643857002258 Detik
Duration Looping 700 Data 176.5758960247 Detik 
Total Duration 176.57601118088 Detik 
------------------------- 
Tanggal: 23-03-2022 23:20:01 
Duration Download Forstok 16.101466178894 Detik
Duration Looping 700 Data 176.140884161 Detik 
Total Duration 176.14100503922 Detik 
------------------------- 
Tanggal: 23-03-2022 23:25:01 
Duration Download Forstok 11.544492959976 Detik
Duration Looping 700 Data 165.37291193008 Detik 
Total Duration 165.37302899361 Detik 
------------------------- 
Tanggal: 23-03-2022 23:30:01 
Duration Download Forstok 17.868921041489 Detik
Duration Looping 700 Data 175.36537313461 Detik 
Total Duration 175.36548900604 Detik 
------------------------- 
Tanggal: 23-03-2022 23:35:01 
Duration Download Forstok 15.451857089996 Detik
Duration Looping 700 Data 175.08014202118 Detik 
Total Duration 175.08026504517 Detik 
------------------------- 
Tanggal: 23-03-2022 23:40:01 
Duration Download Forstok 14.131386041641 Detik
Duration Looping 700 Data 171.73248314857 Detik 
Total Duration 171.7326002121 Detik 
------------------------- 
Tanggal: 23-03-2022 23:45:01 
Duration Download Forstok 17.367446899414 Detik
Duration Looping 700 Data 175.11120510101 Detik 
Total Duration 175.11132788658 Detik 
------------------------- 
Tanggal: 23-03-2022 23:50:01 
Duration Download Forstok 14.932139873505 Detik
Duration Looping 700 Data 175.29093289375 Detik 
Total Duration 175.29105687141 Detik 
------------------------- 
Tanggal: 23-03-2022 23:55:01 
Duration Download Forstok 14.6633040905 Detik
Duration Looping 700 Data 180.29899287224 Detik 
Total Duration 180.29911398888 Detik 
------------------------- 
