Tanggal: 12-03-2022 00:00:01 
Duration Download Forstok 19.126646995544 Detik
Duration Looping 700 Data 578.16969609261 Detik 
Total Duration 578.17058300972 Detik 
------------------------- 
Tanggal: 12-03-2022 00:10:01 
Duration Download Forstok 13.156042098999 Detik
Duration Looping 700 Data 174.6936340332 Detik 
Total Duration 174.69375014305 Detik 
------------------------- 
Tanggal: 12-03-2022 00:15:01 
Duration Download Forstok 16.537156105042 Detik
Duration Looping 700 Data 184.37526607513 Detik 
Total Duration 184.37549901009 Detik 
------------------------- 
Tanggal: 12-03-2022 00:20:01 
Duration Download Forstok 16.257569074631 Detik
Duration Looping 700 Data 169.53289198875 Detik 
Total Duration 169.53301501274 Detik 
------------------------- 
Tanggal: 12-03-2022 00:25:01 
Duration Download Forstok 17.786515951157 Detik
Duration Looping 700 Data 180.51867485046 Detik 
Total Duration 180.51880097389 Detik 
------------------------- 
Tanggal: 12-03-2022 00:30:01 
Duration Download Forstok 17.560007095337 Detik
Duration Looping 700 Data 177.87102293968 Detik 
Total Duration 177.87114691734 Detik 
------------------------- 
Tanggal: 12-03-2022 00:35:01 
Duration Download Forstok 13.49137711525 Detik
Duration Looping 700 Data 186.47689414024 Detik 
Total Duration 186.47700810432 Detik 
------------------------- 
Tanggal: 12-03-2022 00:40:01 
Duration Download Forstok 24.739459991455 Detik
Duration Looping 700 Data 178.44143795967 Detik 
Total Duration 178.44152998924 Detik 
------------------------- 
Tanggal: 12-03-2022 00:45:01 
Duration Download Forstok 18.24995803833 Detik
Duration Looping 700 Data 175.81448912621 Detik 
Total Duration 175.81460404396 Detik 
------------------------- 
Tanggal: 12-03-2022 00:50:01 
Duration Download Forstok 14.093513011932 Detik
Duration Looping 700 Data 176.41856098175 Detik 
Total Duration 176.41867303848 Detik 
------------------------- 
Tanggal: 12-03-2022 00:55:01 
Duration Download Forstok 12.620788812637 Detik
Duration Looping 700 Data 173.11202096939 Detik 
Total Duration 173.11213588715 Detik 
------------------------- 
Tanggal: 12-03-2022 01:00:01 
Duration Download Forstok 13.453505039215 Detik
Duration Looping 700 Data 175.38931393623 Detik 
Total Duration 175.39276504517 Detik 
------------------------- 
Tanggal: 12-03-2022 01:05:01 
Duration Download Forstok 33.272831916809 Detik
Duration Looping 700 Data 185.6592669487 Detik 
Total Duration 185.65939283371 Detik 
------------------------- 
Tanggal: 12-03-2022 01:10:01 
Duration Download Forstok 13.676487922668 Detik
Duration Looping 700 Data 208.00144577026 Detik 
Total Duration 208.00155878067 Detik 
------------------------- 
Tanggal: 12-03-2022 01:15:01 
Duration Download Forstok 18.220515012741 Detik
Duration Looping 700 Data 176.46405386925 Detik 
Total Duration 176.46416807175 Detik 
------------------------- 
Tanggal: 12-03-2022 01:20:01 
Duration Download Forstok 16.971505880356 Detik
Duration Looping 700 Data 172.35602593422 Detik 
Total Duration 172.35614585876 Detik 
------------------------- 
Tanggal: 12-03-2022 01:25:01 
Duration Download Forstok 12.08100104332 Detik
Duration Looping 700 Data 178.22589206696 Detik 
Total Duration 178.22600603104 Detik 
------------------------- 
Tanggal: 12-03-2022 01:30:01 
Duration Download Forstok 15.169461011887 Detik
Duration Looping 700 Data 167.8717880249 Detik 
Total Duration 167.87189602852 Detik 
------------------------- 
Tanggal: 12-03-2022 01:35:01 
Duration Download Forstok 12.275786161423 Detik
Duration Looping 700 Data 167.01044917107 Detik 
Total Duration 167.01056718826 Detik 
------------------------- 
Tanggal: 12-03-2022 01:40:01 
Duration Download Forstok 19.170883893967 Detik
Duration Looping 700 Data 184.86087799072 Detik 
Total Duration 184.86100196838 Detik 
------------------------- 
Tanggal: 12-03-2022 01:45:01 
Duration Download Forstok 18.991495132446 Detik
Duration Looping 700 Data 181.39526414871 Detik 
Total Duration 181.39538192749 Detik 
------------------------- 
Tanggal: 12-03-2022 01:50:01 
Duration Download Forstok 11.09031701088 Detik
Duration Looping 700 Data 178.76172304153 Detik 
Total Duration 178.76184105873 Detik 
------------------------- 
Tanggal: 12-03-2022 01:55:01 
Duration Download Forstok 12.920118808746 Detik
Duration Looping 700 Data 182.28229880333 Detik 
Total Duration 182.28241682053 Detik 
------------------------- 
Tanggal: 12-03-2022 02:00:01 
Duration Download Forstok 19.876155853271 Detik
Duration Looping 700 Data 180.49770092964 Detik 
Total Duration 180.49782204628 Detik 
------------------------- 
Tanggal: 12-03-2022 02:05:01 
Duration Download Forstok 18.076955795288 Detik
Duration Looping 700 Data 176.57445979118 Detik 
Total Duration 176.57457685471 Detik 
------------------------- 
Tanggal: 12-03-2022 02:10:01 
Duration Download Forstok 14.921643018723 Detik
Duration Looping 700 Data 166.18934488297 Detik 
Total Duration 166.18946003914 Detik 
------------------------- 
Tanggal: 12-03-2022 02:15:01 
Duration Download Forstok 15.391705036163 Detik
Duration Looping 700 Data 176.92109918594 Detik 
Total Duration 176.92121911049 Detik 
------------------------- 
Tanggal: 12-03-2022 02:20:01 
Duration Download Forstok 14.903526067734 Detik
Duration Looping 700 Data 167.2988049984 Detik 
Total Duration 167.29892206192 Detik 
------------------------- 
Tanggal: 12-03-2022 02:25:01 
Duration Download Forstok 20.940743923187 Detik
Duration Looping 700 Data 182.84365797043 Detik 
Total Duration 182.84377002716 Detik 
------------------------- 
Tanggal: 12-03-2022 02:30:01 
Duration Download Forstok 15.694388151169 Detik
Duration Looping 700 Data 172.70798516273 Detik 
Total Duration 172.70810699463 Detik 
------------------------- 
Tanggal: 12-03-2022 02:35:01 
Duration Download Forstok 14.645244121552 Detik
Duration Looping 700 Data 170.97637009621 Detik 
Total Duration 170.97650098801 Detik 
------------------------- 
Tanggal: 12-03-2022 02:40:01 
Duration Download Forstok 12.089962005615 Detik
Duration Looping 700 Data 164.99995803833 Detik 
Total Duration 165.0000770092 Detik 
------------------------- 
Tanggal: 12-03-2022 02:45:01 
Duration Download Forstok 21.418443202972 Detik
Duration Looping 700 Data 181.70311307907 Detik 
Total Duration 181.70322203636 Detik 
------------------------- 
Tanggal: 12-03-2022 02:50:01 
Duration Download Forstok 16.492100000381 Detik
Duration Looping 700 Data 182.44265794754 Detik 
Total Duration 182.44277596474 Detik 
------------------------- 
Tanggal: 12-03-2022 02:55:01 
Duration Download Forstok 12.72067284584 Detik
Duration Looping 700 Data 165.71543884277 Detik 
Total Duration 165.71556091309 Detik 
------------------------- 
Tanggal: 12-03-2022 03:00:01 
Duration Download Forstok 14.292586088181 Detik
Duration Looping 700 Data 165.87393593788 Detik 
Total Duration 165.87404799461 Detik 
------------------------- 
Tanggal: 12-03-2022 03:05:02 
Duration Download Forstok 18.472305059433 Detik
Duration Looping 700 Data 172.12116003036 Detik 
Total Duration 172.12127709389 Detik 
------------------------- 
Tanggal: 12-03-2022 03:10:01 
Duration Download Forstok 14.028126001358 Detik
Duration Looping 700 Data 179.1116309166 Detik 
Total Duration 179.11174488068 Detik 
------------------------- 
Tanggal: 12-03-2022 03:15:01 
Duration Download Forstok 16.866548776627 Detik
Duration Looping 700 Data 173.6745839119 Detik 
Total Duration 173.67470693588 Detik 
------------------------- 
Tanggal: 12-03-2022 03:20:01 
Duration Download Forstok 16.300374031067 Detik
Duration Looping 700 Data 174.54529809952 Detik 
Total Duration 174.54541707039 Detik 
------------------------- 
Tanggal: 12-03-2022 03:25:01 
Duration Download Forstok 18.041382789612 Detik
Duration Looping 700 Data 187.03361797333 Detik 
Total Duration 187.03372693062 Detik 
------------------------- 
Tanggal: 12-03-2022 03:30:01 
Duration Download Forstok 10.762820959091 Detik
Duration Looping 700 Data 167.95729613304 Detik 
Total Duration 167.95744109154 Detik 
------------------------- 
Tanggal: 12-03-2022 03:35:01 
Duration Download Forstok 13.530315876007 Detik
Duration Looping 700 Data 176.19944000244 Detik 
Total Duration 176.19955396652 Detik 
------------------------- 
Tanggal: 12-03-2022 03:40:01 
Duration Download Forstok 12.570146083832 Detik
Duration Looping 700 Data 171.06305098534 Detik 
Total Duration 171.06316304207 Detik 
------------------------- 
Tanggal: 12-03-2022 03:45:01 
Duration Download Forstok 16.167907953262 Detik
Duration Looping 700 Data 167.82279396057 Detik 
Total Duration 167.82290482521 Detik 
------------------------- 
Tanggal: 12-03-2022 03:50:01 
Duration Download Forstok 12.56023812294 Detik
Duration Looping 700 Data 165.29507803917 Detik 
Total Duration 165.29518818855 Detik 
------------------------- 
Tanggal: 12-03-2022 03:55:01 
Duration Download Forstok 23.281616926193 Detik
Duration Looping 700 Data 177.08946204185 Detik 
Total Duration 177.08957910538 Detik 
------------------------- 
Tanggal: 12-03-2022 04:00:01 
Duration Download Forstok 19.14501786232 Detik
Duration Looping 700 Data 177.05212187767 Detik 
Total Duration 177.05223798752 Detik 
------------------------- 
Tanggal: 12-03-2022 04:05:01 
Duration Download Forstok 22.094678878784 Detik
Duration Looping 700 Data 176.7333419323 Detik 
Total Duration 176.73344898224 Detik 
------------------------- 
Tanggal: 12-03-2022 04:10:01 
Duration Download Forstok 17.636904001236 Detik
Duration Looping 700 Data 171.3032848835 Detik 
Total Duration 171.30340194702 Detik 
------------------------- 
Tanggal: 12-03-2022 04:15:01 
Duration Download Forstok 19.815952062607 Detik
Duration Looping 700 Data 182.37664794922 Detik 
Total Duration 182.37676501274 Detik 
------------------------- 
Tanggal: 12-03-2022 04:20:01 
Duration Download Forstok 11.269633054733 Detik
Duration Looping 700 Data 166.3141450882 Detik 
Total Duration 166.31426215172 Detik 
------------------------- 
Tanggal: 12-03-2022 04:25:01 
Duration Download Forstok 13.321192026138 Detik
Duration Looping 700 Data 174.68862485886 Detik 
Total Duration 174.6887319088 Detik 
------------------------- 
Tanggal: 12-03-2022 04:30:01 
Duration Download Forstok 11.734601020813 Detik
Duration Looping 700 Data 169.44449710846 Detik 
Total Duration 169.44461297989 Detik 
------------------------- 
Tanggal: 12-03-2022 04:35:01 
Duration Download Forstok 14.567893028259 Detik
Duration Looping 700 Data 165.26513910294 Detik 
Total Duration 165.26530122757 Detik 
------------------------- 
Tanggal: 12-03-2022 04:40:01 
Duration Download Forstok 13.587862014771 Detik
Duration Looping 700 Data 167.95224714279 Detik 
Total Duration 167.9523639679 Detik 
------------------------- 
Tanggal: 12-03-2022 04:45:01 
Duration Download Forstok 18.348516941071 Detik
Duration Looping 700 Data 186.35159182549 Detik 
Total Duration 186.35170888901 Detik 
------------------------- 
Tanggal: 12-03-2022 04:50:02 
Duration Download Forstok 19.184109210968 Detik
Duration Looping 700 Data 173.92713499069 Detik 
Total Duration 173.9272480011 Detik 
------------------------- 
Tanggal: 12-03-2022 04:55:01 
Duration Download Forstok 15.285104036331 Detik
Duration Looping 700 Data 165.63546609879 Detik 
Total Duration 165.63558006287 Detik 
------------------------- 
Tanggal: 12-03-2022 05:00:01 
Duration Download Forstok 15.90329003334 Detik
Duration Looping 700 Data 167.16008520126 Detik 
Total Duration 167.16020607948 Detik 
------------------------- 
Tanggal: 12-03-2022 05:05:01 
Duration Download Forstok 20.863439083099 Detik
Duration Looping 700 Data 177.97759413719 Detik 
Total Duration 177.97772407532 Detik 
------------------------- 
Tanggal: 12-03-2022 05:10:01 
Duration Download Forstok 12.513517856598 Detik
Duration Looping 700 Data 163.65218091011 Detik 
Total Duration 163.65229797363 Detik 
------------------------- 
Tanggal: 12-03-2022 05:15:01 
Duration Download Forstok 17.17019701004 Detik
Duration Looping 700 Data 168.49801492691 Detik 
Total Duration 168.49813199043 Detik 
------------------------- 
Tanggal: 12-03-2022 05:20:01 
Duration Download Forstok 13.460107088089 Detik
Duration Looping 700 Data 184.1164791584 Detik 
Total Duration 184.11659407616 Detik 
------------------------- 
Tanggal: 12-03-2022 05:25:01 
Duration Download Forstok 13.954603910446 Detik
Duration Looping 700 Data 164.15170502663 Detik 
Total Duration 164.1518239975 Detik 
------------------------- 
Tanggal: 12-03-2022 05:30:01 
Duration Download Forstok 13.538169145584 Detik
Duration Looping 700 Data 173.37817001343 Detik 
Total Duration 173.37831902504 Detik 
------------------------- 
Tanggal: 12-03-2022 05:35:01 
Duration Download Forstok 15.101113080978 Detik
Duration Looping 700 Data 170.71421718597 Detik 
Total Duration 170.71433806419 Detik 
------------------------- 
Tanggal: 12-03-2022 05:40:01 
Duration Download Forstok 13.817102909088 Detik
Duration Looping 700 Data 173.30291104317 Detik 
Total Duration 173.30302596092 Detik 
------------------------- 
Tanggal: 12-03-2022 05:45:01 
Duration Download Forstok 17.198575019836 Detik
Duration Looping 700 Data 173.4203851223 Detik 
Total Duration 173.42050004005 Detik 
------------------------- 
Tanggal: 12-03-2022 05:50:01 
Duration Download Forstok 16.462150096893 Detik
Duration Looping 700 Data 182.08915495872 Detik 
Total Duration 182.08928012848 Detik 
------------------------- 
Tanggal: 12-03-2022 05:55:01 
Duration Download Forstok 14.210808038712 Detik
Duration Looping 700 Data 168.97010111809 Detik 
Total Duration 168.97023701668 Detik 
------------------------- 
Tanggal: 12-03-2022 06:00:01 
Duration Download Forstok 15.22861790657 Detik
Duration Looping 700 Data 166.41723299026 Detik 
Total Duration 166.41735482216 Detik 
------------------------- 
Tanggal: 12-03-2022 06:05:01 
Duration Download Forstok 27.639686107635 Detik
Duration Looping 700 Data 179.70782208443 Detik 
Total Duration 179.70794296265 Detik 
------------------------- 
Tanggal: 12-03-2022 06:10:01 
Duration Download Forstok 17.78145813942 Detik
Duration Looping 700 Data 192.34472513199 Detik 
Total Duration 192.34484100342 Detik 
------------------------- 
Tanggal: 12-03-2022 06:15:01 
Duration Download Forstok 14.739046096802 Detik
Duration Looping 700 Data 171.18369817734 Detik 
Total Duration 171.18380904198 Detik 
------------------------- 
Tanggal: 12-03-2022 06:20:01 
Duration Download Forstok 15.504854917526 Detik
Duration Looping 700 Data 177.18038797379 Detik 
Total Duration 177.18051505089 Detik 
------------------------- 
Tanggal: 12-03-2022 06:25:01 
Duration Download Forstok 13.409247875214 Detik
Duration Looping 700 Data 171.52511787415 Detik 
Total Duration 171.52523708344 Detik 
------------------------- 
Tanggal: 12-03-2022 06:30:02 
Duration Download Forstok 13.869142055511 Detik
Duration Looping 700 Data 167.0597820282 Detik 
Total Duration 167.05990219116 Detik 
------------------------- 
Tanggal: 12-03-2022 06:35:01 
Duration Download Forstok 12.20769906044 Detik
Duration Looping 700 Data 168.89813113213 Detik 
Total Duration 168.89824819565 Detik 
------------------------- 
Tanggal: 12-03-2022 06:40:01 
Duration Download Forstok 15.544948101044 Detik
Duration Looping 700 Data 165.56267404556 Detik 
Total Duration 165.56278610229 Detik 
------------------------- 
Tanggal: 12-03-2022 06:45:01 
Duration Download Forstok 15.309771060944 Detik
Duration Looping 700 Data 179.20218396187 Detik 
Total Duration 179.20231103897 Detik 
------------------------- 
Tanggal: 12-03-2022 06:50:01 
Duration Download Forstok 13.541600942612 Detik
Duration Looping 700 Data 180.43211507797 Detik 
Total Duration 180.43222904205 Detik 
------------------------- 
Tanggal: 12-03-2022 06:55:01 
Duration Download Forstok 17.187222957611 Detik
Duration Looping 700 Data 178.3546128273 Detik 
Total Duration 178.35473680496 Detik 
------------------------- 
Tanggal: 12-03-2022 07:00:01 
Duration Download Forstok 12.191885948181 Detik
Duration Looping 700 Data 166.73949813843 Detik 
Total Duration 166.73961210251 Detik 
------------------------- 
Tanggal: 12-03-2022 07:05:02 
Duration Download Forstok 21.345587015152 Detik
Duration Looping 700 Data 175.04154896736 Detik 
Total Duration 175.04166698456 Detik 
------------------------- 
Tanggal: 12-03-2022 07:10:01 
Duration Download Forstok 13.865021944046 Detik
Duration Looping 700 Data 168.04704904556 Detik 
Total Duration 168.04717588425 Detik 
------------------------- 
Tanggal: 12-03-2022 07:15:01 
Duration Download Forstok 17.00962805748 Detik
Duration Looping 700 Data 177.67331194878 Detik 
Total Duration 177.67343091965 Detik 
------------------------- 
Tanggal: 12-03-2022 07:20:01 
Duration Download Forstok 13.124907016754 Detik
Duration Looping 700 Data 170.75717496872 Detik 
Total Duration 170.75729393959 Detik 
------------------------- 
Tanggal: 12-03-2022 07:25:01 
Duration Download Forstok 17.417545080185 Detik
Duration Looping 700 Data 172.94986009598 Detik 
Total Duration 172.94996905327 Detik 
------------------------- 
Tanggal: 12-03-2022 07:30:01 
Duration Download Forstok 12.539249897003 Detik
Duration Looping 700 Data 164.6007809639 Detik 
Total Duration 164.60089993477 Detik 
------------------------- 
Tanggal: 12-03-2022 07:35:01 
Duration Download Forstok 17.287014007568 Detik
Duration Looping 700 Data 176.0449090004 Detik 
Total Duration 176.04502916336 Detik 
------------------------- 
Tanggal: 12-03-2022 07:40:01 
Duration Download Forstok 15.038511991501 Detik
Duration Looping 700 Data 187.70094394684 Detik 
Total Duration 187.70105600357 Detik 
------------------------- 
Tanggal: 12-03-2022 07:45:01 
Duration Download Forstok 20.618753910065 Detik
Duration Looping 700 Data 176.7784409523 Detik 
Total Duration 176.77855086327 Detik 
------------------------- 
Tanggal: 12-03-2022 07:50:01 
Duration Download Forstok 16.972292900085 Detik
Duration Looping 700 Data 173.54888391495 Detik 
Total Duration 173.54904294014 Detik 
------------------------- 
Tanggal: 12-03-2022 07:55:01 
Duration Download Forstok 15.264824867249 Detik
Duration Looping 700 Data 165.10427594185 Detik 
Total Duration 165.10443091393 Detik 
------------------------- 
Tanggal: 12-03-2022 08:00:01 
Duration Download Forstok 15.578764200211 Detik
Duration Looping 700 Data 176.39465999603 Detik 
Total Duration 176.39478707314 Detik 
------------------------- 
Tanggal: 12-03-2022 08:05:01 
Duration Download Forstok 19.432129859924 Detik
Duration Looping 700 Data 173.95744299889 Detik 
Total Duration 173.95756483078 Detik 
------------------------- 
Tanggal: 12-03-2022 08:10:01 
Duration Download Forstok 12.411648035049 Detik
Duration Looping 700 Data 168.92993402481 Detik 
Total Duration 168.93004798889 Detik 
------------------------- 
Tanggal: 12-03-2022 08:15:01 
Duration Download Forstok 20.83712887764 Detik
Duration Looping 700 Data 186.83492684364 Detik 
Total Duration 186.83504891396 Detik 
------------------------- 
Tanggal: 12-03-2022 08:20:01 
Duration Download Forstok 17.514481067657 Detik
Duration Looping 700 Data 172.56572794914 Detik 
Total Duration 172.56583595276 Detik 
------------------------- 
Tanggal: 12-03-2022 08:25:01 
Duration Download Forstok 16.834269046783 Detik
Duration Looping 700 Data 177.15841794014 Detik 
Total Duration 177.15854406357 Detik 
------------------------- 
Tanggal: 12-03-2022 08:30:01 
Duration Download Forstok 15.545943021774 Detik
Duration Looping 700 Data 179.87030100822 Detik 
Total Duration 179.87041783333 Detik 
------------------------- 
Tanggal: 12-03-2022 08:35:01 
Duration Download Forstok 14.262541055679 Detik
Duration Looping 700 Data 182.40315103531 Detik 
Total Duration 182.40326809883 Detik 
------------------------- 
Tanggal: 12-03-2022 08:40:01 
Duration Download Forstok 13.178875923157 Detik
Duration Looping 700 Data 175.83651590347 Detik 
Total Duration 175.83663892746 Detik 
------------------------- 
Tanggal: 12-03-2022 08:45:01 
Duration Download Forstok 25.346801042557 Detik
Duration Looping 700 Data 191.86060786247 Detik 
Total Duration 191.86072301865 Detik 
------------------------- 
Tanggal: 12-03-2022 08:50:01 
Duration Download Forstok 17.819566011429 Detik
Duration Looping 700 Data 177.59609913826 Detik 
Total Duration 177.59622621536 Detik 
------------------------- 
Tanggal: 12-03-2022 08:55:01 
Duration Download Forstok 16.810115814209 Detik
Duration Looping 700 Data 181.11503195763 Detik 
Total Duration 181.11515188217 Detik 
------------------------- 
Tanggal: 12-03-2022 09:00:01 
Duration Download Forstok 20.756474018097 Detik
Duration Looping 700 Data 189.98311686516 Detik 
Total Duration 189.98323893547 Detik 
------------------------- 
Tanggal: 12-03-2022 09:05:01 
Duration Download Forstok 17.624692201614 Detik
Duration Looping 700 Data 179.70143318176 Detik 
Total Duration 179.70154714584 Detik 
------------------------- 
Tanggal: 12-03-2022 09:10:01 
Duration Download Forstok 16.007848024368 Detik
Duration Looping 700 Data 184.53111195564 Detik 
Total Duration 184.53123188019 Detik 
------------------------- 
Tanggal: 12-03-2022 09:15:01 
Duration Download Forstok 15.284289121628 Detik
Duration Looping 700 Data 176.52802395821 Detik 
Total Duration 176.52811312675 Detik 
------------------------- 
Tanggal: 12-03-2022 09:20:01 
Duration Download Forstok 13.215987920761 Detik
Duration Looping 700 Data 178.20854592323 Detik 
Total Duration 178.2086648941 Detik 
------------------------- 
Tanggal: 12-03-2022 09:25:01 
Duration Download Forstok 20.705821990967 Detik
Duration Looping 700 Data 185.28343200684 Detik 
Total Duration 185.28355693817 Detik 
------------------------- 
Tanggal: 12-03-2022 09:30:01 
Duration Download Forstok 15.699783086777 Detik
Duration Looping 700 Data 186.15560603142 Detik 
Total Duration 186.1557071209 Detik 
------------------------- 
Tanggal: 12-03-2022 09:35:01 
Duration Download Forstok 13.383129835129 Detik
Duration Looping 700 Data 175.94214081764 Detik 
Total Duration 175.94223284721 Detik 
------------------------- 
Tanggal: 12-03-2022 09:40:01 
Duration Download Forstok 15.801259040833 Detik
Duration Looping 700 Data 178.90576004982 Detik 
Total Duration 178.90587592125 Detik 
------------------------- 
Tanggal: 12-03-2022 09:45:01 
Duration Download Forstok 14.623695135117 Detik
Duration Looping 700 Data 175.66497707367 Detik 
Total Duration 175.66510415077 Detik 
------------------------- 
Tanggal: 12-03-2022 09:50:01 
Duration Download Forstok 15.240894079208 Detik
Duration Looping 700 Data 177.36199116707 Detik 
Total Duration 177.36211109161 Detik 
------------------------- 
Tanggal: 12-03-2022 09:55:01 
Duration Download Forstok 15.712105989456 Detik
Duration Looping 700 Data 184.73358011246 Detik 
Total Duration 184.73369908333 Detik 
------------------------- 
Tanggal: 12-03-2022 10:00:01 
Duration Download Forstok 14.337158918381 Detik
Duration Looping 700 Data 180.93274188042 Detik 
Total Duration 180.93286204338 Detik 
------------------------- 
Tanggal: 12-03-2022 10:05:01 
Duration Download Forstok 18.916893959045 Detik
Duration Looping 700 Data 182.11508488655 Detik 
Total Duration 182.11520385742 Detik 
------------------------- 
Tanggal: 12-03-2022 10:10:01 
Duration Download Forstok 16.734635829926 Detik
Duration Looping 700 Data 178.73788285255 Detik 
Total Duration 178.73800396919 Detik 
------------------------- 
Tanggal: 12-03-2022 10:15:01 
Duration Download Forstok 15.129369020462 Detik
Duration Looping 700 Data 178.27910614014 Detik 
Total Duration 178.27920413017 Detik 
------------------------- 
Tanggal: 12-03-2022 10:20:01 
Duration Download Forstok 16.752633094788 Detik
Duration Looping 700 Data 176.16572594643 Detik 
Total Duration 176.1658449173 Detik 
------------------------- 
Tanggal: 12-03-2022 10:25:01 
Duration Download Forstok 13.379388093948 Detik
Duration Looping 700 Data 183.06386017799 Detik 
Total Duration 183.06398200989 Detik 
------------------------- 
Tanggal: 12-03-2022 10:30:01 
Duration Download Forstok 18.426613092422 Detik
Duration Looping 700 Data 184.69744300842 Detik 
Total Duration 184.69756007195 Detik 
------------------------- 
Tanggal: 12-03-2022 10:35:01 
Duration Download Forstok 16.216508865356 Detik
Duration Looping 700 Data 176.61576485634 Detik 
Total Duration 176.61587691307 Detik 
------------------------- 
Tanggal: 12-03-2022 10:40:01 
Duration Download Forstok 14.884653091431 Detik
Duration Looping 700 Data 184.92288804054 Detik 
Total Duration 184.92300605774 Detik 
------------------------- 
Tanggal: 12-03-2022 10:45:01 
Duration Download Forstok 18.357975006104 Detik
Duration Looping 700 Data 185.46898794174 Detik 
Total Duration 185.4690759182 Detik 
------------------------- 
Tanggal: 12-03-2022 10:50:01 
Duration Download Forstok 29.438263177872 Detik
Duration Looping 700 Data 198.89828419685 Detik 
Total Duration 198.89839816093 Detik 
------------------------- 
Tanggal: 12-03-2022 10:55:01 
Duration Download Forstok 18.730711936951 Detik
Duration Looping 700 Data 183.95627593994 Detik 
Total Duration 183.95637893677 Detik 
------------------------- 
Tanggal: 12-03-2022 11:00:01 
Duration Download Forstok 18.746406078339 Detik
Duration Looping 700 Data 183.63127112389 Detik 
Total Duration 183.63138914108 Detik 
------------------------- 
Tanggal: 12-03-2022 11:05:01 
Duration Download Forstok 20.113173961639 Detik
Duration Looping 700 Data 178.65420794487 Detik 
Total Duration 178.65434598923 Detik 
------------------------- 
Tanggal: 12-03-2022 11:10:01 
Duration Download Forstok 16.71435880661 Detik
Duration Looping 700 Data 184.13614797592 Detik 
Total Duration 184.13626599312 Detik 
------------------------- 
Tanggal: 12-03-2022 11:15:01 
Duration Download Forstok 17.366784095764 Detik
Duration Looping 700 Data 184.63303208351 Detik 
Total Duration 184.63314795494 Detik 
------------------------- 
Tanggal: 12-03-2022 11:20:01 
Duration Download Forstok 12.921251058578 Detik
Duration Looping 700 Data 182.08116602898 Detik 
Total Duration 182.08128809929 Detik 
------------------------- 
Tanggal: 12-03-2022 11:25:01 
Duration Download Forstok 13.050439119339 Detik
Duration Looping 700 Data 177.53111696243 Detik 
Total Duration 177.53122997284 Detik 
------------------------- 
Tanggal: 12-03-2022 11:30:01 
Duration Download Forstok 14.892496824265 Detik
Duration Looping 700 Data 180.00472593307 Detik 
Total Duration 180.0048418045 Detik 
------------------------- 
Tanggal: 12-03-2022 11:35:01 
Duration Download Forstok 17.142418861389 Detik
Duration Looping 700 Data 185.9159450531 Detik 
Total Duration 185.91606998444 Detik 
------------------------- 
Tanggal: 12-03-2022 11:40:01 
Duration Download Forstok 14.201421976089 Detik
Duration Looping 700 Data 179.61490488052 Detik 
Total Duration 179.61501908302 Detik 
------------------------- 
Tanggal: 12-03-2022 11:45:01 
Duration Download Forstok 24.314032077789 Detik
Duration Looping 700 Data 195.15729403496 Detik 
Total Duration 195.15740919113 Detik 
------------------------- 
Tanggal: 12-03-2022 11:50:01 
Duration Download Forstok 15.834105968475 Detik
Duration Looping 700 Data 188.68770098686 Detik 
Total Duration 188.68781900406 Detik 
------------------------- 
Tanggal: 12-03-2022 11:55:01 
Duration Download Forstok 17.276690006256 Detik
Duration Looping 700 Data 191.36599111557 Detik 
Total Duration 191.36611604691 Detik 
------------------------- 
Tanggal: 12-03-2022 12:00:01 
Duration Download Forstok 17.241333007812 Detik
Duration Looping 700 Data 181.1245701313 Detik 
Total Duration 181.12470507622 Detik 
------------------------- 
Tanggal: 12-03-2022 12:05:01 
Duration Download Forstok 41.178519964218 Detik
Duration Looping 700 Data 209.5191950798 Detik 
Total Duration 209.51928400993 Detik 
------------------------- 
Tanggal: 12-03-2022 12:10:01 
Duration Download Forstok 12.581008195877 Detik
Duration Looping 700 Data 185.05686211586 Detik 
Total Duration 185.05697703362 Detik 
------------------------- 
Tanggal: 12-03-2022 12:15:01 
Duration Download Forstok 15.908378839493 Detik
Duration Looping 700 Data 179.26645898819 Detik 
Total Duration 179.2665848732 Detik 
------------------------- 
Tanggal: 12-03-2022 12:20:01 
Duration Download Forstok 14.785243034363 Detik
Duration Looping 700 Data 177.85015296936 Detik 
Total Duration 177.85027289391 Detik 
------------------------- 
Tanggal: 12-03-2022 12:25:01 
Duration Download Forstok 16.335737943649 Detik
Duration Looping 700 Data 190.08338499069 Detik 
Total Duration 190.08347392082 Detik 
------------------------- 
Tanggal: 12-03-2022 12:30:01 
Duration Download Forstok 14.426227807999 Detik
Duration Looping 700 Data 178.50847196579 Detik 
Total Duration 178.50861597061 Detik 
------------------------- 
Tanggal: 12-03-2022 12:35:01 
Duration Download Forstok 14.734950065613 Detik
Duration Looping 700 Data 176.4957010746 Detik 
Total Duration 176.49581193924 Detik 
------------------------- 
Tanggal: 12-03-2022 12:40:01 
Duration Download Forstok 17.292359113693 Detik
Duration Looping 700 Data 186.7561750412 Detik 
Total Duration 186.75629210472 Detik 
------------------------- 
Tanggal: 12-03-2022 12:45:01 
Duration Download Forstok 16.426423072815 Detik
Duration Looping 700 Data 185.5216190815 Detik 
Total Duration 185.52173304558 Detik 
------------------------- 
Tanggal: 12-03-2022 12:50:01 
Duration Download Forstok 13.489439964294 Detik
Duration Looping 700 Data 184.5104830265 Detik 
Total Duration 184.51060199738 Detik 
------------------------- 
Tanggal: 12-03-2022 12:55:01 
Duration Download Forstok 19.124104976654 Detik
Duration Looping 700 Data 187.92119884491 Detik 
Total Duration 187.92131996155 Detik 
------------------------- 
Tanggal: 12-03-2022 13:00:01 
Duration Download Forstok 20.341600894928 Detik
Duration Looping 700 Data 187.29945087433 Detik 
Total Duration 187.29958200455 Detik 
------------------------- 
Tanggal: 12-03-2022 13:05:01 
Duration Download Forstok 27.843456029892 Detik
Duration Looping 700 Data 188.16862607002 Detik 
Total Duration 188.16873407364 Detik 
------------------------- 
Tanggal: 12-03-2022 13:10:01 
Duration Download Forstok 16.438261032104 Detik
Duration Looping 700 Data 173.54019498825 Detik 
Total Duration 173.54032897949 Detik 
------------------------- 
Tanggal: 12-03-2022 13:15:01 
Duration Download Forstok 17.635043144226 Detik
Duration Looping 700 Data 184.29982995987 Detik 
Total Duration 184.29993796349 Detik 
------------------------- 
Tanggal: 12-03-2022 13:20:01 
Duration Download Forstok 16.747584104538 Detik
Duration Looping 700 Data 174.70991587639 Detik 
Total Duration 174.71001005173 Detik 
------------------------- 
Tanggal: 12-03-2022 13:25:01 
Duration Download Forstok 14.608409166336 Detik
Duration Looping 700 Data 178.50955510139 Detik 
Total Duration 178.50966906548 Detik 
------------------------- 
Tanggal: 12-03-2022 13:30:01 
Duration Download Forstok 17.873125076294 Detik
Duration Looping 700 Data 176.62627005577 Detik 
Total Duration 176.62638711929 Detik 
------------------------- 
Tanggal: 12-03-2022 13:35:01 
Duration Download Forstok 15.327498912811 Detik
Duration Looping 700 Data 175.27742290497 Detik 
Total Duration 175.27754282951 Detik 
------------------------- 
Tanggal: 12-03-2022 13:40:01 
Duration Download Forstok 12.862648963928 Detik
Duration Looping 700 Data 176.46039390564 Detik 
Total Duration 176.46050286293 Detik 
------------------------- 
Tanggal: 12-03-2022 13:45:01 
Duration Download Forstok 21.530277013779 Detik
Duration Looping 700 Data 196.08284687996 Detik 
Total Duration 196.08294701576 Detik 
------------------------- 
Tanggal: 12-03-2022 13:50:01 
Duration Download Forstok 17.570933103561 Detik
Duration Looping 700 Data 188.20099616051 Detik 
Total Duration 188.20111298561 Detik 
------------------------- 
Tanggal: 12-03-2022 13:55:01 
Duration Download Forstok 16.544246912003 Detik
Duration Looping 700 Data 182.13295412064 Detik 
Total Duration 182.1330640316 Detik 
------------------------- 
Tanggal: 12-03-2022 14:00:01 
Duration Download Forstok 24.453219890594 Detik
Duration Looping 700 Data 187.34521198273 Detik 
Total Duration 187.34537100792 Detik 
------------------------- 
Tanggal: 12-03-2022 14:05:01 
Duration Download Forstok 25.626638889313 Detik
Duration Looping 700 Data 187.21068787575 Detik 
Total Duration 187.21080493927 Detik 
------------------------- 
Tanggal: 12-03-2022 14:10:01 
Duration Download Forstok 13.956202983856 Detik
Duration Looping 700 Data 180.18504095078 Detik 
Total Duration 180.18515300751 Detik 
------------------------- 
Tanggal: 12-03-2022 14:15:01 
Duration Download Forstok 16.447434902191 Detik
Duration Looping 700 Data 176.93617987633 Detik 
Total Duration 176.9363079071 Detik 
------------------------- 
Tanggal: 12-03-2022 14:20:01 
Duration Download Forstok 13.147719860077 Detik
Duration Looping 700 Data 176.5686879158 Detik 
Total Duration 176.56880187988 Detik 
------------------------- 
Tanggal: 12-03-2022 14:25:01 
Duration Download Forstok 14.213688135147 Detik
Duration Looping 700 Data 180.05412793159 Detik 
Total Duration 180.05424308777 Detik 
------------------------- 
Tanggal: 12-03-2022 14:30:01 
Duration Download Forstok 21.932184934616 Detik
Duration Looping 700 Data 187.19396996498 Detik 
Total Duration 187.1940870285 Detik 
------------------------- 
Tanggal: 12-03-2022 14:35:01 
Duration Download Forstok 17.639205217361 Detik
Duration Looping 700 Data 179.03913807869 Detik 
Total Duration 179.03925609589 Detik 
------------------------- 
Tanggal: 12-03-2022 14:40:01 
Duration Download Forstok 19.07895898819 Detik
Duration Looping 700 Data 180.30000090599 Detik 
Total Duration 180.30011892319 Detik 
------------------------- 
Tanggal: 12-03-2022 14:45:01 
Duration Download Forstok 19.021224021912 Detik
Duration Looping 700 Data 184.36863803864 Detik 
Total Duration 184.36874699593 Detik 
------------------------- 
Tanggal: 12-03-2022 14:50:01 
Duration Download Forstok 16.572691917419 Detik
Duration Looping 700 Data 180.10211992264 Detik 
Total Duration 180.10223484039 Detik 
------------------------- 
Tanggal: 12-03-2022 14:55:01 
Duration Download Forstok 15.343705177307 Detik
Duration Looping 700 Data 179.71214699745 Detik 
Total Duration 179.71226215363 Detik 
------------------------- 
Tanggal: 12-03-2022 15:00:01 
Duration Download Forstok 17.1136469841 Detik
Duration Looping 700 Data 180.96690201759 Detik 
Total Duration 180.9670188427 Detik 
------------------------- 
Tanggal: 12-03-2022 15:05:01 
Duration Download Forstok 32.743423938751 Detik
Duration Looping 700 Data 206.98101592064 Detik 
Total Duration 206.98114299774 Detik 
------------------------- 
Tanggal: 12-03-2022 15:10:01 
Duration Download Forstok 13.629862070084 Detik
Duration Looping 700 Data 179.90677595139 Detik 
Total Duration 179.90686511993 Detik 
------------------------- 
Tanggal: 12-03-2022 15:15:01 
Duration Download Forstok 15.796341896057 Detik
Duration Looping 700 Data 190.22850704193 Detik 
Total Duration 190.22862505913 Detik 
------------------------- 
Tanggal: 12-03-2022 15:20:01 
Duration Download Forstok 17.086034059525 Detik
Duration Looping 700 Data 181.60539007187 Detik 
Total Duration 181.60549998283 Detik 
------------------------- 
Tanggal: 12-03-2022 15:25:01 
Duration Download Forstok 14.859591007233 Detik
Duration Looping 700 Data 184.90321087837 Detik 
Total Duration 184.90333795547 Detik 
------------------------- 
Tanggal: 12-03-2022 15:30:01 
Duration Download Forstok 14.781700134277 Detik
Duration Looping 700 Data 176.70956206322 Detik 
Total Duration 176.70969200134 Detik 
------------------------- 
Tanggal: 12-03-2022 15:35:01 
Duration Download Forstok 13.626543998718 Detik
Duration Looping 700 Data 172.61981797218 Detik 
Total Duration 172.61993288994 Detik 
------------------------- 
Tanggal: 12-03-2022 15:40:01 
Duration Download Forstok 20.601881980896 Detik
Duration Looping 700 Data 183.97319889069 Detik 
Total Duration 183.97331380844 Detik 
------------------------- 
Tanggal: 12-03-2022 15:45:01 
Duration Download Forstok 18.840883016586 Detik
Duration Looping 700 Data 189.43366980553 Detik 
Total Duration 189.43378782272 Detik 
------------------------- 
Tanggal: 12-03-2022 15:50:01 
Duration Download Forstok 16.14485001564 Detik
Duration Looping 700 Data 187.6045088768 Detik 
Total Duration 187.60462784767 Detik 
------------------------- 
Tanggal: 12-03-2022 15:55:01 
Duration Download Forstok 22.374568939209 Detik
Duration Looping 700 Data 181.20257782936 Detik 
Total Duration 181.20273089409 Detik 
------------------------- 
Tanggal: 12-03-2022 16:00:01 
Duration Download Forstok 25.999691963196 Detik
Duration Looping 700 Data 191.50422787666 Detik 
Total Duration 191.50430798531 Detik 
------------------------- 
Tanggal: 12-03-2022 16:05:02 
Duration Download Forstok 19.694088935852 Detik
Duration Looping 700 Data 183.43246102333 Detik 
Total Duration 183.43256998062 Detik 
------------------------- 
Tanggal: 12-03-2022 16:10:01 
Duration Download Forstok 14.159197092056 Detik
Duration Looping 700 Data 173.93442893028 Detik 
Total Duration 173.93455195427 Detik 
------------------------- 
Tanggal: 12-03-2022 16:15:01 
Duration Download Forstok 14.043502092361 Detik
Duration Looping 700 Data 173.65293812752 Detik 
Total Duration 173.65305113792 Detik 
------------------------- 
Tanggal: 12-03-2022 16:20:01 
Duration Download Forstok 13.793778896332 Detik
Duration Looping 700 Data 179.7493159771 Detik 
Total Duration 179.7494289875 Detik 
------------------------- 
Tanggal: 12-03-2022 16:25:01 
Duration Download Forstok 14.891788959503 Detik
Duration Looping 700 Data 177.55912399292 Detik 
Total Duration 177.55923485756 Detik 
------------------------- 
Tanggal: 12-03-2022 16:30:01 
Duration Download Forstok 14.236415147781 Detik
Duration Looping 700 Data 190.54820013046 Detik 
Total Duration 190.54832911491 Detik 
------------------------- 
Tanggal: 12-03-2022 16:35:01 
Duration Download Forstok 17.666102170944 Detik
Duration Looping 700 Data 187.73733711243 Detik 
Total Duration 187.73746609688 Detik 
------------------------- 
Tanggal: 12-03-2022 16:40:01 
Duration Download Forstok 13.668615102768 Detik
Duration Looping 700 Data 175.18393301964 Detik 
Total Duration 175.18405508995 Detik 
------------------------- 
Tanggal: 12-03-2022 16:45:01 
Duration Download Forstok 15.962464094162 Detik
Duration Looping 700 Data 177.0594189167 Detik 
Total Duration 177.05958199501 Detik 
------------------------- 
Tanggal: 12-03-2022 16:50:01 
Duration Download Forstok 17.145488023758 Detik
Duration Looping 700 Data 183.44071602821 Detik 
Total Duration 183.44084000587 Detik 
------------------------- 
Tanggal: 12-03-2022 16:55:01 
Duration Download Forstok 13.564061164856 Detik
Duration Looping 700 Data 180.33740019798 Detik 
Total Duration 180.3375210762 Detik 
------------------------- 
Tanggal: 12-03-2022 17:00:01 
Duration Download Forstok 17.468871831894 Detik
Duration Looping 700 Data 183.19481301308 Detik 
Total Duration 183.19493699074 Detik 
------------------------- 
Tanggal: 12-03-2022 17:05:01 
Duration Download Forstok 19.000318050385 Detik
Duration Looping 700 Data 178.15975093842 Detik 
Total Duration 178.15987086296 Detik 
------------------------- 
Tanggal: 12-03-2022 17:10:01 
Duration Download Forstok 21.074952840805 Detik
Duration Looping 700 Data 192.92571187019 Detik 
Total Duration 192.92583298683 Detik 
------------------------- 
Tanggal: 12-03-2022 17:15:01 
Duration Download Forstok 14.359637975693 Detik
Duration Looping 700 Data 179.49683499336 Detik 
Total Duration 179.49692106247 Detik 
------------------------- 
Tanggal: 12-03-2022 17:20:01 
Duration Download Forstok 17.06466293335 Detik
Duration Looping 700 Data 184.08768200874 Detik 
Total Duration 184.08779597282 Detik 
------------------------- 
Tanggal: 12-03-2022 17:25:01 
Duration Download Forstok 14.933546066284 Detik
Duration Looping 700 Data 189.13958501816 Detik 
Total Duration 189.13970804214 Detik 
------------------------- 
Tanggal: 12-03-2022 17:30:01 
Duration Download Forstok 17.558173179626 Detik
Duration Looping 700 Data 176.20978522301 Detik 
Total Duration 176.20992302895 Detik 
------------------------- 
Tanggal: 12-03-2022 17:35:01 
Duration Download Forstok 17.226130962372 Detik
Duration Looping 700 Data 178.55626702309 Detik 
Total Duration 178.55642008781 Detik 
------------------------- 
Tanggal: 12-03-2022 17:40:01 
Duration Download Forstok 15.743361949921 Detik
Duration Looping 700 Data 175.09484100342 Detik 
Total Duration 175.0949640274 Detik 
------------------------- 
Tanggal: 12-03-2022 17:45:01 
Duration Download Forstok 20.148255825043 Detik
Duration Looping 700 Data 186.39407205582 Detik 
Total Duration 186.39419794083 Detik 
------------------------- 
Tanggal: 12-03-2022 17:50:01 
Duration Download Forstok 12.275410175323 Detik
Duration Looping 700 Data 181.09665203094 Detik 
Total Duration 181.09677100182 Detik 
------------------------- 
Tanggal: 12-03-2022 17:55:01 
Duration Download Forstok 15.831679105759 Detik
Duration Looping 700 Data 179.98802709579 Detik 
Total Duration 179.98814511299 Detik 
------------------------- 
Tanggal: 12-03-2022 18:00:01 
Duration Download Forstok 14.076838970184 Detik
Duration Looping 700 Data 186.99547195435 Detik 
Total Duration 186.99559116364 Detik 
------------------------- 
Tanggal: 12-03-2022 18:05:01 
Duration Download Forstok 18.96270608902 Detik
Duration Looping 700 Data 188.10052108765 Detik 
Total Duration 188.10064101219 Detik 
------------------------- 
Tanggal: 12-03-2022 18:10:01 
Duration Download Forstok 15.485753059387 Detik
Duration Looping 700 Data 182.8120470047 Detik 
Total Duration 182.81216788292 Detik 
------------------------- 
Tanggal: 12-03-2022 18:15:01 
Duration Download Forstok 19.962100028992 Detik
Duration Looping 700 Data 182.2758128643 Detik 
Total Duration 182.27597308159 Detik 
------------------------- 
Tanggal: 12-03-2022 18:20:01 
Duration Download Forstok 14.574593067169 Detik
Duration Looping 700 Data 183.12039995193 Detik 
Total Duration 183.12051510811 Detik 
------------------------- 
Tanggal: 12-03-2022 18:25:02 
Duration Download Forstok 19.713535070419 Detik
Duration Looping 700 Data 187.81674408913 Detik 
Total Duration 187.81686592102 Detik 
------------------------- 
Tanggal: 12-03-2022 18:30:01 
Duration Download Forstok 14.347037792206 Detik
Duration Looping 700 Data 173.5546848774 Detik 
Total Duration 173.55479884148 Detik 
------------------------- 
Tanggal: 12-03-2022 18:35:01 
Duration Download Forstok 14.630877017975 Detik
Duration Looping 700 Data 177.69255805016 Detik 
Total Duration 177.69265794754 Detik 
------------------------- 
Tanggal: 12-03-2022 18:40:01 
Duration Download Forstok 15.294116020203 Detik
Duration Looping 700 Data 174.16337394714 Detik 
Total Duration 174.16350102425 Detik 
------------------------- 
Tanggal: 12-03-2022 18:45:02 
Duration Download Forstok 20.89963889122 Detik
Duration Looping 700 Data 192.99719786644 Detik 
Total Duration 192.99731278419 Detik 
------------------------- 
Tanggal: 12-03-2022 18:50:01 
Duration Download Forstok 15.101111888885 Detik
Duration Looping 700 Data 184.13008999825 Detik 
Total Duration 184.1302189827 Detik 
------------------------- 
Tanggal: 12-03-2022 18:55:01 
Duration Download Forstok 15.605301141739 Detik
Duration Looping 700 Data 173.51991415024 Detik 
Total Duration 173.52002906799 Detik 
------------------------- 
Tanggal: 12-03-2022 19:00:01 
Duration Download Forstok 16.996599912643 Detik
Duration Looping 700 Data 182.78194904327 Detik 
Total Duration 182.78206014633 Detik 
------------------------- 
Tanggal: 12-03-2022 19:05:01 
Duration Download Forstok 25.136037111282 Detik
Duration Looping 700 Data 193.42281103134 Detik 
Total Duration 193.42293119431 Detik 
------------------------- 
Tanggal: 12-03-2022 19:10:01 
Duration Download Forstok 17.558452129364 Detik
Duration Looping 700 Data 183.68949818611 Detik 
Total Duration 183.68961811066 Detik 
------------------------- 
Tanggal: 12-03-2022 19:15:01 
Duration Download Forstok 21.68452501297 Detik
Duration Looping 700 Data 183.93195104599 Detik 
Total Duration 183.93207192421 Detik 
------------------------- 
Tanggal: 12-03-2022 19:20:01 
Duration Download Forstok 21.387427091599 Detik
Duration Looping 700 Data 189.0043489933 Detik 
Total Duration 189.00446605682 Detik 
------------------------- 
Tanggal: 12-03-2022 19:25:01 
Duration Download Forstok 13.770651102066 Detik
Duration Looping 700 Data 177.31871008873 Detik 
Total Duration 177.31882309914 Detik 
------------------------- 
Tanggal: 12-03-2022 19:30:01 
Duration Download Forstok 18.618242025375 Detik
Duration Looping 700 Data 183.28871893883 Detik 
Total Duration 183.28883886337 Detik 
------------------------- 
Tanggal: 12-03-2022 19:35:01 
Duration Download Forstok 17.062417984009 Detik
Duration Looping 700 Data 179.98545885086 Detik 
Total Duration 179.98557901382 Detik 
------------------------- 
Tanggal: 12-03-2022 19:40:01 
Duration Download Forstok 16.744753837585 Detik
Duration Looping 700 Data 183.42283987999 Detik 
Total Duration 183.42295479774 Detik 
------------------------- 
Tanggal: 12-03-2022 19:45:01 
Duration Download Forstok 15.015154838562 Detik
Duration Looping 700 Data 173.20250701904 Detik 
Total Duration 173.20262098312 Detik 
------------------------- 
Tanggal: 12-03-2022 19:50:01 
Duration Download Forstok 10.819802999496 Detik
Duration Looping 700 Data 170.38845181465 Detik 
Total Duration 170.38856983185 Detik 
------------------------- 
Tanggal: 12-03-2022 19:55:01 
Duration Download Forstok 17.636976957321 Detik
Duration Looping 700 Data 175.20121097565 Detik 
Total Duration 175.20130586624 Detik 
------------------------- 
Tanggal: 12-03-2022 20:00:01 
Duration Download Forstok 14.324061155319 Detik
Duration Looping 700 Data 174.08593297005 Detik 
Total Duration 174.08605098724 Detik 
------------------------- 
Tanggal: 12-03-2022 20:05:01 
Duration Download Forstok 24.1377389431 Detik
Duration Looping 700 Data 186.96355295181 Detik 
Total Duration 186.96366906166 Detik 
------------------------- 
Tanggal: 12-03-2022 20:10:01 
Duration Download Forstok 16.436290025711 Detik
Duration Looping 700 Data 177.67189598083 Detik 
Total Duration 177.6720161438 Detik 
------------------------- 
Tanggal: 12-03-2022 20:15:01 
Duration Download Forstok 17.206209897995 Detik
Duration Looping 700 Data 183.19433188438 Detik 
Total Duration 183.19444584846 Detik 
------------------------- 
Tanggal: 12-03-2022 20:20:01 
Duration Download Forstok 16.649394989014 Detik
Duration Looping 700 Data 181.41895699501 Detik 
Total Duration 181.4190621376 Detik 
------------------------- 
Tanggal: 12-03-2022 20:25:01 
Duration Download Forstok 13.264789819717 Detik
Duration Looping 700 Data 184.31150984764 Detik 
Total Duration 184.31162285805 Detik 
------------------------- 
Tanggal: 12-03-2022 20:30:01 
Duration Download Forstok 17.524019002914 Detik
Duration Looping 700 Data 183.24615502357 Detik 
Total Duration 183.24627804756 Detik 
------------------------- 
Tanggal: 12-03-2022 20:35:01 
Duration Download Forstok 13.886205196381 Detik
Duration Looping 700 Data 177.84145498276 Detik 
Total Duration 177.84157705307 Detik 
------------------------- 
Tanggal: 12-03-2022 20:40:01 
Duration Download Forstok 12.652081012726 Detik
Duration Looping 700 Data 177.48681020737 Detik 
Total Duration 177.48693609238 Detik 
------------------------- 
Tanggal: 12-03-2022 20:45:01 
Duration Download Forstok 17.516825914383 Detik
Duration Looping 700 Data 184.45437097549 Detik 
Total Duration 184.45448803902 Detik 
------------------------- 
Tanggal: 12-03-2022 20:50:01 
Duration Download Forstok 13.524703979492 Detik
Duration Looping 700 Data 170.29500699043 Detik 
Total Duration 170.29512500763 Detik 
------------------------- 
Tanggal: 12-03-2022 20:55:01 
Duration Download Forstok 11.944039106369 Detik
Duration Looping 700 Data 186.85482001305 Detik 
Total Duration 186.85495018959 Detik 
------------------------- 
Tanggal: 12-03-2022 21:00:01 
Duration Download Forstok 14.735943078995 Detik
Duration Looping 700 Data 176.25765299797 Detik 
Total Duration 176.25777506828 Detik 
------------------------- 
Tanggal: 12-03-2022 21:05:01 
Duration Download Forstok 18.424725055695 Detik
Duration Looping 700 Data 179.46332383156 Detik 
Total Duration 179.46343803406 Detik 
------------------------- 
Tanggal: 12-03-2022 21:10:01 
Duration Download Forstok 14.388411045074 Detik
Duration Looping 700 Data 176.98478317261 Detik 
Total Duration 176.98489999771 Detik 
------------------------- 
Tanggal: 12-03-2022 21:15:01 
Duration Download Forstok 14.849362850189 Detik
Duration Looping 700 Data 177.60409879684 Detik 
Total Duration 177.60422301292 Detik 
------------------------- 
Tanggal: 12-03-2022 21:20:01 
Duration Download Forstok 14.804506063461 Detik
Duration Looping 700 Data 174.68420791626 Detik 
Total Duration 174.68432402611 Detik 
------------------------- 
Tanggal: 12-03-2022 21:25:01 
Duration Download Forstok 11.777820825577 Detik
Duration Looping 700 Data 171.6278128624 Detik 
Total Duration 171.62790083885 Detik 
------------------------- 
Tanggal: 12-03-2022 21:30:01 
Duration Download Forstok 16.586746931076 Detik
Duration Looping 700 Data 173.52605986595 Detik 
Total Duration 173.52617001534 Detik 
------------------------- 
Tanggal: 12-03-2022 21:35:01 
Duration Download Forstok 18.329227924347 Detik
Duration Looping 700 Data 180.84830904007 Detik 
Total Duration 180.84843802452 Detik 
------------------------- 
Tanggal: 12-03-2022 21:40:01 
Duration Download Forstok 15.081069946289 Detik
Duration Looping 700 Data 173.41613698006 Detik 
Total Duration 173.41625094414 Detik 
------------------------- 
Tanggal: 12-03-2022 21:45:01 
Duration Download Forstok 14.869555950165 Detik
Duration Looping 700 Data 180.25494194031 Detik 
Total Duration 180.25507688522 Detik 
------------------------- 
Tanggal: 12-03-2022 21:50:01 
Duration Download Forstok 17.362696170807 Detik
Duration Looping 700 Data 186.37072920799 Detik 
Total Duration 186.37092113495 Detik 
------------------------- 
Tanggal: 12-03-2022 21:55:01 
Duration Download Forstok 14.695418834686 Detik
Duration Looping 700 Data 177.23731088638 Detik 
Total Duration 177.23742699623 Detik 
------------------------- 
Tanggal: 12-03-2022 22:00:01 
Duration Download Forstok 18.861139059067 Detik
Duration Looping 700 Data 178.55064511299 Detik 
Total Duration 178.55076003075 Detik 
------------------------- 
Tanggal: 12-03-2022 22:05:01 
Duration Download Forstok 18.824076890945 Detik
Duration Looping 700 Data 182.60351395607 Detik 
Total Duration 182.60362887383 Detik 
------------------------- 
Tanggal: 12-03-2022 22:10:02 
Duration Download Forstok 15.44807600975 Detik
Duration Looping 700 Data 178.25166606903 Detik 
Total Duration 178.25177693367 Detik 
------------------------- 
Tanggal: 12-03-2022 22:15:02 
Duration Download Forstok 16.636866092682 Detik
Duration Looping 700 Data 175.48076295853 Detik 
Total Duration 175.48087596893 Detik 
------------------------- 
Tanggal: 12-03-2022 22:20:01 
Duration Download Forstok 17.344081878662 Detik
Duration Looping 700 Data 193.54338979721 Detik 
Total Duration 193.54350495338 Detik 
------------------------- 
Tanggal: 12-03-2022 22:25:01 
Duration Download Forstok 13.686108112335 Detik
Duration Looping 700 Data 175.33375000954 Detik 
Total Duration 175.33386111259 Detik 
------------------------- 
Tanggal: 12-03-2022 22:30:01 
Duration Download Forstok 12.788696050644 Detik
Duration Looping 700 Data 176.09302711487 Detik 
Total Duration 176.09314894676 Detik 
------------------------- 
Tanggal: 12-03-2022 22:35:01 
Duration Download Forstok 21.950057029724 Detik
Duration Looping 700 Data 185.32236099243 Detik 
Total Duration 185.32247900963 Detik 
------------------------- 
Tanggal: 12-03-2022 22:40:01 
Duration Download Forstok 15.194500923157 Detik
Duration Looping 700 Data 179.97667098045 Detik 
Total Duration 179.97678589821 Detik 
------------------------- 
Tanggal: 12-03-2022 22:45:01 
Duration Download Forstok 19.237310171127 Detik
Duration Looping 700 Data 175.45705509186 Detik 
Total Duration 175.4571890831 Detik 
------------------------- 
Tanggal: 12-03-2022 22:50:01 
Duration Download Forstok 15.765300035477 Detik
Duration Looping 700 Data 187.62782406807 Detik 
Total Duration 187.62793803215 Detik 
------------------------- 
Tanggal: 12-03-2022 22:55:01 
Duration Download Forstok 14.79750585556 Detik
Duration Looping 700 Data 176.12371993065 Detik 
Total Duration 176.12380695343 Detik 
------------------------- 
Tanggal: 12-03-2022 23:00:02 
Duration Download Forstok 18.18873500824 Detik
Duration Looping 700 Data 193.29305410385 Detik 
Total Duration 193.2931702137 Detik 
------------------------- 
Tanggal: 12-03-2022 23:05:01 
Duration Download Forstok 16.026757001877 Detik
Duration Looping 700 Data 175.29260802269 Detik 
Total Duration 175.29272603989 Detik 
------------------------- 
Tanggal: 12-03-2022 23:10:01 
Duration Download Forstok 14.071624040604 Detik
Duration Looping 700 Data 176.66434597969 Detik 
Total Duration 176.66447091103 Detik 
------------------------- 
Tanggal: 12-03-2022 23:15:01 
Duration Download Forstok 16.017028093338 Detik
Duration Looping 700 Data 192.08408308029 Detik 
Total Duration 192.08420395851 Detik 
------------------------- 
Tanggal: 12-03-2022 23:20:01 
Duration Download Forstok 13.850492954254 Detik
Duration Looping 700 Data 173.65141606331 Detik 
Total Duration 173.65154695511 Detik 
------------------------- 
Tanggal: 12-03-2022 23:25:01 
Duration Download Forstok 23.03511095047 Detik
Duration Looping 700 Data 185.00504207611 Detik 
Total Duration 185.00515198708 Detik 
------------------------- 
Tanggal: 12-03-2022 23:30:01 
Duration Download Forstok 22.702456951141 Detik
Duration Looping 700 Data 181.89568710327 Detik 
Total Duration 181.89580392838 Detik 
------------------------- 
Tanggal: 12-03-2022 23:35:01 
Duration Download Forstok 12.683694839478 Detik
Duration Looping 700 Data 169.48382091522 Detik 
Total Duration 169.48394489288 Detik 
------------------------- 
Tanggal: 12-03-2022 23:40:01 
Duration Download Forstok 13.505589008331 Detik
Duration Looping 700 Data 172.95206880569 Detik 
Total Duration 172.95218586922 Detik 
------------------------- 
Tanggal: 12-03-2022 23:45:01 
Duration Download Forstok 18.450032949448 Detik
Duration Looping 700 Data 175.61615800858 Detik 
Total Duration 175.6162788868 Detik 
------------------------- 
Tanggal: 12-03-2022 23:50:01 
Duration Download Forstok 18.421680927277 Detik
Duration Looping 700 Data 179.42308211327 Detik 
Total Duration 179.42319393158 Detik 
------------------------- 
Tanggal: 12-03-2022 23:55:01 
Duration Download Forstok 13.622991800308 Detik
Duration Looping 700 Data 174.73699688911 Detik 
Total Duration 174.73711800575 Detik 
------------------------- 
