Tanggal: 12-02-2022 00:00:01 
Duration Download Forstok 14.068717002869 Detik
Duration Looping 700 Data 557.54868102074 Detik 
Total Duration 557.54955601692 Detik 
------------------------- 
Tanggal: 12-02-2022 00:10:01 
Duration Download Forstok 15.147033929825 Detik
Duration Looping 700 Data 159.56882500648 Detik 
Total Duration 159.56892991066 Detik 
------------------------- 
Tanggal: 12-02-2022 00:15:01 
Duration Download Forstok 15.916156053543 Detik
Duration Looping 700 Data 188.90688586235 Detik 
Total Duration 188.90708184242 Detik 
------------------------- 
Tanggal: 12-02-2022 00:20:02 
Duration Download Forstok 13.736768960953 Detik
Duration Looping 700 Data 157.58650588989 Detik 
Total Duration 157.58662199974 Detik 
------------------------- 
Tanggal: 12-02-2022 00:25:01 
Duration Download Forstok 12.664761066437 Detik
Duration Looping 700 Data 161.00265097618 Detik 
Total Duration 161.00276303291 Detik 
------------------------- 
Tanggal: 12-02-2022 00:30:01 
Duration Download Forstok 20.862493991852 Detik
Duration Looping 700 Data 180.1973400116 Detik 
Total Duration 180.19744896889 Detik 
------------------------- 
Tanggal: 12-02-2022 00:35:01 
Duration Download Forstok 12.406704902649 Detik
Duration Looping 700 Data 175.41417694092 Detik 
Total Duration 175.41429305077 Detik 
------------------------- 
Tanggal: 12-02-2022 00:40:01 
Duration Download Forstok 14.033810853958 Detik
Duration Looping 700 Data 155.86326694489 Detik 
Total Duration 155.86338090897 Detik 
------------------------- 
Tanggal: 12-02-2022 00:45:01 
Duration Download Forstok 17.799134969711 Detik
Duration Looping 700 Data 165.68861508369 Detik 
Total Duration 165.6887280941 Detik 
------------------------- 
Tanggal: 12-02-2022 00:50:01 
Duration Download Forstok 14.787870883942 Detik
Duration Looping 700 Data 160.12669801712 Detik 
Total Duration 160.12683105469 Detik 
------------------------- 
Tanggal: 12-02-2022 00:55:01 
Duration Download Forstok 13.041553974152 Detik
Duration Looping 700 Data 159.31837487221 Detik 
Total Duration 159.3185210228 Detik 
------------------------- 
Tanggal: 12-02-2022 01:00:01 
Duration Download Forstok 13.959686040878 Detik
Duration Looping 700 Data 161.05234789848 Detik 
Total Duration 161.05246400833 Detik 
------------------------- 
Tanggal: 12-02-2022 01:05:01 
Duration Download Forstok 22.099277973175 Detik
Duration Looping 700 Data 162.62462306023 Detik 
Total Duration 162.62473797798 Detik 
------------------------- 
Tanggal: 12-02-2022 01:10:01 
Duration Download Forstok 11.657306909561 Detik
Duration Looping 700 Data 155.01372599602 Detik 
Total Duration 155.0138399601 Detik 
------------------------- 
Tanggal: 12-02-2022 01:15:01 
Duration Download Forstok 15.056584835052 Detik
Duration Looping 700 Data 155.37212586403 Detik 
Total Duration 155.37223696709 Detik 
------------------------- 
Tanggal: 12-02-2022 01:20:01 
Duration Download Forstok 13.424399137497 Detik
Duration Looping 700 Data 162.64467406273 Detik 
Total Duration 162.64478898048 Detik 
------------------------- 
Tanggal: 12-02-2022 01:25:01 
Duration Download Forstok 13.452072143555 Detik
Duration Looping 700 Data 157.13546919823 Detik 
Total Duration 157.13557815552 Detik 
------------------------- 
Tanggal: 12-02-2022 01:30:01 
Duration Download Forstok 17.994631052017 Detik
Duration Looping 700 Data 158.71342086792 Detik 
Total Duration 158.7135310173 Detik 
------------------------- 
Tanggal: 12-02-2022 01:35:01 
Duration Download Forstok 13.70692896843 Detik
Duration Looping 700 Data 154.91034412384 Detik 
Total Duration 154.91045093536 Detik 
------------------------- 
Tanggal: 12-02-2022 01:40:01 
Duration Download Forstok 13.450443029404 Detik
Duration Looping 700 Data 153.54030513763 Detik 
Total Duration 153.54041314125 Detik 
------------------------- 
Tanggal: 12-02-2022 01:45:01 
Duration Download Forstok 19.376933813095 Detik
Duration Looping 700 Data 159.10662198067 Detik 
Total Duration 159.10673379898 Detik 
------------------------- 
Tanggal: 12-02-2022 01:50:01 
Duration Download Forstok 12.709592103958 Detik
Duration Looping 700 Data 155.76473712921 Detik 
Total Duration 155.76485013962 Detik 
------------------------- 
Tanggal: 12-02-2022 01:55:01 
Duration Download Forstok 17.27236700058 Detik
Duration Looping 700 Data 164.63902997971 Detik 
Total Duration 164.639138937 Detik 
------------------------- 
Tanggal: 12-02-2022 02:00:01 
Duration Download Forstok 13.600544929504 Detik
Duration Looping 700 Data 154.42967391014 Detik 
Total Duration 154.42977976799 Detik 
------------------------- 
Tanggal: 12-02-2022 02:05:01 
Duration Download Forstok 16.468119859695 Detik
Duration Looping 700 Data 155.92157196999 Detik 
Total Duration 155.9216799736 Detik 
------------------------- 
Tanggal: 12-02-2022 02:10:01 
Duration Download Forstok 13.139460086823 Detik
Duration Looping 700 Data 166.87703418732 Detik 
Total Duration 166.87714219093 Detik 
------------------------- 
Tanggal: 12-02-2022 02:15:01 
Duration Download Forstok 17.40154504776 Detik
Duration Looping 700 Data 158.33930897713 Detik 
Total Duration 158.33941602707 Detik 
------------------------- 
Tanggal: 12-02-2022 02:20:01 
Duration Download Forstok 12.972217082977 Detik
Duration Looping 700 Data 165.85415506363 Detik 
Total Duration 165.85426402092 Detik 
------------------------- 
Tanggal: 12-02-2022 02:25:01 
Duration Download Forstok 13.538865089417 Detik
Duration Looping 700 Data 155.64825105667 Detik 
Total Duration 155.64836001396 Detik 
------------------------- 
Tanggal: 12-02-2022 02:30:01 
Duration Download Forstok 14.576330900192 Detik
Duration Looping 700 Data 183.08085584641 Detik 
Total Duration 183.08097290993 Detik 
------------------------- 
Tanggal: 12-02-2022 02:35:01 
Duration Download Forstok 13.40331697464 Detik
Duration Looping 700 Data 158.69806694984 Detik 
Total Duration 158.69821095467 Detik 
------------------------- 
Tanggal: 12-02-2022 02:40:01 
Duration Download Forstok 13.472487926483 Detik
Duration Looping 700 Data 158.29646801949 Detik 
Total Duration 158.29657793045 Detik 
------------------------- 
Tanggal: 12-02-2022 02:45:01 
Duration Download Forstok 17.277621984482 Detik
Duration Looping 700 Data 166.45785999298 Detik 
Total Duration 166.45796990395 Detik 
------------------------- 
Tanggal: 12-02-2022 02:50:01 
Duration Download Forstok 14.296573877335 Detik
Duration Looping 700 Data 173.50733590126 Detik 
Total Duration 173.50744605064 Detik 
------------------------- 
Tanggal: 12-02-2022 02:55:01 
Duration Download Forstok 11.995882987976 Detik
Duration Looping 700 Data 151.99628400803 Detik 
Total Duration 151.99639391899 Detik 
------------------------- 
Tanggal: 12-02-2022 03:00:01 
Duration Download Forstok 13.277362108231 Detik
Duration Looping 700 Data 158.5806350708 Detik 
Total Duration 158.58074402809 Detik 
------------------------- 
Tanggal: 12-02-2022 03:05:01 
Duration Download Forstok 16.542240858078 Detik
Duration Looping 700 Data 156.75693583488 Detik 
Total Duration 156.75704288483 Detik 
------------------------- 
Tanggal: 12-02-2022 03:10:01 
Duration Download Forstok 13.649864912033 Detik
Duration Looping 700 Data 172.36404705048 Detik 
Total Duration 172.36415600777 Detik 
------------------------- 
Tanggal: 12-02-2022 03:15:01 
Duration Download Forstok 14.9783680439 Detik
Duration Looping 700 Data 155.81074810028 Detik 
Total Duration 155.81086611748 Detik 
------------------------- 
Tanggal: 12-02-2022 03:20:02 
Duration Download Forstok 14.156652927399 Detik
Duration Looping 700 Data 163.13714289665 Detik 
Total Duration 163.13726592064 Detik 
------------------------- 
Tanggal: 12-02-2022 03:25:01 
Duration Download Forstok 11.819233179092 Detik
Duration Looping 700 Data 154.66928505898 Detik 
Total Duration 154.66941905022 Detik 
------------------------- 
Tanggal: 12-02-2022 03:30:01 
Duration Download Forstok 14.765244007111 Detik
Duration Looping 700 Data 163.63053393364 Detik 
Total Duration 163.63064289093 Detik 
------------------------- 
Tanggal: 12-02-2022 03:35:01 
Duration Download Forstok 13.909598112106 Detik
Duration Looping 700 Data 153.35029911995 Detik 
Total Duration 153.35040211678 Detik 
------------------------- 
Tanggal: 12-02-2022 03:40:01 
Duration Download Forstok 17.956795215607 Detik
Duration Looping 700 Data 159.29010510445 Detik 
Total Duration 159.29024410248 Detik 
------------------------- 
Tanggal: 12-02-2022 03:45:01 
Duration Download Forstok 18.097880125046 Detik
Duration Looping 700 Data 157.77317810059 Detik 
Total Duration 157.77329111099 Detik 
------------------------- 
Tanggal: 12-02-2022 03:50:01 
Duration Download Forstok 18.107273101807 Detik
Duration Looping 700 Data 171.29636406898 Detik 
Total Duration 171.29649019241 Detik 
------------------------- 
Tanggal: 12-02-2022 03:55:01 
Duration Download Forstok 13.323546171188 Detik
Duration Looping 700 Data 152.56869721413 Detik 
Total Duration 152.56882500648 Detik 
------------------------- 
Tanggal: 12-02-2022 04:00:01 
Duration Download Forstok 15.165832042694 Detik
Duration Looping 700 Data 153.68981909752 Detik 
Total Duration 153.6899330616 Detik 
------------------------- 
Tanggal: 12-02-2022 04:05:01 
Duration Download Forstok 16.824203968048 Detik
Duration Looping 700 Data 161.40274190903 Detik 
Total Duration 161.40284800529 Detik 
------------------------- 
Tanggal: 12-02-2022 04:10:01 
Duration Download Forstok 12.577506065369 Detik
Duration Looping 700 Data 155.47685003281 Detik 
Total Duration 155.47696018219 Detik 
------------------------- 
Tanggal: 12-02-2022 04:15:01 
Duration Download Forstok 15.044136047363 Detik
Duration Looping 700 Data 157.03540611267 Detik 
Total Duration 157.03551101685 Detik 
------------------------- 
Tanggal: 12-02-2022 04:20:01 
Duration Download Forstok 15.660638809204 Detik
Duration Looping 700 Data 154.00633692741 Detik 
Total Duration 154.00646090508 Detik 
------------------------- 
Tanggal: 12-02-2022 04:25:01 
Duration Download Forstok 13.7553191185 Detik
Duration Looping 700 Data 154.44720506668 Detik 
Total Duration 154.44731807709 Detik 
------------------------- 
Tanggal: 12-02-2022 04:30:01 
Duration Download Forstok 14.115658998489 Detik
Duration Looping 700 Data 163.03578400612 Detik 
Total Duration 163.03590106964 Detik 
------------------------- 
Tanggal: 12-02-2022 04:35:01 
Duration Download Forstok 12.288557052612 Detik
Duration Looping 700 Data 154.69843196869 Detik 
Total Duration 154.69854211807 Detik 
------------------------- 
Tanggal: 12-02-2022 04:40:01 
Duration Download Forstok 11.968795061111 Detik
Duration Looping 700 Data 155.74153017998 Detik 
Total Duration 155.74165511131 Detik 
------------------------- 
Tanggal: 12-02-2022 04:45:01 
Duration Download Forstok 13.633603096008 Detik
Duration Looping 700 Data 153.31856322289 Detik 
Total Duration 153.31869006157 Detik 
------------------------- 
Tanggal: 12-02-2022 04:50:01 
Duration Download Forstok 14.263947963715 Detik
Duration Looping 700 Data 172.52100801468 Detik 
Total Duration 172.52112102509 Detik 
------------------------- 
Tanggal: 12-02-2022 04:55:01 
Duration Download Forstok 12.307358980179 Detik
Duration Looping 700 Data 167.99872207642 Detik 
Total Duration 167.99884200096 Detik 
------------------------- 
Tanggal: 12-02-2022 05:00:01 
Duration Download Forstok 12.683830022812 Detik
Duration Looping 700 Data 163.08798289299 Detik 
Total Duration 163.08813095093 Detik 
------------------------- 
Tanggal: 12-02-2022 05:05:01 
Duration Download Forstok 24.737747192383 Detik
Duration Looping 700 Data 163.33365821838 Detik 
Total Duration 163.33376812935 Detik 
------------------------- 
Tanggal: 12-02-2022 05:10:01 
Duration Download Forstok 13.083441019058 Detik
Duration Looping 700 Data 154.36625695229 Detik 
Total Duration 154.36636805534 Detik 
------------------------- 
Tanggal: 12-02-2022 05:15:01 
Duration Download Forstok 16.423008918762 Detik
Duration Looping 700 Data 158.72210884094 Detik 
Total Duration 158.72222089767 Detik 
------------------------- 
Tanggal: 12-02-2022 05:20:01 
Duration Download Forstok 13.172739982605 Detik
Duration Looping 700 Data 152.67077493668 Detik 
Total Duration 152.67088603973 Detik 
------------------------- 
Tanggal: 12-02-2022 05:25:01 
Duration Download Forstok 15.622184038162 Detik
Duration Looping 700 Data 154.56229901314 Detik 
Total Duration 154.56241893768 Detik 
------------------------- 
Tanggal: 12-02-2022 05:30:01 
Duration Download Forstok 14.763702869415 Detik
Duration Looping 700 Data 175.99395298958 Detik 
Total Duration 175.99406099319 Detik 
------------------------- 
Tanggal: 12-02-2022 05:35:01 
Duration Download Forstok 12.78638792038 Detik
Duration Looping 700 Data 160.58459091187 Detik 
Total Duration 160.58470201492 Detik 
------------------------- 
Tanggal: 12-02-2022 05:40:01 
Duration Download Forstok 14.072255849838 Detik
Duration Looping 700 Data 153.08771777153 Detik 
Total Duration 153.08783197403 Detik 
------------------------- 
Tanggal: 12-02-2022 05:45:01 
Duration Download Forstok 14.469642877579 Detik
Duration Looping 700 Data 164.13605093956 Detik 
Total Duration 164.13616895676 Detik 
------------------------- 
Tanggal: 12-02-2022 05:50:01 
Duration Download Forstok 12.178766965866 Detik
Duration Looping 700 Data 157.97351408005 Detik 
Total Duration 157.9736199379 Detik 
------------------------- 
Tanggal: 12-02-2022 05:55:01 
Duration Download Forstok 13.753462791443 Detik
Duration Looping 700 Data 153.14798784256 Detik 
Total Duration 153.14810395241 Detik 
------------------------- 
Tanggal: 12-02-2022 06:00:01 
Duration Download Forstok 16.661254882812 Detik
Duration Looping 700 Data 158.1693379879 Detik 
Total Duration 158.16945004463 Detik 
------------------------- 
Tanggal: 12-02-2022 06:05:01 
Duration Download Forstok 16.695852041245 Detik
Duration Looping 700 Data 161.91043281555 Detik 
Total Duration 161.91054582596 Detik 
------------------------- 
Tanggal: 12-02-2022 06:10:01 
Duration Download Forstok 14.080663204193 Detik
Duration Looping 700 Data 158.85636115074 Detik 
Total Duration 158.85647201538 Detik 
------------------------- 
Tanggal: 12-02-2022 06:15:01 
Duration Download Forstok 16.048323869705 Detik
Duration Looping 700 Data 154.12770986557 Detik 
Total Duration 154.12782382965 Detik 
------------------------- 
Tanggal: 12-02-2022 06:20:01 
Duration Download Forstok 13.331660985947 Detik
Duration Looping 700 Data 163.31238985062 Detik 
Total Duration 163.31250286102 Detik 
------------------------- 
Tanggal: 12-02-2022 06:25:01 
Duration Download Forstok 12.561363935471 Detik
Duration Looping 700 Data 154.56965589523 Detik 
Total Duration 154.56978297234 Detik 
------------------------- 
Tanggal: 12-02-2022 06:30:01 
Duration Download Forstok 15.438410043716 Detik
Duration Looping 700 Data 156.91865301132 Detik 
Total Duration 156.9187810421 Detik 
------------------------- 
Tanggal: 12-02-2022 06:35:01 
Duration Download Forstok 13.435146093369 Detik
Duration Looping 700 Data 155.54917216301 Detik 
Total Duration 155.54929113388 Detik 
------------------------- 
Tanggal: 12-02-2022 06:40:01 
Duration Download Forstok 14.111647129059 Detik
Duration Looping 700 Data 161.89703321457 Detik 
Total Duration 161.89714217186 Detik 
------------------------- 
Tanggal: 12-02-2022 06:45:01 
Duration Download Forstok 15.728039979935 Detik
Duration Looping 700 Data 156.92461299896 Detik 
Total Duration 156.92472791672 Detik 
------------------------- 
Tanggal: 12-02-2022 06:50:01 
Duration Download Forstok 12.638290882111 Detik
Duration Looping 700 Data 189.36330890656 Detik 
Total Duration 189.3634250164 Detik 
------------------------- 
Tanggal: 12-02-2022 06:55:01 
Duration Download Forstok 14.178102016449 Detik
Duration Looping 700 Data 154.82919311523 Detik 
Total Duration 154.82930111885 Detik 
------------------------- 
Tanggal: 12-02-2022 07:00:01 
Duration Download Forstok 14.978466033936 Detik
Duration Looping 700 Data 165.53254508972 Detik 
Total Duration 165.53265309334 Detik 
------------------------- 
Tanggal: 12-02-2022 07:05:01 
Duration Download Forstok 19.915085077286 Detik
Duration Looping 700 Data 157.62804913521 Detik 
Total Duration 157.62815713882 Detik 
------------------------- 
Tanggal: 12-02-2022 07:10:01 
Duration Download Forstok 19.834271907806 Detik
Duration Looping 700 Data 159.8167989254 Detik 
Total Duration 159.81693196297 Detik 
------------------------- 
Tanggal: 12-02-2022 07:15:01 
Duration Download Forstok 21.779487133026 Detik
Duration Looping 700 Data 166.75262308121 Detik 
Total Duration 166.75274300575 Detik 
------------------------- 
Tanggal: 12-02-2022 07:20:01 
Duration Download Forstok 15.467442035675 Detik
Duration Looping 700 Data 172.403632164 Detik 
Total Duration 172.40376114845 Detik 
------------------------- 
Tanggal: 12-02-2022 07:25:01 
Duration Download Forstok 13.740051984787 Detik
Duration Looping 700 Data 159.22872304916 Detik 
Total Duration 159.22883105278 Detik 
------------------------- 
Tanggal: 12-02-2022 07:30:01 
Duration Download Forstok 14.451185941696 Detik
Duration Looping 700 Data 152.61981201172 Detik 
Total Duration 152.61992788315 Detik 
------------------------- 
Tanggal: 12-02-2022 07:35:01 
Duration Download Forstok 13.228837966919 Detik
Duration Looping 700 Data 153.45058298111 Detik 
Total Duration 153.45069694519 Detik 
------------------------- 
Tanggal: 12-02-2022 07:40:01 
Duration Download Forstok 14.336974859238 Detik
Duration Looping 700 Data 155.81514883041 Detik 
Total Duration 155.81526184082 Detik 
------------------------- 
Tanggal: 12-02-2022 07:45:01 
Duration Download Forstok 16.0606341362 Detik
Duration Looping 700 Data 154.7257771492 Detik 
Total Duration 154.72589898109 Detik 
------------------------- 
Tanggal: 12-02-2022 07:50:01 
Duration Download Forstok 15.720717191696 Detik
Duration Looping 700 Data 159.46403813362 Detik 
Total Duration 159.46415901184 Detik 
------------------------- 
Tanggal: 12-02-2022 07:55:01 
Duration Download Forstok 12.94165802002 Detik
Duration Looping 700 Data 151.64485383034 Detik 
Total Duration 151.64496684074 Detik 
------------------------- 
Tanggal: 12-02-2022 08:00:01 
Duration Download Forstok 15.907726049423 Detik
Duration Looping 700 Data 160.36425995827 Detik 
Total Duration 160.36436891556 Detik 
------------------------- 
Tanggal: 12-02-2022 08:05:01 
Duration Download Forstok 15.666738986969 Detik
Duration Looping 700 Data 155.70657801628 Detik 
Total Duration 155.70669794083 Detik 
------------------------- 
Tanggal: 12-02-2022 08:10:01 
Duration Download Forstok 14.338103055954 Detik
Duration Looping 700 Data 158.27312302589 Detik 
Total Duration 158.27323198318 Detik 
------------------------- 
Tanggal: 12-02-2022 08:15:01 
Duration Download Forstok 17.624096155167 Detik
Duration Looping 700 Data 170.21507000923 Detik 
Total Duration 170.21521115303 Detik 
------------------------- 
Tanggal: 12-02-2022 08:20:01 
Duration Download Forstok 13.388060092926 Detik
Duration Looping 700 Data 164.81891918182 Detik 
Total Duration 164.81903409958 Detik 
------------------------- 
Tanggal: 12-02-2022 08:25:01 
Duration Download Forstok 11.262807130814 Detik
Duration Looping 700 Data 158.57563519478 Detik 
Total Duration 158.57574820518 Detik 
------------------------- 
Tanggal: 12-02-2022 08:30:01 
Duration Download Forstok 17.104712963104 Detik
Duration Looping 700 Data 168.71235489845 Detik 
Total Duration 168.7124710083 Detik 
------------------------- 
Tanggal: 12-02-2022 08:35:01 
Duration Download Forstok 18.001734018326 Detik
Duration Looping 700 Data 166.71049714088 Detik 
Total Duration 166.71062207222 Detik 
------------------------- 
Tanggal: 12-02-2022 08:40:01 
Duration Download Forstok 14.451351165771 Detik
Duration Looping 700 Data 169.11494207382 Detik 
Total Duration 169.11505508423 Detik 
------------------------- 
Tanggal: 12-02-2022 08:45:01 
Duration Download Forstok 22.300174951553 Detik
Duration Looping 700 Data 172.37106990814 Detik 
Total Duration 172.37118387222 Detik 
------------------------- 
Tanggal: 12-02-2022 08:50:01 
Duration Download Forstok 15.892333984375 Detik
Duration Looping 700 Data 168.02336287498 Detik 
Total Duration 168.02346587181 Detik 
------------------------- 
Tanggal: 12-02-2022 08:55:01 
Duration Download Forstok 18.614867925644 Detik
Duration Looping 700 Data 169.31563186646 Detik 
Total Duration 169.31575202942 Detik 
------------------------- 
Tanggal: 12-02-2022 09:00:01 
Duration Download Forstok 14.177254915237 Detik
Duration Looping 700 Data 161.18514895439 Detik 
Total Duration 161.1852619648 Detik 
------------------------- 
Tanggal: 12-02-2022 09:05:01 
Duration Download Forstok 18.898050069809 Detik
Duration Looping 700 Data 175.1455039978 Detik 
Total Duration 175.14570784569 Detik 
------------------------- 
Tanggal: 12-02-2022 09:10:01 
Duration Download Forstok 14.737293958664 Detik
Duration Looping 700 Data 162.14462399483 Detik 
Total Duration 162.14472579956 Detik 
------------------------- 
Tanggal: 12-02-2022 09:15:01 
Duration Download Forstok 18.645714044571 Detik
Duration Looping 700 Data 167.42412209511 Detik 
Total Duration 167.42423415184 Detik 
------------------------- 
Tanggal: 12-02-2022 09:20:01 
Duration Download Forstok 16.091444015503 Detik
Duration Looping 700 Data 165.27586102486 Detik 
Total Duration 165.27597403526 Detik 
------------------------- 
Tanggal: 12-02-2022 09:25:01 
Duration Download Forstok 13.590416908264 Detik
Duration Looping 700 Data 160.30838799477 Detik 
Total Duration 160.30847477913 Detik 
------------------------- 
Tanggal: 12-02-2022 09:30:01 
Duration Download Forstok 19.36199593544 Detik
Duration Looping 700 Data 164.43189287186 Detik 
Total Duration 164.43198394775 Detik 
------------------------- 
Tanggal: 12-02-2022 09:35:01 
Duration Download Forstok 13.016788959503 Detik
Duration Looping 700 Data 161.92221999168 Detik 
Total Duration 161.92231297493 Detik 
------------------------- 
Tanggal: 12-02-2022 09:40:01 
Duration Download Forstok 13.91722202301 Detik
Duration Looping 700 Data 165.42213988304 Detik 
Total Duration 165.42223405838 Detik 
------------------------- 
Tanggal: 12-02-2022 09:45:01 
Duration Download Forstok 17.918459892273 Detik
Duration Looping 700 Data 168.4724509716 Detik 
Total Duration 168.4725689888 Detik 
------------------------- 
Tanggal: 12-02-2022 09:50:01 
Duration Download Forstok 13.27496099472 Detik
Duration Looping 700 Data 165.80045795441 Detik 
Total Duration 165.8005437851 Detik 
------------------------- 
Tanggal: 12-02-2022 09:55:01 
Duration Download Forstok 15.944157838821 Detik
Duration Looping 700 Data 164.65523695946 Detik 
Total Duration 164.65532183647 Detik 
------------------------- 
Tanggal: 12-02-2022 10:00:01 
Duration Download Forstok 17.453455924988 Detik
Duration Looping 700 Data 165.87706494331 Detik 
Total Duration 165.87718605995 Detik 
------------------------- 
Tanggal: 12-02-2022 10:05:01 
Duration Download Forstok 22.172406196594 Detik
Duration Looping 700 Data 171.2058570385 Detik 
Total Duration 171.20597100258 Detik 
------------------------- 
Tanggal: 12-02-2022 10:10:01 
Duration Download Forstok 13.638914108276 Detik
Duration Looping 700 Data 164.44002199173 Detik 
Total Duration 164.44010615349 Detik 
------------------------- 
Tanggal: 12-02-2022 10:15:01 
Duration Download Forstok 14.820220947266 Detik
Duration Looping 700 Data 170.34841704369 Detik 
Total Duration 170.34852695465 Detik 
------------------------- 
Tanggal: 12-02-2022 10:20:01 
Duration Download Forstok 13.838707923889 Detik
Duration Looping 700 Data 163.63295602798 Detik 
Total Duration 163.63303899765 Detik 
------------------------- 
Tanggal: 12-02-2022 10:25:01 
Duration Download Forstok 12.491348981857 Detik
Duration Looping 700 Data 164.50472307205 Detik 
Total Duration 164.50483107567 Detik 
------------------------- 
Tanggal: 12-02-2022 10:30:01 
Duration Download Forstok 15.053515911102 Detik
Duration Looping 700 Data 170.57406806946 Detik 
Total Duration 170.57418394089 Detik 
------------------------- 
Tanggal: 12-02-2022 10:35:01 
Duration Download Forstok 14.083205938339 Detik
Duration Looping 700 Data 164.99500894547 Detik 
Total Duration 164.99513792992 Detik 
------------------------- 
Tanggal: 12-02-2022 10:40:01 
Duration Download Forstok 16.165645837784 Detik
Duration Looping 700 Data 168.64291191101 Detik 
Total Duration 168.64303398132 Detik 
------------------------- 
Tanggal: 12-02-2022 10:45:01 
Duration Download Forstok 14.732139825821 Detik
Duration Looping 700 Data 166.25727200508 Detik 
Total Duration 166.25738883018 Detik 
------------------------- 
Tanggal: 12-02-2022 10:50:01 
Duration Download Forstok 18.555979967117 Detik
Duration Looping 700 Data 170.88829708099 Detik 
Total Duration 170.88840389252 Detik 
------------------------- 
Tanggal: 12-02-2022 10:55:01 
Duration Download Forstok 12.542294979095 Detik
Duration Looping 700 Data 161.26075410843 Detik 
Total Duration 161.26085710526 Detik 
------------------------- 
Tanggal: 12-02-2022 11:00:01 
Duration Download Forstok 16.754279136658 Detik
Duration Looping 700 Data 166.193816185 Detik 
Total Duration 166.19390511513 Detik 
------------------------- 
Tanggal: 12-02-2022 11:05:01 
Duration Download Forstok 19.640828132629 Detik
Duration Looping 700 Data 168.14964413643 Detik 
Total Duration 168.14975214005 Detik 
------------------------- 
Tanggal: 12-02-2022 11:10:01 
Duration Download Forstok 14.275968074799 Detik
Duration Looping 700 Data 165.79573702812 Detik 
Total Duration 165.79583215714 Detik 
------------------------- 
Tanggal: 12-02-2022 11:15:01 
Duration Download Forstok 15.75129199028 Detik
Duration Looping 700 Data 170.85371208191 Detik 
Total Duration 170.85380411148 Detik 
------------------------- 
Tanggal: 12-02-2022 11:20:01 
Duration Download Forstok 14.105510950089 Detik
Duration Looping 700 Data 166.19536185265 Detik 
Total Duration 166.19546294212 Detik 
------------------------- 
Tanggal: 12-02-2022 11:25:01 
Duration Download Forstok 12.407381057739 Detik
Duration Looping 700 Data 163.52005791664 Detik 
Total Duration 163.52017307281 Detik 
------------------------- 
Tanggal: 12-02-2022 11:30:01 
Duration Download Forstok 14.908384799957 Detik
Duration Looping 700 Data 165.87702178955 Detik 
Total Duration 165.87713479996 Detik 
------------------------- 
Tanggal: 12-02-2022 11:35:01 
Duration Download Forstok 14.356166124344 Detik
Duration Looping 700 Data 165.70530414581 Detik 
Total Duration 165.70542216301 Detik 
------------------------- 
Tanggal: 12-02-2022 11:40:01 
Duration Download Forstok 13.367784976959 Detik
Duration Looping 700 Data 168.59870409966 Detik 
Total Duration 168.59883117676 Detik 
------------------------- 
Tanggal: 12-02-2022 11:45:01 
Duration Download Forstok 23.158014059067 Detik
Duration Looping 700 Data 173.43265795708 Detik 
Total Duration 173.43275594711 Detik 
------------------------- 
Tanggal: 12-02-2022 11:50:01 
Duration Download Forstok 13.862620830536 Detik
Duration Looping 700 Data 169.48810100555 Detik 
Total Duration 169.48823595047 Detik 
------------------------- 
Tanggal: 12-02-2022 11:55:01 
Duration Download Forstok 15.952899932861 Detik
Duration Looping 700 Data 178.17945504189 Detik 
Total Duration 178.17954897881 Detik 
------------------------- 
Tanggal: 12-02-2022 12:00:01 
Duration Download Forstok 17.475961923599 Detik
Duration Looping 700 Data 189.71529984474 Detik 
Total Duration 189.71540784836 Detik 
------------------------- 
Tanggal: 12-02-2022 12:05:01 
Duration Download Forstok 19.142930984497 Detik
Duration Looping 700 Data 164.60737085342 Detik 
Total Duration 164.60747003555 Detik 
------------------------- 
Tanggal: 12-02-2022 12:10:01 
Duration Download Forstok 15.11518907547 Detik
Duration Looping 700 Data 168.54614806175 Detik 
Total Duration 168.54625606537 Detik 
------------------------- 
Tanggal: 12-02-2022 12:15:01 
Duration Download Forstok 26.591632127762 Detik
Duration Looping 700 Data 175.41797494888 Detik 
Total Duration 175.41807103157 Detik 
------------------------- 
Tanggal: 12-02-2022 12:20:01 
Duration Download Forstok 18.612432003021 Detik
Duration Looping 700 Data 168.33561587334 Detik 
Total Duration 168.33570098877 Detik 
------------------------- 
Tanggal: 12-02-2022 12:25:01 
Duration Download Forstok 15.08202791214 Detik
Duration Looping 700 Data 163.82162904739 Detik 
Total Duration 163.82173299789 Detik 
------------------------- 
Tanggal: 12-02-2022 12:30:01 
Duration Download Forstok 19.020373106003 Detik
Duration Looping 700 Data 174.91283106804 Detik 
Total Duration 174.91296505928 Detik 
------------------------- 
Tanggal: 12-02-2022 12:35:01 
Duration Download Forstok 13.699284076691 Detik
Duration Looping 700 Data 166.14380502701 Detik 
Total Duration 166.14392113686 Detik 
------------------------- 
Tanggal: 12-02-2022 12:40:01 
Duration Download Forstok 12.520399093628 Detik
Duration Looping 700 Data 160.54517889023 Detik 
Total Duration 160.54526090622 Detik 
------------------------- 
Tanggal: 12-02-2022 12:45:01 
Duration Download Forstok 22.890230894089 Detik
Duration Looping 700 Data 171.79397201538 Detik 
Total Duration 171.79409003258 Detik 
------------------------- 
Tanggal: 12-02-2022 12:50:01 
Duration Download Forstok 14.260939836502 Detik
Duration Looping 700 Data 161.88070583344 Detik 
Total Duration 161.88081693649 Detik 
------------------------- 
Tanggal: 12-02-2022 12:55:01 
Duration Download Forstok 13.493139982224 Detik
Duration Looping 700 Data 163.13733386993 Detik 
Total Duration 163.1374437809 Detik 
------------------------- 
Tanggal: 12-02-2022 13:00:01 
Duration Download Forstok 15.499063968658 Detik
Duration Looping 700 Data 165.485257864 Detik 
Total Duration 165.48536896706 Detik 
------------------------- 
Tanggal: 12-02-2022 13:05:01 
Duration Download Forstok 18.654788970947 Detik
Duration Looping 700 Data 170.96165990829 Detik 
Total Duration 170.96176981926 Detik 
------------------------- 
Tanggal: 12-02-2022 13:10:01 
Duration Download Forstok 14.461356878281 Detik
Duration Looping 700 Data 157.1532728672 Detik 
Total Duration 157.15338087082 Detik 
------------------------- 
Tanggal: 12-02-2022 13:15:01 
Duration Download Forstok 19.588851928711 Detik
Duration Looping 700 Data 160.79547405243 Detik 
Total Duration 160.79558610916 Detik 
------------------------- 
Tanggal: 12-02-2022 13:20:01 
Duration Download Forstok 15.315849065781 Detik
Duration Looping 700 Data 158.67077922821 Detik 
Total Duration 158.67088508606 Detik 
------------------------- 
Tanggal: 12-02-2022 13:25:01 
Duration Download Forstok 13.620212078094 Detik
Duration Looping 700 Data 158.03156614304 Detik 
Total Duration 158.03167915344 Detik 
------------------------- 
Tanggal: 12-02-2022 13:30:01 
Duration Download Forstok 16.859025001526 Detik
Duration Looping 700 Data 162.04987692833 Detik 
Total Duration 162.0499920845 Detik 
------------------------- 
Tanggal: 12-02-2022 13:35:01 
Duration Download Forstok 13.977246046066 Detik
Duration Looping 700 Data 157.88535094261 Detik 
Total Duration 157.88543987274 Detik 
------------------------- 
Tanggal: 12-02-2022 13:40:01 
Duration Download Forstok 14.833571910858 Detik
Duration Looping 700 Data 157.42921495438 Detik 
Total Duration 157.42932391167 Detik 
------------------------- 
Tanggal: 12-02-2022 13:45:01 
Duration Download Forstok 22.08268404007 Detik
Duration Looping 700 Data 170.34362506866 Detik 
Total Duration 170.34373903275 Detik 
------------------------- 
Tanggal: 12-02-2022 13:50:01 
Duration Download Forstok 13.64355802536 Detik
Duration Looping 700 Data 160.18141007423 Detik 
Total Duration 160.18152403831 Detik 
------------------------- 
Tanggal: 12-02-2022 13:55:01 
Duration Download Forstok 13.554239988327 Detik
Duration Looping 700 Data 160.27405500412 Detik 
Total Duration 160.27419781685 Detik 
------------------------- 
Tanggal: 12-02-2022 14:00:01 
Duration Download Forstok 14.819165945053 Detik
Duration Looping 700 Data 154.45310997963 Detik 
Total Duration 154.45322084427 Detik 
------------------------- 
Tanggal: 12-02-2022 14:05:01 
Duration Download Forstok 27.307821035385 Detik
Duration Looping 700 Data 170.48900914192 Detik 
Total Duration 170.48912119865 Detik 
------------------------- 
Tanggal: 12-02-2022 14:10:01 
Duration Download Forstok 23.950943946838 Detik
Duration Looping 700 Data 162.55591487885 Detik 
Total Duration 162.55603289604 Detik 
------------------------- 
Tanggal: 12-02-2022 14:15:01 
Duration Download Forstok 21.937233924866 Detik
Duration Looping 700 Data 160.1743209362 Detik 
Total Duration 160.17444992065 Detik 
------------------------- 
Tanggal: 12-02-2022 14:20:01 
Duration Download Forstok 17.942407131195 Detik
Duration Looping 700 Data 157.94444108009 Detik 
Total Duration 157.94455599785 Detik 
------------------------- 
Tanggal: 12-02-2022 14:25:01 
Duration Download Forstok 12.409661054611 Detik
Duration Looping 700 Data 167.3569688797 Detik 
Total Duration 167.3570959568 Detik 
------------------------- 
Tanggal: 12-02-2022 14:30:01 
Duration Download Forstok 14.548182010651 Detik
Duration Looping 700 Data 153.91770005226 Detik 
Total Duration 153.91781210899 Detik 
------------------------- 
Tanggal: 12-02-2022 14:35:02 
Duration Download Forstok 19.528506040573 Detik
Duration Looping 700 Data 171.02693915367 Detik 
Total Duration 171.02704811096 Detik 
------------------------- 
Tanggal: 12-02-2022 14:40:01 
Duration Download Forstok 14.627082109451 Detik
Duration Looping 700 Data 165.16585206985 Detik 
Total Duration 165.16596317291 Detik 
------------------------- 
Tanggal: 12-02-2022 14:45:01 
Duration Download Forstok 20.163218975067 Detik
Duration Looping 700 Data 165.25948405266 Detik 
Total Duration 165.25959396362 Detik 
------------------------- 
Tanggal: 12-02-2022 14:50:01 
Duration Download Forstok 19.252758979797 Detik
Duration Looping 700 Data 168.10200190544 Detik 
Total Duration 168.10211086273 Detik 
------------------------- 
Tanggal: 12-02-2022 14:55:01 
Duration Download Forstok 13.139053106308 Detik
Duration Looping 700 Data 158.82401204109 Detik 
Total Duration 158.82412314415 Detik 
------------------------- 
Tanggal: 12-02-2022 15:00:01 
Duration Download Forstok 18.158890008926 Detik
Duration Looping 700 Data 165.14282894135 Detik 
Total Duration 165.14294695854 Detik 
------------------------- 
Tanggal: 12-02-2022 15:05:01 
Duration Download Forstok 20.734303951263 Detik
Duration Looping 700 Data 170.54746699333 Detik 
Total Duration 170.54759407043 Detik 
------------------------- 
Tanggal: 12-02-2022 15:10:01 
Duration Download Forstok 13.875674009323 Detik
Duration Looping 700 Data 154.96997690201 Detik 
Total Duration 154.97008681297 Detik 
------------------------- 
Tanggal: 12-02-2022 15:15:01 
Duration Download Forstok 17.714694976807 Detik
Duration Looping 700 Data 163.00795698166 Detik 
Total Duration 163.00808596611 Detik 
------------------------- 
Tanggal: 12-02-2022 15:20:01 
Duration Download Forstok 14.953206062317 Detik
Duration Looping 700 Data 164.20809102058 Detik 
Total Duration 164.2082118988 Detik 
------------------------- 
Tanggal: 12-02-2022 15:25:01 
Duration Download Forstok 13.013930797577 Detik
Duration Looping 700 Data 160.27167582512 Detik 
Total Duration 160.27179789543 Detik 
------------------------- 
Tanggal: 12-02-2022 15:30:01 
Duration Download Forstok 59.275559902191 Detik
Tanggal: 12-02-2022 15:35:01 
Duration Download Forstok 59.889097929001 Detik
Tanggal: 12-02-2022 15:40:01 
Duration Download Forstok 59.391614198685 Detik
Tanggal: 12-02-2022 15:45:01 
Duration Download Forstok 59.852710962296 Detik
Tanggal: 12-02-2022 15:50:01 
Duration Download Forstok 59.09614109993 Detik
Tanggal: 12-02-2022 15:55:01 
Duration Download Forstok 59.370126962662 Detik
Tanggal: 12-02-2022 16:00:01 
Duration Download Forstok 60.017091035843 Detik
Tanggal: 12-02-2022 16:05:01 
Duration Download Forstok 54.631019115448 Detik
Duration Looping 700 Data 215.94801521301 Detik 
Total Duration 215.94815301895 Detik 
------------------------- 
Tanggal: 12-02-2022 16:10:01 
Duration Download Forstok 45.723072052002 Detik
Duration Looping 700 Data 193.19171595573 Detik 
Total Duration 193.19183516502 Detik 
------------------------- 
Tanggal: 12-02-2022 16:15:01 
Duration Download Forstok 42.517505168915 Detik
Duration Looping 700 Data 189.14023303986 Detik 
Total Duration 189.14034700394 Detik 
------------------------- 
Tanggal: 12-02-2022 16:20:01 
Duration Download Forstok 35.070646047592 Detik
Duration Looping 700 Data 179.23378801346 Detik 
Total Duration 179.23389101028 Detik 
------------------------- 
Tanggal: 12-02-2022 16:25:01 
Duration Download Forstok 32.861574172974 Detik
Duration Looping 700 Data 182.72574710846 Detik 
Total Duration 182.72587609291 Detik 
------------------------- 
Tanggal: 12-02-2022 16:30:01 
Duration Download Forstok 59.623803138733 Detik
Tanggal: 12-02-2022 16:35:01 
Duration Download Forstok 59.324686050415 Detik
Tanggal: 12-02-2022 16:40:01 
Duration Download Forstok 59.17574596405 Detik
Tanggal: 12-02-2022 16:45:01 
Duration Download Forstok 59.938763856888 Detik
Tanggal: 12-02-2022 16:50:01 
Duration Download Forstok 59.778969049454 Detik
Tanggal: 12-02-2022 16:55:01 
Duration Download Forstok 59.906629085541 Detik
Tanggal: 12-02-2022 17:00:02 
Duration Download Forstok 46.775341033936 Detik
Duration Looping 700 Data 198.67042207718 Detik 
Total Duration 198.67053389549 Detik 
------------------------- 
Tanggal: 12-02-2022 17:05:01 
Duration Download Forstok 25.642392873764 Detik
Duration Looping 700 Data 181.02522993088 Detik 
Total Duration 181.02533888817 Detik 
------------------------- 
Tanggal: 12-02-2022 17:10:02 
Duration Download Forstok 18.3147149086 Detik
Duration Looping 700 Data 160.84570598602 Detik 
Total Duration 160.84581685066 Detik 
------------------------- 
Tanggal: 12-02-2022 17:15:01 
Duration Download Forstok 17.224622964859 Detik
Duration Looping 700 Data 161.28946590424 Detik 
Total Duration 161.28958106041 Detik 
------------------------- 
Tanggal: 12-02-2022 17:20:01 
Duration Download Forstok 18.225688934326 Detik
Duration Looping 700 Data 164.85264897346 Detik 
Total Duration 164.8527700901 Detik 
------------------------- 
Tanggal: 12-02-2022 17:25:01 
Duration Download Forstok 13.639917135239 Detik
Duration Looping 700 Data 156.3219909668 Detik 
Total Duration 156.32210612297 Detik 
------------------------- 
Tanggal: 12-02-2022 17:30:01 
Duration Download Forstok 15.218368053436 Detik
Duration Looping 700 Data 169.80847597122 Detik 
Total Duration 169.80858612061 Detik 
------------------------- 
Tanggal: 12-02-2022 17:35:01 
Duration Download Forstok 17.648126125336 Detik
Duration Looping 700 Data 179.44013905525 Detik 
Total Duration 179.44024515152 Detik 
------------------------- 
Tanggal: 12-02-2022 17:40:01 
Duration Download Forstok 14.580555915833 Detik
Duration Looping 700 Data 163.52172803879 Detik 
Total Duration 163.5218360424 Detik 
------------------------- 
Tanggal: 12-02-2022 17:45:01 
Duration Download Forstok 20.588405847549 Detik
Duration Looping 700 Data 168.62622094154 Detik 
Total Duration 168.62633085251 Detik 
------------------------- 
Tanggal: 12-02-2022 17:50:01 
Duration Download Forstok 13.255995035172 Detik
Duration Looping 700 Data 156.72089505196 Detik 
Total Duration 156.7210111618 Detik 
------------------------- 
Tanggal: 12-02-2022 17:55:01 
Duration Download Forstok 13.048608064651 Detik
Duration Looping 700 Data 155.88431096077 Detik 
Total Duration 155.88441991806 Detik 
------------------------- 
Tanggal: 12-02-2022 18:00:01 
Duration Download Forstok 16.261336088181 Detik
Duration Looping 700 Data 161.7610809803 Detik 
Total Duration 161.76120018959 Detik 
------------------------- 
Tanggal: 12-02-2022 18:05:01 
Duration Download Forstok 19.93269109726 Detik
Duration Looping 700 Data 167.33913111687 Detik 
Total Duration 167.33924508095 Detik 
------------------------- 
Tanggal: 12-02-2022 18:10:01 
Duration Download Forstok 14.776319980621 Detik
Duration Looping 700 Data 164.92010807991 Detik 
Total Duration 164.92022109032 Detik 
------------------------- 
Tanggal: 12-02-2022 18:15:01 
Duration Download Forstok 17.382482051849 Detik
Duration Looping 700 Data 158.93235492706 Detik 
Total Duration 158.93247103691 Detik 
------------------------- 
Tanggal: 12-02-2022 18:20:01 
Duration Download Forstok 13.365988969803 Detik
Duration Looping 700 Data 158.45445084572 Detik 
Total Duration 158.45456600189 Detik 
------------------------- 
Tanggal: 12-02-2022 18:25:01 
Duration Download Forstok 21.544299125671 Detik
Duration Looping 700 Data 161.64307594299 Detik 
Total Duration 161.64319014549 Detik 
------------------------- 
Tanggal: 12-02-2022 18:30:01 
Duration Download Forstok 19.822860956192 Detik
Duration Looping 700 Data 168.10509395599 Detik 
Total Duration 168.10520100594 Detik 
------------------------- 
Tanggal: 12-02-2022 18:35:01 
Duration Download Forstok 14.26701593399 Detik
Duration Looping 700 Data 158.94640207291 Detik 
Total Duration 158.94651198387 Detik 
------------------------- 
Tanggal: 12-02-2022 18:40:01 
Duration Download Forstok 17.002623081207 Detik
Duration Looping 700 Data 161.47326803207 Detik 
Total Duration 161.47337508202 Detik 
------------------------- 
Tanggal: 12-02-2022 18:45:02 
Duration Download Forstok 19.495814085007 Detik
Duration Looping 700 Data 162.33743810654 Detik 
Total Duration 162.33755207062 Detik 
------------------------- 
Tanggal: 12-02-2022 18:50:01 
Duration Download Forstok 14.557205915451 Detik
Duration Looping 700 Data 165.36349391937 Detik 
Total Duration 165.36360883713 Detik 
------------------------- 
Tanggal: 12-02-2022 18:55:01 
Duration Download Forstok 14.170440912247 Detik
Duration Looping 700 Data 164.51499795914 Detik 
Total Duration 164.5151181221 Detik 
------------------------- 
Tanggal: 12-02-2022 19:00:01 
Duration Download Forstok 16.464826822281 Detik
Duration Looping 700 Data 159.08624792099 Detik 
Total Duration 159.08638596535 Detik 
------------------------- 
Tanggal: 12-02-2022 19:05:01 
Duration Download Forstok 21.761713981628 Detik
Duration Looping 700 Data 172.16061306 Detik 
Total Duration 172.16072416306 Detik 
------------------------- 
Tanggal: 12-02-2022 19:10:01 
Duration Download Forstok 15.043526887894 Detik
Duration Looping 700 Data 157.67451190948 Detik 
Total Duration 157.67464995384 Detik 
------------------------- 
Tanggal: 12-02-2022 19:15:01 
Duration Download Forstok 23.03061413765 Detik
Duration Looping 700 Data 169.31671905518 Detik 
Total Duration 169.31683397293 Detik 
------------------------- 
Tanggal: 12-02-2022 19:20:01 
Duration Download Forstok 14.833834886551 Detik
Duration Looping 700 Data 165.23384785652 Detik 
Total Duration 165.23396205902 Detik 
------------------------- 
Tanggal: 12-02-2022 19:25:01 
Duration Download Forstok 12.751686096191 Detik
Duration Looping 700 Data 162.16834497452 Detik 
Total Duration 162.16845488548 Detik 
------------------------- 
Tanggal: 12-02-2022 19:30:01 
Duration Download Forstok 13.675498962402 Detik
Duration Looping 700 Data 177.41313695908 Detik 
Total Duration 177.41325688362 Detik 
------------------------- 
Tanggal: 12-02-2022 19:35:01 
Duration Download Forstok 14.442794084549 Detik
Duration Looping 700 Data 167.82414102554 Detik 
Total Duration 167.82426905632 Detik 
------------------------- 
Tanggal: 12-02-2022 19:40:01 
Duration Download Forstok 14.047667980194 Detik
Duration Looping 700 Data 157.4052798748 Detik 
Total Duration 157.40539503098 Detik 
------------------------- 
Tanggal: 12-02-2022 19:45:01 
Duration Download Forstok 18.94872713089 Detik
Duration Looping 700 Data 163.65656399727 Detik 
Total Duration 163.65667414665 Detik 
------------------------- 
Tanggal: 12-02-2022 19:50:01 
Duration Download Forstok 14.644992113113 Detik
Duration Looping 700 Data 159.89806008339 Detik 
Total Duration 159.89820218086 Detik 
------------------------- 
Tanggal: 12-02-2022 19:55:02 
Duration Download Forstok 12.709295034409 Detik
Duration Looping 700 Data 175.73293805122 Detik 
Total Duration 175.73304891586 Detik 
------------------------- 
Tanggal: 12-02-2022 20:00:01 
Duration Download Forstok 15.967339038849 Detik
Duration Looping 700 Data 159.67165493965 Detik 
Total Duration 159.67176508904 Detik 
------------------------- 
Tanggal: 12-02-2022 20:05:01 
Duration Download Forstok 19.703923940659 Detik
Duration Looping 700 Data 162.3719959259 Detik 
Total Duration 162.37211799622 Detik 
------------------------- 
Tanggal: 12-02-2022 20:10:01 
Duration Download Forstok 15.09961104393 Detik
Duration Looping 700 Data 158.38318896294 Detik 
Total Duration 158.38330197334 Detik 
------------------------- 
Tanggal: 12-02-2022 20:15:01 
Duration Download Forstok 13.605583906174 Detik
Duration Looping 700 Data 155.68327283859 Detik 
Total Duration 155.68338489532 Detik 
------------------------- 
Tanggal: 12-02-2022 20:20:02 
Duration Download Forstok 15.38169002533 Detik
Duration Looping 700 Data 158.28306102753 Detik 
Total Duration 158.28322696686 Detik 
------------------------- 
Tanggal: 12-02-2022 20:25:01 
Duration Download Forstok 14.562099933624 Detik
Duration Looping 700 Data 160.85988807678 Detik 
Total Duration 160.86000609398 Detik 
------------------------- 
Tanggal: 12-02-2022 20:30:01 
Duration Download Forstok 14.703598022461 Detik
Duration Looping 700 Data 156.88648581505 Detik 
Total Duration 156.88659596443 Detik 
------------------------- 
Tanggal: 12-02-2022 20:35:02 
Duration Download Forstok 15.36309504509 Detik
Duration Looping 700 Data 162.68136620522 Detik 
Total Duration 162.68147110939 Detik 
------------------------- 
Tanggal: 12-02-2022 20:40:01 
Duration Download Forstok 15.193127155304 Detik
Duration Looping 700 Data 156.33450102806 Detik 
Total Duration 156.33461308479 Detik 
------------------------- 
Tanggal: 12-02-2022 20:45:01 
Duration Download Forstok 20.54816699028 Detik
Duration Looping 700 Data 170.39709186554 Detik 
Total Duration 170.39720082283 Detik 
------------------------- 
Tanggal: 12-02-2022 20:50:01 
Duration Download Forstok 13.836762905121 Detik
Duration Looping 700 Data 158.73514008522 Detik 
Total Duration 158.73526597023 Detik 
------------------------- 
Tanggal: 12-02-2022 20:55:01 
Duration Download Forstok 14.182101964951 Detik
Duration Looping 700 Data 158.46176981926 Detik 
Total Duration 158.46187901497 Detik 
------------------------- 
Tanggal: 12-02-2022 21:00:01 
Duration Download Forstok 14.008943796158 Detik
Duration Looping 700 Data 162.16587901115 Detik 
Total Duration 162.16600179672 Detik 
------------------------- 
Tanggal: 12-02-2022 21:05:01 
Duration Download Forstok 18.307336091995 Detik
Duration Looping 700 Data 167.75928497314 Detik 
Total Duration 167.75939512253 Detik 
------------------------- 
Tanggal: 12-02-2022 21:10:01 
Duration Download Forstok 14.875578165054 Detik
Duration Looping 700 Data 162.45995211601 Detik 
Total Duration 162.46006608009 Detik 
------------------------- 
Tanggal: 12-02-2022 21:15:01 
Duration Download Forstok 17.556262016296 Detik
Duration Looping 700 Data 164.48028707504 Detik 
Total Duration 164.48040699959 Detik 
------------------------- 
Tanggal: 12-02-2022 21:20:01 
Duration Download Forstok 22.856544971466 Detik
Duration Looping 700 Data 170.23930311203 Detik 
Total Duration 170.23941493034 Detik 
------------------------- 
Tanggal: 12-02-2022 21:25:01 
Duration Download Forstok 14.642250061035 Detik
Duration Looping 700 Data 162.96114706993 Detik 
Total Duration 162.96125102043 Detik 
------------------------- 
Tanggal: 12-02-2022 21:30:01 
Duration Download Forstok 14.451148033142 Detik
Duration Looping 700 Data 165.77629709244 Detik 
Total Duration 165.77644014359 Detik 
------------------------- 
Tanggal: 12-02-2022 21:35:01 
Duration Download Forstok 23.394673109055 Detik
Duration Looping 700 Data 170.48901414871 Detik 
Total Duration 170.48912811279 Detik 
------------------------- 
Tanggal: 12-02-2022 21:40:01 
Duration Download Forstok 14.334506034851 Detik
Duration Looping 700 Data 158.57498502731 Detik 
Total Duration 158.57511091232 Detik 
------------------------- 
Tanggal: 12-02-2022 21:45:01 
Duration Download Forstok 19.926877975464 Detik
Duration Looping 700 Data 162.93346691132 Detik 
Total Duration 162.93359088898 Detik 
------------------------- 
Tanggal: 12-02-2022 21:50:01 
Duration Download Forstok 19.796152830124 Detik
Duration Looping 700 Data 163.90931296349 Detik 
Total Duration 163.90942597389 Detik 
------------------------- 
Tanggal: 12-02-2022 21:55:01 
Duration Download Forstok 19.567973136902 Detik
Duration Looping 700 Data 166.40741109848 Detik 
Total Duration 166.407528162 Detik 
------------------------- 
Tanggal: 12-02-2022 22:00:01 
Duration Download Forstok 15.109653949738 Detik
Duration Looping 700 Data 158.74425792694 Detik 
Total Duration 158.7443780899 Detik 
------------------------- 
Tanggal: 12-02-2022 22:05:01 
Duration Download Forstok 23.487537145615 Detik
Duration Looping 700 Data 165.5748591423 Detik 
Total Duration 165.57497596741 Detik 
------------------------- 
Tanggal: 12-02-2022 22:10:01 
Duration Download Forstok 17.391399860382 Detik
Duration Looping 700 Data 180.09843993187 Detik 
Total Duration 180.0985519886 Detik 
------------------------- 
Tanggal: 12-02-2022 22:15:01 
Duration Download Forstok 14.561812162399 Detik
Duration Looping 700 Data 164.79627799988 Detik 
Total Duration 164.79638695717 Detik 
------------------------- 
Tanggal: 12-02-2022 22:20:01 
Duration Download Forstok 13.13560795784 Detik
Duration Looping 700 Data 155.94616985321 Detik 
Total Duration 155.94628500938 Detik 
------------------------- 
Tanggal: 12-02-2022 22:25:01 
Duration Download Forstok 14.756417989731 Detik
Duration Looping 700 Data 163.625467062 Detik 
Total Duration 163.62557601929 Detik 
------------------------- 
Tanggal: 12-02-2022 22:30:01 
Duration Download Forstok 14.992985963821 Detik
Duration Looping 700 Data 173.1187980175 Detik 
Total Duration 173.11891102791 Detik 
------------------------- 
Tanggal: 12-02-2022 22:35:01 
Duration Download Forstok 17.611544132233 Detik
Duration Looping 700 Data 172.16088199615 Detik 
Total Duration 172.16100502014 Detik 
------------------------- 
Tanggal: 12-02-2022 22:40:01 
Duration Download Forstok 12.434167861938 Detik
Duration Looping 700 Data 162.76205778122 Detik 
Total Duration 162.76217389107 Detik 
------------------------- 
Tanggal: 12-02-2022 22:45:01 
Duration Download Forstok 16.454752922058 Detik
Duration Looping 700 Data 159.98061704636 Detik 
Total Duration 159.98073410988 Detik 
------------------------- 
Tanggal: 12-02-2022 22:50:01 
Duration Download Forstok 13.479035139084 Detik
Duration Looping 700 Data 157.25622701645 Detik 
Total Duration 157.25633597374 Detik 
------------------------- 
Tanggal: 12-02-2022 22:55:01 
Duration Download Forstok 11.839123010635 Detik
Duration Looping 700 Data 155.16419696808 Detik 
Total Duration 155.1643140316 Detik 
------------------------- 
Tanggal: 12-02-2022 23:00:01 
Duration Download Forstok 19.180712938309 Detik
Duration Looping 700 Data 168.21147894859 Detik 
Total Duration 168.21160507202 Detik 
------------------------- 
Tanggal: 12-02-2022 23:05:01 
Duration Download Forstok 23.067798137665 Detik
Duration Looping 700 Data 177.71143293381 Detik 
Total Duration 177.71154499054 Detik 
------------------------- 
Tanggal: 12-02-2022 23:10:01 
Duration Download Forstok 15.297876834869 Detik
Duration Looping 700 Data 158.86679291725 Detik 
Total Duration 158.86690688133 Detik 
------------------------- 
Tanggal: 12-02-2022 23:15:01 
Duration Download Forstok 17.75293302536 Detik
Duration Looping 700 Data 163.79761815071 Detik 
Total Duration 163.79773020744 Detik 
------------------------- 
Tanggal: 12-02-2022 23:20:01 
Duration Download Forstok 13.31738615036 Detik
Duration Looping 700 Data 163.03733897209 Detik 
Total Duration 163.0374481678 Detik 
------------------------- 
Tanggal: 12-02-2022 23:25:01 
Duration Download Forstok 11.600450992584 Detik
Duration Looping 700 Data 154.27648591995 Detik 
Total Duration 154.27659606934 Detik 
------------------------- 
Tanggal: 12-02-2022 23:30:01 
Duration Download Forstok 19.021357059479 Detik
Duration Looping 700 Data 164.6370100975 Detik 
Total Duration 164.63712692261 Detik 
------------------------- 
Tanggal: 12-02-2022 23:35:01 
Duration Download Forstok 12.766662836075 Detik
Duration Looping 700 Data 161.19447588921 Detik 
Total Duration 161.19458389282 Detik 
------------------------- 
Tanggal: 12-02-2022 23:40:01 
Duration Download Forstok 16.353026866913 Detik
Duration Looping 700 Data 164.57899188995 Detik 
Total Duration 164.57910490036 Detik 
------------------------- 
Tanggal: 12-02-2022 23:45:01 
Duration Download Forstok 16.308403968811 Detik
Duration Looping 700 Data 163.81384181976 Detik 
Total Duration 163.81394791603 Detik 
------------------------- 
Tanggal: 12-02-2022 23:50:01 
Duration Download Forstok 14.005702972412 Detik
Duration Looping 700 Data 157.72494792938 Detik 
Total Duration 157.72507286072 Detik 
------------------------- 
Tanggal: 12-02-2022 23:55:01 
Duration Download Forstok 14.38477396965 Detik
Duration Looping 700 Data 156.83061981201 Detik 
Total Duration 156.83072900772 Detik 
------------------------- 
