Tanggal: 06-01-2022 00:00:01 
Duration Download Forstok 14.800811052322 Detik
Tanggal: 06-01-2022 00:05:01 
Duration Download Forstok 26.553201913834 Detik
Tanggal: 06-01-2022 00:10:01 
Duration Download Forstok 15.921423912048 Detik
Duration Looping 700 Data 450.04184889793 Detik 
Total Duration 450.04470610619 Detik 
------------------------- 
Duration Looping 700 Data 750.88496208191 Detik 
Total Duration 750.88508820534 Detik 
------------------------- 
Duration Looping 700 Data 279.34701180458 Detik 
Total Duration 279.34712195396 Detik 
------------------------- 
Tanggal: 06-01-2022 00:15:02 
Duration Download Forstok 19.221227884293 Detik
Duration Looping 700 Data 181.25041985512 Detik 
Total Duration 181.25054192543 Detik 
------------------------- 
Tanggal: 06-01-2022 00:20:01 
Duration Download Forstok 14.99747800827 Detik
Duration Looping 700 Data 168.3759829998 Detik 
Total Duration 168.37609910965 Detik 
------------------------- 
Tanggal: 06-01-2022 00:25:01 
Duration Download Forstok 11.7063601017 Detik
Duration Looping 700 Data 173.93340206146 Detik 
Total Duration 173.93351507187 Detik 
------------------------- 
Tanggal: 06-01-2022 00:30:01 
Duration Download Forstok 11.960714101791 Detik
Duration Looping 700 Data 160.96874117851 Detik 
Total Duration 160.96889615059 Detik 
------------------------- 
Tanggal: 06-01-2022 00:35:01 
Duration Download Forstok 19.406105041504 Detik
Duration Looping 700 Data 178.35779809952 Detik 
Total Duration 178.35793709755 Detik 
------------------------- 
Tanggal: 06-01-2022 00:40:01 
Duration Download Forstok 13.64680814743 Detik
Duration Looping 700 Data 163.01953101158 Detik 
Total Duration 163.01964211464 Detik 
------------------------- 
Tanggal: 06-01-2022 00:45:01 
Duration Download Forstok 15.22931098938 Detik
Duration Looping 700 Data 161.38116908073 Detik 
Total Duration 161.38128805161 Detik 
------------------------- 
Tanggal: 06-01-2022 00:50:01 
Duration Download Forstok 11.397055864334 Detik
Duration Looping 700 Data 158.20782494545 Detik 
Total Duration 158.20794081688 Detik 
------------------------- 
Tanggal: 06-01-2022 00:55:01 
Duration Download Forstok 16.209941148758 Detik
Duration Looping 700 Data 177.87119913101 Detik 
Total Duration 177.87129592896 Detik 
------------------------- 
Tanggal: 06-01-2022 01:00:01 
Duration Download Forstok 15.432251930237 Detik
Duration Looping 700 Data 163.97601294518 Detik 
Total Duration 163.97613811493 Detik 
------------------------- 
Tanggal: 06-01-2022 01:05:01 
Duration Download Forstok 23.323719978333 Detik
Duration Looping 700 Data 163.58298301697 Detik 
Total Duration 163.58309602737 Detik 
------------------------- 
Tanggal: 06-01-2022 01:10:01 
Duration Download Forstok 10.83451294899 Detik
Duration Looping 700 Data 153.5658800602 Detik 
Total Duration 153.56598806381 Detik 
------------------------- 
Tanggal: 06-01-2022 01:15:01 
Duration Download Forstok 24.490391016006 Detik
Duration Looping 700 Data 172.85987997055 Detik 
Total Duration 172.85999393463 Detik 
------------------------- 
Tanggal: 06-01-2022 01:20:01 
Duration Download Forstok 12.657990932465 Detik
Duration Looping 700 Data 160.66085886955 Detik 
Total Duration 160.66097402573 Detik 
------------------------- 
Tanggal: 06-01-2022 01:25:01 
Duration Download Forstok 16.0877430439 Detik
Duration Looping 700 Data 156.67278194427 Detik 
Total Duration 156.67289304733 Detik 
------------------------- 
Tanggal: 06-01-2022 01:30:01 
Duration Download Forstok 11.327553033829 Detik
Duration Looping 700 Data 166.45015907288 Detik 
Total Duration 166.45026111603 Detik 
------------------------- 
Tanggal: 06-01-2022 01:35:01 
Duration Download Forstok 22.16007900238 Detik
Duration Looping 700 Data 170.27498984337 Detik 
Total Duration 170.27509999275 Detik 
------------------------- 
Tanggal: 06-01-2022 01:40:01 
Duration Download Forstok 12.897223949432 Detik
Duration Looping 700 Data 155.548609972 Detik 
Total Duration 155.54872703552 Detik 
------------------------- 
Tanggal: 06-01-2022 01:45:01 
Duration Download Forstok 15.32453083992 Detik
Duration Looping 700 Data 159.52473402023 Detik 
Total Duration 159.52486801147 Detik 
------------------------- 
Tanggal: 06-01-2022 01:50:01 
Duration Download Forstok 11.111588001251 Detik
Duration Looping 700 Data 153.43930983543 Detik 
Total Duration 153.43940997124 Detik 
------------------------- 
Tanggal: 06-01-2022 01:55:02 
Duration Download Forstok 10.687355041504 Detik
Duration Looping 700 Data 152.69999098778 Detik 
Total Duration 152.70011305809 Detik 
------------------------- 
Tanggal: 06-01-2022 02:00:01 
Duration Download Forstok 12.888733148575 Detik
Duration Looping 700 Data 162.16074109077 Detik 
Total Duration 162.1608569622 Detik 
------------------------- 
Tanggal: 06-01-2022 02:05:01 
Duration Download Forstok 15.858283042908 Detik
Duration Looping 700 Data 164.79855012894 Detik 
Total Duration 164.79866409302 Detik 
------------------------- 
Tanggal: 06-01-2022 02:10:01 
Duration Download Forstok 10.535469055176 Detik
Duration Looping 700 Data 155.52719306946 Detik 
Total Duration 155.52730607986 Detik 
------------------------- 
Tanggal: 06-01-2022 02:15:01 
Duration Download Forstok 11.204172849655 Detik
Duration Looping 700 Data 157.11361598969 Detik 
Total Duration 157.11374998093 Detik 
------------------------- 
Tanggal: 06-01-2022 02:20:01 
Duration Download Forstok 11.756249189377 Detik
Duration Looping 700 Data 158.53787398338 Detik 
Total Duration 158.53798913956 Detik 
------------------------- 
Tanggal: 06-01-2022 02:25:02 
Duration Download Forstok 11.670965194702 Detik
Duration Looping 700 Data 167.51656317711 Detik 
Total Duration 167.51668405533 Detik 
------------------------- 
Tanggal: 06-01-2022 02:30:01 
Duration Download Forstok 14.532222986221 Detik
Duration Looping 700 Data 163.60141086578 Detik 
Total Duration 163.60153198242 Detik 
------------------------- 
Tanggal: 06-01-2022 02:35:01 
Duration Download Forstok 24.149349927902 Detik
Duration Looping 700 Data 182.10794591904 Detik 
Total Duration 182.1080930233 Detik 
------------------------- 
Tanggal: 06-01-2022 02:40:01 
Duration Download Forstok 14.992825031281 Detik
Duration Looping 700 Data 165.60514903069 Detik 
Total Duration 165.60526895523 Detik 
------------------------- 
Tanggal: 06-01-2022 02:45:01 
Duration Download Forstok 11.46363902092 Detik
Duration Looping 700 Data 153.64274215698 Detik 
Total Duration 153.64286017418 Detik 
------------------------- 
Tanggal: 06-01-2022 02:50:01 
Duration Download Forstok 13.214160203934 Detik
Duration Looping 700 Data 159.6402721405 Detik 
Total Duration 159.6403901577 Detik 
------------------------- 
Tanggal: 06-01-2022 02:55:01 
Duration Download Forstok 13.379823923111 Detik
Duration Looping 700 Data 163.42942786217 Detik 
Total Duration 163.42954683304 Detik 
------------------------- 
Tanggal: 06-01-2022 03:00:01 
Duration Download Forstok 10.942777872086 Detik
Duration Looping 700 Data 157.71398186684 Detik 
Total Duration 157.7140750885 Detik 
------------------------- 
Tanggal: 06-01-2022 03:05:01 
Duration Download Forstok 24.184520959854 Detik
Duration Looping 700 Data 171.73228693008 Detik 
Total Duration 171.73242402077 Detik 
------------------------- 
Tanggal: 06-01-2022 03:10:01 
Duration Download Forstok 11.406905174255 Detik
Duration Looping 700 Data 156.68288898468 Detik 
Total Duration 156.68300199509 Detik 
------------------------- 
Tanggal: 06-01-2022 03:15:01 
Duration Download Forstok 14.189507961273 Detik
Duration Looping 700 Data 156.3601129055 Detik 
Total Duration 156.36024308205 Detik 
------------------------- 
Tanggal: 06-01-2022 03:20:01 
Duration Download Forstok 12.043097019196 Detik
Duration Looping 700 Data 160.2416779995 Detik 
Total Duration 160.24178695679 Detik 
------------------------- 
Tanggal: 06-01-2022 03:25:01 
Duration Download Forstok 12.244900941849 Detik
Duration Looping 700 Data 164.29151010513 Detik 
Total Duration 164.29162192345 Detik 
------------------------- 
Tanggal: 06-01-2022 03:30:01 
Duration Download Forstok 10.749350070953 Detik
Duration Looping 700 Data 166.65322089195 Detik 
Total Duration 166.65334296227 Detik 
------------------------- 
Tanggal: 06-01-2022 03:35:01 
Duration Download Forstok 16.11598110199 Detik
Duration Looping 700 Data 173.6066839695 Detik 
Total Duration 173.60680103302 Detik 
------------------------- 
Tanggal: 06-01-2022 03:40:01 
Duration Download Forstok 12.234429121017 Detik
Duration Looping 700 Data 158.5223531723 Detik 
Total Duration 158.52246904373 Detik 
------------------------- 
Tanggal: 06-01-2022 03:45:01 
Duration Download Forstok 14.332779884338 Detik
Duration Looping 700 Data 160.31358385086 Detik 
Total Duration 160.31369996071 Detik 
------------------------- 
Tanggal: 06-01-2022 03:50:01 
Duration Download Forstok 15.986872911453 Detik
Duration Looping 700 Data 166.49371600151 Detik 
Total Duration 166.49382400513 Detik 
------------------------- 
Tanggal: 06-01-2022 03:55:01 
Duration Download Forstok 11.229737997055 Detik
Duration Looping 700 Data 164.61196899414 Detik 
Total Duration 164.61208605766 Detik 
------------------------- 
Tanggal: 06-01-2022 04:00:01 
Duration Download Forstok 14.019068956375 Detik
Duration Looping 700 Data 158.99267506599 Detik 
Total Duration 158.99278903008 Detik 
------------------------- 
Tanggal: 06-01-2022 04:05:01 
Duration Download Forstok 28.895719051361 Detik
Duration Looping 700 Data 169.72175788879 Detik 
Total Duration 169.72188591957 Detik 
------------------------- 
Tanggal: 06-01-2022 04:10:01 
Duration Download Forstok 13.416286945343 Detik
Duration Looping 700 Data 161.6750061512 Detik 
Total Duration 161.67512202263 Detik 
------------------------- 
Tanggal: 06-01-2022 04:15:01 
Duration Download Forstok 17.963500976562 Detik
Duration Looping 700 Data 166.69395804405 Detik 
Total Duration 166.69407701492 Detik 
------------------------- 
Tanggal: 06-01-2022 04:20:01 
Duration Download Forstok 13.985816001892 Detik
Duration Looping 700 Data 168.34653091431 Detik 
Total Duration 168.34664487839 Detik 
------------------------- 
Tanggal: 06-01-2022 04:25:01 
Duration Download Forstok 12.369148015976 Detik
Duration Looping 700 Data 159.11485910416 Detik 
Total Duration 159.11497211456 Detik 
------------------------- 
Tanggal: 06-01-2022 04:30:01 
Duration Download Forstok 12.950699090958 Detik
Duration Looping 700 Data 153.86361098289 Detik 
Total Duration 153.86373996735 Detik 
------------------------- 
Tanggal: 06-01-2022 04:35:01 
Duration Download Forstok 21.236099004745 Detik
Duration Looping 700 Data 170.33661913872 Detik 
Total Duration 170.33671808243 Detik 
------------------------- 
Tanggal: 06-01-2022 04:40:01 
Duration Download Forstok 14.045112848282 Detik
Duration Looping 700 Data 161.44059085846 Detik 
Total Duration 161.44070196152 Detik 
------------------------- 
Tanggal: 06-01-2022 04:45:01 
Duration Download Forstok 13.915528059006 Detik
Duration Looping 700 Data 159.85218691826 Detik 
Total Duration 159.85230302811 Detik 
------------------------- 
Tanggal: 06-01-2022 04:50:02 
Duration Download Forstok 11.672474861145 Detik
Duration Looping 700 Data 156.03480100632 Detik 
Total Duration 156.03491592407 Detik 
------------------------- 
Tanggal: 06-01-2022 04:55:01 
Duration Download Forstok 10.189394950867 Detik
Duration Looping 700 Data 166.00040388107 Detik 
Total Duration 166.00048685074 Detik 
------------------------- 
Tanggal: 06-01-2022 05:00:01 
Duration Download Forstok 12.102715969086 Detik
Duration Looping 700 Data 163.51981902122 Detik 
Total Duration 163.51993298531 Detik 
------------------------- 
Tanggal: 06-01-2022 05:05:01 
Duration Download Forstok 20.985062122345 Detik
Duration Looping 700 Data 166.38322591782 Detik 
Total Duration 166.38334298134 Detik 
------------------------- 
Tanggal: 06-01-2022 05:10:01 
Duration Download Forstok 13.699991941452 Detik
Duration Looping 700 Data 157.97746491432 Detik 
Total Duration 157.97758293152 Detik 
------------------------- 
Tanggal: 06-01-2022 05:15:01 
Duration Download Forstok 13.186047077179 Detik
Duration Looping 700 Data 157.5841550827 Detik 
Total Duration 157.58424901962 Detik 
------------------------- 
Tanggal: 06-01-2022 05:20:01 
Duration Download Forstok 13.53196811676 Detik
Duration Looping 700 Data 155.16200613976 Detik 
Total Duration 155.16212105751 Detik 
------------------------- 
Tanggal: 06-01-2022 05:25:01 
Duration Download Forstok 12.953896999359 Detik
Duration Looping 700 Data 154.7800579071 Detik 
Total Duration 154.78016901016 Detik 
------------------------- 
Tanggal: 06-01-2022 05:30:01 
Duration Download Forstok 11.492074966431 Detik
Duration Looping 700 Data 158.76920890808 Detik 
Total Duration 158.76932692528 Detik 
------------------------- 
Tanggal: 06-01-2022 05:35:01 
Duration Download Forstok 12.898946046829 Detik
Duration Looping 700 Data 157.49046587944 Detik 
Total Duration 157.49058890343 Detik 
------------------------- 
Tanggal: 06-01-2022 05:40:01 
Duration Download Forstok 12.558068990707 Detik
Duration Looping 700 Data 163.52898597717 Detik 
Total Duration 163.52909898758 Detik 
------------------------- 
Tanggal: 06-01-2022 05:45:01 
Duration Download Forstok 14.250185012817 Detik
Duration Looping 700 Data 159.69548892975 Detik 
Total Duration 159.69560289383 Detik 
------------------------- 
Tanggal: 06-01-2022 05:50:01 
Duration Download Forstok 11.605741977692 Detik
Duration Looping 700 Data 154.89005589485 Detik 
Total Duration 154.89015889168 Detik 
------------------------- 
Tanggal: 06-01-2022 05:55:01 
Duration Download Forstok 11.507760047913 Detik
Duration Looping 700 Data 157.30135703087 Detik 
Total Duration 157.30147004128 Detik 
------------------------- 
Tanggal: 06-01-2022 06:00:01 
Duration Download Forstok 12.598237991333 Detik
Duration Looping 700 Data 172.12491989136 Detik 
Total Duration 172.12504386902 Detik 
------------------------- 
Tanggal: 06-01-2022 06:05:01 
Duration Download Forstok 15.657643079758 Detik
Duration Looping 700 Data 162.35645794868 Detik 
Total Duration 162.35657191277 Detik 
------------------------- 
Tanggal: 06-01-2022 06:10:01 
Duration Download Forstok 12.703809022903 Detik
Duration Looping 700 Data 156.39354109764 Detik 
Total Duration 156.39366316795 Detik 
------------------------- 
Tanggal: 06-01-2022 06:15:01 
Duration Download Forstok 16.551908016205 Detik
Duration Looping 700 Data 168.46371197701 Detik 
Total Duration 168.46383094788 Detik 
------------------------- 
Tanggal: 06-01-2022 06:20:01 
Duration Download Forstok 10.275405168533 Detik
Duration Looping 700 Data 156.60870909691 Detik 
Total Duration 156.60882210732 Detik 
------------------------- 
Tanggal: 06-01-2022 06:25:01 
Duration Download Forstok 10.302401065826 Detik
Duration Looping 700 Data 159.46710705757 Detik 
Total Duration 159.46723103523 Detik 
------------------------- 
Tanggal: 06-01-2022 06:30:01 
Duration Download Forstok 10.506947994232 Detik
Duration Looping 700 Data 161.63221907616 Detik 
Total Duration 161.6323299408 Detik 
------------------------- 
Tanggal: 06-01-2022 06:35:01 
Duration Download Forstok 13.799273967743 Detik
Duration Looping 700 Data 159.85022997856 Detik 
Total Duration 159.85034680367 Detik 
------------------------- 
Tanggal: 06-01-2022 06:40:01 
Duration Download Forstok 11.179057121277 Detik
Duration Looping 700 Data 159.79494595528 Detik 
Total Duration 159.79505300522 Detik 
------------------------- 
Tanggal: 06-01-2022 06:45:01 
Duration Download Forstok 15.14050412178 Detik
Duration Looping 700 Data 166.92691302299 Detik 
Total Duration 166.92703008652 Detik 
------------------------- 
Tanggal: 06-01-2022 06:50:01 
Duration Download Forstok 11.512974977493 Detik
Duration Looping 700 Data 154.635201931 Detik 
Total Duration 154.63531494141 Detik 
------------------------- 
Tanggal: 06-01-2022 06:55:01 
Duration Download Forstok 10.149903059006 Detik
Duration Looping 700 Data 157.43910193443 Detik 
Total Duration 157.43919992447 Detik 
------------------------- 
Tanggal: 06-01-2022 07:00:01 
Duration Download Forstok 10.977111816406 Detik
Duration Looping 700 Data 167.69844985008 Detik 
Total Duration 167.69856381416 Detik 
------------------------- 
Tanggal: 06-01-2022 07:05:01 
Duration Download Forstok 19.770793914795 Detik
Duration Looping 700 Data 168.53187203407 Detik 
Total Duration 168.5320110321 Detik 
------------------------- 
Tanggal: 06-01-2022 07:10:02 
Duration Download Forstok 10.907135009766 Detik
Duration Looping 700 Data 156.51054906845 Detik 
Total Duration 156.51065206528 Detik 
------------------------- 
Tanggal: 06-01-2022 07:15:01 
Duration Download Forstok 12.891360998154 Detik
Duration Looping 700 Data 164.35086297989 Detik 
Total Duration 164.3509850502 Detik 
------------------------- 
Tanggal: 06-01-2022 07:20:01 
Duration Download Forstok 13.215831041336 Detik
Duration Looping 700 Data 164.47335505486 Detik 
Total Duration 164.47347021103 Detik 
------------------------- 
Tanggal: 06-01-2022 07:25:01 
Duration Download Forstok 11.21430683136 Detik
Duration Looping 700 Data 154.63860297203 Detik 
Total Duration 154.63871693611 Detik 
------------------------- 
Tanggal: 06-01-2022 07:30:01 
Duration Download Forstok 11.426735162735 Detik
Duration Looping 700 Data 155.20754909515 Detik 
Total Duration 155.20766615868 Detik 
------------------------- 
Tanggal: 06-01-2022 07:35:01 
Duration Download Forstok 15.569618940353 Detik
Duration Looping 700 Data 157.99463295937 Detik 
Total Duration 157.99473404884 Detik 
------------------------- 
Tanggal: 06-01-2022 07:40:01 
Duration Download Forstok 12.045316934586 Detik
Duration Looping 700 Data 155.87890696526 Detik 
Total Duration 155.87901186943 Detik 
------------------------- 
Tanggal: 06-01-2022 07:45:01 
Duration Download Forstok 12.807924032211 Detik
Duration Looping 700 Data 166.58139204979 Detik 
Total Duration 166.58150911331 Detik 
------------------------- 
Tanggal: 06-01-2022 07:50:01 
Duration Download Forstok 13.776513814926 Detik
Duration Looping 700 Data 161.10900402069 Detik 
Total Duration 161.10911798477 Detik 
------------------------- 
Tanggal: 06-01-2022 07:55:01 
Duration Download Forstok 11.372609853745 Detik
Duration Looping 700 Data 164.22287392616 Detik 
Total Duration 164.22298693657 Detik 
------------------------- 
Tanggal: 06-01-2022 08:00:01 
Duration Download Forstok 13.120684862137 Detik
Duration Looping 700 Data 164.91523790359 Detik 
Total Duration 164.91535902023 Detik 
------------------------- 
Tanggal: 06-01-2022 08:05:01 
Duration Download Forstok 17.221279859543 Detik
Duration Looping 700 Data 166.90285682678 Detik 
Total Duration 166.90297293663 Detik 
------------------------- 
Tanggal: 06-01-2022 08:10:01 
Duration Download Forstok 12.524719953537 Detik
Duration Looping 700 Data 163.69737291336 Detik 
Total Duration 163.69749307632 Detik 
------------------------- 
Tanggal: 06-01-2022 08:15:01 
Duration Download Forstok 15.338002920151 Detik
Duration Looping 700 Data 163.71152186394 Detik 
Total Duration 163.7116420269 Detik 
------------------------- 
Tanggal: 06-01-2022 08:20:01 
Duration Download Forstok 17.061423063278 Detik
Duration Looping 700 Data 165.52027797699 Detik 
Total Duration 165.52039504051 Detik 
------------------------- 
Tanggal: 06-01-2022 08:25:01 
Duration Download Forstok 13.151700019836 Detik
Duration Looping 700 Data 162.83433413506 Detik 
Total Duration 162.83445310593 Detik 
------------------------- 
Tanggal: 06-01-2022 08:30:01 
Duration Download Forstok 19.51656794548 Detik
Duration Looping 700 Data 176.6654279232 Detik 
Total Duration 176.66554999352 Detik 
------------------------- 
Tanggal: 06-01-2022 08:35:01 
Duration Download Forstok 19.361988782883 Detik
Duration Looping 700 Data 176.9054749012 Detik 
Total Duration 176.90556883812 Detik 
------------------------- 
Tanggal: 06-01-2022 08:40:02 
Duration Download Forstok 11.325918912888 Detik
Duration Looping 700 Data 188.32760381699 Detik 
Total Duration 188.3277130127 Detik 
------------------------- 
Tanggal: 06-01-2022 08:45:01 
Duration Download Forstok 11.807708024979 Detik
Duration Looping 700 Data 162.95719695091 Detik 
Total Duration 162.95731306076 Detik 
------------------------- 
Tanggal: 06-01-2022 08:50:01 
Duration Download Forstok 14.429804086685 Detik
Duration Looping 700 Data 192.47643995285 Detik 
Total Duration 192.47652411461 Detik 
------------------------- 
Tanggal: 06-01-2022 08:55:01 
Duration Download Forstok 12.700623989105 Detik
Duration Looping 700 Data 164.00677585602 Detik 
Total Duration 164.00688099861 Detik 
------------------------- 
Tanggal: 06-01-2022 09:00:01 
Duration Download Forstok 14.706312894821 Detik
Duration Looping 700 Data 172.59081101418 Detik 
Total Duration 172.59092998505 Detik 
------------------------- 
Tanggal: 06-01-2022 09:05:01 
Duration Download Forstok 23.980436086655 Detik
Duration Looping 700 Data 176.85629415512 Detik 
Total Duration 176.85640907288 Detik 
------------------------- 
Tanggal: 06-01-2022 09:10:01 
Duration Download Forstok 11.877507925034 Detik
Duration Looping 700 Data 163.03284788132 Detik 
Total Duration 163.03296709061 Detik 
------------------------- 
Tanggal: 06-01-2022 09:15:01 
Duration Download Forstok 12.844799995422 Detik
Duration Looping 700 Data 163.48097014427 Detik 
Total Duration 163.48105716705 Detik 
------------------------- 
Tanggal: 06-01-2022 09:20:01 
Duration Download Forstok 14.385265827179 Detik
Duration Looping 700 Data 167.30137586594 Detik 
Total Duration 167.30148291588 Detik 
------------------------- 
Tanggal: 06-01-2022 09:25:01 
Duration Download Forstok 13.731387853622 Detik
Duration Looping 700 Data 169.43586087227 Detik 
Total Duration 169.43595981598 Detik 
------------------------- 
Tanggal: 06-01-2022 09:30:02 
Duration Download Forstok 14.375458955765 Detik
Duration Looping 700 Data 171.17419600487 Detik 
Total Duration 171.17427587509 Detik 
------------------------- 
Tanggal: 06-01-2022 09:35:01 
Duration Download Forstok 18.987663984299 Detik
Duration Looping 700 Data 178.3531908989 Detik 
Total Duration 178.35330891609 Detik 
------------------------- 
Tanggal: 06-01-2022 09:40:01 
Duration Download Forstok 11.996701955795 Detik
Duration Looping 700 Data 167.24122190475 Detik 
Total Duration 167.24131894112 Detik 
------------------------- 
Tanggal: 06-01-2022 09:45:01 
Duration Download Forstok 12.601830005646 Detik
Duration Looping 700 Data 162.61594891548 Detik 
Total Duration 162.61606788635 Detik 
------------------------- 
Tanggal: 06-01-2022 09:50:01 
Duration Download Forstok 14.619051933289 Detik
Duration Looping 700 Data 166.82827806473 Detik 
Total Duration 166.82838511467 Detik 
------------------------- 
Tanggal: 06-01-2022 09:55:01 
Duration Download Forstok 11.337213039398 Detik
Duration Looping 700 Data 161.44038295746 Detik 
Total Duration 161.44049406052 Detik 
------------------------- 
Tanggal: 06-01-2022 10:00:01 
Duration Download Forstok 13.703083992004 Detik
Duration Looping 700 Data 167.345058918 Detik 
Total Duration 167.34516906738 Detik 
------------------------- 
Tanggal: 06-01-2022 10:05:01 
Duration Download Forstok 14.613385915756 Detik
Duration Looping 700 Data 167.46856689453 Detik 
Total Duration 167.46875691414 Detik 
------------------------- 
Tanggal: 06-01-2022 10:10:01 
Duration Download Forstok 13.896212816238 Detik
Duration Looping 700 Data 169.48675179482 Detik 
Total Duration 169.48686790466 Detik 
------------------------- 
Tanggal: 06-01-2022 10:15:01 
Duration Download Forstok 14.378217935562 Detik
Duration Looping 700 Data 166.25699591637 Detik 
Total Duration 166.25708889961 Detik 
------------------------- 
Tanggal: 06-01-2022 10:20:01 
Duration Download Forstok 11.856844902039 Detik
Duration Looping 700 Data 166.72433590889 Detik 
Total Duration 166.7244451046 Detik 
------------------------- 
Tanggal: 06-01-2022 10:25:01 
Duration Download Forstok 11.994327068329 Detik
Duration Looping 700 Data 164.54452610016 Detik 
Total Duration 164.54464793205 Detik 
------------------------- 
Tanggal: 06-01-2022 10:30:01 
Duration Download Forstok 12.709359884262 Detik
Duration Looping 700 Data 169.41117596626 Detik 
Total Duration 169.4112598896 Detik 
------------------------- 
Tanggal: 06-01-2022 10:35:01 
Duration Download Forstok 24.732735157013 Detik
Duration Looping 700 Data 180.60346102715 Detik 
Total Duration 180.60357117653 Detik 
------------------------- 
Tanggal: 06-01-2022 10:40:01 
Duration Download Forstok 11.90594792366 Detik
Duration Looping 700 Data 168.44839096069 Detik 
Total Duration 168.4485039711 Detik 
------------------------- 
Tanggal: 06-01-2022 10:45:01 
Duration Download Forstok 14.252917766571 Detik
Duration Looping 700 Data 166.50905895233 Detik 
Total Duration 166.50915288925 Detik 
------------------------- 
Tanggal: 06-01-2022 10:50:01 
Duration Download Forstok 12.258409976959 Detik
Duration Looping 700 Data 166.9260020256 Detik 
Total Duration 166.92611789703 Detik 
------------------------- 
Tanggal: 06-01-2022 10:55:01 
Duration Download Forstok 12.516669988632 Detik
Duration Looping 700 Data 164.43075299263 Detik 
Total Duration 164.43086695671 Detik 
------------------------- 
Tanggal: 06-01-2022 11:00:02 
Duration Download Forstok 12.149011135101 Detik
Duration Looping 700 Data 172.74059510231 Detik 
Total Duration 172.74071407318 Detik 
------------------------- 
Tanggal: 06-01-2022 11:05:01 
Duration Download Forstok 18.982705116272 Detik
Duration Looping 700 Data 172.15988111496 Detik 
Total Duration 172.15997600555 Detik 
------------------------- 
Tanggal: 06-01-2022 11:10:01 
Duration Download Forstok 15.131701946259 Detik
Duration Looping 700 Data 170.17243814468 Detik 
Total Duration 170.17254209518 Detik 
------------------------- 
Tanggal: 06-01-2022 11:15:00 
Duration Download Forstok 16.608381986618 Detik
Duration Looping 700 Data 173.23376011848 Detik 
Total Duration 173.23388600349 Detik 
------------------------- 
Tanggal: 06-01-2022 11:20:01 
Duration Download Forstok 12.329030990601 Detik
Duration Looping 700 Data 171.23458600044 Detik 
Total Duration 171.2346830368 Detik 
------------------------- 
Tanggal: 06-01-2022 11:25:01 
Duration Download Forstok 12.562899827957 Detik
Duration Looping 700 Data 168.06048583984 Detik 
Total Duration 168.06061697006 Detik 
------------------------- 
Tanggal: 06-01-2022 11:30:01 
Duration Download Forstok 14.230009078979 Detik
Duration Looping 700 Data 173.15739989281 Detik 
Total Duration 173.1574909687 Detik 
------------------------- 
Tanggal: 06-01-2022 11:35:01 
Duration Download Forstok 23.44517993927 Detik
Duration Looping 700 Data 177.81604290009 Detik 
Total Duration 177.81619286537 Detik 
------------------------- 
Tanggal: 06-01-2022 11:40:01 
Duration Download Forstok 12.354015111923 Detik
Duration Looping 700 Data 169.13998913765 Detik 
Total Duration 169.14006519318 Detik 
------------------------- 
Tanggal: 06-01-2022 11:45:01 
Duration Download Forstok 12.529517173767 Detik
Duration Looping 700 Data 169.37962818146 Detik 
Total Duration 169.37974596024 Detik 
------------------------- 
Tanggal: 06-01-2022 11:50:01 
Duration Download Forstok 12.483598947525 Detik
Duration Looping 700 Data 168.3444108963 Detik 
Total Duration 168.34451699257 Detik 
------------------------- 
Tanggal: 06-01-2022 11:55:01 
Duration Download Forstok 14.244451999664 Detik
Duration Looping 700 Data 172.17710614204 Detik 
Total Duration 172.1772351265 Detik 
------------------------- 
Tanggal: 06-01-2022 12:00:01 
Duration Download Forstok 11.464781045914 Detik
Duration Looping 700 Data 163.9998281002 Detik 
Total Duration 163.99993491173 Detik 
------------------------- 
Tanggal: 06-01-2022 12:05:01 
Duration Download Forstok 15.655745983124 Detik
Duration Looping 700 Data 180.80291199684 Detik 
Total Duration 180.80303502083 Detik 
------------------------- 
Tanggal: 06-01-2022 12:10:01 
Duration Download Forstok 12.96884393692 Detik
Duration Looping 700 Data 171.95235896111 Detik 
Total Duration 171.95247888565 Detik 
------------------------- 
Tanggal: 06-01-2022 12:15:01 
Duration Download Forstok 13.263596057892 Detik
Duration Looping 700 Data 172.50097489357 Detik 
Total Duration 172.50108599663 Detik 
------------------------- 
Tanggal: 06-01-2022 12:20:01 
Duration Download Forstok 12.545935153961 Detik
Duration Looping 700 Data 163.85194396973 Detik 
Total Duration 163.85204195976 Detik 
------------------------- 
Tanggal: 06-01-2022 12:25:01 
Duration Download Forstok 18.572249174118 Detik
Duration Looping 700 Data 170.52323913574 Detik 
Total Duration 170.52336502075 Detik 
------------------------- 
Tanggal: 06-01-2022 12:30:01 
Duration Download Forstok 12.116250038147 Detik
Duration Looping 700 Data 160.82589006424 Detik 
Total Duration 160.82600307465 Detik 
------------------------- 
Tanggal: 06-01-2022 12:35:01 
Duration Download Forstok 15.755169153214 Detik
Duration Looping 700 Data 166.70962500572 Detik 
Total Duration 166.70974206924 Detik 
------------------------- 
Tanggal: 06-01-2022 12:40:01 
Duration Download Forstok 10.676386833191 Detik
Duration Looping 700 Data 162.64113903046 Detik 
Total Duration 162.6412320137 Detik 
------------------------- 
Tanggal: 06-01-2022 12:45:01 
Duration Download Forstok 13.808050870895 Detik
Duration Looping 700 Data 163.23262906075 Detik 
Total Duration 163.23274087906 Detik 
------------------------- 
Tanggal: 06-01-2022 12:50:01 
Duration Download Forstok 13.969953775406 Detik
Duration Looping 700 Data 162.94306492805 Detik 
Total Duration 162.94317483902 Detik 
------------------------- 
Tanggal: 06-01-2022 12:55:01 
Duration Download Forstok 14.67905497551 Detik
Duration Looping 700 Data 170.44294404984 Detik 
Total Duration 170.44304609299 Detik 
------------------------- 
Tanggal: 06-01-2022 13:00:01 
Duration Download Forstok 13.72253203392 Detik
Duration Looping 700 Data 171.28284406662 Detik 
Total Duration 171.28295397758 Detik 
------------------------- 
Tanggal: 06-01-2022 13:05:01 
Duration Download Forstok 27.207908153534 Detik
Duration Looping 700 Data 181.66958212852 Detik 
Total Duration 181.66969799995 Detik 
------------------------- 
Tanggal: 06-01-2022 13:10:01 
Duration Download Forstok 11.635531902313 Detik
Duration Looping 700 Data 168.12360095978 Detik 
Total Duration 168.12368702888 Detik 
------------------------- 
Tanggal: 06-01-2022 13:15:01 
Duration Download Forstok 11.507379055023 Detik
Duration Looping 700 Data 167.07297706604 Detik 
Total Duration 167.07309103012 Detik 
------------------------- 
Tanggal: 06-01-2022 13:20:01 
Duration Download Forstok 12.733108997345 Detik
Duration Looping 700 Data 166.94997096062 Detik 
Total Duration 166.95008397102 Detik 
------------------------- 
Tanggal: 06-01-2022 13:25:01 
Duration Download Forstok 11.478754997253 Detik
Duration Looping 700 Data 167.45517301559 Detik 
Total Duration 167.45529317856 Detik 
------------------------- 
Tanggal: 06-01-2022 13:30:01 
Duration Download Forstok 17.381662130356 Detik
Duration Looping 700 Data 175.26152396202 Detik 
Total Duration 175.2616109848 Detik 
------------------------- 
Tanggal: 06-01-2022 13:35:01 
Duration Download Forstok 19.307157039642 Detik
Duration Looping 700 Data 177.40679311752 Detik 
Total Duration 177.40692520142 Detik 
------------------------- 
Tanggal: 06-01-2022 13:40:01 
Duration Download Forstok 17.378026008606 Detik
Duration Looping 700 Data 177.68361496925 Detik 
Total Duration 177.68369197845 Detik 
------------------------- 
Tanggal: 06-01-2022 13:45:01 
Duration Download Forstok 14.123235940933 Detik
Duration Looping 700 Data 169.99194478989 Detik 
Total Duration 169.99206089973 Detik 
------------------------- 
Tanggal: 06-01-2022 13:50:01 
Duration Download Forstok 15.360933065414 Detik
Duration Looping 700 Data 169.26092100143 Detik 
Total Duration 169.261054039 Detik 
------------------------- 
Tanggal: 06-01-2022 13:55:01 
Duration Download Forstok 11.374496936798 Detik
Duration Looping 700 Data 164.24227285385 Detik 
Total Duration 164.24240589142 Detik 
------------------------- 
Tanggal: 06-01-2022 14:00:01 
Duration Download Forstok 20.494345903397 Detik
Duration Looping 700 Data 176.77755093575 Detik 
Total Duration 176.7776620388 Detik 
------------------------- 
Tanggal: 06-01-2022 14:05:01 
Duration Download Forstok 22.733366012573 Detik
Duration Looping 700 Data 182.21713209152 Detik 
Total Duration 182.21725106239 Detik 
------------------------- 
Tanggal: 06-01-2022 14:10:01 
Duration Download Forstok 15.826174020767 Detik
Duration Looping 700 Data 178.50034785271 Detik 
Total Duration 178.50045990944 Detik 
------------------------- 
Tanggal: 06-01-2022 14:15:01 
Duration Download Forstok 13.779123783112 Detik
Duration Looping 700 Data 173.22021889687 Detik 
Total Duration 173.22034597397 Detik 
------------------------- 
Tanggal: 06-01-2022 14:20:01 
Duration Download Forstok 18.49303817749 Detik
Duration Looping 700 Data 172.86119413376 Detik 
Total Duration 172.86130809784 Detik 
------------------------- 
Tanggal: 06-01-2022 14:25:01 
Duration Download Forstok 11.950710058212 Detik
Duration Looping 700 Data 172.30213904381 Detik 
Total Duration 172.30224919319 Detik 
------------------------- 
Tanggal: 06-01-2022 14:30:01 
Duration Download Forstok 16.652302026749 Detik
Duration Looping 700 Data 177.70935511589 Detik 
Total Duration 177.70948910713 Detik 
------------------------- 
Tanggal: 06-01-2022 14:35:01 
Duration Download Forstok 19.144088983536 Detik
Duration Looping 700 Data 180.29086709023 Detik 
Total Duration 180.29098010063 Detik 
------------------------- 
Tanggal: 06-01-2022 14:40:01 
Duration Download Forstok 14.455124139786 Detik
Duration Looping 700 Data 174.46636295319 Detik 
Total Duration 174.46645212173 Detik 
------------------------- 
Tanggal: 06-01-2022 14:45:01 
Duration Download Forstok 21.395323038101 Detik
Duration Looping 700 Data 176.68933320045 Detik 
Total Duration 176.68945121765 Detik 
------------------------- 
Tanggal: 06-01-2022 14:50:01 
Duration Download Forstok 15.375650167465 Detik
Duration Looping 700 Data 175.61118006706 Detik 
Total Duration 175.61127400398 Detik 
------------------------- 
Tanggal: 06-01-2022 14:55:01 
Duration Download Forstok 11.382869958878 Detik
Duration Looping 700 Data 174.34129095078 Detik 
Total Duration 174.34138703346 Detik 
------------------------- 
Tanggal: 06-01-2022 15:00:01 
Duration Download Forstok 16.758687973022 Detik
Duration Looping 700 Data 177.32004094124 Detik 
Total Duration 177.32013297081 Detik 
------------------------- 
Tanggal: 06-01-2022 15:05:01 
Duration Download Forstok 25.899518013 Detik
Duration Looping 700 Data 186.52950501442 Detik 
Total Duration 186.5295920372 Detik 
------------------------- 
Tanggal: 06-01-2022 15:10:01 
Duration Download Forstok 19.408617973328 Detik
Duration Looping 700 Data 182.54995799065 Detik 
Total Duration 182.55004882812 Detik 
------------------------- 
Tanggal: 06-01-2022 15:15:01 
Duration Download Forstok 13.653768062592 Detik
Duration Looping 700 Data 177.73899912834 Detik 
Total Duration 177.73910307884 Detik 
------------------------- 
Tanggal: 06-01-2022 15:20:01 
Duration Download Forstok 13.225157022476 Detik
Duration Looping 700 Data 171.88624310493 Detik 
Total Duration 171.88636207581 Detik 
------------------------- 
Tanggal: 06-01-2022 15:25:01 
Duration Download Forstok 16.431651830673 Detik
Duration Looping 700 Data 180.90062785149 Detik 
Total Duration 180.90079379082 Detik 
------------------------- 
Tanggal: 06-01-2022 15:30:01 
Duration Download Forstok 19.208985805511 Detik
Duration Looping 700 Data 200.0616838932 Detik 
Total Duration 200.06182789803 Detik 
------------------------- 
Tanggal: 06-01-2022 15:35:01 
Duration Download Forstok 16.475784063339 Detik
Duration Looping 700 Data 176.14711093903 Detik 
Total Duration 176.14722514153 Detik 
------------------------- 
Tanggal: 06-01-2022 15:40:01 
Duration Download Forstok 12.792699813843 Detik
Duration Looping 700 Data 172.96643400192 Detik 
Total Duration 172.96655702591 Detik 
------------------------- 
Tanggal: 06-01-2022 15:45:01 
Duration Download Forstok 18.928872108459 Detik
Duration Looping 700 Data 177.84447312355 Detik 
Total Duration 177.84456110001 Detik 
------------------------- 
Tanggal: 06-01-2022 15:50:01 
Duration Download Forstok 24.135658979416 Detik
Duration Looping 700 Data 179.54479312897 Detik 
Total Duration 179.54490709305 Detik 
------------------------- 
Tanggal: 06-01-2022 15:55:01 
Duration Download Forstok 12.42160987854 Detik
Duration Looping 700 Data 169.02490496635 Detik 
Total Duration 169.02502799034 Detik 
------------------------- 
Tanggal: 06-01-2022 16:00:01 
Duration Download Forstok 22.69463801384 Detik
Duration Looping 700 Data 178.48776197433 Detik 
Total Duration 178.4878590107 Detik 
------------------------- 
Tanggal: 06-01-2022 16:05:01 
Duration Download Forstok 24.417414903641 Detik
Duration Looping 700 Data 181.8263759613 Detik 
Total Duration 181.82650089264 Detik 
------------------------- 
Tanggal: 06-01-2022 16:10:01 
Duration Download Forstok 17.373606920242 Detik
Duration Looping 700 Data 169.10214996338 Detik 
Total Duration 169.10227298737 Detik 
------------------------- 
Tanggal: 06-01-2022 16:15:01 
Duration Download Forstok 18.736123085022 Detik
Duration Looping 700 Data 178.37665891647 Detik 
Total Duration 178.37677502632 Detik 
------------------------- 
Tanggal: 06-01-2022 16:20:01 
Duration Download Forstok 22.164848089218 Detik
Duration Looping 700 Data 175.2049870491 Detik 
Total Duration 175.20510196686 Detik 
------------------------- 
Tanggal: 06-01-2022 16:25:01 
Duration Download Forstok 12.50016784668 Detik
Duration Looping 700 Data 167.78205990791 Detik 
Total Duration 167.78218388557 Detik 
------------------------- 
Tanggal: 06-01-2022 16:30:01 
Duration Download Forstok 14.833535194397 Detik
Duration Looping 700 Data 169.38256216049 Detik 
Total Duration 169.38268899918 Detik 
------------------------- 
Tanggal: 06-01-2022 16:35:01 
Duration Download Forstok 17.647725105286 Detik
Duration Looping 700 Data 174.99910998344 Detik 
Total Duration 174.99922609329 Detik 
------------------------- 
Tanggal: 06-01-2022 16:40:01 
Duration Download Forstok 14.985397100449 Detik
Duration Looping 700 Data 184.82173800468 Detik 
Total Duration 184.82182717323 Detik 
------------------------- 
Tanggal: 06-01-2022 16:45:01 
Duration Download Forstok 13.751851797104 Detik
Duration Looping 700 Data 170.1302549839 Detik 
Total Duration 170.13033890724 Detik 
------------------------- 
Tanggal: 06-01-2022 16:50:01 
Duration Download Forstok 23.465582132339 Detik
Duration Looping 700 Data 188.5882601738 Detik 
Total Duration 188.58834815025 Detik 
------------------------- 
Tanggal: 06-01-2022 16:55:01 
Duration Download Forstok 14.902426958084 Detik
Duration Looping 700 Data 169.98909401894 Detik 
Total Duration 169.98920798302 Detik 
------------------------- 
Tanggal: 06-01-2022 17:00:01 
Duration Download Forstok 14.172465085983 Detik
Duration Looping 700 Data 171.33617115021 Detik 
Total Duration 171.33629202843 Detik 
------------------------- 
Tanggal: 06-01-2022 17:05:01 
Duration Download Forstok 14.542912960052 Detik
Duration Looping 700 Data 183.02282714844 Detik 
Total Duration 183.02294111252 Detik 
------------------------- 
Tanggal: 06-01-2022 17:10:01 
Duration Download Forstok 18.447882890701 Detik
Duration Looping 700 Data 168.40329003334 Detik 
Total Duration 168.40340590477 Detik 
------------------------- 
Tanggal: 06-01-2022 17:15:01 
Duration Download Forstok 16.748023986816 Detik
Duration Looping 700 Data 187.71086192131 Detik 
Total Duration 187.7109849453 Detik 
------------------------- 
Tanggal: 06-01-2022 17:20:01 
Duration Download Forstok 15.022957086563 Detik
Duration Looping 700 Data 171.09811306 Detik 
Total Duration 171.09822702408 Detik 
------------------------- 
Tanggal: 06-01-2022 17:25:01 
Duration Download Forstok 17.932667970657 Detik
Duration Looping 700 Data 166.80648708344 Detik 
Total Duration 166.80660200119 Detik 
------------------------- 
Tanggal: 06-01-2022 17:30:01 
Duration Download Forstok 18.641696214676 Detik
Duration Looping 700 Data 195.49435210228 Detik 
Total Duration 195.49447202682 Detik 
------------------------- 
Tanggal: 06-01-2022 17:35:01 
Duration Download Forstok 17.200241088867 Detik
Duration Looping 700 Data 160.91319417953 Detik 
Total Duration 160.91331100464 Detik 
------------------------- 
Tanggal: 06-01-2022 17:40:01 
Duration Download Forstok 17.574410915375 Detik
Duration Looping 700 Data 200.93272900581 Detik 
Total Duration 200.93284487724 Detik 
------------------------- 
Tanggal: 06-01-2022 17:45:01 
Duration Download Forstok 18.421902894974 Detik
Duration Looping 700 Data 165.67427802086 Detik 
Total Duration 165.67439293861 Detik 
------------------------- 
Tanggal: 06-01-2022 17:50:01 
Duration Download Forstok 21.644423961639 Detik
Duration Looping 700 Data 173.64827609062 Detik 
Total Duration 173.64835715294 Detik 
------------------------- 
Tanggal: 06-01-2022 17:55:01 
Duration Download Forstok 19.558249950409 Detik
Duration Looping 700 Data 163.35511016846 Detik 
Total Duration 163.3552210331 Detik 
------------------------- 
Tanggal: 06-01-2022 18:00:01 
Duration Download Forstok 28.139069080353 Detik
Duration Looping 700 Data 179.16591501236 Detik 
Total Duration 179.16602611542 Detik 
------------------------- 
Tanggal: 06-01-2022 18:05:01 
Duration Download Forstok 15.431249856949 Detik
Duration Looping 700 Data 165.39610481262 Detik 
Total Duration 165.39621782303 Detik 
------------------------- 
Tanggal: 06-01-2022 18:10:01 
Duration Download Forstok 17.049288034439 Detik
Duration Looping 700 Data 174.27921795845 Detik 
Total Duration 174.27932906151 Detik 
------------------------- 
Tanggal: 06-01-2022 18:15:01 
Duration Download Forstok 19.229377985001 Detik
Duration Looping 700 Data 164.52243089676 Detik 
Total Duration 164.52255606651 Detik 
------------------------- 
Tanggal: 06-01-2022 18:20:01 
Duration Download Forstok 22.688212871552 Detik
Duration Looping 700 Data 174.13468694687 Detik 
Total Duration 174.13480186462 Detik 
------------------------- 
Tanggal: 06-01-2022 18:25:01 
Duration Download Forstok 17.102971076965 Detik
Duration Looping 700 Data 167.68229413033 Detik 
Total Duration 167.68240499496 Detik 
------------------------- 
Tanggal: 06-01-2022 18:30:01 
Duration Download Forstok 14.454892158508 Detik
Duration Looping 700 Data 171.54908704758 Detik 
Total Duration 171.54922509193 Detik 
------------------------- 
Tanggal: 06-01-2022 18:35:01 
Duration Download Forstok 16.857393026352 Detik
Duration Looping 700 Data 176.22629308701 Detik 
Total Duration 176.22641801834 Detik 
------------------------- 
Tanggal: 06-01-2022 18:40:01 
Duration Download Forstok 16.069188833237 Detik
Duration Looping 700 Data 168.48938894272 Detik 
Total Duration 168.48951601982 Detik 
------------------------- 
Tanggal: 06-01-2022 18:45:01 
Duration Download Forstok 13.651485204697 Detik
Duration Looping 700 Data 170.4738612175 Detik 
Total Duration 170.47397303581 Detik 
------------------------- 
Tanggal: 06-01-2022 18:50:01 
Duration Download Forstok 13.018874168396 Detik
Duration Looping 700 Data 169.08530902863 Detik 
Total Duration 169.08544301987 Detik 
------------------------- 
Tanggal: 06-01-2022 18:55:01 
Duration Download Forstok 17.108174085617 Detik
Duration Looping 700 Data 175.39612698555 Detik 
Total Duration 175.39621591568 Detik 
------------------------- 
Tanggal: 06-01-2022 19:00:01 
Duration Download Forstok 12.984982013702 Detik
Duration Looping 700 Data 163.38037204742 Detik 
Total Duration 163.38048505783 Detik 
------------------------- 
Tanggal: 06-01-2022 19:05:01 
Duration Download Forstok 16.069673061371 Detik
Duration Looping 700 Data 157.05968499184 Detik 
Total Duration 157.05980110168 Detik 
------------------------- 
Tanggal: 06-01-2022 19:10:01 
Duration Download Forstok 20.01895403862 Detik
Duration Looping 700 Data 166.2912800312 Detik 
Total Duration 166.29138708115 Detik 
------------------------- 
Tanggal: 06-01-2022 19:15:01 
Duration Download Forstok 17.424866199493 Detik
Duration Looping 700 Data 158.28895306587 Detik 
Total Duration 158.28908801079 Detik 
------------------------- 
Tanggal: 06-01-2022 19:20:01 
Duration Download Forstok 12.898791074753 Detik
Duration Looping 700 Data 170.21557712555 Detik 
Total Duration 170.21570014954 Detik 
------------------------- 
Tanggal: 06-01-2022 19:25:01 
Duration Download Forstok 14.697638988495 Detik
Duration Looping 700 Data 160.74469709396 Detik 
Total Duration 160.74481606483 Detik 
------------------------- 
Tanggal: 06-01-2022 19:30:01 
Duration Download Forstok 13.072293043137 Detik
Duration Looping 700 Data 160.46397590637 Detik 
Total Duration 160.4641020298 Detik 
------------------------- 
Tanggal: 06-01-2022 19:35:01 
Duration Download Forstok 25.342517852783 Detik
Duration Looping 700 Data 174.96062684059 Detik 
Total Duration 174.96078801155 Detik 
------------------------- 
Tanggal: 06-01-2022 19:40:01 
Duration Download Forstok 14.778115987778 Detik
Duration Looping 700 Data 165.97743487358 Detik 
Total Duration 165.97756099701 Detik 
------------------------- 
Tanggal: 06-01-2022 19:45:01 
Duration Download Forstok 13.646620988846 Detik
Duration Looping 700 Data 158.3689520359 Detik 
Total Duration 158.36906194687 Detik 
------------------------- 
Tanggal: 06-01-2022 19:50:01 
Duration Download Forstok 12.781919956207 Detik
Duration Looping 700 Data 154.9153649807 Detik 
Total Duration 154.91547203064 Detik 
------------------------- 
Tanggal: 06-01-2022 19:55:01 
Duration Download Forstok 11.864551067352 Detik
Duration Looping 700 Data 158.68384790421 Detik 
Total Duration 158.68396091461 Detik 
------------------------- 
Tanggal: 06-01-2022 20:00:01 
Duration Download Forstok 12.689263820648 Detik
Duration Looping 700 Data 165.98866391182 Detik 
Total Duration 165.98877286911 Detik 
------------------------- 
Tanggal: 06-01-2022 20:05:01 
Duration Download Forstok 17.35574388504 Detik
Duration Looping 700 Data 164.14262199402 Detik 
Total Duration 164.1427500248 Detik 
------------------------- 
Tanggal: 06-01-2022 20:10:01 
Duration Download Forstok 20.039232969284 Detik
Duration Looping 700 Data 167.87069892883 Detik 
Total Duration 167.87081408501 Detik 
------------------------- 
Tanggal: 06-01-2022 20:15:01 
Duration Download Forstok 13.562101125717 Detik
Duration Looping 700 Data 155.09088611603 Detik 
Total Duration 155.09100699425 Detik 
------------------------- 
Tanggal: 06-01-2022 20:20:01 
Duration Download Forstok 15.920536994934 Detik
Duration Looping 700 Data 174.02865886688 Detik 
Total Duration 174.02877092361 Detik 
------------------------- 
Tanggal: 06-01-2022 20:25:01 
Duration Download Forstok 13.699728012085 Detik
Duration Looping 700 Data 158.01527786255 Detik 
Total Duration 158.0153670311 Detik 
------------------------- 
Tanggal: 06-01-2022 20:30:01 
Duration Download Forstok 15.432090044022 Detik
Duration Looping 700 Data 167.68828701973 Detik 
Total Duration 167.68842411041 Detik 
------------------------- 
Tanggal: 06-01-2022 20:35:01 
Duration Download Forstok 16.688635110855 Detik
Duration Looping 700 Data 179.77838611603 Detik 
Total Duration 179.77850294113 Detik 
------------------------- 
Tanggal: 06-01-2022 20:40:01 
Duration Download Forstok 18.636467933655 Detik
Duration Looping 700 Data 199.03332090378 Detik 
Total Duration 199.03343391418 Detik 
------------------------- 
Tanggal: 06-01-2022 20:45:01 
Duration Download Forstok 16.830111026764 Detik
Duration Looping 700 Data 189.34811019897 Detik 
Total Duration 189.34822416306 Detik 
------------------------- 
Tanggal: 06-01-2022 20:50:01 
Duration Download Forstok 13.22884106636 Detik
Duration Looping 700 Data 155.01141905785 Detik 
Total Duration 155.01152801514 Detik 
------------------------- 
Tanggal: 06-01-2022 20:55:01 
Duration Download Forstok 13.50261092186 Detik
Duration Looping 700 Data 157.91659283638 Detik 
Total Duration 157.91671085358 Detik 
------------------------- 
Tanggal: 06-01-2022 21:00:01 
Duration Download Forstok 18.686824083328 Detik
Duration Looping 700 Data 199.59567403793 Detik 
Total Duration 199.59578704834 Detik 
------------------------- 
Tanggal: 06-01-2022 21:05:01 
Duration Download Forstok 28.474035978317 Detik
Duration Looping 700 Data 198.91257500648 Detik 
Total Duration 198.91268706322 Detik 
------------------------- 
Tanggal: 06-01-2022 21:10:02 
Duration Download Forstok 15.478344917297 Detik
Duration Looping 700 Data 160.25371193886 Detik 
Total Duration 160.25382184982 Detik 
------------------------- 
Tanggal: 06-01-2022 21:15:01 
Duration Download Forstok 14.514466047287 Detik
Duration Looping 700 Data 159.56612300873 Detik 
Total Duration 159.56625413895 Detik 
------------------------- 
Tanggal: 06-01-2022 21:20:01 
Duration Download Forstok 15.248198986053 Detik
Duration Looping 700 Data 170.48723697662 Detik 
Total Duration 170.48736190796 Detik 
------------------------- 
Tanggal: 06-01-2022 21:25:01 
Duration Download Forstok 17.312711954117 Detik
Duration Looping 700 Data 164.64182090759 Detik 
Total Duration 164.6419301033 Detik 
------------------------- 
Tanggal: 06-01-2022 21:30:02 
Duration Download Forstok 14.733601808548 Detik
Duration Looping 700 Data 162.88855886459 Detik 
Total Duration 162.88866782188 Detik 
------------------------- 
Tanggal: 06-01-2022 21:35:01 
Duration Download Forstok 23.240185976028 Detik
Duration Looping 700 Data 171.04537391663 Detik 
Total Duration 171.04549098015 Detik 
------------------------- 
Tanggal: 06-01-2022 21:40:01 
Duration Download Forstok 13.82679605484 Detik
Duration Looping 700 Data 165.1700630188 Detik 
Total Duration 165.17017483711 Detik 
------------------------- 
Tanggal: 06-01-2022 21:45:01 
Duration Download Forstok 15.952634096146 Detik
Duration Looping 700 Data 163.63993692398 Detik 
Total Duration 163.64004588127 Detik 
------------------------- 
Tanggal: 06-01-2022 21:50:01 
Duration Download Forstok 24.992871046066 Detik
Duration Looping 700 Data 175.35472106934 Detik 
Total Duration 175.35483598709 Detik 
------------------------- 
Tanggal: 06-01-2022 21:55:01 
Duration Download Forstok 15.696997880936 Detik
Duration Looping 700 Data 163.00337481499 Detik 
Total Duration 163.00354099274 Detik 
------------------------- 
Tanggal: 06-01-2022 22:00:01 
Duration Download Forstok 14.131347894669 Detik
Duration Looping 700 Data 162.13106894493 Detik 
Total Duration 162.13117599487 Detik 
------------------------- 
Tanggal: 06-01-2022 22:05:01 
Duration Download Forstok 16.92565703392 Detik
Duration Looping 700 Data 180.79048800468 Detik 
Total Duration 180.79059910774 Detik 
------------------------- 
Tanggal: 06-01-2022 22:10:01 
Duration Download Forstok 16.158015012741 Detik
Duration Looping 700 Data 162.02091598511 Detik 
Total Duration 162.02103209496 Detik 
------------------------- 
Tanggal: 06-01-2022 22:15:01 
Duration Download Forstok 19.412658929825 Detik
Duration Looping 700 Data 173.55144882202 Detik 
Total Duration 173.55160903931 Detik 
------------------------- 
Tanggal: 06-01-2022 22:20:01 
Duration Download Forstok 22.66277885437 Detik
Duration Looping 700 Data 172.36601996422 Detik 
Total Duration 172.36614394188 Detik 
------------------------- 
Tanggal: 06-01-2022 22:25:01 
Duration Download Forstok 22.640743017197 Detik
Duration Looping 700 Data 167.81664299965 Detik 
Total Duration 167.81675887108 Detik 
------------------------- 
Tanggal: 06-01-2022 22:30:01 
Duration Download Forstok 15.409403800964 Detik
Duration Looping 700 Data 160.8110768795 Detik 
Total Duration 160.81119680405 Detik 
------------------------- 
Tanggal: 06-01-2022 22:35:01 
Duration Download Forstok 19.937420845032 Detik
Duration Looping 700 Data 171.26071095467 Detik 
Total Duration 171.26082777977 Detik 
------------------------- 
Tanggal: 06-01-2022 22:40:01 
Duration Download Forstok 11.653836965561 Detik
Duration Looping 700 Data 153.17520093918 Detik 
Total Duration 153.17531490326 Detik 
------------------------- 
Tanggal: 06-01-2022 22:45:02 
Duration Download Forstok 17.072453022003 Detik
Duration Looping 700 Data 160.56617498398 Detik 
Total Duration 160.56628799438 Detik 
------------------------- 
Tanggal: 06-01-2022 22:50:01 
Duration Download Forstok 15.387796878815 Detik
Duration Looping 700 Data 162.6819050312 Detik 
Total Duration 162.68201684952 Detik 
------------------------- 
Tanggal: 06-01-2022 22:55:01 
Duration Download Forstok 11.979140996933 Detik
Duration Looping 700 Data 171.26463699341 Detik 
Total Duration 171.26474785805 Detik 
------------------------- 
Tanggal: 06-01-2022 23:00:01 
Duration Download Forstok 19.312520027161 Detik
Duration Looping 700 Data 170.5944879055 Detik 
Total Duration 170.5946199894 Detik 
------------------------- 
Tanggal: 06-01-2022 23:05:01 
Duration Download Forstok 17.436632871628 Detik
Duration Looping 700 Data 158.42648386955 Detik 
Total Duration 158.42660093307 Detik 
------------------------- 
Tanggal: 06-01-2022 23:10:01 
Duration Download Forstok 23.431574106216 Detik
Duration Looping 700 Data 168.57787513733 Detik 
Total Duration 168.5779941082 Detik 
------------------------- 
Tanggal: 06-01-2022 23:15:01 
Duration Download Forstok 13.923620939255 Detik
Duration Looping 700 Data 152.83794093132 Detik 
Total Duration 152.83806300163 Detik 
------------------------- 
Tanggal: 06-01-2022 23:20:01 
Duration Download Forstok 25.071823120117 Detik
Duration Looping 700 Data 178.61207294464 Detik 
Total Duration 178.61218500137 Detik 
------------------------- 
Tanggal: 06-01-2022 23:25:01 
Duration Download Forstok 17.711896896362 Detik
Duration Looping 700 Data 165.66987085342 Detik 
Total Duration 165.66999983788 Detik 
------------------------- 
Tanggal: 06-01-2022 23:30:01 
Duration Download Forstok 12.09792304039 Detik
Duration Looping 700 Data 156.02664995193 Detik 
Total Duration 156.02676296234 Detik 
------------------------- 
Tanggal: 06-01-2022 23:35:01 
Duration Download Forstok 16.662437915802 Detik
Duration Looping 700 Data 155.53447580338 Detik 
Total Duration 155.53460597992 Detik 
------------------------- 
Tanggal: 06-01-2022 23:40:01 
Duration Download Forstok 20.500401973724 Detik
Duration Looping 700 Data 168.18896698952 Detik 
Total Duration 168.18907904625 Detik 
------------------------- 
Tanggal: 06-01-2022 23:45:02 
Duration Download Forstok 23.636165857315 Detik
Duration Looping 700 Data 163.84540104866 Detik 
Total Duration 163.84552097321 Detik 
------------------------- 
Tanggal: 06-01-2022 23:50:01 
Duration Download Forstok 11.813034057617 Detik
Duration Looping 700 Data 155.41342186928 Detik 
Total Duration 155.41352891922 Detik 
------------------------- 
Tanggal: 06-01-2022 23:55:01 
Duration Download Forstok 13.833250045776 Detik
Duration Looping 700 Data 155.94644403458 Detik 
Total Duration 155.94655704498 Detik 
------------------------- 
