Tanggal: 29-07-2022 00:00:01 
Duration Download Forstok 13.286364078522 Detik
Duration Looping 500 Data 829.23568296432 Detik 
Total Duration 829.26854705811 Detik 
------------------------- 
Tanggal: 29-07-2022 00:15:01 
Duration Download Forstok 16.215436935425 Detik
Duration Looping 500 Data 169.7906639576 Detik 
Total Duration 169.81937289238 Detik 
------------------------- 
Tanggal: 29-07-2022 00:20:01 
Duration Download Forstok 11.526256084442 Detik
Duration Looping 500 Data 169.29662704468 Detik 
Total Duration 169.32180404663 Detik 
------------------------- 
Tanggal: 29-07-2022 00:25:01 
Duration Download Forstok 12.239320039749 Detik
Duration Looping 500 Data 164.39580702782 Detik 
Total Duration 164.42170405388 Detik 
------------------------- 
Tanggal: 29-07-2022 00:30:01 
Duration Download Forstok 12.465035915375 Detik
Duration Looping 500 Data 170.24746203423 Detik 
Total Duration 170.27691698074 Detik 
------------------------- 
Tanggal: 29-07-2022 00:35:01 
Duration Download Forstok 11.680459976196 Detik
Duration Looping 500 Data 165.07057404518 Detik 
Total Duration 165.09949684143 Detik 
------------------------- 
Tanggal: 29-07-2022 00:40:01 
Duration Download Forstok 13.805652141571 Detik
Duration Looping 500 Data 165.35443806648 Detik 
Total Duration 165.38082695007 Detik 
------------------------- 
Tanggal: 29-07-2022 00:45:01 
Duration Download Forstok 15.66902089119 Detik
Duration Looping 500 Data 169.43325996399 Detik 
Total Duration 169.46217989922 Detik 
------------------------- 
Tanggal: 29-07-2022 00:50:01 
Duration Download Forstok 11.163618087769 Detik
Duration Looping 500 Data 164.94947504997 Detik 
Total Duration 164.97406005859 Detik 
------------------------- 
Tanggal: 29-07-2022 00:55:01 
Duration Download Forstok 10.272798061371 Detik
Duration Looping 500 Data 160.67244720459 Detik 
Total Duration 160.69559001923 Detik 
------------------------- 
Tanggal: 29-07-2022 01:00:01 
Duration Download Forstok 12.094332933426 Detik
Duration Looping 500 Data 185.86821603775 Detik 
Total Duration 185.89510393143 Detik 
------------------------- 
Tanggal: 29-07-2022 01:05:01 
Duration Download Forstok 30.904133796692 Detik
Duration Looping 500 Data 180.4042069912 Detik 
Total Duration 180.42816400528 Detik 
------------------------- 
Tanggal: 29-07-2022 01:10:01 
Duration Download Forstok 13.272113084793 Detik
Duration Looping 500 Data 175.28251314163 Detik 
Total Duration 175.30631303787 Detik 
------------------------- 
Tanggal: 29-07-2022 01:15:01 
Duration Download Forstok 16.487033843994 Detik
Duration Looping 500 Data 165.32268095016 Detik 
Total Duration 165.34671092033 Detik 
------------------------- 
Tanggal: 29-07-2022 01:20:01 
Duration Download Forstok 11.844655990601 Detik
Duration Looping 500 Data 175.5814640522 Detik 
Total Duration 175.60466194153 Detik 
------------------------- 
Tanggal: 29-07-2022 01:25:01 
Duration Download Forstok 12.621002912521 Detik
Duration Looping 500 Data 157.89393782616 Detik 
Total Duration 157.91908597946 Detik 
------------------------- 
Tanggal: 29-07-2022 01:30:01 
Duration Download Forstok 16.966109991074 Detik
Duration Looping 500 Data 163.21351003647 Detik 
Total Duration 163.23686599731 Detik 
------------------------- 
Tanggal: 29-07-2022 01:35:01 
Duration Download Forstok 14.308282852173 Detik
Duration Looping 500 Data 164.66265296936 Detik 
Total Duration 164.6877348423 Detik 
------------------------- 
Tanggal: 29-07-2022 01:40:01 
Duration Download Forstok 13.107932090759 Detik
Duration Looping 500 Data 162.15139389038 Detik 
Total Duration 162.17341303825 Detik 
------------------------- 
Tanggal: 29-07-2022 01:45:01 
Duration Download Forstok 14.783455133438 Detik
Duration Looping 500 Data 162.26252412796 Detik 
Total Duration 162.29048109055 Detik 
------------------------- 
Tanggal: 29-07-2022 01:50:01 
Duration Download Forstok 15.879374980927 Detik
Duration Looping 500 Data 161.05856204033 Detik 
Total Duration 161.0820851326 Detik 
------------------------- 
Tanggal: 29-07-2022 01:55:01 
Duration Download Forstok 9.8981168270111 Detik
Duration Looping 500 Data 155.73040390015 Detik 
Total Duration 155.75461888313 Detik 
------------------------- 
Tanggal: 29-07-2022 02:00:01 
Duration Download Forstok 14.237601995468 Detik
Duration Looping 500 Data 167.47302317619 Detik 
Total Duration 167.49766898155 Detik 
------------------------- 
Tanggal: 29-07-2022 02:05:01 
Duration Download Forstok 21.30997800827 Detik
Duration Looping 500 Data 171.4917678833 Detik 
Total Duration 171.51735687256 Detik 
------------------------- 
Tanggal: 29-07-2022 02:10:01 
Duration Download Forstok 11.600487947464 Detik
Duration Looping 500 Data 157.36850714684 Detik 
Total Duration 157.393419981 Detik 
------------------------- 
Tanggal: 29-07-2022 02:15:02 
Duration Download Forstok 14.531917095184 Detik
Duration Looping 500 Data 159.05424404144 Detik 
Total Duration 159.08023905754 Detik 
------------------------- 
Tanggal: 29-07-2022 02:20:01 
Duration Download Forstok 10.221464157104 Detik
Duration Looping 500 Data 157.15273809433 Detik 
Tanggal: 29-07-2022 02:25:01 
Duration Download Forstok 10.166585922241 Detik
Duration Looping 500 Data 182.35690283775 Detik 
Tanggal: 29-07-2022 02:30:01 
Duration Download Forstok 12.29767203331 Detik
Duration Looping 500 Data 165.78121900558 Detik 
Tanggal: 29-07-2022 02:35:01 
Duration Download Forstok 14.639580011368 Detik
Duration Looping 500 Data 161.40652704239 Detik 
Tanggal: 29-07-2022 02:40:01 
Duration Download Forstok 12.082026958466 Detik
Duration Looping 500 Data 174.98722696304 Detik 
Tanggal: 29-07-2022 02:45:01 
Duration Download Forstok 12.24111700058 Detik
Duration Looping 500 Data 165.72848010063 Detik 
Tanggal: 29-07-2022 02:50:01 
Duration Download Forstok 11.258646965027 Detik
Duration Looping 500 Data 174.02097606659 Detik 
Tanggal: 29-07-2022 02:55:02 
Duration Download Forstok 11.348812818527 Detik
Duration Looping 500 Data 161.85327100754 Detik 
Tanggal: 29-07-2022 03:00:01 
Duration Download Forstok 13.084769010544 Detik
Duration Looping 500 Data 168.15967392921 Detik 
Tanggal: 29-07-2022 03:05:01 
Duration Download Forstok 20.890413045883 Detik
Duration Looping 500 Data 165.88397192955 Detik 
Tanggal: 29-07-2022 03:10:01 
Duration Download Forstok 13.178689002991 Detik
Duration Looping 500 Data 163.08900403976 Detik 
Tanggal: 29-07-2022 03:15:01 
Duration Download Forstok 15.156575918198 Detik
Duration Looping 500 Data 162.35330295563 Detik 
Tanggal: 29-07-2022 03:20:01 
Duration Download Forstok 10.539201021194 Detik
Duration Looping 500 Data 157.6604218483 Detik 
Tanggal: 29-07-2022 03:25:01 
Duration Download Forstok 10.944386005402 Detik
Duration Looping 500 Data 176.00310111046 Detik 
Tanggal: 29-07-2022 03:30:01 
Duration Download Forstok 11.374130964279 Detik
Duration Looping 500 Data 168.2205581665 Detik 
Tanggal: 29-07-2022 03:35:01 
Duration Download Forstok 25.638219833374 Detik
Duration Looping 500 Data 175.90843486786 Detik 
Tanggal: 29-07-2022 03:40:01 
Duration Download Forstok 18.314253091812 Detik
Duration Looping 500 Data 166.82536196709 Detik 
Tanggal: 29-07-2022 03:45:01 
Duration Download Forstok 11.846893787384 Detik
Duration Looping 500 Data 174.38236880302 Detik 
Tanggal: 29-07-2022 03:50:01 
Duration Download Forstok 10.681046009064 Detik
Duration Looping 500 Data 173.08356785774 Detik 
Tanggal: 29-07-2022 03:55:01 
Duration Download Forstok 10.038692951202 Detik
Duration Looping 500 Data 154.66464686394 Detik 
Tanggal: 29-07-2022 04:00:01 
Duration Download Forstok 12.051232814789 Detik
Duration Looping 500 Data 174.60725498199 Detik 
Tanggal: 29-07-2022 04:05:01 
Duration Download Forstok 19.50470995903 Detik
Duration Looping 500 Data 169.522990942 Detik 
Tanggal: 29-07-2022 04:10:01 
Duration Download Forstok 11.102882146835 Detik
Duration Looping 500 Data 157.21779513359 Detik 
Tanggal: 29-07-2022 04:15:01 
Duration Download Forstok 13.289091110229 Detik
Duration Looping 500 Data 164.75828504562 Detik 
Tanggal: 29-07-2022 04:20:01 
Duration Download Forstok 11.411275148392 Detik
Duration Looping 500 Data 163.82201504707 Detik 
Tanggal: 29-07-2022 04:25:01 
Duration Download Forstok 11.608603000641 Detik
Duration Looping 500 Data 176.95907402039 Detik 
Tanggal: 29-07-2022 04:30:01 
Duration Download Forstok 11.337859869003 Detik
Duration Looping 500 Data 162.74446988106 Detik 
Tanggal: 29-07-2022 04:35:01 
Duration Download Forstok 14.31796002388 Detik
Duration Looping 500 Data 159.12112188339 Detik 
Tanggal: 29-07-2022 04:40:01 
Duration Download Forstok 12.236309051514 Detik
Duration Looping 500 Data 168.76807284355 Detik 
Tanggal: 29-07-2022 04:45:01 
Duration Download Forstok 16.841957092285 Detik
Duration Looping 500 Data 168.87805199623 Detik 
Tanggal: 29-07-2022 04:50:01 
Duration Download Forstok 12.883185148239 Detik
Duration Looping 500 Data 162.00501203537 Detik 
Tanggal: 29-07-2022 04:55:01 
Duration Download Forstok 12.264375925064 Detik
Duration Looping 500 Data 156.12961196899 Detik 
Tanggal: 29-07-2022 05:00:01 
Duration Download Forstok 13.369101047516 Detik
Duration Looping 500 Data 165.04650020599 Detik 
Tanggal: 29-07-2022 05:05:01 
Duration Download Forstok 34.648187875748 Detik
Duration Looping 500 Data 185.37152004242 Detik 
Tanggal: 29-07-2022 05:10:01 
Duration Download Forstok 12.475687026978 Detik
Duration Looping 500 Data 172.63818788528 Detik 
Tanggal: 29-07-2022 05:15:01 
Duration Download Forstok 14.642678976059 Detik
Duration Looping 500 Data 166.53225398064 Detik 
Tanggal: 29-07-2022 05:20:01 
Duration Download Forstok 12.166397809982 Detik
Duration Looping 500 Data 158.67772102356 Detik 
Tanggal: 29-07-2022 05:25:01 
Duration Download Forstok 10.38511300087 Detik
Duration Looping 500 Data 158.15367984772 Detik 
Tanggal: 29-07-2022 05:30:01 
Duration Download Forstok 12.483985185623 Detik
Duration Looping 500 Data 171.86204004288 Detik 
Tanggal: 29-07-2022 05:35:01 
Duration Download Forstok 12.129673957825 Detik
Duration Looping 500 Data 164.16533112526 Detik 
Tanggal: 29-07-2022 05:40:02 
Duration Download Forstok 12.771989822388 Detik
Duration Looping 500 Data 166.05464291573 Detik 
Tanggal: 29-07-2022 05:45:01 
Duration Download Forstok 11.977020978928 Detik
Duration Looping 500 Data 170.9587290287 Detik 
Tanggal: 29-07-2022 05:50:01 
Duration Download Forstok 11.003978967667 Detik
Duration Looping 500 Data 162.23496794701 Detik 
Tanggal: 29-07-2022 05:55:01 
Duration Download Forstok 11.242216110229 Detik
Duration Looping 500 Data 162.16452503204 Detik 
Tanggal: 29-07-2022 06:00:01 
Duration Download Forstok 21.243675947189 Detik
Duration Looping 500 Data 173.15974998474 Detik 
Tanggal: 29-07-2022 06:05:01 
Duration Download Forstok 30.821276903152 Detik
Duration Looping 500 Data 177.14738297462 Detik 
Tanggal: 29-07-2022 06:10:01 
Duration Download Forstok 12.967973947525 Detik
Duration Looping 500 Data 158.33251905441 Detik 
Tanggal: 29-07-2022 06:15:01 
Duration Download Forstok 13.159202098846 Detik
Duration Looping 500 Data 171.29289007187 Detik 
Tanggal: 29-07-2022 06:20:01 
Duration Download Forstok 11.824544906616 Detik
Duration Looping 500 Data 159.82153201103 Detik 
Tanggal: 29-07-2022 06:25:01 
Duration Download Forstok 10.201408863068 Detik
Duration Looping 500 Data 165.50779080391 Detik 
Tanggal: 29-07-2022 06:30:01 
Duration Download Forstok 11.843670845032 Detik
Duration Looping 500 Data 169.70692801476 Detik 
Tanggal: 29-07-2022 06:35:01 
Duration Download Forstok 14.461927890778 Detik
Duration Looping 500 Data 168.48031687737 Detik 
Tanggal: 29-07-2022 06:40:01 
Duration Download Forstok 10.078379869461 Detik
Duration Looping 500 Data 156.53910183907 Detik 
Tanggal: 29-07-2022 06:45:01 
Duration Download Forstok 12.79775595665 Detik
Duration Looping 500 Data 162.37181591988 Detik 
Tanggal: 29-07-2022 06:50:01 
Duration Download Forstok 10.964016199112 Detik
Duration Looping 500 Data 160.59008908272 Detik 
Tanggal: 29-07-2022 06:55:01 
Duration Download Forstok 11.147375106812 Detik
Duration Looping 500 Data 160.00486516953 Detik 
Tanggal: 29-07-2022 07:00:01 
Duration Download Forstok 10.932126998901 Detik
Duration Looping 500 Data 167.13581395149 Detik 
Tanggal: 29-07-2022 07:05:01 
Duration Download Forstok 22.054641962051 Detik
Duration Looping 500 Data 169.30348801613 Detik 
Tanggal: 29-07-2022 07:10:01 
Duration Download Forstok 12.535544872284 Detik
Duration Looping 500 Data 172.42424488068 Detik 
Tanggal: 29-07-2022 07:15:01 
Duration Download Forstok 12.567984104156 Detik
Duration Looping 500 Data 167.31028389931 Detik 
Tanggal: 29-07-2022 07:20:01 
Duration Download Forstok 11.197777032852 Detik
Duration Looping 500 Data 159.78427004814 Detik 
Tanggal: 29-07-2022 07:25:01 
Duration Download Forstok 12.359777927399 Detik
Duration Looping 500 Data 163.94111394882 Detik 
Tanggal: 29-07-2022 07:30:01 
Duration Download Forstok 10.53161907196 Detik
Duration Looping 500 Data 164.33943009377 Detik 
Tanggal: 29-07-2022 07:35:01 
Duration Download Forstok 11.322438955307 Detik
Duration Looping 500 Data 164.96697187424 Detik 
Tanggal: 29-07-2022 07:40:01 
Duration Download Forstok 10.753901004791 Detik
Duration Looping 500 Data 175.09271192551 Detik 
Tanggal: 29-07-2022 07:45:01 
Duration Download Forstok 12.309642791748 Detik
Duration Looping 500 Data 160.35253691673 Detik 
Tanggal: 29-07-2022 07:50:01 
Duration Download Forstok 13.085877895355 Detik
Duration Looping 500 Data 165.08420181274 Detik 
Tanggal: 29-07-2022 07:55:01 
Duration Download Forstok 12.336993932724 Detik
Duration Looping 500 Data 160.42414808273 Detik 
Tanggal: 29-07-2022 08:00:01 
Duration Download Forstok 14.213103055954 Detik
Duration Looping 500 Data 188.32079792023 Detik 
Tanggal: 29-07-2022 08:05:01 
Duration Download Forstok 12.956423997879 Detik
Duration Looping 500 Data 167.39787697792 Detik 
Tanggal: 29-07-2022 08:10:01 
Duration Download Forstok 10.362468004227 Detik
Duration Looping 500 Data 162.47971796989 Detik 
Tanggal: 29-07-2022 08:15:01 
Duration Download Forstok 11.752249956131 Detik
Duration Looping 500 Data 176.68939590454 Detik 
Tanggal: 29-07-2022 08:20:01 
Duration Download Forstok 11.343444824219 Detik
Duration Looping 500 Data 163.83116483688 Detik 
Tanggal: 29-07-2022 08:25:01 
Duration Download Forstok 10.139169216156 Detik
Duration Looping 500 Data 165.63363003731 Detik 
Tanggal: 29-07-2022 08:30:01 
Duration Download Forstok 19.319120883942 Detik
Duration Looping 500 Data 187.80611085892 Detik 
Tanggal: 29-07-2022 08:35:01 
Duration Download Forstok 12.873429059982 Detik
Duration Looping 500 Data 179.36735987663 Detik 
Tanggal: 29-07-2022 08:40:01 
Duration Download Forstok 11.962903022766 Detik
Duration Looping 500 Data 186.22275805473 Detik 
Tanggal: 29-07-2022 08:45:01 
Duration Download Forstok 11.732890129089 Detik
Duration Looping 500 Data 179.86652517319 Detik 
Tanggal: 29-07-2022 08:50:01 
Duration Download Forstok 14.666144132614 Detik
Duration Looping 500 Data 171.7730782032 Detik 
Tanggal: 29-07-2022 08:55:00 
Duration Download Forstok 12.462042808533 Detik
Duration Looping 500 Data 174.7510778904 Detik 
Tanggal: 29-07-2022 09:00:01 
Duration Download Forstok 13.338176012039 Detik
Duration Looping 500 Data 189.08213114738 Detik 
Tanggal: 29-07-2022 09:05:02 
Duration Download Forstok 19.789493083954 Detik
Duration Looping 500 Data 198.64460992813 Detik 
Tanggal: 29-07-2022 09:10:01 
Duration Download Forstok 12.369901180267 Detik
Duration Looping 500 Data 181.80010414124 Detik 
Tanggal: 29-07-2022 09:15:01 
Duration Download Forstok 17.691223144531 Detik
Duration Looping 500 Data 188.28143715858 Detik 
Tanggal: 29-07-2022 09:20:01 
Duration Download Forstok 10.47661113739 Detik
Duration Looping 500 Data 184.44133996964 Detik 
Tanggal: 29-07-2022 09:25:01 
Duration Download Forstok 11.096012830734 Detik
Duration Looping 500 Data 188.28367090225 Detik 
Tanggal: 29-07-2022 09:30:01 
Duration Download Forstok 12.689785957336 Detik
Duration Looping 500 Data 189.55743908882 Detik 
Tanggal: 29-07-2022 09:35:01 
Duration Download Forstok 10.306387901306 Detik
Duration Looping 500 Data 181.86678385735 Detik 
Tanggal: 29-07-2022 09:40:01 
Duration Download Forstok 14.271337032318 Detik
Duration Looping 500 Data 212.40131998062 Detik 
Tanggal: 29-07-2022 09:45:01 
Duration Download Forstok 15.372977018356 Detik
Duration Looping 500 Data 189.28779602051 Detik 
Tanggal: 29-07-2022 09:50:01 
Duration Download Forstok 12.644546985626 Detik
Duration Looping 500 Data 178.92131614685 Detik 
Tanggal: 29-07-2022 09:55:01 
Duration Download Forstok 12.882567882538 Detik
Duration Looping 500 Data 185.37206196785 Detik 
Tanggal: 29-07-2022 10:00:01 
Duration Download Forstok 11.282871007919 Detik
Duration Looping 500 Data 179.99917602539 Detik 
Tanggal: 29-07-2022 10:05:01 
Duration Download Forstok 19.791325807571 Detik
Duration Looping 500 Data 203.3173789978 Detik 
Tanggal: 29-07-2022 10:10:01 
Duration Download Forstok 14.324430942535 Detik
Duration Looping 500 Data 194.47464609146 Detik 
Tanggal: 29-07-2022 10:15:01 
Duration Download Forstok 13.303433895111 Detik
Duration Looping 500 Data 196.65449595451 Detik 
Tanggal: 29-07-2022 10:20:01 
Duration Download Forstok 11.838369131088 Detik
Duration Looping 500 Data 189.25413203239 Detik 
Tanggal: 29-07-2022 10:25:01 
Duration Download Forstok 10.095166921616 Detik
Duration Looping 500 Data 188.36668682098 Detik 
Tanggal: 29-07-2022 10:30:01 
Duration Download Forstok 11.32768702507 Detik
Duration Looping 500 Data 195.17119503021 Detik 
Tanggal: 29-07-2022 10:35:01 
Duration Download Forstok 20.55769610405 Detik
Duration Looping 500 Data 195.56536316872 Detik 
Tanggal: 29-07-2022 10:40:01 
Duration Download Forstok 15.567818880081 Detik
Duration Looping 500 Data 183.38202786446 Detik 
Tanggal: 29-07-2022 10:45:01 
Duration Download Forstok 15.878460884094 Detik
Duration Looping 500 Data 191.66962695122 Detik 
Tanggal: 29-07-2022 10:50:02 
Duration Download Forstok 15.875333070755 Detik
Duration Looping 500 Data 193.63188099861 Detik 
Tanggal: 29-07-2022 10:55:01 
Duration Download Forstok 12.346946001053 Detik
Duration Looping 500 Data 184.82823395729 Detik 
Tanggal: 29-07-2022 11:00:01 
Duration Download Forstok 11.982863903046 Detik
Duration Looping 500 Data 213.22976493835 Detik 
Tanggal: 29-07-2022 11:05:01 
Duration Download Forstok 18.11835694313 Detik
Duration Looping 500 Data 190.71132898331 Detik 
Tanggal: 29-07-2022 11:10:01 
Duration Download Forstok 15.375962972641 Detik
Duration Looping 500 Data 184.9477391243 Detik 
Tanggal: 29-07-2022 11:15:02 
Duration Download Forstok 12.654176950455 Detik
Duration Looping 500 Data 187.17514395714 Detik 
Tanggal: 29-07-2022 11:20:01 
Duration Download Forstok 10.735852956772 Detik
Duration Looping 500 Data 186.58904600143 Detik 
Tanggal: 29-07-2022 11:25:02 
Duration Download Forstok 10.852737903595 Detik
Duration Looping 500 Data 192.44308996201 Detik 
Tanggal: 29-07-2022 11:30:01 
Duration Download Forstok 18.607578039169 Detik
Duration Looping 500 Data 181.61637806892 Detik 
Tanggal: 29-07-2022 11:35:01 
Duration Download Forstok 10.353593111038 Detik
Duration Looping 500 Data 166.95006108284 Detik 
Tanggal: 29-07-2022 11:40:01 
Duration Download Forstok 15.127558946609 Detik
Duration Looping 500 Data 174.26428294182 Detik 
Tanggal: 29-07-2022 11:45:01 
Duration Download Forstok 13.542499065399 Detik
Duration Looping 500 Data 169.26360106468 Detik 
Tanggal: 29-07-2022 11:50:01 
Duration Download Forstok 10.074162006378 Detik
Duration Looping 500 Data 161.67602586746 Detik 
Tanggal: 29-07-2022 11:55:01 
Duration Download Forstok 12.435334920883 Detik
Duration Looping 500 Data 166.0717420578 Detik 
Tanggal: 29-07-2022 12:00:01 
Duration Download Forstok 14.204571962357 Detik
Duration Looping 500 Data 176.77765107155 Detik 
Tanggal: 29-07-2022 12:05:01 
Duration Download Forstok 13.474893093109 Detik
Duration Looping 500 Data 165.90355300903 Detik 
Tanggal: 29-07-2022 12:10:01 
Duration Download Forstok 10.042627096176 Detik
Duration Looping 500 Data 161.71934700012 Detik 
Tanggal: 29-07-2022 12:15:02 
Duration Download Forstok 15.750863075256 Detik
Duration Looping 500 Data 173.41147089005 Detik 
Tanggal: 29-07-2022 12:20:01 
Duration Download Forstok 12.860395908356 Detik
Duration Looping 500 Data 176.43808507919 Detik 
Tanggal: 29-07-2022 12:25:01 
Duration Download Forstok 8.842264175415 Detik
Duration Looping 500 Data 157.13214707375 Detik 
Tanggal: 29-07-2022 12:30:01 
Duration Download Forstok 12.396399974823 Detik
Duration Looping 500 Data 160.01967000961 Detik 
Tanggal: 29-07-2022 12:35:01 
Duration Download Forstok 16.663789987564 Detik
Duration Looping 500 Data 165.77776694298 Detik 
Tanggal: 29-07-2022 12:40:01 
Duration Download Forstok 16.616353988647 Detik
Duration Looping 500 Data 162.66979789734 Detik 
Tanggal: 29-07-2022 12:45:01 
Duration Download Forstok 11.737290859222 Detik
Duration Looping 500 Data 163.50180506706 Detik 
Tanggal: 29-07-2022 12:50:01 
Duration Download Forstok 11.177707910538 Detik
Duration Looping 500 Data 162.46859788895 Detik 
Tanggal: 29-07-2022 12:55:01 
Duration Download Forstok 9.9646329879761 Detik
Duration Looping 500 Data 165.16612482071 Detik 
Tanggal: 29-07-2022 13:00:01 
Duration Download Forstok 13.221228122711 Detik
Duration Looping 500 Data 166.07624292374 Detik 
Tanggal: 29-07-2022 13:05:01 
Duration Download Forstok 12.816191911697 Detik
Duration Looping 500 Data 170.82308197021 Detik 
Tanggal: 29-07-2022 13:10:01 
Duration Download Forstok 11.479653120041 Detik
Duration Looping 500 Data 178.51599597931 Detik 
Tanggal: 29-07-2022 13:15:01 
Duration Download Forstok 19.412304162979 Detik
Duration Looping 500 Data 179.81818008423 Detik 
Tanggal: 29-07-2022 13:20:01 
Duration Download Forstok 12.697916984558 Detik
Duration Looping 500 Data 175.44236493111 Detik 
Tanggal: 29-07-2022 13:25:01 
Duration Download Forstok 9.9489979743958 Detik
Duration Looping 500 Data 171.49749708176 Detik 
Tanggal: 29-07-2022 13:30:01 
Duration Download Forstok 14.826389074326 Detik
Duration Looping 500 Data 179.09907197952 Detik 
Tanggal: 29-07-2022 13:35:01 
Duration Download Forstok 11.85906791687 Detik
Duration Looping 500 Data 171.38515400887 Detik 
Tanggal: 29-07-2022 13:40:01 
Duration Download Forstok 11.766310930252 Detik
Duration Looping 500 Data 168.3647210598 Detik 
Tanggal: 29-07-2022 13:45:01 
Duration Download Forstok 12.854341983795 Detik
Duration Looping 500 Data 176.59567403793 Detik 
Tanggal: 29-07-2022 13:50:02 
Duration Download Forstok 11.591773986816 Detik
Duration Looping 500 Data 173.61172914505 Detik 
Tanggal: 29-07-2022 13:55:01 
Duration Download Forstok 10.06235909462 Detik
Duration Looping 500 Data 170.3357231617 Detik 
Tanggal: 29-07-2022 14:00:01 
Duration Download Forstok 12.331187009811 Detik
Duration Looping 500 Data 181.84197616577 Detik 
Tanggal: 29-07-2022 14:05:01 
Duration Download Forstok 10.248889923096 Detik
Duration Looping 500 Data 180.44151592255 Detik 
Tanggal: 29-07-2022 14:10:01 
Duration Download Forstok 13.540170907974 Detik
Duration Looping 500 Data 170.66692996025 Detik 
Tanggal: 29-07-2022 14:15:01 
Duration Download Forstok 12.008646965027 Detik
Duration Looping 500 Data 176.56068110466 Detik 
Tanggal: 29-07-2022 14:20:01 
Duration Download Forstok 11.636343002319 Detik
Duration Looping 500 Data 170.42553186417 Detik 
Tanggal: 29-07-2022 14:25:01 
Duration Download Forstok 11.668985843658 Detik
Duration Looping 500 Data 171.59783983231 Detik 
Tanggal: 29-07-2022 14:30:01 
Duration Download Forstok 11.942155122757 Detik
Duration Looping 500 Data 183.33183908463 Detik 
Tanggal: 29-07-2022 14:35:01 
Duration Download Forstok 10.162066936493 Detik
Duration Looping 500 Data 168.57148909569 Detik 
Tanggal: 29-07-2022 14:40:01 
Duration Download Forstok 12.485442876816 Detik
Duration Looping 500 Data 175.86882996559 Detik 
Tanggal: 29-07-2022 14:45:01 
Duration Download Forstok 14.496429920197 Detik
Duration Looping 500 Data 183.12809205055 Detik 
Tanggal: 29-07-2022 14:50:01 
Duration Download Forstok 9.9713590145111 Detik
Duration Looping 500 Data 171.92497014999 Detik 
Tanggal: 29-07-2022 14:55:01 
Duration Download Forstok 10.800532102585 Detik
Duration Looping 500 Data 175.99677014351 Detik 
Tanggal: 29-07-2022 15:00:02 
Duration Download Forstok 12.242172956467 Detik
Duration Looping 500 Data 179.00725603104 Detik 
Tanggal: 29-07-2022 15:05:01 
Duration Download Forstok 11.013836145401 Detik
Duration Looping 500 Data 184.51662802696 Detik 
Tanggal: 29-07-2022 15:10:01 
Duration Download Forstok 16.77728509903 Detik
Duration Looping 500 Data 188.45931911469 Detik 
Tanggal: 29-07-2022 15:15:01 
Duration Download Forstok 13.844386100769 Detik
Duration Looping 500 Data 179.4727370739 Detik 
Tanggal: 29-07-2022 15:20:01 
Duration Download Forstok 10.07236123085 Detik
Duration Looping 500 Data 185.75505709648 Detik 
Tanggal: 29-07-2022 15:25:01 
Duration Download Forstok 13.125946044922 Detik
Duration Looping 500 Data 177.7131831646 Detik 
Tanggal: 29-07-2022 15:30:01 
Duration Download Forstok 16.945871114731 Detik
Duration Looping 500 Data 182.34980010986 Detik 
Tanggal: 29-07-2022 15:35:01 
Duration Download Forstok 12.308660030365 Detik
Duration Looping 500 Data 173.16569590569 Detik 
Tanggal: 29-07-2022 15:40:01 
Duration Download Forstok 18.678253889084 Detik
Duration Looping 500 Data 184.94461989403 Detik 
Tanggal: 29-07-2022 15:45:01 
Duration Download Forstok 14.144464015961 Detik
Duration Looping 500 Data 171.46287989616 Detik 
Tanggal: 29-07-2022 15:50:01 
Duration Download Forstok 21.975910902023 Detik
Duration Looping 500 Data 180.05818891525 Detik 
Tanggal: 29-07-2022 15:55:01 
Duration Download Forstok 13.33093380928 Detik
Duration Looping 500 Data 174.87456989288 Detik 
Tanggal: 29-07-2022 16:00:01 
Duration Download Forstok 15.714410066605 Detik
Duration Looping 500 Data 179.25817108154 Detik 
Tanggal: 29-07-2022 16:05:01 
Duration Download Forstok 11.60381603241 Detik
Duration Looping 500 Data 168.42919707298 Detik 
Tanggal: 29-07-2022 16:10:01 
Duration Download Forstok 19.908226013184 Detik
Duration Looping 500 Data 177.72518515587 Detik 
Tanggal: 29-07-2022 16:15:01 
Duration Download Forstok 13.675107955933 Detik
Duration Looping 500 Data 175.37163114548 Detik 
Tanggal: 29-07-2022 16:20:01 
Duration Download Forstok 19.528886079788 Detik
Duration Looping 500 Data 180.75329899788 Detik 
Tanggal: 29-07-2022 16:25:01 
Duration Download Forstok 11.310887813568 Detik
Duration Looping 500 Data 171.94701194763 Detik 
Tanggal: 29-07-2022 16:30:01 
Duration Download Forstok 11.607204914093 Detik
Duration Looping 500 Data 176.30364489555 Detik 
Tanggal: 29-07-2022 16:35:02 
Duration Download Forstok 10.919512033463 Detik
Duration Looping 500 Data 169.97859501839 Detik 
Tanggal: 29-07-2022 16:40:01 
Duration Download Forstok 12.468858957291 Detik
Duration Looping 500 Data 171.97278690338 Detik 
Tanggal: 29-07-2022 16:45:01 
Duration Download Forstok 14.567358016968 Detik
Duration Looping 500 Data 174.64290094376 Detik 
Tanggal: 29-07-2022 16:50:01 
Duration Download Forstok 14.000730991364 Detik
Duration Looping 500 Data 178.66684293747 Detik 
Tanggal: 29-07-2022 16:55:01 
Duration Download Forstok 11.234333992004 Detik
Duration Looping 500 Data 168.88720107079 Detik 
Tanggal: 29-07-2022 17:00:01 
Duration Download Forstok 11.401844024658 Detik
Duration Looping 500 Data 170.8638150692 Detik 
Tanggal: 29-07-2022 17:05:01 
Duration Download Forstok 11.785737037659 Detik
Duration Looping 500 Data 164.80776500702 Detik 
Tanggal: 29-07-2022 17:10:01 
Duration Download Forstok 11.653374910355 Detik
Duration Looping 500 Data 163.34520292282 Detik 
Tanggal: 29-07-2022 17:15:01 
Duration Download Forstok 15.540268182755 Detik
Duration Looping 500 Data 159.04179596901 Detik 
Tanggal: 29-07-2022 17:20:01 
Duration Download Forstok 12.285058021545 Detik
Duration Looping 500 Data 165.15274095535 Detik 
Tanggal: 29-07-2022 17:25:01 
Duration Download Forstok 12.774805784225 Detik
Duration Looping 500 Data 160.42447781563 Detik 
Tanggal: 29-07-2022 17:30:01 
Duration Download Forstok 20.276388883591 Detik
Duration Looping 500 Data 168.76959896088 Detik 
Tanggal: 29-07-2022 17:35:01 
Duration Download Forstok 13.715461969376 Detik
Duration Looping 500 Data 163.16601896286 Detik 
Tanggal: 29-07-2022 17:40:01 
Duration Download Forstok 10.970058917999 Detik
Duration Looping 500 Data 151.92328691483 Detik 
Tanggal: 29-07-2022 17:45:01 
Duration Download Forstok 10.694831848145 Detik
Duration Looping 500 Data 161.81131792068 Detik 
Tanggal: 29-07-2022 17:50:01 
Duration Download Forstok 14.177543878555 Detik
Duration Looping 500 Data 156.69345593452 Detik 
Tanggal: 29-07-2022 17:55:01 
Duration Download Forstok 11.420619010925 Detik
Duration Looping 500 Data 154.39214801788 Detik 
Tanggal: 29-07-2022 18:00:01 
Duration Download Forstok 13.325834035873 Detik
Duration Looping 500 Data 161.53682804108 Detik 
Tanggal: 29-07-2022 18:05:01 
Duration Download Forstok 10.552368164062 Detik
Duration Looping 500 Data 150.50205612183 Detik 
Tanggal: 29-07-2022 18:10:01 
Duration Download Forstok 14.530900001526 Detik
Duration Looping 500 Data 155.7346739769 Detik 
Tanggal: 29-07-2022 18:15:01 
Duration Download Forstok 16.987745046616 Detik
Duration Looping 500 Data 158.99733400345 Detik 
Tanggal: 29-07-2022 18:20:01 
Duration Download Forstok 11.97005200386 Detik
Duration Looping 500 Data 158.50856494904 Detik 
Tanggal: 29-07-2022 18:25:01 
Duration Download Forstok 10.248022079468 Detik
Duration Looping 500 Data 157.12834310532 Detik 
Tanggal: 29-07-2022 18:30:01 
Duration Download Forstok 13.019567966461 Detik
Duration Looping 500 Data 153.79916191101 Detik 
Tanggal: 29-07-2022 18:35:01 
Duration Download Forstok 12.059046983719 Detik
Duration Looping 500 Data 153.80873584747 Detik 
Tanggal: 29-07-2022 18:40:01 
Duration Download Forstok 14.552681922913 Detik
Duration Looping 500 Data 157.75965809822 Detik 
Tanggal: 29-07-2022 18:45:01 
Duration Download Forstok 19.506974935532 Detik
Duration Looping 500 Data 164.99547696114 Detik 
Tanggal: 29-07-2022 18:50:01 
Duration Download Forstok 12.037500858307 Detik
Duration Looping 500 Data 160.59422898293 Detik 
Tanggal: 29-07-2022 18:55:01 
Duration Download Forstok 12.214792966843 Detik
Duration Looping 500 Data 163.11978292465 Detik 
Tanggal: 29-07-2022 19:00:01 
Duration Download Forstok 11.066567182541 Detik
Duration Looping 500 Data 159.87847709656 Detik 
Tanggal: 29-07-2022 19:05:01 
Duration Download Forstok 10.810612916946 Detik
Duration Looping 500 Data 152.63819789886 Detik 
Tanggal: 29-07-2022 19:10:01 
Duration Download Forstok 10.872370004654 Detik
Duration Looping 500 Data 158.01315689087 Detik 
Tanggal: 29-07-2022 19:15:01 
Duration Download Forstok 13.330150842667 Detik
Duration Looping 500 Data 157.74587583542 Detik 
Tanggal: 29-07-2022 19:20:02 
Duration Download Forstok 11.685762882233 Detik
Duration Looping 500 Data 158.06248903275 Detik 
Tanggal: 29-07-2022 19:25:01 
Duration Download Forstok 16.60419011116 Detik
Duration Looping 500 Data 165.46124815941 Detik 
Tanggal: 29-07-2022 19:30:01 
Duration Download Forstok 12.257145881653 Detik
Duration Looping 500 Data 154.62155795097 Detik 
Tanggal: 29-07-2022 19:35:01 
Duration Download Forstok 11.277880907059 Detik
Duration Looping 500 Data 152.50179195404 Detik 
Total Duration 152.52636885643 Detik 
------------------------- 
Tanggal: 29-07-2022 19:40:01 
Duration Download Forstok 20.499885797501 Detik
Duration Looping 500 Data 161.69772195816 Detik 
Total Duration 161.72357988358 Detik 
------------------------- 
Tanggal: 29-07-2022 19:45:01 
Duration Download Forstok 12.599012851715 Detik
Duration Looping 500 Data 158.76114296913 Detik 
Total Duration 158.78853082657 Detik 
------------------------- 
Tanggal: 29-07-2022 19:50:01 
Duration Download Forstok 12.042876005173 Detik
Duration Looping 500 Data 156.33475017548 Detik 
Total Duration 156.36154317856 Detik 
------------------------- 
Tanggal: 29-07-2022 19:55:01 
Duration Download Forstok 11.545874834061 Detik
Duration Looping 500 Data 155.88300585747 Detik 
Total Duration 156.18690991402 Detik 
------------------------- 
Tanggal: 29-07-2022 20:00:01 
Duration Download Forstok 20.386600971222 Detik
Duration Looping 500 Data 163.10176086426 Detik 
Total Duration 163.12554693222 Detik 
------------------------- 
Tanggal: 29-07-2022 20:05:01 
Duration Download Forstok 12.915467977524 Detik
Duration Looping 500 Data 163.32648205757 Detik 
Total Duration 163.35233902931 Detik 
------------------------- 
Tanggal: 29-07-2022 20:10:01 
Duration Download Forstok 12.047273874283 Detik
Duration Looping 500 Data 154.72090506554 Detik 
Total Duration 154.74749302864 Detik 
------------------------- 
Tanggal: 29-07-2022 20:15:01 
Duration Download Forstok 14.774025917053 Detik
Duration Looping 500 Data 155.91790795326 Detik 
Total Duration 155.94607591629 Detik 
------------------------- 
Tanggal: 29-07-2022 20:20:01 
Duration Download Forstok 10.829097032547 Detik
Duration Looping 500 Data 156.36787986755 Detik 
Total Duration 156.39610791206 Detik 
------------------------- 
Tanggal: 29-07-2022 20:25:01 
Duration Download Forstok 9.8159909248352 Detik
Duration Looping 500 Data 153.50233793259 Detik 
Total Duration 153.52940297127 Detik 
------------------------- 
Tanggal: 29-07-2022 20:30:01 
Duration Download Forstok 12.858418941498 Detik
Duration Looping 500 Data 163.69750094414 Detik 
Total Duration 163.72879695892 Detik 
------------------------- 
Tanggal: 29-07-2022 20:35:01 
Duration Download Forstok 11.25239276886 Detik
Duration Looping 500 Data 157.37339997292 Detik 
Total Duration 157.39969587326 Detik 
------------------------- 
Tanggal: 29-07-2022 20:40:01 
Duration Download Forstok 18.810844898224 Detik
Duration Looping 500 Data 160.34983801842 Detik 
Total Duration 160.38155508041 Detik 
------------------------- 
Tanggal: 29-07-2022 20:45:01 
Duration Download Forstok 20.833059072495 Detik
Duration Looping 500 Data 171.92068219185 Detik 
Total Duration 171.94776320457 Detik 
------------------------- 
Tanggal: 29-07-2022 20:50:01 
Duration Download Forstok 10.756513118744 Detik
Duration Looping 500 Data 156.77175998688 Detik 
Total Duration 156.79771113396 Detik 
------------------------- 
Tanggal: 29-07-2022 20:55:01 
Duration Download Forstok 10.162013053894 Detik
Duration Looping 500 Data 156.2809150219 Detik 
Total Duration 156.31071400642 Detik 
------------------------- 
Tanggal: 29-07-2022 21:00:01 
Duration Download Forstok 11.998042106628 Detik
Duration Looping 500 Data 152.74613618851 Detik 
Total Duration 152.77144408226 Detik 
------------------------- 
Tanggal: 29-07-2022 21:05:01 
Duration Download Forstok 10.420357942581 Detik
Duration Looping 500 Data 160.3311188221 Detik 
Total Duration 160.35529088974 Detik 
------------------------- 
Tanggal: 29-07-2022 21:10:01 
Duration Download Forstok 9.6371650695801 Detik
Duration Looping 500 Data 155.24195408821 Detik 
Total Duration 155.26869106293 Detik 
------------------------- 
Tanggal: 29-07-2022 21:15:01 
Duration Download Forstok 12.927723169327 Detik
Duration Looping 500 Data 155.17280006409 Detik 
Total Duration 155.20605611801 Detik 
------------------------- 
Tanggal: 29-07-2022 21:20:01 
Duration Download Forstok 10.123835086823 Detik
Duration Looping 500 Data 158.86248207092 Detik 
Total Duration 158.89472699165 Detik 
------------------------- 
Tanggal: 29-07-2022 21:25:01 
Duration Download Forstok 11.059378147125 Detik
Duration Looping 500 Data 151.11254501343 Detik 
Total Duration 151.13813018799 Detik 
------------------------- 
Tanggal: 29-07-2022 21:30:01 
Duration Download Forstok 12.960482120514 Detik
Duration Looping 500 Data 159.92189598083 Detik 
Total Duration 159.9483730793 Detik 
------------------------- 
Tanggal: 29-07-2022 21:35:01 
Duration Download Forstok 9.7806880474091 Detik
Duration Looping 500 Data 154.37989902496 Detik 
Total Duration 154.40414190292 Detik 
------------------------- 
Tanggal: 29-07-2022 21:40:01 
Duration Download Forstok 10.583386898041 Detik
Duration Looping 500 Data 155.79570698738 Detik 
Total Duration 155.82009792328 Detik 
------------------------- 
Tanggal: 29-07-2022 21:45:01 
Duration Download Forstok 12.373624801636 Detik
Duration Looping 500 Data 155.85977888107 Detik 
Total Duration 155.88562297821 Detik 
------------------------- 
Tanggal: 29-07-2022 21:50:02 
Duration Download Forstok 17.062614917755 Detik
Duration Looping 500 Data 159.67825198174 Detik 
Total Duration 159.70349001884 Detik 
------------------------- 
Tanggal: 29-07-2022 21:55:01 
Duration Download Forstok 9.5852069854736 Detik
Duration Looping 500 Data 145.8599858284 Detik 
Total Duration 145.88607096672 Detik 
------------------------- 
Tanggal: 29-07-2022 22:00:01 
Duration Download Forstok 14.145941972733 Detik
Duration Looping 500 Data 159.50022888184 Detik 
Total Duration 159.52793192863 Detik 
------------------------- 
Tanggal: 29-07-2022 22:05:01 
Duration Download Forstok 13.475656032562 Detik
Duration Looping 500 Data 165.49965500832 Detik 
Total Duration 165.5328950882 Detik 
------------------------- 
Tanggal: 29-07-2022 22:10:01 
Duration Download Forstok 15.026214122772 Detik
Duration Looping 500 Data 153.07160902023 Detik 
Total Duration 153.09994101524 Detik 
------------------------- 
Tanggal: 29-07-2022 22:15:01 
Duration Download Forstok 16.515781879425 Detik
Duration Looping 500 Data 155.27063393593 Detik 
Total Duration 155.29352807999 Detik 
------------------------- 
Tanggal: 29-07-2022 22:20:01 
Duration Download Forstok 13.471694946289 Detik
Duration Looping 500 Data 158.2516720295 Detik 
Total Duration 158.27790403366 Detik 
------------------------- 
Tanggal: 29-07-2022 22:25:01 
Duration Download Forstok 12.372784852982 Detik
Duration Looping 500 Data 153.49227595329 Detik 
Total Duration 153.51848602295 Detik 
------------------------- 
Tanggal: 29-07-2022 22:30:01 
Duration Download Forstok 12.518582105637 Detik
Duration Looping 500 Data 153.8191549778 Detik 
Total Duration 153.84265589714 Detik 
------------------------- 
Tanggal: 29-07-2022 22:35:01 
Duration Download Forstok 12.200716972351 Detik
Duration Looping 500 Data 152.39982581139 Detik 
Total Duration 152.42404794693 Detik 
------------------------- 
Tanggal: 29-07-2022 22:40:01 
Duration Download Forstok 12.3542740345 Detik
Duration Looping 500 Data 156.00913214684 Detik 
Total Duration 156.0333840847 Detik 
------------------------- 
Tanggal: 29-07-2022 22:45:01 
Duration Download Forstok 15.0395860672 Detik
Duration Looping 500 Data 158.47145104408 Detik 
Total Duration 158.496789217 Detik 
------------------------- 
Tanggal: 29-07-2022 22:50:01 
Duration Download Forstok 14.866168022156 Detik
Duration Looping 500 Data 155.72634792328 Detik 
Total Duration 155.75094604492 Detik 
------------------------- 
Tanggal: 29-07-2022 22:55:01 
Duration Download Forstok 9.6602611541748 Detik
Duration Looping 500 Data 147.11397409439 Detik 
Total Duration 147.14211916924 Detik 
------------------------- 
Tanggal: 29-07-2022 23:00:01 
Duration Download Forstok 12.712639093399 Detik
Duration Looping 500 Data 164.03301596642 Detik 
Total Duration 164.06081199646 Detik 
------------------------- 
Tanggal: 29-07-2022 23:05:01 
Duration Download Forstok 14.964652061462 Detik
Duration Looping 500 Data 155.01828598976 Detik 
Total Duration 155.04555416107 Detik 
------------------------- 
Tanggal: 29-07-2022 23:10:01 
Duration Download Forstok 17.714326143265 Detik
Duration Looping 500 Data 154.37485909462 Detik 
Total Duration 154.40288805962 Detik 
------------------------- 
Tanggal: 29-07-2022 23:15:01 
Duration Download Forstok 12.992856025696 Detik
Duration Looping 500 Data 158.95610189438 Detik 
Total Duration 158.98077082634 Detik 
------------------------- 
Tanggal: 29-07-2022 23:20:01 
Duration Download Forstok 18.608326911926 Detik
Duration Looping 500 Data 162.67957186699 Detik 
Total Duration 162.708548069 Detik 
------------------------- 
Tanggal: 29-07-2022 23:25:01 
Duration Download Forstok 13.055166006088 Detik
Duration Looping 500 Data 153.50591015816 Detik 
Total Duration 153.52827906609 Detik 
------------------------- 
Tanggal: 29-07-2022 23:30:01 
Duration Download Forstok 16.160667181015 Detik
Duration Looping 500 Data 167.27706718445 Detik 
Total Duration 167.30009698868 Detik 
------------------------- 
Tanggal: 29-07-2022 23:35:01 
Duration Download Forstok 14.077787160873 Detik
Duration Looping 500 Data 154.83292508125 Detik 
Total Duration 154.85930204391 Detik 
------------------------- 
Tanggal: 29-07-2022 23:40:01 
Duration Download Forstok 12.11904501915 Detik
Duration Looping 500 Data 153.7269949913 Detik 
Total Duration 153.75091600418 Detik 
------------------------- 
Tanggal: 29-07-2022 23:45:01 
Duration Download Forstok 15.491145849228 Detik
Duration Looping 500 Data 164.19051289558 Detik 
Total Duration 164.21556901932 Detik 
------------------------- 
Tanggal: 29-07-2022 23:50:01 
Duration Download Forstok 13.079066991806 Detik
Duration Looping 500 Data 167.65167188644 Detik 
Total Duration 167.67553186417 Detik 
------------------------- 
Tanggal: 29-07-2022 23:55:01 
Duration Download Forstok 12.34666800499 Detik
Duration Looping 500 Data 151.86811709404 Detik 
Total Duration 151.89377999306 Detik 
------------------------- 
