Tanggal: 03-01-2022 00:00:01 
Duration Download Forstok 12.809906959534 Detik
Tanggal: 03-01-2022 00:05:01 
Duration Download Forstok 21.153752088547 Detik
Tanggal: 03-01-2022 00:10:01 
Duration Download Forstok 14.094881057739 Detik
Duration Looping 700 Data 667.81957483292 Detik 
Total Duration 667.81969189644 Detik 
------------------------- 
Duration Looping 700 Data 368.0181210041 Detik 
Total Duration 368.01825404167 Detik 
------------------------- 
Duration Looping 700 Data 182.38709902763 Detik 
Total Duration 182.38811612129 Detik 
------------------------- 
Tanggal: 03-01-2022 00:15:01 
Duration Download Forstok 17.084889173508 Detik
Duration Looping 700 Data 153.71924304962 Detik 
Total Duration 153.71936011314 Detik 
------------------------- 
Tanggal: 03-01-2022 00:20:01 
Duration Download Forstok 12.340431928635 Detik
Duration Looping 700 Data 157.12541484833 Detik 
Total Duration 157.1255209446 Detik 
------------------------- 
Tanggal: 03-01-2022 00:25:01 
Duration Download Forstok 13.341557979584 Detik
Duration Looping 700 Data 184.35082411766 Detik 
Total Duration 184.35178995132 Detik 
------------------------- 
Tanggal: 03-01-2022 00:30:02 
Duration Download Forstok 12.063288927078 Detik
Duration Looping 700 Data 144.25360894203 Detik 
Total Duration 144.25372409821 Detik 
------------------------- 
Tanggal: 03-01-2022 00:35:01 
Duration Download Forstok 23.539775848389 Detik
Duration Looping 700 Data 190.07853984833 Detik 
Total Duration 190.07872390747 Detik 
------------------------- 
Tanggal: 03-01-2022 00:40:01 
Duration Download Forstok 11.077372074127 Detik
Duration Looping 700 Data 149.24056506157 Detik 
Total Duration 149.24068117142 Detik 
------------------------- 
Tanggal: 03-01-2022 00:45:01 
Duration Download Forstok 14.938817024231 Detik
Duration Looping 700 Data 145.09390091896 Detik 
Total Duration 145.09401798248 Detik 
------------------------- 
Tanggal: 03-01-2022 00:50:01 
Duration Download Forstok 14.833708047867 Detik
Duration Looping 700 Data 148.91211009026 Detik 
Total Duration 148.91222691536 Detik 
------------------------- 
Tanggal: 03-01-2022 00:55:01 
Duration Download Forstok 11.269433021545 Detik
Duration Looping 700 Data 142.39915704727 Detik 
Total Duration 142.39927315712 Detik 
------------------------- 
Tanggal: 03-01-2022 01:00:01 
Duration Download Forstok 11.504685878754 Detik
Duration Looping 700 Data 145.92223191261 Detik 
Total Duration 145.92234396935 Detik 
------------------------- 
Tanggal: 03-01-2022 01:05:01 
Duration Download Forstok 17.41509103775 Detik
Duration Looping 700 Data 156.45152997971 Detik 
Total Duration 156.45164489746 Detik 
------------------------- 
Tanggal: 03-01-2022 01:10:01 
Duration Download Forstok 12.602535009384 Detik
Duration Looping 700 Data 146.76549696922 Detik 
Total Duration 146.76561403275 Detik 
------------------------- 
Tanggal: 03-01-2022 01:15:01 
Duration Download Forstok 13.286941051483 Detik
Duration Looping 700 Data 144.21739196777 Detik 
Total Duration 144.217471838 Detik 
------------------------- 
Tanggal: 03-01-2022 01:20:01 
Duration Download Forstok 12.553739786148 Detik
Duration Looping 700 Data 146.864620924 Detik 
Total Duration 146.86473894119 Detik 
------------------------- 
Tanggal: 03-01-2022 01:25:01 
Duration Download Forstok 11.768174886703 Detik
Duration Looping 700 Data 143.46587085724 Detik 
Total Duration 143.46599197388 Detik 
------------------------- 
Tanggal: 03-01-2022 01:30:01 
Duration Download Forstok 12.361064910889 Detik
Duration Looping 700 Data 146.99868798256 Detik 
Total Duration 146.99880504608 Detik 
------------------------- 
Tanggal: 03-01-2022 01:35:01 
Duration Download Forstok 19.297070980072 Detik
Duration Looping 700 Data 163.55927801132 Detik 
Total Duration 163.55940485001 Detik 
------------------------- 
Tanggal: 03-01-2022 01:40:01 
Duration Download Forstok 13.019913911819 Detik
Duration Looping 700 Data 147.86436581612 Detik 
Total Duration 147.86448979378 Detik 
------------------------- 
Tanggal: 03-01-2022 01:45:01 
Duration Download Forstok 12.829205989838 Detik
Duration Looping 700 Data 147.19353795052 Detik 
Total Duration 147.19366002083 Detik 
------------------------- 
Tanggal: 03-01-2022 01:50:01 
Duration Download Forstok 13.898488044739 Detik
Duration Looping 700 Data 145.31449890137 Detik 
Total Duration 145.31461405754 Detik 
------------------------- 
Tanggal: 03-01-2022 01:55:01 
Duration Download Forstok 13.775924921036 Detik
Duration Looping 700 Data 147.42175889015 Detik 
Total Duration 147.42189598083 Detik 
------------------------- 
Tanggal: 03-01-2022 02:00:01 
Duration Download Forstok 16.756829977036 Detik
Duration Looping 700 Data 153.1407148838 Detik 
Total Duration 153.14084196091 Detik 
------------------------- 
Tanggal: 03-01-2022 02:05:01 
Duration Download Forstok 21.410170793533 Detik
Duration Looping 700 Data 150.86721396446 Detik 
Total Duration 150.86732387543 Detik 
------------------------- 
Tanggal: 03-01-2022 02:10:01 
Duration Download Forstok 15.429952859879 Detik
Duration Looping 700 Data 145.98887181282 Detik 
Total Duration 145.98898983002 Detik 
------------------------- 
Tanggal: 03-01-2022 02:15:01 
Duration Download Forstok 11.616248846054 Detik
Duration Looping 700 Data 145.71912384033 Detik 
Total Duration 145.71922898293 Detik 
------------------------- 
Tanggal: 03-01-2022 02:20:01 
Duration Download Forstok 12.016939878464 Detik
Duration Looping 700 Data 143.48444795609 Detik 
Total Duration 143.48456287384 Detik 
------------------------- 
Tanggal: 03-01-2022 02:25:01 
Duration Download Forstok 12.499261856079 Detik
Duration Looping 700 Data 153.46455788612 Detik 
Total Duration 153.46467280388 Detik 
------------------------- 
Tanggal: 03-01-2022 02:30:01 
Duration Download Forstok 13.589795827866 Detik
Duration Looping 700 Data 150.61257982254 Detik 
Total Duration 150.61266088486 Detik 
------------------------- 
Tanggal: 03-01-2022 02:35:01 
Duration Download Forstok 17.056807041168 Detik
Duration Looping 700 Data 152.09009099007 Detik 
Total Duration 152.09020996094 Detik 
------------------------- 
Tanggal: 03-01-2022 02:40:01 
Duration Download Forstok 13.64591217041 Detik
Duration Looping 700 Data 143.89650607109 Detik 
Total Duration 143.8966190815 Detik 
------------------------- 
Tanggal: 03-01-2022 02:45:01 
Duration Download Forstok 16.589251041412 Detik
Duration Looping 700 Data 150.72481107712 Detik 
Total Duration 150.72493195534 Detik 
------------------------- 
Tanggal: 03-01-2022 02:50:01 
Duration Download Forstok 11.260030984879 Detik
Duration Looping 700 Data 144.07706594467 Detik 
Total Duration 144.07718086243 Detik 
------------------------- 
Tanggal: 03-01-2022 02:55:01 
Duration Download Forstok 15.132788896561 Detik
Duration Looping 700 Data 155.72680997849 Detik 
Total Duration 155.72692298889 Detik 
------------------------- 
Tanggal: 03-01-2022 03:00:01 
Duration Download Forstok 11.21199798584 Detik
Duration Looping 700 Data 146.2826628685 Detik 
Total Duration 146.28277587891 Detik 
------------------------- 
Tanggal: 03-01-2022 03:05:01 
Duration Download Forstok 19.812879085541 Detik
Duration Looping 700 Data 149.00784397125 Detik 
Total Duration 149.00795507431 Detik 
------------------------- 
Tanggal: 03-01-2022 03:10:01 
Duration Download Forstok 13.050008058548 Detik
Duration Looping 700 Data 144.10757112503 Detik 
Total Duration 144.10768604279 Detik 
------------------------- 
Tanggal: 03-01-2022 03:15:01 
Duration Download Forstok 17.284193992615 Detik
Duration Looping 700 Data 153.58874797821 Detik 
Total Duration 153.58887410164 Detik 
------------------------- 
Tanggal: 03-01-2022 03:20:01 
Duration Download Forstok 13.052485942841 Detik
Duration Looping 700 Data 146.55057096481 Detik 
Total Duration 146.55068993568 Detik 
------------------------- 
Tanggal: 03-01-2022 03:25:01 
Duration Download Forstok 15.680448055267 Detik
Duration Looping 700 Data 153.58082413673 Detik 
Total Duration 153.58095097542 Detik 
------------------------- 
Tanggal: 03-01-2022 03:30:01 
Duration Download Forstok 10.980642080307 Detik
Duration Looping 700 Data 140.05719995499 Detik 
Total Duration 140.05731916428 Detik 
------------------------- 
Tanggal: 03-01-2022 03:35:01 
Duration Download Forstok 20.236556053162 Detik
Duration Looping 700 Data 157.24652409554 Detik 
Total Duration 157.24663996696 Detik 
------------------------- 
Tanggal: 03-01-2022 03:40:01 
Duration Download Forstok 13.03661108017 Detik
Duration Looping 700 Data 145.27839207649 Detik 
Total Duration 145.27850604057 Detik 
------------------------- 
Tanggal: 03-01-2022 03:45:01 
Duration Download Forstok 17.321846961975 Detik
Duration Looping 700 Data 161.89704394341 Detik 
Total Duration 161.89716696739 Detik 
------------------------- 
Tanggal: 03-01-2022 03:50:01 
Duration Download Forstok 14.64076590538 Detik
Duration Looping 700 Data 148.00282096863 Detik 
Total Duration 148.00292491913 Detik 
------------------------- 
Tanggal: 03-01-2022 03:55:01 
Duration Download Forstok 12.592338085175 Detik
Duration Looping 700 Data 150.8786649704 Detik 
Total Duration 150.87878417969 Detik 
------------------------- 
Tanggal: 03-01-2022 04:00:01 
Duration Download Forstok 13.27041387558 Detik
Duration Looping 700 Data 144.36020708084 Detik 
Total Duration 144.36031889915 Detik 
------------------------- 
Tanggal: 03-01-2022 04:05:01 
Duration Download Forstok 19.024465084076 Detik
Duration Looping 700 Data 153.43007493019 Detik 
Total Duration 153.43018889427 Detik 
------------------------- 
Tanggal: 03-01-2022 04:10:01 
Duration Download Forstok 13.939069032669 Detik
Duration Looping 700 Data 152.15046000481 Detik 
Total Duration 152.15060782433 Detik 
------------------------- 
Tanggal: 03-01-2022 04:15:01 
Duration Download Forstok 17.322262048721 Detik
Duration Looping 700 Data 152.09330797195 Detik 
Total Duration 152.09339308739 Detik 
------------------------- 
Tanggal: 03-01-2022 04:20:01 
Duration Download Forstok 14.021954059601 Detik
Duration Looping 700 Data 149.60116910934 Detik 
Total Duration 149.60128116608 Detik 
------------------------- 
Tanggal: 03-01-2022 04:25:01 
Duration Download Forstok 13.6883289814 Detik
Duration Looping 700 Data 152.84496498108 Detik 
Total Duration 152.84508109093 Detik 
------------------------- 
Tanggal: 03-01-2022 04:30:01 
Duration Download Forstok 14.567914962769 Detik
Duration Looping 700 Data 164.34581708908 Detik 
Total Duration 164.34598302841 Detik 
------------------------- 
Tanggal: 03-01-2022 04:35:01 
Duration Download Forstok 23.005033016205 Detik
Duration Looping 700 Data 160.59967112541 Detik 
Total Duration 160.59978818893 Detik 
------------------------- 
Tanggal: 03-01-2022 04:40:01 
Duration Download Forstok 13.915381908417 Detik
Duration Looping 700 Data 156.24273896217 Detik 
Total Duration 156.24285984039 Detik 
------------------------- 
Tanggal: 03-01-2022 04:45:01 
Duration Download Forstok 13.268449783325 Detik
Duration Looping 700 Data 147.77162790298 Detik 
Total Duration 147.77176690102 Detik 
------------------------- 
Tanggal: 03-01-2022 04:50:01 
Duration Download Forstok 11.318280935287 Detik
Duration Looping 700 Data 150.20676779747 Detik 
Total Duration 150.20688080788 Detik 
------------------------- 
Tanggal: 03-01-2022 04:55:01 
Duration Download Forstok 12.119460105896 Detik
Duration Looping 700 Data 150.86612296104 Detik 
Total Duration 150.86620211601 Detik 
------------------------- 
Tanggal: 03-01-2022 05:00:01 
Duration Download Forstok 11.550601005554 Detik
Duration Looping 700 Data 151.08174085617 Detik 
Total Duration 151.0818529129 Detik 
------------------------- 
Tanggal: 03-01-2022 05:05:01 
Duration Download Forstok 21.60600399971 Detik
Duration Looping 700 Data 150.90068078041 Detik 
Total Duration 150.90079283714 Detik 
------------------------- 
Tanggal: 03-01-2022 05:10:01 
Duration Download Forstok 19.680670022964 Detik
Duration Looping 700 Data 150.79909801483 Detik 
Total Duration 150.79920601845 Detik 
------------------------- 
Tanggal: 03-01-2022 05:15:01 
Duration Download Forstok 13.053395986557 Detik
Duration Looping 700 Data 144.00254201889 Detik 
Total Duration 144.00262308121 Detik 
------------------------- 
Tanggal: 03-01-2022 05:20:01 
Duration Download Forstok 11.484302043915 Detik
Duration Looping 700 Data 141.41117811203 Detik 
Total Duration 141.41128516197 Detik 
------------------------- 
Tanggal: 03-01-2022 05:25:01 
Duration Download Forstok 14.06934595108 Detik
Duration Looping 700 Data 142.67052578926 Detik 
Total Duration 142.67062902451 Detik 
------------------------- 
Tanggal: 03-01-2022 05:30:01 
Duration Download Forstok 14.248753070831 Detik
Duration Looping 700 Data 147.48538208008 Detik 
Total Duration 147.48549818993 Detik 
------------------------- 
Tanggal: 03-01-2022 05:35:01 
Duration Download Forstok 16.657390117645 Detik
Duration Looping 700 Data 146.20789599419 Detik 
Total Duration 146.20803809166 Detik 
------------------------- 
Tanggal: 03-01-2022 05:40:01 
Duration Download Forstok 13.341578006744 Detik
Duration Looping 700 Data 156.66284799576 Detik 
Total Duration 156.66296386719 Detik 
------------------------- 
Tanggal: 03-01-2022 05:45:01 
Duration Download Forstok 17.401048898697 Detik
Duration Looping 700 Data 149.55069494247 Detik 
Total Duration 149.55081295967 Detik 
------------------------- 
Tanggal: 03-01-2022 05:50:01 
Duration Download Forstok 11.953884124756 Detik
Duration Looping 700 Data 141.82162308693 Detik 
Total Duration 141.82173013687 Detik 
------------------------- 
Tanggal: 03-01-2022 05:55:01 
Duration Download Forstok 14.697971820831 Detik
Duration Looping 700 Data 151.49536395073 Detik 
Total Duration 151.49548387527 Detik 
------------------------- 
Tanggal: 03-01-2022 06:00:01 
Duration Download Forstok 14.349730968475 Detik
Duration Looping 700 Data 145.68082094193 Detik 
Total Duration 145.68094587326 Detik 
------------------------- 
Tanggal: 03-01-2022 06:05:01 
Duration Download Forstok 15.285521030426 Detik
Duration Looping 700 Data 149.27242803574 Detik 
Total Duration 149.27258992195 Detik 
------------------------- 
Tanggal: 03-01-2022 06:10:01 
Duration Download Forstok 11.318222045898 Detik
Duration Looping 700 Data 146.61234211922 Detik 
Total Duration 146.61246395111 Detik 
------------------------- 
Tanggal: 03-01-2022 06:15:01 
Duration Download Forstok 13.857311964035 Detik
Duration Looping 700 Data 145.24987912178 Detik 
Total Duration 145.24997997284 Detik 
------------------------- 
Tanggal: 03-01-2022 06:20:01 
Duration Download Forstok 12.053188085556 Detik
Duration Looping 700 Data 145.24472808838 Detik 
Total Duration 145.24484705925 Detik 
------------------------- 
Tanggal: 03-01-2022 06:25:01 
Duration Download Forstok 13.721998214722 Detik
Duration Looping 700 Data 142.24967622757 Detik 
Total Duration 142.249792099 Detik 
------------------------- 
Tanggal: 03-01-2022 06:30:01 
Duration Download Forstok 13.531011819839 Detik
Duration Looping 700 Data 146.41129279137 Detik 
Total Duration 146.4114048481 Detik 
------------------------- 
Tanggal: 03-01-2022 06:35:01 
Duration Download Forstok 16.511367082596 Detik
Duration Looping 700 Data 145.97943305969 Detik 
Total Duration 145.97955107689 Detik 
------------------------- 
Tanggal: 03-01-2022 06:40:01 
Duration Download Forstok 11.694615125656 Detik
Duration Looping 700 Data 150.01389503479 Detik 
Total Duration 150.01400613785 Detik 
------------------------- 
Tanggal: 03-01-2022 06:45:01 
Duration Download Forstok 15.447942018509 Detik
Duration Looping 700 Data 146.91275596619 Detik 
Total Duration 146.91287302971 Detik 
------------------------- 
Tanggal: 03-01-2022 06:50:01 
Duration Download Forstok 13.937649965286 Detik
Duration Looping 700 Data 146.40176200867 Detik 
Total Duration 146.40186810493 Detik 
------------------------- 
Tanggal: 03-01-2022 06:55:01 
Duration Download Forstok 12.36971783638 Detik
Duration Looping 700 Data 144.83268880844 Detik 
Total Duration 144.83280301094 Detik 
------------------------- 
Tanggal: 03-01-2022 07:00:01 
Duration Download Forstok 12.808710098267 Detik
Duration Looping 700 Data 148.50414395332 Detik 
Total Duration 148.50425696373 Detik 
------------------------- 
Tanggal: 03-01-2022 07:05:01 
Duration Download Forstok 17.896339893341 Detik
Duration Looping 700 Data 148.5026409626 Detik 
Total Duration 148.50276899338 Detik 
------------------------- 
Tanggal: 03-01-2022 07:10:01 
Duration Download Forstok 13.961128950119 Detik
Duration Looping 700 Data 153.58574199677 Detik 
Total Duration 153.58586812019 Detik 
------------------------- 
Tanggal: 03-01-2022 07:15:01 
Duration Download Forstok 13.791923046112 Detik
Duration Looping 700 Data 144.91302514076 Detik 
Total Duration 144.91313695908 Detik 
------------------------- 
Tanggal: 03-01-2022 07:20:01 
Duration Download Forstok 14.355332136154 Detik
Duration Looping 700 Data 154.68759417534 Detik 
Total Duration 154.68771696091 Detik 
------------------------- 
Tanggal: 03-01-2022 07:25:01 
Duration Download Forstok 11.833930969238 Detik
Duration Looping 700 Data 140.67560005188 Detik 
Total Duration 140.67571616173 Detik 
------------------------- 
Tanggal: 03-01-2022 07:30:01 
Duration Download Forstok 12.808583021164 Detik
Duration Looping 700 Data 140.21837711334 Detik 
Total Duration 140.21853399277 Detik 
------------------------- 
Tanggal: 03-01-2022 07:35:01 
Duration Download Forstok 19.88209104538 Detik
Duration Looping 700 Data 154.81148481369 Detik 
Total Duration 154.81160497665 Detik 
------------------------- 
Tanggal: 03-01-2022 07:40:01 
Duration Download Forstok 13.610564947128 Detik
Duration Looping 700 Data 154.69155192375 Detik 
Total Duration 154.69166493416 Detik 
------------------------- 
Tanggal: 03-01-2022 07:45:01 
Duration Download Forstok 12.56000995636 Detik
Duration Looping 700 Data 140.42849183083 Detik 
Total Duration 140.42860984802 Detik 
------------------------- 
Tanggal: 03-01-2022 07:50:01 
Duration Download Forstok 12.330498933792 Detik
Duration Looping 700 Data 157.2672958374 Detik 
Total Duration 157.26740503311 Detik 
------------------------- 
Tanggal: 03-01-2022 07:55:01 
Duration Download Forstok 13.474060058594 Detik
Duration Looping 700 Data 145.34347701073 Detik 
Total Duration 145.34359312057 Detik 
------------------------- 
Tanggal: 03-01-2022 08:00:01 
Duration Download Forstok 14.849521875381 Detik
Duration Looping 700 Data 153.00996279716 Detik 
Total Duration 153.01011180878 Detik 
------------------------- 
Tanggal: 03-01-2022 08:05:01 
Duration Download Forstok 17.811391830444 Detik
Duration Looping 700 Data 150.14785885811 Detik 
Total Duration 150.14796495438 Detik 
------------------------- 
Tanggal: 03-01-2022 08:10:01 
Duration Download Forstok 14.568007946014 Detik
Duration Looping 700 Data 158.094424963 Detik 
Total Duration 158.09453582764 Detik 
------------------------- 
Tanggal: 03-01-2022 08:15:01 
Duration Download Forstok 18.594902038574 Detik
Duration Looping 700 Data 157.77605891228 Detik 
Total Duration 157.77617692947 Detik 
------------------------- 
Tanggal: 03-01-2022 08:20:01 
Duration Download Forstok 15.766577005386 Detik
Duration Looping 700 Data 153.17272901535 Detik 
Total Duration 153.17287492752 Detik 
------------------------- 
Tanggal: 03-01-2022 08:25:01 
Duration Download Forstok 13.909599065781 Detik
Duration Looping 700 Data 151.68164205551 Detik 
Total Duration 151.6817240715 Detik 
------------------------- 
Tanggal: 03-01-2022 08:30:01 
Duration Download Forstok 15.664024114609 Detik
Duration Looping 700 Data 156.69855713844 Detik 
Total Duration 156.69867801666 Detik 
------------------------- 
Tanggal: 03-01-2022 08:35:01 
Duration Download Forstok 21.544177055359 Detik
Duration Looping 700 Data 164.58045220375 Detik 
Total Duration 164.58055615425 Detik 
------------------------- 
Tanggal: 03-01-2022 08:40:01 
Duration Download Forstok 13.821894884109 Detik
Duration Looping 700 Data 162.50697302818 Detik 
Total Duration 162.50710296631 Detik 
------------------------- 
Tanggal: 03-01-2022 08:45:01 
Duration Download Forstok 18.954680204391 Detik
Duration Looping 700 Data 163.03974914551 Detik 
Total Duration 163.03986310959 Detik 
------------------------- 
Tanggal: 03-01-2022 08:50:01 
Duration Download Forstok 11.91131401062 Detik
Duration Looping 700 Data 152.96794486046 Detik 
Total Duration 152.96801781654 Detik 
------------------------- 
Tanggal: 03-01-2022 08:55:01 
Duration Download Forstok 13.000644922256 Detik
Duration Looping 700 Data 154.66830086708 Detik 
Total Duration 154.66842508316 Detik 
------------------------- 
Tanggal: 03-01-2022 09:00:01 
Duration Download Forstok 16.19933795929 Detik
Duration Looping 700 Data 160.90736293793 Detik 
Total Duration 160.90747499466 Detik 
------------------------- 
Tanggal: 03-01-2022 09:05:01 
Duration Download Forstok 22.753583908081 Detik
Duration Looping 700 Data 164.5123269558 Detik 
Total Duration 164.51244902611 Detik 
------------------------- 
Tanggal: 03-01-2022 09:10:01 
Duration Download Forstok 14.872838020325 Detik
Duration Looping 700 Data 159.5582909584 Detik 
Total Duration 159.55836796761 Detik 
------------------------- 
Tanggal: 03-01-2022 09:15:01 
Duration Download Forstok 14.55635881424 Detik
Duration Looping 700 Data 160.84978795052 Detik 
Total Duration 160.84991979599 Detik 
------------------------- 
Tanggal: 03-01-2022 09:20:01 
Duration Download Forstok 16.642266988754 Detik
Duration Looping 700 Data 158.72996377945 Detik 
Total Duration 158.73007798195 Detik 
------------------------- 
Tanggal: 03-01-2022 09:25:01 
Duration Download Forstok 12.66702580452 Detik
Duration Looping 700 Data 161.03493785858 Detik 
Total Duration 161.03506994247 Detik 
------------------------- 
Tanggal: 03-01-2022 09:30:01 
Duration Download Forstok 16.853803157806 Detik
Duration Looping 700 Data 161.18782305717 Detik 
Total Duration 161.1878991127 Detik 
------------------------- 
Tanggal: 03-01-2022 09:35:01 
Duration Download Forstok 21.057563066483 Detik
Duration Looping 700 Data 167.04869103432 Detik 
Total Duration 167.04877400398 Detik 
------------------------- 
Tanggal: 03-01-2022 09:40:01 
Duration Download Forstok 14.775687932968 Detik
Duration Looping 700 Data 165.14310503006 Detik 
Total Duration 165.14322590828 Detik 
------------------------- 
Tanggal: 03-01-2022 09:45:02 
Duration Download Forstok 16.325071811676 Detik
Duration Looping 700 Data 162.29776287079 Detik 
Total Duration 162.29788684845 Detik 
------------------------- 
Tanggal: 03-01-2022 09:50:01 
Duration Download Forstok 14.145490884781 Detik
Duration Looping 700 Data 159.81947302818 Detik 
Total Duration 159.81957602501 Detik 
------------------------- 
Tanggal: 03-01-2022 09:55:01 
Duration Download Forstok 15.918280124664 Detik
Duration Looping 700 Data 160.39407706261 Detik 
Total Duration 160.3941950798 Detik 
------------------------- 
Tanggal: 03-01-2022 10:00:02 
Duration Download Forstok 19.587484836578 Detik
Duration Looping 700 Data 170.63280391693 Detik 
Total Duration 170.63289499283 Detik 
------------------------- 
Tanggal: 03-01-2022 10:05:01 
Duration Download Forstok 17.240133047104 Detik
Duration Looping 700 Data 162.91443896294 Detik 
Total Duration 162.91455602646 Detik 
------------------------- 
Tanggal: 03-01-2022 10:10:01 
Duration Download Forstok 17.496824979782 Detik
Duration Looping 700 Data 163.35395908356 Detik 
Total Duration 163.35405015945 Detik 
------------------------- 
Tanggal: 03-01-2022 10:15:01 
Duration Download Forstok 13.505836963654 Detik
Duration Looping 700 Data 163.69502878189 Detik 
Total Duration 163.69512677193 Detik 
------------------------- 
Tanggal: 03-01-2022 10:20:01 
Duration Download Forstok 11.902156829834 Detik
Duration Looping 700 Data 160.55055499077 Detik 
Total Duration 160.55067586899 Detik 
------------------------- 
Tanggal: 03-01-2022 10:25:01 
Duration Download Forstok 24.302727937698 Detik
Duration Looping 700 Data 167.1900370121 Detik 
Total Duration 167.19012904167 Detik 
------------------------- 
Tanggal: 03-01-2022 10:30:01 
Duration Download Forstok 14.639715909958 Detik
Duration Looping 700 Data 163.83909201622 Detik 
Total Duration 163.83919095993 Detik 
------------------------- 
Tanggal: 03-01-2022 10:35:01 
Duration Download Forstok 25.14914894104 Detik
Duration Looping 700 Data 171.84574198723 Detik 
Total Duration 171.84586501122 Detik 
------------------------- 
Tanggal: 03-01-2022 10:40:01 
Duration Download Forstok 16.080887079239 Detik
Duration Looping 700 Data 167.81607508659 Detik 
Total Duration 167.81620907784 Detik 
------------------------- 
Tanggal: 03-01-2022 10:45:01 
Duration Download Forstok 18.363409996033 Detik
Duration Looping 700 Data 169.12410497665 Detik 
Total Duration 169.12419891357 Detik 
------------------------- 
Tanggal: 03-01-2022 10:50:01 
Duration Download Forstok 23.852588176727 Detik
Duration Looping 700 Data 167.48095011711 Detik 
Total Duration 167.48104405403 Detik 
------------------------- 
Tanggal: 03-01-2022 10:55:01 
Duration Download Forstok 14.905052900314 Detik
Duration Looping 700 Data 165.90324306488 Detik 
Total Duration 165.90334010124 Detik 
------------------------- 
Tanggal: 03-01-2022 11:00:01 
Duration Download Forstok 20.73503112793 Detik
Duration Looping 700 Data 168.69167709351 Detik 
Total Duration 168.69176006317 Detik 
------------------------- 
Tanggal: 03-01-2022 11:05:01 
Duration Download Forstok 24.028887987137 Detik
Duration Looping 700 Data 175.21284914017 Detik 
Total Duration 175.21293306351 Detik 
------------------------- 
Tanggal: 03-01-2022 11:10:02 
Duration Download Forstok 24.598498821259 Detik
Duration Looping 700 Data 169.80876898766 Detik 
Total Duration 169.8088889122 Detik 
------------------------- 
Tanggal: 03-01-2022 11:15:01 
Duration Download Forstok 21.195941925049 Detik
Duration Looping 700 Data 167.60167384148 Detik 
Total Duration 167.601790905 Detik 
------------------------- 
Tanggal: 03-01-2022 11:20:01 
Duration Download Forstok 17.219676017761 Detik
Duration Looping 700 Data 162.76207590103 Detik 
Total Duration 162.7621948719 Detik 
------------------------- 
Tanggal: 03-01-2022 11:25:01 
Duration Download Forstok 17.808536052704 Detik
Duration Looping 700 Data 165.93175506592 Detik 
Total Duration 165.93186807632 Detik 
------------------------- 
Tanggal: 03-01-2022 11:30:01 
Duration Download Forstok 15.616076946259 Detik
Duration Looping 700 Data 161.45216107368 Detik 
Total Duration 161.45226716995 Detik 
------------------------- 
Tanggal: 03-01-2022 11:35:01 
Duration Download Forstok 19.60714507103 Detik
Duration Looping 700 Data 167.01982498169 Detik 
Total Duration 167.01994395256 Detik 
------------------------- 
Tanggal: 03-01-2022 11:40:01 
Duration Download Forstok 18.07740688324 Detik
Duration Looping 700 Data 169.97223687172 Detik 
Total Duration 169.97233581543 Detik 
------------------------- 
Tanggal: 03-01-2022 11:45:01 
Duration Download Forstok 13.437644004822 Detik
Duration Looping 700 Data 162.80324220657 Detik 
Total Duration 162.80333805084 Detik 
------------------------- 
Tanggal: 03-01-2022 11:50:01 
Duration Download Forstok 19.777921199799 Detik
Duration Looping 700 Data 166.26320815086 Detik 
Total Duration 166.26329302788 Detik 
------------------------- 
Tanggal: 03-01-2022 11:55:01 
Duration Download Forstok 14.897866010666 Detik
Duration Looping 700 Data 164.93877005577 Detik 
Total Duration 164.9388999939 Detik 
------------------------- 
Tanggal: 03-01-2022 12:00:01 
Duration Download Forstok 18.372284173965 Detik
Duration Looping 700 Data 167.51245212555 Detik 
Total Duration 167.51256418228 Detik 
------------------------- 
Tanggal: 03-01-2022 12:05:01 
Duration Download Forstok 21.118716955185 Detik
Duration Looping 700 Data 165.55834412575 Detik 
Total Duration 165.55845999718 Detik 
------------------------- 
Tanggal: 03-01-2022 12:10:01 
Duration Download Forstok 17.147031068802 Detik
Duration Looping 700 Data 160.35885000229 Detik 
Total Duration 160.35896992683 Detik 
------------------------- 
Tanggal: 03-01-2022 12:15:01 
Duration Download Forstok 13.099174022675 Detik
Duration Looping 700 Data 154.60342097282 Detik 
Total Duration 154.60354304314 Detik 
------------------------- 
Tanggal: 03-01-2022 12:20:01 
Duration Download Forstok 20.78738284111 Detik
Duration Looping 700 Data 165.35321998596 Detik 
Total Duration 165.35331988335 Detik 
------------------------- 
Tanggal: 03-01-2022 12:25:01 
Duration Download Forstok 12.530968904495 Detik
Duration Looping 700 Data 155.07174086571 Detik 
Total Duration 155.07184886932 Detik 
------------------------- 
Tanggal: 03-01-2022 12:30:01 
Duration Download Forstok 18.976440906525 Detik
Duration Looping 700 Data 172.41533899307 Detik 
Total Duration 172.41545200348 Detik 
------------------------- 
Tanggal: 03-01-2022 12:35:01 
Duration Download Forstok 24.26729798317 Detik
Duration Looping 700 Data 173.51902389526 Detik 
Total Duration 173.51911211014 Detik 
------------------------- 
Tanggal: 03-01-2022 12:40:01 
Duration Download Forstok 18.071613073349 Detik
Duration Looping 700 Data 159.55659508705 Detik 
Total Duration 159.55671310425 Detik 
------------------------- 
Tanggal: 03-01-2022 12:45:01 
Duration Download Forstok 14.012712001801 Detik
Duration Looping 700 Data 152.72872686386 Detik 
Total Duration 152.72881293297 Detik 
------------------------- 
Tanggal: 03-01-2022 12:50:01 
Duration Download Forstok 15.559986114502 Detik
Duration Looping 700 Data 156.93052911758 Detik 
Total Duration 156.93065190315 Detik 
------------------------- 
Tanggal: 03-01-2022 12:55:01 
Duration Download Forstok 10.958390951157 Detik
Duration Looping 700 Data 150.35482096672 Detik 
Total Duration 150.35493683815 Detik 
------------------------- 
Tanggal: 03-01-2022 13:00:01 
Duration Download Forstok 12.429755926132 Detik
Duration Looping 700 Data 154.79577088356 Detik 
Total Duration 154.79588580132 Detik 
------------------------- 
Tanggal: 03-01-2022 13:05:01 
Duration Download Forstok 18.101682186127 Detik
Duration Looping 700 Data 169.29373502731 Detik 
Total Duration 169.29388403893 Detik 
------------------------- 
Tanggal: 03-01-2022 13:10:01 
Duration Download Forstok 15.882797956467 Detik
Duration Looping 700 Data 160.7874019146 Detik 
Total Duration 160.787514925 Detik 
------------------------- 
Tanggal: 03-01-2022 13:15:01 
Duration Download Forstok 13.489485025406 Detik
Duration Looping 700 Data 160.65159320831 Detik 
Total Duration 160.6516752243 Detik 
------------------------- 
Tanggal: 03-01-2022 13:20:01 
Duration Download Forstok 19.260244846344 Detik
Duration Looping 700 Data 176.64340400696 Detik 
Total Duration 176.64350390434 Detik 
------------------------- 
Tanggal: 03-01-2022 13:25:01 
Duration Download Forstok 12.246968984604 Detik
Duration Looping 700 Data 160.48782110214 Detik 
Total Duration 160.48794198036 Detik 
------------------------- 
Tanggal: 03-01-2022 13:30:01 
Duration Download Forstok 13.817021131516 Detik
Duration Looping 700 Data 163.77657914162 Detik 
Total Duration 163.77667713165 Detik 
------------------------- 
Tanggal: 03-01-2022 13:35:01 
Duration Download Forstok 19.159287929535 Detik
Duration Looping 700 Data 164.13382101059 Detik 
Total Duration 164.13393902779 Detik 
------------------------- 
Tanggal: 03-01-2022 13:40:01 
Duration Download Forstok 15.997261047363 Detik
Duration Looping 700 Data 165.69842720032 Detik 
Total Duration 165.69850611687 Detik 
------------------------- 
Tanggal: 03-01-2022 13:45:01 
Duration Download Forstok 13.071861028671 Detik
Duration Looping 700 Data 160.3599460125 Detik 
Total Duration 160.36006402969 Detik 
------------------------- 
Tanggal: 03-01-2022 13:50:01 
Duration Download Forstok 23.857938051224 Detik
Duration Looping 700 Data 167.93204689026 Detik 
Total Duration 167.93217301369 Detik 
------------------------- 
Tanggal: 03-01-2022 13:55:01 
Duration Download Forstok 21.210703134537 Detik
Duration Looping 700 Data 171.32696413994 Detik 
Total Duration 171.32707095146 Detik 
------------------------- 
Tanggal: 03-01-2022 14:00:01 
Duration Download Forstok 18.890023946762 Detik
Duration Looping 700 Data 168.18868494034 Detik 
Total Duration 168.18883013725 Detik 
------------------------- 
Tanggal: 03-01-2022 14:05:01 
Duration Download Forstok 25.438565015793 Detik
Duration Looping 700 Data 171.16468405724 Detik 
Total Duration 171.16477513313 Detik 
------------------------- 
Tanggal: 03-01-2022 14:10:01 
Duration Download Forstok 22.165798187256 Detik
Duration Looping 700 Data 166.50217819214 Detik 
Total Duration 166.50229120255 Detik 
------------------------- 
Tanggal: 03-01-2022 14:15:01 
Duration Download Forstok 24.04044008255 Detik
Duration Looping 700 Data 170.12443900108 Detik 
Total Duration 170.12455892563 Detik 
------------------------- 
Tanggal: 03-01-2022 14:20:01 
Duration Download Forstok 23.073115825653 Detik
Duration Looping 700 Data 174.58330583572 Detik 
Total Duration 174.58342981339 Detik 
------------------------- 
Tanggal: 03-01-2022 14:25:01 
Duration Download Forstok 18.646828889847 Detik
Duration Looping 700 Data 163.45850396156 Detik 
Total Duration 163.45860481262 Detik 
------------------------- 
Tanggal: 03-01-2022 14:30:01 
Duration Download Forstok 12.333275079727 Detik
Duration Looping 700 Data 157.83536410332 Detik 
Total Duration 157.83545398712 Detik 
------------------------- 
Tanggal: 03-01-2022 14:35:01 
Duration Download Forstok 17.947109937668 Detik
Duration Looping 700 Data 164.00938510895 Detik 
Total Duration 164.00947403908 Detik 
------------------------- 
Tanggal: 03-01-2022 14:40:01 
Duration Download Forstok 12.498090982437 Detik
Duration Looping 700 Data 161.67558383942 Detik 
Total Duration 161.67570590973 Detik 
------------------------- 
Tanggal: 03-01-2022 14:45:01 
Duration Download Forstok 18.074745893478 Detik
Duration Looping 700 Data 168.28697395325 Detik 
Total Duration 168.28709292412 Detik 
------------------------- 
Tanggal: 03-01-2022 14:50:01 
Duration Download Forstok 18.308040857315 Detik
Duration Looping 700 Data 165.63278698921 Detik 
Total Duration 165.6328959465 Detik 
------------------------- 
Tanggal: 03-01-2022 14:55:01 
Duration Download Forstok 16.888214826584 Detik
Duration Looping 700 Data 166.38362693787 Detik 
Total Duration 166.38374495506 Detik 
------------------------- 
Tanggal: 03-01-2022 15:00:01 
Duration Download Forstok 22.229334115982 Detik
Duration Looping 700 Data 172.66274905205 Detik 
Total Duration 172.66287302971 Detik 
------------------------- 
Tanggal: 03-01-2022 15:05:02 
Duration Download Forstok 29.801717042923 Detik
Duration Looping 700 Data 178.64722013474 Detik 
Total Duration 178.64734101295 Detik 
------------------------- 
Tanggal: 03-01-2022 15:10:01 
Duration Download Forstok 23.232119083405 Detik
Duration Looping 700 Data 168.31901097298 Detik 
Total Duration 168.31912302971 Detik 
------------------------- 
Tanggal: 03-01-2022 15:15:01 
Duration Download Forstok 36.349817991257 Detik
Duration Looping 700 Data 185.32388806343 Detik 
Total Duration 185.32400798798 Detik 
------------------------- 
Tanggal: 03-01-2022 15:20:01 
Duration Download Forstok 37.531491994858 Detik
Duration Looping 700 Data 186.10877585411 Detik 
Total Duration 186.10887384415 Detik 
------------------------- 
Tanggal: 03-01-2022 15:25:01 
Duration Download Forstok 14.633034944534 Detik
Duration Looping 700 Data 166.3550298214 Detik 
Total Duration 166.35510993004 Detik 
------------------------- 
Tanggal: 03-01-2022 15:30:01 
Duration Download Forstok 14.607754945755 Detik
Duration Looping 700 Data 159.74434185028 Detik 
Total Duration 159.74446296692 Detik 
------------------------- 
Tanggal: 03-01-2022 15:35:01 
Duration Download Forstok 26.448997020721 Detik
Duration Looping 700 Data 177.00940895081 Detik 
Total Duration 177.00953102112 Detik 
------------------------- 
Tanggal: 03-01-2022 15:40:01 
Duration Download Forstok 14.503206014633 Detik
Duration Looping 700 Data 164.68932008743 Detik 
Total Duration 164.68943595886 Detik 
------------------------- 
Tanggal: 03-01-2022 15:45:01 
Duration Download Forstok 14.634689807892 Detik
Duration Looping 700 Data 167.97291088104 Detik 
Total Duration 167.97303795815 Detik 
------------------------- 
Tanggal: 03-01-2022 15:50:01 
Duration Download Forstok 21.862540006638 Detik
Duration Looping 700 Data 174.51711988449 Detik 
Total Duration 174.51720309258 Detik 
------------------------- 
Tanggal: 03-01-2022 15:55:01 
Duration Download Forstok 15.788229942322 Detik
Duration Looping 700 Data 165.64070606232 Detik 
Total Duration 165.6408200264 Detik 
------------------------- 
Tanggal: 03-01-2022 16:00:02 
Duration Download Forstok 24.651356935501 Detik
Duration Looping 700 Data 178.38635396957 Detik 
Total Duration 178.38649702072 Detik 
------------------------- 
Tanggal: 03-01-2022 16:05:01 
Duration Download Forstok 23.103567123413 Detik
Duration Looping 700 Data 170.24461007118 Detik 
Total Duration 170.24482321739 Detik 
------------------------- 
Tanggal: 03-01-2022 16:10:01 
Duration Download Forstok 38.733065128326 Detik
Duration Looping 700 Data 186.21470499039 Detik 
Total Duration 186.21482205391 Detik 
------------------------- 
Tanggal: 03-01-2022 16:15:01 
Duration Download Forstok 14.908715009689 Detik
Duration Looping 700 Data 166.60330510139 Detik 
Total Duration 166.60339999199 Detik 
------------------------- 
Tanggal: 03-01-2022 16:20:01 
Duration Download Forstok 27.314644098282 Detik
Duration Looping 700 Data 177.96738600731 Detik 
Total Duration 177.96751403809 Detik 
------------------------- 
Tanggal: 03-01-2022 16:25:01 
Duration Download Forstok 12.925069093704 Detik
Duration Looping 700 Data 172.00802302361 Detik 
Total Duration 172.00814509392 Detik 
------------------------- 
Tanggal: 03-01-2022 16:30:01 
Duration Download Forstok 12.856948852539 Detik
Duration Looping 700 Data 164.62101888657 Detik 
Total Duration 164.62114596367 Detik 
------------------------- 
Tanggal: 03-01-2022 16:35:01 
Duration Download Forstok 23.062485933304 Detik
Duration Looping 700 Data 172.60944080353 Detik 
Total Duration 172.60954785347 Detik 
------------------------- 
Tanggal: 03-01-2022 16:40:01 
Duration Download Forstok 17.322546005249 Detik
Duration Looping 700 Data 171.06278610229 Detik 
Total Duration 171.06291389465 Detik 
------------------------- 
Tanggal: 03-01-2022 16:45:01 
Duration Download Forstok 16.899758815765 Detik
Duration Looping 700 Data 168.86186790466 Detik 
Total Duration 168.86199688911 Detik 
------------------------- 
Tanggal: 03-01-2022 16:50:01 
Duration Download Forstok 25.900496959686 Detik
Duration Looping 700 Data 172.21052694321 Detik 
Total Duration 172.21063494682 Detik 
------------------------- 
Tanggal: 03-01-2022 16:55:01 
Duration Download Forstok 14.015285015106 Detik
Duration Looping 700 Data 165.19065117836 Detik 
Total Duration 165.19076895714 Detik 
------------------------- 
Tanggal: 03-01-2022 17:00:01 
Duration Download Forstok 17.833700180054 Detik
Duration Looping 700 Data 176.15620303154 Detik 
Total Duration 176.1563141346 Detik 
------------------------- 
Tanggal: 03-01-2022 17:05:01 
Duration Download Forstok 23.522970914841 Detik
Duration Looping 700 Data 172.3441901207 Detik 
Total Duration 172.34431195259 Detik 
------------------------- 
Tanggal: 03-01-2022 17:10:01 
Duration Download Forstok 55.12517285347 Detik
Duration Looping 700 Data 205.85725998878 Detik 
Total Duration 205.85738396645 Detik 
------------------------- 
Tanggal: 03-01-2022 17:15:01 
Duration Download Forstok 22.38938999176 Detik
Duration Looping 700 Data 169.21122193336 Detik 
Total Duration 169.21134400368 Detik 
------------------------- 
Tanggal: 03-01-2022 17:20:01 
Duration Download Forstok 21.141376972198 Detik
Duration Looping 700 Data 168.58235287666 Detik 
Total Duration 168.58246302605 Detik 
------------------------- 
Tanggal: 03-01-2022 17:25:01 
Duration Download Forstok 13.601672887802 Detik
Duration Looping 700 Data 154.47040987015 Detik 
Total Duration 154.47053384781 Detik 
------------------------- 
Tanggal: 03-01-2022 17:30:01 
Duration Download Forstok 14.996994018555 Detik
Duration Looping 700 Data 168.73919010162 Detik 
Total Duration 168.73929905891 Detik 
------------------------- 
Tanggal: 03-01-2022 17:35:01 
Duration Download Forstok 22.42650103569 Detik
Duration Looping 700 Data 164.86605501175 Detik 
Total Duration 164.86617207527 Detik 
------------------------- 
Tanggal: 03-01-2022 17:40:01 
Duration Download Forstok 14.192370891571 Detik
Duration Looping 700 Data 161.91716384888 Detik 
Total Duration 161.91727399826 Detik 
------------------------- 
Tanggal: 03-01-2022 17:45:01 
Duration Download Forstok 15.882160902023 Detik
Duration Looping 700 Data 165.56593489647 Detik 
Total Duration 165.56605195999 Detik 
------------------------- 
Tanggal: 03-01-2022 17:50:01 
Duration Download Forstok 15.632534980774 Detik
Duration Looping 700 Data 158.19968700409 Detik 
Total Duration 158.19982099533 Detik 
------------------------- 
Tanggal: 03-01-2022 17:55:01 
Duration Download Forstok 14.169898986816 Detik
Duration Looping 700 Data 159.50374317169 Detik 
Total Duration 159.50386309624 Detik 
------------------------- 
Tanggal: 03-01-2022 18:00:01 
Duration Download Forstok 15.184499979019 Detik
Duration Looping 700 Data 158.15916705132 Detik 
Total Duration 158.1592669487 Detik 
------------------------- 
Tanggal: 03-01-2022 18:05:01 
Duration Download Forstok 24.898906946182 Detik
Duration Looping 700 Data 166.83306980133 Detik 
Total Duration 166.83318591118 Detik 
------------------------- 
Tanggal: 03-01-2022 18:10:01 
Duration Download Forstok 29.934430122375 Detik
Duration Looping 700 Data 181.63196110725 Detik 
Total Duration 181.63207197189 Detik 
------------------------- 
Tanggal: 03-01-2022 18:15:01 
Duration Download Forstok 16.694968938828 Detik
Duration Looping 700 Data 163.37829089165 Detik 
Total Duration 163.3784070015 Detik 
------------------------- 
Tanggal: 03-01-2022 18:20:01 
Duration Download Forstok 17.503809928894 Detik
Duration Looping 700 Data 164.47923088074 Detik 
Total Duration 164.4793419838 Detik 
------------------------- 
Tanggal: 03-01-2022 18:25:01 
Duration Download Forstok 16.24619102478 Detik
Duration Looping 700 Data 157.88125300407 Detik 
Total Duration 157.88136506081 Detik 
------------------------- 
Tanggal: 03-01-2022 18:30:01 
Duration Download Forstok 14.847157001495 Detik
Duration Looping 700 Data 164.7420771122 Detik 
Total Duration 164.74218297005 Detik 
------------------------- 
Tanggal: 03-01-2022 18:35:01 
Duration Download Forstok 17.170893907547 Detik
Duration Looping 700 Data 159.26729679108 Detik 
Total Duration 159.26741695404 Detik 
------------------------- 
Tanggal: 03-01-2022 18:40:01 
Duration Download Forstok 15.114830970764 Detik
Duration Looping 700 Data 162.42352604866 Detik 
Total Duration 162.42363905907 Detik 
------------------------- 
Tanggal: 03-01-2022 18:45:01 
Duration Download Forstok 19.666482925415 Detik
Duration Looping 700 Data 164.21227097511 Detik 
Total Duration 164.21237587929 Detik 
------------------------- 
Tanggal: 03-01-2022 18:50:01 
Duration Download Forstok 15.154782056808 Detik
Duration Looping 700 Data 154.66509914398 Detik 
Total Duration 154.66517806053 Detik 
------------------------- 
Tanggal: 03-01-2022 18:55:01 
Duration Download Forstok 15.800972938538 Detik
Duration Looping 700 Data 157.33614587784 Detik 
Total Duration 157.3362569809 Detik 
------------------------- 
Tanggal: 03-01-2022 19:00:01 
Duration Download Forstok 15.040498018265 Detik
Duration Looping 700 Data 158.35679507256 Detik 
Total Duration 158.35690402985 Detik 
------------------------- 
Tanggal: 03-01-2022 19:05:01 
Duration Download Forstok 18.760968923569 Detik
Duration Looping 700 Data 157.64733886719 Detik 
Total Duration 157.64746594429 Detik 
------------------------- 
Tanggal: 03-01-2022 19:10:01 
Duration Download Forstok 17.021399974823 Detik
Duration Looping 700 Data 158.04933381081 Detik 
Total Duration 158.04944181442 Detik 
------------------------- 
Tanggal: 03-01-2022 19:15:01 
Duration Download Forstok 14.787360906601 Detik
Duration Looping 700 Data 159.11259698868 Detik 
Total Duration 159.11271595955 Detik 
------------------------- 
Tanggal: 03-01-2022 19:20:01 
Duration Download Forstok 14.907058954239 Detik
Duration Looping 700 Data 158.69630599022 Detik 
Total Duration 158.69641518593 Detik 
------------------------- 
Tanggal: 03-01-2022 19:25:01 
Duration Download Forstok 13.633465051651 Detik
Duration Looping 700 Data 154.65897297859 Detik 
Total Duration 154.65907907486 Detik 
------------------------- 
Tanggal: 03-01-2022 19:30:01 
Duration Download Forstok 13.255057096481 Detik
Duration Looping 700 Data 153.59490919113 Detik 
Total Duration 153.59502100945 Detik 
------------------------- 
Tanggal: 03-01-2022 19:35:01 
Duration Download Forstok 22.251633167267 Detik
Duration Looping 700 Data 164.70318007469 Detik 
Total Duration 164.70330905914 Detik 
------------------------- 
Tanggal: 03-01-2022 19:40:01 
Duration Download Forstok 13.207382202148 Detik
Duration Looping 700 Data 156.22394299507 Detik 
Total Duration 156.22405719757 Detik 
------------------------- 
Tanggal: 03-01-2022 19:45:01 
Duration Download Forstok 19.342133045197 Detik
Duration Looping 700 Data 164.82963490486 Detik 
Total Duration 164.82974886894 Detik 
------------------------- 
Tanggal: 03-01-2022 19:50:01 
Duration Download Forstok 15.058682918549 Detik
Duration Looping 700 Data 158.66283893585 Detik 
Total Duration 158.66295194626 Detik 
------------------------- 
Tanggal: 03-01-2022 19:55:01 
Duration Download Forstok 14.703910112381 Detik
Duration Looping 700 Data 161.45951700211 Detik 
Total Duration 161.45963597298 Detik 
------------------------- 
Tanggal: 03-01-2022 20:00:01 
Duration Download Forstok 12.033159971237 Detik
Duration Looping 700 Data 168.91699194908 Detik 
Total Duration 168.91710495949 Detik 
------------------------- 
Tanggal: 03-01-2022 20:05:01 
Duration Download Forstok 28.48021197319 Detik
Duration Looping 700 Data 173.74161601067 Detik 
Total Duration 173.74173378944 Detik 
------------------------- 
Tanggal: 03-01-2022 20:10:01 
Duration Download Forstok 14.353055000305 Detik
Duration Looping 700 Data 166.42928004265 Detik 
Total Duration 166.42939090729 Detik 
------------------------- 
Tanggal: 03-01-2022 20:15:01 
Duration Download Forstok 19.238424062729 Detik
Duration Looping 700 Data 164.52431106567 Detik 
Total Duration 164.52443289757 Detik 
------------------------- 
Tanggal: 03-01-2022 20:20:01 
Duration Download Forstok 15.430467128754 Detik
Duration Looping 700 Data 163.88878107071 Detik 
Total Duration 163.88889598846 Detik 
------------------------- 
Tanggal: 03-01-2022 20:25:01 
Duration Download Forstok 13.581267118454 Detik
Duration Looping 700 Data 153.17452502251 Detik 
Total Duration 153.17464113235 Detik 
------------------------- 
Tanggal: 03-01-2022 20:30:01 
Duration Download Forstok 14.010822057724 Detik
Duration Looping 700 Data 158.81941199303 Detik 
Total Duration 158.81953191757 Detik 
------------------------- 
Tanggal: 03-01-2022 20:35:01 
Duration Download Forstok 20.498866081238 Detik
Duration Looping 700 Data 167.57435202599 Detik 
Total Duration 167.57444810867 Detik 
------------------------- 
Tanggal: 03-01-2022 20:40:01 
Duration Download Forstok 13.824914932251 Detik
Duration Looping 700 Data 156.23429393768 Detik 
Total Duration 156.23441791534 Detik 
------------------------- 
Tanggal: 03-01-2022 20:45:01 
Duration Download Forstok 13.878971099854 Detik
Duration Looping 700 Data 152.8838300705 Detik 
Total Duration 152.88394403458 Detik 
------------------------- 
Tanggal: 03-01-2022 20:50:01 
Duration Download Forstok 13.457292079926 Detik
Duration Looping 700 Data 156.40345001221 Detik 
Total Duration 156.40357518196 Detik 
------------------------- 
Tanggal: 03-01-2022 20:55:01 
Duration Download Forstok 14.103396892548 Detik
Duration Looping 700 Data 159.80816888809 Detik 
Total Duration 159.80826687813 Detik 
------------------------- 
Tanggal: 03-01-2022 21:00:01 
Duration Download Forstok 14.021459102631 Detik
Duration Looping 700 Data 158.94631314278 Detik 
Total Duration 158.94643306732 Detik 
------------------------- 
Tanggal: 03-01-2022 21:05:01 
Duration Download Forstok 18.006064891815 Detik
Duration Looping 700 Data 158.34100198746 Detik 
Total Duration 158.34108686447 Detik 
------------------------- 
Tanggal: 03-01-2022 21:10:01 
Duration Download Forstok 13.134678840637 Detik
Duration Looping 700 Data 155.05471491814 Detik 
Total Duration 155.05483984947 Detik 
------------------------- 
Tanggal: 03-01-2022 21:15:01 
Duration Download Forstok 15.67384314537 Detik
Duration Looping 700 Data 159.81213402748 Detik 
Total Duration 159.81225204468 Detik 
------------------------- 
Tanggal: 03-01-2022 21:20:01 
Duration Download Forstok 37.758426904678 Detik
Duration Looping 700 Data 182.64137291908 Detik 
Total Duration 182.64148688316 Detik 
------------------------- 
Tanggal: 03-01-2022 21:25:01 
Duration Download Forstok 14.284919977188 Detik
Duration Looping 700 Data 174.55198001862 Detik 
Total Duration 174.55208802223 Detik 
------------------------- 
Tanggal: 03-01-2022 21:30:01 
Duration Download Forstok 14.325128078461 Detik
Duration Looping 700 Data 159.91329193115 Detik 
Total Duration 159.91341114044 Detik 
------------------------- 
Tanggal: 03-01-2022 21:35:01 
Duration Download Forstok 16.617377996445 Detik
Duration Looping 700 Data 163.61007905006 Detik 
Total Duration 163.61017608643 Detik 
------------------------- 
Tanggal: 03-01-2022 21:40:01 
Duration Download Forstok 15.142038106918 Detik
Duration Looping 700 Data 162.58209705353 Detik 
Total Duration 162.58221101761 Detik 
------------------------- 
Tanggal: 03-01-2022 21:45:01 
Duration Download Forstok 17.65665102005 Detik
Duration Looping 700 Data 159.8165910244 Detik 
Total Duration 159.81670284271 Detik 
------------------------- 
Tanggal: 03-01-2022 21:50:01 
Duration Download Forstok 14.63109087944 Detik
Duration Looping 700 Data 155.10569500923 Detik 
Total Duration 155.10579586029 Detik 
------------------------- 
Tanggal: 03-01-2022 21:55:01 
Duration Download Forstok 13.062155008316 Detik
Duration Looping 700 Data 159.79718208313 Detik 
Total Duration 159.79728913307 Detik 
------------------------- 
Tanggal: 03-01-2022 22:00:01 
Duration Download Forstok 12.822725057602 Detik
Duration Looping 700 Data 156.56451797485 Detik 
Total Duration 156.56463098526 Detik 
------------------------- 
Tanggal: 03-01-2022 22:05:01 
Duration Download Forstok 18.092037200928 Detik
Duration Looping 700 Data 173.53636002541 Detik 
Total Duration 173.5364511013 Detik 
------------------------- 
Tanggal: 03-01-2022 22:10:01 
Duration Download Forstok 15.264937162399 Detik
Duration Looping 700 Data 157.24047899246 Detik 
Total Duration 157.24059414864 Detik 
------------------------- 
Tanggal: 03-01-2022 22:15:01 
Duration Download Forstok 16.55438709259 Detik
Duration Looping 700 Data 168.86409902573 Detik 
Total Duration 168.86422204971 Detik 
------------------------- 
Tanggal: 03-01-2022 22:20:01 
Duration Download Forstok 15.447860956192 Detik
Duration Looping 700 Data 154.48450899124 Detik 
Total Duration 154.4846200943 Detik 
------------------------- 
Tanggal: 03-01-2022 22:25:01 
Duration Download Forstok 13.321421146393 Detik
Duration Looping 700 Data 161.82519817352 Detik 
Total Duration 161.82532310486 Detik 
------------------------- 
Tanggal: 03-01-2022 22:30:01 
Duration Download Forstok 13.83949303627 Detik
Duration Looping 700 Data 155.10190200806 Detik 
Total Duration 155.10201787949 Detik 
------------------------- 
Tanggal: 03-01-2022 22:35:01 
Duration Download Forstok 26.657441854477 Detik
Duration Looping 700 Data 165.58466506004 Detik 
Total Duration 165.58480596542 Detik 
------------------------- 
Tanggal: 03-01-2022 22:40:01 
Duration Download Forstok 13.833117961884 Detik
Duration Looping 700 Data 158.19471216202 Detik 
Total Duration 158.19482517242 Detik 
------------------------- 
Tanggal: 03-01-2022 22:45:01 
Duration Download Forstok 21.112987041473 Detik
Duration Looping 700 Data 163.04878807068 Detik 
Total Duration 163.04890799522 Detik 
------------------------- 
Tanggal: 03-01-2022 22:50:01 
Duration Download Forstok 15.622237920761 Detik
Duration Looping 700 Data 158.19591093063 Detik 
Total Duration 158.19602513313 Detik 
------------------------- 
Tanggal: 03-01-2022 22:55:01 
Duration Download Forstok 14.634932041168 Detik
Duration Looping 700 Data 155.93694901466 Detik 
Total Duration 155.93705892563 Detik 
------------------------- 
Tanggal: 03-01-2022 23:00:01 
Duration Download Forstok 14.069523096085 Detik
Duration Looping 700 Data 156.44214391708 Detik 
Total Duration 156.44223499298 Detik 
------------------------- 
Tanggal: 03-01-2022 23:05:01 
Duration Download Forstok 14.79696893692 Detik
Duration Looping 700 Data 157.38164782524 Detik 
Total Duration 157.38175988197 Detik 
------------------------- 
Tanggal: 03-01-2022 23:10:01 
Duration Download Forstok 15.250336885452 Detik
Duration Looping 700 Data 158.36365294456 Detik 
Total Duration 158.36378192902 Detik 
------------------------- 
Tanggal: 03-01-2022 23:15:01 
Duration Download Forstok 14.650029182434 Detik
Duration Looping 700 Data 164.80798912048 Detik 
Total Duration 164.80811405182 Detik 
------------------------- 
Tanggal: 03-01-2022 23:20:01 
Duration Download Forstok 12.058920860291 Detik
Duration Looping 700 Data 157.37620377541 Detik 
Total Duration 157.37632393837 Detik 
------------------------- 
Tanggal: 03-01-2022 23:25:01 
Duration Download Forstok 12.685930013657 Detik
Duration Looping 700 Data 150.02922916412 Detik 
Total Duration 150.02934908867 Detik 
------------------------- 
Tanggal: 03-01-2022 23:30:01 
Duration Download Forstok 11.590582132339 Detik
Duration Looping 700 Data 151.26836895943 Detik 
Total Duration 151.26845407486 Detik 
------------------------- 
Tanggal: 03-01-2022 23:35:01 
Duration Download Forstok 15.369123220444 Detik
Duration Looping 700 Data 158.86725115776 Detik 
Total Duration 158.86737012863 Detik 
------------------------- 
Tanggal: 03-01-2022 23:40:01 
Duration Download Forstok 11.471507072449 Detik
Duration Looping 700 Data 164.15204787254 Detik 
Total Duration 164.15215992928 Detik 
------------------------- 
Tanggal: 03-01-2022 23:45:01 
Duration Download Forstok 15.40793800354 Detik
Duration Looping 700 Data 161.53652906418 Detik 
Total Duration 161.53671312332 Detik 
------------------------- 
Tanggal: 03-01-2022 23:50:01 
Duration Download Forstok 12.713347911835 Detik
Duration Looping 700 Data 151.89356803894 Detik 
Total Duration 151.89365100861 Detik 
------------------------- 
Tanggal: 03-01-2022 23:55:01 
Duration Download Forstok 12.279231786728 Detik
Duration Looping 700 Data 156.13294792175 Detik 
Total Duration 156.13303899765 Detik 
------------------------- 
