Tanggal: 19-06-2022 00:00:01 
Duration Download Forstok 11.630304098129 Detik
Duration Looping 500 Data 666.45945692062 Detik 
Total Duration 666.48461198807 Detik 
------------------------- 
Tanggal: 19-06-2022 00:15:01 
Duration Download Forstok 18.189800024033 Detik
Duration Looping 500 Data 162.23932504654 Detik 
Total Duration 162.26605796814 Detik 
------------------------- 
Tanggal: 19-06-2022 00:20:01 
Duration Download Forstok 9.9791190624237 Detik
Duration Looping 500 Data 170.7413880825 Detik 
Total Duration 170.76363897324 Detik 
------------------------- 
Tanggal: 19-06-2022 00:25:02 
Duration Download Forstok 11.044810056686 Detik
Duration Looping 500 Data 156.65193414688 Detik 
Total Duration 156.67536306381 Detik 
------------------------- 
Tanggal: 19-06-2022 00:30:02 
Duration Download Forstok 12.866600990295 Detik
Duration Looping 500 Data 145.94464087486 Detik 
Total Duration 145.96485686302 Detik 
------------------------- 
Tanggal: 19-06-2022 00:35:01 
Duration Download Forstok 20.061076879501 Detik
Duration Looping 500 Data 147.12870287895 Detik 
Total Duration 147.1536719799 Detik 
------------------------- 
Tanggal: 19-06-2022 00:40:01 
Duration Download Forstok 13.773860216141 Detik
Duration Looping 500 Data 145.17389512062 Detik 
Total Duration 145.19703221321 Detik 
------------------------- 
Tanggal: 19-06-2022 00:45:02 
Duration Download Forstok 14.420284986496 Detik
Duration Looping 500 Data 146.83484888077 Detik 
Total Duration 146.85727190971 Detik 
------------------------- 
Tanggal: 19-06-2022 00:50:01 
Duration Download Forstok 9.8137409687042 Detik
Duration Looping 500 Data 188.23800396919 Detik 
Total Duration 188.2615749836 Detik 
------------------------- 
Tanggal: 19-06-2022 00:55:01 
Duration Download Forstok 11.254504919052 Detik
Duration Looping 500 Data 146.13425993919 Detik 
Total Duration 146.15764093399 Detik 
------------------------- 
Tanggal: 19-06-2022 01:00:01 
Duration Download Forstok 11.603423833847 Detik
Duration Looping 500 Data 145.09044194221 Detik 
Total Duration 145.11362600327 Detik 
------------------------- 
Tanggal: 19-06-2022 01:05:01 
Duration Download Forstok 28.385501146317 Detik
Duration Looping 500 Data 160.22565197945 Detik 
Total Duration 160.24891495705 Detik 
------------------------- 
Tanggal: 19-06-2022 01:10:01 
Duration Download Forstok 10.842134952545 Detik
Duration Looping 500 Data 163.42601108551 Detik 
Total Duration 163.45124793053 Detik 
------------------------- 
Tanggal: 19-06-2022 01:15:01 
Duration Download Forstok 23.530467987061 Detik
Duration Looping 500 Data 150.70259809494 Detik 
Total Duration 150.7261941433 Detik 
------------------------- 
Tanggal: 19-06-2022 01:20:01 
Duration Download Forstok 9.8985359668732 Detik
Duration Looping 500 Data 142.51580786705 Detik 
Total Duration 142.5363278389 Detik 
------------------------- 
Tanggal: 19-06-2022 01:25:01 
Duration Download Forstok 10.16838312149 Detik
Duration Looping 500 Data 140.39239311218 Detik 
Total Duration 140.41728401184 Detik 
------------------------- 
Tanggal: 19-06-2022 01:30:01 
Duration Download Forstok 12.222205162048 Detik
Duration Looping 500 Data 145.40533494949 Detik 
Total Duration 145.4332690239 Detik 
------------------------- 
Tanggal: 19-06-2022 01:35:01 
Duration Download Forstok 20.407983064651 Detik
Duration Looping 500 Data 146.35254502296 Detik 
Total Duration 146.37600517273 Detik 
------------------------- 
Tanggal: 19-06-2022 01:40:01 
Duration Download Forstok 11.27655005455 Detik
Duration Looping 500 Data 145.12222909927 Detik 
Total Duration 145.14367699623 Detik 
------------------------- 
Tanggal: 19-06-2022 01:45:01 
Duration Download Forstok 19.210259914398 Detik
Duration Looping 500 Data 146.74350380898 Detik 
Total Duration 146.76670694351 Detik 
------------------------- 
Tanggal: 19-06-2022 01:50:01 
Duration Download Forstok 10.217288970947 Detik
Duration Looping 500 Data 137.73758602142 Detik 
Total Duration 137.75932884216 Detik 
------------------------- 
Tanggal: 19-06-2022 01:55:01 
Duration Download Forstok 10.621279001236 Detik
Duration Looping 500 Data 135.74423980713 Detik 
Total Duration 135.76839995384 Detik 
------------------------- 
Tanggal: 19-06-2022 02:00:01 
Duration Download Forstok 15.624327898026 Detik
Duration Looping 500 Data 143.6081829071 Detik 
Total Duration 143.62861585617 Detik 
------------------------- 
Tanggal: 19-06-2022 02:05:02 
Duration Download Forstok 20.847346782684 Detik
Duration Looping 500 Data 156.29645586014 Detik 
Total Duration 156.31962180138 Detik 
------------------------- 
Tanggal: 19-06-2022 02:10:01 
Duration Download Forstok 12.183857917786 Detik
Duration Looping 500 Data 144.10414910316 Detik 
Total Duration 144.12615299225 Detik 
------------------------- 
Tanggal: 19-06-2022 02:15:01 
Duration Download Forstok 13.597459077835 Detik
Duration Looping 500 Data 152.02048993111 Detik 
Total Duration 152.04655408859 Detik 
------------------------- 
Tanggal: 19-06-2022 02:20:01 
Duration Download Forstok 11.166103839874 Detik
Duration Looping 500 Data 140.82769989967 Detik 
Total Duration 140.85001778603 Detik 
------------------------- 
Tanggal: 19-06-2022 02:25:02 
Duration Download Forstok 12.552571058273 Detik
Duration Looping 500 Data 144.0786190033 Detik 
Total Duration 144.10183691978 Detik 
------------------------- 
Tanggal: 19-06-2022 02:30:01 
Duration Download Forstok 11.132968902588 Detik
Duration Looping 500 Data 152.83059191704 Detik 
Total Duration 152.85520410538 Detik 
------------------------- 
Tanggal: 19-06-2022 02:35:01 
Duration Download Forstok 17.670164108276 Detik
Duration Looping 500 Data 146.08788108826 Detik 
Total Duration 146.11121916771 Detik 
------------------------- 
Tanggal: 19-06-2022 02:40:01 
Duration Download Forstok 11.745656967163 Detik
Duration Looping 500 Data 145.02201604843 Detik 
Total Duration 145.04463195801 Detik 
------------------------- 
Tanggal: 19-06-2022 02:45:01 
Duration Download Forstok 14.828705072403 Detik
Duration Looping 500 Data 146.4255399704 Detik 
Total Duration 146.44871211052 Detik 
------------------------- 
Tanggal: 19-06-2022 02:50:01 
Duration Download Forstok 13.896487951279 Detik
Duration Looping 500 Data 154.19353604317 Detik 
Total Duration 154.21842288971 Detik 
------------------------- 
Tanggal: 19-06-2022 02:55:01 
Duration Download Forstok 9.3314218521118 Detik
Duration Looping 500 Data 158.27935099602 Detik 
Total Duration 158.30546998978 Detik 
------------------------- 
Tanggal: 19-06-2022 03:00:01 
Duration Download Forstok 11.965812921524 Detik
Duration Looping 500 Data 144.9467458725 Detik 
Total Duration 144.96932697296 Detik 
------------------------- 
Tanggal: 19-06-2022 03:05:01 
Duration Download Forstok 32.669834136963 Detik
Duration Looping 500 Data 164.25632500648 Detik 
Total Duration 164.28100204468 Detik 
------------------------- 
Tanggal: 19-06-2022 03:10:01 
Duration Download Forstok 9.3497650623322 Detik
Duration Looping 500 Data 141.66425013542 Detik 
Total Duration 141.68608498573 Detik 
------------------------- 
Tanggal: 19-06-2022 03:15:01 
Duration Download Forstok 21.589066982269 Detik
Duration Looping 500 Data 160.79390001297 Detik 
Total Duration 160.8174829483 Detik 
------------------------- 
Tanggal: 19-06-2022 03:20:01 
Duration Download Forstok 13.442815065384 Detik
Duration Looping 500 Data 143.17130613327 Detik 
Total Duration 143.19282007217 Detik 
------------------------- 
Tanggal: 19-06-2022 03:25:01 
Duration Download Forstok 11.632863044739 Detik
Duration Looping 500 Data 172.47386193275 Detik 
Total Duration 172.49584197998 Detik 
------------------------- 
Tanggal: 19-06-2022 03:30:01 
Duration Download Forstok 12.973889112473 Detik
Duration Looping 500 Data 145.25921201706 Detik 
Total Duration 145.28365206718 Detik 
------------------------- 
Tanggal: 19-06-2022 03:35:01 
Duration Download Forstok 16.596792936325 Detik
Duration Looping 500 Data 164.17608594894 Detik 
Total Duration 164.20028614998 Detik 
------------------------- 
Tanggal: 19-06-2022 03:40:01 
Duration Download Forstok 10.999557971954 Detik
Duration Looping 500 Data 140.63069295883 Detik 
Total Duration 140.65205812454 Detik 
------------------------- 
Tanggal: 19-06-2022 03:45:01 
Duration Download Forstok 16.850778102875 Detik
Duration Looping 500 Data 145.79706406593 Detik 
Total Duration 145.81837892532 Detik 
------------------------- 
Tanggal: 19-06-2022 03:50:01 
Duration Download Forstok 11.719238996506 Detik
Duration Looping 500 Data 140.98250293732 Detik 
Total Duration 141.00369691849 Detik 
------------------------- 
Tanggal: 19-06-2022 03:55:01 
Duration Download Forstok 9.8960058689117 Detik
Duration Looping 500 Data 137.38226509094 Detik 
Total Duration 137.4048678875 Detik 
------------------------- 
Tanggal: 19-06-2022 04:00:01 
Duration Download Forstok 13.832664012909 Detik
Duration Looping 500 Data 146.12462592125 Detik 
Total Duration 146.14689612389 Detik 
------------------------- 
Tanggal: 19-06-2022 04:05:01 
Duration Download Forstok 28.4993019104 Detik
Duration Looping 500 Data 188.70336389542 Detik 
Total Duration 188.72440695763 Detik 
------------------------- 
Tanggal: 19-06-2022 04:10:01 
Duration Download Forstok 11.039614915848 Detik
Duration Looping 500 Data 146.15538096428 Detik 
Total Duration 146.17892980576 Detik 
------------------------- 
Tanggal: 19-06-2022 04:15:01 
Duration Download Forstok 16.685023069382 Detik
Duration Looping 500 Data 152.38620710373 Detik 
Total Duration 152.41246604919 Detik 
------------------------- 
Tanggal: 19-06-2022 04:20:01 
Duration Download Forstok 11.978704929352 Detik
Duration Looping 500 Data 140.49060583115 Detik 
Total Duration 140.51249098778 Detik 
------------------------- 
Tanggal: 19-06-2022 04:25:01 
Duration Download Forstok 11.466690063477 Detik
Duration Looping 500 Data 139.18195390701 Detik 
Total Duration 139.20561885834 Detik 
------------------------- 
Tanggal: 19-06-2022 04:30:01 
Duration Download Forstok 10.167048931122 Detik
Duration Looping 500 Data 141.04035997391 Detik 
Total Duration 141.06171703339 Detik 
------------------------- 
Tanggal: 19-06-2022 04:35:01 
Duration Download Forstok 16.247568130493 Detik
Duration Looping 500 Data 161.08983111382 Detik 
Total Duration 161.11264801025 Detik 
------------------------- 
Tanggal: 19-06-2022 04:40:01 
Duration Download Forstok 10.974171161652 Detik
Duration Looping 500 Data 148.25579404831 Detik 
Total Duration 148.27779006958 Detik 
------------------------- 
Tanggal: 19-06-2022 04:45:01 
Duration Download Forstok 11.892092943192 Detik
Duration Looping 500 Data 142.6200530529 Detik 
Total Duration 142.64311003685 Detik 
------------------------- 
Tanggal: 19-06-2022 04:50:01 
Duration Download Forstok 10.458107948303 Detik
Duration Looping 500 Data 141.91101408005 Detik 
Total Duration 141.93299889565 Detik 
------------------------- 
Tanggal: 19-06-2022 04:55:01 
Duration Download Forstok 9.4062080383301 Detik
Duration Looping 500 Data 161.77819418907 Detik 
Total Duration 161.80468511581 Detik 
------------------------- 
Tanggal: 19-06-2022 05:00:01 
Duration Download Forstok 12.205967903137 Detik
Duration Looping 500 Data 155.91249704361 Detik 
Total Duration 155.93464803696 Detik 
------------------------- 
Tanggal: 19-06-2022 05:05:01 
Duration Download Forstok 35.431262969971 Detik
Duration Looping 500 Data 171.4259750843 Detik 
Total Duration 171.44918704033 Detik 
------------------------- 
Tanggal: 19-06-2022 05:10:01 
Duration Download Forstok 11.037801027298 Detik
Duration Looping 500 Data 143.30322504044 Detik 
Total Duration 143.32617807388 Detik 
------------------------- 
Tanggal: 19-06-2022 05:15:01 
Duration Download Forstok 23.500057935715 Detik
Duration Looping 500 Data 157.82093191147 Detik 
Total Duration 157.8441400528 Detik 
------------------------- 
Tanggal: 19-06-2022 05:20:01 
Duration Download Forstok 10.638444900513 Detik
Duration Looping 500 Data 143.02953290939 Detik 
Total Duration 143.05124187469 Detik 
------------------------- 
Tanggal: 19-06-2022 05:25:01 
Duration Download Forstok 10.215120077133 Detik
Duration Looping 500 Data 141.79529905319 Detik 
Total Duration 141.8189561367 Detik 
------------------------- 
Tanggal: 19-06-2022 05:30:02 
Duration Download Forstok 12.963361978531 Detik
Duration Looping 500 Data 145.63918995857 Detik 
Total Duration 145.66073203087 Detik 
------------------------- 
Tanggal: 19-06-2022 05:35:01 
Duration Download Forstok 19.905999183655 Detik
Duration Looping 500 Data 148.54036712646 Detik 
Total Duration 148.56335020065 Detik 
------------------------- 
Tanggal: 19-06-2022 05:40:01 
Duration Download Forstok 13.30043888092 Detik
Duration Looping 500 Data 146.11931300163 Detik 
Total Duration 146.14367008209 Detik 
------------------------- 
Tanggal: 19-06-2022 05:45:01 
Duration Download Forstok 14.318756103516 Detik
Duration Looping 500 Data 146.54948306084 Detik 
Total Duration 146.57386898994 Detik 
------------------------- 
Tanggal: 19-06-2022 05:50:01 
Duration Download Forstok 10.062443971634 Detik
Duration Looping 500 Data 139.1567709446 Detik 
Total Duration 139.17929196358 Detik 
------------------------- 
Tanggal: 19-06-2022 05:55:01 
Duration Download Forstok 11.774776935577 Detik
Duration Looping 500 Data 147.50106406212 Detik 
Total Duration 147.52420210838 Detik 
------------------------- 
Tanggal: 19-06-2022 06:00:01 
Duration Download Forstok 13.124465942383 Detik
Duration Looping 500 Data 152.58575987816 Detik 
Total Duration 152.60796809196 Detik 
------------------------- 
Tanggal: 19-06-2022 06:05:01 
Duration Download Forstok 26.93306016922 Detik
Duration Looping 500 Data 158.43927502632 Detik 
Total Duration 158.46207809448 Detik 
------------------------- 
Tanggal: 19-06-2022 06:10:01 
Duration Download Forstok 10.43935084343 Detik
Duration Looping 500 Data 144.63833594322 Detik 
Total Duration 144.66040301323 Detik 
------------------------- 
Tanggal: 19-06-2022 06:15:01 
Duration Download Forstok 12.455378055573 Detik
Duration Looping 500 Data 149.62239909172 Detik 
Total Duration 149.64453792572 Detik 
------------------------- 
Tanggal: 19-06-2022 06:20:01 
Duration Download Forstok 12.713801860809 Detik
Duration Looping 500 Data 151.63122987747 Detik 
Total Duration 151.65364694595 Detik 
------------------------- 
Tanggal: 19-06-2022 06:25:01 
Duration Download Forstok 11.966846942902 Detik
Duration Looping 500 Data 145.86021399498 Detik 
Total Duration 145.88547086716 Detik 
------------------------- 
Tanggal: 19-06-2022 06:30:01 
Duration Download Forstok 8.7224209308624 Detik
Duration Looping 500 Data 138.45854902267 Detik 
Total Duration 138.47875499725 Detik 
------------------------- 
Tanggal: 19-06-2022 06:35:01 
Duration Download Forstok 14.629955053329 Detik
Duration Looping 500 Data 156.57983589172 Detik 
Total Duration 156.60519003868 Detik 
------------------------- 
Tanggal: 19-06-2022 06:40:01 
Duration Download Forstok 10.86754488945 Detik
Duration Looping 500 Data 142.69086289406 Detik 
Total Duration 142.71341586113 Detik 
------------------------- 
Tanggal: 19-06-2022 06:45:01 
Duration Download Forstok 12.178178787231 Detik
Duration Looping 500 Data 140.82286286354 Detik 
Total Duration 140.84519791603 Detik 
------------------------- 
Tanggal: 19-06-2022 06:50:01 
Duration Download Forstok 13.15424489975 Detik
Duration Looping 500 Data 145.35591697693 Detik 
Total Duration 145.37803006172 Detik 
------------------------- 
Tanggal: 19-06-2022 06:55:01 
Duration Download Forstok 9.9954471588135 Detik
Duration Looping 500 Data 147.52467894554 Detik 
Total Duration 147.55078196526 Detik 
------------------------- 
Tanggal: 19-06-2022 07:00:01 
Duration Download Forstok 11.378434181213 Detik
Duration Looping 500 Data 143.54602718353 Detik 
Total Duration 143.56924819946 Detik 
------------------------- 
Tanggal: 19-06-2022 07:05:01 
Duration Download Forstok 31.886790990829 Detik
Duration Looping 500 Data 171.67167592049 Detik 
Total Duration 171.6975979805 Detik 
------------------------- 
Tanggal: 19-06-2022 07:10:01 
Duration Download Forstok 10.542191028595 Detik
Duration Looping 500 Data 139.24954295158 Detik 
Total Duration 139.27122402191 Detik 
------------------------- 
Tanggal: 19-06-2022 07:15:01 
Duration Download Forstok 14.437932014465 Detik
Duration Looping 500 Data 145.91185307503 Detik 
Total Duration 145.93608403206 Detik 
------------------------- 
Tanggal: 19-06-2022 07:20:01 
Duration Download Forstok 10.233500957489 Detik
Duration Looping 500 Data 139.45486903191 Detik 
Total Duration 139.47525501251 Detik 
------------------------- 
Tanggal: 19-06-2022 07:25:01 
Duration Download Forstok 10.907540798187 Detik
Duration Looping 500 Data 137.90577197075 Detik 
Total Duration 137.93056488037 Detik 
------------------------- 
Tanggal: 19-06-2022 07:30:01 
Duration Download Forstok 10.562832117081 Detik
Duration Looping 500 Data 142.90434908867 Detik 
Total Duration 142.92588114738 Detik 
------------------------- 
Tanggal: 19-06-2022 07:35:01 
Duration Download Forstok 20.408507108688 Detik
Duration Looping 500 Data 150.34674906731 Detik 
Total Duration 150.368942976 Detik 
------------------------- 
Tanggal: 19-06-2022 07:40:01 
Duration Download Forstok 11.520103931427 Detik
Duration Looping 500 Data 142.41638898849 Detik 
Total Duration 142.43750286102 Detik 
------------------------- 
Tanggal: 19-06-2022 07:45:01 
Duration Download Forstok 17.915022134781 Detik
Duration Looping 500 Data 164.80799412727 Detik 
Total Duration 164.8331720829 Detik 
------------------------- 
Tanggal: 19-06-2022 07:50:01 
Duration Download Forstok 10.398423910141 Detik
Duration Looping 500 Data 150.67155504227 Detik 
Total Duration 150.69393396378 Detik 
------------------------- 
Tanggal: 19-06-2022 07:55:01 
Duration Download Forstok 12.334211111069 Detik
Duration Looping 500 Data 145.7855899334 Detik 
Total Duration 145.80832695961 Detik 
------------------------- 
Tanggal: 19-06-2022 08:00:01 
Duration Download Forstok 11.167014837265 Detik
Duration Looping 500 Data 142.63724589348 Detik 
Total Duration 142.65898990631 Detik 
------------------------- 
Tanggal: 19-06-2022 08:05:01 
Duration Download Forstok 38.277086019516 Detik
Duration Looping 500 Data 167.35195088387 Detik 
Total Duration 167.3745880127 Detik 
------------------------- 
Tanggal: 19-06-2022 08:10:01 
Duration Download Forstok 9.6635081768036 Detik
Duration Looping 500 Data 138.76596307755 Detik 
Total Duration 138.78905510902 Detik 
------------------------- 
Tanggal: 19-06-2022 08:15:01 
Duration Download Forstok 14.138447999954 Detik
Duration Looping 500 Data 155.92330694199 Detik 
Total Duration 155.94927597046 Detik 
------------------------- 
Tanggal: 19-06-2022 08:20:01 
Duration Download Forstok 10.385205984116 Detik
Duration Looping 500 Data 138.65364599228 Detik 
Total Duration 138.67792797089 Detik 
------------------------- 
Tanggal: 19-06-2022 08:25:01 
Duration Download Forstok 10.548012971878 Detik
Duration Looping 500 Data 135.50321578979 Detik 
Total Duration 135.52693295479 Detik 
------------------------- 
Tanggal: 19-06-2022 08:30:01 
Duration Download Forstok 12.727668046951 Detik
Duration Looping 500 Data 146.29964399338 Detik 
Total Duration 146.32403182983 Detik 
------------------------- 
Tanggal: 19-06-2022 08:35:01 
Duration Download Forstok 15.236440896988 Detik
Duration Looping 500 Data 153.87484192848 Detik 
Total Duration 153.89639186859 Detik 
------------------------- 
Tanggal: 19-06-2022 08:40:01 
Duration Download Forstok 13.055443048477 Detik
Duration Looping 500 Data 143.46144413948 Detik 
Total Duration 143.4857480526 Detik 
------------------------- 
Tanggal: 19-06-2022 08:45:01 
Duration Download Forstok 14.924363851547 Detik
Duration Looping 500 Data 152.05860686302 Detik 
Tanggal: 19-06-2022 08:50:01 
Duration Download Forstok 11.970013141632 Detik
Duration Looping 500 Data 141.32847499847 Detik 
Tanggal: 19-06-2022 08:55:01 
Duration Download Forstok 11.367364883423 Detik
Duration Looping 500 Data 146.9471077919 Detik 
Tanggal: 19-06-2022 09:00:01 
Duration Download Forstok 12.944676876068 Detik
Duration Looping 500 Data 145.69703388214 Detik 
Tanggal: 19-06-2022 09:05:01 
Duration Download Forstok 18.999345064163 Detik
Duration Looping 500 Data 152.25521993637 Detik 
Tanggal: 19-06-2022 09:10:01 
Duration Download Forstok 12.359601020813 Detik
Duration Looping 500 Data 154.68850898743 Detik 
Tanggal: 19-06-2022 09:15:01 
Duration Download Forstok 18.3126039505 Detik
Duration Looping 500 Data 151.57838392258 Detik 
Tanggal: 19-06-2022 09:20:01 
Duration Download Forstok 10.288764953613 Detik
Duration Looping 500 Data 142.13576197624 Detik 
Tanggal: 19-06-2022 09:25:01 
Duration Download Forstok 10.50061917305 Detik
Duration Looping 500 Data 144.55909109116 Detik 
Tanggal: 19-06-2022 09:30:01 
Duration Download Forstok 9.5657589435577 Detik
Duration Looping 500 Data 143.71971583366 Detik 
Tanggal: 19-06-2022 09:35:01 
Duration Download Forstok 19.701584100723 Detik
Duration Looping 500 Data 159.54892706871 Detik 
Tanggal: 19-06-2022 09:40:01 
Duration Download Forstok 10.494651079178 Detik
Duration Looping 500 Data 144.40604805946 Detik 
Tanggal: 19-06-2022 09:45:01 
Duration Download Forstok 19.737211942673 Detik
Duration Looping 500 Data 155.33005094528 Detik 
Tanggal: 19-06-2022 09:50:01 
Duration Download Forstok 9.8905591964722 Detik
Duration Looping 500 Data 143.69894719124 Detik 
Tanggal: 19-06-2022 09:55:01 
Duration Download Forstok 11.485903978348 Detik
Duration Looping 500 Data 142.41777515411 Detik 
Tanggal: 19-06-2022 10:00:01 
Duration Download Forstok 10.384096860886 Detik
Duration Looping 500 Data 140.57127594948 Detik 
Tanggal: 19-06-2022 10:05:01 
Duration Download Forstok 22.466758012772 Detik
Duration Looping 500 Data 150.75105190277 Detik 
Tanggal: 19-06-2022 10:10:01 
Duration Download Forstok 10.181854009628 Detik
Duration Looping 500 Data 144.29176402092 Detik 
Tanggal: 19-06-2022 10:15:01 
Duration Download Forstok 17.395687103271 Detik
Duration Looping 500 Data 151.26341795921 Detik 
Tanggal: 19-06-2022 10:20:01 
Duration Download Forstok 12.036297082901 Detik
Duration Looping 500 Data 147.06749415398 Detik 
Tanggal: 19-06-2022 10:25:01 
Duration Download Forstok 10.91491985321 Detik
Duration Looping 500 Data 143.34983181953 Detik 
Tanggal: 19-06-2022 10:30:01 
Duration Download Forstok 12.908784866333 Detik
Duration Looping 500 Data 145.60317087173 Detik 
Tanggal: 19-06-2022 10:35:01 
Duration Download Forstok 14.78337597847 Detik
Duration Looping 500 Data 145.96063399315 Detik 
Tanggal: 19-06-2022 10:40:01 
Duration Download Forstok 17.863447904587 Detik
Duration Looping 500 Data 153.51028990746 Detik 
Tanggal: 19-06-2022 10:45:01 
Duration Download Forstok 12.842996120453 Detik
Duration Looping 500 Data 146.04831004143 Detik 
Tanggal: 19-06-2022 10:50:01 
Duration Download Forstok 9.6661019325256 Detik
Duration Looping 500 Data 143.77973508835 Detik 
Tanggal: 19-06-2022 10:55:01 
Duration Download Forstok 13.564357995987 Detik
Duration Looping 500 Data 148.48660302162 Detik 
Tanggal: 19-06-2022 11:00:01 
Duration Download Forstok 12.380914926529 Detik
Duration Looping 500 Data 139.19394111633 Detik 
Tanggal: 19-06-2022 11:05:01 
Duration Download Forstok 33.58326292038 Detik
Duration Looping 500 Data 158.70784687996 Detik 
Tanggal: 19-06-2022 11:10:01 
Duration Download Forstok 9.6416850090027 Detik
Duration Looping 500 Data 145.35162210464 Detik 
Tanggal: 19-06-2022 11:15:01 
Duration Download Forstok 18.405532836914 Detik
Duration Looping 500 Data 146.64201784134 Detik 
Tanggal: 19-06-2022 11:20:01 
Duration Download Forstok 12.237871170044 Detik
Duration Looping 500 Data 147.55097913742 Detik 
Tanggal: 19-06-2022 11:25:01 
Duration Download Forstok 10.10565495491 Detik
Duration Looping 500 Data 136.79848098755 Detik 
Tanggal: 19-06-2022 11:30:01 
Duration Download Forstok 12.423859834671 Detik
Duration Looping 500 Data 140.54467391968 Detik 
Tanggal: 19-06-2022 11:35:01 
Duration Download Forstok 20.960187911987 Detik
Duration Looping 500 Data 147.13324713707 Detik 
Tanggal: 19-06-2022 11:40:01 
Duration Download Forstok 13.050330877304 Detik
Duration Looping 500 Data 143.2396299839 Detik 
Tanggal: 19-06-2022 11:45:01 
Duration Download Forstok 12.772995948792 Detik
Duration Looping 500 Data 146.15632605553 Detik 
Tanggal: 19-06-2022 11:50:01 
Duration Download Forstok 17.372519016266 Detik
Duration Looping 500 Data 150.55211114883 Detik 
Tanggal: 19-06-2022 11:55:01 
Duration Download Forstok 12.571419000626 Detik
Duration Looping 500 Data 153.51379919052 Detik 
Tanggal: 19-06-2022 12:00:01 
Duration Download Forstok 13.924855947495 Detik
Duration Looping 500 Data 154.91082000732 Detik 
Tanggal: 19-06-2022 12:05:01 
Duration Download Forstok 22.981990814209 Detik
Duration Looping 500 Data 155.51577281952 Detik 
Tanggal: 19-06-2022 12:10:01 
Duration Download Forstok 11.100142002106 Detik
Duration Looping 500 Data 143.53326201439 Detik 
Tanggal: 19-06-2022 12:15:01 
Duration Download Forstok 24.226511955261 Detik
Duration Looping 500 Data 165.02323698997 Detik 
Tanggal: 19-06-2022 12:20:01 
Duration Download Forstok 16.549503087997 Detik
Duration Looping 500 Data 147.61924695969 Detik 
Tanggal: 19-06-2022 12:25:01 
Duration Download Forstok 9.4966390132904 Detik
Duration Looping 500 Data 141.72195506096 Detik 
Tanggal: 19-06-2022 12:30:01 
Duration Download Forstok 12.120441913605 Detik
Duration Looping 500 Data 142.53988003731 Detik 
Tanggal: 19-06-2022 12:35:01 
Duration Download Forstok 17.617432832718 Detik
Duration Looping 500 Data 148.09847784042 Detik 
Tanggal: 19-06-2022 12:40:01 
Duration Download Forstok 11.650166034698 Detik
Duration Looping 500 Data 137.78927302361 Detik 
Tanggal: 19-06-2022 12:45:01 
Duration Download Forstok 23.651581048965 Detik
Duration Looping 500 Data 162.25409507751 Detik 
Tanggal: 19-06-2022 12:50:01 
Duration Download Forstok 14.436980962753 Detik
Duration Looping 500 Data 149.62408399582 Detik 
Tanggal: 19-06-2022 12:55:01 
Duration Download Forstok 10.643310070038 Detik
Duration Looping 500 Data 151.71499896049 Detik 
Tanggal: 19-06-2022 13:00:01 
Duration Download Forstok 12.445692062378 Detik
Duration Looping 500 Data 144.72781205177 Detik 
Tanggal: 19-06-2022 13:05:01 
Duration Download Forstok 36.751973867416 Detik
Duration Looping 500 Data 163.14341306686 Detik 
Tanggal: 19-06-2022 13:10:01 
Duration Download Forstok 11.660665035248 Detik
Duration Looping 500 Data 145.46368217468 Detik 
Tanggal: 19-06-2022 13:15:01 
Duration Download Forstok 19.482472896576 Detik
Duration Looping 500 Data 147.97261285782 Detik 
Tanggal: 19-06-2022 13:20:01 
Duration Download Forstok 11.678424835205 Detik
Duration Looping 500 Data 140.9858379364 Detik 
Tanggal: 19-06-2022 13:25:01 
Duration Download Forstok 11.605075836182 Detik
Duration Looping 500 Data 140.28088402748 Detik 
Tanggal: 19-06-2022 13:30:01 
Duration Download Forstok 16.172493219376 Detik
Duration Looping 500 Data 149.32366323471 Detik 
Tanggal: 19-06-2022 13:35:01 
Duration Download Forstok 22.065180063248 Detik
Duration Looping 500 Data 159.29262495041 Detik 
Tanggal: 19-06-2022 13:40:01 
Duration Download Forstok 11.765804052353 Detik
Duration Looping 500 Data 144.33199191093 Detik 
Tanggal: 19-06-2022 13:45:01 
Duration Download Forstok 17.166903018951 Detik
Duration Looping 500 Data 156.89967608452 Detik 
Tanggal: 19-06-2022 13:50:01 
Duration Download Forstok 15.413971185684 Detik
Duration Looping 500 Data 143.60591602325 Detik 
Tanggal: 19-06-2022 13:55:02 
Duration Download Forstok 13.966562986374 Detik
Duration Looping 500 Data 151.56223297119 Detik 
Tanggal: 19-06-2022 14:00:01 
Duration Download Forstok 16.677433013916 Detik
Duration Looping 500 Data 151.08050298691 Detik 
Tanggal: 19-06-2022 14:05:01 
Duration Download Forstok 35.43209195137 Detik
Duration Looping 500 Data 164.4855659008 Detik 
Tanggal: 19-06-2022 14:10:01 
Duration Download Forstok 11.542361974716 Detik
Duration Looping 500 Data 141.07205986977 Detik 
Tanggal: 19-06-2022 14:15:01 
Duration Download Forstok 20.562161922455 Detik
Duration Looping 500 Data 154.96206092834 Detik 
Tanggal: 19-06-2022 14:20:01 
Duration Download Forstok 12.443243026733 Detik
Duration Looping 500 Data 144.59729409218 Detik 
Tanggal: 19-06-2022 14:25:01 
Duration Download Forstok 12.441854000092 Detik
Duration Looping 500 Data 140.40614700317 Detik 
Tanggal: 19-06-2022 14:30:01 
Duration Download Forstok 13.290434122086 Detik
Duration Looping 500 Data 146.29026293755 Detik 
Tanggal: 19-06-2022 14:35:01 
Duration Download Forstok 24.371366024017 Detik
Duration Looping 500 Data 159.53199386597 Detik 
Tanggal: 19-06-2022 14:40:01 
Duration Download Forstok 15.352324962616 Detik
Duration Looping 500 Data 147.4187078476 Detik 
Tanggal: 19-06-2022 14:45:01 
Duration Download Forstok 13.180022001266 Detik
Duration Looping 500 Data 149.71304893494 Detik 
Tanggal: 19-06-2022 14:50:01 
Duration Download Forstok 11.53439617157 Detik
Duration Looping 500 Data 146.8413310051 Detik 
Tanggal: 19-06-2022 14:55:01 
Duration Download Forstok 12.560350894928 Detik
Duration Looping 500 Data 143.38968586922 Detik 
Tanggal: 19-06-2022 15:00:01 
Duration Download Forstok 14.589235067368 Detik
Duration Looping 500 Data 149.16331100464 Detik 
Tanggal: 19-06-2022 15:05:01 
Duration Download Forstok 47.84282708168 Detik
Duration Looping 500 Data 174.77675914764 Detik 
Tanggal: 19-06-2022 15:10:01 
Duration Download Forstok 18.66210603714 Detik
Duration Looping 500 Data 149.2521109581 Detik 
Tanggal: 19-06-2022 15:15:01 
Duration Download Forstok 14.946860074997 Detik
Duration Looping 500 Data 147.52246999741 Detik 
Tanggal: 19-06-2022 15:20:01 
Duration Download Forstok 11.400812864304 Detik
Duration Looping 500 Data 142.75225400925 Detik 
Tanggal: 19-06-2022 15:25:01 
Duration Download Forstok 9.7473649978638 Detik
Duration Looping 500 Data 137.17702889442 Detik 
Tanggal: 19-06-2022 15:30:01 
Duration Download Forstok 11.158766031265 Detik
Duration Looping 500 Data 149.98167300224 Detik 
Tanggal: 19-06-2022 15:35:01 
Duration Download Forstok 19.381794929504 Detik
Duration Looping 500 Data 152.17142605782 Detik 
Tanggal: 19-06-2022 15:40:01 
Duration Download Forstok 18.274752855301 Detik
Duration Looping 500 Data 144.51849579811 Detik 
Tanggal: 19-06-2022 15:45:01 
Duration Download Forstok 20.958304166794 Detik
Duration Looping 500 Data 152.06775307655 Detik 
Tanggal: 19-06-2022 15:50:01 
Duration Download Forstok 10.78915810585 Detik
Duration Looping 500 Data 137.2651720047 Detik 
Tanggal: 19-06-2022 15:55:01 
Duration Download Forstok 10.806868076324 Detik
Duration Looping 500 Data 147.23214817047 Detik 
Tanggal: 19-06-2022 16:00:01 
Duration Download Forstok 11.192630052567 Detik
Duration Looping 500 Data 140.08285403252 Detik 
Tanggal: 19-06-2022 16:05:01 
Duration Download Forstok 33.244980096817 Detik
Duration Looping 500 Data 163.86184000969 Detik 
Tanggal: 19-06-2022 16:10:01 
Duration Download Forstok 12.549437999725 Detik
Duration Looping 500 Data 143.61766290665 Detik 
Tanggal: 19-06-2022 16:15:01 
Duration Download Forstok 13.213172912598 Detik
Duration Looping 500 Data 144.74019885063 Detik 
Tanggal: 19-06-2022 16:20:01 
Duration Download Forstok 12.887582778931 Detik
Duration Looping 500 Data 140.70639681816 Detik 
Tanggal: 19-06-2022 16:25:02 
Duration Download Forstok 10.575222969055 Detik
Duration Looping 500 Data 150.56772017479 Detik 
Tanggal: 19-06-2022 16:30:01 
Duration Download Forstok 11.096082925797 Detik
Duration Looping 500 Data 140.84072899818 Detik 
Tanggal: 19-06-2022 16:35:01 
Duration Download Forstok 26.02047419548 Detik
Duration Looping 500 Data 157.60768413544 Detik 
Tanggal: 19-06-2022 16:40:01 
Duration Download Forstok 10.107767105103 Detik
Duration Looping 500 Data 145.87960100174 Detik 
Tanggal: 19-06-2022 16:45:01 
Duration Download Forstok 13.870577096939 Detik
Duration Looping 500 Data 142.44210410118 Detik 
Tanggal: 19-06-2022 16:50:01 
Duration Download Forstok 16.734204053879 Detik
Duration Looping 500 Data 145.58316898346 Detik 
Tanggal: 19-06-2022 16:55:01 
Duration Download Forstok 11.587364912033 Detik
Duration Looping 500 Data 136.67499089241 Detik 
Tanggal: 19-06-2022 17:00:01 
Duration Download Forstok 19.94188785553 Detik
Duration Looping 500 Data 150.82781386375 Detik 
Tanggal: 19-06-2022 17:05:01 
Duration Download Forstok 22.938918828964 Detik
Duration Looping 500 Data 155.46823692322 Detik 
Tanggal: 19-06-2022 17:10:01 
Duration Download Forstok 13.873991012573 Detik
Duration Looping 500 Data 147.6682639122 Detik 
Tanggal: 19-06-2022 17:15:01 
Duration Download Forstok 20.568347930908 Detik
Duration Looping 500 Data 158.22768998146 Detik 
Tanggal: 19-06-2022 17:20:01 
Duration Download Forstok 15.369625091553 Detik
Duration Looping 500 Data 147.74514007568 Detik 
Tanggal: 19-06-2022 17:25:01 
Duration Download Forstok 12.253349065781 Detik
Duration Looping 500 Data 142.15795111656 Detik 
Tanggal: 19-06-2022 17:30:01 
Duration Download Forstok 12.027163982391 Detik
Duration Looping 500 Data 152.42224287987 Detik 
Tanggal: 19-06-2022 17:35:01 
Duration Download Forstok 16.828200101852 Detik
Duration Looping 500 Data 144.59666109085 Detik 
Tanggal: 19-06-2022 17:40:01 
Duration Download Forstok 15.892685890198 Detik
Duration Looping 500 Data 141.03677487373 Detik 
Tanggal: 19-06-2022 17:45:01 
Duration Download Forstok 12.845731973648 Detik
Duration Looping 500 Data 142.15344905853 Detik 
Tanggal: 19-06-2022 17:50:01 
Duration Download Forstok 15.751501083374 Detik
Duration Looping 500 Data 150.37207913399 Detik 
Tanggal: 19-06-2022 17:55:01 
Duration Download Forstok 11.717396974564 Detik
Duration Looping 500 Data 135.63298797607 Detik 
Tanggal: 19-06-2022 18:00:01 
Duration Download Forstok 12.791898012161 Detik
Duration Looping 500 Data 142.96280097961 Detik 
Tanggal: 19-06-2022 18:05:01 
Duration Download Forstok 30.077956914902 Detik
Duration Looping 500 Data 170.19318795204 Detik 
Tanggal: 19-06-2022 18:10:01 
Duration Download Forstok 10.711549043655 Detik
Duration Looping 500 Data 143.51195192337 Detik 
Tanggal: 19-06-2022 18:15:01 
Duration Download Forstok 16.665791988373 Detik
Duration Looping 500 Data 147.84040999413 Detik 
Tanggal: 19-06-2022 18:20:01 
Duration Download Forstok 12.37920999527 Detik
Duration Looping 500 Data 142.78334498405 Detik 
Tanggal: 19-06-2022 18:25:01 
Duration Download Forstok 11.97253704071 Detik
Duration Looping 500 Data 145.79958486557 Detik 
Tanggal: 19-06-2022 18:30:01 
Duration Download Forstok 11.673347949982 Detik
Duration Looping 500 Data 143.39405488968 Detik 
Tanggal: 19-06-2022 18:35:01 
Duration Download Forstok 21.593085050583 Detik
Duration Looping 500 Data 152.8440721035 Detik 
Tanggal: 19-06-2022 18:40:01 
Duration Download Forstok 12.021189928055 Detik
Duration Looping 500 Data 146.91486501694 Detik 
Tanggal: 19-06-2022 18:45:01 
Duration Download Forstok 21.551158189774 Detik
Duration Looping 500 Data 155.99779415131 Detik 
Tanggal: 19-06-2022 18:50:01 
Duration Download Forstok 12.738914966583 Detik
Duration Looping 500 Data 143.42489910126 Detik 
Tanggal: 19-06-2022 18:55:01 
Duration Download Forstok 12.244583129883 Detik
Duration Looping 500 Data 147.18592095375 Detik 
Tanggal: 19-06-2022 19:00:01 
Duration Download Forstok 12.950133085251 Detik
Duration Looping 500 Data 151.10178112984 Detik 
Tanggal: 19-06-2022 19:05:01 
Duration Download Forstok 28.655076980591 Detik
Duration Looping 500 Data 163.33640098572 Detik 
Tanggal: 19-06-2022 19:10:01 
Duration Download Forstok 11.687628030777 Detik
Duration Looping 500 Data 144.29009604454 Detik 
Tanggal: 19-06-2022 19:15:01 
Duration Download Forstok 16.515245914459 Detik
Duration Looping 500 Data 155.18505883217 Detik 
Tanggal: 19-06-2022 19:20:01 
Duration Download Forstok 12.80299115181 Detik
Duration Looping 500 Data 147.39567112923 Detik 
Tanggal: 19-06-2022 19:25:01 
Duration Download Forstok 10.860960006714 Detik
Duration Looping 500 Data 158.89759802818 Detik 
Tanggal: 19-06-2022 19:30:01 
Duration Download Forstok 10.517030954361 Detik
Duration Looping 500 Data 139.20934104919 Detik 
Tanggal: 19-06-2022 19:35:01 
Duration Download Forstok 23.671251058578 Detik
Duration Looping 500 Data 156.81533098221 Detik 
Tanggal: 19-06-2022 19:40:01 
Duration Download Forstok 13.663311004639 Detik
Duration Looping 500 Data 144.55420899391 Detik 
Tanggal: 19-06-2022 19:45:01 
Duration Download Forstok 14.004357814789 Detik
Duration Looping 500 Data 155.64412784576 Detik 
Tanggal: 19-06-2022 19:50:02 
Duration Download Forstok 12.935867071152 Detik
Duration Looping 500 Data 148.37508606911 Detik 
Tanggal: 19-06-2022 19:55:01 
Duration Download Forstok 9.5044848918915 Detik
Duration Looping 500 Data 141.83950400352 Detik 
Tanggal: 19-06-2022 20:00:02 
Duration Download Forstok 12.361801862717 Detik
Duration Looping 500 Data 154.85175585747 Detik 
Tanggal: 19-06-2022 20:05:01 
Duration Download Forstok 26.704489946365 Detik
Duration Looping 500 Data 156.05417895317 Detik 
Tanggal: 19-06-2022 20:10:01 
Duration Download Forstok 14.325330972672 Detik
Duration Looping 500 Data 146.92428803444 Detik 
Tanggal: 19-06-2022 20:15:01 
Duration Download Forstok 14.836210012436 Detik
Duration Looping 500 Data 147.55022788048 Detik 
Tanggal: 19-06-2022 20:20:01 
Duration Download Forstok 11.333231925964 Detik
Duration Looping 500 Data 142.13404607773 Detik 
Tanggal: 19-06-2022 20:25:01 
Duration Download Forstok 11.691465139389 Detik
Duration Looping 500 Data 138.6743581295 Detik 
Tanggal: 19-06-2022 20:30:01 
Duration Download Forstok 15.538392066956 Detik
Duration Looping 500 Data 154.6952688694 Detik 
Tanggal: 19-06-2022 20:35:01 
Duration Download Forstok 15.224189996719 Detik
Duration Looping 500 Data 143.28251290321 Detik 
Tanggal: 19-06-2022 20:40:01 
Duration Download Forstok 12.13613986969 Detik
Duration Looping 500 Data 143.66726183891 Detik 
Tanggal: 19-06-2022 20:45:01 
Duration Download Forstok 13.432668924332 Detik
Duration Looping 500 Data 153.17791295052 Detik 
Tanggal: 19-06-2022 20:50:01 
Duration Download Forstok 13.172603845596 Detik
Duration Looping 500 Data 140.91719102859 Detik 
Tanggal: 19-06-2022 20:55:01 
Duration Download Forstok 10.952491044998 Detik
Duration Looping 500 Data 136.84360909462 Detik 
Tanggal: 19-06-2022 21:00:01 
Duration Download Forstok 14.682334899902 Detik
Duration Looping 500 Data 145.47974705696 Detik 
Tanggal: 19-06-2022 21:05:01 
Duration Download Forstok 37.371176958084 Detik
Duration Looping 500 Data 161.79051995277 Detik 
Tanggal: 19-06-2022 21:10:01 
Duration Download Forstok 12.409639120102 Detik
Duration Looping 500 Data 152.35767006874 Detik 
Tanggal: 19-06-2022 21:15:01 
Duration Download Forstok 17.360407114029 Detik
Duration Looping 500 Data 142.72589206696 Detik 
Tanggal: 19-06-2022 21:20:01 
Duration Download Forstok 13.623235940933 Detik
Duration Looping 500 Data 147.82901787758 Detik 
Tanggal: 19-06-2022 21:25:01 
Duration Download Forstok 10.859055042267 Detik
Duration Looping 500 Data 147.85145807266 Detik 
Tanggal: 19-06-2022 21:30:01 
Duration Download Forstok 13.076107978821 Detik
Duration Looping 500 Data 149.14634919167 Detik 
Tanggal: 19-06-2022 21:35:01 
Duration Download Forstok 21.100628137589 Detik
Duration Looping 500 Data 150.10342907906 Detik 
Tanggal: 19-06-2022 21:40:01 
Duration Download Forstok 13.13761806488 Detik
Duration Looping 500 Data 138.37712097168 Detik 
Tanggal: 19-06-2022 21:45:01 
Duration Download Forstok 16.121711969376 Detik
Duration Looping 500 Data 152.34988999367 Detik 
Tanggal: 19-06-2022 21:50:01 
Duration Download Forstok 12.879217863083 Detik
Duration Looping 500 Data 146.44353985786 Detik 
Tanggal: 19-06-2022 21:55:01 
Duration Download Forstok 9.3620331287384 Detik
Duration Looping 500 Data 133.92995214462 Detik 
Tanggal: 19-06-2022 22:00:01 
Duration Download Forstok 12.894684076309 Detik
Duration Looping 500 Data 142.17985010147 Detik 
Tanggal: 19-06-2022 22:05:01 
Duration Download Forstok 42.251258134842 Detik
Duration Looping 500 Data 172.58260917664 Detik 
Tanggal: 19-06-2022 22:10:01 
Duration Download Forstok 10.947961091995 Detik
Duration Looping 500 Data 143.8282020092 Detik 
Tanggal: 19-06-2022 22:15:01 
Duration Download Forstok 19.392788887024 Detik
Duration Looping 500 Data 161.43047499657 Detik 
Tanggal: 19-06-2022 22:20:01 
Duration Download Forstok 10.820081949234 Detik
Duration Looping 500 Data 142.76970100403 Detik 
Tanggal: 19-06-2022 22:25:01 
Duration Download Forstok 20.078015089035 Detik
Duration Looping 500 Data 150.45291399956 Detik 
Tanggal: 19-06-2022 22:30:01 
Duration Download Forstok 10.297384977341 Detik
Duration Looping 500 Data 143.65156912804 Detik 
Tanggal: 19-06-2022 22:35:01 
Duration Download Forstok 17.967715978622 Detik
Duration Looping 500 Data 152.69848418236 Detik 
Tanggal: 19-06-2022 22:40:01 
Duration Download Forstok 10.13288807869 Detik
Duration Looping 500 Data 138.33398413658 Detik 
Tanggal: 19-06-2022 22:45:01 
Duration Download Forstok 14.755420923233 Detik
Duration Looping 500 Data 143.59025382996 Detik 
Tanggal: 19-06-2022 22:50:01 
Duration Download Forstok 13.086569070816 Detik
Duration Looping 500 Data 145.69478917122 Detik 
Tanggal: 19-06-2022 22:55:01 
Duration Download Forstok 11.329379081726 Detik
Duration Looping 500 Data 140.74812221527 Detik 
Tanggal: 19-06-2022 23:00:01 
Duration Download Forstok 11.036602973938 Detik
Duration Looping 500 Data 137.94405317307 Detik 
Tanggal: 19-06-2022 23:05:01 
Duration Download Forstok 38.818737983704 Detik
Duration Looping 500 Data 172.91275000572 Detik 
Tanggal: 19-06-2022 23:10:01 
Duration Download Forstok 10.702302932739 Detik
Duration Looping 500 Data 137.51464891434 Detik 
Tanggal: 19-06-2022 23:15:01 
Duration Download Forstok 12.886328935623 Detik
Duration Looping 500 Data 145.9547419548 Detik 
Tanggal: 19-06-2022 23:20:01 
Duration Download Forstok 14.233955860138 Detik
Duration Looping 500 Data 141.3835299015 Detik 
Tanggal: 19-06-2022 23:25:01 
Duration Download Forstok 9.4057140350342 Detik
Duration Looping 500 Data 147.07981300354 Detik 
Tanggal: 19-06-2022 23:30:01 
Duration Download Forstok 13.911758184433 Detik
Duration Looping 500 Data 145.45228099823 Detik 
Tanggal: 19-06-2022 23:35:01 
Duration Download Forstok 19.32658290863 Detik
Duration Looping 500 Data 142.17369890213 Detik 
Tanggal: 19-06-2022 23:40:01 
Duration Download Forstok 10.470113992691 Detik
Duration Looping 500 Data 134.41099500656 Detik 
Tanggal: 19-06-2022 23:45:01 
Duration Download Forstok 15.002071857452 Detik
Duration Looping 500 Data 144.26888203621 Detik 
Tanggal: 19-06-2022 23:50:01 
Duration Download Forstok 10.750900030136 Detik
Duration Looping 500 Data 136.66015815735 Detik 
Tanggal: 19-06-2022 23:55:01 
Duration Download Forstok 9.7445039749146 Detik
Duration Looping 500 Data 134.48072504997 Detik 
