Tanggal: 17-08-2022 00:00:01 
Duration Download Forstok 15.009221076965 Detik
Duration Looping 500 Data 839.20582199097 Detik 
Total Duration 839.23293113708 Detik 
------------------------- 
Tanggal: 17-08-2022 00:15:01 
Duration Download Forstok 14.874536991119 Detik
Duration Looping 500 Data 161.51185297966 Detik 
Total Duration 161.53673100471 Detik 
------------------------- 
Tanggal: 17-08-2022 00:20:01 
Duration Download Forstok 10.469766139984 Detik
Duration Looping 500 Data 161.57038211823 Detik 
Total Duration 161.59865999222 Detik 
------------------------- 
Tanggal: 17-08-2022 00:25:01 
Duration Download Forstok 10.590510845184 Detik
Duration Looping 500 Data 182.73135995865 Detik 
Total Duration 182.757158041 Detik 
------------------------- 
Tanggal: 17-08-2022 00:30:01 
Duration Download Forstok 13.121345996857 Detik
Duration Looping 500 Data 160.24424099922 Detik 
Total Duration 160.27015686035 Detik 
------------------------- 
Tanggal: 17-08-2022 00:35:01 
Duration Download Forstok 10.99506688118 Detik
Duration Looping 500 Data 155.35882091522 Detik 
Total Duration 155.38464188576 Detik 
------------------------- 
Tanggal: 17-08-2022 00:40:01 
Duration Download Forstok 15.151482105255 Detik
Duration Looping 500 Data 156.68130493164 Detik 
Total Duration 156.70644402504 Detik 
------------------------- 
Tanggal: 17-08-2022 00:45:01 
Duration Download Forstok 16.626940011978 Detik
Duration Looping 500 Data 158.49268579483 Detik 
Total Duration 158.52003192902 Detik 
------------------------- 
Tanggal: 17-08-2022 00:50:01 
Duration Download Forstok 15.772325992584 Detik
Duration Looping 500 Data 171.67812490463 Detik 
Total Duration 171.70218396187 Detik 
------------------------- 
Tanggal: 17-08-2022 00:55:01 
Duration Download Forstok 11.795225143433 Detik
Duration Looping 500 Data 148.49882602692 Detik 
Total Duration 148.52275204659 Detik 
------------------------- 
Tanggal: 17-08-2022 01:00:01 
Duration Download Forstok 13.707836151123 Detik
Duration Looping 500 Data 157.27294802666 Detik 
Total Duration 157.29710316658 Detik 
------------------------- 
Tanggal: 17-08-2022 01:05:01 
Duration Download Forstok 13.324882030487 Detik
Duration Looping 500 Data 168.58806800842 Detik 
Total Duration 168.61271500587 Detik 
------------------------- 
Tanggal: 17-08-2022 01:10:02 
Duration Download Forstok 14.778958082199 Detik
Duration Looping 500 Data 154.558355093 Detik 
Total Duration 154.58423805237 Detik 
------------------------- 
Tanggal: 17-08-2022 01:15:01 
Duration Download Forstok 10.500309944153 Detik
Duration Looping 500 Data 153.92555904388 Detik 
Total Duration 153.95100712776 Detik 
------------------------- 
Tanggal: 17-08-2022 01:20:01 
Duration Download Forstok 8.3680639266968 Detik
Duration Looping 500 Data 146.28526186943 Detik 
Total Duration 146.30947899818 Detik 
------------------------- 
Tanggal: 17-08-2022 01:25:01 
Duration Download Forstok 8.3927109241486 Detik
Duration Looping 500 Data 154.0881729126 Detik 
Total Duration 154.11298108101 Detik 
------------------------- 
Tanggal: 17-08-2022 01:30:01 
Duration Download Forstok 13.063275814056 Detik
Duration Looping 500 Data 156.9258389473 Detik 
Total Duration 156.95034503937 Detik 
------------------------- 
Tanggal: 17-08-2022 01:35:01 
Duration Download Forstok 9.4335150718689 Detik
Duration Looping 500 Data 146.06621599197 Detik 
Total Duration 146.09062504768 Detik 
------------------------- 
Tanggal: 17-08-2022 01:40:01 
Duration Download Forstok 11.185375928879 Detik
Duration Looping 500 Data 159.71256709099 Detik 
Total Duration 159.73697304726 Detik 
------------------------- 
Tanggal: 17-08-2022 01:45:01 
Duration Download Forstok 13.007646083832 Detik
Duration Looping 500 Data 150.29773402214 Detik 
Tanggal: 17-08-2022 01:50:01 
Duration Download Forstok 13.310120105743 Detik
Duration Looping 500 Data 153.76417899132 Detik 
Tanggal: 17-08-2022 01:55:01 
Duration Download Forstok 8.6687688827515 Detik
Duration Looping 500 Data 150.82258582115 Detik 
Tanggal: 17-08-2022 02:00:01 
Duration Download Forstok 12.206047058105 Detik
Duration Looping 500 Data 152.15999007225 Detik 
Tanggal: 17-08-2022 02:05:01 
Duration Download Forstok 10.742293119431 Detik
Duration Looping 500 Data 154.6694791317 Detik 
Tanggal: 17-08-2022 02:10:01 
Duration Download Forstok 14.775772094727 Detik
Duration Looping 500 Data 153.58610391617 Detik 
Tanggal: 17-08-2022 02:15:01 
Duration Download Forstok 16.033684968948 Detik
Duration Looping 500 Data 158.08917593956 Detik 
Tanggal: 17-08-2022 02:20:01 
Duration Download Forstok 11.541517019272 Detik
Duration Looping 500 Data 153.2336139679 Detik 
Tanggal: 17-08-2022 02:25:01 
Duration Download Forstok 13.844031095505 Detik
Duration Looping 500 Data 149.3294980526 Detik 
Tanggal: 17-08-2022 02:30:01 
Duration Download Forstok 14.057064056396 Detik
Duration Looping 500 Data 152.22048807144 Detik 
Tanggal: 17-08-2022 02:35:01 
Duration Download Forstok 8.8721029758453 Detik
Duration Looping 500 Data 144.06159687042 Detik 
Tanggal: 17-08-2022 02:40:01 
Duration Download Forstok 10.784059047699 Detik
Duration Looping 500 Data 145.49823403358 Detik 
Tanggal: 17-08-2022 02:45:01 
Duration Download Forstok 13.835819005966 Detik
Duration Looping 500 Data 152.89746499062 Detik 
Tanggal: 17-08-2022 02:50:01 
Duration Download Forstok 10.034015893936 Detik
Duration Looping 500 Data 149.89814186096 Detik 
Tanggal: 17-08-2022 02:55:01 
Duration Download Forstok 8.8587789535522 Detik
Duration Looping 500 Data 154.21727204323 Detik 
Tanggal: 17-08-2022 03:00:01 
Duration Download Forstok 13.911619901657 Detik
Duration Looping 500 Data 154.63233089447 Detik 
Tanggal: 17-08-2022 03:05:01 
Duration Download Forstok 10.841511964798 Detik
Duration Looping 500 Data 147.99909710884 Detik 
Tanggal: 17-08-2022 03:10:01 
Duration Download Forstok 11.488852977753 Detik
Duration Looping 500 Data 146.89107108116 Detik 
Tanggal: 17-08-2022 03:15:01 
Duration Download Forstok 12.551461935043 Detik
Duration Looping 500 Data 146.52162408829 Detik 
Tanggal: 17-08-2022 03:20:02 
Duration Download Forstok 11.024214982986 Detik
Duration Looping 500 Data 150.95018601418 Detik 
Tanggal: 17-08-2022 03:25:01 
Duration Download Forstok 9.5903599262238 Detik
Duration Looping 500 Data 142.47303390503 Detik 
Tanggal: 17-08-2022 03:30:01 
Duration Download Forstok 15.899510860443 Detik
Duration Looping 500 Data 151.02517199516 Detik 
Tanggal: 17-08-2022 03:35:01 
Duration Download Forstok 8.7772071361542 Detik
Duration Looping 500 Data 142.71535801888 Detik 
Tanggal: 17-08-2022 03:40:01 
Duration Download Forstok 15.705108165741 Detik
Duration Looping 500 Data 161.57962203026 Detik 
Tanggal: 17-08-2022 03:45:01 
Duration Download Forstok 13.196429014206 Detik
Duration Looping 500 Data 147.64260292053 Detik 
Tanggal: 17-08-2022 03:50:01 
Duration Download Forstok 15.944470882416 Detik
Duration Looping 500 Data 157.15901207924 Detik 
Tanggal: 17-08-2022 03:55:01 
Duration Download Forstok 9.1450338363647 Detik
Duration Looping 500 Data 155.29979395866 Detik 
Tanggal: 17-08-2022 04:00:01 
Duration Download Forstok 11.849806070328 Detik
Duration Looping 500 Data 157.99441885948 Detik 
Tanggal: 17-08-2022 04:05:01 
Duration Download Forstok 8.630656003952 Detik
Duration Looping 500 Data 146.08118605614 Detik 
Tanggal: 17-08-2022 04:10:01 
Duration Download Forstok 14.29016494751 Detik
Duration Looping 500 Data 166.76768803596 Detik 
Tanggal: 17-08-2022 04:15:01 
Duration Download Forstok 10.928755044937 Detik
Duration Looping 500 Data 152.73865914345 Detik 
Tanggal: 17-08-2022 04:20:01 
Duration Download Forstok 16.66334104538 Detik
Duration Looping 500 Data 153.69511604309 Detik 
Tanggal: 17-08-2022 04:25:01 
Duration Download Forstok 8.864581823349 Detik
Duration Looping 500 Data 143.76772689819 Detik 
Tanggal: 17-08-2022 04:30:01 
Duration Download Forstok 14.165014028549 Detik
Duration Looping 500 Data 157.00098800659 Detik 
Tanggal: 17-08-2022 04:35:01 
Duration Download Forstok 9.7420489788055 Detik
Duration Looping 500 Data 151.04824185371 Detik 
Tanggal: 17-08-2022 04:40:01 
Duration Download Forstok 13.627277851105 Detik
Duration Looping 500 Data 154.41157388687 Detik 
Tanggal: 17-08-2022 04:45:01 
Duration Download Forstok 15.27344083786 Detik
Duration Looping 500 Data 153.28647089005 Detik 
Tanggal: 17-08-2022 04:50:01 
Duration Download Forstok 12.806528806686 Detik
Duration Looping 500 Data 149.3052649498 Detik 
Tanggal: 17-08-2022 04:55:01 
Duration Download Forstok 11.055197000504 Detik
Duration Looping 500 Data 147.48030900955 Detik 
Tanggal: 17-08-2022 05:00:01 
Duration Download Forstok 12.990756034851 Detik
Duration Looping 500 Data 166.34520506859 Detik 
Tanggal: 17-08-2022 05:05:01 
Duration Download Forstok 10.306365966797 Detik
Duration Looping 500 Data 150.98747396469 Detik 
Tanggal: 17-08-2022 05:10:01 
Duration Download Forstok 15.736529111862 Detik
Duration Looping 500 Data 160.52049899101 Detik 
Tanggal: 17-08-2022 05:15:01 
Duration Download Forstok 11.488487005234 Detik
Duration Looping 500 Data 158.05818510056 Detik 
Tanggal: 17-08-2022 05:20:01 
Duration Download Forstok 11.086510181427 Detik
Duration Looping 500 Data 146.32047104836 Detik 
Tanggal: 17-08-2022 05:25:01 
Duration Download Forstok 14.610084056854 Detik
Duration Looping 500 Data 149.62174105644 Detik 
Tanggal: 17-08-2022 05:30:01 
Duration Download Forstok 10.281361103058 Detik
Duration Looping 500 Data 149.70356011391 Detik 
Tanggal: 17-08-2022 05:35:01 
Duration Download Forstok 10.573065042496 Detik
Duration Looping 500 Data 146.10359811783 Detik 
Tanggal: 17-08-2022 05:40:01 
Duration Download Forstok 8.6650149822235 Detik
Duration Looping 500 Data 143.73224496841 Detik 
Tanggal: 17-08-2022 05:45:01 
Duration Download Forstok 13.875205993652 Detik
Duration Looping 500 Data 170.32801795006 Detik 
Tanggal: 17-08-2022 05:50:01 
Duration Download Forstok 10.255532026291 Detik
Duration Looping 500 Data 151.45180082321 Detik 
Tanggal: 17-08-2022 05:55:02 
Duration Download Forstok 8.8331558704376 Detik
Duration Looping 500 Data 147.22138285637 Detik 
Tanggal: 17-08-2022 06:00:01 
Duration Download Forstok 13.465986013412 Detik
Duration Looping 500 Data 159.72357392311 Detik 
Tanggal: 17-08-2022 06:05:01 
Duration Download Forstok 9.9005508422852 Detik
Duration Looping 500 Data 153.75594496727 Detik 
Tanggal: 17-08-2022 06:10:01 
Duration Download Forstok 12.682958126068 Detik
Duration Looping 500 Data 157.77961611748 Detik 
Tanggal: 17-08-2022 06:15:01 
Duration Download Forstok 9.8754639625549 Detik
Duration Looping 500 Data 167.41440296173 Detik 
Tanggal: 17-08-2022 06:20:01 
Duration Download Forstok 9.8801629543304 Detik
Duration Looping 500 Data 146.73147892952 Detik 
Tanggal: 17-08-2022 06:25:01 
Duration Download Forstok 9.0368778705597 Detik
Duration Looping 500 Data 146.91925501823 Detik 
Tanggal: 17-08-2022 06:30:01 
Duration Download Forstok 8.9923210144043 Detik
Duration Looping 500 Data 149.7698071003 Detik 
Tanggal: 17-08-2022 06:35:01 
Duration Download Forstok 9.5137650966644 Detik
Duration Looping 500 Data 151.99162912369 Detik 
Tanggal: 17-08-2022 06:40:01 
Duration Download Forstok 12.392646074295 Detik
Duration Looping 500 Data 157.25215101242 Detik 
Tanggal: 17-08-2022 06:45:01 
Duration Download Forstok 9.4468610286713 Detik
Duration Looping 500 Data 150.11382484436 Detik 
Tanggal: 17-08-2022 06:50:01 
Duration Download Forstok 13.306155920029 Detik
Duration Looping 500 Data 159.50498509407 Detik 
Tanggal: 17-08-2022 06:55:01 
Duration Download Forstok 7.9528849124908 Detik
Duration Looping 500 Data 151.29076099396 Detik 
Tanggal: 17-08-2022 07:00:01 
Duration Download Forstok 10.706737041473 Detik
Duration Looping 500 Data 162.52483296394 Detik 
Tanggal: 17-08-2022 07:05:01 
Duration Download Forstok 10.060470104218 Detik
Duration Looping 500 Data 150.64244699478 Detik 
Tanggal: 17-08-2022 07:10:01 
Duration Download Forstok 12.383718967438 Detik
Duration Looping 500 Data 152.59030604362 Detik 
Tanggal: 17-08-2022 07:15:01 
Duration Download Forstok 15.490176200867 Detik
Duration Looping 500 Data 157.79768610001 Detik 
Tanggal: 17-08-2022 07:20:01 
Duration Download Forstok 23.435430049896 Detik
Duration Looping 500 Data 169.71452403069 Detik 
Tanggal: 17-08-2022 07:25:01 
Duration Download Forstok 9.1104519367218 Detik
Duration Looping 500 Data 158.16476988792 Detik 
Tanggal: 17-08-2022 07:30:01 
Duration Download Forstok 14.270322084427 Detik
Duration Looping 500 Data 150.5332801342 Detik 
Tanggal: 17-08-2022 07:35:01 
Duration Download Forstok 11.833414077759 Detik
Duration Looping 500 Data 162.62088990211 Detik 
Tanggal: 17-08-2022 07:40:01 
Duration Download Forstok 13.427556991577 Detik
Duration Looping 500 Data 149.30019617081 Detik 
Tanggal: 17-08-2022 07:45:01 
Duration Download Forstok 10.320571184158 Detik
Duration Looping 500 Data 155.84075808525 Detik 
Tanggal: 17-08-2022 07:50:01 
Duration Download Forstok 15.442745923996 Detik
Duration Looping 500 Data 155.09866309166 Detik 
Tanggal: 17-08-2022 07:55:01 
Duration Download Forstok 8.8357288837433 Detik
Duration Looping 500 Data 157.95326805115 Detik 
Tanggal: 17-08-2022 08:00:01 
Duration Download Forstok 15.050810098648 Detik
Duration Looping 500 Data 160.03143811226 Detik 
Tanggal: 17-08-2022 08:05:01 
Duration Download Forstok 13.059484958649 Detik
Duration Looping 500 Data 154.23700404167 Detik 
Tanggal: 17-08-2022 08:10:01 
Duration Download Forstok 10.604844093323 Detik
Duration Looping 500 Data 152.62903094292 Detik 
Tanggal: 17-08-2022 08:15:01 
Duration Download Forstok 12.657984972 Detik
Duration Looping 500 Data 154.02905488014 Detik 
Tanggal: 17-08-2022 08:20:01 
Duration Download Forstok 8.4025089740753 Detik
Duration Looping 500 Data 147.02596116066 Detik 
Tanggal: 17-08-2022 08:25:01 
Duration Download Forstok 9.017539024353 Detik
Duration Looping 500 Data 181.12122106552 Detik 
Tanggal: 17-08-2022 08:30:01 
Duration Download Forstok 15.510999917984 Detik
Duration Looping 500 Data 155.97607493401 Detik 
Tanggal: 17-08-2022 08:35:01 
Duration Download Forstok 11.414098978043 Detik
Duration Looping 500 Data 147.12324213982 Detik 
Tanggal: 17-08-2022 08:40:01 
Duration Download Forstok 9.7070949077606 Detik
Duration Looping 500 Data 157.323584795 Detik 
Tanggal: 17-08-2022 08:45:01 
Duration Download Forstok 9.6268489360809 Detik
Duration Looping 500 Data 151.19771909714 Detik 
Tanggal: 17-08-2022 08:50:01 
Duration Download Forstok 13.917783975601 Detik
Duration Looping 500 Data 159.58707809448 Detik 
Tanggal: 17-08-2022 08:55:01 
Duration Download Forstok 11.250392913818 Detik
Duration Looping 500 Data 146.56548404694 Detik 
Tanggal: 17-08-2022 09:00:01 
Duration Download Forstok 12.488517045975 Detik
Duration Looping 500 Data 149.52938199043 Detik 
Tanggal: 17-08-2022 09:05:01 
Duration Download Forstok 14.597990036011 Detik
Duration Looping 500 Data 151.38498401642 Detik 
Tanggal: 17-08-2022 09:10:01 
Duration Download Forstok 9.1426908969879 Detik
Duration Looping 500 Data 146.74772691727 Detik 
Tanggal: 17-08-2022 09:15:01 
Duration Download Forstok 13.250569105148 Detik
Duration Looping 500 Data 151.51618599892 Detik 
Tanggal: 17-08-2022 09:20:01 
Duration Download Forstok 14.112844944 Detik
Duration Looping 500 Data 155.88954210281 Detik 
Tanggal: 17-08-2022 09:25:01 
Duration Download Forstok 9.5002110004425 Detik
Duration Looping 500 Data 152.2442779541 Detik 
Tanggal: 17-08-2022 09:30:01 
Duration Download Forstok 14.605521917343 Detik
Duration Looping 500 Data 153.64110898972 Detik 
Tanggal: 17-08-2022 09:35:01 
Duration Download Forstok 9.7135438919067 Detik
Duration Looping 500 Data 147.70797181129 Detik 
Tanggal: 17-08-2022 09:40:01 
Duration Download Forstok 11.268681049347 Detik
Duration Looping 500 Data 158.85750699043 Detik 
Tanggal: 17-08-2022 09:45:01 
Duration Download Forstok 10.89614200592 Detik
Duration Looping 500 Data 152.57093405724 Detik 
Tanggal: 17-08-2022 09:50:02 
Duration Download Forstok 9.9475080966949 Detik
Duration Looping 500 Data 151.72064304352 Detik 
Tanggal: 17-08-2022 09:55:01 
Duration Download Forstok 9.0135090351105 Detik
Duration Looping 500 Data 154.00937700272 Detik 
Tanggal: 17-08-2022 10:00:01 
Duration Download Forstok 14.850283145905 Detik
Duration Looping 500 Data 156.79140615463 Detik 
Tanggal: 17-08-2022 10:05:01 
Duration Download Forstok 12.145331859589 Detik
Duration Looping 500 Data 151.83522200584 Detik 
Tanggal: 17-08-2022 10:10:01 
Duration Download Forstok 17.37325501442 Detik
Duration Looping 500 Data 161.32048082352 Detik 
Tanggal: 17-08-2022 10:15:01 
Duration Download Forstok 9.436448097229 Detik
Duration Looping 500 Data 156.06498908997 Detik 
Tanggal: 17-08-2022 10:20:01 
Duration Download Forstok 17.55331993103 Detik
Duration Looping 500 Data 159.10219788551 Detik 
Tanggal: 17-08-2022 10:25:01 
Duration Download Forstok 14.508705854416 Detik
Duration Looping 500 Data 156.09086489677 Detik 
Tanggal: 17-08-2022 10:30:01 
Duration Download Forstok 13.19705414772 Detik
Duration Looping 500 Data 158.33999609947 Detik 
Tanggal: 17-08-2022 10:35:01 
Duration Download Forstok 8.7107799053192 Detik
Duration Looping 500 Data 149.00817394257 Detik 
Tanggal: 17-08-2022 10:40:02 
Duration Download Forstok 11.634379863739 Detik
Duration Looping 500 Data 154.49607586861 Detik 
Tanggal: 17-08-2022 10:45:01 
Duration Download Forstok 14.477963924408 Detik
Duration Looping 500 Data 158.67680692673 Detik 
Tanggal: 17-08-2022 10:50:01 
Duration Download Forstok 11.059458017349 Detik
Duration Looping 500 Data 154.33368515968 Detik 
Tanggal: 17-08-2022 10:55:01 
Duration Download Forstok 9.4799959659576 Detik
Duration Looping 500 Data 152.69985604286 Detik 
Tanggal: 17-08-2022 11:00:01 
Duration Download Forstok 12.157598018646 Detik
Duration Looping 500 Data 160.46303200722 Detik 
Tanggal: 17-08-2022 11:05:01 
Duration Download Forstok 10.856774806976 Detik
Duration Looping 500 Data 160.41944980621 Detik 
Tanggal: 17-08-2022 11:10:01 
Duration Download Forstok 9.3520629405975 Detik
Duration Looping 500 Data 152.90237092972 Detik 
Tanggal: 17-08-2022 11:15:01 
Duration Download Forstok 11.863088130951 Detik
Duration Looping 500 Data 155.54421401024 Detik 
Tanggal: 17-08-2022 11:20:01 
Duration Download Forstok 8.1491439342499 Detik
Duration Looping 500 Data 163.51280283928 Detik 
Tanggal: 17-08-2022 11:25:01 
Duration Download Forstok 11.090523004532 Detik
Duration Looping 500 Data 161.69179296494 Detik 
Tanggal: 17-08-2022 11:30:01 
Duration Download Forstok 11.192367076874 Detik
Duration Looping 500 Data 152.87887310982 Detik 
Tanggal: 17-08-2022 11:35:01 
Duration Download Forstok 14.597098112106 Detik
Duration Looping 500 Data 153.2054309845 Detik 
Tanggal: 17-08-2022 11:40:02 
Duration Download Forstok 12.284404039383 Detik
Duration Looping 500 Data 159.73246908188 Detik 
Tanggal: 17-08-2022 11:45:01 
Duration Download Forstok 11.86834692955 Detik
Duration Looping 500 Data 159.31230401993 Detik 
Tanggal: 17-08-2022 11:50:01 
Duration Download Forstok 10.336040973663 Detik
Duration Looping 500 Data 160.24947214127 Detik 
Tanggal: 17-08-2022 11:55:01 
Duration Download Forstok 8.7589030265808 Detik
Duration Looping 500 Data 155.05597901344 Detik 
Tanggal: 17-08-2022 12:00:01 
Duration Download Forstok 13.04979300499 Detik
Duration Looping 500 Data 157.65780210495 Detik 
Tanggal: 17-08-2022 12:05:01 
Duration Download Forstok 10.505439043045 Detik
Duration Looping 500 Data 167.04037499428 Detik 
Tanggal: 17-08-2022 12:10:01 
Duration Download Forstok 14.019601821899 Detik
Duration Looping 500 Data 159.82156586647 Detik 
Tanggal: 17-08-2022 12:15:01 
Duration Download Forstok 12.689357995987 Detik
Duration Looping 500 Data 159.76919817924 Detik 
Tanggal: 17-08-2022 12:20:01 
Duration Download Forstok 9.0407979488373 Detik
Duration Looping 500 Data 159.35508799553 Detik 
Tanggal: 17-08-2022 12:25:01 
Duration Download Forstok 14.654072999954 Detik
Duration Looping 500 Data 171.09054613113 Detik 
Tanggal: 17-08-2022 12:30:01 
Duration Download Forstok 11.151739120483 Detik
Duration Looping 500 Data 159.97336411476 Detik 
Tanggal: 17-08-2022 12:35:01 
Duration Download Forstok 9.1804649829865 Detik
Duration Looping 500 Data 154.38817596436 Detik 
Tanggal: 17-08-2022 12:40:01 
Duration Download Forstok 9.2956140041351 Detik
Duration Looping 500 Data 161.26051783562 Detik 
Tanggal: 17-08-2022 12:45:01 
Duration Download Forstok 15.998262882233 Detik
Duration Looping 500 Data 168.53855705261 Detik 
Tanggal: 17-08-2022 12:50:01 
Duration Download Forstok 13.763802051544 Detik
Duration Looping 500 Data 161.53866386414 Detik 
Tanggal: 17-08-2022 12:55:01 
Duration Download Forstok 12.803820848465 Detik
Duration Looping 500 Data 160.08683991432 Detik 
Tanggal: 17-08-2022 13:00:01 
Duration Download Forstok 10.559891939163 Detik
Duration Looping 500 Data 156.04323792458 Detik 
Tanggal: 17-08-2022 13:05:01 
Duration Download Forstok 9.4466300010681 Detik
Duration Looping 500 Data 157.53625392914 Detik 
Tanggal: 17-08-2022 13:10:01 
Duration Download Forstok 15.304749011993 Detik
Duration Looping 500 Data 166.59041810036 Detik 
Tanggal: 17-08-2022 13:15:01 
Duration Download Forstok 16.959950208664 Detik
Duration Looping 500 Data 164.34244799614 Detik 
Tanggal: 17-08-2022 13:20:01 
Duration Download Forstok 11.823025941849 Detik
Duration Looping 500 Data 155.27139401436 Detik 
Tanggal: 17-08-2022 13:25:01 
Duration Download Forstok 8.3485531806946 Detik
Duration Looping 500 Data 157.78281402588 Detik 
Tanggal: 17-08-2022 13:30:01 
Duration Download Forstok 11.754561901093 Detik
Duration Looping 500 Data 160.82916998863 Detik 
Tanggal: 17-08-2022 13:35:01 
Duration Download Forstok 12.357758998871 Detik
Duration Looping 500 Data 155.55643892288 Detik 
Tanggal: 17-08-2022 13:40:01 
Duration Download Forstok 9.1807079315186 Detik
Duration Looping 500 Data 159.11691188812 Detik 
Tanggal: 17-08-2022 13:45:01 
Duration Download Forstok 12.863296985626 Detik
Duration Looping 500 Data 161.29241585732 Detik 
Tanggal: 17-08-2022 13:50:01 
Duration Download Forstok 13.260028839111 Detik
Duration Looping 500 Data 158.91035580635 Detik 
Tanggal: 17-08-2022 13:55:01 
Duration Download Forstok 12.578669071198 Detik
Duration Looping 500 Data 154.52979898453 Detik 
Tanggal: 17-08-2022 14:00:01 
Duration Download Forstok 11.551656961441 Detik
Duration Looping 500 Data 162.82514500618 Detik 
Tanggal: 17-08-2022 14:05:01 
Duration Download Forstok 10.780806064606 Detik
Duration Looping 500 Data 155.01073312759 Detik 
Tanggal: 17-08-2022 14:10:02 
Duration Download Forstok 15.888823986053 Detik
Duration Looping 500 Data 158.38962507248 Detik 
Tanggal: 17-08-2022 14:15:01 
Duration Download Forstok 14.593331813812 Detik
Duration Looping 500 Data 159.28532791138 Detik 
Tanggal: 17-08-2022 14:20:01 
Duration Download Forstok 9.757532119751 Detik
Duration Looping 500 Data 154.43803191185 Detik 
Tanggal: 17-08-2022 14:25:01 
Duration Download Forstok 9.0190651416779 Detik
Duration Looping 500 Data 160.36668896675 Detik 
Tanggal: 17-08-2022 14:30:01 
Duration Download Forstok 12.995004892349 Detik
Duration Looping 500 Data 167.11280298233 Detik 
Tanggal: 17-08-2022 14:35:01 
Duration Download Forstok 9.8621170520782 Detik
Duration Looping 500 Data 161.61073803902 Detik 
Tanggal: 17-08-2022 14:40:01 
Duration Download Forstok 23.008063077927 Detik
Duration Looping 500 Data 173.68631911278 Detik 
Tanggal: 17-08-2022 14:45:01 
Duration Download Forstok 12.329575061798 Detik
Duration Looping 500 Data 159.6757941246 Detik 
Tanggal: 17-08-2022 14:50:01 
Duration Download Forstok 11.706437110901 Detik
Duration Looping 500 Data 161.91051506996 Detik 
Tanggal: 17-08-2022 14:55:01 
Duration Download Forstok 8.4263098239899 Detik
Duration Looping 500 Data 169.94191789627 Detik 
Tanggal: 17-08-2022 15:00:01 
Duration Download Forstok 10.89877986908 Detik
Duration Looping 500 Data 166.07316303253 Detik 
Tanggal: 17-08-2022 15:05:01 
Duration Download Forstok 10.064782142639 Detik
Duration Looping 500 Data 156.55555510521 Detik 
Tanggal: 17-08-2022 15:10:01 
Duration Download Forstok 10.832714080811 Detik
Duration Looping 500 Data 163.79029798508 Detik 
Tanggal: 17-08-2022 15:15:01 
Duration Download Forstok 10.663872003555 Detik
Duration Looping 500 Data 157.95740318298 Detik 
Tanggal: 17-08-2022 15:20:01 
Duration Download Forstok 13.81852388382 Detik
Duration Looping 500 Data 169.27472710609 Detik 
Tanggal: 17-08-2022 15:25:01 
Duration Download Forstok 11.456290006638 Detik
Duration Looping 500 Data 165.77407193184 Detik 
Tanggal: 17-08-2022 15:30:01 
Duration Download Forstok 11.740175962448 Detik
Duration Looping 500 Data 161.88265585899 Detik 
Tanggal: 17-08-2022 15:35:01 
Duration Download Forstok 15.012908935547 Detik
Duration Looping 500 Data 176.04497599602 Detik 
Tanggal: 17-08-2022 15:40:01 
Duration Download Forstok 9.6785171031952 Detik
Duration Looping 500 Data 159.87515997887 Detik 
Tanggal: 17-08-2022 15:45:01 
Duration Download Forstok 11.134910106659 Detik
Duration Looping 500 Data 158.00069999695 Detik 
Tanggal: 17-08-2022 15:50:01 
Duration Download Forstok 12.024702787399 Detik
Duration Looping 500 Data 164.68556284904 Detik 
Tanggal: 17-08-2022 15:55:01 
Duration Download Forstok 10.093466043472 Detik
Duration Looping 500 Data 157.60911989212 Detik 
Tanggal: 17-08-2022 16:00:01 
Duration Download Forstok 18.498203992844 Detik
Duration Looping 500 Data 167.91764092445 Detik 
Tanggal: 17-08-2022 16:05:01 
Duration Download Forstok 11.473685979843 Detik
Duration Looping 500 Data 161.19038295746 Detik 
Tanggal: 17-08-2022 16:10:01 
Duration Download Forstok 10.994344949722 Detik
Duration Looping 500 Data 159.03643608093 Detik 
Tanggal: 17-08-2022 16:15:01 
Duration Download Forstok 12.181173086166 Detik
Duration Looping 500 Data 158.37223505974 Detik 
Tanggal: 17-08-2022 16:20:02 
Duration Download Forstok 12.8449010849 Detik
Duration Looping 500 Data 166.60146808624 Detik 
Tanggal: 17-08-2022 16:25:01 
Duration Download Forstok 14.830098152161 Detik
Duration Looping 500 Data 178.95929408073 Detik 
Tanggal: 17-08-2022 16:30:01 
Duration Download Forstok 11.725165843964 Detik
Duration Looping 500 Data 157.72450590134 Detik 
Tanggal: 17-08-2022 16:35:01 
Duration Download Forstok 10.328500032425 Detik
Duration Looping 500 Data 166.08505010605 Detik 
Tanggal: 17-08-2022 16:40:01 
Duration Download Forstok 13.393540859222 Detik
Duration Looping 500 Data 172.46199679375 Detik 
Tanggal: 17-08-2022 16:45:01 
Duration Download Forstok 13.937297821045 Detik
Duration Looping 500 Data 161.98401784897 Detik 
Tanggal: 17-08-2022 16:50:01 
Duration Download Forstok 18.520132064819 Detik
Duration Looping 500 Data 163.33801817894 Detik 
Tanggal: 17-08-2022 16:55:01 
Duration Download Forstok 10.989362001419 Detik
Duration Looping 500 Data 159.62608599663 Detik 
Tanggal: 17-08-2022 17:00:01 
Duration Download Forstok 12.963639974594 Detik
Duration Looping 500 Data 167.39297389984 Detik 
Tanggal: 17-08-2022 17:05:01 
Duration Download Forstok 12.903734922409 Detik
Duration Looping 500 Data 162.2410068512 Detik 
Tanggal: 17-08-2022 17:10:01 
Duration Download Forstok 14.690173149109 Detik
Duration Looping 500 Data 160.28376317024 Detik 
Tanggal: 17-08-2022 17:15:01 
Duration Download Forstok 13.501159906387 Detik
Duration Looping 500 Data 165.50310897827 Detik 
Tanggal: 17-08-2022 17:20:01 
Duration Download Forstok 11.730387210846 Detik
Duration Looping 500 Data 165.30946922302 Detik 
Tanggal: 17-08-2022 17:25:01 
Duration Download Forstok 10.4454600811 Detik
Duration Looping 500 Data 163.60812401772 Detik 
Tanggal: 17-08-2022 17:30:01 
Duration Download Forstok 12.599482059479 Detik
Duration Looping 500 Data 168.09575104713 Detik 
Tanggal: 17-08-2022 17:35:01 
Duration Download Forstok 12.413185834885 Detik
Duration Looping 500 Data 161.21347784996 Detik 
Tanggal: 17-08-2022 17:40:01 
Duration Download Forstok 13.784571886063 Detik
Duration Looping 500 Data 162.2936630249 Detik 
Tanggal: 17-08-2022 17:45:01 
Duration Download Forstok 14.257541179657 Detik
Duration Looping 500 Data 165.52818703651 Detik 
Tanggal: 17-08-2022 17:50:01 
Duration Download Forstok 12.011682033539 Detik
Duration Looping 500 Data 164.01695895195 Detik 
Tanggal: 17-08-2022 17:55:01 
Duration Download Forstok 14.947749137878 Detik
Duration Looping 500 Data 165.01721596718 Detik 
Tanggal: 17-08-2022 18:00:01 
Duration Download Forstok 16.001988887787 Detik
Duration Looping 500 Data 167.12665987015 Detik 
Tanggal: 17-08-2022 18:05:01 
Duration Download Forstok 14.130127191544 Detik
Duration Looping 500 Data 171.91449117661 Detik 
Tanggal: 17-08-2022 18:10:01 
Duration Download Forstok 13.49032497406 Detik
Duration Looping 500 Data 179.50019598007 Detik 
Tanggal: 17-08-2022 18:15:02 
Duration Download Forstok 21.479654073715 Detik
Duration Looping 500 Data 179.8766040802 Detik 
Tanggal: 17-08-2022 18:20:01 
Duration Download Forstok 20.893550872803 Detik
Duration Looping 500 Data 190.08912205696 Detik 
Tanggal: 17-08-2022 18:25:01 
Duration Download Forstok 16.005975008011 Detik
Duration Looping 500 Data 162.02027106285 Detik 
Tanggal: 17-08-2022 18:30:01 
Duration Download Forstok 15.472141027451 Detik
Duration Looping 500 Data 173.06787514687 Detik 
Tanggal: 17-08-2022 18:35:02 
Duration Download Forstok 18.394515037537 Detik
Duration Looping 500 Data 169.38734507561 Detik 
Tanggal: 17-08-2022 18:40:01 
Duration Download Forstok 13.672297954559 Detik
Duration Looping 500 Data 173.20056891441 Detik 
Tanggal: 17-08-2022 18:45:01 
Duration Download Forstok 20.473683834076 Detik
Duration Looping 500 Data 169.06338882446 Detik 
Tanggal: 17-08-2022 18:50:01 
Duration Download Forstok 12.239555120468 Detik
Duration Looping 500 Data 163.76241111755 Detik 
Tanggal: 17-08-2022 18:55:01 
Duration Download Forstok 18.559121131897 Detik
Duration Looping 500 Data 171.31325006485 Detik 
Tanggal: 17-08-2022 19:00:01 
Duration Download Forstok 14.837347984314 Detik
Duration Looping 500 Data 169.60802292824 Detik 
Tanggal: 17-08-2022 19:05:01 
Duration Download Forstok 14.098259925842 Detik
Duration Looping 500 Data 168.05958104134 Detik 
Tanggal: 17-08-2022 19:10:01 
Duration Download Forstok 14.143686056137 Detik
Duration Looping 500 Data 167.07976007462 Detik 
Tanggal: 17-08-2022 19:15:01 
Duration Download Forstok 20.423690080643 Detik
Duration Looping 500 Data 170.95488500595 Detik 
Tanggal: 17-08-2022 19:20:01 
Duration Download Forstok 20.160666942596 Detik
Duration Looping 500 Data 173.65440201759 Detik 
Tanggal: 17-08-2022 19:25:01 
Duration Download Forstok 10.516341924667 Detik
Duration Looping 500 Data 163.0420320034 Detik 
Tanggal: 17-08-2022 19:30:01 
Duration Download Forstok 15.196995973587 Detik
Duration Looping 500 Data 173.64435195923 Detik 
Tanggal: 17-08-2022 19:35:02 
Duration Download Forstok 13.002151012421 Detik
Duration Looping 500 Data 162.67246890068 Detik 
Tanggal: 17-08-2022 19:40:01 
Duration Download Forstok 15.437997102737 Detik
Duration Looping 500 Data 164.94179701805 Detik 
Tanggal: 17-08-2022 19:45:01 
Duration Download Forstok 13.111918210983 Detik
Duration Looping 500 Data 161.86010718346 Detik 
Tanggal: 17-08-2022 19:50:01 
Duration Download Forstok 13.927273035049 Detik
Duration Looping 500 Data 179.15359091759 Detik 
Tanggal: 17-08-2022 19:55:01 
Duration Download Forstok 12.491722106934 Detik
Duration Looping 500 Data 177.20902109146 Detik 
Tanggal: 17-08-2022 20:00:02 
Duration Download Forstok 18.438163995743 Detik
Duration Looping 500 Data 166.82219195366 Detik 
Tanggal: 17-08-2022 20:05:01 
Duration Download Forstok 10.592576026917 Detik
Duration Looping 500 Data 165.5487549305 Detik 
Tanggal: 17-08-2022 20:10:01 
Duration Download Forstok 13.458480834961 Detik
Duration Looping 500 Data 166.52709102631 Detik 
Tanggal: 17-08-2022 20:15:01 
Duration Download Forstok 14.616186857224 Detik
Duration Looping 500 Data 164.78277993202 Detik 
Tanggal: 17-08-2022 20:20:01 
Duration Download Forstok 15.168361902237 Detik
Duration Looping 500 Data 165.45835494995 Detik 
Tanggal: 17-08-2022 20:25:01 
Duration Download Forstok 15.787980079651 Detik
Duration Looping 500 Data 163.04181313515 Detik 
Tanggal: 17-08-2022 20:30:01 
Duration Download Forstok 13.952203989029 Detik
Duration Looping 500 Data 162.86247014999 Detik 
Tanggal: 17-08-2022 20:35:01 
Duration Download Forstok 12.200239181519 Detik
Duration Looping 500 Data 163.60248613358 Detik 
Tanggal: 17-08-2022 20:40:01 
Duration Download Forstok 13.038692951202 Detik
Duration Looping 500 Data 159.15333604813 Detik 
Tanggal: 17-08-2022 20:45:01 
Duration Download Forstok 16.061735868454 Detik
Duration Looping 500 Data 164.26181983948 Detik 
Tanggal: 17-08-2022 20:50:01 
Duration Download Forstok 12.000123023987 Detik
Duration Looping 500 Data 167.29875206947 Detik 
Tanggal: 17-08-2022 20:55:01 
Duration Download Forstok 11.495818138123 Detik
Duration Looping 500 Data 172.13512301445 Detik 
Tanggal: 17-08-2022 21:00:01 
Duration Download Forstok 18.379321098328 Detik
Duration Looping 500 Data 172.52331209183 Detik 
Tanggal: 17-08-2022 21:05:01 
Duration Download Forstok 12.243035078049 Detik
Duration Looping 500 Data 159.79047489166 Detik 
Tanggal: 17-08-2022 21:10:01 
Duration Download Forstok 13.805963993073 Detik
Duration Looping 500 Data 168.26272916794 Detik 
Tanggal: 17-08-2022 21:15:01 
Duration Download Forstok 17.949277162552 Detik
Duration Looping 500 Data 177.20502901077 Detik 
Tanggal: 17-08-2022 21:20:01 
Duration Download Forstok 29.455981969833 Detik
Duration Looping 500 Data 177.17568707466 Detik 
Tanggal: 17-08-2022 21:25:01 
Duration Download Forstok 16.408087015152 Detik
Duration Looping 500 Data 168.03508591652 Detik 
Tanggal: 17-08-2022 21:30:01 
Duration Download Forstok 17.105645895004 Detik
Duration Looping 500 Data 166.46697592735 Detik 
Tanggal: 17-08-2022 21:35:01 
Duration Download Forstok 19.353830814362 Detik
Duration Looping 500 Data 166.86402988434 Detik 
Tanggal: 17-08-2022 21:40:01 
Duration Download Forstok 21.798211812973 Detik
Duration Looping 500 Data 177.0122590065 Detik 
Tanggal: 17-08-2022 21:45:01 
Duration Download Forstok 16.313200950623 Detik
Duration Looping 500 Data 170.78441095352 Detik 
Tanggal: 17-08-2022 21:50:01 
Duration Download Forstok 13.589976072311 Detik
Duration Looping 500 Data 167.9788339138 Detik 
Tanggal: 17-08-2022 21:55:01 
Duration Download Forstok 12.278531074524 Detik
Duration Looping 500 Data 159.58275508881 Detik 
Tanggal: 17-08-2022 22:00:01 
Duration Download Forstok 30.474656105042 Detik
Duration Looping 500 Data 180.27260112762 Detik 
Tanggal: 17-08-2022 22:05:01 
Duration Download Forstok 14.562345027924 Detik
Duration Looping 500 Data 162.71209192276 Detik 
Tanggal: 17-08-2022 22:10:01 
Duration Download Forstok 11.357929944992 Detik
Duration Looping 500 Data 162.98130512238 Detik 
Tanggal: 17-08-2022 22:15:02 
Duration Download Forstok 18.906965970993 Detik
Duration Looping 500 Data 176.07270884514 Detik 
Tanggal: 17-08-2022 22:20:01 
Duration Download Forstok 22.16348195076 Detik
Duration Looping 500 Data 181.17746496201 Detik 
Tanggal: 17-08-2022 22:25:01 
Duration Download Forstok 12.974188089371 Detik
Duration Looping 500 Data 165.35581898689 Detik 
Tanggal: 17-08-2022 22:30:01 
Duration Download Forstok 20.222576141357 Detik
Duration Looping 500 Data 171.53331899643 Detik 
Tanggal: 17-08-2022 22:35:01 
Duration Download Forstok 12.126648902893 Detik
Duration Looping 500 Data 165.1315279007 Detik 
Tanggal: 17-08-2022 22:40:01 
Duration Download Forstok 14.118046045303 Detik
Duration Looping 500 Data 163.02673006058 Detik 
Tanggal: 17-08-2022 22:45:01 
Duration Download Forstok 18.504463911057 Detik
Duration Looping 500 Data 164.19407391548 Detik 
Tanggal: 17-08-2022 22:50:01 
Duration Download Forstok 11.434529066086 Detik
Duration Looping 500 Data 164.4626531601 Detik 
Tanggal: 17-08-2022 22:55:01 
Duration Download Forstok 10.751377105713 Detik
Duration Looping 500 Data 155.55619001389 Detik 
Tanggal: 17-08-2022 23:00:01 
Duration Download Forstok 16.152031183243 Detik
Duration Looping 500 Data 162.22662401199 Detik 
Tanggal: 17-08-2022 23:05:01 
Duration Download Forstok 14.479905843735 Detik
Duration Looping 500 Data 162.12406396866 Detik 
Tanggal: 17-08-2022 23:10:01 
Duration Download Forstok 16.056433916092 Detik
Duration Looping 500 Data 157.08744597435 Detik 
Tanggal: 17-08-2022 23:15:01 
Duration Download Forstok 17.539084911346 Detik
Duration Looping 500 Data 176.72878503799 Detik 
Tanggal: 17-08-2022 23:20:01 
Duration Download Forstok 12.237986803055 Detik
Duration Looping 500 Data 163.21459889412 Detik 
Tanggal: 17-08-2022 23:25:01 
Duration Download Forstok 10.060643911362 Detik
Duration Looping 500 Data 151.49889707565 Detik 
Tanggal: 17-08-2022 23:30:01 
Duration Download Forstok 16.707648992538 Detik
Duration Looping 500 Data 176.69777798653 Detik 
Tanggal: 17-08-2022 23:35:01 
Duration Download Forstok 10.138376951218 Detik
Duration Looping 500 Data 151.43249797821 Detik 
Tanggal: 17-08-2022 23:40:01 
Duration Download Forstok 11.670881986618 Detik
Duration Looping 500 Data 161.37206196785 Detik 
Tanggal: 17-08-2022 23:45:01 
Duration Download Forstok 20.053108930588 Detik
Duration Looping 500 Data 168.3666908741 Detik 
Tanggal: 17-08-2022 23:50:01 
Duration Download Forstok 11.009294033051 Detik
Duration Looping 500 Data 150.72270202637 Detik 
Tanggal: 17-08-2022 23:55:01 
Duration Download Forstok 12.922677993774 Detik
Duration Looping 500 Data 155.09920907021 Detik 
