Tanggal: 22-06-2022 00:00:01 
Duration Download Forstok 10.517526865005 Detik
Duration Looping 500 Data 663.81971502304 Detik 
Total Duration 663.84364104271 Detik 
------------------------- 
Tanggal: 22-06-2022 00:15:01 
Duration Download Forstok 16.184463024139 Detik
Duration Looping 500 Data 166.16917395592 Detik 
Total Duration 166.19474005699 Detik 
------------------------- 
Tanggal: 22-06-2022 00:20:01 
Duration Download Forstok 13.763685941696 Detik
Duration Looping 500 Data 179.71878695488 Detik 
Total Duration 179.74266791344 Detik 
------------------------- 
Tanggal: 22-06-2022 00:25:01 
Duration Download Forstok 9.5055961608887 Detik
Duration Looping 500 Data 147.66258406639 Detik 
Total Duration 147.68754816055 Detik 
------------------------- 
Tanggal: 22-06-2022 00:30:01 
Duration Download Forstok 9.88174700737 Detik
Duration Looping 500 Data 144.93448901176 Detik 
Total Duration 144.9573340416 Detik 
------------------------- 
Tanggal: 22-06-2022 00:35:01 
Duration Download Forstok 16.868450164795 Detik
Duration Looping 500 Data 156.90571117401 Detik 
Total Duration 156.93118715286 Detik 
------------------------- 
Tanggal: 22-06-2022 00:40:01 
Duration Download Forstok 10.995630979538 Detik
Duration Looping 500 Data 166.27603697777 Detik 
Total Duration 166.30126285553 Detik 
------------------------- 
Tanggal: 22-06-2022 00:45:01 
Duration Download Forstok 17.653959989548 Detik
Duration Looping 500 Data 156.71237301826 Detik 
Total Duration 156.73665881157 Detik 
------------------------- 
Tanggal: 22-06-2022 00:50:01 
Duration Download Forstok 13.360145807266 Detik
Duration Looping 500 Data 171.59303283691 Detik 
Total Duration 171.61596298218 Detik 
------------------------- 
Tanggal: 22-06-2022 00:55:01 
Duration Download Forstok 11.667370080948 Detik
Duration Looping 500 Data 155.35947799683 Detik 
Total Duration 155.38459610939 Detik 
------------------------- 
Tanggal: 22-06-2022 01:00:01 
Duration Download Forstok 13.53851890564 Detik
Duration Looping 500 Data 145.88204288483 Detik 
Total Duration 145.90375590324 Detik 
------------------------- 
Tanggal: 22-06-2022 01:05:01 
Duration Download Forstok 20.002617835999 Detik
Duration Looping 500 Data 152.70626187325 Detik 
Total Duration 152.73038387299 Detik 
------------------------- 
Tanggal: 22-06-2022 01:10:01 
Duration Download Forstok 22.187324047089 Detik
Duration Looping 500 Data 158.52313017845 Detik 
Total Duration 158.5461871624 Detik 
------------------------- 
Tanggal: 22-06-2022 01:15:01 
Duration Download Forstok 12.784691095352 Detik
Duration Looping 500 Data 144.87760996819 Detik 
Total Duration 144.90496206284 Detik 
------------------------- 
Tanggal: 22-06-2022 01:20:01 
Duration Download Forstok 15.9915599823 Detik
Duration Looping 500 Data 151.43040895462 Detik 
Total Duration 151.45323991776 Detik 
------------------------- 
Tanggal: 22-06-2022 01:25:01 
Duration Download Forstok 11.828063964844 Detik
Duration Looping 500 Data 141.49051690102 Detik 
Total Duration 141.51447796822 Detik 
------------------------- 
Tanggal: 22-06-2022 01:30:01 
Duration Download Forstok 12.257323980331 Detik
Duration Looping 500 Data 144.8760638237 Detik 
Total Duration 144.89767193794 Detik 
------------------------- 
Tanggal: 22-06-2022 01:35:01 
Duration Download Forstok 18.69372010231 Detik
Duration Looping 500 Data 146.48637199402 Detik 
Total Duration 146.50922107697 Detik 
------------------------- 
Tanggal: 22-06-2022 01:40:01 
Duration Download Forstok 11.71481013298 Detik
Duration Looping 500 Data 154.24829816818 Detik 
Total Duration 154.27094912529 Detik 
------------------------- 
Tanggal: 22-06-2022 01:45:01 
Duration Download Forstok 15.831454992294 Detik
Duration Looping 500 Data 144.96189594269 Detik 
Total Duration 144.98776602745 Detik 
------------------------- 
Tanggal: 22-06-2022 01:50:01 
Duration Download Forstok 18.880172967911 Detik
Duration Looping 500 Data 147.68392801285 Detik 
Total Duration 147.70565605164 Detik 
------------------------- 
Tanggal: 22-06-2022 01:55:02 
Duration Download Forstok 10.472127199173 Detik
Duration Looping 500 Data 137.26711320877 Detik 
Total Duration 137.29035615921 Detik 
------------------------- 
Tanggal: 22-06-2022 02:00:01 
Duration Download Forstok 13.260531902313 Detik
Duration Looping 500 Data 143.75574207306 Detik 
Total Duration 143.77820396423 Detik 
------------------------- 
Tanggal: 22-06-2022 02:05:01 
Duration Download Forstok 29.341898918152 Detik
Duration Looping 500 Data 160.28235387802 Detik 
Total Duration 160.30576300621 Detik 
------------------------- 
Tanggal: 22-06-2022 02:10:01 
Duration Download Forstok 14.539443969727 Detik
Duration Looping 500 Data 143.92192697525 Detik 
Total Duration 143.94549608231 Detik 
------------------------- 
Tanggal: 22-06-2022 02:15:01 
Duration Download Forstok 13.696530103683 Detik
Duration Looping 500 Data 153.71365904808 Detik 
Total Duration 153.73739695549 Detik 
------------------------- 
Tanggal: 22-06-2022 02:20:01 
Duration Download Forstok 16.283096075058 Detik
Duration Looping 500 Data 144.39795517921 Detik 
Total Duration 144.42092514038 Detik 
------------------------- 
Tanggal: 22-06-2022 02:25:01 
Duration Download Forstok 11.52393579483 Detik
Duration Looping 500 Data 142.20992994308 Detik 
Total Duration 142.23477983475 Detik 
------------------------- 
Tanggal: 22-06-2022 02:30:01 
Duration Download Forstok 14.72012090683 Detik
Duration Looping 500 Data 144.97005701065 Detik 
Total Duration 144.99324393272 Detik 
------------------------- 
Tanggal: 22-06-2022 02:35:01 
Duration Download Forstok 21.40120100975 Detik
Duration Looping 500 Data 153.06836509705 Detik 
Total Duration 153.09305310249 Detik 
------------------------- 
Tanggal: 22-06-2022 02:40:01 
Duration Download Forstok 11.14061999321 Detik
Duration Looping 500 Data 144.86018490791 Detik 
Total Duration 144.88462090492 Detik 
------------------------- 
Tanggal: 22-06-2022 02:45:01 
Duration Download Forstok 14.379750013351 Detik
Duration Looping 500 Data 152.70663285255 Detik 
Total Duration 152.73386383057 Detik 
------------------------- 
Tanggal: 22-06-2022 02:50:01 
Duration Download Forstok 14.907678842545 Detik
Duration Looping 500 Data 151.12463784218 Detik 
Total Duration 151.14793300629 Detik 
------------------------- 
Tanggal: 22-06-2022 02:55:01 
Duration Download Forstok 11.596399068832 Detik
Duration Looping 500 Data 141.10119915009 Detik 
Total Duration 141.12569403648 Detik 
------------------------- 
Tanggal: 22-06-2022 03:00:01 
Duration Download Forstok 10.163933038712 Detik
Duration Looping 500 Data 148.22877502441 Detik 
Total Duration 148.25151109695 Detik 
------------------------- 
Tanggal: 22-06-2022 03:05:01 
Duration Download Forstok 27.799679040909 Detik
Duration Looping 500 Data 154.79956412315 Detik 
Total Duration 154.82287716866 Detik 
------------------------- 
Tanggal: 22-06-2022 03:10:01 
Duration Download Forstok 14.31418800354 Detik
Duration Looping 500 Data 155.33797907829 Detik 
Total Duration 155.36113214493 Detik 
------------------------- 
Tanggal: 22-06-2022 03:15:01 
Duration Download Forstok 13.341695070267 Detik
Duration Looping 500 Data 145.25542092323 Detik 
Total Duration 145.28153300285 Detik 
------------------------- 
Tanggal: 22-06-2022 03:20:01 
Duration Download Forstok 9.9823389053345 Detik
Duration Looping 500 Data 146.75779891014 Detik 
Total Duration 146.77968788147 Detik 
------------------------- 
Tanggal: 22-06-2022 03:25:01 
Duration Download Forstok 11.169338941574 Detik
Duration Looping 500 Data 147.10644197464 Detik 
Total Duration 147.13011693954 Detik 
------------------------- 
Tanggal: 22-06-2022 03:30:01 
Duration Download Forstok 10.018622875214 Detik
Duration Looping 500 Data 139.48273992538 Detik 
Total Duration 139.50594592094 Detik 
------------------------- 
Tanggal: 22-06-2022 03:35:01 
Duration Download Forstok 19.948559045792 Detik
Duration Looping 500 Data 151.04806613922 Detik 
Total Duration 151.071352005 Detik 
------------------------- 
Tanggal: 22-06-2022 03:40:01 
Duration Download Forstok 14.878611087799 Detik
Duration Looping 500 Data 144.29450702667 Detik 
Total Duration 144.3183400631 Detik 
------------------------- 
Tanggal: 22-06-2022 03:45:01 
Duration Download Forstok 19.293672084808 Detik
Duration Looping 500 Data 154.73794317245 Detik 
Total Duration 154.76246094704 Detik 
------------------------- 
Tanggal: 22-06-2022 03:50:01 
Duration Download Forstok 11.239059925079 Detik
Duration Looping 500 Data 155.25760602951 Detik 
Total Duration 155.28296399117 Detik 
------------------------- 
Tanggal: 22-06-2022 03:55:01 
Duration Download Forstok 11.236297130585 Detik
Duration Looping 500 Data 137.1182911396 Detik 
Total Duration 137.14180707932 Detik 
------------------------- 
Tanggal: 22-06-2022 04:00:01 
Duration Download Forstok 11.170799970627 Detik
Duration Looping 500 Data 138.85802006721 Detik 
Total Duration 138.8803229332 Detik 
------------------------- 
Tanggal: 22-06-2022 04:05:01 
Duration Download Forstok 31.176625967026 Detik
Duration Looping 500 Data 169.63435196877 Detik 
Total Duration 169.66050601006 Detik 
------------------------- 
Tanggal: 22-06-2022 04:10:01 
Duration Download Forstok 10.604779958725 Detik
Duration Looping 500 Data 142.01754784584 Detik 
Total Duration 142.04148197174 Detik 
------------------------- 
Tanggal: 22-06-2022 04:15:01 
Duration Download Forstok 12.631640911102 Detik
Duration Looping 500 Data 140.48732995987 Detik 
Total Duration 140.51066398621 Detik 
------------------------- 
Tanggal: 22-06-2022 04:20:01 
Duration Download Forstok 10.598214149475 Detik
Duration Looping 500 Data 143.20446801186 Detik 
Total Duration 143.22982907295 Detik 
------------------------- 
Tanggal: 22-06-2022 04:25:01 
Duration Download Forstok 9.2787828445435 Detik
Duration Looping 500 Data 152.13145589828 Detik 
Total Duration 152.15478801727 Detik 
------------------------- 
Tanggal: 22-06-2022 04:30:01 
Duration Download Forstok 12.015125989914 Detik
Duration Looping 500 Data 149.662733078 Detik 
Total Duration 149.6845831871 Detik 
------------------------- 
Tanggal: 22-06-2022 04:35:01 
Duration Download Forstok 18.919484138489 Detik
Duration Looping 500 Data 146.47241616249 Detik 
Total Duration 146.49825406075 Detik 
------------------------- 
Tanggal: 22-06-2022 04:40:01 
Duration Download Forstok 11.009551048279 Detik
Duration Looping 500 Data 137.83125805855 Detik 
Total Duration 137.85559201241 Detik 
------------------------- 
Tanggal: 22-06-2022 04:45:01 
Duration Download Forstok 11.698724985123 Detik
Duration Looping 500 Data 143.95053601265 Detik 
Total Duration 143.97424006462 Detik 
------------------------- 
Tanggal: 22-06-2022 04:50:01 
Duration Download Forstok 10.836566209793 Detik
Duration Looping 500 Data 140.41434001923 Detik 
Total Duration 140.43653512001 Detik 
------------------------- 
Tanggal: 22-06-2022 04:55:01 
Duration Download Forstok 10.707406997681 Detik
Duration Looping 500 Data 138.2708439827 Detik 
Total Duration 138.29309201241 Detik 
------------------------- 
Tanggal: 22-06-2022 05:00:01 
Duration Download Forstok 12.347095966339 Detik
Duration Looping 500 Data 149.51860690117 Detik 
Total Duration 149.54403185844 Detik 
------------------------- 
Tanggal: 22-06-2022 05:05:01 
Duration Download Forstok 23.124359130859 Detik
Duration Looping 500 Data 166.91721510887 Detik 
Total Duration 166.94121193886 Detik 
------------------------- 
Tanggal: 22-06-2022 05:10:01 
Duration Download Forstok 12.313928127289 Detik
Duration Looping 500 Data 147.31111216545 Detik 
Total Duration 147.33624696732 Detik 
------------------------- 
Tanggal: 22-06-2022 05:15:01 
Duration Download Forstok 13.562730789185 Detik
Duration Looping 500 Data 142.57802081108 Detik 
Total Duration 142.60125994682 Detik 
------------------------- 
Tanggal: 22-06-2022 05:20:01 
Duration Download Forstok 9.1036341190338 Detik
Duration Looping 500 Data 140.20607018471 Detik 
Total Duration 140.23041319847 Detik 
------------------------- 
Tanggal: 22-06-2022 05:25:01 
Duration Download Forstok 10.118735074997 Detik
Duration Looping 500 Data 138.55183410645 Detik 
Total Duration 138.57545495033 Detik 
------------------------- 
Tanggal: 22-06-2022 05:30:01 
Duration Download Forstok 9.8174118995667 Detik
Duration Looping 500 Data 141.28270292282 Detik 
Total Duration 141.30554890633 Detik 
------------------------- 
Tanggal: 22-06-2022 05:35:01 
Duration Download Forstok 15.82360291481 Detik
Duration Looping 500 Data 144.8642449379 Detik 
Total Duration 144.88843894005 Detik 
------------------------- 
Tanggal: 22-06-2022 05:40:01 
Duration Download Forstok 10.069333076477 Detik
Duration Looping 500 Data 143.90279507637 Detik 
Total Duration 143.92579388618 Detik 
------------------------- 
Tanggal: 22-06-2022 05:45:01 
Duration Download Forstok 12.903492927551 Detik
Duration Looping 500 Data 151.30366897583 Detik 
Total Duration 151.33001685143 Detik 
------------------------- 
Tanggal: 22-06-2022 05:50:01 
Duration Download Forstok 12.947067022324 Detik
Duration Looping 500 Data 141.6888229847 Detik 
Total Duration 141.71090698242 Detik 
------------------------- 
Tanggal: 22-06-2022 05:55:01 
Duration Download Forstok 9.7739841938019 Detik
Duration Looping 500 Data 143.11602497101 Detik 
Total Duration 143.14092516899 Detik 
------------------------- 
Tanggal: 22-06-2022 06:00:01 
Duration Download Forstok 13.380215883255 Detik
Duration Looping 500 Data 152.85435199738 Detik 
Total Duration 152.8760240078 Detik 
------------------------- 
Tanggal: 22-06-2022 06:05:01 
Duration Download Forstok 30.461379051208 Detik
Duration Looping 500 Data 178.49215507507 Detik 
Total Duration 178.51762199402 Detik 
------------------------- 
Tanggal: 22-06-2022 06:10:01 
Duration Download Forstok 13.311851024628 Detik
Duration Looping 500 Data 153.11900901794 Detik 
Total Duration 153.14295291901 Detik 
------------------------- 
Tanggal: 22-06-2022 06:15:01 
Duration Download Forstok 12.681946992874 Detik
Duration Looping 500 Data 140.92052388191 Detik 
Total Duration 140.94463610649 Detik 
------------------------- 
Tanggal: 22-06-2022 06:20:01 
Duration Download Forstok 14.287698030472 Detik
Duration Looping 500 Data 147.6425280571 Detik 
Total Duration 147.66406297684 Detik 
------------------------- 
Tanggal: 22-06-2022 06:25:01 
Duration Download Forstok 9.3709790706635 Detik
Duration Looping 500 Data 142.63407707214 Detik 
Total Duration 142.65641713142 Detik 
------------------------- 
Tanggal: 22-06-2022 06:30:01 
Duration Download Forstok 14.046357154846 Detik
Duration Looping 500 Data 146.1870970726 Detik 
Total Duration 146.20905017853 Detik 
------------------------- 
Tanggal: 22-06-2022 06:35:01 
Duration Download Forstok 15.036247968674 Detik
Duration Looping 500 Data 142.25794196129 Detik 
Total Duration 142.28182506561 Detik 
------------------------- 
Tanggal: 22-06-2022 06:40:01 
Duration Download Forstok 9.6856570243835 Detik
Duration Looping 500 Data 137.66799807549 Detik 
Total Duration 137.69059991837 Detik 
------------------------- 
Tanggal: 22-06-2022 06:45:01 
Duration Download Forstok 16.385388851166 Detik
Duration Looping 500 Data 149.72493696213 Detik 
Total Duration 149.74823188782 Detik 
------------------------- 
Tanggal: 22-06-2022 06:50:01 
Duration Download Forstok 9.9158630371094 Detik
Duration Looping 500 Data 148.82485795021 Detik 
Total Duration 148.84702086449 Detik 
------------------------- 
Tanggal: 22-06-2022 06:55:01 
Duration Download Forstok 12.217776060104 Detik
Duration Looping 500 Data 147.79174304008 Detik 
Total Duration 147.81392598152 Detik 
------------------------- 
Tanggal: 22-06-2022 07:00:01 
Duration Download Forstok 11.614516973495 Detik
Duration Looping 500 Data 160.92193889618 Detik 
Total Duration 160.94554686546 Detik 
------------------------- 
Tanggal: 22-06-2022 07:05:01 
Duration Download Forstok 24.907891988754 Detik
Duration Looping 500 Data 161.30254983902 Detik 
Total Duration 161.32514500618 Detik 
------------------------- 
Tanggal: 22-06-2022 07:10:01 
Duration Download Forstok 10.703045129776 Detik
Duration Looping 500 Data 156.67737698555 Detik 
Total Duration 156.70337200165 Detik 
------------------------- 
Tanggal: 22-06-2022 07:15:01 
Duration Download Forstok 21.978088855743 Detik
Duration Looping 500 Data 169.74467086792 Detik 
Total Duration 169.77293896675 Detik 
------------------------- 
Tanggal: 22-06-2022 07:20:01 
Duration Download Forstok 9.9287469387054 Detik
Duration Looping 500 Data 141.11785984039 Detik 
Total Duration 141.14023184776 Detik 
------------------------- 
Tanggal: 22-06-2022 07:25:01 
Duration Download Forstok 10.355151176453 Detik
Duration Looping 500 Data 148.58364009857 Detik 
Tanggal: 22-06-2022 07:30:01 
Duration Download Forstok 10.608658790588 Detik
Duration Looping 500 Data 157.65087985992 Detik 
Tanggal: 22-06-2022 07:35:01 
Duration Download Forstok 18.784847974777 Detik
Duration Looping 500 Data 149.06060814857 Detik 
Tanggal: 22-06-2022 07:40:01 
Duration Download Forstok 11.134508132935 Detik
Duration Looping 500 Data 140.65542817116 Detik 
Tanggal: 22-06-2022 07:45:01 
Duration Download Forstok 14.519048929214 Detik
Duration Looping 500 Data 148.50292611122 Detik 
Tanggal: 22-06-2022 07:50:01 
Duration Download Forstok 10.628323078156 Detik
Duration Looping 500 Data 142.78815102577 Detik 
Tanggal: 22-06-2022 07:55:01 
Duration Download Forstok 11.485804080963 Detik
Duration Looping 500 Data 150.92747807503 Detik 
Tanggal: 22-06-2022 08:00:01 
Duration Download Forstok 10.964351177216 Detik
Duration Looping 500 Data 152.60945916176 Detik 
Tanggal: 22-06-2022 08:05:01 
Duration Download Forstok 32.555896997452 Detik
Duration Looping 500 Data 168.52670097351 Detik 
Tanggal: 22-06-2022 08:10:01 
Duration Download Forstok 13.15998005867 Detik
Duration Looping 500 Data 156.06113409996 Detik 
Tanggal: 22-06-2022 08:15:01 
Duration Download Forstok 13.946753978729 Detik
Duration Looping 500 Data 146.39888095856 Detik 
Tanggal: 22-06-2022 08:20:01 
Duration Download Forstok 13.287711143494 Detik
Duration Looping 500 Data 152.06152701378 Detik 
Tanggal: 22-06-2022 08:25:01 
Duration Download Forstok 11.825942993164 Detik
Duration Looping 500 Data 150.28928494453 Detik 
Tanggal: 22-06-2022 08:30:01 
Duration Download Forstok 12.469527006149 Detik
Duration Looping 500 Data 155.36130905151 Detik 
Tanggal: 22-06-2022 08:35:01 
Duration Download Forstok 17.988271951675 Detik
Duration Looping 500 Data 170.67398309708 Detik 
Tanggal: 22-06-2022 08:40:01 
Duration Download Forstok 13.626569986343 Detik
Duration Looping 500 Data 174.14168405533 Detik 
Tanggal: 22-06-2022 08:45:01 
Duration Download Forstok 14.056354045868 Detik
Duration Looping 500 Data 169.79329895973 Detik 
Tanggal: 22-06-2022 08:50:01 
Duration Download Forstok 12.391731023788 Detik
Duration Looping 500 Data 169.94595599174 Detik 
Tanggal: 22-06-2022 08:55:01 
Duration Download Forstok 13.594945907593 Detik
Duration Looping 500 Data 157.29400682449 Detik 
Tanggal: 22-06-2022 09:00:02 
Duration Download Forstok 11.690851211548 Detik
Duration Looping 500 Data 161.89050602913 Detik 
Tanggal: 22-06-2022 09:05:01 
Duration Download Forstok 14.572528123856 Detik
Duration Looping 500 Data 157.60476112366 Detik 
Tanggal: 22-06-2022 09:10:01 
Duration Download Forstok 13.32172703743 Detik
Duration Looping 500 Data 158.6758480072 Detik 
Tanggal: 22-06-2022 09:15:01 
Duration Download Forstok 11.896457910538 Detik
Duration Looping 500 Data 153.87122797966 Detik 
Tanggal: 22-06-2022 09:20:01 
Duration Download Forstok 12.317490816116 Detik
Duration Looping 500 Data 159.94885587692 Detik 
Tanggal: 22-06-2022 09:25:01 
Duration Download Forstok 11.432719945908 Detik
Duration Looping 500 Data 156.16139507294 Detik 
Tanggal: 22-06-2022 09:30:01 
Duration Download Forstok 10.793087005615 Detik
Duration Looping 500 Data 161.00267195702 Detik 
Tanggal: 22-06-2022 09:35:01 
Duration Download Forstok 20.178029060364 Detik
Duration Looping 500 Data 165.61969089508 Detik 
Tanggal: 22-06-2022 09:40:01 
Duration Download Forstok 11.311625957489 Detik
Duration Looping 500 Data 155.44682192802 Detik 
Tanggal: 22-06-2022 09:45:01 
Duration Download Forstok 13.717383146286 Detik
Duration Looping 500 Data 163.47675013542 Detik 
Tanggal: 22-06-2022 09:50:01 
Duration Download Forstok 15.350391149521 Detik
Duration Looping 500 Data 158.76745200157 Detik 
Tanggal: 22-06-2022 09:55:01 
Duration Download Forstok 11.110019922256 Detik
Duration Looping 500 Data 153.91386985779 Detik 
Tanggal: 22-06-2022 10:00:01 
Duration Download Forstok 12.28125500679 Detik
Duration Looping 500 Data 168.8168900013 Detik 
Tanggal: 22-06-2022 10:05:01 
Duration Download Forstok 33.952129125595 Detik
Duration Looping 500 Data 175.74899816513 Detik 
Tanggal: 22-06-2022 10:10:01 
Duration Download Forstok 15.965865135193 Detik
Duration Looping 500 Data 156.88159513474 Detik 
Tanggal: 22-06-2022 10:15:01 
Duration Download Forstok 12.810269117355 Detik
Duration Looping 500 Data 160.26101994514 Detik 
Tanggal: 22-06-2022 10:20:01 
Duration Download Forstok 12.429787874222 Detik
Duration Looping 500 Data 163.6282889843 Detik 
Tanggal: 22-06-2022 10:25:01 
Duration Download Forstok 12.358042955399 Detik
Duration Looping 500 Data 165.28985786438 Detik 
Tanggal: 22-06-2022 10:30:01 
Duration Download Forstok 11.267503023148 Detik
Duration Looping 500 Data 169.09377193451 Detik 
Tanggal: 22-06-2022 10:35:01 
Duration Download Forstok 14.140489816666 Detik
Duration Looping 500 Data 160.956802845 Detik 
Tanggal: 22-06-2022 10:40:01 
Duration Download Forstok 16.273118019104 Detik
Duration Looping 500 Data 163.71167492867 Detik 
Tanggal: 22-06-2022 10:45:01 
Duration Download Forstok 12.309068918228 Detik
Duration Looping 500 Data 159.16349196434 Detik 
Tanggal: 22-06-2022 10:50:01 
Duration Download Forstok 10.700907945633 Detik
Duration Looping 500 Data 169.38003802299 Detik 
Tanggal: 22-06-2022 10:55:01 
Duration Download Forstok 16.000216960907 Detik
Duration Looping 500 Data 164.81546902657 Detik 
Tanggal: 22-06-2022 11:00:01 
Duration Download Forstok 15.633423089981 Detik
Duration Looping 500 Data 168.02126002312 Detik 
Tanggal: 22-06-2022 11:05:01 
Duration Download Forstok 40.011118173599 Detik
Duration Looping 500 Data 190.74714016914 Detik 
Tanggal: 22-06-2022 11:10:01 
Duration Download Forstok 14.085645914078 Detik
Duration Looping 500 Data 159.15139985085 Detik 
Tanggal: 22-06-2022 11:15:01 
Duration Download Forstok 11.746549844742 Detik
Duration Looping 500 Data 154.64433884621 Detik 
Tanggal: 22-06-2022 11:20:01 
Duration Download Forstok 13.313678979874 Detik
Duration Looping 500 Data 162.89220404625 Detik 
Tanggal: 22-06-2022 11:25:01 
Duration Download Forstok 10.677696943283 Detik
Duration Looping 500 Data 152.31025695801 Detik 
Tanggal: 22-06-2022 11:30:01 
Duration Download Forstok 14.543625116348 Detik
Duration Looping 500 Data 164.16453194618 Detik 
Tanggal: 22-06-2022 11:35:01 
Duration Download Forstok 19.689885139465 Detik
Duration Looping 500 Data 162.66719913483 Detik 
Tanggal: 22-06-2022 11:40:01 
Duration Download Forstok 10.417378902435 Detik
Duration Looping 500 Data 154.46105599403 Detik 
Tanggal: 22-06-2022 11:45:01 
Duration Download Forstok 16.549492120743 Detik
Duration Looping 500 Data 161.79039597511 Detik 
Tanggal: 22-06-2022 11:50:01 
Duration Download Forstok 14.339663028717 Detik
Duration Looping 500 Data 159.19271707535 Detik 
Tanggal: 22-06-2022 11:55:01 
Duration Download Forstok 11.340946912766 Detik
Duration Looping 500 Data 155.06078791618 Detik 
Tanggal: 22-06-2022 12:00:01 
Duration Download Forstok 13.915153980255 Detik
Duration Looping 500 Data 155.2504029274 Detik 
Tanggal: 22-06-2022 12:05:01 
Duration Download Forstok 31.073107004166 Detik
Duration Looping 500 Data 169.28308391571 Detik 
Tanggal: 22-06-2022 12:10:01 
Duration Download Forstok 9.6577150821686 Detik
Duration Looping 500 Data 149.04273104668 Detik 
Tanggal: 22-06-2022 12:15:01 
Duration Download Forstok 15.90647983551 Detik
Duration Looping 500 Data 152.52788281441 Detik 
Tanggal: 22-06-2022 12:20:01 
Duration Download Forstok 10.15329003334 Detik
Duration Looping 500 Data 144.7955789566 Detik 
Tanggal: 22-06-2022 12:25:01 
Duration Download Forstok 11.523467063904 Detik
Duration Looping 500 Data 156.29697489738 Detik 
Tanggal: 22-06-2022 12:30:01 
Duration Download Forstok 14.746148109436 Detik
Duration Looping 500 Data 153.12693405151 Detik 
Tanggal: 22-06-2022 12:35:01 
Duration Download Forstok 17.278153896332 Detik
Duration Looping 500 Data 152.50666689873 Detik 
Tanggal: 22-06-2022 12:40:01 
Duration Download Forstok 10.9656291008 Detik
Duration Looping 500 Data 151.30324697495 Detik 
Tanggal: 22-06-2022 12:45:01 
Duration Download Forstok 12.249796152115 Detik
Duration Looping 500 Data 145.35177516937 Detik 
Tanggal: 22-06-2022 12:50:01 
Duration Download Forstok 15.9102602005 Detik
Duration Looping 500 Data 154.60947012901 Detik 
Tanggal: 22-06-2022 12:55:01 
Duration Download Forstok 10.47230386734 Detik
Duration Looping 500 Data 142.44728302956 Detik 
Tanggal: 22-06-2022 13:00:01 
Duration Download Forstok 16.716038942337 Detik
Duration Looping 500 Data 159.85170412064 Detik 
Tanggal: 22-06-2022 13:05:01 
Duration Download Forstok 30.218680858612 Detik
Duration Looping 500 Data 175.11562800407 Detik 
Tanggal: 22-06-2022 13:10:01 
Duration Download Forstok 10.537685155869 Detik
Duration Looping 500 Data 152.50692820549 Detik 
Tanggal: 22-06-2022 13:15:01 
Duration Download Forstok 16.061285018921 Detik
Duration Looping 500 Data 166.18411016464 Detik 
Tanggal: 22-06-2022 13:20:01 
Duration Download Forstok 15.849477052689 Detik
Duration Looping 500 Data 160.3869099617 Detik 
Tanggal: 22-06-2022 13:25:02 
Duration Download Forstok 10.03969502449 Detik
Duration Looping 500 Data 152.11028790474 Detik 
Tanggal: 22-06-2022 13:30:01 
Duration Download Forstok 11.227080821991 Detik
Duration Looping 500 Data 158.91159701347 Detik 
Tanggal: 22-06-2022 13:35:01 
Duration Download Forstok 23.132822990417 Detik
Duration Looping 500 Data 172.76440191269 Detik 
Tanggal: 22-06-2022 13:40:01 
Duration Download Forstok 12.039421796799 Detik
Duration Looping 500 Data 155.47725296021 Detik 
Tanggal: 22-06-2022 13:45:02 
Duration Download Forstok 12.696077108383 Detik
Duration Looping 500 Data 164.41775608063 Detik 
Tanggal: 22-06-2022 13:50:02 
Duration Download Forstok 13.193265199661 Detik
Duration Looping 500 Data 157.88786506653 Detik 
Tanggal: 22-06-2022 13:55:01 
Duration Download Forstok 12.849525928497 Detik
Duration Looping 500 Data 156.47296094894 Detik 
Tanggal: 22-06-2022 14:00:01 
Duration Download Forstok 13.2906498909 Detik
Duration Looping 500 Data 157.29549980164 Detik 
Tanggal: 22-06-2022 14:05:01 
Duration Download Forstok 27.543432950974 Detik
Duration Looping 500 Data 176.35728812218 Detik 
Tanggal: 22-06-2022 14:10:01 
Duration Download Forstok 17.398818969727 Detik
Duration Looping 500 Data 165.66117596626 Detik 
Tanggal: 22-06-2022 14:15:01 
Duration Download Forstok 13.501494169235 Detik
Duration Looping 500 Data 161.35433697701 Detik 
Tanggal: 22-06-2022 14:20:01 
Duration Download Forstok 12.628837823868 Detik
Duration Looping 500 Data 161.03407883644 Detik 
Tanggal: 22-06-2022 14:25:01 
Duration Download Forstok 12.11647105217 Detik
Duration Looping 500 Data 156.34673285484 Detik 
Tanggal: 22-06-2022 14:30:01 
Duration Download Forstok 13.261444091797 Detik
Duration Looping 500 Data 161.35513091087 Detik 
Tanggal: 22-06-2022 14:35:01 
Duration Download Forstok 17.061350107193 Detik
Duration Looping 500 Data 165.674710989 Detik 
Tanggal: 22-06-2022 14:40:01 
Duration Download Forstok 12.886492967606 Detik
Duration Looping 500 Data 161.51318883896 Detik 
Tanggal: 22-06-2022 14:45:01 
Duration Download Forstok 17.576279878616 Detik
Duration Looping 500 Data 162.29347205162 Detik 
Tanggal: 22-06-2022 14:50:01 
Duration Download Forstok 11.048182964325 Detik
Duration Looping 500 Data 160.38231706619 Detik 
Tanggal: 22-06-2022 14:55:01 
Duration Download Forstok 10.170216083527 Detik
Duration Looping 500 Data 157.15750312805 Detik 
Tanggal: 22-06-2022 15:00:01 
Duration Download Forstok 11.049418926239 Detik
Duration Looping 500 Data 154.92910289764 Detik 
Tanggal: 22-06-2022 15:05:01 
Duration Download Forstok 36.648783922195 Detik
Duration Looping 500 Data 177.39517307281 Detik 
Tanggal: 22-06-2022 15:10:01 
Duration Download Forstok 11.301467180252 Detik
Duration Looping 500 Data 156.4716591835 Detik 
Tanggal: 22-06-2022 15:15:01 
Duration Download Forstok 14.030972957611 Detik
Duration Looping 500 Data 153.61207103729 Detik 
Tanggal: 22-06-2022 15:20:01 
Duration Download Forstok 12.515753030777 Detik
Duration Looping 500 Data 163.25244212151 Detik 
Tanggal: 22-06-2022 15:25:01 
Duration Download Forstok 16.540158987045 Detik
Duration Looping 500 Data 164.11073899269 Detik 
Tanggal: 22-06-2022 15:30:01 
Duration Download Forstok 18.176382064819 Detik
Duration Looping 500 Data 162.2982840538 Detik 
Tanggal: 22-06-2022 15:35:01 
Duration Download Forstok 18.784246206284 Detik
Duration Looping 500 Data 172.0496430397 Detik 
Tanggal: 22-06-2022 15:40:01 
Duration Download Forstok 11.134151935577 Detik
Duration Looping 500 Data 161.59814596176 Detik 
Tanggal: 22-06-2022 15:45:01 
Duration Download Forstok 14.706207990646 Detik
Duration Looping 500 Data 160.68840193748 Detik 
Tanggal: 22-06-2022 15:50:01 
Duration Download Forstok 18.126590967178 Detik
Duration Looping 500 Data 167.0290119648 Detik 
Tanggal: 22-06-2022 15:55:01 
Duration Download Forstok 11.972796916962 Detik
Duration Looping 500 Data 159.51289200783 Detik 
Tanggal: 22-06-2022 16:00:01 
Duration Download Forstok 13.596253871918 Detik
Duration Looping 500 Data 166.11603498459 Detik 
Tanggal: 22-06-2022 16:05:01 
Duration Download Forstok 23.858391046524 Detik
Duration Looping 500 Data 171.27606296539 Detik 
Tanggal: 22-06-2022 16:10:01 
Duration Download Forstok 18.939399003983 Detik
Duration Looping 500 Data 173.22773599625 Detik 
Tanggal: 22-06-2022 16:15:01 
Duration Download Forstok 16.560631036758 Detik
Duration Looping 500 Data 160.75726890564 Detik 
Tanggal: 22-06-2022 16:20:02 
Duration Download Forstok 13.690443992615 Detik
Duration Looping 500 Data 157.48525094986 Detik 
Tanggal: 22-06-2022 16:25:02 
Duration Download Forstok 13.008471012115 Detik
Duration Looping 500 Data 157.48928308487 Detik 
Tanggal: 22-06-2022 16:30:01 
Duration Download Forstok 11.359274864197 Detik
Duration Looping 500 Data 159.71520996094 Detik 
Tanggal: 22-06-2022 16:35:01 
Duration Download Forstok 26.415333986282 Detik
Duration Looping 500 Data 166.24030590057 Detik 
Total Duration 166.26728987694 Detik 
------------------------- 
Tanggal: 22-06-2022 16:40:01 
Duration Download Forstok 26.323423147202 Detik
Duration Looping 500 Data 168.01332807541 Detik 
Total Duration 168.04624700546 Detik 
------------------------- 
Tanggal: 22-06-2022 16:45:01 
Duration Download Forstok 13.508000850677 Detik
Duration Looping 500 Data 160.78312492371 Detik 
Total Duration 160.81943893433 Detik 
------------------------- 
Tanggal: 22-06-2022 16:50:01 
Duration Download Forstok 30.88301897049 Detik
Duration Looping 500 Data 172.20920276642 Detik 
Total Duration 172.23615884781 Detik 
------------------------- 
Tanggal: 22-06-2022 16:55:01 
Duration Download Forstok 22.033856153488 Detik
Duration Looping 500 Data 166.96801304817 Detik 
Total Duration 167.02038121223 Detik 
------------------------- 
Tanggal: 22-06-2022 17:00:01 
Duration Download Forstok 11.359400987625 Detik
Duration Looping 500 Data 157.51731491089 Detik 
Total Duration 157.55020594597 Detik 
------------------------- 
Tanggal: 22-06-2022 17:05:01 
Duration Download Forstok 34.361804008484 Detik
Duration Looping 500 Data 175.19701910019 Detik 
Total Duration 175.2648100853 Detik 
------------------------- 
Tanggal: 22-06-2022 17:10:01 
Duration Download Forstok 20.182676076889 Detik
Duration Looping 500 Data 159.4244799614 Detik 
Total Duration 159.45035505295 Detik 
------------------------- 
Tanggal: 22-06-2022 17:15:01 
Duration Download Forstok 20.314878940582 Detik
Duration Looping 500 Data 161.27342200279 Detik 
Total Duration 161.30305886269 Detik 
------------------------- 
Tanggal: 22-06-2022 17:20:01 
Duration Download Forstok 16.263938188553 Detik
Duration Looping 500 Data 159.58642601967 Detik 
Total Duration 159.61264109612 Detik 
------------------------- 
Tanggal: 22-06-2022 17:25:01 
Duration Download Forstok 12.313603878021 Detik
Duration Looping 500 Data 147.16961884499 Detik 
Total Duration 147.19499182701 Detik 
------------------------- 
Tanggal: 22-06-2022 17:30:01 
Duration Download Forstok 12.757826089859 Detik
Duration Looping 500 Data 153.52812290192 Detik 
Total Duration 153.5562479496 Detik 
------------------------- 
Tanggal: 22-06-2022 17:35:01 
Duration Download Forstok 20.589424133301 Detik
Duration Looping 500 Data 159.93921899796 Detik 
Total Duration 159.9632229805 Detik 
------------------------- 
Tanggal: 22-06-2022 17:40:01 
Duration Download Forstok 20.06901884079 Detik
Duration Looping 500 Data 157.49112582207 Detik 
Total Duration 157.51732087135 Detik 
------------------------- 
Tanggal: 22-06-2022 17:45:01 
Duration Download Forstok 15.231532096863 Detik
Duration Looping 500 Data 152.90264415741 Detik 
Total Duration 152.92558598518 Detik 
------------------------- 
Tanggal: 22-06-2022 17:50:01 
Duration Download Forstok 14.759570837021 Detik
Duration Looping 500 Data 147.15598988533 Detik 
Total Duration 147.18071579933 Detik 
------------------------- 
Tanggal: 22-06-2022 17:55:01 
Duration Download Forstok 12.624893903732 Detik
Duration Looping 500 Data 146.33241891861 Detik 
Total Duration 146.3642179966 Detik 
------------------------- 
Tanggal: 22-06-2022 18:00:01 
Duration Download Forstok 17.045404195786 Detik
Duration Looping 500 Data 159.32720708847 Detik 
Total Duration 159.35230112076 Detik 
------------------------- 
Tanggal: 22-06-2022 18:05:01 
Duration Download Forstok 35.264000892639 Detik
Duration Looping 500 Data 170.1573369503 Detik 
Total Duration 170.18189311028 Detik 
------------------------- 
Tanggal: 22-06-2022 18:10:01 
Duration Download Forstok 13.497194051743 Detik
Duration Looping 500 Data 150.70241594315 Detik 
Total Duration 150.72982692719 Detik 
------------------------- 
Tanggal: 22-06-2022 18:15:01 
Duration Download Forstok 26.056599140167 Detik
Duration Looping 500 Data 163.27868103981 Detik 
Total Duration 163.3040971756 Detik 
------------------------- 
Tanggal: 22-06-2022 18:20:01 
Duration Download Forstok 12.000579833984 Detik
Duration Looping 500 Data 155.8336648941 Detik 
Total Duration 155.86306381226 Detik 
------------------------- 
Tanggal: 22-06-2022 18:25:01 
Duration Download Forstok 20.653100013733 Detik
Duration Looping 500 Data 156.29945206642 Detik 
Total Duration 156.32267093658 Detik 
------------------------- 
Tanggal: 22-06-2022 18:30:01 
Duration Download Forstok 15.799571990967 Detik
Duration Looping 500 Data 148.22109699249 Detik 
Total Duration 148.243309021 Detik 
------------------------- 
Tanggal: 22-06-2022 18:35:01 
Duration Download Forstok 18.779797077179 Detik
Duration Looping 500 Data 151.0794301033 Detik 
Total Duration 151.10311794281 Detik 
------------------------- 
Tanggal: 22-06-2022 18:40:01 
Duration Download Forstok 14.24662399292 Detik
Duration Looping 500 Data 150.0507619381 Detik 
Total Duration 150.08039712906 Detik 
------------------------- 
Tanggal: 22-06-2022 18:45:01 
Duration Download Forstok 23.487102985382 Detik
Duration Looping 500 Data 154.85288095474 Detik 
Total Duration 154.87588095665 Detik 
------------------------- 
Tanggal: 22-06-2022 18:50:01 
Duration Download Forstok 18.558715820312 Detik
Duration Looping 500 Data 153.46155786514 Detik 
Total Duration 153.48570179939 Detik 
------------------------- 
Tanggal: 22-06-2022 18:55:01 
Duration Download Forstok 12.552342891693 Detik
Duration Looping 500 Data 144.00856399536 Detik 
Total Duration 144.03534197807 Detik 
------------------------- 
Tanggal: 22-06-2022 19:00:01 
Duration Download Forstok 13.363150835037 Detik
Duration Looping 500 Data 151.98215198517 Detik 
Total Duration 152.01039791107 Detik 
------------------------- 
Tanggal: 22-06-2022 19:05:01 
Duration Download Forstok 33.891436100006 Detik
Duration Looping 500 Data 175.46794700623 Detik 
Tanggal: 22-06-2022 19:10:01 
Duration Download Forstok 11.50342798233 Detik
Duration Looping 500 Data 147.93223690987 Detik 
Tanggal: 22-06-2022 19:15:01 
Duration Download Forstok 25.842684030533 Detik
Duration Looping 500 Data 157.07325005531 Detik 
Tanggal: 22-06-2022 19:20:02 
Duration Download Forstok 10.445284128189 Detik
Duration Looping 500 Data 145.0468890667 Detik 
Tanggal: 22-06-2022 19:25:01 
Duration Download Forstok 12.519122123718 Detik
Duration Looping 500 Data 152.04529500008 Detik 
Tanggal: 22-06-2022 19:30:01 
Duration Download Forstok 10.980177164078 Detik
Duration Looping 500 Data 142.57225298882 Detik 
Tanggal: 22-06-2022 19:35:01 
Duration Download Forstok 17.865055084229 Detik
Duration Looping 500 Data 152.18036198616 Detik 
Tanggal: 22-06-2022 19:40:02 
Duration Download Forstok 14.495354890823 Detik
Duration Looping 500 Data 151.89926600456 Detik 
Tanggal: 22-06-2022 19:45:01 
Duration Download Forstok 30.383579969406 Detik
Duration Looping 500 Data 163.648250103 Detik 
Tanggal: 22-06-2022 19:50:01 
Duration Download Forstok 14.772107124329 Detik
Duration Looping 500 Data 150.49801397324 Detik 
Tanggal: 22-06-2022 19:55:01 
Duration Download Forstok 14.81635093689 Detik
Duration Looping 500 Data 149.70842194557 Detik 
Tanggal: 22-06-2022 20:00:01 
Duration Download Forstok 12.415130138397 Detik
Duration Looping 500 Data 145.22833919525 Detik 
Tanggal: 22-06-2022 20:05:01 
Duration Download Forstok 32.218006134033 Detik
Duration Looping 500 Data 172.41962409019 Detik 
Tanggal: 22-06-2022 20:10:01 
Duration Download Forstok 59.838883161545 Detik
Tanggal: 22-06-2022 20:15:01 
Duration Download Forstok 12.403455972672 Detik
Duration Looping 500 Data 151.44925999641 Detik 
Tanggal: 22-06-2022 20:20:01 
Duration Download Forstok 13.439698934555 Detik
Duration Looping 500 Data 149.5003490448 Detik 
Tanggal: 22-06-2022 20:25:01 
Duration Download Forstok 13.544559001923 Detik
Duration Looping 500 Data 158.08534622192 Detik 
Tanggal: 22-06-2022 20:30:01 
Duration Download Forstok 17.934346914291 Detik
Duration Looping 500 Data 156.03499984741 Detik 
Tanggal: 22-06-2022 20:35:01 
Duration Download Forstok 22.256451129913 Detik
Duration Looping 500 Data 159.10077404976 Detik 
Tanggal: 22-06-2022 20:40:01 
Duration Download Forstok 10.702594041824 Detik
Duration Looping 500 Data 150.84029102325 Detik 
Tanggal: 22-06-2022 20:45:01 
Duration Download Forstok 25.703119039536 Detik
Duration Looping 500 Data 164.63920783997 Detik 
Tanggal: 22-06-2022 20:50:01 
Duration Download Forstok 12.37168598175 Detik
Duration Looping 500 Data 150.93712997437 Detik 
Tanggal: 22-06-2022 20:55:01 
Duration Download Forstok 10.674423933029 Detik
Duration Looping 500 Data 148.25816607475 Detik 
Tanggal: 22-06-2022 21:00:01 
Duration Download Forstok 12.757156133652 Detik
Duration Looping 500 Data 152.77816009521 Detik 
Tanggal: 22-06-2022 21:05:01 
Duration Download Forstok 32.634258031845 Detik
Duration Looping 500 Data 165.821434021 Detik 
Tanggal: 22-06-2022 21:10:01 
Duration Download Forstok 11.929075956345 Detik
Duration Looping 500 Data 151.48856091499 Detik 
Tanggal: 22-06-2022 21:15:01 
Duration Download Forstok 19.571520090103 Detik
Duration Looping 500 Data 152.80809211731 Detik 
Tanggal: 22-06-2022 21:20:01 
Duration Download Forstok 11.023218870163 Detik
Duration Looping 500 Data 158.6166779995 Detik 
Tanggal: 22-06-2022 21:25:01 
Duration Download Forstok 9.0999031066895 Detik
Duration Looping 500 Data 157.48272299767 Detik 
Tanggal: 22-06-2022 21:30:01 
Duration Download Forstok 10.92906999588 Detik
Duration Looping 500 Data 143.52679514885 Detik 
Tanggal: 22-06-2022 21:35:01 
Duration Download Forstok 16.751461029053 Detik
Duration Looping 500 Data 149.53519105911 Detik 
Tanggal: 22-06-2022 21:40:01 
Duration Download Forstok 10.398883104324 Detik
Duration Looping 500 Data 144.99537706375 Detik 
Tanggal: 22-06-2022 21:45:01 
Duration Download Forstok 20.0273001194 Detik
Duration Looping 500 Data 155.9327890873 Detik 
Tanggal: 22-06-2022 21:50:01 
Duration Download Forstok 12.034921884537 Detik
Duration Looping 500 Data 154.57382702827 Detik 
Tanggal: 22-06-2022 21:55:01 
Duration Download Forstok 13.598875045776 Detik
Duration Looping 500 Data 144.37298107147 Detik 
Tanggal: 22-06-2022 22:00:01 
Duration Download Forstok 13.728101968765 Detik
Duration Looping 500 Data 145.24258708954 Detik 
Tanggal: 22-06-2022 22:05:01 
Duration Download Forstok 22.981161832809 Detik
Duration Looping 500 Data 160.48386383057 Detik 
Tanggal: 22-06-2022 22:10:01 
Duration Download Forstok 15.220829963684 Detik
Duration Looping 500 Data 145.75314688683 Detik 
Tanggal: 22-06-2022 22:15:01 
Duration Download Forstok 20.862118005753 Detik
Duration Looping 500 Data 152.84767699242 Detik 
Tanggal: 22-06-2022 22:20:01 
Duration Download Forstok 16.442409038544 Detik
Duration Looping 500 Data 165.84086203575 Detik 
Tanggal: 22-06-2022 22:25:01 
Duration Download Forstok 12.691116094589 Detik
Duration Looping 500 Data 149.16983413696 Detik 
Tanggal: 22-06-2022 22:30:01 
Duration Download Forstok 11.397853851318 Detik
Duration Looping 500 Data 138.60208702087 Detik 
Tanggal: 22-06-2022 22:35:01 
Duration Download Forstok 16.805548191071 Detik
Duration Looping 500 Data 145.52144312859 Detik 
Tanggal: 22-06-2022 22:40:01 
Duration Download Forstok 12.029947042465 Detik
Duration Looping 500 Data 144.74300098419 Detik 
Tanggal: 22-06-2022 22:45:01 
Duration Download Forstok 18.918150901794 Detik
Duration Looping 500 Data 156.25300502777 Detik 
Tanggal: 22-06-2022 22:50:01 
Duration Download Forstok 12.167118787766 Detik
Duration Looping 500 Data 143.64819478989 Detik 
Tanggal: 22-06-2022 22:55:01 
Duration Download Forstok 13.64226603508 Detik
Duration Looping 500 Data 147.49671602249 Detik 
Tanggal: 22-06-2022 23:00:01 
Duration Download Forstok 12.399057865143 Detik
Duration Looping 500 Data 146.1892490387 Detik 
Tanggal: 22-06-2022 23:05:01 
Duration Download Forstok 33.053690910339 Detik
Duration Looping 500 Data 164.58919405937 Detik 
Tanggal: 22-06-2022 23:10:01 
Duration Download Forstok 13.670892953873 Detik
Duration Looping 500 Data 142.69726204872 Detik 
Tanggal: 22-06-2022 23:15:01 
Duration Download Forstok 13.570065975189 Detik
Duration Looping 500 Data 146.52866983414 Detik 
Tanggal: 22-06-2022 23:20:01 
Duration Download Forstok 13.734688997269 Detik
Duration Looping 500 Data 150.66420507431 Detik 
Tanggal: 22-06-2022 23:25:01 
Duration Download Forstok 11.562077999115 Detik
Duration Looping 500 Data 143.83089280128 Detik 
Tanggal: 22-06-2022 23:30:01 
Duration Download Forstok 11.591399908066 Detik
Duration Looping 500 Data 148.78397297859 Detik 
Tanggal: 22-06-2022 23:35:01 
Duration Download Forstok 33.749104976654 Detik
Duration Looping 500 Data 163.49592900276 Detik 
Tanggal: 22-06-2022 23:40:01 
Duration Download Forstok 13.392557144165 Detik
Duration Looping 500 Data 142.76918315887 Detik 
Tanggal: 22-06-2022 23:45:01 
Duration Download Forstok 28.994179964066 Detik
Duration Looping 500 Data 156.31267595291 Detik 
Tanggal: 22-06-2022 23:50:01 
Duration Download Forstok 11.937793016434 Detik
Duration Looping 500 Data 140.21348500252 Detik 
Tanggal: 22-06-2022 23:55:01 
Duration Download Forstok 16.240009784698 Detik
Duration Looping 500 Data 144.10580682755 Detik 
