Tanggal: 26-08-2022 00:00:01 
Duration Download Forstok 12.722728967667 Detik
Duration Looping 500 Data 830.70538711548 Detik 
Total Duration 830.73432302475 Detik 
------------------------- 
Tanggal: 26-08-2022 00:15:01 
Duration Download Forstok 14.713361024857 Detik
Duration Looping 500 Data 176.80518007278 Detik 
Total Duration 176.83636903763 Detik 
------------------------- 
Tanggal: 26-08-2022 00:20:01 
Duration Download Forstok 15.669184923172 Detik
Duration Looping 500 Data 159.75098490715 Detik 
Total Duration 159.7760488987 Detik 
------------------------- 
Tanggal: 26-08-2022 00:25:01 
Duration Download Forstok 9.9826948642731 Detik
Duration Looping 500 Data 172.75012493134 Detik 
Total Duration 172.77585101128 Detik 
------------------------- 
Tanggal: 26-08-2022 00:30:01 
Duration Download Forstok 15.520404100418 Detik
Duration Looping 500 Data 164.63640594482 Detik 
Total Duration 164.66284012794 Detik 
------------------------- 
Tanggal: 26-08-2022 00:35:01 
Duration Download Forstok 15.098176002502 Detik
Duration Looping 500 Data 158.09733104706 Detik 
Total Duration 158.12241005898 Detik 
------------------------- 
Tanggal: 26-08-2022 00:40:01 
Duration Download Forstok 14.244247198105 Detik
Duration Looping 500 Data 169.34326505661 Detik 
Total Duration 169.36796212196 Detik 
------------------------- 
Tanggal: 26-08-2022 00:45:01 
Duration Download Forstok 12.029570102692 Detik
Duration Looping 500 Data 156.34770607948 Detik 
Total Duration 156.37319397926 Detik 
------------------------- 
Tanggal: 26-08-2022 00:50:01 
Duration Download Forstok 11.449435949326 Detik
Duration Looping 500 Data 159.30922889709 Detik 
Total Duration 159.33743882179 Detik 
------------------------- 
Tanggal: 26-08-2022 00:55:01 
Duration Download Forstok 10.610373020172 Detik
Duration Looping 500 Data 164.87513208389 Detik 
Total Duration 164.90326499939 Detik 
------------------------- 
Tanggal: 26-08-2022 01:00:01 
Duration Download Forstok 12.448948144913 Detik
Duration Looping 500 Data 160.12261414528 Detik 
Total Duration 160.1481180191 Detik 
------------------------- 
Tanggal: 26-08-2022 01:05:01 
Duration Download Forstok 10.569614887238 Detik
Duration Looping 500 Data 185.4798989296 Detik 
Total Duration 185.50379681587 Detik 
------------------------- 
Tanggal: 26-08-2022 01:10:01 
Duration Download Forstok 12.156903982162 Detik
Duration Looping 500 Data 163.25900387764 Detik 
Total Duration 163.28401398659 Detik 
------------------------- 
Tanggal: 26-08-2022 01:15:01 
Duration Download Forstok 17.02560710907 Detik
Duration Looping 500 Data 176.87431502342 Detik 
Total Duration 176.90005517006 Detik 
------------------------- 
Tanggal: 26-08-2022 01:20:01 
Duration Download Forstok 12.626444816589 Detik
Duration Looping 500 Data 159.14813995361 Detik 
Total Duration 159.17269802094 Detik 
------------------------- 
Tanggal: 26-08-2022 01:25:01 
Duration Download Forstok 10.298822164536 Detik
Duration Looping 500 Data 155.46828699112 Detik 
Total Duration 155.49409508705 Detik 
------------------------- 
Tanggal: 26-08-2022 01:30:01 
Duration Download Forstok 12.550575971603 Detik
Duration Looping 500 Data 156.48987603188 Detik 
Total Duration 156.51503396034 Detik 
------------------------- 
Tanggal: 26-08-2022 01:35:01 
Duration Download Forstok 14.740342140198 Detik
Duration Looping 500 Data 163.47449803352 Detik 
Total Duration 163.500041008 Detik 
------------------------- 
Tanggal: 26-08-2022 01:40:01 
Duration Download Forstok 18.716222047806 Detik
Duration Looping 500 Data 160.35283017159 Detik 
Total Duration 160.38063001633 Detik 
------------------------- 
Tanggal: 26-08-2022 01:45:01 
Duration Download Forstok 16.362494945526 Detik
Duration Looping 500 Data 178.2011680603 Detik 
Total Duration 178.23028588295 Detik 
------------------------- 
Tanggal: 26-08-2022 01:50:01 
Duration Download Forstok 15.996879816055 Detik
Duration Looping 500 Data 163.34907889366 Detik 
Total Duration 163.37362289429 Detik 
------------------------- 
Tanggal: 26-08-2022 01:55:01 
Duration Download Forstok 17.690214157104 Detik
Duration Looping 500 Data 159.34076404572 Detik 
Total Duration 159.36604213715 Detik 
------------------------- 
Tanggal: 26-08-2022 02:00:01 
Duration Download Forstok 16.839025020599 Detik
Duration Looping 500 Data 166.14298796654 Detik 
Total Duration 166.16911005974 Detik 
------------------------- 
Tanggal: 26-08-2022 02:05:01 
Duration Download Forstok 9.8888881206512 Detik
Duration Looping 500 Data 162.76371192932 Detik 
Total Duration 162.78963494301 Detik 
------------------------- 
Tanggal: 26-08-2022 02:10:01 
Duration Download Forstok 9.9855148792267 Detik
Duration Looping 500 Data 155.66891598701 Detik 
Total Duration 155.69203281403 Detik 
------------------------- 
Tanggal: 26-08-2022 02:15:01 
Duration Download Forstok 13.858587026596 Detik
Duration Looping 500 Data 160.72254705429 Detik 
Total Duration 160.74789500237 Detik 
------------------------- 
Tanggal: 26-08-2022 02:20:01 
Duration Download Forstok 12.695299863815 Detik
Duration Looping 500 Data 164.03066396713 Detik 
Total Duration 164.05664396286 Detik 
------------------------- 
Tanggal: 26-08-2022 02:25:01 
Duration Download Forstok 12.86975312233 Detik
Duration Looping 500 Data 153.22321200371 Detik 
Total Duration 153.24978303909 Detik 
------------------------- 
Tanggal: 26-08-2022 02:30:01 
Duration Download Forstok 10.393089056015 Detik
Duration Looping 500 Data 158.93206310272 Detik 
Total Duration 158.95700907707 Detik 
------------------------- 
Tanggal: 26-08-2022 02:35:01 
Duration Download Forstok 11.920444011688 Detik
Duration Looping 500 Data 155.77042007446 Detik 
Total Duration 155.79642510414 Detik 
------------------------- 
Tanggal: 26-08-2022 02:40:01 
Duration Download Forstok 10.147387981415 Detik
Duration Looping 500 Data 165.09051704407 Detik 
Total Duration 165.11532092094 Detik 
------------------------- 
Tanggal: 26-08-2022 02:45:01 
Duration Download Forstok 12.37876200676 Detik
Duration Looping 500 Data 165.76015114784 Detik 
Total Duration 165.78531908989 Detik 
------------------------- 
Tanggal: 26-08-2022 02:50:01 
Duration Download Forstok 17.604052066803 Detik
Duration Looping 500 Data 164.67409300804 Detik 
Total Duration 164.69859313965 Detik 
------------------------- 
Tanggal: 26-08-2022 02:55:01 
Duration Download Forstok 15.351454973221 Detik
Duration Looping 500 Data 161.3265349865 Detik 
Total Duration 161.35134911537 Detik 
------------------------- 
Tanggal: 26-08-2022 03:00:01 
Duration Download Forstok 17.941977977753 Detik
Duration Looping 500 Data 161.98483490944 Detik 
Total Duration 162.01018691063 Detik 
------------------------- 
Tanggal: 26-08-2022 03:05:01 
Duration Download Forstok 15.833611011505 Detik
Duration Looping 500 Data 162.79516601562 Detik 
Total Duration 162.8202149868 Detik 
------------------------- 
Tanggal: 26-08-2022 03:10:01 
Duration Download Forstok 10.668178081512 Detik
Duration Looping 500 Data 151.75368905067 Detik 
Total Duration 151.77823400497 Detik 
------------------------- 
Tanggal: 26-08-2022 03:15:01 
Duration Download Forstok 12.893752098083 Detik
Duration Looping 500 Data 160.5027449131 Detik 
Total Duration 160.52902793884 Detik 
------------------------- 
Tanggal: 26-08-2022 03:20:01 
Duration Download Forstok 10.598151922226 Detik
Duration Looping 500 Data 157.09929609299 Detik 
Total Duration 157.12333297729 Detik 
------------------------- 
Tanggal: 26-08-2022 03:25:01 
Duration Download Forstok 9.3853399753571 Detik
Duration Looping 500 Data 155.86967206001 Detik 
Total Duration 155.8961930275 Detik 
------------------------- 
Tanggal: 26-08-2022 03:30:01 
Duration Download Forstok 14.864634990692 Detik
Duration Looping 500 Data 161.99487614632 Detik 
Total Duration 162.01964020729 Detik 
------------------------- 
Tanggal: 26-08-2022 03:35:01 
Duration Download Forstok 11.575946092606 Detik
Duration Looping 500 Data 155.36026310921 Detik 
Total Duration 155.38562488556 Detik 
------------------------- 
Tanggal: 26-08-2022 03:40:01 
Duration Download Forstok 13.231774806976 Detik
Duration Looping 500 Data 158.70979785919 Detik 
Total Duration 158.73413181305 Detik 
------------------------- 
Tanggal: 26-08-2022 03:45:01 
Duration Download Forstok 13.899468898773 Detik
Duration Looping 500 Data 158.36340999603 Detik 
Total Duration 158.38977003098 Detik 
------------------------- 
Tanggal: 26-08-2022 03:50:01 
Duration Download Forstok 17.360821008682 Detik
Duration Looping 500 Data 171.20370793343 Detik 
Total Duration 171.22927284241 Detik 
------------------------- 
Tanggal: 26-08-2022 03:55:01 
Duration Download Forstok 10.101936101913 Detik
Duration Looping 500 Data 152.14610600471 Detik 
Total Duration 152.17128300667 Detik 
------------------------- 
Tanggal: 26-08-2022 04:00:01 
Duration Download Forstok 16.674291849136 Detik
Duration Looping 500 Data 157.57707595825 Detik 
Total Duration 157.60248589516 Detik 
------------------------- 
Tanggal: 26-08-2022 04:05:01 
Duration Download Forstok 12.324239015579 Detik
Duration Looping 500 Data 156.18585300446 Detik 
Total Duration 156.21110200882 Detik 
------------------------- 
Tanggal: 26-08-2022 04:10:01 
Duration Download Forstok 28.868757009506 Detik
Duration Looping 500 Data 171.4926970005 Detik 
Total Duration 171.51824092865 Detik 
------------------------- 
Tanggal: 26-08-2022 04:15:01 
Duration Download Forstok 14.080685853958 Detik
Duration Looping 500 Data 159.25807881355 Detik 
Total Duration 159.2833878994 Detik 
------------------------- 
Tanggal: 26-08-2022 04:20:01 
Duration Download Forstok 22.180353164673 Detik
Duration Looping 500 Data 178.72141003609 Detik 
Total Duration 178.75015616417 Detik 
------------------------- 
Tanggal: 26-08-2022 04:25:01 
Duration Download Forstok 11.301525831223 Detik
Duration Looping 500 Data 150.78176498413 Detik 
Total Duration 150.80755090714 Detik 
------------------------- 
Tanggal: 26-08-2022 04:30:01 
Duration Download Forstok 12.676516056061 Detik
Duration Looping 500 Data 157.67900300026 Detik 
Total Duration 157.70375800133 Detik 
------------------------- 
Tanggal: 26-08-2022 04:35:01 
Duration Download Forstok 33.177682876587 Detik
Duration Looping 500 Data 181.32646799088 Detik 
Total Duration 181.35420393944 Detik 
------------------------- 
Tanggal: 26-08-2022 04:40:01 
Duration Download Forstok 10.73983001709 Detik
Duration Looping 500 Data 161.22258806229 Detik 
Total Duration 161.24663805962 Detik 
------------------------- 
Tanggal: 26-08-2022 04:45:01 
Duration Download Forstok 23.204039096832 Detik
Duration Looping 500 Data 169.0931661129 Detik 
Total Duration 169.119795084 Detik 
------------------------- 
Tanggal: 26-08-2022 04:50:01 
Duration Download Forstok 21.142231941223 Detik
Duration Looping 500 Data 169.50358510017 Detik 
Total Duration 169.52791786194 Detik 
------------------------- 
Tanggal: 26-08-2022 04:55:01 
Duration Download Forstok 15.23085808754 Detik
Duration Looping 500 Data 175.49343705177 Detik 
Total Duration 175.51856398582 Detik 
------------------------- 
Tanggal: 26-08-2022 05:00:01 
Duration Download Forstok 20.748427867889 Detik
Duration Looping 500 Data 161.97038292885 Detik 
Total Duration 161.9953379631 Detik 
------------------------- 
Tanggal: 26-08-2022 05:05:01 
Duration Download Forstok 17.678853988647 Detik
Duration Looping 500 Data 166.54021596909 Detik 
Total Duration 166.56578612328 Detik 
------------------------- 
Tanggal: 26-08-2022 05:10:01 
Duration Download Forstok 10.570076942444 Detik
Duration Looping 500 Data 157.50812697411 Detik 
Total Duration 157.5327270031 Detik 
------------------------- 
Tanggal: 26-08-2022 05:15:01 
Duration Download Forstok 20.625097036362 Detik
Duration Looping 500 Data 165.61521697044 Detik 
Total Duration 165.64106106758 Detik 
------------------------- 
Tanggal: 26-08-2022 05:20:01 
Duration Download Forstok 15.306979894638 Detik
Duration Looping 500 Data 158.87377405167 Detik 
Total Duration 158.89807701111 Detik 
------------------------- 
Tanggal: 26-08-2022 05:25:01 
Duration Download Forstok 14.799615859985 Detik
Duration Looping 500 Data 174.15470600128 Detik 
Total Duration 174.17948293686 Detik 
------------------------- 
Tanggal: 26-08-2022 05:30:01 
Duration Download Forstok 15.674809932709 Detik
Duration Looping 500 Data 170.47928190231 Detik 
Total Duration 170.50378394127 Detik 
------------------------- 
Tanggal: 26-08-2022 05:35:01 
Duration Download Forstok 11.368145942688 Detik
Duration Looping 500 Data 151.35678815842 Detik 
Total Duration 151.38058996201 Detik 
------------------------- 
Tanggal: 26-08-2022 05:40:01 
Duration Download Forstok 10.687663078308 Detik
Duration Looping 500 Data 160.0963511467 Detik 
Total Duration 160.12009215355 Detik 
------------------------- 
Tanggal: 26-08-2022 05:45:01 
Duration Download Forstok 12.978446006775 Detik
Duration Looping 500 Data 159.10611701012 Detik 
Total Duration 159.1320130825 Detik 
------------------------- 
Tanggal: 26-08-2022 05:50:01 
Duration Download Forstok 11.11557507515 Detik
Duration Looping 500 Data 152.84135198593 Detik 
Total Duration 152.86683416367 Detik 
------------------------- 
Tanggal: 26-08-2022 05:55:01 
Duration Download Forstok 10.165851831436 Detik
Duration Looping 500 Data 168.62503790855 Detik 
Total Duration 168.64997601509 Detik 
------------------------- 
Tanggal: 26-08-2022 06:00:01 
Duration Download Forstok 16.258586883545 Detik
Duration Looping 500 Data 160.8810338974 Detik 
Total Duration 160.90568089485 Detik 
------------------------- 
Tanggal: 26-08-2022 06:05:01 
Duration Download Forstok 9.970988035202 Detik
Duration Looping 500 Data 154.75564002991 Detik 
Total Duration 154.78174686432 Detik 
------------------------- 
Tanggal: 26-08-2022 06:10:01 
Duration Download Forstok 12.41005396843 Detik
Duration Looping 500 Data 161.37198400497 Detik 
Total Duration 161.39506602287 Detik 
------------------------- 
Tanggal: 26-08-2022 06:15:01 
Duration Download Forstok 20.535826921463 Detik
Duration Looping 500 Data 164.19291496277 Detik 
Total Duration 164.2179749012 Detik 
------------------------- 
Tanggal: 26-08-2022 06:20:01 
Duration Download Forstok 12.542284965515 Detik
Duration Looping 500 Data 160.70803904533 Detik 
Total Duration 160.73268008232 Detik 
------------------------- 
Tanggal: 26-08-2022 06:25:01 
Duration Download Forstok 9.5989201068878 Detik
Duration Looping 500 Data 161.91189599037 Detik 
Total Duration 161.93730092049 Detik 
------------------------- 
Tanggal: 26-08-2022 06:30:01 
Duration Download Forstok 13.494447946548 Detik
Duration Looping 500 Data 164.47495794296 Detik 
Total Duration 164.49923801422 Detik 
------------------------- 
Tanggal: 26-08-2022 06:35:01 
Duration Download Forstok 11.784418106079 Detik
Duration Looping 500 Data 170.43682599068 Detik 
Total Duration 170.46616911888 Detik 
------------------------- 
Tanggal: 26-08-2022 06:40:01 
Duration Download Forstok 14.32218003273 Detik
Duration Looping 500 Data 157.82904005051 Detik 
Total Duration 157.85538601875 Detik 
------------------------- 
Tanggal: 26-08-2022 06:45:01 
Duration Download Forstok 16.295089960098 Detik
Duration Looping 500 Data 158.14757680893 Detik 
Total Duration 158.17274880409 Detik 
------------------------- 
Tanggal: 26-08-2022 06:50:01 
Duration Download Forstok 9.9673759937286 Detik
Duration Looping 500 Data 156.63844799995 Detik 
Total Duration 156.66330599785 Detik 
------------------------- 
Tanggal: 26-08-2022 06:55:01 
Duration Download Forstok 12.675096035004 Detik
Duration Looping 500 Data 158.2134039402 Detik 
Total Duration 158.23686003685 Detik 
------------------------- 
Tanggal: 26-08-2022 07:00:01 
Duration Download Forstok 16.124481916428 Detik
Duration Looping 500 Data 160.05242204666 Detik 
Total Duration 160.08124709129 Detik 
------------------------- 
Tanggal: 26-08-2022 07:05:01 
Duration Download Forstok 11.279657125473 Detik
Duration Looping 500 Data 165.69262695312 Detik 
Total Duration 165.72257208824 Detik 
------------------------- 
Tanggal: 26-08-2022 07:10:01 
Duration Download Forstok 12.860287189484 Detik
Duration Looping 500 Data 156.83409118652 Detik 
Total Duration 156.85865712166 Detik 
------------------------- 
Tanggal: 26-08-2022 07:15:01 
Duration Download Forstok 18.695861101151 Detik
Duration Looping 500 Data 171.96874594688 Detik 
Total Duration 171.99443006516 Detik 
------------------------- 
Tanggal: 26-08-2022 07:20:01 
Duration Download Forstok 14.095870018005 Detik
Duration Looping 500 Data 159.90874505043 Detik 
Total Duration 159.93358898163 Detik 
------------------------- 
Tanggal: 26-08-2022 07:25:01 
Duration Download Forstok 9.8248879909515 Detik
Duration Looping 500 Data 153.62860989571 Detik 
Total Duration 153.6537270546 Detik 
------------------------- 
Tanggal: 26-08-2022 07:30:01 
Duration Download Forstok 21.00895190239 Detik
Duration Looping 500 Data 166.93598103523 Detik 
Total Duration 166.96208500862 Detik 
------------------------- 
Tanggal: 26-08-2022 07:35:02 
Duration Download Forstok 10.961415052414 Detik
Duration Looping 500 Data 155.30143594742 Detik 
Total Duration 155.3274409771 Detik 
------------------------- 
Tanggal: 26-08-2022 07:40:01 
Duration Download Forstok 10.423361063004 Detik
Duration Looping 500 Data 159.37634396553 Detik 
Total Duration 159.40070104599 Detik 
------------------------- 
Tanggal: 26-08-2022 07:45:01 
Duration Download Forstok 13.011023044586 Detik
Duration Looping 500 Data 168.0209851265 Detik 
Total Duration 168.05089902878 Detik 
------------------------- 
Tanggal: 26-08-2022 07:50:01 
Duration Download Forstok 10.343615055084 Detik
Duration Looping 500 Data 160.78718709946 Detik 
Total Duration 160.81147003174 Detik 
------------------------- 
Tanggal: 26-08-2022 07:55:01 
Duration Download Forstok 17.921905040741 Detik
Duration Looping 500 Data 165.15774488449 Detik 
Total Duration 165.18339300156 Detik 
------------------------- 
Tanggal: 26-08-2022 08:00:01 
Duration Download Forstok 15.466843128204 Detik
Duration Looping 500 Data 164.12292504311 Detik 
Total Duration 164.14705204964 Detik 
------------------------- 
Tanggal: 26-08-2022 08:05:01 
Duration Download Forstok 10.548812866211 Detik
Duration Looping 500 Data 156.13673496246 Detik 
Total Duration 156.1619579792 Detik 
------------------------- 
Tanggal: 26-08-2022 08:10:01 
Duration Download Forstok 11.331861019135 Detik
Duration Looping 500 Data 159.43815779686 Detik 
Total Duration 159.46254396439 Detik 
------------------------- 
Tanggal: 26-08-2022 08:15:01 
Duration Download Forstok 19.01527094841 Detik
Duration Looping 500 Data 174.68590903282 Detik 
Total Duration 174.71406698227 Detik 
------------------------- 
Tanggal: 26-08-2022 08:20:01 
Duration Download Forstok 12.433496952057 Detik
Duration Looping 500 Data 166.03537106514 Detik 
Total Duration 166.06714200974 Detik 
------------------------- 
Tanggal: 26-08-2022 08:25:01 
Duration Download Forstok 9.5078778266907 Detik
Duration Looping 500 Data 160.31251001358 Detik 
Total Duration 160.33811283112 Detik 
------------------------- 
Tanggal: 26-08-2022 08:30:01 
Duration Download Forstok 15.816486120224 Detik
Duration Looping 500 Data 171.92212200165 Detik 
Total Duration 171.95143795013 Detik 
------------------------- 
Tanggal: 26-08-2022 08:35:01 
Duration Download Forstok 9.6660649776459 Detik
Duration Looping 500 Data 167.70024204254 Detik 
Total Duration 167.72777891159 Detik 
------------------------- 
Tanggal: 26-08-2022 08:40:01 
Duration Download Forstok 13.418955087662 Detik
Duration Looping 500 Data 179.80752897263 Detik 
Total Duration 179.8471570015 Detik 
------------------------- 
Tanggal: 26-08-2022 08:45:01 
Duration Download Forstok 12.50636100769 Detik
Duration Looping 500 Data 180.95374178886 Detik 
Total Duration 180.99372196198 Detik 
------------------------- 
Tanggal: 26-08-2022 08:50:01 
Duration Download Forstok 12.096165180206 Detik
Duration Looping 500 Data 180.33734416962 Detik 
Total Duration 180.36918497086 Detik 
------------------------- 
Tanggal: 26-08-2022 08:55:01 
Duration Download Forstok 9.3011500835419 Detik
Duration Looping 500 Data 180.13338804245 Detik 
Total Duration 180.1615319252 Detik 
------------------------- 
Tanggal: 26-08-2022 09:00:01 
Duration Download Forstok 12.242094993591 Detik
Duration Looping 500 Data 178.46135377884 Detik 
Total Duration 178.49114394188 Detik 
------------------------- 
Tanggal: 26-08-2022 09:05:01 
Duration Download Forstok 12.377664804459 Detik
Duration Looping 500 Data 177.84371781349 Detik 
Total Duration 177.87480401993 Detik 
------------------------- 
Tanggal: 26-08-2022 09:10:01 
Duration Download Forstok 15.071702957153 Detik
Duration Looping 500 Data 174.0602440834 Detik 
Tanggal: 26-08-2022 09:15:01 
Duration Download Forstok 12.757639169693 Detik
Duration Looping 500 Data 176.06348705292 Detik 
Tanggal: 26-08-2022 09:20:01 
Duration Download Forstok 15.204288959503 Detik
Duration Looping 500 Data 179.18082094193 Detik 
Tanggal: 26-08-2022 09:25:01 
Duration Download Forstok 23.531359910965 Detik
Duration Looping 500 Data 185.71419692039 Detik 
Tanggal: 26-08-2022 09:30:01 
Duration Download Forstok 15.271389007568 Detik
Duration Looping 500 Data 184.0213830471 Detik 
Tanggal: 26-08-2022 09:35:01 
Duration Download Forstok 14.289571046829 Detik
Duration Looping 500 Data 181.2029030323 Detik 
Tanggal: 26-08-2022 09:40:01 
Duration Download Forstok 11.777274847031 Detik
Duration Looping 500 Data 179.44138383865 Detik 
Tanggal: 26-08-2022 09:45:01 
Duration Download Forstok 14.754783153534 Detik
Duration Looping 500 Data 185.74806809425 Detik 
Tanggal: 26-08-2022 09:50:01 
Duration Download Forstok 12.229539871216 Detik
Duration Looping 500 Data 170.32627081871 Detik 
Tanggal: 26-08-2022 09:55:01 
Duration Download Forstok 12.457147836685 Detik
Duration Looping 500 Data 196.62351894379 Detik 
Tanggal: 26-08-2022 10:00:02 
Duration Download Forstok 14.47841501236 Detik
Duration Looping 500 Data 182.81319880486 Detik 
Tanggal: 26-08-2022 10:05:01 
Duration Download Forstok 12.583518981934 Detik
Duration Looping 500 Data 179.07879209518 Detik 
Tanggal: 26-08-2022 10:10:00 
Duration Download Forstok 24.46157002449 Detik
Duration Looping 500 Data 193.58925795555 Detik 
Tanggal: 26-08-2022 10:15:01 
Duration Download Forstok 15.084795951843 Detik
Duration Looping 500 Data 198.35128307343 Detik 
Tanggal: 26-08-2022 10:20:01 
Duration Download Forstok 19.920960903168 Detik
Duration Looping 500 Data 180.4436519146 Detik 
Tanggal: 26-08-2022 10:25:01 
Duration Download Forstok 18.355033159256 Detik
Duration Looping 500 Data 175.89440703392 Detik 
Tanggal: 26-08-2022 10:30:01 
Duration Download Forstok 16.787189006805 Detik
Duration Looping 500 Data 173.81645011902 Detik 
Tanggal: 26-08-2022 10:35:01 
Duration Download Forstok 16.260864973068 Detik
Duration Looping 500 Data 172.27019095421 Detik 
Tanggal: 26-08-2022 10:40:01 
Duration Download Forstok 25.844310045242 Detik
Duration Looping 500 Data 186.33833098412 Detik 
Tanggal: 26-08-2022 10:45:01 
Duration Download Forstok 12.671566009521 Detik
Duration Looping 500 Data 174.58414196968 Detik 
Tanggal: 26-08-2022 10:50:01 
Duration Download Forstok 19.44719004631 Detik
Duration Looping 500 Data 179.97579503059 Detik 
Tanggal: 26-08-2022 10:55:01 
Duration Download Forstok 16.396976232529 Detik
Duration Looping 500 Data 187.66252613068 Detik 
Tanggal: 26-08-2022 11:00:01 
Duration Download Forstok 16.621402025223 Detik
Duration Looping 500 Data 185.23340392113 Detik 
Tanggal: 26-08-2022 11:05:01 
Duration Download Forstok 16.089334011078 Detik
Duration Looping 500 Data 176.4234149456 Detik 
Tanggal: 26-08-2022 11:10:01 
Duration Download Forstok 20.721364021301 Detik
Duration Looping 500 Data 184.7014400959 Detik 
Tanggal: 26-08-2022 11:15:01 
Duration Download Forstok 19.69642496109 Detik
Duration Looping 500 Data 186.28604412079 Detik 
Tanggal: 26-08-2022 11:20:01 
Duration Download Forstok 26.381489038467 Detik
Duration Looping 500 Data 194.27967691422 Detik 
Tanggal: 26-08-2022 11:25:01 
Duration Download Forstok 16.373325109482 Detik
Duration Looping 500 Data 176.19247412682 Detik 
Tanggal: 26-08-2022 11:30:01 
Duration Download Forstok 18.534726142883 Detik
Duration Looping 500 Data 210.39584422112 Detik 
Tanggal: 26-08-2022 11:35:01 
Duration Download Forstok 15.672796010971 Detik
Duration Looping 500 Data 167.52434802055 Detik 
Tanggal: 26-08-2022 11:40:01 
Duration Download Forstok 12.991759061813 Detik
Duration Looping 500 Data 168.03216195107 Detik 
Tanggal: 26-08-2022 11:45:01 
Duration Download Forstok 13.802211046219 Detik
Duration Looping 500 Data 163.88160014153 Detik 
Tanggal: 26-08-2022 11:50:01 
Duration Download Forstok 14.95222902298 Detik
Duration Looping 500 Data 167.27015900612 Detik 
Tanggal: 26-08-2022 11:55:01 
Duration Download Forstok 12.082590103149 Detik
Duration Looping 500 Data 163.26328110695 Detik 
Tanggal: 26-08-2022 12:00:01 
Duration Download Forstok 21.815315008163 Detik
Duration Looping 500 Data 180.67542386055 Detik 
Tanggal: 26-08-2022 12:05:01 
Duration Download Forstok 10.275985002518 Detik
Duration Looping 500 Data 163.56221318245 Detik 
Tanggal: 26-08-2022 12:10:01 
Duration Download Forstok 12.036941051483 Detik
Duration Looping 500 Data 162.4249150753 Detik 
Tanggal: 26-08-2022 12:15:01 
Duration Download Forstok 12.409718036652 Detik
Duration Looping 500 Data 165.02645897865 Detik 
Tanggal: 26-08-2022 12:20:01 
Duration Download Forstok 18.588730812073 Detik
Duration Looping 500 Data 165.49719381332 Detik 
Tanggal: 26-08-2022 12:25:02 
Duration Download Forstok 8.8560049533844 Detik
Duration Looping 500 Data 159.12042593956 Detik 
Tanggal: 26-08-2022 12:30:01 
Duration Download Forstok 14.80326294899 Detik
Duration Looping 500 Data 164.84952187538 Detik 
Tanggal: 26-08-2022 12:35:01 
Duration Download Forstok 13.931524991989 Detik
Duration Looping 500 Data 161.23797512054 Detik 
Tanggal: 26-08-2022 12:40:01 
Duration Download Forstok 11.069936990738 Detik
Duration Looping 500 Data 159.91624188423 Detik 
Tanggal: 26-08-2022 12:45:02 
Duration Download Forstok 12.304170846939 Detik
Duration Looping 500 Data 156.92678904533 Detik 
Tanggal: 26-08-2022 12:50:01 
Duration Download Forstok 14.041903972626 Detik
Duration Looping 500 Data 164.38048601151 Detik 
Tanggal: 26-08-2022 12:55:01 
Duration Download Forstok 11.295295000076 Detik
Duration Looping 500 Data 159.36486005783 Detik 
Tanggal: 26-08-2022 13:00:01 
Duration Download Forstok 10.266777038574 Detik
Duration Looping 500 Data 163.98275709152 Detik 
Tanggal: 26-08-2022 13:05:01 
Duration Download Forstok 10.525600910187 Detik
Duration Looping 500 Data 158.47730302811 Detik 
Tanggal: 26-08-2022 13:10:01 
Duration Download Forstok 12.232695102692 Detik
Duration Looping 500 Data 177.38010501862 Detik 
Tanggal: 26-08-2022 13:15:01 
Duration Download Forstok 12.987361192703 Detik
Duration Looping 500 Data 181.51343417168 Detik 
Tanggal: 26-08-2022 13:20:01 
Duration Download Forstok 11.192722082138 Detik
Duration Looping 500 Data 179.7335691452 Detik 
Tanggal: 26-08-2022 13:25:00 
Duration Download Forstok 10.300131082535 Detik
Duration Looping 500 Data 173.27832317352 Detik 
Tanggal: 26-08-2022 13:30:01 
Duration Download Forstok 14.11817407608 Detik
Duration Looping 500 Data 183.12255907059 Detik 
Tanggal: 26-08-2022 13:35:01 
Duration Download Forstok 11.350263834 Detik
Duration Looping 500 Data 165.05832982063 Detik 
Tanggal: 26-08-2022 13:40:01 
Duration Download Forstok 14.552122116089 Detik
Duration Looping 500 Data 169.98571109772 Detik 
Tanggal: 26-08-2022 13:45:01 
Duration Download Forstok 16.511864185333 Detik
Duration Looping 500 Data 177.0860722065 Detik 
Tanggal: 26-08-2022 13:50:01 
Duration Download Forstok 12.833143949509 Detik
Duration Looping 500 Data 168.89284396172 Detik 
Tanggal: 26-08-2022 13:55:02 
Duration Download Forstok 12.818713188171 Detik
Duration Looping 500 Data 161.86388516426 Detik 
Tanggal: 26-08-2022 14:00:01 
Duration Download Forstok 15.949788808823 Detik
Duration Looping 500 Data 173.87106776237 Detik 
Tanggal: 26-08-2022 14:05:01 
Duration Download Forstok 12.960565090179 Detik
Duration Looping 500 Data 166.72943592072 Detik 
Tanggal: 26-08-2022 14:10:01 
Duration Download Forstok 18.248116016388 Detik
Duration Looping 500 Data 177.13623404503 Detik 
Tanggal: 26-08-2022 14:15:01 
Duration Download Forstok 15.498703956604 Detik
Duration Looping 500 Data 175.88370609283 Detik 
Tanggal: 26-08-2022 14:20:01 
Duration Download Forstok 12.961576938629 Detik
Duration Looping 500 Data 170.72234892845 Detik 
Tanggal: 26-08-2022 14:25:01 
Duration Download Forstok 12.227262020111 Detik
Duration Looping 500 Data 189.37238812447 Detik 
Tanggal: 26-08-2022 14:30:01 
Duration Download Forstok 13.846393823624 Detik
Duration Looping 500 Data 170.43467402458 Detik 
Tanggal: 26-08-2022 14:35:01 
Duration Download Forstok 13.917261838913 Detik
Duration Looping 500 Data 169.09957480431 Detik 
Tanggal: 26-08-2022 14:40:01 
Duration Download Forstok 12.118183851242 Detik
Duration Looping 500 Data 176.33861684799 Detik 
Tanggal: 26-08-2022 14:45:01 
Duration Download Forstok 14.847419023514 Detik
Duration Looping 500 Data 172.04353189468 Detik 
Tanggal: 26-08-2022 14:50:01 
Duration Download Forstok 24.171540975571 Detik
Duration Looping 500 Data 181.4238960743 Detik 
Tanggal: 26-08-2022 14:55:01 
Duration Download Forstok 16.796611070633 Detik
Duration Looping 500 Data 171.64200210571 Detik 
Tanggal: 26-08-2022 15:00:01 
Duration Download Forstok 14.008394002914 Detik
Duration Looping 500 Data 166.63662791252 Detik 
Tanggal: 26-08-2022 15:05:01 
Duration Download Forstok 14.218774080276 Detik
Duration Looping 500 Data 174.57729506493 Detik 
Tanggal: 26-08-2022 15:10:01 
Duration Download Forstok 17.307153940201 Detik
Duration Looping 500 Data 175.57241296768 Detik 
Tanggal: 26-08-2022 15:15:02 
Duration Download Forstok 15.160471916199 Detik
Duration Looping 500 Data 177.78997898102 Detik 
Tanggal: 26-08-2022 15:20:01 
Duration Download Forstok 18.57204914093 Detik
Duration Looping 500 Data 181.1258392334 Detik 
Tanggal: 26-08-2022 15:25:01 
Duration Download Forstok 16.173863172531 Detik
Duration Looping 500 Data 180.26055216789 Detik 
Tanggal: 26-08-2022 15:30:01 
Duration Download Forstok 13.886626005173 Detik
Duration Looping 500 Data 179.05544400215 Detik 
Tanggal: 26-08-2022 15:35:01 
Duration Download Forstok 15.286057949066 Detik
Duration Looping 500 Data 176.65669798851 Detik 
Tanggal: 26-08-2022 15:40:01 
Duration Download Forstok 11.793184041977 Detik
Duration Looping 500 Data 177.51373004913 Detik 
Tanggal: 26-08-2022 15:45:01 
Duration Download Forstok 14.610332012177 Detik
Duration Looping 500 Data 183.0597178936 Detik 
Tanggal: 26-08-2022 15:50:01 
Duration Download Forstok 13.84340596199 Detik
Duration Looping 500 Data 178.4814260006 Detik 
Tanggal: 26-08-2022 15:55:00 
Duration Download Forstok 12.56921005249 Detik
Duration Looping 500 Data 174.6167910099 Detik 
Tanggal: 26-08-2022 16:00:01 
Duration Download Forstok 12.382670879364 Detik
Duration Looping 500 Data 177.88887286186 Detik 
Total Duration 177.91741204262 Detik 
------------------------- 
Tanggal: 26-08-2022 16:05:01 
Duration Download Forstok 11.2069439888 Detik
Duration Looping 500 Data 177.21759200096 Detik 
Total Duration 177.25000405312 Detik 
------------------------- 
Tanggal: 26-08-2022 16:10:01 
Duration Download Forstok 12.29113984108 Detik
Duration Looping 500 Data 178.85345983505 Detik 
Total Duration 178.87967395782 Detik 
------------------------- 
Tanggal: 26-08-2022 16:15:02 
Duration Download Forstok 16.891623973846 Detik
Duration Looping 500 Data 178.21314883232 Detik 
Total Duration 178.23925495148 Detik 
------------------------- 
Tanggal: 26-08-2022 16:20:01 
Duration Download Forstok 14.413400888443 Detik
Duration Looping 500 Data 184.75474190712 Detik 
Total Duration 184.78372097015 Detik 
------------------------- 
Tanggal: 26-08-2022 16:25:00 
Duration Download Forstok 11.753780841827 Detik
Duration Looping 500 Data 182.7070248127 Detik 
Total Duration 182.73950886726 Detik 
------------------------- 
Tanggal: 26-08-2022 16:30:01 
Duration Download Forstok 14.234580993652 Detik
Duration Looping 500 Data 186.90144681931 Detik 
Total Duration 186.93202781677 Detik 
------------------------- 
Tanggal: 26-08-2022 16:35:01 
Duration Download Forstok 11.933939933777 Detik
Duration Looping 500 Data 183.06360006332 Detik 
Total Duration 183.09298205376 Detik 
------------------------- 
Tanggal: 26-08-2022 16:40:01 
Duration Download Forstok 10.579964876175 Detik
Duration Looping 500 Data 181.66343998909 Detik 
Total Duration 181.69055986404 Detik 
------------------------- 
Tanggal: 26-08-2022 16:45:01 
Duration Download Forstok 15.12717795372 Detik
Duration Looping 500 Data 190.03222203255 Detik 
Total Duration 190.05965900421 Detik 
------------------------- 
Tanggal: 26-08-2022 16:50:01 
Duration Download Forstok 15.01993894577 Detik
Duration Looping 500 Data 178.58850002289 Detik 
Total Duration 178.61886096001 Detik 
------------------------- 
Tanggal: 26-08-2022 16:55:01 
Duration Download Forstok 11.302070856094 Detik
Duration Looping 500 Data 174.61568903923 Detik 
Total Duration 174.64401197433 Detik 
------------------------- 
Tanggal: 26-08-2022 17:00:01 
Duration Download Forstok 18.23569893837 Detik
Duration Looping 500 Data 193.13492584229 Detik 
Total Duration 193.16402387619 Detik 
------------------------- 
Tanggal: 26-08-2022 17:05:01 
Duration Download Forstok 12.195666074753 Detik
Duration Looping 500 Data 177.65151906013 Detik 
Total Duration 177.67799210548 Detik 
------------------------- 
Tanggal: 26-08-2022 17:10:01 
Duration Download Forstok 21.930233001709 Detik
Duration Looping 500 Data 177.4039080143 Detik 
Total Duration 177.43097901344 Detik 
------------------------- 
Tanggal: 26-08-2022 17:15:01 
Duration Download Forstok 20.486132144928 Detik
Duration Looping 500 Data 171.18836116791 Detik 
Total Duration 171.21248912811 Detik 
------------------------- 
Tanggal: 26-08-2022 17:20:01 
Duration Download Forstok 13.946712017059 Detik
Duration Looping 500 Data 172.05748105049 Detik 
Total Duration 172.08323407173 Detik 
------------------------- 
Tanggal: 26-08-2022 17:25:01 
Duration Download Forstok 12.52111697197 Detik
Duration Looping 500 Data 160.35128092766 Detik 
Total Duration 160.37682199478 Detik 
------------------------- 
Tanggal: 26-08-2022 17:30:01 
Duration Download Forstok 14.87685918808 Detik
Duration Looping 500 Data 162.96877217293 Detik 
Total Duration 162.99303913116 Detik 
------------------------- 
Tanggal: 26-08-2022 17:35:01 
Duration Download Forstok 11.224199056625 Detik
Duration Looping 500 Data 162.66356515884 Detik 
Total Duration 162.68881106377 Detik 
------------------------- 
Tanggal: 26-08-2022 17:40:01 
Duration Download Forstok 13.993458986282 Detik
Duration Looping 500 Data 165.25271511078 Detik 
Total Duration 165.28345108032 Detik 
------------------------- 
Tanggal: 26-08-2022 17:45:01 
Duration Download Forstok 17.384423017502 Detik
Duration Looping 500 Data 169.09608197212 Detik 
Total Duration 169.12163591385 Detik 
------------------------- 
Tanggal: 26-08-2022 17:50:01 
Duration Download Forstok 11.051156997681 Detik
Duration Looping 500 Data 167.24447989464 Detik 
Total Duration 167.26985406876 Detik 
------------------------- 
Tanggal: 26-08-2022 17:55:01 
Duration Download Forstok 9.9613909721375 Detik
Duration Looping 500 Data 160.34345984459 Detik 
Total Duration 160.36909389496 Detik 
------------------------- 
Tanggal: 26-08-2022 18:00:01 
Duration Download Forstok 13.534987211227 Detik
Duration Looping 500 Data 170.96481204033 Detik 
Total Duration 170.98978614807 Detik 
------------------------- 
Tanggal: 26-08-2022 18:05:01 
Duration Download Forstok 11.920988082886 Detik
Duration Looping 500 Data 157.7810959816 Detik 
Total Duration 157.80658698082 Detik 
------------------------- 
Tanggal: 26-08-2022 18:10:01 
Duration Download Forstok 13.600157022476 Detik
Duration Looping 500 Data 165.20452713966 Detik 
Total Duration 165.23284006119 Detik 
------------------------- 
Tanggal: 26-08-2022 18:15:01 
Duration Download Forstok 12.68244099617 Detik
Duration Looping 500 Data 162.15592598915 Detik 
Total Duration 162.18136405945 Detik 
------------------------- 
Tanggal: 26-08-2022 18:20:01 
Duration Download Forstok 12.502511024475 Detik
Duration Looping 500 Data 173.33295607567 Detik 
Total Duration 173.36001896858 Detik 
------------------------- 
Tanggal: 26-08-2022 18:25:01 
Duration Download Forstok 14.957676887512 Detik
Duration Looping 500 Data 163.62414598465 Detik 
Total Duration 163.64939808846 Detik 
------------------------- 
Tanggal: 26-08-2022 18:30:01 
Duration Download Forstok 13.094521999359 Detik
Duration Looping 500 Data 170.24607801437 Detik 
Total Duration 170.27123188972 Detik 
------------------------- 
Tanggal: 26-08-2022 18:35:01 
Duration Download Forstok 10.41172504425 Detik
Duration Looping 500 Data 163.19152903557 Detik 
Total Duration 163.21680402756 Detik 
------------------------- 
Tanggal: 26-08-2022 18:40:01 
Duration Download Forstok 10.994519948959 Detik
Duration Looping 500 Data 167.24948501587 Detik 
Total Duration 167.27729392052 Detik 
------------------------- 
Tanggal: 26-08-2022 18:45:01 
Duration Download Forstok 23.760031938553 Detik
Duration Looping 500 Data 176.34215092659 Detik 
Total Duration 176.36652898788 Detik 
------------------------- 
Tanggal: 26-08-2022 18:50:01 
Duration Download Forstok 9.39914894104 Detik
Duration Looping 500 Data 162.47106003761 Detik 
Total Duration 162.49879908562 Detik 
------------------------- 
Tanggal: 26-08-2022 18:55:01 
Duration Download Forstok 10.515691041946 Detik
Duration Looping 500 Data 156.58506917953 Detik 
Total Duration 156.61162805557 Detik 
------------------------- 
Tanggal: 26-08-2022 19:00:02 
Duration Download Forstok 13.881874799728 Detik
Duration Looping 500 Data 163.74450993538 Detik 
Total Duration 163.77467179298 Detik 
------------------------- 
Tanggal: 26-08-2022 19:05:01 
Duration Download Forstok 11.512948036194 Detik
Duration Looping 500 Data 168.33100295067 Detik 
Total Duration 168.35627198219 Detik 
------------------------- 
Tanggal: 26-08-2022 19:10:01 
Duration Download Forstok 12.295680046082 Detik
Duration Looping 500 Data 166.94281005859 Detik 
Total Duration 166.96854805946 Detik 
------------------------- 
Tanggal: 26-08-2022 19:15:01 
Duration Download Forstok 22.011000156403 Detik
Duration Looping 500 Data 175.285572052 Detik 
Total Duration 175.31077408791 Detik 
------------------------- 
Tanggal: 26-08-2022 19:20:01 
Duration Download Forstok 16.644362926483 Detik
Duration Looping 500 Data 166.21625494957 Detik 
Total Duration 166.24509310722 Detik 
------------------------- 
Tanggal: 26-08-2022 19:25:01 
Duration Download Forstok 11.162609100342 Detik
Duration Looping 500 Data 167.73826813698 Detik 
Total Duration 167.76545596123 Detik 
------------------------- 
Tanggal: 26-08-2022 19:30:01 
Duration Download Forstok 13.013639211655 Detik
Duration Looping 500 Data 168.18483614922 Detik 
Total Duration 168.21034002304 Detik 
------------------------- 
Tanggal: 26-08-2022 19:35:01 
Duration Download Forstok 15.600118160248 Detik
Duration Looping 500 Data 163.87250113487 Detik 
Total Duration 163.89664816856 Detik 
------------------------- 
Tanggal: 26-08-2022 19:40:01 
Duration Download Forstok 14.091115951538 Detik
Duration Looping 500 Data 164.32605886459 Detik 
Total Duration 164.35244297981 Detik 
------------------------- 
Tanggal: 26-08-2022 19:45:01 
Duration Download Forstok 19.224186897278 Detik
Duration Looping 500 Data 176.64636898041 Detik 
Total Duration 176.67294192314 Detik 
------------------------- 
Tanggal: 26-08-2022 19:50:01 
Duration Download Forstok 16.472114086151 Detik
Duration Looping 500 Data 167.64735507965 Detik 
Total Duration 167.67677593231 Detik 
------------------------- 
Tanggal: 26-08-2022 19:55:02 
Duration Download Forstok 15.494872808456 Detik
Duration Looping 500 Data 166.09187293053 Detik 
Total Duration 166.11613488197 Detik 
------------------------- 
Tanggal: 26-08-2022 20:00:01 
Duration Download Forstok 25.813407182693 Detik
Duration Looping 500 Data 172.04060006142 Detik 
Total Duration 172.06506896019 Detik 
------------------------- 
Tanggal: 26-08-2022 20:05:01 
Duration Download Forstok 16.199583768845 Detik
Duration Looping 500 Data 171.77977085114 Detik 
Total Duration 171.80415487289 Detik 
------------------------- 
Tanggal: 26-08-2022 20:10:01 
Duration Download Forstok 12.148622989655 Detik
Duration Looping 500 Data 175.57334399223 Detik 
Total Duration 175.59925293922 Detik 
------------------------- 
Tanggal: 26-08-2022 20:15:01 
Duration Download Forstok 15.282620191574 Detik
Duration Looping 500 Data 166.84044504166 Detik 
Total Duration 166.86747002602 Detik 
------------------------- 
Tanggal: 26-08-2022 20:20:01 
Duration Download Forstok 12.263160943985 Detik
Duration Looping 500 Data 164.37070989609 Detik 
Total Duration 164.39664387703 Detik 
------------------------- 
Tanggal: 26-08-2022 20:25:01 
Duration Download Forstok 18.628588914871 Detik
Duration Looping 500 Data 165.39308691025 Detik 
Total Duration 165.41848683357 Detik 
------------------------- 
Tanggal: 26-08-2022 20:30:01 
Duration Download Forstok 16.702971935272 Detik
Duration Looping 500 Data 169.66305708885 Detik 
Total Duration 169.6873190403 Detik 
------------------------- 
Tanggal: 26-08-2022 20:35:01 
Duration Download Forstok 17.407263040543 Detik
Duration Looping 500 Data 167.47170090675 Detik 
Total Duration 167.49655795097 Detik 
------------------------- 
Tanggal: 26-08-2022 20:40:01 
Duration Download Forstok 17.573503017426 Detik
Duration Looping 500 Data 167.76878118515 Detik 
Total Duration 167.79506111145 Detik 
------------------------- 
Tanggal: 26-08-2022 20:45:01 
Duration Download Forstok 20.121288061142 Detik
Duration Looping 500 Data 171.29400801659 Detik 
Total Duration 171.3202559948 Detik 
------------------------- 
Tanggal: 26-08-2022 20:50:01 
Duration Download Forstok 14.897095918655 Detik
Duration Looping 500 Data 165.48700904846 Detik 
Total Duration 165.51370596886 Detik 
------------------------- 
Tanggal: 26-08-2022 20:55:01 
Duration Download Forstok 11.6193318367 Detik
Duration Looping 500 Data 157.74522686005 Detik 
Total Duration 157.7697930336 Detik 
------------------------- 
Tanggal: 26-08-2022 21:00:01 
Duration Download Forstok 19.236637115479 Detik
Duration Looping 500 Data 170.97070789337 Detik 
Total Duration 170.99874806404 Detik 
------------------------- 
Tanggal: 26-08-2022 21:05:01 
Duration Download Forstok 26.661889076233 Detik
Duration Looping 500 Data 180.07796096802 Detik 
Tanggal: 26-08-2022 21:10:01 
Duration Download Forstok 33.01589012146 Detik
Duration Looping 500 Data 194.54547405243 Detik 
Tanggal: 26-08-2022 21:15:01 
Duration Download Forstok 15.861464977264 Detik
Duration Looping 500 Data 170.97386217117 Detik 
Tanggal: 26-08-2022 21:20:01 
Duration Download Forstok 19.99831199646 Detik
Duration Looping 500 Data 176.26504182816 Detik 
Tanggal: 26-08-2022 21:25:01 
Duration Download Forstok 14.474209070206 Detik
Duration Looping 500 Data 166.88400292397 Detik 
Tanggal: 26-08-2022 21:30:01 
Duration Download Forstok 15.814090967178 Detik
Duration Looping 500 Data 164.82409596443 Detik 
Tanggal: 26-08-2022 21:35:01 
Duration Download Forstok 14.707345962524 Detik
Duration Looping 500 Data 160.65546178818 Detik 
Tanggal: 26-08-2022 21:40:02 
Duration Download Forstok 18.615813016891 Detik
Duration Looping 500 Data 169.72205305099 Detik 
Tanggal: 26-08-2022 21:45:01 
Duration Download Forstok 15.801441192627 Detik
Duration Looping 500 Data 166.78591012955 Detik 
Tanggal: 26-08-2022 21:50:01 
Duration Download Forstok 14.212177991867 Detik
Duration Looping 500 Data 163.2562379837 Detik 
Tanggal: 26-08-2022 21:55:01 
Duration Download Forstok 13.609770774841 Detik
Duration Looping 500 Data 166.74581193924 Detik 
Tanggal: 26-08-2022 22:00:01 
Duration Download Forstok 14.845191001892 Detik
Duration Looping 500 Data 172.57224416733 Detik 
Tanggal: 26-08-2022 22:05:01 
Duration Download Forstok 12.778403997421 Detik
Duration Looping 500 Data 165.360049963 Detik 
Tanggal: 26-08-2022 22:10:01 
Duration Download Forstok 33.176429033279 Detik
Duration Looping 500 Data 191.3718559742 Detik 
Tanggal: 26-08-2022 22:15:01 
Duration Download Forstok 13.265999078751 Detik
Duration Looping 500 Data 160.02770996094 Detik 
Tanggal: 26-08-2022 22:20:02 
Duration Download Forstok 13.741533994675 Detik
Duration Looping 500 Data 165.98409295082 Detik 
Tanggal: 26-08-2022 22:25:01 
Duration Download Forstok 16.500509977341 Detik
Duration Looping 500 Data 162.54898405075 Detik 
Tanggal: 26-08-2022 22:30:01 
Duration Download Forstok 14.239582061768 Detik
Duration Looping 500 Data 166.02191114426 Detik 
Tanggal: 26-08-2022 22:35:01 
Duration Download Forstok 13.69851899147 Detik
Duration Looping 500 Data 175.21512889862 Detik 
Tanggal: 26-08-2022 22:40:01 
Duration Download Forstok 18.105883836746 Detik
Duration Looping 500 Data 165.92137694359 Detik 
Tanggal: 26-08-2022 22:45:01 
Duration Download Forstok 15.339639186859 Detik
Duration Looping 500 Data 167.78328299522 Detik 
Tanggal: 26-08-2022 22:50:01 
Duration Download Forstok 13.323235988617 Detik
Duration Looping 500 Data 166.38249802589 Detik 
Tanggal: 26-08-2022 22:55:01 
Duration Download Forstok 17.92892408371 Detik
Duration Looping 500 Data 173.65394306183 Detik 
Tanggal: 26-08-2022 23:00:01 
Duration Download Forstok 15.020993947983 Detik
Duration Looping 500 Data 165.62843108177 Detik 
Tanggal: 26-08-2022 23:05:01 
Duration Download Forstok 12.366877794266 Detik
Duration Looping 500 Data 158.54725193977 Detik 
Tanggal: 26-08-2022 23:10:01 
Duration Download Forstok 20.277975082397 Detik
Duration Looping 500 Data 174.6470580101 Detik 
Tanggal: 26-08-2022 23:15:01 
Duration Download Forstok 14.619874954224 Detik
Duration Looping 500 Data 170.07381296158 Detik 
Tanggal: 26-08-2022 23:20:01 
Duration Download Forstok 12.455982923508 Detik
Duration Looping 500 Data 166.4631729126 Detik 
Tanggal: 26-08-2022 23:25:01 
Duration Download Forstok 10.57052898407 Detik
Duration Looping 500 Data 169.69645094872 Detik 
Tanggal: 26-08-2022 23:30:01 
Duration Download Forstok 12.584355115891 Detik
Duration Looping 500 Data 161.33864116669 Detik 
Tanggal: 26-08-2022 23:35:01 
Duration Download Forstok 12.093329906464 Detik
Duration Looping 500 Data 166.48641204834 Detik 
Tanggal: 26-08-2022 23:40:01 
Duration Download Forstok 11.804211854935 Detik
Duration Looping 500 Data 164.5951218605 Detik 
Tanggal: 26-08-2022 23:45:02 
Duration Download Forstok 16.075548887253 Detik
Duration Looping 500 Data 161.5033929348 Detik 
Tanggal: 26-08-2022 23:50:01 
Duration Download Forstok 13.087924003601 Detik
Duration Looping 500 Data 165.87358903885 Detik 
Tanggal: 26-08-2022 23:55:01 
Duration Download Forstok 10.337929964066 Detik
Duration Looping 500 Data 163.29289698601 Detik 
