Tanggal: 22-01-2022 00:00:01 
Duration Download Forstok 14.282799005508 Detik
Duration Looping 700 Data 599.06817102432 Detik 
Total Duration 599.06933808327 Detik 
------------------------- 
Tanggal: 22-01-2022 00:10:01 
Duration Download Forstok 13.784707069397 Detik
Duration Looping 700 Data 167.44275712967 Detik 
Total Duration 167.44286799431 Detik 
------------------------- 
Tanggal: 22-01-2022 00:15:01 
Duration Download Forstok 21.886533021927 Detik
Duration Looping 700 Data 180.41116881371 Detik 
Total Duration 180.41136789322 Detik 
------------------------- 
Tanggal: 22-01-2022 00:20:01 
Duration Download Forstok 12.100214004517 Detik
Duration Looping 700 Data 154.95702195168 Detik 
Total Duration 154.95710492134 Detik 
------------------------- 
Tanggal: 22-01-2022 00:25:01 
Duration Download Forstok 12.304085969925 Detik
Duration Looping 700 Data 162.81434798241 Detik 
Total Duration 162.81446003914 Detik 
------------------------- 
Tanggal: 22-01-2022 00:30:01 
Duration Download Forstok 14.063237905502 Detik
Duration Looping 700 Data 155.15670084953 Detik 
Total Duration 155.15680885315 Detik 
------------------------- 
Tanggal: 22-01-2022 00:35:01 
Duration Download Forstok 17.176872014999 Detik
Duration Looping 700 Data 159.31029987335 Detik 
Total Duration 159.31042098999 Detik 
------------------------- 
Tanggal: 22-01-2022 00:40:01 
Duration Download Forstok 14.946196079254 Detik
Duration Looping 700 Data 160.67924904823 Detik 
Total Duration 160.67936301231 Detik 
------------------------- 
Tanggal: 22-01-2022 00:45:01 
Duration Download Forstok 17.937607049942 Detik
Duration Looping 700 Data 159.59758806229 Detik 
Total Duration 159.59770107269 Detik 
------------------------- 
Tanggal: 22-01-2022 00:50:01 
Duration Download Forstok 12.087766170502 Detik
Duration Looping 700 Data 155.37463402748 Detik 
Total Duration 155.37474918365 Detik 
------------------------- 
Tanggal: 22-01-2022 00:55:01 
Duration Download Forstok 11.019140005112 Detik
Duration Looping 700 Data 148.92068505287 Detik 
Total Duration 148.9207971096 Detik 
------------------------- 
Tanggal: 22-01-2022 01:00:01 
Duration Download Forstok 15.880557060242 Detik
Duration Looping 700 Data 158.47230696678 Detik 
Total Duration 158.47241997719 Detik 
------------------------- 
Tanggal: 22-01-2022 01:05:01 
Duration Download Forstok 17.344656944275 Detik
Duration Looping 700 Data 161.88348698616 Detik 
Total Duration 161.88360595703 Detik 
------------------------- 
Tanggal: 22-01-2022 01:10:01 
Duration Download Forstok 11.143440008163 Detik
Duration Looping 700 Data 155.74482512474 Detik 
Total Duration 155.74493193626 Detik 
------------------------- 
Tanggal: 22-01-2022 01:15:01 
Duration Download Forstok 21.507702112198 Detik
Duration Looping 700 Data 163.04842996597 Detik 
Total Duration 163.04854798317 Detik 
------------------------- 
Tanggal: 22-01-2022 01:20:01 
Duration Download Forstok 15.019731998444 Detik
Duration Looping 700 Data 151.95720005035 Detik 
Total Duration 151.9573199749 Detik 
------------------------- 
Tanggal: 22-01-2022 01:25:01 
Duration Download Forstok 14.54446387291 Detik
Duration Looping 700 Data 168.1160030365 Detik 
Total Duration 168.11611795425 Detik 
------------------------- 
Tanggal: 22-01-2022 01:30:01 
Duration Download Forstok 17.321786880493 Detik
Duration Looping 700 Data 154.8886039257 Detik 
Total Duration 154.88871884346 Detik 
------------------------- 
Tanggal: 22-01-2022 01:35:01 
Duration Download Forstok 19.386875152588 Detik
Duration Looping 700 Data 164.31365609169 Detik 
Total Duration 164.31377506256 Detik 
------------------------- 
Tanggal: 22-01-2022 01:40:01 
Duration Download Forstok 11.224250078201 Detik
Duration Looping 700 Data 155.47937607765 Detik 
Total Duration 155.47948908806 Detik 
------------------------- 
Tanggal: 22-01-2022 01:45:01 
Duration Download Forstok 15.817802190781 Detik
Duration Looping 700 Data 155.38106703758 Detik 
Total Duration 155.38117814064 Detik 
------------------------- 
Tanggal: 22-01-2022 01:50:01 
Duration Download Forstok 14.274984121323 Detik
Duration Looping 700 Data 153.06304907799 Detik 
Total Duration 153.06316208839 Detik 
------------------------- 
Tanggal: 22-01-2022 01:55:01 
Duration Download Forstok 16.827791929245 Detik
Duration Looping 700 Data 162.91560506821 Detik 
Total Duration 162.91575694084 Detik 
------------------------- 
Tanggal: 22-01-2022 02:00:01 
Duration Download Forstok 14.627404928207 Detik
Duration Looping 700 Data 161.46526002884 Detik 
Total Duration 161.46536898613 Detik 
------------------------- 
Tanggal: 22-01-2022 02:05:01 
Duration Download Forstok 19.530012130737 Detik
Duration Looping 700 Data 156.77404212952 Detik 
Total Duration 156.77415204048 Detik 
------------------------- 
Tanggal: 22-01-2022 02:10:01 
Duration Download Forstok 12.346832036972 Detik
Duration Looping 700 Data 155.54993510246 Detik 
Total Duration 155.55005097389 Detik 
------------------------- 
Tanggal: 22-01-2022 02:15:01 
Duration Download Forstok 21.242210149765 Detik
Duration Looping 700 Data 161.77589702606 Detik 
Total Duration 161.77601003647 Detik 
------------------------- 
Tanggal: 22-01-2022 02:20:01 
Duration Download Forstok 14.543832063675 Detik
Duration Looping 700 Data 162.48142313957 Detik 
Total Duration 162.48153114319 Detik 
------------------------- 
Tanggal: 22-01-2022 02:25:01 
Duration Download Forstok 14.198213100433 Detik
Duration Looping 700 Data 163.07852101326 Detik 
Total Duration 163.07863402367 Detik 
------------------------- 
Tanggal: 22-01-2022 02:30:01 
Duration Download Forstok 14.89103102684 Detik
Duration Looping 700 Data 153.79105091095 Detik 
Total Duration 153.79116201401 Detik 
------------------------- 
Tanggal: 22-01-2022 02:35:01 
Duration Download Forstok 18.412405014038 Detik
Duration Looping 700 Data 163.46771287918 Detik 
Total Duration 163.46783089638 Detik 
------------------------- 
Tanggal: 22-01-2022 02:40:01 
Duration Download Forstok 14.704789876938 Detik
Duration Looping 700 Data 152.72093486786 Detik 
Total Duration 152.72104287148 Detik 
------------------------- 
Tanggal: 22-01-2022 02:45:01 
Duration Download Forstok 18.893131971359 Detik
Duration Looping 700 Data 180.93302202225 Detik 
Total Duration 180.93313288689 Detik 
------------------------- 
Tanggal: 22-01-2022 02:50:01 
Duration Download Forstok 13.998247146606 Detik
Duration Looping 700 Data 160.65974903107 Detik 
Total Duration 160.65986299515 Detik 
------------------------- 
Tanggal: 22-01-2022 02:55:01 
Duration Download Forstok 11.693825006485 Detik
Duration Looping 700 Data 154.83948802948 Detik 
Total Duration 154.83960103989 Detik 
------------------------- 
Tanggal: 22-01-2022 03:00:01 
Duration Download Forstok 13.139689922333 Detik
Duration Looping 700 Data 157.73727083206 Detik 
Total Duration 157.73738384247 Detik 
------------------------- 
Tanggal: 22-01-2022 03:05:01 
Duration Download Forstok 22.126502990723 Detik
Duration Looping 700 Data 159.01598215103 Detik 
Total Duration 159.01609516144 Detik 
------------------------- 
Tanggal: 22-01-2022 03:10:01 
Duration Download Forstok 13.995891809464 Detik
Duration Looping 700 Data 154.44807481766 Detik 
Total Duration 154.44818782806 Detik 
------------------------- 
Tanggal: 22-01-2022 03:15:01 
Duration Download Forstok 14.893595933914 Detik
Duration Looping 700 Data 156.22114896774 Detik 
Total Duration 156.22125983238 Detik 
------------------------- 
Tanggal: 22-01-2022 03:20:01 
Duration Download Forstok 11.816480875015 Detik
Duration Looping 700 Data 172.0630838871 Detik 
Total Duration 172.06320095062 Detik 
------------------------- 
Tanggal: 22-01-2022 03:25:01 
Duration Download Forstok 13.988487958908 Detik
Duration Looping 700 Data 155.70236206055 Detik 
Total Duration 155.70248603821 Detik 
------------------------- 
Tanggal: 22-01-2022 03:30:01 
Duration Download Forstok 13.817834854126 Detik
Duration Looping 700 Data 159.11074304581 Detik 
Total Duration 159.11085700989 Detik 
------------------------- 
Tanggal: 22-01-2022 03:35:01 
Duration Download Forstok 18.177691936493 Detik
Duration Looping 700 Data 161.21670293808 Detik 
Total Duration 161.21681690216 Detik 
------------------------- 
Tanggal: 22-01-2022 03:40:01 
Duration Download Forstok 11.138585090637 Detik
Duration Looping 700 Data 152.3564581871 Detik 
Total Duration 152.35657310486 Detik 
------------------------- 
Tanggal: 22-01-2022 03:45:01 
Duration Download Forstok 15.203256845474 Detik
Duration Looping 700 Data 169.84717297554 Detik 
Total Duration 169.84729099274 Detik 
------------------------- 
Tanggal: 22-01-2022 03:50:01 
Duration Download Forstok 12.347496032715 Detik
Duration Looping 700 Data 155.13720202446 Detik 
Total Duration 155.13731312752 Detik 
------------------------- 
Tanggal: 22-01-2022 03:55:01 
Duration Download Forstok 12.467862844467 Detik
Duration Looping 700 Data 155.68276000023 Detik 
Total Duration 155.68287491798 Detik 
------------------------- 
Tanggal: 22-01-2022 04:00:01 
Duration Download Forstok 15.175276994705 Detik
Duration Looping 700 Data 156.37689900398 Detik 
Total Duration 156.37701296806 Detik 
------------------------- 
Tanggal: 22-01-2022 04:05:01 
Duration Download Forstok 21.751520872116 Detik
Duration Looping 700 Data 158.63167595863 Detik 
Total Duration 158.63179397583 Detik 
------------------------- 
Tanggal: 22-01-2022 04:10:01 
Duration Download Forstok 15.192289829254 Detik
Duration Looping 700 Data 157.86588597298 Detik 
Total Duration 157.86599898338 Detik 
------------------------- 
Tanggal: 22-01-2022 04:15:01 
Duration Download Forstok 13.891960144043 Detik
Duration Looping 700 Data 157.93909907341 Detik 
Total Duration 157.93921399117 Detik 
------------------------- 
Tanggal: 22-01-2022 04:20:01 
Duration Download Forstok 13.854983091354 Detik
Duration Looping 700 Data 158.41970705986 Detik 
Total Duration 158.41982007027 Detik 
------------------------- 
Tanggal: 22-01-2022 04:25:01 
Duration Download Forstok 14.55188703537 Detik
Duration Looping 700 Data 154.46849894524 Detik 
Total Duration 154.4686050415 Detik 
------------------------- 
Tanggal: 22-01-2022 04:30:01 
Duration Download Forstok 13.560249090195 Detik
Duration Looping 700 Data 154.29568600655 Detik 
Total Duration 154.29580402374 Detik 
------------------------- 
Tanggal: 22-01-2022 04:35:01 
Duration Download Forstok 20.28922700882 Detik
Duration Looping 700 Data 164.64505004883 Detik 
Total Duration 164.64517903328 Detik 
------------------------- 
Tanggal: 22-01-2022 04:40:01 
Duration Download Forstok 13.322090148926 Detik
Duration Looping 700 Data 155.22224116325 Detik 
Total Duration 155.22235393524 Detik 
------------------------- 
Tanggal: 22-01-2022 04:45:01 
Duration Download Forstok 13.269373178482 Detik
Duration Looping 700 Data 165.18455696106 Detik 
Total Duration 165.18467307091 Detik 
------------------------- 
Tanggal: 22-01-2022 04:50:01 
Duration Download Forstok 12.93563580513 Detik
Duration Looping 700 Data 156.67214393616 Detik 
Total Duration 156.67226099968 Detik 
------------------------- 
Tanggal: 22-01-2022 04:55:01 
Duration Download Forstok 12.700834989548 Detik
Duration Looping 700 Data 162.13054299355 Detik 
Total Duration 162.13065195084 Detik 
------------------------- 
Tanggal: 22-01-2022 05:00:01 
Duration Download Forstok 12.630751132965 Detik
Duration Looping 700 Data 150.48879408836 Detik 
Total Duration 150.48890399933 Detik 
------------------------- 
Tanggal: 22-01-2022 05:05:01 
Duration Download Forstok 22.006791114807 Detik
Duration Looping 700 Data 165.10402202606 Detik 
Total Duration 165.10413408279 Detik 
------------------------- 
Tanggal: 22-01-2022 05:10:01 
Duration Download Forstok 14.137130022049 Detik
Duration Looping 700 Data 158.36074280739 Detik 
Total Duration 158.36085700989 Detik 
------------------------- 
Tanggal: 22-01-2022 05:15:01 
Duration Download Forstok 18.559722900391 Detik
Duration Looping 700 Data 160.08444285393 Detik 
Total Duration 160.08455085754 Detik 
------------------------- 
Tanggal: 22-01-2022 05:20:01 
Duration Download Forstok 14.764368057251 Detik
Duration Looping 700 Data 151.89649796486 Detik 
Total Duration 151.89661312103 Detik 
------------------------- 
Tanggal: 22-01-2022 05:25:01 
Duration Download Forstok 12.218544960022 Detik
Duration Looping 700 Data 153.58489179611 Detik 
Total Duration 153.58500981331 Detik 
------------------------- 
Tanggal: 22-01-2022 05:30:01 
Duration Download Forstok 11.57576918602 Detik
Duration Looping 700 Data 156.82113099098 Detik 
Total Duration 156.82124519348 Detik 
------------------------- 
Tanggal: 22-01-2022 05:35:01 
Duration Download Forstok 16.117319822311 Detik
Duration Looping 700 Data 161.99102401733 Detik 
Total Duration 161.99113678932 Detik 
------------------------- 
Tanggal: 22-01-2022 05:40:01 
Duration Download Forstok 14.114762067795 Detik
Duration Looping 700 Data 163.05787611008 Detik 
Total Duration 163.05798792839 Detik 
------------------------- 
Tanggal: 22-01-2022 05:45:01 
Duration Download Forstok 14.286159992218 Detik
Duration Looping 700 Data 154.15499997139 Detik 
Total Duration 154.15513205528 Detik 
------------------------- 
Tanggal: 22-01-2022 05:50:01 
Duration Download Forstok 14.560297012329 Detik
Duration Looping 700 Data 150.27313899994 Detik 
Total Duration 150.27324604988 Detik 
------------------------- 
Tanggal: 22-01-2022 05:55:01 
Duration Download Forstok 12.055336952209 Detik
Duration Looping 700 Data 151.53893303871 Detik 
Total Duration 151.53904914856 Detik 
------------------------- 
Tanggal: 22-01-2022 06:00:01 
Duration Download Forstok 15.751394033432 Detik
Duration Looping 700 Data 156.35214710236 Detik 
Total Duration 156.3522670269 Detik 
------------------------- 
Tanggal: 22-01-2022 06:05:01 
Duration Download Forstok 17.320567846298 Detik
Duration Looping 700 Data 157.12607598305 Detik 
Total Duration 157.12618899345 Detik 
------------------------- 
Tanggal: 22-01-2022 06:10:01 
Duration Download Forstok 10.836431026459 Detik
Duration Looping 700 Data 151.65724205971 Detik 
Total Duration 151.65735411644 Detik 
------------------------- 
Tanggal: 22-01-2022 06:15:01 
Duration Download Forstok 15.407722949982 Detik
Duration Looping 700 Data 156.93709897995 Detik 
Total Duration 156.93721294403 Detik 
------------------------- 
Tanggal: 22-01-2022 06:20:01 
Duration Download Forstok 13.218769073486 Detik
Duration Looping 700 Data 149.08474397659 Detik 
Total Duration 149.08486008644 Detik 
------------------------- 
Tanggal: 22-01-2022 06:25:01 
Duration Download Forstok 12.180386066437 Detik
Duration Looping 700 Data 149.76165509224 Detik 
Total Duration 149.7617650032 Detik 
------------------------- 
Tanggal: 22-01-2022 06:30:01 
Duration Download Forstok 12.161486148834 Detik
Duration Looping 700 Data 148.49321103096 Detik 
Total Duration 148.49332308769 Detik 
------------------------- 
Tanggal: 22-01-2022 06:35:01 
Duration Download Forstok 16.408513069153 Detik
Duration Looping 700 Data 156.48173809052 Detik 
Total Duration 156.48185110092 Detik 
------------------------- 
Tanggal: 22-01-2022 06:40:01 
Duration Download Forstok 12.002984046936 Detik
Duration Looping 700 Data 173.77720999718 Detik 
Total Duration 173.7773270607 Detik 
------------------------- 
Tanggal: 22-01-2022 06:45:01 
Duration Download Forstok 15.171591043472 Detik
Duration Looping 700 Data 151.25608992577 Detik 
Total Duration 151.2562110424 Detik 
------------------------- 
Tanggal: 22-01-2022 06:50:01 
Duration Download Forstok 13.307834863663 Detik
Duration Looping 700 Data 152.26052284241 Detik 
Total Duration 152.26063084602 Detik 
------------------------- 
Tanggal: 22-01-2022 06:55:01 
Duration Download Forstok 12.357681035995 Detik
Duration Looping 700 Data 155.77102804184 Detik 
Total Duration 155.77114510536 Detik 
------------------------- 
Tanggal: 22-01-2022 07:00:01 
Duration Download Forstok 12.843601942062 Detik
Duration Looping 700 Data 152.57481813431 Detik 
Total Duration 152.57492995262 Detik 
------------------------- 
Tanggal: 22-01-2022 07:05:01 
Duration Download Forstok 18.314509868622 Detik
Duration Looping 700 Data 154.2669968605 Detik 
Total Duration 154.26711297035 Detik 
------------------------- 
Tanggal: 22-01-2022 07:10:01 
Duration Download Forstok 12.248665094376 Detik
Duration Looping 700 Data 147.11188697815 Detik 
Total Duration 147.11201500893 Detik 
------------------------- 
Tanggal: 22-01-2022 07:15:01 
Duration Download Forstok 16.696645021439 Detik
Duration Looping 700 Data 157.10224986076 Detik 
Total Duration 157.1023619175 Detik 
------------------------- 
Tanggal: 22-01-2022 07:20:01 
Duration Download Forstok 12.508240938187 Detik
Duration Looping 700 Data 149.36646485329 Detik 
Total Duration 149.36658501625 Detik 
------------------------- 
Tanggal: 22-01-2022 07:25:01 
Duration Download Forstok 12.117991924286 Detik
Duration Looping 700 Data 162.20519804955 Detik 
Total Duration 162.20531487465 Detik 
------------------------- 
Tanggal: 22-01-2022 07:30:01 
Duration Download Forstok 13.007471084595 Detik
Duration Looping 700 Data 157.6724820137 Detik 
Total Duration 157.6726000309 Detik 
------------------------- 
Tanggal: 22-01-2022 07:35:01 
Duration Download Forstok 18.575584888458 Detik
Duration Looping 700 Data 166.2254087925 Detik 
Total Duration 166.22553396225 Detik 
------------------------- 
Tanggal: 22-01-2022 07:40:02 
Duration Download Forstok 13.356426000595 Detik
Duration Looping 700 Data 155.81224298477 Detik 
Total Duration 155.81235599518 Detik 
------------------------- 
Tanggal: 22-01-2022 07:45:01 
Duration Download Forstok 17.577358007431 Detik
Duration Looping 700 Data 153.74520301819 Detik 
Total Duration 153.7452878952 Detik 
------------------------- 
Tanggal: 22-01-2022 07:50:01 
Duration Download Forstok 11.394661188126 Detik
Duration Looping 700 Data 152.8767220974 Detik 
Total Duration 152.87683916092 Detik 
------------------------- 
Tanggal: 22-01-2022 07:55:01 
Duration Download Forstok 11.918746948242 Detik
Duration Looping 700 Data 151.71750307083 Detik 
Total Duration 151.71761012077 Detik 
------------------------- 
Tanggal: 22-01-2022 08:00:01 
Duration Download Forstok 12.48281288147 Detik
Duration Looping 700 Data 153.25206494331 Detik 
Total Duration 153.25217604637 Detik 
------------------------- 
Tanggal: 22-01-2022 08:05:01 
Duration Download Forstok 18.652533054352 Detik
Duration Looping 700 Data 173.58445310593 Detik 
Total Duration 173.58456897736 Detik 
------------------------- 
Tanggal: 22-01-2022 08:10:02 
Duration Download Forstok 11.468930006027 Detik
Duration Looping 700 Data 152.46256804466 Detik 
Total Duration 152.46268296242 Detik 
------------------------- 
Tanggal: 22-01-2022 08:15:01 
Duration Download Forstok 15.776532173157 Detik
Duration Looping 700 Data 157.78968811035 Detik 
Total Duration 157.78978610039 Detik 
------------------------- 
Tanggal: 22-01-2022 08:20:01 
Duration Download Forstok 12.198791980743 Detik
Duration Looping 700 Data 156.02614808083 Detik 
Total Duration 156.02625703812 Detik 
------------------------- 
Tanggal: 22-01-2022 08:25:01 
Duration Download Forstok 11.572950839996 Detik
Duration Looping 700 Data 156.03211283684 Detik 
Total Duration 156.03222894669 Detik 
------------------------- 
Tanggal: 22-01-2022 08:30:01 
Duration Download Forstok 13.112061977386 Detik
Duration Looping 700 Data 158.7625939846 Detik 
Total Duration 158.76270294189 Detik 
------------------------- 
Tanggal: 22-01-2022 08:35:01 
Duration Download Forstok 20.845948934555 Detik
Duration Looping 700 Data 165.7402279377 Detik 
Total Duration 165.74035382271 Detik 
------------------------- 
Tanggal: 22-01-2022 08:40:01 
Duration Download Forstok 12.649564027786 Detik
Duration Looping 700 Data 165.93822598457 Detik 
Total Duration 165.93834686279 Detik 
------------------------- 
Tanggal: 22-01-2022 08:45:01 
Duration Download Forstok 17.100016832352 Detik
Duration Looping 700 Data 166.21856784821 Detik 
Total Duration 166.21866297722 Detik 
------------------------- 
Tanggal: 22-01-2022 08:50:01 
Duration Download Forstok 13.089453935623 Detik
Duration Looping 700 Data 160.28709983826 Detik 
Total Duration 160.28721189499 Detik 
------------------------- 
Tanggal: 22-01-2022 08:55:01 
Duration Download Forstok 12.502377986908 Detik
Duration Looping 700 Data 162.34199595451 Detik 
Total Duration 162.34211301804 Detik 
------------------------- 
Tanggal: 22-01-2022 09:00:01 
Duration Download Forstok 12.614401102066 Detik
Duration Looping 700 Data 163.82775902748 Detik 
Total Duration 163.82785511017 Detik 
------------------------- 
Tanggal: 22-01-2022 09:05:01 
Duration Download Forstok 22.698631048203 Detik
Duration Looping 700 Data 168.71951889992 Detik 
Total Duration 168.71963787079 Detik 
------------------------- 
Tanggal: 22-01-2022 09:10:01 
Duration Download Forstok 14.921875 Detik
Duration Looping 700 Data 165.16819596291 Detik 
Total Duration 165.16828894615 Detik 
------------------------- 
Tanggal: 22-01-2022 09:15:01 
Duration Download Forstok 15.994122982025 Detik
Duration Looping 700 Data 160.76638698578 Detik 
Total Duration 160.76650285721 Detik 
------------------------- 
Tanggal: 22-01-2022 09:20:01 
Duration Download Forstok 11.458712100983 Detik
Duration Looping 700 Data 158.42828202248 Detik 
Total Duration 158.42839598656 Detik 
------------------------- 
Tanggal: 22-01-2022 09:25:01 
Duration Download Forstok 13.549618959427 Detik
Duration Looping 700 Data 161.58548879623 Detik 
Total Duration 161.58559894562 Detik 
------------------------- 
Tanggal: 22-01-2022 09:30:01 
Duration Download Forstok 12.804335832596 Detik
Duration Looping 700 Data 158.25202393532 Detik 
Total Duration 158.25211286545 Detik 
------------------------- 
Tanggal: 22-01-2022 09:35:01 
Duration Download Forstok 20.5959379673 Detik
Duration Looping 700 Data 163.86664700508 Detik 
Total Duration 163.86673212051 Detik 
------------------------- 
Tanggal: 22-01-2022 09:40:01 
Duration Download Forstok 12.236399888992 Detik
Duration Looping 700 Data 156.65804195404 Detik 
Total Duration 156.65814495087 Detik 
------------------------- 
Tanggal: 22-01-2022 09:45:01 
Duration Download Forstok 13.563734054565 Detik
Duration Looping 700 Data 157.90681505203 Detik 
Total Duration 157.90690016747 Detik 
------------------------- 
Tanggal: 22-01-2022 09:50:01 
Duration Download Forstok 14.10372710228 Detik
Duration Looping 700 Data 162.07963299751 Detik 
Total Duration 162.07974791527 Detik 
------------------------- 
Tanggal: 22-01-2022 09:55:01 
Duration Download Forstok 13.449909925461 Detik
Duration Looping 700 Data 155.47371888161 Detik 
Total Duration 155.47383594513 Detik 
------------------------- 
Tanggal: 22-01-2022 10:00:01 
Duration Download Forstok 15.073401927948 Detik
Duration Looping 700 Data 160.63906097412 Detik 
Total Duration 160.63917207718 Detik 
------------------------- 
Tanggal: 22-01-2022 10:05:01 
Duration Download Forstok 19.571433067322 Detik
Duration Looping 700 Data 167.67619919777 Detik 
Total Duration 167.67628312111 Detik 
------------------------- 
Tanggal: 22-01-2022 10:10:01 
Duration Download Forstok 14.041083097458 Detik
Duration Looping 700 Data 161.02580809593 Detik 
Total Duration 161.0258898735 Detik 
------------------------- 
Tanggal: 22-01-2022 10:15:01 
Duration Download Forstok 14.829043865204 Detik
Duration Looping 700 Data 163.79479289055 Detik 
Total Duration 163.79490494728 Detik 
------------------------- 
Tanggal: 22-01-2022 10:20:01 
Duration Download Forstok 13.186971902847 Detik
Duration Looping 700 Data 154.91921496391 Detik 
Total Duration 154.91932296753 Detik 
------------------------- 
Tanggal: 22-01-2022 10:25:01 
Duration Download Forstok 12.983397960663 Detik
Duration Looping 700 Data 160.83134388924 Detik 
Total Duration 160.83145904541 Detik 
------------------------- 
Tanggal: 22-01-2022 10:30:01 
Duration Download Forstok 11.841814994812 Detik
Duration Looping 700 Data 157.76712298393 Detik 
Total Duration 157.76723003387 Detik 
------------------------- 
Tanggal: 22-01-2022 10:35:01 
Duration Download Forstok 20.501273870468 Detik
Duration Looping 700 Data 168.89262700081 Detik 
Total Duration 168.89272093773 Detik 
------------------------- 
Tanggal: 22-01-2022 10:40:01 
Duration Download Forstok 12.068027019501 Detik
Duration Looping 700 Data 161.05877804756 Detik 
Total Duration 161.05889296532 Detik 
------------------------- 
Tanggal: 22-01-2022 10:45:01 
Duration Download Forstok 19.101300954819 Detik
Duration Looping 700 Data 162.53114104271 Detik 
Total Duration 162.53125715256 Detik 
------------------------- 
Tanggal: 22-01-2022 10:50:01 
Duration Download Forstok 12.197290182114 Detik
Duration Looping 700 Data 158.9380171299 Detik 
Total Duration 158.93813514709 Detik 
------------------------- 
Tanggal: 22-01-2022 10:55:01 
Duration Download Forstok 11.079339027405 Detik
Duration Looping 700 Data 158.29387807846 Detik 
Total Duration 158.29399800301 Detik 
------------------------- 
Tanggal: 22-01-2022 11:00:02 
Duration Download Forstok 13.408069849014 Detik
Duration Looping 700 Data 156.37290596962 Detik 
Total Duration 156.37302184105 Detik 
------------------------- 
Tanggal: 22-01-2022 11:05:01 
Duration Download Forstok 18.386477947235 Detik
Duration Looping 700 Data 161.53013896942 Detik 
Total Duration 161.53026103973 Detik 
------------------------- 
Tanggal: 22-01-2022 11:10:01 
Duration Download Forstok 11.493260860443 Detik
Duration Looping 700 Data 158.25696587563 Detik 
Total Duration 158.25707697868 Detik 
------------------------- 
Tanggal: 22-01-2022 11:15:01 
Duration Download Forstok 17.509121179581 Detik
Duration Looping 700 Data 166.86091518402 Detik 
Total Duration 166.86100816727 Detik 
------------------------- 
Tanggal: 22-01-2022 11:20:01 
Duration Download Forstok 14.037582159042 Detik
Duration Looping 700 Data 157.24749898911 Detik 
Total Duration 157.24761819839 Detik 
------------------------- 
Tanggal: 22-01-2022 11:25:01 
Duration Download Forstok 11.487055063248 Detik
Duration Looping 700 Data 161.42407298088 Detik 
Total Duration 161.42419791222 Detik 
------------------------- 
Tanggal: 22-01-2022 11:30:01 
Duration Download Forstok 13.018099069595 Detik
Duration Looping 700 Data 157.78709697723 Detik 
Total Duration 157.78719687462 Detik 
------------------------- 
Tanggal: 22-01-2022 11:35:01 
Duration Download Forstok 16.825993061066 Detik
Duration Looping 700 Data 156.90124320984 Detik 
Total Duration 156.90135908127 Detik 
------------------------- 
Tanggal: 22-01-2022 11:40:01 
Duration Download Forstok 11.574403047562 Detik
Duration Looping 700 Data 156.21205210686 Detik 
Total Duration 156.2121591568 Detik 
------------------------- 
Tanggal: 22-01-2022 11:45:01 
Duration Download Forstok 16.066927909851 Detik
Duration Looping 700 Data 163.53267097473 Detik 
Total Duration 163.53279900551 Detik 
------------------------- 
Tanggal: 22-01-2022 11:50:01 
Duration Download Forstok 13.334027051926 Detik
Duration Looping 700 Data 154.24468708038 Detik 
Total Duration 154.2448079586 Detik 
------------------------- 
Tanggal: 22-01-2022 11:55:01 
Duration Download Forstok 13.923292160034 Detik
Duration Looping 700 Data 156.54732704163 Detik 
Total Duration 156.54741597176 Detik 
------------------------- 
Tanggal: 22-01-2022 12:00:01 
Duration Download Forstok 12.848651885986 Detik
Duration Looping 700 Data 157.86893486977 Detik 
Total Duration 157.86905789375 Detik 
------------------------- 
Tanggal: 22-01-2022 12:05:01 
Duration Download Forstok 14.423413991928 Detik
Duration Looping 700 Data 155.41550993919 Detik 
Total Duration 155.41561293602 Detik 
------------------------- 
Tanggal: 22-01-2022 12:10:01 
Duration Download Forstok 12.318874120712 Detik
Duration Looping 700 Data 163.74577498436 Detik 
Total Duration 163.74591398239 Detik 
------------------------- 
Tanggal: 22-01-2022 12:15:01 
Duration Download Forstok 14.166016101837 Detik
Duration Looping 700 Data 159.52566599846 Detik 
Total Duration 159.52578616142 Detik 
------------------------- 
Tanggal: 22-01-2022 12:20:01 
Duration Download Forstok 10.512917995453 Detik
Duration Looping 700 Data 157.07612919807 Detik 
Total Duration 157.0762732029 Detik 
------------------------- 
Tanggal: 22-01-2022 12:25:01 
Duration Download Forstok 11.51513004303 Detik
Duration Looping 700 Data 156.5549530983 Detik 
Total Duration 156.55508899689 Detik 
------------------------- 
Tanggal: 22-01-2022 12:30:01 
Duration Download Forstok 11.61509680748 Detik
Duration Looping 700 Data 156.6201839447 Detik 
Total Duration 156.62034702301 Detik 
------------------------- 
Tanggal: 22-01-2022 12:35:01 
Duration Download Forstok 16.049453020096 Detik
Duration Looping 700 Data 156.73998808861 Detik 
Total Duration 156.74009990692 Detik 
------------------------- 
Tanggal: 22-01-2022 12:40:01 
Duration Download Forstok 12.974199056625 Detik
Duration Looping 700 Data 162.09162402153 Detik 
Total Duration 162.09172701836 Detik 
------------------------- 
Tanggal: 22-01-2022 12:45:01 
Duration Download Forstok 14.72937297821 Detik
Duration Looping 700 Data 164.97236800194 Detik 
Total Duration 164.97245001793 Detik 
------------------------- 
Tanggal: 22-01-2022 12:50:01 
Duration Download Forstok 12.253057956696 Detik
Duration Looping 700 Data 159.35879707336 Detik 
Total Duration 159.35892105103 Detik 
------------------------- 
Tanggal: 22-01-2022 12:55:01 
Duration Download Forstok 12.675231933594 Detik
Duration Looping 700 Data 158.07495307922 Detik 
Total Duration 158.07506394386 Detik 
------------------------- 
Tanggal: 22-01-2022 13:00:01 
Duration Download Forstok 14.212651014328 Detik
Duration Looping 700 Data 163.49468493462 Detik 
Total Duration 163.49480009079 Detik 
------------------------- 
Tanggal: 22-01-2022 13:05:01 
Duration Download Forstok 13.840637207031 Detik
Duration Looping 700 Data 163.26379919052 Detik 
Total Duration 163.26391816139 Detik 
------------------------- 
Tanggal: 22-01-2022 13:10:01 
Duration Download Forstok 13.724292039871 Detik
Duration Looping 700 Data 156.48427200317 Detik 
Total Duration 156.48438286781 Detik 
------------------------- 
Tanggal: 22-01-2022 13:15:01 
Duration Download Forstok 13.69917011261 Detik
Duration Looping 700 Data 153.71141314507 Detik 
Total Duration 153.71152901649 Detik 
------------------------- 
Tanggal: 22-01-2022 13:20:01 
Duration Download Forstok 13.397117137909 Detik
Duration Looping 700 Data 153.23204708099 Detik 
Total Duration 153.23215913773 Detik 
------------------------- 
Tanggal: 22-01-2022 13:25:01 
Duration Download Forstok 13.094615221024 Detik
Duration Looping 700 Data 152.2018392086 Detik 
Total Duration 152.20195817947 Detik 
------------------------- 
Tanggal: 22-01-2022 13:30:01 
Duration Download Forstok 14.444889068604 Detik
Duration Looping 700 Data 157.82487201691 Detik 
Total Duration 157.82498908043 Detik 
------------------------- 
Tanggal: 22-01-2022 13:35:01 
Duration Download Forstok 23.285184144974 Detik
Duration Looping 700 Data 162.00337910652 Detik 
Total Duration 162.0034930706 Detik 
------------------------- 
Tanggal: 22-01-2022 13:40:01 
Duration Download Forstok 11.961537122726 Detik
Duration Looping 700 Data 160.54454302788 Detik 
Total Duration 160.54465699196 Detik 
------------------------- 
Tanggal: 22-01-2022 13:45:01 
Duration Download Forstok 16.877946853638 Detik
Duration Looping 700 Data 160.7915699482 Detik 
Total Duration 160.79168200493 Detik 
------------------------- 
Tanggal: 22-01-2022 13:50:01 
Duration Download Forstok 12.696909189224 Detik
Duration Looping 700 Data 163.13864207268 Detik 
Total Duration 163.13875102997 Detik 
------------------------- 
Tanggal: 22-01-2022 13:55:01 
Duration Download Forstok 13.055676937103 Detik
Duration Looping 700 Data 154.48303604126 Detik 
Total Duration 154.48314595222 Detik 
------------------------- 
Tanggal: 22-01-2022 14:00:01 
Duration Download Forstok 12.61720085144 Detik
Duration Looping 700 Data 162.74735999107 Detik 
Total Duration 162.74747085571 Detik 
------------------------- 
Tanggal: 22-01-2022 14:05:01 
Duration Download Forstok 19.453613996506 Detik
Duration Looping 700 Data 162.01321005821 Detik 
Total Duration 162.01331996918 Detik 
------------------------- 
Tanggal: 22-01-2022 14:10:01 
Duration Download Forstok 12.669958114624 Detik
Duration Looping 700 Data 154.46064901352 Detik 
Total Duration 154.46075892448 Detik 
------------------------- 
Tanggal: 22-01-2022 14:15:01 
Duration Download Forstok 14.212415933609 Detik
Duration Looping 700 Data 163.36579108238 Detik 
Total Duration 163.36591005325 Detik 
------------------------- 
Tanggal: 22-01-2022 14:20:01 
Duration Download Forstok 12.374022960663 Detik
Duration Looping 700 Data 162.23304891586 Detik 
Total Duration 162.23316788673 Detik 
------------------------- 
Tanggal: 22-01-2022 14:25:01 
Duration Download Forstok 12.294174909592 Detik
Duration Looping 700 Data 155.8011469841 Detik 
Total Duration 155.80127286911 Detik 
------------------------- 
Tanggal: 22-01-2022 14:30:01 
Duration Download Forstok 12.505799055099 Detik
Duration Looping 700 Data 148.61862111092 Detik 
Total Duration 148.61872911453 Detik 
------------------------- 
Tanggal: 22-01-2022 14:35:01 
Duration Download Forstok 15.736804008484 Detik
Duration Looping 700 Data 162.27374482155 Detik 
Total Duration 162.27385187149 Detik 
------------------------- 
Tanggal: 22-01-2022 14:40:01 
Duration Download Forstok 12.565586805344 Detik
Duration Looping 700 Data 158.27827000618 Detik 
Total Duration 158.27837896347 Detik 
------------------------- 
Tanggal: 22-01-2022 14:45:01 
Duration Download Forstok 13.270933151245 Detik
Duration Looping 700 Data 157.91541600227 Detik 
Total Duration 157.91560006142 Detik 
------------------------- 
Tanggal: 22-01-2022 14:50:01 
Duration Download Forstok 14.49161696434 Detik
Duration Looping 700 Data 159.64069080353 Detik 
Total Duration 159.64079999924 Detik 
------------------------- 
Tanggal: 22-01-2022 14:55:01 
Duration Download Forstok 14.026157140732 Detik
Duration Looping 700 Data 168.38205909729 Detik 
Total Duration 168.38217902184 Detik 
------------------------- 
Tanggal: 22-01-2022 15:00:01 
Duration Download Forstok 14.576114177704 Detik
Duration Looping 700 Data 166.56777405739 Detik 
Total Duration 166.56789708138 Detik 
------------------------- 
Tanggal: 22-01-2022 15:05:01 
Duration Download Forstok 15.202934026718 Detik
Duration Looping 700 Data 152.72307085991 Detik 
Total Duration 152.72318887711 Detik 
------------------------- 
Tanggal: 22-01-2022 15:10:01 
Duration Download Forstok 12.485831975937 Detik
Duration Looping 700 Data 150.80907487869 Detik 
Total Duration 150.80918598175 Detik 
------------------------- 
Tanggal: 22-01-2022 15:15:01 
Duration Download Forstok 12.956580877304 Detik
Duration Looping 700 Data 161.09178900719 Detik 
Total Duration 161.0918879509 Detik 
------------------------- 
Tanggal: 22-01-2022 15:20:01 
Duration Download Forstok 13.206741094589 Detik
Duration Looping 700 Data 158.85836219788 Detik 
Total Duration 158.85848712921 Detik 
------------------------- 
Tanggal: 22-01-2022 15:25:01 
Duration Download Forstok 10.81768488884 Detik
Duration Looping 700 Data 154.07149386406 Detik 
Total Duration 154.071600914 Detik 
------------------------- 
Tanggal: 22-01-2022 15:30:01 
Duration Download Forstok 12.261123895645 Detik
Duration Looping 700 Data 151.83125090599 Detik 
Total Duration 151.83134388924 Detik 
------------------------- 
Tanggal: 22-01-2022 15:35:01 
Duration Download Forstok 20.10936999321 Detik
Duration Looping 700 Data 162.69050097466 Detik 
Total Duration 162.69062590599 Detik 
------------------------- 
Tanggal: 22-01-2022 15:40:02 
Duration Download Forstok 11.293110132217 Detik
Duration Looping 700 Data 155.11232805252 Detik 
Total Duration 155.11243796349 Detik 
------------------------- 
Tanggal: 22-01-2022 15:45:01 
Duration Download Forstok 12.830351114273 Detik
Duration Looping 700 Data 158.44116806984 Detik 
Total Duration 158.44128394127 Detik 
------------------------- 
Tanggal: 22-01-2022 15:50:01 
Duration Download Forstok 12.63935303688 Detik
Duration Looping 700 Data 163.5371260643 Detik 
Total Duration 163.53727412224 Detik 
------------------------- 
Tanggal: 22-01-2022 15:55:01 
Duration Download Forstok 11.923979997635 Detik
Duration Looping 700 Data 154.02850604057 Detik 
Total Duration 154.02861785889 Detik 
------------------------- 
Tanggal: 22-01-2022 16:00:01 
Duration Download Forstok 14.957651853561 Detik
Duration Looping 700 Data 160.05647087097 Detik 
Total Duration 160.05658888817 Detik 
------------------------- 
Tanggal: 22-01-2022 16:05:01 
Duration Download Forstok 21.061789989471 Detik
Duration Looping 700 Data 165.73953104019 Detik 
Total Duration 165.7396440506 Detik 
------------------------- 
Tanggal: 22-01-2022 16:10:01 
Duration Download Forstok 11.463636875153 Detik
Duration Looping 700 Data 147.87709188461 Detik 
Total Duration 147.87720704079 Detik 
------------------------- 
Tanggal: 22-01-2022 16:15:01 
Duration Download Forstok 14.028350830078 Detik
Duration Looping 700 Data 160.4657869339 Detik 
Total Duration 160.46589899063 Detik 
------------------------- 
Tanggal: 22-01-2022 16:20:01 
Duration Download Forstok 12.689258813858 Detik
Duration Looping 700 Data 153.50672793388 Detik 
Total Duration 153.50684380531 Detik 
------------------------- 
Tanggal: 22-01-2022 16:25:01 
Duration Download Forstok 13.850748062134 Detik
Duration Looping 700 Data 159.33582615852 Detik 
Total Duration 159.33594799042 Detik 
------------------------- 
Tanggal: 22-01-2022 16:30:01 
Duration Download Forstok 11.720564126968 Detik
Duration Looping 700 Data 155.40076494217 Detik 
Total Duration 155.4008769989 Detik 
------------------------- 
Tanggal: 22-01-2022 16:35:01 
Duration Download Forstok 17.725789070129 Detik
Duration Looping 700 Data 166.25181603432 Detik 
Total Duration 166.25193500519 Detik 
------------------------- 
Tanggal: 22-01-2022 16:40:01 
Duration Download Forstok 12.939018011093 Detik
Duration Looping 700 Data 158.43406820297 Detik 
Total Duration 158.4341840744 Detik 
------------------------- 
Tanggal: 22-01-2022 16:45:01 
Duration Download Forstok 12.616079092026 Detik
Duration Looping 700 Data 153.59889817238 Detik 
Total Duration 153.59901094437 Detik 
------------------------- 
Tanggal: 22-01-2022 16:50:01 
Duration Download Forstok 18.246724843979 Detik
Duration Looping 700 Data 167.65194702148 Detik 
Total Duration 167.65205693245 Detik 
------------------------- 
Tanggal: 22-01-2022 16:55:01 
Duration Download Forstok 12.759384870529 Detik
Duration Looping 700 Data 150.56114602089 Detik 
Total Duration 150.56125283241 Detik 
------------------------- 
Tanggal: 22-01-2022 17:00:01 
Duration Download Forstok 14.35856795311 Detik
Duration Looping 700 Data 162.18685007095 Detik 
Total Duration 162.18695998192 Detik 
------------------------- 
Tanggal: 22-01-2022 17:05:01 
Duration Download Forstok 18.443233966827 Detik
Duration Looping 700 Data 163.74623203278 Detik 
Total Duration 163.74635100365 Detik 
------------------------- 
Tanggal: 22-01-2022 17:10:01 
Duration Download Forstok 14.060362100601 Detik
Duration Looping 700 Data 162.65027213097 Detik 
Total Duration 162.65037918091 Detik 
------------------------- 
Tanggal: 22-01-2022 17:15:01 
Duration Download Forstok 14.994121074677 Detik
Duration Looping 700 Data 162.8200609684 Detik 
Total Duration 162.82017707825 Detik 
------------------------- 
Tanggal: 22-01-2022 17:20:01 
Duration Download Forstok 12.999393939972 Detik
Duration Looping 700 Data 165.8836607933 Detik 
Total Duration 165.88376784325 Detik 
------------------------- 
Tanggal: 22-01-2022 17:25:01 
Duration Download Forstok 11.136641025543 Detik
Duration Looping 700 Data 161.92621707916 Detik 
Total Duration 161.92633104324 Detik 
------------------------- 
Tanggal: 22-01-2022 17:30:01 
Duration Download Forstok 12.900668859482 Detik
Duration Looping 700 Data 161.47986602783 Detik 
Total Duration 161.47998189926 Detik 
------------------------- 
Tanggal: 22-01-2022 17:35:01 
Duration Download Forstok 14.430871963501 Detik
Duration Looping 700 Data 158.82282304764 Detik 
Total Duration 158.82294607162 Detik 
------------------------- 
Tanggal: 22-01-2022 17:40:01 
Duration Download Forstok 10.8145840168 Detik
Duration Looping 700 Data 155.26851701736 Detik 
Total Duration 155.26863217354 Detik 
------------------------- 
Tanggal: 22-01-2022 17:45:01 
Duration Download Forstok 14.336834192276 Detik
Duration Looping 700 Data 160.07990407944 Detik 
Total Duration 160.0800151825 Detik 
------------------------- 
Tanggal: 22-01-2022 17:50:01 
Duration Download Forstok 12.61471414566 Detik
Duration Looping 700 Data 162.22956800461 Detik 
Total Duration 162.22969508171 Detik 
------------------------- 
Tanggal: 22-01-2022 17:55:01 
Duration Download Forstok 12.906577825546 Detik
Duration Looping 700 Data 156.75012993813 Detik 
Total Duration 156.75023698807 Detik 
------------------------- 
Tanggal: 22-01-2022 18:00:01 
Duration Download Forstok 13.743611097336 Detik
Duration Looping 700 Data 158.75493311882 Detik 
Total Duration 158.75505709648 Detik 
------------------------- 
Tanggal: 22-01-2022 18:05:01 
Duration Download Forstok 18.222687959671 Detik
Duration Looping 700 Data 169.63417387009 Detik 
Total Duration 169.63430380821 Detik 
------------------------- 
Tanggal: 22-01-2022 18:10:01 
Duration Download Forstok 13.949177980423 Detik
Duration Looping 700 Data 161.6503880024 Detik 
Total Duration 161.65050005913 Detik 
------------------------- 
Tanggal: 22-01-2022 18:15:01 
Duration Download Forstok 15.588936090469 Detik
Duration Looping 700 Data 166.45356202126 Detik 
Total Duration 166.45367193222 Detik 
------------------------- 
Tanggal: 22-01-2022 18:20:01 
Duration Download Forstok 11.988009214401 Detik
Duration Looping 700 Data 156.17131114006 Detik 
Total Duration 156.17142319679 Detik 
------------------------- 
Tanggal: 22-01-2022 18:25:01 
Duration Download Forstok 11.537576913834 Detik
Duration Looping 700 Data 156.8935239315 Detik 
Total Duration 156.89364385605 Detik 
------------------------- 
Tanggal: 22-01-2022 18:30:01 
Duration Download Forstok 12.688741922379 Detik
Duration Looping 700 Data 158.61978387833 Detik 
Total Duration 158.61989188194 Detik 
------------------------- 
Tanggal: 22-01-2022 18:35:01 
Duration Download Forstok 18.66024017334 Detik
Duration Looping 700 Data 155.91041707993 Detik 
Total Duration 155.91052913666 Detik 
------------------------- 
Tanggal: 22-01-2022 18:40:01 
Duration Download Forstok 14.203233003616 Detik
Duration Looping 700 Data 161.67625904083 Detik 
Total Duration 161.67637300491 Detik 
------------------------- 
Tanggal: 22-01-2022 18:45:02 
Duration Download Forstok 15.723222970963 Detik
Duration Looping 700 Data 164.86604905128 Detik 
Total Duration 164.86616897583 Detik 
------------------------- 
Tanggal: 22-01-2022 18:50:01 
Duration Download Forstok 11.647350072861 Detik
Duration Looping 700 Data 164.63168501854 Detik 
Total Duration 164.63180804253 Detik 
------------------------- 
Tanggal: 22-01-2022 18:55:01 
Duration Download Forstok 12.295635938644 Detik
Duration Looping 700 Data 156.99707388878 Detik 
Total Duration 156.99719285965 Detik 
------------------------- 
Tanggal: 22-01-2022 19:00:01 
Duration Download Forstok 12.690129995346 Detik
Duration Looping 700 Data 151.44872307777 Detik 
Total Duration 151.44883704185 Detik 
------------------------- 
Tanggal: 22-01-2022 19:05:01 
Duration Download Forstok 20.031337022781 Detik
Duration Looping 700 Data 174.49950909615 Detik 
Total Duration 174.49961900711 Detik 
------------------------- 
Tanggal: 22-01-2022 19:10:01 
Duration Download Forstok 12.959952831268 Detik
Duration Looping 700 Data 154.6945168972 Detik 
Total Duration 154.69462680817 Detik 
------------------------- 
Tanggal: 22-01-2022 19:15:01 
Duration Download Forstok 14.638342142105 Detik
Duration Looping 700 Data 160.10323691368 Detik 
Total Duration 160.1033539772 Detik 
------------------------- 
Tanggal: 22-01-2022 19:20:01 
Duration Download Forstok 11.904769897461 Detik
Duration Looping 700 Data 152.90234589577 Detik 
Total Duration 152.90245485306 Detik 
------------------------- 
Tanggal: 22-01-2022 19:25:01 
Duration Download Forstok 11.27213716507 Detik
Duration Looping 700 Data 151.77274417877 Detik 
Total Duration 151.77285814285 Detik 
------------------------- 
Tanggal: 22-01-2022 19:30:01 
Duration Download Forstok 13.080776929855 Detik
Duration Looping 700 Data 158.84955000877 Detik 
Total Duration 158.84966182709 Detik 
------------------------- 
Tanggal: 22-01-2022 19:35:01 
Duration Download Forstok 15.816974878311 Detik
Duration Looping 700 Data 155.51334691048 Detik 
Total Duration 155.51345801353 Detik 
------------------------- 
Tanggal: 22-01-2022 19:40:01 
Duration Download Forstok 13.691817998886 Detik
Duration Looping 700 Data 149.71269607544 Detik 
Total Duration 149.71280694008 Detik 
------------------------- 
Tanggal: 22-01-2022 19:45:01 
Duration Download Forstok 18.338112831116 Detik
Duration Looping 700 Data 161.80273389816 Detik 
Total Duration 161.80285692215 Detik 
------------------------- 
Tanggal: 22-01-2022 19:50:01 
Duration Download Forstok 13.289463996887 Detik
Duration Looping 700 Data 157.59990501404 Detik 
Total Duration 157.60001015663 Detik 
------------------------- 
Tanggal: 22-01-2022 19:55:01 
Duration Download Forstok 12.463110923767 Detik
Duration Looping 700 Data 157.77518296242 Detik 
Total Duration 157.77529406548 Detik 
------------------------- 
Tanggal: 22-01-2022 20:00:01 
Duration Download Forstok 13.420772075653 Detik
Duration Looping 700 Data 154.61132001877 Detik 
Total Duration 154.61143803596 Detik 
------------------------- 
Tanggal: 22-01-2022 20:05:01 
Duration Download Forstok 16.338809013367 Detik
Duration Looping 700 Data 162.11783909798 Detik 
Total Duration 162.11854696274 Detik 
------------------------- 
Tanggal: 22-01-2022 20:10:01 
Duration Download Forstok 13.152867078781 Detik
Duration Looping 700 Data 160.20034813881 Detik 
Total Duration 160.20046901703 Detik 
------------------------- 
Tanggal: 22-01-2022 20:15:01 
Duration Download Forstok 14.084013938904 Detik
Duration Looping 700 Data 156.13260889053 Detik 
Total Duration 156.1327059269 Detik 
------------------------- 
Tanggal: 22-01-2022 20:20:01 
Duration Download Forstok 15.866449832916 Detik
Duration Looping 700 Data 154.73285698891 Detik 
Total Duration 154.73296999931 Detik 
------------------------- 
Tanggal: 22-01-2022 20:25:01 
Duration Download Forstok 11.775634050369 Detik
Duration Looping 700 Data 160.5112361908 Detik 
Total Duration 160.51135611534 Detik 
------------------------- 
Tanggal: 22-01-2022 20:30:01 
Duration Download Forstok 11.319883108139 Detik
Duration Looping 700 Data 149.70452308655 Detik 
Total Duration 149.70463013649 Detik 
------------------------- 
Tanggal: 22-01-2022 20:35:01 
Duration Download Forstok 16.640408992767 Detik
Duration Looping 700 Data 153.19108009338 Detik 
Total Duration 153.19119501114 Detik 
------------------------- 
Tanggal: 22-01-2022 20:40:01 
Duration Download Forstok 11.888802051544 Detik
Duration Looping 700 Data 151.63865303993 Detik 
Total Duration 151.63876700401 Detik 
------------------------- 
Tanggal: 22-01-2022 20:45:01 
Duration Download Forstok 11.841192960739 Detik
Duration Looping 700 Data 152.86148405075 Detik 
Total Duration 152.86159086227 Detik 
------------------------- 
Tanggal: 22-01-2022 20:50:01 
Duration Download Forstok 13.47340297699 Detik
Duration Looping 700 Data 157.40335512161 Detik 
Total Duration 157.40346002579 Detik 
------------------------- 
Tanggal: 22-01-2022 20:55:01 
Duration Download Forstok 10.559742927551 Detik
Duration Looping 700 Data 155.50534391403 Detik 
Total Duration 155.50545811653 Detik 
------------------------- 
Tanggal: 22-01-2022 21:00:01 
Duration Download Forstok 12.651512861252 Detik
Duration Looping 700 Data 154.57897901535 Detik 
Total Duration 154.57909607887 Detik 
------------------------- 
Tanggal: 22-01-2022 21:05:01 
Duration Download Forstok 19.715724945068 Detik
Duration Looping 700 Data 161.20863699913 Detik 
Total Duration 161.20875000954 Detik 
------------------------- 
Tanggal: 22-01-2022 21:10:01 
Duration Download Forstok 13.005836963654 Detik
Duration Looping 700 Data 149.10241103172 Detik 
Total Duration 149.10250210762 Detik 
------------------------- 
Tanggal: 22-01-2022 21:15:01 
Duration Download Forstok 17.332907915115 Detik
Duration Looping 700 Data 154.48619198799 Detik 
Total Duration 154.48630189896 Detik 
------------------------- 
Tanggal: 22-01-2022 21:20:01 
Duration Download Forstok 12.310765028 Detik
Duration Looping 700 Data 161.98172998428 Detik 
Total Duration 161.98184490204 Detik 
------------------------- 
Tanggal: 22-01-2022 21:25:01 
Duration Download Forstok 10.712747097015 Detik
Duration Looping 700 Data 152.12440109253 Detik 
Total Duration 152.12454104424 Detik 
------------------------- 
Tanggal: 22-01-2022 21:30:01 
Duration Download Forstok 10.612416982651 Detik
Duration Looping 700 Data 149.15160989761 Detik 
Total Duration 149.15172886848 Detik 
------------------------- 
Tanggal: 22-01-2022 21:35:01 
Duration Download Forstok 15.282239198685 Detik
Duration Looping 700 Data 157.88387703896 Detik 
Total Duration 157.88398504257 Detik 
------------------------- 
Tanggal: 22-01-2022 21:40:01 
Duration Download Forstok 12.01645898819 Detik
Duration Looping 700 Data 156.00913381577 Detik 
Total Duration 156.00925803185 Detik 
------------------------- 
Tanggal: 22-01-2022 21:45:01 
Duration Download Forstok 14.124922990799 Detik
Duration Looping 700 Data 158.19869709015 Detik 
Total Duration 158.19881010056 Detik 
------------------------- 
Tanggal: 22-01-2022 21:50:01 
Duration Download Forstok 10.844997882843 Detik
Duration Looping 700 Data 156.53881382942 Detik 
Total Duration 156.53893184662 Detik 
------------------------- 
Tanggal: 22-01-2022 21:55:01 
Duration Download Forstok 12.331473112106 Detik
Duration Looping 700 Data 156.99192595482 Detik 
Total Duration 156.99203896523 Detik 
------------------------- 
Tanggal: 22-01-2022 22:00:01 
Duration Download Forstok 13.040287017822 Detik
Duration Looping 700 Data 157.42836999893 Detik 
Total Duration 157.42848110199 Detik 
------------------------- 
Tanggal: 22-01-2022 22:05:01 
Duration Download Forstok 17.835476875305 Detik
Duration Looping 700 Data 163.29415488243 Detik 
Total Duration 163.29427194595 Detik 
------------------------- 
Tanggal: 22-01-2022 22:10:01 
Duration Download Forstok 10.630113124847 Detik
Duration Looping 700 Data 157.85095214844 Detik 
Total Duration 157.8510620594 Detik 
------------------------- 
Tanggal: 22-01-2022 22:15:01 
Duration Download Forstok 12.601822137833 Detik
Duration Looping 700 Data 160.09243202209 Detik 
Total Duration 160.09254908562 Detik 
------------------------- 
Tanggal: 22-01-2022 22:20:01 
Duration Download Forstok 11.555137872696 Detik
Duration Looping 700 Data 158.50351595879 Detik 
Total Duration 158.50362801552 Detik 
------------------------- 
Tanggal: 22-01-2022 22:25:01 
Duration Download Forstok 12.875520944595 Detik
Duration Looping 700 Data 157.27736282349 Detik 
Total Duration 157.27747392654 Detik 
------------------------- 
Tanggal: 22-01-2022 22:30:01 
Duration Download Forstok 12.016230106354 Detik
Duration Looping 700 Data 149.54980802536 Detik 
Total Duration 149.54991817474 Detik 
------------------------- 
Tanggal: 22-01-2022 22:35:01 
Duration Download Forstok 17.786060810089 Detik
Duration Looping 700 Data 161.21166992188 Detik 
Total Duration 161.21178889275 Detik 
------------------------- 
Tanggal: 22-01-2022 22:40:01 
Duration Download Forstok 14.036463975906 Detik
Duration Looping 700 Data 161.20778512955 Detik 
Total Duration 161.20794010162 Detik 
------------------------- 
Tanggal: 22-01-2022 22:45:01 
Duration Download Forstok 16.115926980972 Detik
Duration Looping 700 Data 157.56404995918 Detik 
Total Duration 157.56416511536 Detik 
------------------------- 
Tanggal: 22-01-2022 22:50:01 
Duration Download Forstok 12.01305103302 Detik
Duration Looping 700 Data 155.40300703049 Detik 
Total Duration 155.40311980247 Detik 
------------------------- 
Tanggal: 22-01-2022 22:55:01 
Duration Download Forstok 11.693405151367 Detik
Duration Looping 700 Data 156.32058310509 Detik 
Total Duration 156.32069802284 Detik 
------------------------- 
Tanggal: 22-01-2022 23:00:01 
Duration Download Forstok 13.690567970276 Detik
Duration Looping 700 Data 155.1707611084 Detik 
Total Duration 155.17087197304 Detik 
------------------------- 
Tanggal: 22-01-2022 23:05:01 
Duration Download Forstok 17.364642858505 Detik
Duration Looping 700 Data 156.96952986717 Detik 
Total Duration 156.96965193748 Detik 
------------------------- 
Tanggal: 22-01-2022 23:10:01 
Duration Download Forstok 13.135661840439 Detik
Duration Looping 700 Data 159.7083170414 Detik 
Total Duration 159.70842790604 Detik 
------------------------- 
Tanggal: 22-01-2022 23:15:01 
Duration Download Forstok 14.341578006744 Detik
Duration Looping 700 Data 155.32383203506 Detik 
Total Duration 155.32391905785 Detik 
------------------------- 
Tanggal: 22-01-2022 23:20:01 
Duration Download Forstok 12.255370855331 Detik
Duration Looping 700 Data 155.05249285698 Detik 
Total Duration 155.05260682106 Detik 
------------------------- 
Tanggal: 22-01-2022 23:25:01 
Duration Download Forstok 11.55166888237 Detik
Duration Looping 700 Data 153.78161501884 Detik 
Total Duration 153.78173184395 Detik 
------------------------- 
Tanggal: 22-01-2022 23:30:01 
Duration Download Forstok 10.67286491394 Detik
Duration Looping 700 Data 162.77571606636 Detik 
Total Duration 162.77582907677 Detik 
------------------------- 
Tanggal: 22-01-2022 23:35:01 
Duration Download Forstok 15.604390144348 Detik
Duration Looping 700 Data 155.47187709808 Detik 
Total Duration 155.47198915482 Detik 
------------------------- 
Tanggal: 22-01-2022 23:40:01 
Duration Download Forstok 14.354032039642 Detik
Duration Looping 700 Data 161.78312897682 Detik 
Total Duration 161.783244133 Detik 
------------------------- 
Tanggal: 22-01-2022 23:45:01 
Duration Download Forstok 11.420253992081 Detik
Duration Looping 700 Data 154.80046105385 Detik 
Total Duration 154.8005759716 Detik 
------------------------- 
Tanggal: 22-01-2022 23:50:01 
Duration Download Forstok 14.164160966873 Detik
Duration Looping 700 Data 156.87726783752 Detik 
Total Duration 156.87737894058 Detik 
------------------------- 
Tanggal: 22-01-2022 23:55:01 
Duration Download Forstok 11.089266061783 Detik
Duration Looping 700 Data 150.20851707458 Detik 
Total Duration 150.20863413811 Detik 
------------------------- 
