Tanggal: 28-10-2021 00:00:01 
Duration Download Forstok 13.009065151215 Detik
Tanggal: 28-10-2021 00:05:01 
Duration Download Forstok 15.64249920845 Detik
Tanggal: 28-10-2021 00:10:01 
Duration Download Forstok 12.976258039474 Detik
Duration Looping 700 Data 372.93569612503 Detik 
Total Duration 372.93580818176 Detik 
------------------------- 
Duration Looping 700 Data 673.8309481144 Detik 
Total Duration 673.83107709885 Detik 
------------------------- 
Duration Looping 700 Data 177.94827198982 Detik 
Total Duration 177.94835710526 Detik 
------------------------- 
Tanggal: 28-10-2021 00:15:01 
Duration Download Forstok 14.295083045959 Detik
Duration Looping 700 Data 126.88213801384 Detik 
Total Duration 126.88226103783 Detik 
------------------------- 
Tanggal: 28-10-2021 00:20:01 
Duration Download Forstok 12.661880016327 Detik
Duration Looping 700 Data 127.18407082558 Detik 
Total Duration 127.18418693542 Detik 
------------------------- 
Tanggal: 28-10-2021 00:25:02 
Duration Download Forstok 20.465081930161 Detik
Duration Looping 700 Data 166.67746496201 Detik 
Total Duration 166.68156790733 Detik 
------------------------- 
Tanggal: 28-10-2021 00:30:01 
Duration Download Forstok 10.591848134995 Detik
Duration Looping 700 Data 125.23114418983 Detik 
Total Duration 125.23125600815 Detik 
------------------------- 
Tanggal: 28-10-2021 00:35:01 
Duration Download Forstok 18.207646846771 Detik
Duration Looping 700 Data 148.15770292282 Detik 
Total Duration 148.1579220295 Detik 
------------------------- 
Tanggal: 28-10-2021 00:40:01 
Duration Download Forstok 14.786988019943 Detik
Duration Looping 700 Data 128.85787892342 Detik 
Total Duration 128.85798406601 Detik 
------------------------- 
Tanggal: 28-10-2021 00:45:01 
Duration Download Forstok 19.247692108154 Detik
Duration Looping 700 Data 137.55490922928 Detik 
Total Duration 137.55504512787 Detik 
------------------------- 
Tanggal: 28-10-2021 00:50:01 
Duration Download Forstok 10.910997867584 Detik
Duration Looping 700 Data 127.64431285858 Detik 
Total Duration 127.64443302155 Detik 
------------------------- 
Tanggal: 28-10-2021 00:55:01 
Duration Download Forstok 14.318545818329 Detik
Duration Looping 700 Data 125.08829092979 Detik 
Total Duration 125.08839988708 Detik 
------------------------- 
Tanggal: 28-10-2021 01:00:01 
Duration Download Forstok 13.613030195236 Detik
Duration Looping 700 Data 129.800314188 Detik 
Total Duration 129.80042505264 Detik 
------------------------- 
Tanggal: 28-10-2021 01:05:01 
Duration Download Forstok 23.132065057755 Detik
Duration Looping 700 Data 132.79887318611 Detik 
Total Duration 132.79897904396 Detik 
------------------------- 
Tanggal: 28-10-2021 01:10:01 
Duration Download Forstok 14.394058942795 Detik
Duration Looping 700 Data 123.33826899529 Detik 
Total Duration 123.33838891983 Detik 
------------------------- 
Tanggal: 28-10-2021 01:15:01 
Duration Download Forstok 16.479540109634 Detik
Duration Looping 700 Data 128.04076290131 Detik 
Total Duration 128.0408680439 Detik 
------------------------- 
Tanggal: 28-10-2021 01:20:01 
Duration Download Forstok 12.806667804718 Detik
Duration Looping 700 Data 131.66131401062 Detik 
Total Duration 131.66139984131 Detik 
------------------------- 
Tanggal: 28-10-2021 01:25:01 
Duration Download Forstok 18.132899999619 Detik
Duration Looping 700 Data 143.53841400146 Detik 
Total Duration 143.53852891922 Detik 
------------------------- 
Tanggal: 28-10-2021 01:30:01 
Duration Download Forstok 13.98369884491 Detik
Duration Looping 700 Data 124.36413097382 Detik 
Total Duration 124.36424994469 Detik 
------------------------- 
Tanggal: 28-10-2021 01:35:01 
Duration Download Forstok 18.365103006363 Detik
Duration Looping 700 Data 138.09930300713 Detik 
Total Duration 138.09944701195 Detik 
------------------------- 
Tanggal: 28-10-2021 01:40:01 
Duration Download Forstok 11.081043958664 Detik
Duration Looping 700 Data 123.04074311256 Detik 
Total Duration 123.04084801674 Detik 
------------------------- 
Tanggal: 28-10-2021 01:45:01 
Duration Download Forstok 13.874855995178 Detik
Duration Looping 700 Data 126.75122094154 Detik 
Total Duration 126.75133299828 Detik 
------------------------- 
Tanggal: 28-10-2021 01:50:01 
Duration Download Forstok 14.680662155151 Detik
Duration Looping 700 Data 129.14874911308 Detik 
Total Duration 129.14886212349 Detik 
------------------------- 
Tanggal: 28-10-2021 01:55:01 
Duration Download Forstok 16.460592031479 Detik
Duration Looping 700 Data 127.52155995369 Detik 
Total Duration 127.52166986465 Detik 
------------------------- 
Tanggal: 28-10-2021 02:00:01 
Duration Download Forstok 14.701331138611 Detik
Duration Looping 700 Data 143.60711121559 Detik 
Total Duration 143.60723018646 Detik 
------------------------- 
Tanggal: 28-10-2021 02:05:01 
Duration Download Forstok 17.931889057159 Detik
Duration Looping 700 Data 127.34724211693 Detik 
Total Duration 127.34734916687 Detik 
------------------------- 
Tanggal: 28-10-2021 02:10:01 
Duration Download Forstok 12.941618919373 Detik
Duration Looping 700 Data 122.13571500778 Detik 
Total Duration 122.13582587242 Detik 
------------------------- 
Tanggal: 28-10-2021 02:15:01 
Duration Download Forstok 12.955806016922 Detik
Duration Looping 700 Data 132.79714107513 Detik 
Total Duration 132.79726099968 Detik 
------------------------- 
Tanggal: 28-10-2021 02:20:01 
Duration Download Forstok 13.554728984833 Detik
Duration Looping 700 Data 127.26719880104 Detik 
Total Duration 127.26731300354 Detik 
------------------------- 
Tanggal: 28-10-2021 02:25:01 
Duration Download Forstok 19.904826164246 Detik
Duration Looping 700 Data 128.8792681694 Detik 
Total Duration 128.87937617302 Detik 
------------------------- 
Tanggal: 28-10-2021 02:30:01 
Duration Download Forstok 12.967846870422 Detik
Duration Looping 700 Data 121.79104804993 Detik 
Total Duration 121.79116797447 Detik 
------------------------- 
Tanggal: 28-10-2021 02:35:01 
Duration Download Forstok 15.093797922134 Detik
Duration Looping 700 Data 128.51938605309 Detik 
Total Duration 128.51953601837 Detik 
------------------------- 
Tanggal: 28-10-2021 02:40:01 
Duration Download Forstok 12.384957075119 Detik
Duration Looping 700 Data 129.17110800743 Detik 
Total Duration 129.17122507095 Detik 
------------------------- 
Tanggal: 28-10-2021 02:45:01 
Duration Download Forstok 18.975474119186 Detik
Duration Looping 700 Data 131.29243612289 Detik 
Total Duration 131.29254698753 Detik 
------------------------- 
Tanggal: 28-10-2021 02:50:01 
Duration Download Forstok 14.320985078812 Detik
Duration Looping 700 Data 129.29642009735 Detik 
Total Duration 129.29651021957 Detik 
------------------------- 
Tanggal: 28-10-2021 02:55:01 
Duration Download Forstok 12.523519992828 Detik
Duration Looping 700 Data 128.62934494019 Detik 
Total Duration 128.62945604324 Detik 
------------------------- 
Tanggal: 28-10-2021 03:00:01 
Duration Download Forstok 13.708437919617 Detik
Duration Looping 700 Data 127.77347612381 Detik 
Total Duration 127.77359890938 Detik 
------------------------- 
Tanggal: 28-10-2021 03:05:01 
Duration Download Forstok 21.215006828308 Detik
Duration Looping 700 Data 133.16294384003 Detik 
Total Duration 133.1630628109 Detik 
------------------------- 
Tanggal: 28-10-2021 03:10:01 
Duration Download Forstok 14.302392959595 Detik
Duration Looping 700 Data 127.01672482491 Detik 
Total Duration 127.01683878899 Detik 
------------------------- 
Tanggal: 28-10-2021 03:15:01 
Duration Download Forstok 13.348649978638 Detik
Duration Looping 700 Data 126.9523460865 Detik 
Total Duration 126.95246315002 Detik 
------------------------- 
Tanggal: 28-10-2021 03:20:01 
Duration Download Forstok 10.184487819672 Detik
Duration Looping 700 Data 129.39174985886 Detik 
Total Duration 129.39186096191 Detik 
------------------------- 
Tanggal: 28-10-2021 03:25:01 
Duration Download Forstok 15.856477975845 Detik
Duration Looping 700 Data 127.73727703094 Detik 
Total Duration 127.73738884926 Detik 
------------------------- 
Tanggal: 28-10-2021 03:30:01 
Duration Download Forstok 14.474999904633 Detik
Duration Looping 700 Data 127.07753705978 Detik 
Total Duration 127.07762002945 Detik 
------------------------- 
Tanggal: 28-10-2021 03:35:01 
Duration Download Forstok 20.28432393074 Detik
Duration Looping 700 Data 131.2065448761 Detik 
Total Duration 131.20666003227 Detik 
------------------------- 
Tanggal: 28-10-2021 03:40:01 
Duration Download Forstok 11.050851821899 Detik
Duration Looping 700 Data 124.66706991196 Detik 
Total Duration 124.66718792915 Detik 
------------------------- 
Tanggal: 28-10-2021 03:45:01 
Duration Download Forstok 21.221134185791 Detik
Duration Looping 700 Data 138.85480904579 Detik 
Total Duration 138.85495018959 Detik 
------------------------- 
Tanggal: 28-10-2021 03:50:01 
Duration Download Forstok 10.760702133179 Detik
Duration Looping 700 Data 122.28989005089 Detik 
Total Duration 122.29000306129 Detik 
------------------------- 
Tanggal: 28-10-2021 03:55:01 
Duration Download Forstok 18.393064975739 Detik
Duration Looping 700 Data 130.8094727993 Detik 
Total Duration 130.80960583687 Detik 
------------------------- 
Tanggal: 28-10-2021 04:00:01 
Duration Download Forstok 15.365998983383 Detik
Duration Looping 700 Data 129.13460111618 Detik 
Total Duration 129.1347091198 Detik 
------------------------- 
Tanggal: 28-10-2021 04:05:01 
Duration Download Forstok 15.681648015976 Detik
Duration Looping 700 Data 124.18140506744 Detik 
Total Duration 124.18151712418 Detik 
------------------------- 
Tanggal: 28-10-2021 04:10:01 
Duration Download Forstok 12.284753799438 Detik
Duration Looping 700 Data 121.53689885139 Detik 
Total Duration 121.53700995445 Detik 
------------------------- 
Tanggal: 28-10-2021 04:15:01 
Duration Download Forstok 17.235532045364 Detik
Duration Looping 700 Data 130.71270895004 Detik 
Total Duration 130.71282100677 Detik 
------------------------- 
Tanggal: 28-10-2021 04:20:02 
Duration Download Forstok 10.299608945847 Detik
Duration Looping 700 Data 126.23439097404 Detik 
Total Duration 126.2345020771 Detik 
------------------------- 
Tanggal: 28-10-2021 04:25:01 
Duration Download Forstok 15.649394989014 Detik
Duration Looping 700 Data 135.14952301979 Detik 
Total Duration 135.14965295792 Detik 
------------------------- 
Tanggal: 28-10-2021 04:30:01 
Duration Download Forstok 12.373456001282 Detik
Duration Looping 700 Data 121.71384191513 Detik 
Total Duration 121.71395397186 Detik 
------------------------- 
Tanggal: 28-10-2021 04:35:01 
Duration Download Forstok 19.366873025894 Detik
Duration Looping 700 Data 141.64545607567 Detik 
Total Duration 141.64557003975 Detik 
------------------------- 
Tanggal: 28-10-2021 04:40:01 
Duration Download Forstok 14.840816020966 Detik
Duration Looping 700 Data 145.39826416969 Detik 
Total Duration 145.39838504791 Detik 
------------------------- 
Tanggal: 28-10-2021 04:45:01 
Duration Download Forstok 20.721536874771 Detik
Duration Looping 700 Data 133.14911699295 Detik 
Total Duration 133.14923095703 Detik 
------------------------- 
Tanggal: 28-10-2021 04:50:01 
Duration Download Forstok 10.372968912125 Detik
Duration Looping 700 Data 119.98223280907 Detik 
Total Duration 119.98232793808 Detik 
------------------------- 
Tanggal: 28-10-2021 04:55:01 
Duration Download Forstok 15.878835916519 Detik
Duration Looping 700 Data 129.20659995079 Detik 
Total Duration 129.20673894882 Detik 
------------------------- 
Tanggal: 28-10-2021 05:00:01 
Duration Download Forstok 10.541630983353 Detik
Duration Looping 700 Data 127.12379002571 Detik 
Total Duration 127.12390089035 Detik 
------------------------- 
Tanggal: 28-10-2021 05:05:01 
Duration Download Forstok 15.336856842041 Detik
Duration Looping 700 Data 124.66223096848 Detik 
Total Duration 124.66234183311 Detik 
------------------------- 
Tanggal: 28-10-2021 05:10:01 
Duration Download Forstok 15.219549894333 Detik
Duration Looping 700 Data 126.44035887718 Detik 
Total Duration 126.44043397903 Detik 
------------------------- 
Tanggal: 28-10-2021 05:15:01 
Duration Download Forstok 16.563519001007 Detik
Duration Looping 700 Data 127.15239810944 Detik 
Total Duration 127.15251302719 Detik 
------------------------- 
Tanggal: 28-10-2021 05:20:01 
Duration Download Forstok 10.0921189785 Detik
Duration Looping 700 Data 119.68607401848 Detik 
Total Duration 119.68617320061 Detik 
------------------------- 
Tanggal: 28-10-2021 05:25:01 
Duration Download Forstok 22.478217840195 Detik
Duration Looping 700 Data 133.34408688545 Detik 
Total Duration 133.34420585632 Detik 
------------------------- 
Tanggal: 28-10-2021 05:30:01 
Duration Download Forstok 14.208333969116 Detik
Duration Looping 700 Data 127.28340792656 Detik 
Total Duration 127.28353214264 Detik 
------------------------- 
Tanggal: 28-10-2021 05:35:02 
Duration Download Forstok 20.573837995529 Detik
Duration Looping 700 Data 143.26693296432 Detik 
Total Duration 143.2670609951 Detik 
------------------------- 
Tanggal: 28-10-2021 05:40:01 
Duration Download Forstok 10.718910932541 Detik
Duration Looping 700 Data 120.86170506477 Detik 
Total Duration 120.86181402206 Detik 
------------------------- 
Tanggal: 28-10-2021 05:45:02 
Duration Download Forstok 20.331831932068 Detik
Duration Looping 700 Data 128.86416697502 Detik 
Total Duration 128.86427092552 Detik 
------------------------- 
Tanggal: 28-10-2021 05:50:01 
Duration Download Forstok 12.117532968521 Detik
Duration Looping 700 Data 122.54559803009 Detik 
Total Duration 122.54570698738 Detik 
------------------------- 
Tanggal: 28-10-2021 05:55:01 
Duration Download Forstok 19.108429908752 Detik
Duration Looping 700 Data 132.73413896561 Detik 
Total Duration 132.73424696922 Detik 
------------------------- 
Tanggal: 28-10-2021 06:00:01 
Duration Download Forstok 13.222993850708 Detik
Duration Looping 700 Data 128.76837897301 Detik 
Total Duration 128.76848483086 Detik 
------------------------- 
Tanggal: 28-10-2021 06:05:01 
Duration Download Forstok 18.351515054703 Detik
Duration Looping 700 Data 128.52333712578 Detik 
Total Duration 128.52345108986 Detik 
------------------------- 
Tanggal: 28-10-2021 06:10:01 
Duration Download Forstok 11.463425159454 Detik
Duration Looping 700 Data 120.15969395638 Detik 
Total Duration 120.15980696678 Detik 
------------------------- 
Tanggal: 28-10-2021 06:15:01 
Duration Download Forstok 59.475904941559 Detik
Tanggal: 28-10-2021 06:20:01 
Duration Download Forstok 9.7844729423523 Detik
Tanggal: 28-10-2021 06:25:01 
Duration Download Forstok 17.562708854675 Detik
Duration Looping 700 Data 126.25357985497 Detik 
Total Duration 126.2536919117 Detik 
------------------------- 
Tanggal: 28-10-2021 06:30:01 
Duration Download Forstok 12.476407051086 Detik
Duration Looping 700 Data 124.83677911758 Detik 
Total Duration 124.83688402176 Detik 
------------------------- 
Tanggal: 28-10-2021 06:35:01 
Duration Download Forstok 22.85285782814 Detik
Duration Looping 700 Data 137.89392495155 Detik 
Total Duration 137.89404582977 Detik 
------------------------- 
Tanggal: 28-10-2021 06:40:01 
Duration Download Forstok 12.093368053436 Detik
Duration Looping 700 Data 125.23671007156 Detik 
Total Duration 125.23682308197 Detik 
------------------------- 
Tanggal: 28-10-2021 06:45:01 
Duration Download Forstok 16.752238035202 Detik
Duration Looping 700 Data 129.47151112556 Detik 
Total Duration 129.47162413597 Detik 
------------------------- 
Tanggal: 28-10-2021 06:50:01 
Duration Download Forstok 13.828261137009 Detik
Duration Looping 700 Data 130.46652913094 Detik 
Total Duration 130.4666390419 Detik 
------------------------- 
Tanggal: 28-10-2021 06:55:01 
Duration Download Forstok 18.310465097427 Detik
Duration Looping 700 Data 129.52369308472 Detik 
Total Duration 129.5237801075 Detik 
------------------------- 
Tanggal: 28-10-2021 07:00:01 
Duration Download Forstok 10.262018918991 Detik
Duration Looping 700 Data 130.64019489288 Detik 
Total Duration 130.64030885696 Detik 
------------------------- 
Tanggal: 28-10-2021 07:05:01 
Duration Download Forstok 17.908075094223 Detik
Duration Looping 700 Data 135.14256596565 Detik 
Total Duration 135.14266991615 Detik 
------------------------- 
Tanggal: 28-10-2021 07:10:01 
Duration Download Forstok 16.695183992386 Detik
Duration Looping 700 Data 127.31776094437 Detik 
Total Duration 127.317882061 Detik 
------------------------- 
Tanggal: 28-10-2021 07:15:01 
Duration Download Forstok 13.558703899384 Detik
Duration Looping 700 Data 128.97305488586 Detik 
Total Duration 128.97316288948 Detik 
------------------------- 
Tanggal: 28-10-2021 07:20:01 
Duration Download Forstok 13.667186975479 Detik
Duration Looping 700 Data 125.49898791313 Detik 
Total Duration 125.49909996986 Detik 
------------------------- 
Tanggal: 28-10-2021 07:25:01 
Duration Download Forstok 12.043637037277 Detik
Duration Looping 700 Data 120.72830200195 Detik 
Total Duration 120.72841119766 Detik 
------------------------- 
Tanggal: 28-10-2021 07:30:01 
Duration Download Forstok 9.819944858551 Detik
Duration Looping 700 Data 120.19858884811 Detik 
Total Duration 120.19866895676 Detik 
------------------------- 
Tanggal: 28-10-2021 07:35:01 
Duration Download Forstok 19.007369995117 Detik
Duration Looping 700 Data 131.88658189774 Detik 
Total Duration 131.88666796684 Detik 
------------------------- 
Tanggal: 28-10-2021 07:40:01 
Duration Download Forstok 10.699684143066 Detik
Duration Looping 700 Data 120.44795894623 Detik 
Total Duration 120.44805812836 Detik 
------------------------- 
Tanggal: 28-10-2021 07:45:01 
Duration Download Forstok 16.327789068222 Detik
Duration Looping 700 Data 124.71377015114 Detik 
Total Duration 124.71392011642 Detik 
------------------------- 
Tanggal: 28-10-2021 07:50:01 
Duration Download Forstok 11.889137983322 Detik
Duration Looping 700 Data 123.56199216843 Detik 
Total Duration 123.56210398674 Detik 
------------------------- 
Tanggal: 28-10-2021 07:55:01 
Duration Download Forstok 16.771134138107 Detik
Duration Looping 700 Data 133.10456109047 Detik 
Total Duration 133.10466599464 Detik 
------------------------- 
Tanggal: 28-10-2021 08:00:01 
Duration Download Forstok 11.499874830246 Detik
Duration Looping 700 Data 123.9316239357 Detik 
Total Duration 123.93173599243 Detik 
------------------------- 
Tanggal: 28-10-2021 08:05:01 
Duration Download Forstok 12.309145927429 Detik
Duration Looping 700 Data 121.45959401131 Detik 
Total Duration 121.45970511436 Detik 
------------------------- 
Tanggal: 28-10-2021 08:10:02 
Duration Download Forstok 14.321025848389 Detik
Duration Looping 700 Data 124.21250486374 Detik 
Total Duration 124.21261787415 Detik 
------------------------- 
Tanggal: 28-10-2021 08:15:01 
Duration Download Forstok 12.159115076065 Detik
Duration Looping 700 Data 127.21036410332 Detik 
Total Duration 127.21047616005 Detik 
------------------------- 
Tanggal: 28-10-2021 08:20:01 
Duration Download Forstok 14.282787084579 Detik
Duration Looping 700 Data 132.96560120583 Detik 
Total Duration 132.96571016312 Detik 
------------------------- 
Tanggal: 28-10-2021 08:25:01 
Duration Download Forstok 15.603031873703 Detik
Duration Looping 700 Data 131.38435387611 Detik 
Total Duration 131.38446092606 Detik 
------------------------- 
Tanggal: 28-10-2021 08:30:01 
Duration Download Forstok 11.334471940994 Detik
Duration Looping 700 Data 143.7039000988 Detik 
Total Duration 143.70401501656 Detik 
------------------------- 
Tanggal: 28-10-2021 08:35:01 
Duration Download Forstok 18.010746002197 Detik
Duration Looping 700 Data 138.03095602989 Detik 
Total Duration 138.03107118607 Detik 
------------------------- 
Tanggal: 28-10-2021 08:40:01 
Duration Download Forstok 13.978845834732 Detik
Duration Looping 700 Data 131.60678386688 Detik 
Total Duration 131.60687994957 Detik 
------------------------- 
Tanggal: 28-10-2021 08:45:01 
Duration Download Forstok 17.941010951996 Detik
Duration Looping 700 Data 137.78678202629 Detik 
Total Duration 137.78689289093 Detik 
------------------------- 
Tanggal: 28-10-2021 08:50:01 
Duration Download Forstok 13.821808815002 Detik
Duration Looping 700 Data 130.87834095955 Detik 
Total Duration 130.87842082977 Detik 
------------------------- 
Tanggal: 28-10-2021 08:55:01 
Duration Download Forstok 15.843953847885 Detik
Duration Looping 700 Data 134.4647898674 Detik 
Total Duration 134.46489405632 Detik 
------------------------- 
Tanggal: 28-10-2021 09:00:01 
Duration Download Forstok 15.250200033188 Detik
Duration Looping 700 Data 134.43438911438 Detik 
Total Duration 134.43451094627 Detik 
------------------------- 
Tanggal: 28-10-2021 09:05:01 
Duration Download Forstok 18.166191101074 Detik
Duration Looping 700 Data 132.88969802856 Detik 
Total Duration 132.88981103897 Detik 
------------------------- 
Tanggal: 28-10-2021 09:10:01 
Duration Download Forstok 20.874258995056 Detik
Duration Looping 700 Data 133.44465112686 Detik 
Total Duration 133.44474101067 Detik 
------------------------- 
Tanggal: 28-10-2021 09:15:01 
Duration Download Forstok 20.619179010391 Detik
Duration Looping 700 Data 138.38739109039 Detik 
Total Duration 138.3874900341 Detik 
------------------------- 
Tanggal: 28-10-2021 09:20:01 
Duration Download Forstok 14.275229930878 Detik
Duration Looping 700 Data 128.81151914597 Detik 
Total Duration 128.81165909767 Detik 
------------------------- 
Tanggal: 28-10-2021 09:25:01 
Duration Download Forstok 14.807744979858 Detik
Duration Looping 700 Data 127.75656509399 Detik 
Total Duration 127.75666594505 Detik 
------------------------- 
Tanggal: 28-10-2021 09:30:01 
Duration Download Forstok 12.834582090378 Detik
Duration Looping 700 Data 131.22806501389 Detik 
Total Duration 131.2281730175 Detik 
------------------------- 
Tanggal: 28-10-2021 09:35:01 
Duration Download Forstok 15.044415950775 Detik
Duration Looping 700 Data 131.47135090828 Detik 
Total Duration 131.47146391869 Detik 
------------------------- 
Tanggal: 28-10-2021 09:40:01 
Duration Download Forstok 13.671211957932 Detik
Duration Looping 700 Data 133.57209897041 Detik 
Total Duration 133.5722079277 Detik 
------------------------- 
Tanggal: 28-10-2021 09:45:01 
Duration Download Forstok 18.265828847885 Detik
Duration Looping 700 Data 135.44265580177 Detik 
Total Duration 135.44278597832 Detik 
------------------------- 
Tanggal: 28-10-2021 09:50:01 
Duration Download Forstok 12.351340055466 Detik
Duration Looping 700 Data 126.74198508263 Detik 
Total Duration 126.74207115173 Detik 
------------------------- 
Tanggal: 28-10-2021 09:55:01 
Duration Download Forstok 23.39878320694 Detik
Duration Looping 700 Data 140.47226214409 Detik 
Total Duration 140.4723482132 Detik 
------------------------- 
Tanggal: 28-10-2021 10:00:01 
Duration Download Forstok 14.589617967606 Detik
Duration Looping 700 Data 132.74125385284 Detik 
Total Duration 132.74134993553 Detik 
------------------------- 
Tanggal: 28-10-2021 10:05:01 
Duration Download Forstok 18.442998886108 Detik
Duration Looping 700 Data 133.90458607674 Detik 
Total Duration 133.90468788147 Detik 
------------------------- 
Tanggal: 28-10-2021 10:10:01 
Duration Download Forstok 15.638650894165 Detik
Duration Looping 700 Data 138.698376894 Detik 
Total Duration 138.69850707054 Detik 
------------------------- 
Tanggal: 28-10-2021 10:15:01 
Duration Download Forstok 18.404654026031 Detik
Duration Looping 700 Data 135.1227350235 Detik 
Total Duration 135.12282896042 Detik 
------------------------- 
Tanggal: 28-10-2021 10:20:01 
Duration Download Forstok 15.050770044327 Detik
Duration Looping 700 Data 137.33238697052 Detik 
Total Duration 137.33250403404 Detik 
------------------------- 
Tanggal: 28-10-2021 10:25:01 
Duration Download Forstok 15.718865871429 Detik
Duration Looping 700 Data 135.86385583878 Detik 
Total Duration 135.86396694183 Detik 
------------------------- 
Tanggal: 28-10-2021 10:30:01 
Duration Download Forstok 14.571795940399 Detik
Duration Looping 700 Data 133.75197792053 Detik 
Total Duration 133.75209093094 Detik 
------------------------- 
Tanggal: 28-10-2021 10:35:01 
Duration Download Forstok 20.021069049835 Detik
Duration Looping 700 Data 145.89874505997 Detik 
Total Duration 145.89883494377 Detik 
------------------------- 
Tanggal: 28-10-2021 10:40:01 
Duration Download Forstok 24.422362089157 Detik
Duration Looping 700 Data 146.85363912582 Detik 
Total Duration 146.85374808311 Detik 
------------------------- 
Tanggal: 28-10-2021 10:45:01 
Duration Download Forstok 19.14527797699 Detik
Duration Looping 700 Data 135.42941093445 Detik 
Total Duration 135.42952084541 Detik 
------------------------- 
Tanggal: 28-10-2021 10:50:01 
Duration Download Forstok 10.744158029556 Detik
Duration Looping 700 Data 137.21647810936 Detik 
Total Duration 137.21659421921 Detik 
------------------------- 
Tanggal: 28-10-2021 10:55:01 
Duration Download Forstok 17.472798109055 Detik
Duration Looping 700 Data 135.16410207748 Detik 
Total Duration 135.16421699524 Detik 
------------------------- 
Tanggal: 28-10-2021 11:00:01 
Duration Download Forstok 11.546445131302 Detik
Duration Looping 700 Data 129.79101109505 Detik 
Total Duration 129.7910990715 Detik 
------------------------- 
Tanggal: 28-10-2021 11:05:01 
Duration Download Forstok 16.067739009857 Detik
Duration Looping 700 Data 132.24252510071 Detik 
Total Duration 132.242634058 Detik 
------------------------- 
Tanggal: 28-10-2021 11:10:01 
Duration Download Forstok 21.939574956894 Detik
Duration Looping 700 Data 145.10657787323 Detik 
Total Duration 145.10669398308 Detik 
------------------------- 
Tanggal: 28-10-2021 11:15:01 
Duration Download Forstok 16.198640108109 Detik
Duration Looping 700 Data 138.39355015755 Detik 
Total Duration 138.39367008209 Detik 
------------------------- 
Tanggal: 28-10-2021 11:20:01 
Duration Download Forstok 18.666137218475 Detik
Duration Looping 700 Data 137.1359732151 Detik 
Total Duration 137.13608407974 Detik 
------------------------- 
Tanggal: 28-10-2021 11:25:01 
Duration Download Forstok 17.442435979843 Detik
Duration Looping 700 Data 141.42994403839 Detik 
Total Duration 141.43006300926 Detik 
------------------------- 
Tanggal: 28-10-2021 11:30:01 
Duration Download Forstok 10.837445020676 Detik
Duration Looping 700 Data 131.11081314087 Detik 
Total Duration 131.11092114449 Detik 
------------------------- 
Tanggal: 28-10-2021 11:35:01 
Duration Download Forstok 14.871515989304 Detik
Duration Looping 700 Data 130.79653811455 Detik 
Total Duration 130.79664802551 Detik 
------------------------- 
Tanggal: 28-10-2021 11:40:01 
Duration Download Forstok 23.094290018082 Detik
Duration Looping 700 Data 139.71630215645 Detik 
Total Duration 139.71660017967 Detik 
------------------------- 
Tanggal: 28-10-2021 11:45:01 
Duration Download Forstok 12.331673145294 Detik
Duration Looping 700 Data 130.26124000549 Detik 
Total Duration 130.26135015488 Detik 
------------------------- 
Tanggal: 28-10-2021 11:50:01 
Duration Download Forstok 13.217041015625 Detik
Duration Looping 700 Data 131.83781599998 Detik 
Total Duration 131.83793091774 Detik 
------------------------- 
Tanggal: 28-10-2021 11:55:01 
Duration Download Forstok 18.403635978699 Detik
Duration Looping 700 Data 143.70823001862 Detik 
Total Duration 143.70834898949 Detik 
------------------------- 
Tanggal: 28-10-2021 12:00:01 
Duration Download Forstok 14.30758190155 Detik
Duration Looping 700 Data 135.98618102074 Detik 
Total Duration 135.98628783226 Detik 
------------------------- 
Tanggal: 28-10-2021 12:05:01 
Duration Download Forstok 19.937186956406 Detik
Duration Looping 700 Data 135.92421889305 Detik 
Total Duration 135.92434287071 Detik 
------------------------- 
Tanggal: 28-10-2021 12:10:01 
Duration Download Forstok 19.468276023865 Detik
Duration Looping 700 Data 131.39717006683 Detik 
Total Duration 131.39727306366 Detik 
------------------------- 
Tanggal: 28-10-2021 12:15:01 
Duration Download Forstok 24.336442947388 Detik
Duration Looping 700 Data 143.03252387047 Detik 
Total Duration 143.03264498711 Detik 
------------------------- 
Tanggal: 28-10-2021 12:20:01 
Duration Download Forstok 13.655998945236 Detik
Duration Looping 700 Data 132.8969578743 Detik 
Total Duration 132.89706897736 Detik 
------------------------- 
Tanggal: 28-10-2021 12:25:01 
Duration Download Forstok 19.394951105118 Detik
Duration Looping 700 Data 131.21902894974 Detik 
Total Duration 131.21913099289 Detik 
------------------------- 
Tanggal: 28-10-2021 12:30:01 
Duration Download Forstok 17.074254989624 Detik
Duration Looping 700 Data 132.8284599781 Detik 
Total Duration 132.8285779953 Detik 
------------------------- 
Tanggal: 28-10-2021 12:35:01 
Duration Download Forstok 18.413704156876 Detik
Duration Looping 700 Data 129.670399189 Detik 
Total Duration 129.6705031395 Detik 
------------------------- 
Tanggal: 28-10-2021 12:40:01 
Duration Download Forstok 18.53071308136 Detik
Duration Looping 700 Data 133.45325613022 Detik 
Total Duration 133.45336508751 Detik 
------------------------- 
Tanggal: 28-10-2021 12:45:01 
Duration Download Forstok 20.038463830948 Detik
Duration Looping 700 Data 129.72598481178 Detik 
Total Duration 129.72610187531 Detik 
------------------------- 
Tanggal: 28-10-2021 12:50:01 
Duration Download Forstok 13.073235988617 Detik
Duration Looping 700 Data 125.66992211342 Detik 
Total Duration 125.67003417015 Detik 
------------------------- 
Tanggal: 28-10-2021 12:55:01 
Duration Download Forstok 18.367927074432 Detik
Duration Looping 700 Data 145.79281306267 Detik 
Total Duration 145.79292798042 Detik 
------------------------- 
Tanggal: 28-10-2021 13:00:01 
Duration Download Forstok 12.282718896866 Detik
Duration Looping 700 Data 129.35736298561 Detik 
Total Duration 129.35747790337 Detik 
------------------------- 
Tanggal: 28-10-2021 13:05:01 
Duration Download Forstok 15.196861028671 Detik
Duration Looping 700 Data 131.16522598267 Detik 
Total Duration 131.1653239727 Detik 
------------------------- 
Tanggal: 28-10-2021 13:10:01 
Duration Download Forstok 20.785126924515 Detik
Duration Looping 700 Data 138.66100788116 Detik 
Total Duration 138.66110491753 Detik 
------------------------- 
Tanggal: 28-10-2021 13:15:01 
Duration Download Forstok 20.18208694458 Detik
Duration Looping 700 Data 139.30196499825 Detik 
Total Duration 139.3020761013 Detik 
------------------------- 
Tanggal: 28-10-2021 13:20:02 
Duration Download Forstok 15.904358863831 Detik
Duration Looping 700 Data 134.13143086433 Detik 
Total Duration 134.13154888153 Detik 
------------------------- 
Tanggal: 28-10-2021 13:25:01 
Duration Download Forstok 16.290595054626 Detik
Duration Looping 700 Data 132.94823002815 Detik 
Total Duration 132.9483499527 Detik 
------------------------- 
Tanggal: 28-10-2021 13:30:01 
Duration Download Forstok 11.669519901276 Detik
Duration Looping 700 Data 132.43993592262 Detik 
Total Duration 132.44005799294 Detik 
------------------------- 
Tanggal: 28-10-2021 13:35:01 
Duration Download Forstok 18.910077810287 Detik
Duration Looping 700 Data 135.09375190735 Detik 
Total Duration 135.09389996529 Detik 
------------------------- 
Tanggal: 28-10-2021 13:40:01 
Duration Download Forstok 18.095709085464 Detik
Duration Looping 700 Data 141.31864619255 Detik 
Total Duration 141.31876301765 Detik 
------------------------- 
Tanggal: 28-10-2021 13:45:01 
Duration Download Forstok 15.059528112411 Detik
Duration Looping 700 Data 133.54290914536 Detik 
Total Duration 133.54302406311 Detik 
------------------------- 
Tanggal: 28-10-2021 13:50:01 
Duration Download Forstok 11.670490980148 Detik
Duration Looping 700 Data 127.91623997688 Detik 
Total Duration 127.91634988785 Detik 
------------------------- 
Tanggal: 28-10-2021 13:55:01 
Duration Download Forstok 13.870584964752 Detik
Duration Looping 700 Data 130.90261793137 Detik 
Total Duration 130.90272903442 Detik 
------------------------- 
Tanggal: 28-10-2021 14:00:01 
Duration Download Forstok 14.412840127945 Detik
Duration Looping 700 Data 136.65885806084 Detik 
Total Duration 136.65894913673 Detik 
------------------------- 
Tanggal: 28-10-2021 14:05:01 
Duration Download Forstok 17.006124019623 Detik
Duration Looping 700 Data 131.68596315384 Detik 
Total Duration 131.68607616425 Detik 
------------------------- 
Tanggal: 28-10-2021 14:10:01 
Duration Download Forstok 21.145127058029 Detik
Duration Looping 700 Data 134.07912302017 Detik 
Total Duration 134.07919692993 Detik 
------------------------- 
Tanggal: 28-10-2021 14:15:01 
Duration Download Forstok 15.989578008652 Detik
Duration Looping 700 Data 136.98554515839 Detik 
Total Duration 136.98565602303 Detik 
------------------------- 
Tanggal: 28-10-2021 14:20:01 
Duration Download Forstok 14.591393947601 Detik
Duration Looping 700 Data 132.38917398453 Detik 
Total Duration 132.3892891407 Detik 
------------------------- 
Tanggal: 28-10-2021 14:25:01 
Duration Download Forstok 20.267111063004 Detik
Duration Looping 700 Data 136.04447412491 Detik 
Total Duration 136.04457902908 Detik 
------------------------- 
Tanggal: 28-10-2021 14:30:01 
Duration Download Forstok 16.092361927032 Detik
Duration Looping 700 Data 137.29901504517 Detik 
Total Duration 137.29912996292 Detik 
------------------------- 
Tanggal: 28-10-2021 14:35:01 
Duration Download Forstok 15.333965063095 Detik
Duration Looping 700 Data 134.35864901543 Detik 
Total Duration 134.35877013206 Detik 
------------------------- 
Tanggal: 28-10-2021 14:40:01 
Duration Download Forstok 25.565174102783 Detik
Duration Looping 700 Data 148.15088391304 Detik 
Total Duration 148.15099692345 Detik 
------------------------- 
Tanggal: 28-10-2021 14:45:01 
Duration Download Forstok 19.852880954742 Detik
Duration Looping 700 Data 138.38146996498 Detik 
Total Duration 138.38157892227 Detik 
------------------------- 
Tanggal: 28-10-2021 14:50:01 
Duration Download Forstok 14.034287929535 Detik
Duration Looping 700 Data 125.85110402107 Detik 
Total Duration 125.85118603706 Detik 
------------------------- 
Tanggal: 28-10-2021 14:55:01 
Duration Download Forstok 18.49656701088 Detik
Duration Looping 700 Data 141.18180704117 Detik 
Total Duration 141.1818959713 Detik 
------------------------- 
Tanggal: 28-10-2021 15:00:01 
Duration Download Forstok 16.319571971893 Detik
Duration Looping 700 Data 133.84988307953 Detik 
Total Duration 133.85001301765 Detik 
------------------------- 
Tanggal: 28-10-2021 15:05:01 
Duration Download Forstok 19.607722997665 Detik
Duration Looping 700 Data 138.29765915871 Detik 
Total Duration 138.29777812958 Detik 
------------------------- 
Tanggal: 28-10-2021 15:10:01 
Duration Download Forstok 15.96342587471 Detik
Duration Looping 700 Data 133.17239880562 Detik 
Total Duration 133.17251086235 Detik 
------------------------- 
Tanggal: 28-10-2021 15:15:01 
Duration Download Forstok 23.771836042404 Detik
Duration Looping 700 Data 139.90735697746 Detik 
Total Duration 139.90747213364 Detik 
------------------------- 
Tanggal: 28-10-2021 15:20:02 
Duration Download Forstok 15.830737829208 Detik
Duration Looping 700 Data 136.01174592972 Detik 
Total Duration 136.0118598938 Detik 
------------------------- 
Tanggal: 28-10-2021 15:25:01 
Duration Download Forstok 15.417108774185 Detik
Duration Looping 700 Data 129.87272596359 Detik 
Total Duration 129.87284088135 Detik 
------------------------- 
Tanggal: 28-10-2021 15:30:01 
Duration Download Forstok 14.91090798378 Detik
Duration Looping 700 Data 129.36646080017 Detik 
Total Duration 129.3665728569 Detik 
------------------------- 
Tanggal: 28-10-2021 15:35:01 
Duration Download Forstok 15.600559949875 Detik
Duration Looping 700 Data 131.9940059185 Detik 
Total Duration 131.9940969944 Detik 
------------------------- 
Tanggal: 28-10-2021 15:40:01 
Duration Download Forstok 21.785686016083 Detik
Duration Looping 700 Data 144.70455098152 Detik 
Total Duration 144.7046661377 Detik 
------------------------- 
Tanggal: 28-10-2021 15:45:01 
Duration Download Forstok 20.531387805939 Detik
Duration Looping 700 Data 140.01402688026 Detik 
Total Duration 140.0141248703 Detik 
------------------------- 
Tanggal: 28-10-2021 15:50:01 
Duration Download Forstok 10.681478977203 Detik
Duration Looping 700 Data 126.85997009277 Detik 
Total Duration 126.86007905006 Detik 
------------------------- 
Tanggal: 28-10-2021 15:55:01 
Duration Download Forstok 15.728991031647 Detik
Duration Looping 700 Data 138.14578604698 Detik 
Total Duration 138.14591407776 Detik 
------------------------- 
Tanggal: 28-10-2021 16:00:01 
Duration Download Forstok 14.487793922424 Detik
Duration Looping 700 Data 137.27408409119 Detik 
Total Duration 137.27417087555 Detik 
------------------------- 
Tanggal: 28-10-2021 16:05:01 
Duration Download Forstok 16.610232114792 Detik
Duration Looping 700 Data 136.95221400261 Detik 
Total Duration 136.95234107971 Detik 
------------------------- 
Tanggal: 28-10-2021 16:10:01 
Duration Download Forstok 20.924289941788 Detik
Duration Looping 700 Data 137.30620288849 Detik 
Total Duration 137.30632305145 Detik 
------------------------- 
Tanggal: 28-10-2021 16:15:01 
Duration Download Forstok 24.048554897308 Detik
Duration Looping 700 Data 147.10295391083 Detik 
Total Duration 147.10305285454 Detik 
------------------------- 
Tanggal: 28-10-2021 16:20:01 
Duration Download Forstok 10.805023908615 Detik
Duration Looping 700 Data 131.01027488708 Detik 
Total Duration 131.01038599014 Detik 
------------------------- 
Tanggal: 28-10-2021 16:25:01 
Duration Download Forstok 19.355650901794 Detik
Duration Looping 700 Data 136.58783793449 Detik 
Total Duration 136.58797597885 Detik 
------------------------- 
Tanggal: 28-10-2021 16:30:01 
Duration Download Forstok 17.897823095322 Detik
Duration Looping 700 Data 134.31058692932 Detik 
Total Duration 134.3106970787 Detik 
------------------------- 
Tanggal: 28-10-2021 16:35:01 
Duration Download Forstok 13.807551145554 Detik
Duration Looping 700 Data 130.48830509186 Detik 
Total Duration 130.48842310905 Detik 
------------------------- 
Tanggal: 28-10-2021 16:40:01 
Duration Download Forstok 23.236019134521 Detik
Duration Looping 700 Data 138.53419494629 Detik 
Total Duration 138.53431200981 Detik 
------------------------- 
Tanggal: 28-10-2021 16:45:01 
Duration Download Forstok 20.417978048325 Detik
Duration Looping 700 Data 133.31682705879 Detik 
Total Duration 133.3169400692 Detik 
------------------------- 
Tanggal: 28-10-2021 16:50:01 
Duration Download Forstok 11.487089157104 Detik
Duration Looping 700 Data 131.75299906731 Detik 
Total Duration 131.75307011604 Detik 
------------------------- 
Tanggal: 28-10-2021 16:55:01 
Duration Download Forstok 17.09064912796 Detik
Duration Looping 700 Data 134.3143491745 Detik 
Total Duration 134.31442713737 Detik 
------------------------- 
Tanggal: 28-10-2021 17:00:01 
Duration Download Forstok 15.811643838882 Detik
Duration Looping 700 Data 133.49551796913 Detik 
Total Duration 133.49562883377 Detik 
------------------------- 
Tanggal: 28-10-2021 17:05:01 
Duration Download Forstok 22.620104789734 Detik
Duration Looping 700 Data 134.39841890335 Detik 
Total Duration 134.39853286743 Detik 
------------------------- 
Tanggal: 28-10-2021 17:10:01 
Duration Download Forstok 21.13966012001 Detik
Duration Looping 700 Data 143.91428613663 Detik 
Total Duration 143.91441607475 Detik 
------------------------- 
Tanggal: 28-10-2021 17:15:02 
Duration Download Forstok 15.919425010681 Detik
Duration Looping 700 Data 134.45246601105 Detik 
Total Duration 134.45260500908 Detik 
------------------------- 
Tanggal: 28-10-2021 17:20:01 
Duration Download Forstok 13.505648851395 Detik
Duration Looping 700 Data 133.03993391991 Detik 
Total Duration 133.04004192352 Detik 
------------------------- 
Tanggal: 28-10-2021 17:25:01 
Duration Download Forstok 21.513126850128 Detik
Duration Looping 700 Data 138.38032102585 Detik 
Total Duration 138.38047599792 Detik 
------------------------- 
Tanggal: 28-10-2021 17:30:01 
Duration Download Forstok 13.875774860382 Detik
Duration Looping 700 Data 126.25026798248 Detik 
Total Duration 126.25038504601 Detik 
------------------------- 
Tanggal: 28-10-2021 17:35:01 
Duration Download Forstok 18.469863891602 Detik
Duration Looping 700 Data 131.96647286415 Detik 
Total Duration 131.96659088135 Detik 
------------------------- 
Tanggal: 28-10-2021 17:40:01 
Duration Download Forstok 15.549726963043 Detik
Duration Looping 700 Data 128.78058505058 Detik 
Total Duration 128.78069806099 Detik 
------------------------- 
Tanggal: 28-10-2021 17:45:01 
Duration Download Forstok 19.731570959091 Detik
Duration Looping 700 Data 141.9866168499 Detik 
Total Duration 141.98673200607 Detik 
------------------------- 
Tanggal: 28-10-2021 17:50:01 
Duration Download Forstok 16.894471883774 Detik
Duration Looping 700 Data 141.20521187782 Detik 
Total Duration 141.20533394814 Detik 
------------------------- 
Tanggal: 28-10-2021 17:55:01 
Duration Download Forstok 18.626631975174 Detik
Duration Looping 700 Data 136.78566980362 Detik 
Total Duration 136.78578281403 Detik 
------------------------- 
Tanggal: 28-10-2021 18:00:02 
Duration Download Forstok 14.704846143723 Detik
Duration Looping 700 Data 128.55689811707 Detik 
Total Duration 128.55698513985 Detik 
------------------------- 
Tanggal: 28-10-2021 18:05:01 
Duration Download Forstok 21.902442932129 Detik
Duration Looping 700 Data 134.24259996414 Detik 
Total Duration 134.24270796776 Detik 
------------------------- 
Tanggal: 28-10-2021 18:10:01 
Duration Download Forstok 20.519111871719 Detik
Duration Looping 700 Data 133.61807799339 Detik 
Total Duration 133.61818695068 Detik 
------------------------- 
Tanggal: 28-10-2021 18:15:01 
Duration Download Forstok 12.574504137039 Detik
Duration Looping 700 Data 124.52500700951 Detik 
Total Duration 124.52510690689 Detik 
------------------------- 
Tanggal: 28-10-2021 18:20:01 
Duration Download Forstok 15.096369028091 Detik
Duration Looping 700 Data 135.71782398224 Detik 
Total Duration 135.7179338932 Detik 
------------------------- 
Tanggal: 28-10-2021 18:25:01 
Duration Download Forstok 28.908391952515 Detik
Duration Looping 700 Data 138.08105993271 Detik 
Total Duration 138.08117103577 Detik 
------------------------- 
Tanggal: 28-10-2021 18:30:01 
Duration Download Forstok 12.271680831909 Detik
Duration Looping 700 Data 133.74811196327 Detik 
Total Duration 133.74822187424 Detik 
------------------------- 
Tanggal: 28-10-2021 18:35:01 
Duration Download Forstok 19.818779945374 Detik
Duration Looping 700 Data 132.13751101494 Detik 
Total Duration 132.13762187958 Detik 
------------------------- 
Tanggal: 28-10-2021 18:40:01 
Duration Download Forstok 20.614314079285 Detik
Duration Looping 700 Data 134.2982339859 Detik 
Total Duration 134.29836797714 Detik 
------------------------- 
Tanggal: 28-10-2021 18:45:01 
Duration Download Forstok 13.422733068466 Detik
Duration Looping 700 Data 144.70784401894 Detik 
Total Duration 144.70795798302 Detik 
------------------------- 
Tanggal: 28-10-2021 18:50:01 
Duration Download Forstok 11.67586684227 Detik
Duration Looping 700 Data 120.85082793236 Detik 
Total Duration 120.85093402863 Detik 
------------------------- 
Tanggal: 28-10-2021 18:55:01 
Duration Download Forstok 22.281366825104 Detik
Duration Looping 700 Data 137.66628694534 Detik 
Total Duration 137.66639494896 Detik 
------------------------- 
Tanggal: 28-10-2021 19:00:01 
Duration Download Forstok 13.669583082199 Detik
Duration Looping 700 Data 131.44644498825 Detik 
Total Duration 131.44655394554 Detik 
------------------------- 
Tanggal: 28-10-2021 19:05:01 
Duration Download Forstok 19.27202796936 Detik
Duration Looping 700 Data 129.41697502136 Detik 
Total Duration 129.41708302498 Detik 
------------------------- 
Tanggal: 28-10-2021 19:10:01 
Duration Download Forstok 22.489039897919 Detik
Duration Looping 700 Data 131.42858290672 Detik 
Total Duration 131.42869281769 Detik 
------------------------- 
Tanggal: 28-10-2021 19:15:01 
Duration Download Forstok 18.45422911644 Detik
Duration Looping 700 Data 141.12060618401 Detik 
Total Duration 141.12072515488 Detik 
------------------------- 
Tanggal: 28-10-2021 19:20:01 
Duration Download Forstok 13.651146888733 Detik
Duration Looping 700 Data 125.2075278759 Detik 
Total Duration 125.20763683319 Detik 
------------------------- 
Tanggal: 28-10-2021 19:25:01 
Duration Download Forstok 18.784629821777 Detik
Duration Looping 700 Data 128.86422395706 Detik 
Total Duration 128.86433601379 Detik 
------------------------- 
Tanggal: 28-10-2021 19:30:01 
Duration Download Forstok 15.792024850845 Detik
Duration Looping 700 Data 131.90254092216 Detik 
Total Duration 131.90265393257 Detik 
------------------------- 
Tanggal: 28-10-2021 19:35:01 
Duration Download Forstok 16.203354120255 Detik
Duration Looping 700 Data 132.86681890488 Detik 
Total Duration 132.86693000793 Detik 
------------------------- 
Tanggal: 28-10-2021 19:40:01 
Duration Download Forstok 20.269538164139 Detik
Duration Looping 700 Data 131.79807400703 Detik 
Total Duration 131.79818320274 Detik 
------------------------- 
Tanggal: 28-10-2021 19:45:01 
Duration Download Forstok 16.71831202507 Detik
Duration Looping 700 Data 127.22561001778 Detik 
Total Duration 127.22569417953 Detik 
------------------------- 
Tanggal: 28-10-2021 19:50:01 
Duration Download Forstok 15.749070882797 Detik
Duration Looping 700 Data 137.64957594872 Detik 
Total Duration 137.64968895912 Detik 
------------------------- 
Tanggal: 28-10-2021 19:55:01 
Duration Download Forstok 17.810692071915 Detik
Duration Looping 700 Data 133.28753399849 Detik 
Total Duration 133.28761100769 Detik 
------------------------- 
Tanggal: 28-10-2021 20:00:01 
Duration Download Forstok 14.296800136566 Detik
Duration Looping 700 Data 127.47259712219 Detik 
Total Duration 127.47270202637 Detik 
------------------------- 
Tanggal: 28-10-2021 20:05:01 
Duration Download Forstok 17.64559006691 Detik
Duration Looping 700 Data 131.11417889595 Detik 
Total Duration 131.11428403854 Detik 
------------------------- 
Tanggal: 28-10-2021 20:10:01 
Duration Download Forstok 23.752480983734 Detik
Duration Looping 700 Data 137.54634690285 Detik 
Total Duration 137.54646492004 Detik 
------------------------- 
Tanggal: 28-10-2021 20:15:01 
Duration Download Forstok 21.353031158447 Detik
Duration Looping 700 Data 133.77457499504 Detik 
Total Duration 133.77468299866 Detik 
------------------------- 
Tanggal: 28-10-2021 20:20:01 
Duration Download Forstok 15.331073999405 Detik
Duration Looping 700 Data 127.35454106331 Detik 
Total Duration 127.35465192795 Detik 
------------------------- 
Tanggal: 28-10-2021 20:25:01 
Duration Download Forstok 15.74298119545 Detik
Duration Looping 700 Data 131.21615004539 Detik 
Total Duration 131.21625804901 Detik 
------------------------- 
Tanggal: 28-10-2021 20:30:01 
Duration Download Forstok 11.546988964081 Detik
Duration Looping 700 Data 121.59577798843 Detik 
Total Duration 121.59588479996 Detik 
------------------------- 
Tanggal: 28-10-2021 20:35:01 
Duration Download Forstok 15.15318608284 Detik
Duration Looping 700 Data 129.6559650898 Detik 
Total Duration 129.65605711937 Detik 
------------------------- 
Tanggal: 28-10-2021 20:40:01 
Duration Download Forstok 18.511436223984 Detik
Duration Looping 700 Data 132.83264303207 Detik 
Total Duration 132.83275508881 Detik 
------------------------- 
Tanggal: 28-10-2021 20:45:01 
Duration Download Forstok 21.765575170517 Detik
Duration Looping 700 Data 134.47529196739 Detik 
Total Duration 134.47542500496 Detik 
------------------------- 
Tanggal: 28-10-2021 20:50:01 
Duration Download Forstok 10.899595975876 Detik
Duration Looping 700 Data 126.13798689842 Detik 
Total Duration 126.1381149292 Detik 
------------------------- 
Tanggal: 28-10-2021 20:55:01 
Duration Download Forstok 19.414699792862 Detik
Duration Looping 700 Data 134.40225791931 Detik 
Total Duration 134.40237283707 Detik 
------------------------- 
Tanggal: 28-10-2021 21:00:01 
Duration Download Forstok 11.375418901443 Detik
Duration Looping 700 Data 130.40723896027 Detik 
Total Duration 130.40737485886 Detik 
------------------------- 
Tanggal: 28-10-2021 21:05:01 
Duration Download Forstok 23.103821992874 Detik
Duration Looping 700 Data 135.05360007286 Detik 
Total Duration 135.05371499062 Detik 
------------------------- 
Tanggal: 28-10-2021 21:10:01 
Duration Download Forstok 15.231729984283 Detik
Duration Looping 700 Data 130.32515597343 Detik 
Total Duration 130.3252620697 Detik 
------------------------- 
Tanggal: 28-10-2021 21:15:01 
Duration Download Forstok 24.066608905792 Detik
Duration Looping 700 Data 141.65603804588 Detik 
Total Duration 141.65615105629 Detik 
------------------------- 
Tanggal: 28-10-2021 21:20:01 
Duration Download Forstok 15.832602024078 Detik
Duration Looping 700 Data 132.05158400536 Detik 
Total Duration 132.05169200897 Detik 
------------------------- 
Tanggal: 28-10-2021 21:25:01 
Duration Download Forstok 15.418647766113 Detik
Duration Looping 700 Data 123.84593176842 Detik 
Total Duration 123.84606289864 Detik 
------------------------- 
Tanggal: 28-10-2021 21:30:01 
Duration Download Forstok 15.125618934631 Detik
Duration Looping 700 Data 135.89594888687 Detik 
Total Duration 135.89605903625 Detik 
------------------------- 
Tanggal: 28-10-2021 21:35:01 
Duration Download Forstok 18.423257112503 Detik
Duration Looping 700 Data 127.64887213707 Detik 
Total Duration 127.64898014069 Detik 
------------------------- 
Tanggal: 28-10-2021 21:40:01 
Duration Download Forstok 16.729049921036 Detik
Duration Looping 700 Data 129.40104198456 Detik 
Total Duration 129.40115213394 Detik 
------------------------- 
Tanggal: 28-10-2021 21:45:02 
Duration Download Forstok 19.645180940628 Detik
Duration Looping 700 Data 134.72933578491 Detik 
Total Duration 134.72944498062 Detik 
------------------------- 
Tanggal: 28-10-2021 21:50:01 
Duration Download Forstok 15.240301847458 Detik
Duration Looping 700 Data 123.02182984352 Detik 
Total Duration 123.02193593979 Detik 
------------------------- 
Tanggal: 28-10-2021 21:55:01 
Duration Download Forstok 24.443528175354 Detik
Duration Looping 700 Data 138.04927420616 Detik 
Total Duration 138.04939413071 Detik 
------------------------- 
Tanggal: 28-10-2021 22:00:01 
Duration Download Forstok 22.719310998917 Detik
Duration Looping 700 Data 131.88057804108 Detik 
Total Duration 131.88068604469 Detik 
------------------------- 
Tanggal: 28-10-2021 22:05:01 
Duration Download Forstok 20.222115039825 Detik
Duration Looping 700 Data 129.82152295113 Detik 
Total Duration 129.82163190842 Detik 
------------------------- 
Tanggal: 28-10-2021 22:10:01 
Duration Download Forstok 20.870131015778 Detik
Duration Looping 700 Data 129.70755195618 Detik 
Total Duration 129.70765709877 Detik 
------------------------- 
Tanggal: 28-10-2021 22:15:01 
Duration Download Forstok 18.769768953323 Detik
Duration Looping 700 Data 128.16893291473 Detik 
Total Duration 128.16904592514 Detik 
------------------------- 
Tanggal: 28-10-2021 22:20:01 
Duration Download Forstok 11.419502973557 Detik
Duration Looping 700 Data 121.83698391914 Detik 
Total Duration 121.83709287643 Detik 
------------------------- 
Tanggal: 28-10-2021 22:25:01 
Duration Download Forstok 19.892287015915 Detik
Duration Looping 700 Data 127.85356998444 Detik 
Total Duration 127.85368800163 Detik 
------------------------- 
Tanggal: 28-10-2021 22:30:01 
Duration Download Forstok 11.551234006882 Detik
Duration Looping 700 Data 120.53850102425 Detik 
Total Duration 120.53860211372 Detik 
------------------------- 
Tanggal: 28-10-2021 22:35:01 
Duration Download Forstok 18.867603063583 Detik
Duration Looping 700 Data 131.84941101074 Detik 
Total Duration 131.84952116013 Detik 
------------------------- 
Tanggal: 28-10-2021 22:40:01 
Duration Download Forstok 18.88517999649 Detik
Duration Looping 700 Data 133.02466797829 Detik 
Total Duration 133.02477788925 Detik 
------------------------- 
Tanggal: 28-10-2021 22:45:01 
Duration Download Forstok 18.344488143921 Detik
Duration Looping 700 Data 135.48922896385 Detik 
Total Duration 135.48937392235 Detik 
------------------------- 
Tanggal: 28-10-2021 22:50:01 
Duration Download Forstok 14.044667959213 Detik
Duration Looping 700 Data 127.33360791206 Detik 
Total Duration 127.3337199688 Detik 
------------------------- 
Tanggal: 28-10-2021 22:55:01 
Duration Download Forstok 12.207123994827 Detik
Duration Looping 700 Data 123.43137001991 Detik 
Total Duration 123.43148088455 Detik 
------------------------- 
Tanggal: 28-10-2021 23:00:01 
Duration Download Forstok 13.334836006165 Detik
Duration Looping 700 Data 135.8862631321 Detik 
Total Duration 135.88637018204 Detik 
------------------------- 
Tanggal: 28-10-2021 23:05:01 
Duration Download Forstok 18.1137778759 Detik
Duration Looping 700 Data 128.40793085098 Detik 
Total Duration 128.40804386139 Detik 
------------------------- 
Tanggal: 28-10-2021 23:10:02 
Duration Download Forstok 17.540898799896 Detik
Duration Looping 700 Data 129.20614480972 Detik 
Total Duration 129.20624899864 Detik 
------------------------- 
Tanggal: 28-10-2021 23:15:01 
Duration Download Forstok 18.228932142258 Detik
Duration Looping 700 Data 131.1623570919 Detik 
Total Duration 131.16246509552 Detik 
------------------------- 
Tanggal: 28-10-2021 23:20:01 
Duration Download Forstok 12.275954961777 Detik
Duration Looping 700 Data 129.03429198265 Detik 
Total Duration 129.03439903259 Detik 
------------------------- 
Tanggal: 28-10-2021 23:25:01 
Duration Download Forstok 20.608006000519 Detik
Duration Looping 700 Data 128.47375321388 Detik 
Total Duration 128.47385907173 Detik 
------------------------- 
Tanggal: 28-10-2021 23:30:01 
Duration Download Forstok 13.808630943298 Detik
Duration Looping 700 Data 121.62180709839 Detik 
Total Duration 121.6219060421 Detik 
------------------------- 
Tanggal: 28-10-2021 23:35:01 
Duration Download Forstok 14.885277032852 Detik
Duration Looping 700 Data 124.96759295464 Detik 
Total Duration 124.96770501137 Detik 
------------------------- 
Tanggal: 28-10-2021 23:40:01 
Duration Download Forstok 13.50360417366 Detik
Duration Looping 700 Data 123.03631401062 Detik 
Total Duration 123.03642296791 Detik 
------------------------- 
Tanggal: 28-10-2021 23:45:01 
Duration Download Forstok 17.202072143555 Detik
Duration Looping 700 Data 124.73715400696 Detik 
Total Duration 124.73726296425 Detik 
------------------------- 
Tanggal: 28-10-2021 23:50:01 
Duration Download Forstok 14.497800111771 Detik
Duration Looping 700 Data 122.34705901146 Detik 
Total Duration 122.3471429348 Detik 
------------------------- 
Tanggal: 28-10-2021 23:55:01 
Duration Download Forstok 21.385424852371 Detik
Duration Looping 700 Data 130.77561783791 Detik 
Total Duration 130.77573084831 Detik 
------------------------- 
