Tanggal: 28-05-2022 00:00:01 
Duration Download Forstok 15.362614870071 Detik
Duration Looping 500 Data 614.4248239994 Detik 
Total Duration 614.43150901794 Detik 
------------------------- 
Tanggal: 28-05-2022 00:15:01 
Duration Download Forstok 21.29992890358 Detik
Duration Looping 500 Data 148.69012308121 Detik 
Total Duration 148.69023489952 Detik 
------------------------- 
Tanggal: 28-05-2022 00:20:01 
Duration Download Forstok 10.717373132706 Detik
Duration Looping 500 Data 151.82670021057 Detik 
Total Duration 151.82748007774 Detik 
------------------------- 
Tanggal: 28-05-2022 00:25:01 
Duration Download Forstok 10.589286804199 Detik
Duration Looping 500 Data 134.40061283112 Detik 
Total Duration 134.40132784843 Detik 
------------------------- 
Tanggal: 28-05-2022 00:30:01 
Duration Download Forstok 10.291544914246 Detik
Duration Looping 500 Data 142.62742805481 Detik 
Total Duration 142.6275370121 Detik 
------------------------- 
Tanggal: 28-05-2022 00:35:01 
Duration Download Forstok 11.360069990158 Detik
Duration Looping 500 Data 147.3078379631 Detik 
Total Duration 147.30881285667 Detik 
------------------------- 
Tanggal: 28-05-2022 00:40:01 
Duration Download Forstok 9.8193919658661 Detik
Duration Looping 500 Data 135.46669101715 Detik 
Total Duration 135.46680402756 Detik 
------------------------- 
Tanggal: 28-05-2022 00:45:01 
Duration Download Forstok 17.571328163147 Detik
Duration Looping 500 Data 167.97966909409 Detik 
Total Duration 167.97978115082 Detik 
------------------------- 
Tanggal: 28-05-2022 00:50:01 
Duration Download Forstok 10.574906110764 Detik
Duration Looping 500 Data 143.22159314156 Detik 
Total Duration 143.22170305252 Detik 
------------------------- 
Tanggal: 28-05-2022 00:55:01 
Duration Download Forstok 10.733476161957 Detik
Duration Looping 500 Data 140.11374211311 Detik 
Total Duration 140.11385202408 Detik 
------------------------- 
Tanggal: 28-05-2022 01:00:01 
Duration Download Forstok 11.508224964142 Detik
Duration Looping 500 Data 143.62142300606 Detik 
Total Duration 143.62153482437 Detik 
------------------------- 
Tanggal: 28-05-2022 01:05:01 
Duration Download Forstok 12.618741989136 Detik
Duration Looping 500 Data 140.02481985092 Detik 
Total Duration 140.02492380142 Detik 
------------------------- 
Tanggal: 28-05-2022 01:10:01 
Duration Download Forstok 8.8093540668488 Detik
Duration Looping 500 Data 134.18824696541 Detik 
Total Duration 134.18835616112 Detik 
------------------------- 
Tanggal: 28-05-2022 01:15:01 
Duration Download Forstok 21.017087936401 Detik
Duration Looping 500 Data 145.103110075 Detik 
Total Duration 145.10325598717 Detik 
------------------------- 
Tanggal: 28-05-2022 01:20:01 
Duration Download Forstok 10.325086116791 Detik
Duration Looping 500 Data 140.664083004 Detik 
Total Duration 140.66419911385 Detik 
------------------------- 
Tanggal: 28-05-2022 01:25:01 
Duration Download Forstok 12.238933086395 Detik
Duration Looping 500 Data 143.05427289009 Detik 
Total Duration 143.05437994003 Detik 
------------------------- 
Tanggal: 28-05-2022 01:30:01 
Duration Download Forstok 11.769151926041 Detik
Duration Looping 500 Data 137.64676094055 Detik 
Total Duration 137.64688301086 Detik 
------------------------- 
Tanggal: 28-05-2022 01:35:01 
Duration Download Forstok 22.483602046967 Detik
Duration Looping 500 Data 152.76914000511 Detik 
Total Duration 152.76925516129 Detik 
------------------------- 
Tanggal: 28-05-2022 01:40:01 
Duration Download Forstok 12.243916034698 Detik
Duration Looping 500 Data 137.30413913727 Detik 
Total Duration 137.30425214767 Detik 
------------------------- 
Tanggal: 28-05-2022 01:45:01 
Duration Download Forstok 19.849150896072 Detik
Duration Looping 500 Data 157.31064891815 Detik 
Total Duration 157.31075406075 Detik 
------------------------- 
Tanggal: 28-05-2022 01:50:01 
Duration Download Forstok 16.187491893768 Detik
Duration Looping 500 Data 149.89737796783 Detik 
Total Duration 149.89749097824 Detik 
------------------------- 
Tanggal: 28-05-2022 01:55:01 
Duration Download Forstok 8.3335828781128 Detik
Duration Looping 500 Data 143.20983290672 Detik 
Total Duration 143.20994591713 Detik 
------------------------- 
Tanggal: 28-05-2022 02:00:01 
Duration Download Forstok 10.755218982697 Detik
Duration Looping 500 Data 144.1254658699 Detik 
Total Duration 144.12558889389 Detik 
------------------------- 
Tanggal: 28-05-2022 02:05:01 
Duration Download Forstok 30.901459932327 Detik
Duration Looping 500 Data 160.67033600807 Detik 
Total Duration 160.6704390049 Detik 
------------------------- 
Tanggal: 28-05-2022 02:10:01 
Duration Download Forstok 12.399693012238 Detik
Duration Looping 500 Data 154.15018582344 Detik 
Total Duration 154.15030884743 Detik 
------------------------- 
Tanggal: 28-05-2022 02:15:01 
Duration Download Forstok 15.01446890831 Detik
Duration Looping 500 Data 143.41231298447 Detik 
Total Duration 143.41243004799 Detik 
------------------------- 
Tanggal: 28-05-2022 02:20:01 
Duration Download Forstok 11.336037874222 Detik
Duration Looping 500 Data 140.06455683708 Detik 
Total Duration 140.0646739006 Detik 
------------------------- 
Tanggal: 28-05-2022 02:25:01 
Duration Download Forstok 10.090870141983 Detik
Duration Looping 500 Data 132.94179415703 Detik 
Total Duration 132.94190621376 Detik 
------------------------- 
Tanggal: 28-05-2022 02:30:01 
Duration Download Forstok 13.573795080185 Detik
Duration Looping 500 Data 142.63946700096 Detik 
Total Duration 142.63958621025 Detik 
------------------------- 
Tanggal: 28-05-2022 02:35:01 
Duration Download Forstok 21.054048061371 Detik
Duration Looping 500 Data 144.36128211021 Detik 
Total Duration 144.36139798164 Detik 
------------------------- 
Tanggal: 28-05-2022 02:40:01 
Duration Download Forstok 10.89576292038 Detik
Duration Looping 500 Data 133.81279087067 Detik 
Total Duration 133.81291604042 Detik 
------------------------- 
Tanggal: 28-05-2022 02:45:01 
Duration Download Forstok 17.480884075165 Detik
Duration Looping 500 Data 140.77100896835 Detik 
Total Duration 140.77111697197 Detik 
------------------------- 
Tanggal: 28-05-2022 02:50:01 
Duration Download Forstok 9.5455648899078 Detik
Duration Looping 500 Data 136.86810684204 Detik 
Total Duration 136.868227005 Detik 
------------------------- 
Tanggal: 28-05-2022 02:55:01 
Duration Download Forstok 9.8872020244598 Detik
Duration Looping 500 Data 137.90776395798 Detik 
Total Duration 137.90787792206 Detik 
------------------------- 
Tanggal: 28-05-2022 03:00:01 
Duration Download Forstok 11.040735960007 Detik
Duration Looping 500 Data 142.68844795227 Detik 
Total Duration 142.68856501579 Detik 
------------------------- 
Tanggal: 28-05-2022 03:05:01 
Duration Download Forstok 23.833429098129 Detik
Duration Looping 500 Data 147.30038905144 Detik 
Total Duration 147.30049920082 Detik 
------------------------- 
Tanggal: 28-05-2022 03:10:01 
Duration Download Forstok 9.1443610191345 Detik
Duration Looping 500 Data 139.46807599068 Detik 
Total Duration 139.46819186211 Detik 
------------------------- 
Tanggal: 28-05-2022 03:15:01 
Duration Download Forstok 13.802485942841 Detik
Duration Looping 500 Data 138.04080200195 Detik 
Total Duration 138.04091787338 Detik 
------------------------- 
Tanggal: 28-05-2022 03:20:01 
Duration Download Forstok 18.334498882294 Detik
Duration Looping 500 Data 142.23621201515 Detik 
Total Duration 142.23632502556 Detik 
------------------------- 
Tanggal: 28-05-2022 03:25:02 
Duration Download Forstok 17.879326105118 Detik
Duration Looping 500 Data 143.929708004 Detik 
Total Duration 143.9298210144 Detik 
------------------------- 
Tanggal: 28-05-2022 03:30:01 
Duration Download Forstok 7.2673351764679 Detik
Duration Looping 500 Data 138.51868796349 Detik 
Total Duration 138.51879501343 Detik 
------------------------- 
Tanggal: 28-05-2022 03:35:01 
Duration Download Forstok 16.572244882584 Detik
Duration Looping 500 Data 142.86084604263 Detik 
Total Duration 142.86094689369 Detik 
------------------------- 
Tanggal: 28-05-2022 03:40:01 
Duration Download Forstok 9.7068710327148 Detik
Duration Looping 500 Data 138.08685708046 Detik 
Total Duration 138.08697605133 Detik 
------------------------- 
Tanggal: 28-05-2022 03:45:01 
Duration Download Forstok 14.683480978012 Detik
Duration Looping 500 Data 154.29865789413 Detik 
Total Duration 154.29876089096 Detik 
------------------------- 
Tanggal: 28-05-2022 03:50:01 
Duration Download Forstok 11.52289390564 Detik
Duration Looping 500 Data 140.39921402931 Detik 
Total Duration 140.39931988716 Detik 
------------------------- 
Tanggal: 28-05-2022 03:55:02 
Duration Download Forstok 16.663018941879 Detik
Duration Looping 500 Data 140.23183012009 Detik 
Total Duration 140.2319381237 Detik 
------------------------- 
Tanggal: 28-05-2022 04:00:01 
Duration Download Forstok 11.327499866486 Detik
Duration Looping 500 Data 141.07610297203 Detik 
Total Duration 141.07621192932 Detik 
------------------------- 
Tanggal: 28-05-2022 04:05:01 
Duration Download Forstok 34.211353063583 Detik
Duration Looping 500 Data 162.09192609787 Detik 
Total Duration 162.09204006195 Detik 
------------------------- 
Tanggal: 28-05-2022 04:10:01 
Duration Download Forstok 9.9420969486237 Detik
Duration Looping 500 Data 142.15785098076 Detik 
Total Duration 142.15796399117 Detik 
------------------------- 
Tanggal: 28-05-2022 04:15:01 
Duration Download Forstok 22.59360408783 Detik
Duration Looping 500 Data 154.66849899292 Detik 
Total Duration 154.66861701012 Detik 
------------------------- 
Tanggal: 28-05-2022 04:20:01 
Duration Download Forstok 10.400672912598 Detik
Duration Looping 500 Data 145.72878599167 Detik 
Total Duration 145.72888994217 Detik 
------------------------- 
Tanggal: 28-05-2022 04:25:01 
Duration Download Forstok 12.595680952072 Detik
Duration Looping 500 Data 147.16297101974 Detik 
Total Duration 147.16309213638 Detik 
------------------------- 
Tanggal: 28-05-2022 04:30:01 
Duration Download Forstok 9.4917528629303 Detik
Duration Looping 500 Data 137.31627583504 Detik 
Total Duration 137.31639385223 Detik 
------------------------- 
Tanggal: 28-05-2022 04:35:01 
Duration Download Forstok 14.241941928864 Detik
Duration Looping 500 Data 139.61254906654 Detik 
Total Duration 139.61265492439 Detik 
------------------------- 
Tanggal: 28-05-2022 04:40:01 
Duration Download Forstok 9.1597239971161 Detik
Duration Looping 500 Data 136.43044400215 Detik 
Total Duration 136.43056201935 Detik 
------------------------- 
Tanggal: 28-05-2022 04:45:01 
Duration Download Forstok 24.907881975174 Detik
Duration Looping 500 Data 172.76886987686 Detik 
Total Duration 172.76898598671 Detik 
------------------------- 
Tanggal: 28-05-2022 04:50:01 
Duration Download Forstok 12.70826792717 Detik
Duration Looping 500 Data 142.36478710175 Detik 
Total Duration 142.36489796638 Detik 
------------------------- 
Tanggal: 28-05-2022 04:55:01 
Duration Download Forstok 13.510135889053 Detik
Duration Looping 500 Data 145.08474993706 Detik 
Total Duration 145.08485603333 Detik 
------------------------- 
Tanggal: 28-05-2022 05:00:01 
Duration Download Forstok 13.969676017761 Detik
Duration Looping 500 Data 143.73521184921 Detik 
Total Duration 143.73532390594 Detik 
------------------------- 
Tanggal: 28-05-2022 05:05:01 
Duration Download Forstok 21.492274045944 Detik
Duration Looping 500 Data 150.29473519325 Detik 
Total Duration 150.29485321045 Detik 
------------------------- 
Tanggal: 28-05-2022 05:10:01 
Duration Download Forstok 9.6965911388397 Detik
Duration Looping 500 Data 139.67695808411 Detik 
Total Duration 139.67706608772 Detik 
------------------------- 
Tanggal: 28-05-2022 05:15:01 
Duration Download Forstok 14.640058040619 Detik
Duration Looping 500 Data 149.553358078 Detik 
Total Duration 149.55350399017 Detik 
------------------------- 
Tanggal: 28-05-2022 05:20:01 
Duration Download Forstok 9.966304063797 Detik
Duration Looping 500 Data 143.07845902443 Detik 
Total Duration 143.07857513428 Detik 
------------------------- 
Tanggal: 28-05-2022 05:25:02 
Duration Download Forstok 10.742861032486 Detik
Duration Looping 500 Data 164.26278185844 Detik 
Total Duration 164.26289987564 Detik 
------------------------- 
Tanggal: 28-05-2022 05:30:01 
Duration Download Forstok 12.625234127045 Detik
Duration Looping 500 Data 146.18778014183 Detik 
Total Duration 146.18788814545 Detik 
------------------------- 
Tanggal: 28-05-2022 05:35:01 
Duration Download Forstok 18.27462887764 Detik
Duration Looping 500 Data 146.79321289062 Detik 
Total Duration 146.79332780838 Detik 
------------------------- 
Tanggal: 28-05-2022 05:40:02 
Duration Download Forstok 10.446683883667 Detik
Duration Looping 500 Data 140.2576649189 Detik 
Total Duration 140.25775909424 Detik 
------------------------- 
Tanggal: 28-05-2022 05:45:01 
Duration Download Forstok 12.869066953659 Detik
Duration Looping 500 Data 140.22127008438 Detik 
Total Duration 140.22137093544 Detik 
------------------------- 
Tanggal: 28-05-2022 05:50:01 
Duration Download Forstok 9.7165489196777 Detik
Duration Looping 500 Data 139.17712688446 Detik 
Total Duration 139.17723298073 Detik 
------------------------- 
Tanggal: 28-05-2022 05:55:01 
Duration Download Forstok 10.743921995163 Detik
Duration Looping 500 Data 141.02858901024 Detik 
Total Duration 141.02869486809 Detik 
------------------------- 
Tanggal: 28-05-2022 06:00:01 
Duration Download Forstok 10.489603042603 Detik
Duration Looping 500 Data 139.52658605576 Detik 
Total Duration 139.52670311928 Detik 
------------------------- 
Tanggal: 28-05-2022 06:05:01 
Duration Download Forstok 24.269731998444 Detik
Duration Looping 500 Data 149.5971930027 Detik 
Total Duration 149.59730291367 Detik 
------------------------- 
Tanggal: 28-05-2022 06:10:01 
Duration Download Forstok 10.315961837769 Detik
Duration Looping 500 Data 143.21381592751 Detik 
Total Duration 143.21391987801 Detik 
------------------------- 
Tanggal: 28-05-2022 06:15:01 
Duration Download Forstok 15.244369983673 Detik
Duration Looping 500 Data 140.56645798683 Detik 
Total Duration 140.56660199165 Detik 
------------------------- 
Tanggal: 28-05-2022 06:20:01 
Duration Download Forstok 10.014226198196 Detik
Duration Looping 500 Data 136.11269021034 Detik 
Total Duration 136.11280202866 Detik 
------------------------- 
Tanggal: 28-05-2022 06:25:01 
Duration Download Forstok 13.133716106415 Detik
Duration Looping 500 Data 147.05696415901 Detik 
Total Duration 147.057076931 Detik 
------------------------- 
Tanggal: 28-05-2022 06:30:01 
Duration Download Forstok 12.621544122696 Detik
Duration Looping 500 Data 139.75140404701 Detik 
Total Duration 139.75151610374 Detik 
------------------------- 
Tanggal: 28-05-2022 06:35:01 
Duration Download Forstok 20.554181814194 Detik
Duration Looping 500 Data 146.81687688828 Detik 
Total Duration 146.81698584557 Detik 
------------------------- 
Tanggal: 28-05-2022 06:40:01 
Duration Download Forstok 13.428709983826 Detik
Duration Looping 500 Data 140.03593611717 Detik 
Total Duration 140.03604602814 Detik 
------------------------- 
Tanggal: 28-05-2022 06:45:01 
Duration Download Forstok 12.657080173492 Detik
Duration Looping 500 Data 140.03367900848 Detik 
Total Duration 140.03378820419 Detik 
------------------------- 
Tanggal: 28-05-2022 06:50:01 
Duration Download Forstok 8.9796059131622 Detik
Duration Looping 500 Data 143.56106495857 Detik 
Total Duration 143.56116890907 Detik 
------------------------- 
Tanggal: 28-05-2022 06:55:01 
Duration Download Forstok 11.328214883804 Detik
Duration Looping 500 Data 139.64730787277 Detik 
Total Duration 139.64741206169 Detik 
------------------------- 
Tanggal: 28-05-2022 07:00:01 
Duration Download Forstok 14.345535993576 Detik
Duration Looping 500 Data 142.51650190353 Detik 
Total Duration 142.5166118145 Detik 
------------------------- 
Tanggal: 28-05-2022 07:05:01 
Duration Download Forstok 26.947154998779 Detik
Duration Looping 500 Data 152.0449950695 Detik 
Total Duration 152.04511404037 Detik 
------------------------- 
Tanggal: 28-05-2022 07:10:01 
Duration Download Forstok 9.4042940139771 Detik
Duration Looping 500 Data 149.43512797356 Detik 
Total Duration 149.43524003029 Detik 
------------------------- 
Tanggal: 28-05-2022 07:15:01 
Duration Download Forstok 14.0631108284 Detik
Duration Looping 500 Data 158.59720897675 Detik 
Total Duration 158.59733700752 Detik 
------------------------- 
Tanggal: 28-05-2022 07:20:01 
Duration Download Forstok 13.895812988281 Detik
Duration Looping 500 Data 156.0366230011 Detik 
Total Duration 156.03672909737 Detik 
------------------------- 
Tanggal: 28-05-2022 07:25:01 
Duration Download Forstok 9.5667748451233 Detik
Duration Looping 500 Data 134.31665205956 Detik 
Total Duration 134.31675696373 Detik 
------------------------- 
Tanggal: 28-05-2022 07:30:01 
Duration Download Forstok 8.6651320457458 Detik
Duration Looping 500 Data 136.09056401253 Detik 
Total Duration 136.09067201614 Detik 
------------------------- 
Tanggal: 28-05-2022 07:35:01 
Duration Download Forstok 14.400696992874 Detik
Duration Looping 500 Data 139.35992598534 Detik 
Total Duration 139.36003518105 Detik 
------------------------- 
Tanggal: 28-05-2022 07:40:01 
Duration Download Forstok 10.768857002258 Detik
Duration Looping 500 Data 151.10460281372 Detik 
Total Duration 151.10471081734 Detik 
------------------------- 
Tanggal: 28-05-2022 07:45:01 
Duration Download Forstok 12.552687168121 Detik
Duration Looping 500 Data 141.59958815575 Detik 
Total Duration 141.59969520569 Detik 
------------------------- 
Tanggal: 28-05-2022 07:50:01 
Duration Download Forstok 11.470595836639 Detik
Duration Looping 500 Data 136.25183296204 Detik 
Total Duration 136.25195097923 Detik 
------------------------- 
Tanggal: 28-05-2022 07:55:01 
Duration Download Forstok 9.3451068401337 Detik
Duration Looping 500 Data 134.55020785332 Detik 
Total Duration 134.55031895638 Detik 
------------------------- 
Tanggal: 28-05-2022 08:00:01 
Duration Download Forstok 8.8281190395355 Detik
Duration Looping 500 Data 140.49444293976 Detik 
Total Duration 140.49454903603 Detik 
------------------------- 
Tanggal: 28-05-2022 08:05:01 
Duration Download Forstok 11.053241968155 Detik
Duration Looping 500 Data 137.1562898159 Detik 
Total Duration 137.1564078331 Detik 
------------------------- 
Tanggal: 28-05-2022 08:10:01 
Duration Download Forstok 10.494604110718 Detik
Duration Looping 500 Data 140.29615211487 Detik 
Total Duration 140.29623007774 Detik 
------------------------- 
Tanggal: 28-05-2022 08:15:01 
Duration Download Forstok 16.41744685173 Detik
Duration Looping 500 Data 147.52204179764 Detik 
Total Duration 147.52215480804 Detik 
------------------------- 
Tanggal: 28-05-2022 08:20:01 
Duration Download Forstok 11.712823152542 Detik
Duration Looping 500 Data 144.47163820267 Detik 
Total Duration 144.47172212601 Detik 
------------------------- 
Tanggal: 28-05-2022 08:25:01 
Duration Download Forstok 10.654566049576 Detik
Duration Looping 500 Data 146.1020219326 Detik 
Total Duration 146.10213112831 Detik 
------------------------- 
Tanggal: 28-05-2022 08:30:01 
Duration Download Forstok 13.846202135086 Detik
Duration Looping 500 Data 146.48315000534 Detik 
Total Duration 146.48325300217 Detik 
------------------------- 
Tanggal: 28-05-2022 08:35:01 
Duration Download Forstok 18.937983036041 Detik
Duration Looping 500 Data 155.0281021595 Detik 
Total Duration 155.02821707726 Detik 
------------------------- 
Tanggal: 28-05-2022 08:40:01 
Duration Download Forstok 11.727255821228 Detik
Duration Looping 500 Data 155.90294098854 Detik 
Total Duration 155.90302586555 Detik 
------------------------- 
Tanggal: 28-05-2022 08:45:01 
Duration Download Forstok 16.024228096008 Detik
Duration Looping 500 Data 159.29496598244 Detik 
Total Duration 159.29505896568 Detik 
------------------------- 
Tanggal: 28-05-2022 08:50:01 
Duration Download Forstok 11.07910490036 Detik
Duration Looping 500 Data 151.06278181076 Detik 
Total Duration 151.06286787987 Detik 
------------------------- 
Tanggal: 28-05-2022 08:55:01 
Duration Download Forstok 8.2566041946411 Detik
Duration Looping 500 Data 141.13191699982 Detik 
Total Duration 141.13199520111 Detik 
------------------------- 
Tanggal: 28-05-2022 09:00:01 
Duration Download Forstok 14.716779947281 Detik
Duration Looping 500 Data 150.66823291779 Detik 
Total Duration 150.66834902763 Detik 
------------------------- 
Tanggal: 28-05-2022 09:05:01 
Duration Download Forstok 10.889610052109 Detik
Duration Looping 500 Data 148.92380094528 Detik 
Total Duration 148.92387294769 Detik 
------------------------- 
Tanggal: 28-05-2022 09:10:01 
Duration Download Forstok 9.4271750450134 Detik
Duration Looping 500 Data 153.34242296219 Detik 
Total Duration 153.34252405167 Detik 
------------------------- 
Tanggal: 28-05-2022 09:15:01 
Duration Download Forstok 19.484788179398 Detik
Duration Looping 500 Data 160.7488090992 Detik 
Total Duration 160.74889206886 Detik 
------------------------- 
Tanggal: 28-05-2022 09:20:01 
Duration Download Forstok 10.432587862015 Detik
Duration Looping 500 Data 155.98402380943 Detik 
Total Duration 155.98411488533 Detik 
------------------------- 
Tanggal: 28-05-2022 09:25:01 
Duration Download Forstok 9.2805869579315 Detik
Duration Looping 500 Data 148.20743989944 Detik 
Total Duration 148.20755600929 Detik 
------------------------- 
Tanggal: 28-05-2022 09:30:01 
Duration Download Forstok 11.381900787354 Detik
Duration Looping 500 Data 151.8771378994 Detik 
Total Duration 151.87722182274 Detik 
------------------------- 
Tanggal: 28-05-2022 09:35:01 
Duration Download Forstok 15.96538901329 Detik
Duration Looping 500 Data 154.74862599373 Detik 
Total Duration 154.74872303009 Detik 
------------------------- 
Tanggal: 28-05-2022 09:40:01 
Duration Download Forstok 13.387907028198 Detik
Duration Looping 500 Data 152.39484596252 Detik 
Total Duration 152.394947052 Detik 
------------------------- 
Tanggal: 28-05-2022 09:45:01 
Duration Download Forstok 11.146694898605 Detik
Duration Looping 500 Data 147.47915101051 Detik 
Total Duration 147.47925281525 Detik 
------------------------- 
Tanggal: 28-05-2022 09:50:01 
Duration Download Forstok 9.905571937561 Detik
Duration Looping 500 Data 163.96410107613 Detik 
Total Duration 163.96419501305 Detik 
------------------------- 
Tanggal: 28-05-2022 09:55:01 
Duration Download Forstok 12.255066871643 Detik
Duration Looping 500 Data 153.79708695412 Detik 
Total Duration 153.79717493057 Detik 
------------------------- 
Tanggal: 28-05-2022 10:00:01 
Duration Download Forstok 10.39948797226 Detik
Duration Looping 500 Data 148.82981491089 Detik 
Total Duration 148.82994484901 Detik 
------------------------- 
Tanggal: 28-05-2022 10:05:01 
Duration Download Forstok 10.089205980301 Detik
Duration Looping 500 Data 155.35196113586 Detik 
Total Duration 155.35204815865 Detik 
------------------------- 
Tanggal: 28-05-2022 10:10:01 
Duration Download Forstok 13.335906982422 Detik
Duration Looping 500 Data 154.76914787292 Detik 
Total Duration 154.76926088333 Detik 
------------------------- 
Tanggal: 28-05-2022 10:15:01 
Duration Download Forstok 18.454926967621 Detik
Duration Looping 500 Data 156.81486296654 Detik 
Total Duration 156.81494498253 Detik 
------------------------- 
Tanggal: 28-05-2022 10:20:01 
Duration Download Forstok 11.463577032089 Detik
Duration Looping 500 Data 151.30959701538 Detik 
Total Duration 151.30969715118 Detik 
------------------------- 
Tanggal: 28-05-2022 10:25:01 
Duration Download Forstok 10.818096876144 Detik
Duration Looping 500 Data 148.15183281898 Detik 
Total Duration 148.15192484856 Detik 
------------------------- 
Tanggal: 28-05-2022 10:30:01 
Duration Download Forstok 10.749871969223 Detik
Duration Looping 500 Data 161.03127193451 Detik 
Total Duration 161.03134799004 Detik 
------------------------- 
Tanggal: 28-05-2022 10:35:01 
Duration Download Forstok 12.716461896896 Detik
Duration Looping 500 Data 165.00146198273 Detik 
Total Duration 165.00157189369 Detik 
------------------------- 
Tanggal: 28-05-2022 10:40:01 
Duration Download Forstok 12.357833147049 Detik
Duration Looping 500 Data 159.25911021233 Detik 
Total Duration 159.2592151165 Detik 
------------------------- 
Tanggal: 28-05-2022 10:45:01 
Duration Download Forstok 13.030647993088 Detik
Duration Looping 500 Data 154.24688100815 Detik 
Total Duration 154.24699401855 Detik 
------------------------- 
Tanggal: 28-05-2022 10:50:01 
Duration Download Forstok 10.951644182205 Detik
Duration Looping 500 Data 149.67605400085 Detik 
Total Duration 149.67613601685 Detik 
------------------------- 
Tanggal: 28-05-2022 10:55:01 
Duration Download Forstok 12.134895086288 Detik
Duration Looping 500 Data 151.40720295906 Detik 
Total Duration 151.40729498863 Detik 
------------------------- 
Tanggal: 28-05-2022 11:00:01 
Duration Download Forstok 18.136767148972 Detik
Duration Looping 500 Data 167.39969992638 Detik 
Total Duration 167.39978814125 Detik 
------------------------- 
Tanggal: 28-05-2022 11:05:01 
Duration Download Forstok 10.570595979691 Detik
Duration Looping 500 Data 151.31436109543 Detik 
Total Duration 151.31444692612 Detik 
------------------------- 
Tanggal: 28-05-2022 11:10:01 
Duration Download Forstok 17.477014064789 Detik
Duration Looping 500 Data 161.41471505165 Detik 
Total Duration 161.41478204727 Detik 
------------------------- 
Tanggal: 28-05-2022 11:15:01 
Duration Download Forstok 14.765011072159 Detik
Duration Looping 500 Data 156.82587099075 Detik 
Total Duration 156.82597517967 Detik 
------------------------- 
Tanggal: 28-05-2022 11:20:02 
Duration Download Forstok 13.668625116348 Detik
Duration Looping 500 Data 162.40063405037 Detik 
Total Duration 162.40071105957 Detik 
------------------------- 
Tanggal: 28-05-2022 11:25:01 
Duration Download Forstok 10.886364936829 Detik
Duration Looping 500 Data 150.51232790947 Detik 
Total Duration 150.51240587234 Detik 
------------------------- 
Tanggal: 28-05-2022 11:30:01 
Duration Download Forstok 11.627654075623 Detik
Duration Looping 500 Data 156.7644701004 Detik 
Total Duration 156.76455211639 Detik 
------------------------- 
Tanggal: 28-05-2022 11:35:01 
Duration Download Forstok 11.595035076141 Detik
Duration Looping 500 Data 151.2705450058 Detik 
Total Duration 151.27063512802 Detik 
------------------------- 
Tanggal: 28-05-2022 11:40:01 
Duration Download Forstok 13.990648984909 Detik
Duration Looping 500 Data 149.40407681465 Detik 
Total Duration 149.40418887138 Detik 
------------------------- 
Tanggal: 28-05-2022 11:45:01 
Duration Download Forstok 21.721757888794 Detik
Duration Looping 500 Data 159.44672489166 Detik 
Total Duration 159.44680309296 Detik 
------------------------- 
Tanggal: 28-05-2022 11:50:01 
Duration Download Forstok 11.205055952072 Detik
Duration Looping 500 Data 150.63980484009 Detik 
Total Duration 150.63990592957 Detik 
------------------------- 
Tanggal: 28-05-2022 11:55:01 
Duration Download Forstok 12.638836860657 Detik
Duration Looping 500 Data 150.43467402458 Detik 
Total Duration 150.43477296829 Detik 
------------------------- 
Tanggal: 28-05-2022 12:00:01 
Duration Download Forstok 12.279429912567 Detik
Duration Looping 500 Data 158.06914401054 Detik 
Total Duration 158.06923794746 Detik 
------------------------- 
Tanggal: 28-05-2022 12:05:01 
Duration Download Forstok 16.371062994003 Detik
Duration Looping 500 Data 152.8027780056 Detik 
Total Duration 152.80286598206 Detik 
------------------------- 
Tanggal: 28-05-2022 12:10:01 
Duration Download Forstok 18.54821395874 Detik
Duration Looping 500 Data 161.24904894829 Detik 
Total Duration 161.24912595749 Detik 
------------------------- 
Tanggal: 28-05-2022 12:15:01 
Duration Download Forstok 17.08087682724 Detik
Duration Looping 500 Data 155.46324586868 Detik 
Total Duration 155.46335101128 Detik 
------------------------- 
Tanggal: 28-05-2022 12:20:01 
Duration Download Forstok 10.414763212204 Detik
Duration Looping 500 Data 154.07817721367 Detik 
Total Duration 154.07827615738 Detik 
------------------------- 
Tanggal: 28-05-2022 12:25:01 
Duration Download Forstok 15.894309997559 Detik
Duration Looping 500 Data 152.26908802986 Detik 
Total Duration 152.26919984818 Detik 
------------------------- 
Tanggal: 28-05-2022 12:30:01 
Duration Download Forstok 13.336055994034 Detik
Duration Looping 500 Data 154.20278096199 Detik 
Total Duration 154.20288610458 Detik 
------------------------- 
Tanggal: 28-05-2022 12:35:01 
Duration Download Forstok 10.327675104141 Detik
Duration Looping 500 Data 147.83643293381 Detik 
Total Duration 147.83653306961 Detik 
------------------------- 
Tanggal: 28-05-2022 12:40:01 
Duration Download Forstok 10.828487873077 Detik
Duration Looping 500 Data 150.94271707535 Detik 
Total Duration 150.94282793999 Detik 
------------------------- 
Tanggal: 28-05-2022 12:45:01 
Duration Download Forstok 15.041546106339 Detik
Duration Looping 500 Data 153.1238451004 Detik 
Total Duration 153.12394809723 Detik 
------------------------- 
Tanggal: 28-05-2022 12:50:01 
Duration Download Forstok 10.397058010101 Detik
Duration Looping 500 Data 149.462266922 Detik 
Total Duration 149.46234297752 Detik 
------------------------- 
Tanggal: 28-05-2022 12:55:01 
Duration Download Forstok 11.653501987457 Detik
Duration Looping 500 Data 153.36367893219 Detik 
Total Duration 153.36380696297 Detik 
------------------------- 
Tanggal: 28-05-2022 13:00:01 
Duration Download Forstok 11.788630962372 Detik
Duration Looping 500 Data 152.23039484024 Detik 
Total Duration 152.230479002 Detik 
------------------------- 
Tanggal: 28-05-2022 13:05:01 
Duration Download Forstok 11.709856987 Detik
Duration Looping 500 Data 147.13049888611 Detik 
Total Duration 147.13058900833 Detik 
------------------------- 
Tanggal: 28-05-2022 13:10:01 
Duration Download Forstok 21.917515039444 Detik
Duration Looping 500 Data 152.83266997337 Detik 
Total Duration 152.83278107643 Detik 
------------------------- 
Tanggal: 28-05-2022 13:15:01 
Duration Download Forstok 13.327491998672 Detik
Duration Looping 500 Data 144.58582997322 Detik 
Total Duration 144.58592796326 Detik 
------------------------- 
Tanggal: 28-05-2022 13:20:01 
Duration Download Forstok 15.497522115707 Detik
Duration Looping 500 Data 149.40684819221 Detik 
Total Duration 149.40695714951 Detik 
------------------------- 
Tanggal: 28-05-2022 13:25:01 
Duration Download Forstok 12.432321071625 Detik
Duration Looping 500 Data 158.35969996452 Detik 
Total Duration 158.36282300949 Detik 
------------------------- 
Tanggal: 28-05-2022 13:30:01 
Duration Download Forstok 19.367722988129 Detik
Duration Looping 500 Data 154.43985581398 Detik 
Total Duration 154.43996191025 Detik 
------------------------- 
Tanggal: 28-05-2022 13:35:01 
Duration Download Forstok 11.50680398941 Detik
Duration Looping 500 Data 146.10916996002 Detik 
Total Duration 146.10927605629 Detik 
------------------------- 
Tanggal: 28-05-2022 13:40:01 
Duration Download Forstok 12.632009983063 Detik
Duration Looping 500 Data 145.72347307205 Detik 
Total Duration 145.72356414795 Detik 
------------------------- 
Tanggal: 28-05-2022 13:45:01 
Duration Download Forstok 14.837082862854 Detik
Duration Looping 500 Data 146.49811887741 Detik 
Total Duration 146.49821090698 Detik 
------------------------- 
Tanggal: 28-05-2022 13:50:01 
Duration Download Forstok 12.22189116478 Detik
Duration Looping 500 Data 140.82530808449 Detik 
Total Duration 140.82541513443 Detik 
------------------------- 
Tanggal: 28-05-2022 13:55:01 
Duration Download Forstok 10.764519929886 Detik
Duration Looping 500 Data 149.12488889694 Detik 
Total Duration 149.12499880791 Detik 
------------------------- 
Tanggal: 28-05-2022 14:00:01 
Duration Download Forstok 13.53731584549 Detik
Duration Looping 500 Data 142.57983899117 Detik 
Total Duration 142.57993078232 Detik 
------------------------- 
Tanggal: 28-05-2022 14:05:01 
Duration Download Forstok 37.04806303978 Detik
Duration Looping 500 Data 165.14262008667 Detik 
Total Duration 165.14273810387 Detik 
------------------------- 
Tanggal: 28-05-2022 14:10:01 
Duration Download Forstok 20.294066905975 Detik
Duration Looping 500 Data 147.46871590614 Detik 
Total Duration 147.46879696846 Detik 
------------------------- 
Tanggal: 28-05-2022 14:15:01 
Duration Download Forstok 24.424211978912 Detik
Duration Looping 500 Data 154.84471082687 Detik 
Total Duration 154.84480285645 Detik 
------------------------- 
Tanggal: 28-05-2022 14:20:01 
Duration Download Forstok 18.874536991119 Detik
Duration Looping 500 Data 149.19474506378 Detik 
Total Duration 149.1948261261 Detik 
------------------------- 
Tanggal: 28-05-2022 14:25:01 
Duration Download Forstok 11.255030870438 Detik
Duration Looping 500 Data 146.038823843 Detik 
Total Duration 146.0389289856 Detik 
------------------------- 
Tanggal: 28-05-2022 14:30:01 
Duration Download Forstok 16.551620006561 Detik
Duration Looping 500 Data 144.51241993904 Detik 
Total Duration 144.51251792908 Detik 
------------------------- 
Tanggal: 28-05-2022 14:35:01 
Duration Download Forstok 13.060398101807 Detik
Duration Looping 500 Data 146.89959311485 Detik 
Total Duration 146.89969611168 Detik 
------------------------- 
Tanggal: 28-05-2022 14:40:01 
Duration Download Forstok 15.058618068695 Detik
Duration Looping 500 Data 143.74688315392 Detik 
Total Duration 143.74699211121 Detik 
------------------------- 
Tanggal: 28-05-2022 14:45:01 
Duration Download Forstok 19.620198011398 Detik
Duration Looping 500 Data 148.54497790337 Detik 
Total Duration 148.54505896568 Detik 
------------------------- 
Tanggal: 28-05-2022 14:50:01 
Duration Download Forstok 15.884566068649 Detik
Duration Looping 500 Data 142.57969689369 Detik 
Total Duration 142.57981705666 Detik 
------------------------- 
Tanggal: 28-05-2022 14:55:01 
Duration Download Forstok 12.248138904572 Detik
Duration Looping 500 Data 140.44917392731 Detik 
Total Duration 140.4492919445 Detik 
------------------------- 
Tanggal: 28-05-2022 15:00:01 
Duration Download Forstok 14.999686956406 Detik
Duration Looping 500 Data 149.09492492676 Detik 
Total Duration 149.09503388405 Detik 
------------------------- 
Tanggal: 28-05-2022 15:05:01 
Duration Download Forstok 13.490488052368 Detik
Duration Looping 500 Data 141.97460412979 Detik 
Total Duration 141.9747171402 Detik 
------------------------- 
Tanggal: 28-05-2022 15:10:01 
Duration Download Forstok 22.93886590004 Detik
Duration Looping 500 Data 155.40668392181 Detik 
Total Duration 155.40677499771 Detik 
------------------------- 
Tanggal: 28-05-2022 15:15:01 
Duration Download Forstok 15.254898071289 Detik
Duration Looping 500 Data 149.35457706451 Detik 
Total Duration 149.35466504097 Detik 
------------------------- 
Tanggal: 28-05-2022 15:20:01 
Duration Download Forstok 15.718446016312 Detik
Duration Looping 500 Data 148.30936598778 Detik 
Total Duration 148.30945110321 Detik 
------------------------- 
Tanggal: 28-05-2022 15:25:01 
Duration Download Forstok 18.092492103577 Detik
Duration Looping 500 Data 150.80900907516 Detik 
Total Duration 150.80909514427 Detik 
------------------------- 
Tanggal: 28-05-2022 15:30:01 
Duration Download Forstok 13.821007013321 Detik
Duration Looping 500 Data 149.45656609535 Detik 
Total Duration 149.45665192604 Detik 
------------------------- 
Tanggal: 28-05-2022 15:35:01 
Duration Download Forstok 13.857393980026 Detik
Duration Looping 500 Data 141.76753997803 Detik 
Total Duration 141.76764798164 Detik 
------------------------- 
Tanggal: 28-05-2022 15:40:01 
Duration Download Forstok 10.905705928802 Detik
Duration Looping 500 Data 145.72450399399 Detik 
Total Duration 145.72462701797 Detik 
------------------------- 
Tanggal: 28-05-2022 15:45:01 
Duration Download Forstok 20.247621059418 Detik
Duration Looping 500 Data 149.5532271862 Detik 
Total Duration 149.55333900452 Detik 
------------------------- 
Tanggal: 28-05-2022 15:50:02 
Duration Download Forstok 12.20032119751 Detik
Duration Looping 500 Data 142.70814609528 Detik 
Total Duration 142.70823121071 Detik 
------------------------- 
Tanggal: 28-05-2022 15:55:01 
Duration Download Forstok 13.742506980896 Detik
Duration Looping 500 Data 142.98843502998 Detik 
Total Duration 142.98852014542 Detik 
------------------------- 
Tanggal: 28-05-2022 16:00:01 
Duration Download Forstok 11.562837839127 Detik
Duration Looping 500 Data 146.3728120327 Detik 
Total Duration 146.37292385101 Detik 
------------------------- 
Tanggal: 28-05-2022 16:05:01 
Duration Download Forstok 16.720060110092 Detik
Duration Looping 500 Data 148.05390810966 Detik 
Total Duration 148.05399298668 Detik 
------------------------- 
Tanggal: 28-05-2022 16:10:01 
Duration Download Forstok 12.531642913818 Detik
Duration Looping 500 Data 142.27457284927 Detik 
Total Duration 142.27468395233 Detik 
------------------------- 
Tanggal: 28-05-2022 16:15:01 
Duration Download Forstok 20.283140897751 Detik
Duration Looping 500 Data 149.54805088043 Detik 
Total Duration 149.54814600945 Detik 
------------------------- 
Tanggal: 28-05-2022 16:20:01 
Duration Download Forstok 14.278352022171 Detik
Duration Looping 500 Data 145.4709789753 Detik 
Total Duration 145.47105193138 Detik 
------------------------- 
Tanggal: 28-05-2022 16:25:01 
Duration Download Forstok 10.223608970642 Detik
Duration Looping 500 Data 143.49228692055 Detik 
Total Duration 143.49235796928 Detik 
------------------------- 
Tanggal: 28-05-2022 16:30:01 
Duration Download Forstok 16.555951118469 Detik
Duration Looping 500 Data 151.33590006828 Detik 
Total Duration 151.33600711823 Detik 
------------------------- 
Tanggal: 28-05-2022 16:35:02 
Duration Download Forstok 12.254190921783 Detik
Duration Looping 500 Data 142.49901890755 Detik 
Total Duration 142.49909210205 Detik 
------------------------- 
Tanggal: 28-05-2022 16:40:01 
Duration Download Forstok 9.935506105423 Detik
Duration Looping 500 Data 148.34627199173 Detik 
Total Duration 148.34637117386 Detik 
------------------------- 
Tanggal: 28-05-2022 16:45:01 
Duration Download Forstok 15.279574155807 Detik
Duration Looping 500 Data 145.87593317032 Detik 
Total Duration 145.87604117393 Detik 
------------------------- 
Tanggal: 28-05-2022 16:50:01 
Duration Download Forstok 11.322389125824 Detik
Duration Looping 500 Data 144.6305680275 Detik 
Total Duration 144.63064813614 Detik 
------------------------- 
Tanggal: 28-05-2022 16:55:01 
Duration Download Forstok 13.460340976715 Detik
Duration Looping 500 Data 143.11713886261 Detik 
Total Duration 143.11721897125 Detik 
------------------------- 
Tanggal: 28-05-2022 17:00:01 
Duration Download Forstok 18.642591953278 Detik
Duration Looping 500 Data 151.83897399902 Detik 
Total Duration 151.83905100822 Detik 
------------------------- 
Tanggal: 28-05-2022 17:05:01 
Duration Download Forstok 16.643344163895 Detik
Duration Looping 500 Data 148.21381998062 Detik 
Total Duration 148.21390914917 Detik 
------------------------- 
Tanggal: 28-05-2022 17:10:01 
Duration Download Forstok 21.465888977051 Detik
Duration Looping 500 Data 158.19115996361 Detik 
Total Duration 158.19127202034 Detik 
------------------------- 
Tanggal: 28-05-2022 17:15:01 
Duration Download Forstok 13.000441074371 Detik
Duration Looping 500 Data 147.50593495369 Detik 
Total Duration 147.50604701042 Detik 
------------------------- 
Tanggal: 28-05-2022 17:20:01 
Duration Download Forstok 14.873326063156 Detik
Duration Looping 500 Data 144.63059616089 Detik 
Total Duration 144.63069605827 Detik 
------------------------- 
Tanggal: 28-05-2022 17:25:01 
Duration Download Forstok 12.969017982483 Detik
Duration Looping 500 Data 142.58585095406 Detik 
Total Duration 142.5859618187 Detik 
------------------------- 
Tanggal: 28-05-2022 17:30:01 
Duration Download Forstok 18.561368942261 Detik
Duration Looping 500 Data 144.84273481369 Detik 
Total Duration 144.84283089638 Detik 
------------------------- 
Tanggal: 28-05-2022 17:35:01 
Duration Download Forstok 10.265228033066 Detik
Duration Looping 500 Data 140.50975704193 Detik 
Total Duration 140.50985312462 Detik 
------------------------- 
Tanggal: 28-05-2022 17:40:01 
Duration Download Forstok 13.478758096695 Detik
Duration Looping 500 Data 148.60601806641 Detik 
Total Duration 148.60612297058 Detik 
------------------------- 
Tanggal: 28-05-2022 17:45:01 
Duration Download Forstok 31.583768844604 Detik
Duration Looping 500 Data 165.17956089973 Detik 
Total Duration 165.17967987061 Detik 
------------------------- 
Tanggal: 28-05-2022 17:50:01 
Duration Download Forstok 14.807756900787 Detik
Duration Looping 500 Data 144.60988688469 Detik 
Total Duration 144.60999894142 Detik 
------------------------- 
Tanggal: 28-05-2022 17:55:01 
Duration Download Forstok 11.264073133469 Detik
Duration Looping 500 Data 152.14779305458 Detik 
Total Duration 152.1479101181 Detik 
------------------------- 
Tanggal: 28-05-2022 18:00:01 
Duration Download Forstok 10.941970825195 Detik
Duration Looping 500 Data 141.44973897934 Detik 
Total Duration 141.44984793663 Detik 
------------------------- 
Tanggal: 28-05-2022 18:05:01 
Duration Download Forstok 13.731261014938 Detik
Duration Looping 500 Data 147.70953989029 Detik 
Total Duration 147.70965099335 Detik 
------------------------- 
Tanggal: 28-05-2022 18:10:01 
Duration Download Forstok 24.312333106995 Detik
Duration Looping 500 Data 157.95815396309 Detik 
Total Duration 157.95826816559 Detik 
------------------------- 
Tanggal: 28-05-2022 18:15:01 
Duration Download Forstok 15.596977949142 Detik
Duration Looping 500 Data 143.57853198051 Detik 
Total Duration 143.57864117622 Detik 
------------------------- 
Tanggal: 28-05-2022 18:20:01 
Duration Download Forstok 13.940428972244 Detik
Duration Looping 500 Data 141.01380300522 Detik 
Total Duration 141.0139169693 Detik 
------------------------- 
Tanggal: 28-05-2022 18:25:01 
Duration Download Forstok 14.470376014709 Detik
Duration Looping 500 Data 140.98293590546 Detik 
Total Duration 140.98305082321 Detik 
------------------------- 
Tanggal: 28-05-2022 18:30:01 
Duration Download Forstok 12.118731975555 Detik
Duration Looping 500 Data 140.22801589966 Detik 
Total Duration 140.22812795639 Detik 
------------------------- 
Tanggal: 28-05-2022 18:35:01 
Duration Download Forstok 13.959367990494 Detik
Duration Looping 500 Data 147.18980002403 Detik 
Total Duration 147.18991208076 Detik 
------------------------- 
Tanggal: 28-05-2022 18:40:01 
Duration Download Forstok 14.664089918137 Detik
Duration Looping 500 Data 136.48617911339 Detik 
Total Duration 136.48629403114 Detik 
------------------------- 
Tanggal: 28-05-2022 18:45:01 
Duration Download Forstok 19.346740961075 Detik
Duration Looping 500 Data 163.21857094765 Detik 
Total Duration 163.2186870575 Detik 
------------------------- 
Tanggal: 28-05-2022 18:50:01 
Duration Download Forstok 15.542391061783 Detik
Duration Looping 500 Data 143.76798820496 Detik 
Total Duration 143.76809620857 Detik 
------------------------- 
Tanggal: 28-05-2022 18:55:01 
Duration Download Forstok 13.185703992844 Detik
Duration Looping 500 Data 134.20156693459 Detik 
Total Duration 134.20165991783 Detik 
------------------------- 
Tanggal: 28-05-2022 19:00:01 
Duration Download Forstok 15.514902114868 Detik
Duration Looping 500 Data 141.21828198433 Detik 
Total Duration 141.21837306023 Detik 
------------------------- 
Tanggal: 28-05-2022 19:05:01 
Duration Download Forstok 13.393203020096 Detik
Duration Looping 500 Data 137.07698893547 Detik 
Total Duration 137.07709693909 Detik 
------------------------- 
Tanggal: 28-05-2022 19:10:01 
Duration Download Forstok 18.635699987411 Detik
Duration Looping 500 Data 139.55464887619 Detik 
Total Duration 139.55475997925 Detik 
------------------------- 
Tanggal: 28-05-2022 19:15:01 
Duration Download Forstok 13.603173971176 Detik
Duration Looping 500 Data 140.30929899216 Detik 
Total Duration 140.30940699577 Detik 
------------------------- 
Tanggal: 28-05-2022 19:20:01 
Duration Download Forstok 16.765251159668 Detik
Duration Looping 500 Data 151.61167407036 Detik 
Total Duration 151.61178708076 Detik 
------------------------- 
Tanggal: 28-05-2022 19:25:01 
Duration Download Forstok 10.528815984726 Detik
Duration Looping 500 Data 135.67351412773 Detik 
Total Duration 135.67361617088 Detik 
------------------------- 
Tanggal: 28-05-2022 19:30:02 
Duration Download Forstok 10.685522079468 Detik
Duration Looping 500 Data 141.8245100975 Detik 
Total Duration 141.8245871067 Detik 
------------------------- 
Tanggal: 28-05-2022 19:35:01 
Duration Download Forstok 11.699029922485 Detik
Duration Looping 500 Data 136.59845685959 Detik 
Total Duration 136.59854483604 Detik 
------------------------- 
Tanggal: 28-05-2022 19:40:01 
Duration Download Forstok 17.119831085205 Detik
Duration Looping 500 Data 147.25709295273 Detik 
Total Duration 147.25721001625 Detik 
------------------------- 
Tanggal: 28-05-2022 19:45:01 
Duration Download Forstok 17.8577439785 Detik
Duration Looping 500 Data 141.60679006577 Detik 
Total Duration 141.60689806938 Detik 
------------------------- 
Tanggal: 28-05-2022 19:50:01 
Duration Download Forstok 18.806594848633 Detik
Duration Looping 500 Data 147.05314493179 Detik 
Total Duration 147.05323505402 Detik 
------------------------- 
Tanggal: 28-05-2022 19:55:01 
Duration Download Forstok 17.045044898987 Detik
Duration Looping 500 Data 139.13897395134 Detik 
Total Duration 139.13908100128 Detik 
------------------------- 
Tanggal: 28-05-2022 20:00:01 
Duration Download Forstok 12.939766168594 Detik
Duration Looping 500 Data 135.25240516663 Detik 
Total Duration 135.25251507759 Detik 
------------------------- 
Tanggal: 28-05-2022 20:05:02 
Duration Download Forstok 11.770527124405 Detik
Duration Looping 500 Data 141.49230217934 Detik 
Total Duration 141.49238419533 Detik 
------------------------- 
Tanggal: 28-05-2022 20:10:01 
Duration Download Forstok 23.49742102623 Detik
Duration Looping 500 Data 156.11846995354 Detik 
Total Duration 156.1185798645 Detik 
------------------------- 
Tanggal: 28-05-2022 20:15:02 
Duration Download Forstok 18.872303962708 Detik
Duration Looping 500 Data 140.25825691223 Detik 
Total Duration 140.25836992264 Detik 
------------------------- 
Tanggal: 28-05-2022 20:20:01 
Duration Download Forstok 8.1939671039581 Detik
Duration Looping 500 Data 135.20141291618 Detik 
Total Duration 135.20150709152 Detik 
------------------------- 
Tanggal: 28-05-2022 20:25:01 
Duration Download Forstok 11.969123840332 Detik
Duration Looping 500 Data 145.56921482086 Detik 
Total Duration 145.56932687759 Detik 
------------------------- 
Tanggal: 28-05-2022 20:30:01 
Duration Download Forstok 15.007844924927 Detik
Duration Looping 500 Data 141.99243092537 Detik 
Total Duration 141.99254488945 Detik 
------------------------- 
Tanggal: 28-05-2022 20:35:01 
Duration Download Forstok 12.115155935287 Detik
Duration Looping 500 Data 138.23220086098 Detik 
Total Duration 138.23230886459 Detik 
------------------------- 
Tanggal: 28-05-2022 20:40:01 
Duration Download Forstok 11.797610998154 Detik
Duration Looping 500 Data 139.70371794701 Detik 
Total Duration 139.70383691788 Detik 
------------------------- 
Tanggal: 28-05-2022 20:45:01 
Duration Download Forstok 14.714747905731 Detik
Duration Looping 500 Data 140.27281808853 Detik 
Total Duration 140.27289605141 Detik 
------------------------- 
Tanggal: 28-05-2022 20:50:01 
Duration Download Forstok 11.524395942688 Detik
Duration Looping 500 Data 140.66048192978 Detik 
Total Duration 140.66058897972 Detik 
------------------------- 
Tanggal: 28-05-2022 20:55:01 
Duration Download Forstok 12.854090929031 Detik
Duration Looping 500 Data 138.45622396469 Detik 
Total Duration 138.45630097389 Detik 
------------------------- 
Tanggal: 28-05-2022 21:00:01 
Duration Download Forstok 13.76836514473 Detik
Duration Looping 500 Data 137.25099515915 Detik 
Total Duration 137.25110507011 Detik 
------------------------- 
Tanggal: 28-05-2022 21:05:01 
Duration Download Forstok 13.770848035812 Detik
Duration Looping 500 Data 141.23836112022 Detik 
Total Duration 141.23846817017 Detik 
------------------------- 
Tanggal: 28-05-2022 21:10:01 
Duration Download Forstok 23.800189971924 Detik
Duration Looping 500 Data 154.92710781097 Detik 
Total Duration 154.92721700668 Detik 
------------------------- 
Tanggal: 28-05-2022 21:15:01 
Duration Download Forstok 19.312160968781 Detik
Duration Looping 500 Data 147.52620410919 Detik 
Total Duration 147.52631902695 Detik 
------------------------- 
Tanggal: 28-05-2022 21:20:01 
Duration Download Forstok 9.752779006958 Detik
Duration Looping 500 Data 135.09383797646 Detik 
Total Duration 135.0939218998 Detik 
------------------------- 
Tanggal: 28-05-2022 21:25:01 
Duration Download Forstok 14.408775091171 Detik
Duration Looping 500 Data 146.24074196815 Detik 
Total Duration 146.24084210396 Detik 
------------------------- 
Tanggal: 28-05-2022 21:30:01 
Duration Download Forstok 12.279129981995 Detik
Duration Looping 500 Data 135.35184693336 Detik 
Total Duration 135.35195994377 Detik 
------------------------- 
Tanggal: 28-05-2022 21:35:01 
Duration Download Forstok 9.8568551540375 Detik
Duration Looping 500 Data 133.64161515236 Detik 
Total Duration 133.64172697067 Detik 
------------------------- 
Tanggal: 28-05-2022 21:40:01 
Duration Download Forstok 13.959943056107 Detik
Duration Looping 500 Data 139.91006398201 Detik 
Total Duration 139.91016697884 Detik 
------------------------- 
Tanggal: 28-05-2022 21:45:01 
Duration Download Forstok 14.603242874146 Detik
Duration Looping 500 Data 140.47537994385 Detik 
Total Duration 140.47548484802 Detik 
------------------------- 
Tanggal: 28-05-2022 21:50:01 
Duration Download Forstok 15.586486101151 Detik
Duration Looping 500 Data 145.87427711487 Detik 
Total Duration 145.87439107895 Detik 
------------------------- 
Tanggal: 28-05-2022 21:55:01 
Duration Download Forstok 11.93957901001 Detik
Duration Looping 500 Data 141.21866416931 Detik 
Total Duration 141.21877717972 Detik 
------------------------- 
Tanggal: 28-05-2022 22:00:01 
Duration Download Forstok 14.249670982361 Detik
Duration Looping 500 Data 149.8470480442 Detik 
Total Duration 149.84716200829 Detik 
------------------------- 
Tanggal: 28-05-2022 22:05:01 
Duration Download Forstok 10.356814861298 Detik
Duration Looping 500 Data 133.84755682945 Detik 
Total Duration 133.84765982628 Detik 
------------------------- 
Tanggal: 28-05-2022 22:10:01 
Duration Download Forstok 11.686919212341 Detik
Duration Looping 500 Data 137.47974920273 Detik 
Total Duration 137.47985816002 Detik 
------------------------- 
Tanggal: 28-05-2022 22:15:01 
Duration Download Forstok 14.663320064545 Detik
Duration Looping 500 Data 137.82251691818 Detik 
Total Duration 137.82261800766 Detik 
------------------------- 
Tanggal: 28-05-2022 22:20:01 
Duration Download Forstok 12.317550897598 Detik
Duration Looping 500 Data 138.64336895943 Detik 
Total Duration 138.64346981049 Detik 
------------------------- 
Tanggal: 28-05-2022 22:25:01 
Duration Download Forstok 10.044867992401 Detik
Duration Looping 500 Data 137.2105820179 Detik 
Total Duration 137.2106859684 Detik 
------------------------- 
Tanggal: 28-05-2022 22:30:01 
Duration Download Forstok 14.99869799614 Detik
Duration Looping 500 Data 139.46137189865 Detik 
Total Duration 139.46149206161 Detik 
------------------------- 
Tanggal: 28-05-2022 22:35:01 
Duration Download Forstok 10.803914070129 Detik
Duration Looping 500 Data 140.15581607819 Detik 
Total Duration 140.15590810776 Detik 
------------------------- 
Tanggal: 28-05-2022 22:40:01 
Duration Download Forstok 13.112614154816 Detik
Duration Looping 500 Data 139.81840705872 Detik 
Total Duration 139.81850910187 Detik 
------------------------- 
Tanggal: 28-05-2022 22:45:01 
Duration Download Forstok 23.565577030182 Detik
Duration Looping 500 Data 144.85283207893 Detik 
Total Duration 144.8529419899 Detik 
------------------------- 
Tanggal: 28-05-2022 22:50:01 
Duration Download Forstok 11.581974983215 Detik
Duration Looping 500 Data 141.45782995224 Detik 
Total Duration 141.45793914795 Detik 
------------------------- 
Tanggal: 28-05-2022 22:55:01 
Duration Download Forstok 9.5468928813934 Detik
Duration Looping 500 Data 133.78226089478 Detik 
Total Duration 133.78239297867 Detik 
------------------------- 
Tanggal: 28-05-2022 23:00:01 
Duration Download Forstok 18.100270032883 Detik
Duration Looping 500 Data 142.84044694901 Detik 
Total Duration 142.84055495262 Detik 
------------------------- 
Tanggal: 28-05-2022 23:05:01 
Duration Download Forstok 14.154264211655 Detik
Duration Looping 500 Data 142.97133517265 Detik 
Total Duration 142.9714410305 Detik 
------------------------- 
Tanggal: 28-05-2022 23:10:01 
Duration Download Forstok 14.847850084305 Detik
Duration Looping 500 Data 141.94062995911 Detik 
Total Duration 141.94074106216 Detik 
------------------------- 
Tanggal: 28-05-2022 23:15:01 
Duration Download Forstok 16.925666809082 Detik
Duration Looping 500 Data 149.90401601791 Detik 
Total Duration 149.90412998199 Detik 
------------------------- 
Tanggal: 28-05-2022 23:20:01 
Duration Download Forstok 10.614747047424 Detik
Duration Looping 500 Data 139.24796891212 Detik 
Total Duration 139.24807405472 Detik 
------------------------- 
Tanggal: 28-05-2022 23:25:01 
Duration Download Forstok 12.523230075836 Detik
Duration Looping 500 Data 134.11779808998 Detik 
Total Duration 134.117882967 Detik 
------------------------- 
Tanggal: 28-05-2022 23:30:01 
Duration Download Forstok 11.166742086411 Detik
Duration Looping 500 Data 147.7059841156 Detik 
Total Duration 147.70609021187 Detik 
------------------------- 
Tanggal: 28-05-2022 23:35:01 
Duration Download Forstok 16.04519701004 Detik
Duration Looping 500 Data 141.22735905647 Detik 
Total Duration 141.22744512558 Detik 
------------------------- 
Tanggal: 28-05-2022 23:40:01 
Duration Download Forstok 10.246932029724 Detik
Duration Looping 500 Data 135.82673692703 Detik 
Total Duration 135.82684612274 Detik 
------------------------- 
Tanggal: 28-05-2022 23:45:01 
Duration Download Forstok 15.515417098999 Detik
Duration Looping 500 Data 139.0290760994 Detik 
Total Duration 139.02917504311 Detik 
------------------------- 
Tanggal: 28-05-2022 23:50:01 
Duration Download Forstok 11.661024093628 Detik
Duration Looping 500 Data 149.94866800308 Detik 
Total Duration 149.94877290726 Detik 
------------------------- 
Tanggal: 28-05-2022 23:55:01 
Duration Download Forstok 8.9152281284332 Detik
Duration Looping 500 Data 146.52563595772 Detik 
Total Duration 146.52574396133 Detik 
------------------------- 
