Tanggal: 25-12-2021 00:00:01 
Duration Download Forstok 12.687992095947 Detik
Tanggal: 25-12-2021 00:05:01 
Duration Download Forstok 18.160121917725 Detik
Tanggal: 25-12-2021 00:10:01 
Duration Download Forstok 13.529924869537 Detik
Duration Looping 700 Data 466.64993190765 Detik 
Total Duration 466.65257191658 Detik 
------------------------- 
Duration Looping 700 Data 767.57235217094 Detik 
Total Duration 767.57246112823 Detik 
------------------------- 
Duration Looping 700 Data 255.74701786041 Detik 
Total Duration 255.74712491035 Detik 
------------------------- 
Tanggal: 25-12-2021 00:15:01 
Duration Download Forstok 16.782511949539 Detik
Duration Looping 700 Data 158.20186090469 Detik 
Total Duration 158.2019469738 Detik 
------------------------- 
Tanggal: 25-12-2021 00:20:01 
Duration Download Forstok 14.363609075546 Detik
Duration Looping 700 Data 167.21347308159 Detik 
Total Duration 167.21363019943 Detik 
------------------------- 
Tanggal: 25-12-2021 00:25:01 
Duration Download Forstok 14.129978895187 Detik
Duration Looping 700 Data 177.82541203499 Detik 
Total Duration 177.82637095451 Detik 
------------------------- 
Tanggal: 25-12-2021 00:30:01 
Duration Download Forstok 11.714598178864 Detik
Duration Looping 700 Data 146.97342896461 Detik 
Total Duration 146.97352910042 Detik 
------------------------- 
Tanggal: 25-12-2021 00:35:01 
Duration Download Forstok 23.252644062042 Detik
Duration Looping 700 Data 184.33053994179 Detik 
Total Duration 184.33065795898 Detik 
------------------------- 
Tanggal: 25-12-2021 00:40:01 
Duration Download Forstok 12.540451049805 Detik
Duration Looping 700 Data 153.2369799614 Detik 
Total Duration 153.2370929718 Detik 
------------------------- 
Tanggal: 25-12-2021 00:45:01 
Duration Download Forstok 20.296823978424 Detik
Duration Looping 700 Data 159.94989109039 Detik 
Total Duration 159.95000314713 Detik 
------------------------- 
Tanggal: 25-12-2021 00:50:01 
Duration Download Forstok 12.303306818008 Detik
Duration Looping 700 Data 151.77601885796 Detik 
Total Duration 151.77612876892 Detik 
------------------------- 
Tanggal: 25-12-2021 00:55:01 
Duration Download Forstok 11.735543966293 Detik
Duration Looping 700 Data 148.74021291733 Detik 
Total Duration 148.74031209946 Detik 
------------------------- 
Tanggal: 25-12-2021 01:00:01 
Duration Download Forstok 15.016556978226 Detik
Duration Looping 700 Data 154.38277292252 Detik 
Total Duration 154.38290190697 Detik 
------------------------- 
Tanggal: 25-12-2021 01:05:01 
Duration Download Forstok 18.84859585762 Detik
Duration Looping 700 Data 152.99899888039 Detik 
Total Duration 152.99912691116 Detik 
------------------------- 
Tanggal: 25-12-2021 01:10:01 
Duration Download Forstok 14.157873153687 Detik
Duration Looping 700 Data 154.21149897575 Detik 
Total Duration 154.21161603928 Detik 
------------------------- 
Tanggal: 25-12-2021 01:15:01 
Duration Download Forstok 15.957567214966 Detik
Duration Looping 700 Data 162.46641802788 Detik 
Total Duration 162.4665210247 Detik 
------------------------- 
Tanggal: 25-12-2021 01:20:01 
Duration Download Forstok 14.354928970337 Detik
Duration Looping 700 Data 154.48853397369 Detik 
Total Duration 154.48864388466 Detik 
------------------------- 
Tanggal: 25-12-2021 01:25:01 
Duration Download Forstok 18.562176942825 Detik
Duration Looping 700 Data 153.03987812996 Detik 
Total Duration 153.03998613358 Detik 
------------------------- 
Tanggal: 25-12-2021 01:30:01 
Duration Download Forstok 11.765822172165 Detik
Duration Looping 700 Data 150.93921613693 Detik 
Total Duration 150.93931913376 Detik 
------------------------- 
Tanggal: 25-12-2021 01:35:01 
Duration Download Forstok 17.095108985901 Detik
Duration Looping 700 Data 156.1765229702 Detik 
Total Duration 156.17663693428 Detik 
------------------------- 
Tanggal: 25-12-2021 01:40:01 
Duration Download Forstok 13.512555122375 Detik
Duration Looping 700 Data 159.5646071434 Detik 
Total Duration 159.56471800804 Detik 
------------------------- 
Tanggal: 25-12-2021 01:45:01 
Duration Download Forstok 16.670925855637 Detik
Duration Looping 700 Data 157.4907169342 Detik 
Total Duration 157.49083399773 Detik 
------------------------- 
Tanggal: 25-12-2021 01:50:01 
Duration Download Forstok 15.207793951035 Detik
Duration Looping 700 Data 154.26041078568 Detik 
Total Duration 154.26053285599 Detik 
------------------------- 
Tanggal: 25-12-2021 01:55:01 
Duration Download Forstok 14.025628089905 Detik
Duration Looping 700 Data 146.78838515282 Detik 
Total Duration 146.78850007057 Detik 
------------------------- 
Tanggal: 25-12-2021 02:00:01 
Duration Download Forstok 12.171421051025 Detik
Duration Looping 700 Data 157.96122503281 Detik 
Total Duration 157.96133995056 Detik 
------------------------- 
Tanggal: 25-12-2021 02:05:01 
Duration Download Forstok 19.756898164749 Detik
Duration Looping 700 Data 176.48632907867 Detik 
Total Duration 176.48644399643 Detik 
------------------------- 
Tanggal: 25-12-2021 02:10:01 
Duration Download Forstok 13.867904186249 Detik
Duration Looping 700 Data 147.58209204674 Detik 
Total Duration 147.58220410347 Detik 
------------------------- 
Tanggal: 25-12-2021 02:15:01 
Duration Download Forstok 14.049017190933 Detik
Duration Looping 700 Data 150.58007621765 Detik 
Total Duration 150.58020114899 Detik 
------------------------- 
Tanggal: 25-12-2021 02:20:01 
Duration Download Forstok 12.601418972015 Detik
Duration Looping 700 Data 164.11022686958 Detik 
Total Duration 164.11034703255 Detik 
------------------------- 
Tanggal: 25-12-2021 02:25:01 
Duration Download Forstok 16.776849985123 Detik
Duration Looping 700 Data 150.27134990692 Detik 
Total Duration 150.27146601677 Detik 
------------------------- 
Tanggal: 25-12-2021 02:30:01 
Duration Download Forstok 13.068259954453 Detik
Duration Looping 700 Data 151.26473999023 Detik 
Total Duration 151.26485204697 Detik 
------------------------- 
Tanggal: 25-12-2021 02:35:01 
Duration Download Forstok 16.235238075256 Detik
Duration Looping 700 Data 151.73016309738 Detik 
Total Duration 151.73027706146 Detik 
------------------------- 
Tanggal: 25-12-2021 02:40:01 
Duration Download Forstok 16.180068016052 Detik
Duration Looping 700 Data 159.08927512169 Detik 
Total Duration 159.08938002586 Detik 
------------------------- 
Tanggal: 25-12-2021 02:45:01 
Duration Download Forstok 21.998955011368 Detik
Duration Looping 700 Data 163.32227921486 Detik 
Total Duration 163.32239103317 Detik 
------------------------- 
Tanggal: 25-12-2021 02:50:01 
Duration Download Forstok 14.513345956802 Detik
Duration Looping 700 Data 146.65535116196 Detik 
Total Duration 146.65546512604 Detik 
------------------------- 
Tanggal: 25-12-2021 02:55:01 
Duration Download Forstok 14.144248962402 Detik
Duration Looping 700 Data 158.48029994965 Detik 
Total Duration 158.48040890694 Detik 
------------------------- 
Tanggal: 25-12-2021 03:00:01 
Duration Download Forstok 14.373744010925 Detik
Duration Looping 700 Data 159.77231621742 Detik 
Total Duration 159.77242302895 Detik 
------------------------- 
Tanggal: 25-12-2021 03:05:01 
Duration Download Forstok 17.204482078552 Detik
Duration Looping 700 Data 152.72592306137 Detik 
Total Duration 152.72603106499 Detik 
------------------------- 
Tanggal: 25-12-2021 03:10:01 
Duration Download Forstok 11.097544193268 Detik
Duration Looping 700 Data 175.94106698036 Detik 
Total Duration 175.94116997719 Detik 
------------------------- 
Tanggal: 25-12-2021 03:15:01 
Duration Download Forstok 18.894325017929 Detik
Duration Looping 700 Data 155.10219597816 Detik 
Total Duration 155.10227608681 Detik 
------------------------- 
Tanggal: 25-12-2021 03:20:01 
Duration Download Forstok 13.726053953171 Detik
Duration Looping 700 Data 148.30499982834 Detik 
Total Duration 148.3051109314 Detik 
------------------------- 
Tanggal: 25-12-2021 03:25:01 
Duration Download Forstok 12.563548088074 Detik
Duration Looping 700 Data 151.55144095421 Detik 
Total Duration 151.55155801773 Detik 
------------------------- 
Tanggal: 25-12-2021 03:30:01 
Duration Download Forstok 12.896035909653 Detik
Duration Looping 700 Data 151.98358201981 Detik 
Total Duration 151.98369884491 Detik 
------------------------- 
Tanggal: 25-12-2021 03:35:01 
Duration Download Forstok 17.162557840347 Detik
Duration Looping 700 Data 152.07736301422 Detik 
Total Duration 152.07746195793 Detik 
------------------------- 
Tanggal: 25-12-2021 03:40:01 
Duration Download Forstok 16.255168914795 Detik
Duration Looping 700 Data 155.23826503754 Detik 
Total Duration 155.23837995529 Detik 
------------------------- 
Tanggal: 25-12-2021 03:45:01 
Duration Download Forstok 17.175029993057 Detik
Duration Looping 700 Data 151.02240514755 Detik 
Total Duration 151.0225250721 Detik 
------------------------- 
Tanggal: 25-12-2021 03:50:01 
Duration Download Forstok 13.627228975296 Detik
Duration Looping 700 Data 145.69727993011 Detik 
Total Duration 145.69739294052 Detik 
------------------------- 
Tanggal: 25-12-2021 03:55:01 
Duration Download Forstok 13.220101118088 Detik
Duration Looping 700 Data 146.06466603279 Detik 
Total Duration 146.06474900246 Detik 
------------------------- 
Tanggal: 25-12-2021 04:00:01 
Duration Download Forstok 11.926208019257 Detik
Duration Looping 700 Data 149.39388203621 Detik 
Total Duration 149.39405298233 Detik 
------------------------- 
Tanggal: 25-12-2021 04:05:01 
Duration Download Forstok 19.929427862167 Detik
Duration Looping 700 Data 152.84113383293 Detik 
Total Duration 152.84124588966 Detik 
------------------------- 
Tanggal: 25-12-2021 04:10:01 
Duration Download Forstok 12.423535823822 Detik
Duration Looping 700 Data 146.91072201729 Detik 
Total Duration 146.91083502769 Detik 
------------------------- 
Tanggal: 25-12-2021 04:15:01 
Duration Download Forstok 14.528503894806 Detik
Duration Looping 700 Data 152.56852984428 Detik 
Total Duration 152.56864595413 Detik 
------------------------- 
Tanggal: 25-12-2021 04:20:01 
Duration Download Forstok 14.130139112473 Detik
Duration Looping 700 Data 147.27378320694 Detik 
Total Duration 147.27389502525 Detik 
------------------------- 
Tanggal: 25-12-2021 04:25:01 
Duration Download Forstok 12.426630020142 Detik
Duration Looping 700 Data 149.57862186432 Detik 
Total Duration 149.57873106003 Detik 
------------------------- 
Tanggal: 25-12-2021 04:30:01 
Duration Download Forstok 13.71609210968 Detik
Duration Looping 700 Data 150.60213899612 Detik 
Total Duration 150.60225009918 Detik 
------------------------- 
Tanggal: 25-12-2021 04:35:01 
Duration Download Forstok 20.291824817657 Detik
Duration Looping 700 Data 161.04529690742 Detik 
Total Duration 161.04542279243 Detik 
------------------------- 
Tanggal: 25-12-2021 04:40:01 
Duration Download Forstok 11.114001989365 Detik
Duration Looping 700 Data 154.45442795753 Detik 
Total Duration 154.45454692841 Detik 
------------------------- 
Tanggal: 25-12-2021 04:45:01 
Duration Download Forstok 14.81761598587 Detik
Duration Looping 700 Data 151.70998716354 Detik 
Total Duration 151.71010804176 Detik 
------------------------- 
Tanggal: 25-12-2021 04:50:01 
Duration Download Forstok 13.770880937576 Detik
Duration Looping 700 Data 149.13149094582 Detik 
Total Duration 149.13160705566 Detik 
------------------------- 
Tanggal: 25-12-2021 04:55:01 
Duration Download Forstok 13.726156949997 Detik
Duration Looping 700 Data 150.06096315384 Detik 
Total Duration 150.06107711792 Detik 
------------------------- 
Tanggal: 25-12-2021 05:00:01 
Duration Download Forstok 10.787461996078 Detik
Duration Looping 700 Data 148.02651810646 Detik 
Total Duration 148.02662205696 Detik 
------------------------- 
Tanggal: 25-12-2021 05:05:01 
Duration Download Forstok 14.193234920502 Detik
Duration Looping 700 Data 145.6592040062 Detik 
Total Duration 145.65932393074 Detik 
------------------------- 
Tanggal: 25-12-2021 05:10:01 
Duration Download Forstok 13.964124917984 Detik
Duration Looping 700 Data 148.80394792557 Detik 
Total Duration 148.80403280258 Detik 
------------------------- 
Tanggal: 25-12-2021 05:15:01 
Duration Download Forstok 19.837390184402 Detik
Duration Looping 700 Data 152.51888203621 Detik 
Total Duration 152.51900005341 Detik 
------------------------- 
Tanggal: 25-12-2021 05:20:01 
Duration Download Forstok 13.943004131317 Detik
Duration Looping 700 Data 146.26048803329 Detik 
Total Duration 146.26059603691 Detik 
------------------------- 
Tanggal: 25-12-2021 05:25:01 
Duration Download Forstok 12.280010938644 Detik
Duration Looping 700 Data 148.58543491364 Detik 
Total Duration 148.58555006981 Detik 
------------------------- 
Tanggal: 25-12-2021 05:30:01 
Duration Download Forstok 13.423837900162 Detik
Duration Looping 700 Data 151.20092105865 Detik 
Total Duration 151.20103693008 Detik 
------------------------- 
Tanggal: 25-12-2021 05:35:01 
Duration Download Forstok 20.669423103333 Detik
Duration Looping 700 Data 158.9340569973 Detik 
Total Duration 158.93417716026 Detik 
------------------------- 
Tanggal: 25-12-2021 05:40:01 
Duration Download Forstok 15.002825975418 Detik
Duration Looping 700 Data 152.73073792458 Detik 
Total Duration 152.73085188866 Detik 
------------------------- 
Tanggal: 25-12-2021 05:45:02 
Duration Download Forstok 18.197556972504 Detik
Duration Looping 700 Data 150.86453795433 Detik 
Total Duration 150.86465501785 Detik 
------------------------- 
Tanggal: 25-12-2021 05:50:01 
Duration Download Forstok 13.492816925049 Detik
Duration Looping 700 Data 160.13967394829 Detik 
Total Duration 160.13977313042 Detik 
------------------------- 
Tanggal: 25-12-2021 05:55:01 
Duration Download Forstok 12.664420127869 Detik
Duration Looping 700 Data 155.00773096085 Detik 
Total Duration 155.00784897804 Detik 
------------------------- 
Tanggal: 25-12-2021 06:00:01 
Duration Download Forstok 14.65261387825 Detik
Duration Looping 700 Data 159.17394089699 Detik 
Total Duration 159.17405700684 Detik 
------------------------- 
Tanggal: 25-12-2021 06:05:01 
Duration Download Forstok 17.361912965775 Detik
Duration Looping 700 Data 151.6468129158 Detik 
Total Duration 151.64691901207 Detik 
------------------------- 
Tanggal: 25-12-2021 06:10:01 
Duration Download Forstok 13.670665979385 Detik
Duration Looping 700 Data 155.66263198853 Detik 
Total Duration 155.66275000572 Detik 
------------------------- 
Tanggal: 25-12-2021 06:15:01 
Duration Download Forstok 20.295964956284 Detik
Duration Looping 700 Data 160.45320010185 Detik 
Total Duration 160.45331811905 Detik 
------------------------- 
Tanggal: 25-12-2021 06:20:01 
Duration Download Forstok 12.196159124374 Detik
Duration Looping 700 Data 146.42817211151 Detik 
Total Duration 146.428358078 Detik 
------------------------- 
Tanggal: 25-12-2021 06:25:01 
Duration Download Forstok 14.38535785675 Detik
Duration Looping 700 Data 151.37354707718 Detik 
Total Duration 151.3736538887 Detik 
------------------------- 
Tanggal: 25-12-2021 06:30:01 
Duration Download Forstok 14.451683998108 Detik
Duration Looping 700 Data 150.90116405487 Detik 
Total Duration 150.90128803253 Detik 
------------------------- 
Tanggal: 25-12-2021 06:35:01 
Duration Download Forstok 18.938333034515 Detik
Duration Looping 700 Data 151.75446891785 Detik 
Total Duration 151.75458192825 Detik 
------------------------- 
Tanggal: 25-12-2021 06:40:02 
Duration Download Forstok 15.813752889633 Detik
Duration Looping 700 Data 158.95712304115 Detik 
Total Duration 158.95723605156 Detik 
------------------------- 
Tanggal: 25-12-2021 06:45:01 
Duration Download Forstok 13.412566900253 Detik
Duration Looping 700 Data 159.35000991821 Detik 
Total Duration 159.3501188755 Detik 
------------------------- 
Tanggal: 25-12-2021 06:50:00 
Duration Download Forstok 14.629166126251 Detik
Duration Looping 700 Data 146.21462106705 Detik 
Total Duration 146.21473312378 Detik 
------------------------- 
Tanggal: 25-12-2021 06:55:01 
Duration Download Forstok 14.650003910065 Detik
Duration Looping 700 Data 149.92928886414 Detik 
Total Duration 149.92940783501 Detik 
------------------------- 
Tanggal: 25-12-2021 07:00:01 
Duration Download Forstok 14.550038099289 Detik
Duration Looping 700 Data 160.60265898705 Detik 
Total Duration 160.6027700901 Detik 
------------------------- 
Tanggal: 25-12-2021 07:05:01 
Duration Download Forstok 18.778344869614 Detik
Duration Looping 700 Data 151.52479076385 Detik 
Total Duration 151.52494287491 Detik 
------------------------- 
Tanggal: 25-12-2021 07:10:01 
Duration Download Forstok 14.946963787079 Detik
Duration Looping 700 Data 150.21509695053 Detik 
Total Duration 150.21521186829 Detik 
------------------------- 
Tanggal: 25-12-2021 07:15:01 
Duration Download Forstok 14.188333034515 Detik
Duration Looping 700 Data 151.12135505676 Detik 
Total Duration 151.12147092819 Detik 
------------------------- 
Tanggal: 25-12-2021 07:20:01 
Duration Download Forstok 15.13894200325 Detik
Duration Looping 700 Data 148.72880411148 Detik 
Total Duration 148.72891402245 Detik 
------------------------- 
Tanggal: 25-12-2021 07:25:01 
Duration Download Forstok 11.76647400856 Detik
Duration Looping 700 Data 147.04368710518 Detik 
Total Duration 147.04380106926 Detik 
------------------------- 
Tanggal: 25-12-2021 07:30:01 
Duration Download Forstok 12.049185991287 Detik
Duration Looping 700 Data 147.38281702995 Detik 
Total Duration 147.38292503357 Detik 
------------------------- 
Tanggal: 25-12-2021 07:35:01 
Duration Download Forstok 17.511224985123 Detik
Duration Looping 700 Data 169.95112085342 Detik 
Total Duration 169.95121002197 Detik 
------------------------- 
Tanggal: 25-12-2021 07:40:01 
Duration Download Forstok 13.098505020142 Detik
Duration Looping 700 Data 148.48113703728 Detik 
Total Duration 148.4812541008 Detik 
------------------------- 
Tanggal: 25-12-2021 07:45:01 
Duration Download Forstok 14.578565835953 Detik
Duration Looping 700 Data 151.31228685379 Detik 
Total Duration 151.31239581108 Detik 
------------------------- 
Tanggal: 25-12-2021 07:50:01 
Duration Download Forstok 14.988203048706 Detik
Duration Looping 700 Data 152.07552504539 Detik 
Total Duration 152.07566809654 Detik 
------------------------- 
Tanggal: 25-12-2021 07:55:01 
Duration Download Forstok 15.838984012604 Detik
Duration Looping 700 Data 148.21565413475 Detik 
Total Duration 148.21576905251 Detik 
------------------------- 
Tanggal: 25-12-2021 08:00:01 
Duration Download Forstok 14.910158157349 Detik
Duration Looping 700 Data 156.3625330925 Detik 
Total Duration 156.36265015602 Detik 
------------------------- 
Tanggal: 25-12-2021 08:05:01 
Duration Download Forstok 17.908625841141 Detik
Duration Looping 700 Data 153.1951508522 Detik 
Total Duration 153.19526290894 Detik 
------------------------- 
Tanggal: 25-12-2021 08:10:01 
Duration Download Forstok 14.136772871017 Detik
Duration Looping 700 Data 151.27135396004 Detik 
Total Duration 151.27144980431 Detik 
------------------------- 
Tanggal: 25-12-2021 08:15:01 
Duration Download Forstok 15.707998991013 Detik
Duration Looping 700 Data 156.18064212799 Detik 
Total Duration 156.18075013161 Detik 
------------------------- 
Tanggal: 25-12-2021 08:20:01 
Duration Download Forstok 14.519952058792 Detik
Duration Looping 700 Data 154.2848200798 Detik 
Total Duration 154.28493404388 Detik 
------------------------- 
Tanggal: 25-12-2021 08:25:01 
Duration Download Forstok 15.186592817307 Detik
Duration Looping 700 Data 158.11595797539 Detik 
Total Duration 158.11607098579 Detik 
------------------------- 
Tanggal: 25-12-2021 08:30:01 
Duration Download Forstok 14.524253129959 Detik
Duration Looping 700 Data 172.87790703773 Detik 
Total Duration 172.87802195549 Detik 
------------------------- 
Tanggal: 25-12-2021 08:35:01 
Duration Download Forstok 21.301455020905 Detik
Duration Looping 700 Data 158.86611318588 Detik 
Total Duration 158.86622619629 Detik 
------------------------- 
Tanggal: 25-12-2021 08:40:01 
Duration Download Forstok 13.216624975204 Detik
Duration Looping 700 Data 147.23908805847 Detik 
Total Duration 147.23921108246 Detik 
------------------------- 
Tanggal: 25-12-2021 08:45:01 
Duration Download Forstok 14.258989095688 Detik
Duration Looping 700 Data 151.86265206337 Detik 
Total Duration 151.86277008057 Detik 
------------------------- 
Tanggal: 25-12-2021 08:50:01 
Duration Download Forstok 14.295079946518 Detik
Duration Looping 700 Data 149.73782896996 Detik 
Total Duration 149.73790502548 Detik 
------------------------- 
Tanggal: 25-12-2021 08:55:01 
Duration Download Forstok 15.014303922653 Detik
Duration Looping 700 Data 152.1279270649 Detik 
Total Duration 152.12802290916 Detik 
------------------------- 
Tanggal: 25-12-2021 09:00:01 
Duration Download Forstok 14.287930011749 Detik
Duration Looping 700 Data 150.00261306763 Detik 
Total Duration 150.00273013115 Detik 
------------------------- 
Tanggal: 25-12-2021 09:05:01 
Duration Download Forstok 21.127206087112 Detik
Duration Looping 700 Data 157.28411602974 Detik 
Total Duration 157.28423905373 Detik 
------------------------- 
Tanggal: 25-12-2021 09:10:01 
Duration Download Forstok 14.680176019669 Detik
Duration Looping 700 Data 150.22706389427 Detik 
Total Duration 150.227175951 Detik 
------------------------- 
Tanggal: 25-12-2021 09:15:01 
Duration Download Forstok 14.068060874939 Detik
Duration Looping 700 Data 154.17797708511 Detik 
Total Duration 154.17809987068 Detik 
------------------------- 
Tanggal: 25-12-2021 09:20:01 
Duration Download Forstok 18.389250993729 Detik
Duration Looping 700 Data 152.80854105949 Detik 
Total Duration 152.8086681366 Detik 
------------------------- 
Tanggal: 25-12-2021 09:25:01 
Duration Download Forstok 14.165266990662 Detik
Duration Looping 700 Data 145.85900616646 Detik 
Total Duration 145.85911917686 Detik 
------------------------- 
Tanggal: 25-12-2021 09:30:01 
Duration Download Forstok 14.949782848358 Detik
Duration Looping 700 Data 150.38325285912 Detik 
Total Duration 150.38337182999 Detik 
------------------------- 
Tanggal: 25-12-2021 09:35:01 
Duration Download Forstok 18.368473052979 Detik
Duration Looping 700 Data 155.00282692909 Detik 
Total Duration 155.00295805931 Detik 
------------------------- 
Tanggal: 25-12-2021 09:40:01 
Duration Download Forstok 12.894459009171 Detik
Duration Looping 700 Data 158.64815711975 Detik 
Total Duration 158.64829802513 Detik 
------------------------- 
Tanggal: 25-12-2021 09:45:01 
Duration Download Forstok 13.811636924744 Detik
Duration Looping 700 Data 153.31538581848 Detik 
Total Duration 153.31550478935 Detik 
------------------------- 
Tanggal: 25-12-2021 09:50:01 
Duration Download Forstok 14.885642766953 Detik
Duration Looping 700 Data 147.86457896233 Detik 
Total Duration 147.8646979332 Detik 
------------------------- 
Tanggal: 25-12-2021 09:55:01 
Duration Download Forstok 13.797512054443 Detik
Duration Looping 700 Data 148.04522895813 Detik 
Total Duration 148.045347929 Detik 
------------------------- 
Tanggal: 25-12-2021 10:00:01 
Duration Download Forstok 15.049033164978 Detik
Duration Looping 700 Data 150.75290417671 Detik 
Total Duration 150.75302410126 Detik 
------------------------- 
Tanggal: 25-12-2021 10:05:01 
Duration Download Forstok 20.839740037918 Detik
Duration Looping 700 Data 152.7502579689 Detik 
Total Duration 152.75037717819 Detik 
------------------------- 
Tanggal: 25-12-2021 10:10:01 
Duration Download Forstok 16.090459108353 Detik
Duration Looping 700 Data 159.88386321068 Detik 
Total Duration 159.88398504257 Detik 
------------------------- 
Tanggal: 25-12-2021 10:15:01 
Duration Download Forstok 18.230921030045 Detik
Duration Looping 700 Data 153.90621900558 Detik 
Total Duration 153.90633606911 Detik 
------------------------- 
Tanggal: 25-12-2021 10:20:01 
Duration Download Forstok 14.624998092651 Detik
Duration Looping 700 Data 158.6718609333 Detik 
Total Duration 158.67198204994 Detik 
------------------------- 
Tanggal: 25-12-2021 10:25:01 
Duration Download Forstok 15.026163101196 Detik
Duration Looping 700 Data 150.14550995827 Detik 
Total Duration 150.14562892914 Detik 
------------------------- 
Tanggal: 25-12-2021 10:30:01 
Duration Download Forstok 12.171248197556 Detik
Duration Looping 700 Data 152.98197603226 Detik 
Total Duration 152.9821062088 Detik 
------------------------- 
Tanggal: 25-12-2021 10:35:01 
Duration Download Forstok 19.477745056152 Detik
Duration Looping 700 Data 151.28388500214 Detik 
Total Duration 151.28400993347 Detik 
------------------------- 
Tanggal: 25-12-2021 10:40:01 
Duration Download Forstok 12.65354013443 Detik
Duration Looping 700 Data 156.20033812523 Detik 
Total Duration 156.20045995712 Detik 
------------------------- 
Tanggal: 25-12-2021 10:45:01 
Duration Download Forstok 22.933239936829 Detik
Duration Looping 700 Data 164.99122405052 Detik 
Total Duration 164.99134612083 Detik 
------------------------- 
Tanggal: 25-12-2021 10:50:01 
Duration Download Forstok 14.529643058777 Detik
Duration Looping 700 Data 162.88819503784 Detik 
Total Duration 162.8883190155 Detik 
------------------------- 
Tanggal: 25-12-2021 10:55:01 
Duration Download Forstok 15.257435083389 Detik
Duration Looping 700 Data 151.33231902122 Detik 
Total Duration 151.3324239254 Detik 
------------------------- 
Tanggal: 25-12-2021 11:00:01 
Duration Download Forstok 14.233491897583 Detik
Duration Looping 700 Data 157.04545712471 Detik 
Total Duration 157.04557299614 Detik 
------------------------- 
Tanggal: 25-12-2021 11:05:01 
Duration Download Forstok 20.038923978806 Detik
Duration Looping 700 Data 155.72078084946 Detik 
Total Duration 155.72089099884 Detik 
------------------------- 
Tanggal: 25-12-2021 11:10:01 
Duration Download Forstok 12.002959012985 Detik
Duration Looping 700 Data 153.74239301682 Detik 
Total Duration 153.74250888824 Detik 
------------------------- 
Tanggal: 25-12-2021 11:15:01 
Duration Download Forstok 14.802062988281 Detik
Duration Looping 700 Data 148.02680397034 Detik 
Total Duration 148.02692103386 Detik 
------------------------- 
Tanggal: 25-12-2021 11:20:01 
Duration Download Forstok 12.917653083801 Detik
Duration Looping 700 Data 157.56795597076 Detik 
Total Duration 157.56808900833 Detik 
------------------------- 
Tanggal: 25-12-2021 11:25:01 
Duration Download Forstok 14.204400062561 Detik
Duration Looping 700 Data 160.73072290421 Detik 
Total Duration 160.73085784912 Detik 
------------------------- 
Tanggal: 25-12-2021 11:30:01 
Duration Download Forstok 11.98240685463 Detik
Duration Looping 700 Data 144.82184100151 Detik 
Total Duration 144.82195091248 Detik 
------------------------- 
Tanggal: 25-12-2021 11:35:01 
Duration Download Forstok 25.401807069778 Detik
Duration Looping 700 Data 164.92410206795 Detik 
Total Duration 164.92421793938 Detik 
------------------------- 
Tanggal: 25-12-2021 11:40:01 
Duration Download Forstok 13.515686035156 Detik
Duration Looping 700 Data 150.77338504791 Detik 
Total Duration 150.77351403236 Detik 
------------------------- 
Tanggal: 25-12-2021 11:45:01 
Duration Download Forstok 13.27786397934 Detik
Duration Looping 700 Data 153.19287395477 Detik 
Total Duration 153.19299888611 Detik 
------------------------- 
Tanggal: 25-12-2021 11:50:01 
Duration Download Forstok 12.709759950638 Detik
Duration Looping 700 Data 146.63871598244 Detik 
Total Duration 146.63883209229 Detik 
------------------------- 
Tanggal: 25-12-2021 11:55:01 
Duration Download Forstok 13.893981218338 Detik
Duration Looping 700 Data 150.08722901344 Detik 
Total Duration 150.08736014366 Detik 
------------------------- 
Tanggal: 25-12-2021 12:00:01 
Duration Download Forstok 15.088372945786 Detik
Duration Looping 700 Data 152.54467701912 Detik 
Total Duration 152.54479885101 Detik 
------------------------- 
Tanggal: 25-12-2021 12:05:01 
Duration Download Forstok 14.207010030746 Detik
Duration Looping 700 Data 154.55595993996 Detik 
Total Duration 154.55605697632 Detik 
------------------------- 
Tanggal: 25-12-2021 12:10:01 
Duration Download Forstok 15.328504085541 Detik
Duration Looping 700 Data 150.72693896294 Detik 
Total Duration 150.72705197334 Detik 
------------------------- 
Tanggal: 25-12-2021 12:15:01 
Duration Download Forstok 18.895274877548 Detik
Duration Looping 700 Data 155.98553800583 Detik 
Total Duration 155.98566102982 Detik 
------------------------- 
Tanggal: 25-12-2021 12:20:01 
Duration Download Forstok 14.007800102234 Detik
Duration Looping 700 Data 164.00419211388 Detik 
Total Duration 164.00431108475 Detik 
------------------------- 
Tanggal: 25-12-2021 12:25:01 
Duration Download Forstok 14.360409021378 Detik
Duration Looping 700 Data 149.44207215309 Detik 
Total Duration 149.44219708443 Detik 
------------------------- 
Tanggal: 25-12-2021 12:30:01 
Duration Download Forstok 13.60574889183 Detik
Duration Looping 700 Data 149.15065693855 Detik 
Total Duration 149.15077495575 Detik 
------------------------- 
Tanggal: 25-12-2021 12:35:01 
Duration Download Forstok 20.274927139282 Detik
Duration Looping 700 Data 162.21954298019 Detik 
Total Duration 162.21967101097 Detik 
------------------------- 
Tanggal: 25-12-2021 12:40:01 
Duration Download Forstok 14.727339029312 Detik
Duration Looping 700 Data 157.32210707664 Detik 
Total Duration 157.3222219944 Detik 
------------------------- 
Tanggal: 25-12-2021 12:45:01 
Duration Download Forstok 17.839410066605 Detik
Duration Looping 700 Data 153.606320858 Detik 
Total Duration 153.6064479351 Detik 
------------------------- 
Tanggal: 25-12-2021 12:50:01 
Duration Download Forstok 14.832863092422 Detik
Duration Looping 700 Data 152.25568914413 Detik 
Total Duration 152.25581097603 Detik 
------------------------- 
Tanggal: 25-12-2021 12:55:01 
Duration Download Forstok 13.076425790787 Detik
Duration Looping 700 Data 146.54780483246 Detik 
Total Duration 146.54792690277 Detik 
------------------------- 
Tanggal: 25-12-2021 13:00:01 
Duration Download Forstok 12.477473974228 Detik
Duration Looping 700 Data 151.72254800797 Detik 
Total Duration 151.72266983986 Detik 
------------------------- 
Tanggal: 25-12-2021 13:05:01 
Duration Download Forstok 17.096905946732 Detik
Duration Looping 700 Data 153.08109998703 Detik 
Total Duration 153.08121180534 Detik 
------------------------- 
Tanggal: 25-12-2021 13:10:01 
Duration Download Forstok 12.750265836716 Detik
Duration Looping 700 Data 154.79137301445 Detik 
Total Duration 154.79148888588 Detik 
------------------------- 
Tanggal: 25-12-2021 13:15:02 
Duration Download Forstok 18.573284864426 Detik
Duration Looping 700 Data 165.0663599968 Detik 
Total Duration 165.06647801399 Detik 
------------------------- 
Tanggal: 25-12-2021 13:20:01 
Duration Download Forstok 15.026103019714 Detik
Duration Looping 700 Data 153.71122503281 Detik 
Total Duration 153.71133899689 Detik 
------------------------- 
Tanggal: 25-12-2021 13:25:01 
Duration Download Forstok 14.580078125 Detik
Duration Looping 700 Data 153.45086503029 Detik 
Total Duration 153.45119595528 Detik 
------------------------- 
Tanggal: 25-12-2021 13:30:01 
Duration Download Forstok 12.931734085083 Detik
Duration Looping 700 Data 157.62206912041 Detik 
Total Duration 157.62219810486 Detik 
------------------------- 
Tanggal: 25-12-2021 13:35:01 
Duration Download Forstok 18.253773927689 Detik
Duration Looping 700 Data 157.26699399948 Detik 
Total Duration 157.26711797714 Detik 
------------------------- 
Tanggal: 25-12-2021 13:40:01 
Duration Download Forstok 17.54012298584 Detik
Duration Looping 700 Data 160.12126111984 Detik 
Total Duration 160.12139105797 Detik 
------------------------- 
Tanggal: 25-12-2021 13:45:01 
Duration Download Forstok 15.506106138229 Detik
Duration Looping 700 Data 160.10645413399 Detik 
Total Duration 160.10658097267 Detik 
------------------------- 
Tanggal: 25-12-2021 13:50:01 
Duration Download Forstok 14.507526159286 Detik
Duration Looping 700 Data 172.09519004822 Detik 
Total Duration 172.0953040123 Detik 
------------------------- 
Tanggal: 25-12-2021 13:55:01 
Duration Download Forstok 14.077363967896 Detik
Duration Looping 700 Data 150.6200978756 Detik 
Total Duration 150.62022686005 Detik 
------------------------- 
Tanggal: 25-12-2021 14:00:01 
Duration Download Forstok 17.064910888672 Detik
Duration Looping 700 Data 153.38715195656 Detik 
Total Duration 153.38726496696 Detik 
------------------------- 
Tanggal: 25-12-2021 14:05:01 
Duration Download Forstok 16.91315984726 Detik
Duration Looping 700 Data 156.21107506752 Detik 
Total Duration 156.21118688583 Detik 
------------------------- 
Tanggal: 25-12-2021 14:10:01 
Duration Download Forstok 13.22426199913 Detik
Duration Looping 700 Data 153.02816677094 Detik 
Total Duration 153.02828979492 Detik 
------------------------- 
Tanggal: 25-12-2021 14:15:01 
Duration Download Forstok 16.091568946838 Detik
Duration Looping 700 Data 171.74127078056 Detik 
Total Duration 171.74139690399 Detik 
------------------------- 
Tanggal: 25-12-2021 14:20:01 
Duration Download Forstok 16.697372913361 Detik
Duration Looping 700 Data 157.51942181587 Detik 
Total Duration 157.51953792572 Detik 
------------------------- 
Tanggal: 25-12-2021 14:25:01 
Duration Download Forstok 13.773163080215 Detik
Duration Looping 700 Data 153.20261693001 Detik 
Total Duration 153.20273303986 Detik 
------------------------- 
Tanggal: 25-12-2021 14:30:01 
Duration Download Forstok 16.83345580101 Detik
Duration Looping 700 Data 153.1677339077 Detik 
Total Duration 153.16785502434 Detik 
------------------------- 
Tanggal: 25-12-2021 14:35:01 
Duration Download Forstok 18.998013973236 Detik
Duration Looping 700 Data 160.2606010437 Detik 
Total Duration 160.26072907448 Detik 
------------------------- 
Tanggal: 25-12-2021 14:40:01 
Duration Download Forstok 11.835970878601 Detik
Duration Looping 700 Data 151.38092899323 Detik 
Total Duration 151.38101482391 Detik 
------------------------- 
Tanggal: 25-12-2021 14:45:01 
Duration Download Forstok 15.874917984009 Detik
Duration Looping 700 Data 156.49566292763 Detik 
Total Duration 156.49578309059 Detik 
------------------------- 
Tanggal: 25-12-2021 14:50:01 
Duration Download Forstok 13.729293823242 Detik
Duration Looping 700 Data 160.78990888596 Detik 
Total Duration 160.79002285004 Detik 
------------------------- 
Tanggal: 25-12-2021 14:55:01 
Duration Download Forstok 12.023025989532 Detik
Duration Looping 700 Data 148.9710650444 Detik 
Total Duration 148.97119617462 Detik 
------------------------- 
Tanggal: 25-12-2021 15:00:01 
Duration Download Forstok 14.709465026855 Detik
Duration Looping 700 Data 159.29595994949 Detik 
Total Duration 159.29607200623 Detik 
------------------------- 
Tanggal: 25-12-2021 15:05:01 
Duration Download Forstok 18.50701212883 Detik
Duration Looping 700 Data 154.89703607559 Detik 
Total Duration 154.89715218544 Detik 
------------------------- 
Tanggal: 25-12-2021 15:10:01 
Duration Download Forstok 14.394372940063 Detik
Duration Looping 700 Data 148.10776805878 Detik 
Total Duration 148.10788702965 Detik 
------------------------- 
Tanggal: 25-12-2021 15:15:01 
Duration Download Forstok 15.413168907166 Detik
Duration Looping 700 Data 151.97760677338 Detik 
Total Duration 151.97773194313 Detik 
------------------------- 
Tanggal: 25-12-2021 15:20:01 
Duration Download Forstok 14.869976043701 Detik
Duration Looping 700 Data 163.37944412231 Detik 
Total Duration 163.37955594063 Detik 
------------------------- 
Tanggal: 25-12-2021 15:25:01 
Duration Download Forstok 12.486459970474 Detik
Duration Looping 700 Data 159.10603189468 Detik 
Total Duration 159.10613799095 Detik 
------------------------- 
Tanggal: 25-12-2021 15:30:01 
Duration Download Forstok 14.177060842514 Detik
Duration Looping 700 Data 155.4779779911 Detik 
Total Duration 155.4780960083 Detik 
------------------------- 
Tanggal: 25-12-2021 15:35:01 
Duration Download Forstok 16.811167955399 Detik
Duration Looping 700 Data 162.74543595314 Detik 
Total Duration 162.7455728054 Detik 
------------------------- 
Tanggal: 25-12-2021 15:40:01 
Duration Download Forstok 15.794649124146 Detik
Duration Looping 700 Data 158.95295000076 Detik 
Total Duration 158.95303797722 Detik 
------------------------- 
Tanggal: 25-12-2021 15:45:01 
Duration Download Forstok 15.960865974426 Detik
Duration Looping 700 Data 157.75367188454 Detik 
Total Duration 157.75378799438 Detik 
------------------------- 
Tanggal: 25-12-2021 15:50:01 
Duration Download Forstok 14.537331819534 Detik
Duration Looping 700 Data 156.22646284103 Detik 
Total Duration 156.22659182549 Detik 
------------------------- 
Tanggal: 25-12-2021 15:55:01 
Duration Download Forstok 14.128288984299 Detik
Duration Looping 700 Data 154.67823505402 Detik 
Total Duration 154.67835497856 Detik 
------------------------- 
Tanggal: 25-12-2021 16:00:01 
Duration Download Forstok 14.600715875626 Detik
Duration Looping 700 Data 162.83545398712 Detik 
Total Duration 162.83557391167 Detik 
------------------------- 
Tanggal: 25-12-2021 16:05:01 
Duration Download Forstok 18.820335149765 Detik
Duration Looping 700 Data 157.04072809219 Detik 
Total Duration 157.04087495804 Detik 
------------------------- 
Tanggal: 25-12-2021 16:10:01 
Duration Download Forstok 13.773726940155 Detik
Duration Looping 700 Data 150.93229699135 Detik 
Total Duration 150.93241596222 Detik 
------------------------- 
Tanggal: 25-12-2021 16:15:01 
Duration Download Forstok 18.467629909515 Detik
Duration Looping 700 Data 154.0396900177 Detik 
Total Duration 154.03981590271 Detik 
------------------------- 
Tanggal: 25-12-2021 16:20:01 
Duration Download Forstok 14.389605998993 Detik
Duration Looping 700 Data 159.13201999664 Detik 
Total Duration 159.1321349144 Detik 
------------------------- 
Tanggal: 25-12-2021 16:25:02 
Duration Download Forstok 12.061078071594 Detik
Duration Looping 700 Data 148.65249896049 Detik 
Total Duration 148.65261697769 Detik 
------------------------- 
Tanggal: 25-12-2021 16:30:01 
Duration Download Forstok 14.758593082428 Detik
Duration Looping 700 Data 151.10480213165 Detik 
Total Duration 151.10491514206 Detik 
------------------------- 
Tanggal: 25-12-2021 16:35:01 
Duration Download Forstok 21.716984987259 Detik
Duration Looping 700 Data 159.53424596786 Detik 
Total Duration 159.53438997269 Detik 
------------------------- 
Tanggal: 25-12-2021 16:40:01 
Duration Download Forstok 12.630252838135 Detik
Duration Looping 700 Data 154.92990994453 Detik 
Total Duration 154.93003296852 Detik 
------------------------- 
Tanggal: 25-12-2021 16:45:01 
Duration Download Forstok 18.144067049026 Detik
Duration Looping 700 Data 152.18090200424 Detik 
Total Duration 152.18102002144 Detik 
------------------------- 
Tanggal: 25-12-2021 16:50:01 
Duration Download Forstok 11.435016870499 Detik
Duration Looping 700 Data 148.64777302742 Detik 
Total Duration 148.64787983894 Detik 
------------------------- 
Tanggal: 25-12-2021 16:55:01 
Duration Download Forstok 11.864609003067 Detik
Duration Looping 700 Data 155.82417988777 Detik 
Total Duration 155.82426381111 Detik 
------------------------- 
Tanggal: 25-12-2021 17:00:01 
Duration Download Forstok 15.373358011246 Detik
Duration Looping 700 Data 166.2882809639 Detik 
Total Duration 166.28839898109 Detik 
------------------------- 
Tanggal: 25-12-2021 17:05:01 
Duration Download Forstok 18.733386039734 Detik
Duration Looping 700 Data 159.45478391647 Detik 
Total Duration 159.45491695404 Detik 
------------------------- 
Tanggal: 25-12-2021 17:10:01 
Duration Download Forstok 12.853803157806 Detik
Duration Looping 700 Data 149.8233859539 Detik 
Total Duration 149.82351303101 Detik 
------------------------- 
Tanggal: 25-12-2021 17:15:01 
Duration Download Forstok 16.909162998199 Detik
Duration Looping 700 Data 159.11109805107 Detik 
Total Duration 159.11121702194 Detik 
------------------------- 
Tanggal: 25-12-2021 17:20:01 
Duration Download Forstok 13.706737995148 Detik
Duration Looping 700 Data 157.50956702232 Detik 
Total Duration 157.50969815254 Detik 
------------------------- 
Tanggal: 25-12-2021 17:25:01 
Duration Download Forstok 14.781862974167 Detik
Duration Looping 700 Data 153.7214448452 Detik 
Total Duration 153.72156000137 Detik 
------------------------- 
Tanggal: 25-12-2021 17:30:01 
Duration Download Forstok 12.741923093796 Detik
Duration Looping 700 Data 150.22526407242 Detik 
Total Duration 150.22538614273 Detik 
------------------------- 
Tanggal: 25-12-2021 17:35:01 
Duration Download Forstok 20.87454199791 Detik
Duration Looping 700 Data 156.92963409424 Detik 
Total Duration 156.92974901199 Detik 
------------------------- 
Tanggal: 25-12-2021 17:40:01 
Duration Download Forstok 14.880380868912 Detik
Duration Looping 700 Data 157.69874691963 Detik 
Total Duration 157.69886183739 Detik 
------------------------- 
Tanggal: 25-12-2021 17:45:01 
Duration Download Forstok 15.831129074097 Detik
Duration Looping 700 Data 155.47462916374 Detik 
Total Duration 155.47474622726 Detik 
------------------------- 
Tanggal: 25-12-2021 17:50:01 
Duration Download Forstok 15.849879026413 Detik
Duration Looping 700 Data 150.76194810867 Detik 
Total Duration 150.76206707954 Detik 
------------------------- 
Tanggal: 25-12-2021 17:55:01 
Duration Download Forstok 12.606177806854 Detik
Duration Looping 700 Data 151.77912688255 Detik 
Total Duration 151.779255867 Detik 
------------------------- 
Tanggal: 25-12-2021 18:00:01 
Duration Download Forstok 13.977112054825 Detik
Duration Looping 700 Data 156.11762213707 Detik 
Total Duration 156.11773896217 Detik 
------------------------- 
Tanggal: 25-12-2021 18:05:01 
Duration Download Forstok 18.923174142838 Detik
Duration Looping 700 Data 163.45692610741 Detik 
Total Duration 163.45703792572 Detik 
------------------------- 
Tanggal: 25-12-2021 18:10:01 
Duration Download Forstok 14.408298969269 Detik
Duration Looping 700 Data 157.02681088448 Detik 
Total Duration 157.02693510056 Detik 
------------------------- 
Tanggal: 25-12-2021 18:15:01 
Duration Download Forstok 14.318896055222 Detik
Duration Looping 700 Data 152.48045706749 Detik 
Total Duration 152.48059391975 Detik 
------------------------- 
Tanggal: 25-12-2021 18:20:01 
Duration Download Forstok 14.078448057175 Detik
Duration Looping 700 Data 149.99647307396 Detik 
Total Duration 149.99658107758 Detik 
------------------------- 
Tanggal: 25-12-2021 18:25:01 
Duration Download Forstok 13.18664598465 Detik
Duration Looping 700 Data 161.68411183357 Detik 
Total Duration 161.68422794342 Detik 
------------------------- 
Tanggal: 25-12-2021 18:30:01 
Duration Download Forstok 15.47043800354 Detik
Duration Looping 700 Data 152.72959709167 Detik 
Total Duration 152.72969293594 Detik 
------------------------- 
Tanggal: 25-12-2021 18:35:01 
Duration Download Forstok 21.709347009659 Detik
Duration Looping 700 Data 162.7932331562 Detik 
Total Duration 162.79335308075 Detik 
------------------------- 
Tanggal: 25-12-2021 18:40:01 
Duration Download Forstok 13.149760961533 Detik
Duration Looping 700 Data 154.41617488861 Detik 
Total Duration 154.4162979126 Detik 
------------------------- 
Tanggal: 25-12-2021 18:45:01 
Duration Download Forstok 19.030576944351 Detik
Duration Looping 700 Data 162.42973780632 Detik 
Total Duration 162.42986893654 Detik 
------------------------- 
Tanggal: 25-12-2021 18:50:01 
Duration Download Forstok 18.004541158676 Detik
Duration Looping 700 Data 155.53238105774 Detik 
Total Duration 155.53249907494 Detik 
------------------------- 
Tanggal: 25-12-2021 18:55:02 
Duration Download Forstok 12.771991968155 Detik
Duration Looping 700 Data 153.19841003418 Detik 
Total Duration 153.19852185249 Detik 
------------------------- 
Tanggal: 25-12-2021 19:00:01 
Duration Download Forstok 13.667707920074 Detik
Duration Looping 700 Data 151.41991901398 Detik 
Total Duration 151.42001104355 Detik 
------------------------- 
Tanggal: 25-12-2021 19:05:01 
Duration Download Forstok 20.391714096069 Detik
Duration Looping 700 Data 155.98429489136 Detik 
Total Duration 155.984416008 Detik 
------------------------- 
Tanggal: 25-12-2021 19:10:01 
Duration Download Forstok 12.025375127792 Detik
Duration Looping 700 Data 148.30996513367 Detik 
Total Duration 148.31009411812 Detik 
------------------------- 
Tanggal: 25-12-2021 19:15:01 
Duration Download Forstok 17.552269220352 Detik
Duration Looping 700 Data 159.75985002518 Detik 
Total Duration 159.75996899605 Detik 
------------------------- 
Tanggal: 25-12-2021 19:20:01 
Duration Download Forstok 12.987365007401 Detik
Duration Looping 700 Data 154.76692605019 Detik 
Total Duration 154.76703906059 Detik 
------------------------- 
Tanggal: 25-12-2021 19:25:01 
Duration Download Forstok 12.284311056137 Detik
Duration Looping 700 Data 150.02103495598 Detik 
Total Duration 150.02115416527 Detik 
------------------------- 
Tanggal: 25-12-2021 19:30:01 
Duration Download Forstok 17.396625995636 Detik
Duration Looping 700 Data 153.91303300858 Detik 
Total Duration 153.91314816475 Detik 
------------------------- 
Tanggal: 25-12-2021 19:35:01 
Duration Download Forstok 16.274262905121 Detik
Duration Looping 700 Data 158.16796088219 Detik 
Total Duration 158.16807603836 Detik 
------------------------- 
Tanggal: 25-12-2021 19:40:01 
Duration Download Forstok 13.31148481369 Detik
Duration Looping 700 Data 154.12159991264 Detik 
Total Duration 154.12172579765 Detik 
------------------------- 
Tanggal: 25-12-2021 19:45:01 
Duration Download Forstok 15.483523130417 Detik
Duration Looping 700 Data 160.88808894157 Detik 
Total Duration 160.88817811012 Detik 
------------------------- 
Tanggal: 25-12-2021 19:50:01 
Duration Download Forstok 18.706455945969 Detik
Duration Looping 700 Data 165.2114470005 Detik 
Total Duration 165.21156692505 Detik 
------------------------- 
Tanggal: 25-12-2021 19:55:01 
Duration Download Forstok 12.713793039322 Detik
Duration Looping 700 Data 159.33703398705 Detik 
Total Duration 159.33715105057 Detik 
------------------------- 
Tanggal: 25-12-2021 20:00:01 
Duration Download Forstok 14.710064172745 Detik
Duration Looping 700 Data 160.74937200546 Detik 
Total Duration 160.74948906898 Detik 
------------------------- 
Tanggal: 25-12-2021 20:05:01 
Duration Download Forstok 19.423564910889 Detik
Duration Looping 700 Data 162.62350606918 Detik 
Total Duration 162.62362790108 Detik 
------------------------- 
Tanggal: 25-12-2021 20:10:01 
Duration Download Forstok 16.749377965927 Detik
Duration Looping 700 Data 151.45484280586 Detik 
Total Duration 151.45495796204 Detik 
------------------------- 
Tanggal: 25-12-2021 20:15:01 
Duration Download Forstok 14.77706193924 Detik
Duration Looping 700 Data 165.96311807632 Detik 
Total Duration 165.9632370472 Detik 
------------------------- 
Tanggal: 25-12-2021 20:20:01 
Duration Download Forstok 13.316972017288 Detik
Duration Looping 700 Data 155.98570799828 Detik 
Total Duration 155.98582601547 Detik 
------------------------- 
Tanggal: 25-12-2021 20:25:01 
Duration Download Forstok 11.612792015076 Detik
Duration Looping 700 Data 152.09160590172 Detik 
Total Duration 152.09173107147 Detik 
------------------------- 
Tanggal: 25-12-2021 20:30:01 
Duration Download Forstok 13.205514907837 Detik
Duration Looping 700 Data 149.21386599541 Detik 
Total Duration 149.21397995949 Detik 
------------------------- 
Tanggal: 25-12-2021 20:35:01 
Duration Download Forstok 17.027132987976 Detik
Duration Looping 700 Data 156.69022297859 Detik 
Total Duration 156.69035196304 Detik 
------------------------- 
Tanggal: 25-12-2021 20:40:01 
Duration Download Forstok 11.858802080154 Detik
Duration Looping 700 Data 181.05729007721 Detik 
Total Duration 181.05741214752 Detik 
------------------------- 
Tanggal: 25-12-2021 20:45:01 
Duration Download Forstok 17.773089170456 Detik
Duration Looping 700 Data 165.67265915871 Detik 
Total Duration 165.67278003693 Detik 
------------------------- 
Tanggal: 25-12-2021 20:50:02 
Duration Download Forstok 18.266103029251 Detik
Duration Looping 700 Data 159.40136003494 Detik 
Total Duration 159.40147590637 Detik 
------------------------- 
Tanggal: 25-12-2021 20:55:01 
Duration Download Forstok 14.11842083931 Detik
Duration Looping 700 Data 156.42544984818 Detik 
Total Duration 156.4255399704 Detik 
------------------------- 
Tanggal: 25-12-2021 21:00:01 
Duration Download Forstok 12.319139957428 Detik
Duration Looping 700 Data 155.70418810844 Detik 
Total Duration 155.70429611206 Detik 
------------------------- 
Tanggal: 25-12-2021 21:05:01 
Duration Download Forstok 15.553958892822 Detik
Duration Looping 700 Data 159.76249599457 Detik 
Total Duration 159.76261591911 Detik 
------------------------- 
Tanggal: 25-12-2021 21:10:01 
Duration Download Forstok 15.835689067841 Detik
Duration Looping 700 Data 160.84496498108 Detik 
Total Duration 160.84509992599 Detik 
------------------------- 
Tanggal: 25-12-2021 21:15:01 
Duration Download Forstok 16.709725856781 Detik
Duration Looping 700 Data 156.04997301102 Detik 
Total Duration 156.05010080338 Detik 
------------------------- 
Tanggal: 25-12-2021 21:20:01 
Duration Download Forstok 13.483924865723 Detik
Duration Looping 700 Data 157.07154297829 Detik 
Total Duration 157.07166290283 Detik 
------------------------- 
Tanggal: 25-12-2021 21:25:01 
Duration Download Forstok 13.411822080612 Detik
Duration Looping 700 Data 153.00427389145 Detik 
Total Duration 153.00439691544 Detik 
------------------------- 
Tanggal: 25-12-2021 21:30:01 
Duration Download Forstok 14.733305931091 Detik
Duration Looping 700 Data 158.81628990173 Detik 
Total Duration 158.81642508507 Detik 
------------------------- 
Tanggal: 25-12-2021 21:35:01 
Duration Download Forstok 16.694312095642 Detik
Duration Looping 700 Data 160.1699051857 Detik 
Total Duration 160.17001509666 Detik 
------------------------- 
Tanggal: 25-12-2021 21:40:01 
Duration Download Forstok 14.184163093567 Detik
Duration Looping 700 Data 164.79674911499 Detik 
Total Duration 164.79687190056 Detik 
------------------------- 
Tanggal: 25-12-2021 21:45:01 
Duration Download Forstok 14.250663042068 Detik
Duration Looping 700 Data 153.85373687744 Detik 
Total Duration 153.85385894775 Detik 
------------------------- 
Tanggal: 25-12-2021 21:50:01 
Duration Download Forstok 14.434096097946 Detik
Duration Looping 700 Data 154.36657595634 Detik 
Total Duration 154.36669397354 Detik 
------------------------- 
Tanggal: 25-12-2021 21:55:01 
Duration Download Forstok 16.083307027817 Detik
Duration Looping 700 Data 175.12530207634 Detik 
Total Duration 175.12542414665 Detik 
------------------------- 
Tanggal: 25-12-2021 22:00:01 
Duration Download Forstok 11.599385023117 Detik
Duration Looping 700 Data 155.44633603096 Detik 
Total Duration 155.44644284248 Detik 
------------------------- 
Tanggal: 25-12-2021 22:05:01 
Duration Download Forstok 16.188364982605 Detik
Duration Looping 700 Data 158.64501309395 Detik 
Total Duration 158.64513492584 Detik 
------------------------- 
Tanggal: 25-12-2021 22:10:01 
Duration Download Forstok 13.012161970139 Detik
Duration Looping 700 Data 148.34660482407 Detik 
Total Duration 148.34672188759 Detik 
------------------------- 
Tanggal: 25-12-2021 22:15:01 
Duration Download Forstok 16.293986797333 Detik
Duration Looping 700 Data 155.04336690903 Detik 
Total Duration 155.04349303246 Detik 
------------------------- 
Tanggal: 25-12-2021 22:20:01 
Duration Download Forstok 12.778472900391 Detik
Duration Looping 700 Data 149.38510894775 Detik 
Total Duration 149.38523197174 Detik 
------------------------- 
Tanggal: 25-12-2021 22:25:01 
Duration Download Forstok 12.103796958923 Detik
Duration Looping 700 Data 147.99568986893 Detik 
Total Duration 147.9958050251 Detik 
------------------------- 
Tanggal: 25-12-2021 22:30:01 
Duration Download Forstok 11.998471975327 Detik
Duration Looping 700 Data 151.24241089821 Detik 
Total Duration 151.24252295494 Detik 
------------------------- 
Tanggal: 25-12-2021 22:35:01 
Duration Download Forstok 20.447057962418 Detik
Duration Looping 700 Data 174.19354510307 Detik 
Total Duration 174.19367003441 Detik 
------------------------- 
Tanggal: 25-12-2021 22:40:01 
Duration Download Forstok 13.295269966125 Detik
Duration Looping 700 Data 158.24370384216 Detik 
Total Duration 158.24381780624 Detik 
------------------------- 
Tanggal: 25-12-2021 22:45:01 
Duration Download Forstok 13.609266042709 Detik
Duration Looping 700 Data 168.22040987015 Detik 
Total Duration 168.22053098679 Detik 
------------------------- 
Tanggal: 25-12-2021 22:50:01 
Duration Download Forstok 15.09587097168 Detik
Duration Looping 700 Data 156.44761300087 Detik 
Total Duration 156.44772982597 Detik 
------------------------- 
Tanggal: 25-12-2021 22:55:01 
Duration Download Forstok 12.429219961166 Detik
Duration Looping 700 Data 150.78407287598 Detik 
Total Duration 150.78422880173 Detik 
------------------------- 
Tanggal: 25-12-2021 23:00:01 
Duration Download Forstok 13.766492843628 Detik
Duration Looping 700 Data 154.10406494141 Detik 
Total Duration 154.1041829586 Detik 
------------------------- 
Tanggal: 25-12-2021 23:05:01 
Duration Download Forstok 18.11675286293 Detik
Duration Looping 700 Data 158.17655897141 Detik 
Total Duration 158.17668294907 Detik 
------------------------- 
Tanggal: 25-12-2021 23:10:01 
Duration Download Forstok 12.783195972443 Detik
Duration Looping 700 Data 159.33352208138 Detik 
Total Duration 159.33365392685 Detik 
------------------------- 
Tanggal: 25-12-2021 23:15:02 
Duration Download Forstok 13.568013906479 Detik
Duration Looping 700 Data 158.68472003937 Detik 
Total Duration 158.68484687805 Detik 
------------------------- 
Tanggal: 25-12-2021 23:20:01 
Duration Download Forstok 12.623070001602 Detik
Duration Looping 700 Data 159.38303804398 Detik 
Total Duration 159.38315582275 Detik 
------------------------- 
Tanggal: 25-12-2021 23:25:01 
Duration Download Forstok 13.617066144943 Detik
Duration Looping 700 Data 148.0225892067 Detik 
Total Duration 148.0227060318 Detik 
------------------------- 
Tanggal: 25-12-2021 23:30:01 
Duration Download Forstok 13.140200853348 Detik
Duration Looping 700 Data 150.59888601303 Detik 
Total Duration 150.59900283813 Detik 
------------------------- 
Tanggal: 25-12-2021 23:35:01 
Duration Download Forstok 18.224901914597 Detik
Duration Looping 700 Data 159.10793590546 Detik 
Total Duration 159.10805177689 Detik 
------------------------- 
Tanggal: 25-12-2021 23:40:01 
Duration Download Forstok 16.837954044342 Detik
Duration Looping 700 Data 151.8582971096 Detik 
Total Duration 151.85840797424 Detik 
------------------------- 
Tanggal: 25-12-2021 23:45:01 
Duration Download Forstok 16.294878005981 Detik
Duration Looping 700 Data 153.21656894684 Detik 
Total Duration 153.21669602394 Detik 
------------------------- 
Tanggal: 25-12-2021 23:50:01 
Duration Download Forstok 12.688112020493 Detik
Duration Looping 700 Data 153.67102622986 Detik 
Total Duration 153.67115807533 Detik 
------------------------- 
Tanggal: 25-12-2021 23:55:01 
Duration Download Forstok 13.511271953583 Detik
Duration Looping 700 Data 155.61947488785 Detik 
Total Duration 155.61957287788 Detik 
------------------------- 
