Tanggal: 29-08-2022 00:00:01 
Duration Download Forstok 11.656499862671 Detik
Duration Looping 500 Data 850.3864710331 Detik 
Total Duration 850.41737389565 Detik 
------------------------- 
Tanggal: 29-08-2022 00:15:01 
Duration Download Forstok 11.70148897171 Detik
Duration Looping 500 Data 153.77346110344 Detik 
Total Duration 153.79928398132 Detik 
------------------------- 
Tanggal: 29-08-2022 00:20:01 
Duration Download Forstok 11.398386955261 Detik
Duration Looping 500 Data 157.230479002 Detik 
Total Duration 157.2591278553 Detik 
------------------------- 
Tanggal: 29-08-2022 00:25:01 
Duration Download Forstok 11.185038089752 Detik
Duration Looping 500 Data 182.26744413376 Detik 
Total Duration 182.29219698906 Detik 
------------------------- 
Tanggal: 29-08-2022 00:30:01 
Duration Download Forstok 12.242852210999 Detik
Duration Looping 500 Data 154.22229814529 Detik 
Total Duration 154.24645709991 Detik 
------------------------- 
Tanggal: 29-08-2022 00:35:02 
Duration Download Forstok 9.3470461368561 Detik
Duration Looping 500 Data 150.56063008308 Detik 
Total Duration 150.58541798592 Detik 
------------------------- 
Tanggal: 29-08-2022 00:40:01 
Duration Download Forstok 9.6936039924622 Detik
Duration Looping 500 Data 171.42274284363 Detik 
Total Duration 171.44715285301 Detik 
------------------------- 
Tanggal: 29-08-2022 00:45:01 
Duration Download Forstok 19.105437994003 Detik
Duration Looping 500 Data 167.32278180122 Detik 
Total Duration 167.35231590271 Detik 
------------------------- 
Tanggal: 29-08-2022 00:50:01 
Duration Download Forstok 10.529101133347 Detik
Duration Looping 500 Data 156.42849302292 Detik 
Total Duration 156.45241904259 Detik 
------------------------- 
Tanggal: 29-08-2022 00:55:01 
Duration Download Forstok 9.6212570667267 Detik
Duration Looping 500 Data 154.30028700829 Detik 
Total Duration 154.32591319084 Detik 
------------------------- 
Tanggal: 29-08-2022 01:00:01 
Duration Download Forstok 11.1320707798 Detik
Duration Looping 500 Data 169.31382799149 Detik 
Total Duration 169.33740782738 Detik 
------------------------- 
Tanggal: 29-08-2022 01:05:01 
Duration Download Forstok 11.075860023499 Detik
Duration Looping 500 Data 153.93173193932 Detik 
Total Duration 153.9564678669 Detik 
------------------------- 
Tanggal: 29-08-2022 01:10:01 
Duration Download Forstok 11.701153039932 Detik
Duration Looping 500 Data 169.95161700249 Detik 
Total Duration 169.97895717621 Detik 
------------------------- 
Tanggal: 29-08-2022 01:15:01 
Duration Download Forstok 14.335807800293 Detik
Duration Looping 500 Data 161.82845187187 Detik 
Total Duration 161.85455679893 Detik 
------------------------- 
Tanggal: 29-08-2022 01:20:01 
Duration Download Forstok 10.457154989243 Detik
Duration Looping 500 Data 153.28339004517 Detik 
Total Duration 153.30853295326 Detik 
------------------------- 
Tanggal: 29-08-2022 01:25:01 
Duration Download Forstok 9.9374778270721 Detik
Duration Looping 500 Data 150.58165192604 Detik 
Total Duration 150.60726594925 Detik 
------------------------- 
Tanggal: 29-08-2022 01:30:01 
Duration Download Forstok 10.79829287529 Detik
Duration Looping 500 Data 166.38046097755 Detik 
Total Duration 166.40511202812 Detik 
------------------------- 
Tanggal: 29-08-2022 01:35:01 
Duration Download Forstok 9.5532109737396 Detik
Duration Looping 500 Data 159.66928601265 Detik 
Total Duration 159.69433999062 Detik 
------------------------- 
Tanggal: 29-08-2022 01:40:01 
Duration Download Forstok 19.277802944183 Detik
Duration Looping 500 Data 170.14038395882 Detik 
Total Duration 170.16939091682 Detik 
------------------------- 
Tanggal: 29-08-2022 01:45:01 
Duration Download Forstok 13.203914880753 Detik
Duration Looping 500 Data 167.36887693405 Detik 
Total Duration 167.39401602745 Detik 
------------------------- 
Tanggal: 29-08-2022 01:50:01 
Duration Download Forstok 10.962685823441 Detik
Duration Looping 500 Data 168.07785582542 Detik 
Total Duration 168.10662484169 Detik 
------------------------- 
Tanggal: 29-08-2022 01:55:01 
Duration Download Forstok 8.8753180503845 Detik
Duration Looping 500 Data 149.3548309803 Detik 
Total Duration 149.3792181015 Detik 
------------------------- 
Tanggal: 29-08-2022 02:00:01 
Duration Download Forstok 10.60095000267 Detik
Duration Looping 500 Data 152.58856487274 Detik 
Total Duration 152.61311793327 Detik 
------------------------- 
Tanggal: 29-08-2022 02:05:01 
Duration Download Forstok 11.377017021179 Detik
Duration Looping 500 Data 154.4285941124 Detik 
Total Duration 154.45358109474 Detik 
------------------------- 
Tanggal: 29-08-2022 02:10:01 
Duration Download Forstok 9.3620150089264 Detik
Duration Looping 500 Data 169.43656611443 Detik 
Total Duration 169.46095204353 Detik 
------------------------- 
Tanggal: 29-08-2022 02:15:01 
Duration Download Forstok 19.798222064972 Detik
Duration Looping 500 Data 157.53611302376 Detik 
Total Duration 157.56173110008 Detik 
------------------------- 
Tanggal: 29-08-2022 02:20:01 
Duration Download Forstok 11.188528060913 Detik
Duration Looping 500 Data 149.76587414742 Detik 
Total Duration 149.78998398781 Detik 
------------------------- 
Tanggal: 29-08-2022 02:25:01 
Duration Download Forstok 16.281732797623 Detik
Duration Looping 500 Data 157.18285489082 Detik 
Total Duration 157.20806288719 Detik 
------------------------- 
Tanggal: 29-08-2022 02:30:01 
Duration Download Forstok 15.762540102005 Detik
Duration Looping 500 Data 155.18172812462 Detik 
Total Duration 155.20502614975 Detik 
------------------------- 
Tanggal: 29-08-2022 02:35:01 
Duration Download Forstok 10.447207927704 Detik
Duration Looping 500 Data 160.34898781776 Detik 
Total Duration 160.37337899208 Detik 
------------------------- 
Tanggal: 29-08-2022 02:40:01 
Duration Download Forstok 9.9880828857422 Detik
Duration Looping 500 Data 153.21775007248 Detik 
Total Duration 153.24289298058 Detik 
------------------------- 
Tanggal: 29-08-2022 02:45:01 
Duration Download Forstok 12.566869974136 Detik
Duration Looping 500 Data 158.68434906006 Detik 
Total Duration 158.7088470459 Detik 
------------------------- 
Tanggal: 29-08-2022 02:50:01 
Duration Download Forstok 9.3814461231232 Detik
Duration Looping 500 Data 148.33099913597 Detik 
Tanggal: 29-08-2022 02:55:01 
Duration Download Forstok 9.1038360595703 Detik
Duration Looping 500 Data 163.33746194839 Detik 
Tanggal: 29-08-2022 03:00:01 
Duration Download Forstok 10.049839019775 Detik
Duration Looping 500 Data 167.75892806053 Detik 
Tanggal: 29-08-2022 03:05:01 
Duration Download Forstok 10.78665804863 Detik
Duration Looping 500 Data 161.42597198486 Detik 
Tanggal: 29-08-2022 03:10:01 
Duration Download Forstok 18.031839132309 Detik
Duration Looping 500 Data 161.9416539669 Detik 
Tanggal: 29-08-2022 03:15:01 
Duration Download Forstok 11.364012002945 Detik
Duration Looping 500 Data 154.42361688614 Detik 
Tanggal: 29-08-2022 03:20:01 
Duration Download Forstok 11.70566701889 Detik
Duration Looping 500 Data 154.30661201477 Detik 
Tanggal: 29-08-2022 03:25:01 
Duration Download Forstok 12.256072044373 Detik
Duration Looping 500 Data 149.69477415085 Detik 
Tanggal: 29-08-2022 03:30:01 
Duration Download Forstok 12.830749034882 Detik
Duration Looping 500 Data 169.56414699554 Detik 
Tanggal: 29-08-2022 03:35:01 
Duration Download Forstok 10.588093042374 Detik
Duration Looping 500 Data 155.36972808838 Detik 
Tanggal: 29-08-2022 03:40:01 
Duration Download Forstok 11.807155847549 Detik
Duration Looping 500 Data 151.18325996399 Detik 
Tanggal: 29-08-2022 03:45:01 
Duration Download Forstok 11.395391941071 Detik
Duration Looping 500 Data 152.8334710598 Detik 
Tanggal: 29-08-2022 03:50:01 
Duration Download Forstok 17.250483989716 Detik
Duration Looping 500 Data 156.65249991417 Detik 
Tanggal: 29-08-2022 03:55:01 
Duration Download Forstok 9.9852290153503 Detik
Duration Looping 500 Data 148.26333594322 Detik 
Tanggal: 29-08-2022 04:00:01 
Duration Download Forstok 12.974989891052 Detik
Duration Looping 500 Data 166.43995785713 Detik 
Tanggal: 29-08-2022 04:05:01 
Duration Download Forstok 13.051841020584 Detik
Duration Looping 500 Data 155.55870509148 Detik 
Tanggal: 29-08-2022 04:10:01 
Duration Download Forstok 17.646332979202 Detik
Duration Looping 500 Data 164.04101991653 Detik 
Tanggal: 29-08-2022 04:15:01 
Duration Download Forstok 11.431946992874 Detik
Duration Looping 500 Data 164.9306101799 Detik 
Tanggal: 29-08-2022 04:20:01 
Duration Download Forstok 10.742259979248 Detik
Duration Looping 500 Data 156.80526995659 Detik 
Tanggal: 29-08-2022 04:25:01 
Duration Download Forstok 9.1009149551392 Detik
Duration Looping 500 Data 154.91654706001 Detik 
Tanggal: 29-08-2022 04:30:01 
Duration Download Forstok 11.210010051727 Detik
Duration Looping 500 Data 153.7461309433 Detik 
Tanggal: 29-08-2022 04:35:01 
Duration Download Forstok 10.688012123108 Detik
Duration Looping 500 Data 147.703758955 Detik 
Tanggal: 29-08-2022 04:40:01 
Duration Download Forstok 9.8300931453705 Detik
Duration Looping 500 Data 147.35566711426 Detik 
Tanggal: 29-08-2022 04:45:01 
Duration Download Forstok 11.99601817131 Detik
Duration Looping 500 Data 149.99929904938 Detik 
Tanggal: 29-08-2022 04:50:01 
Duration Download Forstok 11.750240087509 Detik
Duration Looping 500 Data 172.24032092094 Detik 
Tanggal: 29-08-2022 04:55:01 
Duration Download Forstok 9.4202611446381 Detik
Duration Looping 500 Data 146.66886115074 Detik 
Tanggal: 29-08-2022 05:00:01 
Duration Download Forstok 11.742232084274 Detik
Duration Looping 500 Data 159.45055007935 Detik 
Tanggal: 29-08-2022 05:05:01 
Duration Download Forstok 12.120058059692 Detik
Duration Looping 500 Data 157.58353090286 Detik 
Tanggal: 29-08-2022 05:10:01 
Duration Download Forstok 10.169089078903 Detik
Duration Looping 500 Data 149.92320489883 Detik 
Tanggal: 29-08-2022 05:15:01 
Duration Download Forstok 15.082804918289 Detik
Duration Looping 500 Data 178.18688893318 Detik 
Tanggal: 29-08-2022 05:20:01 
Duration Download Forstok 17.009340047836 Detik
Duration Looping 500 Data 159.62867021561 Detik 
Tanggal: 29-08-2022 05:25:01 
Duration Download Forstok 11.278466939926 Detik
Duration Looping 500 Data 151.06417012215 Detik 
Tanggal: 29-08-2022 05:30:01 
Duration Download Forstok 10.381936788559 Detik
Duration Looping 500 Data 170.6515250206 Detik 
Tanggal: 29-08-2022 05:35:01 
Duration Download Forstok 8.7995228767395 Detik
Duration Looping 500 Data 150.2753469944 Detik 
Tanggal: 29-08-2022 05:40:01 
Duration Download Forstok 11.050555944443 Detik
Duration Looping 500 Data 149.76376104355 Detik 
Tanggal: 29-08-2022 05:45:01 
Duration Download Forstok 9.227942943573 Detik
Duration Looping 500 Data 151.77929186821 Detik 
Tanggal: 29-08-2022 05:50:01 
Duration Download Forstok 12.35790681839 Detik
Duration Looping 500 Data 170.49432778358 Detik 
Tanggal: 29-08-2022 05:55:01 
Duration Download Forstok 10.048869132996 Detik
Duration Looping 500 Data 147.93670511246 Detik 
Tanggal: 29-08-2022 06:00:01 
Duration Download Forstok 13.189674854279 Detik
Duration Looping 500 Data 151.6461019516 Detik 
Tanggal: 29-08-2022 06:05:01 
Duration Download Forstok 19.009581804276 Detik
Duration Looping 500 Data 162.51119685173 Detik 
Tanggal: 29-08-2022 06:10:01 
Duration Download Forstok 11.141391992569 Detik
Duration Looping 500 Data 157.54450702667 Detik 
Tanggal: 29-08-2022 06:15:02 
Duration Download Forstok 10.157486200333 Detik
Duration Looping 500 Data 150.48478913307 Detik 
Tanggal: 29-08-2022 06:20:01 
Duration Download Forstok 10.356406927109 Detik
Duration Looping 500 Data 160.86833286285 Detik 
Tanggal: 29-08-2022 06:25:01 
Duration Download Forstok 9.8500940799713 Detik
Duration Looping 500 Data 152.59981107712 Detik 
Tanggal: 29-08-2022 06:30:01 
Duration Download Forstok 10.281150102615 Detik
Duration Looping 500 Data 157.56929707527 Detik 
Tanggal: 29-08-2022 06:35:01 
Duration Download Forstok 8.4542729854584 Detik
Duration Looping 500 Data 153.51814603806 Detik 
Tanggal: 29-08-2022 06:40:01 
Duration Download Forstok 13.782600879669 Detik
Duration Looping 500 Data 168.0296318531 Detik 
Tanggal: 29-08-2022 06:45:01 
Duration Download Forstok 12.120380163193 Detik
Duration Looping 500 Data 150.14274096489 Detik 
Tanggal: 29-08-2022 06:50:01 
Duration Download Forstok 11.208020925522 Detik
Duration Looping 500 Data 158.70784497261 Detik 
Tanggal: 29-08-2022 06:55:01 
Duration Download Forstok 12.94259595871 Detik
Duration Looping 500 Data 163.07279896736 Detik 
Tanggal: 29-08-2022 07:00:01 
Duration Download Forstok 17.783350944519 Detik
Duration Looping 500 Data 180.9184679985 Detik 
Tanggal: 29-08-2022 07:05:01 
Duration Download Forstok 13.838506937027 Detik
Duration Looping 500 Data 152.6057100296 Detik 
Tanggal: 29-08-2022 07:10:01 
Duration Download Forstok 34.559817790985 Detik
Duration Looping 500 Data 178.46043801308 Detik 
Tanggal: 29-08-2022 07:15:01 
Duration Download Forstok 14.819612026215 Detik
Duration Looping 500 Data 157.78816819191 Detik 
Tanggal: 29-08-2022 07:20:01 
Duration Download Forstok 12.365817070007 Detik
Duration Looping 500 Data 150.63079714775 Detik 
Tanggal: 29-08-2022 07:25:01 
Duration Download Forstok 9.4174988269806 Detik
Duration Looping 500 Data 169.79509496689 Detik 
Tanggal: 29-08-2022 07:30:02 
Duration Download Forstok 13.976056098938 Detik
Duration Looping 500 Data 177.87850117683 Detik 
Tanggal: 29-08-2022 07:35:01 
Duration Download Forstok 13.900348901749 Detik
Duration Looping 500 Data 158.92410993576 Detik 
Tanggal: 29-08-2022 07:40:01 
Duration Download Forstok 17.216835021973 Detik
Duration Looping 500 Data 156.514316082 Detik 
Tanggal: 29-08-2022 07:45:01 
Duration Download Forstok 14.239663124084 Detik
Duration Looping 500 Data 168.24468398094 Detik 
Tanggal: 29-08-2022 07:50:01 
Duration Download Forstok 11.201999902725 Detik
Duration Looping 500 Data 161.61210680008 Detik 
Tanggal: 29-08-2022 07:55:01 
Duration Download Forstok 11.78125 Detik
Duration Looping 500 Data 155.53729200363 Detik 
Tanggal: 29-08-2022 08:00:01 
Duration Download Forstok 14.400423049927 Detik
Duration Looping 500 Data 161.48834395409 Detik 
Tanggal: 29-08-2022 08:05:01 
Duration Download Forstok 11.309509992599 Detik
Duration Looping 500 Data 155.19538283348 Detik 
Tanggal: 29-08-2022 08:10:01 
Duration Download Forstok 10.953533887863 Detik
Duration Looping 500 Data 159.48150682449 Detik 
Tanggal: 29-08-2022 08:15:01 
Duration Download Forstok 13.402013063431 Detik
Duration Looping 500 Data 160.81501102448 Detik 
Tanggal: 29-08-2022 08:20:01 
Duration Download Forstok 20.341216087341 Detik
Duration Looping 500 Data 169.94669294357 Detik 
Tanggal: 29-08-2022 08:25:01 
Duration Download Forstok 12.44456911087 Detik
Duration Looping 500 Data 170.06897211075 Detik 
Tanggal: 29-08-2022 08:30:01 
Duration Download Forstok 21.476672887802 Detik
Duration Looping 500 Data 182.54190587997 Detik 
Tanggal: 29-08-2022 08:35:01 
Duration Download Forstok 11.150170087814 Detik
Duration Looping 500 Data 174.43159508705 Detik 
Tanggal: 29-08-2022 08:40:01 
Duration Download Forstok 13.74742603302 Detik
Duration Looping 500 Data 188.8814330101 Detik 
Tanggal: 29-08-2022 08:45:01 
Duration Download Forstok 14.620130062103 Detik
Duration Looping 500 Data 182.89205408096 Detik 
Tanggal: 29-08-2022 08:50:01 
Duration Download Forstok 12.34460401535 Detik
Duration Looping 500 Data 196.79091095924 Detik 
Tanggal: 29-08-2022 08:55:01 
Duration Download Forstok 11.757024049759 Detik
Duration Looping 500 Data 178.42918491364 Detik 
Tanggal: 29-08-2022 09:00:01 
Duration Download Forstok 12.903855800629 Detik
Duration Looping 500 Data 177.50758695602 Detik 
Tanggal: 29-08-2022 09:05:01 
Duration Download Forstok 14.149187803268 Detik
Duration Looping 500 Data 172.99076390266 Detik 
Tanggal: 29-08-2022 09:10:01 
Duration Download Forstok 15.122682094574 Detik
Duration Looping 500 Data 182.78612303734 Detik 
Tanggal: 29-08-2022 09:15:02 
Duration Download Forstok 21.367012023926 Detik
Duration Looping 500 Data 181.52313685417 Detik 
Tanggal: 29-08-2022 09:20:01 
Duration Download Forstok 17.692940950394 Detik
Duration Looping 500 Data 197.87996196747 Detik 
Tanggal: 29-08-2022 09:25:01 
Duration Download Forstok 15.553421020508 Detik
Duration Looping 500 Data 186.8213789463 Detik 
Tanggal: 29-08-2022 09:30:01 
Duration Download Forstok 21.27773308754 Detik
Duration Looping 500 Data 197.64709997177 Detik 
Tanggal: 29-08-2022 09:35:01 
Duration Download Forstok 21.994819164276 Detik
Duration Looping 500 Data 182.95158600807 Detik 
Tanggal: 29-08-2022 09:40:01 
Duration Download Forstok 15.484519004822 Detik
Duration Looping 500 Data 175.66913294792 Detik 
Tanggal: 29-08-2022 09:45:01 
Duration Download Forstok 20.16477394104 Detik
Duration Looping 500 Data 176.47244310379 Detik 
Tanggal: 29-08-2022 09:50:01 
Duration Download Forstok 22.687234163284 Detik
Duration Looping 500 Data 189.53465604782 Detik 
Tanggal: 29-08-2022 09:55:00 
Duration Download Forstok 15.291981935501 Detik
Duration Looping 500 Data 175.58865690231 Detik 
Tanggal: 29-08-2022 10:00:01 
Duration Download Forstok 25.248586893082 Detik
Duration Looping 500 Data 189.75036907196 Detik 
Tanggal: 29-08-2022 10:05:01 
Duration Download Forstok 17.991334915161 Detik
Duration Looping 500 Data 194.13439106941 Detik 
Tanggal: 29-08-2022 10:10:01 
Duration Download Forstok 17.878934144974 Detik
Duration Looping 500 Data 194.99471402168 Detik 
Tanggal: 29-08-2022 10:15:01 
Duration Download Forstok 32.502201795578 Detik
Duration Looping 500 Data 206.54639387131 Detik 
Tanggal: 29-08-2022 10:20:01 
Duration Download Forstok 15.118746995926 Detik
Duration Looping 500 Data 183.54004406929 Detik 
Tanggal: 29-08-2022 10:25:01 
Duration Download Forstok 23.141007900238 Detik
Duration Looping 500 Data 194.40021491051 Detik 
Tanggal: 29-08-2022 10:30:01 
Duration Download Forstok 18.143352031708 Detik
Duration Looping 500 Data 195.9383649826 Detik 
Tanggal: 29-08-2022 10:35:01 
Duration Download Forstok 15.95433807373 Detik
Duration Looping 500 Data 192.94005608559 Detik 
Tanggal: 29-08-2022 10:40:01 
Duration Download Forstok 27.885734796524 Detik
Duration Looping 500 Data 208.94350290298 Detik 
Tanggal: 29-08-2022 10:45:01 
Duration Download Forstok 16.752883911133 Detik
Duration Looping 500 Data 194.55160188675 Detik 
Tanggal: 29-08-2022 10:50:01 
Duration Download Forstok 26.160968065262 Detik
Duration Looping 500 Data 198.95276904106 Detik 
Tanggal: 29-08-2022 10:55:00 
Duration Download Forstok 18.184279203415 Detik
Duration Looping 500 Data 191.69720101357 Detik 
Tanggal: 29-08-2022 11:00:01 
Duration Download Forstok 18.918123960495 Detik
Duration Looping 500 Data 214.20028996468 Detik 
Tanggal: 29-08-2022 11:05:01 
Duration Download Forstok 10.131816148758 Detik
Duration Looping 500 Data 186.26987099648 Detik 
Tanggal: 29-08-2022 11:10:01 
Duration Download Forstok 32.556642055511 Detik
Duration Looping 500 Data 202.89081501961 Detik 
Tanggal: 29-08-2022 11:15:01 
Duration Download Forstok 16.401684045792 Detik
Duration Looping 500 Data 181.64917993546 Detik 
Tanggal: 29-08-2022 11:20:01 
Duration Download Forstok 15.739931106567 Detik
Duration Looping 500 Data 192.02403020859 Detik 
Tanggal: 29-08-2022 11:25:01 
Duration Download Forstok 12.754342079163 Detik
Duration Looping 500 Data 183.60928106308 Detik 
Tanggal: 29-08-2022 11:30:01 
Duration Download Forstok 15.882076978683 Detik
Duration Looping 500 Data 184.15111303329 Detik 
Tanggal: 29-08-2022 11:35:01 
Duration Download Forstok 17.17631316185 Detik
Duration Looping 500 Data 185.24186110497 Detik 
Tanggal: 29-08-2022 11:40:01 
Duration Download Forstok 13.396507024765 Detik
Duration Looping 500 Data 174.01910114288 Detik 
Tanggal: 29-08-2022 11:45:01 
Duration Download Forstok 18.242233037949 Detik
Duration Looping 500 Data 180.94193005562 Detik 
Tanggal: 29-08-2022 11:50:01 
Duration Download Forstok 14.210741996765 Detik
Duration Looping 500 Data 176.79445385933 Detik 
Tanggal: 29-08-2022 11:55:01 
Duration Download Forstok 18.311367988586 Detik
Duration Looping 500 Data 184.03755998611 Detik 
Tanggal: 29-08-2022 12:00:01 
Duration Download Forstok 16.844797134399 Detik
Duration Looping 500 Data 177.20045614243 Detik 
Tanggal: 29-08-2022 12:05:01 
Duration Download Forstok 10.770201921463 Detik
Duration Looping 500 Data 166.24742794037 Detik 
Tanggal: 29-08-2022 12:10:01 
Duration Download Forstok 11.566251993179 Detik
Duration Looping 500 Data 166.8453168869 Detik 
Tanggal: 29-08-2022 12:15:01 
Duration Download Forstok 16.224091053009 Detik
Duration Looping 500 Data 174.9275329113 Detik 
Tanggal: 29-08-2022 12:20:01 
Duration Download Forstok 18.652734994888 Detik
Duration Looping 500 Data 172.31712508202 Detik 
Tanggal: 29-08-2022 12:25:01 
Duration Download Forstok 15.449844121933 Detik
Duration Looping 500 Data 169.00492811203 Detik 
Tanggal: 29-08-2022 12:30:01 
Duration Download Forstok 19.361716985703 Detik
Duration Looping 500 Data 174.22792506218 Detik 
Tanggal: 29-08-2022 12:35:01 
Duration Download Forstok 11.302540063858 Detik
Duration Looping 500 Data 166.22363615036 Detik 
Tanggal: 29-08-2022 12:40:01 
Duration Download Forstok 13.860912799835 Detik
Duration Looping 500 Data 165.65932393074 Detik 
Tanggal: 29-08-2022 12:45:01 
Duration Download Forstok 14.351824998856 Detik
Duration Looping 500 Data 167.36460709572 Detik 
Tanggal: 29-08-2022 12:50:01 
Duration Download Forstok 14.115840911865 Detik
Duration Looping 500 Data 167.09522891045 Detik 
Tanggal: 29-08-2022 12:55:01 
Duration Download Forstok 9.763072013855 Detik
Duration Looping 500 Data 167.68585896492 Detik 
Tanggal: 29-08-2022 13:00:01 
Duration Download Forstok 13.847193002701 Detik
Duration Looping 500 Data 180.30471205711 Detik 
Tanggal: 29-08-2022 13:05:01 
Duration Download Forstok 13.676597833633 Detik
Duration Looping 500 Data 176.29187703133 Detik 
Tanggal: 29-08-2022 13:10:01 
Duration Download Forstok 16.516978025436 Detik
Duration Looping 500 Data 178.75332999229 Detik 
Tanggal: 29-08-2022 13:15:01 
Duration Download Forstok 16.276037931442 Detik
Duration Looping 500 Data 184.01481699944 Detik 
Tanggal: 29-08-2022 13:20:01 
Duration Download Forstok 20.151041984558 Detik
Duration Looping 500 Data 186.49925804138 Detik 
Tanggal: 29-08-2022 13:25:00 
Duration Download Forstok 18.109817028046 Detik
Duration Looping 500 Data 188.68302083015 Detik 
Tanggal: 29-08-2022 13:30:01 
Duration Download Forstok 18.157278060913 Detik
Duration Looping 500 Data 188.26386022568 Detik 
Tanggal: 29-08-2022 13:35:01 
Duration Download Forstok 12.235012054443 Detik
Duration Looping 500 Data 180.40737009048 Detik 
Tanggal: 29-08-2022 13:40:01 
Duration Download Forstok 15.98837518692 Detik
Duration Looping 500 Data 189.96085000038 Detik 
Tanggal: 29-08-2022 13:45:01 
Duration Download Forstok 14.262948036194 Detik
Duration Looping 500 Data 186.98506903648 Detik 
Tanggal: 29-08-2022 13:50:01 
Duration Download Forstok 16.620537996292 Detik
Duration Looping 500 Data 191.50540685654 Detik 
Tanggal: 29-08-2022 13:55:01 
Duration Download Forstok 9.3734979629517 Detik
Duration Looping 500 Data 173.59948897362 Detik 
Tanggal: 29-08-2022 14:00:01 
Duration Download Forstok 18.697567939758 Detik
Duration Looping 500 Data 183.93299484253 Detik 
Tanggal: 29-08-2022 14:05:01 
Duration Download Forstok 14.563479185104 Detik
Duration Looping 500 Data 176.98462700844 Detik 
Tanggal: 29-08-2022 14:10:01 
Duration Download Forstok 41.811858892441 Detik
Duration Looping 500 Data 209.91423678398 Detik 
Tanggal: 29-08-2022 14:15:01 
Duration Download Forstok 20.032178878784 Detik
Duration Looping 500 Data 186.68857097626 Detik 
Tanggal: 29-08-2022 14:20:01 
Duration Download Forstok 13.983478069305 Detik
Duration Looping 500 Data 187.77891397476 Detik 
Tanggal: 29-08-2022 14:25:01 
Duration Download Forstok 11.274317979813 Detik
Duration Looping 500 Data 200.00655198097 Detik 
Tanggal: 29-08-2022 14:30:01 
Duration Download Forstok 25.45516705513 Detik
Duration Looping 500 Data 198.68534898758 Detik 
Tanggal: 29-08-2022 14:35:01 
Duration Download Forstok 11.047528028488 Detik
Duration Looping 500 Data 198.96795606613 Detik 
Tanggal: 29-08-2022 14:40:01 
Duration Download Forstok 16.877925872803 Detik
Duration Looping 500 Data 188.57920098305 Detik 
Tanggal: 29-08-2022 14:45:01 
Duration Download Forstok 13.404615879059 Detik
Duration Looping 500 Data 198.06340098381 Detik 
Tanggal: 29-08-2022 14:50:01 
Duration Download Forstok 12.317649126053 Detik
Duration Looping 500 Data 180.63542890549 Detik 
Tanggal: 29-08-2022 14:55:01 
Duration Download Forstok 17.887918949127 Detik
Duration Looping 500 Data 201.64467906952 Detik 
Tanggal: 29-08-2022 15:00:01 
Duration Download Forstok 15.563447952271 Detik
Duration Looping 500 Data 197.85289406776 Detik 
Tanggal: 29-08-2022 15:05:01 
Duration Download Forstok 11.62889790535 Detik
Duration Looping 500 Data 186.36636996269 Detik 
Tanggal: 29-08-2022 15:10:01 
Duration Download Forstok 13.847635030746 Detik
Duration Looping 500 Data 183.12587308884 Detik 
Tanggal: 29-08-2022 15:15:01 
Duration Download Forstok 17.931309938431 Detik
Duration Looping 500 Data 187.52982902527 Detik 
Tanggal: 29-08-2022 15:20:01 
Duration Download Forstok 14.126033067703 Detik
Duration Looping 500 Data 179.90826702118 Detik 
Tanggal: 29-08-2022 15:25:01 
Duration Download Forstok 15.82851600647 Detik
Duration Looping 500 Data 195.34647011757 Detik 
Tanggal: 29-08-2022 15:30:01 
Duration Download Forstok 15.921125888824 Detik
Duration Looping 500 Data 192.01089382172 Detik 
Tanggal: 29-08-2022 15:35:01 
Duration Download Forstok 13.032445907593 Detik
Duration Looping 500 Data 190.21039485931 Detik 
Tanggal: 29-08-2022 15:40:01 
Duration Download Forstok 13.150264978409 Detik
Duration Looping 500 Data 181.72541189194 Detik 
Tanggal: 29-08-2022 15:45:01 
Duration Download Forstok 15.802638053894 Detik
Duration Looping 500 Data 182.28472900391 Detik 
Tanggal: 29-08-2022 15:50:01 
Duration Download Forstok 21.725798845291 Detik
Duration Looping 500 Data 188.14004802704 Detik 
Tanggal: 29-08-2022 15:55:00 
Duration Download Forstok 12.071396827698 Detik
Duration Looping 500 Data 198.09886693954 Detik 
Tanggal: 29-08-2022 16:00:01 
Duration Download Forstok 16.59678196907 Detik
Duration Looping 500 Data 191.44489502907 Detik 
Tanggal: 29-08-2022 16:05:01 
Duration Download Forstok 12.120145082474 Detik
Duration Looping 500 Data 185.92507004738 Detik 
Total Duration 185.96383714676 Detik 
------------------------- 
Tanggal: 29-08-2022 16:10:01 
Duration Download Forstok 12.294694900513 Detik
Duration Looping 500 Data 174.2152338028 Detik 
Tanggal: 29-08-2022 16:15:01 
Duration Download Forstok 19.723290920258 Detik
Duration Looping 500 Data 185.53358101845 Detik 
Tanggal: 29-08-2022 16:20:01 
Duration Download Forstok 23.61356306076 Detik
Duration Looping 500 Data 187.0084900856 Detik 
Tanggal: 29-08-2022 16:25:02 
Duration Download Forstok 16.315048933029 Detik
Duration Looping 500 Data 176.87740588188 Detik 
Tanggal: 29-08-2022 16:30:01 
Duration Download Forstok 14.302683830261 Detik
Duration Looping 500 Data 188.58300185204 Detik 
Tanggal: 29-08-2022 16:35:01 
Duration Download Forstok 12.97539305687 Detik
Duration Looping 500 Data 180.07698488235 Detik 
Tanggal: 29-08-2022 16:40:01 
Duration Download Forstok 17.888751029968 Detik
Duration Looping 500 Data 186.45703911781 Detik 
Tanggal: 29-08-2022 16:45:01 
Duration Download Forstok 11.704272985458 Detik
Duration Looping 500 Data 185.57205295563 Detik 
Tanggal: 29-08-2022 16:50:01 
Duration Download Forstok 16.451828956604 Detik
Duration Looping 500 Data 191.43286013603 Detik 
Tanggal: 29-08-2022 16:55:01 
Duration Download Forstok 9.509505033493 Detik
Duration Looping 500 Data 179.31386804581 Detik 
Tanggal: 29-08-2022 17:00:01 
Duration Download Forstok 11.170724153519 Detik
Duration Looping 500 Data 184.95197701454 Detik 
Tanggal: 29-08-2022 17:05:01 
Duration Download Forstok 10.686703920364 Detik
Duration Looping 500 Data 170.05798697472 Detik 
Tanggal: 29-08-2022 17:10:01 
Duration Download Forstok 9.2315919399261 Detik
Duration Looping 500 Data 172.76330590248 Detik 
Tanggal: 29-08-2022 17:15:01 
Duration Download Forstok 11.821611166 Detik
Duration Looping 500 Data 164.82302308083 Detik 
Total Duration 164.84893798828 Detik 
------------------------- 
Tanggal: 29-08-2022 17:20:01 
Duration Download Forstok 11.036620140076 Detik
Duration Looping 500 Data 163.36968708038 Detik 
Total Duration 163.39882206917 Detik 
------------------------- 
Tanggal: 29-08-2022 17:25:01 
Duration Download Forstok 22.411170959473 Detik
Duration Looping 500 Data 173.52069497108 Detik 
Total Duration 173.54762005806 Detik 
------------------------- 
Tanggal: 29-08-2022 17:30:01 
Duration Download Forstok 12.452440023422 Detik
Duration Looping 500 Data 163.30241394043 Detik 
Total Duration 163.33189105988 Detik 
------------------------- 
Tanggal: 29-08-2022 17:35:01 
Duration Download Forstok 9.4508759975433 Detik
Duration Looping 500 Data 163.27333807945 Detik 
Total Duration 163.30089521408 Detik 
------------------------- 
Tanggal: 29-08-2022 17:40:01 
Duration Download Forstok 11.40017080307 Detik
Duration Looping 500 Data 168.21228098869 Detik 
Total Duration 168.23798489571 Detik 
------------------------- 
Tanggal: 29-08-2022 17:45:01 
Duration Download Forstok 12.639415025711 Detik
Duration Looping 500 Data 168.41006302834 Detik 
Total Duration 168.44052815437 Detik 
------------------------- 
Tanggal: 29-08-2022 17:50:01 
Duration Download Forstok 12.303108215332 Detik
Duration Looping 500 Data 165.96324706078 Detik 
Total Duration 165.99088406563 Detik 
------------------------- 
Tanggal: 29-08-2022 17:55:01 
Duration Download Forstok 10.442240953445 Detik
Duration Looping 500 Data 156.80986690521 Detik 
Total Duration 156.83939099312 Detik 
------------------------- 
Tanggal: 29-08-2022 18:00:01 
Duration Download Forstok 11.29799580574 Detik
Duration Looping 500 Data 167.87294387817 Detik 
Tanggal: 29-08-2022 18:05:01 
Duration Download Forstok 12.356827974319 Detik
Duration Looping 500 Data 159.39660286903 Detik 
Tanggal: 29-08-2022 18:10:01 
Duration Download Forstok 13.340023994446 Detik
Duration Looping 500 Data 170.10578322411 Detik 
Tanggal: 29-08-2022 18:15:01 
Duration Download Forstok 19.098208189011 Detik
Duration Looping 500 Data 183.21780514717 Detik 
Tanggal: 29-08-2022 18:20:01 
Duration Download Forstok 14.239845991135 Detik
Duration Looping 500 Data 163.62268996239 Detik 
Tanggal: 29-08-2022 18:25:01 
Duration Download Forstok 14.33743596077 Detik
Duration Looping 500 Data 160.34271097183 Detik 
Tanggal: 29-08-2022 18:30:01 
Duration Download Forstok 11.846385002136 Detik
Duration Looping 500 Data 163.64892411232 Detik 
Tanggal: 29-08-2022 18:35:01 
Duration Download Forstok 9.7824349403381 Detik
Duration Looping 500 Data 163.04557704926 Detik 
Tanggal: 29-08-2022 18:40:01 
Duration Download Forstok 11.880110025406 Detik
Duration Looping 500 Data 174.97747302055 Detik 
Tanggal: 29-08-2022 18:45:01 
Duration Download Forstok 12.178740024567 Detik
Duration Looping 500 Data 165.44170713425 Detik 
Tanggal: 29-08-2022 18:50:01 
Duration Download Forstok 11.724563121796 Detik
Duration Looping 500 Data 162.82086610794 Detik 
Tanggal: 29-08-2022 18:55:01 
Duration Download Forstok 9.456503868103 Detik
Duration Looping 500 Data 160.52034687996 Detik 
Tanggal: 29-08-2022 19:00:01 
Duration Download Forstok 11.769981861115 Detik
Duration Looping 500 Data 165.1030819416 Detik 
Tanggal: 29-08-2022 19:05:01 
Duration Download Forstok 20.338082075119 Detik
Duration Looping 500 Data 167.043582201 Detik 
Tanggal: 29-08-2022 19:10:01 
Duration Download Forstok 17.723051071167 Detik
Duration Looping 500 Data 167.33561396599 Detik 
Tanggal: 29-08-2022 19:15:01 
Duration Download Forstok 13.796289920807 Detik
Duration Looping 500 Data 159.5646340847 Detik 
Tanggal: 29-08-2022 19:20:01 
Duration Download Forstok 13.290102958679 Detik
Duration Looping 500 Data 173.17648410797 Detik 
Tanggal: 29-08-2022 19:25:01 
Duration Download Forstok 10.915843963623 Detik
Duration Looping 500 Data 152.73688983917 Detik 
Tanggal: 29-08-2022 19:30:01 
Duration Download Forstok 15.175303936005 Detik
Duration Looping 500 Data 163.3440489769 Detik 
Tanggal: 29-08-2022 19:35:00 
Duration Download Forstok 10.49170589447 Detik
Duration Looping 500 Data 165.60199904442 Detik 
Tanggal: 29-08-2022 19:40:01 
Duration Download Forstok 12.471643924713 Detik
Duration Looping 500 Data 157.01076698303 Detik 
Tanggal: 29-08-2022 19:45:01 
Duration Download Forstok 14.594123125076 Detik
Duration Looping 500 Data 173.15096306801 Detik 
Tanggal: 29-08-2022 19:50:01 
Duration Download Forstok 10.79070186615 Detik
Duration Looping 500 Data 157.12020587921 Detik 
Tanggal: 29-08-2022 19:55:01 
Duration Download Forstok 9.1636030673981 Detik
Duration Looping 500 Data 164.59016895294 Detik 
Tanggal: 29-08-2022 20:00:01 
Duration Download Forstok 13.351963996887 Detik
Duration Looping 500 Data 162.7127289772 Detik 
Tanggal: 29-08-2022 20:05:01 
Duration Download Forstok 9.0250761508942 Detik
Duration Looping 500 Data 158.06046104431 Detik 
Tanggal: 29-08-2022 20:10:01 
Duration Download Forstok 12.216022968292 Detik
Duration Looping 500 Data 162.66293501854 Detik 
Tanggal: 29-08-2022 20:15:01 
Duration Download Forstok 13.702047109604 Detik
Duration Looping 500 Data 162.49699902534 Detik 
Tanggal: 29-08-2022 20:20:01 
Duration Download Forstok 10.366389989853 Detik
Duration Looping 500 Data 159.75157618523 Detik 
Tanggal: 29-08-2022 20:25:02 
Duration Download Forstok 12.639805793762 Detik
Duration Looping 500 Data 166.41795277596 Detik 
Tanggal: 29-08-2022 20:30:01 
Duration Download Forstok 11.973064899445 Detik
Duration Looping 500 Data 159.45378994942 Detik 
Tanggal: 29-08-2022 20:35:01 
Duration Download Forstok 9.6688830852509 Detik
Duration Looping 500 Data 159.34231209755 Detik 
Tanggal: 29-08-2022 20:40:01 
Duration Download Forstok 11.778001070023 Detik
Duration Looping 500 Data 161.46982312202 Detik 
Tanggal: 29-08-2022 20:45:01 
Duration Download Forstok 16.248028039932 Detik
Duration Looping 500 Data 162.95515584946 Detik 
Tanggal: 29-08-2022 20:50:01 
Duration Download Forstok 12.087213039398 Detik
Duration Looping 500 Data 162.113104105 Detik 
Tanggal: 29-08-2022 20:55:01 
Duration Download Forstok 11.474443912506 Detik
Duration Looping 500 Data 167.73119878769 Detik 
Tanggal: 29-08-2022 21:00:01 
Duration Download Forstok 9.6449370384216 Detik
Duration Looping 500 Data 157.80449509621 Detik 
Tanggal: 29-08-2022 21:05:01 
Duration Download Forstok 16.499315023422 Detik
Duration Looping 500 Data 162.48193693161 Detik 
Tanggal: 29-08-2022 21:10:01 
Duration Download Forstok 10.008821964264 Detik
Duration Looping 500 Data 157.21875476837 Detik 
Tanggal: 29-08-2022 21:15:01 
Duration Download Forstok 0.3587749004364 Detik
Tanggal: 29-08-2022 21:20:01 
Duration Download Forstok 0.27892112731934 Detik
Tanggal: 29-08-2022 21:25:01 
Duration Download Forstok 0.27567791938782 Detik
Tanggal: 29-08-2022 21:30:01 
Duration Download Forstok 0.28843188285828 Detik
Tanggal: 29-08-2022 21:35:01 
Duration Download Forstok 0.29119396209717 Detik
Tanggal: 29-08-2022 21:40:01 
Duration Download Forstok 0.28120899200439 Detik
Tanggal: 29-08-2022 21:45:01 
Duration Download Forstok 0.31641912460327 Detik
Tanggal: 29-08-2022 21:50:01 
Duration Download Forstok 17.99508690834 Detik
Tanggal: 29-08-2022 21:55:01 
Duration Download Forstok 0.31919693946838 Detik
Tanggal: 29-08-2022 22:00:02 
Duration Download Forstok 0.31803297996521 Detik
Tanggal: 29-08-2022 22:05:01 
Duration Download Forstok 0.27381300926208 Detik
Tanggal: 29-08-2022 22:10:01 
Duration Download Forstok 0.27342295646667 Detik
Tanggal: 29-08-2022 22:15:01 
Duration Download Forstok 0.3485279083252 Detik
Tanggal: 29-08-2022 22:20:01 
Duration Download Forstok 0.26802611351013 Detik
Tanggal: 29-08-2022 22:25:01 
Duration Download Forstok 0.26524114608765 Detik
Tanggal: 29-08-2022 22:30:01 
Duration Download Forstok 0.33453583717346 Detik
Tanggal: 29-08-2022 22:35:01 
Duration Download Forstok 0.30111408233643 Detik
Tanggal: 29-08-2022 22:40:01 
Duration Download Forstok 0.29353713989258 Detik
Tanggal: 29-08-2022 22:45:01 
Duration Download Forstok 0.29317998886108 Detik
Tanggal: 29-08-2022 22:50:01 
Duration Download Forstok 0.29371094703674 Detik
Tanggal: 29-08-2022 22:55:01 
Duration Download Forstok 0.27583813667297 Detik
Tanggal: 29-08-2022 23:00:01 
Duration Download Forstok 0.32802605628967 Detik
Tanggal: 29-08-2022 23:05:01 
Duration Download Forstok 0.29923820495605 Detik
Tanggal: 29-08-2022 23:10:01 
Duration Download Forstok 0.28782987594604 Detik
Tanggal: 29-08-2022 23:15:01 
Duration Download Forstok 0.28713297843933 Detik
Tanggal: 29-08-2022 23:20:01 
Duration Download Forstok 0.3555691242218 Detik
Tanggal: 29-08-2022 23:25:01 
Duration Download Forstok 0.28003001213074 Detik
Tanggal: 29-08-2022 23:30:01 
Duration Download Forstok 0.328204870224 Detik
Tanggal: 29-08-2022 23:35:01 
Duration Download Forstok 0.27320122718811 Detik
Tanggal: 29-08-2022 23:40:01 
Duration Download Forstok 0.2874710559845 Detik
Tanggal: 29-08-2022 23:45:01 
Duration Download Forstok 0.2850649356842 Detik
Tanggal: 29-08-2022 23:50:01 
Duration Download Forstok 0.27315092086792 Detik
Tanggal: 29-08-2022 23:55:01 
Duration Download Forstok 0.34643888473511 Detik
