Tanggal: 02-11-2021 00:00:01 
Duration Download Forstok 13.141207933426 Detik
Tanggal: 02-11-2021 00:05:01 
Duration Download Forstok 20.554174900055 Detik
Duration Looping 700 Data 572.40073394775 Detik 
Total Duration 572.40084695816 Detik 
------------------------- 
Duration Looping 700 Data 273.33819293976 Detik 
Total Duration 273.33826780319 Detik 
------------------------- 
Tanggal: 02-11-2021 00:10:01 
Duration Download Forstok 23.158690929413 Detik
Duration Looping 700 Data 137.58959007263 Detik 
Total Duration 137.58969807625 Detik 
------------------------- 
Tanggal: 02-11-2021 00:15:01 
Duration Download Forstok 26.008855104446 Detik
Duration Looping 700 Data 156.08167099953 Detik 
Total Duration 156.08178019524 Detik 
------------------------- 
Tanggal: 02-11-2021 00:20:01 
Duration Download Forstok 11.291901826859 Detik
Duration Looping 700 Data 139.51315593719 Detik 
Total Duration 139.51327085495 Detik 
------------------------- 
Tanggal: 02-11-2021 00:25:01 
Duration Download Forstok 19.159033060074 Detik
Duration Looping 700 Data 178.28500413895 Detik 
Total Duration 178.28597903252 Detik 
------------------------- 
Tanggal: 02-11-2021 00:30:01 
Duration Download Forstok 12.605559825897 Detik
Duration Looping 700 Data 126.67553091049 Detik 
Total Duration 126.67563486099 Detik 
------------------------- 
Tanggal: 02-11-2021 00:35:01 
Duration Download Forstok 15.278294086456 Detik
Duration Looping 700 Data 134.33376002312 Detik 
Total Duration 134.33387112617 Detik 
------------------------- 
Tanggal: 02-11-2021 00:40:01 
Duration Download Forstok 15.321473121643 Detik
Duration Looping 700 Data 130.66415500641 Detik 
Total Duration 130.66426706314 Detik 
------------------------- 
Tanggal: 02-11-2021 00:45:01 
Duration Download Forstok 19.911076068878 Detik
Duration Looping 700 Data 145.06887102127 Detik 
Total Duration 145.068983078 Detik 
------------------------- 
Tanggal: 02-11-2021 00:50:01 
Duration Download Forstok 10.802139997482 Detik
Duration Looping 700 Data 124.13086295128 Detik 
Total Duration 124.1309659481 Detik 
------------------------- 
Tanggal: 02-11-2021 00:55:01 
Duration Download Forstok 17.550052165985 Detik
Duration Looping 700 Data 131.91740918159 Detik 
Total Duration 131.91750311852 Detik 
------------------------- 
Tanggal: 02-11-2021 01:00:01 
Duration Download Forstok 13.266767024994 Detik
Duration Looping 700 Data 134.38673210144 Detik 
Total Duration 134.38683605194 Detik 
------------------------- 
Tanggal: 02-11-2021 01:05:01 
Duration Download Forstok 20.922755002975 Detik
Duration Looping 700 Data 139.49031805992 Detik 
Total Duration 139.49043321609 Detik 
------------------------- 
Tanggal: 02-11-2021 01:10:01 
Duration Download Forstok 20.351061820984 Detik
Duration Looping 700 Data 138.49998188019 Detik 
Total Duration 138.50011897087 Detik 
------------------------- 
Tanggal: 02-11-2021 01:15:01 
Duration Download Forstok 21.143515110016 Detik
Duration Looping 700 Data 139.14197516441 Detik 
Total Duration 139.14209008217 Detik 
------------------------- 
Tanggal: 02-11-2021 01:20:02 
Duration Download Forstok 15.869740009308 Detik
Duration Looping 700 Data 134.90668010712 Detik 
Total Duration 134.90678906441 Detik 
------------------------- 
Tanggal: 02-11-2021 01:25:01 
Duration Download Forstok 17.559424161911 Detik
Duration Looping 700 Data 134.37294316292 Detik 
Total Duration 134.37309098244 Detik 
------------------------- 
Tanggal: 02-11-2021 01:30:01 
Duration Download Forstok 17.442564964294 Detik
Duration Looping 700 Data 143.8502600193 Detik 
Total Duration 143.85037302971 Detik 
------------------------- 
Tanggal: 02-11-2021 01:35:01 
Duration Download Forstok 16.838805913925 Detik
Duration Looping 700 Data 137.09905600548 Detik 
Total Duration 137.09915995598 Detik 
------------------------- 
Tanggal: 02-11-2021 01:40:01 
Duration Download Forstok 13.737833976746 Detik
Duration Looping 700 Data 132.16389894485 Detik 
Total Duration 132.16400980949 Detik 
------------------------- 
Tanggal: 02-11-2021 01:45:01 
Duration Download Forstok 18.280297994614 Detik
Duration Looping 700 Data 140.05726385117 Detik 
Total Duration 140.05737495422 Detik 
------------------------- 
Tanggal: 02-11-2021 01:50:01 
Duration Download Forstok 14.66253900528 Detik
Duration Looping 700 Data 132.00002598763 Detik 
Total Duration 132.00013685226 Detik 
------------------------- 
Tanggal: 02-11-2021 01:55:01 
Duration Download Forstok 18.57735991478 Detik
Duration Looping 700 Data 132.58898687363 Detik 
Total Duration 132.58910107613 Detik 
------------------------- 
Tanggal: 02-11-2021 02:00:01 
Duration Download Forstok 14.071346998215 Detik
Duration Looping 700 Data 141.21590900421 Detik 
Total Duration 141.21601915359 Detik 
------------------------- 
Tanggal: 02-11-2021 02:05:01 
Duration Download Forstok 19.757297992706 Detik
Duration Looping 700 Data 132.92065501213 Detik 
Total Duration 132.92077612877 Detik 
------------------------- 
Tanggal: 02-11-2021 02:10:01 
Duration Download Forstok 18.998998165131 Detik
Duration Looping 700 Data 136.11665797234 Detik 
Total Duration 136.1167640686 Detik 
------------------------- 
Tanggal: 02-11-2021 02:15:01 
Duration Download Forstok 15.220217943192 Detik
Duration Looping 700 Data 131.37194180489 Detik 
Total Duration 131.37206983566 Detik 
------------------------- 
Tanggal: 02-11-2021 02:20:01 
Duration Download Forstok 13.09570813179 Detik
Duration Looping 700 Data 135.36369800568 Detik 
Total Duration 135.36380910873 Detik 
------------------------- 
Tanggal: 02-11-2021 02:25:01 
Duration Download Forstok 16.534806966782 Detik
Duration Looping 700 Data 133.72892403603 Detik 
Total Duration 133.72903394699 Detik 
------------------------- 
Tanggal: 02-11-2021 02:30:01 
Duration Download Forstok 12.956601858139 Detik
Duration Looping 700 Data 130.17083096504 Detik 
Total Duration 130.17093801498 Detik 
------------------------- 
Tanggal: 02-11-2021 02:35:01 
Duration Download Forstok 21.851567983627 Detik
Duration Looping 700 Data 140.54620909691 Detik 
Total Duration 140.54632115364 Detik 
------------------------- 
Tanggal: 02-11-2021 02:40:01 
Duration Download Forstok 20.413069963455 Detik
Duration Looping 700 Data 136.44506883621 Detik 
Total Duration 136.44517993927 Detik 
------------------------- 
Tanggal: 02-11-2021 02:45:01 
Duration Download Forstok 17.140134096146 Detik
Duration Looping 700 Data 133.62118315697 Detik 
Total Duration 133.62128901482 Detik 
------------------------- 
Tanggal: 02-11-2021 02:50:01 
Duration Download Forstok 11.688909053802 Detik
Duration Looping 700 Data 128.43511605263 Detik 
Total Duration 128.43521904945 Detik 
------------------------- 
Tanggal: 02-11-2021 02:55:01 
Duration Download Forstok 19.063283205032 Detik
Duration Looping 700 Data 142.17564415932 Detik 
Total Duration 142.17575907707 Detik 
------------------------- 
Tanggal: 02-11-2021 03:00:01 
Duration Download Forstok 16.595575094223 Detik
Duration Looping 700 Data 140.45437121391 Detik 
Total Duration 140.45447802544 Detik 
------------------------- 
Tanggal: 02-11-2021 03:05:01 
Duration Download Forstok 16.249227046967 Detik
Duration Looping 700 Data 139.44060111046 Detik 
Total Duration 139.44070601463 Detik 
------------------------- 
Tanggal: 02-11-2021 03:10:01 
Duration Download Forstok 18.02910399437 Detik
Duration Looping 700 Data 139.16135597229 Detik 
Total Duration 139.16145396233 Detik 
------------------------- 
Tanggal: 02-11-2021 03:15:01 
Duration Download Forstok 12.579555034637 Detik
Duration Looping 700 Data 133.56115603447 Detik 
Total Duration 133.56125807762 Detik 
------------------------- 
Tanggal: 02-11-2021 03:20:01 
Duration Download Forstok 11.939182043076 Detik
Duration Looping 700 Data 131.87290692329 Detik 
Total Duration 131.87304997444 Detik 
------------------------- 
Tanggal: 02-11-2021 03:25:01 
Duration Download Forstok 23.871742010117 Detik
Duration Looping 700 Data 143.31972002983 Detik 
Total Duration 143.31982898712 Detik 
------------------------- 
Tanggal: 02-11-2021 03:30:01 
Duration Download Forstok 12.494649887085 Detik
Duration Looping 700 Data 126.51983499527 Detik 
Total Duration 126.51993989944 Detik 
------------------------- 
Tanggal: 02-11-2021 03:35:01 
Duration Download Forstok 14.965079069138 Detik
Duration Looping 700 Data 146.02147817612 Detik 
Total Duration 146.02158308029 Detik 
------------------------- 
Tanggal: 02-11-2021 03:40:01 
Duration Download Forstok 20.762916088104 Detik
Duration Looping 700 Data 141.74640703201 Detik 
Total Duration 141.74651312828 Detik 
------------------------- 
Tanggal: 02-11-2021 03:45:01 
Duration Download Forstok 13.264364004135 Detik
Duration Looping 700 Data 130.44287919998 Detik 
Total Duration 130.4429910183 Detik 
------------------------- 
Tanggal: 02-11-2021 03:50:01 
Duration Download Forstok 13.336182117462 Detik
Duration Looping 700 Data 130.2955789566 Detik 
Total Duration 130.29568505287 Detik 
------------------------- 
Tanggal: 02-11-2021 03:55:01 
Duration Download Forstok 12.945132017136 Detik
Duration Looping 700 Data 133.54499697685 Detik 
Total Duration 133.54510807991 Detik 
------------------------- 
Tanggal: 02-11-2021 04:00:02 
Duration Download Forstok 14.202255010605 Detik
Duration Looping 700 Data 134.28567099571 Detik 
Total Duration 134.28577494621 Detik 
------------------------- 
Tanggal: 02-11-2021 04:05:01 
Duration Download Forstok 23.580104827881 Detik
Duration Looping 700 Data 140.89059185982 Detik 
Total Duration 140.89069986343 Detik 
------------------------- 
Tanggal: 02-11-2021 04:10:01 
Duration Download Forstok 26.51022195816 Detik
Duration Looping 700 Data 143.70334982872 Detik 
Total Duration 143.70343995094 Detik 
------------------------- 
Tanggal: 02-11-2021 04:15:01 
Duration Download Forstok 17.893713951111 Detik
Duration Looping 700 Data 137.21054291725 Detik 
Total Duration 137.21065998077 Detik 
------------------------- 
Tanggal: 02-11-2021 04:20:01 
Duration Download Forstok 13.061811923981 Detik
Duration Looping 700 Data 133.48781204224 Detik 
Total Duration 133.48792600632 Detik 
------------------------- 
Tanggal: 02-11-2021 04:25:01 
Duration Download Forstok 15.318617105484 Detik
Duration Looping 700 Data 132.68482708931 Detik 
Total Duration 132.68494200706 Detik 
------------------------- 
Tanggal: 02-11-2021 04:30:01 
Duration Download Forstok 12.310209989548 Detik
Duration Looping 700 Data 126.01517796516 Detik 
Total Duration 126.01528501511 Detik 
------------------------- 
Tanggal: 02-11-2021 04:35:01 
Duration Download Forstok 22.499701023102 Detik
Duration Looping 700 Data 139.29219079018 Detik 
Total Duration 139.29230284691 Detik 
------------------------- 
Tanggal: 02-11-2021 04:40:01 
Duration Download Forstok 15.686514139175 Detik
Duration Looping 700 Data 130.30886507034 Detik 
Total Duration 130.30897307396 Detik 
------------------------- 
Tanggal: 02-11-2021 04:45:01 
Duration Download Forstok 16.648375988007 Detik
Duration Looping 700 Data 139.74684405327 Detik 
Total Duration 139.74695706367 Detik 
------------------------- 
Tanggal: 02-11-2021 04:50:01 
Duration Download Forstok 13.668706178665 Detik
Duration Looping 700 Data 130.87656807899 Detik 
Total Duration 130.87667918205 Detik 
------------------------- 
Tanggal: 02-11-2021 04:55:01 
Duration Download Forstok 17.679989099503 Detik
Duration Looping 700 Data 132.37455105782 Detik 
Total Duration 132.37467312813 Detik 
------------------------- 
Tanggal: 02-11-2021 05:00:02 
Duration Download Forstok 12.269860029221 Detik
Duration Looping 700 Data 130.89342904091 Detik 
Total Duration 130.89353609085 Detik 
------------------------- 
Tanggal: 02-11-2021 05:05:01 
Duration Download Forstok 13.533424854279 Detik
Duration Looping 700 Data 143.16069197655 Detik 
Total Duration 143.16080498695 Detik 
------------------------- 
Tanggal: 02-11-2021 05:10:01 
Duration Download Forstok 21.511246919632 Detik
Duration Looping 700 Data 139.82241892815 Detik 
Total Duration 139.82258796692 Detik 
------------------------- 
Tanggal: 02-11-2021 05:15:01 
Duration Download Forstok 13.543121099472 Detik
Duration Looping 700 Data 129.42617511749 Detik 
Total Duration 129.42629003525 Detik 
------------------------- 
Tanggal: 02-11-2021 05:20:01 
Duration Download Forstok 14.319818973541 Detik
Duration Looping 700 Data 136.82538604736 Detik 
Total Duration 136.82549405098 Detik 
------------------------- 
Tanggal: 02-11-2021 05:25:01 
Duration Download Forstok 22.132668972015 Detik
Duration Looping 700 Data 146.1621389389 Detik 
Total Duration 146.16225194931 Detik 
------------------------- 
Tanggal: 02-11-2021 05:30:01 
Duration Download Forstok 16.193077087402 Detik
Duration Looping 700 Data 131.53749299049 Detik 
Total Duration 131.53758692741 Detik 
------------------------- 
Tanggal: 02-11-2021 05:35:01 
Duration Download Forstok 19.527364015579 Detik
Duration Looping 700 Data 137.51203989983 Detik 
Total Duration 137.51215195656 Detik 
------------------------- 
Tanggal: 02-11-2021 05:40:02 
Duration Download Forstok 11.91327214241 Detik
Duration Looping 700 Data 127.6982820034 Detik 
Total Duration 127.69839191437 Detik 
------------------------- 
Tanggal: 02-11-2021 05:45:01 
Duration Download Forstok 13.290462017059 Detik
Duration Looping 700 Data 126.99841880798 Detik 
Total Duration 126.99853301048 Detik 
------------------------- 
Tanggal: 02-11-2021 05:50:01 
Duration Download Forstok 10.83918094635 Detik
Duration Looping 700 Data 131.12818002701 Detik 
Total Duration 131.1282889843 Detik 
------------------------- 
Tanggal: 02-11-2021 05:55:01 
Duration Download Forstok 21.336660146713 Detik
Duration Looping 700 Data 143.36101698875 Detik 
Total Duration 143.36113500595 Detik 
------------------------- 
Tanggal: 02-11-2021 06:00:01 
Duration Download Forstok 13.321907043457 Detik
Duration Looping 700 Data 135.15142202377 Detik 
Total Duration 135.15153813362 Detik 
------------------------- 
Tanggal: 02-11-2021 06:05:01 
Duration Download Forstok 22.162148952484 Detik
Duration Looping 700 Data 138.57707691193 Detik 
Total Duration 138.57718801498 Detik 
------------------------- 
Tanggal: 02-11-2021 06:10:01 
Duration Download Forstok 29.42830491066 Detik
Duration Looping 700 Data 152.47693800926 Detik 
Total Duration 152.47704696655 Detik 
------------------------- 
Tanggal: 02-11-2021 06:15:02 
Duration Download Forstok 17.878440141678 Detik
Duration Looping 700 Data 143.19723916054 Detik 
Total Duration 143.19735693932 Detik 
------------------------- 
Tanggal: 02-11-2021 06:20:01 
Duration Download Forstok 10.609726905823 Detik
Duration Looping 700 Data 129.71476602554 Detik 
Total Duration 129.71487593651 Detik 
------------------------- 
Tanggal: 02-11-2021 06:25:01 
Duration Download Forstok 19.013996124268 Detik
Duration Looping 700 Data 136.28850102425 Detik 
Total Duration 136.28865695 Detik 
------------------------- 
Tanggal: 02-11-2021 06:30:01 
Duration Download Forstok 12.908007860184 Detik
Duration Looping 700 Data 125.87134003639 Detik 
Total Duration 125.87146282196 Detik 
------------------------- 
Tanggal: 02-11-2021 06:35:01 
Duration Download Forstok 12.535485982895 Detik
Duration Looping 700 Data 140.083537817 Detik 
Total Duration 140.08365988731 Detik 
------------------------- 
Tanggal: 02-11-2021 06:40:01 
Duration Download Forstok 10.32644200325 Detik
Duration Looping 700 Data 128.84797000885 Detik 
Total Duration 128.84808301926 Detik 
------------------------- 
Tanggal: 02-11-2021 06:45:01 
Duration Download Forstok 15.761398077011 Detik
Duration Looping 700 Data 135.37807011604 Detik 
Total Duration 135.37819004059 Detik 
------------------------- 
Tanggal: 02-11-2021 06:50:01 
Duration Download Forstok 12.703571081161 Detik
Duration Looping 700 Data 125.83709192276 Detik 
Total Duration 125.83719706535 Detik 
------------------------- 
Tanggal: 02-11-2021 06:55:01 
Duration Download Forstok 12.516449928284 Detik
Duration Looping 700 Data 131.93733096123 Detik 
Total Duration 131.93743896484 Detik 
------------------------- 
Tanggal: 02-11-2021 07:00:01 
Duration Download Forstok 10.055489063263 Detik
Duration Looping 700 Data 132.39309406281 Detik 
Total Duration 132.39320421219 Detik 
------------------------- 
Tanggal: 02-11-2021 07:05:01 
Duration Download Forstok 18.475620031357 Detik
Duration Looping 700 Data 132.25319194794 Detik 
Total Duration 132.25332784653 Detik 
------------------------- 
Tanggal: 02-11-2021 07:10:01 
Duration Download Forstok 13.332044124603 Detik
Duration Looping 700 Data 126.17372512817 Detik 
Total Duration 126.17384505272 Detik 
------------------------- 
Tanggal: 02-11-2021 07:15:01 
Duration Download Forstok 16.545938014984 Detik
Duration Looping 700 Data 137.57903194427 Detik 
Total Duration 137.5791490078 Detik 
------------------------- 
Tanggal: 02-11-2021 07:20:01 
Duration Download Forstok 10.803813934326 Detik
Duration Looping 700 Data 131.4365041256 Detik 
Total Duration 131.43661499023 Detik 
------------------------- 
Tanggal: 02-11-2021 07:25:01 
Duration Download Forstok 20.678725004196 Detik
Duration Looping 700 Data 133.98466706276 Detik 
Total Duration 133.98477911949 Detik 
------------------------- 
Tanggal: 02-11-2021 07:30:01 
Duration Download Forstok 11.651078939438 Detik
Duration Looping 700 Data 131.09251785278 Detik 
Total Duration 131.09265089035 Detik 
------------------------- 
Tanggal: 02-11-2021 07:35:01 
Duration Download Forstok 20.75466799736 Detik
Duration Looping 700 Data 143.23425602913 Detik 
Total Duration 143.23436713219 Detik 
------------------------- 
Tanggal: 02-11-2021 07:40:01 
Duration Download Forstok 10.272033929825 Detik
Duration Looping 700 Data 127.78367495537 Detik 
Total Duration 127.78378200531 Detik 
------------------------- 
Tanggal: 02-11-2021 07:45:01 
Duration Download Forstok 14.850813865662 Detik
Duration Looping 700 Data 132.60793089867 Detik 
Total Duration 132.6080429554 Detik 
------------------------- 
Tanggal: 02-11-2021 07:50:01 
Duration Download Forstok 13.337568998337 Detik
Duration Looping 700 Data 131.22182583809 Detik 
Total Duration 131.22194480896 Detik 
------------------------- 
Tanggal: 02-11-2021 07:55:01 
Duration Download Forstok 17.091933965683 Detik
Duration Looping 700 Data 133.16230583191 Detik 
Total Duration 133.16242098808 Detik 
------------------------- 
Tanggal: 02-11-2021 08:00:01 
Duration Download Forstok 13.780925989151 Detik
Duration Looping 700 Data 132.48862099648 Detik 
Total Duration 132.48873305321 Detik 
------------------------- 
Tanggal: 02-11-2021 08:05:01 
Duration Download Forstok 13.048130989075 Detik
Duration Looping 700 Data 132.2273349762 Detik 
Total Duration 132.22744393349 Detik 
------------------------- 
Tanggal: 02-11-2021 08:10:01 
Duration Download Forstok 21.434760093689 Detik
Duration Looping 700 Data 138.83851313591 Detik 
Total Duration 138.83860898018 Detik 
------------------------- 
Tanggal: 02-11-2021 08:15:01 
Duration Download Forstok 21.241956949234 Detik
Duration Looping 700 Data 147.15197587013 Detik 
Total Duration 147.15208506584 Detik 
------------------------- 
Tanggal: 02-11-2021 08:20:01 
Duration Download Forstok 12.049596071243 Detik
Duration Looping 700 Data 134.20827507973 Detik 
Total Duration 134.2083799839 Detik 
------------------------- 
Tanggal: 02-11-2021 08:25:01 
Duration Download Forstok 13.97615814209 Detik
Duration Looping 700 Data 137.17745304108 Detik 
Total Duration 137.1775701046 Detik 
------------------------- 
Tanggal: 02-11-2021 08:30:01 
Duration Download Forstok 11.185417890549 Detik
Duration Looping 700 Data 129.97423195839 Detik 
Total Duration 129.97434592247 Detik 
------------------------- 
Tanggal: 02-11-2021 08:35:01 
Duration Download Forstok 18.887617111206 Detik
Duration Looping 700 Data 144.44395208359 Detik 
Total Duration 144.44406914711 Detik 
------------------------- 
Tanggal: 02-11-2021 08:40:01 
Duration Download Forstok 12.169957876205 Detik
Duration Looping 700 Data 138.19056081772 Detik 
Total Duration 138.19067287445 Detik 
------------------------- 
Tanggal: 02-11-2021 08:45:01 
Duration Download Forstok 19.766224861145 Detik
Duration Looping 700 Data 143.50443792343 Detik 
Total Duration 143.50454998016 Detik 
------------------------- 
Tanggal: 02-11-2021 08:50:01 
Duration Download Forstok 10.641080856323 Detik
Duration Looping 700 Data 132.75908708572 Detik 
Total Duration 132.75920391083 Detik 
------------------------- 
Tanggal: 02-11-2021 08:55:01 
Duration Download Forstok 13.783382177353 Detik
Duration Looping 700 Data 140.38621020317 Detik 
Total Duration 140.38629317284 Detik 
------------------------- 
Tanggal: 02-11-2021 09:00:01 
Duration Download Forstok 13.36885881424 Detik
Duration Looping 700 Data 140.97780203819 Detik 
Total Duration 140.97791481018 Detik 
------------------------- 
Tanggal: 02-11-2021 09:05:01 
Duration Download Forstok 15.160589933395 Detik
Duration Looping 700 Data 146.21163201332 Detik 
Total Duration 146.21172690392 Detik 
------------------------- 
Tanggal: 02-11-2021 09:10:01 
Duration Download Forstok 26.362215042114 Detik
Duration Looping 700 Data 150.12392306328 Detik 
Total Duration 150.12402200699 Detik 
------------------------- 
Tanggal: 02-11-2021 09:15:02 
Duration Download Forstok 19.15687417984 Detik
Duration Looping 700 Data 145.94403815269 Detik 
Total Duration 145.94415402412 Detik 
------------------------- 
Tanggal: 02-11-2021 09:20:01 
Duration Download Forstok 13.370899915695 Detik
Duration Looping 700 Data 140.64730095863 Detik 
Total Duration 140.64740896225 Detik 
------------------------- 
Tanggal: 02-11-2021 09:25:01 
Duration Download Forstok 21.540601968765 Detik
Duration Looping 700 Data 148.39188194275 Detik 
Total Duration 148.39200496674 Detik 
------------------------- 
Tanggal: 02-11-2021 09:30:01 
Duration Download Forstok 12.309505939484 Detik
Duration Looping 700 Data 139.73169994354 Detik 
Total Duration 139.73181080818 Detik 
------------------------- 
Tanggal: 02-11-2021 09:35:02 
Duration Download Forstok 14.427396059036 Detik
Duration Looping 700 Data 137.7340900898 Detik 
Total Duration 137.73420810699 Detik 
------------------------- 
Tanggal: 02-11-2021 09:40:01 
Duration Download Forstok 24.446594953537 Detik
Duration Looping 700 Data 149.8447599411 Detik 
Total Duration 149.84487390518 Detik 
------------------------- 
Tanggal: 02-11-2021 09:45:01 
Duration Download Forstok 15.262204885483 Detik
Duration Looping 700 Data 142.35191178322 Detik 
Total Duration 142.35202383995 Detik 
------------------------- 
Tanggal: 02-11-2021 09:50:01 
Duration Download Forstok 14.417936086655 Detik
Duration Looping 700 Data 139.49318003654 Detik 
Total Duration 139.49330210686 Detik 
------------------------- 
Tanggal: 02-11-2021 09:55:01 
Duration Download Forstok 15.971228837967 Detik
Duration Looping 700 Data 140.72765994072 Detik 
Total Duration 140.72778582573 Detik 
------------------------- 
Tanggal: 02-11-2021 10:00:01 
Duration Download Forstok 14.218832969666 Detik
Duration Looping 700 Data 141.44714403152 Detik 
Total Duration 141.44725799561 Detik 
------------------------- 
Tanggal: 02-11-2021 10:05:01 
Duration Download Forstok 19.048409938812 Detik
Duration Looping 700 Data 145.75315785408 Detik 
Total Duration 145.75329589844 Detik 
------------------------- 
Tanggal: 02-11-2021 10:10:01 
Duration Download Forstok 21.192353963852 Detik
Duration Looping 700 Data 143.01066088676 Detik 
Total Duration 143.01077103615 Detik 
------------------------- 
Tanggal: 02-11-2021 10:15:01 
Duration Download Forstok 25.53214597702 Detik
Duration Looping 700 Data 152.0402328968 Detik 
Total Duration 152.0403418541 Detik 
------------------------- 
Tanggal: 02-11-2021 10:20:01 
Duration Download Forstok 14.636514902115 Detik
Duration Looping 700 Data 144.04834294319 Detik 
Total Duration 144.04845309258 Detik 
------------------------- 
Tanggal: 02-11-2021 10:25:01 
Duration Download Forstok 15.084139823914 Detik
Duration Looping 700 Data 136.42383790016 Detik 
Total Duration 136.42395281792 Detik 
------------------------- 
Tanggal: 02-11-2021 10:30:01 
Duration Download Forstok 11.483937978745 Detik
Duration Looping 700 Data 135.74337697029 Detik 
Total Duration 135.74350714684 Detik 
------------------------- 
Tanggal: 02-11-2021 10:35:01 
Duration Download Forstok 17.240298986435 Detik
Duration Looping 700 Data 144.78886508942 Detik 
Total Duration 144.78897714615 Detik 
------------------------- 
Tanggal: 02-11-2021 10:40:01 
Duration Download Forstok 17.566659927368 Detik
Duration Looping 700 Data 144.27037096024 Detik 
Total Duration 144.27045893669 Detik 
------------------------- 
Tanggal: 02-11-2021 10:45:01 
Duration Download Forstok 21.073738098145 Detik
Duration Looping 700 Data 147.6079890728 Detik 
Total Duration 147.60810899734 Detik 
------------------------- 
Tanggal: 02-11-2021 10:50:01 
Duration Download Forstok 10.104843854904 Detik
Duration Looping 700 Data 135.50889897346 Detik 
Total Duration 135.5090110302 Detik 
------------------------- 
Tanggal: 02-11-2021 10:55:01 
Duration Download Forstok 13.156630039215 Detik
Duration Looping 700 Data 135.23319792747 Detik 
Total Duration 135.23330593109 Detik 
------------------------- 
Tanggal: 02-11-2021 11:00:01 
Duration Download Forstok 15.92128610611 Detik
Duration Looping 700 Data 141.55177521706 Detik 
Total Duration 141.55191111565 Detik 
------------------------- 
Tanggal: 02-11-2021 11:05:01 
Duration Download Forstok 17.475257873535 Detik
Duration Looping 700 Data 140.51722192764 Detik 
Total Duration 140.51731204987 Detik 
------------------------- 
Tanggal: 02-11-2021 11:10:01 
Duration Download Forstok 17.581696987152 Detik
Duration Looping 700 Data 145.26182889938 Detik 
Total Duration 145.26194596291 Detik 
------------------------- 
Tanggal: 02-11-2021 11:15:01 
Duration Download Forstok 19.024343013763 Detik
Duration Looping 700 Data 144.28937602043 Detik 
Total Duration 144.28946280479 Detik 
------------------------- 
Tanggal: 02-11-2021 11:20:02 
Duration Download Forstok 11.773316860199 Detik
Duration Looping 700 Data 137.86051607132 Detik 
Total Duration 137.86063098907 Detik 
------------------------- 
Tanggal: 02-11-2021 11:25:01 
Duration Download Forstok 12.826478004456 Detik
Duration Looping 700 Data 140.14876890182 Detik 
Total Duration 140.14890098572 Detik 
------------------------- 
Tanggal: 02-11-2021 11:30:01 
Duration Download Forstok 16.562484025955 Detik
Duration Looping 700 Data 140.00525903702 Detik 
Total Duration 140.00537395477 Detik 
------------------------- 
Tanggal: 02-11-2021 11:35:01 
Duration Download Forstok 18.333827018738 Detik
Duration Looping 700 Data 148.61309909821 Detik 
Total Duration 148.61322617531 Detik 
------------------------- 
Tanggal: 02-11-2021 11:40:01 
Duration Download Forstok 23.995834112167 Detik
Duration Looping 700 Data 149.43363690376 Detik 
Total Duration 149.4337580204 Detik 
------------------------- 
Tanggal: 02-11-2021 11:45:01 
Duration Download Forstok 15.272871017456 Detik
Duration Looping 700 Data 141.16230010986 Detik 
Total Duration 141.16242003441 Detik 
------------------------- 
Tanggal: 02-11-2021 11:50:01 
Duration Download Forstok 12.766351938248 Detik
Duration Looping 700 Data 138.25697112083 Detik 
Total Duration 138.25709295273 Detik 
------------------------- 
Tanggal: 02-11-2021 11:55:01 
Duration Download Forstok 15.407275915146 Detik
Duration Looping 700 Data 141.85265493393 Detik 
Total Duration 141.85273504257 Detik 
------------------------- 
Tanggal: 02-11-2021 12:00:01 
Duration Download Forstok 14.962765932083 Detik
Duration Looping 700 Data 143.06004595757 Detik 
Total Duration 143.06017613411 Detik 
------------------------- 
Tanggal: 02-11-2021 12:05:01 
Duration Download Forstok 18.564346075058 Detik
Duration Looping 700 Data 141.72908306122 Detik 
Total Duration 141.72920107841 Detik 
------------------------- 
Tanggal: 02-11-2021 12:10:01 
Duration Download Forstok 22.761121034622 Detik
Duration Looping 700 Data 143.00937604904 Detik 
Total Duration 143.00945496559 Detik 
------------------------- 
Tanggal: 02-11-2021 12:15:01 
Duration Download Forstok 26.206582069397 Detik
Duration Looping 700 Data 153.1184899807 Detik 
Total Duration 153.11860990524 Detik 
------------------------- 
Tanggal: 02-11-2021 12:20:01 
Duration Download Forstok 13.099818944931 Detik
Duration Looping 700 Data 138.90789699554 Detik 
Total Duration 138.9080119133 Detik 
------------------------- 
Tanggal: 02-11-2021 12:25:01 
Duration Download Forstok 17.23015999794 Detik
Duration Looping 700 Data 135.77357006073 Detik 
Total Duration 135.77370405197 Detik 
------------------------- 
Tanggal: 02-11-2021 12:30:01 
Duration Download Forstok 13.273602962494 Detik
Duration Looping 700 Data 133.53776907921 Detik 
Total Duration 133.5378780365 Detik 
------------------------- 
Tanggal: 02-11-2021 12:35:01 
Duration Download Forstok 13.929166793823 Detik
Duration Looping 700 Data 131.61025381088 Detik 
Total Duration 131.61036396027 Detik 
------------------------- 
Tanggal: 02-11-2021 12:40:01 
Duration Download Forstok 21.88493013382 Detik
Duration Looping 700 Data 149.30962300301 Detik 
Total Duration 149.30970597267 Detik 
------------------------- 
Tanggal: 02-11-2021 12:45:01 
Duration Download Forstok 12.338963985443 Detik
Duration Looping 700 Data 131.90712714195 Detik 
Total Duration 131.90724396706 Detik 
------------------------- 
Tanggal: 02-11-2021 12:50:01 
Duration Download Forstok 12.520119905472 Detik
Duration Looping 700 Data 129.83707904816 Detik 
Total Duration 129.83719396591 Detik 
------------------------- 
Tanggal: 02-11-2021 12:55:01 
Duration Download Forstok 12.825151920319 Detik
Duration Looping 700 Data 132.26379179955 Detik 
Total Duration 132.26389980316 Detik 
------------------------- 
Tanggal: 02-11-2021 13:00:01 
Duration Download Forstok 10.981386899948 Detik
Duration Looping 700 Data 134.25177001953 Detik 
Total Duration 134.25187897682 Detik 
------------------------- 
Tanggal: 02-11-2021 13:05:01 
Duration Download Forstok 20.627075910568 Detik
Duration Looping 700 Data 144.12746095657 Detik 
Total Duration 144.12755990028 Detik 
------------------------- 
Tanggal: 02-11-2021 13:10:01 
Duration Download Forstok 17.101185083389 Detik
Duration Looping 700 Data 148.65533494949 Detik 
Total Duration 148.65545105934 Detik 
------------------------- 
Tanggal: 02-11-2021 13:15:01 
Duration Download Forstok 20.732452869415 Detik
Duration Looping 700 Data 148.05239582062 Detik 
Total Duration 148.05251383781 Detik 
------------------------- 
Tanggal: 02-11-2021 13:20:01 
Duration Download Forstok 11.905251026154 Detik
Duration Looping 700 Data 142.58512187004 Detik 
Total Duration 142.58525085449 Detik 
------------------------- 
Tanggal: 02-11-2021 13:25:01 
Duration Download Forstok 16.173974990845 Detik
Duration Looping 700 Data 145.43385100365 Detik 
Total Duration 145.43396401405 Detik 
------------------------- 
Tanggal: 02-11-2021 13:30:01 
Duration Download Forstok 14.582238912582 Detik
Duration Looping 700 Data 142.5371119976 Detik 
Total Duration 142.53722190857 Detik 
------------------------- 
Tanggal: 02-11-2021 13:35:01 
Duration Download Forstok 19.342842102051 Detik
Duration Looping 700 Data 150.3694691658 Detik 
Total Duration 150.3695499897 Detik 
------------------------- 
Tanggal: 02-11-2021 13:40:01 
Duration Download Forstok 18.034487009048 Detik
Duration Looping 700 Data 147.98665690422 Detik 
Total Duration 147.98699784279 Detik 
------------------------- 
Tanggal: 02-11-2021 13:45:01 
Duration Download Forstok 22.417583942413 Detik
Duration Looping 700 Data 154.4215221405 Detik 
Total Duration 154.42160797119 Detik 
------------------------- 
Tanggal: 02-11-2021 13:50:01 
Duration Download Forstok 11.32196187973 Detik
Duration Looping 700 Data 135.92902088165 Detik 
Total Duration 135.9291408062 Detik 
------------------------- 
Tanggal: 02-11-2021 13:55:01 
Duration Download Forstok 23.629133939743 Detik
Duration Looping 700 Data 153.68806004524 Detik 
Total Duration 153.68817305565 Detik 
------------------------- 
Tanggal: 02-11-2021 14:00:01 
Duration Download Forstok 10.494369029999 Detik
Duration Looping 700 Data 140.99016404152 Detik 
Total Duration 140.99025201797 Detik 
------------------------- 
Tanggal: 02-11-2021 14:05:01 
Duration Download Forstok 19.80887389183 Detik
Duration Looping 700 Data 150.98578596115 Detik 
Total Duration 150.98590302467 Detik 
------------------------- 
Tanggal: 02-11-2021 14:10:00 
Duration Download Forstok 27.098386049271 Detik
Duration Looping 700 Data 153.21506404877 Detik 
Total Duration 153.21518206596 Detik 
------------------------- 
Tanggal: 02-11-2021 14:15:02 
Duration Download Forstok 20.108946800232 Detik
Duration Looping 700 Data 149.51575183868 Detik 
Total Duration 149.51586389542 Detik 
------------------------- 
Tanggal: 02-11-2021 14:20:01 
Duration Download Forstok 23.530248880386 Detik
Duration Looping 700 Data 156.12889194489 Detik 
Total Duration 156.12900209427 Detik 
------------------------- 
Tanggal: 02-11-2021 14:25:01 
Duration Download Forstok 22.997232913971 Detik
Duration Looping 700 Data 149.5490219593 Detik 
Total Duration 149.5491399765 Detik 
------------------------- 
Tanggal: 02-11-2021 14:30:01 
Duration Download Forstok 13.873435974121 Detik
Duration Looping 700 Data 138.59192705154 Detik 
Total Duration 138.59204506874 Detik 
------------------------- 
Tanggal: 02-11-2021 14:35:01 
Duration Download Forstok 19.129621982574 Detik
Duration Looping 700 Data 145.8056769371 Detik 
Total Duration 145.80580687523 Detik 
------------------------- 
Tanggal: 02-11-2021 14:40:01 
Duration Download Forstok 18.033853054047 Detik
Duration Looping 700 Data 147.8742749691 Detik 
Total Duration 147.87439489365 Detik 
------------------------- 
Tanggal: 02-11-2021 14:45:01 
Duration Download Forstok 20.169168949127 Detik
Duration Looping 700 Data 151.10731911659 Detik 
Total Duration 151.10742306709 Detik 
------------------------- 
Tanggal: 02-11-2021 14:50:01 
Duration Download Forstok 11.976780891418 Detik
Duration Looping 700 Data 141.51693892479 Detik 
Total Duration 141.51704907417 Detik 
------------------------- 
Tanggal: 02-11-2021 14:55:01 
Duration Download Forstok 14.240368843079 Detik
Duration Looping 700 Data 141.22859191895 Detik 
Total Duration 141.22867798805 Detik 
------------------------- 
Tanggal: 02-11-2021 15:00:01 
Duration Download Forstok 12.419539928436 Detik
Duration Looping 700 Data 144.75263285637 Detik 
Total Duration 144.75273895264 Detik 
------------------------- 
Tanggal: 02-11-2021 15:05:01 
Duration Download Forstok 21.526558876038 Detik
Duration Looping 700 Data 144.86259508133 Detik 
Total Duration 144.86267399788 Detik 
------------------------- 
Tanggal: 02-11-2021 15:10:01 
Duration Download Forstok 16.787257909775 Detik
Duration Looping 700 Data 140.85843610764 Detik 
Total Duration 140.85851407051 Detik 
------------------------- 
Tanggal: 02-11-2021 15:15:01 
Duration Download Forstok 19.42736697197 Detik
Duration Looping 700 Data 145.9714448452 Detik 
Total Duration 145.97156381607 Detik 
------------------------- 
Tanggal: 02-11-2021 15:20:01 
Duration Download Forstok 13.782230138779 Detik
Duration Looping 700 Data 147.2806930542 Detik 
Total Duration 147.28079915047 Detik 
------------------------- 
Tanggal: 02-11-2021 15:25:01 
Duration Download Forstok 13.402076005936 Detik
Duration Looping 700 Data 143.48977398872 Detik 
Total Duration 143.4898788929 Detik 
------------------------- 
Tanggal: 02-11-2021 15:30:01 
Duration Download Forstok 12.594913005829 Detik
Duration Looping 700 Data 138.32680702209 Detik 
Total Duration 138.32691001892 Detik 
------------------------- 
Tanggal: 02-11-2021 15:35:01 
Duration Download Forstok 20.509001016617 Detik
Duration Looping 700 Data 147.60333585739 Detik 
Total Duration 147.60344481468 Detik 
------------------------- 
Tanggal: 02-11-2021 15:40:01 
Duration Download Forstok 18.67076587677 Detik
Duration Looping 700 Data 148.81543588638 Detik 
Total Duration 148.81554794312 Detik 
------------------------- 
Tanggal: 02-11-2021 15:45:01 
Duration Download Forstok 18.673482894897 Detik
Duration Looping 700 Data 143.01167201996 Detik 
Total Duration 143.0117919445 Detik 
------------------------- 
Tanggal: 02-11-2021 15:50:01 
Duration Download Forstok 13.428378105164 Detik
Duration Looping 700 Data 140.30172896385 Detik 
Total Duration 140.30186700821 Detik 
------------------------- 
Tanggal: 02-11-2021 15:55:01 
Duration Download Forstok 14.571063995361 Detik
Duration Looping 700 Data 147.60273599625 Detik 
Total Duration 147.60282492638 Detik 
------------------------- 
Tanggal: 02-11-2021 16:00:01 
Duration Download Forstok 13.165972948074 Detik
Duration Looping 700 Data 140.46895694733 Detik 
Total Duration 140.46907711029 Detik 
------------------------- 
Tanggal: 02-11-2021 16:05:01 
Duration Download Forstok 16.255040884018 Detik
Duration Looping 700 Data 143.63293004036 Detik 
Total Duration 143.63305091858 Detik 
------------------------- 
Tanggal: 02-11-2021 16:10:01 
Duration Download Forstok 22.142462968826 Detik
Duration Looping 700 Data 147.95121502876 Detik 
Total Duration 147.95129394531 Detik 
------------------------- 
Tanggal: 02-11-2021 16:15:01 
Duration Download Forstok 22.683925867081 Detik
Duration Looping 700 Data 149.25301599503 Detik 
Total Duration 149.25313091278 Detik 
------------------------- 
Tanggal: 02-11-2021 16:20:01 
Duration Download Forstok 29.347273111343 Detik
Duration Looping 700 Data 155.44163608551 Detik 
Total Duration 155.44177603722 Detik 
------------------------- 
Tanggal: 02-11-2021 16:25:01 
Duration Download Forstok 18.023292064667 Detik
Duration Looping 700 Data 149.53888297081 Detik 
Total Duration 149.53899693489 Detik 
------------------------- 
Tanggal: 02-11-2021 16:30:01 
Duration Download Forstok 12.207820892334 Detik
Duration Looping 700 Data 138.37239003181 Detik 
Total Duration 138.37252092361 Detik 
------------------------- 
Tanggal: 02-11-2021 16:35:01 
Duration Download Forstok 15.804984092712 Detik
Duration Looping 700 Data 147.48937702179 Detik 
Total Duration 147.48949599266 Detik 
------------------------- 
Tanggal: 02-11-2021 16:40:01 
Duration Download Forstok 22.659643888474 Detik
Duration Looping 700 Data 151.6901049614 Detik 
Total Duration 151.69021201134 Detik 
------------------------- 
Tanggal: 02-11-2021 16:45:01 
Duration Download Forstok 14.534363985062 Detik
Duration Looping 700 Data 145.22793316841 Detik 
Total Duration 145.22806215286 Detik 
------------------------- 
Tanggal: 02-11-2021 16:50:01 
Duration Download Forstok 11.327816963196 Detik
Duration Looping 700 Data 144.7091550827 Detik 
Total Duration 144.70926809311 Detik 
------------------------- 
Tanggal: 02-11-2021 16:55:01 
Duration Download Forstok 16.432025194168 Detik
Duration Looping 700 Data 144.48332619667 Detik 
Total Duration 144.48345017433 Detik 
------------------------- 
Tanggal: 02-11-2021 17:00:01 
Duration Download Forstok 17.172709941864 Detik
Duration Looping 700 Data 147.60907411575 Detik 
Total Duration 147.6091799736 Detik 
------------------------- 
Tanggal: 02-11-2021 17:05:01 
Duration Download Forstok 16.427452802658 Detik
Duration Looping 700 Data 142.42924690247 Detik 
Total Duration 142.42936086655 Detik 
------------------------- 
Tanggal: 02-11-2021 17:10:01 
Duration Download Forstok 18.700338840485 Detik
Duration Looping 700 Data 142.28860878944 Detik 
Total Duration 142.28875589371 Detik 
------------------------- 
Tanggal: 02-11-2021 17:15:01 
Duration Download Forstok 16.863118886948 Detik
Duration Looping 700 Data 140.54154491425 Detik 
Total Duration 140.54166197777 Detik 
------------------------- 
Tanggal: 02-11-2021 17:20:01 
Duration Download Forstok 16.75456905365 Detik
Duration Looping 700 Data 142.11565423012 Detik 
Total Duration 142.1157681942 Detik 
------------------------- 
Tanggal: 02-11-2021 17:25:01 
Duration Download Forstok 16.498312950134 Detik
Duration Looping 700 Data 137.3639960289 Detik 
Total Duration 137.36412715912 Detik 
------------------------- 
Tanggal: 02-11-2021 17:30:01 
Duration Download Forstok 24.158459186554 Detik
Duration Looping 700 Data 142.80203008652 Detik 
Total Duration 142.80213809013 Detik 
------------------------- 
Tanggal: 02-11-2021 17:35:01 
Duration Download Forstok 20.523539066315 Detik
Duration Looping 700 Data 149.68598794937 Detik 
Total Duration 149.68610310555 Detik 
------------------------- 
Tanggal: 02-11-2021 17:40:01 
Duration Download Forstok 21.529721021652 Detik
Duration Looping 700 Data 153.03164792061 Detik 
Total Duration 153.03172707558 Detik 
------------------------- 
Tanggal: 02-11-2021 17:45:01 
Duration Download Forstok 22.047739982605 Detik
Duration Looping 700 Data 142.35996103287 Detik 
Total Duration 142.36006808281 Detik 
------------------------- 
Tanggal: 02-11-2021 17:50:01 
Duration Download Forstok 23.69812297821 Detik
Duration Looping 700 Data 147.32198810577 Detik 
Total Duration 147.32211208344 Detik 
------------------------- 
Tanggal: 02-11-2021 17:55:01 
Duration Download Forstok 16.285362005234 Detik
Duration Looping 700 Data 141.45927596092 Detik 
Total Duration 141.45939207077 Detik 
------------------------- 
Tanggal: 02-11-2021 18:00:01 
Duration Download Forstok 11.523232936859 Detik
Duration Looping 700 Data 131.84499311447 Detik 
Total Duration 131.84510302544 Detik 
------------------------- 
Tanggal: 02-11-2021 18:05:01 
Duration Download Forstok 13.932829141617 Detik
Duration Looping 700 Data 132.71781492233 Detik 
Total Duration 132.71792411804 Detik 
------------------------- 
Tanggal: 02-11-2021 18:10:01 
Duration Download Forstok 27.079277992249 Detik
Duration Looping 700 Data 154.20962715149 Detik 
Total Duration 154.20973801613 Detik 
------------------------- 
Tanggal: 02-11-2021 18:15:01 
Duration Download Forstok 19.000901937485 Detik
Duration Looping 700 Data 145.09507894516 Detik 
Total Duration 145.09519910812 Detik 
------------------------- 
Tanggal: 02-11-2021 18:20:01 
Duration Download Forstok 17.140758037567 Detik
Duration Looping 700 Data 140.81303310394 Detik 
Total Duration 140.81314396858 Detik 
------------------------- 
Tanggal: 02-11-2021 18:25:01 
Duration Download Forstok 16.714072942734 Detik
Duration Looping 700 Data 151.70280981064 Detik 
Total Duration 151.70292687416 Detik 
------------------------- 
Tanggal: 02-11-2021 18:30:01 
Duration Download Forstok 12.177292108536 Detik
Duration Looping 700 Data 134.88743495941 Detik 
Total Duration 134.8875451088 Detik 
------------------------- 
Tanggal: 02-11-2021 18:35:01 
Duration Download Forstok 17.775708913803 Detik
Duration Looping 700 Data 143.09469008446 Detik 
Total Duration 143.09480309486 Detik 
------------------------- 
Tanggal: 02-11-2021 18:40:01 
Duration Download Forstok 18.868124008179 Detik
Duration Looping 700 Data 142.58727216721 Detik 
Total Duration 142.58738708496 Detik 
------------------------- 
Tanggal: 02-11-2021 18:45:01 
Duration Download Forstok 14.090613126755 Detik
Duration Looping 700 Data 135.39382696152 Detik 
Total Duration 135.39395093918 Detik 
------------------------- 
Tanggal: 02-11-2021 18:50:01 
Duration Download Forstok 11.746697902679 Detik
Duration Looping 700 Data 133.74040007591 Detik 
Total Duration 133.74050092697 Detik 
------------------------- 
Tanggal: 02-11-2021 18:55:01 
Duration Download Forstok 20.062742948532 Detik
Duration Looping 700 Data 143.50051903725 Detik 
Total Duration 143.50062894821 Detik 
------------------------- 
Tanggal: 02-11-2021 19:00:01 
Duration Download Forstok 11.223954916 Detik
Duration Looping 700 Data 139.63796186447 Detik 
Total Duration 139.63810300827 Detik 
------------------------- 
Tanggal: 02-11-2021 19:05:02 
Duration Download Forstok 14.039636135101 Detik
Duration Looping 700 Data 132.94017505646 Detik 
Total Duration 132.94028401375 Detik 
------------------------- 
Tanggal: 02-11-2021 19:10:01 
Duration Download Forstok 20.02624297142 Detik
Duration Looping 700 Data 143.3069589138 Detik 
Total Duration 143.30710601807 Detik 
------------------------- 
Tanggal: 02-11-2021 19:15:01 
Duration Download Forstok 15.727604150772 Detik
Duration Looping 700 Data 137.60558605194 Detik 
Total Duration 137.60569906235 Detik 
------------------------- 
Tanggal: 02-11-2021 19:20:01 
Duration Download Forstok 16.695662021637 Detik
Duration Looping 700 Data 138.2115790844 Detik 
Total Duration 138.21168994904 Detik 
------------------------- 
Tanggal: 02-11-2021 19:25:01 
Duration Download Forstok 20.891042947769 Detik
Duration Looping 700 Data 156.19609093666 Detik 
Total Duration 156.19620203972 Detik 
------------------------- 
Tanggal: 02-11-2021 19:30:01 
Duration Download Forstok 13.112867116928 Detik
Duration Looping 700 Data 134.36201095581 Detik 
Total Duration 134.36212301254 Detik 
------------------------- 
Tanggal: 02-11-2021 19:35:01 
Duration Download Forstok 16.165509939194 Detik
Duration Looping 700 Data 139.55320692062 Detik 
Total Duration 139.55331802368 Detik 
------------------------- 
Tanggal: 02-11-2021 19:40:01 
Duration Download Forstok 21.333074092865 Detik
Duration Looping 700 Data 140.33779001236 Detik 
Total Duration 140.33789014816 Detik 
------------------------- 
Tanggal: 02-11-2021 19:45:01 
Duration Download Forstok 15.983336925507 Detik
Duration Looping 700 Data 139.24359989166 Detik 
Total Duration 139.24371385574 Detik 
------------------------- 
Tanggal: 02-11-2021 19:50:01 
Duration Download Forstok 13.790019035339 Detik
Duration Looping 700 Data 131.63894915581 Detik 
Total Duration 131.63906407356 Detik 
------------------------- 
Tanggal: 02-11-2021 19:55:01 
Duration Download Forstok 21.041025161743 Detik
Duration Looping 700 Data 144.64375209808 Detik 
Total Duration 144.64386916161 Detik 
------------------------- 
Tanggal: 02-11-2021 20:00:01 
Duration Download Forstok 11.034609079361 Detik
Duration Looping 700 Data 133.55150103569 Detik 
Total Duration 133.55157804489 Detik 
------------------------- 
Tanggal: 02-11-2021 20:05:01 
Duration Download Forstok 14.843280076981 Detik
Duration Looping 700 Data 143.32560515404 Detik 
Total Duration 143.32571697235 Detik 
------------------------- 
Tanggal: 02-11-2021 20:10:01 
Duration Download Forstok 18.09445309639 Detik
Duration Looping 700 Data 140.24244499207 Detik 
Total Duration 140.24256300926 Detik 
------------------------- 
Tanggal: 02-11-2021 20:15:01 
Duration Download Forstok 22.167968988419 Detik
Duration Looping 700 Data 146.06424093246 Detik 
Total Duration 146.06434893608 Detik 
------------------------- 
Tanggal: 02-11-2021 20:20:01 
Duration Download Forstok 17.361010789871 Detik
Duration Looping 700 Data 136.87123990059 Detik 
Total Duration 136.87134289742 Detik 
------------------------- 
Tanggal: 02-11-2021 20:25:01 
Duration Download Forstok 21.320975065231 Detik
Duration Looping 700 Data 143.01448607445 Detik 
Total Duration 143.01463508606 Detik 
------------------------- 
Tanggal: 02-11-2021 20:30:01 
Duration Download Forstok 15.127378940582 Detik
Duration Looping 700 Data 137.9887239933 Detik 
Total Duration 137.98886609077 Detik 
------------------------- 
Tanggal: 02-11-2021 20:35:01 
Duration Download Forstok 14.706610918045 Detik
Duration Looping 700 Data 141.81376886368 Detik 
Total Duration 141.81388282776 Detik 
------------------------- 
Tanggal: 02-11-2021 20:40:01 
Duration Download Forstok 20.871112108231 Detik
Duration Looping 700 Data 145.81809210777 Detik 
Total Duration 145.8181989193 Detik 
------------------------- 
Tanggal: 02-11-2021 20:45:01 
Duration Download Forstok 12.651953935623 Detik
Duration Looping 700 Data 134.208796978 Detik 
Total Duration 134.20891785622 Detik 
------------------------- 
Tanggal: 02-11-2021 20:50:01 
Duration Download Forstok 16.535092115402 Detik
Duration Looping 700 Data 135.08993196487 Detik 
Total Duration 135.09004211426 Detik 
------------------------- 
Tanggal: 02-11-2021 20:55:01 
Duration Download Forstok 17.728625059128 Detik
Duration Looping 700 Data 140.57424902916 Detik 
Total Duration 140.5743970871 Detik 
------------------------- 
Tanggal: 02-11-2021 21:00:01 
Duration Download Forstok 12.459487915039 Detik
Duration Looping 700 Data 134.76683402061 Detik 
Total Duration 134.76694297791 Detik 
------------------------- 
Tanggal: 02-11-2021 21:05:01 
Duration Download Forstok 13.825958013535 Detik
Duration Looping 700 Data 131.71133613586 Detik 
Total Duration 131.71141815186 Detik 
------------------------- 
Tanggal: 02-11-2021 21:10:01 
Duration Download Forstok 20.152875900269 Detik
Duration Looping 700 Data 137.13910603523 Detik 
Total Duration 137.13921689987 Detik 
------------------------- 
Tanggal: 02-11-2021 21:15:01 
Duration Download Forstok 23.290262937546 Detik
Duration Looping 700 Data 146.03149390221 Detik 
Total Duration 146.03161096573 Detik 
------------------------- 
Tanggal: 02-11-2021 21:20:01 
Duration Download Forstok 12.991503000259 Detik
Duration Looping 700 Data 135.26156687737 Detik 
Total Duration 135.26169085503 Detik 
------------------------- 
Tanggal: 02-11-2021 21:25:01 
Duration Download Forstok 19.508916139603 Detik
Duration Looping 700 Data 142.07293796539 Detik 
Total Duration 142.07305502892 Detik 
------------------------- 
Tanggal: 02-11-2021 21:30:01 
Duration Download Forstok 14.018153905869 Detik
Duration Looping 700 Data 133.25040507317 Detik 
Total Duration 133.25052499771 Detik 
------------------------- 
Tanggal: 02-11-2021 21:35:01 
Duration Download Forstok 20.009484052658 Detik
Duration Looping 700 Data 144.68735313416 Detik 
Total Duration 144.68746900558 Detik 
------------------------- 
Tanggal: 02-11-2021 21:40:01 
Duration Download Forstok 22.080132007599 Detik
Duration Looping 700 Data 143.13651990891 Detik 
Total Duration 143.13667201996 Detik 
------------------------- 
Tanggal: 02-11-2021 21:45:01 
Duration Download Forstok 16.026840925217 Detik
Duration Looping 700 Data 136.28311300278 Detik 
Total Duration 136.28322696686 Detik 
------------------------- 
Tanggal: 02-11-2021 21:50:01 
Duration Download Forstok 15.55206990242 Detik
Duration Looping 700 Data 133.31461596489 Detik 
Total Duration 133.31469392776 Detik 
------------------------- 
Tanggal: 02-11-2021 21:55:01 
Duration Download Forstok 22.646899938583 Detik
Duration Looping 700 Data 149.35022711754 Detik 
Total Duration 149.35034012794 Detik 
------------------------- 
Tanggal: 02-11-2021 22:00:01 
Duration Download Forstok 15.693150043488 Detik
Duration Looping 700 Data 140.05669689178 Detik 
Total Duration 140.05680894852 Detik 
------------------------- 
Tanggal: 02-11-2021 22:05:01 
Duration Download Forstok 26.49841094017 Detik
Duration Looping 700 Data 146.39776802063 Detik 
Total Duration 146.39785599709 Detik 
------------------------- 
Tanggal: 02-11-2021 22:10:01 
Duration Download Forstok 18.327244997025 Detik
Duration Looping 700 Data 136.69171190262 Detik 
Total Duration 136.69179797173 Detik 
------------------------- 
Tanggal: 02-11-2021 22:15:01 
Duration Download Forstok 29.180952787399 Detik
Duration Looping 700 Data 151.2646548748 Detik 
Total Duration 151.264772892 Detik 
------------------------- 
Tanggal: 02-11-2021 22:20:01 
Duration Download Forstok 20.892066955566 Detik
Duration Looping 700 Data 144.89881587029 Detik 
Total Duration 144.89892983437 Detik 
------------------------- 
Tanggal: 02-11-2021 22:25:01 
Duration Download Forstok 18.398537158966 Detik
Duration Looping 700 Data 138.66029810905 Detik 
Total Duration 138.66041207314 Detik 
------------------------- 
Tanggal: 02-11-2021 22:30:01 
Duration Download Forstok 13.304620027542 Detik
Duration Looping 700 Data 130.80434989929 Detik 
Total Duration 130.80448794365 Detik 
------------------------- 
Tanggal: 02-11-2021 22:35:01 
Duration Download Forstok 17.230017900467 Detik
Duration Looping 700 Data 135.92094898224 Detik 
Total Duration 135.92106795311 Detik 
------------------------- 
Tanggal: 02-11-2021 22:40:01 
Duration Download Forstok 25.20067691803 Detik
Duration Looping 700 Data 144.07050991058 Detik 
Total Duration 144.07061982155 Detik 
------------------------- 
Tanggal: 02-11-2021 22:45:01 
Duration Download Forstok 19.489706993103 Detik
Duration Looping 700 Data 142.59580683708 Detik 
Total Duration 142.59592890739 Detik 
------------------------- 
Tanggal: 02-11-2021 22:50:01 
Duration Download Forstok 16.298575878143 Detik
Duration Looping 700 Data 135.8338329792 Detik 
Total Duration 135.83394193649 Detik 
------------------------- 
Tanggal: 02-11-2021 22:55:01 
Duration Download Forstok 16.15872502327 Detik
Duration Looping 700 Data 134.58220100403 Detik 
Total Duration 134.58231401443 Detik 
------------------------- 
Tanggal: 02-11-2021 23:00:01 
Duration Download Forstok 13.072708129883 Detik
Duration Looping 700 Data 142.52028298378 Detik 
Total Duration 142.52039504051 Detik 
------------------------- 
Tanggal: 02-11-2021 23:05:01 
Duration Download Forstok 17.154083967209 Detik
Duration Looping 700 Data 139.49337601662 Detik 
Total Duration 139.49348497391 Detik 
------------------------- 
Tanggal: 02-11-2021 23:10:01 
Duration Download Forstok 25.572741985321 Detik
Duration Looping 700 Data 143.27910017967 Detik 
Total Duration 143.27921700478 Detik 
------------------------- 
Tanggal: 02-11-2021 23:15:01 
Duration Download Forstok 19.660722970963 Detik
Duration Looping 700 Data 142.43312883377 Detik 
Total Duration 142.43323898315 Detik 
------------------------- 
Tanggal: 02-11-2021 23:20:01 
Duration Download Forstok 14.181869983673 Detik
Duration Looping 700 Data 138.93899393082 Detik 
Total Duration 138.93910598755 Detik 
------------------------- 
Tanggal: 02-11-2021 23:25:01 
Duration Download Forstok 15.966669797897 Detik
Duration Looping 700 Data 139.28610897064 Detik 
Total Duration 139.28622698784 Detik 
------------------------- 
Tanggal: 02-11-2021 23:30:01 
Duration Download Forstok 12.660233020782 Detik
Duration Looping 700 Data 129.11757898331 Detik 
Total Duration 129.11768603325 Detik 
------------------------- 
Tanggal: 02-11-2021 23:35:01 
Duration Download Forstok 19.683542013168 Detik
Duration Looping 700 Data 142.79379701614 Detik 
Total Duration 142.79391598701 Detik 
------------------------- 
Tanggal: 02-11-2021 23:40:01 
Duration Download Forstok 14.686104059219 Detik
Duration Looping 700 Data 145.69589209557 Detik 
Total Duration 145.6960041523 Detik 
------------------------- 
Tanggal: 02-11-2021 23:45:01 
Duration Download Forstok 18.518338918686 Detik
Duration Looping 700 Data 146.94979500771 Detik 
Total Duration 146.94990587234 Detik 
------------------------- 
Tanggal: 02-11-2021 23:50:01 
Duration Download Forstok 11.130077123642 Detik
Duration Looping 700 Data 129.4762980938 Detik 
Total Duration 129.47640895844 Detik 
------------------------- 
Tanggal: 02-11-2021 23:55:01 
Duration Download Forstok 18.827569961548 Detik
Duration Looping 700 Data 136.33580112457 Detik 
Total Duration 136.33591890335 Detik 
------------------------- 
