Tanggal: 18-12-2021 00:00:01 
Duration Download Forstok 15.308916091919 Detik
Tanggal: 18-12-2021 00:05:01 
Duration Download Forstok 17.069576978683 Detik
Tanggal: 18-12-2021 00:10:01 
Duration Download Forstok 17.55015707016 Detik
Duration Looping 700 Data 356.16798400879 Detik 
Total Duration 356.16809511185 Detik 
------------------------- 
Duration Looping 700 Data 657.38926792145 Detik 
Total Duration 657.38938808441 Detik 
------------------------- 
Duration Looping 700 Data 170.70322799683 Detik 
Total Duration 170.70418286324 Detik 
------------------------- 
Tanggal: 18-12-2021 00:15:01 
Duration Download Forstok 25.13583278656 Detik
Duration Looping 700 Data 149.47222399712 Detik 
Total Duration 149.47230601311 Detik 
------------------------- 
Tanggal: 18-12-2021 00:20:01 
Duration Download Forstok 15.527362108231 Detik
Duration Looping 700 Data 140.99892616272 Detik 
Total Duration 140.99903798103 Detik 
------------------------- 
Tanggal: 18-12-2021 00:25:01 
Duration Download Forstok 14.431124925613 Detik
Duration Looping 700 Data 140.87838506699 Detik 
Total Duration 140.87846684456 Detik 
------------------------- 
Tanggal: 18-12-2021 00:30:01 
Duration Download Forstok 15.559395074844 Detik
Duration Looping 700 Data 154.62707304955 Detik 
Total Duration 154.62718987465 Detik 
------------------------- 
Tanggal: 18-12-2021 00:35:01 
Duration Download Forstok 23.0791888237 Detik
Duration Looping 700 Data 145.39378595352 Detik 
Total Duration 145.39390182495 Detik 
------------------------- 
Tanggal: 18-12-2021 00:40:01 
Duration Download Forstok 15.175213098526 Detik
Duration Looping 700 Data 154.9425880909 Detik 
Total Duration 154.94269609451 Detik 
------------------------- 
Tanggal: 18-12-2021 00:45:01 
Duration Download Forstok 21.375017881393 Detik
Duration Looping 700 Data 169.69972109795 Detik 
Total Duration 169.69983291626 Detik 
------------------------- 
Tanggal: 18-12-2021 00:50:01 
Duration Download Forstok 15.035133123398 Detik
Duration Looping 700 Data 136.19313406944 Detik 
Total Duration 136.19323396683 Detik 
------------------------- 
Tanggal: 18-12-2021 00:55:01 
Duration Download Forstok 13.991667032242 Detik
Duration Looping 700 Data 143.63650488853 Detik 
Total Duration 143.63661789894 Detik 
------------------------- 
Tanggal: 18-12-2021 01:00:01 
Duration Download Forstok 13.847807884216 Detik
Duration Looping 700 Data 145.78784584999 Detik 
Total Duration 145.7879588604 Detik 
------------------------- 
Tanggal: 18-12-2021 01:05:01 
Duration Download Forstok 19.670007944107 Detik
Duration Looping 700 Data 140.46247196198 Detik 
Total Duration 140.46258997917 Detik 
------------------------- 
Tanggal: 18-12-2021 01:10:01 
Duration Download Forstok 12.75692486763 Detik
Duration Looping 700 Data 138.05724382401 Detik 
Total Duration 138.05736088753 Detik 
------------------------- 
Tanggal: 18-12-2021 01:15:01 
Duration Download Forstok 17.690101146698 Detik
Duration Looping 700 Data 151.45552206039 Detik 
Total Duration 151.45564293861 Detik 
------------------------- 
Tanggal: 18-12-2021 01:20:01 
Duration Download Forstok 16.209203004837 Detik
Duration Looping 700 Data 142.33564090729 Detik 
Total Duration 142.33575296402 Detik 
------------------------- 
Tanggal: 18-12-2021 01:25:01 
Duration Download Forstok 12.472506999969 Detik
Duration Looping 700 Data 142.79182505608 Detik 
Total Duration 142.79193687439 Detik 
------------------------- 
Tanggal: 18-12-2021 01:30:01 
Duration Download Forstok 14.156404972076 Detik
Duration Looping 700 Data 142.21162414551 Detik 
Total Duration 142.21173810959 Detik 
------------------------- 
Tanggal: 18-12-2021 01:35:01 
Duration Download Forstok 16.903036117554 Detik
Duration Looping 700 Data 142.28798890114 Detik 
Total Duration 142.28810095787 Detik 
------------------------- 
Tanggal: 18-12-2021 01:40:01 
Duration Download Forstok 13.918164968491 Detik
Duration Looping 700 Data 140.95299386978 Detik 
Total Duration 140.95309686661 Detik 
------------------------- 
Tanggal: 18-12-2021 01:45:01 
Duration Download Forstok 16.991407871246 Detik
Duration Looping 700 Data 145.799036026 Detik 
Total Duration 145.7991540432 Detik 
------------------------- 
Tanggal: 18-12-2021 01:50:01 
Duration Download Forstok 12.068135023117 Detik
Duration Looping 700 Data 145.35846590996 Detik 
Total Duration 145.35860300064 Detik 
------------------------- 
Tanggal: 18-12-2021 01:55:01 
Duration Download Forstok 13.831031084061 Detik
Duration Looping 700 Data 144.71137404442 Detik 
Total Duration 144.71148705482 Detik 
------------------------- 
Tanggal: 18-12-2021 02:00:01 
Duration Download Forstok 12.743066072464 Detik
Duration Looping 700 Data 144.39452910423 Detik 
Total Duration 144.39464092255 Detik 
------------------------- 
Tanggal: 18-12-2021 02:05:01 
Duration Download Forstok 22.021991968155 Detik
Duration Looping 700 Data 146.02566409111 Detik 
Total Duration 146.02577590942 Detik 
------------------------- 
Tanggal: 18-12-2021 02:10:01 
Duration Download Forstok 13.359087944031 Detik
Duration Looping 700 Data 142.81962394714 Detik 
Total Duration 142.81973791122 Detik 
------------------------- 
Tanggal: 18-12-2021 02:15:01 
Duration Download Forstok 17.054881095886 Detik
Duration Looping 700 Data 150.27988195419 Detik 
Total Duration 150.27999305725 Detik 
------------------------- 
Tanggal: 18-12-2021 02:20:01 
Duration Download Forstok 13.273494005203 Detik
Duration Looping 700 Data 135.04903101921 Detik 
Total Duration 135.04913592339 Detik 
------------------------- 
Tanggal: 18-12-2021 02:25:01 
Duration Download Forstok 13.264695167542 Detik
Duration Looping 700 Data 133.90925312042 Detik 
Total Duration 133.90936493874 Detik 
------------------------- 
Tanggal: 18-12-2021 02:30:01 
Duration Download Forstok 18.298267126083 Detik
Duration Looping 700 Data 147.29859995842 Detik 
Total Duration 147.29877305031 Detik 
------------------------- 
Tanggal: 18-12-2021 02:35:01 
Duration Download Forstok 17.48087310791 Detik
Duration Looping 700 Data 145.16520905495 Detik 
Total Duration 145.16532707214 Detik 
------------------------- 
Tanggal: 18-12-2021 02:40:01 
Duration Download Forstok 14.924253940582 Detik
Duration Looping 700 Data 149.04920601845 Detik 
Total Duration 149.04931783676 Detik 
------------------------- 
Tanggal: 18-12-2021 02:45:01 
Duration Download Forstok 23.386255025864 Detik
Duration Looping 700 Data 147.8141169548 Detik 
Total Duration 147.81424999237 Detik 
------------------------- 
Tanggal: 18-12-2021 02:50:01 
Duration Download Forstok 12.544552087784 Detik
Duration Looping 700 Data 142.07527303696 Detik 
Total Duration 142.07539010048 Detik 
------------------------- 
Tanggal: 18-12-2021 02:55:01 
Duration Download Forstok 14.541049957275 Detik
Duration Looping 700 Data 146.25499200821 Detik 
Total Duration 146.25511002541 Detik 
------------------------- 
Tanggal: 18-12-2021 03:00:01 
Duration Download Forstok 11.972009897232 Detik
Duration Looping 700 Data 150.79558992386 Detik 
Total Duration 150.79570102692 Detik 
------------------------- 
Tanggal: 18-12-2021 03:05:02 
Duration Download Forstok 18.845679044724 Detik
Duration Looping 700 Data 141.12639594078 Detik 
Total Duration 141.1265039444 Detik 
------------------------- 
Tanggal: 18-12-2021 03:10:01 
Duration Download Forstok 12.641728162766 Detik
Duration Looping 700 Data 142.43098211288 Detik 
Total Duration 142.43109607697 Detik 
------------------------- 
Tanggal: 18-12-2021 03:15:01 
Duration Download Forstok 13.947201013565 Detik
Duration Looping 700 Data 157.36840605736 Detik 
Total Duration 157.36853003502 Detik 
------------------------- 
Tanggal: 18-12-2021 03:20:01 
Duration Download Forstok 14.464477062225 Detik
Duration Looping 700 Data 144.62092113495 Detik 
Total Duration 144.62103199959 Detik 
------------------------- 
Tanggal: 18-12-2021 03:25:01 
Duration Download Forstok 12.500235080719 Detik
Duration Looping 700 Data 141.51885914803 Detik 
Total Duration 141.51897215843 Detik 
------------------------- 
Tanggal: 18-12-2021 03:30:02 
Duration Download Forstok 15.360729932785 Detik
Duration Looping 700 Data 139.20923280716 Detik 
Total Duration 139.20934796333 Detik 
------------------------- 
Tanggal: 18-12-2021 03:35:01 
Duration Download Forstok 24.602597951889 Detik
Duration Looping 700 Data 148.74725103378 Detik 
Total Duration 148.74735999107 Detik 
------------------------- 
Tanggal: 18-12-2021 03:40:01 
Duration Download Forstok 15.927673816681 Detik
Duration Looping 700 Data 144.3694319725 Detik 
Total Duration 144.36955189705 Detik 
------------------------- 
Tanggal: 18-12-2021 03:45:01 
Duration Download Forstok 15.916353940964 Detik
Duration Looping 700 Data 136.52782297134 Detik 
Total Duration 136.52794194221 Detik 
------------------------- 
Tanggal: 18-12-2021 03:50:01 
Duration Download Forstok 15.97665810585 Detik
Duration Looping 700 Data 145.56779909134 Detik 
Total Duration 145.5679090023 Detik 
------------------------- 
Tanggal: 18-12-2021 03:55:01 
Duration Download Forstok 19.412307024002 Detik
Duration Looping 700 Data 145.97943401337 Detik 
Total Duration 145.97951817513 Detik 
------------------------- 
Tanggal: 18-12-2021 04:00:01 
Duration Download Forstok 15.992156982422 Detik
Duration Looping 700 Data 144.7883579731 Detik 
Total Duration 144.78846383095 Detik 
------------------------- 
Tanggal: 18-12-2021 04:05:01 
Duration Download Forstok 23.538625955582 Detik
Duration Looping 700 Data 147.83646798134 Detik 
Total Duration 147.83658194542 Detik 
------------------------- 
Tanggal: 18-12-2021 04:10:01 
Duration Download Forstok 14.957796812057 Detik
Duration Looping 700 Data 139.51679587364 Detik 
Total Duration 139.5169069767 Detik 
------------------------- 
Tanggal: 18-12-2021 04:15:01 
Duration Download Forstok 19.824410915375 Detik
Duration Looping 700 Data 142.91010499001 Detik 
Total Duration 142.91022896767 Detik 
------------------------- 
Tanggal: 18-12-2021 04:20:01 
Duration Download Forstok 12.415682077408 Detik
Duration Looping 700 Data 140.22772598267 Detik 
Total Duration 140.22783994675 Detik 
------------------------- 
Tanggal: 18-12-2021 04:25:01 
Duration Download Forstok 12.974005937576 Detik
Duration Looping 700 Data 134.27777504921 Detik 
Total Duration 134.27788901329 Detik 
------------------------- 
Tanggal: 18-12-2021 04:30:01 
Duration Download Forstok 13.890115022659 Detik
Duration Looping 700 Data 135.16573691368 Detik 
Total Duration 135.16586184502 Detik 
------------------------- 
Tanggal: 18-12-2021 04:35:01 
Duration Download Forstok 16.290086984634 Detik
Duration Looping 700 Data 155.88698911667 Detik 
Total Duration 155.88711190224 Detik 
------------------------- 
Tanggal: 18-12-2021 04:40:01 
Duration Download Forstok 13.238019943237 Detik
Duration Looping 700 Data 145.31919693947 Detik 
Total Duration 145.31931614876 Detik 
------------------------- 
Tanggal: 18-12-2021 04:45:01 
Duration Download Forstok 14.624368906021 Detik
Duration Looping 700 Data 138.61870598793 Detik 
Total Duration 138.61882281303 Detik 
------------------------- 
Tanggal: 18-12-2021 04:50:01 
Duration Download Forstok 15.026784896851 Detik
Duration Looping 700 Data 138.90870594978 Detik 
Total Duration 138.90882492065 Detik 
------------------------- 
Tanggal: 18-12-2021 04:55:01 
Duration Download Forstok 13.17485499382 Detik
Duration Looping 700 Data 134.3494310379 Detik 
Total Duration 134.34951090813 Detik 
------------------------- 
Tanggal: 18-12-2021 05:00:01 
Duration Download Forstok 12.98493885994 Detik
Duration Looping 700 Data 136.94796395302 Detik 
Total Duration 136.94807481766 Detik 
------------------------- 
Tanggal: 18-12-2021 05:05:01 
Duration Download Forstok 21.364488840103 Detik
Duration Looping 700 Data 142.65690803528 Detik 
Total Duration 142.65703082085 Detik 
------------------------- 
Tanggal: 18-12-2021 05:10:01 
Duration Download Forstok 13.77571606636 Detik
Duration Looping 700 Data 138.06788516045 Detik 
Total Duration 138.06799507141 Detik 
------------------------- 
Tanggal: 18-12-2021 05:15:01 
Duration Download Forstok 16.433293819427 Detik
Duration Looping 700 Data 137.85008883476 Detik 
Total Duration 137.85019779205 Detik 
------------------------- 
Tanggal: 18-12-2021 05:20:01 
Duration Download Forstok 13.886797904968 Detik
Duration Looping 700 Data 137.20271492004 Detik 
Total Duration 137.20282506943 Detik 
------------------------- 
Tanggal: 18-12-2021 05:25:01 
Duration Download Forstok 14.150094032288 Detik
Duration Looping 700 Data 134.41890692711 Detik 
Total Duration 134.41902089119 Detik 
------------------------- 
Tanggal: 18-12-2021 05:30:01 
Duration Download Forstok 15.391343832016 Detik
Duration Looping 700 Data 141.14824199677 Detik 
Total Duration 141.14835596085 Detik 
------------------------- 
Tanggal: 18-12-2021 05:35:01 
Duration Download Forstok 20.147873878479 Detik
Duration Looping 700 Data 140.77584910393 Detik 
Total Duration 140.77595806122 Detik 
------------------------- 
Tanggal: 18-12-2021 05:40:01 
Duration Download Forstok 12.709478855133 Detik
Duration Looping 700 Data 140.6856739521 Detik 
Total Duration 140.68578386307 Detik 
------------------------- 
Tanggal: 18-12-2021 05:45:01 
Duration Download Forstok 16.058975934982 Detik
Duration Looping 700 Data 140.72804784775 Detik 
Total Duration 140.72816300392 Detik 
------------------------- 
Tanggal: 18-12-2021 05:50:01 
Duration Download Forstok 13.589210987091 Detik
Duration Looping 700 Data 146.30648589134 Detik 
Total Duration 146.30659389496 Detik 
------------------------- 
Tanggal: 18-12-2021 05:55:01 
Duration Download Forstok 13.960415124893 Detik
Duration Looping 700 Data 152.84857797623 Detik 
Total Duration 152.84869599342 Detik 
------------------------- 
Tanggal: 18-12-2021 06:00:02 
Duration Download Forstok 13.766324996948 Detik
Duration Looping 700 Data 139.98492693901 Detik 
Total Duration 139.98505115509 Detik 
------------------------- 
Tanggal: 18-12-2021 06:05:01 
Duration Download Forstok 23.591706991196 Detik
Duration Looping 700 Data 161.894105196 Detik 
Total Duration 161.89421796799 Detik 
------------------------- 
Tanggal: 18-12-2021 06:10:01 
Duration Download Forstok 13.982511997223 Detik
Duration Looping 700 Data 139.15800189972 Detik 
Total Duration 139.15807890892 Detik 
------------------------- 
Tanggal: 18-12-2021 06:15:01 
Duration Download Forstok 16.432466983795 Detik
Duration Looping 700 Data 141.07397913933 Detik 
Total Duration 141.07409596443 Detik 
------------------------- 
Tanggal: 18-12-2021 06:20:01 
Duration Download Forstok 13.608608007431 Detik
Duration Looping 700 Data 138.77200293541 Detik 
Total Duration 138.77210998535 Detik 
------------------------- 
Tanggal: 18-12-2021 06:25:01 
Duration Download Forstok 14.00398516655 Detik
Duration Looping 700 Data 139.15123605728 Detik 
Total Duration 139.15135002136 Detik 
------------------------- 
Tanggal: 18-12-2021 06:30:01 
Duration Download Forstok 14.166943073273 Detik
Duration Looping 700 Data 137.46207213402 Detik 
Total Duration 137.46218204498 Detik 
------------------------- 
Tanggal: 18-12-2021 06:35:01 
Duration Download Forstok 24.104141950607 Detik
Duration Looping 700 Data 156.78561902046 Detik 
Total Duration 156.78572297096 Detik 
------------------------- 
Tanggal: 18-12-2021 06:40:01 
Duration Download Forstok 14.30427312851 Detik
Duration Looping 700 Data 139.16520309448 Detik 
Total Duration 139.16531705856 Detik 
------------------------- 
Tanggal: 18-12-2021 06:45:01 
Duration Download Forstok 14.533877849579 Detik
Duration Looping 700 Data 135.99763202667 Detik 
Total Duration 135.99775195122 Detik 
------------------------- 
Tanggal: 18-12-2021 06:50:01 
Duration Download Forstok 13.323160886765 Detik
Duration Looping 700 Data 142.80797600746 Detik 
Total Duration 142.80809402466 Detik 
------------------------- 
Tanggal: 18-12-2021 06:55:01 
Duration Download Forstok 13.880701065063 Detik
Duration Looping 700 Data 137.7090511322 Detik 
Total Duration 137.70918107033 Detik 
------------------------- 
Tanggal: 18-12-2021 07:00:01 
Duration Download Forstok 15.049823999405 Detik
Duration Looping 700 Data 141.62123894691 Detik 
Total Duration 141.62134194374 Detik 
------------------------- 
Tanggal: 18-12-2021 07:05:01 
Duration Download Forstok 22.853332996368 Detik
Duration Looping 700 Data 146.17135381699 Detik 
Total Duration 146.17147779465 Detik 
------------------------- 
Tanggal: 18-12-2021 07:10:01 
Duration Download Forstok 13.161355018616 Detik
Duration Looping 700 Data 133.30372309685 Detik 
Total Duration 133.30383896828 Detik 
------------------------- 
Tanggal: 18-12-2021 07:15:01 
Duration Download Forstok 18.084794998169 Detik
Duration Looping 700 Data 145.91055893898 Detik 
Total Duration 145.91068196297 Detik 
------------------------- 
Tanggal: 18-12-2021 07:20:01 
Duration Download Forstok 15.035072088242 Detik
Duration Looping 700 Data 142.0336060524 Detik 
Total Duration 142.03371810913 Detik 
------------------------- 
Tanggal: 18-12-2021 07:25:01 
Duration Download Forstok 12.503799915314 Detik
Duration Looping 700 Data 145.82688212395 Detik 
Total Duration 145.8270380497 Detik 
------------------------- 
Tanggal: 18-12-2021 07:30:02 
Duration Download Forstok 12.567540884018 Detik
Duration Looping 700 Data 134.28621792793 Detik 
Total Duration 134.28632998466 Detik 
------------------------- 
Tanggal: 18-12-2021 07:35:01 
Duration Download Forstok 26.423623085022 Detik
Duration Looping 700 Data 146.13201212883 Detik 
Total Duration 146.13213396072 Detik 
------------------------- 
Tanggal: 18-12-2021 07:40:01 
Duration Download Forstok 11.283117055893 Detik
Duration Looping 700 Data 138.22068095207 Detik 
Total Duration 138.22079992294 Detik 
------------------------- 
Tanggal: 18-12-2021 07:45:01 
Duration Download Forstok 16.87425494194 Detik
Duration Looping 700 Data 139.24856591225 Detik 
Total Duration 139.24866986275 Detik 
------------------------- 
Tanggal: 18-12-2021 07:50:01 
Duration Download Forstok 15.116282939911 Detik
Duration Looping 700 Data 143.37477493286 Detik 
Total Duration 143.37487983704 Detik 
------------------------- 
Tanggal: 18-12-2021 07:55:01 
Duration Download Forstok 12.991145133972 Detik
Duration Looping 700 Data 132.78822517395 Detik 
Total Duration 132.78833699226 Detik 
------------------------- 
Tanggal: 18-12-2021 08:00:01 
Duration Download Forstok 16.666743993759 Detik
Duration Looping 700 Data 145.47770285606 Detik 
Total Duration 145.47782802582 Detik 
------------------------- 
Tanggal: 18-12-2021 08:05:01 
Duration Download Forstok 17.46896314621 Detik
Duration Looping 700 Data 140.03623509407 Detik 
Total Duration 140.03635001183 Detik 
------------------------- 
Tanggal: 18-12-2021 08:10:01 
Duration Download Forstok 12.419054031372 Detik
Duration Looping 700 Data 136.5893599987 Detik 
Total Duration 136.58946204185 Detik 
------------------------- 
Tanggal: 18-12-2021 08:15:01 
Duration Download Forstok 19.907498121262 Detik
Duration Looping 700 Data 141.66170907021 Detik 
Total Duration 141.6618180275 Detik 
------------------------- 
Tanggal: 18-12-2021 08:20:01 
Duration Download Forstok 14.068806171417 Detik
Duration Looping 700 Data 143.70096111298 Detik 
Total Duration 143.70110106468 Detik 
------------------------- 
Tanggal: 18-12-2021 08:25:01 
Duration Download Forstok 13.331881999969 Detik
Duration Looping 700 Data 146.14310383797 Detik 
Total Duration 146.14322495461 Detik 
------------------------- 
Tanggal: 18-12-2021 08:30:01 
Duration Download Forstok 13.536313056946 Detik
Duration Looping 700 Data 143.59036898613 Detik 
Total Duration 143.59048604965 Detik 
------------------------- 
Tanggal: 18-12-2021 08:35:01 
Duration Download Forstok 21.394628047943 Detik
Duration Looping 700 Data 153.87506008148 Detik 
Total Duration 153.87514305115 Detik 
------------------------- 
Tanggal: 18-12-2021 08:40:01 
Duration Download Forstok 12.59219789505 Detik
Duration Looping 700 Data 145.28957009315 Detik 
Total Duration 145.28968405724 Detik 
------------------------- 
Tanggal: 18-12-2021 08:45:01 
Duration Download Forstok 12.750742912292 Detik
Duration Looping 700 Data 145.92414903641 Detik 
Total Duration 145.9242670536 Detik 
------------------------- 
Tanggal: 18-12-2021 08:50:01 
Duration Download Forstok 15.472560167313 Detik
Duration Looping 700 Data 145.04567813873 Detik 
Total Duration 145.04578900337 Detik 
------------------------- 
Tanggal: 18-12-2021 08:55:01 
Duration Download Forstok 14.605603933334 Detik
Duration Looping 700 Data 144.39943909645 Detik 
Total Duration 144.39955210686 Detik 
------------------------- 
Tanggal: 18-12-2021 09:00:01 
Duration Download Forstok 12.374241113663 Detik
Duration Looping 700 Data 145.08493304253 Detik 
Total Duration 145.08505105972 Detik 
------------------------- 
Tanggal: 18-12-2021 09:05:01 
Duration Download Forstok 20.830170869827 Detik
Duration Looping 700 Data 151.85653185844 Detik 
Total Duration 151.85664391518 Detik 
------------------------- 
Tanggal: 18-12-2021 09:10:01 
Duration Download Forstok 13.179864168167 Detik
Duration Looping 700 Data 144.4378631115 Detik 
Total Duration 144.43798112869 Detik 
------------------------- 
Tanggal: 18-12-2021 09:15:01 
Duration Download Forstok 15.448891162872 Detik
Duration Looping 700 Data 143.57430195808 Detik 
Total Duration 143.5744099617 Detik 
------------------------- 
Tanggal: 18-12-2021 09:20:01 
Duration Download Forstok 13.244579076767 Detik
Duration Looping 700 Data 145.63884091377 Detik 
Total Duration 145.63893008232 Detik 
------------------------- 
Tanggal: 18-12-2021 09:25:01 
Duration Download Forstok 14.907090902328 Detik
Duration Looping 700 Data 139.2956829071 Detik 
Total Duration 139.29577183723 Detik 
------------------------- 
Tanggal: 18-12-2021 09:30:01 
Duration Download Forstok 14.155944824219 Detik
Duration Looping 700 Data 148.72215080261 Detik 
Total Duration 148.72225093842 Detik 
------------------------- 
Tanggal: 18-12-2021 09:35:01 
Duration Download Forstok 20.786432027817 Detik
Duration Looping 700 Data 147.19196915627 Detik 
Total Duration 147.19208312035 Detik 
------------------------- 
Tanggal: 18-12-2021 09:40:01 
Duration Download Forstok 17.816810131073 Detik
Duration Looping 700 Data 153.94100904465 Detik 
Total Duration 153.94113111496 Detik 
------------------------- 
Tanggal: 18-12-2021 09:45:01 
Duration Download Forstok 17.896002054214 Detik
Duration Looping 700 Data 153.32430386543 Detik 
Total Duration 153.32441997528 Detik 
------------------------- 
Tanggal: 18-12-2021 09:50:01 
Duration Download Forstok 15.620281934738 Detik
Duration Looping 700 Data 146.05108714104 Detik 
Total Duration 146.05120491982 Detik 
------------------------- 
Tanggal: 18-12-2021 09:55:01 
Duration Download Forstok 12.302441120148 Detik
Duration Looping 700 Data 147.79948711395 Detik 
Total Duration 147.79959917068 Detik 
------------------------- 
Tanggal: 18-12-2021 10:00:01 
Duration Download Forstok 15.370291948318 Detik
Duration Looping 700 Data 150.25179409981 Detik 
Total Duration 150.25188302994 Detik 
------------------------- 
Tanggal: 18-12-2021 10:05:01 
Duration Download Forstok 18.940968990326 Detik
Duration Looping 700 Data 150.24163389206 Detik 
Total Duration 150.24177980423 Detik 
------------------------- 
Tanggal: 18-12-2021 10:10:02 
Duration Download Forstok 11.76153421402 Detik
Duration Looping 700 Data 136.13561916351 Detik 
Total Duration 136.13573002815 Detik 
------------------------- 
Tanggal: 18-12-2021 10:15:01 
Duration Download Forstok 21.873625993729 Detik
Duration Looping 700 Data 152.52652001381 Detik 
Total Duration 152.52660894394 Detik 
------------------------- 
Tanggal: 18-12-2021 10:20:01 
Duration Download Forstok 12.569514989853 Detik
Duration Looping 700 Data 146.40529894829 Detik 
Total Duration 146.40542697906 Detik 
------------------------- 
Tanggal: 18-12-2021 10:25:01 
Duration Download Forstok 14.385397911072 Detik
Duration Looping 700 Data 144.20537590981 Detik 
Total Duration 144.20548295975 Detik 
------------------------- 
Tanggal: 18-12-2021 10:30:01 
Duration Download Forstok 11.728056907654 Detik
Duration Looping 700 Data 136.64818000793 Detik 
Total Duration 136.64829492569 Detik 
------------------------- 
Tanggal: 18-12-2021 10:35:01 
Duration Download Forstok 21.494444131851 Detik
Duration Looping 700 Data 157.43628501892 Detik 
Total Duration 157.43640518188 Detik 
------------------------- 
Tanggal: 18-12-2021 10:40:01 
Duration Download Forstok 14.953425168991 Detik
Duration Looping 700 Data 144.95769619942 Detik 
Total Duration 144.95779514313 Detik 
------------------------- 
Tanggal: 18-12-2021 10:45:01 
Duration Download Forstok 17.666012048721 Detik
Duration Looping 700 Data 145.80328297615 Detik 
Total Duration 145.80339694023 Detik 
------------------------- 
Tanggal: 18-12-2021 10:50:01 
Duration Download Forstok 13.201200008392 Detik
Duration Looping 700 Data 136.91422104836 Detik 
Total Duration 136.91433405876 Detik 
------------------------- 
Tanggal: 18-12-2021 10:55:01 
Duration Download Forstok 11.401798009872 Detik
Duration Looping 700 Data 140.96182990074 Detik 
Total Duration 140.96194291115 Detik 
------------------------- 
Tanggal: 18-12-2021 11:00:01 
Duration Download Forstok 13.024468898773 Detik
Duration Looping 700 Data 145.65096187592 Detik 
Total Duration 145.65107107162 Detik 
------------------------- 
Tanggal: 18-12-2021 11:05:01 
Duration Download Forstok 23.735230922699 Detik
Duration Looping 700 Data 152.24516892433 Detik 
Total Duration 152.24528503418 Detik 
------------------------- 
Tanggal: 18-12-2021 11:10:02 
Duration Download Forstok 15.673761844635 Detik
Duration Looping 700 Data 144.18160200119 Detik 
Total Duration 144.18171906471 Detik 
------------------------- 
Tanggal: 18-12-2021 11:15:01 
Duration Download Forstok 16.611645936966 Detik
Duration Looping 700 Data 145.70517897606 Detik 
Total Duration 145.70530295372 Detik 
------------------------- 
Tanggal: 18-12-2021 11:20:01 
Duration Download Forstok 15.158427000046 Detik
Duration Looping 700 Data 150.28578901291 Detik 
Total Duration 150.28590488434 Detik 
------------------------- 
Tanggal: 18-12-2021 11:25:01 
Duration Download Forstok 13.007915973663 Detik
Duration Looping 700 Data 143.77431917191 Detik 
Total Duration 143.77443504333 Detik 
------------------------- 
Tanggal: 18-12-2021 11:30:01 
Duration Download Forstok 14.724704027176 Detik
Duration Looping 700 Data 141.8096909523 Detik 
Total Duration 141.80980300903 Detik 
------------------------- 
Tanggal: 18-12-2021 11:35:01 
Duration Download Forstok 19.003350019455 Detik
Duration Looping 700 Data 147.81784892082 Detik 
Total Duration 147.81795692444 Detik 
------------------------- 
Tanggal: 18-12-2021 11:40:01 
Duration Download Forstok 12.079827070236 Detik
Duration Looping 700 Data 139.46956300735 Detik 
Total Duration 139.46966791153 Detik 
------------------------- 
Tanggal: 18-12-2021 11:45:01 
Duration Download Forstok 14.385353088379 Detik
Duration Looping 700 Data 144.86421895027 Detik 
Total Duration 144.86431002617 Detik 
------------------------- 
Tanggal: 18-12-2021 11:50:01 
Duration Download Forstok 13.871581077576 Detik
Duration Looping 700 Data 154.49943709373 Detik 
Total Duration 154.49955701828 Detik 
------------------------- 
Tanggal: 18-12-2021 11:55:01 
Duration Download Forstok 14.905610084534 Detik
Duration Looping 700 Data 144.42463588715 Detik 
Total Duration 144.42471504211 Detik 
------------------------- 
Tanggal: 18-12-2021 12:00:01 
Duration Download Forstok 14.611824035645 Detik
Duration Looping 700 Data 150.1883649826 Detik 
Total Duration 150.1885061264 Detik 
------------------------- 
Tanggal: 18-12-2021 12:05:01 
Duration Download Forstok 22.13800907135 Detik
Duration Looping 700 Data 151.90336799622 Detik 
Total Duration 151.90348005295 Detik 
------------------------- 
Tanggal: 18-12-2021 12:10:01 
Duration Download Forstok 15.04904294014 Detik
Duration Looping 700 Data 140.16227602959 Detik 
Total Duration 140.16237902641 Detik 
------------------------- 
Tanggal: 18-12-2021 12:15:01 
Duration Download Forstok 15.561584949493 Detik
Duration Looping 700 Data 142.71176886559 Detik 
Total Duration 142.71185898781 Detik 
------------------------- 
Tanggal: 18-12-2021 12:20:01 
Duration Download Forstok 14.333271026611 Detik
Duration Looping 700 Data 143.4711098671 Detik 
Total Duration 143.4712138176 Detik 
------------------------- 
Tanggal: 18-12-2021 12:25:01 
Duration Download Forstok 13.235778093338 Detik
Duration Looping 700 Data 138.50343608856 Detik 
Total Duration 138.50354099274 Detik 
------------------------- 
Tanggal: 18-12-2021 12:30:01 
Duration Download Forstok 16.178800106049 Detik
Duration Looping 700 Data 138.45197606087 Detik 
Total Duration 138.45205616951 Detik 
------------------------- 
Tanggal: 18-12-2021 12:35:01 
Duration Download Forstok 24.448570966721 Detik
Duration Looping 700 Data 152.64895987511 Detik 
Total Duration 152.64907503128 Detik 
------------------------- 
Tanggal: 18-12-2021 12:40:01 
Duration Download Forstok 14.226886034012 Detik
Duration Looping 700 Data 141.03843188286 Detik 
Total Duration 141.03854203224 Detik 
------------------------- 
Tanggal: 18-12-2021 12:45:01 
Duration Download Forstok 15.238878011703 Detik
Duration Looping 700 Data 143.39467310905 Detik 
Total Duration 143.39477801323 Detik 
------------------------- 
Tanggal: 18-12-2021 12:50:01 
Duration Download Forstok 14.061074972153 Detik
Duration Looping 700 Data 135.92725896835 Detik 
Total Duration 135.92737197876 Detik 
------------------------- 
Tanggal: 18-12-2021 12:55:01 
Duration Download Forstok 13.429050207138 Detik
Duration Looping 700 Data 140.25606918335 Detik 
Total Duration 140.25615000725 Detik 
------------------------- 
Tanggal: 18-12-2021 13:00:01 
Duration Download Forstok 15.007244110107 Detik
Duration Looping 700 Data 143.22821617126 Detik 
Total Duration 143.22833514214 Detik 
------------------------- 
Tanggal: 18-12-2021 13:05:01 
Duration Download Forstok 22.340375900269 Detik
Duration Looping 700 Data 147.45898389816 Detik 
Total Duration 147.45907497406 Detik 
------------------------- 
Tanggal: 18-12-2021 13:10:01 
Duration Download Forstok 15.132631778717 Detik
Duration Looping 700 Data 141.4226129055 Detik 
Total Duration 141.42272377014 Detik 
------------------------- 
Tanggal: 18-12-2021 13:15:01 
Duration Download Forstok 16.563805103302 Detik
Duration Looping 700 Data 139.79493021965 Detik 
Total Duration 139.79504013062 Detik 
------------------------- 
Tanggal: 18-12-2021 13:20:01 
Duration Download Forstok 18.632182121277 Detik
Duration Looping 700 Data 148.78516602516 Detik 
Total Duration 148.78526711464 Detik 
------------------------- 
Tanggal: 18-12-2021 13:25:01 
Duration Download Forstok 14.363749980927 Detik
Duration Looping 700 Data 137.17775297165 Detik 
Total Duration 137.17786598206 Detik 
------------------------- 
Tanggal: 18-12-2021 13:30:01 
Duration Download Forstok 12.319262981415 Detik
Duration Looping 700 Data 143.98898792267 Detik 
Total Duration 143.98909902573 Detik 
------------------------- 
Tanggal: 18-12-2021 13:35:01 
Duration Download Forstok 19.431286096573 Detik
Duration Looping 700 Data 145.90099811554 Detik 
Total Duration 145.90109992027 Detik 
------------------------- 
Tanggal: 18-12-2021 13:40:01 
Duration Download Forstok 12.339510917664 Detik
Duration Looping 700 Data 139.1478228569 Detik 
Total Duration 139.1479279995 Detik 
------------------------- 
Tanggal: 18-12-2021 13:45:01 
Duration Download Forstok 17.58403301239 Detik
Duration Looping 700 Data 145.0132830143 Detik 
Total Duration 145.01339292526 Detik 
------------------------- 
Tanggal: 18-12-2021 13:50:01 
Duration Download Forstok 12.394901990891 Detik
Duration Looping 700 Data 134.16157603264 Detik 
Total Duration 134.16165089607 Detik 
------------------------- 
Tanggal: 18-12-2021 13:55:01 
Duration Download Forstok 13.510902881622 Detik
Duration Looping 700 Data 143.12309002876 Detik 
Total Duration 143.12319684029 Detik 
------------------------- 
Tanggal: 18-12-2021 14:00:01 
Duration Download Forstok 13.685001850128 Detik
Duration Looping 700 Data 143.34897899628 Detik 
Total Duration 143.3490858078 Detik 
------------------------- 
Tanggal: 18-12-2021 14:05:01 
Duration Download Forstok 21.659784078598 Detik
Duration Looping 700 Data 153.86363697052 Detik 
Total Duration 153.86374998093 Detik 
------------------------- 
Tanggal: 18-12-2021 14:10:01 
Duration Download Forstok 11.920419931412 Detik
Duration Looping 700 Data 152.40290093422 Detik 
Total Duration 152.40302705765 Detik 
------------------------- 
Tanggal: 18-12-2021 14:15:01 
Duration Download Forstok 15.648550987244 Detik
Duration Looping 700 Data 148.52705216408 Detik 
Total Duration 148.52716517448 Detik 
------------------------- 
Tanggal: 18-12-2021 14:20:01 
Duration Download Forstok 13.074052095413 Detik
Duration Looping 700 Data 175.90224695206 Detik 
Total Duration 175.90625405312 Detik 
------------------------- 
Tanggal: 18-12-2021 14:25:01 
Duration Download Forstok 11.443721055984 Detik
Duration Looping 700 Data 170.07204508781 Detik 
Total Duration 170.07216191292 Detik 
------------------------- 
Tanggal: 18-12-2021 14:30:01 
Duration Download Forstok 14.186806917191 Detik
Duration Looping 700 Data 147.08042907715 Detik 
Total Duration 147.08053612709 Detik 
------------------------- 
Tanggal: 18-12-2021 14:35:01 
Duration Download Forstok 23.060675859451 Detik
Duration Looping 700 Data 154.86934685707 Detik 
Total Duration 154.86945986748 Detik 
------------------------- 
Tanggal: 18-12-2021 14:40:01 
Duration Download Forstok 15.370828866959 Detik
Duration Looping 700 Data 142.4144308567 Detik 
Total Duration 142.41454195976 Detik 
------------------------- 
Tanggal: 18-12-2021 14:45:01 
Duration Download Forstok 15.734738826752 Detik
Duration Looping 700 Data 149.8866648674 Detik 
Total Duration 149.88678598404 Detik 
------------------------- 
Tanggal: 18-12-2021 14:50:01 
Duration Download Forstok 12.643932104111 Detik
Duration Looping 700 Data 140.57253408432 Detik 
Total Duration 140.57265305519 Detik 
------------------------- 
Tanggal: 18-12-2021 14:55:01 
Duration Download Forstok 12.729317903519 Detik
Duration Looping 700 Data 150.53158378601 Detik 
Total Duration 150.53170394897 Detik 
------------------------- 
Tanggal: 18-12-2021 15:00:01 
Duration Download Forstok 15.334722042084 Detik
Duration Looping 700 Data 146.93018507957 Detik 
Total Duration 146.93028211594 Detik 
------------------------- 
Tanggal: 18-12-2021 15:05:01 
Duration Download Forstok 20.638396978378 Detik
Duration Looping 700 Data 149.2015440464 Detik 
Total Duration 149.20165300369 Detik 
------------------------- 
Tanggal: 18-12-2021 15:10:01 
Duration Download Forstok 14.569225072861 Detik
Duration Looping 700 Data 147.55163311958 Detik 
Total Duration 147.55171012878 Detik 
------------------------- 
Tanggal: 18-12-2021 15:15:01 
Duration Download Forstok 17.262362957001 Detik
Duration Looping 700 Data 145.75357103348 Detik 
Total Duration 145.75367498398 Detik 
------------------------- 
Tanggal: 18-12-2021 15:20:01 
Duration Download Forstok 16.458952903748 Detik
Duration Looping 700 Data 149.06994986534 Detik 
Total Duration 149.07006597519 Detik 
------------------------- 
Tanggal: 18-12-2021 15:25:01 
Duration Download Forstok 14.337958097458 Detik
Duration Looping 700 Data 137.59225797653 Detik 
Total Duration 137.59237408638 Detik 
------------------------- 
Tanggal: 18-12-2021 15:30:01 
Duration Download Forstok 14.297066926956 Detik
Duration Looping 700 Data 138.56621408463 Detik 
Total Duration 138.56630396843 Detik 
------------------------- 
Tanggal: 18-12-2021 15:35:01 
Duration Download Forstok 17.763222932816 Detik
Duration Looping 700 Data 146.91622114182 Detik 
Total Duration 146.91634011269 Detik 
------------------------- 
Tanggal: 18-12-2021 15:40:01 
Duration Download Forstok 14.681320905685 Detik
Duration Looping 700 Data 145.35960197449 Detik 
Total Duration 145.35968899727 Detik 
------------------------- 
Tanggal: 18-12-2021 15:45:01 
Duration Download Forstok 16.212624073029 Detik
Duration Looping 700 Data 143.13508605957 Detik 
Total Duration 143.13519310951 Detik 
------------------------- 
Tanggal: 18-12-2021 15:50:01 
Duration Download Forstok 15.20565700531 Detik
Duration Looping 700 Data 143.3699991703 Detik 
Total Duration 143.37011003494 Detik 
------------------------- 
Tanggal: 18-12-2021 15:55:01 
Duration Download Forstok 14.305745124817 Detik
Duration Looping 700 Data 141.61006093025 Detik 
Total Duration 141.61018896103 Detik 
------------------------- 
Tanggal: 18-12-2021 16:00:01 
Duration Download Forstok 13.686814069748 Detik
Duration Looping 700 Data 146.66468715668 Detik 
Total Duration 146.6647939682 Detik 
------------------------- 
Tanggal: 18-12-2021 16:05:01 
Duration Download Forstok 22.600702047348 Detik
Duration Looping 700 Data 150.02024698257 Detik 
Total Duration 150.02036690712 Detik 
------------------------- 
Tanggal: 18-12-2021 16:10:01 
Duration Download Forstok 22.42080283165 Detik
Duration Looping 700 Data 150.69319105148 Detik 
Total Duration 150.69326901436 Detik 
------------------------- 
Tanggal: 18-12-2021 16:15:01 
Duration Download Forstok 17.825266122818 Detik
Duration Looping 700 Data 156.17226004601 Detik 
Total Duration 156.17236709595 Detik 
------------------------- 
Tanggal: 18-12-2021 16:20:01 
Duration Download Forstok 15.860356092453 Detik
Duration Looping 700 Data 147.57689499855 Detik 
Total Duration 147.57700514793 Detik 
------------------------- 
Tanggal: 18-12-2021 16:25:01 
Duration Download Forstok 15.68644285202 Detik
Duration Looping 700 Data 144.65142798424 Detik 
Total Duration 144.65154385567 Detik 
------------------------- 
Tanggal: 18-12-2021 16:30:01 
Duration Download Forstok 15.567770004272 Detik
Duration Looping 700 Data 140.05497407913 Detik 
Total Duration 140.0550839901 Detik 
------------------------- 
Tanggal: 18-12-2021 16:35:01 
Duration Download Forstok 20.787533044815 Detik
Duration Looping 700 Data 148.31783795357 Detik 
Total Duration 148.31793498993 Detik 
------------------------- 
Tanggal: 18-12-2021 16:40:01 
Duration Download Forstok 14.500898838043 Detik
Duration Looping 700 Data 142.87467384338 Detik 
Total Duration 142.87478089333 Detik 
------------------------- 
Tanggal: 18-12-2021 16:45:01 
Duration Download Forstok 17.009395837784 Detik
Duration Looping 700 Data 150.56897497177 Detik 
Total Duration 150.5690908432 Detik 
------------------------- 
Tanggal: 18-12-2021 16:50:01 
Duration Download Forstok 15.064639091492 Detik
Duration Looping 700 Data 141.27767920494 Detik 
Total Duration 141.27780413628 Detik 
------------------------- 
Tanggal: 18-12-2021 16:55:01 
Duration Download Forstok 14.792538881302 Detik
Duration Looping 700 Data 146.97741484642 Detik 
Total Duration 146.97754192352 Detik 
------------------------- 
Tanggal: 18-12-2021 17:00:01 
Duration Download Forstok 12.916069984436 Detik
Duration Looping 700 Data 146.19389390945 Detik 
Total Duration 146.19400501251 Detik 
------------------------- 
Tanggal: 18-12-2021 17:05:01 
Duration Download Forstok 23.210446119308 Detik
Duration Looping 700 Data 152.22055411339 Detik 
Total Duration 152.22066617012 Detik 
------------------------- 
Tanggal: 18-12-2021 17:10:01 
Duration Download Forstok 12.803443193436 Detik
Duration Looping 700 Data 139.2771821022 Detik 
Total Duration 139.27730703354 Detik 
------------------------- 
Tanggal: 18-12-2021 17:15:01 
Duration Download Forstok 17.935559034348 Detik
Duration Looping 700 Data 150.46040797234 Detik 
Total Duration 150.4605050087 Detik 
------------------------- 
Tanggal: 18-12-2021 17:20:01 
Duration Download Forstok 15.511226892471 Detik
Duration Looping 700 Data 149.3397538662 Detik 
Total Duration 149.33986902237 Detik 
------------------------- 
Tanggal: 18-12-2021 17:25:01 
Duration Download Forstok 15.588880062103 Detik
Duration Looping 700 Data 139.17397403717 Detik 
Total Duration 139.1740860939 Detik 
------------------------- 
Tanggal: 18-12-2021 17:30:01 
Duration Download Forstok 16.201684951782 Detik
Duration Looping 700 Data 144.72921895981 Detik 
Total Duration 144.72932887077 Detik 
------------------------- 
Tanggal: 18-12-2021 17:35:01 
Duration Download Forstok 21.356506109238 Detik
Duration Looping 700 Data 150.64307308197 Detik 
Total Duration 150.64318704605 Detik 
------------------------- 
Tanggal: 18-12-2021 17:40:01 
Duration Download Forstok 14.776870965958 Detik
Duration Looping 700 Data 145.55926680565 Detik 
Total Duration 145.55934786797 Detik 
------------------------- 
Tanggal: 18-12-2021 17:45:01 
Duration Download Forstok 21.231944084167 Detik
Duration Looping 700 Data 148.92735600471 Detik 
Total Duration 148.92747998238 Detik 
------------------------- 
Tanggal: 18-12-2021 17:50:02 
Duration Download Forstok 12.388268947601 Detik
Duration Looping 700 Data 140.23029398918 Detik 
Total Duration 140.23040103912 Detik 
------------------------- 
Tanggal: 18-12-2021 17:55:01 
Duration Download Forstok 14.049566984177 Detik
Duration Looping 700 Data 146.00952100754 Detik 
Total Duration 146.00963401794 Detik 
------------------------- 
Tanggal: 18-12-2021 18:00:01 
Duration Download Forstok 12.289355039597 Detik
Duration Looping 700 Data 146.10346102715 Detik 
Total Duration 146.10357117653 Detik 
------------------------- 
Tanggal: 18-12-2021 18:05:01 
Duration Download Forstok 22.829225063324 Detik
Duration Looping 700 Data 147.95166492462 Detik 
Total Duration 147.95177507401 Detik 
------------------------- 
Tanggal: 18-12-2021 18:10:01 
Duration Download Forstok 16.156986951828 Detik
Duration Looping 700 Data 147.67697882652 Detik 
Total Duration 147.67708086967 Detik 
------------------------- 
Tanggal: 18-12-2021 18:15:01 
Duration Download Forstok 16.220934867859 Detik
Duration Looping 700 Data 144.34795188904 Detik 
Total Duration 144.34805989265 Detik 
------------------------- 
Tanggal: 18-12-2021 18:20:01 
Duration Download Forstok 14.175983190536 Detik
Duration Looping 700 Data 142.09503817558 Detik 
Total Duration 142.0951461792 Detik 
------------------------- 
Tanggal: 18-12-2021 18:25:01 
Duration Download Forstok 12.083973169327 Detik
Duration Looping 700 Data 141.27678203583 Detik 
Total Duration 141.27690410614 Detik 
------------------------- 
Tanggal: 18-12-2021 18:30:01 
Duration Download Forstok 12.426108121872 Detik
Duration Looping 700 Data 138.00060105324 Detik 
Total Duration 138.00072407722 Detik 
------------------------- 
Tanggal: 18-12-2021 18:35:01 
Duration Download Forstok 21.596270799637 Detik
Duration Looping 700 Data 147.84339880943 Detik 
Total Duration 147.84352588654 Detik 
------------------------- 
Tanggal: 18-12-2021 18:40:01 
Duration Download Forstok 16.183352231979 Detik
Duration Looping 700 Data 149.54341006279 Detik 
Total Duration 149.54352521896 Detik 
------------------------- 
Tanggal: 18-12-2021 18:45:01 
Duration Download Forstok 14.035064935684 Detik
Duration Looping 700 Data 140.33246397972 Detik 
Total Duration 140.33258199692 Detik 
------------------------- 
Tanggal: 18-12-2021 18:50:01 
Duration Download Forstok 13.814575195312 Detik
Duration Looping 700 Data 138.60898804665 Detik 
Total Duration 138.60909605026 Detik 
------------------------- 
Tanggal: 18-12-2021 18:55:01 
Duration Download Forstok 15.219899892807 Detik
Duration Looping 700 Data 154.72241282463 Detik 
Total Duration 154.72253584862 Detik 
------------------------- 
Tanggal: 18-12-2021 19:00:01 
Duration Download Forstok 15.127931118011 Detik
Duration Looping 700 Data 145.5320520401 Detik 
Total Duration 145.53216409683 Detik 
------------------------- 
Tanggal: 18-12-2021 19:05:01 
Duration Download Forstok 20.181734800339 Detik
Duration Looping 700 Data 143.33949685097 Detik 
Total Duration 143.3396089077 Detik 
------------------------- 
Tanggal: 18-12-2021 19:10:01 
Duration Download Forstok 14.072535991669 Detik
Duration Looping 700 Data 136.52488088608 Detik 
Total Duration 136.52499389648 Detik 
------------------------- 
Tanggal: 18-12-2021 19:15:01 
Duration Download Forstok 14.596529960632 Detik
Duration Looping 700 Data 140.36211490631 Detik 
Total Duration 140.36225485802 Detik 
------------------------- 
Tanggal: 18-12-2021 19:20:01 
Duration Download Forstok 13.273654937744 Detik
Duration Looping 700 Data 141.59511780739 Detik 
Total Duration 141.59523081779 Detik 
------------------------- 
Tanggal: 18-12-2021 19:25:01 
Duration Download Forstok 15.84033203125 Detik
Duration Looping 700 Data 140.12898015976 Detik 
Total Duration 140.12909197807 Detik 
------------------------- 
Tanggal: 18-12-2021 19:30:01 
Duration Download Forstok 12.424524068832 Detik
Duration Looping 700 Data 137.93331289291 Detik 
Total Duration 137.93341898918 Detik 
------------------------- 
Tanggal: 18-12-2021 19:35:01 
Duration Download Forstok 20.621434926987 Detik
Duration Looping 700 Data 150.1445069313 Detik 
Total Duration 150.14459085464 Detik 
------------------------- 
Tanggal: 18-12-2021 19:40:01 
Duration Download Forstok 13.661036968231 Detik
Duration Looping 700 Data 140.63907814026 Detik 
Total Duration 140.63920712471 Detik 
------------------------- 
Tanggal: 18-12-2021 19:45:01 
Duration Download Forstok 17.229070901871 Detik
Duration Looping 700 Data 141.06600093842 Detik 
Total Duration 141.06612586975 Detik 
------------------------- 
Tanggal: 18-12-2021 19:50:00 
Duration Download Forstok 12.453190803528 Detik
Duration Looping 700 Data 137.74046897888 Detik 
Total Duration 137.74057888985 Detik 
------------------------- 
Tanggal: 18-12-2021 19:55:02 
Duration Download Forstok 11.239733934402 Detik
Duration Looping 700 Data 138.80722808838 Detik 
Total Duration 138.80734205246 Detik 
------------------------- 
Tanggal: 18-12-2021 20:00:01 
Duration Download Forstok 13.431821107864 Detik
Duration Looping 700 Data 151.93574905396 Detik 
Total Duration 151.93585801125 Detik 
------------------------- 
Tanggal: 18-12-2021 20:05:01 
Duration Download Forstok 16.794112920761 Detik
Duration Looping 700 Data 139.5619828701 Detik 
Total Duration 139.56209182739 Detik 
------------------------- 
Tanggal: 18-12-2021 20:10:01 
Duration Download Forstok 17.135934114456 Detik
Duration Looping 700 Data 139.07212805748 Detik 
Total Duration 139.07223105431 Detik 
------------------------- 
Tanggal: 18-12-2021 20:15:01 
Duration Download Forstok 15.633771181107 Detik
Duration Looping 700 Data 142.40988111496 Detik 
Total Duration 142.40999102592 Detik 
------------------------- 
Tanggal: 18-12-2021 20:20:01 
Duration Download Forstok 16.035547018051 Detik
Duration Looping 700 Data 145.37890291214 Detik 
Total Duration 145.37902712822 Detik 
------------------------- 
Tanggal: 18-12-2021 20:25:01 
Duration Download Forstok 17.604510068893 Detik
Duration Looping 700 Data 149.81492900848 Detik 
Total Duration 149.81504106522 Detik 
------------------------- 
Tanggal: 18-12-2021 20:30:01 
Duration Download Forstok 16.28804397583 Detik
Duration Looping 700 Data 139.68490099907 Detik 
Total Duration 139.6850039959 Detik 
------------------------- 
Tanggal: 18-12-2021 20:35:01 
Duration Download Forstok 17.344902038574 Detik
Duration Looping 700 Data 155.86699295044 Detik 
Total Duration 155.86710095406 Detik 
------------------------- 
Tanggal: 18-12-2021 20:40:01 
Duration Download Forstok 15.162560939789 Detik
Duration Looping 700 Data 148.66710591316 Detik 
Total Duration 148.66722083092 Detik 
------------------------- 
Tanggal: 18-12-2021 20:45:01 
Duration Download Forstok 17.459627866745 Detik
Duration Looping 700 Data 153.31063389778 Detik 
Total Duration 153.31074690819 Detik 
------------------------- 
Tanggal: 18-12-2021 20:50:01 
Duration Download Forstok 16.712109804153 Detik
Duration Looping 700 Data 144.8981218338 Detik 
Total Duration 144.89823484421 Detik 
------------------------- 
Tanggal: 18-12-2021 20:55:01 
Duration Download Forstok 13.851714134216 Detik
Duration Looping 700 Data 139.4517660141 Detik 
Total Duration 139.45187616348 Detik 
------------------------- 
Tanggal: 18-12-2021 21:00:01 
Duration Download Forstok 13.333847999573 Detik
Duration Looping 700 Data 142.77749800682 Detik 
Total Duration 142.77760505676 Detik 
------------------------- 
Tanggal: 18-12-2021 21:05:01 
Duration Download Forstok 23.190366029739 Detik
Duration Looping 700 Data 153.29414820671 Detik 
Total Duration 153.294257164 Detik 
------------------------- 
Tanggal: 18-12-2021 21:10:01 
Duration Download Forstok 17.27085018158 Detik
Duration Looping 700 Data 143.00203800201 Detik 
Total Duration 143.00214719772 Detik 
------------------------- 
Tanggal: 18-12-2021 21:15:01 
Duration Download Forstok 16.660913944244 Detik
Duration Looping 700 Data 146.86668610573 Detik 
Total Duration 146.86680102348 Detik 
------------------------- 
Tanggal: 18-12-2021 21:20:01 
Duration Download Forstok 14.473136901855 Detik
Duration Looping 700 Data 141.01484799385 Detik 
Total Duration 141.01497101784 Detik 
------------------------- 
Tanggal: 18-12-2021 21:25:01 
Duration Download Forstok 15.150568008423 Detik
Duration Looping 700 Data 141.95640993118 Detik 
Total Duration 141.95652008057 Detik 
------------------------- 
Tanggal: 18-12-2021 21:30:01 
Duration Download Forstok 15.192356109619 Detik
Duration Looping 700 Data 150.49014210701 Detik 
Total Duration 150.49024701118 Detik 
------------------------- 
Tanggal: 18-12-2021 21:35:01 
Duration Download Forstok 17.450279951096 Detik
Duration Looping 700 Data 144.79075694084 Detik 
Total Duration 144.79086709023 Detik 
------------------------- 
Tanggal: 18-12-2021 21:40:01 
Duration Download Forstok 12.510680913925 Detik
Duration Looping 700 Data 148.53340792656 Detik 
Total Duration 148.53351807594 Detik 
------------------------- 
Tanggal: 18-12-2021 21:45:01 
Duration Download Forstok 17.957561016083 Detik
Duration Looping 700 Data 155.40812802315 Detik 
Total Duration 155.40823793411 Detik 
------------------------- 
Tanggal: 18-12-2021 21:50:01 
Duration Download Forstok 15.875000953674 Detik
Duration Looping 700 Data 153.70445513725 Detik 
Total Duration 153.70456910133 Detik 
------------------------- 
Tanggal: 18-12-2021 21:55:01 
Duration Download Forstok 12.54083108902 Detik
Duration Looping 700 Data 143.44968318939 Detik 
Total Duration 143.4498000145 Detik 
------------------------- 
Tanggal: 18-12-2021 22:00:01 
Duration Download Forstok 15.80061006546 Detik
Duration Looping 700 Data 146.7439930439 Detik 
Total Duration 146.74410605431 Detik 
------------------------- 
Tanggal: 18-12-2021 22:05:01 
Duration Download Forstok 17.652554035187 Detik
Duration Looping 700 Data 139.72754502296 Detik 
Total Duration 139.72764611244 Detik 
------------------------- 
Tanggal: 18-12-2021 22:10:01 
Duration Download Forstok 12.472482919693 Detik
Duration Looping 700 Data 138.29534292221 Detik 
Total Duration 138.29546403885 Detik 
------------------------- 
Tanggal: 18-12-2021 22:15:01 
Duration Download Forstok 15.814238071442 Detik
Duration Looping 700 Data 142.06136894226 Detik 
Total Duration 142.06147408485 Detik 
------------------------- 
Tanggal: 18-12-2021 22:20:01 
Duration Download Forstok 15.554942131042 Detik
Duration Looping 700 Data 151.74379110336 Detik 
Total Duration 151.743901968 Detik 
------------------------- 
Tanggal: 18-12-2021 22:25:01 
Duration Download Forstok 14.505769968033 Detik
Duration Looping 700 Data 149.34832596779 Detik 
Total Duration 149.34843802452 Detik 
------------------------- 
Tanggal: 18-12-2021 22:30:01 
Duration Download Forstok 13.224864006042 Detik
Duration Looping 700 Data 144.30945396423 Detik 
Total Duration 144.30954408646 Detik 
------------------------- 
Tanggal: 18-12-2021 22:35:01 
Duration Download Forstok 21.106892108917 Detik
Duration Looping 700 Data 157.56497502327 Detik 
Total Duration 157.56509900093 Detik 
------------------------- 
Tanggal: 18-12-2021 22:40:01 
Duration Download Forstok 12.175458192825 Detik
Duration Looping 700 Data 147.8127720356 Detik 
Total Duration 147.81287622452 Detik 
------------------------- 
Tanggal: 18-12-2021 22:45:01 
Duration Download Forstok 14.758963823318 Detik
Duration Looping 700 Data 142.53524899483 Detik 
Total Duration 142.53535985947 Detik 
------------------------- 
Tanggal: 18-12-2021 22:50:01 
Duration Download Forstok 15.847033977509 Detik
Duration Looping 700 Data 148.24180603027 Detik 
Total Duration 148.24192094803 Detik 
------------------------- 
Tanggal: 18-12-2021 22:55:01 
Duration Download Forstok 16.411888837814 Detik
Duration Looping 700 Data 141.493724823 Detik 
Total Duration 141.4938378334 Detik 
------------------------- 
Tanggal: 18-12-2021 23:00:01 
Duration Download Forstok 12.448277950287 Detik
Duration Looping 700 Data 145.87908792496 Detik 
Total Duration 145.87917089462 Detik 
------------------------- 
Tanggal: 18-12-2021 23:05:01 
Duration Download Forstok 22.705476999283 Detik
Duration Looping 700 Data 149.70571994781 Detik 
Total Duration 149.7058339119 Detik 
------------------------- 
Tanggal: 18-12-2021 23:10:01 
Duration Download Forstok 13.881468057632 Detik
Duration Looping 700 Data 142.55730605125 Detik 
Total Duration 142.55742120743 Detik 
------------------------- 
Tanggal: 18-12-2021 23:15:01 
Duration Download Forstok 16.904017210007 Detik
Duration Looping 700 Data 145.60482001305 Detik 
Total Duration 145.60493612289 Detik 
------------------------- 
Tanggal: 18-12-2021 23:20:01 
Duration Download Forstok 13.029009819031 Detik
Duration Looping 700 Data 148.86933493614 Detik 
Total Duration 148.8694589138 Detik 
------------------------- 
Tanggal: 18-12-2021 23:25:01 
Duration Download Forstok 14.883012056351 Detik
Duration Looping 700 Data 142.88117098808 Detik 
Total Duration 142.88128590584 Detik 
------------------------- 
Tanggal: 18-12-2021 23:30:01 
Duration Download Forstok 12.958593130112 Detik
Duration Looping 700 Data 140.22566413879 Detik 
Total Duration 140.22579813004 Detik 
------------------------- 
Tanggal: 18-12-2021 23:35:01 
Duration Download Forstok 26.337747097015 Detik
Duration Looping 700 Data 157.60715103149 Detik 
Total Duration 157.60725307465 Detik 
------------------------- 
Tanggal: 18-12-2021 23:40:01 
Duration Download Forstok 11.652948856354 Detik
Duration Looping 700 Data 142.37760782242 Detik 
Total Duration 142.37772393227 Detik 
------------------------- 
Tanggal: 18-12-2021 23:45:01 
Duration Download Forstok 18.854635000229 Detik
Duration Looping 700 Data 148.470443964 Detik 
Total Duration 148.47055697441 Detik 
------------------------- 
Tanggal: 18-12-2021 23:50:01 
Duration Download Forstok 15.297209024429 Detik
Duration Looping 700 Data 137.71042013168 Detik 
Total Duration 137.71053600311 Detik 
------------------------- 
Tanggal: 18-12-2021 23:55:01 
Duration Download Forstok 13.764909982681 Detik
Duration Looping 700 Data 139.75050806999 Detik 
Total Duration 139.75062298775 Detik 
------------------------- 
