Tanggal: 16-12-2021 00:00:01 
Duration Download Forstok 15.052200078964 Detik
Tanggal: 16-12-2021 00:05:01 
Duration Download Forstok 17.988167047501 Detik
Tanggal: 16-12-2021 00:10:01 
Duration Download Forstok 11.358226060867 Detik
Duration Looping 700 Data 364.57265305519 Detik 
Total Duration 364.57277107239 Detik 
------------------------- 
Duration Looping 700 Data 665.7151389122 Detik 
Total Duration 665.71524596214 Detik 
------------------------- 
Duration Looping 700 Data 203.82254004478 Detik 
Total Duration 203.82371687889 Detik 
------------------------- 
Tanggal: 16-12-2021 00:15:01 
Duration Download Forstok 16.779472827911 Detik
Duration Looping 700 Data 154.82082104683 Detik 
Total Duration 154.8209028244 Detik 
------------------------- 
Tanggal: 16-12-2021 00:20:01 
Duration Download Forstok 14.934154033661 Detik
Duration Looping 700 Data 149.55577492714 Detik 
Total Duration 149.5558860302 Detik 
------------------------- 
Tanggal: 16-12-2021 00:25:01 
Duration Download Forstok 13.675848960876 Detik
Duration Looping 700 Data 149.14690995216 Detik 
Total Duration 149.14702105522 Detik 
------------------------- 
Tanggal: 16-12-2021 00:30:01 
Duration Download Forstok 11.370419979095 Detik
Duration Looping 700 Data 148.45248508453 Detik 
Total Duration 148.45259904861 Detik 
------------------------- 
Tanggal: 16-12-2021 00:35:01 
Duration Download Forstok 13.201626062393 Detik
Duration Looping 700 Data 146.5773639679 Detik 
Total Duration 146.57748007774 Detik 
------------------------- 
Tanggal: 16-12-2021 00:40:01 
Duration Download Forstok 15.410121917725 Detik
Duration Looping 700 Data 147.35751986504 Detik 
Total Duration 147.35762286186 Detik 
------------------------- 
Tanggal: 16-12-2021 00:45:01 
Duration Download Forstok 18.347349882126 Detik
Duration Looping 700 Data 175.97687387466 Detik 
Total Duration 175.97700786591 Detik 
------------------------- 
Tanggal: 16-12-2021 00:50:01 
Duration Download Forstok 12.224203109741 Detik
Duration Looping 700 Data 141.07862615585 Detik 
Total Duration 141.07872509956 Detik 
------------------------- 
Tanggal: 16-12-2021 00:55:01 
Duration Download Forstok 12.351645946503 Detik
Duration Looping 700 Data 149.11378192902 Detik 
Total Duration 149.11389708519 Detik 
------------------------- 
Tanggal: 16-12-2021 01:00:01 
Duration Download Forstok 12.722306013107 Detik
Duration Looping 700 Data 146.97172689438 Detik 
Total Duration 146.97183990479 Detik 
------------------------- 
Tanggal: 16-12-2021 01:05:01 
Duration Download Forstok 19.775377035141 Detik
Duration Looping 700 Data 147.01781916618 Detik 
Total Duration 147.01794219017 Detik 
------------------------- 
Tanggal: 16-12-2021 01:10:01 
Duration Download Forstok 15.680289983749 Detik
Duration Looping 700 Data 143.70569992065 Detik 
Total Duration 143.70579791069 Detik 
------------------------- 
Tanggal: 16-12-2021 01:15:01 
Duration Download Forstok 17.852110147476 Detik
Duration Looping 700 Data 149.585242033 Detik 
Total Duration 149.58536720276 Detik 
------------------------- 
Tanggal: 16-12-2021 01:20:01 
Duration Download Forstok 13.650519132614 Detik
Duration Looping 700 Data 140.90362501144 Detik 
Total Duration 140.90373802185 Detik 
------------------------- 
Tanggal: 16-12-2021 01:25:01 
Duration Download Forstok 15.409293889999 Detik
Duration Looping 700 Data 141.72664785385 Detik 
Total Duration 141.72677493095 Detik 
------------------------- 
Tanggal: 16-12-2021 01:30:01 
Duration Download Forstok 14.747400045395 Detik
Duration Looping 700 Data 148.17022490501 Detik 
Total Duration 148.1703441143 Detik 
------------------------- 
Tanggal: 16-12-2021 01:35:01 
Duration Download Forstok 12.703593969345 Detik
Duration Looping 700 Data 151.23594093323 Detik 
Total Duration 151.23605179787 Detik 
------------------------- 
Tanggal: 16-12-2021 01:40:01 
Duration Download Forstok 14.385689973831 Detik
Duration Looping 700 Data 141.91862392426 Detik 
Total Duration 141.91874194145 Detik 
------------------------- 
Tanggal: 16-12-2021 01:45:01 
Duration Download Forstok 17.372672080994 Detik
Duration Looping 700 Data 143.43919706345 Detik 
Total Duration 143.43931007385 Detik 
------------------------- 
Tanggal: 16-12-2021 01:50:01 
Duration Download Forstok 19.696131944656 Detik
Duration Looping 700 Data 149.99041199684 Detik 
Total Duration 149.99049401283 Detik 
------------------------- 
Tanggal: 16-12-2021 01:55:01 
Duration Download Forstok 17.568316936493 Detik
Duration Looping 700 Data 143.33088707924 Detik 
Total Duration 143.33103108406 Detik 
------------------------- 
Tanggal: 16-12-2021 02:00:01 
Duration Download Forstok 20.560158967972 Detik
Duration Looping 700 Data 156.34007501602 Detik 
Total Duration 156.34019303322 Detik 
------------------------- 
Tanggal: 16-12-2021 02:05:01 
Duration Download Forstok 20.126245975494 Detik
Duration Looping 700 Data 145.27259898186 Detik 
Total Duration 145.27271580696 Detik 
------------------------- 
Tanggal: 16-12-2021 02:10:01 
Duration Download Forstok 11.755740880966 Detik
Duration Looping 700 Data 136.85873293877 Detik 
Total Duration 136.85884785652 Detik 
------------------------- 
Tanggal: 16-12-2021 02:15:01 
Duration Download Forstok 18.058111906052 Detik
Duration Looping 700 Data 146.27922511101 Detik 
Total Duration 146.27934408188 Detik 
------------------------- 
Tanggal: 16-12-2021 02:20:01 
Duration Download Forstok 13.886651039124 Detik
Duration Looping 700 Data 141.35577201843 Detik 
Total Duration 141.35588002205 Detik 
------------------------- 
Tanggal: 16-12-2021 02:25:01 
Duration Download Forstok 16.766674041748 Detik
Duration Looping 700 Data 147.22414302826 Detik 
Total Duration 147.22426199913 Detik 
------------------------- 
Tanggal: 16-12-2021 02:30:01 
Duration Download Forstok 17.271996021271 Detik
Duration Looping 700 Data 150.32092308998 Detik 
Total Duration 150.3210439682 Detik 
------------------------- 
Tanggal: 16-12-2021 02:35:01 
Duration Download Forstok 14.900823831558 Detik
Duration Looping 700 Data 149.43588781357 Detik 
Total Duration 149.43600893021 Detik 
------------------------- 
Tanggal: 16-12-2021 02:40:01 
Duration Download Forstok 12.237485170364 Detik
Duration Looping 700 Data 139.20448207855 Detik 
Total Duration 139.2045981884 Detik 
------------------------- 
Tanggal: 16-12-2021 02:45:01 
Duration Download Forstok 17.79340004921 Detik
Duration Looping 700 Data 143.40856289864 Detik 
Total Duration 143.40867900848 Detik 
------------------------- 
Tanggal: 16-12-2021 02:50:01 
Duration Download Forstok 15.382741928101 Detik
Duration Looping 700 Data 145.39543914795 Detik 
Total Duration 145.39558506012 Detik 
------------------------- 
Tanggal: 16-12-2021 02:55:01 
Duration Download Forstok 12.898856163025 Detik
Duration Looping 700 Data 143.94303107262 Detik 
Total Duration 143.94315099716 Detik 
------------------------- 
Tanggal: 16-12-2021 03:00:01 
Duration Download Forstok 16.846801996231 Detik
Duration Looping 700 Data 155.14391899109 Detik 
Total Duration 155.1440320015 Detik 
------------------------- 
Tanggal: 16-12-2021 03:05:02 
Duration Download Forstok 19.938692092896 Detik
Duration Looping 700 Data 148.67015719414 Detik 
Total Duration 148.67027401924 Detik 
------------------------- 
Tanggal: 16-12-2021 03:10:01 
Duration Download Forstok 12.538532972336 Detik
Duration Looping 700 Data 148.12049293518 Detik 
Total Duration 148.12059807777 Detik 
------------------------- 
Tanggal: 16-12-2021 03:15:01 
Duration Download Forstok 19.965609073639 Detik
Duration Looping 700 Data 148.01434993744 Detik 
Total Duration 148.01446390152 Detik 
------------------------- 
Tanggal: 16-12-2021 03:20:01 
Duration Download Forstok 13.007302999496 Detik
Duration Looping 700 Data 157.74197387695 Detik 
Total Duration 157.7420899868 Detik 
------------------------- 
Tanggal: 16-12-2021 03:25:01 
Duration Download Forstok 13.007139921188 Detik
Duration Looping 700 Data 141.39927506447 Detik 
Total Duration 141.39939808846 Detik 
------------------------- 
Tanggal: 16-12-2021 03:30:01 
Duration Download Forstok 12.389697790146 Detik
Duration Looping 700 Data 140.0814769268 Detik 
Total Duration 140.08159685135 Detik 
------------------------- 
Tanggal: 16-12-2021 03:35:01 
Duration Download Forstok 12.131994009018 Detik
Duration Looping 700 Data 166.72395706177 Detik 
Total Duration 166.72407197952 Detik 
------------------------- 
Tanggal: 16-12-2021 03:40:01 
Duration Download Forstok 14.755936861038 Detik
Duration Looping 700 Data 162.26569199562 Detik 
Total Duration 162.26580500603 Detik 
------------------------- 
Tanggal: 16-12-2021 03:45:01 
Duration Download Forstok 17.839947938919 Detik
Duration Looping 700 Data 146.63177895546 Detik 
Total Duration 146.63189291954 Detik 
------------------------- 
Tanggal: 16-12-2021 03:50:01 
Duration Download Forstok 15.812909841537 Detik
Duration Looping 700 Data 144.43416690826 Detik 
Total Duration 144.43424391747 Detik 
------------------------- 
Tanggal: 16-12-2021 03:55:01 
Duration Download Forstok 11.83022403717 Detik
Duration Looping 700 Data 137.8607609272 Detik 
Total Duration 137.86087989807 Detik 
------------------------- 
Tanggal: 16-12-2021 04:00:01 
Duration Download Forstok 16.00960111618 Detik
Duration Looping 700 Data 151.00251293182 Detik 
Total Duration 151.00263309479 Detik 
------------------------- 
Tanggal: 16-12-2021 04:05:01 
Duration Download Forstok 19.23984503746 Detik
Duration Looping 700 Data 144.29539108276 Detik 
Total Duration 144.29550099373 Detik 
------------------------- 
Tanggal: 16-12-2021 04:10:01 
Duration Download Forstok 17.066106796265 Detik
Duration Looping 700 Data 141.3997387886 Detik 
Total Duration 141.39985990524 Detik 
------------------------- 
Tanggal: 16-12-2021 04:15:01 
Duration Download Forstok 15.774451971054 Detik
Duration Looping 700 Data 144.99792289734 Detik 
Total Duration 144.9980340004 Detik 
------------------------- 
Tanggal: 16-12-2021 04:20:01 
Duration Download Forstok 17.089348077774 Detik
Duration Looping 700 Data 153.3645529747 Detik 
Total Duration 153.36466908455 Detik 
------------------------- 
Tanggal: 16-12-2021 04:25:01 
Duration Download Forstok 12.842880010605 Detik
Duration Looping 700 Data 136.85005903244 Detik 
Total Duration 136.85017490387 Detik 
------------------------- 
Tanggal: 16-12-2021 04:30:01 
Duration Download Forstok 17.246015071869 Detik
Duration Looping 700 Data 159.70756196976 Detik 
Total Duration 159.70767116547 Detik 
------------------------- 
Tanggal: 16-12-2021 04:35:01 
Duration Download Forstok 13.954071044922 Detik
Duration Looping 700 Data 138.09092497826 Detik 
Total Duration 138.09103894234 Detik 
------------------------- 
Tanggal: 16-12-2021 04:40:01 
Duration Download Forstok 12.606184959412 Detik
Duration Looping 700 Data 142.12885284424 Detik 
Total Duration 142.12895798683 Detik 
------------------------- 
Tanggal: 16-12-2021 04:45:01 
Duration Download Forstok 16.980753898621 Detik
Duration Looping 700 Data 143.07736587524 Detik 
Total Duration 143.07747197151 Detik 
------------------------- 
Tanggal: 16-12-2021 04:50:01 
Duration Download Forstok 15.845293998718 Detik
Duration Looping 700 Data 139.98077988625 Detik 
Total Duration 139.98089289665 Detik 
------------------------- 
Tanggal: 16-12-2021 04:55:01 
Duration Download Forstok 15.536552906036 Detik
Duration Looping 700 Data 140.14625501633 Detik 
Total Duration 140.14636993408 Detik 
------------------------- 
Tanggal: 16-12-2021 05:00:01 
Duration Download Forstok 10.998250007629 Detik
Duration Looping 700 Data 145.40284800529 Detik 
Total Duration 145.40296506882 Detik 
------------------------- 
Tanggal: 16-12-2021 05:05:01 
Duration Download Forstok 20.790123939514 Detik
Duration Looping 700 Data 144.19602489471 Detik 
Total Duration 144.19613790512 Detik 
------------------------- 
Tanggal: 16-12-2021 05:10:01 
Duration Download Forstok 12.861736059189 Detik
Duration Looping 700 Data 139.43672800064 Detik 
Total Duration 139.43684101105 Detik 
------------------------- 
Tanggal: 16-12-2021 05:15:01 
Duration Download Forstok 16.200372934341 Detik
Duration Looping 700 Data 145.08317804337 Detik 
Total Duration 145.08330202103 Detik 
------------------------- 
Tanggal: 16-12-2021 05:20:01 
Duration Download Forstok 12.359622001648 Detik
Duration Looping 700 Data 139.78976297379 Detik 
Total Duration 139.78987884521 Detik 
------------------------- 
Tanggal: 16-12-2021 05:25:01 
Duration Download Forstok 12.490926980972 Detik
Duration Looping 700 Data 140.24142217636 Detik 
Total Duration 140.24153399467 Detik 
------------------------- 
Tanggal: 16-12-2021 05:30:01 
Duration Download Forstok 19.861166000366 Detik
Duration Looping 700 Data 179.29770088196 Detik 
Total Duration 179.29781699181 Detik 
------------------------- 
Tanggal: 16-12-2021 05:35:01 
Duration Download Forstok 12.030488014221 Detik
Duration Looping 700 Data 138.35742902756 Detik 
Total Duration 138.35753703117 Detik 
------------------------- 
Tanggal: 16-12-2021 05:40:01 
Duration Download Forstok 12.012622117996 Detik
Duration Looping 700 Data 139.1066660881 Detik 
Total Duration 139.10677313805 Detik 
------------------------- 
Tanggal: 16-12-2021 05:45:01 
Duration Download Forstok 15.823537826538 Detik
Duration Looping 700 Data 145.69989085197 Detik 
Total Duration 145.70000982285 Detik 
------------------------- 
Tanggal: 16-12-2021 05:50:01 
Duration Download Forstok 15.445748090744 Detik
Duration Looping 700 Data 140.38479614258 Detik 
Total Duration 140.38490700722 Detik 
------------------------- 
Tanggal: 16-12-2021 05:55:01 
Duration Download Forstok 11.056746006012 Detik
Duration Looping 700 Data 141.38257288933 Detik 
Total Duration 141.38269090652 Detik 
------------------------- 
Tanggal: 16-12-2021 06:00:01 
Duration Download Forstok 15.16405415535 Detik
Duration Looping 700 Data 146.97122001648 Detik 
Total Duration 146.97133302689 Detik 
------------------------- 
Tanggal: 16-12-2021 06:05:01 
Duration Download Forstok 20.795381069183 Detik
Duration Looping 700 Data 144.9073870182 Detik 
Total Duration 144.90749692917 Detik 
------------------------- 
Tanggal: 16-12-2021 06:10:01 
Duration Download Forstok 12.020263910294 Detik
Duration Looping 700 Data 135.54018306732 Detik 
Total Duration 135.5402970314 Detik 
------------------------- 
Tanggal: 16-12-2021 06:15:01 
Duration Download Forstok 17.284633159637 Detik
Duration Looping 700 Data 148.67799520493 Detik 
Total Duration 148.67810416222 Detik 
------------------------- 
Tanggal: 16-12-2021 06:20:01 
Duration Download Forstok 13.390100955963 Detik
Duration Looping 700 Data 146.1095020771 Detik 
Total Duration 146.10961008072 Detik 
------------------------- 
Tanggal: 16-12-2021 06:25:01 
Duration Download Forstok 12.157472133636 Detik
Duration Looping 700 Data 139.30932712555 Detik 
Total Duration 139.30944490433 Detik 
------------------------- 
Tanggal: 16-12-2021 06:30:01 
Duration Download Forstok 12.617384910583 Detik
Duration Looping 700 Data 146.64000487328 Detik 
Total Duration 146.6400949955 Detik 
------------------------- 
Tanggal: 16-12-2021 06:35:01 
Duration Download Forstok 13.515115976334 Detik
Duration Looping 700 Data 141.27319002151 Detik 
Total Duration 141.27330613136 Detik 
------------------------- 
Tanggal: 16-12-2021 06:40:01 
Duration Download Forstok 12.045257806778 Detik
Duration Looping 700 Data 143.15511989594 Detik 
Total Duration 143.15523695946 Detik 
------------------------- 
Tanggal: 16-12-2021 06:45:01 
Duration Download Forstok 22.578580141068 Detik
Duration Looping 700 Data 148.67699098587 Detik 
Total Duration 148.67711806297 Detik 
------------------------- 
Tanggal: 16-12-2021 06:50:01 
Duration Download Forstok 13.868990898132 Detik
Duration Looping 700 Data 144.44386792183 Detik 
Total Duration 144.44399881363 Detik 
------------------------- 
Tanggal: 16-12-2021 06:55:01 
Duration Download Forstok 16.153788089752 Detik
Duration Looping 700 Data 142.45891213417 Detik 
Total Duration 142.45900011063 Detik 
------------------------- 
Tanggal: 16-12-2021 07:00:02 
Duration Download Forstok 12.477676868439 Detik
Duration Looping 700 Data 146.07576394081 Detik 
Total Duration 146.0758869648 Detik 
------------------------- 
Tanggal: 16-12-2021 07:05:01 
Duration Download Forstok 18.818340063095 Detik
Duration Looping 700 Data 149.26693487167 Detik 
Total Duration 149.26705384254 Detik 
------------------------- 
Tanggal: 16-12-2021 07:10:01 
Duration Download Forstok 13.415504932404 Detik
Duration Looping 700 Data 142.8662879467 Detik 
Total Duration 142.86640286446 Detik 
------------------------- 
Tanggal: 16-12-2021 07:15:01 
Duration Download Forstok 16.927666902542 Detik
Duration Looping 700 Data 143.87733983994 Detik 
Total Duration 143.87745380402 Detik 
------------------------- 
Tanggal: 16-12-2021 07:20:01 
Duration Download Forstok 15.821701049805 Detik
Duration Looping 700 Data 143.79913496971 Detik 
Total Duration 143.79921603203 Detik 
------------------------- 
Tanggal: 16-12-2021 07:25:01 
Duration Download Forstok 12.853468179703 Detik
Duration Looping 700 Data 136.80071616173 Detik 
Total Duration 136.80084204674 Detik 
------------------------- 
Tanggal: 16-12-2021 07:30:01 
Duration Download Forstok 13.679552078247 Detik
Duration Looping 700 Data 143.74071002007 Detik 
Total Duration 143.74080109596 Detik 
------------------------- 
Tanggal: 16-12-2021 07:35:01 
Duration Download Forstok 13.451421022415 Detik
Duration Looping 700 Data 140.82371616364 Detik 
Total Duration 140.82383704185 Detik 
------------------------- 
Tanggal: 16-12-2021 07:40:01 
Duration Download Forstok 13.045219898224 Detik
Duration Looping 700 Data 140.71099495888 Detik 
Total Duration 140.7111120224 Detik 
------------------------- 
Tanggal: 16-12-2021 07:45:01 
Duration Download Forstok 16.293369054794 Detik
Duration Looping 700 Data 146.86527705193 Detik 
Total Duration 146.8654050827 Detik 
------------------------- 
Tanggal: 16-12-2021 07:50:01 
Duration Download Forstok 13.931296825409 Detik
Duration Looping 700 Data 143.92392396927 Detik 
Total Duration 143.9240398407 Detik 
------------------------- 
Tanggal: 16-12-2021 07:55:01 
Duration Download Forstok 12.704892158508 Detik
Duration Looping 700 Data 142.49126505852 Detik 
Total Duration 142.49139714241 Detik 
------------------------- 
Tanggal: 16-12-2021 08:00:01 
Duration Download Forstok 11.819642066956 Detik
Duration Looping 700 Data 146.73932003975 Detik 
Total Duration 146.73943114281 Detik 
------------------------- 
Tanggal: 16-12-2021 08:05:01 
Duration Download Forstok 17.646107912064 Detik
Duration Looping 700 Data 143.44448304176 Detik 
Total Duration 143.44460701942 Detik 
------------------------- 
Tanggal: 16-12-2021 08:10:01 
Duration Download Forstok 13.628216981888 Detik
Duration Looping 700 Data 142.09379005432 Detik 
Total Duration 142.09389805794 Detik 
------------------------- 
Tanggal: 16-12-2021 08:15:01 
Duration Download Forstok 13.070451021194 Detik
Duration Looping 700 Data 141.16700696945 Detik 
Total Duration 141.16709589958 Detik 
------------------------- 
Tanggal: 16-12-2021 08:20:01 
Duration Download Forstok 13.111626148224 Detik
Duration Looping 700 Data 143.79862213135 Detik 
Total Duration 143.79874205589 Detik 
------------------------- 
Tanggal: 16-12-2021 08:25:01 
Duration Download Forstok 11.863813877106 Detik
Duration Looping 700 Data 143.86858987808 Detik 
Total Duration 143.86871480942 Detik 
------------------------- 
Tanggal: 16-12-2021 08:30:01 
Duration Download Forstok 13.424156904221 Detik
Duration Looping 700 Data 152.47080779076 Detik 
Total Duration 152.47092890739 Detik 
------------------------- 
Tanggal: 16-12-2021 08:35:01 
Duration Download Forstok 13.574500083923 Detik
Duration Looping 700 Data 153.7482149601 Detik 
Total Duration 153.74836301804 Detik 
------------------------- 
Tanggal: 16-12-2021 08:40:01 
Duration Download Forstok 12.963504076004 Detik
Duration Looping 700 Data 151.70660495758 Detik 
Total Duration 151.70672798157 Detik 
------------------------- 
Tanggal: 16-12-2021 08:45:01 
Duration Download Forstok 17.668998003006 Detik
Duration Looping 700 Data 161.91733789444 Detik 
Total Duration 161.91746401787 Detik 
------------------------- 
Tanggal: 16-12-2021 08:50:01 
Duration Download Forstok 15.271577119827 Detik
Duration Looping 700 Data 148.18517708778 Detik 
Total Duration 148.1852581501 Detik 
------------------------- 
Tanggal: 16-12-2021 08:55:01 
Duration Download Forstok 11.59015583992 Detik
Duration Looping 700 Data 148.01205682755 Detik 
Total Duration 148.01217293739 Detik 
------------------------- 
Tanggal: 16-12-2021 09:00:01 
Duration Download Forstok 13.37991309166 Detik
Duration Looping 700 Data 157.71699595451 Detik 
Total Duration 157.71708607674 Detik 
------------------------- 
Tanggal: 16-12-2021 09:05:01 
Duration Download Forstok 23.628466844559 Detik
Duration Looping 700 Data 156.92497396469 Detik 
Total Duration 156.9250600338 Detik 
------------------------- 
Tanggal: 16-12-2021 09:10:01 
Duration Download Forstok 13.776287078857 Detik
Duration Looping 700 Data 153.08658695221 Detik 
Total Duration 153.08670306206 Detik 
------------------------- 
Tanggal: 16-12-2021 09:15:01 
Duration Download Forstok 14.75352191925 Detik
Duration Looping 700 Data 148.90950798988 Detik 
Total Duration 148.90962100029 Detik 
------------------------- 
Tanggal: 16-12-2021 09:20:02 
Duration Download Forstok 15.402208089828 Detik
Duration Looping 700 Data 155.86529612541 Detik 
Total Duration 155.8654191494 Detik 
------------------------- 
Tanggal: 16-12-2021 09:25:01 
Duration Download Forstok 12.394935131073 Detik
Duration Looping 700 Data 146.54216313362 Detik 
Total Duration 146.54230093956 Detik 
------------------------- 
Tanggal: 16-12-2021 09:30:01 
Duration Download Forstok 13.597867965698 Detik
Duration Looping 700 Data 153.64245390892 Detik 
Total Duration 153.64257192612 Detik 
------------------------- 
Tanggal: 16-12-2021 09:35:01 
Duration Download Forstok 13.532497882843 Detik
Duration Looping 700 Data 150.97278594971 Detik 
Total Duration 150.97291493416 Detik 
------------------------- 
Tanggal: 16-12-2021 09:40:01 
Duration Download Forstok 15.579585075378 Detik
Duration Looping 700 Data 151.380641222 Detik 
Total Duration 151.38074111938 Detik 
------------------------- 
Tanggal: 16-12-2021 09:45:01 
Duration Download Forstok 14.7837870121 Detik
Duration Looping 700 Data 151.26460599899 Detik 
Total Duration 151.26472902298 Detik 
------------------------- 
Tanggal: 16-12-2021 09:50:01 
Duration Download Forstok 12.233247041702 Detik
Duration Looping 700 Data 147.87766098976 Detik 
Total Duration 147.87779092789 Detik 
------------------------- 
Tanggal: 16-12-2021 09:55:01 
Duration Download Forstok 15.464301109314 Detik
Duration Looping 700 Data 155.23472499847 Detik 
Total Duration 155.23484110832 Detik 
------------------------- 
Tanggal: 16-12-2021 10:00:01 
Duration Download Forstok 17.123379945755 Detik
Duration Looping 700 Data 157.98715305328 Detik 
Total Duration 157.98724508286 Detik 
------------------------- 
Tanggal: 16-12-2021 10:05:01 
Duration Download Forstok 26.566956996918 Detik
Duration Looping 700 Data 167.50944280624 Detik 
Total Duration 167.50956702232 Detik 
------------------------- 
Tanggal: 16-12-2021 10:10:01 
Duration Download Forstok 13.169107913971 Detik
Duration Looping 700 Data 149.00540304184 Detik 
Total Duration 149.00551795959 Detik 
------------------------- 
Tanggal: 16-12-2021 10:15:01 
Duration Download Forstok 15.083839178085 Detik
Duration Looping 700 Data 153.14787220955 Detik 
Total Duration 153.14799904823 Detik 
------------------------- 
Tanggal: 16-12-2021 10:20:01 
Duration Download Forstok 12.089084863663 Detik
Duration Looping 700 Data 158.67312788963 Detik 
Total Duration 158.67324995995 Detik 
------------------------- 
Tanggal: 16-12-2021 10:25:01 
Duration Download Forstok 13.640567064285 Detik
Duration Looping 700 Data 153.10223007202 Detik 
Total Duration 153.10234498978 Detik 
------------------------- 
Tanggal: 16-12-2021 10:30:01 
Duration Download Forstok 14.097676992416 Detik
Duration Looping 700 Data 153.21106410027 Detik 
Total Duration 153.21117901802 Detik 
------------------------- 
Tanggal: 16-12-2021 10:35:01 
Duration Download Forstok 12.931443929672 Detik
Duration Looping 700 Data 152.22812390327 Detik 
Total Duration 152.22825098038 Detik 
------------------------- 
Tanggal: 16-12-2021 10:40:01 
Duration Download Forstok 15.051198005676 Detik
Duration Looping 700 Data 154.99509191513 Detik 
Total Duration 154.99520993233 Detik 
------------------------- 
Tanggal: 16-12-2021 10:45:01 
Duration Download Forstok 15.679574966431 Detik
Duration Looping 700 Data 157.18512392044 Detik 
Total Duration 157.18524289131 Detik 
------------------------- 
Tanggal: 16-12-2021 10:50:01 
Duration Download Forstok 11.255261898041 Detik
Duration Looping 700 Data 148.12131905556 Detik 
Total Duration 148.12145805359 Detik 
------------------------- 
Tanggal: 16-12-2021 10:55:01 
Duration Download Forstok 13.949767112732 Detik
Duration Looping 700 Data 155.97355103493 Detik 
Total Duration 155.97367119789 Detik 
------------------------- 
Tanggal: 16-12-2021 11:00:01 
Duration Download Forstok 14.243106842041 Detik
Duration Looping 700 Data 160.99781298637 Detik 
Total Duration 160.99795198441 Detik 
------------------------- 
Tanggal: 16-12-2021 11:05:02 
Duration Download Forstok 20.664073944092 Detik
Duration Looping 700 Data 157.91812992096 Detik 
Total Duration 157.91822099686 Detik 
------------------------- 
Tanggal: 16-12-2021 11:10:02 
Duration Download Forstok 19.965657949448 Detik
Duration Looping 700 Data 157.31236696243 Detik 
Total Duration 157.31245803833 Detik 
------------------------- 
Tanggal: 16-12-2021 11:15:01 
Duration Download Forstok 20.481856107712 Detik
Duration Looping 700 Data 159.42827010155 Detik 
Total Duration 159.42838406563 Detik 
------------------------- 
Tanggal: 16-12-2021 11:20:01 
Duration Download Forstok 12.559674024582 Detik
Duration Looping 700 Data 149.7945971489 Detik 
Total Duration 149.79471802711 Detik 
------------------------- 
Tanggal: 16-12-2021 11:25:01 
Duration Download Forstok 15.123300075531 Detik
Duration Looping 700 Data 150.2066090107 Detik 
Total Duration 150.20673203468 Detik 
------------------------- 
Tanggal: 16-12-2021 11:30:01 
Duration Download Forstok 16.462264060974 Detik
Duration Looping 700 Data 150.2202501297 Detik 
Total Duration 150.22035694122 Detik 
------------------------- 
Tanggal: 16-12-2021 11:35:01 
Duration Download Forstok 23.102782011032 Detik
Duration Looping 700 Data 162.43731999397 Detik 
Total Duration 162.43745088577 Detik 
------------------------- 
Tanggal: 16-12-2021 11:40:01 
Duration Download Forstok 20.488373994827 Detik
Duration Looping 700 Data 161.24487996101 Detik 
Total Duration 161.24500203133 Detik 
------------------------- 
Tanggal: 16-12-2021 11:45:01 
Duration Download Forstok 17.599619865417 Detik
Duration Looping 700 Data 159.31454586983 Detik 
Total Duration 159.3146750927 Detik 
------------------------- 
Tanggal: 16-12-2021 11:50:01 
Duration Download Forstok 12.122510910034 Detik
Duration Looping 700 Data 165.29946398735 Detik 
Total Duration 165.29957294464 Detik 
------------------------- 
Tanggal: 16-12-2021 11:55:01 
Duration Download Forstok 13.514480829239 Detik
Duration Looping 700 Data 154.73937892914 Detik 
Total Duration 154.7394797802 Detik 
------------------------- 
Tanggal: 16-12-2021 12:00:01 
Duration Download Forstok 16.550354003906 Detik
Duration Looping 700 Data 157.83616900444 Detik 
Total Duration 157.83627104759 Detik 
------------------------- 
Tanggal: 16-12-2021 12:05:01 
Duration Download Forstok 25.50831413269 Detik
Duration Looping 700 Data 162.66463518143 Detik 
Total Duration 162.66472506523 Detik 
------------------------- 
Tanggal: 16-12-2021 12:10:01 
Duration Download Forstok 12.613261938095 Detik
Duration Looping 700 Data 142.29437685013 Detik 
Total Duration 142.29448986053 Detik 
------------------------- 
Tanggal: 16-12-2021 12:15:01 
Duration Download Forstok 17.691557884216 Detik
Duration Looping 700 Data 151.91611385345 Detik 
Total Duration 151.91620206833 Detik 
------------------------- 
Tanggal: 16-12-2021 12:20:01 
Duration Download Forstok 16.483701944351 Detik
Duration Looping 700 Data 153.96921491623 Detik 
Total Duration 153.96932506561 Detik 
------------------------- 
Tanggal: 16-12-2021 12:25:01 
Duration Download Forstok 15.682664871216 Detik
Duration Looping 700 Data 151.98877692223 Detik 
Total Duration 151.98890590668 Detik 
------------------------- 
Tanggal: 16-12-2021 12:30:01 
Duration Download Forstok 15.921317100525 Detik
Duration Looping 700 Data 152.22345113754 Detik 
Total Duration 152.2235481739 Detik 
------------------------- 
Tanggal: 16-12-2021 12:35:01 
Duration Download Forstok 17.655132055283 Detik
Duration Looping 700 Data 150.52625012398 Detik 
Total Duration 150.52635908127 Detik 
------------------------- 
Tanggal: 16-12-2021 12:40:01 
Duration Download Forstok 15.553423881531 Detik
Duration Looping 700 Data 156.01655483246 Detik 
Total Duration 156.01667284966 Detik 
------------------------- 
Tanggal: 16-12-2021 12:45:02 
Duration Download Forstok 16.600386142731 Detik
Duration Looping 700 Data 152.23506617546 Detik 
Total Duration 152.23518514633 Detik 
------------------------- 
Tanggal: 16-12-2021 12:50:01 
Duration Download Forstok 13.17557311058 Detik
Duration Looping 700 Data 146.8434650898 Detik 
Total Duration 146.84361720085 Detik 
------------------------- 
Tanggal: 16-12-2021 12:55:01 
Duration Download Forstok 13.539180040359 Detik
Duration Looping 700 Data 144.03909802437 Detik 
Total Duration 144.03922200203 Detik 
------------------------- 
Tanggal: 16-12-2021 13:00:01 
Duration Download Forstok 12.985885858536 Detik
Duration Looping 700 Data 151.36599183083 Detik 
Total Duration 151.36608886719 Detik 
------------------------- 
Tanggal: 16-12-2021 13:05:01 
Duration Download Forstok 16.687155008316 Detik
Duration Looping 700 Data 155.15039300919 Detik 
Total Duration 155.15051913261 Detik 
------------------------- 
Tanggal: 16-12-2021 13:10:01 
Duration Download Forstok 14.101203918457 Detik
Duration Looping 700 Data 150.09896802902 Detik 
Total Duration 150.09909081459 Detik 
------------------------- 
Tanggal: 16-12-2021 13:15:01 
Duration Download Forstok 15.143754005432 Detik
Duration Looping 700 Data 155.93089008331 Detik 
Total Duration 155.93101406097 Detik 
------------------------- 
Tanggal: 16-12-2021 13:20:01 
Duration Download Forstok 15.338520050049 Detik
Duration Looping 700 Data 157.26168084145 Detik 
Total Duration 157.26180887222 Detik 
------------------------- 
Tanggal: 16-12-2021 13:25:01 
Duration Download Forstok 15.168606042862 Detik
Duration Looping 700 Data 156.06532788277 Detik 
Total Duration 156.0654270649 Detik 
------------------------- 
Tanggal: 16-12-2021 13:30:01 
Duration Download Forstok 17.33061003685 Detik
Duration Looping 700 Data 155.25885009766 Detik 
Total Duration 155.25896811485 Detik 
------------------------- 
Tanggal: 16-12-2021 13:35:01 
Duration Download Forstok 22.632298946381 Detik
Duration Looping 700 Data 162.82360100746 Detik 
Total Duration 162.82372188568 Detik 
------------------------- 
Tanggal: 16-12-2021 13:40:01 
Duration Download Forstok 16.085088968277 Detik
Duration Looping 700 Data 152.06681609154 Detik 
Total Duration 152.06696796417 Detik 
------------------------- 
Tanggal: 16-12-2021 13:45:01 
Duration Download Forstok 16.97633600235 Detik
Duration Looping 700 Data 150.81651616096 Detik 
Total Duration 150.81661319733 Detik 
------------------------- 
Tanggal: 16-12-2021 13:50:01 
Duration Download Forstok 11.612133979797 Detik
Duration Looping 700 Data 143.62529587746 Detik 
Total Duration 143.62540888786 Detik 
------------------------- 
Tanggal: 16-12-2021 13:55:01 
Duration Download Forstok 13.563392162323 Detik
Duration Looping 700 Data 145.23864102364 Detik 
Total Duration 145.23876714706 Detik 
------------------------- 
Tanggal: 16-12-2021 14:00:01 
Duration Download Forstok 17.593732118607 Detik
Duration Looping 700 Data 154.39514398575 Detik 
Total Duration 154.39526700974 Detik 
------------------------- 
Tanggal: 16-12-2021 14:05:01 
Duration Download Forstok 19.950047016144 Detik
Duration Looping 700 Data 156.69234800339 Detik 
Total Duration 156.69248390198 Detik 
------------------------- 
Tanggal: 16-12-2021 14:10:01 
Duration Download Forstok 12.467890977859 Detik
Duration Looping 700 Data 151.99140501022 Detik 
Total Duration 151.99150800705 Detik 
------------------------- 
Tanggal: 16-12-2021 14:15:01 
Duration Download Forstok 21.144078016281 Detik
Duration Looping 700 Data 160.39267396927 Detik 
Total Duration 160.39279508591 Detik 
------------------------- 
Tanggal: 16-12-2021 14:20:01 
Duration Download Forstok 17.815760850906 Detik
Duration Looping 700 Data 157.31456685066 Detik 
Total Duration 157.31468677521 Detik 
------------------------- 
Tanggal: 16-12-2021 14:25:01 
Duration Download Forstok 15.123011112213 Detik
Duration Looping 700 Data 154.67544198036 Detik 
Total Duration 154.67554402351 Detik 
------------------------- 
Tanggal: 16-12-2021 14:30:01 
Duration Download Forstok 16.022115945816 Detik
Duration Looping 700 Data 155.54796695709 Detik 
Total Duration 155.54809212685 Detik 
------------------------- 
Tanggal: 16-12-2021 14:35:01 
Duration Download Forstok 32.769564151764 Detik
Duration Looping 700 Data 170.39205813408 Detik 
Total Duration 170.3921751976 Detik 
------------------------- 
Tanggal: 16-12-2021 14:40:01 
Duration Download Forstok 17.541059017181 Detik
Duration Looping 700 Data 157.44043302536 Detik 
Total Duration 157.44055891037 Detik 
------------------------- 
Tanggal: 16-12-2021 14:45:01 
Duration Download Forstok 12.131965875626 Detik
Duration Looping 700 Data 146.66550302505 Detik 
Total Duration 146.66562390327 Detik 
------------------------- 
Tanggal: 16-12-2021 14:50:01 
Duration Download Forstok 13.936717033386 Detik
Duration Looping 700 Data 156.72687292099 Detik 
Total Duration 156.72698998451 Detik 
------------------------- 
Tanggal: 16-12-2021 14:55:01 
Duration Download Forstok 12.163275957108 Detik
Duration Looping 700 Data 146.9919860363 Detik 
Total Duration 146.99212384224 Detik 
------------------------- 
Tanggal: 16-12-2021 15:00:01 
Duration Download Forstok 17.436681985855 Detik
Duration Looping 700 Data 156.75060415268 Detik 
Total Duration 156.75072216988 Detik 
------------------------- 
Tanggal: 16-12-2021 15:05:01 
Duration Download Forstok 26.411666154861 Detik
Duration Looping 700 Data 158.61735010147 Detik 
Total Duration 158.61746501923 Detik 
------------------------- 
Tanggal: 16-12-2021 15:10:01 
Duration Download Forstok 24.033715009689 Detik
Duration Looping 700 Data 175.718282938 Detik 
Total Duration 175.71840310097 Detik 
------------------------- 
Tanggal: 16-12-2021 15:15:01 
Duration Download Forstok 14.607645988464 Detik
Duration Looping 700 Data 150.72361803055 Detik 
Total Duration 150.72375893593 Detik 
------------------------- 
Tanggal: 16-12-2021 15:20:01 
Duration Download Forstok 13.816111087799 Detik
Duration Looping 700 Data 153.65195298195 Detik 
Total Duration 153.65207004547 Detik 
------------------------- 
Tanggal: 16-12-2021 15:25:01 
Duration Download Forstok 14.847702026367 Detik
Duration Looping 700 Data 147.67190694809 Detik 
Total Duration 147.67202806473 Detik 
------------------------- 
Tanggal: 16-12-2021 15:30:01 
Duration Download Forstok 11.876291036606 Detik
Duration Looping 700 Data 147.92500710487 Detik 
Total Duration 147.92511701584 Detik 
------------------------- 
Tanggal: 16-12-2021 15:35:01 
Duration Download Forstok 17.529257059097 Detik
Duration Looping 700 Data 156.39093089104 Detik 
Total Duration 156.391051054 Detik 
------------------------- 
Tanggal: 16-12-2021 15:40:01 
Duration Download Forstok 12.333231925964 Detik
Duration Looping 700 Data 154.78532290459 Detik 
Total Duration 154.78543686867 Detik 
------------------------- 
Tanggal: 16-12-2021 15:45:02 
Duration Download Forstok 30.195031166077 Detik
Duration Looping 700 Data 175.2543129921 Detik 
Total Duration 175.25441598892 Detik 
------------------------- 
Tanggal: 16-12-2021 15:50:01 
Duration Download Forstok 12.346939086914 Detik
Duration Looping 700 Data 146.52402305603 Detik 
Total Duration 146.52414298058 Detik 
------------------------- 
Tanggal: 16-12-2021 15:55:00 
Duration Download Forstok 13.471925020218 Detik
Duration Looping 700 Data 151.68445706367 Detik 
Total Duration 151.68454694748 Detik 
------------------------- 
Tanggal: 16-12-2021 16:00:01 
Duration Download Forstok 16.453389883041 Detik
Duration Looping 700 Data 156.01551103592 Detik 
Total Duration 156.01563286781 Detik 
------------------------- 
Tanggal: 16-12-2021 16:05:01 
Duration Download Forstok 17.449374914169 Detik
Duration Looping 700 Data 157.87661194801 Detik 
Total Duration 157.87673091888 Detik 
------------------------- 
Tanggal: 16-12-2021 16:10:01 
Duration Download Forstok 12.893183946609 Detik
Duration Looping 700 Data 143.14820313454 Detik 
Total Duration 143.14832997322 Detik 
------------------------- 
Tanggal: 16-12-2021 16:15:01 
Duration Download Forstok 18.383574008942 Detik
Duration Looping 700 Data 158.72931098938 Detik 
Total Duration 158.72939991951 Detik 
------------------------- 
Tanggal: 16-12-2021 16:20:01 
Duration Download Forstok 13.298762083054 Detik
Duration Looping 700 Data 150.49834704399 Detik 
Total Duration 150.49846816063 Detik 
------------------------- 
Tanggal: 16-12-2021 16:25:01 
Duration Download Forstok 13.988667964935 Detik
Duration Looping 700 Data 154.54418897629 Detik 
Total Duration 154.54431390762 Detik 
------------------------- 
Tanggal: 16-12-2021 16:30:01 
Duration Download Forstok 20.616529941559 Detik
Duration Looping 700 Data 153.32395601273 Detik 
Total Duration 153.32405805588 Detik 
------------------------- 
Tanggal: 16-12-2021 16:35:01 
Duration Download Forstok 15.548227071762 Detik
Duration Looping 700 Data 147.80096006393 Detik 
Total Duration 147.80108308792 Detik 
------------------------- 
Tanggal: 16-12-2021 16:40:01 
Duration Download Forstok 14.756632089615 Detik
Duration Looping 700 Data 157.4878590107 Detik 
Total Duration 157.48797416687 Detik 
------------------------- 
Tanggal: 16-12-2021 16:45:01 
Duration Download Forstok 17.669855117798 Detik
Duration Looping 700 Data 155.16467618942 Detik 
Total Duration 155.16480612755 Detik 
------------------------- 
Tanggal: 16-12-2021 16:50:01 
Duration Download Forstok 15.419527053833 Detik
Duration Looping 700 Data 152.54683208466 Detik 
Total Duration 152.54695105553 Detik 
------------------------- 
Tanggal: 16-12-2021 16:55:01 
Duration Download Forstok 14.890572071075 Detik
Duration Looping 700 Data 151.28296613693 Detik 
Total Duration 151.28308916092 Detik 
------------------------- 
Tanggal: 16-12-2021 17:00:01 
Duration Download Forstok 17.704170942307 Detik
Duration Looping 700 Data 156.3810300827 Detik 
Total Duration 156.38114500046 Detik 
------------------------- 
Tanggal: 16-12-2021 17:05:01 
Duration Download Forstok 23.896006822586 Detik
Duration Looping 700 Data 157.12348079681 Detik 
Total Duration 157.12360286713 Detik 
------------------------- 
Tanggal: 16-12-2021 17:10:01 
Duration Download Forstok 12.705410957336 Detik
Duration Looping 700 Data 145.24471092224 Detik 
Total Duration 145.24480295181 Detik 
------------------------- 
Tanggal: 16-12-2021 17:15:01 
Duration Download Forstok 21.368222951889 Detik
Duration Looping 700 Data 155.61384391785 Detik 
Total Duration 155.61396789551 Detik 
------------------------- 
Tanggal: 16-12-2021 17:20:01 
Duration Download Forstok 16.155339002609 Detik
Duration Looping 700 Data 148.34498286247 Detik 
Total Duration 148.34511494637 Detik 
------------------------- 
Tanggal: 16-12-2021 17:25:01 
Duration Download Forstok 15.60980796814 Detik
Duration Looping 700 Data 145.99084186554 Detik 
Total Duration 145.9909620285 Detik 
------------------------- 
Tanggal: 16-12-2021 17:30:01 
Duration Download Forstok 14.009017944336 Detik
Duration Looping 700 Data 145.47314691544 Detik 
Total Duration 145.47326588631 Detik 
------------------------- 
Tanggal: 16-12-2021 17:35:01 
Duration Download Forstok 21.309074878693 Detik
Duration Looping 700 Data 152.48753595352 Detik 
Total Duration 152.48764491081 Detik 
------------------------- 
Tanggal: 16-12-2021 17:40:01 
Duration Download Forstok 15.153588056564 Detik
Duration Looping 700 Data 150.05575895309 Detik 
Total Duration 150.0558719635 Detik 
------------------------- 
Tanggal: 16-12-2021 17:45:01 
Duration Download Forstok 17.538665056229 Detik
Duration Looping 700 Data 147.96142911911 Detik 
Total Duration 147.96155500412 Detik 
------------------------- 
Tanggal: 16-12-2021 17:50:01 
Duration Download Forstok 12.80297088623 Detik
Duration Looping 700 Data 149.38771700859 Detik 
Total Duration 149.38783788681 Detik 
------------------------- 
Tanggal: 16-12-2021 17:55:01 
Duration Download Forstok 14.842573165894 Detik
Duration Looping 700 Data 147.95661211014 Detik 
Total Duration 147.95672798157 Detik 
------------------------- 
Tanggal: 16-12-2021 18:00:01 
Duration Download Forstok 16.533285140991 Detik
Duration Looping 700 Data 150.64697599411 Detik 
Total Duration 150.64707398415 Detik 
------------------------- 
Tanggal: 16-12-2021 18:05:01 
Duration Download Forstok 26.159109115601 Detik
Duration Looping 700 Data 159.21271204948 Detik 
Total Duration 159.2128329277 Detik 
------------------------- 
Tanggal: 16-12-2021 18:10:01 
Duration Download Forstok 13.809447050095 Detik
Duration Looping 700 Data 143.82469105721 Detik 
Total Duration 143.82481098175 Detik 
------------------------- 
Tanggal: 16-12-2021 18:15:01 
Duration Download Forstok 16.336621999741 Detik
Duration Looping 700 Data 149.78833580017 Detik 
Total Duration 149.78845286369 Detik 
------------------------- 
Tanggal: 16-12-2021 18:20:01 
Duration Download Forstok 16.685334205627 Detik
Duration Looping 700 Data 149.68203306198 Detik 
Total Duration 149.68214607239 Detik 
------------------------- 
Tanggal: 16-12-2021 18:25:01 
Duration Download Forstok 15.482923984528 Detik
Duration Looping 700 Data 144.93585801125 Detik 
Total Duration 144.93598914146 Detik 
------------------------- 
Tanggal: 16-12-2021 18:30:01 
Duration Download Forstok 15.264853954315 Detik
Duration Looping 700 Data 143.36187005043 Detik 
Total Duration 143.36195397377 Detik 
------------------------- 
Tanggal: 16-12-2021 18:35:01 
Duration Download Forstok 13.680489063263 Detik
Duration Looping 700 Data 140.45786213875 Detik 
Total Duration 140.45797395706 Detik 
------------------------- 
Tanggal: 16-12-2021 18:40:01 
Duration Download Forstok 15.52446603775 Detik
Duration Looping 700 Data 145.20101904869 Detik 
Total Duration 145.20115804672 Detik 
------------------------- 
Tanggal: 16-12-2021 18:45:01 
Duration Download Forstok 19.871423006058 Detik
Duration Looping 700 Data 152.94428706169 Detik 
Total Duration 152.94441699982 Detik 
------------------------- 
Tanggal: 16-12-2021 18:50:01 
Duration Download Forstok 15.375027179718 Detik
Duration Looping 700 Data 143.98739910126 Detik 
Total Duration 143.98752307892 Detik 
------------------------- 
Tanggal: 16-12-2021 18:55:01 
Duration Download Forstok 14.070678949356 Detik
Duration Looping 700 Data 147.0446138382 Detik 
Total Duration 147.04476690292 Detik 
------------------------- 
Tanggal: 16-12-2021 19:00:01 
Duration Download Forstok 16.117737054825 Detik
Duration Looping 700 Data 147.34839987755 Detik 
Total Duration 147.3485159874 Detik 
------------------------- 
Tanggal: 16-12-2021 19:05:01 
Duration Download Forstok 25.278751134872 Detik
Duration Looping 700 Data 161.44637703896 Detik 
Total Duration 161.4464931488 Detik 
------------------------- 
Tanggal: 16-12-2021 19:10:01 
Duration Download Forstok 14.139408111572 Detik
Duration Looping 700 Data 147.23062300682 Detik 
Total Duration 147.23073816299 Detik 
------------------------- 
Tanggal: 16-12-2021 19:15:01 
Duration Download Forstok 16.240118026733 Detik
Duration Looping 700 Data 146.06794595718 Detik 
Total Duration 146.06802988052 Detik 
------------------------- 
Tanggal: 16-12-2021 19:20:01 
Duration Download Forstok 16.748919963837 Detik
Duration Looping 700 Data 152.1623570919 Detik 
Total Duration 152.16247105598 Detik 
------------------------- 
Tanggal: 16-12-2021 19:25:01 
Duration Download Forstok 16.106747865677 Detik
Duration Looping 700 Data 146.82520985603 Detik 
Total Duration 146.82533788681 Detik 
------------------------- 
Tanggal: 16-12-2021 19:30:01 
Duration Download Forstok 12.25768995285 Detik
Duration Looping 700 Data 139.09728908539 Detik 
Total Duration 139.09740495682 Detik 
------------------------- 
Tanggal: 16-12-2021 19:35:01 
Duration Download Forstok 18.024194002151 Detik
Duration Looping 700 Data 147.84070897102 Detik 
Total Duration 147.84084510803 Detik 
------------------------- 
Tanggal: 16-12-2021 19:40:01 
Duration Download Forstok 14.015104055405 Detik
Duration Looping 700 Data 145.60484004021 Detik 
Total Duration 145.60495710373 Detik 
------------------------- 
Tanggal: 16-12-2021 19:45:01 
Duration Download Forstok 18.681944131851 Detik
Duration Looping 700 Data 147.28926706314 Detik 
Total Duration 147.28938007355 Detik 
------------------------- 
Tanggal: 16-12-2021 19:50:01 
Duration Download Forstok 16.118578910828 Detik
Duration Looping 700 Data 153.92223286629 Detik 
Total Duration 153.92235183716 Detik 
------------------------- 
Tanggal: 16-12-2021 19:55:01 
Duration Download Forstok 13.366173028946 Detik
Duration Looping 700 Data 140.69557499886 Detik 
Total Duration 140.69566106796 Detik 
------------------------- 
Tanggal: 16-12-2021 20:00:01 
Duration Download Forstok 14.506916999817 Detik
Duration Looping 700 Data 152.28076291084 Detik 
Total Duration 152.28086304665 Detik 
------------------------- 
Tanggal: 16-12-2021 20:05:01 
Duration Download Forstok 26.431118965149 Detik
Duration Looping 700 Data 156.74654483795 Detik 
Total Duration 156.74669098854 Detik 
------------------------- 
Tanggal: 16-12-2021 20:10:01 
Duration Download Forstok 14.130918979645 Detik
Duration Looping 700 Data 148.07126402855 Detik 
Total Duration 148.07136917114 Detik 
------------------------- 
Tanggal: 16-12-2021 20:15:01 
Duration Download Forstok 14.454721927643 Detik
Duration Looping 700 Data 147.20226693153 Detik 
Total Duration 147.20238804817 Detik 
------------------------- 
Tanggal: 16-12-2021 20:20:01 
Duration Download Forstok 14.057138204575 Detik
Duration Looping 700 Data 151.16966199875 Detik 
Total Duration 151.1697781086 Detik 
------------------------- 
Tanggal: 16-12-2021 20:25:01 
Duration Download Forstok 15.582133054733 Detik
Duration Looping 700 Data 147.86566090584 Detik 
Total Duration 147.86578202248 Detik 
------------------------- 
Tanggal: 16-12-2021 20:30:01 
Duration Download Forstok 14.09410905838 Detik
Duration Looping 700 Data 147.19444012642 Detik 
Total Duration 147.19454216957 Detik 
------------------------- 
Tanggal: 16-12-2021 20:35:01 
Duration Download Forstok 14.941067934036 Detik
Duration Looping 700 Data 148.20370912552 Detik 
Total Duration 148.2038359642 Detik 
------------------------- 
Tanggal: 16-12-2021 20:40:02 
Duration Download Forstok 15.743458032608 Detik
Duration Looping 700 Data 145.53333997726 Detik 
Total Duration 145.53345608711 Detik 
------------------------- 
Tanggal: 16-12-2021 20:45:01 
Duration Download Forstok 19.039618015289 Detik
Duration Looping 700 Data 153.44739794731 Detik 
Total Duration 153.44751286507 Detik 
------------------------- 
Tanggal: 16-12-2021 20:50:01 
Duration Download Forstok 14.023366212845 Detik
Duration Looping 700 Data 147.15376019478 Detik 
Total Duration 147.15387606621 Detik 
------------------------- 
Tanggal: 16-12-2021 20:55:01 
Duration Download Forstok 13.985279083252 Detik
Duration Looping 700 Data 145.66949605942 Detik 
Total Duration 145.66960906982 Detik 
------------------------- 
Tanggal: 16-12-2021 21:00:01 
Duration Download Forstok 14.001032829285 Detik
Duration Looping 700 Data 151.82240390778 Detik 
Total Duration 151.82251596451 Detik 
------------------------- 
Tanggal: 16-12-2021 21:05:01 
Duration Download Forstok 24.012050867081 Detik
Duration Looping 700 Data 158.44255900383 Detik 
Total Duration 158.442663908 Detik 
------------------------- 
Tanggal: 16-12-2021 21:10:01 
Duration Download Forstok 19.336645126343 Detik
Duration Looping 700 Data 151.33688902855 Detik 
Total Duration 151.33701515198 Detik 
------------------------- 
Tanggal: 16-12-2021 21:15:01 
Duration Download Forstok 18.619904994965 Detik
Duration Looping 700 Data 147.32531690598 Detik 
Total Duration 147.32542204857 Detik 
------------------------- 
Tanggal: 16-12-2021 21:20:01 
Duration Download Forstok 18.66139292717 Detik
Duration Looping 700 Data 149.88434696198 Detik 
Total Duration 149.88448786736 Detik 
------------------------- 
Tanggal: 16-12-2021 21:25:01 
Duration Download Forstok 13.658215045929 Detik
Duration Looping 700 Data 149.72589707375 Detik 
Total Duration 149.72601103783 Detik 
------------------------- 
Tanggal: 16-12-2021 21:30:01 
Duration Download Forstok 14.763617038727 Detik
Duration Looping 700 Data 156.33862614632 Detik 
Total Duration 156.33875417709 Detik 
------------------------- 
Tanggal: 16-12-2021 21:35:01 
Duration Download Forstok 13.246552944183 Detik
Duration Looping 700 Data 148.49663090706 Detik 
Total Duration 148.49675488472 Detik 
------------------------- 
Tanggal: 16-12-2021 21:40:01 
Duration Download Forstok 16.295445919037 Detik
Duration Looping 700 Data 156.24042201042 Detik 
Total Duration 156.24054288864 Detik 
------------------------- 
Tanggal: 16-12-2021 21:45:01 
Duration Download Forstok 14.778564929962 Detik
Duration Looping 700 Data 147.06302499771 Detik 
Total Duration 147.06313586235 Detik 
------------------------- 
Tanggal: 16-12-2021 21:50:01 
Duration Download Forstok 21.881375074387 Detik
Duration Looping 700 Data 154.42399311066 Detik 
Total Duration 154.42413210869 Detik 
------------------------- 
Tanggal: 16-12-2021 21:55:01 
Duration Download Forstok 15.824496984482 Detik
Duration Looping 700 Data 154.85202503204 Detik 
Total Duration 154.85214710236 Detik 
------------------------- 
Tanggal: 16-12-2021 22:00:01 
Duration Download Forstok 15.331836938858 Detik
Duration Looping 700 Data 153.70476603508 Detik 
Total Duration 153.70486903191 Detik 
------------------------- 
Tanggal: 16-12-2021 22:05:01 
Duration Download Forstok 20.377316951752 Detik
Duration Looping 700 Data 149.40086293221 Detik 
Total Duration 149.40101695061 Detik 
------------------------- 
Tanggal: 16-12-2021 22:10:01 
Duration Download Forstok 16.273350000381 Detik
Duration Looping 700 Data 153.74628996849 Detik 
Total Duration 153.74645495415 Detik 
------------------------- 
Tanggal: 16-12-2021 22:15:01 
Duration Download Forstok 14.190402030945 Detik
Duration Looping 700 Data 150.65875601768 Detik 
Total Duration 150.65887713432 Detik 
------------------------- 
Tanggal: 16-12-2021 22:20:01 
Duration Download Forstok 15.700960874557 Detik
Duration Looping 700 Data 146.20105099678 Detik 
Total Duration 146.20133590698 Detik 
------------------------- 
Tanggal: 16-12-2021 22:25:01 
Duration Download Forstok 17.869603872299 Detik
Duration Looping 700 Data 145.85965490341 Detik 
Total Duration 145.85977697372 Detik 
------------------------- 
Tanggal: 16-12-2021 22:30:01 
Duration Download Forstok 18.539771080017 Detik
Duration Looping 700 Data 150.07245707512 Detik 
Total Duration 150.0725941658 Detik 
------------------------- 
Tanggal: 16-12-2021 22:35:01 
Duration Download Forstok 13.753278017044 Detik
Duration Looping 700 Data 145.43514895439 Detik 
Total Duration 145.43527293205 Detik 
------------------------- 
Tanggal: 16-12-2021 22:40:01 
Duration Download Forstok 11.555912017822 Detik
Duration Looping 700 Data 144.80448293686 Detik 
Total Duration 144.80460214615 Detik 
------------------------- 
Tanggal: 16-12-2021 22:45:01 
Duration Download Forstok 18.680376052856 Detik
Duration Looping 700 Data 159.87786006927 Detik 
Total Duration 159.87797808647 Detik 
------------------------- 
Tanggal: 16-12-2021 22:50:01 
Duration Download Forstok 18.146547079086 Detik
Duration Looping 700 Data 149.96871304512 Detik 
Total Duration 149.96881198883 Detik 
------------------------- 
Tanggal: 16-12-2021 22:55:01 
Duration Download Forstok 14.507299184799 Detik
Duration Looping 700 Data 143.63378405571 Detik 
Total Duration 143.6339070797 Detik 
------------------------- 
Tanggal: 16-12-2021 23:00:01 
Duration Download Forstok 15.429912090302 Detik
Duration Looping 700 Data 150.58340191841 Detik 
Total Duration 150.5835211277 Detik 
------------------------- 
Tanggal: 16-12-2021 23:05:01 
Duration Download Forstok 19.434429883957 Detik
Duration Looping 700 Data 153.25561594963 Detik 
Total Duration 153.25573301315 Detik 
------------------------- 
Tanggal: 16-12-2021 23:10:01 
Duration Download Forstok 12.53392791748 Detik
Duration Looping 700 Data 141.8369281292 Detik 
Total Duration 141.83704710007 Detik 
------------------------- 
Tanggal: 16-12-2021 23:15:01 
Duration Download Forstok 17.741477012634 Detik
Duration Looping 700 Data 155.66713905334 Detik 
Total Duration 155.66729807854 Detik 
------------------------- 
Tanggal: 16-12-2021 23:20:01 
Duration Download Forstok 17.049012899399 Detik
Duration Looping 700 Data 151.18479585648 Detik 
Total Duration 151.18491005898 Detik 
------------------------- 
Tanggal: 16-12-2021 23:25:01 
Duration Download Forstok 16.314614057541 Detik
Duration Looping 700 Data 154.48895907402 Detik 
Total Duration 154.48906803131 Detik 
------------------------- 
Tanggal: 16-12-2021 23:30:01 
Duration Download Forstok 13.726435899734 Detik
Duration Looping 700 Data 146.12303495407 Detik 
Total Duration 146.12312197685 Detik 
------------------------- 
Tanggal: 16-12-2021 23:35:01 
Duration Download Forstok 18.485602140427 Detik
Duration Looping 700 Data 148.22483611107 Detik 
Total Duration 148.2249519825 Detik 
------------------------- 
Tanggal: 16-12-2021 23:40:01 
Duration Download Forstok 14.47426199913 Detik
Duration Looping 700 Data 148.30187511444 Detik 
Total Duration 148.30198597908 Detik 
------------------------- 
Tanggal: 16-12-2021 23:45:01 
Duration Download Forstok 16.026540994644 Detik
Duration Looping 700 Data 154.72074389458 Detik 
Total Duration 154.72087287903 Detik 
------------------------- 
Tanggal: 16-12-2021 23:50:01 
Duration Download Forstok 12.752100944519 Detik
Duration Looping 700 Data 141.04727602005 Detik 
Total Duration 141.0473921299 Detik 
------------------------- 
Tanggal: 16-12-2021 23:55:01 
Duration Download Forstok 10.869531869888 Detik
Duration Looping 700 Data 140.08342885971 Detik 
Total Duration 140.08353090286 Detik 
------------------------- 
