Tanggal: 01-11-2021 00:00:01 
Duration Download Forstok 10.54336309433 Detik
Tanggal: 01-11-2021 00:05:01 
Duration Download Forstok 20.10812497139 Detik
Duration Looping 700 Data 579.92440795898 Detik 
Total Duration 579.92454409599 Detik 
------------------------- 
Duration Looping 700 Data 280.02672195435 Detik 
Total Duration 280.02684092522 Detik 
------------------------- 
Tanggal: 01-11-2021 00:10:01 
Duration Download Forstok 13.391101121902 Detik
Duration Looping 700 Data 140.74583292007 Detik 
Total Duration 140.74595093727 Detik 
------------------------- 
Tanggal: 01-11-2021 00:15:01 
Duration Download Forstok 14.162367105484 Detik
Duration Looping 700 Data 180.37584900856 Detik 
Total Duration 180.37656497955 Detik 
------------------------- 
Tanggal: 01-11-2021 00:20:01 
Duration Download Forstok 10.648548841476 Detik
Duration Looping 700 Data 130.42480683327 Detik 
Total Duration 130.42491388321 Detik 
------------------------- 
Tanggal: 01-11-2021 00:25:01 
Duration Download Forstok 17.373440027237 Detik
Duration Looping 700 Data 133.36966490746 Detik 
Total Duration 133.36979007721 Detik 
------------------------- 
Tanggal: 01-11-2021 00:30:01 
Duration Download Forstok 10.216703891754 Detik
Duration Looping 700 Data 129.07696199417 Detik 
Total Duration 129.07708978653 Detik 
------------------------- 
Tanggal: 01-11-2021 00:35:01 
Duration Download Forstok 20.011698961258 Detik
Duration Looping 700 Data 134.41378498077 Detik 
Total Duration 134.4139020443 Detik 
------------------------- 
Tanggal: 01-11-2021 00:40:01 
Duration Download Forstok 11.901974916458 Detik
Duration Looping 700 Data 133.96398186684 Detik 
Total Duration 133.9641020298 Detik 
------------------------- 
Tanggal: 01-11-2021 00:45:01 
Duration Download Forstok 14.214541912079 Detik
Duration Looping 700 Data 126.5039768219 Detik 
Total Duration 126.50409889221 Detik 
------------------------- 
Tanggal: 01-11-2021 00:50:01 
Duration Download Forstok 11.283061027527 Detik
Duration Looping 700 Data 126.53342604637 Detik 
Total Duration 126.53354215622 Detik 
------------------------- 
Tanggal: 01-11-2021 00:55:01 
Duration Download Forstok 14.050006151199 Detik
Duration Looping 700 Data 137.41509103775 Detik 
Total Duration 137.41520500183 Detik 
------------------------- 
Tanggal: 01-11-2021 01:00:01 
Duration Download Forstok 14.821589946747 Detik
Duration Looping 700 Data 133.90774202347 Detik 
Total Duration 133.90785813332 Detik 
------------------------- 
Tanggal: 01-11-2021 01:05:01 
Duration Download Forstok 14.130722999573 Detik
Duration Looping 700 Data 129.56965208054 Detik 
Total Duration 129.56976604462 Detik 
------------------------- 
Tanggal: 01-11-2021 01:10:01 
Duration Download Forstok 26.222650051117 Detik
Duration Looping 700 Data 141.12043499947 Detik 
Total Duration 141.1205329895 Detik 
------------------------- 
Tanggal: 01-11-2021 01:15:01 
Duration Download Forstok 12.769176959991 Detik
Duration Looping 700 Data 124.89371490479 Detik 
Total Duration 124.89383506775 Detik 
------------------------- 
Tanggal: 01-11-2021 01:20:01 
Duration Download Forstok 11.824964046478 Detik
Duration Looping 700 Data 127.67916917801 Detik 
Total Duration 127.67928814888 Detik 
------------------------- 
Tanggal: 01-11-2021 01:25:01 
Duration Download Forstok 16.433945894241 Detik
Duration Looping 700 Data 144.33224892616 Detik 
Total Duration 144.33236289024 Detik 
------------------------- 
Tanggal: 01-11-2021 01:30:01 
Duration Download Forstok 15.767493963242 Detik
Duration Looping 700 Data 127.13493394852 Detik 
Total Duration 127.13504505157 Detik 
------------------------- 
Tanggal: 01-11-2021 01:35:01 
Duration Download Forstok 25.497439146042 Detik
Duration Looping 700 Data 143.86139798164 Detik 
Total Duration 143.86151814461 Detik 
------------------------- 
Tanggal: 01-11-2021 01:40:01 
Duration Download Forstok 10.738754034042 Detik
Duration Looping 700 Data 132.3071949482 Detik 
Total Duration 132.3073079586 Detik 
------------------------- 
Tanggal: 01-11-2021 01:45:01 
Duration Download Forstok 15.521996021271 Detik
Duration Looping 700 Data 126.36850905418 Detik 
Total Duration 126.36862611771 Detik 
------------------------- 
Tanggal: 01-11-2021 01:50:01 
Duration Download Forstok 10.396501064301 Detik
Duration Looping 700 Data 124.71513295174 Detik 
Total Duration 124.71525096893 Detik 
------------------------- 
Tanggal: 01-11-2021 01:55:02 
Duration Download Forstok 16.087469100952 Detik
Duration Looping 700 Data 134.40735697746 Detik 
Total Duration 134.40747499466 Detik 
------------------------- 
Tanggal: 01-11-2021 02:00:01 
Duration Download Forstok 11.350864887238 Detik
Duration Looping 700 Data 129.23756599426 Detik 
Total Duration 129.23768401146 Detik 
------------------------- 
Tanggal: 01-11-2021 02:05:01 
Duration Download Forstok 18.328339099884 Detik
Duration Looping 700 Data 134.19816994667 Detik 
Total Duration 134.19828295708 Detik 
------------------------- 
Tanggal: 01-11-2021 02:10:01 
Duration Download Forstok 18.741897106171 Detik
Duration Looping 700 Data 134.3191549778 Detik 
Total Duration 134.31927204132 Detik 
------------------------- 
Tanggal: 01-11-2021 02:15:01 
Duration Download Forstok 13.933429956436 Detik
Duration Looping 700 Data 129.15787887573 Detik 
Total Duration 129.1579978466 Detik 
------------------------- 
Tanggal: 01-11-2021 02:20:01 
Duration Download Forstok 12.155590057373 Detik
Duration Looping 700 Data 126.40580105782 Detik 
Total Duration 126.40591907501 Detik 
------------------------- 
Tanggal: 01-11-2021 02:25:01 
Duration Download Forstok 22.056234121323 Detik
Duration Looping 700 Data 138.95989394188 Detik 
Total Duration 138.96002602577 Detik 
------------------------- 
Tanggal: 01-11-2021 02:30:01 
Duration Download Forstok 12.210490942001 Detik
Duration Looping 700 Data 122.89106988907 Detik 
Total Duration 122.89118695259 Detik 
------------------------- 
Tanggal: 01-11-2021 02:35:01 
Duration Download Forstok 19.681455850601 Detik
Duration Looping 700 Data 134.37346696854 Detik 
Total Duration 134.37358188629 Detik 
------------------------- 
Tanggal: 01-11-2021 02:40:01 
Duration Download Forstok 12.732882976532 Detik
Duration Looping 700 Data 129.02452898026 Detik 
Total Duration 129.02464103699 Detik 
------------------------- 
Tanggal: 01-11-2021 02:45:01 
Duration Download Forstok 14.241975069046 Detik
Duration Looping 700 Data 128.74775195122 Detik 
Total Duration 128.74787092209 Detik 
------------------------- 
Tanggal: 01-11-2021 02:50:01 
Duration Download Forstok 10.53542804718 Detik
Duration Looping 700 Data 130.29538702965 Detik 
Total Duration 130.29549694061 Detik 
------------------------- 
Tanggal: 01-11-2021 02:55:01 
Duration Download Forstok 13.300659894943 Detik
Duration Looping 700 Data 130.77996778488 Detik 
Total Duration 130.78005981445 Detik 
------------------------- 
Tanggal: 01-11-2021 03:00:01 
Duration Download Forstok 11.122251033783 Detik
Duration Looping 700 Data 128.12660598755 Detik 
Total Duration 128.12672686577 Detik 
------------------------- 
Tanggal: 01-11-2021 03:05:01 
Duration Download Forstok 21.863972902298 Detik
Duration Looping 700 Data 136.83147382736 Detik 
Total Duration 136.83158683777 Detik 
------------------------- 
Tanggal: 01-11-2021 03:10:01 
Duration Download Forstok 12.009231090546 Detik
Duration Looping 700 Data 124.23501086235 Detik 
Total Duration 124.2351269722 Detik 
------------------------- 
Tanggal: 01-11-2021 03:15:01 
Duration Download Forstok 15.328877925873 Detik
Duration Looping 700 Data 128.21969079971 Detik 
Total Duration 128.21980595589 Detik 
------------------------- 
Tanggal: 01-11-2021 03:20:01 
Duration Download Forstok 14.197627067566 Detik
Duration Looping 700 Data 125.79101610184 Detik 
Total Duration 125.79112315178 Detik 
------------------------- 
Tanggal: 01-11-2021 03:25:01 
Duration Download Forstok 12.651609182358 Detik
Duration Looping 700 Data 127.98698496819 Detik 
Total Duration 127.98710012436 Detik 
------------------------- 
Tanggal: 01-11-2021 03:30:01 
Duration Download Forstok 10.551045894623 Detik
Duration Looping 700 Data 121.79391479492 Detik 
Total Duration 121.79402589798 Detik 
------------------------- 
Tanggal: 01-11-2021 03:35:01 
Duration Download Forstok 20.907611131668 Detik
Duration Looping 700 Data 138.28940796852 Detik 
Total Duration 138.28952717781 Detik 
------------------------- 
Tanggal: 01-11-2021 03:40:01 
Duration Download Forstok 12.627718925476 Detik
Duration Looping 700 Data 127.67246603966 Detik 
Total Duration 127.67258000374 Detik 
------------------------- 
Tanggal: 01-11-2021 03:45:01 
Duration Download Forstok 13.374158859253 Detik
Duration Looping 700 Data 127.22938680649 Detik 
Total Duration 127.22949886322 Detik 
------------------------- 
Tanggal: 01-11-2021 03:50:01 
Duration Download Forstok 10.291285991669 Detik
Duration Looping 700 Data 123.97434806824 Detik 
Total Duration 123.97443294525 Detik 
------------------------- 
Tanggal: 01-11-2021 03:55:01 
Duration Download Forstok 17.85645699501 Detik
Duration Looping 700 Data 145.53060603142 Detik 
Total Duration 145.53073692322 Detik 
------------------------- 
Tanggal: 01-11-2021 04:00:01 
Duration Download Forstok 12.142148971558 Detik
Duration Looping 700 Data 124.69559502602 Detik 
Total Duration 124.6957051754 Detik 
------------------------- 
Tanggal: 01-11-2021 04:05:01 
Duration Download Forstok 12.59438586235 Detik
Duration Looping 700 Data 127.04337406158 Detik 
Total Duration 127.0434820652 Detik 
------------------------- 
Tanggal: 01-11-2021 04:10:01 
Duration Download Forstok 20.023561000824 Detik
Duration Looping 700 Data 141.94759106636 Detik 
Total Duration 141.94770503044 Detik 
------------------------- 
Tanggal: 01-11-2021 04:15:01 
Duration Download Forstok 17.445407867432 Detik
Duration Looping 700 Data 137.46007800102 Detik 
Total Duration 137.46020483971 Detik 
------------------------- 
Tanggal: 01-11-2021 04:20:01 
Duration Download Forstok 9.8077719211578 Detik
Duration Looping 700 Data 127.12790489197 Detik 
Total Duration 127.12801885605 Detik 
------------------------- 
Tanggal: 01-11-2021 04:25:01 
Duration Download Forstok 13.044989109039 Detik
Duration Looping 700 Data 123.43793392181 Detik 
Total Duration 123.43804812431 Detik 
------------------------- 
Tanggal: 01-11-2021 04:30:01 
Duration Download Forstok 12.617960929871 Detik
Duration Looping 700 Data 123.44715189934 Detik 
Total Duration 123.44726085663 Detik 
------------------------- 
Tanggal: 01-11-2021 04:35:01 
Duration Download Forstok 16.312283039093 Detik
Duration Looping 700 Data 127.63261699677 Detik 
Total Duration 127.63272595406 Detik 
------------------------- 
Tanggal: 01-11-2021 04:40:01 
Duration Download Forstok 9.5021641254425 Detik
Duration Looping 700 Data 121.08069801331 Detik 
Total Duration 121.08082008362 Detik 
------------------------- 
Tanggal: 01-11-2021 04:45:01 
Duration Download Forstok 17.520736217499 Detik
Duration Looping 700 Data 129.55847120285 Detik 
Total Duration 129.55858206749 Detik 
------------------------- 
Tanggal: 01-11-2021 04:50:01 
Duration Download Forstok 15.474714994431 Detik
Duration Looping 700 Data 130.33615493774 Detik 
Total Duration 130.33626699448 Detik 
------------------------- 
Tanggal: 01-11-2021 04:55:01 
Duration Download Forstok 13.926763057709 Detik
Duration Looping 700 Data 132.79558610916 Detik 
Total Duration 132.79570007324 Detik 
------------------------- 
Tanggal: 01-11-2021 05:00:01 
Duration Download Forstok 10.663892030716 Detik
Duration Looping 700 Data 132.77151799202 Detik 
Total Duration 132.77162694931 Detik 
------------------------- 
Tanggal: 01-11-2021 05:05:01 
Duration Download Forstok 20.718039035797 Detik
Duration Looping 700 Data 130.90678906441 Detik 
Total Duration 130.90690398216 Detik 
------------------------- 
Tanggal: 01-11-2021 05:10:01 
Duration Download Forstok 15.800227880478 Detik
Duration Looping 700 Data 130.2591149807 Detik 
Total Duration 130.25923490524 Detik 
------------------------- 
Tanggal: 01-11-2021 05:15:01 
Duration Download Forstok 16.751032114029 Detik
Duration Looping 700 Data 128.39484715462 Detik 
Total Duration 128.39495515823 Detik 
------------------------- 
Tanggal: 01-11-2021 05:20:01 
Duration Download Forstok 11.012585878372 Detik
Duration Looping 700 Data 133.68598890305 Detik 
Total Duration 133.68609285355 Detik 
------------------------- 
Tanggal: 01-11-2021 05:25:01 
Duration Download Forstok 18.214422941208 Detik
Duration Looping 700 Data 136.71590900421 Detik 
Total Duration 136.71601390839 Detik 
------------------------- 
Tanggal: 01-11-2021 05:30:01 
Duration Download Forstok 12.361117124557 Detik
Duration Looping 700 Data 128.84431815147 Detik 
Total Duration 128.84443116188 Detik 
------------------------- 
Tanggal: 01-11-2021 05:35:01 
Duration Download Forstok 17.975253105164 Detik
Duration Looping 700 Data 130.03732013702 Detik 
Total Duration 130.0374341011 Detik 
------------------------- 
Tanggal: 01-11-2021 05:40:01 
Duration Download Forstok 19.351682901382 Detik
Duration Looping 700 Data 135.81864094734 Detik 
Total Duration 135.81874895096 Detik 
------------------------- 
Tanggal: 01-11-2021 05:45:02 
Duration Download Forstok 11.791801929474 Detik
Duration Looping 700 Data 122.09335899353 Detik 
Total Duration 122.09347081184 Detik 
------------------------- 
Tanggal: 01-11-2021 05:50:01 
Duration Download Forstok 15.315603017807 Detik
Duration Looping 700 Data 125.49832701683 Detik 
Total Duration 125.49843502045 Detik 
------------------------- 
Tanggal: 01-11-2021 05:55:01 
Duration Download Forstok 14.472183942795 Detik
Duration Looping 700 Data 131.30629396439 Detik 
Total Duration 131.30643582344 Detik 
------------------------- 
Tanggal: 01-11-2021 06:00:01 
Duration Download Forstok 12.200510978699 Detik
Duration Looping 700 Data 126.79161691666 Detik 
Total Duration 126.79172492027 Detik 
------------------------- 
Tanggal: 01-11-2021 06:05:01 
Duration Download Forstok 16.887315034866 Detik
Duration Looping 700 Data 126.78505802155 Detik 
Total Duration 126.78520894051 Detik 
------------------------- 
Tanggal: 01-11-2021 06:10:01 
Duration Download Forstok 24.695316076279 Detik
Duration Looping 700 Data 142.56944918633 Detik 
Total Duration 142.5695681572 Detik 
------------------------- 
Tanggal: 01-11-2021 06:15:01 
Duration Download Forstok 14.844635009766 Detik
Duration Looping 700 Data 125.76974105835 Detik 
Total Duration 125.76984906197 Detik 
------------------------- 
Tanggal: 01-11-2021 06:20:01 
Duration Download Forstok 16.538826942444 Detik
Duration Looping 700 Data 131.80760407448 Detik 
Total Duration 131.80771493912 Detik 
------------------------- 
Tanggal: 01-11-2021 06:25:01 
Duration Download Forstok 16.63742017746 Detik
Duration Looping 700 Data 129.66053199768 Detik 
Total Duration 129.66065311432 Detik 
------------------------- 
Tanggal: 01-11-2021 06:30:01 
Duration Download Forstok 10.104826927185 Detik
Duration Looping 700 Data 120.81492114067 Detik 
Total Duration 120.81503915787 Detik 
------------------------- 
Tanggal: 01-11-2021 06:35:01 
Duration Download Forstok 16.930464982986 Detik
Duration Looping 700 Data 131.06259202957 Detik 
Total Duration 131.06270813942 Detik 
------------------------- 
Tanggal: 01-11-2021 06:40:01 
Duration Download Forstok 12.993803977966 Detik
Duration Looping 700 Data 123.69786810875 Detik 
Total Duration 123.6979739666 Detik 
------------------------- 
Tanggal: 01-11-2021 06:45:01 
Duration Download Forstok 13.432493925095 Detik
Duration Looping 700 Data 128.92581486702 Detik 
Total Duration 128.92592597008 Detik 
------------------------- 
Tanggal: 01-11-2021 06:50:01 
Duration Download Forstok 13.422530889511 Detik
Duration Looping 700 Data 124.06280493736 Detik 
Total Duration 124.06290578842 Detik 
------------------------- 
Tanggal: 01-11-2021 06:55:01 
Duration Download Forstok 16.811331033707 Detik
Duration Looping 700 Data 130.75583600998 Detik 
Total Duration 130.75594902039 Detik 
------------------------- 
Tanggal: 01-11-2021 07:00:01 
Duration Download Forstok 14.804042100906 Detik
Duration Looping 700 Data 126.89685201645 Detik 
Total Duration 126.89706516266 Detik 
------------------------- 
Tanggal: 01-11-2021 07:05:01 
Duration Download Forstok 18.371481895447 Detik
Duration Looping 700 Data 131.48829197884 Detik 
Total Duration 131.48841500282 Detik 
------------------------- 
Tanggal: 01-11-2021 07:10:01 
Duration Download Forstok 9.5273168087006 Detik
Duration Looping 700 Data 122.88210582733 Detik 
Total Duration 122.88221383095 Detik 
------------------------- 
Tanggal: 01-11-2021 07:15:01 
Duration Download Forstok 18.940416812897 Detik
Duration Looping 700 Data 130.84395980835 Detik 
Total Duration 130.84407782555 Detik 
------------------------- 
Tanggal: 01-11-2021 07:20:01 
Duration Download Forstok 9.3246500492096 Detik
Duration Looping 700 Data 130.1737639904 Detik 
Total Duration 130.17387604713 Detik 
------------------------- 
Tanggal: 01-11-2021 07:25:01 
Duration Download Forstok 11.533751010895 Detik
Duration Looping 700 Data 120.73153114319 Detik 
Total Duration 120.73164391518 Detik 
------------------------- 
Tanggal: 01-11-2021 07:30:01 
Duration Download Forstok 14.880774974823 Detik
Duration Looping 700 Data 126.96322488785 Detik 
Total Duration 126.96333503723 Detik 
------------------------- 
Tanggal: 01-11-2021 07:35:01 
Duration Download Forstok 16.28267788887 Detik
Duration Looping 700 Data 129.95845794678 Detik 
Total Duration 129.95857691765 Detik 
------------------------- 
Tanggal: 01-11-2021 07:40:01 
Duration Download Forstok 15.06462097168 Detik
Duration Looping 700 Data 131.33916306496 Detik 
Total Duration 131.33926987648 Detik 
------------------------- 
Tanggal: 01-11-2021 07:45:01 
Duration Download Forstok 11.911221981049 Detik
Duration Looping 700 Data 121.92986607552 Detik 
Total Duration 121.92997598648 Detik 
------------------------- 
Tanggal: 01-11-2021 07:50:01 
Duration Download Forstok 14.561130046844 Detik
Duration Looping 700 Data 123.65482592583 Detik 
Total Duration 123.65493798256 Detik 
------------------------- 
Tanggal: 01-11-2021 07:55:01 
Duration Download Forstok 15.839308023453 Detik
Duration Looping 700 Data 128.00774002075 Detik 
Total Duration 128.00785398483 Detik 
------------------------- 
Tanggal: 01-11-2021 08:00:01 
Duration Download Forstok 9.8883290290833 Detik
Duration Looping 700 Data 125.27893996239 Detik 
Total Duration 125.27905583382 Detik 
------------------------- 
Tanggal: 01-11-2021 08:05:01 
Duration Download Forstok 14.691689014435 Detik
Duration Looping 700 Data 129.96835803986 Detik 
Total Duration 129.96847009659 Detik 
------------------------- 
Tanggal: 01-11-2021 08:10:01 
Duration Download Forstok 10.25519490242 Detik
Duration Looping 700 Data 120.68175697327 Detik 
Total Duration 120.68185901642 Detik 
------------------------- 
Tanggal: 01-11-2021 08:15:01 
Duration Download Forstok 15.202372074127 Detik
Duration Looping 700 Data 131.28141498566 Detik 
Total Duration 131.28152298927 Detik 
------------------------- 
Tanggal: 01-11-2021 08:20:01 
Duration Download Forstok 13.43278503418 Detik
Duration Looping 700 Data 126.63628911972 Detik 
Total Duration 126.63639903069 Detik 
------------------------- 
Tanggal: 01-11-2021 08:25:01 
Duration Download Forstok 12.772775888443 Detik
Duration Looping 700 Data 126.89145994186 Detik 
Total Duration 126.89157390594 Detik 
------------------------- 
Tanggal: 01-11-2021 08:30:01 
Duration Download Forstok 13.207530021667 Detik
Duration Looping 700 Data 129.12453103065 Detik 
Total Duration 129.1246368885 Detik 
------------------------- 
Tanggal: 01-11-2021 08:35:01 
Duration Download Forstok 20.568777799606 Detik
Duration Looping 700 Data 136.58323788643 Detik 
Total Duration 136.58335280418 Detik 
------------------------- 
Tanggal: 01-11-2021 08:40:01 
Duration Download Forstok 13.789790868759 Detik
Duration Looping 700 Data 131.73328495026 Detik 
Total Duration 131.73340201378 Detik 
------------------------- 
Tanggal: 01-11-2021 08:45:02 
Duration Download Forstok 16.078007936478 Detik
Duration Looping 700 Data 137.28992486 Detik 
Total Duration 137.29003882408 Detik 
------------------------- 
Tanggal: 01-11-2021 08:50:02 
Duration Download Forstok 12.488062858582 Detik
Duration Looping 700 Data 125.60249185562 Detik 
Total Duration 125.60264205933 Detik 
------------------------- 
Tanggal: 01-11-2021 08:55:01 
Duration Download Forstok 21.793269872665 Detik
Duration Looping 700 Data 136.73337388039 Detik 
Total Duration 136.73348593712 Detik 
------------------------- 
Tanggal: 01-11-2021 09:00:02 
Duration Download Forstok 10.979573965073 Detik
Duration Looping 700 Data 134.2794110775 Detik 
Total Duration 134.27952003479 Detik 
------------------------- 
Tanggal: 01-11-2021 09:05:01 
Duration Download Forstok 16.80938410759 Detik
Duration Looping 700 Data 133.13475513458 Detik 
Total Duration 133.13486599922 Detik 
------------------------- 
Tanggal: 01-11-2021 09:10:01 
Duration Download Forstok 24.054333209991 Detik
Duration Looping 700 Data 144.6016972065 Detik 
Total Duration 144.60178303719 Detik 
------------------------- 
Tanggal: 01-11-2021 09:15:01 
Duration Download Forstok 24.528347969055 Detik
Duration Looping 700 Data 144.84373092651 Detik 
Total Duration 144.84383702278 Detik 
------------------------- 
Tanggal: 01-11-2021 09:20:01 
Duration Download Forstok 13.681514024734 Detik
Duration Looping 700 Data 136.55459594727 Detik 
Total Duration 136.5546708107 Detik 
------------------------- 
Tanggal: 01-11-2021 09:25:01 
Duration Download Forstok 15.515974998474 Detik
Duration Looping 700 Data 131.78591990471 Detik 
Total Duration 131.78603386879 Detik 
------------------------- 
Tanggal: 01-11-2021 09:30:01 
Duration Download Forstok 14.21228313446 Detik
Duration Looping 700 Data 133.79995703697 Detik 
Total Duration 133.80007410049 Detik 
------------------------- 
Tanggal: 01-11-2021 09:35:01 
Duration Download Forstok 16.632043123245 Detik
Duration Looping 700 Data 134.61757993698 Detik 
Total Duration 134.6177110672 Detik 
------------------------- 
Tanggal: 01-11-2021 09:40:01 
Duration Download Forstok 16.613559007645 Detik
Duration Looping 700 Data 140.31172895432 Detik 
Total Duration 140.31183600426 Detik 
------------------------- 
Tanggal: 01-11-2021 09:45:01 
Duration Download Forstok 14.590408086777 Detik
Duration Looping 700 Data 131.02057099342 Detik 
Total Duration 131.02070307732 Detik 
------------------------- 
Tanggal: 01-11-2021 09:50:01 
Duration Download Forstok 15.759057998657 Detik
Duration Looping 700 Data 129.56793999672 Detik 
Total Duration 129.56802010536 Detik 
------------------------- 
Tanggal: 01-11-2021 09:55:01 
Duration Download Forstok 16.673097133636 Detik
Duration Looping 700 Data 134.55495595932 Detik 
Total Duration 134.55504202843 Detik 
------------------------- 
Tanggal: 01-11-2021 10:00:01 
Duration Download Forstok 11.990545988083 Detik
Duration Looping 700 Data 131.51809597015 Detik 
Total Duration 131.5182030201 Detik 
------------------------- 
Tanggal: 01-11-2021 10:05:01 
Duration Download Forstok 23.414933919907 Detik
Duration Looping 700 Data 143.17881202698 Detik 
Total Duration 143.17892813683 Detik 
------------------------- 
Tanggal: 01-11-2021 10:10:01 
Duration Download Forstok 20.757869005203 Detik
Duration Looping 700 Data 139.21801304817 Detik 
Total Duration 139.21809411049 Detik 
------------------------- 
Tanggal: 01-11-2021 10:15:01 
Duration Download Forstok 25.419018983841 Detik
Duration Looping 700 Data 143.91735291481 Detik 
Total Duration 143.91745090485 Detik 
------------------------- 
Tanggal: 01-11-2021 10:20:01 
Duration Download Forstok 13.820334911346 Detik
Duration Looping 700 Data 137.37358188629 Detik 
Total Duration 137.37369084358 Detik 
------------------------- 
Tanggal: 01-11-2021 10:25:01 
Duration Download Forstok 17.654887914658 Detik
Duration Looping 700 Data 141.76155591011 Detik 
Total Duration 141.7616918087 Detik 
------------------------- 
Tanggal: 01-11-2021 10:30:01 
Duration Download Forstok 16.625394105911 Detik
Duration Looping 700 Data 134.75114011765 Detik 
Total Duration 134.75122117996 Detik 
------------------------- 
Tanggal: 01-11-2021 10:35:01 
Duration Download Forstok 20.359184980392 Detik
Duration Looping 700 Data 139.48418998718 Detik 
Total Duration 139.48430490494 Detik 
------------------------- 
Tanggal: 01-11-2021 10:40:01 
Duration Download Forstok 15.124546051025 Detik
Duration Looping 700 Data 133.5741610527 Detik 
Total Duration 133.57423400879 Detik 
------------------------- 
Tanggal: 01-11-2021 10:45:01 
Duration Download Forstok 18.407447814941 Detik
Duration Looping 700 Data 135.97577381134 Detik 
Total Duration 135.97588396072 Detik 
------------------------- 
Tanggal: 01-11-2021 10:50:01 
Duration Download Forstok 10.737590789795 Detik
Duration Looping 700 Data 129.70173692703 Detik 
Total Duration 129.70184898376 Detik 
------------------------- 
Tanggal: 01-11-2021 10:55:01 
Duration Download Forstok 14.365102052689 Detik
Duration Looping 700 Data 139.64008402824 Detik 
Total Duration 139.64019703865 Detik 
------------------------- 
Tanggal: 01-11-2021 11:00:01 
Duration Download Forstok 13.48558306694 Detik
Duration Looping 700 Data 138.91345095634 Detik 
Total Duration 138.91356492043 Detik 
------------------------- 
Tanggal: 01-11-2021 11:05:02 
Duration Download Forstok 20.249250888824 Detik
Duration Looping 700 Data 136.8029859066 Detik 
Total Duration 136.80310893059 Detik 
------------------------- 
Tanggal: 01-11-2021 11:10:01 
Duration Download Forstok 26.767020940781 Detik
Duration Looping 700 Data 147.09221100807 Detik 
Total Duration 147.09231090546 Detik 
------------------------- 
Tanggal: 01-11-2021 11:15:01 
Duration Download Forstok 14.278017997742 Detik
Duration Looping 700 Data 139.22249698639 Detik 
Total Duration 139.22261595726 Detik 
------------------------- 
Tanggal: 01-11-2021 11:20:01 
Duration Download Forstok 10.122553110123 Detik
Duration Looping 700 Data 129.97195005417 Detik 
Total Duration 129.97207808495 Detik 
------------------------- 
Tanggal: 01-11-2021 11:25:01 
Duration Download Forstok 15.281235933304 Detik
Duration Looping 700 Data 133.09122681618 Detik 
Total Duration 133.09134602547 Detik 
------------------------- 
Tanggal: 01-11-2021 11:30:01 
Duration Download Forstok 16.420537948608 Detik
Duration Looping 700 Data 132.6670730114 Detik 
Total Duration 132.66721010208 Detik 
------------------------- 
Tanggal: 01-11-2021 11:35:01 
Duration Download Forstok 18.636674165726 Detik
Duration Looping 700 Data 134.72780704498 Detik 
Total Duration 134.72792196274 Detik 
------------------------- 
Tanggal: 01-11-2021 11:40:01 
Duration Download Forstok 10.067739963531 Detik
Duration Looping 700 Data 127.88749098778 Detik 
Total Duration 127.88760399818 Detik 
------------------------- 
Tanggal: 01-11-2021 11:45:01 
Duration Download Forstok 14.942808151245 Detik
Duration Looping 700 Data 134.20055007935 Detik 
Total Duration 134.20066213608 Detik 
------------------------- 
Tanggal: 01-11-2021 11:50:01 
Duration Download Forstok 10.81814289093 Detik
Duration Looping 700 Data 132.23292088509 Detik 
Total Duration 132.23305082321 Detik 
------------------------- 
Tanggal: 01-11-2021 11:55:01 
Duration Download Forstok 14.392709970474 Detik
Duration Looping 700 Data 135.58504295349 Detik 
Total Duration 135.58516693115 Detik 
------------------------- 
Tanggal: 01-11-2021 12:00:01 
Duration Download Forstok 11.937743902206 Detik
Duration Looping 700 Data 137.91422605515 Detik 
Total Duration 137.91431999207 Detik 
------------------------- 
Tanggal: 01-11-2021 12:05:01 
Duration Download Forstok 16.365876913071 Detik
Duration Looping 700 Data 135.73546290398 Detik 
Total Duration 135.73557901382 Detik 
------------------------- 
Tanggal: 01-11-2021 12:10:01 
Duration Download Forstok 18.893049955368 Detik
Duration Looping 700 Data 138.08667588234 Detik 
Total Duration 138.08679389954 Detik 
------------------------- 
Tanggal: 01-11-2021 12:15:01 
Duration Download Forstok 23.689496040344 Detik
Duration Looping 700 Data 146.26431894302 Detik 
Total Duration 146.26441502571 Detik 
------------------------- 
Tanggal: 01-11-2021 12:20:01 
Duration Download Forstok 10.483896970749 Detik
Duration Looping 700 Data 128.02469682693 Detik 
Total Duration 128.02481484413 Detik 
------------------------- 
Tanggal: 01-11-2021 12:25:01 
Duration Download Forstok 16.312689065933 Detik
Duration Looping 700 Data 135.18034720421 Detik 
Total Duration 135.18046712875 Detik 
------------------------- 
Tanggal: 01-11-2021 12:30:01 
Duration Download Forstok 17.730442047119 Detik
Duration Looping 700 Data 135.40306711197 Detik 
Total Duration 135.4031431675 Detik 
------------------------- 
Tanggal: 01-11-2021 12:35:01 
Duration Download Forstok 19.352424144745 Detik
Duration Looping 700 Data 136.61220598221 Detik 
Total Duration 136.61231803894 Detik 
------------------------- 
Tanggal: 01-11-2021 12:40:01 
Duration Download Forstok 22.159265995026 Detik
Duration Looping 700 Data 140.95991802216 Detik 
Total Duration 140.96003198624 Detik 
------------------------- 
Tanggal: 01-11-2021 12:45:01 
Duration Download Forstok 13.097534894943 Detik
Duration Looping 700 Data 132.41782593727 Detik 
Total Duration 132.41794395447 Detik 
------------------------- 
Tanggal: 01-11-2021 12:50:01 
Duration Download Forstok 18.308527946472 Detik
Duration Looping 700 Data 137.27289915085 Detik 
Total Duration 137.27297401428 Detik 
------------------------- 
Tanggal: 01-11-2021 12:55:01 
Duration Download Forstok 23.543182849884 Detik
Duration Looping 700 Data 144.05721688271 Detik 
Total Duration 144.05730390549 Detik 
------------------------- 
Tanggal: 01-11-2021 13:00:01 
Duration Download Forstok 13.587991952896 Detik
Duration Looping 700 Data 137.00799703598 Detik 
Total Duration 137.00811600685 Detik 
------------------------- 
Tanggal: 01-11-2021 13:05:01 
Duration Download Forstok 18.080016136169 Detik
Duration Looping 700 Data 140.92918896675 Detik 
Total Duration 140.92929601669 Detik 
------------------------- 
Tanggal: 01-11-2021 13:10:01 
Duration Download Forstok 20.445210933685 Detik
Duration Looping 700 Data 138.53983187675 Detik 
Total Duration 138.53994393349 Detik 
------------------------- 
Tanggal: 01-11-2021 13:15:02 
Duration Download Forstok 22.040949821472 Detik
Duration Looping 700 Data 143.26613593102 Detik 
Total Duration 143.26625680923 Detik 
------------------------- 
Tanggal: 01-11-2021 13:20:01 
Duration Download Forstok 14.317202806473 Detik
Duration Looping 700 Data 139.0322599411 Detik 
Total Duration 139.03235578537 Detik 
------------------------- 
Tanggal: 01-11-2021 13:25:01 
Duration Download Forstok 25.323220968246 Detik
Duration Looping 700 Data 144.35536599159 Detik 
Total Duration 144.35547304153 Detik 
------------------------- 
Tanggal: 01-11-2021 13:30:01 
Duration Download Forstok 14.266623020172 Detik
Duration Looping 700 Data 136.1163020134 Detik 
Total Duration 136.11645817757 Detik 
------------------------- 
Tanggal: 01-11-2021 13:35:01 
Duration Download Forstok 14.124986886978 Detik
Duration Looping 700 Data 135.69749689102 Detik 
Total Duration 135.69758486748 Detik 
------------------------- 
Tanggal: 01-11-2021 13:40:01 
Duration Download Forstok 20.430933952332 Detik
Duration Looping 700 Data 146.7299618721 Detik 
Total Duration 146.73007392883 Detik 
------------------------- 
Tanggal: 01-11-2021 13:45:01 
Duration Download Forstok 18.274887084961 Detik
Duration Looping 700 Data 142.23712110519 Detik 
Total Duration 142.23720908165 Detik 
------------------------- 
Tanggal: 01-11-2021 13:50:01 
Duration Download Forstok 11.593010902405 Detik
Duration Looping 700 Data 136.2478260994 Detik 
Total Duration 136.2479300499 Detik 
------------------------- 
Tanggal: 01-11-2021 13:55:01 
Duration Download Forstok 16.926660060883 Detik
Duration Looping 700 Data 141.00705599785 Detik 
Total Duration 141.007199049 Detik 
------------------------- 
Tanggal: 01-11-2021 14:00:01 
Duration Download Forstok 10.95228600502 Detik
Duration Looping 700 Data 137.71092510223 Detik 
Total Duration 137.71104001999 Detik 
------------------------- 
Tanggal: 01-11-2021 14:05:01 
Duration Download Forstok 13.065891981125 Detik
Duration Looping 700 Data 143.08126807213 Detik 
Total Duration 143.08137106895 Detik 
------------------------- 
Tanggal: 01-11-2021 14:10:01 
Duration Download Forstok 19.345846176147 Detik
Duration Looping 700 Data 140.80330514908 Detik 
Total Duration 140.80340600014 Detik 
------------------------- 
Tanggal: 01-11-2021 14:15:01 
Duration Download Forstok 18.901296854019 Detik
Duration Looping 700 Data 143.10961198807 Detik 
Total Duration 143.10973191261 Detik 
------------------------- 
Tanggal: 01-11-2021 14:20:01 
Duration Download Forstok 12.075433969498 Detik
Duration Looping 700 Data 140.29130196571 Detik 
Total Duration 140.29139304161 Detik 
------------------------- 
Tanggal: 01-11-2021 14:25:01 
Duration Download Forstok 18.105632066727 Detik
Duration Looping 700 Data 144.16869521141 Detik 
Total Duration 144.16880512238 Detik 
------------------------- 
Tanggal: 01-11-2021 14:30:01 
Duration Download Forstok 16.800255060196 Detik
Duration Looping 700 Data 136.30118393898 Detik 
Total Duration 136.30129003525 Detik 
------------------------- 
Tanggal: 01-11-2021 14:35:01 
Duration Download Forstok 13.855888843536 Detik
Duration Looping 700 Data 135.99813580513 Detik 
Total Duration 135.99821090698 Detik 
------------------------- 
Tanggal: 01-11-2021 14:40:01 
Duration Download Forstok 19.044776916504 Detik
Duration Looping 700 Data 143.43209791183 Detik 
Total Duration 143.43222093582 Detik 
------------------------- 
Tanggal: 01-11-2021 14:45:01 
Duration Download Forstok 12.068099975586 Detik
Duration Looping 700 Data 137.54510593414 Detik 
Total Duration 137.54521799088 Detik 
------------------------- 
Tanggal: 01-11-2021 14:50:01 
Duration Download Forstok 12.036034107208 Detik
Duration Looping 700 Data 131.68045806885 Detik 
Total Duration 131.68056702614 Detik 
------------------------- 
Tanggal: 01-11-2021 14:55:01 
Duration Download Forstok 15.022688865662 Detik
Duration Looping 700 Data 139.17792892456 Detik 
Total Duration 139.17804884911 Detik 
------------------------- 
Tanggal: 01-11-2021 15:00:01 
Duration Download Forstok 15.92791891098 Detik
Duration Looping 700 Data 145.56381392479 Detik 
Total Duration 145.56389284134 Detik 
------------------------- 
Tanggal: 01-11-2021 15:05:01 
Duration Download Forstok 16.808698177338 Detik
Duration Looping 700 Data 139.90632414818 Detik 
Total Duration 139.90642619133 Detik 
------------------------- 
Tanggal: 01-11-2021 15:10:01 
Duration Download Forstok 12.57795715332 Detik
Duration Looping 700 Data 136.13014912605 Detik 
Total Duration 136.130245924 Detik 
------------------------- 
Tanggal: 01-11-2021 15:15:01 
Duration Download Forstok 20.524241924286 Detik
Duration Looping 700 Data 140.21526694298 Detik 
Total Duration 140.21534800529 Detik 
------------------------- 
Tanggal: 01-11-2021 15:20:01 
Duration Download Forstok 13.403477907181 Detik
Duration Looping 700 Data 139.9738380909 Detik 
Total Duration 139.97394490242 Detik 
------------------------- 
Tanggal: 01-11-2021 15:25:01 
Duration Download Forstok 11.947498083115 Detik
Duration Looping 700 Data 138.27729916573 Detik 
Total Duration 138.27741408348 Detik 
------------------------- 
Tanggal: 01-11-2021 15:30:01 
Duration Download Forstok 18.204581022263 Detik
Duration Looping 700 Data 141.1114089489 Detik 
Total Duration 141.11151814461 Detik 
------------------------- 
Tanggal: 01-11-2021 15:35:01 
Duration Download Forstok 21.3167989254 Detik
Duration Looping 700 Data 145.07899188995 Detik 
Total Duration 145.07910895348 Detik 
------------------------- 
Tanggal: 01-11-2021 15:40:01 
Duration Download Forstok 25.163143873215 Detik
Duration Looping 700 Data 148.02863407135 Detik 
Total Duration 148.02874493599 Detik 
------------------------- 
Tanggal: 01-11-2021 15:45:01 
Duration Download Forstok 17.711312055588 Detik
Duration Looping 700 Data 142.98677802086 Detik 
Total Duration 142.98689389229 Detik 
------------------------- 
Tanggal: 01-11-2021 15:50:01 
Duration Download Forstok 17.106560945511 Detik
Duration Looping 700 Data 137.88404393196 Detik 
Total Duration 137.8841509819 Detik 
------------------------- 
Tanggal: 01-11-2021 15:55:01 
Duration Download Forstok 14.59206700325 Detik
Duration Looping 700 Data 135.26505184174 Detik 
Total Duration 135.26513791084 Detik 
------------------------- 
Tanggal: 01-11-2021 16:00:01 
Duration Download Forstok 15.144999980927 Detik
Duration Looping 700 Data 137.8215739727 Detik 
Total Duration 137.82168793678 Detik 
------------------------- 
Tanggal: 01-11-2021 16:05:01 
Duration Download Forstok 23.983504056931 Detik
Duration Looping 700 Data 145.70647192001 Detik 
Total Duration 145.70658707619 Detik 
------------------------- 
Tanggal: 01-11-2021 16:10:01 
Duration Download Forstok 15.710707187653 Detik
Duration Looping 700 Data 137.6023349762 Detik 
Total Duration 137.60242700577 Detik 
------------------------- 
Tanggal: 01-11-2021 16:15:01 
Duration Download Forstok 19.765024185181 Detik
Duration Looping 700 Data 140.39638710022 Detik 
Total Duration 140.39651918411 Detik 
------------------------- 
Tanggal: 01-11-2021 16:20:01 
Duration Download Forstok 20.908968925476 Detik
Duration Looping 700 Data 147.25016498566 Detik 
Total Duration 147.25027894974 Detik 
------------------------- 
Tanggal: 01-11-2021 16:25:01 
Duration Download Forstok 20.149266004562 Detik
Duration Looping 700 Data 142.16199207306 Detik 
Total Duration 142.16210818291 Detik 
------------------------- 
Tanggal: 01-11-2021 16:30:01 
Duration Download Forstok 14.408315896988 Detik
Duration Looping 700 Data 140.78385281563 Detik 
Total Duration 140.78394889832 Detik 
------------------------- 
Tanggal: 01-11-2021 16:35:01 
Duration Download Forstok 16.374411821365 Detik
Duration Looping 700 Data 141.28135180473 Detik 
Total Duration 141.28146290779 Detik 
------------------------- 
Tanggal: 01-11-2021 16:40:01 
Duration Download Forstok 18.419052124023 Detik
Duration Looping 700 Data 146.82056498528 Detik 
Total Duration 146.82064604759 Detik 
------------------------- 
Tanggal: 01-11-2021 16:45:01 
Duration Download Forstok 19.416396141052 Detik
Duration Looping 700 Data 142.40207505226 Detik 
Total Duration 142.40220808983 Detik 
------------------------- 
Tanggal: 01-11-2021 16:50:01 
Duration Download Forstok 10.876920223236 Detik
Duration Looping 700 Data 131.98579120636 Detik 
Total Duration 131.98590302467 Detik 
------------------------- 
Tanggal: 01-11-2021 16:55:01 
Duration Download Forstok 20.021299123764 Detik
Duration Looping 700 Data 146.29957890511 Detik 
Total Duration 146.29971313477 Detik 
------------------------- 
Tanggal: 01-11-2021 17:00:01 
Duration Download Forstok 10.634120941162 Detik
Duration Looping 700 Data 141.86799287796 Detik 
Total Duration 141.86807799339 Detik 
------------------------- 
Tanggal: 01-11-2021 17:05:01 
Duration Download Forstok 17.561715126038 Detik
Duration Looping 700 Data 137.76602602005 Detik 
Total Duration 137.76615595818 Detik 
------------------------- 
Tanggal: 01-11-2021 17:10:01 
Duration Download Forstok 16.697741031647 Detik
Duration Looping 700 Data 133.88411402702 Detik 
Total Duration 133.88422393799 Detik 
------------------------- 
Tanggal: 01-11-2021 17:15:01 
Duration Download Forstok 17.4662129879 Detik
Duration Looping 700 Data 135.26593399048 Detik 
Total Duration 135.26604795456 Detik 
------------------------- 
Tanggal: 01-11-2021 17:20:01 
Duration Download Forstok 14.458025932312 Detik
Duration Looping 700 Data 136.75522994995 Detik 
Total Duration 136.75534009933 Detik 
------------------------- 
Tanggal: 01-11-2021 17:25:01 
Duration Download Forstok 12.709182024002 Detik
Duration Looping 700 Data 134.10974121094 Detik 
Total Duration 134.10983300209 Detik 
------------------------- 
Tanggal: 01-11-2021 17:30:01 
Duration Download Forstok 14.074288845062 Detik
Duration Looping 700 Data 132.29614186287 Detik 
Total Duration 132.29623389244 Detik 
------------------------- 
Tanggal: 01-11-2021 17:35:01 
Duration Download Forstok 16.849353075027 Detik
Duration Looping 700 Data 136.14917707443 Detik 
Total Duration 136.14928889275 Detik 
------------------------- 
Tanggal: 01-11-2021 17:40:01 
Duration Download Forstok 14.199934959412 Detik
Duration Looping 700 Data 135.27511310577 Detik 
Total Duration 135.27521395683 Detik 
------------------------- 
Tanggal: 01-11-2021 17:45:01 
Duration Download Forstok 18.104192972183 Detik
Duration Looping 700 Data 138.70817899704 Detik 
Total Duration 138.70830011368 Detik 
------------------------- 
Tanggal: 01-11-2021 17:50:01 
Duration Download Forstok 12.336672067642 Detik
Duration Looping 700 Data 131.60990905762 Detik 
Total Duration 131.61002397537 Detik 
------------------------- 
Tanggal: 01-11-2021 17:55:01 
Duration Download Forstok 24.749119997025 Detik
Duration Looping 700 Data 144.29157304764 Detik 
Total Duration 144.2916841507 Detik 
------------------------- 
Tanggal: 01-11-2021 18:00:01 
Duration Download Forstok 17.675325870514 Detik
Duration Looping 700 Data 142.18031406403 Detik 
Total Duration 142.18044495583 Detik 
------------------------- 
Tanggal: 01-11-2021 18:05:01 
Duration Download Forstok 18.191371917725 Detik
Duration Looping 700 Data 137.28082203865 Detik 
Total Duration 137.28093791008 Detik 
------------------------- 
Tanggal: 01-11-2021 18:10:01 
Duration Download Forstok 22.783265113831 Detik
Duration Looping 700 Data 146.25791597366 Detik 
Total Duration 146.25802898407 Detik 
------------------------- 
Tanggal: 01-11-2021 18:15:01 
Duration Download Forstok 24.304888963699 Detik
Duration Looping 700 Data 143.90675592422 Detik 
Total Duration 143.90685415268 Detik 
------------------------- 
Tanggal: 01-11-2021 18:20:01 
Duration Download Forstok 14.12664604187 Detik
Duration Looping 700 Data 133.64327597618 Detik 
Total Duration 133.64338612556 Detik 
------------------------- 
Tanggal: 01-11-2021 18:25:01 
Duration Download Forstok 16.751013994217 Detik
Duration Looping 700 Data 137.99783802032 Detik 
Total Duration 137.99795508385 Detik 
------------------------- 
Tanggal: 01-11-2021 18:30:01 
Duration Download Forstok 13.076273918152 Detik
Duration Looping 700 Data 130.19009613991 Detik 
Total Duration 130.19021105766 Detik 
------------------------- 
Tanggal: 01-11-2021 18:35:01 
Duration Download Forstok 12.273006916046 Detik
Duration Looping 700 Data 128.82853388786 Detik 
Total Duration 128.8286459446 Detik 
------------------------- 
Tanggal: 01-11-2021 18:40:01 
Duration Download Forstok 20.022218227386 Detik
Duration Looping 700 Data 141.05572605133 Detik 
Total Duration 141.05583906174 Detik 
------------------------- 
Tanggal: 01-11-2021 18:45:01 
Duration Download Forstok 17.288998842239 Detik
Duration Looping 700 Data 133.74483895302 Detik 
Total Duration 133.74494886398 Detik 
------------------------- 
Tanggal: 01-11-2021 18:50:01 
Duration Download Forstok 11.336884975433 Detik
Duration Looping 700 Data 129.44440197945 Detik 
Total Duration 129.44451117516 Detik 
------------------------- 
Tanggal: 01-11-2021 18:55:01 
Duration Download Forstok 19.222456932068 Detik
Duration Looping 700 Data 138.5893239975 Detik 
Total Duration 138.58943986893 Detik 
------------------------- 
Tanggal: 01-11-2021 19:00:01 
Duration Download Forstok 13.290998935699 Detik
Duration Looping 700 Data 131.86265707016 Detik 
Total Duration 131.86277103424 Detik 
------------------------- 
Tanggal: 01-11-2021 19:05:01 
Duration Download Forstok 19.673314809799 Detik
Duration Looping 700 Data 138.91781783104 Detik 
Total Duration 138.91793084145 Detik 
------------------------- 
Tanggal: 01-11-2021 19:10:01 
Duration Download Forstok 24.640760183334 Detik
Duration Looping 700 Data 141.80165719986 Detik 
Total Duration 141.80177307129 Detik 
------------------------- 
Tanggal: 01-11-2021 19:15:01 
Duration Download Forstok 17.23522901535 Detik
Duration Looping 700 Data 138.23883008957 Detik 
Total Duration 138.23894190788 Detik 
------------------------- 
Tanggal: 01-11-2021 19:20:01 
Duration Download Forstok 17.182893037796 Detik
Duration Looping 700 Data 137.28989291191 Detik 
Total Duration 137.29000496864 Detik 
------------------------- 
Tanggal: 01-11-2021 19:25:01 
Duration Download Forstok 14.23694396019 Detik
Duration Looping 700 Data 141.04949307442 Detik 
Total Duration 141.04961705208 Detik 
------------------------- 
Tanggal: 01-11-2021 19:30:01 
Duration Download Forstok 12.405761957169 Detik
Duration Looping 700 Data 131.93466186523 Detik 
Total Duration 131.93477797508 Detik 
------------------------- 
Tanggal: 01-11-2021 19:35:01 
Duration Download Forstok 21.701225996017 Detik
Duration Looping 700 Data 141.6206600666 Detik 
Total Duration 141.62077713013 Detik 
------------------------- 
Tanggal: 01-11-2021 19:40:01 
Duration Download Forstok 17.918691158295 Detik
Duration Looping 700 Data 136.62206912041 Detik 
Total Duration 136.62216901779 Detik 
------------------------- 
Tanggal: 01-11-2021 19:45:01 
Duration Download Forstok 16.035604000092 Detik
Duration Looping 700 Data 136.58450198174 Detik 
Total Duration 136.58461308479 Detik 
------------------------- 
Tanggal: 01-11-2021 19:50:01 
Duration Download Forstok 12.106893777847 Detik
Duration Looping 700 Data 131.84832191467 Detik 
Total Duration 131.84841990471 Detik 
------------------------- 
Tanggal: 01-11-2021 19:55:02 
Duration Download Forstok 20.961519002914 Detik
Duration Looping 700 Data 142.35427117348 Detik 
Total Duration 142.35439014435 Detik 
------------------------- 
Tanggal: 01-11-2021 20:00:02 
Duration Download Forstok 15.534492015839 Detik
Duration Looping 700 Data 137.41462492943 Detik 
Total Duration 137.41473889351 Detik 
------------------------- 
Tanggal: 01-11-2021 20:05:01 
Duration Download Forstok 14.102249145508 Detik
Duration Looping 700 Data 134.39291906357 Detik 
Total Duration 134.39303612709 Detik 
------------------------- 
Tanggal: 01-11-2021 20:10:01 
Duration Download Forstok 21.875776052475 Detik
Duration Looping 700 Data 142.53598189354 Detik 
Total Duration 142.53611087799 Detik 
------------------------- 
Tanggal: 01-11-2021 20:15:01 
Duration Download Forstok 23.701587915421 Detik
Duration Looping 700 Data 143.77490210533 Detik 
Total Duration 143.7750210762 Detik 
------------------------- 
Tanggal: 01-11-2021 20:20:01 
Duration Download Forstok 13.634484052658 Detik
Duration Looping 700 Data 136.69132804871 Detik 
Total Duration 136.69144010544 Detik 
------------------------- 
Tanggal: 01-11-2021 20:25:01 
Duration Download Forstok 15.063121795654 Detik
Duration Looping 700 Data 136.3691380024 Detik 
Total Duration 136.36925196648 Detik 
------------------------- 
Tanggal: 01-11-2021 20:30:01 
Duration Download Forstok 10.374177932739 Detik
Duration Looping 700 Data 131.66085100174 Detik 
Total Duration 131.66097092628 Detik 
------------------------- 
Tanggal: 01-11-2021 20:35:01 
Duration Download Forstok 17.921657085419 Detik
Duration Looping 700 Data 136.77639889717 Detik 
Total Duration 136.77651691437 Detik 
------------------------- 
Tanggal: 01-11-2021 20:40:01 
Duration Download Forstok 19.54122209549 Detik
Duration Looping 700 Data 138.77481603622 Detik 
Total Duration 138.77493095398 Detik 
------------------------- 
Tanggal: 01-11-2021 20:45:01 
Duration Download Forstok 12.578118085861 Detik
Duration Looping 700 Data 132.39446806908 Detik 
Total Duration 132.39458394051 Detik 
------------------------- 
Tanggal: 01-11-2021 20:50:01 
Duration Download Forstok 14.801820039749 Detik
Duration Looping 700 Data 133.54887294769 Detik 
Total Duration 133.54897093773 Detik 
------------------------- 
Tanggal: 01-11-2021 20:55:01 
Duration Download Forstok 13.584745168686 Detik
Duration Looping 700 Data 129.91947007179 Detik 
Total Duration 129.91958522797 Detik 
------------------------- 
Tanggal: 01-11-2021 21:00:01 
Duration Download Forstok 12.680650949478 Detik
Duration Looping 700 Data 137.01040911674 Detik 
Total Duration 137.01049995422 Detik 
------------------------- 
Tanggal: 01-11-2021 21:05:01 
Duration Download Forstok 14.361403226852 Detik
Duration Looping 700 Data 128.74537611008 Detik 
Total Duration 128.74548220634 Detik 
------------------------- 
Tanggal: 01-11-2021 21:10:01 
Duration Download Forstok 25.186103105545 Detik
Duration Looping 700 Data 143.28306102753 Detik 
Total Duration 143.28317904472 Detik 
------------------------- 
Tanggal: 01-11-2021 21:15:01 
Duration Download Forstok 13.531491994858 Detik
Duration Looping 700 Data 132.72942900658 Detik 
Total Duration 132.72954010963 Detik 
------------------------- 
Tanggal: 01-11-2021 21:20:01 
Duration Download Forstok 11.641222000122 Detik
Duration Looping 700 Data 140.591766119 Detik 
Total Duration 140.59188103676 Detik 
------------------------- 
Tanggal: 01-11-2021 21:25:01 
Duration Download Forstok 18.213188886642 Detik
Duration Looping 700 Data 138.57718682289 Detik 
Total Duration 138.57732796669 Detik 
------------------------- 
Tanggal: 01-11-2021 21:30:01 
Duration Download Forstok 16.043660879135 Detik
Duration Looping 700 Data 135.48042798042 Detik 
Total Duration 135.48055291176 Detik 
------------------------- 
Tanggal: 01-11-2021 21:35:01 
Duration Download Forstok 15.100018978119 Detik
Duration Looping 700 Data 131.13817191124 Detik 
Total Duration 131.13828802109 Detik 
------------------------- 
Tanggal: 01-11-2021 21:40:01 
Duration Download Forstok 27.110835075378 Detik
Duration Looping 700 Data 148.46405291557 Detik 
Total Duration 148.46416592598 Detik 
------------------------- 
Tanggal: 01-11-2021 21:45:02 
Duration Download Forstok 15.341011047363 Detik
Duration Looping 700 Data 138.89281415939 Detik 
Total Duration 138.89293408394 Detik 
------------------------- 
Tanggal: 01-11-2021 21:50:01 
Duration Download Forstok 14.208148002625 Detik
Duration Looping 700 Data 130.71479487419 Detik 
Total Duration 130.71489405632 Detik 
------------------------- 
Tanggal: 01-11-2021 21:55:01 
Duration Download Forstok 22.37618303299 Detik
Duration Looping 700 Data 144.11277794838 Detik 
Total Duration 144.11289310455 Detik 
------------------------- 
Tanggal: 01-11-2021 22:00:01 
Duration Download Forstok 16.083869934082 Detik
Duration Looping 700 Data 138.31786990166 Detik 
Total Duration 138.31798291206 Detik 
------------------------- 
Tanggal: 01-11-2021 22:05:01 
Duration Download Forstok 22.56977891922 Detik
Duration Looping 700 Data 137.39296102524 Detik 
Total Duration 137.39307999611 Detik 
------------------------- 
Tanggal: 01-11-2021 22:10:01 
Duration Download Forstok 22.993741035461 Detik
Duration Looping 700 Data 138.58684396744 Detik 
Total Duration 138.58695793152 Detik 
------------------------- 
Tanggal: 01-11-2021 22:15:01 
Duration Download Forstok 15.479794979095 Detik
Duration Looping 700 Data 137.43272995949 Detik 
Total Duration 137.43284606934 Detik 
------------------------- 
Tanggal: 01-11-2021 22:20:01 
Duration Download Forstok 11.703685045242 Detik
Duration Looping 700 Data 128.04068088531 Detik 
Total Duration 128.04079008102 Detik 
------------------------- 
Tanggal: 01-11-2021 22:25:01 
Duration Download Forstok 17.418271064758 Detik
Duration Looping 700 Data 133.66386604309 Detik 
Total Duration 133.66398096085 Detik 
------------------------- 
Tanggal: 01-11-2021 22:30:02 
Duration Download Forstok 14.343174934387 Detik
Duration Looping 700 Data 128.76078605652 Detik 
Total Duration 128.76089906693 Detik 
------------------------- 
Tanggal: 01-11-2021 22:35:01 
Duration Download Forstok 26.075613975525 Detik
Duration Looping 700 Data 144.55848288536 Detik 
Total Duration 144.55859398842 Detik 
------------------------- 
Tanggal: 01-11-2021 22:40:01 
Duration Download Forstok 23.00307393074 Detik
Duration Looping 700 Data 140.40832495689 Detik 
Total Duration 140.40843391418 Detik 
------------------------- 
Tanggal: 01-11-2021 22:45:01 
Duration Download Forstok 18.723835229874 Detik
Duration Looping 700 Data 135.01479816437 Detik 
Total Duration 135.01487612724 Detik 
------------------------- 
Tanggal: 01-11-2021 22:50:01 
Duration Download Forstok 12.553849935532 Detik
Duration Looping 700 Data 129.48359704018 Detik 
Total Duration 129.48367595673 Detik 
------------------------- 
Tanggal: 01-11-2021 22:55:01 
Duration Download Forstok 18.296467065811 Detik
Duration Looping 700 Data 138.47714018822 Detik 
Total Duration 138.47722601891 Detik 
------------------------- 
Tanggal: 01-11-2021 23:00:01 
Duration Download Forstok 12.20635509491 Detik
Duration Looping 700 Data 128.3361389637 Detik 
Total Duration 128.33624815941 Detik 
------------------------- 
Tanggal: 01-11-2021 23:05:01 
Duration Download Forstok 20.331851959229 Detik
Duration Looping 700 Data 134.3759200573 Detik 
Total Duration 134.37602901459 Detik 
------------------------- 
Tanggal: 01-11-2021 23:10:01 
Duration Download Forstok 27.238003969193 Detik
Duration Looping 700 Data 151.69185495377 Detik 
Total Duration 151.69196510315 Detik 
------------------------- 
Tanggal: 01-11-2021 23:15:01 
Duration Download Forstok 20.381100893021 Detik
Duration Looping 700 Data 140.45515704155 Detik 
Total Duration 140.45526885986 Detik 
------------------------- 
Tanggal: 01-11-2021 23:20:01 
Duration Download Forstok 10.949718952179 Detik
Duration Looping 700 Data 135.01872801781 Detik 
Total Duration 135.018846035 Detik 
------------------------- 
Tanggal: 01-11-2021 23:25:01 
Duration Download Forstok 14.68005490303 Detik
Duration Looping 700 Data 138.63489198685 Detik 
Total Duration 138.63500499725 Detik 
------------------------- 
Tanggal: 01-11-2021 23:30:01 
Duration Download Forstok 15.992697954178 Detik
Duration Looping 700 Data 130.52600097656 Detik 
Total Duration 130.52608704567 Detik 
------------------------- 
Tanggal: 01-11-2021 23:35:01 
Duration Download Forstok 16.176429033279 Detik
Duration Looping 700 Data 132.8758699894 Detik 
Total Duration 132.87601304054 Detik 
------------------------- 
Tanggal: 01-11-2021 23:40:01 
Duration Download Forstok 16.010452985764 Detik
Duration Looping 700 Data 133.58639192581 Detik 
Total Duration 133.58649992943 Detik 
------------------------- 
Tanggal: 01-11-2021 23:45:01 
Duration Download Forstok 18.062400102615 Detik
Duration Looping 700 Data 136.0106010437 Detik 
Total Duration 136.01071310043 Detik 
------------------------- 
Tanggal: 01-11-2021 23:50:01 
Duration Download Forstok 14.487235069275 Detik
Duration Looping 700 Data 131.29062390327 Detik 
Total Duration 131.29073095322 Detik 
------------------------- 
Tanggal: 01-11-2021 23:55:01 
Duration Download Forstok 21.629858970642 Detik
Duration Looping 700 Data 137.19010210037 Detik 
Total Duration 137.19019818306 Detik 
------------------------- 
