Tanggal: 16-04-2022 00:00:01 
Duration Download Forstok 0.0763258934021 Detik
Tanggal: 16-04-2022 00:05:01 
Duration Download Forstok 0.030971050262451 Detik
Tanggal: 16-04-2022 00:10:01 
Duration Download Forstok 0.035161018371582 Detik
Tanggal: 16-04-2022 00:15:01 
Duration Download Forstok 0.045720100402832 Detik
Tanggal: 16-04-2022 00:20:01 
Duration Download Forstok 0.032463073730469 Detik
Tanggal: 16-04-2022 00:25:01 
Duration Download Forstok 0.030882835388184 Detik
Tanggal: 16-04-2022 00:30:01 
Duration Download Forstok 0.03516697883606 Detik
Tanggal: 16-04-2022 00:35:01 
Duration Download Forstok 0.029467821121216 Detik
Tanggal: 16-04-2022 00:40:01 
Duration Download Forstok 0.033401966094971 Detik
Tanggal: 16-04-2022 00:45:01 
Duration Download Forstok 0.034456014633179 Detik
Tanggal: 16-04-2022 00:50:01 
Duration Download Forstok 0.02701997756958 Detik
Tanggal: 16-04-2022 00:55:01 
Duration Download Forstok 0.030489921569824 Detik
Tanggal: 16-04-2022 01:00:01 
Duration Download Forstok 0.14819812774658 Detik
Tanggal: 16-04-2022 01:05:01 
Duration Download Forstok 0.031682014465332 Detik
Tanggal: 16-04-2022 01:10:01 
Duration Download Forstok 0.032450914382935 Detik
Tanggal: 16-04-2022 01:15:02 
Duration Download Forstok 0.034497022628784 Detik
Tanggal: 16-04-2022 01:20:01 
Duration Download Forstok 0.036210060119629 Detik
Tanggal: 16-04-2022 01:25:01 
Duration Download Forstok 0.029384851455688 Detik
Tanggal: 16-04-2022 01:30:01 
Duration Download Forstok 0.031532049179077 Detik
Tanggal: 16-04-2022 01:35:01 
Duration Download Forstok 0.030784845352173 Detik
Tanggal: 16-04-2022 01:40:02 
Duration Download Forstok 0.035137891769409 Detik
Tanggal: 16-04-2022 01:45:01 
Duration Download Forstok 0.028003931045532 Detik
Tanggal: 16-04-2022 01:50:01 
Duration Download Forstok 0.033812046051025 Detik
Tanggal: 16-04-2022 01:55:01 
Duration Download Forstok 0.038563966751099 Detik
Tanggal: 16-04-2022 02:00:01 
Duration Download Forstok 0.029078960418701 Detik
Tanggal: 16-04-2022 02:05:01 
Duration Download Forstok 0.029441833496094 Detik
Tanggal: 16-04-2022 02:10:01 
Duration Download Forstok 0.026862859725952 Detik
Tanggal: 16-04-2022 02:15:01 
Duration Download Forstok 0.027106046676636 Detik
Tanggal: 16-04-2022 02:20:01 
Duration Download Forstok 0.027032852172852 Detik
Tanggal: 16-04-2022 02:25:01 
Duration Download Forstok 0.035367012023926 Detik
Tanggal: 16-04-2022 02:30:01 
Duration Download Forstok 0.026628017425537 Detik
Tanggal: 16-04-2022 02:35:01 
Duration Download Forstok 0.033622980117798 Detik
Tanggal: 16-04-2022 02:40:01 
Duration Download Forstok 0.031854152679443 Detik
Tanggal: 16-04-2022 02:45:01 
Duration Download Forstok 0.03038501739502 Detik
Tanggal: 16-04-2022 02:50:01 
Duration Download Forstok 0.033061027526855 Detik
Tanggal: 16-04-2022 02:55:01 
Duration Download Forstok 0.031484127044678 Detik
Tanggal: 16-04-2022 03:00:01 
Duration Download Forstok 0.062195062637329 Detik
Tanggal: 16-04-2022 03:05:01 
Duration Download Forstok 0.031097173690796 Detik
Tanggal: 16-04-2022 03:10:01 
Duration Download Forstok 0.028542995452881 Detik
Tanggal: 16-04-2022 03:15:01 
Duration Download Forstok 0.029021978378296 Detik
Tanggal: 16-04-2022 03:20:01 
Duration Download Forstok 0.029538869857788 Detik
Tanggal: 16-04-2022 03:25:01 
Duration Download Forstok 10.140928030014 Detik
Duration Looping 500 Data 138.99739789963 Detik 
Total Duration 138.99751400948 Detik 
------------------------- 
Tanggal: 16-04-2022 03:30:01 
Duration Download Forstok 10.566462993622 Detik
Duration Looping 500 Data 147.36228704453 Detik 
Total Duration 147.36240983009 Detik 
------------------------- 
Tanggal: 16-04-2022 03:35:01 
Duration Download Forstok 11.630323171616 Detik
Duration Looping 500 Data 148.2602891922 Detik 
Total Duration 148.26040697098 Detik 
------------------------- 
Tanggal: 16-04-2022 03:40:01 
Duration Download Forstok 14.883476018906 Detik
Duration Looping 500 Data 137.01326417923 Detik 
Total Duration 137.01338100433 Detik 
------------------------- 
Tanggal: 16-04-2022 03:45:01 
Duration Download Forstok 19.76121711731 Detik
Duration Looping 500 Data 138.47877216339 Detik 
Total Duration 138.4788980484 Detik 
------------------------- 
Tanggal: 16-04-2022 03:50:01 
Duration Download Forstok 17.33274102211 Detik
Duration Looping 500 Data 135.75217103958 Detik 
Total Duration 135.75228714943 Detik 
------------------------- 
Tanggal: 16-04-2022 03:55:01 
Duration Download Forstok 13.173936128616 Detik
Duration Looping 500 Data 136.40033507347 Detik 
Total Duration 136.40045309067 Detik 
------------------------- 
Tanggal: 16-04-2022 04:00:01 
Duration Download Forstok 20.658102035522 Detik
Duration Looping 500 Data 141.47007083893 Detik 
Total Duration 141.47018289566 Detik 
------------------------- 
Tanggal: 16-04-2022 04:05:01 
Duration Download Forstok 44.650481939316 Detik
Duration Looping 500 Data 172.99522709846 Detik 
Total Duration 172.99534392357 Detik 
------------------------- 
Tanggal: 16-04-2022 04:10:01 
Duration Download Forstok 23.921056985855 Detik
Duration Looping 500 Data 143.63035297394 Detik 
Total Duration 143.63051605225 Detik 
------------------------- 
Tanggal: 16-04-2022 04:15:01 
Duration Download Forstok 20.724462032318 Detik
Duration Looping 500 Data 142.01346707344 Detik 
Total Duration 142.01358890533 Detik 
------------------------- 
Tanggal: 16-04-2022 04:20:01 
Duration Download Forstok 16.186645030975 Detik
Duration Looping 500 Data 140.55732703209 Detik 
Total Duration 140.55743789673 Detik 
------------------------- 
Tanggal: 16-04-2022 04:25:01 
Duration Download Forstok 15.637543916702 Detik
Duration Looping 500 Data 140.75703406334 Detik 
Total Duration 140.75715398788 Detik 
------------------------- 
Tanggal: 16-04-2022 04:30:01 
Duration Download Forstok 17.973582029343 Detik
Duration Looping 500 Data 139.30365204811 Detik 
Total Duration 139.30376791954 Detik 
------------------------- 
Tanggal: 16-04-2022 04:35:01 
Duration Download Forstok 41.46123290062 Detik
Duration Looping 500 Data 163.08088493347 Detik 
Total Duration 163.08100509644 Detik 
------------------------- 
Tanggal: 16-04-2022 04:40:01 
Duration Download Forstok 25.655533075333 Detik
Duration Looping 500 Data 143.82292509079 Detik 
Total Duration 143.82303500175 Detik 
------------------------- 
Tanggal: 16-04-2022 04:45:01 
Duration Download Forstok 26.060112953186 Detik
Duration Looping 500 Data 143.77782797813 Detik 
Total Duration 143.77794790268 Detik 
------------------------- 
Tanggal: 16-04-2022 04:50:01 
Duration Download Forstok 9.8990070819855 Detik
Duration Looping 500 Data 127.84655809402 Detik 
Total Duration 127.84668302536 Detik 
------------------------- 
Tanggal: 16-04-2022 04:55:01 
Duration Download Forstok 17.004276990891 Detik
Duration Looping 500 Data 142.30639815331 Detik 
Total Duration 142.3065071106 Detik 
------------------------- 
Tanggal: 16-04-2022 05:00:01 
Duration Download Forstok 18.320944070816 Detik
Duration Looping 500 Data 137.92656898499 Detik 
Total Duration 137.9266769886 Detik 
------------------------- 
Tanggal: 16-04-2022 05:05:01 
Duration Download Forstok 33.295083999634 Detik
Duration Looping 500 Data 149.47372508049 Detik 
Total Duration 149.47383713722 Detik 
------------------------- 
Tanggal: 16-04-2022 05:10:01 
Duration Download Forstok 24.294110059738 Detik
Duration Looping 500 Data 152.37315607071 Detik 
Total Duration 152.37326788902 Detik 
------------------------- 
Tanggal: 16-04-2022 05:15:01 
Duration Download Forstok 44.084924936295 Detik
Duration Looping 500 Data 159.12943410873 Detik 
Total Duration 159.12955307961 Detik 
------------------------- 
Tanggal: 16-04-2022 05:20:01 
Duration Download Forstok 20.592440843582 Detik
Duration Looping 500 Data 138.70965695381 Detik 
Total Duration 138.70976805687 Detik 
------------------------- 
Tanggal: 16-04-2022 05:25:01 
Duration Download Forstok 12.737586975098 Detik
Duration Looping 500 Data 128.79516100883 Detik 
Total Duration 128.79527688026 Detik 
------------------------- 
Tanggal: 16-04-2022 05:30:01 
Duration Download Forstok 21.358235120773 Detik
Duration Looping 500 Data 142.21470808983 Detik 
Total Duration 142.21483397484 Detik 
------------------------- 
Tanggal: 16-04-2022 05:35:01 
Duration Download Forstok 45.12433719635 Detik
Duration Looping 500 Data 170.55790400505 Detik 
Total Duration 170.55802202225 Detik 
------------------------- 
Tanggal: 16-04-2022 05:40:01 
Duration Download Forstok 17.833343982697 Detik
Duration Looping 500 Data 136.44757008553 Detik 
Total Duration 136.4476890564 Detik 
------------------------- 
Tanggal: 16-04-2022 05:45:01 
Duration Download Forstok 24.048673152924 Detik
Duration Looping 500 Data 148.22757315636 Detik 
Total Duration 148.22768998146 Detik 
------------------------- 
Tanggal: 16-04-2022 05:50:01 
Duration Download Forstok 23.552812814713 Detik
Duration Looping 500 Data 138.7633728981 Detik 
Total Duration 138.76349592209 Detik 
------------------------- 
Tanggal: 16-04-2022 05:55:02 
Duration Download Forstok 17.845113039017 Detik
Duration Looping 500 Data 136.81287503242 Detik 
Total Duration 136.81300497055 Detik 
------------------------- 
Tanggal: 16-04-2022 06:00:01 
Duration Download Forstok 19.667692899704 Detik
Duration Looping 500 Data 136.78269982338 Detik 
Total Duration 136.78281188011 Detik 
------------------------- 
Tanggal: 16-04-2022 06:05:01 
Duration Download Forstok 35.773708105087 Detik
Duration Looping 500 Data 166.07141590118 Detik 
Total Duration 166.07153391838 Detik 
------------------------- 
Tanggal: 16-04-2022 06:10:01 
Duration Download Forstok 32.388881921768 Detik
Duration Looping 500 Data 148.4929587841 Detik 
Total Duration 148.49307489395 Detik 
------------------------- 
Tanggal: 16-04-2022 06:15:01 
Duration Download Forstok 27.766658067703 Detik
Duration Looping 500 Data 142.98139691353 Detik 
Total Duration 142.9815120697 Detik 
------------------------- 
Tanggal: 16-04-2022 06:20:01 
Duration Download Forstok 18.627221107483 Detik
Duration Looping 500 Data 145.17263007164 Detik 
Total Duration 145.17274308205 Detik 
------------------------- 
Tanggal: 16-04-2022 06:25:01 
Duration Download Forstok 14.74346613884 Detik
Duration Looping 500 Data 131.6558380127 Detik 
Total Duration 131.65595817566 Detik 
------------------------- 
Tanggal: 16-04-2022 06:30:01 
Duration Download Forstok 21.238252878189 Detik
Duration Looping 500 Data 136.41275596619 Detik 
Total Duration 136.41286993027 Detik 
------------------------- 
Tanggal: 16-04-2022 06:35:01 
Duration Download Forstok 27.162220954895 Detik
Duration Looping 500 Data 144.04081988335 Detik 
Total Duration 144.04094600677 Detik 
------------------------- 
Tanggal: 16-04-2022 06:40:01 
Duration Download Forstok 20.769021987915 Detik
Duration Looping 500 Data 142.15860104561 Detik 
Total Duration 142.15872383118 Detik 
------------------------- 
Tanggal: 16-04-2022 06:45:01 
Duration Download Forstok 32.035454034805 Detik
Duration Looping 500 Data 147.44821310043 Detik 
Total Duration 147.44833803177 Detik 
------------------------- 
Tanggal: 16-04-2022 06:50:01 
Duration Download Forstok 17.637931108475 Detik
Duration Looping 500 Data 138.81172895432 Detik 
Total Duration 138.81185603142 Detik 
------------------------- 
Tanggal: 16-04-2022 06:55:01 
Duration Download Forstok 13.866029977798 Detik
Duration Looping 500 Data 141.71837592125 Detik 
Total Duration 141.71851706505 Detik 
------------------------- 
Tanggal: 16-04-2022 07:00:01 
Duration Download Forstok 20.823222875595 Detik
Duration Looping 500 Data 156.89698505402 Detik 
Total Duration 156.89711403847 Detik 
------------------------- 
Tanggal: 16-04-2022 07:05:01 
Duration Download Forstok 56.792618989944 Detik
Duration Looping 500 Data 171.45339989662 Detik 
Total Duration 171.45352506638 Detik 
------------------------- 
Tanggal: 16-04-2022 07:10:01 
Duration Download Forstok 35.914115905762 Detik
Duration Looping 500 Data 153.79266905785 Detik 
Total Duration 153.79278492928 Detik 
------------------------- 
Tanggal: 16-04-2022 07:15:01 
Duration Download Forstok 22.783272027969 Detik
Duration Looping 500 Data 143.44444990158 Detik 
Total Duration 143.44456601143 Detik 
------------------------- 
Tanggal: 16-04-2022 07:20:01 
Duration Download Forstok 23.521519184113 Detik
Duration Looping 500 Data 136.87419319153 Detik 
Total Duration 136.87431001663 Detik 
------------------------- 
Tanggal: 16-04-2022 07:25:01 
Duration Download Forstok 14.980770111084 Detik
Duration Looping 500 Data 133.36669301987 Detik 
Total Duration 133.36682200432 Detik 
------------------------- 
Tanggal: 16-04-2022 07:30:01 
Duration Download Forstok 23.827229976654 Detik
Duration Looping 500 Data 151.26907706261 Detik 
Total Duration 151.26918911934 Detik 
------------------------- 
Tanggal: 16-04-2022 07:35:01 
Duration Download Forstok 36.861173868179 Detik
Duration Looping 500 Data 149.07190489769 Detik 
Total Duration 149.07202887535 Detik 
------------------------- 
Tanggal: 16-04-2022 07:40:01 
Duration Download Forstok 27.472580909729 Detik
Duration Looping 500 Data 142.01880788803 Detik 
Total Duration 142.01893591881 Detik 
------------------------- 
Tanggal: 16-04-2022 07:45:01 
Duration Download Forstok 24.172790050507 Detik
Duration Looping 500 Data 139.13446307182 Detik 
Total Duration 139.13458704948 Detik 
------------------------- 
Tanggal: 16-04-2022 07:50:01 
Duration Download Forstok 15.624071836472 Detik
Duration Looping 500 Data 130.56409597397 Detik 
Total Duration 130.56424188614 Detik 
------------------------- 
Tanggal: 16-04-2022 07:55:01 
Duration Download Forstok 15.993307113647 Detik
Duration Looping 500 Data 131.03547692299 Detik 
Total Duration 131.03558707237 Detik 
------------------------- 
Tanggal: 16-04-2022 08:00:01 
Duration Download Forstok 17.865232944489 Detik
Duration Looping 500 Data 139.27260398865 Detik 
Total Duration 139.27274799347 Detik 
------------------------- 
Tanggal: 16-04-2022 08:05:01 
Duration Download Forstok 40.367957115173 Detik
Duration Looping 500 Data 167.87742209435 Detik 
Total Duration 167.87754797935 Detik 
------------------------- 
Tanggal: 16-04-2022 08:10:01 
Duration Download Forstok 42.350746870041 Detik
Duration Looping 500 Data 169.69970583916 Detik 
Total Duration 169.69979977608 Detik 
------------------------- 
Tanggal: 16-04-2022 08:15:01 
Duration Download Forstok 36.678009033203 Detik
Duration Looping 500 Data 157.17934203148 Detik 
Total Duration 157.17941904068 Detik 
------------------------- 
Tanggal: 16-04-2022 08:20:01 
Duration Download Forstok 21.403327941895 Detik
Duration Looping 500 Data 142.54571604729 Detik 
Total Duration 142.54583406448 Detik 
------------------------- 
Tanggal: 16-04-2022 08:25:01 
Duration Download Forstok 19.317785024643 Detik
Duration Looping 500 Data 146.78235888481 Detik 
Total Duration 146.7824819088 Detik 
------------------------- 
Tanggal: 16-04-2022 08:30:01 
Duration Download Forstok 33.639693021774 Detik
Duration Looping 500 Data 163.60984396935 Detik 
Total Duration 163.60996389389 Detik 
------------------------- 
Tanggal: 16-04-2022 08:35:01 
Duration Download Forstok 38.434939146042 Detik
Duration Looping 500 Data 165.28388094902 Detik 
Total Duration 165.28397107124 Detik 
------------------------- 
Tanggal: 16-04-2022 08:40:01 
Duration Download Forstok 18.430616855621 Detik
Duration Looping 500 Data 142.33852791786 Detik 
Total Duration 142.33864283562 Detik 
------------------------- 
Tanggal: 16-04-2022 08:45:01 
Duration Download Forstok 32.144791126251 Detik
Duration Looping 500 Data 156.07568502426 Detik 
Total Duration 156.07580113411 Detik 
------------------------- 
Tanggal: 16-04-2022 08:50:01 
Duration Download Forstok 33.84152507782 Detik
Duration Looping 500 Data 165.02416610718 Detik 
Total Duration 165.02428817749 Detik 
------------------------- 
Tanggal: 16-04-2022 08:55:01 
Duration Download Forstok 13.649356842041 Detik
Duration Looping 500 Data 135.59925794601 Detik 
Total Duration 135.59935879707 Detik 
------------------------- 
Tanggal: 16-04-2022 09:00:01 
Duration Download Forstok 33.11803483963 Detik
Duration Looping 500 Data 158.29183793068 Detik 
Total Duration 158.29194998741 Detik 
------------------------- 
Tanggal: 16-04-2022 09:05:01 
Duration Download Forstok 18.622601032257 Detik
Duration Looping 500 Data 148.0787320137 Detik 
Total Duration 148.07884502411 Detik 
------------------------- 
Tanggal: 16-04-2022 09:10:01 
Duration Download Forstok 34.519289016724 Detik
Duration Looping 500 Data 156.62254905701 Detik 
Total Duration 156.62266087532 Detik 
------------------------- 
Tanggal: 16-04-2022 09:15:01 
Duration Download Forstok 36.178249835968 Detik
Duration Looping 500 Data 161.27684783936 Detik 
Total Duration 161.27693390846 Detik 
------------------------- 
Tanggal: 16-04-2022 09:20:01 
Duration Download Forstok 29.004119873047 Detik
Duration Looping 500 Data 162.26485490799 Detik 
Total Duration 162.26498889923 Detik 
------------------------- 
Tanggal: 16-04-2022 09:25:01 
Duration Download Forstok 23.242994070053 Detik
Duration Looping 500 Data 146.46050095558 Detik 
Total Duration 146.46064710617 Detik 
------------------------- 
Tanggal: 16-04-2022 09:30:01 
Duration Download Forstok 26.824326038361 Detik
Duration Looping 500 Data 158.73833703995 Detik 
Total Duration 158.73846101761 Detik 
------------------------- 
Tanggal: 16-04-2022 09:35:01 
Duration Download Forstok 17.371733903885 Detik
Duration Looping 500 Data 145.2408759594 Detik 
Total Duration 145.24098587036 Detik 
------------------------- 
Tanggal: 16-04-2022 09:40:01 
Duration Download Forstok 28.79834985733 Detik
Duration Looping 500 Data 153.84384894371 Detik 
Total Duration 153.84397888184 Detik 
------------------------- 
Tanggal: 16-04-2022 09:45:01 
Duration Download Forstok 28.207683801651 Detik
Duration Looping 500 Data 156.67386198044 Detik 
Total Duration 156.67397689819 Detik 
------------------------- 
Tanggal: 16-04-2022 09:50:01 
Duration Download Forstok 29.915642023087 Detik
Duration Looping 500 Data 160.31365895271 Detik 
Total Duration 160.3137819767 Detik 
------------------------- 
Tanggal: 16-04-2022 09:55:01 
Duration Download Forstok 16.10119509697 Detik
Duration Looping 500 Data 138.22513794899 Detik 
Total Duration 138.22526192665 Detik 
------------------------- 
Tanggal: 16-04-2022 10:00:01 
Duration Download Forstok 30.316942930222 Detik
Duration Looping 500 Data 160.56120991707 Detik 
Total Duration 160.56131410599 Detik 
------------------------- 
Tanggal: 16-04-2022 10:03:36 
Duration Download Forstok 0.44596314430237 Detik
Duration Looping 1 Data 1.8494510650635 Detik 
Total Duration 1.8495891094208 Detik 
------------------------- 
Tanggal: 16-04-2022 10:05:01 
Tanggal: 16-04-2022 10:05:26 
Duration Download Forstok 1.1685709953308 Detik
Duration Looping 1 Data 1.566880941391 Detik 
Total Duration 1.5669710636139 Detik 
------------------------- 
Tanggal: 16-04-2022 10:05:29 
Duration Download Forstok 0.90380191802979 Detik
Duration Looping 1 Data 1.2059350013733 Detik 
Total Duration 1.2060520648956 Detik 
------------------------- 
Tanggal: 16-04-2022 10:05:31 
Duration Download Forstok 0.71390986442566 Detik
Duration Looping 1 Data 1.0379440784454 Detik 
Total Duration 1.038027048111 Detik 
------------------------- 
Duration Download Forstok 35.330905914307 Detik
Duration Looping 500 Data 168.43329501152 Detik 
Total Duration 168.43341207504 Detik 
------------------------- 
Tanggal: 16-04-2022 10:07:58 
Duration Download Forstok 0.49918484687805 Detik
Duration Looping 1 Data 1.246435880661 Detik 
Total Duration 1.2465119361877 Detik 
------------------------- 
Tanggal: 16-04-2022 10:09:22 
Duration Download Forstok 1.4166338443756 Detik
Duration Looping 1 Data 1.892550945282 Detik 
Total Duration 1.8926129341125 Detik 
------------------------- 
Tanggal: 16-04-2022 10:10:01 
Duration Download Forstok 39.409954071045 Detik
Duration Looping 500 Data 166.08450818062 Detik 
Total Duration 166.08461308479 Detik 
------------------------- 
Tanggal: 16-04-2022 10:13:58 
Duration Download Forstok 0.6584939956665 Detik
Duration Looping 1 Data 1.2273230552673 Detik 
Total Duration 1.2274398803711 Detik 
------------------------- 
Tanggal: 16-04-2022 10:15:01 
Duration Download Forstok 19.735980033875 Detik
Duration Looping 500 Data 150.77284383774 Detik 
Total Duration 150.77296304703 Detik 
------------------------- 
Tanggal: 16-04-2022 10:18:01 
Duration Download Forstok 1.3061280250549 Detik
Duration Looping 0 Data 1.3062319755554 Detik 
Total Duration 1.3063480854034 Detik 
------------------------- 
Tanggal: 16-04-2022 10:18:05 
Duration Download Forstok 0.73999500274658 Detik
Duration Looping 0 Data 0.74008893966675 Detik 
Total Duration 0.74014806747437 Detik 
------------------------- 
Tanggal: 16-04-2022 10:20:01 
Duration Download Forstok 44.579792976379 Detik
Duration Looping 500 Data 173.5762898922 Detik 
Total Duration 173.57639193535 Detik 
------------------------- 
Tanggal: 16-04-2022 10:25:01 
Duration Download Forstok 19.354494810104 Detik
Duration Looping 500 Data 144.20001983643 Detik 
Total Duration 144.20009899139 Detik 
------------------------- 
Tanggal: 16-04-2022 10:30:01 
Duration Download Forstok 24.735131978989 Detik
Duration Looping 500 Data 153.38780212402 Detik 
Total Duration 153.3879160881 Detik 
------------------------- 
Tanggal: 16-04-2022 10:35:01 
Duration Download Forstok 23.378854036331 Detik
Duration Looping 500 Data 152.64790606499 Detik 
Total Duration 152.64802598953 Detik 
------------------------- 
Tanggal: 16-04-2022 10:40:01 
Duration Download Forstok 29.36078286171 Detik
Duration Looping 500 Data 159.69161081314 Detik 
Total Duration 159.69173383713 Detik 
------------------------- 
Tanggal: 16-04-2022 10:45:01 
Duration Download Forstok 19.319370985031 Detik
Duration Looping 500 Data 150.66319799423 Detik 
Total Duration 150.66332197189 Detik 
------------------------- 
Tanggal: 16-04-2022 10:50:01 
Duration Download Forstok 31.253314971924 Detik
Duration Looping 500 Data 167.93503117561 Detik 
Total Duration 167.93513607979 Detik 
------------------------- 
Tanggal: 16-04-2022 10:55:01 
Duration Download Forstok 18.019304037094 Detik
Duration Looping 500 Data 149.2975461483 Detik 
Total Duration 149.29764199257 Detik 
------------------------- 
Tanggal: 16-04-2022 11:00:01 
Duration Download Forstok 23.061853170395 Detik
Duration Looping 500 Data 155.69108510017 Detik 
Total Duration 155.69117212296 Detik 
------------------------- 
Tanggal: 16-04-2022 11:05:01 
Duration Download Forstok 25.177839994431 Detik
Duration Looping 500 Data 153.21469306946 Detik 
Total Duration 153.21483397484 Detik 
------------------------- 
Tanggal: 16-04-2022 11:10:01 
Duration Download Forstok 41.250355958939 Detik
Duration Looping 500 Data 167.61450600624 Detik 
Total Duration 167.61463093758 Detik 
------------------------- 
Tanggal: 16-04-2022 11:15:01 
Duration Download Forstok 28.44279384613 Detik
Duration Looping 500 Data 157.04131698608 Detik 
Total Duration 157.04140281677 Detik 
------------------------- 
Tanggal: 16-04-2022 11:20:01 
Duration Download Forstok 30.282588005066 Detik
Duration Looping 500 Data 157.04311084747 Detik 
Total Duration 157.0432009697 Detik 
------------------------- 
Tanggal: 16-04-2022 11:25:01 
Duration Download Forstok 16.335474967957 Detik
Duration Looping 500 Data 143.98869085312 Detik 
Total Duration 143.98883295059 Detik 
------------------------- 
Tanggal: 16-04-2022 11:30:01 
Duration Download Forstok 27.475193023682 Detik
Duration Looping 500 Data 155.23054599762 Detik 
Total Duration 155.23066902161 Detik 
------------------------- 
Tanggal: 16-04-2022 11:35:01 
Duration Download Forstok 19.675650119781 Detik
Duration Looping 500 Data 145.18605113029 Detik 
Total Duration 145.18616008759 Detik 
------------------------- 
Tanggal: 16-04-2022 11:40:01 
Duration Download Forstok 31.994729995728 Detik
Duration Looping 500 Data 155.88933300972 Detik 
Total Duration 155.88945603371 Detik 
------------------------- 
Tanggal: 16-04-2022 11:45:01 
Duration Download Forstok 26.571753025055 Detik
Duration Looping 500 Data 157.35408401489 Detik 
Total Duration 157.35422110558 Detik 
------------------------- 
Tanggal: 16-04-2022 11:50:01 
Duration Download Forstok 29.187584877014 Detik
Duration Looping 500 Data 160.31371998787 Detik 
Total Duration 160.31383395195 Detik 
------------------------- 
Tanggal: 16-04-2022 11:55:01 
Duration Download Forstok 18.89376783371 Detik
Duration Looping 500 Data 145.93261599541 Detik 
Total Duration 145.93271279335 Detik 
------------------------- 
Tanggal: 16-04-2022 12:00:01 
Duration Download Forstok 24.450043916702 Detik
Duration Looping 500 Data 155.76578783989 Detik 
Total Duration 155.76589393616 Detik 
------------------------- 
Tanggal: 16-04-2022 12:05:01 
Duration Download Forstok 16.851524114609 Detik
Duration Looping 500 Data 144.24485397339 Detik 
Total Duration 144.24494791031 Detik 
------------------------- 
Tanggal: 16-04-2022 12:10:01 
Duration Download Forstok 33.381412029266 Detik
Duration Looping 500 Data 161.5811290741 Detik 
Total Duration 161.5812420845 Detik 
------------------------- 
Tanggal: 16-04-2022 12:15:01 
Duration Download Forstok 24.977620124817 Detik
Duration Looping 500 Data 157.45846295357 Detik 
Total Duration 157.45855402946 Detik 
------------------------- 
Tanggal: 16-04-2022 12:20:01 
Duration Download Forstok 39.08016204834 Detik
Duration Looping 500 Data 169.68187594414 Detik 
Total Duration 169.68199396133 Detik 
------------------------- 
Tanggal: 16-04-2022 12:25:01 
Duration Download Forstok 17.765481948853 Detik
Duration Looping 500 Data 141.15866684914 Detik 
Total Duration 141.15878891945 Detik 
------------------------- 
Tanggal: 16-04-2022 12:30:02 
Duration Download Forstok 22.369364023209 Detik
Duration Looping 500 Data 148.95529222488 Detik 
Total Duration 148.95539522171 Detik 
------------------------- 
Tanggal: 16-04-2022 12:35:01 
Duration Download Forstok 24.265212059021 Detik
Duration Looping 500 Data 156.76765799522 Detik 
Total Duration 156.76777720451 Detik 
------------------------- 
Tanggal: 16-04-2022 12:40:01 
Duration Download Forstok 29.750343084335 Detik
Duration Looping 500 Data 162.42086100578 Detik 
Total Duration 162.42097687721 Detik 
------------------------- 
Tanggal: 16-04-2022 12:45:01 
Duration Download Forstok 28.026286840439 Detik
Duration Looping 500 Data 159.59621596336 Detik 
Total Duration 159.59631586075 Detik 
------------------------- 
Tanggal: 16-04-2022 12:50:01 
Duration Download Forstok 22.176075935364 Detik
Duration Looping 500 Data 149.45638895035 Detik 
Total Duration 149.45652198792 Detik 
------------------------- 
Tanggal: 16-04-2022 12:55:01 
Duration Download Forstok 18.823011159897 Detik
Duration Looping 500 Data 149.38385915756 Detik 
Total Duration 149.38397502899 Detik 
------------------------- 
Tanggal: 16-04-2022 13:00:01 
Duration Download Forstok 34.065361976624 Detik
Duration Looping 500 Data 163.82317185402 Detik 
Total Duration 163.82330083847 Detik 
------------------------- 
Tanggal: 16-04-2022 13:05:01 
Duration Download Forstok 25.300863027573 Detik
Duration Looping 500 Data 146.42292809486 Detik 
Total Duration 146.42304515839 Detik 
------------------------- 
Tanggal: 16-04-2022 13:10:01 
Duration Download Forstok 35.364990949631 Detik
Duration Looping 500 Data 155.61556196213 Detik 
Total Duration 155.61568880081 Detik 
------------------------- 
Tanggal: 16-04-2022 13:15:01 
Duration Download Forstok 20.778779029846 Detik
Duration Looping 500 Data 136.28042387962 Detik 
Total Duration 136.28053808212 Detik 
------------------------- 
Tanggal: 16-04-2022 13:20:01 
Duration Download Forstok 24.270456075668 Detik
Duration Looping 500 Data 145.9862549305 Detik 
Total Duration 145.98636698723 Detik 
------------------------- 
Tanggal: 16-04-2022 13:25:01 
Duration Download Forstok 23.651457071304 Detik
Duration Looping 500 Data 143.40132403374 Detik 
Total Duration 143.40142416954 Detik 
------------------------- 
Tanggal: 16-04-2022 13:30:01 
Duration Download Forstok 25.096778869629 Detik
Duration Looping 500 Data 144.14584183693 Detik 
Total Duration 144.14596390724 Detik 
------------------------- 
Tanggal: 16-04-2022 13:35:01 
Duration Download Forstok 27.57986998558 Detik
Duration Looping 500 Data 150.0676150322 Detik 
Total Duration 150.06772899628 Detik 
------------------------- 
Tanggal: 16-04-2022 13:40:01 
Duration Download Forstok 29.748734951019 Detik
Duration Looping 500 Data 148.83799600601 Detik 
Total Duration 148.83811497688 Detik 
------------------------- 
Tanggal: 16-04-2022 13:45:01 
Duration Download Forstok 17.552874088287 Detik
Duration Looping 500 Data 139.81121110916 Detik 
Total Duration 139.81133413315 Detik 
------------------------- 
Tanggal: 16-04-2022 13:50:01 
Duration Download Forstok 31.073817968369 Detik
Duration Looping 500 Data 151.26579189301 Detik 
Total Duration 151.26591086388 Detik 
------------------------- 
Tanggal: 16-04-2022 13:55:01 
Duration Download Forstok 15.263782024384 Detik
Duration Looping 500 Data 141.56727004051 Detik 
Total Duration 141.56739211082 Detik 
------------------------- 
Tanggal: 16-04-2022 14:00:01 
Duration Download Forstok 29.918226003647 Detik
Duration Looping 500 Data 148.83035206795 Detik 
Total Duration 148.83044099808 Detik 
------------------------- 
Tanggal: 16-04-2022 14:05:01 
Duration Download Forstok 24.869956016541 Detik
Duration Looping 500 Data 145.63754200935 Detik 
Total Duration 145.63765501976 Detik 
------------------------- 
Tanggal: 16-04-2022 14:10:01 
Duration Download Forstok 48.398208856583 Detik
Duration Looping 500 Data 169.29489994049 Detik 
Total Duration 169.29501104355 Detik 
------------------------- 
Tanggal: 16-04-2022 14:15:01 
Duration Download Forstok 31.169783115387 Detik
Duration Looping 500 Data 149.87451910973 Detik 
Total Duration 149.87463307381 Detik 
------------------------- 
Tanggal: 16-04-2022 14:20:01 
Duration Download Forstok 34.219487905502 Detik
Duration Looping 500 Data 153.71901583672 Detik 
Total Duration 153.71913480759 Detik 
------------------------- 
Tanggal: 16-04-2022 14:25:01 
Duration Download Forstok 15.206747055054 Detik
Duration Looping 500 Data 130.03136110306 Detik 
Total Duration 130.0314810276 Detik 
------------------------- 
Tanggal: 16-04-2022 14:30:01 
Duration Download Forstok 32.195529937744 Detik
Duration Looping 500 Data 146.78171300888 Detik 
Total Duration 146.78182291985 Detik 
------------------------- 
Tanggal: 16-04-2022 14:35:01 
Duration Download Forstok 20.106788873672 Detik
Duration Looping 500 Data 136.63533186913 Detik 
Total Duration 136.63544392586 Detik 
------------------------- 
Tanggal: 16-04-2022 14:40:01 
Duration Download Forstok 16.349570035934 Detik
Duration Looping 500 Data 132.28846406937 Detik 
Total Duration 132.28861904144 Detik 
------------------------- 
Tanggal: 16-04-2022 14:45:01 
Duration Download Forstok 17.441619873047 Detik
Duration Looping 500 Data 134.21858096123 Detik 
Total Duration 134.21869087219 Detik 
------------------------- 
Tanggal: 16-04-2022 14:50:01 
Duration Download Forstok 21.24648308754 Detik
Duration Looping 500 Data 137.40982723236 Detik 
Total Duration 137.40994405746 Detik 
------------------------- 
Tanggal: 16-04-2022 14:55:01 
Duration Download Forstok 11.624174833298 Detik
Duration Looping 500 Data 129.77690601349 Detik 
Total Duration 129.77702999115 Detik 
------------------------- 
Tanggal: 16-04-2022 15:00:01 
Duration Download Forstok 25.379189014435 Detik
Duration Looping 500 Data 141.63535094261 Detik 
Total Duration 141.63545799255 Detik 
------------------------- 
Tanggal: 16-04-2022 15:05:01 
Duration Download Forstok 55.730370998383 Detik
Duration Looping 500 Data 175.08441710472 Detik 
Total Duration 175.08453607559 Detik 
------------------------- 
Tanggal: 16-04-2022 15:10:01 
Duration Download Forstok 30.031611919403 Detik
Duration Looping 500 Data 144.50981903076 Detik 
Total Duration 144.50993299484 Detik 
------------------------- 
Tanggal: 16-04-2022 15:15:01 
Duration Download Forstok 23.676302909851 Detik
Duration Looping 500 Data 152.38869595528 Detik 
Total Duration 152.38880991936 Detik 
------------------------- 
Tanggal: 16-04-2022 15:20:01 
Duration Download Forstok 28.044398069382 Detik
Duration Looping 500 Data 145.00118613243 Detik 
Total Duration 145.00129103661 Detik 
------------------------- 
Tanggal: 16-04-2022 15:25:01 
Duration Download Forstok 13.109128952026 Detik
Duration Looping 500 Data 138.88938903809 Detik 
Total Duration 138.88951587677 Detik 
------------------------- 
Tanggal: 16-04-2022 15:30:01 
Duration Download Forstok 30.606426000595 Detik
Duration Looping 500 Data 150.73978996277 Detik 
Total Duration 150.73991012573 Detik 
------------------------- 
Tanggal: 16-04-2022 15:35:01 
Duration Download Forstok 26.018342971802 Detik
Duration Looping 500 Data 151.77081513405 Detik 
Total Duration 151.77093410492 Detik 
------------------------- 
Tanggal: 16-04-2022 15:40:01 
Duration Download Forstok 22.864774942398 Detik
Duration Looping 500 Data 139.63246107101 Detik 
Total Duration 139.63258504868 Detik 
------------------------- 
Tanggal: 16-04-2022 15:45:01 
Duration Download Forstok 20.309484004974 Detik
Duration Looping 500 Data 137.94163894653 Detik 
Total Duration 137.94175887108 Detik 
------------------------- 
Tanggal: 16-04-2022 15:50:01 
Duration Download Forstok 16.497407913208 Detik
Duration Looping 500 Data 138.95425200462 Detik 
Total Duration 138.95436692238 Detik 
------------------------- 
Tanggal: 16-04-2022 15:55:02 
Duration Download Forstok 19.829859972 Detik
Duration Looping 500 Data 137.90908288956 Detik 
Total Duration 137.90919995308 Detik 
------------------------- 
Tanggal: 16-04-2022 16:00:01 
Duration Download Forstok 20.600884199142 Detik
Duration Looping 500 Data 138.40856099129 Detik 
Total Duration 138.40867304802 Detik 
------------------------- 
Tanggal: 16-04-2022 16:05:01 
Duration Download Forstok 41.832026958466 Detik
Duration Looping 500 Data 159.74613904953 Detik 
Total Duration 159.74624490738 Detik 
------------------------- 
Tanggal: 16-04-2022 16:10:01 
Duration Download Forstok 42.829499959946 Detik
Duration Looping 500 Data 162.04721689224 Detik 
Total Duration 162.04733490944 Detik 
------------------------- 
Tanggal: 16-04-2022 16:15:01 
Duration Download Forstok 23.647350072861 Detik
Duration Looping 500 Data 144.85295701027 Detik 
Total Duration 144.85307407379 Detik 
------------------------- 
Tanggal: 16-04-2022 16:20:01 
Duration Download Forstok 16.127249956131 Detik
Duration Looping 500 Data 138.52718997002 Detik 
Total Duration 138.52727508545 Detik 
------------------------- 
Tanggal: 16-04-2022 16:25:01 
Duration Download Forstok 15.770792007446 Detik
Duration Looping 500 Data 136.03551506996 Detik 
Total Duration 136.03561091423 Detik 
------------------------- 
Tanggal: 16-04-2022 16:30:02 
Duration Download Forstok 20.604110002518 Detik
Duration Looping 500 Data 142.29586696625 Detik 
Total Duration 142.29597496986 Detik 
------------------------- 
Tanggal: 16-04-2022 16:35:01 
Duration Download Forstok 28.334575176239 Detik
Duration Looping 500 Data 146.92026019096 Detik 
Total Duration 146.92038011551 Detik 
------------------------- 
Tanggal: 16-04-2022 16:40:01 
Duration Download Forstok 23.112030982971 Detik
Duration Looping 500 Data 145.04870200157 Detik 
Total Duration 145.04880690575 Detik 
------------------------- 
Tanggal: 16-04-2022 16:45:01 
Duration Download Forstok 26.296230077744 Detik
Duration Looping 500 Data 148.40609312057 Detik 
Total Duration 148.40620994568 Detik 
------------------------- 
Tanggal: 16-04-2022 16:50:02 
Duration Download Forstok 14.872087955475 Detik
Duration Looping 500 Data 135.75750780106 Detik 
Total Duration 135.75761795044 Detik 
------------------------- 
Tanggal: 16-04-2022 16:55:01 
Duration Download Forstok 16.646648168564 Detik
Duration Looping 500 Data 139.56418204308 Detik 
Total Duration 139.56429600716 Detik 
------------------------- 
Tanggal: 16-04-2022 17:00:01 
Duration Download Forstok 27.407701015472 Detik
Duration Looping 500 Data 150.27772402763 Detik 
Total Duration 150.27784013748 Detik 
------------------------- 
Tanggal: 16-04-2022 17:05:01 
Duration Download Forstok 28.757517814636 Detik
Duration Looping 500 Data 150.69019699097 Detik 
Total Duration 150.69030380249 Detik 
------------------------- 
Tanggal: 16-04-2022 17:10:01 
Duration Download Forstok 39.761641979218 Detik
Duration Looping 500 Data 171.35403299332 Detik 
Total Duration 171.35420298576 Detik 
------------------------- 
Tanggal: 16-04-2022 17:15:01 
Duration Download Forstok 29.297205924988 Detik
Duration Looping 500 Data 152.33716702461 Detik 
Total Duration 152.33727288246 Detik 
------------------------- 
Tanggal: 16-04-2022 17:20:01 
Duration Download Forstok 14.382241010666 Detik
Duration Looping 500 Data 140.85100102425 Detik 
Total Duration 140.85110783577 Detik 
------------------------- 
Tanggal: 16-04-2022 17:25:01 
Duration Download Forstok 16.293495178223 Detik
Duration Looping 500 Data 134.76728606224 Detik 
Total Duration 134.76740717888 Detik 
------------------------- 
Tanggal: 16-04-2022 17:30:01 
Duration Download Forstok 25.228126049042 Detik
Duration Looping 500 Data 146.47198605537 Detik 
Total Duration 146.47209787369 Detik 
------------------------- 
Tanggal: 16-04-2022 17:35:01 
Duration Download Forstok 23.98021197319 Detik
Duration Looping 500 Data 148.32345294952 Detik 
Total Duration 148.3235681057 Detik 
------------------------- 
Tanggal: 16-04-2022 17:40:01 
Duration Download Forstok 23.816756010056 Detik
Duration Looping 500 Data 145.64772820473 Detik 
Total Duration 145.64784622192 Detik 
------------------------- 
Tanggal: 16-04-2022 17:45:01 
Duration Download Forstok 34.37155008316 Detik
Duration Looping 500 Data 157.896225214 Detik 
Total Duration 157.89634108543 Detik 
------------------------- 
Tanggal: 16-04-2022 17:50:01 
Duration Download Forstok 23.287449121475 Detik
Duration Looping 500 Data 148.48327898979 Detik 
Total Duration 148.48338103294 Detik 
------------------------- 
Tanggal: 16-04-2022 17:55:01 
Duration Download Forstok 18.675067901611 Detik
Duration Looping 500 Data 137.55480504036 Detik 
Total Duration 137.55494093895 Detik 
------------------------- 
Tanggal: 16-04-2022 18:00:01 
Duration Download Forstok 25.217894077301 Detik
Duration Looping 500 Data 150.38053417206 Detik 
Total Duration 150.38065004349 Detik 
------------------------- 
Tanggal: 16-04-2022 18:05:01 
Duration Download Forstok 36.660537958145 Detik
Duration Looping 500 Data 159.04943680763 Detik 
Total Duration 159.04954981804 Detik 
------------------------- 
Tanggal: 16-04-2022 18:10:01 
Duration Download Forstok 47.650237083435 Detik
Duration Looping 500 Data 165.52799010277 Detik 
Total Duration 165.52810502052 Detik 
------------------------- 
Tanggal: 16-04-2022 18:15:01 
Duration Download Forstok 29.219573974609 Detik
Duration Looping 500 Data 157.56200695038 Detik 
Total Duration 157.56212091446 Detik 
------------------------- 
Tanggal: 16-04-2022 18:20:01 
Duration Download Forstok 22.777176141739 Detik
Duration Looping 500 Data 152.08837413788 Detik 
Total Duration 152.08849596977 Detik 
------------------------- 
Tanggal: 16-04-2022 18:25:01 
Duration Download Forstok 21.378281116486 Detik
Duration Looping 500 Data 139.73950195312 Detik 
Total Duration 139.7396171093 Detik 
------------------------- 
Tanggal: 16-04-2022 18:30:01 
Duration Download Forstok 21.055675029755 Detik
Duration Looping 500 Data 146.45758700371 Detik 
Total Duration 146.4576690197 Detik 
------------------------- 
Tanggal: 16-04-2022 18:35:01 
Duration Download Forstok 33.643446922302 Detik
Duration Looping 500 Data 161.74115896225 Detik 
Total Duration 161.74127388 Detik 
------------------------- 
Tanggal: 16-04-2022 18:40:01 
Duration Download Forstok 25.421423912048 Detik
Duration Looping 500 Data 150.3732419014 Detik 
Total Duration 150.37335801125 Detik 
------------------------- 
Tanggal: 16-04-2022 18:45:01 
Duration Download Forstok 18.014349937439 Detik
Duration Looping 500 Data 145.15638685226 Detik 
Total Duration 145.15650081635 Detik 
------------------------- 
Tanggal: 16-04-2022 18:50:02 
Duration Download Forstok 22.220280170441 Detik
Duration Looping 500 Data 143.88287401199 Detik 
Total Duration 143.88297820091 Detik 
------------------------- 
Tanggal: 16-04-2022 18:55:01 
Duration Download Forstok 15.316725969315 Detik
Duration Looping 500 Data 145.93143296242 Detik 
Total Duration 145.93155288696 Detik 
------------------------- 
Tanggal: 16-04-2022 19:00:01 
Duration Download Forstok 31.605083942413 Detik
Duration Looping 500 Data 157.99595189095 Detik 
Total Duration 157.99608588219 Detik 
------------------------- 
Tanggal: 16-04-2022 19:05:01 
Duration Download Forstok 43.754060029984 Detik
Duration Looping 500 Data 176.98812103271 Detik 
Total Duration 176.98823690414 Detik 
------------------------- 
Tanggal: 16-04-2022 19:10:01 
Duration Download Forstok 44.57101893425 Detik
Duration Looping 500 Data 167.08717703819 Detik 
Total Duration 167.0872900486 Detik 
------------------------- 
Tanggal: 16-04-2022 19:15:01 
Duration Download Forstok 38.256749868393 Detik
Duration Looping 500 Data 161.24805498123 Detik 
Total Duration 161.24818086624 Detik 
------------------------- 
Tanggal: 16-04-2022 19:20:01 
Duration Download Forstok 23.818888187408 Detik
Duration Looping 500 Data 155.58157420158 Detik 
Total Duration 155.58169007301 Detik 
------------------------- 
Tanggal: 16-04-2022 19:25:01 
Duration Download Forstok 15.839545965195 Detik
Duration Looping 500 Data 148.6731710434 Detik 
Total Duration 148.67329001427 Detik 
------------------------- 
Tanggal: 16-04-2022 19:30:01 
Duration Download Forstok 20.246515989304 Detik
Duration Looping 500 Data 156.85508012772 Detik 
Total Duration 156.85520005226 Detik 
------------------------- 
Tanggal: 16-04-2022 19:35:01 
Duration Download Forstok 36.372191905975 Detik
Duration Looping 500 Data 157.92875790596 Detik 
Total Duration 157.92887687683 Detik 
------------------------- 
Tanggal: 16-04-2022 19:40:01 
Duration Download Forstok 31.524795055389 Detik
Duration Looping 500 Data 155.96867895126 Detik 
Total Duration 155.96879196167 Detik 
------------------------- 
Tanggal: 16-04-2022 19:45:01 
Duration Download Forstok 34.223997116089 Detik
Duration Looping 500 Data 154.79096913338 Detik 
Total Duration 154.79108810425 Detik 
------------------------- 
Tanggal: 16-04-2022 19:50:02 
Duration Download Forstok 30.884278059006 Detik
Duration Looping 500 Data 152.42644119263 Detik 
Total Duration 152.42655205727 Detik 
------------------------- 
Tanggal: 16-04-2022 19:55:01 
Duration Download Forstok 15.726189851761 Detik
Duration Looping 500 Data 137.29841780663 Detik 
Total Duration 137.29853796959 Detik 
------------------------- 
Tanggal: 16-04-2022 20:00:01 
Duration Download Forstok 20.969621896744 Detik
Duration Looping 500 Data 144.98716592789 Detik 
Total Duration 144.98728108406 Detik 
------------------------- 
Tanggal: 16-04-2022 20:05:01 
Duration Download Forstok 41.541999816895 Detik
Duration Looping 500 Data 172.60830688477 Detik 
Total Duration 172.60843491554 Detik 
------------------------- 
Tanggal: 16-04-2022 20:10:01 
Duration Download Forstok 47.532999992371 Detik
Duration Looping 500 Data 169.93150115013 Detik 
Total Duration 169.93161702156 Detik 
------------------------- 
Tanggal: 16-04-2022 20:15:01 
Duration Download Forstok 26.688184976578 Detik
Duration Looping 500 Data 150.1699950695 Detik 
Total Duration 150.1701130867 Detik 
------------------------- 
Tanggal: 16-04-2022 20:20:01 
Duration Download Forstok 22.478895902634 Detik
Duration Looping 500 Data 148.78247094154 Detik 
Total Duration 148.78258490562 Detik 
------------------------- 
Tanggal: 16-04-2022 20:25:01 
Duration Download Forstok 20.095468997955 Detik
Duration Looping 500 Data 149.74501180649 Detik 
Total Duration 149.74513101578 Detik 
------------------------- 
Tanggal: 16-04-2022 20:30:01 
Duration Download Forstok 19.8080098629 Detik
Duration Looping 500 Data 155.83293390274 Detik 
Total Duration 155.83301401138 Detik 
------------------------- 
Tanggal: 16-04-2022 20:35:01 
Duration Download Forstok 22.825464963913 Detik
Duration Looping 500 Data 147.74926519394 Detik 
Total Duration 147.74938297272 Detik 
------------------------- 
Tanggal: 16-04-2022 20:40:01 
Duration Download Forstok 25.479787111282 Detik
Duration Looping 500 Data 155.38835906982 Detik 
Total Duration 155.38848400116 Detik 
------------------------- 
Tanggal: 16-04-2022 20:45:01 
Duration Download Forstok 22.883311986923 Detik
Duration Looping 500 Data 159.61538910866 Detik 
Total Duration 159.61552095413 Detik 
------------------------- 
Tanggal: 16-04-2022 20:50:01 
Duration Download Forstok 14.013595819473 Detik
Duration Looping 500 Data 145.78952097893 Detik 
Total Duration 145.7896490097 Detik 
------------------------- 
Tanggal: 16-04-2022 20:55:01 
Duration Download Forstok 20.995949029922 Detik
Duration Looping 500 Data 142.8456799984 Detik 
Total Duration 142.84581613541 Detik 
------------------------- 
Tanggal: 16-04-2022 21:00:01 
Duration Download Forstok 20.102771997452 Detik
Duration Looping 500 Data 144.26292705536 Detik 
Total Duration 144.26304602623 Detik 
------------------------- 
Tanggal: 16-04-2022 21:05:01 
Duration Download Forstok 25.709427118301 Detik
Duration Looping 500 Data 154.73894190788 Detik 
Total Duration 154.73906207085 Detik 
------------------------- 
Tanggal: 16-04-2022 21:10:02 
Duration Download Forstok 29.952037811279 Detik
Duration Looping 500 Data 160.21495103836 Detik 
Total Duration 160.21505784988 Detik 
------------------------- 
Tanggal: 16-04-2022 21:15:01 
Duration Download Forstok 23.721265077591 Detik
Duration Looping 500 Data 158.14637899399 Detik 
Total Duration 158.14648795128 Detik 
------------------------- 
Tanggal: 16-04-2022 21:20:01 
Duration Download Forstok 24.295433044434 Detik
Duration Looping 500 Data 156.39379310608 Detik 
Total Duration 156.39391112328 Detik 
------------------------- 
Tanggal: 16-04-2022 21:25:01 
Duration Download Forstok 18.923733949661 Detik
Duration Looping 500 Data 142.90204405785 Detik 
Total Duration 142.90216302872 Detik 
------------------------- 
Tanggal: 16-04-2022 21:30:01 
Duration Download Forstok 25.781238079071 Detik
Duration Looping 500 Data 149.75341916084 Detik 
Total Duration 149.75353908539 Detik 
------------------------- 
Tanggal: 16-04-2022 21:35:01 
Duration Download Forstok 14.978062152863 Detik
Duration Looping 500 Data 138.44140815735 Detik 
Total Duration 138.44152808189 Detik 
------------------------- 
Tanggal: 16-04-2022 21:40:01 
Duration Download Forstok 24.346671819687 Detik
Duration Looping 500 Data 148.38209795952 Detik 
Total Duration 148.38221287727 Detik 
------------------------- 
Tanggal: 16-04-2022 21:45:01 
Duration Download Forstok 28.609507799149 Detik
Duration Looping 500 Data 154.46076798439 Detik 
Total Duration 154.46090102196 Detik 
------------------------- 
Tanggal: 16-04-2022 21:50:01 
Duration Download Forstok 28.270301103592 Detik
Duration Looping 500 Data 161.30824804306 Detik 
Total Duration 161.30836105347 Detik 
------------------------- 
Tanggal: 16-04-2022 21:55:01 
Duration Download Forstok 18.703441858292 Detik
Duration Looping 500 Data 142.59715795517 Detik 
Total Duration 142.59727406502 Detik 
------------------------- 
Tanggal: 16-04-2022 22:00:01 
Duration Download Forstok 17.803595781326 Detik
Duration Looping 500 Data 153.27705097198 Detik 
Total Duration 153.27716493607 Detik 
------------------------- 
Tanggal: 16-04-2022 22:05:01 
Duration Download Forstok 31.571003913879 Detik
Duration Looping 500 Data 164.85264086723 Detik 
Total Duration 164.85275602341 Detik 
------------------------- 
Tanggal: 16-04-2022 22:10:01 
Duration Download Forstok 47.325325012207 Detik
Duration Looping 500 Data 168.88110399246 Detik 
Total Duration 168.88122200966 Detik 
------------------------- 
Tanggal: 16-04-2022 22:15:01 
Duration Download Forstok 33.480578184128 Detik
Duration Looping 500 Data 157.87744307518 Detik 
Total Duration 157.8775780201 Detik 
------------------------- 
Tanggal: 16-04-2022 22:20:01 
Duration Download Forstok 22.160190820694 Detik
Duration Looping 500 Data 149.65719199181 Detik 
Total Duration 149.65731287003 Detik 
------------------------- 
Tanggal: 16-04-2022 22:25:01 
Duration Download Forstok 18.068305969238 Detik
Duration Looping 500 Data 143.00995206833 Detik 
Total Duration 143.01006412506 Detik 
------------------------- 
Tanggal: 16-04-2022 22:30:01 
Duration Download Forstok 23.340025901794 Detik
Duration Looping 500 Data 153.28151702881 Detik 
Total Duration 153.28164100647 Detik 
------------------------- 
Tanggal: 16-04-2022 22:35:01 
Duration Download Forstok 27.838957071304 Detik
Duration Looping 500 Data 159.49150800705 Detik 
Total Duration 159.4916241169 Detik 
------------------------- 
Tanggal: 16-04-2022 22:40:01 
Duration Download Forstok 15.507426023483 Detik
Duration Looping 500 Data 142.5467338562 Detik 
Total Duration 142.54685091972 Detik 
------------------------- 
Tanggal: 16-04-2022 22:45:01 
Duration Download Forstok 30.765427112579 Detik
Duration Looping 500 Data 154.62769913673 Detik 
Total Duration 154.62781000137 Detik 
------------------------- 
Tanggal: 16-04-2022 22:50:01 
Duration Download Forstok 26.618279218674 Detik
Duration Looping 500 Data 149.86266303062 Detik 
Total Duration 149.86277198792 Detik 
------------------------- 
Tanggal: 16-04-2022 22:55:01 
Duration Download Forstok 14.209408998489 Detik
Duration Looping 500 Data 147.38166093826 Detik 
Total Duration 147.38177609444 Detik 
------------------------- 
Tanggal: 16-04-2022 23:00:01 
Duration Download Forstok 22.985105037689 Detik
Duration Looping 500 Data 149.24793505669 Detik 
Total Duration 149.24805498123 Detik 
------------------------- 
Tanggal: 16-04-2022 23:05:01 
Duration Download Forstok 32.888436794281 Detik
Duration Looping 500 Data 159.20604395866 Detik 
Total Duration 159.20616388321 Detik 
------------------------- 
Tanggal: 16-04-2022 23:10:01 
Duration Download Forstok 30.610097885132 Detik
Duration Looping 500 Data 152.20177197456 Detik 
Total Duration 152.2018840313 Detik 
------------------------- 
Tanggal: 16-04-2022 23:15:01 
Duration Download Forstok 20.695396900177 Detik
Duration Looping 500 Data 146.18281793594 Detik 
Total Duration 146.18293380737 Detik 
------------------------- 
Tanggal: 16-04-2022 23:20:01 
Duration Download Forstok 27.187520027161 Detik
Duration Looping 500 Data 153.94294214249 Detik 
Total Duration 153.94304203987 Detik 
------------------------- 
Tanggal: 16-04-2022 23:25:02 
Duration Download Forstok 13.774785995483 Detik
Duration Looping 500 Data 141.17418408394 Detik 
Total Duration 141.17428708076 Detik 
------------------------- 
Tanggal: 16-04-2022 23:30:01 
Duration Download Forstok 15.258561134338 Detik
Duration Looping 500 Data 144.56689310074 Detik 
Total Duration 144.56700897217 Detik 
------------------------- 
Tanggal: 16-04-2022 23:35:01 
Duration Download Forstok 27.924627065659 Detik
Duration Looping 500 Data 150.97594594955 Detik 
Total Duration 150.97606515884 Detik 
------------------------- 
Tanggal: 16-04-2022 23:40:01 
Duration Download Forstok 27.344257831573 Detik
Duration Looping 500 Data 152.93623590469 Detik 
Total Duration 152.93635201454 Detik 
------------------------- 
Tanggal: 16-04-2022 23:45:01 
Duration Download Forstok 22.590183973312 Detik
Duration Looping 500 Data 148.53624796867 Detik 
Total Duration 148.5363650322 Detik 
------------------------- 
Tanggal: 16-04-2022 23:50:01 
Duration Download Forstok 23.405852079391 Detik
Duration Looping 500 Data 149.4961309433 Detik 
Total Duration 149.49629402161 Detik 
------------------------- 
Tanggal: 16-04-2022 23:55:01 
Duration Download Forstok 15.258175134659 Detik
Duration Looping 500 Data 152.85729503632 Detik 
Total Duration 152.85740995407 Detik 
------------------------- 
